<?xml version="1.0" encoding="UTF-8"?>
<testsuites name="HR-test-chrome" time="5911.067" tests="5" failures="0" errors="0">
   <testsuite name="HR-test-chrome" tests="5" failures="0" errors="0" time="5911.067" skipped="0" timestamp="2021-12-21 18:41:36" hostname="agata - DESKTOP-KI9905I" id="Test Suites/HR-test-chrome">
      <properties>
         <property name="deviceName" value=""/>
         <property name="devicePlatform" value=""/>
         <property name="logFolder" value="C:\\Users\\agata\\git\\PTSOWebKounikator\\Reports\\20211221_184130\\HR-test-chrome\\20211221_184130"/>
         <property name="logFiles" value="C:\\Users\\agata\\git\\PTSOWebKounikator\\Reports\\20211221_184130\\HR-test-chrome\\20211221_184130\\execution0.log"/>
         <property name="attachments" value=""/>
         <property name="hostName" value="agata - DESKTOP-KI9905I"/>
         <property name="os" value="Windows 10 64bit"/>
         <property name="katalonVersion" value="8.2.0.208"/>
         <property name="browser" value="Chrome 96.0.4664.110"/>
         <property name="hostAddress" value="192.168.3.3"/>
         <property name="sessionId" value="d0bf8525962515ec48e10ec44450f865"/>
         <property name="seleniumVersion" value="3.141.59"/>
         <property name="proxyInformation" value="ProxyInformation { proxyOption=NO_PROXY, proxyServerType=HTTP, username=, password=********, proxyServerAddress=, proxyServerPort=0, executionList=&quot;&quot;, isApplyToDesiredCapabilities=true }"/>
         <property name="platform" value="Windows 10"/>
      </properties>
      <testcase name="Test Cases/Historia rozm贸w/HR17" time="98.679" classname="Test Cases/Historia rozm贸w/HR17" status="PASSED">
         <system-out><![CDATA[2021-12-21 18:41:36 - [TEST_CASE][PASSED] - Test Cases/Historia rozm贸w/HR17: Test Cases/Historia rozm贸w/HR17

2021-12-21 18:41:37 - [TEST_STEP][PASSED] - openBrowser(""): Browser is opened with url: ''

2021-12-21 18:41:38 - [MESSAGE][INFO] - Starting 'Chrome' driver

2021-12-21 18:41:38 - [MESSAGE][INFO] - Action delay is set to 0 milliseconds

2021-12-21 18:41:42 - [MESSAGE][PASSED] - Browser is opened with url: ''

2021-12-21 18:41:42 - [TEST_STEP][PASSED] - maximizeWindow(): Current window maximized

2021-12-21 18:41:42 - [MESSAGE][PASSED] - Current window maximized

2021-12-21 18:41:42 - [TEST_STEP][PASSED] - navigateToUrl("http://kmg.hcm.pl/testowanie/index.html"): Navigate to 'http://kmg.hcm.pl/testowanie/index.html' successfully

2021-12-21 18:41:44 - [MESSAGE][PASSED] - Navigate to 'http://kmg.hcm.pl/testowanie/index.html' successfully

2021-12-21 18:41:44 - [TEST_STEP][PASSED] - setText(findTestObject("Object Repository/Page_PSTO webMessenger/input_Zarejestruj konto_userLogin"), "Tomasz Staszewski"): Text 'Tomasz Staszewski' is set on object 'Object Repository/Page_PSTO webMessenger/input_Zarejestruj konto_userLogin'

2021-12-21 18:41:45 - [MESSAGE][PASSED] - Text 'Tomasz Staszewski' is set on object 'Object Repository/Page_PSTO webMessenger/input_Zarejestruj konto_userLogin'

2021-12-21 18:41:45 - [TEST_STEP][PASSED] - setEncryptedText(findTestObject("Object Repository/Page_PSTO webMessenger/input_Zarejestruj konto_passwordLogin"), "wCo1vTKhcj4="): Text ****** has been set on object 'Object Repository/Page_PSTO webMessenger/input_Zarejestruj konto_passwordLogin'

2021-12-21 18:41:46 - [MESSAGE][PASSED] - Text ****** has been set on object 'Object Repository/Page_PSTO webMessenger/input_Zarejestruj konto_passwordLogin'

2021-12-21 18:41:46 - [TEST_STEP][PASSED] - click(findTestObject("Object Repository/Page_PSTO webMessenger/input_Zarejestruj konto_login")): Object: 'Object Repository/Page_PSTO webMessenger/input_Zarejestruj konto_login' is clicked on

2021-12-21 18:41:47 - [MESSAGE][PASSED] - Object: 'Object Repository/Page_PSTO webMessenger/input_Zarejestruj konto_login' is clicked on

2021-12-21 18:41:47 - [TEST_STEP][PASSED] - click(findTestObject("Page_PSTO webMessenger - Zalogowano/div_Magda Kowalska")): Object: 'Object Repository/Page_PSTO webMessenger - Zalogowano/div_Magda Kowalska' is clicked on

2021-12-21 18:41:48 - [MESSAGE][PASSED] - Object: 'Object Repository/Page_PSTO webMessenger - Zalogowano/div_Magda Kowalska' is clicked on

2021-12-21 18:41:48 - [TEST_STEP][PASSED] - setText(findTestObject("Page_PSTO webMessenger - Zalogowano/input_Magda Kowalska_messageInput"), "proba"): Text 'proba' is set on object 'Object Repository/Page_PSTO webMessenger - Zalogowano/input_Magda Kowalska_messageInput'

2021-12-21 18:41:51 - [MESSAGE][PASSED] - Text 'proba' is set on object 'Object Repository/Page_PSTO webMessenger - Zalogowano/input_Magda Kowalska_messageInput'

2021-12-21 18:41:51 - [TEST_STEP][PASSED] - click(findTestObject("Page_PSTO webMessenger - Zalogowano/img_Magda Kowalska_sendButton")): Object: 'Object Repository/Page_PSTO webMessenger - Zalogowano/img_Magda Kowalska_sendButton' is clicked on

2021-12-21 18:41:51 - [MESSAGE][PASSED] - Object: 'Object Repository/Page_PSTO webMessenger - Zalogowano/img_Magda Kowalska_sendButton' is clicked on

2021-12-21 18:41:51 - [TEST_STEP][PASSED] - for (def index : (1..50)): Object: 'Object Repository/Page_PSTO webMessenger - Zalogowano/img_Magda Kowalska_sendButton' is clicked on

2021-12-21 18:41:51 - [TEST_STEP][PASSED] - setText(findTestObject("Page_PSTO webMessenger - Zalogowano/input_Magda Kowalska_messageInput"), "a"): Text 'a' is set on object 'Object Repository/Page_PSTO webMessenger - Zalogowano/input_Magda Kowalska_messageInput'

2021-12-21 18:41:52 - [MESSAGE][PASSED] - Text 'a' is set on object 'Object Repository/Page_PSTO webMessenger - Zalogowano/input_Magda Kowalska_messageInput'

2021-12-21 18:41:52 - [TEST_STEP][PASSED] - click(findTestObject("Page_PSTO webMessenger - Zalogowano/img_Magda Kowalska_sendButton")): Object: 'Object Repository/Page_PSTO webMessenger - Zalogowano/img_Magda Kowalska_sendButton' is clicked on

2021-12-21 18:41:53 - [MESSAGE][PASSED] - Object: 'Object Repository/Page_PSTO webMessenger - Zalogowano/img_Magda Kowalska_sendButton' is clicked on

2021-12-21 18:41:53 - [TEST_STEP][PASSED] - setText(findTestObject("Page_PSTO webMessenger - Zalogowano/input_Magda Kowalska_messageInput"), "a"): Text 'a' is set on object 'Object Repository/Page_PSTO webMessenger - Zalogowano/input_Magda Kowalska_messageInput'

2021-12-21 18:41:55 - [MESSAGE][PASSED] - Text 'a' is set on object 'Object Repository/Page_PSTO webMessenger - Zalogowano/input_Magda Kowalska_messageInput'

2021-12-21 18:41:55 - [TEST_STEP][PASSED] - click(findTestObject("Page_PSTO webMessenger - Zalogowano/img_Magda Kowalska_sendButton")): Object: 'Object Repository/Page_PSTO webMessenger - Zalogowano/img_Magda Kowalska_sendButton' is clicked on

2021-12-21 18:41:56 - [MESSAGE][PASSED] - Object: 'Object Repository/Page_PSTO webMessenger - Zalogowano/img_Magda Kowalska_sendButton' is clicked on

2021-12-21 18:41:56 - [TEST_STEP][PASSED] - setText(findTestObject("Page_PSTO webMessenger - Zalogowano/input_Magda Kowalska_messageInput"), "a"): Text 'a' is set on object 'Object Repository/Page_PSTO webMessenger - Zalogowano/input_Magda Kowalska_messageInput'

2021-12-21 18:41:57 - [MESSAGE][PASSED] - Text 'a' is set on object 'Object Repository/Page_PSTO webMessenger - Zalogowano/input_Magda Kowalska_messageInput'

2021-12-21 18:41:57 - [TEST_STEP][PASSED] - click(findTestObject("Page_PSTO webMessenger - Zalogowano/img_Magda Kowalska_sendButton")): Object: 'Object Repository/Page_PSTO webMessenger - Zalogowano/img_Magda Kowalska_sendButton' is clicked on

2021-12-21 18:41:57 - [MESSAGE][PASSED] - Object: 'Object Repository/Page_PSTO webMessenger - Zalogowano/img_Magda Kowalska_sendButton' is clicked on

2021-12-21 18:41:57 - [TEST_STEP][PASSED] - setText(findTestObject("Page_PSTO webMessenger - Zalogowano/input_Magda Kowalska_messageInput"), "a"): Text 'a' is set on object 'Object Repository/Page_PSTO webMessenger - Zalogowano/input_Magda Kowalska_messageInput'

2021-12-21 18:41:58 - [MESSAGE][PASSED] - Text 'a' is set on object 'Object Repository/Page_PSTO webMessenger - Zalogowano/input_Magda Kowalska_messageInput'

2021-12-21 18:41:58 - [TEST_STEP][PASSED] - click(findTestObject("Page_PSTO webMessenger - Zalogowano/img_Magda Kowalska_sendButton")): Object: 'Object Repository/Page_PSTO webMessenger - Zalogowano/img_Magda Kowalska_sendButton' is clicked on

2021-12-21 18:41:59 - [MESSAGE][PASSED] - Object: 'Object Repository/Page_PSTO webMessenger - Zalogowano/img_Magda Kowalska_sendButton' is clicked on

2021-12-21 18:41:59 - [TEST_STEP][PASSED] - setText(findTestObject("Page_PSTO webMessenger - Zalogowano/input_Magda Kowalska_messageInput"), "a"): Text 'a' is set on object 'Object Repository/Page_PSTO webMessenger - Zalogowano/input_Magda Kowalska_messageInput'

2021-12-21 18:41:59 - [MESSAGE][PASSED] - Text 'a' is set on object 'Object Repository/Page_PSTO webMessenger - Zalogowano/input_Magda Kowalska_messageInput'

2021-12-21 18:41:59 - [TEST_STEP][PASSED] - click(findTestObject("Page_PSTO webMessenger - Zalogowano/img_Magda Kowalska_sendButton")): Object: 'Object Repository/Page_PSTO webMessenger - Zalogowano/img_Magda Kowalska_sendButton' is clicked on

2021-12-21 18:42:00 - [MESSAGE][PASSED] - Object: 'Object Repository/Page_PSTO webMessenger - Zalogowano/img_Magda Kowalska_sendButton' is clicked on

2021-12-21 18:42:00 - [TEST_STEP][PASSED] - setText(findTestObject("Page_PSTO webMessenger - Zalogowano/input_Magda Kowalska_messageInput"), "a"): Text 'a' is set on object 'Object Repository/Page_PSTO webMessenger - Zalogowano/input_Magda Kowalska_messageInput'

2021-12-21 18:42:01 - [MESSAGE][PASSED] - Text 'a' is set on object 'Object Repository/Page_PSTO webMessenger - Zalogowano/input_Magda Kowalska_messageInput'

2021-12-21 18:42:01 - [TEST_STEP][PASSED] - click(findTestObject("Page_PSTO webMessenger - Zalogowano/img_Magda Kowalska_sendButton")): Object: 'Object Repository/Page_PSTO webMessenger - Zalogowano/img_Magda Kowalska_sendButton' is clicked on

2021-12-21 18:42:01 - [MESSAGE][PASSED] - Object: 'Object Repository/Page_PSTO webMessenger - Zalogowano/img_Magda Kowalska_sendButton' is clicked on

2021-12-21 18:42:01 - [TEST_STEP][PASSED] - setText(findTestObject("Page_PSTO webMessenger - Zalogowano/input_Magda Kowalska_messageInput"), "a"): Text 'a' is set on object 'Object Repository/Page_PSTO webMessenger - Zalogowano/input_Magda Kowalska_messageInput'

2021-12-21 18:42:02 - [MESSAGE][PASSED] - Text 'a' is set on object 'Object Repository/Page_PSTO webMessenger - Zalogowano/input_Magda Kowalska_messageInput'

2021-12-21 18:42:02 - [TEST_STEP][PASSED] - click(findTestObject("Page_PSTO webMessenger - Zalogowano/img_Magda Kowalska_sendButton")): Object: 'Object Repository/Page_PSTO webMessenger - Zalogowano/img_Magda Kowalska_sendButton' is clicked on

2021-12-21 18:42:03 - [MESSAGE][PASSED] - Object: 'Object Repository/Page_PSTO webMessenger - Zalogowano/img_Magda Kowalska_sendButton' is clicked on

2021-12-21 18:42:03 - [TEST_STEP][PASSED] - setText(findTestObject("Page_PSTO webMessenger - Zalogowano/input_Magda Kowalska_messageInput"), "a"): Text 'a' is set on object 'Object Repository/Page_PSTO webMessenger - Zalogowano/input_Magda Kowalska_messageInput'

2021-12-21 18:42:05 - [MESSAGE][PASSED] - Text 'a' is set on object 'Object Repository/Page_PSTO webMessenger - Zalogowano/input_Magda Kowalska_messageInput'

2021-12-21 18:42:05 - [TEST_STEP][PASSED] - click(findTestObject("Page_PSTO webMessenger - Zalogowano/img_Magda Kowalska_sendButton")): Object: 'Object Repository/Page_PSTO webMessenger - Zalogowano/img_Magda Kowalska_sendButton' is clicked on

2021-12-21 18:42:06 - [MESSAGE][PASSED] - Object: 'Object Repository/Page_PSTO webMessenger - Zalogowano/img_Magda Kowalska_sendButton' is clicked on

2021-12-21 18:42:06 - [TEST_STEP][PASSED] - setText(findTestObject("Page_PSTO webMessenger - Zalogowano/input_Magda Kowalska_messageInput"), "a"): Text 'a' is set on object 'Object Repository/Page_PSTO webMessenger - Zalogowano/input_Magda Kowalska_messageInput'

2021-12-21 18:42:06 - [MESSAGE][PASSED] - Text 'a' is set on object 'Object Repository/Page_PSTO webMessenger - Zalogowano/input_Magda Kowalska_messageInput'

2021-12-21 18:42:06 - [TEST_STEP][PASSED] - click(findTestObject("Page_PSTO webMessenger - Zalogowano/img_Magda Kowalska_sendButton")): Object: 'Object Repository/Page_PSTO webMessenger - Zalogowano/img_Magda Kowalska_sendButton' is clicked on

2021-12-21 18:42:07 - [MESSAGE][PASSED] - Object: 'Object Repository/Page_PSTO webMessenger - Zalogowano/img_Magda Kowalska_sendButton' is clicked on

2021-12-21 18:42:07 - [TEST_STEP][PASSED] - setText(findTestObject("Page_PSTO webMessenger - Zalogowano/input_Magda Kowalska_messageInput"), "a"): Text 'a' is set on object 'Object Repository/Page_PSTO webMessenger - Zalogowano/input_Magda Kowalska_messageInput'

2021-12-21 18:42:08 - [MESSAGE][PASSED] - Text 'a' is set on object 'Object Repository/Page_PSTO webMessenger - Zalogowano/input_Magda Kowalska_messageInput'

2021-12-21 18:42:08 - [TEST_STEP][PASSED] - click(findTestObject("Page_PSTO webMessenger - Zalogowano/img_Magda Kowalska_sendButton")): Object: 'Object Repository/Page_PSTO webMessenger - Zalogowano/img_Magda Kowalska_sendButton' is clicked on

2021-12-21 18:42:08 - [MESSAGE][PASSED] - Object: 'Object Repository/Page_PSTO webMessenger - Zalogowano/img_Magda Kowalska_sendButton' is clicked on

2021-12-21 18:42:08 - [TEST_STEP][PASSED] - setText(findTestObject("Page_PSTO webMessenger - Zalogowano/input_Magda Kowalska_messageInput"), "a"): Text 'a' is set on object 'Object Repository/Page_PSTO webMessenger - Zalogowano/input_Magda Kowalska_messageInput'

2021-12-21 18:42:09 - [MESSAGE][PASSED] - Text 'a' is set on object 'Object Repository/Page_PSTO webMessenger - Zalogowano/input_Magda Kowalska_messageInput'

2021-12-21 18:42:09 - [TEST_STEP][PASSED] - click(findTestObject("Page_PSTO webMessenger - Zalogowano/img_Magda Kowalska_sendButton")): Object: 'Object Repository/Page_PSTO webMessenger - Zalogowano/img_Magda Kowalska_sendButton' is clicked on

2021-12-21 18:42:10 - [MESSAGE][PASSED] - Object: 'Object Repository/Page_PSTO webMessenger - Zalogowano/img_Magda Kowalska_sendButton' is clicked on

2021-12-21 18:42:10 - [TEST_STEP][PASSED] - setText(findTestObject("Page_PSTO webMessenger - Zalogowano/input_Magda Kowalska_messageInput"), "a"): Text 'a' is set on object 'Object Repository/Page_PSTO webMessenger - Zalogowano/input_Magda Kowalska_messageInput'

2021-12-21 18:42:11 - [MESSAGE][PASSED] - Text 'a' is set on object 'Object Repository/Page_PSTO webMessenger - Zalogowano/input_Magda Kowalska_messageInput'

2021-12-21 18:42:11 - [TEST_STEP][PASSED] - click(findTestObject("Page_PSTO webMessenger - Zalogowano/img_Magda Kowalska_sendButton")): Object: 'Object Repository/Page_PSTO webMessenger - Zalogowano/img_Magda Kowalska_sendButton' is clicked on

2021-12-21 18:42:11 - [MESSAGE][PASSED] - Object: 'Object Repository/Page_PSTO webMessenger - Zalogowano/img_Magda Kowalska_sendButton' is clicked on

2021-12-21 18:42:11 - [TEST_STEP][PASSED] - setText(findTestObject("Page_PSTO webMessenger - Zalogowano/input_Magda Kowalska_messageInput"), "a"): Text 'a' is set on object 'Object Repository/Page_PSTO webMessenger - Zalogowano/input_Magda Kowalska_messageInput'

2021-12-21 18:42:12 - [MESSAGE][PASSED] - Text 'a' is set on object 'Object Repository/Page_PSTO webMessenger - Zalogowano/input_Magda Kowalska_messageInput'

2021-12-21 18:42:12 - [TEST_STEP][PASSED] - click(findTestObject("Page_PSTO webMessenger - Zalogowano/img_Magda Kowalska_sendButton")): Object: 'Object Repository/Page_PSTO webMessenger - Zalogowano/img_Magda Kowalska_sendButton' is clicked on

2021-12-21 18:42:13 - [MESSAGE][PASSED] - Object: 'Object Repository/Page_PSTO webMessenger - Zalogowano/img_Magda Kowalska_sendButton' is clicked on

2021-12-21 18:42:13 - [TEST_STEP][PASSED] - setText(findTestObject("Page_PSTO webMessenger - Zalogowano/input_Magda Kowalska_messageInput"), "a"): Text 'a' is set on object 'Object Repository/Page_PSTO webMessenger - Zalogowano/input_Magda Kowalska_messageInput'

2021-12-21 18:42:13 - [MESSAGE][PASSED] - Text 'a' is set on object 'Object Repository/Page_PSTO webMessenger - Zalogowano/input_Magda Kowalska_messageInput'

2021-12-21 18:42:13 - [TEST_STEP][PASSED] - click(findTestObject("Page_PSTO webMessenger - Zalogowano/img_Magda Kowalska_sendButton")): Object: 'Object Repository/Page_PSTO webMessenger - Zalogowano/img_Magda Kowalska_sendButton' is clicked on

2021-12-21 18:42:15 - [MESSAGE][PASSED] - Object: 'Object Repository/Page_PSTO webMessenger - Zalogowano/img_Magda Kowalska_sendButton' is clicked on

2021-12-21 18:42:15 - [TEST_STEP][PASSED] - setText(findTestObject("Page_PSTO webMessenger - Zalogowano/input_Magda Kowalska_messageInput"), "a"): Text 'a' is set on object 'Object Repository/Page_PSTO webMessenger - Zalogowano/input_Magda Kowalska_messageInput'

2021-12-21 18:42:16 - [MESSAGE][PASSED] - Text 'a' is set on object 'Object Repository/Page_PSTO webMessenger - Zalogowano/input_Magda Kowalska_messageInput'

2021-12-21 18:42:16 - [TEST_STEP][PASSED] - click(findTestObject("Page_PSTO webMessenger - Zalogowano/img_Magda Kowalska_sendButton")): Object: 'Object Repository/Page_PSTO webMessenger - Zalogowano/img_Magda Kowalska_sendButton' is clicked on

2021-12-21 18:42:17 - [MESSAGE][PASSED] - Object: 'Object Repository/Page_PSTO webMessenger - Zalogowano/img_Magda Kowalska_sendButton' is clicked on

2021-12-21 18:42:17 - [TEST_STEP][PASSED] - setText(findTestObject("Page_PSTO webMessenger - Zalogowano/input_Magda Kowalska_messageInput"), "a"): Text 'a' is set on object 'Object Repository/Page_PSTO webMessenger - Zalogowano/input_Magda Kowalska_messageInput'

2021-12-21 18:42:17 - [MESSAGE][PASSED] - Text 'a' is set on object 'Object Repository/Page_PSTO webMessenger - Zalogowano/input_Magda Kowalska_messageInput'

2021-12-21 18:42:18 - [TEST_STEP][PASSED] - click(findTestObject("Page_PSTO webMessenger - Zalogowano/img_Magda Kowalska_sendButton")): Object: 'Object Repository/Page_PSTO webMessenger - Zalogowano/img_Magda Kowalska_sendButton' is clicked on

2021-12-21 18:42:18 - [MESSAGE][PASSED] - Object: 'Object Repository/Page_PSTO webMessenger - Zalogowano/img_Magda Kowalska_sendButton' is clicked on

2021-12-21 18:42:18 - [TEST_STEP][PASSED] - setText(findTestObject("Page_PSTO webMessenger - Zalogowano/input_Magda Kowalska_messageInput"), "a"): Text 'a' is set on object 'Object Repository/Page_PSTO webMessenger - Zalogowano/input_Magda Kowalska_messageInput'

2021-12-21 18:42:19 - [MESSAGE][PASSED] - Text 'a' is set on object 'Object Repository/Page_PSTO webMessenger - Zalogowano/input_Magda Kowalska_messageInput'

2021-12-21 18:42:19 - [TEST_STEP][PASSED] - click(findTestObject("Page_PSTO webMessenger - Zalogowano/img_Magda Kowalska_sendButton")): Object: 'Object Repository/Page_PSTO webMessenger - Zalogowano/img_Magda Kowalska_sendButton' is clicked on

2021-12-21 18:42:20 - [MESSAGE][PASSED] - Object: 'Object Repository/Page_PSTO webMessenger - Zalogowano/img_Magda Kowalska_sendButton' is clicked on

2021-12-21 18:42:20 - [TEST_STEP][PASSED] - setText(findTestObject("Page_PSTO webMessenger - Zalogowano/input_Magda Kowalska_messageInput"), "a"): Text 'a' is set on object 'Object Repository/Page_PSTO webMessenger - Zalogowano/input_Magda Kowalska_messageInput'

2021-12-21 18:42:21 - [MESSAGE][PASSED] - Text 'a' is set on object 'Object Repository/Page_PSTO webMessenger - Zalogowano/input_Magda Kowalska_messageInput'

2021-12-21 18:42:21 - [TEST_STEP][PASSED] - click(findTestObject("Page_PSTO webMessenger - Zalogowano/img_Magda Kowalska_sendButton")): Object: 'Object Repository/Page_PSTO webMessenger - Zalogowano/img_Magda Kowalska_sendButton' is clicked on

2021-12-21 18:42:21 - [MESSAGE][PASSED] - Object: 'Object Repository/Page_PSTO webMessenger - Zalogowano/img_Magda Kowalska_sendButton' is clicked on

2021-12-21 18:42:21 - [TEST_STEP][PASSED] - setText(findTestObject("Page_PSTO webMessenger - Zalogowano/input_Magda Kowalska_messageInput"), "a"): Text 'a' is set on object 'Object Repository/Page_PSTO webMessenger - Zalogowano/input_Magda Kowalska_messageInput'

2021-12-21 18:42:22 - [MESSAGE][PASSED] - Text 'a' is set on object 'Object Repository/Page_PSTO webMessenger - Zalogowano/input_Magda Kowalska_messageInput'

2021-12-21 18:42:22 - [TEST_STEP][PASSED] - click(findTestObject("Page_PSTO webMessenger - Zalogowano/img_Magda Kowalska_sendButton")): Object: 'Object Repository/Page_PSTO webMessenger - Zalogowano/img_Magda Kowalska_sendButton' is clicked on

2021-12-21 18:42:22 - [MESSAGE][PASSED] - Object: 'Object Repository/Page_PSTO webMessenger - Zalogowano/img_Magda Kowalska_sendButton' is clicked on

2021-12-21 18:42:22 - [TEST_STEP][PASSED] - setText(findTestObject("Page_PSTO webMessenger - Zalogowano/input_Magda Kowalska_messageInput"), "a"): Text 'a' is set on object 'Object Repository/Page_PSTO webMessenger - Zalogowano/input_Magda Kowalska_messageInput'

2021-12-21 18:42:23 - [MESSAGE][PASSED] - Text 'a' is set on object 'Object Repository/Page_PSTO webMessenger - Zalogowano/input_Magda Kowalska_messageInput'

2021-12-21 18:42:23 - [TEST_STEP][PASSED] - click(findTestObject("Page_PSTO webMessenger - Zalogowano/img_Magda Kowalska_sendButton")): Object: 'Object Repository/Page_PSTO webMessenger - Zalogowano/img_Magda Kowalska_sendButton' is clicked on

2021-12-21 18:42:24 - [MESSAGE][PASSED] - Object: 'Object Repository/Page_PSTO webMessenger - Zalogowano/img_Magda Kowalska_sendButton' is clicked on

2021-12-21 18:42:24 - [TEST_STEP][PASSED] - setText(findTestObject("Page_PSTO webMessenger - Zalogowano/input_Magda Kowalska_messageInput"), "a"): Text 'a' is set on object 'Object Repository/Page_PSTO webMessenger - Zalogowano/input_Magda Kowalska_messageInput'

2021-12-21 18:42:26 - [MESSAGE][PASSED] - Text 'a' is set on object 'Object Repository/Page_PSTO webMessenger - Zalogowano/input_Magda Kowalska_messageInput'

2021-12-21 18:42:26 - [TEST_STEP][PASSED] - click(findTestObject("Page_PSTO webMessenger - Zalogowano/img_Magda Kowalska_sendButton")): Object: 'Object Repository/Page_PSTO webMessenger - Zalogowano/img_Magda Kowalska_sendButton' is clicked on

2021-12-21 18:42:26 - [MESSAGE][PASSED] - Object: 'Object Repository/Page_PSTO webMessenger - Zalogowano/img_Magda Kowalska_sendButton' is clicked on

2021-12-21 18:42:26 - [TEST_STEP][PASSED] - setText(findTestObject("Page_PSTO webMessenger - Zalogowano/input_Magda Kowalska_messageInput"), "a"): Text 'a' is set on object 'Object Repository/Page_PSTO webMessenger - Zalogowano/input_Magda Kowalska_messageInput'

2021-12-21 18:42:27 - [MESSAGE][PASSED] - Text 'a' is set on object 'Object Repository/Page_PSTO webMessenger - Zalogowano/input_Magda Kowalska_messageInput'

2021-12-21 18:42:27 - [TEST_STEP][PASSED] - click(findTestObject("Page_PSTO webMessenger - Zalogowano/img_Magda Kowalska_sendButton")): Object: 'Object Repository/Page_PSTO webMessenger - Zalogowano/img_Magda Kowalska_sendButton' is clicked on

2021-12-21 18:42:27 - [MESSAGE][PASSED] - Object: 'Object Repository/Page_PSTO webMessenger - Zalogowano/img_Magda Kowalska_sendButton' is clicked on

2021-12-21 18:42:27 - [TEST_STEP][PASSED] - setText(findTestObject("Page_PSTO webMessenger - Zalogowano/input_Magda Kowalska_messageInput"), "a"): Text 'a' is set on object 'Object Repository/Page_PSTO webMessenger - Zalogowano/input_Magda Kowalska_messageInput'

2021-12-21 18:42:28 - [MESSAGE][PASSED] - Text 'a' is set on object 'Object Repository/Page_PSTO webMessenger - Zalogowano/input_Magda Kowalska_messageInput'

2021-12-21 18:42:28 - [TEST_STEP][PASSED] - click(findTestObject("Page_PSTO webMessenger - Zalogowano/img_Magda Kowalska_sendButton")): Object: 'Object Repository/Page_PSTO webMessenger - Zalogowano/img_Magda Kowalska_sendButton' is clicked on

2021-12-21 18:42:29 - [MESSAGE][PASSED] - Object: 'Object Repository/Page_PSTO webMessenger - Zalogowano/img_Magda Kowalska_sendButton' is clicked on

2021-12-21 18:42:29 - [TEST_STEP][PASSED] - setText(findTestObject("Page_PSTO webMessenger - Zalogowano/input_Magda Kowalska_messageInput"), "a"): Text 'a' is set on object 'Object Repository/Page_PSTO webMessenger - Zalogowano/input_Magda Kowalska_messageInput'

2021-12-21 18:42:30 - [MESSAGE][PASSED] - Text 'a' is set on object 'Object Repository/Page_PSTO webMessenger - Zalogowano/input_Magda Kowalska_messageInput'

2021-12-21 18:42:30 - [TEST_STEP][PASSED] - click(findTestObject("Page_PSTO webMessenger - Zalogowano/img_Magda Kowalska_sendButton")): Object: 'Object Repository/Page_PSTO webMessenger - Zalogowano/img_Magda Kowalska_sendButton' is clicked on

2021-12-21 18:42:30 - [MESSAGE][PASSED] - Object: 'Object Repository/Page_PSTO webMessenger - Zalogowano/img_Magda Kowalska_sendButton' is clicked on

2021-12-21 18:42:30 - [TEST_STEP][PASSED] - setText(findTestObject("Page_PSTO webMessenger - Zalogowano/input_Magda Kowalska_messageInput"), "a"): Text 'a' is set on object 'Object Repository/Page_PSTO webMessenger - Zalogowano/input_Magda Kowalska_messageInput'

2021-12-21 18:42:31 - [MESSAGE][PASSED] - Text 'a' is set on object 'Object Repository/Page_PSTO webMessenger - Zalogowano/input_Magda Kowalska_messageInput'

2021-12-21 18:42:31 - [TEST_STEP][PASSED] - click(findTestObject("Page_PSTO webMessenger - Zalogowano/img_Magda Kowalska_sendButton")): Object: 'Object Repository/Page_PSTO webMessenger - Zalogowano/img_Magda Kowalska_sendButton' is clicked on

2021-12-21 18:42:32 - [MESSAGE][PASSED] - Object: 'Object Repository/Page_PSTO webMessenger - Zalogowano/img_Magda Kowalska_sendButton' is clicked on

2021-12-21 18:42:32 - [TEST_STEP][PASSED] - setText(findTestObject("Page_PSTO webMessenger - Zalogowano/input_Magda Kowalska_messageInput"), "a"): Text 'a' is set on object 'Object Repository/Page_PSTO webMessenger - Zalogowano/input_Magda Kowalska_messageInput'

2021-12-21 18:42:33 - [MESSAGE][PASSED] - Text 'a' is set on object 'Object Repository/Page_PSTO webMessenger - Zalogowano/input_Magda Kowalska_messageInput'

2021-12-21 18:42:33 - [TEST_STEP][PASSED] - click(findTestObject("Page_PSTO webMessenger - Zalogowano/img_Magda Kowalska_sendButton")): Object: 'Object Repository/Page_PSTO webMessenger - Zalogowano/img_Magda Kowalska_sendButton' is clicked on

2021-12-21 18:42:33 - [MESSAGE][PASSED] - Object: 'Object Repository/Page_PSTO webMessenger - Zalogowano/img_Magda Kowalska_sendButton' is clicked on

2021-12-21 18:42:33 - [TEST_STEP][PASSED] - setText(findTestObject("Page_PSTO webMessenger - Zalogowano/input_Magda Kowalska_messageInput"), "a"): Text 'a' is set on object 'Object Repository/Page_PSTO webMessenger - Zalogowano/input_Magda Kowalska_messageInput'

2021-12-21 18:42:35 - [MESSAGE][PASSED] - Text 'a' is set on object 'Object Repository/Page_PSTO webMessenger - Zalogowano/input_Magda Kowalska_messageInput'

2021-12-21 18:42:35 - [TEST_STEP][PASSED] - click(findTestObject("Page_PSTO webMessenger - Zalogowano/img_Magda Kowalska_sendButton")): Object: 'Object Repository/Page_PSTO webMessenger - Zalogowano/img_Magda Kowalska_sendButton' is clicked on

2021-12-21 18:42:36 - [MESSAGE][PASSED] - Object: 'Object Repository/Page_PSTO webMessenger - Zalogowano/img_Magda Kowalska_sendButton' is clicked on

2021-12-21 18:42:36 - [TEST_STEP][PASSED] - setText(findTestObject("Page_PSTO webMessenger - Zalogowano/input_Magda Kowalska_messageInput"), "a"): Text 'a' is set on object 'Object Repository/Page_PSTO webMessenger - Zalogowano/input_Magda Kowalska_messageInput'

2021-12-21 18:42:37 - [MESSAGE][PASSED] - Text 'a' is set on object 'Object Repository/Page_PSTO webMessenger - Zalogowano/input_Magda Kowalska_messageInput'

2021-12-21 18:42:37 - [TEST_STEP][PASSED] - click(findTestObject("Page_PSTO webMessenger - Zalogowano/img_Magda Kowalska_sendButton")): Object: 'Object Repository/Page_PSTO webMessenger - Zalogowano/img_Magda Kowalska_sendButton' is clicked on

2021-12-21 18:42:37 - [MESSAGE][PASSED] - Object: 'Object Repository/Page_PSTO webMessenger - Zalogowano/img_Magda Kowalska_sendButton' is clicked on

2021-12-21 18:42:37 - [TEST_STEP][PASSED] - setText(findTestObject("Page_PSTO webMessenger - Zalogowano/input_Magda Kowalska_messageInput"), "a"): Text 'a' is set on object 'Object Repository/Page_PSTO webMessenger - Zalogowano/input_Magda Kowalska_messageInput'

2021-12-21 18:42:38 - [MESSAGE][PASSED] - Text 'a' is set on object 'Object Repository/Page_PSTO webMessenger - Zalogowano/input_Magda Kowalska_messageInput'

2021-12-21 18:42:38 - [TEST_STEP][PASSED] - click(findTestObject("Page_PSTO webMessenger - Zalogowano/img_Magda Kowalska_sendButton")): Object: 'Object Repository/Page_PSTO webMessenger - Zalogowano/img_Magda Kowalska_sendButton' is clicked on

2021-12-21 18:42:38 - [MESSAGE][PASSED] - Object: 'Object Repository/Page_PSTO webMessenger - Zalogowano/img_Magda Kowalska_sendButton' is clicked on

2021-12-21 18:42:38 - [TEST_STEP][PASSED] - setText(findTestObject("Page_PSTO webMessenger - Zalogowano/input_Magda Kowalska_messageInput"), "a"): Text 'a' is set on object 'Object Repository/Page_PSTO webMessenger - Zalogowano/input_Magda Kowalska_messageInput'

2021-12-21 18:42:39 - [MESSAGE][PASSED] - Text 'a' is set on object 'Object Repository/Page_PSTO webMessenger - Zalogowano/input_Magda Kowalska_messageInput'

2021-12-21 18:42:39 - [TEST_STEP][PASSED] - click(findTestObject("Page_PSTO webMessenger - Zalogowano/img_Magda Kowalska_sendButton")): Object: 'Object Repository/Page_PSTO webMessenger - Zalogowano/img_Magda Kowalska_sendButton' is clicked on

2021-12-21 18:42:40 - [MESSAGE][PASSED] - Object: 'Object Repository/Page_PSTO webMessenger - Zalogowano/img_Magda Kowalska_sendButton' is clicked on

2021-12-21 18:42:40 - [TEST_STEP][PASSED] - setText(findTestObject("Page_PSTO webMessenger - Zalogowano/input_Magda Kowalska_messageInput"), "a"): Text 'a' is set on object 'Object Repository/Page_PSTO webMessenger - Zalogowano/input_Magda Kowalska_messageInput'

2021-12-21 18:42:41 - [MESSAGE][PASSED] - Text 'a' is set on object 'Object Repository/Page_PSTO webMessenger - Zalogowano/input_Magda Kowalska_messageInput'

2021-12-21 18:42:41 - [TEST_STEP][PASSED] - click(findTestObject("Page_PSTO webMessenger - Zalogowano/img_Magda Kowalska_sendButton")): Object: 'Object Repository/Page_PSTO webMessenger - Zalogowano/img_Magda Kowalska_sendButton' is clicked on

2021-12-21 18:42:41 - [MESSAGE][PASSED] - Object: 'Object Repository/Page_PSTO webMessenger - Zalogowano/img_Magda Kowalska_sendButton' is clicked on

2021-12-21 18:42:41 - [TEST_STEP][PASSED] - setText(findTestObject("Page_PSTO webMessenger - Zalogowano/input_Magda Kowalska_messageInput"), "a"): Text 'a' is set on object 'Object Repository/Page_PSTO webMessenger - Zalogowano/input_Magda Kowalska_messageInput'

2021-12-21 18:42:42 - [MESSAGE][PASSED] - Text 'a' is set on object 'Object Repository/Page_PSTO webMessenger - Zalogowano/input_Magda Kowalska_messageInput'

2021-12-21 18:42:42 - [TEST_STEP][PASSED] - click(findTestObject("Page_PSTO webMessenger - Zalogowano/img_Magda Kowalska_sendButton")): Object: 'Object Repository/Page_PSTO webMessenger - Zalogowano/img_Magda Kowalska_sendButton' is clicked on

2021-12-21 18:42:43 - [MESSAGE][PASSED] - Object: 'Object Repository/Page_PSTO webMessenger - Zalogowano/img_Magda Kowalska_sendButton' is clicked on

2021-12-21 18:42:43 - [TEST_STEP][PASSED] - setText(findTestObject("Page_PSTO webMessenger - Zalogowano/input_Magda Kowalska_messageInput"), "a"): Text 'a' is set on object 'Object Repository/Page_PSTO webMessenger - Zalogowano/input_Magda Kowalska_messageInput'

2021-12-21 18:42:43 - [MESSAGE][PASSED] - Text 'a' is set on object 'Object Repository/Page_PSTO webMessenger - Zalogowano/input_Magda Kowalska_messageInput'

2021-12-21 18:42:43 - [TEST_STEP][PASSED] - click(findTestObject("Page_PSTO webMessenger - Zalogowano/img_Magda Kowalska_sendButton")): Object: 'Object Repository/Page_PSTO webMessenger - Zalogowano/img_Magda Kowalska_sendButton' is clicked on

2021-12-21 18:42:45 - [MESSAGE][PASSED] - Object: 'Object Repository/Page_PSTO webMessenger - Zalogowano/img_Magda Kowalska_sendButton' is clicked on

2021-12-21 18:42:45 - [TEST_STEP][PASSED] - setText(findTestObject("Page_PSTO webMessenger - Zalogowano/input_Magda Kowalska_messageInput"), "a"): Text 'a' is set on object 'Object Repository/Page_PSTO webMessenger - Zalogowano/input_Magda Kowalska_messageInput'

2021-12-21 18:42:46 - [MESSAGE][PASSED] - Text 'a' is set on object 'Object Repository/Page_PSTO webMessenger - Zalogowano/input_Magda Kowalska_messageInput'

2021-12-21 18:42:46 - [TEST_STEP][PASSED] - click(findTestObject("Page_PSTO webMessenger - Zalogowano/img_Magda Kowalska_sendButton")): Object: 'Object Repository/Page_PSTO webMessenger - Zalogowano/img_Magda Kowalska_sendButton' is clicked on

2021-12-21 18:42:47 - [MESSAGE][PASSED] - Object: 'Object Repository/Page_PSTO webMessenger - Zalogowano/img_Magda Kowalska_sendButton' is clicked on

2021-12-21 18:42:47 - [TEST_STEP][PASSED] - setText(findTestObject("Page_PSTO webMessenger - Zalogowano/input_Magda Kowalska_messageInput"), "a"): Text 'a' is set on object 'Object Repository/Page_PSTO webMessenger - Zalogowano/input_Magda Kowalska_messageInput'

2021-12-21 18:42:47 - [MESSAGE][PASSED] - Text 'a' is set on object 'Object Repository/Page_PSTO webMessenger - Zalogowano/input_Magda Kowalska_messageInput'

2021-12-21 18:42:47 - [TEST_STEP][PASSED] - click(findTestObject("Page_PSTO webMessenger - Zalogowano/img_Magda Kowalska_sendButton")): Object: 'Object Repository/Page_PSTO webMessenger - Zalogowano/img_Magda Kowalska_sendButton' is clicked on

2021-12-21 18:42:48 - [MESSAGE][PASSED] - Object: 'Object Repository/Page_PSTO webMessenger - Zalogowano/img_Magda Kowalska_sendButton' is clicked on

2021-12-21 18:42:48 - [TEST_STEP][PASSED] - setText(findTestObject("Page_PSTO webMessenger - Zalogowano/input_Magda Kowalska_messageInput"), "a"): Text 'a' is set on object 'Object Repository/Page_PSTO webMessenger - Zalogowano/input_Magda Kowalska_messageInput'

2021-12-21 18:42:49 - [MESSAGE][PASSED] - Text 'a' is set on object 'Object Repository/Page_PSTO webMessenger - Zalogowano/input_Magda Kowalska_messageInput'

2021-12-21 18:42:49 - [TEST_STEP][PASSED] - click(findTestObject("Page_PSTO webMessenger - Zalogowano/img_Magda Kowalska_sendButton")): Object: 'Object Repository/Page_PSTO webMessenger - Zalogowano/img_Magda Kowalska_sendButton' is clicked on

2021-12-21 18:42:50 - [MESSAGE][PASSED] - Object: 'Object Repository/Page_PSTO webMessenger - Zalogowano/img_Magda Kowalska_sendButton' is clicked on

2021-12-21 18:42:50 - [TEST_STEP][PASSED] - setText(findTestObject("Page_PSTO webMessenger - Zalogowano/input_Magda Kowalska_messageInput"), "a"): Text 'a' is set on object 'Object Repository/Page_PSTO webMessenger - Zalogowano/input_Magda Kowalska_messageInput'

2021-12-21 18:42:51 - [MESSAGE][PASSED] - Text 'a' is set on object 'Object Repository/Page_PSTO webMessenger - Zalogowano/input_Magda Kowalska_messageInput'

2021-12-21 18:42:51 - [TEST_STEP][PASSED] - click(findTestObject("Page_PSTO webMessenger - Zalogowano/img_Magda Kowalska_sendButton")): Object: 'Object Repository/Page_PSTO webMessenger - Zalogowano/img_Magda Kowalska_sendButton' is clicked on

2021-12-21 18:42:52 - [MESSAGE][PASSED] - Object: 'Object Repository/Page_PSTO webMessenger - Zalogowano/img_Magda Kowalska_sendButton' is clicked on

2021-12-21 18:42:52 - [TEST_STEP][PASSED] - setText(findTestObject("Page_PSTO webMessenger - Zalogowano/input_Magda Kowalska_messageInput"), "a"): Text 'a' is set on object 'Object Repository/Page_PSTO webMessenger - Zalogowano/input_Magda Kowalska_messageInput'

2021-12-21 18:42:52 - [MESSAGE][PASSED] - Text 'a' is set on object 'Object Repository/Page_PSTO webMessenger - Zalogowano/input_Magda Kowalska_messageInput'

2021-12-21 18:42:52 - [TEST_STEP][PASSED] - click(findTestObject("Page_PSTO webMessenger - Zalogowano/img_Magda Kowalska_sendButton")): Object: 'Object Repository/Page_PSTO webMessenger - Zalogowano/img_Magda Kowalska_sendButton' is clicked on

2021-12-21 18:42:53 - [MESSAGE][PASSED] - Object: 'Object Repository/Page_PSTO webMessenger - Zalogowano/img_Magda Kowalska_sendButton' is clicked on

2021-12-21 18:42:53 - [TEST_STEP][PASSED] - setText(findTestObject("Page_PSTO webMessenger - Zalogowano/input_Magda Kowalska_messageInput"), "a"): Text 'a' is set on object 'Object Repository/Page_PSTO webMessenger - Zalogowano/input_Magda Kowalska_messageInput'

2021-12-21 18:42:54 - [MESSAGE][PASSED] - Text 'a' is set on object 'Object Repository/Page_PSTO webMessenger - Zalogowano/input_Magda Kowalska_messageInput'

2021-12-21 18:42:54 - [TEST_STEP][PASSED] - click(findTestObject("Page_PSTO webMessenger - Zalogowano/img_Magda Kowalska_sendButton")): Object: 'Object Repository/Page_PSTO webMessenger - Zalogowano/img_Magda Kowalska_sendButton' is clicked on

2021-12-21 18:42:55 - [MESSAGE][PASSED] - Object: 'Object Repository/Page_PSTO webMessenger - Zalogowano/img_Magda Kowalska_sendButton' is clicked on

2021-12-21 18:42:55 - [TEST_STEP][PASSED] - setText(findTestObject("Page_PSTO webMessenger - Zalogowano/input_Magda Kowalska_messageInput"), "a"): Text 'a' is set on object 'Object Repository/Page_PSTO webMessenger - Zalogowano/input_Magda Kowalska_messageInput'

2021-12-21 18:42:56 - [MESSAGE][PASSED] - Text 'a' is set on object 'Object Repository/Page_PSTO webMessenger - Zalogowano/input_Magda Kowalska_messageInput'

2021-12-21 18:42:56 - [TEST_STEP][PASSED] - click(findTestObject("Page_PSTO webMessenger - Zalogowano/img_Magda Kowalska_sendButton")): Object: 'Object Repository/Page_PSTO webMessenger - Zalogowano/img_Magda Kowalska_sendButton' is clicked on

2021-12-21 18:42:57 - [MESSAGE][PASSED] - Object: 'Object Repository/Page_PSTO webMessenger - Zalogowano/img_Magda Kowalska_sendButton' is clicked on

2021-12-21 18:42:57 - [TEST_STEP][PASSED] - setText(findTestObject("Page_PSTO webMessenger - Zalogowano/input_Magda Kowalska_messageInput"), "a"): Text 'a' is set on object 'Object Repository/Page_PSTO webMessenger - Zalogowano/input_Magda Kowalska_messageInput'

2021-12-21 18:42:57 - [MESSAGE][PASSED] - Text 'a' is set on object 'Object Repository/Page_PSTO webMessenger - Zalogowano/input_Magda Kowalska_messageInput'

2021-12-21 18:42:57 - [TEST_STEP][PASSED] - click(findTestObject("Page_PSTO webMessenger - Zalogowano/img_Magda Kowalska_sendButton")): Object: 'Object Repository/Page_PSTO webMessenger - Zalogowano/img_Magda Kowalska_sendButton' is clicked on

2021-12-21 18:42:58 - [MESSAGE][PASSED] - Object: 'Object Repository/Page_PSTO webMessenger - Zalogowano/img_Magda Kowalska_sendButton' is clicked on

2021-12-21 18:42:58 - [TEST_STEP][PASSED] - setText(findTestObject("Page_PSTO webMessenger - Zalogowano/input_Magda Kowalska_messageInput"), "a"): Text 'a' is set on object 'Object Repository/Page_PSTO webMessenger - Zalogowano/input_Magda Kowalska_messageInput'

2021-12-21 18:42:59 - [MESSAGE][PASSED] - Text 'a' is set on object 'Object Repository/Page_PSTO webMessenger - Zalogowano/input_Magda Kowalska_messageInput'

2021-12-21 18:42:59 - [TEST_STEP][PASSED] - click(findTestObject("Page_PSTO webMessenger - Zalogowano/img_Magda Kowalska_sendButton")): Object: 'Object Repository/Page_PSTO webMessenger - Zalogowano/img_Magda Kowalska_sendButton' is clicked on

2021-12-21 18:43:00 - [MESSAGE][PASSED] - Object: 'Object Repository/Page_PSTO webMessenger - Zalogowano/img_Magda Kowalska_sendButton' is clicked on

2021-12-21 18:43:00 - [TEST_STEP][PASSED] - setText(findTestObject("Page_PSTO webMessenger - Zalogowano/input_Magda Kowalska_messageInput"), "a"): Text 'a' is set on object 'Object Repository/Page_PSTO webMessenger - Zalogowano/input_Magda Kowalska_messageInput'

2021-12-21 18:43:01 - [MESSAGE][PASSED] - Text 'a' is set on object 'Object Repository/Page_PSTO webMessenger - Zalogowano/input_Magda Kowalska_messageInput'

2021-12-21 18:43:01 - [TEST_STEP][PASSED] - click(findTestObject("Page_PSTO webMessenger - Zalogowano/img_Magda Kowalska_sendButton")): Object: 'Object Repository/Page_PSTO webMessenger - Zalogowano/img_Magda Kowalska_sendButton' is clicked on

2021-12-21 18:43:01 - [MESSAGE][PASSED] - Object: 'Object Repository/Page_PSTO webMessenger - Zalogowano/img_Magda Kowalska_sendButton' is clicked on

2021-12-21 18:43:01 - [TEST_STEP][PASSED] - setText(findTestObject("Page_PSTO webMessenger - Zalogowano/input_Magda Kowalska_messageInput"), "a"): Text 'a' is set on object 'Object Repository/Page_PSTO webMessenger - Zalogowano/input_Magda Kowalska_messageInput'

2021-12-21 18:43:02 - [MESSAGE][PASSED] - Text 'a' is set on object 'Object Repository/Page_PSTO webMessenger - Zalogowano/input_Magda Kowalska_messageInput'

2021-12-21 18:43:02 - [TEST_STEP][PASSED] - click(findTestObject("Page_PSTO webMessenger - Zalogowano/img_Magda Kowalska_sendButton")): Object: 'Object Repository/Page_PSTO webMessenger - Zalogowano/img_Magda Kowalska_sendButton' is clicked on

2021-12-21 18:43:03 - [MESSAGE][PASSED] - Object: 'Object Repository/Page_PSTO webMessenger - Zalogowano/img_Magda Kowalska_sendButton' is clicked on

2021-12-21 18:43:03 - [TEST_STEP][PASSED] - setText(findTestObject("Page_PSTO webMessenger - Zalogowano/input_Magda Kowalska_messageInput"), "a"): Text 'a' is set on object 'Object Repository/Page_PSTO webMessenger - Zalogowano/input_Magda Kowalska_messageInput'

2021-12-21 18:43:03 - [MESSAGE][PASSED] - Text 'a' is set on object 'Object Repository/Page_PSTO webMessenger - Zalogowano/input_Magda Kowalska_messageInput'

2021-12-21 18:43:03 - [TEST_STEP][PASSED] - click(findTestObject("Page_PSTO webMessenger - Zalogowano/img_Magda Kowalska_sendButton")): Object: 'Object Repository/Page_PSTO webMessenger - Zalogowano/img_Magda Kowalska_sendButton' is clicked on

2021-12-21 18:43:05 - [MESSAGE][PASSED] - Object: 'Object Repository/Page_PSTO webMessenger - Zalogowano/img_Magda Kowalska_sendButton' is clicked on

2021-12-21 18:43:05 - [TEST_STEP][PASSED] - setText(findTestObject("Page_PSTO webMessenger - Zalogowano/input_Magda Kowalska_messageInput"), "a"): Text 'a' is set on object 'Object Repository/Page_PSTO webMessenger - Zalogowano/input_Magda Kowalska_messageInput'

2021-12-21 18:43:06 - [MESSAGE][PASSED] - Text 'a' is set on object 'Object Repository/Page_PSTO webMessenger - Zalogowano/input_Magda Kowalska_messageInput'

2021-12-21 18:43:06 - [TEST_STEP][PASSED] - click(findTestObject("Page_PSTO webMessenger - Zalogowano/img_Magda Kowalska_sendButton")): Object: 'Object Repository/Page_PSTO webMessenger - Zalogowano/img_Magda Kowalska_sendButton' is clicked on

2021-12-21 18:43:07 - [MESSAGE][PASSED] - Object: 'Object Repository/Page_PSTO webMessenger - Zalogowano/img_Magda Kowalska_sendButton' is clicked on

2021-12-21 18:43:07 - [TEST_STEP][PASSED] - setText(findTestObject("Page_PSTO webMessenger - Zalogowano/input_Magda Kowalska_messageInput"), "a"): Text 'a' is set on object 'Object Repository/Page_PSTO webMessenger - Zalogowano/input_Magda Kowalska_messageInput'

2021-12-21 18:43:08 - [MESSAGE][PASSED] - Text 'a' is set on object 'Object Repository/Page_PSTO webMessenger - Zalogowano/input_Magda Kowalska_messageInput'

2021-12-21 18:43:08 - [TEST_STEP][PASSED] - click(findTestObject("Page_PSTO webMessenger - Zalogowano/img_Magda Kowalska_sendButton")): Object: 'Object Repository/Page_PSTO webMessenger - Zalogowano/img_Magda Kowalska_sendButton' is clicked on

2021-12-21 18:43:08 - [MESSAGE][PASSED] - Object: 'Object Repository/Page_PSTO webMessenger - Zalogowano/img_Magda Kowalska_sendButton' is clicked on

2021-12-21 18:43:08 - [TEST_STEP][PASSED] - setText(findTestObject("Page_PSTO webMessenger - Zalogowano/input_Magda Kowalska_messageInput"), "a"): Text 'a' is set on object 'Object Repository/Page_PSTO webMessenger - Zalogowano/input_Magda Kowalska_messageInput'

2021-12-21 18:43:09 - [MESSAGE][PASSED] - Text 'a' is set on object 'Object Repository/Page_PSTO webMessenger - Zalogowano/input_Magda Kowalska_messageInput'

2021-12-21 18:43:09 - [TEST_STEP][PASSED] - click(findTestObject("Page_PSTO webMessenger - Zalogowano/img_Magda Kowalska_sendButton")): Object: 'Object Repository/Page_PSTO webMessenger - Zalogowano/img_Magda Kowalska_sendButton' is clicked on

2021-12-21 18:43:10 - [MESSAGE][PASSED] - Object: 'Object Repository/Page_PSTO webMessenger - Zalogowano/img_Magda Kowalska_sendButton' is clicked on

2021-12-21 18:43:10 - [TEST_STEP][PASSED] - setText(findTestObject("Page_PSTO webMessenger - Zalogowano/input_Magda Kowalska_messageInput"), "a"): Text 'a' is set on object 'Object Repository/Page_PSTO webMessenger - Zalogowano/input_Magda Kowalska_messageInput'

2021-12-21 18:43:11 - [MESSAGE][PASSED] - Text 'a' is set on object 'Object Repository/Page_PSTO webMessenger - Zalogowano/input_Magda Kowalska_messageInput'

2021-12-21 18:43:11 - [TEST_STEP][PASSED] - click(findTestObject("Page_PSTO webMessenger - Zalogowano/img_Magda Kowalska_sendButton")): Object: 'Object Repository/Page_PSTO webMessenger - Zalogowano/img_Magda Kowalska_sendButton' is clicked on

2021-12-21 18:43:12 - [MESSAGE][PASSED] - Object: 'Object Repository/Page_PSTO webMessenger - Zalogowano/img_Magda Kowalska_sendButton' is clicked on

2021-12-21 18:43:12 - [TEST_STEP][PASSED] - setText(findTestObject("Page_PSTO webMessenger - Zalogowano/input_Magda Kowalska_messageInput"), "a"): Text 'a' is set on object 'Object Repository/Page_PSTO webMessenger - Zalogowano/input_Magda Kowalska_messageInput'

2021-12-21 18:43:13 - [MESSAGE][PASSED] - Text 'a' is set on object 'Object Repository/Page_PSTO webMessenger - Zalogowano/input_Magda Kowalska_messageInput'

2021-12-21 18:43:13 - [TEST_STEP][PASSED] - click(findTestObject("Page_PSTO webMessenger - Zalogowano/img_Magda Kowalska_sendButton")): Object: 'Object Repository/Page_PSTO webMessenger - Zalogowano/img_Magda Kowalska_sendButton' is clicked on

2021-12-21 18:43:13 - [MESSAGE][PASSED] - Object: 'Object Repository/Page_PSTO webMessenger - Zalogowano/img_Magda Kowalska_sendButton' is clicked on

2021-12-21 18:43:13 - [TEST_STEP][PASSED] - click(findTestObject("Object Repository/Page_PSTO webMessenger - Zalogowano/img_Zarejestruj konto_iconImg")): Object: 'Object Repository/Page_PSTO webMessenger - Zalogowano/img_Zarejestruj konto_iconImg' is clicked on

2021-12-21 18:43:14 - [MESSAGE][PASSED] - Object: 'Object Repository/Page_PSTO webMessenger - Zalogowano/img_Zarejestruj konto_iconImg' is clicked on

2021-12-21 18:43:14 - [TEST_STEP][PASSED] - closeBrowser(): Browser is closed

2021-12-21 18:43:15 - [MESSAGE][PASSED] - Browser is closed]]></system-out>
         <system-err><![CDATA[]]></system-err>
      </testcase>
      <testcase name="Test Cases/Historia rozm贸w/HR18" time="681.433" classname="Test Cases/Historia rozm贸w/HR18" status="PASSED">
         <system-out><![CDATA[2021-12-21 18:43:15 - [TEST_CASE][PASSED] - Test Cases/Historia rozm贸w/HR18: Test Cases/Historia rozm贸w/HR18

2021-12-21 18:43:16 - [TEST_STEP][PASSED] - openBrowser(""): Browser is opened with url: ''

2021-12-21 18:43:16 - [MESSAGE][INFO] - Starting 'Chrome' driver

2021-12-21 18:43:16 - [MESSAGE][INFO] - Action delay is set to 0 milliseconds

2021-12-21 18:43:17 - [MESSAGE][PASSED] - Browser is opened with url: ''

2021-12-21 18:43:17 - [TEST_STEP][PASSED] - maximizeWindow(): Current window maximized

2021-12-21 18:43:17 - [MESSAGE][PASSED] - Current window maximized

2021-12-21 18:43:17 - [TEST_STEP][PASSED] - navigateToUrl("http://kmg.hcm.pl/testowanie/index.html"): Navigate to 'http://kmg.hcm.pl/testowanie/index.html' successfully

2021-12-21 18:43:19 - [MESSAGE][PASSED] - Navigate to 'http://kmg.hcm.pl/testowanie/index.html' successfully

2021-12-21 18:43:19 - [TEST_STEP][PASSED] - setText(findTestObject("Object Repository/Page_PSTO webMessenger/input_Zarejestruj konto_userLogin"), "Tomasz Staszewski"): Text 'Tomasz Staszewski' is set on object 'Object Repository/Page_PSTO webMessenger/input_Zarejestruj konto_userLogin'

2021-12-21 18:43:20 - [MESSAGE][PASSED] - Text 'Tomasz Staszewski' is set on object 'Object Repository/Page_PSTO webMessenger/input_Zarejestruj konto_userLogin'

2021-12-21 18:43:20 - [TEST_STEP][PASSED] - setEncryptedText(findTestObject("Object Repository/Page_PSTO webMessenger/input_Zarejestruj konto_passwordLogin"), "wCo1vTKhcj4="): Text ****** has been set on object 'Object Repository/Page_PSTO webMessenger/input_Zarejestruj konto_passwordLogin'

2021-12-21 18:43:21 - [MESSAGE][PASSED] - Text ****** has been set on object 'Object Repository/Page_PSTO webMessenger/input_Zarejestruj konto_passwordLogin'

2021-12-21 18:43:21 - [TEST_STEP][PASSED] - click(findTestObject("Object Repository/Page_PSTO webMessenger/input_Zarejestruj konto_login")): Object: 'Object Repository/Page_PSTO webMessenger/input_Zarejestruj konto_login' is clicked on

2021-12-21 18:43:21 - [MESSAGE][PASSED] - Object: 'Object Repository/Page_PSTO webMessenger/input_Zarejestruj konto_login' is clicked on

2021-12-21 18:43:21 - [TEST_STEP][PASSED] - click(findTestObject("Page_PSTO webMessenger - Zalogowano/div_Joanna Kowalska")): Object: 'Object Repository/Page_PSTO webMessenger - Zalogowano/div_Joanna Kowalska' is clicked on

2021-12-21 18:43:22 - [MESSAGE][PASSED] - Object: 'Object Repository/Page_PSTO webMessenger - Zalogowano/div_Joanna Kowalska' is clicked on

2021-12-21 18:43:22 - [TEST_STEP][PASSED] - setText(findTestObject("Page_PSTO webMessenger - Zalogowano/input_Joanna Kowalska_messageInput"), "proba"): Text 'proba' is set on object 'Object Repository/Page_PSTO webMessenger - Zalogowano/input_Joanna Kowalska_messageInput'

2021-12-21 18:43:25 - [MESSAGE][PASSED] - Text 'proba' is set on object 'Object Repository/Page_PSTO webMessenger - Zalogowano/input_Joanna Kowalska_messageInput'

2021-12-21 18:43:25 - [TEST_STEP][PASSED] - click(findTestObject("Page_PSTO webMessenger - Zalogowano/img_Joanna Kowalska_sendButton")): Object: 'Object Repository/Page_PSTO webMessenger - Zalogowano/img_Joanna Kowalska_sendButton' is clicked on

2021-12-21 18:43:26 - [MESSAGE][PASSED] - Object: 'Object Repository/Page_PSTO webMessenger - Zalogowano/img_Joanna Kowalska_sendButton' is clicked on

2021-12-21 18:43:26 - [TEST_STEP][PASSED] - for (def index : (1..100)): Object: 'Object Repository/Page_PSTO webMessenger - Zalogowano/img_Joanna Kowalska_sendButton' is clicked on

2021-12-21 18:43:26 - [TEST_STEP][PASSED] - setText(findTestObject("Page_PSTO webMessenger - Zalogowano/input_Joanna Kowalska_messageInput"), "b"): Text 'b' is set on object 'Object Repository/Page_PSTO webMessenger - Zalogowano/input_Joanna Kowalska_messageInput'

2021-12-21 18:43:27 - [MESSAGE][PASSED] - Text 'b' is set on object 'Object Repository/Page_PSTO webMessenger - Zalogowano/input_Joanna Kowalska_messageInput'

2021-12-21 18:43:27 - [TEST_STEP][PASSED] - click(findTestObject("Page_PSTO webMessenger - Zalogowano/img_Joanna Kowalska_sendButton")): Object: 'Object Repository/Page_PSTO webMessenger - Zalogowano/img_Joanna Kowalska_sendButton' is clicked on

2021-12-21 18:43:28 - [MESSAGE][PASSED] - Object: 'Object Repository/Page_PSTO webMessenger - Zalogowano/img_Joanna Kowalska_sendButton' is clicked on

2021-12-21 18:43:28 - [TEST_STEP][PASSED] - setText(findTestObject("Page_PSTO webMessenger - Zalogowano/input_Joanna Kowalska_messageInput"), "b"): Text 'b' is set on object 'Object Repository/Page_PSTO webMessenger - Zalogowano/input_Joanna Kowalska_messageInput'

2021-12-21 18:43:33 - [MESSAGE][PASSED] - Text 'b' is set on object 'Object Repository/Page_PSTO webMessenger - Zalogowano/input_Joanna Kowalska_messageInput'

2021-12-21 18:43:33 - [TEST_STEP][PASSED] - click(findTestObject("Page_PSTO webMessenger - Zalogowano/img_Joanna Kowalska_sendButton")): Object: 'Object Repository/Page_PSTO webMessenger - Zalogowano/img_Joanna Kowalska_sendButton' is clicked on

2021-12-21 18:43:35 - [MESSAGE][PASSED] - Object: 'Object Repository/Page_PSTO webMessenger - Zalogowano/img_Joanna Kowalska_sendButton' is clicked on

2021-12-21 18:43:35 - [TEST_STEP][PASSED] - setText(findTestObject("Page_PSTO webMessenger - Zalogowano/input_Joanna Kowalska_messageInput"), "b"): Text 'b' is set on object 'Object Repository/Page_PSTO webMessenger - Zalogowano/input_Joanna Kowalska_messageInput'

2021-12-21 18:43:40 - [MESSAGE][PASSED] - Text 'b' is set on object 'Object Repository/Page_PSTO webMessenger - Zalogowano/input_Joanna Kowalska_messageInput'

2021-12-21 18:43:40 - [TEST_STEP][PASSED] - click(findTestObject("Page_PSTO webMessenger - Zalogowano/img_Joanna Kowalska_sendButton")): Object: 'Object Repository/Page_PSTO webMessenger - Zalogowano/img_Joanna Kowalska_sendButton' is clicked on

2021-12-21 18:43:43 - [MESSAGE][PASSED] - Object: 'Object Repository/Page_PSTO webMessenger - Zalogowano/img_Joanna Kowalska_sendButton' is clicked on

2021-12-21 18:43:43 - [TEST_STEP][PASSED] - setText(findTestObject("Page_PSTO webMessenger - Zalogowano/input_Joanna Kowalska_messageInput"), "b"): Text 'b' is set on object 'Object Repository/Page_PSTO webMessenger - Zalogowano/input_Joanna Kowalska_messageInput'

2021-12-21 18:43:47 - [MESSAGE][PASSED] - Text 'b' is set on object 'Object Repository/Page_PSTO webMessenger - Zalogowano/input_Joanna Kowalska_messageInput'

2021-12-21 18:43:47 - [TEST_STEP][PASSED] - click(findTestObject("Page_PSTO webMessenger - Zalogowano/img_Joanna Kowalska_sendButton")): Object: 'Object Repository/Page_PSTO webMessenger - Zalogowano/img_Joanna Kowalska_sendButton' is clicked on

2021-12-21 18:43:49 - [MESSAGE][PASSED] - Object: 'Object Repository/Page_PSTO webMessenger - Zalogowano/img_Joanna Kowalska_sendButton' is clicked on

2021-12-21 18:43:49 - [TEST_STEP][PASSED] - setText(findTestObject("Page_PSTO webMessenger - Zalogowano/input_Joanna Kowalska_messageInput"), "b"): Text 'b' is set on object 'Object Repository/Page_PSTO webMessenger - Zalogowano/input_Joanna Kowalska_messageInput'

2021-12-21 18:43:53 - [MESSAGE][PASSED] - Text 'b' is set on object 'Object Repository/Page_PSTO webMessenger - Zalogowano/input_Joanna Kowalska_messageInput'

2021-12-21 18:43:53 - [TEST_STEP][PASSED] - click(findTestObject("Page_PSTO webMessenger - Zalogowano/img_Joanna Kowalska_sendButton")): Object: 'Object Repository/Page_PSTO webMessenger - Zalogowano/img_Joanna Kowalska_sendButton' is clicked on

2021-12-21 18:43:55 - [MESSAGE][PASSED] - Object: 'Object Repository/Page_PSTO webMessenger - Zalogowano/img_Joanna Kowalska_sendButton' is clicked on

2021-12-21 18:43:55 - [TEST_STEP][PASSED] - setText(findTestObject("Page_PSTO webMessenger - Zalogowano/input_Joanna Kowalska_messageInput"), "b"): Text 'b' is set on object 'Object Repository/Page_PSTO webMessenger - Zalogowano/input_Joanna Kowalska_messageInput'

2021-12-21 18:44:00 - [MESSAGE][PASSED] - Text 'b' is set on object 'Object Repository/Page_PSTO webMessenger - Zalogowano/input_Joanna Kowalska_messageInput'

2021-12-21 18:44:00 - [TEST_STEP][PASSED] - click(findTestObject("Page_PSTO webMessenger - Zalogowano/img_Joanna Kowalska_sendButton")): Object: 'Object Repository/Page_PSTO webMessenger - Zalogowano/img_Joanna Kowalska_sendButton' is clicked on

2021-12-21 18:44:08 - [MESSAGE][PASSED] - Object: 'Object Repository/Page_PSTO webMessenger - Zalogowano/img_Joanna Kowalska_sendButton' is clicked on

2021-12-21 18:44:08 - [TEST_STEP][PASSED] - setText(findTestObject("Page_PSTO webMessenger - Zalogowano/input_Joanna Kowalska_messageInput"), "b"): Text 'b' is set on object 'Object Repository/Page_PSTO webMessenger - Zalogowano/input_Joanna Kowalska_messageInput'

2021-12-21 18:44:12 - [MESSAGE][PASSED] - Text 'b' is set on object 'Object Repository/Page_PSTO webMessenger - Zalogowano/input_Joanna Kowalska_messageInput'

2021-12-21 18:44:12 - [TEST_STEP][PASSED] - click(findTestObject("Page_PSTO webMessenger - Zalogowano/img_Joanna Kowalska_sendButton")): Object: 'Object Repository/Page_PSTO webMessenger - Zalogowano/img_Joanna Kowalska_sendButton' is clicked on

2021-12-21 18:44:14 - [MESSAGE][PASSED] - Object: 'Object Repository/Page_PSTO webMessenger - Zalogowano/img_Joanna Kowalska_sendButton' is clicked on

2021-12-21 18:44:14 - [TEST_STEP][PASSED] - setText(findTestObject("Page_PSTO webMessenger - Zalogowano/input_Joanna Kowalska_messageInput"), "b"): Text 'b' is set on object 'Object Repository/Page_PSTO webMessenger - Zalogowano/input_Joanna Kowalska_messageInput'

2021-12-21 18:44:20 - [MESSAGE][PASSED] - Text 'b' is set on object 'Object Repository/Page_PSTO webMessenger - Zalogowano/input_Joanna Kowalska_messageInput'

2021-12-21 18:44:20 - [TEST_STEP][PASSED] - click(findTestObject("Page_PSTO webMessenger - Zalogowano/img_Joanna Kowalska_sendButton")): Object: 'Object Repository/Page_PSTO webMessenger - Zalogowano/img_Joanna Kowalska_sendButton' is clicked on

2021-12-21 18:44:22 - [MESSAGE][PASSED] - Object: 'Object Repository/Page_PSTO webMessenger - Zalogowano/img_Joanna Kowalska_sendButton' is clicked on

2021-12-21 18:44:22 - [TEST_STEP][PASSED] - setText(findTestObject("Page_PSTO webMessenger - Zalogowano/input_Joanna Kowalska_messageInput"), "b"): Text 'b' is set on object 'Object Repository/Page_PSTO webMessenger - Zalogowano/input_Joanna Kowalska_messageInput'

2021-12-21 18:44:27 - [MESSAGE][PASSED] - Text 'b' is set on object 'Object Repository/Page_PSTO webMessenger - Zalogowano/input_Joanna Kowalska_messageInput'

2021-12-21 18:44:27 - [TEST_STEP][PASSED] - click(findTestObject("Page_PSTO webMessenger - Zalogowano/img_Joanna Kowalska_sendButton")): Object: 'Object Repository/Page_PSTO webMessenger - Zalogowano/img_Joanna Kowalska_sendButton' is clicked on

2021-12-21 18:44:29 - [MESSAGE][PASSED] - Object: 'Object Repository/Page_PSTO webMessenger - Zalogowano/img_Joanna Kowalska_sendButton' is clicked on

2021-12-21 18:44:29 - [TEST_STEP][PASSED] - setText(findTestObject("Page_PSTO webMessenger - Zalogowano/input_Joanna Kowalska_messageInput"), "b"): Text 'b' is set on object 'Object Repository/Page_PSTO webMessenger - Zalogowano/input_Joanna Kowalska_messageInput'

2021-12-21 18:44:33 - [MESSAGE][PASSED] - Text 'b' is set on object 'Object Repository/Page_PSTO webMessenger - Zalogowano/input_Joanna Kowalska_messageInput'

2021-12-21 18:44:33 - [TEST_STEP][PASSED] - click(findTestObject("Page_PSTO webMessenger - Zalogowano/img_Joanna Kowalska_sendButton")): Object: 'Object Repository/Page_PSTO webMessenger - Zalogowano/img_Joanna Kowalska_sendButton' is clicked on

2021-12-21 18:44:35 - [MESSAGE][PASSED] - Object: 'Object Repository/Page_PSTO webMessenger - Zalogowano/img_Joanna Kowalska_sendButton' is clicked on

2021-12-21 18:44:35 - [TEST_STEP][PASSED] - setText(findTestObject("Page_PSTO webMessenger - Zalogowano/input_Joanna Kowalska_messageInput"), "b"): Text 'b' is set on object 'Object Repository/Page_PSTO webMessenger - Zalogowano/input_Joanna Kowalska_messageInput'

2021-12-21 18:44:42 - [MESSAGE][PASSED] - Text 'b' is set on object 'Object Repository/Page_PSTO webMessenger - Zalogowano/input_Joanna Kowalska_messageInput'

2021-12-21 18:44:42 - [TEST_STEP][PASSED] - click(findTestObject("Page_PSTO webMessenger - Zalogowano/img_Joanna Kowalska_sendButton")): Object: 'Object Repository/Page_PSTO webMessenger - Zalogowano/img_Joanna Kowalska_sendButton' is clicked on

2021-12-21 18:44:44 - [MESSAGE][PASSED] - Object: 'Object Repository/Page_PSTO webMessenger - Zalogowano/img_Joanna Kowalska_sendButton' is clicked on

2021-12-21 18:44:44 - [TEST_STEP][PASSED] - setText(findTestObject("Page_PSTO webMessenger - Zalogowano/input_Joanna Kowalska_messageInput"), "b"): Text 'b' is set on object 'Object Repository/Page_PSTO webMessenger - Zalogowano/input_Joanna Kowalska_messageInput'

2021-12-21 18:44:48 - [MESSAGE][PASSED] - Text 'b' is set on object 'Object Repository/Page_PSTO webMessenger - Zalogowano/input_Joanna Kowalska_messageInput'

2021-12-21 18:44:48 - [TEST_STEP][PASSED] - click(findTestObject("Page_PSTO webMessenger - Zalogowano/img_Joanna Kowalska_sendButton")): Object: 'Object Repository/Page_PSTO webMessenger - Zalogowano/img_Joanna Kowalska_sendButton' is clicked on

2021-12-21 18:44:50 - [MESSAGE][PASSED] - Object: 'Object Repository/Page_PSTO webMessenger - Zalogowano/img_Joanna Kowalska_sendButton' is clicked on

2021-12-21 18:44:50 - [TEST_STEP][PASSED] - setText(findTestObject("Page_PSTO webMessenger - Zalogowano/input_Joanna Kowalska_messageInput"), "b"): Text 'b' is set on object 'Object Repository/Page_PSTO webMessenger - Zalogowano/input_Joanna Kowalska_messageInput'

2021-12-21 18:44:55 - [MESSAGE][PASSED] - Text 'b' is set on object 'Object Repository/Page_PSTO webMessenger - Zalogowano/input_Joanna Kowalska_messageInput'

2021-12-21 18:44:55 - [TEST_STEP][PASSED] - click(findTestObject("Page_PSTO webMessenger - Zalogowano/img_Joanna Kowalska_sendButton")): Object: 'Object Repository/Page_PSTO webMessenger - Zalogowano/img_Joanna Kowalska_sendButton' is clicked on

2021-12-21 18:44:57 - [MESSAGE][PASSED] - Object: 'Object Repository/Page_PSTO webMessenger - Zalogowano/img_Joanna Kowalska_sendButton' is clicked on

2021-12-21 18:44:57 - [TEST_STEP][PASSED] - setText(findTestObject("Page_PSTO webMessenger - Zalogowano/input_Joanna Kowalska_messageInput"), "b"): Text 'b' is set on object 'Object Repository/Page_PSTO webMessenger - Zalogowano/input_Joanna Kowalska_messageInput'

2021-12-21 18:45:01 - [MESSAGE][PASSED] - Text 'b' is set on object 'Object Repository/Page_PSTO webMessenger - Zalogowano/input_Joanna Kowalska_messageInput'

2021-12-21 18:45:01 - [TEST_STEP][PASSED] - click(findTestObject("Page_PSTO webMessenger - Zalogowano/img_Joanna Kowalska_sendButton")): Object: 'Object Repository/Page_PSTO webMessenger - Zalogowano/img_Joanna Kowalska_sendButton' is clicked on

2021-12-21 18:45:03 - [MESSAGE][PASSED] - Object: 'Object Repository/Page_PSTO webMessenger - Zalogowano/img_Joanna Kowalska_sendButton' is clicked on

2021-12-21 18:45:03 - [TEST_STEP][PASSED] - setText(findTestObject("Page_PSTO webMessenger - Zalogowano/input_Joanna Kowalska_messageInput"), "b"): Text 'b' is set on object 'Object Repository/Page_PSTO webMessenger - Zalogowano/input_Joanna Kowalska_messageInput'

2021-12-21 18:45:07 - [MESSAGE][PASSED] - Text 'b' is set on object 'Object Repository/Page_PSTO webMessenger - Zalogowano/input_Joanna Kowalska_messageInput'

2021-12-21 18:45:07 - [TEST_STEP][PASSED] - click(findTestObject("Page_PSTO webMessenger - Zalogowano/img_Joanna Kowalska_sendButton")): Object: 'Object Repository/Page_PSTO webMessenger - Zalogowano/img_Joanna Kowalska_sendButton' is clicked on

2021-12-21 18:45:09 - [MESSAGE][PASSED] - Object: 'Object Repository/Page_PSTO webMessenger - Zalogowano/img_Joanna Kowalska_sendButton' is clicked on

2021-12-21 18:45:09 - [TEST_STEP][PASSED] - setText(findTestObject("Page_PSTO webMessenger - Zalogowano/input_Joanna Kowalska_messageInput"), "b"): Text 'b' is set on object 'Object Repository/Page_PSTO webMessenger - Zalogowano/input_Joanna Kowalska_messageInput'

2021-12-21 18:45:16 - [MESSAGE][PASSED] - Text 'b' is set on object 'Object Repository/Page_PSTO webMessenger - Zalogowano/input_Joanna Kowalska_messageInput'

2021-12-21 18:45:16 - [TEST_STEP][PASSED] - click(findTestObject("Page_PSTO webMessenger - Zalogowano/img_Joanna Kowalska_sendButton")): Object: 'Object Repository/Page_PSTO webMessenger - Zalogowano/img_Joanna Kowalska_sendButton' is clicked on

2021-12-21 18:45:18 - [MESSAGE][PASSED] - Object: 'Object Repository/Page_PSTO webMessenger - Zalogowano/img_Joanna Kowalska_sendButton' is clicked on

2021-12-21 18:45:18 - [TEST_STEP][PASSED] - setText(findTestObject("Page_PSTO webMessenger - Zalogowano/input_Joanna Kowalska_messageInput"), "b"): Text 'b' is set on object 'Object Repository/Page_PSTO webMessenger - Zalogowano/input_Joanna Kowalska_messageInput'

2021-12-21 18:45:22 - [MESSAGE][PASSED] - Text 'b' is set on object 'Object Repository/Page_PSTO webMessenger - Zalogowano/input_Joanna Kowalska_messageInput'

2021-12-21 18:45:22 - [TEST_STEP][PASSED] - click(findTestObject("Page_PSTO webMessenger - Zalogowano/img_Joanna Kowalska_sendButton")): Object: 'Object Repository/Page_PSTO webMessenger - Zalogowano/img_Joanna Kowalska_sendButton' is clicked on

2021-12-21 18:45:24 - [MESSAGE][PASSED] - Object: 'Object Repository/Page_PSTO webMessenger - Zalogowano/img_Joanna Kowalska_sendButton' is clicked on

2021-12-21 18:45:24 - [TEST_STEP][PASSED] - setText(findTestObject("Page_PSTO webMessenger - Zalogowano/input_Joanna Kowalska_messageInput"), "b"): Text 'b' is set on object 'Object Repository/Page_PSTO webMessenger - Zalogowano/input_Joanna Kowalska_messageInput'

2021-12-21 18:45:29 - [MESSAGE][PASSED] - Text 'b' is set on object 'Object Repository/Page_PSTO webMessenger - Zalogowano/input_Joanna Kowalska_messageInput'

2021-12-21 18:45:29 - [TEST_STEP][PASSED] - click(findTestObject("Page_PSTO webMessenger - Zalogowano/img_Joanna Kowalska_sendButton")): Object: 'Object Repository/Page_PSTO webMessenger - Zalogowano/img_Joanna Kowalska_sendButton' is clicked on

2021-12-21 18:45:33 - [MESSAGE][PASSED] - Object: 'Object Repository/Page_PSTO webMessenger - Zalogowano/img_Joanna Kowalska_sendButton' is clicked on

2021-12-21 18:45:33 - [TEST_STEP][PASSED] - setText(findTestObject("Page_PSTO webMessenger - Zalogowano/input_Joanna Kowalska_messageInput"), "b"): Text 'b' is set on object 'Object Repository/Page_PSTO webMessenger - Zalogowano/input_Joanna Kowalska_messageInput'

2021-12-21 18:45:37 - [MESSAGE][PASSED] - Text 'b' is set on object 'Object Repository/Page_PSTO webMessenger - Zalogowano/input_Joanna Kowalska_messageInput'

2021-12-21 18:45:37 - [TEST_STEP][PASSED] - click(findTestObject("Page_PSTO webMessenger - Zalogowano/img_Joanna Kowalska_sendButton")): Object: 'Object Repository/Page_PSTO webMessenger - Zalogowano/img_Joanna Kowalska_sendButton' is clicked on

2021-12-21 18:45:39 - [MESSAGE][PASSED] - Object: 'Object Repository/Page_PSTO webMessenger - Zalogowano/img_Joanna Kowalska_sendButton' is clicked on

2021-12-21 18:45:39 - [TEST_STEP][PASSED] - setText(findTestObject("Page_PSTO webMessenger - Zalogowano/input_Joanna Kowalska_messageInput"), "b"): Text 'b' is set on object 'Object Repository/Page_PSTO webMessenger - Zalogowano/input_Joanna Kowalska_messageInput'

2021-12-21 18:45:43 - [MESSAGE][PASSED] - Text 'b' is set on object 'Object Repository/Page_PSTO webMessenger - Zalogowano/input_Joanna Kowalska_messageInput'

2021-12-21 18:45:43 - [TEST_STEP][PASSED] - click(findTestObject("Page_PSTO webMessenger - Zalogowano/img_Joanna Kowalska_sendButton")): Object: 'Object Repository/Page_PSTO webMessenger - Zalogowano/img_Joanna Kowalska_sendButton' is clicked on

2021-12-21 18:45:45 - [MESSAGE][PASSED] - Object: 'Object Repository/Page_PSTO webMessenger - Zalogowano/img_Joanna Kowalska_sendButton' is clicked on

2021-12-21 18:45:45 - [TEST_STEP][PASSED] - setText(findTestObject("Page_PSTO webMessenger - Zalogowano/input_Joanna Kowalska_messageInput"), "b"): Text 'b' is set on object 'Object Repository/Page_PSTO webMessenger - Zalogowano/input_Joanna Kowalska_messageInput'

2021-12-21 18:45:49 - [MESSAGE][PASSED] - Text 'b' is set on object 'Object Repository/Page_PSTO webMessenger - Zalogowano/input_Joanna Kowalska_messageInput'

2021-12-21 18:45:49 - [TEST_STEP][PASSED] - click(findTestObject("Page_PSTO webMessenger - Zalogowano/img_Joanna Kowalska_sendButton")): Object: 'Object Repository/Page_PSTO webMessenger - Zalogowano/img_Joanna Kowalska_sendButton' is clicked on

2021-12-21 18:45:53 - [MESSAGE][PASSED] - Object: 'Object Repository/Page_PSTO webMessenger - Zalogowano/img_Joanna Kowalska_sendButton' is clicked on

2021-12-21 18:45:53 - [TEST_STEP][PASSED] - setText(findTestObject("Page_PSTO webMessenger - Zalogowano/input_Joanna Kowalska_messageInput"), "b"): Text 'b' is set on object 'Object Repository/Page_PSTO webMessenger - Zalogowano/input_Joanna Kowalska_messageInput'

2021-12-21 18:45:58 - [MESSAGE][PASSED] - Text 'b' is set on object 'Object Repository/Page_PSTO webMessenger - Zalogowano/input_Joanna Kowalska_messageInput'

2021-12-21 18:45:58 - [TEST_STEP][PASSED] - click(findTestObject("Page_PSTO webMessenger - Zalogowano/img_Joanna Kowalska_sendButton")): Object: 'Object Repository/Page_PSTO webMessenger - Zalogowano/img_Joanna Kowalska_sendButton' is clicked on

2021-12-21 18:46:00 - [MESSAGE][PASSED] - Object: 'Object Repository/Page_PSTO webMessenger - Zalogowano/img_Joanna Kowalska_sendButton' is clicked on

2021-12-21 18:46:00 - [TEST_STEP][PASSED] - setText(findTestObject("Page_PSTO webMessenger - Zalogowano/input_Joanna Kowalska_messageInput"), "b"): Text 'b' is set on object 'Object Repository/Page_PSTO webMessenger - Zalogowano/input_Joanna Kowalska_messageInput'

2021-12-21 18:46:04 - [MESSAGE][PASSED] - Text 'b' is set on object 'Object Repository/Page_PSTO webMessenger - Zalogowano/input_Joanna Kowalska_messageInput'

2021-12-21 18:46:04 - [TEST_STEP][PASSED] - click(findTestObject("Page_PSTO webMessenger - Zalogowano/img_Joanna Kowalska_sendButton")): Object: 'Object Repository/Page_PSTO webMessenger - Zalogowano/img_Joanna Kowalska_sendButton' is clicked on

2021-12-21 18:46:08 - [MESSAGE][PASSED] - Object: 'Object Repository/Page_PSTO webMessenger - Zalogowano/img_Joanna Kowalska_sendButton' is clicked on

2021-12-21 18:46:08 - [TEST_STEP][PASSED] - setText(findTestObject("Page_PSTO webMessenger - Zalogowano/input_Joanna Kowalska_messageInput"), "b"): Text 'b' is set on object 'Object Repository/Page_PSTO webMessenger - Zalogowano/input_Joanna Kowalska_messageInput'

2021-12-21 18:46:12 - [MESSAGE][PASSED] - Text 'b' is set on object 'Object Repository/Page_PSTO webMessenger - Zalogowano/input_Joanna Kowalska_messageInput'

2021-12-21 18:46:12 - [TEST_STEP][PASSED] - click(findTestObject("Page_PSTO webMessenger - Zalogowano/img_Joanna Kowalska_sendButton")): Object: 'Object Repository/Page_PSTO webMessenger - Zalogowano/img_Joanna Kowalska_sendButton' is clicked on

2021-12-21 18:46:14 - [MESSAGE][PASSED] - Object: 'Object Repository/Page_PSTO webMessenger - Zalogowano/img_Joanna Kowalska_sendButton' is clicked on

2021-12-21 18:46:14 - [TEST_STEP][PASSED] - setText(findTestObject("Page_PSTO webMessenger - Zalogowano/input_Joanna Kowalska_messageInput"), "b"): Text 'b' is set on object 'Object Repository/Page_PSTO webMessenger - Zalogowano/input_Joanna Kowalska_messageInput'

2021-12-21 18:46:20 - [MESSAGE][PASSED] - Text 'b' is set on object 'Object Repository/Page_PSTO webMessenger - Zalogowano/input_Joanna Kowalska_messageInput'

2021-12-21 18:46:20 - [TEST_STEP][PASSED] - click(findTestObject("Page_PSTO webMessenger - Zalogowano/img_Joanna Kowalska_sendButton")): Object: 'Object Repository/Page_PSTO webMessenger - Zalogowano/img_Joanna Kowalska_sendButton' is clicked on

2021-12-21 18:46:23 - [MESSAGE][PASSED] - Object: 'Object Repository/Page_PSTO webMessenger - Zalogowano/img_Joanna Kowalska_sendButton' is clicked on

2021-12-21 18:46:23 - [TEST_STEP][PASSED] - setText(findTestObject("Page_PSTO webMessenger - Zalogowano/input_Joanna Kowalska_messageInput"), "b"): Text 'b' is set on object 'Object Repository/Page_PSTO webMessenger - Zalogowano/input_Joanna Kowalska_messageInput'

2021-12-21 18:46:27 - [MESSAGE][PASSED] - Text 'b' is set on object 'Object Repository/Page_PSTO webMessenger - Zalogowano/input_Joanna Kowalska_messageInput'

2021-12-21 18:46:27 - [TEST_STEP][PASSED] - click(findTestObject("Page_PSTO webMessenger - Zalogowano/img_Joanna Kowalska_sendButton")): Object: 'Object Repository/Page_PSTO webMessenger - Zalogowano/img_Joanna Kowalska_sendButton' is clicked on

2021-12-21 18:46:29 - [MESSAGE][PASSED] - Object: 'Object Repository/Page_PSTO webMessenger - Zalogowano/img_Joanna Kowalska_sendButton' is clicked on

2021-12-21 18:46:29 - [TEST_STEP][PASSED] - setText(findTestObject("Page_PSTO webMessenger - Zalogowano/input_Joanna Kowalska_messageInput"), "b"): Text 'b' is set on object 'Object Repository/Page_PSTO webMessenger - Zalogowano/input_Joanna Kowalska_messageInput'

2021-12-21 18:46:33 - [MESSAGE][PASSED] - Text 'b' is set on object 'Object Repository/Page_PSTO webMessenger - Zalogowano/input_Joanna Kowalska_messageInput'

2021-12-21 18:46:33 - [TEST_STEP][PASSED] - click(findTestObject("Page_PSTO webMessenger - Zalogowano/img_Joanna Kowalska_sendButton")): Object: 'Object Repository/Page_PSTO webMessenger - Zalogowano/img_Joanna Kowalska_sendButton' is clicked on

2021-12-21 18:46:35 - [MESSAGE][PASSED] - Object: 'Object Repository/Page_PSTO webMessenger - Zalogowano/img_Joanna Kowalska_sendButton' is clicked on

2021-12-21 18:46:35 - [TEST_STEP][PASSED] - setText(findTestObject("Page_PSTO webMessenger - Zalogowano/input_Joanna Kowalska_messageInput"), "b"): Text 'b' is set on object 'Object Repository/Page_PSTO webMessenger - Zalogowano/input_Joanna Kowalska_messageInput'

2021-12-21 18:46:40 - [MESSAGE][PASSED] - Text 'b' is set on object 'Object Repository/Page_PSTO webMessenger - Zalogowano/input_Joanna Kowalska_messageInput'

2021-12-21 18:46:40 - [TEST_STEP][PASSED] - click(findTestObject("Page_PSTO webMessenger - Zalogowano/img_Joanna Kowalska_sendButton")): Object: 'Object Repository/Page_PSTO webMessenger - Zalogowano/img_Joanna Kowalska_sendButton' is clicked on

2021-12-21 18:46:42 - [MESSAGE][PASSED] - Object: 'Object Repository/Page_PSTO webMessenger - Zalogowano/img_Joanna Kowalska_sendButton' is clicked on

2021-12-21 18:46:42 - [TEST_STEP][PASSED] - setText(findTestObject("Page_PSTO webMessenger - Zalogowano/input_Joanna Kowalska_messageInput"), "b"): Text 'b' is set on object 'Object Repository/Page_PSTO webMessenger - Zalogowano/input_Joanna Kowalska_messageInput'

2021-12-21 18:46:47 - [MESSAGE][PASSED] - Text 'b' is set on object 'Object Repository/Page_PSTO webMessenger - Zalogowano/input_Joanna Kowalska_messageInput'

2021-12-21 18:46:47 - [TEST_STEP][PASSED] - click(findTestObject("Page_PSTO webMessenger - Zalogowano/img_Joanna Kowalska_sendButton")): Object: 'Object Repository/Page_PSTO webMessenger - Zalogowano/img_Joanna Kowalska_sendButton' is clicked on

2021-12-21 18:46:49 - [MESSAGE][PASSED] - Object: 'Object Repository/Page_PSTO webMessenger - Zalogowano/img_Joanna Kowalska_sendButton' is clicked on

2021-12-21 18:46:49 - [TEST_STEP][PASSED] - setText(findTestObject("Page_PSTO webMessenger - Zalogowano/input_Joanna Kowalska_messageInput"), "b"): Text 'b' is set on object 'Object Repository/Page_PSTO webMessenger - Zalogowano/input_Joanna Kowalska_messageInput'

2021-12-21 18:46:54 - [MESSAGE][PASSED] - Text 'b' is set on object 'Object Repository/Page_PSTO webMessenger - Zalogowano/input_Joanna Kowalska_messageInput'

2021-12-21 18:46:54 - [TEST_STEP][PASSED] - click(findTestObject("Page_PSTO webMessenger - Zalogowano/img_Joanna Kowalska_sendButton")): Object: 'Object Repository/Page_PSTO webMessenger - Zalogowano/img_Joanna Kowalska_sendButton' is clicked on

2021-12-21 18:46:58 - [MESSAGE][PASSED] - Object: 'Object Repository/Page_PSTO webMessenger - Zalogowano/img_Joanna Kowalska_sendButton' is clicked on

2021-12-21 18:46:58 - [TEST_STEP][PASSED] - setText(findTestObject("Page_PSTO webMessenger - Zalogowano/input_Joanna Kowalska_messageInput"), "b"): Text 'b' is set on object 'Object Repository/Page_PSTO webMessenger - Zalogowano/input_Joanna Kowalska_messageInput'

2021-12-21 18:47:02 - [MESSAGE][PASSED] - Text 'b' is set on object 'Object Repository/Page_PSTO webMessenger - Zalogowano/input_Joanna Kowalska_messageInput'

2021-12-21 18:47:02 - [TEST_STEP][PASSED] - click(findTestObject("Page_PSTO webMessenger - Zalogowano/img_Joanna Kowalska_sendButton")): Object: 'Object Repository/Page_PSTO webMessenger - Zalogowano/img_Joanna Kowalska_sendButton' is clicked on

2021-12-21 18:47:04 - [MESSAGE][PASSED] - Object: 'Object Repository/Page_PSTO webMessenger - Zalogowano/img_Joanna Kowalska_sendButton' is clicked on

2021-12-21 18:47:04 - [TEST_STEP][PASSED] - setText(findTestObject("Page_PSTO webMessenger - Zalogowano/input_Joanna Kowalska_messageInput"), "b"): Text 'b' is set on object 'Object Repository/Page_PSTO webMessenger - Zalogowano/input_Joanna Kowalska_messageInput'

2021-12-21 18:47:09 - [MESSAGE][PASSED] - Text 'b' is set on object 'Object Repository/Page_PSTO webMessenger - Zalogowano/input_Joanna Kowalska_messageInput'

2021-12-21 18:47:09 - [TEST_STEP][PASSED] - click(findTestObject("Page_PSTO webMessenger - Zalogowano/img_Joanna Kowalska_sendButton")): Object: 'Object Repository/Page_PSTO webMessenger - Zalogowano/img_Joanna Kowalska_sendButton' is clicked on

2021-12-21 18:47:12 - [MESSAGE][PASSED] - Object: 'Object Repository/Page_PSTO webMessenger - Zalogowano/img_Joanna Kowalska_sendButton' is clicked on

2021-12-21 18:47:12 - [TEST_STEP][PASSED] - setText(findTestObject("Page_PSTO webMessenger - Zalogowano/input_Joanna Kowalska_messageInput"), "b"): Text 'b' is set on object 'Object Repository/Page_PSTO webMessenger - Zalogowano/input_Joanna Kowalska_messageInput'

2021-12-21 18:47:16 - [MESSAGE][PASSED] - Text 'b' is set on object 'Object Repository/Page_PSTO webMessenger - Zalogowano/input_Joanna Kowalska_messageInput'

2021-12-21 18:47:16 - [TEST_STEP][PASSED] - click(findTestObject("Page_PSTO webMessenger - Zalogowano/img_Joanna Kowalska_sendButton")): Object: 'Object Repository/Page_PSTO webMessenger - Zalogowano/img_Joanna Kowalska_sendButton' is clicked on

2021-12-21 18:47:18 - [MESSAGE][PASSED] - Object: 'Object Repository/Page_PSTO webMessenger - Zalogowano/img_Joanna Kowalska_sendButton' is clicked on

2021-12-21 18:47:18 - [TEST_STEP][PASSED] - setText(findTestObject("Page_PSTO webMessenger - Zalogowano/input_Joanna Kowalska_messageInput"), "b"): Text 'b' is set on object 'Object Repository/Page_PSTO webMessenger - Zalogowano/input_Joanna Kowalska_messageInput'

2021-12-21 18:47:22 - [MESSAGE][PASSED] - Text 'b' is set on object 'Object Repository/Page_PSTO webMessenger - Zalogowano/input_Joanna Kowalska_messageInput'

2021-12-21 18:47:22 - [TEST_STEP][PASSED] - click(findTestObject("Page_PSTO webMessenger - Zalogowano/img_Joanna Kowalska_sendButton")): Object: 'Object Repository/Page_PSTO webMessenger - Zalogowano/img_Joanna Kowalska_sendButton' is clicked on

2021-12-21 18:47:24 - [MESSAGE][PASSED] - Object: 'Object Repository/Page_PSTO webMessenger - Zalogowano/img_Joanna Kowalska_sendButton' is clicked on

2021-12-21 18:47:24 - [TEST_STEP][PASSED] - setText(findTestObject("Page_PSTO webMessenger - Zalogowano/input_Joanna Kowalska_messageInput"), "b"): Text 'b' is set on object 'Object Repository/Page_PSTO webMessenger - Zalogowano/input_Joanna Kowalska_messageInput'

2021-12-21 18:47:29 - [MESSAGE][PASSED] - Text 'b' is set on object 'Object Repository/Page_PSTO webMessenger - Zalogowano/input_Joanna Kowalska_messageInput'

2021-12-21 18:47:29 - [TEST_STEP][PASSED] - click(findTestObject("Page_PSTO webMessenger - Zalogowano/img_Joanna Kowalska_sendButton")): Object: 'Object Repository/Page_PSTO webMessenger - Zalogowano/img_Joanna Kowalska_sendButton' is clicked on

2021-12-21 18:47:32 - [MESSAGE][PASSED] - Object: 'Object Repository/Page_PSTO webMessenger - Zalogowano/img_Joanna Kowalska_sendButton' is clicked on

2021-12-21 18:47:32 - [TEST_STEP][PASSED] - setText(findTestObject("Page_PSTO webMessenger - Zalogowano/input_Joanna Kowalska_messageInput"), "b"): Text 'b' is set on object 'Object Repository/Page_PSTO webMessenger - Zalogowano/input_Joanna Kowalska_messageInput'

2021-12-21 18:47:36 - [MESSAGE][PASSED] - Text 'b' is set on object 'Object Repository/Page_PSTO webMessenger - Zalogowano/input_Joanna Kowalska_messageInput'

2021-12-21 18:47:36 - [TEST_STEP][PASSED] - click(findTestObject("Page_PSTO webMessenger - Zalogowano/img_Joanna Kowalska_sendButton")): Object: 'Object Repository/Page_PSTO webMessenger - Zalogowano/img_Joanna Kowalska_sendButton' is clicked on

2021-12-21 18:47:38 - [MESSAGE][PASSED] - Object: 'Object Repository/Page_PSTO webMessenger - Zalogowano/img_Joanna Kowalska_sendButton' is clicked on

2021-12-21 18:47:38 - [TEST_STEP][PASSED] - setText(findTestObject("Page_PSTO webMessenger - Zalogowano/input_Joanna Kowalska_messageInput"), "b"): Text 'b' is set on object 'Object Repository/Page_PSTO webMessenger - Zalogowano/input_Joanna Kowalska_messageInput'

2021-12-21 18:47:42 - [MESSAGE][PASSED] - Text 'b' is set on object 'Object Repository/Page_PSTO webMessenger - Zalogowano/input_Joanna Kowalska_messageInput'

2021-12-21 18:47:42 - [TEST_STEP][PASSED] - click(findTestObject("Page_PSTO webMessenger - Zalogowano/img_Joanna Kowalska_sendButton")): Object: 'Object Repository/Page_PSTO webMessenger - Zalogowano/img_Joanna Kowalska_sendButton' is clicked on

2021-12-21 18:47:44 - [MESSAGE][PASSED] - Object: 'Object Repository/Page_PSTO webMessenger - Zalogowano/img_Joanna Kowalska_sendButton' is clicked on

2021-12-21 18:47:44 - [TEST_STEP][PASSED] - setText(findTestObject("Page_PSTO webMessenger - Zalogowano/input_Joanna Kowalska_messageInput"), "b"): Text 'b' is set on object 'Object Repository/Page_PSTO webMessenger - Zalogowano/input_Joanna Kowalska_messageInput'

2021-12-21 18:47:48 - [MESSAGE][PASSED] - Text 'b' is set on object 'Object Repository/Page_PSTO webMessenger - Zalogowano/input_Joanna Kowalska_messageInput'

2021-12-21 18:47:48 - [TEST_STEP][PASSED] - click(findTestObject("Page_PSTO webMessenger - Zalogowano/img_Joanna Kowalska_sendButton")): Object: 'Object Repository/Page_PSTO webMessenger - Zalogowano/img_Joanna Kowalska_sendButton' is clicked on

2021-12-21 18:47:50 - [MESSAGE][PASSED] - Object: 'Object Repository/Page_PSTO webMessenger - Zalogowano/img_Joanna Kowalska_sendButton' is clicked on

2021-12-21 18:47:50 - [TEST_STEP][PASSED] - setText(findTestObject("Page_PSTO webMessenger - Zalogowano/input_Joanna Kowalska_messageInput"), "b"): Text 'b' is set on object 'Object Repository/Page_PSTO webMessenger - Zalogowano/input_Joanna Kowalska_messageInput'

2021-12-21 18:47:54 - [MESSAGE][PASSED] - Text 'b' is set on object 'Object Repository/Page_PSTO webMessenger - Zalogowano/input_Joanna Kowalska_messageInput'

2021-12-21 18:47:54 - [TEST_STEP][PASSED] - click(findTestObject("Page_PSTO webMessenger - Zalogowano/img_Joanna Kowalska_sendButton")): Object: 'Object Repository/Page_PSTO webMessenger - Zalogowano/img_Joanna Kowalska_sendButton' is clicked on

2021-12-21 18:47:56 - [MESSAGE][PASSED] - Object: 'Object Repository/Page_PSTO webMessenger - Zalogowano/img_Joanna Kowalska_sendButton' is clicked on

2021-12-21 18:47:56 - [TEST_STEP][PASSED] - setText(findTestObject("Page_PSTO webMessenger - Zalogowano/input_Joanna Kowalska_messageInput"), "b"): Text 'b' is set on object 'Object Repository/Page_PSTO webMessenger - Zalogowano/input_Joanna Kowalska_messageInput'

2021-12-21 18:48:00 - [MESSAGE][PASSED] - Text 'b' is set on object 'Object Repository/Page_PSTO webMessenger - Zalogowano/input_Joanna Kowalska_messageInput'

2021-12-21 18:48:00 - [TEST_STEP][PASSED] - click(findTestObject("Page_PSTO webMessenger - Zalogowano/img_Joanna Kowalska_sendButton")): Object: 'Object Repository/Page_PSTO webMessenger - Zalogowano/img_Joanna Kowalska_sendButton' is clicked on

2021-12-21 18:48:03 - [MESSAGE][PASSED] - Object: 'Object Repository/Page_PSTO webMessenger - Zalogowano/img_Joanna Kowalska_sendButton' is clicked on

2021-12-21 18:48:03 - [TEST_STEP][PASSED] - setText(findTestObject("Page_PSTO webMessenger - Zalogowano/input_Joanna Kowalska_messageInput"), "b"): Text 'b' is set on object 'Object Repository/Page_PSTO webMessenger - Zalogowano/input_Joanna Kowalska_messageInput'

2021-12-21 18:48:07 - [MESSAGE][PASSED] - Text 'b' is set on object 'Object Repository/Page_PSTO webMessenger - Zalogowano/input_Joanna Kowalska_messageInput'

2021-12-21 18:48:07 - [TEST_STEP][PASSED] - click(findTestObject("Page_PSTO webMessenger - Zalogowano/img_Joanna Kowalska_sendButton")): Object: 'Object Repository/Page_PSTO webMessenger - Zalogowano/img_Joanna Kowalska_sendButton' is clicked on

2021-12-21 18:48:09 - [MESSAGE][PASSED] - Object: 'Object Repository/Page_PSTO webMessenger - Zalogowano/img_Joanna Kowalska_sendButton' is clicked on

2021-12-21 18:48:09 - [TEST_STEP][PASSED] - setText(findTestObject("Page_PSTO webMessenger - Zalogowano/input_Joanna Kowalska_messageInput"), "b"): Text 'b' is set on object 'Object Repository/Page_PSTO webMessenger - Zalogowano/input_Joanna Kowalska_messageInput'

2021-12-21 18:48:15 - [MESSAGE][PASSED] - Text 'b' is set on object 'Object Repository/Page_PSTO webMessenger - Zalogowano/input_Joanna Kowalska_messageInput'

2021-12-21 18:48:15 - [TEST_STEP][PASSED] - click(findTestObject("Page_PSTO webMessenger - Zalogowano/img_Joanna Kowalska_sendButton")): Object: 'Object Repository/Page_PSTO webMessenger - Zalogowano/img_Joanna Kowalska_sendButton' is clicked on

2021-12-21 18:48:18 - [MESSAGE][PASSED] - Object: 'Object Repository/Page_PSTO webMessenger - Zalogowano/img_Joanna Kowalska_sendButton' is clicked on

2021-12-21 18:48:18 - [TEST_STEP][PASSED] - setText(findTestObject("Page_PSTO webMessenger - Zalogowano/input_Joanna Kowalska_messageInput"), "b"): Text 'b' is set on object 'Object Repository/Page_PSTO webMessenger - Zalogowano/input_Joanna Kowalska_messageInput'

2021-12-21 18:48:23 - [MESSAGE][PASSED] - Text 'b' is set on object 'Object Repository/Page_PSTO webMessenger - Zalogowano/input_Joanna Kowalska_messageInput'

2021-12-21 18:48:23 - [TEST_STEP][PASSED] - click(findTestObject("Page_PSTO webMessenger - Zalogowano/img_Joanna Kowalska_sendButton")): Object: 'Object Repository/Page_PSTO webMessenger - Zalogowano/img_Joanna Kowalska_sendButton' is clicked on

2021-12-21 18:48:25 - [MESSAGE][PASSED] - Object: 'Object Repository/Page_PSTO webMessenger - Zalogowano/img_Joanna Kowalska_sendButton' is clicked on

2021-12-21 18:48:25 - [TEST_STEP][PASSED] - setText(findTestObject("Page_PSTO webMessenger - Zalogowano/input_Joanna Kowalska_messageInput"), "b"): Text 'b' is set on object 'Object Repository/Page_PSTO webMessenger - Zalogowano/input_Joanna Kowalska_messageInput'

2021-12-21 18:48:31 - [MESSAGE][PASSED] - Text 'b' is set on object 'Object Repository/Page_PSTO webMessenger - Zalogowano/input_Joanna Kowalska_messageInput'

2021-12-21 18:48:31 - [TEST_STEP][PASSED] - click(findTestObject("Page_PSTO webMessenger - Zalogowano/img_Joanna Kowalska_sendButton")): Object: 'Object Repository/Page_PSTO webMessenger - Zalogowano/img_Joanna Kowalska_sendButton' is clicked on

2021-12-21 18:48:33 - [MESSAGE][PASSED] - Object: 'Object Repository/Page_PSTO webMessenger - Zalogowano/img_Joanna Kowalska_sendButton' is clicked on

2021-12-21 18:48:33 - [TEST_STEP][PASSED] - setText(findTestObject("Page_PSTO webMessenger - Zalogowano/input_Joanna Kowalska_messageInput"), "b"): Text 'b' is set on object 'Object Repository/Page_PSTO webMessenger - Zalogowano/input_Joanna Kowalska_messageInput'

2021-12-21 18:48:37 - [MESSAGE][PASSED] - Text 'b' is set on object 'Object Repository/Page_PSTO webMessenger - Zalogowano/input_Joanna Kowalska_messageInput'

2021-12-21 18:48:37 - [TEST_STEP][PASSED] - click(findTestObject("Page_PSTO webMessenger - Zalogowano/img_Joanna Kowalska_sendButton")): Object: 'Object Repository/Page_PSTO webMessenger - Zalogowano/img_Joanna Kowalska_sendButton' is clicked on

2021-12-21 18:48:39 - [MESSAGE][PASSED] - Object: 'Object Repository/Page_PSTO webMessenger - Zalogowano/img_Joanna Kowalska_sendButton' is clicked on

2021-12-21 18:48:39 - [TEST_STEP][PASSED] - setText(findTestObject("Page_PSTO webMessenger - Zalogowano/input_Joanna Kowalska_messageInput"), "b"): Text 'b' is set on object 'Object Repository/Page_PSTO webMessenger - Zalogowano/input_Joanna Kowalska_messageInput'

2021-12-21 18:48:43 - [MESSAGE][PASSED] - Text 'b' is set on object 'Object Repository/Page_PSTO webMessenger - Zalogowano/input_Joanna Kowalska_messageInput'

2021-12-21 18:48:43 - [TEST_STEP][PASSED] - click(findTestObject("Page_PSTO webMessenger - Zalogowano/img_Joanna Kowalska_sendButton")): Object: 'Object Repository/Page_PSTO webMessenger - Zalogowano/img_Joanna Kowalska_sendButton' is clicked on

2021-12-21 18:48:45 - [MESSAGE][PASSED] - Object: 'Object Repository/Page_PSTO webMessenger - Zalogowano/img_Joanna Kowalska_sendButton' is clicked on

2021-12-21 18:48:45 - [TEST_STEP][PASSED] - setText(findTestObject("Page_PSTO webMessenger - Zalogowano/input_Joanna Kowalska_messageInput"), "b"): Text 'b' is set on object 'Object Repository/Page_PSTO webMessenger - Zalogowano/input_Joanna Kowalska_messageInput'

2021-12-21 18:48:49 - [MESSAGE][PASSED] - Text 'b' is set on object 'Object Repository/Page_PSTO webMessenger - Zalogowano/input_Joanna Kowalska_messageInput'

2021-12-21 18:48:49 - [TEST_STEP][PASSED] - click(findTestObject("Page_PSTO webMessenger - Zalogowano/img_Joanna Kowalska_sendButton")): Object: 'Object Repository/Page_PSTO webMessenger - Zalogowano/img_Joanna Kowalska_sendButton' is clicked on

2021-12-21 18:48:51 - [MESSAGE][PASSED] - Object: 'Object Repository/Page_PSTO webMessenger - Zalogowano/img_Joanna Kowalska_sendButton' is clicked on

2021-12-21 18:48:51 - [TEST_STEP][PASSED] - setText(findTestObject("Page_PSTO webMessenger - Zalogowano/input_Joanna Kowalska_messageInput"), "b"): Text 'b' is set on object 'Object Repository/Page_PSTO webMessenger - Zalogowano/input_Joanna Kowalska_messageInput'

2021-12-21 18:48:55 - [MESSAGE][PASSED] - Text 'b' is set on object 'Object Repository/Page_PSTO webMessenger - Zalogowano/input_Joanna Kowalska_messageInput'

2021-12-21 18:48:55 - [TEST_STEP][PASSED] - click(findTestObject("Page_PSTO webMessenger - Zalogowano/img_Joanna Kowalska_sendButton")): Object: 'Object Repository/Page_PSTO webMessenger - Zalogowano/img_Joanna Kowalska_sendButton' is clicked on

2021-12-21 18:48:57 - [MESSAGE][PASSED] - Object: 'Object Repository/Page_PSTO webMessenger - Zalogowano/img_Joanna Kowalska_sendButton' is clicked on

2021-12-21 18:48:57 - [TEST_STEP][PASSED] - setText(findTestObject("Page_PSTO webMessenger - Zalogowano/input_Joanna Kowalska_messageInput"), "b"): Text 'b' is set on object 'Object Repository/Page_PSTO webMessenger - Zalogowano/input_Joanna Kowalska_messageInput'

2021-12-21 18:49:01 - [MESSAGE][PASSED] - Text 'b' is set on object 'Object Repository/Page_PSTO webMessenger - Zalogowano/input_Joanna Kowalska_messageInput'

2021-12-21 18:49:01 - [TEST_STEP][PASSED] - click(findTestObject("Page_PSTO webMessenger - Zalogowano/img_Joanna Kowalska_sendButton")): Object: 'Object Repository/Page_PSTO webMessenger - Zalogowano/img_Joanna Kowalska_sendButton' is clicked on

2021-12-21 18:49:03 - [MESSAGE][PASSED] - Object: 'Object Repository/Page_PSTO webMessenger - Zalogowano/img_Joanna Kowalska_sendButton' is clicked on

2021-12-21 18:49:03 - [TEST_STEP][PASSED] - setText(findTestObject("Page_PSTO webMessenger - Zalogowano/input_Joanna Kowalska_messageInput"), "b"): Text 'b' is set on object 'Object Repository/Page_PSTO webMessenger - Zalogowano/input_Joanna Kowalska_messageInput'

2021-12-21 18:49:09 - [MESSAGE][PASSED] - Text 'b' is set on object 'Object Repository/Page_PSTO webMessenger - Zalogowano/input_Joanna Kowalska_messageInput'

2021-12-21 18:49:09 - [TEST_STEP][PASSED] - click(findTestObject("Page_PSTO webMessenger - Zalogowano/img_Joanna Kowalska_sendButton")): Object: 'Object Repository/Page_PSTO webMessenger - Zalogowano/img_Joanna Kowalska_sendButton' is clicked on

2021-12-21 18:49:11 - [MESSAGE][PASSED] - Object: 'Object Repository/Page_PSTO webMessenger - Zalogowano/img_Joanna Kowalska_sendButton' is clicked on

2021-12-21 18:49:11 - [TEST_STEP][PASSED] - setText(findTestObject("Page_PSTO webMessenger - Zalogowano/input_Joanna Kowalska_messageInput"), "b"): Text 'b' is set on object 'Object Repository/Page_PSTO webMessenger - Zalogowano/input_Joanna Kowalska_messageInput'

2021-12-21 18:49:15 - [MESSAGE][PASSED] - Text 'b' is set on object 'Object Repository/Page_PSTO webMessenger - Zalogowano/input_Joanna Kowalska_messageInput'

2021-12-21 18:49:15 - [TEST_STEP][PASSED] - click(findTestObject("Page_PSTO webMessenger - Zalogowano/img_Joanna Kowalska_sendButton")): Object: 'Object Repository/Page_PSTO webMessenger - Zalogowano/img_Joanna Kowalska_sendButton' is clicked on

2021-12-21 18:49:17 - [MESSAGE][PASSED] - Object: 'Object Repository/Page_PSTO webMessenger - Zalogowano/img_Joanna Kowalska_sendButton' is clicked on

2021-12-21 18:49:17 - [TEST_STEP][PASSED] - setText(findTestObject("Page_PSTO webMessenger - Zalogowano/input_Joanna Kowalska_messageInput"), "b"): Text 'b' is set on object 'Object Repository/Page_PSTO webMessenger - Zalogowano/input_Joanna Kowalska_messageInput'

2021-12-21 18:49:21 - [MESSAGE][PASSED] - Text 'b' is set on object 'Object Repository/Page_PSTO webMessenger - Zalogowano/input_Joanna Kowalska_messageInput'

2021-12-21 18:49:21 - [TEST_STEP][PASSED] - click(findTestObject("Page_PSTO webMessenger - Zalogowano/img_Joanna Kowalska_sendButton")): Object: 'Object Repository/Page_PSTO webMessenger - Zalogowano/img_Joanna Kowalska_sendButton' is clicked on

2021-12-21 18:49:23 - [MESSAGE][PASSED] - Object: 'Object Repository/Page_PSTO webMessenger - Zalogowano/img_Joanna Kowalska_sendButton' is clicked on

2021-12-21 18:49:23 - [TEST_STEP][PASSED] - setText(findTestObject("Page_PSTO webMessenger - Zalogowano/input_Joanna Kowalska_messageInput"), "b"): Text 'b' is set on object 'Object Repository/Page_PSTO webMessenger - Zalogowano/input_Joanna Kowalska_messageInput'

2021-12-21 18:49:27 - [MESSAGE][PASSED] - Text 'b' is set on object 'Object Repository/Page_PSTO webMessenger - Zalogowano/input_Joanna Kowalska_messageInput'

2021-12-21 18:49:27 - [TEST_STEP][PASSED] - click(findTestObject("Page_PSTO webMessenger - Zalogowano/img_Joanna Kowalska_sendButton")): Object: 'Object Repository/Page_PSTO webMessenger - Zalogowano/img_Joanna Kowalska_sendButton' is clicked on

2021-12-21 18:49:29 - [MESSAGE][PASSED] - Object: 'Object Repository/Page_PSTO webMessenger - Zalogowano/img_Joanna Kowalska_sendButton' is clicked on

2021-12-21 18:49:29 - [TEST_STEP][PASSED] - setText(findTestObject("Page_PSTO webMessenger - Zalogowano/input_Joanna Kowalska_messageInput"), "b"): Text 'b' is set on object 'Object Repository/Page_PSTO webMessenger - Zalogowano/input_Joanna Kowalska_messageInput'

2021-12-21 18:49:33 - [MESSAGE][PASSED] - Text 'b' is set on object 'Object Repository/Page_PSTO webMessenger - Zalogowano/input_Joanna Kowalska_messageInput'

2021-12-21 18:49:33 - [TEST_STEP][PASSED] - click(findTestObject("Page_PSTO webMessenger - Zalogowano/img_Joanna Kowalska_sendButton")): Object: 'Object Repository/Page_PSTO webMessenger - Zalogowano/img_Joanna Kowalska_sendButton' is clicked on

2021-12-21 18:49:35 - [MESSAGE][PASSED] - Object: 'Object Repository/Page_PSTO webMessenger - Zalogowano/img_Joanna Kowalska_sendButton' is clicked on

2021-12-21 18:49:35 - [TEST_STEP][PASSED] - setText(findTestObject("Page_PSTO webMessenger - Zalogowano/input_Joanna Kowalska_messageInput"), "b"): Text 'b' is set on object 'Object Repository/Page_PSTO webMessenger - Zalogowano/input_Joanna Kowalska_messageInput'

2021-12-21 18:49:39 - [MESSAGE][PASSED] - Text 'b' is set on object 'Object Repository/Page_PSTO webMessenger - Zalogowano/input_Joanna Kowalska_messageInput'

2021-12-21 18:49:39 - [TEST_STEP][PASSED] - click(findTestObject("Page_PSTO webMessenger - Zalogowano/img_Joanna Kowalska_sendButton")): Object: 'Object Repository/Page_PSTO webMessenger - Zalogowano/img_Joanna Kowalska_sendButton' is clicked on

2021-12-21 18:49:41 - [MESSAGE][PASSED] - Object: 'Object Repository/Page_PSTO webMessenger - Zalogowano/img_Joanna Kowalska_sendButton' is clicked on

2021-12-21 18:49:41 - [TEST_STEP][PASSED] - setText(findTestObject("Page_PSTO webMessenger - Zalogowano/input_Joanna Kowalska_messageInput"), "b"): Text 'b' is set on object 'Object Repository/Page_PSTO webMessenger - Zalogowano/input_Joanna Kowalska_messageInput'

2021-12-21 18:49:46 - [MESSAGE][PASSED] - Text 'b' is set on object 'Object Repository/Page_PSTO webMessenger - Zalogowano/input_Joanna Kowalska_messageInput'

2021-12-21 18:49:46 - [TEST_STEP][PASSED] - click(findTestObject("Page_PSTO webMessenger - Zalogowano/img_Joanna Kowalska_sendButton")): Object: 'Object Repository/Page_PSTO webMessenger - Zalogowano/img_Joanna Kowalska_sendButton' is clicked on

2021-12-21 18:49:50 - [MESSAGE][PASSED] - Object: 'Object Repository/Page_PSTO webMessenger - Zalogowano/img_Joanna Kowalska_sendButton' is clicked on

2021-12-21 18:49:50 - [TEST_STEP][PASSED] - setText(findTestObject("Page_PSTO webMessenger - Zalogowano/input_Joanna Kowalska_messageInput"), "b"): Text 'b' is set on object 'Object Repository/Page_PSTO webMessenger - Zalogowano/input_Joanna Kowalska_messageInput'

2021-12-21 18:49:54 - [MESSAGE][PASSED] - Text 'b' is set on object 'Object Repository/Page_PSTO webMessenger - Zalogowano/input_Joanna Kowalska_messageInput'

2021-12-21 18:49:54 - [TEST_STEP][PASSED] - click(findTestObject("Page_PSTO webMessenger - Zalogowano/img_Joanna Kowalska_sendButton")): Object: 'Object Repository/Page_PSTO webMessenger - Zalogowano/img_Joanna Kowalska_sendButton' is clicked on

2021-12-21 18:49:56 - [MESSAGE][PASSED] - Object: 'Object Repository/Page_PSTO webMessenger - Zalogowano/img_Joanna Kowalska_sendButton' is clicked on

2021-12-21 18:49:56 - [TEST_STEP][PASSED] - setText(findTestObject("Page_PSTO webMessenger - Zalogowano/input_Joanna Kowalska_messageInput"), "b"): Text 'b' is set on object 'Object Repository/Page_PSTO webMessenger - Zalogowano/input_Joanna Kowalska_messageInput'

2021-12-21 18:50:01 - [MESSAGE][PASSED] - Text 'b' is set on object 'Object Repository/Page_PSTO webMessenger - Zalogowano/input_Joanna Kowalska_messageInput'

2021-12-21 18:50:01 - [TEST_STEP][PASSED] - click(findTestObject("Page_PSTO webMessenger - Zalogowano/img_Joanna Kowalska_sendButton")): Object: 'Object Repository/Page_PSTO webMessenger - Zalogowano/img_Joanna Kowalska_sendButton' is clicked on

2021-12-21 18:50:03 - [MESSAGE][PASSED] - Object: 'Object Repository/Page_PSTO webMessenger - Zalogowano/img_Joanna Kowalska_sendButton' is clicked on

2021-12-21 18:50:03 - [TEST_STEP][PASSED] - setText(findTestObject("Page_PSTO webMessenger - Zalogowano/input_Joanna Kowalska_messageInput"), "b"): Text 'b' is set on object 'Object Repository/Page_PSTO webMessenger - Zalogowano/input_Joanna Kowalska_messageInput'

2021-12-21 18:50:07 - [MESSAGE][PASSED] - Text 'b' is set on object 'Object Repository/Page_PSTO webMessenger - Zalogowano/input_Joanna Kowalska_messageInput'

2021-12-21 18:50:07 - [TEST_STEP][PASSED] - click(findTestObject("Page_PSTO webMessenger - Zalogowano/img_Joanna Kowalska_sendButton")): Object: 'Object Repository/Page_PSTO webMessenger - Zalogowano/img_Joanna Kowalska_sendButton' is clicked on

2021-12-21 18:50:09 - [MESSAGE][PASSED] - Object: 'Object Repository/Page_PSTO webMessenger - Zalogowano/img_Joanna Kowalska_sendButton' is clicked on

2021-12-21 18:50:09 - [TEST_STEP][PASSED] - setText(findTestObject("Page_PSTO webMessenger - Zalogowano/input_Joanna Kowalska_messageInput"), "b"): Text 'b' is set on object 'Object Repository/Page_PSTO webMessenger - Zalogowano/input_Joanna Kowalska_messageInput'

2021-12-21 18:50:13 - [MESSAGE][PASSED] - Text 'b' is set on object 'Object Repository/Page_PSTO webMessenger - Zalogowano/input_Joanna Kowalska_messageInput'

2021-12-21 18:50:13 - [TEST_STEP][PASSED] - click(findTestObject("Page_PSTO webMessenger - Zalogowano/img_Joanna Kowalska_sendButton")): Object: 'Object Repository/Page_PSTO webMessenger - Zalogowano/img_Joanna Kowalska_sendButton' is clicked on

2021-12-21 18:50:15 - [MESSAGE][PASSED] - Object: 'Object Repository/Page_PSTO webMessenger - Zalogowano/img_Joanna Kowalska_sendButton' is clicked on

2021-12-21 18:50:15 - [TEST_STEP][PASSED] - setText(findTestObject("Page_PSTO webMessenger - Zalogowano/input_Joanna Kowalska_messageInput"), "b"): Text 'b' is set on object 'Object Repository/Page_PSTO webMessenger - Zalogowano/input_Joanna Kowalska_messageInput'

2021-12-21 18:50:19 - [MESSAGE][PASSED] - Text 'b' is set on object 'Object Repository/Page_PSTO webMessenger - Zalogowano/input_Joanna Kowalska_messageInput'

2021-12-21 18:50:19 - [TEST_STEP][PASSED] - click(findTestObject("Page_PSTO webMessenger - Zalogowano/img_Joanna Kowalska_sendButton")): Object: 'Object Repository/Page_PSTO webMessenger - Zalogowano/img_Joanna Kowalska_sendButton' is clicked on

2021-12-21 18:50:21 - [MESSAGE][PASSED] - Object: 'Object Repository/Page_PSTO webMessenger - Zalogowano/img_Joanna Kowalska_sendButton' is clicked on

2021-12-21 18:50:21 - [TEST_STEP][PASSED] - setText(findTestObject("Page_PSTO webMessenger - Zalogowano/input_Joanna Kowalska_messageInput"), "b"): Text 'b' is set on object 'Object Repository/Page_PSTO webMessenger - Zalogowano/input_Joanna Kowalska_messageInput'

2021-12-21 18:50:25 - [MESSAGE][PASSED] - Text 'b' is set on object 'Object Repository/Page_PSTO webMessenger - Zalogowano/input_Joanna Kowalska_messageInput'

2021-12-21 18:50:25 - [TEST_STEP][PASSED] - click(findTestObject("Page_PSTO webMessenger - Zalogowano/img_Joanna Kowalska_sendButton")): Object: 'Object Repository/Page_PSTO webMessenger - Zalogowano/img_Joanna Kowalska_sendButton' is clicked on

2021-12-21 18:50:27 - [MESSAGE][PASSED] - Object: 'Object Repository/Page_PSTO webMessenger - Zalogowano/img_Joanna Kowalska_sendButton' is clicked on

2021-12-21 18:50:27 - [TEST_STEP][PASSED] - setText(findTestObject("Page_PSTO webMessenger - Zalogowano/input_Joanna Kowalska_messageInput"), "b"): Text 'b' is set on object 'Object Repository/Page_PSTO webMessenger - Zalogowano/input_Joanna Kowalska_messageInput'

2021-12-21 18:50:31 - [MESSAGE][PASSED] - Text 'b' is set on object 'Object Repository/Page_PSTO webMessenger - Zalogowano/input_Joanna Kowalska_messageInput'

2021-12-21 18:50:31 - [TEST_STEP][PASSED] - click(findTestObject("Page_PSTO webMessenger - Zalogowano/img_Joanna Kowalska_sendButton")): Object: 'Object Repository/Page_PSTO webMessenger - Zalogowano/img_Joanna Kowalska_sendButton' is clicked on

2021-12-21 18:50:33 - [MESSAGE][PASSED] - Object: 'Object Repository/Page_PSTO webMessenger - Zalogowano/img_Joanna Kowalska_sendButton' is clicked on

2021-12-21 18:50:33 - [TEST_STEP][PASSED] - setText(findTestObject("Page_PSTO webMessenger - Zalogowano/input_Joanna Kowalska_messageInput"), "b"): Text 'b' is set on object 'Object Repository/Page_PSTO webMessenger - Zalogowano/input_Joanna Kowalska_messageInput'

2021-12-21 18:50:37 - [MESSAGE][PASSED] - Text 'b' is set on object 'Object Repository/Page_PSTO webMessenger - Zalogowano/input_Joanna Kowalska_messageInput'

2021-12-21 18:50:37 - [TEST_STEP][PASSED] - click(findTestObject("Page_PSTO webMessenger - Zalogowano/img_Joanna Kowalska_sendButton")): Object: 'Object Repository/Page_PSTO webMessenger - Zalogowano/img_Joanna Kowalska_sendButton' is clicked on

2021-12-21 18:50:39 - [MESSAGE][PASSED] - Object: 'Object Repository/Page_PSTO webMessenger - Zalogowano/img_Joanna Kowalska_sendButton' is clicked on

2021-12-21 18:50:39 - [TEST_STEP][PASSED] - setText(findTestObject("Page_PSTO webMessenger - Zalogowano/input_Joanna Kowalska_messageInput"), "b"): Text 'b' is set on object 'Object Repository/Page_PSTO webMessenger - Zalogowano/input_Joanna Kowalska_messageInput'

2021-12-21 18:50:43 - [MESSAGE][PASSED] - Text 'b' is set on object 'Object Repository/Page_PSTO webMessenger - Zalogowano/input_Joanna Kowalska_messageInput'

2021-12-21 18:50:43 - [TEST_STEP][PASSED] - click(findTestObject("Page_PSTO webMessenger - Zalogowano/img_Joanna Kowalska_sendButton")): Object: 'Object Repository/Page_PSTO webMessenger - Zalogowano/img_Joanna Kowalska_sendButton' is clicked on

2021-12-21 18:50:45 - [MESSAGE][PASSED] - Object: 'Object Repository/Page_PSTO webMessenger - Zalogowano/img_Joanna Kowalska_sendButton' is clicked on

2021-12-21 18:50:45 - [TEST_STEP][PASSED] - setText(findTestObject("Page_PSTO webMessenger - Zalogowano/input_Joanna Kowalska_messageInput"), "b"): Text 'b' is set on object 'Object Repository/Page_PSTO webMessenger - Zalogowano/input_Joanna Kowalska_messageInput'

2021-12-21 18:50:49 - [MESSAGE][PASSED] - Text 'b' is set on object 'Object Repository/Page_PSTO webMessenger - Zalogowano/input_Joanna Kowalska_messageInput'

2021-12-21 18:50:49 - [TEST_STEP][PASSED] - click(findTestObject("Page_PSTO webMessenger - Zalogowano/img_Joanna Kowalska_sendButton")): Object: 'Object Repository/Page_PSTO webMessenger - Zalogowano/img_Joanna Kowalska_sendButton' is clicked on

2021-12-21 18:50:51 - [MESSAGE][PASSED] - Object: 'Object Repository/Page_PSTO webMessenger - Zalogowano/img_Joanna Kowalska_sendButton' is clicked on

2021-12-21 18:50:51 - [TEST_STEP][PASSED] - setText(findTestObject("Page_PSTO webMessenger - Zalogowano/input_Joanna Kowalska_messageInput"), "b"): Text 'b' is set on object 'Object Repository/Page_PSTO webMessenger - Zalogowano/input_Joanna Kowalska_messageInput'

2021-12-21 18:50:55 - [MESSAGE][PASSED] - Text 'b' is set on object 'Object Repository/Page_PSTO webMessenger - Zalogowano/input_Joanna Kowalska_messageInput'

2021-12-21 18:50:55 - [TEST_STEP][PASSED] - click(findTestObject("Page_PSTO webMessenger - Zalogowano/img_Joanna Kowalska_sendButton")): Object: 'Object Repository/Page_PSTO webMessenger - Zalogowano/img_Joanna Kowalska_sendButton' is clicked on

2021-12-21 18:50:57 - [MESSAGE][PASSED] - Object: 'Object Repository/Page_PSTO webMessenger - Zalogowano/img_Joanna Kowalska_sendButton' is clicked on

2021-12-21 18:50:57 - [TEST_STEP][PASSED] - setText(findTestObject("Page_PSTO webMessenger - Zalogowano/input_Joanna Kowalska_messageInput"), "b"): Text 'b' is set on object 'Object Repository/Page_PSTO webMessenger - Zalogowano/input_Joanna Kowalska_messageInput'

2021-12-21 18:51:02 - [MESSAGE][PASSED] - Text 'b' is set on object 'Object Repository/Page_PSTO webMessenger - Zalogowano/input_Joanna Kowalska_messageInput'

2021-12-21 18:51:02 - [TEST_STEP][PASSED] - click(findTestObject("Page_PSTO webMessenger - Zalogowano/img_Joanna Kowalska_sendButton")): Object: 'Object Repository/Page_PSTO webMessenger - Zalogowano/img_Joanna Kowalska_sendButton' is clicked on

2021-12-21 18:51:04 - [MESSAGE][PASSED] - Object: 'Object Repository/Page_PSTO webMessenger - Zalogowano/img_Joanna Kowalska_sendButton' is clicked on

2021-12-21 18:51:04 - [TEST_STEP][PASSED] - setText(findTestObject("Page_PSTO webMessenger - Zalogowano/input_Joanna Kowalska_messageInput"), "b"): Text 'b' is set on object 'Object Repository/Page_PSTO webMessenger - Zalogowano/input_Joanna Kowalska_messageInput'

2021-12-21 18:51:08 - [MESSAGE][PASSED] - Text 'b' is set on object 'Object Repository/Page_PSTO webMessenger - Zalogowano/input_Joanna Kowalska_messageInput'

2021-12-21 18:51:08 - [TEST_STEP][PASSED] - click(findTestObject("Page_PSTO webMessenger - Zalogowano/img_Joanna Kowalska_sendButton")): Object: 'Object Repository/Page_PSTO webMessenger - Zalogowano/img_Joanna Kowalska_sendButton' is clicked on

2021-12-21 18:51:10 - [MESSAGE][PASSED] - Object: 'Object Repository/Page_PSTO webMessenger - Zalogowano/img_Joanna Kowalska_sendButton' is clicked on

2021-12-21 18:51:10 - [TEST_STEP][PASSED] - setText(findTestObject("Page_PSTO webMessenger - Zalogowano/input_Joanna Kowalska_messageInput"), "b"): Text 'b' is set on object 'Object Repository/Page_PSTO webMessenger - Zalogowano/input_Joanna Kowalska_messageInput'

2021-12-21 18:51:14 - [MESSAGE][PASSED] - Text 'b' is set on object 'Object Repository/Page_PSTO webMessenger - Zalogowano/input_Joanna Kowalska_messageInput'

2021-12-21 18:51:14 - [TEST_STEP][PASSED] - click(findTestObject("Page_PSTO webMessenger - Zalogowano/img_Joanna Kowalska_sendButton")): Object: 'Object Repository/Page_PSTO webMessenger - Zalogowano/img_Joanna Kowalska_sendButton' is clicked on

2021-12-21 18:51:16 - [MESSAGE][PASSED] - Object: 'Object Repository/Page_PSTO webMessenger - Zalogowano/img_Joanna Kowalska_sendButton' is clicked on

2021-12-21 18:51:16 - [TEST_STEP][PASSED] - setText(findTestObject("Page_PSTO webMessenger - Zalogowano/input_Joanna Kowalska_messageInput"), "b"): Text 'b' is set on object 'Object Repository/Page_PSTO webMessenger - Zalogowano/input_Joanna Kowalska_messageInput'

2021-12-21 18:51:20 - [MESSAGE][PASSED] - Text 'b' is set on object 'Object Repository/Page_PSTO webMessenger - Zalogowano/input_Joanna Kowalska_messageInput'

2021-12-21 18:51:20 - [TEST_STEP][PASSED] - click(findTestObject("Page_PSTO webMessenger - Zalogowano/img_Joanna Kowalska_sendButton")): Object: 'Object Repository/Page_PSTO webMessenger - Zalogowano/img_Joanna Kowalska_sendButton' is clicked on

2021-12-21 18:51:22 - [MESSAGE][PASSED] - Object: 'Object Repository/Page_PSTO webMessenger - Zalogowano/img_Joanna Kowalska_sendButton' is clicked on

2021-12-21 18:51:22 - [TEST_STEP][PASSED] - setText(findTestObject("Page_PSTO webMessenger - Zalogowano/input_Joanna Kowalska_messageInput"), "b"): Text 'b' is set on object 'Object Repository/Page_PSTO webMessenger - Zalogowano/input_Joanna Kowalska_messageInput'

2021-12-21 18:51:26 - [MESSAGE][PASSED] - Text 'b' is set on object 'Object Repository/Page_PSTO webMessenger - Zalogowano/input_Joanna Kowalska_messageInput'

2021-12-21 18:51:26 - [TEST_STEP][PASSED] - click(findTestObject("Page_PSTO webMessenger - Zalogowano/img_Joanna Kowalska_sendButton")): Object: 'Object Repository/Page_PSTO webMessenger - Zalogowano/img_Joanna Kowalska_sendButton' is clicked on

2021-12-21 18:51:28 - [MESSAGE][PASSED] - Object: 'Object Repository/Page_PSTO webMessenger - Zalogowano/img_Joanna Kowalska_sendButton' is clicked on

2021-12-21 18:51:28 - [TEST_STEP][PASSED] - setText(findTestObject("Page_PSTO webMessenger - Zalogowano/input_Joanna Kowalska_messageInput"), "b"): Text 'b' is set on object 'Object Repository/Page_PSTO webMessenger - Zalogowano/input_Joanna Kowalska_messageInput'

2021-12-21 18:51:32 - [MESSAGE][PASSED] - Text 'b' is set on object 'Object Repository/Page_PSTO webMessenger - Zalogowano/input_Joanna Kowalska_messageInput'

2021-12-21 18:51:32 - [TEST_STEP][PASSED] - click(findTestObject("Page_PSTO webMessenger - Zalogowano/img_Joanna Kowalska_sendButton")): Object: 'Object Repository/Page_PSTO webMessenger - Zalogowano/img_Joanna Kowalska_sendButton' is clicked on

2021-12-21 18:51:34 - [MESSAGE][PASSED] - Object: 'Object Repository/Page_PSTO webMessenger - Zalogowano/img_Joanna Kowalska_sendButton' is clicked on

2021-12-21 18:51:34 - [TEST_STEP][PASSED] - setText(findTestObject("Page_PSTO webMessenger - Zalogowano/input_Joanna Kowalska_messageInput"), "b"): Text 'b' is set on object 'Object Repository/Page_PSTO webMessenger - Zalogowano/input_Joanna Kowalska_messageInput'

2021-12-21 18:51:38 - [MESSAGE][PASSED] - Text 'b' is set on object 'Object Repository/Page_PSTO webMessenger - Zalogowano/input_Joanna Kowalska_messageInput'

2021-12-21 18:51:38 - [TEST_STEP][PASSED] - click(findTestObject("Page_PSTO webMessenger - Zalogowano/img_Joanna Kowalska_sendButton")): Object: 'Object Repository/Page_PSTO webMessenger - Zalogowano/img_Joanna Kowalska_sendButton' is clicked on

2021-12-21 18:51:40 - [MESSAGE][PASSED] - Object: 'Object Repository/Page_PSTO webMessenger - Zalogowano/img_Joanna Kowalska_sendButton' is clicked on

2021-12-21 18:51:40 - [TEST_STEP][PASSED] - setText(findTestObject("Page_PSTO webMessenger - Zalogowano/input_Joanna Kowalska_messageInput"), "b"): Text 'b' is set on object 'Object Repository/Page_PSTO webMessenger - Zalogowano/input_Joanna Kowalska_messageInput'

2021-12-21 18:51:44 - [MESSAGE][PASSED] - Text 'b' is set on object 'Object Repository/Page_PSTO webMessenger - Zalogowano/input_Joanna Kowalska_messageInput'

2021-12-21 18:51:44 - [TEST_STEP][PASSED] - click(findTestObject("Page_PSTO webMessenger - Zalogowano/img_Joanna Kowalska_sendButton")): Object: 'Object Repository/Page_PSTO webMessenger - Zalogowano/img_Joanna Kowalska_sendButton' is clicked on

2021-12-21 18:51:46 - [MESSAGE][PASSED] - Object: 'Object Repository/Page_PSTO webMessenger - Zalogowano/img_Joanna Kowalska_sendButton' is clicked on

2021-12-21 18:51:46 - [TEST_STEP][PASSED] - setText(findTestObject("Page_PSTO webMessenger - Zalogowano/input_Joanna Kowalska_messageInput"), "b"): Text 'b' is set on object 'Object Repository/Page_PSTO webMessenger - Zalogowano/input_Joanna Kowalska_messageInput'

2021-12-21 18:51:50 - [MESSAGE][PASSED] - Text 'b' is set on object 'Object Repository/Page_PSTO webMessenger - Zalogowano/input_Joanna Kowalska_messageInput'

2021-12-21 18:51:50 - [TEST_STEP][PASSED] - click(findTestObject("Page_PSTO webMessenger - Zalogowano/img_Joanna Kowalska_sendButton")): Object: 'Object Repository/Page_PSTO webMessenger - Zalogowano/img_Joanna Kowalska_sendButton' is clicked on

2021-12-21 18:51:52 - [MESSAGE][PASSED] - Object: 'Object Repository/Page_PSTO webMessenger - Zalogowano/img_Joanna Kowalska_sendButton' is clicked on

2021-12-21 18:51:52 - [TEST_STEP][PASSED] - setText(findTestObject("Page_PSTO webMessenger - Zalogowano/input_Joanna Kowalska_messageInput"), "b"): Text 'b' is set on object 'Object Repository/Page_PSTO webMessenger - Zalogowano/input_Joanna Kowalska_messageInput'

2021-12-21 18:51:56 - [MESSAGE][PASSED] - Text 'b' is set on object 'Object Repository/Page_PSTO webMessenger - Zalogowano/input_Joanna Kowalska_messageInput'

2021-12-21 18:51:56 - [TEST_STEP][PASSED] - click(findTestObject("Page_PSTO webMessenger - Zalogowano/img_Joanna Kowalska_sendButton")): Object: 'Object Repository/Page_PSTO webMessenger - Zalogowano/img_Joanna Kowalska_sendButton' is clicked on

2021-12-21 18:52:02 - [MESSAGE][PASSED] - Object: 'Object Repository/Page_PSTO webMessenger - Zalogowano/img_Joanna Kowalska_sendButton' is clicked on

2021-12-21 18:52:02 - [TEST_STEP][PASSED] - setText(findTestObject("Page_PSTO webMessenger - Zalogowano/input_Joanna Kowalska_messageInput"), "b"): Text 'b' is set on object 'Object Repository/Page_PSTO webMessenger - Zalogowano/input_Joanna Kowalska_messageInput'

2021-12-21 18:52:06 - [MESSAGE][PASSED] - Text 'b' is set on object 'Object Repository/Page_PSTO webMessenger - Zalogowano/input_Joanna Kowalska_messageInput'

2021-12-21 18:52:06 - [TEST_STEP][PASSED] - click(findTestObject("Page_PSTO webMessenger - Zalogowano/img_Joanna Kowalska_sendButton")): Object: 'Object Repository/Page_PSTO webMessenger - Zalogowano/img_Joanna Kowalska_sendButton' is clicked on

2021-12-21 18:52:08 - [MESSAGE][PASSED] - Object: 'Object Repository/Page_PSTO webMessenger - Zalogowano/img_Joanna Kowalska_sendButton' is clicked on

2021-12-21 18:52:08 - [TEST_STEP][PASSED] - setText(findTestObject("Page_PSTO webMessenger - Zalogowano/input_Joanna Kowalska_messageInput"), "b"): Text 'b' is set on object 'Object Repository/Page_PSTO webMessenger - Zalogowano/input_Joanna Kowalska_messageInput'

2021-12-21 18:52:12 - [MESSAGE][PASSED] - Text 'b' is set on object 'Object Repository/Page_PSTO webMessenger - Zalogowano/input_Joanna Kowalska_messageInput'

2021-12-21 18:52:12 - [TEST_STEP][PASSED] - click(findTestObject("Page_PSTO webMessenger - Zalogowano/img_Joanna Kowalska_sendButton")): Object: 'Object Repository/Page_PSTO webMessenger - Zalogowano/img_Joanna Kowalska_sendButton' is clicked on

2021-12-21 18:52:14 - [MESSAGE][PASSED] - Object: 'Object Repository/Page_PSTO webMessenger - Zalogowano/img_Joanna Kowalska_sendButton' is clicked on

2021-12-21 18:52:14 - [TEST_STEP][PASSED] - setText(findTestObject("Page_PSTO webMessenger - Zalogowano/input_Joanna Kowalska_messageInput"), "b"): Text 'b' is set on object 'Object Repository/Page_PSTO webMessenger - Zalogowano/input_Joanna Kowalska_messageInput'

2021-12-21 18:52:18 - [MESSAGE][PASSED] - Text 'b' is set on object 'Object Repository/Page_PSTO webMessenger - Zalogowano/input_Joanna Kowalska_messageInput'

2021-12-21 18:52:18 - [TEST_STEP][PASSED] - click(findTestObject("Page_PSTO webMessenger - Zalogowano/img_Joanna Kowalska_sendButton")): Object: 'Object Repository/Page_PSTO webMessenger - Zalogowano/img_Joanna Kowalska_sendButton' is clicked on

2021-12-21 18:52:20 - [MESSAGE][PASSED] - Object: 'Object Repository/Page_PSTO webMessenger - Zalogowano/img_Joanna Kowalska_sendButton' is clicked on

2021-12-21 18:52:20 - [TEST_STEP][PASSED] - setText(findTestObject("Page_PSTO webMessenger - Zalogowano/input_Joanna Kowalska_messageInput"), "b"): Text 'b' is set on object 'Object Repository/Page_PSTO webMessenger - Zalogowano/input_Joanna Kowalska_messageInput'

2021-12-21 18:52:24 - [MESSAGE][PASSED] - Text 'b' is set on object 'Object Repository/Page_PSTO webMessenger - Zalogowano/input_Joanna Kowalska_messageInput'

2021-12-21 18:52:24 - [TEST_STEP][PASSED] - click(findTestObject("Page_PSTO webMessenger - Zalogowano/img_Joanna Kowalska_sendButton")): Object: 'Object Repository/Page_PSTO webMessenger - Zalogowano/img_Joanna Kowalska_sendButton' is clicked on

2021-12-21 18:52:26 - [MESSAGE][PASSED] - Object: 'Object Repository/Page_PSTO webMessenger - Zalogowano/img_Joanna Kowalska_sendButton' is clicked on

2021-12-21 18:52:26 - [TEST_STEP][PASSED] - setText(findTestObject("Page_PSTO webMessenger - Zalogowano/input_Joanna Kowalska_messageInput"), "b"): Text 'b' is set on object 'Object Repository/Page_PSTO webMessenger - Zalogowano/input_Joanna Kowalska_messageInput'

2021-12-21 18:52:30 - [MESSAGE][PASSED] - Text 'b' is set on object 'Object Repository/Page_PSTO webMessenger - Zalogowano/input_Joanna Kowalska_messageInput'

2021-12-21 18:52:30 - [TEST_STEP][PASSED] - click(findTestObject("Page_PSTO webMessenger - Zalogowano/img_Joanna Kowalska_sendButton")): Object: 'Object Repository/Page_PSTO webMessenger - Zalogowano/img_Joanna Kowalska_sendButton' is clicked on

2021-12-21 18:52:32 - [MESSAGE][PASSED] - Object: 'Object Repository/Page_PSTO webMessenger - Zalogowano/img_Joanna Kowalska_sendButton' is clicked on

2021-12-21 18:52:32 - [TEST_STEP][PASSED] - setText(findTestObject("Page_PSTO webMessenger - Zalogowano/input_Joanna Kowalska_messageInput"), "b"): Text 'b' is set on object 'Object Repository/Page_PSTO webMessenger - Zalogowano/input_Joanna Kowalska_messageInput'

2021-12-21 18:52:36 - [MESSAGE][PASSED] - Text 'b' is set on object 'Object Repository/Page_PSTO webMessenger - Zalogowano/input_Joanna Kowalska_messageInput'

2021-12-21 18:52:36 - [TEST_STEP][PASSED] - click(findTestObject("Page_PSTO webMessenger - Zalogowano/img_Joanna Kowalska_sendButton")): Object: 'Object Repository/Page_PSTO webMessenger - Zalogowano/img_Joanna Kowalska_sendButton' is clicked on

2021-12-21 18:52:38 - [MESSAGE][PASSED] - Object: 'Object Repository/Page_PSTO webMessenger - Zalogowano/img_Joanna Kowalska_sendButton' is clicked on

2021-12-21 18:52:38 - [TEST_STEP][PASSED] - setText(findTestObject("Page_PSTO webMessenger - Zalogowano/input_Joanna Kowalska_messageInput"), "b"): Text 'b' is set on object 'Object Repository/Page_PSTO webMessenger - Zalogowano/input_Joanna Kowalska_messageInput'

2021-12-21 18:52:42 - [MESSAGE][PASSED] - Text 'b' is set on object 'Object Repository/Page_PSTO webMessenger - Zalogowano/input_Joanna Kowalska_messageInput'

2021-12-21 18:52:42 - [TEST_STEP][PASSED] - click(findTestObject("Page_PSTO webMessenger - Zalogowano/img_Joanna Kowalska_sendButton")): Object: 'Object Repository/Page_PSTO webMessenger - Zalogowano/img_Joanna Kowalska_sendButton' is clicked on

2021-12-21 18:52:44 - [MESSAGE][PASSED] - Object: 'Object Repository/Page_PSTO webMessenger - Zalogowano/img_Joanna Kowalska_sendButton' is clicked on

2021-12-21 18:52:44 - [TEST_STEP][PASSED] - setText(findTestObject("Page_PSTO webMessenger - Zalogowano/input_Joanna Kowalska_messageInput"), "b"): Text 'b' is set on object 'Object Repository/Page_PSTO webMessenger - Zalogowano/input_Joanna Kowalska_messageInput'

2021-12-21 18:52:48 - [MESSAGE][PASSED] - Text 'b' is set on object 'Object Repository/Page_PSTO webMessenger - Zalogowano/input_Joanna Kowalska_messageInput'

2021-12-21 18:52:48 - [TEST_STEP][PASSED] - click(findTestObject("Page_PSTO webMessenger - Zalogowano/img_Joanna Kowalska_sendButton")): Object: 'Object Repository/Page_PSTO webMessenger - Zalogowano/img_Joanna Kowalska_sendButton' is clicked on

2021-12-21 18:52:50 - [MESSAGE][PASSED] - Object: 'Object Repository/Page_PSTO webMessenger - Zalogowano/img_Joanna Kowalska_sendButton' is clicked on

2021-12-21 18:52:50 - [TEST_STEP][PASSED] - setText(findTestObject("Page_PSTO webMessenger - Zalogowano/input_Joanna Kowalska_messageInput"), "b"): Text 'b' is set on object 'Object Repository/Page_PSTO webMessenger - Zalogowano/input_Joanna Kowalska_messageInput'

2021-12-21 18:52:54 - [MESSAGE][PASSED] - Text 'b' is set on object 'Object Repository/Page_PSTO webMessenger - Zalogowano/input_Joanna Kowalska_messageInput'

2021-12-21 18:52:54 - [TEST_STEP][PASSED] - click(findTestObject("Page_PSTO webMessenger - Zalogowano/img_Joanna Kowalska_sendButton")): Object: 'Object Repository/Page_PSTO webMessenger - Zalogowano/img_Joanna Kowalska_sendButton' is clicked on

2021-12-21 18:52:56 - [MESSAGE][PASSED] - Object: 'Object Repository/Page_PSTO webMessenger - Zalogowano/img_Joanna Kowalska_sendButton' is clicked on

2021-12-21 18:52:56 - [TEST_STEP][PASSED] - setText(findTestObject("Page_PSTO webMessenger - Zalogowano/input_Joanna Kowalska_messageInput"), "b"): Text 'b' is set on object 'Object Repository/Page_PSTO webMessenger - Zalogowano/input_Joanna Kowalska_messageInput'

2021-12-21 18:53:01 - [MESSAGE][PASSED] - Text 'b' is set on object 'Object Repository/Page_PSTO webMessenger - Zalogowano/input_Joanna Kowalska_messageInput'

2021-12-21 18:53:01 - [TEST_STEP][PASSED] - click(findTestObject("Page_PSTO webMessenger - Zalogowano/img_Joanna Kowalska_sendButton")): Object: 'Object Repository/Page_PSTO webMessenger - Zalogowano/img_Joanna Kowalska_sendButton' is clicked on

2021-12-21 18:53:03 - [MESSAGE][PASSED] - Object: 'Object Repository/Page_PSTO webMessenger - Zalogowano/img_Joanna Kowalska_sendButton' is clicked on

2021-12-21 18:53:03 - [TEST_STEP][PASSED] - setText(findTestObject("Page_PSTO webMessenger - Zalogowano/input_Joanna Kowalska_messageInput"), "b"): Text 'b' is set on object 'Object Repository/Page_PSTO webMessenger - Zalogowano/input_Joanna Kowalska_messageInput'

2021-12-21 18:53:07 - [MESSAGE][PASSED] - Text 'b' is set on object 'Object Repository/Page_PSTO webMessenger - Zalogowano/input_Joanna Kowalska_messageInput'

2021-12-21 18:53:07 - [TEST_STEP][PASSED] - click(findTestObject("Page_PSTO webMessenger - Zalogowano/img_Joanna Kowalska_sendButton")): Object: 'Object Repository/Page_PSTO webMessenger - Zalogowano/img_Joanna Kowalska_sendButton' is clicked on

2021-12-21 18:53:09 - [MESSAGE][PASSED] - Object: 'Object Repository/Page_PSTO webMessenger - Zalogowano/img_Joanna Kowalska_sendButton' is clicked on

2021-12-21 18:53:09 - [TEST_STEP][PASSED] - setText(findTestObject("Page_PSTO webMessenger - Zalogowano/input_Joanna Kowalska_messageInput"), "b"): Text 'b' is set on object 'Object Repository/Page_PSTO webMessenger - Zalogowano/input_Joanna Kowalska_messageInput'

2021-12-21 18:53:12 - [MESSAGE][PASSED] - Text 'b' is set on object 'Object Repository/Page_PSTO webMessenger - Zalogowano/input_Joanna Kowalska_messageInput'

2021-12-21 18:53:12 - [TEST_STEP][PASSED] - click(findTestObject("Page_PSTO webMessenger - Zalogowano/img_Joanna Kowalska_sendButton")): Object: 'Object Repository/Page_PSTO webMessenger - Zalogowano/img_Joanna Kowalska_sendButton' is clicked on

2021-12-21 18:53:14 - [MESSAGE][PASSED] - Object: 'Object Repository/Page_PSTO webMessenger - Zalogowano/img_Joanna Kowalska_sendButton' is clicked on

2021-12-21 18:53:14 - [TEST_STEP][PASSED] - setText(findTestObject("Page_PSTO webMessenger - Zalogowano/input_Joanna Kowalska_messageInput"), "b"): Text 'b' is set on object 'Object Repository/Page_PSTO webMessenger - Zalogowano/input_Joanna Kowalska_messageInput'

2021-12-21 18:53:18 - [MESSAGE][PASSED] - Text 'b' is set on object 'Object Repository/Page_PSTO webMessenger - Zalogowano/input_Joanna Kowalska_messageInput'

2021-12-21 18:53:18 - [TEST_STEP][PASSED] - click(findTestObject("Page_PSTO webMessenger - Zalogowano/img_Joanna Kowalska_sendButton")): Object: 'Object Repository/Page_PSTO webMessenger - Zalogowano/img_Joanna Kowalska_sendButton' is clicked on

2021-12-21 18:53:20 - [MESSAGE][PASSED] - Object: 'Object Repository/Page_PSTO webMessenger - Zalogowano/img_Joanna Kowalska_sendButton' is clicked on

2021-12-21 18:53:20 - [TEST_STEP][PASSED] - setText(findTestObject("Page_PSTO webMessenger - Zalogowano/input_Joanna Kowalska_messageInput"), "b"): Text 'b' is set on object 'Object Repository/Page_PSTO webMessenger - Zalogowano/input_Joanna Kowalska_messageInput'

2021-12-21 18:53:22 - [MESSAGE][PASSED] - Text 'b' is set on object 'Object Repository/Page_PSTO webMessenger - Zalogowano/input_Joanna Kowalska_messageInput'

2021-12-21 18:53:22 - [TEST_STEP][PASSED] - click(findTestObject("Page_PSTO webMessenger - Zalogowano/img_Joanna Kowalska_sendButton")): Object: 'Object Repository/Page_PSTO webMessenger - Zalogowano/img_Joanna Kowalska_sendButton' is clicked on

2021-12-21 18:53:24 - [MESSAGE][PASSED] - Object: 'Object Repository/Page_PSTO webMessenger - Zalogowano/img_Joanna Kowalska_sendButton' is clicked on

2021-12-21 18:53:24 - [TEST_STEP][PASSED] - setText(findTestObject("Page_PSTO webMessenger - Zalogowano/input_Joanna Kowalska_messageInput"), "b"): Text 'b' is set on object 'Object Repository/Page_PSTO webMessenger - Zalogowano/input_Joanna Kowalska_messageInput'

2021-12-21 18:53:29 - [MESSAGE][PASSED] - Text 'b' is set on object 'Object Repository/Page_PSTO webMessenger - Zalogowano/input_Joanna Kowalska_messageInput'

2021-12-21 18:53:29 - [TEST_STEP][PASSED] - click(findTestObject("Page_PSTO webMessenger - Zalogowano/img_Joanna Kowalska_sendButton")): Object: 'Object Repository/Page_PSTO webMessenger - Zalogowano/img_Joanna Kowalska_sendButton' is clicked on

2021-12-21 18:53:33 - [MESSAGE][PASSED] - Object: 'Object Repository/Page_PSTO webMessenger - Zalogowano/img_Joanna Kowalska_sendButton' is clicked on

2021-12-21 18:53:33 - [TEST_STEP][PASSED] - setText(findTestObject("Page_PSTO webMessenger - Zalogowano/input_Joanna Kowalska_messageInput"), "b"): Text 'b' is set on object 'Object Repository/Page_PSTO webMessenger - Zalogowano/input_Joanna Kowalska_messageInput'

2021-12-21 18:53:37 - [MESSAGE][PASSED] - Text 'b' is set on object 'Object Repository/Page_PSTO webMessenger - Zalogowano/input_Joanna Kowalska_messageInput'

2021-12-21 18:53:37 - [TEST_STEP][PASSED] - click(findTestObject("Page_PSTO webMessenger - Zalogowano/img_Joanna Kowalska_sendButton")): Object: 'Object Repository/Page_PSTO webMessenger - Zalogowano/img_Joanna Kowalska_sendButton' is clicked on

2021-12-21 18:53:39 - [MESSAGE][PASSED] - Object: 'Object Repository/Page_PSTO webMessenger - Zalogowano/img_Joanna Kowalska_sendButton' is clicked on

2021-12-21 18:53:39 - [TEST_STEP][PASSED] - setText(findTestObject("Page_PSTO webMessenger - Zalogowano/input_Joanna Kowalska_messageInput"), "b"): Text 'b' is set on object 'Object Repository/Page_PSTO webMessenger - Zalogowano/input_Joanna Kowalska_messageInput'

2021-12-21 18:53:45 - [MESSAGE][PASSED] - Text 'b' is set on object 'Object Repository/Page_PSTO webMessenger - Zalogowano/input_Joanna Kowalska_messageInput'

2021-12-21 18:53:45 - [TEST_STEP][PASSED] - click(findTestObject("Page_PSTO webMessenger - Zalogowano/img_Joanna Kowalska_sendButton")): Object: 'Object Repository/Page_PSTO webMessenger - Zalogowano/img_Joanna Kowalska_sendButton' is clicked on

2021-12-21 18:53:48 - [MESSAGE][PASSED] - Object: 'Object Repository/Page_PSTO webMessenger - Zalogowano/img_Joanna Kowalska_sendButton' is clicked on

2021-12-21 18:53:48 - [TEST_STEP][PASSED] - setText(findTestObject("Page_PSTO webMessenger - Zalogowano/input_Joanna Kowalska_messageInput"), "b"): Text 'b' is set on object 'Object Repository/Page_PSTO webMessenger - Zalogowano/input_Joanna Kowalska_messageInput'

2021-12-21 18:53:53 - [MESSAGE][PASSED] - Text 'b' is set on object 'Object Repository/Page_PSTO webMessenger - Zalogowano/input_Joanna Kowalska_messageInput'

2021-12-21 18:53:53 - [TEST_STEP][PASSED] - click(findTestObject("Page_PSTO webMessenger - Zalogowano/img_Joanna Kowalska_sendButton")): Object: 'Object Repository/Page_PSTO webMessenger - Zalogowano/img_Joanna Kowalska_sendButton' is clicked on

2021-12-21 18:53:55 - [MESSAGE][PASSED] - Object: 'Object Repository/Page_PSTO webMessenger - Zalogowano/img_Joanna Kowalska_sendButton' is clicked on

2021-12-21 18:53:55 - [TEST_STEP][PASSED] - setText(findTestObject("Page_PSTO webMessenger - Zalogowano/input_Joanna Kowalska_messageInput"), "b"): Text 'b' is set on object 'Object Repository/Page_PSTO webMessenger - Zalogowano/input_Joanna Kowalska_messageInput'

2021-12-21 18:54:00 - [MESSAGE][PASSED] - Text 'b' is set on object 'Object Repository/Page_PSTO webMessenger - Zalogowano/input_Joanna Kowalska_messageInput'

2021-12-21 18:54:00 - [TEST_STEP][PASSED] - click(findTestObject("Page_PSTO webMessenger - Zalogowano/img_Joanna Kowalska_sendButton")): Object: 'Object Repository/Page_PSTO webMessenger - Zalogowano/img_Joanna Kowalska_sendButton' is clicked on

2021-12-21 18:54:03 - [MESSAGE][PASSED] - Object: 'Object Repository/Page_PSTO webMessenger - Zalogowano/img_Joanna Kowalska_sendButton' is clicked on

2021-12-21 18:54:03 - [TEST_STEP][PASSED] - setText(findTestObject("Page_PSTO webMessenger - Zalogowano/input_Joanna Kowalska_messageInput"), "b"): Text 'b' is set on object 'Object Repository/Page_PSTO webMessenger - Zalogowano/input_Joanna Kowalska_messageInput'

2021-12-21 18:54:07 - [MESSAGE][PASSED] - Text 'b' is set on object 'Object Repository/Page_PSTO webMessenger - Zalogowano/input_Joanna Kowalska_messageInput'

2021-12-21 18:54:07 - [TEST_STEP][PASSED] - click(findTestObject("Page_PSTO webMessenger - Zalogowano/img_Joanna Kowalska_sendButton")): Object: 'Object Repository/Page_PSTO webMessenger - Zalogowano/img_Joanna Kowalska_sendButton' is clicked on

2021-12-21 18:54:09 - [MESSAGE][PASSED] - Object: 'Object Repository/Page_PSTO webMessenger - Zalogowano/img_Joanna Kowalska_sendButton' is clicked on

2021-12-21 18:54:09 - [TEST_STEP][PASSED] - setText(findTestObject("Page_PSTO webMessenger - Zalogowano/input_Joanna Kowalska_messageInput"), "b"): Text 'b' is set on object 'Object Repository/Page_PSTO webMessenger - Zalogowano/input_Joanna Kowalska_messageInput'

2021-12-21 18:54:15 - [MESSAGE][PASSED] - Text 'b' is set on object 'Object Repository/Page_PSTO webMessenger - Zalogowano/input_Joanna Kowalska_messageInput'

2021-12-21 18:54:15 - [TEST_STEP][PASSED] - click(findTestObject("Page_PSTO webMessenger - Zalogowano/img_Joanna Kowalska_sendButton")): Object: 'Object Repository/Page_PSTO webMessenger - Zalogowano/img_Joanna Kowalska_sendButton' is clicked on

2021-12-21 18:54:18 - [MESSAGE][PASSED] - Object: 'Object Repository/Page_PSTO webMessenger - Zalogowano/img_Joanna Kowalska_sendButton' is clicked on

2021-12-21 18:54:18 - [TEST_STEP][PASSED] - setText(findTestObject("Page_PSTO webMessenger - Zalogowano/input_Joanna Kowalska_messageInput"), "b"): Text 'b' is set on object 'Object Repository/Page_PSTO webMessenger - Zalogowano/input_Joanna Kowalska_messageInput'

2021-12-21 18:54:23 - [MESSAGE][PASSED] - Text 'b' is set on object 'Object Repository/Page_PSTO webMessenger - Zalogowano/input_Joanna Kowalska_messageInput'

2021-12-21 18:54:23 - [TEST_STEP][PASSED] - click(findTestObject("Page_PSTO webMessenger - Zalogowano/img_Joanna Kowalska_sendButton")): Object: 'Object Repository/Page_PSTO webMessenger - Zalogowano/img_Joanna Kowalska_sendButton' is clicked on

2021-12-21 18:54:25 - [MESSAGE][PASSED] - Object: 'Object Repository/Page_PSTO webMessenger - Zalogowano/img_Joanna Kowalska_sendButton' is clicked on

2021-12-21 18:54:25 - [TEST_STEP][PASSED] - setText(findTestObject("Page_PSTO webMessenger - Zalogowano/input_Joanna Kowalska_messageInput"), "b"): Text 'b' is set on object 'Object Repository/Page_PSTO webMessenger - Zalogowano/input_Joanna Kowalska_messageInput'

2021-12-21 18:54:30 - [MESSAGE][PASSED] - Text 'b' is set on object 'Object Repository/Page_PSTO webMessenger - Zalogowano/input_Joanna Kowalska_messageInput'

2021-12-21 18:54:30 - [TEST_STEP][PASSED] - click(findTestObject("Page_PSTO webMessenger - Zalogowano/img_Joanna Kowalska_sendButton")): Object: 'Object Repository/Page_PSTO webMessenger - Zalogowano/img_Joanna Kowalska_sendButton' is clicked on

2021-12-21 18:54:33 - [MESSAGE][PASSED] - Object: 'Object Repository/Page_PSTO webMessenger - Zalogowano/img_Joanna Kowalska_sendButton' is clicked on

2021-12-21 18:54:33 - [TEST_STEP][PASSED] - click(findTestObject("Object Repository/Page_PSTO webMessenger - Zalogowano/img_Zarejestruj konto_iconImg")): Object: 'Object Repository/Page_PSTO webMessenger - Zalogowano/img_Zarejestruj konto_iconImg' is clicked on

2021-12-21 18:54:35 - [MESSAGE][PASSED] - Object: 'Object Repository/Page_PSTO webMessenger - Zalogowano/img_Zarejestruj konto_iconImg' is clicked on

2021-12-21 18:54:35 - [TEST_STEP][PASSED] - closeBrowser(): Browser is closed

2021-12-21 18:54:36 - [MESSAGE][PASSED] - Browser is closed]]></system-out>
         <system-err><![CDATA[]]></system-err>
      </testcase>
      <testcase name="Test Cases/Historia rozm贸w/HR19" time="540.703" classname="Test Cases/Historia rozm贸w/HR19" status="PASSED">
         <system-out><![CDATA[2021-12-21 18:54:36 - [TEST_CASE][PASSED] - Test Cases/Historia rozm贸w/HR19: Test Cases/Historia rozm贸w/HR19

2021-12-21 18:54:37 - [TEST_STEP][PASSED] - openBrowser(""): Browser is opened with url: ''

2021-12-21 18:54:37 - [MESSAGE][INFO] - Starting 'Chrome' driver

2021-12-21 18:54:37 - [MESSAGE][INFO] - Action delay is set to 0 milliseconds

2021-12-21 18:54:39 - [MESSAGE][PASSED] - Browser is opened with url: ''

2021-12-21 18:54:39 - [TEST_STEP][PASSED] - maximizeWindow(): Current window maximized

2021-12-21 18:54:39 - [MESSAGE][PASSED] - Current window maximized

2021-12-21 18:54:39 - [TEST_STEP][PASSED] - navigateToUrl("http://kmg.hcm.pl/testowanie/index.html"): Navigate to 'http://kmg.hcm.pl/testowanie/index.html' successfully

2021-12-21 18:54:40 - [MESSAGE][PASSED] - Navigate to 'http://kmg.hcm.pl/testowanie/index.html' successfully

2021-12-21 18:54:40 - [TEST_STEP][PASSED] - setText(findTestObject("Object Repository/Page_PSTO webMessenger/input_Zarejestruj konto_userLogin"), "Tomasz Staszewski"): Text 'Tomasz Staszewski' is set on object 'Object Repository/Page_PSTO webMessenger/input_Zarejestruj konto_userLogin'

2021-12-21 18:54:41 - [MESSAGE][PASSED] - Text 'Tomasz Staszewski' is set on object 'Object Repository/Page_PSTO webMessenger/input_Zarejestruj konto_userLogin'

2021-12-21 18:54:41 - [TEST_STEP][PASSED] - setEncryptedText(findTestObject("Object Repository/Page_PSTO webMessenger/input_Zarejestruj konto_passwordLogin"), "wCo1vTKhcj4="): Text ****** has been set on object 'Object Repository/Page_PSTO webMessenger/input_Zarejestruj konto_passwordLogin'

2021-12-21 18:54:42 - [MESSAGE][PASSED] - Text ****** has been set on object 'Object Repository/Page_PSTO webMessenger/input_Zarejestruj konto_passwordLogin'

2021-12-21 18:54:42 - [TEST_STEP][PASSED] - click(findTestObject("Object Repository/Page_PSTO webMessenger/input_Zarejestruj konto_login")): Object: 'Object Repository/Page_PSTO webMessenger/input_Zarejestruj konto_login' is clicked on

2021-12-21 18:54:42 - [MESSAGE][PASSED] - Object: 'Object Repository/Page_PSTO webMessenger/input_Zarejestruj konto_login' is clicked on

2021-12-21 18:54:42 - [TEST_STEP][PASSED] - click(findTestObject("Page_PSTO webMessenger - Zalogowano/div_Robert Majewski")): Object: 'Object Repository/Page_PSTO webMessenger - Zalogowano/div_Robert Majewski' is clicked on

2021-12-21 18:54:43 - [MESSAGE][PASSED] - Object: 'Object Repository/Page_PSTO webMessenger - Zalogowano/div_Robert Majewski' is clicked on

2021-12-21 18:54:43 - [TEST_STEP][PASSED] - setText(findTestObject("Page_PSTO webMessenger - Zalogowano/input_Robert Majewski_messageInput"), "proba"): Text 'proba' is set on object 'Object Repository/Page_PSTO webMessenger - Zalogowano/input_Robert Majewski_messageInput'

2021-12-21 18:54:47 - [MESSAGE][PASSED] - Text 'proba' is set on object 'Object Repository/Page_PSTO webMessenger - Zalogowano/input_Robert Majewski_messageInput'

2021-12-21 18:54:47 - [TEST_STEP][PASSED] - click(findTestObject("Page_PSTO webMessenger - Zalogowano/img_Robert Majewski_sendButton")): Object: 'Object Repository/Page_PSTO webMessenger - Zalogowano/img_Robert Majewski_sendButton' is clicked on

2021-12-21 18:54:47 - [MESSAGE][PASSED] - Object: 'Object Repository/Page_PSTO webMessenger - Zalogowano/img_Robert Majewski_sendButton' is clicked on

2021-12-21 18:54:47 - [TEST_STEP][PASSED] - for (def index : (1..200)): Object: 'Object Repository/Page_PSTO webMessenger - Zalogowano/img_Robert Majewski_sendButton' is clicked on

2021-12-21 18:54:47 - [TEST_STEP][PASSED] - setText(findTestObject("Page_PSTO webMessenger - Zalogowano/input_Robert Majewski_messageInput"), "c"): Text 'c' is set on object 'Object Repository/Page_PSTO webMessenger - Zalogowano/input_Robert Majewski_messageInput'

2021-12-21 18:54:49 - [MESSAGE][PASSED] - Text 'c' is set on object 'Object Repository/Page_PSTO webMessenger - Zalogowano/input_Robert Majewski_messageInput'

2021-12-21 18:54:49 - [TEST_STEP][PASSED] - click(findTestObject("Page_PSTO webMessenger - Zalogowano/img_Robert Majewski_sendButton")): Object: 'Object Repository/Page_PSTO webMessenger - Zalogowano/img_Robert Majewski_sendButton' is clicked on

2021-12-21 18:54:49 - [MESSAGE][PASSED] - Object: 'Object Repository/Page_PSTO webMessenger - Zalogowano/img_Robert Majewski_sendButton' is clicked on

2021-12-21 18:54:49 - [TEST_STEP][PASSED] - setText(findTestObject("Page_PSTO webMessenger - Zalogowano/input_Robert Majewski_messageInput"), "c"): Text 'c' is set on object 'Object Repository/Page_PSTO webMessenger - Zalogowano/input_Robert Majewski_messageInput'

2021-12-21 18:54:50 - [MESSAGE][PASSED] - Text 'c' is set on object 'Object Repository/Page_PSTO webMessenger - Zalogowano/input_Robert Majewski_messageInput'

2021-12-21 18:54:50 - [TEST_STEP][PASSED] - click(findTestObject("Page_PSTO webMessenger - Zalogowano/img_Robert Majewski_sendButton")): Object: 'Object Repository/Page_PSTO webMessenger - Zalogowano/img_Robert Majewski_sendButton' is clicked on

2021-12-21 18:54:52 - [MESSAGE][PASSED] - Object: 'Object Repository/Page_PSTO webMessenger - Zalogowano/img_Robert Majewski_sendButton' is clicked on

2021-12-21 18:54:52 - [TEST_STEP][PASSED] - setText(findTestObject("Page_PSTO webMessenger - Zalogowano/input_Robert Majewski_messageInput"), "c"): Text 'c' is set on object 'Object Repository/Page_PSTO webMessenger - Zalogowano/input_Robert Majewski_messageInput'

2021-12-21 18:54:53 - [MESSAGE][PASSED] - Text 'c' is set on object 'Object Repository/Page_PSTO webMessenger - Zalogowano/input_Robert Majewski_messageInput'

2021-12-21 18:54:53 - [TEST_STEP][PASSED] - click(findTestObject("Page_PSTO webMessenger - Zalogowano/img_Robert Majewski_sendButton")): Object: 'Object Repository/Page_PSTO webMessenger - Zalogowano/img_Robert Majewski_sendButton' is clicked on

2021-12-21 18:54:54 - [MESSAGE][PASSED] - Object: 'Object Repository/Page_PSTO webMessenger - Zalogowano/img_Robert Majewski_sendButton' is clicked on

2021-12-21 18:54:54 - [TEST_STEP][PASSED] - setText(findTestObject("Page_PSTO webMessenger - Zalogowano/input_Robert Majewski_messageInput"), "c"): Text 'c' is set on object 'Object Repository/Page_PSTO webMessenger - Zalogowano/input_Robert Majewski_messageInput'

2021-12-21 18:54:55 - [MESSAGE][PASSED] - Text 'c' is set on object 'Object Repository/Page_PSTO webMessenger - Zalogowano/input_Robert Majewski_messageInput'

2021-12-21 18:54:55 - [TEST_STEP][PASSED] - click(findTestObject("Page_PSTO webMessenger - Zalogowano/img_Robert Majewski_sendButton")): Object: 'Object Repository/Page_PSTO webMessenger - Zalogowano/img_Robert Majewski_sendButton' is clicked on

2021-12-21 18:54:55 - [MESSAGE][PASSED] - Object: 'Object Repository/Page_PSTO webMessenger - Zalogowano/img_Robert Majewski_sendButton' is clicked on

2021-12-21 18:54:55 - [TEST_STEP][PASSED] - setText(findTestObject("Page_PSTO webMessenger - Zalogowano/input_Robert Majewski_messageInput"), "c"): Text 'c' is set on object 'Object Repository/Page_PSTO webMessenger - Zalogowano/input_Robert Majewski_messageInput'

2021-12-21 18:54:58 - [MESSAGE][PASSED] - Text 'c' is set on object 'Object Repository/Page_PSTO webMessenger - Zalogowano/input_Robert Majewski_messageInput'

2021-12-21 18:54:58 - [TEST_STEP][PASSED] - click(findTestObject("Page_PSTO webMessenger - Zalogowano/img_Robert Majewski_sendButton")): Object: 'Object Repository/Page_PSTO webMessenger - Zalogowano/img_Robert Majewski_sendButton' is clicked on

2021-12-21 18:54:58 - [MESSAGE][PASSED] - Object: 'Object Repository/Page_PSTO webMessenger - Zalogowano/img_Robert Majewski_sendButton' is clicked on

2021-12-21 18:54:58 - [TEST_STEP][PASSED] - setText(findTestObject("Page_PSTO webMessenger - Zalogowano/input_Robert Majewski_messageInput"), "c"): Text 'c' is set on object 'Object Repository/Page_PSTO webMessenger - Zalogowano/input_Robert Majewski_messageInput'

2021-12-21 18:55:00 - [MESSAGE][PASSED] - Text 'c' is set on object 'Object Repository/Page_PSTO webMessenger - Zalogowano/input_Robert Majewski_messageInput'

2021-12-21 18:55:00 - [TEST_STEP][PASSED] - click(findTestObject("Page_PSTO webMessenger - Zalogowano/img_Robert Majewski_sendButton")): Object: 'Object Repository/Page_PSTO webMessenger - Zalogowano/img_Robert Majewski_sendButton' is clicked on

2021-12-21 18:55:01 - [MESSAGE][PASSED] - Object: 'Object Repository/Page_PSTO webMessenger - Zalogowano/img_Robert Majewski_sendButton' is clicked on

2021-12-21 18:55:01 - [TEST_STEP][PASSED] - setText(findTestObject("Page_PSTO webMessenger - Zalogowano/input_Robert Majewski_messageInput"), "c"): Text 'c' is set on object 'Object Repository/Page_PSTO webMessenger - Zalogowano/input_Robert Majewski_messageInput'

2021-12-21 18:55:02 - [MESSAGE][PASSED] - Text 'c' is set on object 'Object Repository/Page_PSTO webMessenger - Zalogowano/input_Robert Majewski_messageInput'

2021-12-21 18:55:02 - [TEST_STEP][PASSED] - click(findTestObject("Page_PSTO webMessenger - Zalogowano/img_Robert Majewski_sendButton")): Object: 'Object Repository/Page_PSTO webMessenger - Zalogowano/img_Robert Majewski_sendButton' is clicked on

2021-12-21 18:55:03 - [MESSAGE][PASSED] - Object: 'Object Repository/Page_PSTO webMessenger - Zalogowano/img_Robert Majewski_sendButton' is clicked on

2021-12-21 18:55:03 - [TEST_STEP][PASSED] - setText(findTestObject("Page_PSTO webMessenger - Zalogowano/input_Robert Majewski_messageInput"), "c"): Text 'c' is set on object 'Object Repository/Page_PSTO webMessenger - Zalogowano/input_Robert Majewski_messageInput'

2021-12-21 18:55:04 - [MESSAGE][PASSED] - Text 'c' is set on object 'Object Repository/Page_PSTO webMessenger - Zalogowano/input_Robert Majewski_messageInput'

2021-12-21 18:55:04 - [TEST_STEP][PASSED] - click(findTestObject("Page_PSTO webMessenger - Zalogowano/img_Robert Majewski_sendButton")): Object: 'Object Repository/Page_PSTO webMessenger - Zalogowano/img_Robert Majewski_sendButton' is clicked on

2021-12-21 18:55:05 - [MESSAGE][PASSED] - Object: 'Object Repository/Page_PSTO webMessenger - Zalogowano/img_Robert Majewski_sendButton' is clicked on

2021-12-21 18:55:05 - [TEST_STEP][PASSED] - setText(findTestObject("Page_PSTO webMessenger - Zalogowano/input_Robert Majewski_messageInput"), "c"): Text 'c' is set on object 'Object Repository/Page_PSTO webMessenger - Zalogowano/input_Robert Majewski_messageInput'

2021-12-21 18:55:06 - [MESSAGE][PASSED] - Text 'c' is set on object 'Object Repository/Page_PSTO webMessenger - Zalogowano/input_Robert Majewski_messageInput'

2021-12-21 18:55:06 - [TEST_STEP][PASSED] - click(findTestObject("Page_PSTO webMessenger - Zalogowano/img_Robert Majewski_sendButton")): Object: 'Object Repository/Page_PSTO webMessenger - Zalogowano/img_Robert Majewski_sendButton' is clicked on

2021-12-21 18:55:07 - [MESSAGE][PASSED] - Object: 'Object Repository/Page_PSTO webMessenger - Zalogowano/img_Robert Majewski_sendButton' is clicked on

2021-12-21 18:55:07 - [TEST_STEP][PASSED] - setText(findTestObject("Page_PSTO webMessenger - Zalogowano/input_Robert Majewski_messageInput"), "c"): Text 'c' is set on object 'Object Repository/Page_PSTO webMessenger - Zalogowano/input_Robert Majewski_messageInput'

2021-12-21 18:55:07 - [MESSAGE][PASSED] - Text 'c' is set on object 'Object Repository/Page_PSTO webMessenger - Zalogowano/input_Robert Majewski_messageInput'

2021-12-21 18:55:07 - [TEST_STEP][PASSED] - click(findTestObject("Page_PSTO webMessenger - Zalogowano/img_Robert Majewski_sendButton")): Object: 'Object Repository/Page_PSTO webMessenger - Zalogowano/img_Robert Majewski_sendButton' is clicked on

2021-12-21 18:55:08 - [MESSAGE][PASSED] - Object: 'Object Repository/Page_PSTO webMessenger - Zalogowano/img_Robert Majewski_sendButton' is clicked on

2021-12-21 18:55:08 - [TEST_STEP][PASSED] - setText(findTestObject("Page_PSTO webMessenger - Zalogowano/input_Robert Majewski_messageInput"), "c"): Text 'c' is set on object 'Object Repository/Page_PSTO webMessenger - Zalogowano/input_Robert Majewski_messageInput'

2021-12-21 18:55:09 - [MESSAGE][PASSED] - Text 'c' is set on object 'Object Repository/Page_PSTO webMessenger - Zalogowano/input_Robert Majewski_messageInput'

2021-12-21 18:55:09 - [TEST_STEP][PASSED] - click(findTestObject("Page_PSTO webMessenger - Zalogowano/img_Robert Majewski_sendButton")): Object: 'Object Repository/Page_PSTO webMessenger - Zalogowano/img_Robert Majewski_sendButton' is clicked on

2021-12-21 18:55:10 - [MESSAGE][PASSED] - Object: 'Object Repository/Page_PSTO webMessenger - Zalogowano/img_Robert Majewski_sendButton' is clicked on

2021-12-21 18:55:10 - [TEST_STEP][PASSED] - setText(findTestObject("Page_PSTO webMessenger - Zalogowano/input_Robert Majewski_messageInput"), "c"): Text 'c' is set on object 'Object Repository/Page_PSTO webMessenger - Zalogowano/input_Robert Majewski_messageInput'

2021-12-21 18:55:12 - [MESSAGE][PASSED] - Text 'c' is set on object 'Object Repository/Page_PSTO webMessenger - Zalogowano/input_Robert Majewski_messageInput'

2021-12-21 18:55:12 - [TEST_STEP][PASSED] - click(findTestObject("Page_PSTO webMessenger - Zalogowano/img_Robert Majewski_sendButton")): Object: 'Object Repository/Page_PSTO webMessenger - Zalogowano/img_Robert Majewski_sendButton' is clicked on

2021-12-21 18:55:12 - [MESSAGE][PASSED] - Object: 'Object Repository/Page_PSTO webMessenger - Zalogowano/img_Robert Majewski_sendButton' is clicked on

2021-12-21 18:55:12 - [TEST_STEP][PASSED] - setText(findTestObject("Page_PSTO webMessenger - Zalogowano/input_Robert Majewski_messageInput"), "c"): Text 'c' is set on object 'Object Repository/Page_PSTO webMessenger - Zalogowano/input_Robert Majewski_messageInput'

2021-12-21 18:55:13 - [MESSAGE][PASSED] - Text 'c' is set on object 'Object Repository/Page_PSTO webMessenger - Zalogowano/input_Robert Majewski_messageInput'

2021-12-21 18:55:13 - [TEST_STEP][PASSED] - click(findTestObject("Page_PSTO webMessenger - Zalogowano/img_Robert Majewski_sendButton")): Object: 'Object Repository/Page_PSTO webMessenger - Zalogowano/img_Robert Majewski_sendButton' is clicked on

2021-12-21 18:55:14 - [MESSAGE][PASSED] - Object: 'Object Repository/Page_PSTO webMessenger - Zalogowano/img_Robert Majewski_sendButton' is clicked on

2021-12-21 18:55:14 - [TEST_STEP][PASSED] - setText(findTestObject("Page_PSTO webMessenger - Zalogowano/input_Robert Majewski_messageInput"), "c"): Text 'c' is set on object 'Object Repository/Page_PSTO webMessenger - Zalogowano/input_Robert Majewski_messageInput'

2021-12-21 18:55:14 - [MESSAGE][PASSED] - Text 'c' is set on object 'Object Repository/Page_PSTO webMessenger - Zalogowano/input_Robert Majewski_messageInput'

2021-12-21 18:55:14 - [TEST_STEP][PASSED] - click(findTestObject("Page_PSTO webMessenger - Zalogowano/img_Robert Majewski_sendButton")): Object: 'Object Repository/Page_PSTO webMessenger - Zalogowano/img_Robert Majewski_sendButton' is clicked on

2021-12-21 18:55:15 - [MESSAGE][PASSED] - Object: 'Object Repository/Page_PSTO webMessenger - Zalogowano/img_Robert Majewski_sendButton' is clicked on

2021-12-21 18:55:15 - [TEST_STEP][PASSED] - setText(findTestObject("Page_PSTO webMessenger - Zalogowano/input_Robert Majewski_messageInput"), "c"): Text 'c' is set on object 'Object Repository/Page_PSTO webMessenger - Zalogowano/input_Robert Majewski_messageInput'

2021-12-21 18:55:16 - [MESSAGE][PASSED] - Text 'c' is set on object 'Object Repository/Page_PSTO webMessenger - Zalogowano/input_Robert Majewski_messageInput'

2021-12-21 18:55:16 - [TEST_STEP][PASSED] - click(findTestObject("Page_PSTO webMessenger - Zalogowano/img_Robert Majewski_sendButton")): Object: 'Object Repository/Page_PSTO webMessenger - Zalogowano/img_Robert Majewski_sendButton' is clicked on

2021-12-21 18:55:16 - [MESSAGE][PASSED] - Object: 'Object Repository/Page_PSTO webMessenger - Zalogowano/img_Robert Majewski_sendButton' is clicked on

2021-12-21 18:55:16 - [TEST_STEP][PASSED] - setText(findTestObject("Page_PSTO webMessenger - Zalogowano/input_Robert Majewski_messageInput"), "c"): Text 'c' is set on object 'Object Repository/Page_PSTO webMessenger - Zalogowano/input_Robert Majewski_messageInput'

2021-12-21 18:55:17 - [MESSAGE][PASSED] - Text 'c' is set on object 'Object Repository/Page_PSTO webMessenger - Zalogowano/input_Robert Majewski_messageInput'

2021-12-21 18:55:17 - [TEST_STEP][PASSED] - click(findTestObject("Page_PSTO webMessenger - Zalogowano/img_Robert Majewski_sendButton")): Object: 'Object Repository/Page_PSTO webMessenger - Zalogowano/img_Robert Majewski_sendButton' is clicked on

2021-12-21 18:55:18 - [MESSAGE][PASSED] - Object: 'Object Repository/Page_PSTO webMessenger - Zalogowano/img_Robert Majewski_sendButton' is clicked on

2021-12-21 18:55:18 - [TEST_STEP][PASSED] - setText(findTestObject("Page_PSTO webMessenger - Zalogowano/input_Robert Majewski_messageInput"), "c"): Text 'c' is set on object 'Object Repository/Page_PSTO webMessenger - Zalogowano/input_Robert Majewski_messageInput'

2021-12-21 18:55:19 - [MESSAGE][PASSED] - Text 'c' is set on object 'Object Repository/Page_PSTO webMessenger - Zalogowano/input_Robert Majewski_messageInput'

2021-12-21 18:55:19 - [TEST_STEP][PASSED] - click(findTestObject("Page_PSTO webMessenger - Zalogowano/img_Robert Majewski_sendButton")): Object: 'Object Repository/Page_PSTO webMessenger - Zalogowano/img_Robert Majewski_sendButton' is clicked on

2021-12-21 18:55:19 - [MESSAGE][PASSED] - Object: 'Object Repository/Page_PSTO webMessenger - Zalogowano/img_Robert Majewski_sendButton' is clicked on

2021-12-21 18:55:19 - [TEST_STEP][PASSED] - setText(findTestObject("Page_PSTO webMessenger - Zalogowano/input_Robert Majewski_messageInput"), "c"): Text 'c' is set on object 'Object Repository/Page_PSTO webMessenger - Zalogowano/input_Robert Majewski_messageInput'

2021-12-21 18:55:22 - [MESSAGE][PASSED] - Text 'c' is set on object 'Object Repository/Page_PSTO webMessenger - Zalogowano/input_Robert Majewski_messageInput'

2021-12-21 18:55:22 - [TEST_STEP][PASSED] - click(findTestObject("Page_PSTO webMessenger - Zalogowano/img_Robert Majewski_sendButton")): Object: 'Object Repository/Page_PSTO webMessenger - Zalogowano/img_Robert Majewski_sendButton' is clicked on

2021-12-21 18:55:22 - [MESSAGE][PASSED] - Object: 'Object Repository/Page_PSTO webMessenger - Zalogowano/img_Robert Majewski_sendButton' is clicked on

2021-12-21 18:55:22 - [TEST_STEP][PASSED] - setText(findTestObject("Page_PSTO webMessenger - Zalogowano/input_Robert Majewski_messageInput"), "c"): Text 'c' is set on object 'Object Repository/Page_PSTO webMessenger - Zalogowano/input_Robert Majewski_messageInput'

2021-12-21 18:55:23 - [MESSAGE][PASSED] - Text 'c' is set on object 'Object Repository/Page_PSTO webMessenger - Zalogowano/input_Robert Majewski_messageInput'

2021-12-21 18:55:23 - [TEST_STEP][PASSED] - click(findTestObject("Page_PSTO webMessenger - Zalogowano/img_Robert Majewski_sendButton")): Object: 'Object Repository/Page_PSTO webMessenger - Zalogowano/img_Robert Majewski_sendButton' is clicked on

2021-12-21 18:55:24 - [MESSAGE][PASSED] - Object: 'Object Repository/Page_PSTO webMessenger - Zalogowano/img_Robert Majewski_sendButton' is clicked on

2021-12-21 18:55:24 - [TEST_STEP][PASSED] - setText(findTestObject("Page_PSTO webMessenger - Zalogowano/input_Robert Majewski_messageInput"), "c"): Text 'c' is set on object 'Object Repository/Page_PSTO webMessenger - Zalogowano/input_Robert Majewski_messageInput'

2021-12-21 18:55:24 - [MESSAGE][PASSED] - Text 'c' is set on object 'Object Repository/Page_PSTO webMessenger - Zalogowano/input_Robert Majewski_messageInput'

2021-12-21 18:55:24 - [TEST_STEP][PASSED] - click(findTestObject("Page_PSTO webMessenger - Zalogowano/img_Robert Majewski_sendButton")): Object: 'Object Repository/Page_PSTO webMessenger - Zalogowano/img_Robert Majewski_sendButton' is clicked on

2021-12-21 18:55:25 - [MESSAGE][PASSED] - Object: 'Object Repository/Page_PSTO webMessenger - Zalogowano/img_Robert Majewski_sendButton' is clicked on

2021-12-21 18:55:25 - [TEST_STEP][PASSED] - setText(findTestObject("Page_PSTO webMessenger - Zalogowano/input_Robert Majewski_messageInput"), "c"): Text 'c' is set on object 'Object Repository/Page_PSTO webMessenger - Zalogowano/input_Robert Majewski_messageInput'

2021-12-21 18:55:27 - [MESSAGE][PASSED] - Text 'c' is set on object 'Object Repository/Page_PSTO webMessenger - Zalogowano/input_Robert Majewski_messageInput'

2021-12-21 18:55:27 - [TEST_STEP][PASSED] - click(findTestObject("Page_PSTO webMessenger - Zalogowano/img_Robert Majewski_sendButton")): Object: 'Object Repository/Page_PSTO webMessenger - Zalogowano/img_Robert Majewski_sendButton' is clicked on

2021-12-21 18:55:27 - [MESSAGE][PASSED] - Object: 'Object Repository/Page_PSTO webMessenger - Zalogowano/img_Robert Majewski_sendButton' is clicked on

2021-12-21 18:55:27 - [TEST_STEP][PASSED] - setText(findTestObject("Page_PSTO webMessenger - Zalogowano/input_Robert Majewski_messageInput"), "c"): Text 'c' is set on object 'Object Repository/Page_PSTO webMessenger - Zalogowano/input_Robert Majewski_messageInput'

2021-12-21 18:55:28 - [MESSAGE][PASSED] - Text 'c' is set on object 'Object Repository/Page_PSTO webMessenger - Zalogowano/input_Robert Majewski_messageInput'

2021-12-21 18:55:28 - [TEST_STEP][PASSED] - click(findTestObject("Page_PSTO webMessenger - Zalogowano/img_Robert Majewski_sendButton")): Object: 'Object Repository/Page_PSTO webMessenger - Zalogowano/img_Robert Majewski_sendButton' is clicked on

2021-12-21 18:55:29 - [MESSAGE][PASSED] - Object: 'Object Repository/Page_PSTO webMessenger - Zalogowano/img_Robert Majewski_sendButton' is clicked on

2021-12-21 18:55:29 - [TEST_STEP][PASSED] - setText(findTestObject("Page_PSTO webMessenger - Zalogowano/input_Robert Majewski_messageInput"), "c"): Text 'c' is set on object 'Object Repository/Page_PSTO webMessenger - Zalogowano/input_Robert Majewski_messageInput'

2021-12-21 18:55:30 - [MESSAGE][PASSED] - Text 'c' is set on object 'Object Repository/Page_PSTO webMessenger - Zalogowano/input_Robert Majewski_messageInput'

2021-12-21 18:55:30 - [TEST_STEP][PASSED] - click(findTestObject("Page_PSTO webMessenger - Zalogowano/img_Robert Majewski_sendButton")): Object: 'Object Repository/Page_PSTO webMessenger - Zalogowano/img_Robert Majewski_sendButton' is clicked on

2021-12-21 18:55:32 - [MESSAGE][PASSED] - Object: 'Object Repository/Page_PSTO webMessenger - Zalogowano/img_Robert Majewski_sendButton' is clicked on

2021-12-21 18:55:32 - [TEST_STEP][PASSED] - setText(findTestObject("Page_PSTO webMessenger - Zalogowano/input_Robert Majewski_messageInput"), "c"): Text 'c' is set on object 'Object Repository/Page_PSTO webMessenger - Zalogowano/input_Robert Majewski_messageInput'

2021-12-21 18:55:33 - [MESSAGE][PASSED] - Text 'c' is set on object 'Object Repository/Page_PSTO webMessenger - Zalogowano/input_Robert Majewski_messageInput'

2021-12-21 18:55:33 - [TEST_STEP][PASSED] - click(findTestObject("Page_PSTO webMessenger - Zalogowano/img_Robert Majewski_sendButton")): Object: 'Object Repository/Page_PSTO webMessenger - Zalogowano/img_Robert Majewski_sendButton' is clicked on

2021-12-21 18:55:34 - [MESSAGE][PASSED] - Object: 'Object Repository/Page_PSTO webMessenger - Zalogowano/img_Robert Majewski_sendButton' is clicked on

2021-12-21 18:55:34 - [TEST_STEP][PASSED] - setText(findTestObject("Page_PSTO webMessenger - Zalogowano/input_Robert Majewski_messageInput"), "c"): Text 'c' is set on object 'Object Repository/Page_PSTO webMessenger - Zalogowano/input_Robert Majewski_messageInput'

2021-12-21 18:55:35 - [MESSAGE][PASSED] - Text 'c' is set on object 'Object Repository/Page_PSTO webMessenger - Zalogowano/input_Robert Majewski_messageInput'

2021-12-21 18:55:35 - [TEST_STEP][PASSED] - click(findTestObject("Page_PSTO webMessenger - Zalogowano/img_Robert Majewski_sendButton")): Object: 'Object Repository/Page_PSTO webMessenger - Zalogowano/img_Robert Majewski_sendButton' is clicked on

2021-12-21 18:55:36 - [MESSAGE][PASSED] - Object: 'Object Repository/Page_PSTO webMessenger - Zalogowano/img_Robert Majewski_sendButton' is clicked on

2021-12-21 18:55:36 - [TEST_STEP][PASSED] - setText(findTestObject("Page_PSTO webMessenger - Zalogowano/input_Robert Majewski_messageInput"), "c"): Text 'c' is set on object 'Object Repository/Page_PSTO webMessenger - Zalogowano/input_Robert Majewski_messageInput'

2021-12-21 18:55:37 - [MESSAGE][PASSED] - Text 'c' is set on object 'Object Repository/Page_PSTO webMessenger - Zalogowano/input_Robert Majewski_messageInput'

2021-12-21 18:55:37 - [TEST_STEP][PASSED] - click(findTestObject("Page_PSTO webMessenger - Zalogowano/img_Robert Majewski_sendButton")): Object: 'Object Repository/Page_PSTO webMessenger - Zalogowano/img_Robert Majewski_sendButton' is clicked on

2021-12-21 18:55:37 - [MESSAGE][PASSED] - Object: 'Object Repository/Page_PSTO webMessenger - Zalogowano/img_Robert Majewski_sendButton' is clicked on

2021-12-21 18:55:37 - [TEST_STEP][PASSED] - setText(findTestObject("Page_PSTO webMessenger - Zalogowano/input_Robert Majewski_messageInput"), "c"): Text 'c' is set on object 'Object Repository/Page_PSTO webMessenger - Zalogowano/input_Robert Majewski_messageInput'

2021-12-21 18:55:39 - [MESSAGE][PASSED] - Text 'c' is set on object 'Object Repository/Page_PSTO webMessenger - Zalogowano/input_Robert Majewski_messageInput'

2021-12-21 18:55:39 - [TEST_STEP][PASSED] - click(findTestObject("Page_PSTO webMessenger - Zalogowano/img_Robert Majewski_sendButton")): Object: 'Object Repository/Page_PSTO webMessenger - Zalogowano/img_Robert Majewski_sendButton' is clicked on

2021-12-21 18:55:39 - [MESSAGE][PASSED] - Object: 'Object Repository/Page_PSTO webMessenger - Zalogowano/img_Robert Majewski_sendButton' is clicked on

2021-12-21 18:55:39 - [TEST_STEP][PASSED] - setText(findTestObject("Page_PSTO webMessenger - Zalogowano/input_Robert Majewski_messageInput"), "c"): Text 'c' is set on object 'Object Repository/Page_PSTO webMessenger - Zalogowano/input_Robert Majewski_messageInput'

2021-12-21 18:55:42 - [MESSAGE][PASSED] - Text 'c' is set on object 'Object Repository/Page_PSTO webMessenger - Zalogowano/input_Robert Majewski_messageInput'

2021-12-21 18:55:42 - [TEST_STEP][PASSED] - click(findTestObject("Page_PSTO webMessenger - Zalogowano/img_Robert Majewski_sendButton")): Object: 'Object Repository/Page_PSTO webMessenger - Zalogowano/img_Robert Majewski_sendButton' is clicked on

2021-12-21 18:55:42 - [MESSAGE][PASSED] - Object: 'Object Repository/Page_PSTO webMessenger - Zalogowano/img_Robert Majewski_sendButton' is clicked on

2021-12-21 18:55:42 - [TEST_STEP][PASSED] - setText(findTestObject("Page_PSTO webMessenger - Zalogowano/input_Robert Majewski_messageInput"), "c"): Text 'c' is set on object 'Object Repository/Page_PSTO webMessenger - Zalogowano/input_Robert Majewski_messageInput'

2021-12-21 18:55:43 - [MESSAGE][PASSED] - Text 'c' is set on object 'Object Repository/Page_PSTO webMessenger - Zalogowano/input_Robert Majewski_messageInput'

2021-12-21 18:55:43 - [TEST_STEP][PASSED] - click(findTestObject("Page_PSTO webMessenger - Zalogowano/img_Robert Majewski_sendButton")): Object: 'Object Repository/Page_PSTO webMessenger - Zalogowano/img_Robert Majewski_sendButton' is clicked on

2021-12-21 18:55:44 - [MESSAGE][PASSED] - Object: 'Object Repository/Page_PSTO webMessenger - Zalogowano/img_Robert Majewski_sendButton' is clicked on

2021-12-21 18:55:44 - [TEST_STEP][PASSED] - setText(findTestObject("Page_PSTO webMessenger - Zalogowano/input_Robert Majewski_messageInput"), "c"): Text 'c' is set on object 'Object Repository/Page_PSTO webMessenger - Zalogowano/input_Robert Majewski_messageInput'

2021-12-21 18:55:45 - [MESSAGE][PASSED] - Text 'c' is set on object 'Object Repository/Page_PSTO webMessenger - Zalogowano/input_Robert Majewski_messageInput'

2021-12-21 18:55:45 - [TEST_STEP][PASSED] - click(findTestObject("Page_PSTO webMessenger - Zalogowano/img_Robert Majewski_sendButton")): Object: 'Object Repository/Page_PSTO webMessenger - Zalogowano/img_Robert Majewski_sendButton' is clicked on

2021-12-21 18:55:46 - [MESSAGE][PASSED] - Object: 'Object Repository/Page_PSTO webMessenger - Zalogowano/img_Robert Majewski_sendButton' is clicked on

2021-12-21 18:55:46 - [TEST_STEP][PASSED] - setText(findTestObject("Page_PSTO webMessenger - Zalogowano/input_Robert Majewski_messageInput"), "c"): Text 'c' is set on object 'Object Repository/Page_PSTO webMessenger - Zalogowano/input_Robert Majewski_messageInput'

2021-12-21 18:55:47 - [MESSAGE][PASSED] - Text 'c' is set on object 'Object Repository/Page_PSTO webMessenger - Zalogowano/input_Robert Majewski_messageInput'

2021-12-21 18:55:47 - [TEST_STEP][PASSED] - click(findTestObject("Page_PSTO webMessenger - Zalogowano/img_Robert Majewski_sendButton")): Object: 'Object Repository/Page_PSTO webMessenger - Zalogowano/img_Robert Majewski_sendButton' is clicked on

2021-12-21 18:55:47 - [MESSAGE][PASSED] - Object: 'Object Repository/Page_PSTO webMessenger - Zalogowano/img_Robert Majewski_sendButton' is clicked on

2021-12-21 18:55:47 - [TEST_STEP][PASSED] - setText(findTestObject("Page_PSTO webMessenger - Zalogowano/input_Robert Majewski_messageInput"), "c"): Text 'c' is set on object 'Object Repository/Page_PSTO webMessenger - Zalogowano/input_Robert Majewski_messageInput'

2021-12-21 18:55:48 - [MESSAGE][PASSED] - Text 'c' is set on object 'Object Repository/Page_PSTO webMessenger - Zalogowano/input_Robert Majewski_messageInput'

2021-12-21 18:55:48 - [TEST_STEP][PASSED] - click(findTestObject("Page_PSTO webMessenger - Zalogowano/img_Robert Majewski_sendButton")): Object: 'Object Repository/Page_PSTO webMessenger - Zalogowano/img_Robert Majewski_sendButton' is clicked on

2021-12-21 18:55:49 - [MESSAGE][PASSED] - Object: 'Object Repository/Page_PSTO webMessenger - Zalogowano/img_Robert Majewski_sendButton' is clicked on

2021-12-21 18:55:49 - [TEST_STEP][PASSED] - setText(findTestObject("Page_PSTO webMessenger - Zalogowano/input_Robert Majewski_messageInput"), "c"): Text 'c' is set on object 'Object Repository/Page_PSTO webMessenger - Zalogowano/input_Robert Majewski_messageInput'

2021-12-21 18:55:49 - [MESSAGE][PASSED] - Text 'c' is set on object 'Object Repository/Page_PSTO webMessenger - Zalogowano/input_Robert Majewski_messageInput'

2021-12-21 18:55:49 - [TEST_STEP][PASSED] - click(findTestObject("Page_PSTO webMessenger - Zalogowano/img_Robert Majewski_sendButton")): Object: 'Object Repository/Page_PSTO webMessenger - Zalogowano/img_Robert Majewski_sendButton' is clicked on

2021-12-21 18:55:50 - [MESSAGE][PASSED] - Object: 'Object Repository/Page_PSTO webMessenger - Zalogowano/img_Robert Majewski_sendButton' is clicked on

2021-12-21 18:55:50 - [TEST_STEP][PASSED] - setText(findTestObject("Page_PSTO webMessenger - Zalogowano/input_Robert Majewski_messageInput"), "c"): Text 'c' is set on object 'Object Repository/Page_PSTO webMessenger - Zalogowano/input_Robert Majewski_messageInput'

2021-12-21 18:55:51 - [MESSAGE][PASSED] - Text 'c' is set on object 'Object Repository/Page_PSTO webMessenger - Zalogowano/input_Robert Majewski_messageInput'

2021-12-21 18:55:51 - [TEST_STEP][PASSED] - click(findTestObject("Page_PSTO webMessenger - Zalogowano/img_Robert Majewski_sendButton")): Object: 'Object Repository/Page_PSTO webMessenger - Zalogowano/img_Robert Majewski_sendButton' is clicked on

2021-12-21 18:55:52 - [MESSAGE][PASSED] - Object: 'Object Repository/Page_PSTO webMessenger - Zalogowano/img_Robert Majewski_sendButton' is clicked on

2021-12-21 18:55:52 - [TEST_STEP][PASSED] - setText(findTestObject("Page_PSTO webMessenger - Zalogowano/input_Robert Majewski_messageInput"), "c"): Text 'c' is set on object 'Object Repository/Page_PSTO webMessenger - Zalogowano/input_Robert Majewski_messageInput'

2021-12-21 18:55:53 - [MESSAGE][PASSED] - Text 'c' is set on object 'Object Repository/Page_PSTO webMessenger - Zalogowano/input_Robert Majewski_messageInput'

2021-12-21 18:55:53 - [TEST_STEP][PASSED] - click(findTestObject("Page_PSTO webMessenger - Zalogowano/img_Robert Majewski_sendButton")): Object: 'Object Repository/Page_PSTO webMessenger - Zalogowano/img_Robert Majewski_sendButton' is clicked on

2021-12-21 18:55:53 - [MESSAGE][PASSED] - Object: 'Object Repository/Page_PSTO webMessenger - Zalogowano/img_Robert Majewski_sendButton' is clicked on

2021-12-21 18:55:53 - [TEST_STEP][PASSED] - setText(findTestObject("Page_PSTO webMessenger - Zalogowano/input_Robert Majewski_messageInput"), "c"): Text 'c' is set on object 'Object Repository/Page_PSTO webMessenger - Zalogowano/input_Robert Majewski_messageInput'

2021-12-21 18:55:54 - [MESSAGE][PASSED] - Text 'c' is set on object 'Object Repository/Page_PSTO webMessenger - Zalogowano/input_Robert Majewski_messageInput'

2021-12-21 18:55:54 - [TEST_STEP][PASSED] - click(findTestObject("Page_PSTO webMessenger - Zalogowano/img_Robert Majewski_sendButton")): Object: 'Object Repository/Page_PSTO webMessenger - Zalogowano/img_Robert Majewski_sendButton' is clicked on

2021-12-21 18:55:54 - [MESSAGE][PASSED] - Object: 'Object Repository/Page_PSTO webMessenger - Zalogowano/img_Robert Majewski_sendButton' is clicked on

2021-12-21 18:55:54 - [TEST_STEP][PASSED] - setText(findTestObject("Page_PSTO webMessenger - Zalogowano/input_Robert Majewski_messageInput"), "c"): Text 'c' is set on object 'Object Repository/Page_PSTO webMessenger - Zalogowano/input_Robert Majewski_messageInput'

2021-12-21 18:55:55 - [MESSAGE][PASSED] - Text 'c' is set on object 'Object Repository/Page_PSTO webMessenger - Zalogowano/input_Robert Majewski_messageInput'

2021-12-21 18:55:55 - [TEST_STEP][PASSED] - click(findTestObject("Page_PSTO webMessenger - Zalogowano/img_Robert Majewski_sendButton")): Object: 'Object Repository/Page_PSTO webMessenger - Zalogowano/img_Robert Majewski_sendButton' is clicked on

2021-12-21 18:55:56 - [MESSAGE][PASSED] - Object: 'Object Repository/Page_PSTO webMessenger - Zalogowano/img_Robert Majewski_sendButton' is clicked on

2021-12-21 18:55:56 - [TEST_STEP][PASSED] - setText(findTestObject("Page_PSTO webMessenger - Zalogowano/input_Robert Majewski_messageInput"), "c"): Text 'c' is set on object 'Object Repository/Page_PSTO webMessenger - Zalogowano/input_Robert Majewski_messageInput'

2021-12-21 18:55:57 - [MESSAGE][PASSED] - Text 'c' is set on object 'Object Repository/Page_PSTO webMessenger - Zalogowano/input_Robert Majewski_messageInput'

2021-12-21 18:55:57 - [TEST_STEP][PASSED] - click(findTestObject("Page_PSTO webMessenger - Zalogowano/img_Robert Majewski_sendButton")): Object: 'Object Repository/Page_PSTO webMessenger - Zalogowano/img_Robert Majewski_sendButton' is clicked on

2021-12-21 18:55:57 - [MESSAGE][PASSED] - Object: 'Object Repository/Page_PSTO webMessenger - Zalogowano/img_Robert Majewski_sendButton' is clicked on

2021-12-21 18:55:57 - [TEST_STEP][PASSED] - setText(findTestObject("Page_PSTO webMessenger - Zalogowano/input_Robert Majewski_messageInput"), "c"): Text 'c' is set on object 'Object Repository/Page_PSTO webMessenger - Zalogowano/input_Robert Majewski_messageInput'

2021-12-21 18:55:58 - [MESSAGE][PASSED] - Text 'c' is set on object 'Object Repository/Page_PSTO webMessenger - Zalogowano/input_Robert Majewski_messageInput'

2021-12-21 18:55:58 - [TEST_STEP][PASSED] - click(findTestObject("Page_PSTO webMessenger - Zalogowano/img_Robert Majewski_sendButton")): Object: 'Object Repository/Page_PSTO webMessenger - Zalogowano/img_Robert Majewski_sendButton' is clicked on

2021-12-21 18:55:58 - [MESSAGE][PASSED] - Object: 'Object Repository/Page_PSTO webMessenger - Zalogowano/img_Robert Majewski_sendButton' is clicked on

2021-12-21 18:55:58 - [TEST_STEP][PASSED] - setText(findTestObject("Page_PSTO webMessenger - Zalogowano/input_Robert Majewski_messageInput"), "c"): Text 'c' is set on object 'Object Repository/Page_PSTO webMessenger - Zalogowano/input_Robert Majewski_messageInput'

2021-12-21 18:55:59 - [MESSAGE][PASSED] - Text 'c' is set on object 'Object Repository/Page_PSTO webMessenger - Zalogowano/input_Robert Majewski_messageInput'

2021-12-21 18:55:59 - [TEST_STEP][PASSED] - click(findTestObject("Page_PSTO webMessenger - Zalogowano/img_Robert Majewski_sendButton")): Object: 'Object Repository/Page_PSTO webMessenger - Zalogowano/img_Robert Majewski_sendButton' is clicked on

2021-12-21 18:56:00 - [MESSAGE][PASSED] - Object: 'Object Repository/Page_PSTO webMessenger - Zalogowano/img_Robert Majewski_sendButton' is clicked on

2021-12-21 18:56:00 - [TEST_STEP][PASSED] - setText(findTestObject("Page_PSTO webMessenger - Zalogowano/input_Robert Majewski_messageInput"), "c"): Text 'c' is set on object 'Object Repository/Page_PSTO webMessenger - Zalogowano/input_Robert Majewski_messageInput'

2021-12-21 18:56:02 - [MESSAGE][PASSED] - Text 'c' is set on object 'Object Repository/Page_PSTO webMessenger - Zalogowano/input_Robert Majewski_messageInput'

2021-12-21 18:56:02 - [TEST_STEP][PASSED] - click(findTestObject("Page_PSTO webMessenger - Zalogowano/img_Robert Majewski_sendButton")): Object: 'Object Repository/Page_PSTO webMessenger - Zalogowano/img_Robert Majewski_sendButton' is clicked on

2021-12-21 18:56:03 - [MESSAGE][PASSED] - Object: 'Object Repository/Page_PSTO webMessenger - Zalogowano/img_Robert Majewski_sendButton' is clicked on

2021-12-21 18:56:03 - [TEST_STEP][PASSED] - setText(findTestObject("Page_PSTO webMessenger - Zalogowano/input_Robert Majewski_messageInput"), "c"): Text 'c' is set on object 'Object Repository/Page_PSTO webMessenger - Zalogowano/input_Robert Majewski_messageInput'

2021-12-21 18:56:03 - [MESSAGE][PASSED] - Text 'c' is set on object 'Object Repository/Page_PSTO webMessenger - Zalogowano/input_Robert Majewski_messageInput'

2021-12-21 18:56:03 - [TEST_STEP][PASSED] - click(findTestObject("Page_PSTO webMessenger - Zalogowano/img_Robert Majewski_sendButton")): Object: 'Object Repository/Page_PSTO webMessenger - Zalogowano/img_Robert Majewski_sendButton' is clicked on

2021-12-21 18:56:04 - [MESSAGE][PASSED] - Object: 'Object Repository/Page_PSTO webMessenger - Zalogowano/img_Robert Majewski_sendButton' is clicked on

2021-12-21 18:56:04 - [TEST_STEP][PASSED] - setText(findTestObject("Page_PSTO webMessenger - Zalogowano/input_Robert Majewski_messageInput"), "c"): Text 'c' is set on object 'Object Repository/Page_PSTO webMessenger - Zalogowano/input_Robert Majewski_messageInput'

2021-12-21 18:56:05 - [MESSAGE][PASSED] - Text 'c' is set on object 'Object Repository/Page_PSTO webMessenger - Zalogowano/input_Robert Majewski_messageInput'

2021-12-21 18:56:05 - [TEST_STEP][PASSED] - click(findTestObject("Page_PSTO webMessenger - Zalogowano/img_Robert Majewski_sendButton")): Object: 'Object Repository/Page_PSTO webMessenger - Zalogowano/img_Robert Majewski_sendButton' is clicked on

2021-12-21 18:56:06 - [MESSAGE][PASSED] - Object: 'Object Repository/Page_PSTO webMessenger - Zalogowano/img_Robert Majewski_sendButton' is clicked on

2021-12-21 18:56:06 - [TEST_STEP][PASSED] - setText(findTestObject("Page_PSTO webMessenger - Zalogowano/input_Robert Majewski_messageInput"), "c"): Text 'c' is set on object 'Object Repository/Page_PSTO webMessenger - Zalogowano/input_Robert Majewski_messageInput'

2021-12-21 18:56:07 - [MESSAGE][PASSED] - Text 'c' is set on object 'Object Repository/Page_PSTO webMessenger - Zalogowano/input_Robert Majewski_messageInput'

2021-12-21 18:56:07 - [TEST_STEP][PASSED] - click(findTestObject("Page_PSTO webMessenger - Zalogowano/img_Robert Majewski_sendButton")): Object: 'Object Repository/Page_PSTO webMessenger - Zalogowano/img_Robert Majewski_sendButton' is clicked on

2021-12-21 18:56:07 - [MESSAGE][PASSED] - Object: 'Object Repository/Page_PSTO webMessenger - Zalogowano/img_Robert Majewski_sendButton' is clicked on

2021-12-21 18:56:07 - [TEST_STEP][PASSED] - setText(findTestObject("Page_PSTO webMessenger - Zalogowano/input_Robert Majewski_messageInput"), "c"): Text 'c' is set on object 'Object Repository/Page_PSTO webMessenger - Zalogowano/input_Robert Majewski_messageInput'

2021-12-21 18:56:08 - [MESSAGE][PASSED] - Text 'c' is set on object 'Object Repository/Page_PSTO webMessenger - Zalogowano/input_Robert Majewski_messageInput'

2021-12-21 18:56:08 - [TEST_STEP][PASSED] - click(findTestObject("Page_PSTO webMessenger - Zalogowano/img_Robert Majewski_sendButton")): Object: 'Object Repository/Page_PSTO webMessenger - Zalogowano/img_Robert Majewski_sendButton' is clicked on

2021-12-21 18:56:08 - [MESSAGE][PASSED] - Object: 'Object Repository/Page_PSTO webMessenger - Zalogowano/img_Robert Majewski_sendButton' is clicked on

2021-12-21 18:56:08 - [TEST_STEP][PASSED] - setText(findTestObject("Page_PSTO webMessenger - Zalogowano/input_Robert Majewski_messageInput"), "c"): Text 'c' is set on object 'Object Repository/Page_PSTO webMessenger - Zalogowano/input_Robert Majewski_messageInput'

2021-12-21 18:56:09 - [MESSAGE][PASSED] - Text 'c' is set on object 'Object Repository/Page_PSTO webMessenger - Zalogowano/input_Robert Majewski_messageInput'

2021-12-21 18:56:09 - [TEST_STEP][PASSED] - click(findTestObject("Page_PSTO webMessenger - Zalogowano/img_Robert Majewski_sendButton")): Object: 'Object Repository/Page_PSTO webMessenger - Zalogowano/img_Robert Majewski_sendButton' is clicked on

2021-12-21 18:56:10 - [MESSAGE][PASSED] - Object: 'Object Repository/Page_PSTO webMessenger - Zalogowano/img_Robert Majewski_sendButton' is clicked on

2021-12-21 18:56:10 - [TEST_STEP][PASSED] - setText(findTestObject("Page_PSTO webMessenger - Zalogowano/input_Robert Majewski_messageInput"), "c"): Text 'c' is set on object 'Object Repository/Page_PSTO webMessenger - Zalogowano/input_Robert Majewski_messageInput'

2021-12-21 18:56:11 - [MESSAGE][PASSED] - Text 'c' is set on object 'Object Repository/Page_PSTO webMessenger - Zalogowano/input_Robert Majewski_messageInput'

2021-12-21 18:56:11 - [TEST_STEP][PASSED] - click(findTestObject("Page_PSTO webMessenger - Zalogowano/img_Robert Majewski_sendButton")): Object: 'Object Repository/Page_PSTO webMessenger - Zalogowano/img_Robert Majewski_sendButton' is clicked on

2021-12-21 18:56:12 - [MESSAGE][PASSED] - Object: 'Object Repository/Page_PSTO webMessenger - Zalogowano/img_Robert Majewski_sendButton' is clicked on

2021-12-21 18:56:12 - [TEST_STEP][PASSED] - setText(findTestObject("Page_PSTO webMessenger - Zalogowano/input_Robert Majewski_messageInput"), "c"): Text 'c' is set on object 'Object Repository/Page_PSTO webMessenger - Zalogowano/input_Robert Majewski_messageInput'

2021-12-21 18:56:13 - [MESSAGE][PASSED] - Text 'c' is set on object 'Object Repository/Page_PSTO webMessenger - Zalogowano/input_Robert Majewski_messageInput'

2021-12-21 18:56:13 - [TEST_STEP][PASSED] - click(findTestObject("Page_PSTO webMessenger - Zalogowano/img_Robert Majewski_sendButton")): Object: 'Object Repository/Page_PSTO webMessenger - Zalogowano/img_Robert Majewski_sendButton' is clicked on

2021-12-21 18:56:13 - [MESSAGE][PASSED] - Object: 'Object Repository/Page_PSTO webMessenger - Zalogowano/img_Robert Majewski_sendButton' is clicked on

2021-12-21 18:56:13 - [TEST_STEP][PASSED] - setText(findTestObject("Page_PSTO webMessenger - Zalogowano/input_Robert Majewski_messageInput"), "c"): Text 'c' is set on object 'Object Repository/Page_PSTO webMessenger - Zalogowano/input_Robert Majewski_messageInput'

2021-12-21 18:56:14 - [MESSAGE][PASSED] - Text 'c' is set on object 'Object Repository/Page_PSTO webMessenger - Zalogowano/input_Robert Majewski_messageInput'

2021-12-21 18:56:14 - [TEST_STEP][PASSED] - click(findTestObject("Page_PSTO webMessenger - Zalogowano/img_Robert Majewski_sendButton")): Object: 'Object Repository/Page_PSTO webMessenger - Zalogowano/img_Robert Majewski_sendButton' is clicked on

2021-12-21 18:56:15 - [MESSAGE][PASSED] - Object: 'Object Repository/Page_PSTO webMessenger - Zalogowano/img_Robert Majewski_sendButton' is clicked on

2021-12-21 18:56:15 - [TEST_STEP][PASSED] - setText(findTestObject("Page_PSTO webMessenger - Zalogowano/input_Robert Majewski_messageInput"), "c"): Text 'c' is set on object 'Object Repository/Page_PSTO webMessenger - Zalogowano/input_Robert Majewski_messageInput'

2021-12-21 18:56:16 - [MESSAGE][PASSED] - Text 'c' is set on object 'Object Repository/Page_PSTO webMessenger - Zalogowano/input_Robert Majewski_messageInput'

2021-12-21 18:56:16 - [TEST_STEP][PASSED] - click(findTestObject("Page_PSTO webMessenger - Zalogowano/img_Robert Majewski_sendButton")): Object: 'Object Repository/Page_PSTO webMessenger - Zalogowano/img_Robert Majewski_sendButton' is clicked on

2021-12-21 18:56:16 - [MESSAGE][PASSED] - Object: 'Object Repository/Page_PSTO webMessenger - Zalogowano/img_Robert Majewski_sendButton' is clicked on

2021-12-21 18:56:16 - [TEST_STEP][PASSED] - setText(findTestObject("Page_PSTO webMessenger - Zalogowano/input_Robert Majewski_messageInput"), "c"): Text 'c' is set on object 'Object Repository/Page_PSTO webMessenger - Zalogowano/input_Robert Majewski_messageInput'

2021-12-21 18:56:17 - [MESSAGE][PASSED] - Text 'c' is set on object 'Object Repository/Page_PSTO webMessenger - Zalogowano/input_Robert Majewski_messageInput'

2021-12-21 18:56:17 - [TEST_STEP][PASSED] - click(findTestObject("Page_PSTO webMessenger - Zalogowano/img_Robert Majewski_sendButton")): Object: 'Object Repository/Page_PSTO webMessenger - Zalogowano/img_Robert Majewski_sendButton' is clicked on

2021-12-21 18:56:17 - [MESSAGE][PASSED] - Object: 'Object Repository/Page_PSTO webMessenger - Zalogowano/img_Robert Majewski_sendButton' is clicked on

2021-12-21 18:56:17 - [TEST_STEP][PASSED] - setText(findTestObject("Page_PSTO webMessenger - Zalogowano/input_Robert Majewski_messageInput"), "c"): Text 'c' is set on object 'Object Repository/Page_PSTO webMessenger - Zalogowano/input_Robert Majewski_messageInput'

2021-12-21 18:56:18 - [MESSAGE][PASSED] - Text 'c' is set on object 'Object Repository/Page_PSTO webMessenger - Zalogowano/input_Robert Majewski_messageInput'

2021-12-21 18:56:18 - [TEST_STEP][PASSED] - click(findTestObject("Page_PSTO webMessenger - Zalogowano/img_Robert Majewski_sendButton")): Object: 'Object Repository/Page_PSTO webMessenger - Zalogowano/img_Robert Majewski_sendButton' is clicked on

2021-12-21 18:56:19 - [MESSAGE][PASSED] - Object: 'Object Repository/Page_PSTO webMessenger - Zalogowano/img_Robert Majewski_sendButton' is clicked on

2021-12-21 18:56:19 - [TEST_STEP][PASSED] - setText(findTestObject("Page_PSTO webMessenger - Zalogowano/input_Robert Majewski_messageInput"), "c"): Text 'c' is set on object 'Object Repository/Page_PSTO webMessenger - Zalogowano/input_Robert Majewski_messageInput'

2021-12-21 18:56:19 - [MESSAGE][PASSED] - Text 'c' is set on object 'Object Repository/Page_PSTO webMessenger - Zalogowano/input_Robert Majewski_messageInput'

2021-12-21 18:56:19 - [TEST_STEP][PASSED] - click(findTestObject("Page_PSTO webMessenger - Zalogowano/img_Robert Majewski_sendButton")): Object: 'Object Repository/Page_PSTO webMessenger - Zalogowano/img_Robert Majewski_sendButton' is clicked on

2021-12-21 18:56:20 - [MESSAGE][PASSED] - Object: 'Object Repository/Page_PSTO webMessenger - Zalogowano/img_Robert Majewski_sendButton' is clicked on

2021-12-21 18:56:20 - [TEST_STEP][PASSED] - setText(findTestObject("Page_PSTO webMessenger - Zalogowano/input_Robert Majewski_messageInput"), "c"): Text 'c' is set on object 'Object Repository/Page_PSTO webMessenger - Zalogowano/input_Robert Majewski_messageInput'

2021-12-21 18:56:22 - [MESSAGE][PASSED] - Text 'c' is set on object 'Object Repository/Page_PSTO webMessenger - Zalogowano/input_Robert Majewski_messageInput'

2021-12-21 18:56:22 - [TEST_STEP][PASSED] - click(findTestObject("Page_PSTO webMessenger - Zalogowano/img_Robert Majewski_sendButton")): Object: 'Object Repository/Page_PSTO webMessenger - Zalogowano/img_Robert Majewski_sendButton' is clicked on

2021-12-21 18:56:23 - [MESSAGE][PASSED] - Object: 'Object Repository/Page_PSTO webMessenger - Zalogowano/img_Robert Majewski_sendButton' is clicked on

2021-12-21 18:56:23 - [TEST_STEP][PASSED] - setText(findTestObject("Page_PSTO webMessenger - Zalogowano/input_Robert Majewski_messageInput"), "c"): Text 'c' is set on object 'Object Repository/Page_PSTO webMessenger - Zalogowano/input_Robert Majewski_messageInput'

2021-12-21 18:56:25 - [MESSAGE][PASSED] - Text 'c' is set on object 'Object Repository/Page_PSTO webMessenger - Zalogowano/input_Robert Majewski_messageInput'

2021-12-21 18:56:25 - [TEST_STEP][PASSED] - click(findTestObject("Page_PSTO webMessenger - Zalogowano/img_Robert Majewski_sendButton")): Object: 'Object Repository/Page_PSTO webMessenger - Zalogowano/img_Robert Majewski_sendButton' is clicked on

2021-12-21 18:56:25 - [MESSAGE][PASSED] - Object: 'Object Repository/Page_PSTO webMessenger - Zalogowano/img_Robert Majewski_sendButton' is clicked on

2021-12-21 18:56:25 - [TEST_STEP][PASSED] - setText(findTestObject("Page_PSTO webMessenger - Zalogowano/input_Robert Majewski_messageInput"), "c"): Text 'c' is set on object 'Object Repository/Page_PSTO webMessenger - Zalogowano/input_Robert Majewski_messageInput'

2021-12-21 18:56:26 - [MESSAGE][PASSED] - Text 'c' is set on object 'Object Repository/Page_PSTO webMessenger - Zalogowano/input_Robert Majewski_messageInput'

2021-12-21 18:56:26 - [TEST_STEP][PASSED] - click(findTestObject("Page_PSTO webMessenger - Zalogowano/img_Robert Majewski_sendButton")): Object: 'Object Repository/Page_PSTO webMessenger - Zalogowano/img_Robert Majewski_sendButton' is clicked on

2021-12-21 18:56:27 - [MESSAGE][PASSED] - Object: 'Object Repository/Page_PSTO webMessenger - Zalogowano/img_Robert Majewski_sendButton' is clicked on

2021-12-21 18:56:27 - [TEST_STEP][PASSED] - setText(findTestObject("Page_PSTO webMessenger - Zalogowano/input_Robert Majewski_messageInput"), "c"): Text 'c' is set on object 'Object Repository/Page_PSTO webMessenger - Zalogowano/input_Robert Majewski_messageInput'

2021-12-21 18:56:28 - [MESSAGE][PASSED] - Text 'c' is set on object 'Object Repository/Page_PSTO webMessenger - Zalogowano/input_Robert Majewski_messageInput'

2021-12-21 18:56:28 - [TEST_STEP][PASSED] - click(findTestObject("Page_PSTO webMessenger - Zalogowano/img_Robert Majewski_sendButton")): Object: 'Object Repository/Page_PSTO webMessenger - Zalogowano/img_Robert Majewski_sendButton' is clicked on

2021-12-21 18:56:29 - [MESSAGE][PASSED] - Object: 'Object Repository/Page_PSTO webMessenger - Zalogowano/img_Robert Majewski_sendButton' is clicked on

2021-12-21 18:56:29 - [TEST_STEP][PASSED] - setText(findTestObject("Page_PSTO webMessenger - Zalogowano/input_Robert Majewski_messageInput"), "c"): Text 'c' is set on object 'Object Repository/Page_PSTO webMessenger - Zalogowano/input_Robert Majewski_messageInput'

2021-12-21 18:56:29 - [MESSAGE][PASSED] - Text 'c' is set on object 'Object Repository/Page_PSTO webMessenger - Zalogowano/input_Robert Majewski_messageInput'

2021-12-21 18:56:29 - [TEST_STEP][PASSED] - click(findTestObject("Page_PSTO webMessenger - Zalogowano/img_Robert Majewski_sendButton")): Object: 'Object Repository/Page_PSTO webMessenger - Zalogowano/img_Robert Majewski_sendButton' is clicked on

2021-12-21 18:56:30 - [MESSAGE][PASSED] - Object: 'Object Repository/Page_PSTO webMessenger - Zalogowano/img_Robert Majewski_sendButton' is clicked on

2021-12-21 18:56:30 - [TEST_STEP][PASSED] - setText(findTestObject("Page_PSTO webMessenger - Zalogowano/input_Robert Majewski_messageInput"), "c"): Text 'c' is set on object 'Object Repository/Page_PSTO webMessenger - Zalogowano/input_Robert Majewski_messageInput'

2021-12-21 18:56:32 - [MESSAGE][PASSED] - Text 'c' is set on object 'Object Repository/Page_PSTO webMessenger - Zalogowano/input_Robert Majewski_messageInput'

2021-12-21 18:56:32 - [TEST_STEP][PASSED] - click(findTestObject("Page_PSTO webMessenger - Zalogowano/img_Robert Majewski_sendButton")): Object: 'Object Repository/Page_PSTO webMessenger - Zalogowano/img_Robert Majewski_sendButton' is clicked on

2021-12-21 18:56:32 - [MESSAGE][PASSED] - Object: 'Object Repository/Page_PSTO webMessenger - Zalogowano/img_Robert Majewski_sendButton' is clicked on

2021-12-21 18:56:32 - [TEST_STEP][PASSED] - setText(findTestObject("Page_PSTO webMessenger - Zalogowano/input_Robert Majewski_messageInput"), "c"): Text 'c' is set on object 'Object Repository/Page_PSTO webMessenger - Zalogowano/input_Robert Majewski_messageInput'

2021-12-21 18:56:33 - [MESSAGE][PASSED] - Text 'c' is set on object 'Object Repository/Page_PSTO webMessenger - Zalogowano/input_Robert Majewski_messageInput'

2021-12-21 18:56:33 - [TEST_STEP][PASSED] - click(findTestObject("Page_PSTO webMessenger - Zalogowano/img_Robert Majewski_sendButton")): Object: 'Object Repository/Page_PSTO webMessenger - Zalogowano/img_Robert Majewski_sendButton' is clicked on

2021-12-21 18:56:34 - [MESSAGE][PASSED] - Object: 'Object Repository/Page_PSTO webMessenger - Zalogowano/img_Robert Majewski_sendButton' is clicked on

2021-12-21 18:56:34 - [TEST_STEP][PASSED] - setText(findTestObject("Page_PSTO webMessenger - Zalogowano/input_Robert Majewski_messageInput"), "c"): Text 'c' is set on object 'Object Repository/Page_PSTO webMessenger - Zalogowano/input_Robert Majewski_messageInput'

2021-12-21 18:56:35 - [MESSAGE][PASSED] - Text 'c' is set on object 'Object Repository/Page_PSTO webMessenger - Zalogowano/input_Robert Majewski_messageInput'

2021-12-21 18:56:35 - [TEST_STEP][PASSED] - click(findTestObject("Page_PSTO webMessenger - Zalogowano/img_Robert Majewski_sendButton")): Object: 'Object Repository/Page_PSTO webMessenger - Zalogowano/img_Robert Majewski_sendButton' is clicked on

2021-12-21 18:56:36 - [MESSAGE][PASSED] - Object: 'Object Repository/Page_PSTO webMessenger - Zalogowano/img_Robert Majewski_sendButton' is clicked on

2021-12-21 18:56:36 - [TEST_STEP][PASSED] - setText(findTestObject("Page_PSTO webMessenger - Zalogowano/input_Robert Majewski_messageInput"), "c"): Text 'c' is set on object 'Object Repository/Page_PSTO webMessenger - Zalogowano/input_Robert Majewski_messageInput'

2021-12-21 18:56:37 - [MESSAGE][PASSED] - Text 'c' is set on object 'Object Repository/Page_PSTO webMessenger - Zalogowano/input_Robert Majewski_messageInput'

2021-12-21 18:56:37 - [TEST_STEP][PASSED] - click(findTestObject("Page_PSTO webMessenger - Zalogowano/img_Robert Majewski_sendButton")): Object: 'Object Repository/Page_PSTO webMessenger - Zalogowano/img_Robert Majewski_sendButton' is clicked on

2021-12-21 18:56:37 - [MESSAGE][PASSED] - Object: 'Object Repository/Page_PSTO webMessenger - Zalogowano/img_Robert Majewski_sendButton' is clicked on

2021-12-21 18:56:37 - [TEST_STEP][PASSED] - setText(findTestObject("Page_PSTO webMessenger - Zalogowano/input_Robert Majewski_messageInput"), "c"): Text 'c' is set on object 'Object Repository/Page_PSTO webMessenger - Zalogowano/input_Robert Majewski_messageInput'

2021-12-21 18:56:38 - [MESSAGE][PASSED] - Text 'c' is set on object 'Object Repository/Page_PSTO webMessenger - Zalogowano/input_Robert Majewski_messageInput'

2021-12-21 18:56:38 - [TEST_STEP][PASSED] - click(findTestObject("Page_PSTO webMessenger - Zalogowano/img_Robert Majewski_sendButton")): Object: 'Object Repository/Page_PSTO webMessenger - Zalogowano/img_Robert Majewski_sendButton' is clicked on

2021-12-21 18:56:38 - [MESSAGE][PASSED] - Object: 'Object Repository/Page_PSTO webMessenger - Zalogowano/img_Robert Majewski_sendButton' is clicked on

2021-12-21 18:56:38 - [TEST_STEP][PASSED] - setText(findTestObject("Page_PSTO webMessenger - Zalogowano/input_Robert Majewski_messageInput"), "c"): Text 'c' is set on object 'Object Repository/Page_PSTO webMessenger - Zalogowano/input_Robert Majewski_messageInput'

2021-12-21 18:56:39 - [MESSAGE][PASSED] - Text 'c' is set on object 'Object Repository/Page_PSTO webMessenger - Zalogowano/input_Robert Majewski_messageInput'

2021-12-21 18:56:39 - [TEST_STEP][PASSED] - click(findTestObject("Page_PSTO webMessenger - Zalogowano/img_Robert Majewski_sendButton")): Object: 'Object Repository/Page_PSTO webMessenger - Zalogowano/img_Robert Majewski_sendButton' is clicked on

2021-12-21 18:56:40 - [MESSAGE][PASSED] - Object: 'Object Repository/Page_PSTO webMessenger - Zalogowano/img_Robert Majewski_sendButton' is clicked on

2021-12-21 18:56:40 - [TEST_STEP][PASSED] - setText(findTestObject("Page_PSTO webMessenger - Zalogowano/input_Robert Majewski_messageInput"), "c"): Text 'c' is set on object 'Object Repository/Page_PSTO webMessenger - Zalogowano/input_Robert Majewski_messageInput'

2021-12-21 18:56:42 - [MESSAGE][PASSED] - Text 'c' is set on object 'Object Repository/Page_PSTO webMessenger - Zalogowano/input_Robert Majewski_messageInput'

2021-12-21 18:56:42 - [TEST_STEP][PASSED] - click(findTestObject("Page_PSTO webMessenger - Zalogowano/img_Robert Majewski_sendButton")): Object: 'Object Repository/Page_PSTO webMessenger - Zalogowano/img_Robert Majewski_sendButton' is clicked on

2021-12-21 18:56:43 - [MESSAGE][PASSED] - Object: 'Object Repository/Page_PSTO webMessenger - Zalogowano/img_Robert Majewski_sendButton' is clicked on

2021-12-21 18:56:43 - [TEST_STEP][PASSED] - setText(findTestObject("Page_PSTO webMessenger - Zalogowano/input_Robert Majewski_messageInput"), "c"): Text 'c' is set on object 'Object Repository/Page_PSTO webMessenger - Zalogowano/input_Robert Majewski_messageInput'

2021-12-21 18:56:43 - [MESSAGE][PASSED] - Text 'c' is set on object 'Object Repository/Page_PSTO webMessenger - Zalogowano/input_Robert Majewski_messageInput'

2021-12-21 18:56:43 - [TEST_STEP][PASSED] - click(findTestObject("Page_PSTO webMessenger - Zalogowano/img_Robert Majewski_sendButton")): Object: 'Object Repository/Page_PSTO webMessenger - Zalogowano/img_Robert Majewski_sendButton' is clicked on

2021-12-21 18:56:44 - [MESSAGE][PASSED] - Object: 'Object Repository/Page_PSTO webMessenger - Zalogowano/img_Robert Majewski_sendButton' is clicked on

2021-12-21 18:56:44 - [TEST_STEP][PASSED] - setText(findTestObject("Page_PSTO webMessenger - Zalogowano/input_Robert Majewski_messageInput"), "c"): Text 'c' is set on object 'Object Repository/Page_PSTO webMessenger - Zalogowano/input_Robert Majewski_messageInput'

2021-12-21 18:56:45 - [MESSAGE][PASSED] - Text 'c' is set on object 'Object Repository/Page_PSTO webMessenger - Zalogowano/input_Robert Majewski_messageInput'

2021-12-21 18:56:45 - [TEST_STEP][PASSED] - click(findTestObject("Page_PSTO webMessenger - Zalogowano/img_Robert Majewski_sendButton")): Object: 'Object Repository/Page_PSTO webMessenger - Zalogowano/img_Robert Majewski_sendButton' is clicked on

2021-12-21 18:56:45 - [MESSAGE][PASSED] - Object: 'Object Repository/Page_PSTO webMessenger - Zalogowano/img_Robert Majewski_sendButton' is clicked on

2021-12-21 18:56:45 - [TEST_STEP][PASSED] - setText(findTestObject("Page_PSTO webMessenger - Zalogowano/input_Robert Majewski_messageInput"), "c"): Text 'c' is set on object 'Object Repository/Page_PSTO webMessenger - Zalogowano/input_Robert Majewski_messageInput'

2021-12-21 18:56:47 - [MESSAGE][PASSED] - Text 'c' is set on object 'Object Repository/Page_PSTO webMessenger - Zalogowano/input_Robert Majewski_messageInput'

2021-12-21 18:56:47 - [TEST_STEP][PASSED] - click(findTestObject("Page_PSTO webMessenger - Zalogowano/img_Robert Majewski_sendButton")): Object: 'Object Repository/Page_PSTO webMessenger - Zalogowano/img_Robert Majewski_sendButton' is clicked on

2021-12-21 18:56:48 - [MESSAGE][PASSED] - Object: 'Object Repository/Page_PSTO webMessenger - Zalogowano/img_Robert Majewski_sendButton' is clicked on

2021-12-21 18:56:48 - [TEST_STEP][PASSED] - setText(findTestObject("Page_PSTO webMessenger - Zalogowano/input_Robert Majewski_messageInput"), "c"): Text 'c' is set on object 'Object Repository/Page_PSTO webMessenger - Zalogowano/input_Robert Majewski_messageInput'

2021-12-21 18:56:49 - [MESSAGE][PASSED] - Text 'c' is set on object 'Object Repository/Page_PSTO webMessenger - Zalogowano/input_Robert Majewski_messageInput'

2021-12-21 18:56:49 - [TEST_STEP][PASSED] - click(findTestObject("Page_PSTO webMessenger - Zalogowano/img_Robert Majewski_sendButton")): Object: 'Object Repository/Page_PSTO webMessenger - Zalogowano/img_Robert Majewski_sendButton' is clicked on

2021-12-21 18:56:50 - [MESSAGE][PASSED] - Object: 'Object Repository/Page_PSTO webMessenger - Zalogowano/img_Robert Majewski_sendButton' is clicked on

2021-12-21 18:56:50 - [TEST_STEP][PASSED] - setText(findTestObject("Page_PSTO webMessenger - Zalogowano/input_Robert Majewski_messageInput"), "c"): Text 'c' is set on object 'Object Repository/Page_PSTO webMessenger - Zalogowano/input_Robert Majewski_messageInput'

2021-12-21 18:56:52 - [MESSAGE][PASSED] - Text 'c' is set on object 'Object Repository/Page_PSTO webMessenger - Zalogowano/input_Robert Majewski_messageInput'

2021-12-21 18:56:52 - [TEST_STEP][PASSED] - click(findTestObject("Page_PSTO webMessenger - Zalogowano/img_Robert Majewski_sendButton")): Object: 'Object Repository/Page_PSTO webMessenger - Zalogowano/img_Robert Majewski_sendButton' is clicked on

2021-12-21 18:56:53 - [MESSAGE][PASSED] - Object: 'Object Repository/Page_PSTO webMessenger - Zalogowano/img_Robert Majewski_sendButton' is clicked on

2021-12-21 18:56:53 - [TEST_STEP][PASSED] - setText(findTestObject("Page_PSTO webMessenger - Zalogowano/input_Robert Majewski_messageInput"), "c"): Text 'c' is set on object 'Object Repository/Page_PSTO webMessenger - Zalogowano/input_Robert Majewski_messageInput'

2021-12-21 18:56:54 - [MESSAGE][PASSED] - Text 'c' is set on object 'Object Repository/Page_PSTO webMessenger - Zalogowano/input_Robert Majewski_messageInput'

2021-12-21 18:56:54 - [TEST_STEP][PASSED] - click(findTestObject("Page_PSTO webMessenger - Zalogowano/img_Robert Majewski_sendButton")): Object: 'Object Repository/Page_PSTO webMessenger - Zalogowano/img_Robert Majewski_sendButton' is clicked on

2021-12-21 18:56:55 - [MESSAGE][PASSED] - Object: 'Object Repository/Page_PSTO webMessenger - Zalogowano/img_Robert Majewski_sendButton' is clicked on

2021-12-21 18:56:55 - [TEST_STEP][PASSED] - setText(findTestObject("Page_PSTO webMessenger - Zalogowano/input_Robert Majewski_messageInput"), "c"): Text 'c' is set on object 'Object Repository/Page_PSTO webMessenger - Zalogowano/input_Robert Majewski_messageInput'

2021-12-21 18:56:56 - [MESSAGE][PASSED] - Text 'c' is set on object 'Object Repository/Page_PSTO webMessenger - Zalogowano/input_Robert Majewski_messageInput'

2021-12-21 18:56:56 - [TEST_STEP][PASSED] - click(findTestObject("Page_PSTO webMessenger - Zalogowano/img_Robert Majewski_sendButton")): Object: 'Object Repository/Page_PSTO webMessenger - Zalogowano/img_Robert Majewski_sendButton' is clicked on

2021-12-21 18:56:57 - [MESSAGE][PASSED] - Object: 'Object Repository/Page_PSTO webMessenger - Zalogowano/img_Robert Majewski_sendButton' is clicked on

2021-12-21 18:56:57 - [TEST_STEP][PASSED] - setText(findTestObject("Page_PSTO webMessenger - Zalogowano/input_Robert Majewski_messageInput"), "c"): Text 'c' is set on object 'Object Repository/Page_PSTO webMessenger - Zalogowano/input_Robert Majewski_messageInput'

2021-12-21 18:56:57 - [MESSAGE][PASSED] - Text 'c' is set on object 'Object Repository/Page_PSTO webMessenger - Zalogowano/input_Robert Majewski_messageInput'

2021-12-21 18:56:57 - [TEST_STEP][PASSED] - click(findTestObject("Page_PSTO webMessenger - Zalogowano/img_Robert Majewski_sendButton")): Object: 'Object Repository/Page_PSTO webMessenger - Zalogowano/img_Robert Majewski_sendButton' is clicked on

2021-12-21 18:56:58 - [MESSAGE][PASSED] - Object: 'Object Repository/Page_PSTO webMessenger - Zalogowano/img_Robert Majewski_sendButton' is clicked on

2021-12-21 18:56:58 - [TEST_STEP][PASSED] - setText(findTestObject("Page_PSTO webMessenger - Zalogowano/input_Robert Majewski_messageInput"), "c"): Text 'c' is set on object 'Object Repository/Page_PSTO webMessenger - Zalogowano/input_Robert Majewski_messageInput'

2021-12-21 18:56:59 - [MESSAGE][PASSED] - Text 'c' is set on object 'Object Repository/Page_PSTO webMessenger - Zalogowano/input_Robert Majewski_messageInput'

2021-12-21 18:56:59 - [TEST_STEP][PASSED] - click(findTestObject("Page_PSTO webMessenger - Zalogowano/img_Robert Majewski_sendButton")): Object: 'Object Repository/Page_PSTO webMessenger - Zalogowano/img_Robert Majewski_sendButton' is clicked on

2021-12-21 18:57:00 - [MESSAGE][PASSED] - Object: 'Object Repository/Page_PSTO webMessenger - Zalogowano/img_Robert Majewski_sendButton' is clicked on

2021-12-21 18:57:00 - [TEST_STEP][PASSED] - setText(findTestObject("Page_PSTO webMessenger - Zalogowano/input_Robert Majewski_messageInput"), "c"): Text 'c' is set on object 'Object Repository/Page_PSTO webMessenger - Zalogowano/input_Robert Majewski_messageInput'

2021-12-21 18:57:01 - [MESSAGE][PASSED] - Text 'c' is set on object 'Object Repository/Page_PSTO webMessenger - Zalogowano/input_Robert Majewski_messageInput'

2021-12-21 18:57:01 - [TEST_STEP][PASSED] - click(findTestObject("Page_PSTO webMessenger - Zalogowano/img_Robert Majewski_sendButton")): Object: 'Object Repository/Page_PSTO webMessenger - Zalogowano/img_Robert Majewski_sendButton' is clicked on

2021-12-21 18:57:01 - [MESSAGE][PASSED] - Object: 'Object Repository/Page_PSTO webMessenger - Zalogowano/img_Robert Majewski_sendButton' is clicked on

2021-12-21 18:57:01 - [TEST_STEP][PASSED] - setText(findTestObject("Page_PSTO webMessenger - Zalogowano/input_Robert Majewski_messageInput"), "c"): Text 'c' is set on object 'Object Repository/Page_PSTO webMessenger - Zalogowano/input_Robert Majewski_messageInput'

2021-12-21 18:57:02 - [MESSAGE][PASSED] - Text 'c' is set on object 'Object Repository/Page_PSTO webMessenger - Zalogowano/input_Robert Majewski_messageInput'

2021-12-21 18:57:02 - [TEST_STEP][PASSED] - click(findTestObject("Page_PSTO webMessenger - Zalogowano/img_Robert Majewski_sendButton")): Object: 'Object Repository/Page_PSTO webMessenger - Zalogowano/img_Robert Majewski_sendButton' is clicked on

2021-12-21 18:57:03 - [MESSAGE][PASSED] - Object: 'Object Repository/Page_PSTO webMessenger - Zalogowano/img_Robert Majewski_sendButton' is clicked on

2021-12-21 18:57:03 - [TEST_STEP][PASSED] - setText(findTestObject("Page_PSTO webMessenger - Zalogowano/input_Robert Majewski_messageInput"), "c"): Text 'c' is set on object 'Object Repository/Page_PSTO webMessenger - Zalogowano/input_Robert Majewski_messageInput'

2021-12-21 18:57:04 - [MESSAGE][PASSED] - Text 'c' is set on object 'Object Repository/Page_PSTO webMessenger - Zalogowano/input_Robert Majewski_messageInput'

2021-12-21 18:57:04 - [TEST_STEP][PASSED] - click(findTestObject("Page_PSTO webMessenger - Zalogowano/img_Robert Majewski_sendButton")): Object: 'Object Repository/Page_PSTO webMessenger - Zalogowano/img_Robert Majewski_sendButton' is clicked on

2021-12-21 18:57:05 - [MESSAGE][PASSED] - Object: 'Object Repository/Page_PSTO webMessenger - Zalogowano/img_Robert Majewski_sendButton' is clicked on

2021-12-21 18:57:05 - [TEST_STEP][PASSED] - setText(findTestObject("Page_PSTO webMessenger - Zalogowano/input_Robert Majewski_messageInput"), "c"): Text 'c' is set on object 'Object Repository/Page_PSTO webMessenger - Zalogowano/input_Robert Majewski_messageInput'

2021-12-21 18:57:07 - [MESSAGE][PASSED] - Text 'c' is set on object 'Object Repository/Page_PSTO webMessenger - Zalogowano/input_Robert Majewski_messageInput'

2021-12-21 18:57:07 - [TEST_STEP][PASSED] - click(findTestObject("Page_PSTO webMessenger - Zalogowano/img_Robert Majewski_sendButton")): Object: 'Object Repository/Page_PSTO webMessenger - Zalogowano/img_Robert Majewski_sendButton' is clicked on

2021-12-21 18:57:07 - [MESSAGE][PASSED] - Object: 'Object Repository/Page_PSTO webMessenger - Zalogowano/img_Robert Majewski_sendButton' is clicked on

2021-12-21 18:57:07 - [TEST_STEP][PASSED] - setText(findTestObject("Page_PSTO webMessenger - Zalogowano/input_Robert Majewski_messageInput"), "c"): Text 'c' is set on object 'Object Repository/Page_PSTO webMessenger - Zalogowano/input_Robert Majewski_messageInput'

2021-12-21 18:57:08 - [MESSAGE][PASSED] - Text 'c' is set on object 'Object Repository/Page_PSTO webMessenger - Zalogowano/input_Robert Majewski_messageInput'

2021-12-21 18:57:08 - [TEST_STEP][PASSED] - click(findTestObject("Page_PSTO webMessenger - Zalogowano/img_Robert Majewski_sendButton")): Object: 'Object Repository/Page_PSTO webMessenger - Zalogowano/img_Robert Majewski_sendButton' is clicked on

2021-12-21 18:57:08 - [MESSAGE][PASSED] - Object: 'Object Repository/Page_PSTO webMessenger - Zalogowano/img_Robert Majewski_sendButton' is clicked on

2021-12-21 18:57:08 - [TEST_STEP][PASSED] - setText(findTestObject("Page_PSTO webMessenger - Zalogowano/input_Robert Majewski_messageInput"), "c"): Text 'c' is set on object 'Object Repository/Page_PSTO webMessenger - Zalogowano/input_Robert Majewski_messageInput'

2021-12-21 18:57:09 - [MESSAGE][PASSED] - Text 'c' is set on object 'Object Repository/Page_PSTO webMessenger - Zalogowano/input_Robert Majewski_messageInput'

2021-12-21 18:57:09 - [TEST_STEP][PASSED] - click(findTestObject("Page_PSTO webMessenger - Zalogowano/img_Robert Majewski_sendButton")): Object: 'Object Repository/Page_PSTO webMessenger - Zalogowano/img_Robert Majewski_sendButton' is clicked on

2021-12-21 18:57:10 - [MESSAGE][PASSED] - Object: 'Object Repository/Page_PSTO webMessenger - Zalogowano/img_Robert Majewski_sendButton' is clicked on

2021-12-21 18:57:10 - [TEST_STEP][PASSED] - setText(findTestObject("Page_PSTO webMessenger - Zalogowano/input_Robert Majewski_messageInput"), "c"): Text 'c' is set on object 'Object Repository/Page_PSTO webMessenger - Zalogowano/input_Robert Majewski_messageInput'

2021-12-21 18:57:11 - [MESSAGE][PASSED] - Text 'c' is set on object 'Object Repository/Page_PSTO webMessenger - Zalogowano/input_Robert Majewski_messageInput'

2021-12-21 18:57:11 - [TEST_STEP][PASSED] - click(findTestObject("Page_PSTO webMessenger - Zalogowano/img_Robert Majewski_sendButton")): Object: 'Object Repository/Page_PSTO webMessenger - Zalogowano/img_Robert Majewski_sendButton' is clicked on

2021-12-21 18:57:12 - [MESSAGE][PASSED] - Object: 'Object Repository/Page_PSTO webMessenger - Zalogowano/img_Robert Majewski_sendButton' is clicked on

2021-12-21 18:57:12 - [TEST_STEP][PASSED] - setText(findTestObject("Page_PSTO webMessenger - Zalogowano/input_Robert Majewski_messageInput"), "c"): Text 'c' is set on object 'Object Repository/Page_PSTO webMessenger - Zalogowano/input_Robert Majewski_messageInput'

2021-12-21 18:57:12 - [MESSAGE][PASSED] - Text 'c' is set on object 'Object Repository/Page_PSTO webMessenger - Zalogowano/input_Robert Majewski_messageInput'

2021-12-21 18:57:12 - [TEST_STEP][PASSED] - click(findTestObject("Page_PSTO webMessenger - Zalogowano/img_Robert Majewski_sendButton")): Object: 'Object Repository/Page_PSTO webMessenger - Zalogowano/img_Robert Majewski_sendButton' is clicked on

2021-12-21 18:57:13 - [MESSAGE][PASSED] - Object: 'Object Repository/Page_PSTO webMessenger - Zalogowano/img_Robert Majewski_sendButton' is clicked on

2021-12-21 18:57:13 - [TEST_STEP][PASSED] - setText(findTestObject("Page_PSTO webMessenger - Zalogowano/input_Robert Majewski_messageInput"), "c"): Text 'c' is set on object 'Object Repository/Page_PSTO webMessenger - Zalogowano/input_Robert Majewski_messageInput'

2021-12-21 18:57:14 - [MESSAGE][PASSED] - Text 'c' is set on object 'Object Repository/Page_PSTO webMessenger - Zalogowano/input_Robert Majewski_messageInput'

2021-12-21 18:57:14 - [TEST_STEP][PASSED] - click(findTestObject("Page_PSTO webMessenger - Zalogowano/img_Robert Majewski_sendButton")): Object: 'Object Repository/Page_PSTO webMessenger - Zalogowano/img_Robert Majewski_sendButton' is clicked on

2021-12-21 18:57:14 - [MESSAGE][PASSED] - Object: 'Object Repository/Page_PSTO webMessenger - Zalogowano/img_Robert Majewski_sendButton' is clicked on

2021-12-21 18:57:14 - [TEST_STEP][PASSED] - setText(findTestObject("Page_PSTO webMessenger - Zalogowano/input_Robert Majewski_messageInput"), "c"): Text 'c' is set on object 'Object Repository/Page_PSTO webMessenger - Zalogowano/input_Robert Majewski_messageInput'

2021-12-21 18:57:15 - [MESSAGE][PASSED] - Text 'c' is set on object 'Object Repository/Page_PSTO webMessenger - Zalogowano/input_Robert Majewski_messageInput'

2021-12-21 18:57:15 - [TEST_STEP][PASSED] - click(findTestObject("Page_PSTO webMessenger - Zalogowano/img_Robert Majewski_sendButton")): Object: 'Object Repository/Page_PSTO webMessenger - Zalogowano/img_Robert Majewski_sendButton' is clicked on

2021-12-21 18:57:17 - [MESSAGE][PASSED] - Object: 'Object Repository/Page_PSTO webMessenger - Zalogowano/img_Robert Majewski_sendButton' is clicked on

2021-12-21 18:57:17 - [TEST_STEP][PASSED] - setText(findTestObject("Page_PSTO webMessenger - Zalogowano/input_Robert Majewski_messageInput"), "c"): Text 'c' is set on object 'Object Repository/Page_PSTO webMessenger - Zalogowano/input_Robert Majewski_messageInput'

2021-12-21 18:57:18 - [MESSAGE][PASSED] - Text 'c' is set on object 'Object Repository/Page_PSTO webMessenger - Zalogowano/input_Robert Majewski_messageInput'

2021-12-21 18:57:18 - [TEST_STEP][PASSED] - click(findTestObject("Page_PSTO webMessenger - Zalogowano/img_Robert Majewski_sendButton")): Object: 'Object Repository/Page_PSTO webMessenger - Zalogowano/img_Robert Majewski_sendButton' is clicked on

2021-12-21 18:57:18 - [MESSAGE][PASSED] - Object: 'Object Repository/Page_PSTO webMessenger - Zalogowano/img_Robert Majewski_sendButton' is clicked on

2021-12-21 18:57:18 - [TEST_STEP][PASSED] - setText(findTestObject("Page_PSTO webMessenger - Zalogowano/input_Robert Majewski_messageInput"), "c"): Text 'c' is set on object 'Object Repository/Page_PSTO webMessenger - Zalogowano/input_Robert Majewski_messageInput'

2021-12-21 18:57:19 - [MESSAGE][PASSED] - Text 'c' is set on object 'Object Repository/Page_PSTO webMessenger - Zalogowano/input_Robert Majewski_messageInput'

2021-12-21 18:57:19 - [TEST_STEP][PASSED] - click(findTestObject("Page_PSTO webMessenger - Zalogowano/img_Robert Majewski_sendButton")): Object: 'Object Repository/Page_PSTO webMessenger - Zalogowano/img_Robert Majewski_sendButton' is clicked on

2021-12-21 18:57:19 - [MESSAGE][PASSED] - Object: 'Object Repository/Page_PSTO webMessenger - Zalogowano/img_Robert Majewski_sendButton' is clicked on

2021-12-21 18:57:19 - [TEST_STEP][PASSED] - setText(findTestObject("Page_PSTO webMessenger - Zalogowano/input_Robert Majewski_messageInput"), "c"): Text 'c' is set on object 'Object Repository/Page_PSTO webMessenger - Zalogowano/input_Robert Majewski_messageInput'

2021-12-21 18:57:20 - [MESSAGE][PASSED] - Text 'c' is set on object 'Object Repository/Page_PSTO webMessenger - Zalogowano/input_Robert Majewski_messageInput'

2021-12-21 18:57:20 - [TEST_STEP][PASSED] - click(findTestObject("Page_PSTO webMessenger - Zalogowano/img_Robert Majewski_sendButton")): Object: 'Object Repository/Page_PSTO webMessenger - Zalogowano/img_Robert Majewski_sendButton' is clicked on

2021-12-21 18:57:21 - [MESSAGE][PASSED] - Object: 'Object Repository/Page_PSTO webMessenger - Zalogowano/img_Robert Majewski_sendButton' is clicked on

2021-12-21 18:57:21 - [TEST_STEP][PASSED] - setText(findTestObject("Page_PSTO webMessenger - Zalogowano/input_Robert Majewski_messageInput"), "c"): Text 'c' is set on object 'Object Repository/Page_PSTO webMessenger - Zalogowano/input_Robert Majewski_messageInput'

2021-12-21 18:57:22 - [MESSAGE][PASSED] - Text 'c' is set on object 'Object Repository/Page_PSTO webMessenger - Zalogowano/input_Robert Majewski_messageInput'

2021-12-21 18:57:22 - [TEST_STEP][PASSED] - click(findTestObject("Page_PSTO webMessenger - Zalogowano/img_Robert Majewski_sendButton")): Object: 'Object Repository/Page_PSTO webMessenger - Zalogowano/img_Robert Majewski_sendButton' is clicked on

2021-12-21 18:57:22 - [MESSAGE][PASSED] - Object: 'Object Repository/Page_PSTO webMessenger - Zalogowano/img_Robert Majewski_sendButton' is clicked on

2021-12-21 18:57:22 - [TEST_STEP][PASSED] - setText(findTestObject("Page_PSTO webMessenger - Zalogowano/input_Robert Majewski_messageInput"), "c"): Text 'c' is set on object 'Object Repository/Page_PSTO webMessenger - Zalogowano/input_Robert Majewski_messageInput'

2021-12-21 18:57:23 - [MESSAGE][PASSED] - Text 'c' is set on object 'Object Repository/Page_PSTO webMessenger - Zalogowano/input_Robert Majewski_messageInput'

2021-12-21 18:57:23 - [TEST_STEP][PASSED] - click(findTestObject("Page_PSTO webMessenger - Zalogowano/img_Robert Majewski_sendButton")): Object: 'Object Repository/Page_PSTO webMessenger - Zalogowano/img_Robert Majewski_sendButton' is clicked on

2021-12-21 18:57:23 - [MESSAGE][PASSED] - Object: 'Object Repository/Page_PSTO webMessenger - Zalogowano/img_Robert Majewski_sendButton' is clicked on

2021-12-21 18:57:23 - [TEST_STEP][PASSED] - setText(findTestObject("Page_PSTO webMessenger - Zalogowano/input_Robert Majewski_messageInput"), "c"): Text 'c' is set on object 'Object Repository/Page_PSTO webMessenger - Zalogowano/input_Robert Majewski_messageInput'

2021-12-21 18:57:24 - [MESSAGE][PASSED] - Text 'c' is set on object 'Object Repository/Page_PSTO webMessenger - Zalogowano/input_Robert Majewski_messageInput'

2021-12-21 18:57:24 - [TEST_STEP][PASSED] - click(findTestObject("Page_PSTO webMessenger - Zalogowano/img_Robert Majewski_sendButton")): Object: 'Object Repository/Page_PSTO webMessenger - Zalogowano/img_Robert Majewski_sendButton' is clicked on

2021-12-21 18:57:25 - [MESSAGE][PASSED] - Object: 'Object Repository/Page_PSTO webMessenger - Zalogowano/img_Robert Majewski_sendButton' is clicked on

2021-12-21 18:57:25 - [TEST_STEP][PASSED] - setText(findTestObject("Page_PSTO webMessenger - Zalogowano/input_Robert Majewski_messageInput"), "c"): Text 'c' is set on object 'Object Repository/Page_PSTO webMessenger - Zalogowano/input_Robert Majewski_messageInput'

2021-12-21 18:57:27 - [MESSAGE][PASSED] - Text 'c' is set on object 'Object Repository/Page_PSTO webMessenger - Zalogowano/input_Robert Majewski_messageInput'

2021-12-21 18:57:27 - [TEST_STEP][PASSED] - click(findTestObject("Page_PSTO webMessenger - Zalogowano/img_Robert Majewski_sendButton")): Object: 'Object Repository/Page_PSTO webMessenger - Zalogowano/img_Robert Majewski_sendButton' is clicked on

2021-12-21 18:57:27 - [MESSAGE][PASSED] - Object: 'Object Repository/Page_PSTO webMessenger - Zalogowano/img_Robert Majewski_sendButton' is clicked on

2021-12-21 18:57:27 - [TEST_STEP][PASSED] - setText(findTestObject("Page_PSTO webMessenger - Zalogowano/input_Robert Majewski_messageInput"), "c"): Text 'c' is set on object 'Object Repository/Page_PSTO webMessenger - Zalogowano/input_Robert Majewski_messageInput'

2021-12-21 18:57:28 - [MESSAGE][PASSED] - Text 'c' is set on object 'Object Repository/Page_PSTO webMessenger - Zalogowano/input_Robert Majewski_messageInput'

2021-12-21 18:57:28 - [TEST_STEP][PASSED] - click(findTestObject("Page_PSTO webMessenger - Zalogowano/img_Robert Majewski_sendButton")): Object: 'Object Repository/Page_PSTO webMessenger - Zalogowano/img_Robert Majewski_sendButton' is clicked on

2021-12-21 18:57:29 - [MESSAGE][PASSED] - Object: 'Object Repository/Page_PSTO webMessenger - Zalogowano/img_Robert Majewski_sendButton' is clicked on

2021-12-21 18:57:29 - [TEST_STEP][PASSED] - setText(findTestObject("Page_PSTO webMessenger - Zalogowano/input_Robert Majewski_messageInput"), "c"): Text 'c' is set on object 'Object Repository/Page_PSTO webMessenger - Zalogowano/input_Robert Majewski_messageInput'

2021-12-21 18:57:29 - [MESSAGE][PASSED] - Text 'c' is set on object 'Object Repository/Page_PSTO webMessenger - Zalogowano/input_Robert Majewski_messageInput'

2021-12-21 18:57:29 - [TEST_STEP][PASSED] - click(findTestObject("Page_PSTO webMessenger - Zalogowano/img_Robert Majewski_sendButton")): Object: 'Object Repository/Page_PSTO webMessenger - Zalogowano/img_Robert Majewski_sendButton' is clicked on

2021-12-21 18:57:30 - [MESSAGE][PASSED] - Object: 'Object Repository/Page_PSTO webMessenger - Zalogowano/img_Robert Majewski_sendButton' is clicked on

2021-12-21 18:57:30 - [TEST_STEP][PASSED] - setText(findTestObject("Page_PSTO webMessenger - Zalogowano/input_Robert Majewski_messageInput"), "c"): Text 'c' is set on object 'Object Repository/Page_PSTO webMessenger - Zalogowano/input_Robert Majewski_messageInput'

2021-12-21 18:57:31 - [MESSAGE][PASSED] - Text 'c' is set on object 'Object Repository/Page_PSTO webMessenger - Zalogowano/input_Robert Majewski_messageInput'

2021-12-21 18:57:31 - [TEST_STEP][PASSED] - click(findTestObject("Page_PSTO webMessenger - Zalogowano/img_Robert Majewski_sendButton")): Object: 'Object Repository/Page_PSTO webMessenger - Zalogowano/img_Robert Majewski_sendButton' is clicked on

2021-12-21 18:57:32 - [MESSAGE][PASSED] - Object: 'Object Repository/Page_PSTO webMessenger - Zalogowano/img_Robert Majewski_sendButton' is clicked on

2021-12-21 18:57:32 - [TEST_STEP][PASSED] - setText(findTestObject("Page_PSTO webMessenger - Zalogowano/input_Robert Majewski_messageInput"), "c"): Text 'c' is set on object 'Object Repository/Page_PSTO webMessenger - Zalogowano/input_Robert Majewski_messageInput'

2021-12-21 18:57:32 - [MESSAGE][PASSED] - Text 'c' is set on object 'Object Repository/Page_PSTO webMessenger - Zalogowano/input_Robert Majewski_messageInput'

2021-12-21 18:57:32 - [TEST_STEP][PASSED] - click(findTestObject("Page_PSTO webMessenger - Zalogowano/img_Robert Majewski_sendButton")): Object: 'Object Repository/Page_PSTO webMessenger - Zalogowano/img_Robert Majewski_sendButton' is clicked on

2021-12-21 18:57:33 - [MESSAGE][PASSED] - Object: 'Object Repository/Page_PSTO webMessenger - Zalogowano/img_Robert Majewski_sendButton' is clicked on

2021-12-21 18:57:33 - [TEST_STEP][PASSED] - setText(findTestObject("Page_PSTO webMessenger - Zalogowano/input_Robert Majewski_messageInput"), "c"): Text 'c' is set on object 'Object Repository/Page_PSTO webMessenger - Zalogowano/input_Robert Majewski_messageInput'

2021-12-21 18:57:34 - [MESSAGE][PASSED] - Text 'c' is set on object 'Object Repository/Page_PSTO webMessenger - Zalogowano/input_Robert Majewski_messageInput'

2021-12-21 18:57:34 - [TEST_STEP][PASSED] - click(findTestObject("Page_PSTO webMessenger - Zalogowano/img_Robert Majewski_sendButton")): Object: 'Object Repository/Page_PSTO webMessenger - Zalogowano/img_Robert Majewski_sendButton' is clicked on

2021-12-21 18:57:34 - [MESSAGE][PASSED] - Object: 'Object Repository/Page_PSTO webMessenger - Zalogowano/img_Robert Majewski_sendButton' is clicked on

2021-12-21 18:57:34 - [TEST_STEP][PASSED] - setText(findTestObject("Page_PSTO webMessenger - Zalogowano/input_Robert Majewski_messageInput"), "c"): Text 'c' is set on object 'Object Repository/Page_PSTO webMessenger - Zalogowano/input_Robert Majewski_messageInput'

2021-12-21 18:57:35 - [MESSAGE][PASSED] - Text 'c' is set on object 'Object Repository/Page_PSTO webMessenger - Zalogowano/input_Robert Majewski_messageInput'

2021-12-21 18:57:35 - [TEST_STEP][PASSED] - click(findTestObject("Page_PSTO webMessenger - Zalogowano/img_Robert Majewski_sendButton")): Object: 'Object Repository/Page_PSTO webMessenger - Zalogowano/img_Robert Majewski_sendButton' is clicked on

2021-12-21 18:57:37 - [MESSAGE][PASSED] - Object: 'Object Repository/Page_PSTO webMessenger - Zalogowano/img_Robert Majewski_sendButton' is clicked on

2021-12-21 18:57:37 - [TEST_STEP][PASSED] - setText(findTestObject("Page_PSTO webMessenger - Zalogowano/input_Robert Majewski_messageInput"), "c"): Text 'c' is set on object 'Object Repository/Page_PSTO webMessenger - Zalogowano/input_Robert Majewski_messageInput'

2021-12-21 18:57:38 - [MESSAGE][PASSED] - Text 'c' is set on object 'Object Repository/Page_PSTO webMessenger - Zalogowano/input_Robert Majewski_messageInput'

2021-12-21 18:57:38 - [TEST_STEP][PASSED] - click(findTestObject("Page_PSTO webMessenger - Zalogowano/img_Robert Majewski_sendButton")): Object: 'Object Repository/Page_PSTO webMessenger - Zalogowano/img_Robert Majewski_sendButton' is clicked on

2021-12-21 18:57:38 - [MESSAGE][PASSED] - Object: 'Object Repository/Page_PSTO webMessenger - Zalogowano/img_Robert Majewski_sendButton' is clicked on

2021-12-21 18:57:38 - [TEST_STEP][PASSED] - setText(findTestObject("Page_PSTO webMessenger - Zalogowano/input_Robert Majewski_messageInput"), "c"): Text 'c' is set on object 'Object Repository/Page_PSTO webMessenger - Zalogowano/input_Robert Majewski_messageInput'

2021-12-21 18:57:39 - [MESSAGE][PASSED] - Text 'c' is set on object 'Object Repository/Page_PSTO webMessenger - Zalogowano/input_Robert Majewski_messageInput'

2021-12-21 18:57:39 - [TEST_STEP][PASSED] - click(findTestObject("Page_PSTO webMessenger - Zalogowano/img_Robert Majewski_sendButton")): Object: 'Object Repository/Page_PSTO webMessenger - Zalogowano/img_Robert Majewski_sendButton' is clicked on

2021-12-21 18:57:40 - [MESSAGE][PASSED] - Object: 'Object Repository/Page_PSTO webMessenger - Zalogowano/img_Robert Majewski_sendButton' is clicked on

2021-12-21 18:57:40 - [TEST_STEP][PASSED] - setText(findTestObject("Page_PSTO webMessenger - Zalogowano/input_Robert Majewski_messageInput"), "c"): Text 'c' is set on object 'Object Repository/Page_PSTO webMessenger - Zalogowano/input_Robert Majewski_messageInput'

2021-12-21 18:57:41 - [MESSAGE][PASSED] - Text 'c' is set on object 'Object Repository/Page_PSTO webMessenger - Zalogowano/input_Robert Majewski_messageInput'

2021-12-21 18:57:41 - [TEST_STEP][PASSED] - click(findTestObject("Page_PSTO webMessenger - Zalogowano/img_Robert Majewski_sendButton")): Object: 'Object Repository/Page_PSTO webMessenger - Zalogowano/img_Robert Majewski_sendButton' is clicked on

2021-12-21 18:57:41 - [MESSAGE][PASSED] - Object: 'Object Repository/Page_PSTO webMessenger - Zalogowano/img_Robert Majewski_sendButton' is clicked on

2021-12-21 18:57:41 - [TEST_STEP][PASSED] - setText(findTestObject("Page_PSTO webMessenger - Zalogowano/input_Robert Majewski_messageInput"), "c"): Text 'c' is set on object 'Object Repository/Page_PSTO webMessenger - Zalogowano/input_Robert Majewski_messageInput'

2021-12-21 18:57:42 - [MESSAGE][PASSED] - Text 'c' is set on object 'Object Repository/Page_PSTO webMessenger - Zalogowano/input_Robert Majewski_messageInput'

2021-12-21 18:57:42 - [TEST_STEP][PASSED] - click(findTestObject("Page_PSTO webMessenger - Zalogowano/img_Robert Majewski_sendButton")): Object: 'Object Repository/Page_PSTO webMessenger - Zalogowano/img_Robert Majewski_sendButton' is clicked on

2021-12-21 18:57:43 - [MESSAGE][PASSED] - Object: 'Object Repository/Page_PSTO webMessenger - Zalogowano/img_Robert Majewski_sendButton' is clicked on

2021-12-21 18:57:43 - [TEST_STEP][PASSED] - setText(findTestObject("Page_PSTO webMessenger - Zalogowano/input_Robert Majewski_messageInput"), "c"): Text 'c' is set on object 'Object Repository/Page_PSTO webMessenger - Zalogowano/input_Robert Majewski_messageInput'

2021-12-21 18:57:44 - [MESSAGE][PASSED] - Text 'c' is set on object 'Object Repository/Page_PSTO webMessenger - Zalogowano/input_Robert Majewski_messageInput'

2021-12-21 18:57:44 - [TEST_STEP][PASSED] - click(findTestObject("Page_PSTO webMessenger - Zalogowano/img_Robert Majewski_sendButton")): Object: 'Object Repository/Page_PSTO webMessenger - Zalogowano/img_Robert Majewski_sendButton' is clicked on

2021-12-21 18:57:44 - [MESSAGE][PASSED] - Object: 'Object Repository/Page_PSTO webMessenger - Zalogowano/img_Robert Majewski_sendButton' is clicked on

2021-12-21 18:57:44 - [TEST_STEP][PASSED] - setText(findTestObject("Page_PSTO webMessenger - Zalogowano/input_Robert Majewski_messageInput"), "c"): Text 'c' is set on object 'Object Repository/Page_PSTO webMessenger - Zalogowano/input_Robert Majewski_messageInput'

2021-12-21 18:57:45 - [MESSAGE][PASSED] - Text 'c' is set on object 'Object Repository/Page_PSTO webMessenger - Zalogowano/input_Robert Majewski_messageInput'

2021-12-21 18:57:45 - [TEST_STEP][PASSED] - click(findTestObject("Page_PSTO webMessenger - Zalogowano/img_Robert Majewski_sendButton")): Object: 'Object Repository/Page_PSTO webMessenger - Zalogowano/img_Robert Majewski_sendButton' is clicked on

2021-12-21 18:57:47 - [MESSAGE][PASSED] - Object: 'Object Repository/Page_PSTO webMessenger - Zalogowano/img_Robert Majewski_sendButton' is clicked on

2021-12-21 18:57:47 - [TEST_STEP][PASSED] - setText(findTestObject("Page_PSTO webMessenger - Zalogowano/input_Robert Majewski_messageInput"), "c"): Text 'c' is set on object 'Object Repository/Page_PSTO webMessenger - Zalogowano/input_Robert Majewski_messageInput'

2021-12-21 18:57:48 - [MESSAGE][PASSED] - Text 'c' is set on object 'Object Repository/Page_PSTO webMessenger - Zalogowano/input_Robert Majewski_messageInput'

2021-12-21 18:57:48 - [TEST_STEP][PASSED] - click(findTestObject("Page_PSTO webMessenger - Zalogowano/img_Robert Majewski_sendButton")): Object: 'Object Repository/Page_PSTO webMessenger - Zalogowano/img_Robert Majewski_sendButton' is clicked on

2021-12-21 18:57:48 - [MESSAGE][PASSED] - Object: 'Object Repository/Page_PSTO webMessenger - Zalogowano/img_Robert Majewski_sendButton' is clicked on

2021-12-21 18:57:48 - [TEST_STEP][PASSED] - setText(findTestObject("Page_PSTO webMessenger - Zalogowano/input_Robert Majewski_messageInput"), "c"): Text 'c' is set on object 'Object Repository/Page_PSTO webMessenger - Zalogowano/input_Robert Majewski_messageInput'

2021-12-21 18:57:49 - [MESSAGE][PASSED] - Text 'c' is set on object 'Object Repository/Page_PSTO webMessenger - Zalogowano/input_Robert Majewski_messageInput'

2021-12-21 18:57:49 - [TEST_STEP][PASSED] - click(findTestObject("Page_PSTO webMessenger - Zalogowano/img_Robert Majewski_sendButton")): Object: 'Object Repository/Page_PSTO webMessenger - Zalogowano/img_Robert Majewski_sendButton' is clicked on

2021-12-21 18:57:49 - [MESSAGE][PASSED] - Object: 'Object Repository/Page_PSTO webMessenger - Zalogowano/img_Robert Majewski_sendButton' is clicked on

2021-12-21 18:57:49 - [TEST_STEP][PASSED] - setText(findTestObject("Page_PSTO webMessenger - Zalogowano/input_Robert Majewski_messageInput"), "c"): Text 'c' is set on object 'Object Repository/Page_PSTO webMessenger - Zalogowano/input_Robert Majewski_messageInput'

2021-12-21 18:57:50 - [MESSAGE][PASSED] - Text 'c' is set on object 'Object Repository/Page_PSTO webMessenger - Zalogowano/input_Robert Majewski_messageInput'

2021-12-21 18:57:50 - [TEST_STEP][PASSED] - click(findTestObject("Page_PSTO webMessenger - Zalogowano/img_Robert Majewski_sendButton")): Object: 'Object Repository/Page_PSTO webMessenger - Zalogowano/img_Robert Majewski_sendButton' is clicked on

2021-12-21 18:57:51 - [MESSAGE][PASSED] - Object: 'Object Repository/Page_PSTO webMessenger - Zalogowano/img_Robert Majewski_sendButton' is clicked on

2021-12-21 18:57:51 - [TEST_STEP][PASSED] - setText(findTestObject("Page_PSTO webMessenger - Zalogowano/input_Robert Majewski_messageInput"), "c"): Text 'c' is set on object 'Object Repository/Page_PSTO webMessenger - Zalogowano/input_Robert Majewski_messageInput'

2021-12-21 18:57:52 - [MESSAGE][PASSED] - Text 'c' is set on object 'Object Repository/Page_PSTO webMessenger - Zalogowano/input_Robert Majewski_messageInput'

2021-12-21 18:57:52 - [TEST_STEP][PASSED] - click(findTestObject("Page_PSTO webMessenger - Zalogowano/img_Robert Majewski_sendButton")): Object: 'Object Repository/Page_PSTO webMessenger - Zalogowano/img_Robert Majewski_sendButton' is clicked on

2021-12-21 18:57:52 - [MESSAGE][PASSED] - Object: 'Object Repository/Page_PSTO webMessenger - Zalogowano/img_Robert Majewski_sendButton' is clicked on

2021-12-21 18:57:52 - [TEST_STEP][PASSED] - setText(findTestObject("Page_PSTO webMessenger - Zalogowano/input_Robert Majewski_messageInput"), "c"): Text 'c' is set on object 'Object Repository/Page_PSTO webMessenger - Zalogowano/input_Robert Majewski_messageInput'

2021-12-21 18:57:53 - [MESSAGE][PASSED] - Text 'c' is set on object 'Object Repository/Page_PSTO webMessenger - Zalogowano/input_Robert Majewski_messageInput'

2021-12-21 18:57:53 - [TEST_STEP][PASSED] - click(findTestObject("Page_PSTO webMessenger - Zalogowano/img_Robert Majewski_sendButton")): Object: 'Object Repository/Page_PSTO webMessenger - Zalogowano/img_Robert Majewski_sendButton' is clicked on

2021-12-21 18:57:54 - [MESSAGE][PASSED] - Object: 'Object Repository/Page_PSTO webMessenger - Zalogowano/img_Robert Majewski_sendButton' is clicked on

2021-12-21 18:57:54 - [TEST_STEP][PASSED] - setText(findTestObject("Page_PSTO webMessenger - Zalogowano/input_Robert Majewski_messageInput"), "c"): Text 'c' is set on object 'Object Repository/Page_PSTO webMessenger - Zalogowano/input_Robert Majewski_messageInput'

2021-12-21 18:57:55 - [MESSAGE][PASSED] - Text 'c' is set on object 'Object Repository/Page_PSTO webMessenger - Zalogowano/input_Robert Majewski_messageInput'

2021-12-21 18:57:55 - [TEST_STEP][PASSED] - click(findTestObject("Page_PSTO webMessenger - Zalogowano/img_Robert Majewski_sendButton")): Object: 'Object Repository/Page_PSTO webMessenger - Zalogowano/img_Robert Majewski_sendButton' is clicked on

2021-12-21 18:57:55 - [MESSAGE][PASSED] - Object: 'Object Repository/Page_PSTO webMessenger - Zalogowano/img_Robert Majewski_sendButton' is clicked on

2021-12-21 18:57:55 - [TEST_STEP][PASSED] - setText(findTestObject("Page_PSTO webMessenger - Zalogowano/input_Robert Majewski_messageInput"), "c"): Text 'c' is set on object 'Object Repository/Page_PSTO webMessenger - Zalogowano/input_Robert Majewski_messageInput'

2021-12-21 18:57:57 - [MESSAGE][PASSED] - Text 'c' is set on object 'Object Repository/Page_PSTO webMessenger - Zalogowano/input_Robert Majewski_messageInput'

2021-12-21 18:57:57 - [TEST_STEP][PASSED] - click(findTestObject("Page_PSTO webMessenger - Zalogowano/img_Robert Majewski_sendButton")): Object: 'Object Repository/Page_PSTO webMessenger - Zalogowano/img_Robert Majewski_sendButton' is clicked on

2021-12-21 18:57:58 - [MESSAGE][PASSED] - Object: 'Object Repository/Page_PSTO webMessenger - Zalogowano/img_Robert Majewski_sendButton' is clicked on

2021-12-21 18:57:58 - [TEST_STEP][PASSED] - setText(findTestObject("Page_PSTO webMessenger - Zalogowano/input_Robert Majewski_messageInput"), "c"): Text 'c' is set on object 'Object Repository/Page_PSTO webMessenger - Zalogowano/input_Robert Majewski_messageInput'

2021-12-21 18:57:59 - [MESSAGE][PASSED] - Text 'c' is set on object 'Object Repository/Page_PSTO webMessenger - Zalogowano/input_Robert Majewski_messageInput'

2021-12-21 18:57:59 - [TEST_STEP][PASSED] - click(findTestObject("Page_PSTO webMessenger - Zalogowano/img_Robert Majewski_sendButton")): Object: 'Object Repository/Page_PSTO webMessenger - Zalogowano/img_Robert Majewski_sendButton' is clicked on

2021-12-21 18:57:59 - [MESSAGE][PASSED] - Object: 'Object Repository/Page_PSTO webMessenger - Zalogowano/img_Robert Majewski_sendButton' is clicked on

2021-12-21 18:57:59 - [TEST_STEP][PASSED] - setText(findTestObject("Page_PSTO webMessenger - Zalogowano/input_Robert Majewski_messageInput"), "c"): Text 'c' is set on object 'Object Repository/Page_PSTO webMessenger - Zalogowano/input_Robert Majewski_messageInput'

2021-12-21 18:58:00 - [MESSAGE][PASSED] - Text 'c' is set on object 'Object Repository/Page_PSTO webMessenger - Zalogowano/input_Robert Majewski_messageInput'

2021-12-21 18:58:00 - [TEST_STEP][PASSED] - click(findTestObject("Page_PSTO webMessenger - Zalogowano/img_Robert Majewski_sendButton")): Object: 'Object Repository/Page_PSTO webMessenger - Zalogowano/img_Robert Majewski_sendButton' is clicked on

2021-12-21 18:58:01 - [MESSAGE][PASSED] - Object: 'Object Repository/Page_PSTO webMessenger - Zalogowano/img_Robert Majewski_sendButton' is clicked on

2021-12-21 18:58:01 - [TEST_STEP][PASSED] - setText(findTestObject("Page_PSTO webMessenger - Zalogowano/input_Robert Majewski_messageInput"), "c"): Text 'c' is set on object 'Object Repository/Page_PSTO webMessenger - Zalogowano/input_Robert Majewski_messageInput'

2021-12-21 18:58:02 - [MESSAGE][PASSED] - Text 'c' is set on object 'Object Repository/Page_PSTO webMessenger - Zalogowano/input_Robert Majewski_messageInput'

2021-12-21 18:58:02 - [TEST_STEP][PASSED] - click(findTestObject("Page_PSTO webMessenger - Zalogowano/img_Robert Majewski_sendButton")): Object: 'Object Repository/Page_PSTO webMessenger - Zalogowano/img_Robert Majewski_sendButton' is clicked on

2021-12-21 18:58:02 - [MESSAGE][PASSED] - Object: 'Object Repository/Page_PSTO webMessenger - Zalogowano/img_Robert Majewski_sendButton' is clicked on

2021-12-21 18:58:02 - [TEST_STEP][PASSED] - setText(findTestObject("Page_PSTO webMessenger - Zalogowano/input_Robert Majewski_messageInput"), "c"): Text 'c' is set on object 'Object Repository/Page_PSTO webMessenger - Zalogowano/input_Robert Majewski_messageInput'

2021-12-21 18:58:03 - [MESSAGE][PASSED] - Text 'c' is set on object 'Object Repository/Page_PSTO webMessenger - Zalogowano/input_Robert Majewski_messageInput'

2021-12-21 18:58:03 - [TEST_STEP][PASSED] - click(findTestObject("Page_PSTO webMessenger - Zalogowano/img_Robert Majewski_sendButton")): Object: 'Object Repository/Page_PSTO webMessenger - Zalogowano/img_Robert Majewski_sendButton' is clicked on

2021-12-21 18:58:04 - [MESSAGE][PASSED] - Object: 'Object Repository/Page_PSTO webMessenger - Zalogowano/img_Robert Majewski_sendButton' is clicked on

2021-12-21 18:58:04 - [TEST_STEP][PASSED] - setText(findTestObject("Page_PSTO webMessenger - Zalogowano/input_Robert Majewski_messageInput"), "c"): Text 'c' is set on object 'Object Repository/Page_PSTO webMessenger - Zalogowano/input_Robert Majewski_messageInput'

2021-12-21 18:58:04 - [MESSAGE][PASSED] - Text 'c' is set on object 'Object Repository/Page_PSTO webMessenger - Zalogowano/input_Robert Majewski_messageInput'

2021-12-21 18:58:04 - [TEST_STEP][PASSED] - click(findTestObject("Page_PSTO webMessenger - Zalogowano/img_Robert Majewski_sendButton")): Object: 'Object Repository/Page_PSTO webMessenger - Zalogowano/img_Robert Majewski_sendButton' is clicked on

2021-12-21 18:58:05 - [MESSAGE][PASSED] - Object: 'Object Repository/Page_PSTO webMessenger - Zalogowano/img_Robert Majewski_sendButton' is clicked on

2021-12-21 18:58:05 - [TEST_STEP][PASSED] - setText(findTestObject("Page_PSTO webMessenger - Zalogowano/input_Robert Majewski_messageInput"), "c"): Text 'c' is set on object 'Object Repository/Page_PSTO webMessenger - Zalogowano/input_Robert Majewski_messageInput'

2021-12-21 18:58:07 - [MESSAGE][PASSED] - Text 'c' is set on object 'Object Repository/Page_PSTO webMessenger - Zalogowano/input_Robert Majewski_messageInput'

2021-12-21 18:58:07 - [TEST_STEP][PASSED] - click(findTestObject("Page_PSTO webMessenger - Zalogowano/img_Robert Majewski_sendButton")): Object: 'Object Repository/Page_PSTO webMessenger - Zalogowano/img_Robert Majewski_sendButton' is clicked on

2021-12-21 18:58:08 - [MESSAGE][PASSED] - Object: 'Object Repository/Page_PSTO webMessenger - Zalogowano/img_Robert Majewski_sendButton' is clicked on

2021-12-21 18:58:08 - [TEST_STEP][PASSED] - setText(findTestObject("Page_PSTO webMessenger - Zalogowano/input_Robert Majewski_messageInput"), "c"): Text 'c' is set on object 'Object Repository/Page_PSTO webMessenger - Zalogowano/input_Robert Majewski_messageInput'

2021-12-21 18:58:09 - [MESSAGE][PASSED] - Text 'c' is set on object 'Object Repository/Page_PSTO webMessenger - Zalogowano/input_Robert Majewski_messageInput'

2021-12-21 18:58:09 - [TEST_STEP][PASSED] - click(findTestObject("Page_PSTO webMessenger - Zalogowano/img_Robert Majewski_sendButton")): Object: 'Object Repository/Page_PSTO webMessenger - Zalogowano/img_Robert Majewski_sendButton' is clicked on

2021-12-21 18:58:09 - [MESSAGE][PASSED] - Object: 'Object Repository/Page_PSTO webMessenger - Zalogowano/img_Robert Majewski_sendButton' is clicked on

2021-12-21 18:58:09 - [TEST_STEP][PASSED] - setText(findTestObject("Page_PSTO webMessenger - Zalogowano/input_Robert Majewski_messageInput"), "c"): Text 'c' is set on object 'Object Repository/Page_PSTO webMessenger - Zalogowano/input_Robert Majewski_messageInput'

2021-12-21 18:58:11 - [MESSAGE][PASSED] - Text 'c' is set on object 'Object Repository/Page_PSTO webMessenger - Zalogowano/input_Robert Majewski_messageInput'

2021-12-21 18:58:11 - [TEST_STEP][PASSED] - click(findTestObject("Page_PSTO webMessenger - Zalogowano/img_Robert Majewski_sendButton")): Object: 'Object Repository/Page_PSTO webMessenger - Zalogowano/img_Robert Majewski_sendButton' is clicked on

2021-12-21 18:58:11 - [MESSAGE][PASSED] - Object: 'Object Repository/Page_PSTO webMessenger - Zalogowano/img_Robert Majewski_sendButton' is clicked on

2021-12-21 18:58:11 - [TEST_STEP][PASSED] - setText(findTestObject("Page_PSTO webMessenger - Zalogowano/input_Robert Majewski_messageInput"), "c"): Text 'c' is set on object 'Object Repository/Page_PSTO webMessenger - Zalogowano/input_Robert Majewski_messageInput'

2021-12-21 18:58:12 - [MESSAGE][PASSED] - Text 'c' is set on object 'Object Repository/Page_PSTO webMessenger - Zalogowano/input_Robert Majewski_messageInput'

2021-12-21 18:58:12 - [TEST_STEP][PASSED] - click(findTestObject("Page_PSTO webMessenger - Zalogowano/img_Robert Majewski_sendButton")): Object: 'Object Repository/Page_PSTO webMessenger - Zalogowano/img_Robert Majewski_sendButton' is clicked on

2021-12-21 18:58:13 - [MESSAGE][PASSED] - Object: 'Object Repository/Page_PSTO webMessenger - Zalogowano/img_Robert Majewski_sendButton' is clicked on

2021-12-21 18:58:13 - [TEST_STEP][PASSED] - setText(findTestObject("Page_PSTO webMessenger - Zalogowano/input_Robert Majewski_messageInput"), "c"): Text 'c' is set on object 'Object Repository/Page_PSTO webMessenger - Zalogowano/input_Robert Majewski_messageInput'

2021-12-21 18:58:13 - [MESSAGE][PASSED] - Text 'c' is set on object 'Object Repository/Page_PSTO webMessenger - Zalogowano/input_Robert Majewski_messageInput'

2021-12-21 18:58:13 - [TEST_STEP][PASSED] - click(findTestObject("Page_PSTO webMessenger - Zalogowano/img_Robert Majewski_sendButton")): Object: 'Object Repository/Page_PSTO webMessenger - Zalogowano/img_Robert Majewski_sendButton' is clicked on

2021-12-21 18:58:14 - [MESSAGE][PASSED] - Object: 'Object Repository/Page_PSTO webMessenger - Zalogowano/img_Robert Majewski_sendButton' is clicked on

2021-12-21 18:58:14 - [TEST_STEP][PASSED] - setText(findTestObject("Page_PSTO webMessenger - Zalogowano/input_Robert Majewski_messageInput"), "c"): Text 'c' is set on object 'Object Repository/Page_PSTO webMessenger - Zalogowano/input_Robert Majewski_messageInput'

2021-12-21 18:58:15 - [MESSAGE][PASSED] - Text 'c' is set on object 'Object Repository/Page_PSTO webMessenger - Zalogowano/input_Robert Majewski_messageInput'

2021-12-21 18:58:15 - [TEST_STEP][PASSED] - click(findTestObject("Page_PSTO webMessenger - Zalogowano/img_Robert Majewski_sendButton")): Object: 'Object Repository/Page_PSTO webMessenger - Zalogowano/img_Robert Majewski_sendButton' is clicked on

2021-12-21 18:58:17 - [MESSAGE][PASSED] - Object: 'Object Repository/Page_PSTO webMessenger - Zalogowano/img_Robert Majewski_sendButton' is clicked on

2021-12-21 18:58:17 - [TEST_STEP][PASSED] - setText(findTestObject("Page_PSTO webMessenger - Zalogowano/input_Robert Majewski_messageInput"), "c"): Text 'c' is set on object 'Object Repository/Page_PSTO webMessenger - Zalogowano/input_Robert Majewski_messageInput'

2021-12-21 18:58:18 - [MESSAGE][PASSED] - Text 'c' is set on object 'Object Repository/Page_PSTO webMessenger - Zalogowano/input_Robert Majewski_messageInput'

2021-12-21 18:58:18 - [TEST_STEP][PASSED] - click(findTestObject("Page_PSTO webMessenger - Zalogowano/img_Robert Majewski_sendButton")): Object: 'Object Repository/Page_PSTO webMessenger - Zalogowano/img_Robert Majewski_sendButton' is clicked on

2021-12-21 18:58:18 - [MESSAGE][PASSED] - Object: 'Object Repository/Page_PSTO webMessenger - Zalogowano/img_Robert Majewski_sendButton' is clicked on

2021-12-21 18:58:18 - [TEST_STEP][PASSED] - setText(findTestObject("Page_PSTO webMessenger - Zalogowano/input_Robert Majewski_messageInput"), "c"): Text 'c' is set on object 'Object Repository/Page_PSTO webMessenger - Zalogowano/input_Robert Majewski_messageInput'

2021-12-21 18:58:19 - [MESSAGE][PASSED] - Text 'c' is set on object 'Object Repository/Page_PSTO webMessenger - Zalogowano/input_Robert Majewski_messageInput'

2021-12-21 18:58:19 - [TEST_STEP][PASSED] - click(findTestObject("Page_PSTO webMessenger - Zalogowano/img_Robert Majewski_sendButton")): Object: 'Object Repository/Page_PSTO webMessenger - Zalogowano/img_Robert Majewski_sendButton' is clicked on

2021-12-21 18:58:19 - [MESSAGE][PASSED] - Object: 'Object Repository/Page_PSTO webMessenger - Zalogowano/img_Robert Majewski_sendButton' is clicked on

2021-12-21 18:58:19 - [TEST_STEP][PASSED] - setText(findTestObject("Page_PSTO webMessenger - Zalogowano/input_Robert Majewski_messageInput"), "c"): Text 'c' is set on object 'Object Repository/Page_PSTO webMessenger - Zalogowano/input_Robert Majewski_messageInput'

2021-12-21 18:58:21 - [MESSAGE][PASSED] - Text 'c' is set on object 'Object Repository/Page_PSTO webMessenger - Zalogowano/input_Robert Majewski_messageInput'

2021-12-21 18:58:21 - [TEST_STEP][PASSED] - click(findTestObject("Page_PSTO webMessenger - Zalogowano/img_Robert Majewski_sendButton")): Object: 'Object Repository/Page_PSTO webMessenger - Zalogowano/img_Robert Majewski_sendButton' is clicked on

2021-12-21 18:58:21 - [MESSAGE][PASSED] - Object: 'Object Repository/Page_PSTO webMessenger - Zalogowano/img_Robert Majewski_sendButton' is clicked on

2021-12-21 18:58:21 - [TEST_STEP][PASSED] - setText(findTestObject("Page_PSTO webMessenger - Zalogowano/input_Robert Majewski_messageInput"), "c"): Text 'c' is set on object 'Object Repository/Page_PSTO webMessenger - Zalogowano/input_Robert Majewski_messageInput'

2021-12-21 18:58:22 - [MESSAGE][PASSED] - Text 'c' is set on object 'Object Repository/Page_PSTO webMessenger - Zalogowano/input_Robert Majewski_messageInput'

2021-12-21 18:58:22 - [TEST_STEP][PASSED] - click(findTestObject("Page_PSTO webMessenger - Zalogowano/img_Robert Majewski_sendButton")): Object: 'Object Repository/Page_PSTO webMessenger - Zalogowano/img_Robert Majewski_sendButton' is clicked on

2021-12-21 18:58:23 - [MESSAGE][PASSED] - Object: 'Object Repository/Page_PSTO webMessenger - Zalogowano/img_Robert Majewski_sendButton' is clicked on

2021-12-21 18:58:23 - [TEST_STEP][PASSED] - setText(findTestObject("Page_PSTO webMessenger - Zalogowano/input_Robert Majewski_messageInput"), "c"): Text 'c' is set on object 'Object Repository/Page_PSTO webMessenger - Zalogowano/input_Robert Majewski_messageInput'

2021-12-21 18:58:23 - [MESSAGE][PASSED] - Text 'c' is set on object 'Object Repository/Page_PSTO webMessenger - Zalogowano/input_Robert Majewski_messageInput'

2021-12-21 18:58:23 - [TEST_STEP][PASSED] - click(findTestObject("Page_PSTO webMessenger - Zalogowano/img_Robert Majewski_sendButton")): Object: 'Object Repository/Page_PSTO webMessenger - Zalogowano/img_Robert Majewski_sendButton' is clicked on

2021-12-21 18:58:24 - [MESSAGE][PASSED] - Object: 'Object Repository/Page_PSTO webMessenger - Zalogowano/img_Robert Majewski_sendButton' is clicked on

2021-12-21 18:58:24 - [TEST_STEP][PASSED] - setText(findTestObject("Page_PSTO webMessenger - Zalogowano/input_Robert Majewski_messageInput"), "c"): Text 'c' is set on object 'Object Repository/Page_PSTO webMessenger - Zalogowano/input_Robert Majewski_messageInput'

2021-12-21 18:58:25 - [MESSAGE][PASSED] - Text 'c' is set on object 'Object Repository/Page_PSTO webMessenger - Zalogowano/input_Robert Majewski_messageInput'

2021-12-21 18:58:25 - [TEST_STEP][PASSED] - click(findTestObject("Page_PSTO webMessenger - Zalogowano/img_Robert Majewski_sendButton")): Object: 'Object Repository/Page_PSTO webMessenger - Zalogowano/img_Robert Majewski_sendButton' is clicked on

2021-12-21 18:58:27 - [MESSAGE][PASSED] - Object: 'Object Repository/Page_PSTO webMessenger - Zalogowano/img_Robert Majewski_sendButton' is clicked on

2021-12-21 18:58:27 - [TEST_STEP][PASSED] - setText(findTestObject("Page_PSTO webMessenger - Zalogowano/input_Robert Majewski_messageInput"), "c"): Text 'c' is set on object 'Object Repository/Page_PSTO webMessenger - Zalogowano/input_Robert Majewski_messageInput'

2021-12-21 18:58:28 - [MESSAGE][PASSED] - Text 'c' is set on object 'Object Repository/Page_PSTO webMessenger - Zalogowano/input_Robert Majewski_messageInput'

2021-12-21 18:58:28 - [TEST_STEP][PASSED] - click(findTestObject("Page_PSTO webMessenger - Zalogowano/img_Robert Majewski_sendButton")): Object: 'Object Repository/Page_PSTO webMessenger - Zalogowano/img_Robert Majewski_sendButton' is clicked on

2021-12-21 18:58:28 - [MESSAGE][PASSED] - Object: 'Object Repository/Page_PSTO webMessenger - Zalogowano/img_Robert Majewski_sendButton' is clicked on

2021-12-21 18:58:28 - [TEST_STEP][PASSED] - setText(findTestObject("Page_PSTO webMessenger - Zalogowano/input_Robert Majewski_messageInput"), "c"): Text 'c' is set on object 'Object Repository/Page_PSTO webMessenger - Zalogowano/input_Robert Majewski_messageInput'

2021-12-21 18:58:29 - [MESSAGE][PASSED] - Text 'c' is set on object 'Object Repository/Page_PSTO webMessenger - Zalogowano/input_Robert Majewski_messageInput'

2021-12-21 18:58:29 - [TEST_STEP][PASSED] - click(findTestObject("Page_PSTO webMessenger - Zalogowano/img_Robert Majewski_sendButton")): Object: 'Object Repository/Page_PSTO webMessenger - Zalogowano/img_Robert Majewski_sendButton' is clicked on

2021-12-21 18:58:29 - [MESSAGE][PASSED] - Object: 'Object Repository/Page_PSTO webMessenger - Zalogowano/img_Robert Majewski_sendButton' is clicked on

2021-12-21 18:58:29 - [TEST_STEP][PASSED] - setText(findTestObject("Page_PSTO webMessenger - Zalogowano/input_Robert Majewski_messageInput"), "c"): Text 'c' is set on object 'Object Repository/Page_PSTO webMessenger - Zalogowano/input_Robert Majewski_messageInput'

2021-12-21 18:58:31 - [MESSAGE][PASSED] - Text 'c' is set on object 'Object Repository/Page_PSTO webMessenger - Zalogowano/input_Robert Majewski_messageInput'

2021-12-21 18:58:31 - [TEST_STEP][PASSED] - click(findTestObject("Page_PSTO webMessenger - Zalogowano/img_Robert Majewski_sendButton")): Object: 'Object Repository/Page_PSTO webMessenger - Zalogowano/img_Robert Majewski_sendButton' is clicked on

2021-12-21 18:58:32 - [MESSAGE][PASSED] - Object: 'Object Repository/Page_PSTO webMessenger - Zalogowano/img_Robert Majewski_sendButton' is clicked on

2021-12-21 18:58:32 - [TEST_STEP][PASSED] - setText(findTestObject("Page_PSTO webMessenger - Zalogowano/input_Robert Majewski_messageInput"), "c"): Text 'c' is set on object 'Object Repository/Page_PSTO webMessenger - Zalogowano/input_Robert Majewski_messageInput'

2021-12-21 18:58:33 - [MESSAGE][PASSED] - Text 'c' is set on object 'Object Repository/Page_PSTO webMessenger - Zalogowano/input_Robert Majewski_messageInput'

2021-12-21 18:58:33 - [TEST_STEP][PASSED] - click(findTestObject("Page_PSTO webMessenger - Zalogowano/img_Robert Majewski_sendButton")): Object: 'Object Repository/Page_PSTO webMessenger - Zalogowano/img_Robert Majewski_sendButton' is clicked on

2021-12-21 18:58:33 - [MESSAGE][PASSED] - Object: 'Object Repository/Page_PSTO webMessenger - Zalogowano/img_Robert Majewski_sendButton' is clicked on

2021-12-21 18:58:33 - [TEST_STEP][PASSED] - setText(findTestObject("Page_PSTO webMessenger - Zalogowano/input_Robert Majewski_messageInput"), "c"): Text 'c' is set on object 'Object Repository/Page_PSTO webMessenger - Zalogowano/input_Robert Majewski_messageInput'

2021-12-21 18:58:34 - [MESSAGE][PASSED] - Text 'c' is set on object 'Object Repository/Page_PSTO webMessenger - Zalogowano/input_Robert Majewski_messageInput'

2021-12-21 18:58:34 - [TEST_STEP][PASSED] - click(findTestObject("Page_PSTO webMessenger - Zalogowano/img_Robert Majewski_sendButton")): Object: 'Object Repository/Page_PSTO webMessenger - Zalogowano/img_Robert Majewski_sendButton' is clicked on

2021-12-21 18:58:35 - [MESSAGE][PASSED] - Object: 'Object Repository/Page_PSTO webMessenger - Zalogowano/img_Robert Majewski_sendButton' is clicked on

2021-12-21 18:58:35 - [TEST_STEP][PASSED] - setText(findTestObject("Page_PSTO webMessenger - Zalogowano/input_Robert Majewski_messageInput"), "c"): Text 'c' is set on object 'Object Repository/Page_PSTO webMessenger - Zalogowano/input_Robert Majewski_messageInput'

2021-12-21 18:58:37 - [MESSAGE][PASSED] - Text 'c' is set on object 'Object Repository/Page_PSTO webMessenger - Zalogowano/input_Robert Majewski_messageInput'

2021-12-21 18:58:37 - [TEST_STEP][PASSED] - click(findTestObject("Page_PSTO webMessenger - Zalogowano/img_Robert Majewski_sendButton")): Object: 'Object Repository/Page_PSTO webMessenger - Zalogowano/img_Robert Majewski_sendButton' is clicked on

2021-12-21 18:58:37 - [MESSAGE][PASSED] - Object: 'Object Repository/Page_PSTO webMessenger - Zalogowano/img_Robert Majewski_sendButton' is clicked on

2021-12-21 18:58:37 - [TEST_STEP][PASSED] - setText(findTestObject("Page_PSTO webMessenger - Zalogowano/input_Robert Majewski_messageInput"), "c"): Text 'c' is set on object 'Object Repository/Page_PSTO webMessenger - Zalogowano/input_Robert Majewski_messageInput'

2021-12-21 18:58:38 - [MESSAGE][PASSED] - Text 'c' is set on object 'Object Repository/Page_PSTO webMessenger - Zalogowano/input_Robert Majewski_messageInput'

2021-12-21 18:58:38 - [TEST_STEP][PASSED] - click(findTestObject("Page_PSTO webMessenger - Zalogowano/img_Robert Majewski_sendButton")): Object: 'Object Repository/Page_PSTO webMessenger - Zalogowano/img_Robert Majewski_sendButton' is clicked on

2021-12-21 18:58:39 - [MESSAGE][PASSED] - Object: 'Object Repository/Page_PSTO webMessenger - Zalogowano/img_Robert Majewski_sendButton' is clicked on

2021-12-21 18:58:39 - [TEST_STEP][PASSED] - setText(findTestObject("Page_PSTO webMessenger - Zalogowano/input_Robert Majewski_messageInput"), "c"): Text 'c' is set on object 'Object Repository/Page_PSTO webMessenger - Zalogowano/input_Robert Majewski_messageInput'

2021-12-21 18:58:40 - [MESSAGE][PASSED] - Text 'c' is set on object 'Object Repository/Page_PSTO webMessenger - Zalogowano/input_Robert Majewski_messageInput'

2021-12-21 18:58:40 - [TEST_STEP][PASSED] - click(findTestObject("Page_PSTO webMessenger - Zalogowano/img_Robert Majewski_sendButton")): Object: 'Object Repository/Page_PSTO webMessenger - Zalogowano/img_Robert Majewski_sendButton' is clicked on

2021-12-21 18:58:40 - [MESSAGE][PASSED] - Object: 'Object Repository/Page_PSTO webMessenger - Zalogowano/img_Robert Majewski_sendButton' is clicked on

2021-12-21 18:58:40 - [TEST_STEP][PASSED] - setText(findTestObject("Page_PSTO webMessenger - Zalogowano/input_Robert Majewski_messageInput"), "c"): Text 'c' is set on object 'Object Repository/Page_PSTO webMessenger - Zalogowano/input_Robert Majewski_messageInput'

2021-12-21 18:58:41 - [MESSAGE][PASSED] - Text 'c' is set on object 'Object Repository/Page_PSTO webMessenger - Zalogowano/input_Robert Majewski_messageInput'

2021-12-21 18:58:41 - [TEST_STEP][PASSED] - click(findTestObject("Page_PSTO webMessenger - Zalogowano/img_Robert Majewski_sendButton")): Object: 'Object Repository/Page_PSTO webMessenger - Zalogowano/img_Robert Majewski_sendButton' is clicked on

2021-12-21 18:58:42 - [MESSAGE][PASSED] - Object: 'Object Repository/Page_PSTO webMessenger - Zalogowano/img_Robert Majewski_sendButton' is clicked on

2021-12-21 18:58:42 - [TEST_STEP][PASSED] - setText(findTestObject("Page_PSTO webMessenger - Zalogowano/input_Robert Majewski_messageInput"), "c"): Text 'c' is set on object 'Object Repository/Page_PSTO webMessenger - Zalogowano/input_Robert Majewski_messageInput'

2021-12-21 18:58:42 - [MESSAGE][PASSED] - Text 'c' is set on object 'Object Repository/Page_PSTO webMessenger - Zalogowano/input_Robert Majewski_messageInput'

2021-12-21 18:58:42 - [TEST_STEP][PASSED] - click(findTestObject("Page_PSTO webMessenger - Zalogowano/img_Robert Majewski_sendButton")): Object: 'Object Repository/Page_PSTO webMessenger - Zalogowano/img_Robert Majewski_sendButton' is clicked on

2021-12-21 18:58:43 - [MESSAGE][PASSED] - Object: 'Object Repository/Page_PSTO webMessenger - Zalogowano/img_Robert Majewski_sendButton' is clicked on

2021-12-21 18:58:43 - [TEST_STEP][PASSED] - setText(findTestObject("Page_PSTO webMessenger - Zalogowano/input_Robert Majewski_messageInput"), "c"): Text 'c' is set on object 'Object Repository/Page_PSTO webMessenger - Zalogowano/input_Robert Majewski_messageInput'

2021-12-21 18:58:44 - [MESSAGE][PASSED] - Text 'c' is set on object 'Object Repository/Page_PSTO webMessenger - Zalogowano/input_Robert Majewski_messageInput'

2021-12-21 18:58:44 - [TEST_STEP][PASSED] - click(findTestObject("Page_PSTO webMessenger - Zalogowano/img_Robert Majewski_sendButton")): Object: 'Object Repository/Page_PSTO webMessenger - Zalogowano/img_Robert Majewski_sendButton' is clicked on

2021-12-21 18:58:45 - [MESSAGE][PASSED] - Object: 'Object Repository/Page_PSTO webMessenger - Zalogowano/img_Robert Majewski_sendButton' is clicked on

2021-12-21 18:58:45 - [TEST_STEP][PASSED] - setText(findTestObject("Page_PSTO webMessenger - Zalogowano/input_Robert Majewski_messageInput"), "c"): Text 'c' is set on object 'Object Repository/Page_PSTO webMessenger - Zalogowano/input_Robert Majewski_messageInput'

2021-12-21 18:58:47 - [MESSAGE][PASSED] - Text 'c' is set on object 'Object Repository/Page_PSTO webMessenger - Zalogowano/input_Robert Majewski_messageInput'

2021-12-21 18:58:47 - [TEST_STEP][PASSED] - click(findTestObject("Page_PSTO webMessenger - Zalogowano/img_Robert Majewski_sendButton")): Object: 'Object Repository/Page_PSTO webMessenger - Zalogowano/img_Robert Majewski_sendButton' is clicked on

2021-12-21 18:58:48 - [MESSAGE][PASSED] - Object: 'Object Repository/Page_PSTO webMessenger - Zalogowano/img_Robert Majewski_sendButton' is clicked on

2021-12-21 18:58:48 - [TEST_STEP][PASSED] - setText(findTestObject("Page_PSTO webMessenger - Zalogowano/input_Robert Majewski_messageInput"), "c"): Text 'c' is set on object 'Object Repository/Page_PSTO webMessenger - Zalogowano/input_Robert Majewski_messageInput'

2021-12-21 18:58:49 - [MESSAGE][PASSED] - Text 'c' is set on object 'Object Repository/Page_PSTO webMessenger - Zalogowano/input_Robert Majewski_messageInput'

2021-12-21 18:58:49 - [TEST_STEP][PASSED] - click(findTestObject("Page_PSTO webMessenger - Zalogowano/img_Robert Majewski_sendButton")): Object: 'Object Repository/Page_PSTO webMessenger - Zalogowano/img_Robert Majewski_sendButton' is clicked on

2021-12-21 18:58:49 - [MESSAGE][PASSED] - Object: 'Object Repository/Page_PSTO webMessenger - Zalogowano/img_Robert Majewski_sendButton' is clicked on

2021-12-21 18:58:49 - [TEST_STEP][PASSED] - setText(findTestObject("Page_PSTO webMessenger - Zalogowano/input_Robert Majewski_messageInput"), "c"): Text 'c' is set on object 'Object Repository/Page_PSTO webMessenger - Zalogowano/input_Robert Majewski_messageInput'

2021-12-21 18:58:50 - [MESSAGE][PASSED] - Text 'c' is set on object 'Object Repository/Page_PSTO webMessenger - Zalogowano/input_Robert Majewski_messageInput'

2021-12-21 18:58:50 - [TEST_STEP][PASSED] - click(findTestObject("Page_PSTO webMessenger - Zalogowano/img_Robert Majewski_sendButton")): Object: 'Object Repository/Page_PSTO webMessenger - Zalogowano/img_Robert Majewski_sendButton' is clicked on

2021-12-21 18:58:51 - [MESSAGE][PASSED] - Object: 'Object Repository/Page_PSTO webMessenger - Zalogowano/img_Robert Majewski_sendButton' is clicked on

2021-12-21 18:58:51 - [TEST_STEP][PASSED] - setText(findTestObject("Page_PSTO webMessenger - Zalogowano/input_Robert Majewski_messageInput"), "c"): Text 'c' is set on object 'Object Repository/Page_PSTO webMessenger - Zalogowano/input_Robert Majewski_messageInput'

2021-12-21 18:58:52 - [MESSAGE][PASSED] - Text 'c' is set on object 'Object Repository/Page_PSTO webMessenger - Zalogowano/input_Robert Majewski_messageInput'

2021-12-21 18:58:52 - [TEST_STEP][PASSED] - click(findTestObject("Page_PSTO webMessenger - Zalogowano/img_Robert Majewski_sendButton")): Object: 'Object Repository/Page_PSTO webMessenger - Zalogowano/img_Robert Majewski_sendButton' is clicked on

2021-12-21 18:58:53 - [MESSAGE][PASSED] - Object: 'Object Repository/Page_PSTO webMessenger - Zalogowano/img_Robert Majewski_sendButton' is clicked on

2021-12-21 18:58:53 - [TEST_STEP][PASSED] - setText(findTestObject("Page_PSTO webMessenger - Zalogowano/input_Robert Majewski_messageInput"), "c"): Text 'c' is set on object 'Object Repository/Page_PSTO webMessenger - Zalogowano/input_Robert Majewski_messageInput'

2021-12-21 18:58:54 - [MESSAGE][PASSED] - Text 'c' is set on object 'Object Repository/Page_PSTO webMessenger - Zalogowano/input_Robert Majewski_messageInput'

2021-12-21 18:58:54 - [TEST_STEP][PASSED] - click(findTestObject("Page_PSTO webMessenger - Zalogowano/img_Robert Majewski_sendButton")): Object: 'Object Repository/Page_PSTO webMessenger - Zalogowano/img_Robert Majewski_sendButton' is clicked on

2021-12-21 18:58:55 - [MESSAGE][PASSED] - Object: 'Object Repository/Page_PSTO webMessenger - Zalogowano/img_Robert Majewski_sendButton' is clicked on

2021-12-21 18:58:55 - [TEST_STEP][PASSED] - setText(findTestObject("Page_PSTO webMessenger - Zalogowano/input_Robert Majewski_messageInput"), "c"): Text 'c' is set on object 'Object Repository/Page_PSTO webMessenger - Zalogowano/input_Robert Majewski_messageInput'

2021-12-21 18:58:57 - [MESSAGE][PASSED] - Text 'c' is set on object 'Object Repository/Page_PSTO webMessenger - Zalogowano/input_Robert Majewski_messageInput'

2021-12-21 18:58:57 - [TEST_STEP][PASSED] - click(findTestObject("Page_PSTO webMessenger - Zalogowano/img_Robert Majewski_sendButton")): Object: 'Object Repository/Page_PSTO webMessenger - Zalogowano/img_Robert Majewski_sendButton' is clicked on

2021-12-21 18:58:59 - [MESSAGE][PASSED] - Object: 'Object Repository/Page_PSTO webMessenger - Zalogowano/img_Robert Majewski_sendButton' is clicked on

2021-12-21 18:58:59 - [TEST_STEP][PASSED] - setText(findTestObject("Page_PSTO webMessenger - Zalogowano/input_Robert Majewski_messageInput"), "c"): Text 'c' is set on object 'Object Repository/Page_PSTO webMessenger - Zalogowano/input_Robert Majewski_messageInput'

2021-12-21 18:58:59 - [MESSAGE][PASSED] - Text 'c' is set on object 'Object Repository/Page_PSTO webMessenger - Zalogowano/input_Robert Majewski_messageInput'

2021-12-21 18:58:59 - [TEST_STEP][PASSED] - click(findTestObject("Page_PSTO webMessenger - Zalogowano/img_Robert Majewski_sendButton")): Object: 'Object Repository/Page_PSTO webMessenger - Zalogowano/img_Robert Majewski_sendButton' is clicked on

2021-12-21 18:59:00 - [MESSAGE][PASSED] - Object: 'Object Repository/Page_PSTO webMessenger - Zalogowano/img_Robert Majewski_sendButton' is clicked on

2021-12-21 18:59:00 - [TEST_STEP][PASSED] - setText(findTestObject("Page_PSTO webMessenger - Zalogowano/input_Robert Majewski_messageInput"), "c"): Text 'c' is set on object 'Object Repository/Page_PSTO webMessenger - Zalogowano/input_Robert Majewski_messageInput'

2021-12-21 18:59:01 - [MESSAGE][PASSED] - Text 'c' is set on object 'Object Repository/Page_PSTO webMessenger - Zalogowano/input_Robert Majewski_messageInput'

2021-12-21 18:59:01 - [TEST_STEP][PASSED] - click(findTestObject("Page_PSTO webMessenger - Zalogowano/img_Robert Majewski_sendButton")): Object: 'Object Repository/Page_PSTO webMessenger - Zalogowano/img_Robert Majewski_sendButton' is clicked on

2021-12-21 18:59:02 - [MESSAGE][PASSED] - Object: 'Object Repository/Page_PSTO webMessenger - Zalogowano/img_Robert Majewski_sendButton' is clicked on

2021-12-21 18:59:02 - [TEST_STEP][PASSED] - setText(findTestObject("Page_PSTO webMessenger - Zalogowano/input_Robert Majewski_messageInput"), "c"): Text 'c' is set on object 'Object Repository/Page_PSTO webMessenger - Zalogowano/input_Robert Majewski_messageInput'

2021-12-21 18:59:02 - [MESSAGE][PASSED] - Text 'c' is set on object 'Object Repository/Page_PSTO webMessenger - Zalogowano/input_Robert Majewski_messageInput'

2021-12-21 18:59:02 - [TEST_STEP][PASSED] - click(findTestObject("Page_PSTO webMessenger - Zalogowano/img_Robert Majewski_sendButton")): Object: 'Object Repository/Page_PSTO webMessenger - Zalogowano/img_Robert Majewski_sendButton' is clicked on

2021-12-21 18:59:03 - [MESSAGE][PASSED] - Object: 'Object Repository/Page_PSTO webMessenger - Zalogowano/img_Robert Majewski_sendButton' is clicked on

2021-12-21 18:59:03 - [TEST_STEP][PASSED] - setText(findTestObject("Page_PSTO webMessenger - Zalogowano/input_Robert Majewski_messageInput"), "c"): Text 'c' is set on object 'Object Repository/Page_PSTO webMessenger - Zalogowano/input_Robert Majewski_messageInput'

2021-12-21 18:59:04 - [MESSAGE][PASSED] - Text 'c' is set on object 'Object Repository/Page_PSTO webMessenger - Zalogowano/input_Robert Majewski_messageInput'

2021-12-21 18:59:04 - [TEST_STEP][PASSED] - click(findTestObject("Page_PSTO webMessenger - Zalogowano/img_Robert Majewski_sendButton")): Object: 'Object Repository/Page_PSTO webMessenger - Zalogowano/img_Robert Majewski_sendButton' is clicked on

2021-12-21 18:59:05 - [MESSAGE][PASSED] - Object: 'Object Repository/Page_PSTO webMessenger - Zalogowano/img_Robert Majewski_sendButton' is clicked on

2021-12-21 18:59:05 - [TEST_STEP][PASSED] - setText(findTestObject("Page_PSTO webMessenger - Zalogowano/input_Robert Majewski_messageInput"), "c"): Text 'c' is set on object 'Object Repository/Page_PSTO webMessenger - Zalogowano/input_Robert Majewski_messageInput'

2021-12-21 18:59:06 - [MESSAGE][PASSED] - Text 'c' is set on object 'Object Repository/Page_PSTO webMessenger - Zalogowano/input_Robert Majewski_messageInput'

2021-12-21 18:59:06 - [TEST_STEP][PASSED] - click(findTestObject("Page_PSTO webMessenger - Zalogowano/img_Robert Majewski_sendButton")): Object: 'Object Repository/Page_PSTO webMessenger - Zalogowano/img_Robert Majewski_sendButton' is clicked on

2021-12-21 18:59:07 - [MESSAGE][PASSED] - Object: 'Object Repository/Page_PSTO webMessenger - Zalogowano/img_Robert Majewski_sendButton' is clicked on

2021-12-21 18:59:07 - [TEST_STEP][PASSED] - setText(findTestObject("Page_PSTO webMessenger - Zalogowano/input_Robert Majewski_messageInput"), "c"): Text 'c' is set on object 'Object Repository/Page_PSTO webMessenger - Zalogowano/input_Robert Majewski_messageInput'

2021-12-21 18:59:08 - [MESSAGE][PASSED] - Text 'c' is set on object 'Object Repository/Page_PSTO webMessenger - Zalogowano/input_Robert Majewski_messageInput'

2021-12-21 18:59:08 - [TEST_STEP][PASSED] - click(findTestObject("Page_PSTO webMessenger - Zalogowano/img_Robert Majewski_sendButton")): Object: 'Object Repository/Page_PSTO webMessenger - Zalogowano/img_Robert Majewski_sendButton' is clicked on

2021-12-21 18:59:09 - [MESSAGE][PASSED] - Object: 'Object Repository/Page_PSTO webMessenger - Zalogowano/img_Robert Majewski_sendButton' is clicked on

2021-12-21 18:59:09 - [TEST_STEP][PASSED] - setText(findTestObject("Page_PSTO webMessenger - Zalogowano/input_Robert Majewski_messageInput"), "c"): Text 'c' is set on object 'Object Repository/Page_PSTO webMessenger - Zalogowano/input_Robert Majewski_messageInput'

2021-12-21 18:59:10 - [MESSAGE][PASSED] - Text 'c' is set on object 'Object Repository/Page_PSTO webMessenger - Zalogowano/input_Robert Majewski_messageInput'

2021-12-21 18:59:10 - [TEST_STEP][PASSED] - click(findTestObject("Page_PSTO webMessenger - Zalogowano/img_Robert Majewski_sendButton")): Object: 'Object Repository/Page_PSTO webMessenger - Zalogowano/img_Robert Majewski_sendButton' is clicked on

2021-12-21 18:59:11 - [MESSAGE][PASSED] - Object: 'Object Repository/Page_PSTO webMessenger - Zalogowano/img_Robert Majewski_sendButton' is clicked on

2021-12-21 18:59:11 - [TEST_STEP][PASSED] - setText(findTestObject("Page_PSTO webMessenger - Zalogowano/input_Robert Majewski_messageInput"), "c"): Text 'c' is set on object 'Object Repository/Page_PSTO webMessenger - Zalogowano/input_Robert Majewski_messageInput'

2021-12-21 18:59:12 - [MESSAGE][PASSED] - Text 'c' is set on object 'Object Repository/Page_PSTO webMessenger - Zalogowano/input_Robert Majewski_messageInput'

2021-12-21 18:59:12 - [TEST_STEP][PASSED] - click(findTestObject("Page_PSTO webMessenger - Zalogowano/img_Robert Majewski_sendButton")): Object: 'Object Repository/Page_PSTO webMessenger - Zalogowano/img_Robert Majewski_sendButton' is clicked on

2021-12-21 18:59:13 - [MESSAGE][PASSED] - Object: 'Object Repository/Page_PSTO webMessenger - Zalogowano/img_Robert Majewski_sendButton' is clicked on

2021-12-21 18:59:13 - [TEST_STEP][PASSED] - setText(findTestObject("Page_PSTO webMessenger - Zalogowano/input_Robert Majewski_messageInput"), "c"): Text 'c' is set on object 'Object Repository/Page_PSTO webMessenger - Zalogowano/input_Robert Majewski_messageInput'

2021-12-21 18:59:14 - [MESSAGE][PASSED] - Text 'c' is set on object 'Object Repository/Page_PSTO webMessenger - Zalogowano/input_Robert Majewski_messageInput'

2021-12-21 18:59:14 - [TEST_STEP][PASSED] - click(findTestObject("Page_PSTO webMessenger - Zalogowano/img_Robert Majewski_sendButton")): Object: 'Object Repository/Page_PSTO webMessenger - Zalogowano/img_Robert Majewski_sendButton' is clicked on

2021-12-21 18:59:15 - [MESSAGE][PASSED] - Object: 'Object Repository/Page_PSTO webMessenger - Zalogowano/img_Robert Majewski_sendButton' is clicked on

2021-12-21 18:59:15 - [TEST_STEP][PASSED] - setText(findTestObject("Page_PSTO webMessenger - Zalogowano/input_Robert Majewski_messageInput"), "c"): Text 'c' is set on object 'Object Repository/Page_PSTO webMessenger - Zalogowano/input_Robert Majewski_messageInput'

2021-12-21 18:59:17 - [MESSAGE][PASSED] - Text 'c' is set on object 'Object Repository/Page_PSTO webMessenger - Zalogowano/input_Robert Majewski_messageInput'

2021-12-21 18:59:17 - [TEST_STEP][PASSED] - click(findTestObject("Page_PSTO webMessenger - Zalogowano/img_Robert Majewski_sendButton")): Object: 'Object Repository/Page_PSTO webMessenger - Zalogowano/img_Robert Majewski_sendButton' is clicked on

2021-12-21 18:59:17 - [MESSAGE][PASSED] - Object: 'Object Repository/Page_PSTO webMessenger - Zalogowano/img_Robert Majewski_sendButton' is clicked on

2021-12-21 18:59:17 - [TEST_STEP][PASSED] - setText(findTestObject("Page_PSTO webMessenger - Zalogowano/input_Robert Majewski_messageInput"), "c"): Text 'c' is set on object 'Object Repository/Page_PSTO webMessenger - Zalogowano/input_Robert Majewski_messageInput'

2021-12-21 18:59:18 - [MESSAGE][PASSED] - Text 'c' is set on object 'Object Repository/Page_PSTO webMessenger - Zalogowano/input_Robert Majewski_messageInput'

2021-12-21 18:59:18 - [TEST_STEP][PASSED] - click(findTestObject("Page_PSTO webMessenger - Zalogowano/img_Robert Majewski_sendButton")): Object: 'Object Repository/Page_PSTO webMessenger - Zalogowano/img_Robert Majewski_sendButton' is clicked on

2021-12-21 18:59:19 - [MESSAGE][PASSED] - Object: 'Object Repository/Page_PSTO webMessenger - Zalogowano/img_Robert Majewski_sendButton' is clicked on

2021-12-21 18:59:19 - [TEST_STEP][PASSED] - setText(findTestObject("Page_PSTO webMessenger - Zalogowano/input_Robert Majewski_messageInput"), "c"): Text 'c' is set on object 'Object Repository/Page_PSTO webMessenger - Zalogowano/input_Robert Majewski_messageInput'

2021-12-21 18:59:20 - [MESSAGE][PASSED] - Text 'c' is set on object 'Object Repository/Page_PSTO webMessenger - Zalogowano/input_Robert Majewski_messageInput'

2021-12-21 18:59:20 - [TEST_STEP][PASSED] - click(findTestObject("Page_PSTO webMessenger - Zalogowano/img_Robert Majewski_sendButton")): Object: 'Object Repository/Page_PSTO webMessenger - Zalogowano/img_Robert Majewski_sendButton' is clicked on

2021-12-21 18:59:21 - [MESSAGE][PASSED] - Object: 'Object Repository/Page_PSTO webMessenger - Zalogowano/img_Robert Majewski_sendButton' is clicked on

2021-12-21 18:59:21 - [TEST_STEP][PASSED] - setText(findTestObject("Page_PSTO webMessenger - Zalogowano/input_Robert Majewski_messageInput"), "c"): Text 'c' is set on object 'Object Repository/Page_PSTO webMessenger - Zalogowano/input_Robert Majewski_messageInput'

2021-12-21 18:59:22 - [MESSAGE][PASSED] - Text 'c' is set on object 'Object Repository/Page_PSTO webMessenger - Zalogowano/input_Robert Majewski_messageInput'

2021-12-21 18:59:22 - [TEST_STEP][PASSED] - click(findTestObject("Page_PSTO webMessenger - Zalogowano/img_Robert Majewski_sendButton")): Object: 'Object Repository/Page_PSTO webMessenger - Zalogowano/img_Robert Majewski_sendButton' is clicked on

2021-12-21 18:59:22 - [MESSAGE][PASSED] - Object: 'Object Repository/Page_PSTO webMessenger - Zalogowano/img_Robert Majewski_sendButton' is clicked on

2021-12-21 18:59:22 - [TEST_STEP][PASSED] - setText(findTestObject("Page_PSTO webMessenger - Zalogowano/input_Robert Majewski_messageInput"), "c"): Text 'c' is set on object 'Object Repository/Page_PSTO webMessenger - Zalogowano/input_Robert Majewski_messageInput'

2021-12-21 18:59:23 - [MESSAGE][PASSED] - Text 'c' is set on object 'Object Repository/Page_PSTO webMessenger - Zalogowano/input_Robert Majewski_messageInput'

2021-12-21 18:59:23 - [TEST_STEP][PASSED] - click(findTestObject("Page_PSTO webMessenger - Zalogowano/img_Robert Majewski_sendButton")): Object: 'Object Repository/Page_PSTO webMessenger - Zalogowano/img_Robert Majewski_sendButton' is clicked on

2021-12-21 18:59:24 - [MESSAGE][PASSED] - Object: 'Object Repository/Page_PSTO webMessenger - Zalogowano/img_Robert Majewski_sendButton' is clicked on

2021-12-21 18:59:24 - [TEST_STEP][PASSED] - setText(findTestObject("Page_PSTO webMessenger - Zalogowano/input_Robert Majewski_messageInput"), "c"): Text 'c' is set on object 'Object Repository/Page_PSTO webMessenger - Zalogowano/input_Robert Majewski_messageInput'

2021-12-21 18:59:25 - [MESSAGE][PASSED] - Text 'c' is set on object 'Object Repository/Page_PSTO webMessenger - Zalogowano/input_Robert Majewski_messageInput'

2021-12-21 18:59:25 - [TEST_STEP][PASSED] - click(findTestObject("Page_PSTO webMessenger - Zalogowano/img_Robert Majewski_sendButton")): Object: 'Object Repository/Page_PSTO webMessenger - Zalogowano/img_Robert Majewski_sendButton' is clicked on

2021-12-21 18:59:25 - [MESSAGE][PASSED] - Object: 'Object Repository/Page_PSTO webMessenger - Zalogowano/img_Robert Majewski_sendButton' is clicked on

2021-12-21 18:59:25 - [TEST_STEP][PASSED] - setText(findTestObject("Page_PSTO webMessenger - Zalogowano/input_Robert Majewski_messageInput"), "c"): Text 'c' is set on object 'Object Repository/Page_PSTO webMessenger - Zalogowano/input_Robert Majewski_messageInput'

2021-12-21 18:59:27 - [MESSAGE][PASSED] - Text 'c' is set on object 'Object Repository/Page_PSTO webMessenger - Zalogowano/input_Robert Majewski_messageInput'

2021-12-21 18:59:27 - [TEST_STEP][PASSED] - click(findTestObject("Page_PSTO webMessenger - Zalogowano/img_Robert Majewski_sendButton")): Object: 'Object Repository/Page_PSTO webMessenger - Zalogowano/img_Robert Majewski_sendButton' is clicked on

2021-12-21 18:59:28 - [MESSAGE][PASSED] - Object: 'Object Repository/Page_PSTO webMessenger - Zalogowano/img_Robert Majewski_sendButton' is clicked on

2021-12-21 18:59:28 - [TEST_STEP][PASSED] - setText(findTestObject("Page_PSTO webMessenger - Zalogowano/input_Robert Majewski_messageInput"), "c"): Text 'c' is set on object 'Object Repository/Page_PSTO webMessenger - Zalogowano/input_Robert Majewski_messageInput'

2021-12-21 18:59:28 - [MESSAGE][PASSED] - Text 'c' is set on object 'Object Repository/Page_PSTO webMessenger - Zalogowano/input_Robert Majewski_messageInput'

2021-12-21 18:59:28 - [TEST_STEP][PASSED] - click(findTestObject("Page_PSTO webMessenger - Zalogowano/img_Robert Majewski_sendButton")): Object: 'Object Repository/Page_PSTO webMessenger - Zalogowano/img_Robert Majewski_sendButton' is clicked on

2021-12-21 18:59:29 - [MESSAGE][PASSED] - Object: 'Object Repository/Page_PSTO webMessenger - Zalogowano/img_Robert Majewski_sendButton' is clicked on

2021-12-21 18:59:29 - [TEST_STEP][PASSED] - setText(findTestObject("Page_PSTO webMessenger - Zalogowano/input_Robert Majewski_messageInput"), "c"): Text 'c' is set on object 'Object Repository/Page_PSTO webMessenger - Zalogowano/input_Robert Majewski_messageInput'

2021-12-21 18:59:30 - [MESSAGE][PASSED] - Text 'c' is set on object 'Object Repository/Page_PSTO webMessenger - Zalogowano/input_Robert Majewski_messageInput'

2021-12-21 18:59:30 - [TEST_STEP][PASSED] - click(findTestObject("Page_PSTO webMessenger - Zalogowano/img_Robert Majewski_sendButton")): Object: 'Object Repository/Page_PSTO webMessenger - Zalogowano/img_Robert Majewski_sendButton' is clicked on

2021-12-21 18:59:31 - [MESSAGE][PASSED] - Object: 'Object Repository/Page_PSTO webMessenger - Zalogowano/img_Robert Majewski_sendButton' is clicked on

2021-12-21 18:59:31 - [TEST_STEP][PASSED] - setText(findTestObject("Page_PSTO webMessenger - Zalogowano/input_Robert Majewski_messageInput"), "c"): Text 'c' is set on object 'Object Repository/Page_PSTO webMessenger - Zalogowano/input_Robert Majewski_messageInput'

2021-12-21 18:59:33 - [MESSAGE][PASSED] - Text 'c' is set on object 'Object Repository/Page_PSTO webMessenger - Zalogowano/input_Robert Majewski_messageInput'

2021-12-21 18:59:33 - [TEST_STEP][PASSED] - click(findTestObject("Page_PSTO webMessenger - Zalogowano/img_Robert Majewski_sendButton")): Object: 'Object Repository/Page_PSTO webMessenger - Zalogowano/img_Robert Majewski_sendButton' is clicked on

2021-12-21 18:59:34 - [MESSAGE][PASSED] - Object: 'Object Repository/Page_PSTO webMessenger - Zalogowano/img_Robert Majewski_sendButton' is clicked on

2021-12-21 18:59:34 - [TEST_STEP][PASSED] - setText(findTestObject("Page_PSTO webMessenger - Zalogowano/input_Robert Majewski_messageInput"), "c"): Text 'c' is set on object 'Object Repository/Page_PSTO webMessenger - Zalogowano/input_Robert Majewski_messageInput'

2021-12-21 18:59:35 - [MESSAGE][PASSED] - Text 'c' is set on object 'Object Repository/Page_PSTO webMessenger - Zalogowano/input_Robert Majewski_messageInput'

2021-12-21 18:59:35 - [TEST_STEP][PASSED] - click(findTestObject("Page_PSTO webMessenger - Zalogowano/img_Robert Majewski_sendButton")): Object: 'Object Repository/Page_PSTO webMessenger - Zalogowano/img_Robert Majewski_sendButton' is clicked on

2021-12-21 18:59:35 - [MESSAGE][PASSED] - Object: 'Object Repository/Page_PSTO webMessenger - Zalogowano/img_Robert Majewski_sendButton' is clicked on

2021-12-21 18:59:35 - [TEST_STEP][PASSED] - setText(findTestObject("Page_PSTO webMessenger - Zalogowano/input_Robert Majewski_messageInput"), "c"): Text 'c' is set on object 'Object Repository/Page_PSTO webMessenger - Zalogowano/input_Robert Majewski_messageInput'

2021-12-21 18:59:37 - [MESSAGE][PASSED] - Text 'c' is set on object 'Object Repository/Page_PSTO webMessenger - Zalogowano/input_Robert Majewski_messageInput'

2021-12-21 18:59:37 - [TEST_STEP][PASSED] - click(findTestObject("Page_PSTO webMessenger - Zalogowano/img_Robert Majewski_sendButton")): Object: 'Object Repository/Page_PSTO webMessenger - Zalogowano/img_Robert Majewski_sendButton' is clicked on

2021-12-21 18:59:38 - [MESSAGE][PASSED] - Object: 'Object Repository/Page_PSTO webMessenger - Zalogowano/img_Robert Majewski_sendButton' is clicked on

2021-12-21 18:59:38 - [TEST_STEP][PASSED] - setText(findTestObject("Page_PSTO webMessenger - Zalogowano/input_Robert Majewski_messageInput"), "c"): Text 'c' is set on object 'Object Repository/Page_PSTO webMessenger - Zalogowano/input_Robert Majewski_messageInput'

2021-12-21 18:59:39 - [MESSAGE][PASSED] - Text 'c' is set on object 'Object Repository/Page_PSTO webMessenger - Zalogowano/input_Robert Majewski_messageInput'

2021-12-21 18:59:39 - [TEST_STEP][PASSED] - click(findTestObject("Page_PSTO webMessenger - Zalogowano/img_Robert Majewski_sendButton")): Object: 'Object Repository/Page_PSTO webMessenger - Zalogowano/img_Robert Majewski_sendButton' is clicked on

2021-12-21 18:59:40 - [MESSAGE][PASSED] - Object: 'Object Repository/Page_PSTO webMessenger - Zalogowano/img_Robert Majewski_sendButton' is clicked on

2021-12-21 18:59:40 - [TEST_STEP][PASSED] - setText(findTestObject("Page_PSTO webMessenger - Zalogowano/input_Robert Majewski_messageInput"), "c"): Text 'c' is set on object 'Object Repository/Page_PSTO webMessenger - Zalogowano/input_Robert Majewski_messageInput'

2021-12-21 18:59:41 - [MESSAGE][PASSED] - Text 'c' is set on object 'Object Repository/Page_PSTO webMessenger - Zalogowano/input_Robert Majewski_messageInput'

2021-12-21 18:59:41 - [TEST_STEP][PASSED] - click(findTestObject("Page_PSTO webMessenger - Zalogowano/img_Robert Majewski_sendButton")): Object: 'Object Repository/Page_PSTO webMessenger - Zalogowano/img_Robert Majewski_sendButton' is clicked on

2021-12-21 18:59:42 - [MESSAGE][PASSED] - Object: 'Object Repository/Page_PSTO webMessenger - Zalogowano/img_Robert Majewski_sendButton' is clicked on

2021-12-21 18:59:42 - [TEST_STEP][PASSED] - setText(findTestObject("Page_PSTO webMessenger - Zalogowano/input_Robert Majewski_messageInput"), "c"): Text 'c' is set on object 'Object Repository/Page_PSTO webMessenger - Zalogowano/input_Robert Majewski_messageInput'

2021-12-21 18:59:44 - [MESSAGE][PASSED] - Text 'c' is set on object 'Object Repository/Page_PSTO webMessenger - Zalogowano/input_Robert Majewski_messageInput'

2021-12-21 18:59:44 - [TEST_STEP][PASSED] - click(findTestObject("Page_PSTO webMessenger - Zalogowano/img_Robert Majewski_sendButton")): Object: 'Object Repository/Page_PSTO webMessenger - Zalogowano/img_Robert Majewski_sendButton' is clicked on

2021-12-21 18:59:46 - [MESSAGE][PASSED] - Object: 'Object Repository/Page_PSTO webMessenger - Zalogowano/img_Robert Majewski_sendButton' is clicked on

2021-12-21 18:59:46 - [TEST_STEP][PASSED] - setText(findTestObject("Page_PSTO webMessenger - Zalogowano/input_Robert Majewski_messageInput"), "c"): Text 'c' is set on object 'Object Repository/Page_PSTO webMessenger - Zalogowano/input_Robert Majewski_messageInput'

2021-12-21 18:59:51 - [MESSAGE][PASSED] - Text 'c' is set on object 'Object Repository/Page_PSTO webMessenger - Zalogowano/input_Robert Majewski_messageInput'

2021-12-21 18:59:51 - [TEST_STEP][PASSED] - click(findTestObject("Page_PSTO webMessenger - Zalogowano/img_Robert Majewski_sendButton")): Object: 'Object Repository/Page_PSTO webMessenger - Zalogowano/img_Robert Majewski_sendButton' is clicked on

2021-12-21 18:59:54 - [MESSAGE][PASSED] - Object: 'Object Repository/Page_PSTO webMessenger - Zalogowano/img_Robert Majewski_sendButton' is clicked on

2021-12-21 18:59:54 - [TEST_STEP][PASSED] - setText(findTestObject("Page_PSTO webMessenger - Zalogowano/input_Robert Majewski_messageInput"), "c"): Text 'c' is set on object 'Object Repository/Page_PSTO webMessenger - Zalogowano/input_Robert Majewski_messageInput'

2021-12-21 18:59:59 - [MESSAGE][PASSED] - Text 'c' is set on object 'Object Repository/Page_PSTO webMessenger - Zalogowano/input_Robert Majewski_messageInput'

2021-12-21 18:59:59 - [TEST_STEP][PASSED] - click(findTestObject("Page_PSTO webMessenger - Zalogowano/img_Robert Majewski_sendButton")): Object: 'Object Repository/Page_PSTO webMessenger - Zalogowano/img_Robert Majewski_sendButton' is clicked on

2021-12-21 19:00:01 - [MESSAGE][PASSED] - Object: 'Object Repository/Page_PSTO webMessenger - Zalogowano/img_Robert Majewski_sendButton' is clicked on

2021-12-21 19:00:01 - [TEST_STEP][PASSED] - setText(findTestObject("Page_PSTO webMessenger - Zalogowano/input_Robert Majewski_messageInput"), "c"): Text 'c' is set on object 'Object Repository/Page_PSTO webMessenger - Zalogowano/input_Robert Majewski_messageInput'

2021-12-21 19:00:06 - [MESSAGE][PASSED] - Text 'c' is set on object 'Object Repository/Page_PSTO webMessenger - Zalogowano/input_Robert Majewski_messageInput'

2021-12-21 19:00:06 - [TEST_STEP][PASSED] - click(findTestObject("Page_PSTO webMessenger - Zalogowano/img_Robert Majewski_sendButton")): Object: 'Object Repository/Page_PSTO webMessenger - Zalogowano/img_Robert Majewski_sendButton' is clicked on

2021-12-21 19:00:09 - [MESSAGE][PASSED] - Object: 'Object Repository/Page_PSTO webMessenger - Zalogowano/img_Robert Majewski_sendButton' is clicked on

2021-12-21 19:00:09 - [TEST_STEP][PASSED] - setText(findTestObject("Page_PSTO webMessenger - Zalogowano/input_Robert Majewski_messageInput"), "c"): Text 'c' is set on object 'Object Repository/Page_PSTO webMessenger - Zalogowano/input_Robert Majewski_messageInput'

2021-12-21 19:00:13 - [MESSAGE][PASSED] - Text 'c' is set on object 'Object Repository/Page_PSTO webMessenger - Zalogowano/input_Robert Majewski_messageInput'

2021-12-21 19:00:13 - [TEST_STEP][PASSED] - click(findTestObject("Page_PSTO webMessenger - Zalogowano/img_Robert Majewski_sendButton")): Object: 'Object Repository/Page_PSTO webMessenger - Zalogowano/img_Robert Majewski_sendButton' is clicked on

2021-12-21 19:00:15 - [MESSAGE][PASSED] - Object: 'Object Repository/Page_PSTO webMessenger - Zalogowano/img_Robert Majewski_sendButton' is clicked on

2021-12-21 19:00:15 - [TEST_STEP][PASSED] - setText(findTestObject("Page_PSTO webMessenger - Zalogowano/input_Robert Majewski_messageInput"), "c"): Text 'c' is set on object 'Object Repository/Page_PSTO webMessenger - Zalogowano/input_Robert Majewski_messageInput'

2021-12-21 19:00:19 - [MESSAGE][PASSED] - Text 'c' is set on object 'Object Repository/Page_PSTO webMessenger - Zalogowano/input_Robert Majewski_messageInput'

2021-12-21 19:00:19 - [TEST_STEP][PASSED] - click(findTestObject("Page_PSTO webMessenger - Zalogowano/img_Robert Majewski_sendButton")): Object: 'Object Repository/Page_PSTO webMessenger - Zalogowano/img_Robert Majewski_sendButton' is clicked on

2021-12-21 19:00:21 - [MESSAGE][PASSED] - Object: 'Object Repository/Page_PSTO webMessenger - Zalogowano/img_Robert Majewski_sendButton' is clicked on

2021-12-21 19:00:21 - [TEST_STEP][PASSED] - setText(findTestObject("Page_PSTO webMessenger - Zalogowano/input_Robert Majewski_messageInput"), "c"): Text 'c' is set on object 'Object Repository/Page_PSTO webMessenger - Zalogowano/input_Robert Majewski_messageInput'

2021-12-21 19:00:25 - [MESSAGE][PASSED] - Text 'c' is set on object 'Object Repository/Page_PSTO webMessenger - Zalogowano/input_Robert Majewski_messageInput'

2021-12-21 19:00:25 - [TEST_STEP][PASSED] - click(findTestObject("Page_PSTO webMessenger - Zalogowano/img_Robert Majewski_sendButton")): Object: 'Object Repository/Page_PSTO webMessenger - Zalogowano/img_Robert Majewski_sendButton' is clicked on

2021-12-21 19:00:27 - [MESSAGE][PASSED] - Object: 'Object Repository/Page_PSTO webMessenger - Zalogowano/img_Robert Majewski_sendButton' is clicked on

2021-12-21 19:00:27 - [TEST_STEP][PASSED] - setText(findTestObject("Page_PSTO webMessenger - Zalogowano/input_Robert Majewski_messageInput"), "c"): Text 'c' is set on object 'Object Repository/Page_PSTO webMessenger - Zalogowano/input_Robert Majewski_messageInput'

2021-12-21 19:00:31 - [MESSAGE][PASSED] - Text 'c' is set on object 'Object Repository/Page_PSTO webMessenger - Zalogowano/input_Robert Majewski_messageInput'

2021-12-21 19:00:31 - [TEST_STEP][PASSED] - click(findTestObject("Page_PSTO webMessenger - Zalogowano/img_Robert Majewski_sendButton")): Object: 'Object Repository/Page_PSTO webMessenger - Zalogowano/img_Robert Majewski_sendButton' is clicked on

2021-12-21 19:00:34 - [MESSAGE][PASSED] - Object: 'Object Repository/Page_PSTO webMessenger - Zalogowano/img_Robert Majewski_sendButton' is clicked on

2021-12-21 19:00:34 - [TEST_STEP][PASSED] - setText(findTestObject("Page_PSTO webMessenger - Zalogowano/input_Robert Majewski_messageInput"), "c"): Text 'c' is set on object 'Object Repository/Page_PSTO webMessenger - Zalogowano/input_Robert Majewski_messageInput'

2021-12-21 19:00:39 - [MESSAGE][PASSED] - Text 'c' is set on object 'Object Repository/Page_PSTO webMessenger - Zalogowano/input_Robert Majewski_messageInput'

2021-12-21 19:00:39 - [TEST_STEP][PASSED] - click(findTestObject("Page_PSTO webMessenger - Zalogowano/img_Robert Majewski_sendButton")): Object: 'Object Repository/Page_PSTO webMessenger - Zalogowano/img_Robert Majewski_sendButton' is clicked on

2021-12-21 19:00:41 - [MESSAGE][PASSED] - Object: 'Object Repository/Page_PSTO webMessenger - Zalogowano/img_Robert Majewski_sendButton' is clicked on

2021-12-21 19:00:41 - [TEST_STEP][PASSED] - setText(findTestObject("Page_PSTO webMessenger - Zalogowano/input_Robert Majewski_messageInput"), "c"): Text 'c' is set on object 'Object Repository/Page_PSTO webMessenger - Zalogowano/input_Robert Majewski_messageInput'

2021-12-21 19:00:46 - [MESSAGE][PASSED] - Text 'c' is set on object 'Object Repository/Page_PSTO webMessenger - Zalogowano/input_Robert Majewski_messageInput'

2021-12-21 19:00:46 - [TEST_STEP][PASSED] - click(findTestObject("Page_PSTO webMessenger - Zalogowano/img_Robert Majewski_sendButton")): Object: 'Object Repository/Page_PSTO webMessenger - Zalogowano/img_Robert Majewski_sendButton' is clicked on

2021-12-21 19:00:49 - [MESSAGE][PASSED] - Object: 'Object Repository/Page_PSTO webMessenger - Zalogowano/img_Robert Majewski_sendButton' is clicked on

2021-12-21 19:00:49 - [TEST_STEP][PASSED] - setText(findTestObject("Page_PSTO webMessenger - Zalogowano/input_Robert Majewski_messageInput"), "c"): Text 'c' is set on object 'Object Repository/Page_PSTO webMessenger - Zalogowano/input_Robert Majewski_messageInput'

2021-12-21 19:00:53 - [MESSAGE][PASSED] - Text 'c' is set on object 'Object Repository/Page_PSTO webMessenger - Zalogowano/input_Robert Majewski_messageInput'

2021-12-21 19:00:53 - [TEST_STEP][PASSED] - click(findTestObject("Page_PSTO webMessenger - Zalogowano/img_Robert Majewski_sendButton")): Object: 'Object Repository/Page_PSTO webMessenger - Zalogowano/img_Robert Majewski_sendButton' is clicked on

2021-12-21 19:00:55 - [MESSAGE][PASSED] - Object: 'Object Repository/Page_PSTO webMessenger - Zalogowano/img_Robert Majewski_sendButton' is clicked on

2021-12-21 19:00:55 - [TEST_STEP][PASSED] - setText(findTestObject("Page_PSTO webMessenger - Zalogowano/input_Robert Majewski_messageInput"), "c"): Text 'c' is set on object 'Object Repository/Page_PSTO webMessenger - Zalogowano/input_Robert Majewski_messageInput'

2021-12-21 19:00:59 - [MESSAGE][PASSED] - Text 'c' is set on object 'Object Repository/Page_PSTO webMessenger - Zalogowano/input_Robert Majewski_messageInput'

2021-12-21 19:00:59 - [TEST_STEP][PASSED] - click(findTestObject("Page_PSTO webMessenger - Zalogowano/img_Robert Majewski_sendButton")): Object: 'Object Repository/Page_PSTO webMessenger - Zalogowano/img_Robert Majewski_sendButton' is clicked on

2021-12-21 19:01:01 - [MESSAGE][PASSED] - Object: 'Object Repository/Page_PSTO webMessenger - Zalogowano/img_Robert Majewski_sendButton' is clicked on

2021-12-21 19:01:01 - [TEST_STEP][PASSED] - setText(findTestObject("Page_PSTO webMessenger - Zalogowano/input_Robert Majewski_messageInput"), "c"): Text 'c' is set on object 'Object Repository/Page_PSTO webMessenger - Zalogowano/input_Robert Majewski_messageInput'

2021-12-21 19:01:06 - [MESSAGE][PASSED] - Text 'c' is set on object 'Object Repository/Page_PSTO webMessenger - Zalogowano/input_Robert Majewski_messageInput'

2021-12-21 19:01:06 - [TEST_STEP][PASSED] - click(findTestObject("Page_PSTO webMessenger - Zalogowano/img_Robert Majewski_sendButton")): Object: 'Object Repository/Page_PSTO webMessenger - Zalogowano/img_Robert Majewski_sendButton' is clicked on

2021-12-21 19:01:09 - [MESSAGE][PASSED] - Object: 'Object Repository/Page_PSTO webMessenger - Zalogowano/img_Robert Majewski_sendButton' is clicked on

2021-12-21 19:01:09 - [TEST_STEP][PASSED] - setText(findTestObject("Page_PSTO webMessenger - Zalogowano/input_Robert Majewski_messageInput"), "c"): Text 'c' is set on object 'Object Repository/Page_PSTO webMessenger - Zalogowano/input_Robert Majewski_messageInput'

2021-12-21 19:01:13 - [MESSAGE][PASSED] - Text 'c' is set on object 'Object Repository/Page_PSTO webMessenger - Zalogowano/input_Robert Majewski_messageInput'

2021-12-21 19:01:13 - [TEST_STEP][PASSED] - click(findTestObject("Page_PSTO webMessenger - Zalogowano/img_Robert Majewski_sendButton")): Object: 'Object Repository/Page_PSTO webMessenger - Zalogowano/img_Robert Majewski_sendButton' is clicked on

2021-12-21 19:01:15 - [MESSAGE][PASSED] - Object: 'Object Repository/Page_PSTO webMessenger - Zalogowano/img_Robert Majewski_sendButton' is clicked on

2021-12-21 19:01:15 - [TEST_STEP][PASSED] - setText(findTestObject("Page_PSTO webMessenger - Zalogowano/input_Robert Majewski_messageInput"), "c"): Text 'c' is set on object 'Object Repository/Page_PSTO webMessenger - Zalogowano/input_Robert Majewski_messageInput'

2021-12-21 19:01:19 - [MESSAGE][PASSED] - Text 'c' is set on object 'Object Repository/Page_PSTO webMessenger - Zalogowano/input_Robert Majewski_messageInput'

2021-12-21 19:01:19 - [TEST_STEP][PASSED] - click(findTestObject("Page_PSTO webMessenger - Zalogowano/img_Robert Majewski_sendButton")): Object: 'Object Repository/Page_PSTO webMessenger - Zalogowano/img_Robert Majewski_sendButton' is clicked on

2021-12-21 19:01:21 - [MESSAGE][PASSED] - Object: 'Object Repository/Page_PSTO webMessenger - Zalogowano/img_Robert Majewski_sendButton' is clicked on

2021-12-21 19:01:21 - [TEST_STEP][PASSED] - setText(findTestObject("Page_PSTO webMessenger - Zalogowano/input_Robert Majewski_messageInput"), "c"): Text 'c' is set on object 'Object Repository/Page_PSTO webMessenger - Zalogowano/input_Robert Majewski_messageInput'

2021-12-21 19:01:26 - [MESSAGE][PASSED] - Text 'c' is set on object 'Object Repository/Page_PSTO webMessenger - Zalogowano/input_Robert Majewski_messageInput'

2021-12-21 19:01:26 - [TEST_STEP][PASSED] - click(findTestObject("Page_PSTO webMessenger - Zalogowano/img_Robert Majewski_sendButton")): Object: 'Object Repository/Page_PSTO webMessenger - Zalogowano/img_Robert Majewski_sendButton' is clicked on

2021-12-21 19:01:29 - [MESSAGE][PASSED] - Object: 'Object Repository/Page_PSTO webMessenger - Zalogowano/img_Robert Majewski_sendButton' is clicked on

2021-12-21 19:01:29 - [TEST_STEP][PASSED] - setText(findTestObject("Page_PSTO webMessenger - Zalogowano/input_Robert Majewski_messageInput"), "c"): Text 'c' is set on object 'Object Repository/Page_PSTO webMessenger - Zalogowano/input_Robert Majewski_messageInput'

2021-12-21 19:01:33 - [MESSAGE][PASSED] - Text 'c' is set on object 'Object Repository/Page_PSTO webMessenger - Zalogowano/input_Robert Majewski_messageInput'

2021-12-21 19:01:33 - [TEST_STEP][PASSED] - click(findTestObject("Page_PSTO webMessenger - Zalogowano/img_Robert Majewski_sendButton")): Object: 'Object Repository/Page_PSTO webMessenger - Zalogowano/img_Robert Majewski_sendButton' is clicked on

2021-12-21 19:01:35 - [MESSAGE][PASSED] - Object: 'Object Repository/Page_PSTO webMessenger - Zalogowano/img_Robert Majewski_sendButton' is clicked on

2021-12-21 19:01:35 - [TEST_STEP][PASSED] - setText(findTestObject("Page_PSTO webMessenger - Zalogowano/input_Robert Majewski_messageInput"), "c"): Text 'c' is set on object 'Object Repository/Page_PSTO webMessenger - Zalogowano/input_Robert Majewski_messageInput'

2021-12-21 19:01:39 - [MESSAGE][PASSED] - Text 'c' is set on object 'Object Repository/Page_PSTO webMessenger - Zalogowano/input_Robert Majewski_messageInput'

2021-12-21 19:01:39 - [TEST_STEP][PASSED] - click(findTestObject("Page_PSTO webMessenger - Zalogowano/img_Robert Majewski_sendButton")): Object: 'Object Repository/Page_PSTO webMessenger - Zalogowano/img_Robert Majewski_sendButton' is clicked on

2021-12-21 19:01:41 - [MESSAGE][PASSED] - Object: 'Object Repository/Page_PSTO webMessenger - Zalogowano/img_Robert Majewski_sendButton' is clicked on

2021-12-21 19:01:41 - [TEST_STEP][PASSED] - setText(findTestObject("Page_PSTO webMessenger - Zalogowano/input_Robert Majewski_messageInput"), "c"): Text 'c' is set on object 'Object Repository/Page_PSTO webMessenger - Zalogowano/input_Robert Majewski_messageInput'

2021-12-21 19:01:46 - [MESSAGE][PASSED] - Text 'c' is set on object 'Object Repository/Page_PSTO webMessenger - Zalogowano/input_Robert Majewski_messageInput'

2021-12-21 19:01:46 - [TEST_STEP][PASSED] - click(findTestObject("Page_PSTO webMessenger - Zalogowano/img_Robert Majewski_sendButton")): Object: 'Object Repository/Page_PSTO webMessenger - Zalogowano/img_Robert Majewski_sendButton' is clicked on

2021-12-21 19:01:49 - [MESSAGE][PASSED] - Object: 'Object Repository/Page_PSTO webMessenger - Zalogowano/img_Robert Majewski_sendButton' is clicked on

2021-12-21 19:01:49 - [TEST_STEP][PASSED] - setText(findTestObject("Page_PSTO webMessenger - Zalogowano/input_Robert Majewski_messageInput"), "c"): Text 'c' is set on object 'Object Repository/Page_PSTO webMessenger - Zalogowano/input_Robert Majewski_messageInput'

2021-12-21 19:01:53 - [MESSAGE][PASSED] - Text 'c' is set on object 'Object Repository/Page_PSTO webMessenger - Zalogowano/input_Robert Majewski_messageInput'

2021-12-21 19:01:53 - [TEST_STEP][PASSED] - click(findTestObject("Page_PSTO webMessenger - Zalogowano/img_Robert Majewski_sendButton")): Object: 'Object Repository/Page_PSTO webMessenger - Zalogowano/img_Robert Majewski_sendButton' is clicked on

2021-12-21 19:01:55 - [MESSAGE][PASSED] - Object: 'Object Repository/Page_PSTO webMessenger - Zalogowano/img_Robert Majewski_sendButton' is clicked on

2021-12-21 19:01:55 - [TEST_STEP][PASSED] - setText(findTestObject("Page_PSTO webMessenger - Zalogowano/input_Robert Majewski_messageInput"), "c"): Text 'c' is set on object 'Object Repository/Page_PSTO webMessenger - Zalogowano/input_Robert Majewski_messageInput'

2021-12-21 19:02:01 - [MESSAGE][PASSED] - Text 'c' is set on object 'Object Repository/Page_PSTO webMessenger - Zalogowano/input_Robert Majewski_messageInput'

2021-12-21 19:02:01 - [TEST_STEP][PASSED] - click(findTestObject("Page_PSTO webMessenger - Zalogowano/img_Robert Majewski_sendButton")): Object: 'Object Repository/Page_PSTO webMessenger - Zalogowano/img_Robert Majewski_sendButton' is clicked on

2021-12-21 19:02:04 - [MESSAGE][PASSED] - Object: 'Object Repository/Page_PSTO webMessenger - Zalogowano/img_Robert Majewski_sendButton' is clicked on

2021-12-21 19:02:04 - [TEST_STEP][PASSED] - setText(findTestObject("Page_PSTO webMessenger - Zalogowano/input_Robert Majewski_messageInput"), "c"): Text 'c' is set on object 'Object Repository/Page_PSTO webMessenger - Zalogowano/input_Robert Majewski_messageInput'

2021-12-21 19:02:09 - [MESSAGE][PASSED] - Text 'c' is set on object 'Object Repository/Page_PSTO webMessenger - Zalogowano/input_Robert Majewski_messageInput'

2021-12-21 19:02:09 - [TEST_STEP][PASSED] - click(findTestObject("Page_PSTO webMessenger - Zalogowano/img_Robert Majewski_sendButton")): Object: 'Object Repository/Page_PSTO webMessenger - Zalogowano/img_Robert Majewski_sendButton' is clicked on

2021-12-21 19:02:11 - [MESSAGE][PASSED] - Object: 'Object Repository/Page_PSTO webMessenger - Zalogowano/img_Robert Majewski_sendButton' is clicked on

2021-12-21 19:02:11 - [TEST_STEP][PASSED] - setText(findTestObject("Page_PSTO webMessenger - Zalogowano/input_Robert Majewski_messageInput"), "c"): Text 'c' is set on object 'Object Repository/Page_PSTO webMessenger - Zalogowano/input_Robert Majewski_messageInput'

2021-12-21 19:02:16 - [MESSAGE][PASSED] - Text 'c' is set on object 'Object Repository/Page_PSTO webMessenger - Zalogowano/input_Robert Majewski_messageInput'

2021-12-21 19:02:16 - [TEST_STEP][PASSED] - click(findTestObject("Page_PSTO webMessenger - Zalogowano/img_Robert Majewski_sendButton")): Object: 'Object Repository/Page_PSTO webMessenger - Zalogowano/img_Robert Majewski_sendButton' is clicked on

2021-12-21 19:02:19 - [MESSAGE][PASSED] - Object: 'Object Repository/Page_PSTO webMessenger - Zalogowano/img_Robert Majewski_sendButton' is clicked on

2021-12-21 19:02:19 - [TEST_STEP][PASSED] - setText(findTestObject("Page_PSTO webMessenger - Zalogowano/input_Robert Majewski_messageInput"), "c"): Text 'c' is set on object 'Object Repository/Page_PSTO webMessenger - Zalogowano/input_Robert Majewski_messageInput'

2021-12-21 19:02:23 - [MESSAGE][PASSED] - Text 'c' is set on object 'Object Repository/Page_PSTO webMessenger - Zalogowano/input_Robert Majewski_messageInput'

2021-12-21 19:02:23 - [TEST_STEP][PASSED] - click(findTestObject("Page_PSTO webMessenger - Zalogowano/img_Robert Majewski_sendButton")): Object: 'Object Repository/Page_PSTO webMessenger - Zalogowano/img_Robert Majewski_sendButton' is clicked on

2021-12-21 19:02:25 - [MESSAGE][PASSED] - Object: 'Object Repository/Page_PSTO webMessenger - Zalogowano/img_Robert Majewski_sendButton' is clicked on

2021-12-21 19:02:25 - [TEST_STEP][PASSED] - setText(findTestObject("Page_PSTO webMessenger - Zalogowano/input_Robert Majewski_messageInput"), "c"): Text 'c' is set on object 'Object Repository/Page_PSTO webMessenger - Zalogowano/input_Robert Majewski_messageInput'

2021-12-21 19:02:29 - [MESSAGE][PASSED] - Text 'c' is set on object 'Object Repository/Page_PSTO webMessenger - Zalogowano/input_Robert Majewski_messageInput'

2021-12-21 19:02:29 - [TEST_STEP][PASSED] - click(findTestObject("Page_PSTO webMessenger - Zalogowano/img_Robert Majewski_sendButton")): Object: 'Object Repository/Page_PSTO webMessenger - Zalogowano/img_Robert Majewski_sendButton' is clicked on

2021-12-21 19:02:31 - [MESSAGE][PASSED] - Object: 'Object Repository/Page_PSTO webMessenger - Zalogowano/img_Robert Majewski_sendButton' is clicked on

2021-12-21 19:02:31 - [TEST_STEP][PASSED] - setText(findTestObject("Page_PSTO webMessenger - Zalogowano/input_Robert Majewski_messageInput"), "c"): Text 'c' is set on object 'Object Repository/Page_PSTO webMessenger - Zalogowano/input_Robert Majewski_messageInput'

2021-12-21 19:02:36 - [MESSAGE][PASSED] - Text 'c' is set on object 'Object Repository/Page_PSTO webMessenger - Zalogowano/input_Robert Majewski_messageInput'

2021-12-21 19:02:36 - [TEST_STEP][PASSED] - click(findTestObject("Page_PSTO webMessenger - Zalogowano/img_Robert Majewski_sendButton")): Object: 'Object Repository/Page_PSTO webMessenger - Zalogowano/img_Robert Majewski_sendButton' is clicked on

2021-12-21 19:02:39 - [MESSAGE][PASSED] - Object: 'Object Repository/Page_PSTO webMessenger - Zalogowano/img_Robert Majewski_sendButton' is clicked on

2021-12-21 19:02:39 - [TEST_STEP][PASSED] - setText(findTestObject("Page_PSTO webMessenger - Zalogowano/input_Robert Majewski_messageInput"), "c"): Text 'c' is set on object 'Object Repository/Page_PSTO webMessenger - Zalogowano/input_Robert Majewski_messageInput'

2021-12-21 19:02:43 - [MESSAGE][PASSED] - Text 'c' is set on object 'Object Repository/Page_PSTO webMessenger - Zalogowano/input_Robert Majewski_messageInput'

2021-12-21 19:02:43 - [TEST_STEP][PASSED] - click(findTestObject("Page_PSTO webMessenger - Zalogowano/img_Robert Majewski_sendButton")): Object: 'Object Repository/Page_PSTO webMessenger - Zalogowano/img_Robert Majewski_sendButton' is clicked on

2021-12-21 19:02:45 - [MESSAGE][PASSED] - Object: 'Object Repository/Page_PSTO webMessenger - Zalogowano/img_Robert Majewski_sendButton' is clicked on

2021-12-21 19:02:45 - [TEST_STEP][PASSED] - setText(findTestObject("Page_PSTO webMessenger - Zalogowano/input_Robert Majewski_messageInput"), "c"): Text 'c' is set on object 'Object Repository/Page_PSTO webMessenger - Zalogowano/input_Robert Majewski_messageInput'

2021-12-21 19:02:51 - [MESSAGE][PASSED] - Text 'c' is set on object 'Object Repository/Page_PSTO webMessenger - Zalogowano/input_Robert Majewski_messageInput'

2021-12-21 19:02:51 - [TEST_STEP][PASSED] - click(findTestObject("Page_PSTO webMessenger - Zalogowano/img_Robert Majewski_sendButton")): Object: 'Object Repository/Page_PSTO webMessenger - Zalogowano/img_Robert Majewski_sendButton' is clicked on

2021-12-21 19:02:55 - [MESSAGE][PASSED] - Object: 'Object Repository/Page_PSTO webMessenger - Zalogowano/img_Robert Majewski_sendButton' is clicked on

2021-12-21 19:02:55 - [TEST_STEP][PASSED] - setText(findTestObject("Page_PSTO webMessenger - Zalogowano/input_Robert Majewski_messageInput"), "c"): Text 'c' is set on object 'Object Repository/Page_PSTO webMessenger - Zalogowano/input_Robert Majewski_messageInput'

2021-12-21 19:03:01 - [MESSAGE][PASSED] - Text 'c' is set on object 'Object Repository/Page_PSTO webMessenger - Zalogowano/input_Robert Majewski_messageInput'

2021-12-21 19:03:01 - [TEST_STEP][PASSED] - click(findTestObject("Page_PSTO webMessenger - Zalogowano/img_Robert Majewski_sendButton")): Object: 'Object Repository/Page_PSTO webMessenger - Zalogowano/img_Robert Majewski_sendButton' is clicked on

2021-12-21 19:03:04 - [MESSAGE][PASSED] - Object: 'Object Repository/Page_PSTO webMessenger - Zalogowano/img_Robert Majewski_sendButton' is clicked on

2021-12-21 19:03:04 - [TEST_STEP][PASSED] - setText(findTestObject("Page_PSTO webMessenger - Zalogowano/input_Robert Majewski_messageInput"), "c"): Text 'c' is set on object 'Object Repository/Page_PSTO webMessenger - Zalogowano/input_Robert Majewski_messageInput'

2021-12-21 19:03:09 - [MESSAGE][PASSED] - Text 'c' is set on object 'Object Repository/Page_PSTO webMessenger - Zalogowano/input_Robert Majewski_messageInput'

2021-12-21 19:03:09 - [TEST_STEP][PASSED] - click(findTestObject("Page_PSTO webMessenger - Zalogowano/img_Robert Majewski_sendButton")): Object: 'Object Repository/Page_PSTO webMessenger - Zalogowano/img_Robert Majewski_sendButton' is clicked on

2021-12-21 19:03:11 - [MESSAGE][PASSED] - Object: 'Object Repository/Page_PSTO webMessenger - Zalogowano/img_Robert Majewski_sendButton' is clicked on

2021-12-21 19:03:11 - [TEST_STEP][PASSED] - setText(findTestObject("Page_PSTO webMessenger - Zalogowano/input_Robert Majewski_messageInput"), "c"): Text 'c' is set on object 'Object Repository/Page_PSTO webMessenger - Zalogowano/input_Robert Majewski_messageInput'

2021-12-21 19:03:16 - [MESSAGE][PASSED] - Text 'c' is set on object 'Object Repository/Page_PSTO webMessenger - Zalogowano/input_Robert Majewski_messageInput'

2021-12-21 19:03:16 - [TEST_STEP][PASSED] - click(findTestObject("Page_PSTO webMessenger - Zalogowano/img_Robert Majewski_sendButton")): Object: 'Object Repository/Page_PSTO webMessenger - Zalogowano/img_Robert Majewski_sendButton' is clicked on

2021-12-21 19:03:19 - [MESSAGE][PASSED] - Object: 'Object Repository/Page_PSTO webMessenger - Zalogowano/img_Robert Majewski_sendButton' is clicked on

2021-12-21 19:03:19 - [TEST_STEP][PASSED] - setText(findTestObject("Page_PSTO webMessenger - Zalogowano/input_Robert Majewski_messageInput"), "c"): Text 'c' is set on object 'Object Repository/Page_PSTO webMessenger - Zalogowano/input_Robert Majewski_messageInput'

2021-12-21 19:03:23 - [MESSAGE][PASSED] - Text 'c' is set on object 'Object Repository/Page_PSTO webMessenger - Zalogowano/input_Robert Majewski_messageInput'

2021-12-21 19:03:23 - [TEST_STEP][PASSED] - click(findTestObject("Page_PSTO webMessenger - Zalogowano/img_Robert Majewski_sendButton")): Object: 'Object Repository/Page_PSTO webMessenger - Zalogowano/img_Robert Majewski_sendButton' is clicked on

2021-12-21 19:03:25 - [MESSAGE][PASSED] - Object: 'Object Repository/Page_PSTO webMessenger - Zalogowano/img_Robert Majewski_sendButton' is clicked on

2021-12-21 19:03:25 - [TEST_STEP][PASSED] - setText(findTestObject("Page_PSTO webMessenger - Zalogowano/input_Robert Majewski_messageInput"), "c"): Text 'c' is set on object 'Object Repository/Page_PSTO webMessenger - Zalogowano/input_Robert Majewski_messageInput'

2021-12-21 19:03:31 - [MESSAGE][PASSED] - Text 'c' is set on object 'Object Repository/Page_PSTO webMessenger - Zalogowano/input_Robert Majewski_messageInput'

2021-12-21 19:03:31 - [TEST_STEP][PASSED] - click(findTestObject("Page_PSTO webMessenger - Zalogowano/img_Robert Majewski_sendButton")): Object: 'Object Repository/Page_PSTO webMessenger - Zalogowano/img_Robert Majewski_sendButton' is clicked on

2021-12-21 19:03:34 - [MESSAGE][PASSED] - Object: 'Object Repository/Page_PSTO webMessenger - Zalogowano/img_Robert Majewski_sendButton' is clicked on

2021-12-21 19:03:34 - [TEST_STEP][PASSED] - click(findTestObject("Object Repository/Page_PSTO webMessenger - Zalogowano/img_Zarejestruj konto_iconImg")): Object: 'Object Repository/Page_PSTO webMessenger - Zalogowano/img_Zarejestruj konto_iconImg' is clicked on

2021-12-21 19:03:36 - [MESSAGE][PASSED] - Object: 'Object Repository/Page_PSTO webMessenger - Zalogowano/img_Zarejestruj konto_iconImg' is clicked on

2021-12-21 19:03:36 - [TEST_STEP][PASSED] - closeBrowser(): Browser is closed

2021-12-21 19:03:37 - [MESSAGE][PASSED] - Browser is closed]]></system-out>
         <system-err><![CDATA[]]></system-err>
      </testcase>
      <testcase name="Test Cases/Historia rozm贸w/HR20" time="1743.924" classname="Test Cases/Historia rozm贸w/HR20" status="PASSED">
         <system-out><![CDATA[2021-12-21 19:03:37 - [TEST_CASE][PASSED] - Test Cases/Historia rozm贸w/HR20: Test Cases/Historia rozm贸w/HR20

2021-12-21 19:03:38 - [TEST_STEP][PASSED] - openBrowser(""): Browser is opened with url: ''

2021-12-21 19:03:38 - [MESSAGE][INFO] - Starting 'Chrome' driver

2021-12-21 19:03:38 - [MESSAGE][INFO] - Action delay is set to 0 milliseconds

2021-12-21 19:03:40 - [MESSAGE][PASSED] - Browser is opened with url: ''

2021-12-21 19:03:40 - [TEST_STEP][PASSED] - maximizeWindow(): Current window maximized

2021-12-21 19:03:40 - [MESSAGE][PASSED] - Current window maximized

2021-12-21 19:03:40 - [TEST_STEP][PASSED] - navigateToUrl("http://kmg.hcm.pl/testowanie/index.html"): Navigate to 'http://kmg.hcm.pl/testowanie/index.html' successfully

2021-12-21 19:03:42 - [MESSAGE][PASSED] - Navigate to 'http://kmg.hcm.pl/testowanie/index.html' successfully

2021-12-21 19:03:42 - [TEST_STEP][PASSED] - setText(findTestObject("Object Repository/Page_PSTO webMessenger/input_Zarejestruj konto_userLogin"), "Tomasz Staszewski"): Text 'Tomasz Staszewski' is set on object 'Object Repository/Page_PSTO webMessenger/input_Zarejestruj konto_userLogin'

2021-12-21 19:03:43 - [MESSAGE][PASSED] - Text 'Tomasz Staszewski' is set on object 'Object Repository/Page_PSTO webMessenger/input_Zarejestruj konto_userLogin'

2021-12-21 19:03:43 - [TEST_STEP][PASSED] - setEncryptedText(findTestObject("Object Repository/Page_PSTO webMessenger/input_Zarejestruj konto_passwordLogin"), "wCo1vTKhcj4="): Text ****** has been set on object 'Object Repository/Page_PSTO webMessenger/input_Zarejestruj konto_passwordLogin'

2021-12-21 19:03:43 - [MESSAGE][PASSED] - Text ****** has been set on object 'Object Repository/Page_PSTO webMessenger/input_Zarejestruj konto_passwordLogin'

2021-12-21 19:03:43 - [TEST_STEP][PASSED] - click(findTestObject("Object Repository/Page_PSTO webMessenger/input_Zarejestruj konto_login")): Object: 'Object Repository/Page_PSTO webMessenger/input_Zarejestruj konto_login' is clicked on

2021-12-21 19:03:44 - [MESSAGE][PASSED] - Object: 'Object Repository/Page_PSTO webMessenger/input_Zarejestruj konto_login' is clicked on

2021-12-21 19:03:44 - [TEST_STEP][PASSED] - click(findTestObject("Page_PSTO webMessenger - Zalogowano/div_Mateusz Kowalski")): Object: 'Object Repository/Page_PSTO webMessenger - Zalogowano/div_Mateusz Kowalski' is clicked on

2021-12-21 19:03:45 - [MESSAGE][PASSED] - Object: 'Object Repository/Page_PSTO webMessenger - Zalogowano/div_Mateusz Kowalski' is clicked on

2021-12-21 19:03:45 - [TEST_STEP][PASSED] - setText(findTestObject("Page_PSTO webMessenger - Zalogowano/input_Mateusz Kowalski_messageInput"), "proba"): Text 'proba' is set on object 'Object Repository/Page_PSTO webMessenger - Zalogowano/input_Mateusz Kowalski_messageInput'

2021-12-21 19:03:48 - [MESSAGE][PASSED] - Text 'proba' is set on object 'Object Repository/Page_PSTO webMessenger - Zalogowano/input_Mateusz Kowalski_messageInput'

2021-12-21 19:03:48 - [TEST_STEP][PASSED] - click(findTestObject("Page_PSTO webMessenger - Zalogowano/img_Mateusz Kowalski_sendButton")): Object: 'Object Repository/Page_PSTO webMessenger - Zalogowano/img_Mateusz Kowalski_sendButton' is clicked on

2021-12-21 19:03:49 - [MESSAGE][PASSED] - Object: 'Object Repository/Page_PSTO webMessenger - Zalogowano/img_Mateusz Kowalski_sendButton' is clicked on

2021-12-21 19:03:49 - [TEST_STEP][PASSED] - for (def index : (1..300)): Object: 'Object Repository/Page_PSTO webMessenger - Zalogowano/img_Mateusz Kowalski_sendButton' is clicked on

2021-12-21 19:03:49 - [TEST_STEP][PASSED] - setText(findTestObject("Page_PSTO webMessenger - Zalogowano/input_Mateusz Kowalski_messageInput"), "d"): Text 'd' is set on object 'Object Repository/Page_PSTO webMessenger - Zalogowano/input_Mateusz Kowalski_messageInput'

2021-12-21 19:03:50 - [MESSAGE][PASSED] - Text 'd' is set on object 'Object Repository/Page_PSTO webMessenger - Zalogowano/input_Mateusz Kowalski_messageInput'

2021-12-21 19:03:50 - [TEST_STEP][PASSED] - click(findTestObject("Page_PSTO webMessenger - Zalogowano/img_Mateusz Kowalski_sendButton")): Object: 'Object Repository/Page_PSTO webMessenger - Zalogowano/img_Mateusz Kowalski_sendButton' is clicked on

2021-12-21 19:03:50 - [MESSAGE][PASSED] - Object: 'Object Repository/Page_PSTO webMessenger - Zalogowano/img_Mateusz Kowalski_sendButton' is clicked on

2021-12-21 19:03:50 - [TEST_STEP][PASSED] - setText(findTestObject("Page_PSTO webMessenger - Zalogowano/input_Mateusz Kowalski_messageInput"), "d"): Text 'd' is set on object 'Object Repository/Page_PSTO webMessenger - Zalogowano/input_Mateusz Kowalski_messageInput'

2021-12-21 19:03:51 - [MESSAGE][PASSED] - Text 'd' is set on object 'Object Repository/Page_PSTO webMessenger - Zalogowano/input_Mateusz Kowalski_messageInput'

2021-12-21 19:03:51 - [TEST_STEP][PASSED] - click(findTestObject("Page_PSTO webMessenger - Zalogowano/img_Mateusz Kowalski_sendButton")): Object: 'Object Repository/Page_PSTO webMessenger - Zalogowano/img_Mateusz Kowalski_sendButton' is clicked on

2021-12-21 19:03:51 - [MESSAGE][PASSED] - Object: 'Object Repository/Page_PSTO webMessenger - Zalogowano/img_Mateusz Kowalski_sendButton' is clicked on

2021-12-21 19:03:51 - [TEST_STEP][PASSED] - setText(findTestObject("Page_PSTO webMessenger - Zalogowano/input_Mateusz Kowalski_messageInput"), "d"): Text 'd' is set on object 'Object Repository/Page_PSTO webMessenger - Zalogowano/input_Mateusz Kowalski_messageInput'

2021-12-21 19:03:53 - [MESSAGE][PASSED] - Text 'd' is set on object 'Object Repository/Page_PSTO webMessenger - Zalogowano/input_Mateusz Kowalski_messageInput'

2021-12-21 19:03:53 - [TEST_STEP][PASSED] - click(findTestObject("Page_PSTO webMessenger - Zalogowano/img_Mateusz Kowalski_sendButton")): Object: 'Object Repository/Page_PSTO webMessenger - Zalogowano/img_Mateusz Kowalski_sendButton' is clicked on

2021-12-21 19:03:54 - [MESSAGE][PASSED] - Object: 'Object Repository/Page_PSTO webMessenger - Zalogowano/img_Mateusz Kowalski_sendButton' is clicked on

2021-12-21 19:03:54 - [TEST_STEP][PASSED] - setText(findTestObject("Page_PSTO webMessenger - Zalogowano/input_Mateusz Kowalski_messageInput"), "d"): Text 'd' is set on object 'Object Repository/Page_PSTO webMessenger - Zalogowano/input_Mateusz Kowalski_messageInput'

2021-12-21 19:03:55 - [MESSAGE][PASSED] - Text 'd' is set on object 'Object Repository/Page_PSTO webMessenger - Zalogowano/input_Mateusz Kowalski_messageInput'

2021-12-21 19:03:55 - [TEST_STEP][PASSED] - click(findTestObject("Page_PSTO webMessenger - Zalogowano/img_Mateusz Kowalski_sendButton")): Object: 'Object Repository/Page_PSTO webMessenger - Zalogowano/img_Mateusz Kowalski_sendButton' is clicked on

2021-12-21 19:03:55 - [MESSAGE][PASSED] - Object: 'Object Repository/Page_PSTO webMessenger - Zalogowano/img_Mateusz Kowalski_sendButton' is clicked on

2021-12-21 19:03:55 - [TEST_STEP][PASSED] - setText(findTestObject("Page_PSTO webMessenger - Zalogowano/input_Mateusz Kowalski_messageInput"), "d"): Text 'd' is set on object 'Object Repository/Page_PSTO webMessenger - Zalogowano/input_Mateusz Kowalski_messageInput'

2021-12-21 19:03:56 - [MESSAGE][PASSED] - Text 'd' is set on object 'Object Repository/Page_PSTO webMessenger - Zalogowano/input_Mateusz Kowalski_messageInput'

2021-12-21 19:03:56 - [TEST_STEP][PASSED] - click(findTestObject("Page_PSTO webMessenger - Zalogowano/img_Mateusz Kowalski_sendButton")): Object: 'Object Repository/Page_PSTO webMessenger - Zalogowano/img_Mateusz Kowalski_sendButton' is clicked on

2021-12-21 19:03:57 - [MESSAGE][PASSED] - Object: 'Object Repository/Page_PSTO webMessenger - Zalogowano/img_Mateusz Kowalski_sendButton' is clicked on

2021-12-21 19:03:57 - [TEST_STEP][PASSED] - setText(findTestObject("Page_PSTO webMessenger - Zalogowano/input_Mateusz Kowalski_messageInput"), "d"): Text 'd' is set on object 'Object Repository/Page_PSTO webMessenger - Zalogowano/input_Mateusz Kowalski_messageInput'

2021-12-21 19:03:58 - [MESSAGE][PASSED] - Text 'd' is set on object 'Object Repository/Page_PSTO webMessenger - Zalogowano/input_Mateusz Kowalski_messageInput'

2021-12-21 19:03:58 - [TEST_STEP][PASSED] - click(findTestObject("Page_PSTO webMessenger - Zalogowano/img_Mateusz Kowalski_sendButton")): Object: 'Object Repository/Page_PSTO webMessenger - Zalogowano/img_Mateusz Kowalski_sendButton' is clicked on

2021-12-21 19:03:58 - [MESSAGE][PASSED] - Object: 'Object Repository/Page_PSTO webMessenger - Zalogowano/img_Mateusz Kowalski_sendButton' is clicked on

2021-12-21 19:03:58 - [TEST_STEP][PASSED] - setText(findTestObject("Page_PSTO webMessenger - Zalogowano/input_Mateusz Kowalski_messageInput"), "d"): Text 'd' is set on object 'Object Repository/Page_PSTO webMessenger - Zalogowano/input_Mateusz Kowalski_messageInput'

2021-12-21 19:03:59 - [MESSAGE][PASSED] - Text 'd' is set on object 'Object Repository/Page_PSTO webMessenger - Zalogowano/input_Mateusz Kowalski_messageInput'

2021-12-21 19:03:59 - [TEST_STEP][PASSED] - click(findTestObject("Page_PSTO webMessenger - Zalogowano/img_Mateusz Kowalski_sendButton")): Object: 'Object Repository/Page_PSTO webMessenger - Zalogowano/img_Mateusz Kowalski_sendButton' is clicked on

2021-12-21 19:04:00 - [MESSAGE][PASSED] - Object: 'Object Repository/Page_PSTO webMessenger - Zalogowano/img_Mateusz Kowalski_sendButton' is clicked on

2021-12-21 19:04:00 - [TEST_STEP][PASSED] - setText(findTestObject("Page_PSTO webMessenger - Zalogowano/input_Mateusz Kowalski_messageInput"), "d"): Text 'd' is set on object 'Object Repository/Page_PSTO webMessenger - Zalogowano/input_Mateusz Kowalski_messageInput'

2021-12-21 19:04:00 - [MESSAGE][PASSED] - Text 'd' is set on object 'Object Repository/Page_PSTO webMessenger - Zalogowano/input_Mateusz Kowalski_messageInput'

2021-12-21 19:04:00 - [TEST_STEP][PASSED] - click(findTestObject("Page_PSTO webMessenger - Zalogowano/img_Mateusz Kowalski_sendButton")): Object: 'Object Repository/Page_PSTO webMessenger - Zalogowano/img_Mateusz Kowalski_sendButton' is clicked on

2021-12-21 19:04:01 - [MESSAGE][PASSED] - Object: 'Object Repository/Page_PSTO webMessenger - Zalogowano/img_Mateusz Kowalski_sendButton' is clicked on

2021-12-21 19:04:01 - [TEST_STEP][PASSED] - setText(findTestObject("Page_PSTO webMessenger - Zalogowano/input_Mateusz Kowalski_messageInput"), "d"): Text 'd' is set on object 'Object Repository/Page_PSTO webMessenger - Zalogowano/input_Mateusz Kowalski_messageInput'

2021-12-21 19:04:03 - [MESSAGE][PASSED] - Text 'd' is set on object 'Object Repository/Page_PSTO webMessenger - Zalogowano/input_Mateusz Kowalski_messageInput'

2021-12-21 19:04:03 - [TEST_STEP][PASSED] - click(findTestObject("Page_PSTO webMessenger - Zalogowano/img_Mateusz Kowalski_sendButton")): Object: 'Object Repository/Page_PSTO webMessenger - Zalogowano/img_Mateusz Kowalski_sendButton' is clicked on

2021-12-21 19:04:03 - [MESSAGE][PASSED] - Object: 'Object Repository/Page_PSTO webMessenger - Zalogowano/img_Mateusz Kowalski_sendButton' is clicked on

2021-12-21 19:04:03 - [TEST_STEP][PASSED] - setText(findTestObject("Page_PSTO webMessenger - Zalogowano/input_Mateusz Kowalski_messageInput"), "d"): Text 'd' is set on object 'Object Repository/Page_PSTO webMessenger - Zalogowano/input_Mateusz Kowalski_messageInput'

2021-12-21 19:04:04 - [MESSAGE][PASSED] - Text 'd' is set on object 'Object Repository/Page_PSTO webMessenger - Zalogowano/input_Mateusz Kowalski_messageInput'

2021-12-21 19:04:04 - [TEST_STEP][PASSED] - click(findTestObject("Page_PSTO webMessenger - Zalogowano/img_Mateusz Kowalski_sendButton")): Object: 'Object Repository/Page_PSTO webMessenger - Zalogowano/img_Mateusz Kowalski_sendButton' is clicked on

2021-12-21 19:04:05 - [MESSAGE][PASSED] - Object: 'Object Repository/Page_PSTO webMessenger - Zalogowano/img_Mateusz Kowalski_sendButton' is clicked on

2021-12-21 19:04:05 - [TEST_STEP][PASSED] - setText(findTestObject("Page_PSTO webMessenger - Zalogowano/input_Mateusz Kowalski_messageInput"), "d"): Text 'd' is set on object 'Object Repository/Page_PSTO webMessenger - Zalogowano/input_Mateusz Kowalski_messageInput'

2021-12-21 19:04:05 - [MESSAGE][PASSED] - Text 'd' is set on object 'Object Repository/Page_PSTO webMessenger - Zalogowano/input_Mateusz Kowalski_messageInput'

2021-12-21 19:04:05 - [TEST_STEP][PASSED] - click(findTestObject("Page_PSTO webMessenger - Zalogowano/img_Mateusz Kowalski_sendButton")): Object: 'Object Repository/Page_PSTO webMessenger - Zalogowano/img_Mateusz Kowalski_sendButton' is clicked on

2021-12-21 19:04:06 - [MESSAGE][PASSED] - Object: 'Object Repository/Page_PSTO webMessenger - Zalogowano/img_Mateusz Kowalski_sendButton' is clicked on

2021-12-21 19:04:06 - [TEST_STEP][PASSED] - setText(findTestObject("Page_PSTO webMessenger - Zalogowano/input_Mateusz Kowalski_messageInput"), "d"): Text 'd' is set on object 'Object Repository/Page_PSTO webMessenger - Zalogowano/input_Mateusz Kowalski_messageInput'

2021-12-21 19:04:07 - [MESSAGE][PASSED] - Text 'd' is set on object 'Object Repository/Page_PSTO webMessenger - Zalogowano/input_Mateusz Kowalski_messageInput'

2021-12-21 19:04:07 - [TEST_STEP][PASSED] - click(findTestObject("Page_PSTO webMessenger - Zalogowano/img_Mateusz Kowalski_sendButton")): Object: 'Object Repository/Page_PSTO webMessenger - Zalogowano/img_Mateusz Kowalski_sendButton' is clicked on

2021-12-21 19:04:08 - [MESSAGE][PASSED] - Object: 'Object Repository/Page_PSTO webMessenger - Zalogowano/img_Mateusz Kowalski_sendButton' is clicked on

2021-12-21 19:04:08 - [TEST_STEP][PASSED] - setText(findTestObject("Page_PSTO webMessenger - Zalogowano/input_Mateusz Kowalski_messageInput"), "d"): Text 'd' is set on object 'Object Repository/Page_PSTO webMessenger - Zalogowano/input_Mateusz Kowalski_messageInput'

2021-12-21 19:04:08 - [MESSAGE][PASSED] - Text 'd' is set on object 'Object Repository/Page_PSTO webMessenger - Zalogowano/input_Mateusz Kowalski_messageInput'

2021-12-21 19:04:08 - [TEST_STEP][PASSED] - click(findTestObject("Page_PSTO webMessenger - Zalogowano/img_Mateusz Kowalski_sendButton")): Object: 'Object Repository/Page_PSTO webMessenger - Zalogowano/img_Mateusz Kowalski_sendButton' is clicked on

2021-12-21 19:04:09 - [MESSAGE][PASSED] - Object: 'Object Repository/Page_PSTO webMessenger - Zalogowano/img_Mateusz Kowalski_sendButton' is clicked on

2021-12-21 19:04:09 - [TEST_STEP][PASSED] - setText(findTestObject("Page_PSTO webMessenger - Zalogowano/input_Mateusz Kowalski_messageInput"), "d"): Text 'd' is set on object 'Object Repository/Page_PSTO webMessenger - Zalogowano/input_Mateusz Kowalski_messageInput'

2021-12-21 19:04:10 - [MESSAGE][PASSED] - Text 'd' is set on object 'Object Repository/Page_PSTO webMessenger - Zalogowano/input_Mateusz Kowalski_messageInput'

2021-12-21 19:04:10 - [TEST_STEP][PASSED] - click(findTestObject("Page_PSTO webMessenger - Zalogowano/img_Mateusz Kowalski_sendButton")): Object: 'Object Repository/Page_PSTO webMessenger - Zalogowano/img_Mateusz Kowalski_sendButton' is clicked on

2021-12-21 19:04:10 - [MESSAGE][PASSED] - Object: 'Object Repository/Page_PSTO webMessenger - Zalogowano/img_Mateusz Kowalski_sendButton' is clicked on

2021-12-21 19:04:10 - [TEST_STEP][PASSED] - setText(findTestObject("Page_PSTO webMessenger - Zalogowano/input_Mateusz Kowalski_messageInput"), "d"): Text 'd' is set on object 'Object Repository/Page_PSTO webMessenger - Zalogowano/input_Mateusz Kowalski_messageInput'

2021-12-21 19:04:11 - [MESSAGE][PASSED] - Text 'd' is set on object 'Object Repository/Page_PSTO webMessenger - Zalogowano/input_Mateusz Kowalski_messageInput'

2021-12-21 19:04:11 - [TEST_STEP][PASSED] - click(findTestObject("Page_PSTO webMessenger - Zalogowano/img_Mateusz Kowalski_sendButton")): Object: 'Object Repository/Page_PSTO webMessenger - Zalogowano/img_Mateusz Kowalski_sendButton' is clicked on

2021-12-21 19:04:11 - [MESSAGE][PASSED] - Object: 'Object Repository/Page_PSTO webMessenger - Zalogowano/img_Mateusz Kowalski_sendButton' is clicked on

2021-12-21 19:04:11 - [TEST_STEP][PASSED] - setText(findTestObject("Page_PSTO webMessenger - Zalogowano/input_Mateusz Kowalski_messageInput"), "d"): Text 'd' is set on object 'Object Repository/Page_PSTO webMessenger - Zalogowano/input_Mateusz Kowalski_messageInput'

2021-12-21 19:04:13 - [MESSAGE][PASSED] - Text 'd' is set on object 'Object Repository/Page_PSTO webMessenger - Zalogowano/input_Mateusz Kowalski_messageInput'

2021-12-21 19:04:13 - [TEST_STEP][PASSED] - click(findTestObject("Page_PSTO webMessenger - Zalogowano/img_Mateusz Kowalski_sendButton")): Object: 'Object Repository/Page_PSTO webMessenger - Zalogowano/img_Mateusz Kowalski_sendButton' is clicked on

2021-12-21 19:04:13 - [MESSAGE][PASSED] - Object: 'Object Repository/Page_PSTO webMessenger - Zalogowano/img_Mateusz Kowalski_sendButton' is clicked on

2021-12-21 19:04:13 - [TEST_STEP][PASSED] - setText(findTestObject("Page_PSTO webMessenger - Zalogowano/input_Mateusz Kowalski_messageInput"), "d"): Text 'd' is set on object 'Object Repository/Page_PSTO webMessenger - Zalogowano/input_Mateusz Kowalski_messageInput'

2021-12-21 19:04:14 - [MESSAGE][PASSED] - Text 'd' is set on object 'Object Repository/Page_PSTO webMessenger - Zalogowano/input_Mateusz Kowalski_messageInput'

2021-12-21 19:04:14 - [TEST_STEP][PASSED] - click(findTestObject("Page_PSTO webMessenger - Zalogowano/img_Mateusz Kowalski_sendButton")): Object: 'Object Repository/Page_PSTO webMessenger - Zalogowano/img_Mateusz Kowalski_sendButton' is clicked on

2021-12-21 19:04:14 - [MESSAGE][PASSED] - Object: 'Object Repository/Page_PSTO webMessenger - Zalogowano/img_Mateusz Kowalski_sendButton' is clicked on

2021-12-21 19:04:14 - [TEST_STEP][PASSED] - setText(findTestObject("Page_PSTO webMessenger - Zalogowano/input_Mateusz Kowalski_messageInput"), "d"): Text 'd' is set on object 'Object Repository/Page_PSTO webMessenger - Zalogowano/input_Mateusz Kowalski_messageInput'

2021-12-21 19:04:15 - [MESSAGE][PASSED] - Text 'd' is set on object 'Object Repository/Page_PSTO webMessenger - Zalogowano/input_Mateusz Kowalski_messageInput'

2021-12-21 19:04:15 - [TEST_STEP][PASSED] - click(findTestObject("Page_PSTO webMessenger - Zalogowano/img_Mateusz Kowalski_sendButton")): Object: 'Object Repository/Page_PSTO webMessenger - Zalogowano/img_Mateusz Kowalski_sendButton' is clicked on

2021-12-21 19:04:16 - [MESSAGE][PASSED] - Object: 'Object Repository/Page_PSTO webMessenger - Zalogowano/img_Mateusz Kowalski_sendButton' is clicked on

2021-12-21 19:04:16 - [TEST_STEP][PASSED] - setText(findTestObject("Page_PSTO webMessenger - Zalogowano/input_Mateusz Kowalski_messageInput"), "d"): Text 'd' is set on object 'Object Repository/Page_PSTO webMessenger - Zalogowano/input_Mateusz Kowalski_messageInput'

2021-12-21 19:04:16 - [MESSAGE][PASSED] - Text 'd' is set on object 'Object Repository/Page_PSTO webMessenger - Zalogowano/input_Mateusz Kowalski_messageInput'

2021-12-21 19:04:16 - [TEST_STEP][PASSED] - click(findTestObject("Page_PSTO webMessenger - Zalogowano/img_Mateusz Kowalski_sendButton")): Object: 'Object Repository/Page_PSTO webMessenger - Zalogowano/img_Mateusz Kowalski_sendButton' is clicked on

2021-12-21 19:04:17 - [MESSAGE][PASSED] - Object: 'Object Repository/Page_PSTO webMessenger - Zalogowano/img_Mateusz Kowalski_sendButton' is clicked on

2021-12-21 19:04:17 - [TEST_STEP][PASSED] - setText(findTestObject("Page_PSTO webMessenger - Zalogowano/input_Mateusz Kowalski_messageInput"), "d"): Text 'd' is set on object 'Object Repository/Page_PSTO webMessenger - Zalogowano/input_Mateusz Kowalski_messageInput'

2021-12-21 19:04:18 - [MESSAGE][PASSED] - Text 'd' is set on object 'Object Repository/Page_PSTO webMessenger - Zalogowano/input_Mateusz Kowalski_messageInput'

2021-12-21 19:04:18 - [TEST_STEP][PASSED] - click(findTestObject("Page_PSTO webMessenger - Zalogowano/img_Mateusz Kowalski_sendButton")): Object: 'Object Repository/Page_PSTO webMessenger - Zalogowano/img_Mateusz Kowalski_sendButton' is clicked on

2021-12-21 19:04:18 - [MESSAGE][PASSED] - Object: 'Object Repository/Page_PSTO webMessenger - Zalogowano/img_Mateusz Kowalski_sendButton' is clicked on

2021-12-21 19:04:18 - [TEST_STEP][PASSED] - setText(findTestObject("Page_PSTO webMessenger - Zalogowano/input_Mateusz Kowalski_messageInput"), "d"): Text 'd' is set on object 'Object Repository/Page_PSTO webMessenger - Zalogowano/input_Mateusz Kowalski_messageInput'

2021-12-21 19:04:19 - [MESSAGE][PASSED] - Text 'd' is set on object 'Object Repository/Page_PSTO webMessenger - Zalogowano/input_Mateusz Kowalski_messageInput'

2021-12-21 19:04:19 - [TEST_STEP][PASSED] - click(findTestObject("Page_PSTO webMessenger - Zalogowano/img_Mateusz Kowalski_sendButton")): Object: 'Object Repository/Page_PSTO webMessenger - Zalogowano/img_Mateusz Kowalski_sendButton' is clicked on

2021-12-21 19:04:20 - [MESSAGE][PASSED] - Object: 'Object Repository/Page_PSTO webMessenger - Zalogowano/img_Mateusz Kowalski_sendButton' is clicked on

2021-12-21 19:04:20 - [TEST_STEP][PASSED] - setText(findTestObject("Page_PSTO webMessenger - Zalogowano/input_Mateusz Kowalski_messageInput"), "d"): Text 'd' is set on object 'Object Repository/Page_PSTO webMessenger - Zalogowano/input_Mateusz Kowalski_messageInput'

2021-12-21 19:04:20 - [MESSAGE][PASSED] - Text 'd' is set on object 'Object Repository/Page_PSTO webMessenger - Zalogowano/input_Mateusz Kowalski_messageInput'

2021-12-21 19:04:20 - [TEST_STEP][PASSED] - click(findTestObject("Page_PSTO webMessenger - Zalogowano/img_Mateusz Kowalski_sendButton")): Object: 'Object Repository/Page_PSTO webMessenger - Zalogowano/img_Mateusz Kowalski_sendButton' is clicked on

2021-12-21 19:04:21 - [MESSAGE][PASSED] - Object: 'Object Repository/Page_PSTO webMessenger - Zalogowano/img_Mateusz Kowalski_sendButton' is clicked on

2021-12-21 19:04:21 - [TEST_STEP][PASSED] - setText(findTestObject("Page_PSTO webMessenger - Zalogowano/input_Mateusz Kowalski_messageInput"), "d"): Text 'd' is set on object 'Object Repository/Page_PSTO webMessenger - Zalogowano/input_Mateusz Kowalski_messageInput'

2021-12-21 19:04:23 - [MESSAGE][PASSED] - Text 'd' is set on object 'Object Repository/Page_PSTO webMessenger - Zalogowano/input_Mateusz Kowalski_messageInput'

2021-12-21 19:04:23 - [TEST_STEP][PASSED] - click(findTestObject("Page_PSTO webMessenger - Zalogowano/img_Mateusz Kowalski_sendButton")): Object: 'Object Repository/Page_PSTO webMessenger - Zalogowano/img_Mateusz Kowalski_sendButton' is clicked on

2021-12-21 19:04:24 - [MESSAGE][PASSED] - Object: 'Object Repository/Page_PSTO webMessenger - Zalogowano/img_Mateusz Kowalski_sendButton' is clicked on

2021-12-21 19:04:24 - [TEST_STEP][PASSED] - setText(findTestObject("Page_PSTO webMessenger - Zalogowano/input_Mateusz Kowalski_messageInput"), "d"): Text 'd' is set on object 'Object Repository/Page_PSTO webMessenger - Zalogowano/input_Mateusz Kowalski_messageInput'

2021-12-21 19:04:24 - [MESSAGE][PASSED] - Text 'd' is set on object 'Object Repository/Page_PSTO webMessenger - Zalogowano/input_Mateusz Kowalski_messageInput'

2021-12-21 19:04:24 - [TEST_STEP][PASSED] - click(findTestObject("Page_PSTO webMessenger - Zalogowano/img_Mateusz Kowalski_sendButton")): Object: 'Object Repository/Page_PSTO webMessenger - Zalogowano/img_Mateusz Kowalski_sendButton' is clicked on

2021-12-21 19:04:25 - [MESSAGE][PASSED] - Object: 'Object Repository/Page_PSTO webMessenger - Zalogowano/img_Mateusz Kowalski_sendButton' is clicked on

2021-12-21 19:04:25 - [TEST_STEP][PASSED] - setText(findTestObject("Page_PSTO webMessenger - Zalogowano/input_Mateusz Kowalski_messageInput"), "d"): Text 'd' is set on object 'Object Repository/Page_PSTO webMessenger - Zalogowano/input_Mateusz Kowalski_messageInput'

2021-12-21 19:04:26 - [MESSAGE][PASSED] - Text 'd' is set on object 'Object Repository/Page_PSTO webMessenger - Zalogowano/input_Mateusz Kowalski_messageInput'

2021-12-21 19:04:26 - [TEST_STEP][PASSED] - click(findTestObject("Page_PSTO webMessenger - Zalogowano/img_Mateusz Kowalski_sendButton")): Object: 'Object Repository/Page_PSTO webMessenger - Zalogowano/img_Mateusz Kowalski_sendButton' is clicked on

2021-12-21 19:04:26 - [MESSAGE][PASSED] - Object: 'Object Repository/Page_PSTO webMessenger - Zalogowano/img_Mateusz Kowalski_sendButton' is clicked on

2021-12-21 19:04:26 - [TEST_STEP][PASSED] - setText(findTestObject("Page_PSTO webMessenger - Zalogowano/input_Mateusz Kowalski_messageInput"), "d"): Text 'd' is set on object 'Object Repository/Page_PSTO webMessenger - Zalogowano/input_Mateusz Kowalski_messageInput'

2021-12-21 19:04:27 - [MESSAGE][PASSED] - Text 'd' is set on object 'Object Repository/Page_PSTO webMessenger - Zalogowano/input_Mateusz Kowalski_messageInput'

2021-12-21 19:04:27 - [TEST_STEP][PASSED] - click(findTestObject("Page_PSTO webMessenger - Zalogowano/img_Mateusz Kowalski_sendButton")): Object: 'Object Repository/Page_PSTO webMessenger - Zalogowano/img_Mateusz Kowalski_sendButton' is clicked on

2021-12-21 19:04:27 - [MESSAGE][PASSED] - Object: 'Object Repository/Page_PSTO webMessenger - Zalogowano/img_Mateusz Kowalski_sendButton' is clicked on

2021-12-21 19:04:27 - [TEST_STEP][PASSED] - setText(findTestObject("Page_PSTO webMessenger - Zalogowano/input_Mateusz Kowalski_messageInput"), "d"): Text 'd' is set on object 'Object Repository/Page_PSTO webMessenger - Zalogowano/input_Mateusz Kowalski_messageInput'

2021-12-21 19:04:28 - [MESSAGE][PASSED] - Text 'd' is set on object 'Object Repository/Page_PSTO webMessenger - Zalogowano/input_Mateusz Kowalski_messageInput'

2021-12-21 19:04:28 - [TEST_STEP][PASSED] - click(findTestObject("Page_PSTO webMessenger - Zalogowano/img_Mateusz Kowalski_sendButton")): Object: 'Object Repository/Page_PSTO webMessenger - Zalogowano/img_Mateusz Kowalski_sendButton' is clicked on

2021-12-21 19:04:29 - [MESSAGE][PASSED] - Object: 'Object Repository/Page_PSTO webMessenger - Zalogowano/img_Mateusz Kowalski_sendButton' is clicked on

2021-12-21 19:04:29 - [TEST_STEP][PASSED] - setText(findTestObject("Page_PSTO webMessenger - Zalogowano/input_Mateusz Kowalski_messageInput"), "d"): Text 'd' is set on object 'Object Repository/Page_PSTO webMessenger - Zalogowano/input_Mateusz Kowalski_messageInput'

2021-12-21 19:04:29 - [MESSAGE][PASSED] - Text 'd' is set on object 'Object Repository/Page_PSTO webMessenger - Zalogowano/input_Mateusz Kowalski_messageInput'

2021-12-21 19:04:29 - [TEST_STEP][PASSED] - click(findTestObject("Page_PSTO webMessenger - Zalogowano/img_Mateusz Kowalski_sendButton")): Object: 'Object Repository/Page_PSTO webMessenger - Zalogowano/img_Mateusz Kowalski_sendButton' is clicked on

2021-12-21 19:04:30 - [MESSAGE][PASSED] - Object: 'Object Repository/Page_PSTO webMessenger - Zalogowano/img_Mateusz Kowalski_sendButton' is clicked on

2021-12-21 19:04:30 - [TEST_STEP][PASSED] - setText(findTestObject("Page_PSTO webMessenger - Zalogowano/input_Mateusz Kowalski_messageInput"), "d"): Text 'd' is set on object 'Object Repository/Page_PSTO webMessenger - Zalogowano/input_Mateusz Kowalski_messageInput'

2021-12-21 19:04:31 - [MESSAGE][PASSED] - Text 'd' is set on object 'Object Repository/Page_PSTO webMessenger - Zalogowano/input_Mateusz Kowalski_messageInput'

2021-12-21 19:04:31 - [TEST_STEP][PASSED] - click(findTestObject("Page_PSTO webMessenger - Zalogowano/img_Mateusz Kowalski_sendButton")): Object: 'Object Repository/Page_PSTO webMessenger - Zalogowano/img_Mateusz Kowalski_sendButton' is clicked on

2021-12-21 19:04:31 - [MESSAGE][PASSED] - Object: 'Object Repository/Page_PSTO webMessenger - Zalogowano/img_Mateusz Kowalski_sendButton' is clicked on

2021-12-21 19:04:31 - [TEST_STEP][PASSED] - setText(findTestObject("Page_PSTO webMessenger - Zalogowano/input_Mateusz Kowalski_messageInput"), "d"): Text 'd' is set on object 'Object Repository/Page_PSTO webMessenger - Zalogowano/input_Mateusz Kowalski_messageInput'

2021-12-21 19:04:33 - [MESSAGE][PASSED] - Text 'd' is set on object 'Object Repository/Page_PSTO webMessenger - Zalogowano/input_Mateusz Kowalski_messageInput'

2021-12-21 19:04:33 - [TEST_STEP][PASSED] - click(findTestObject("Page_PSTO webMessenger - Zalogowano/img_Mateusz Kowalski_sendButton")): Object: 'Object Repository/Page_PSTO webMessenger - Zalogowano/img_Mateusz Kowalski_sendButton' is clicked on

2021-12-21 19:04:33 - [MESSAGE][PASSED] - Object: 'Object Repository/Page_PSTO webMessenger - Zalogowano/img_Mateusz Kowalski_sendButton' is clicked on

2021-12-21 19:04:33 - [TEST_STEP][PASSED] - setText(findTestObject("Page_PSTO webMessenger - Zalogowano/input_Mateusz Kowalski_messageInput"), "d"): Text 'd' is set on object 'Object Repository/Page_PSTO webMessenger - Zalogowano/input_Mateusz Kowalski_messageInput'

2021-12-21 19:04:34 - [MESSAGE][PASSED] - Text 'd' is set on object 'Object Repository/Page_PSTO webMessenger - Zalogowano/input_Mateusz Kowalski_messageInput'

2021-12-21 19:04:34 - [TEST_STEP][PASSED] - click(findTestObject("Page_PSTO webMessenger - Zalogowano/img_Mateusz Kowalski_sendButton")): Object: 'Object Repository/Page_PSTO webMessenger - Zalogowano/img_Mateusz Kowalski_sendButton' is clicked on

2021-12-21 19:04:35 - [MESSAGE][PASSED] - Object: 'Object Repository/Page_PSTO webMessenger - Zalogowano/img_Mateusz Kowalski_sendButton' is clicked on

2021-12-21 19:04:35 - [TEST_STEP][PASSED] - setText(findTestObject("Page_PSTO webMessenger - Zalogowano/input_Mateusz Kowalski_messageInput"), "d"): Text 'd' is set on object 'Object Repository/Page_PSTO webMessenger - Zalogowano/input_Mateusz Kowalski_messageInput'

2021-12-21 19:04:35 - [MESSAGE][PASSED] - Text 'd' is set on object 'Object Repository/Page_PSTO webMessenger - Zalogowano/input_Mateusz Kowalski_messageInput'

2021-12-21 19:04:35 - [TEST_STEP][PASSED] - click(findTestObject("Page_PSTO webMessenger - Zalogowano/img_Mateusz Kowalski_sendButton")): Object: 'Object Repository/Page_PSTO webMessenger - Zalogowano/img_Mateusz Kowalski_sendButton' is clicked on

2021-12-21 19:04:36 - [MESSAGE][PASSED] - Object: 'Object Repository/Page_PSTO webMessenger - Zalogowano/img_Mateusz Kowalski_sendButton' is clicked on

2021-12-21 19:04:36 - [TEST_STEP][PASSED] - setText(findTestObject("Page_PSTO webMessenger - Zalogowano/input_Mateusz Kowalski_messageInput"), "d"): Text 'd' is set on object 'Object Repository/Page_PSTO webMessenger - Zalogowano/input_Mateusz Kowalski_messageInput'

2021-12-21 19:04:37 - [MESSAGE][PASSED] - Text 'd' is set on object 'Object Repository/Page_PSTO webMessenger - Zalogowano/input_Mateusz Kowalski_messageInput'

2021-12-21 19:04:37 - [TEST_STEP][PASSED] - click(findTestObject("Page_PSTO webMessenger - Zalogowano/img_Mateusz Kowalski_sendButton")): Object: 'Object Repository/Page_PSTO webMessenger - Zalogowano/img_Mateusz Kowalski_sendButton' is clicked on

2021-12-21 19:04:37 - [MESSAGE][PASSED] - Object: 'Object Repository/Page_PSTO webMessenger - Zalogowano/img_Mateusz Kowalski_sendButton' is clicked on

2021-12-21 19:04:37 - [TEST_STEP][PASSED] - setText(findTestObject("Page_PSTO webMessenger - Zalogowano/input_Mateusz Kowalski_messageInput"), "d"): Text 'd' is set on object 'Object Repository/Page_PSTO webMessenger - Zalogowano/input_Mateusz Kowalski_messageInput'

2021-12-21 19:04:38 - [MESSAGE][PASSED] - Text 'd' is set on object 'Object Repository/Page_PSTO webMessenger - Zalogowano/input_Mateusz Kowalski_messageInput'

2021-12-21 19:04:38 - [TEST_STEP][PASSED] - click(findTestObject("Page_PSTO webMessenger - Zalogowano/img_Mateusz Kowalski_sendButton")): Object: 'Object Repository/Page_PSTO webMessenger - Zalogowano/img_Mateusz Kowalski_sendButton' is clicked on

2021-12-21 19:04:39 - [MESSAGE][PASSED] - Object: 'Object Repository/Page_PSTO webMessenger - Zalogowano/img_Mateusz Kowalski_sendButton' is clicked on

2021-12-21 19:04:39 - [TEST_STEP][PASSED] - setText(findTestObject("Page_PSTO webMessenger - Zalogowano/input_Mateusz Kowalski_messageInput"), "d"): Text 'd' is set on object 'Object Repository/Page_PSTO webMessenger - Zalogowano/input_Mateusz Kowalski_messageInput'

2021-12-21 19:04:40 - [MESSAGE][PASSED] - Text 'd' is set on object 'Object Repository/Page_PSTO webMessenger - Zalogowano/input_Mateusz Kowalski_messageInput'

2021-12-21 19:04:40 - [TEST_STEP][PASSED] - click(findTestObject("Page_PSTO webMessenger - Zalogowano/img_Mateusz Kowalski_sendButton")): Object: 'Object Repository/Page_PSTO webMessenger - Zalogowano/img_Mateusz Kowalski_sendButton' is clicked on

2021-12-21 19:04:40 - [MESSAGE][PASSED] - Object: 'Object Repository/Page_PSTO webMessenger - Zalogowano/img_Mateusz Kowalski_sendButton' is clicked on

2021-12-21 19:04:40 - [TEST_STEP][PASSED] - setText(findTestObject("Page_PSTO webMessenger - Zalogowano/input_Mateusz Kowalski_messageInput"), "d"): Text 'd' is set on object 'Object Repository/Page_PSTO webMessenger - Zalogowano/input_Mateusz Kowalski_messageInput'

2021-12-21 19:04:41 - [MESSAGE][PASSED] - Text 'd' is set on object 'Object Repository/Page_PSTO webMessenger - Zalogowano/input_Mateusz Kowalski_messageInput'

2021-12-21 19:04:41 - [TEST_STEP][PASSED] - click(findTestObject("Page_PSTO webMessenger - Zalogowano/img_Mateusz Kowalski_sendButton")): Object: 'Object Repository/Page_PSTO webMessenger - Zalogowano/img_Mateusz Kowalski_sendButton' is clicked on

2021-12-21 19:04:41 - [MESSAGE][PASSED] - Object: 'Object Repository/Page_PSTO webMessenger - Zalogowano/img_Mateusz Kowalski_sendButton' is clicked on

2021-12-21 19:04:41 - [TEST_STEP][PASSED] - setText(findTestObject("Page_PSTO webMessenger - Zalogowano/input_Mateusz Kowalski_messageInput"), "d"): Text 'd' is set on object 'Object Repository/Page_PSTO webMessenger - Zalogowano/input_Mateusz Kowalski_messageInput'

2021-12-21 19:04:44 - [MESSAGE][PASSED] - Text 'd' is set on object 'Object Repository/Page_PSTO webMessenger - Zalogowano/input_Mateusz Kowalski_messageInput'

2021-12-21 19:04:44 - [TEST_STEP][PASSED] - click(findTestObject("Page_PSTO webMessenger - Zalogowano/img_Mateusz Kowalski_sendButton")): Object: 'Object Repository/Page_PSTO webMessenger - Zalogowano/img_Mateusz Kowalski_sendButton' is clicked on

2021-12-21 19:04:44 - [MESSAGE][PASSED] - Object: 'Object Repository/Page_PSTO webMessenger - Zalogowano/img_Mateusz Kowalski_sendButton' is clicked on

2021-12-21 19:04:44 - [TEST_STEP][PASSED] - setText(findTestObject("Page_PSTO webMessenger - Zalogowano/input_Mateusz Kowalski_messageInput"), "d"): Text 'd' is set on object 'Object Repository/Page_PSTO webMessenger - Zalogowano/input_Mateusz Kowalski_messageInput'

2021-12-21 19:04:46 - [MESSAGE][PASSED] - Text 'd' is set on object 'Object Repository/Page_PSTO webMessenger - Zalogowano/input_Mateusz Kowalski_messageInput'

2021-12-21 19:04:46 - [TEST_STEP][PASSED] - click(findTestObject("Page_PSTO webMessenger - Zalogowano/img_Mateusz Kowalski_sendButton")): Object: 'Object Repository/Page_PSTO webMessenger - Zalogowano/img_Mateusz Kowalski_sendButton' is clicked on

2021-12-21 19:04:47 - [MESSAGE][PASSED] - Object: 'Object Repository/Page_PSTO webMessenger - Zalogowano/img_Mateusz Kowalski_sendButton' is clicked on

2021-12-21 19:04:47 - [TEST_STEP][PASSED] - setText(findTestObject("Page_PSTO webMessenger - Zalogowano/input_Mateusz Kowalski_messageInput"), "d"): Text 'd' is set on object 'Object Repository/Page_PSTO webMessenger - Zalogowano/input_Mateusz Kowalski_messageInput'

2021-12-21 19:04:48 - [MESSAGE][PASSED] - Text 'd' is set on object 'Object Repository/Page_PSTO webMessenger - Zalogowano/input_Mateusz Kowalski_messageInput'

2021-12-21 19:04:48 - [TEST_STEP][PASSED] - click(findTestObject("Page_PSTO webMessenger - Zalogowano/img_Mateusz Kowalski_sendButton")): Object: 'Object Repository/Page_PSTO webMessenger - Zalogowano/img_Mateusz Kowalski_sendButton' is clicked on

2021-12-21 19:04:48 - [MESSAGE][PASSED] - Object: 'Object Repository/Page_PSTO webMessenger - Zalogowano/img_Mateusz Kowalski_sendButton' is clicked on

2021-12-21 19:04:48 - [TEST_STEP][PASSED] - setText(findTestObject("Page_PSTO webMessenger - Zalogowano/input_Mateusz Kowalski_messageInput"), "d"): Text 'd' is set on object 'Object Repository/Page_PSTO webMessenger - Zalogowano/input_Mateusz Kowalski_messageInput'

2021-12-21 19:04:49 - [MESSAGE][PASSED] - Text 'd' is set on object 'Object Repository/Page_PSTO webMessenger - Zalogowano/input_Mateusz Kowalski_messageInput'

2021-12-21 19:04:49 - [TEST_STEP][PASSED] - click(findTestObject("Page_PSTO webMessenger - Zalogowano/img_Mateusz Kowalski_sendButton")): Object: 'Object Repository/Page_PSTO webMessenger - Zalogowano/img_Mateusz Kowalski_sendButton' is clicked on

2021-12-21 19:04:50 - [MESSAGE][PASSED] - Object: 'Object Repository/Page_PSTO webMessenger - Zalogowano/img_Mateusz Kowalski_sendButton' is clicked on

2021-12-21 19:04:50 - [TEST_STEP][PASSED] - setText(findTestObject("Page_PSTO webMessenger - Zalogowano/input_Mateusz Kowalski_messageInput"), "d"): Text 'd' is set on object 'Object Repository/Page_PSTO webMessenger - Zalogowano/input_Mateusz Kowalski_messageInput'

2021-12-21 19:04:51 - [MESSAGE][PASSED] - Text 'd' is set on object 'Object Repository/Page_PSTO webMessenger - Zalogowano/input_Mateusz Kowalski_messageInput'

2021-12-21 19:04:51 - [TEST_STEP][PASSED] - click(findTestObject("Page_PSTO webMessenger - Zalogowano/img_Mateusz Kowalski_sendButton")): Object: 'Object Repository/Page_PSTO webMessenger - Zalogowano/img_Mateusz Kowalski_sendButton' is clicked on

2021-12-21 19:04:51 - [MESSAGE][PASSED] - Object: 'Object Repository/Page_PSTO webMessenger - Zalogowano/img_Mateusz Kowalski_sendButton' is clicked on

2021-12-21 19:04:51 - [TEST_STEP][PASSED] - setText(findTestObject("Page_PSTO webMessenger - Zalogowano/input_Mateusz Kowalski_messageInput"), "d"): Text 'd' is set on object 'Object Repository/Page_PSTO webMessenger - Zalogowano/input_Mateusz Kowalski_messageInput'

2021-12-21 19:04:52 - [MESSAGE][PASSED] - Text 'd' is set on object 'Object Repository/Page_PSTO webMessenger - Zalogowano/input_Mateusz Kowalski_messageInput'

2021-12-21 19:04:52 - [TEST_STEP][PASSED] - click(findTestObject("Page_PSTO webMessenger - Zalogowano/img_Mateusz Kowalski_sendButton")): Object: 'Object Repository/Page_PSTO webMessenger - Zalogowano/img_Mateusz Kowalski_sendButton' is clicked on

2021-12-21 19:04:53 - [MESSAGE][PASSED] - Object: 'Object Repository/Page_PSTO webMessenger - Zalogowano/img_Mateusz Kowalski_sendButton' is clicked on

2021-12-21 19:04:53 - [TEST_STEP][PASSED] - setText(findTestObject("Page_PSTO webMessenger - Zalogowano/input_Mateusz Kowalski_messageInput"), "d"): Text 'd' is set on object 'Object Repository/Page_PSTO webMessenger - Zalogowano/input_Mateusz Kowalski_messageInput'

2021-12-21 19:04:54 - [MESSAGE][PASSED] - Text 'd' is set on object 'Object Repository/Page_PSTO webMessenger - Zalogowano/input_Mateusz Kowalski_messageInput'

2021-12-21 19:04:54 - [TEST_STEP][PASSED] - click(findTestObject("Page_PSTO webMessenger - Zalogowano/img_Mateusz Kowalski_sendButton")): Object: 'Object Repository/Page_PSTO webMessenger - Zalogowano/img_Mateusz Kowalski_sendButton' is clicked on

2021-12-21 19:04:54 - [MESSAGE][PASSED] - Object: 'Object Repository/Page_PSTO webMessenger - Zalogowano/img_Mateusz Kowalski_sendButton' is clicked on

2021-12-21 19:04:54 - [TEST_STEP][PASSED] - setText(findTestObject("Page_PSTO webMessenger - Zalogowano/input_Mateusz Kowalski_messageInput"), "d"): Text 'd' is set on object 'Object Repository/Page_PSTO webMessenger - Zalogowano/input_Mateusz Kowalski_messageInput'

2021-12-21 19:04:55 - [MESSAGE][PASSED] - Text 'd' is set on object 'Object Repository/Page_PSTO webMessenger - Zalogowano/input_Mateusz Kowalski_messageInput'

2021-12-21 19:04:55 - [TEST_STEP][PASSED] - click(findTestObject("Page_PSTO webMessenger - Zalogowano/img_Mateusz Kowalski_sendButton")): Object: 'Object Repository/Page_PSTO webMessenger - Zalogowano/img_Mateusz Kowalski_sendButton' is clicked on

2021-12-21 19:04:56 - [MESSAGE][PASSED] - Object: 'Object Repository/Page_PSTO webMessenger - Zalogowano/img_Mateusz Kowalski_sendButton' is clicked on

2021-12-21 19:04:56 - [TEST_STEP][PASSED] - setText(findTestObject("Page_PSTO webMessenger - Zalogowano/input_Mateusz Kowalski_messageInput"), "d"): Text 'd' is set on object 'Object Repository/Page_PSTO webMessenger - Zalogowano/input_Mateusz Kowalski_messageInput'

2021-12-21 19:04:57 - [MESSAGE][PASSED] - Text 'd' is set on object 'Object Repository/Page_PSTO webMessenger - Zalogowano/input_Mateusz Kowalski_messageInput'

2021-12-21 19:04:57 - [TEST_STEP][PASSED] - click(findTestObject("Page_PSTO webMessenger - Zalogowano/img_Mateusz Kowalski_sendButton")): Object: 'Object Repository/Page_PSTO webMessenger - Zalogowano/img_Mateusz Kowalski_sendButton' is clicked on

2021-12-21 19:04:58 - [MESSAGE][PASSED] - Object: 'Object Repository/Page_PSTO webMessenger - Zalogowano/img_Mateusz Kowalski_sendButton' is clicked on

2021-12-21 19:04:58 - [TEST_STEP][PASSED] - setText(findTestObject("Page_PSTO webMessenger - Zalogowano/input_Mateusz Kowalski_messageInput"), "d"): Text 'd' is set on object 'Object Repository/Page_PSTO webMessenger - Zalogowano/input_Mateusz Kowalski_messageInput'

2021-12-21 19:04:59 - [MESSAGE][PASSED] - Text 'd' is set on object 'Object Repository/Page_PSTO webMessenger - Zalogowano/input_Mateusz Kowalski_messageInput'

2021-12-21 19:04:59 - [TEST_STEP][PASSED] - click(findTestObject("Page_PSTO webMessenger - Zalogowano/img_Mateusz Kowalski_sendButton")): Object: 'Object Repository/Page_PSTO webMessenger - Zalogowano/img_Mateusz Kowalski_sendButton' is clicked on

2021-12-21 19:05:00 - [MESSAGE][PASSED] - Object: 'Object Repository/Page_PSTO webMessenger - Zalogowano/img_Mateusz Kowalski_sendButton' is clicked on

2021-12-21 19:05:00 - [TEST_STEP][PASSED] - setText(findTestObject("Page_PSTO webMessenger - Zalogowano/input_Mateusz Kowalski_messageInput"), "d"): Text 'd' is set on object 'Object Repository/Page_PSTO webMessenger - Zalogowano/input_Mateusz Kowalski_messageInput'

2021-12-21 19:05:05 - [MESSAGE][PASSED] - Text 'd' is set on object 'Object Repository/Page_PSTO webMessenger - Zalogowano/input_Mateusz Kowalski_messageInput'

2021-12-21 19:05:05 - [TEST_STEP][PASSED] - click(findTestObject("Page_PSTO webMessenger - Zalogowano/img_Mateusz Kowalski_sendButton")): Object: 'Object Repository/Page_PSTO webMessenger - Zalogowano/img_Mateusz Kowalski_sendButton' is clicked on

2021-12-21 19:05:07 - [MESSAGE][PASSED] - Object: 'Object Repository/Page_PSTO webMessenger - Zalogowano/img_Mateusz Kowalski_sendButton' is clicked on

2021-12-21 19:05:07 - [TEST_STEP][PASSED] - setText(findTestObject("Page_PSTO webMessenger - Zalogowano/input_Mateusz Kowalski_messageInput"), "d"): Text 'd' is set on object 'Object Repository/Page_PSTO webMessenger - Zalogowano/input_Mateusz Kowalski_messageInput'

2021-12-21 19:05:12 - [MESSAGE][PASSED] - Text 'd' is set on object 'Object Repository/Page_PSTO webMessenger - Zalogowano/input_Mateusz Kowalski_messageInput'

2021-12-21 19:05:12 - [TEST_STEP][PASSED] - click(findTestObject("Page_PSTO webMessenger - Zalogowano/img_Mateusz Kowalski_sendButton")): Object: 'Object Repository/Page_PSTO webMessenger - Zalogowano/img_Mateusz Kowalski_sendButton' is clicked on

2021-12-21 19:05:14 - [MESSAGE][PASSED] - Object: 'Object Repository/Page_PSTO webMessenger - Zalogowano/img_Mateusz Kowalski_sendButton' is clicked on

2021-12-21 19:05:14 - [TEST_STEP][PASSED] - setText(findTestObject("Page_PSTO webMessenger - Zalogowano/input_Mateusz Kowalski_messageInput"), "d"): Text 'd' is set on object 'Object Repository/Page_PSTO webMessenger - Zalogowano/input_Mateusz Kowalski_messageInput'

2021-12-21 19:05:18 - [MESSAGE][PASSED] - Text 'd' is set on object 'Object Repository/Page_PSTO webMessenger - Zalogowano/input_Mateusz Kowalski_messageInput'

2021-12-21 19:05:18 - [TEST_STEP][PASSED] - click(findTestObject("Page_PSTO webMessenger - Zalogowano/img_Mateusz Kowalski_sendButton")): Object: 'Object Repository/Page_PSTO webMessenger - Zalogowano/img_Mateusz Kowalski_sendButton' is clicked on

2021-12-21 19:05:20 - [MESSAGE][PASSED] - Object: 'Object Repository/Page_PSTO webMessenger - Zalogowano/img_Mateusz Kowalski_sendButton' is clicked on

2021-12-21 19:05:20 - [TEST_STEP][PASSED] - setText(findTestObject("Page_PSTO webMessenger - Zalogowano/input_Mateusz Kowalski_messageInput"), "d"): Text 'd' is set on object 'Object Repository/Page_PSTO webMessenger - Zalogowano/input_Mateusz Kowalski_messageInput'

2021-12-21 19:05:26 - [MESSAGE][PASSED] - Text 'd' is set on object 'Object Repository/Page_PSTO webMessenger - Zalogowano/input_Mateusz Kowalski_messageInput'

2021-12-21 19:05:26 - [TEST_STEP][PASSED] - click(findTestObject("Page_PSTO webMessenger - Zalogowano/img_Mateusz Kowalski_sendButton")): Object: 'Object Repository/Page_PSTO webMessenger - Zalogowano/img_Mateusz Kowalski_sendButton' is clicked on

2021-12-21 19:05:30 - [MESSAGE][PASSED] - Object: 'Object Repository/Page_PSTO webMessenger - Zalogowano/img_Mateusz Kowalski_sendButton' is clicked on

2021-12-21 19:05:30 - [TEST_STEP][PASSED] - setText(findTestObject("Page_PSTO webMessenger - Zalogowano/input_Mateusz Kowalski_messageInput"), "d"): Text 'd' is set on object 'Object Repository/Page_PSTO webMessenger - Zalogowano/input_Mateusz Kowalski_messageInput'

2021-12-21 19:05:35 - [MESSAGE][PASSED] - Text 'd' is set on object 'Object Repository/Page_PSTO webMessenger - Zalogowano/input_Mateusz Kowalski_messageInput'

2021-12-21 19:05:35 - [TEST_STEP][PASSED] - click(findTestObject("Page_PSTO webMessenger - Zalogowano/img_Mateusz Kowalski_sendButton")): Object: 'Object Repository/Page_PSTO webMessenger - Zalogowano/img_Mateusz Kowalski_sendButton' is clicked on

2021-12-21 19:05:37 - [MESSAGE][PASSED] - Object: 'Object Repository/Page_PSTO webMessenger - Zalogowano/img_Mateusz Kowalski_sendButton' is clicked on

2021-12-21 19:05:37 - [TEST_STEP][PASSED] - setText(findTestObject("Page_PSTO webMessenger - Zalogowano/input_Mateusz Kowalski_messageInput"), "d"): Text 'd' is set on object 'Object Repository/Page_PSTO webMessenger - Zalogowano/input_Mateusz Kowalski_messageInput'

2021-12-21 19:05:42 - [MESSAGE][PASSED] - Text 'd' is set on object 'Object Repository/Page_PSTO webMessenger - Zalogowano/input_Mateusz Kowalski_messageInput'

2021-12-21 19:05:42 - [TEST_STEP][PASSED] - click(findTestObject("Page_PSTO webMessenger - Zalogowano/img_Mateusz Kowalski_sendButton")): Object: 'Object Repository/Page_PSTO webMessenger - Zalogowano/img_Mateusz Kowalski_sendButton' is clicked on

2021-12-21 19:05:45 - [MESSAGE][PASSED] - Object: 'Object Repository/Page_PSTO webMessenger - Zalogowano/img_Mateusz Kowalski_sendButton' is clicked on

2021-12-21 19:05:45 - [TEST_STEP][PASSED] - setText(findTestObject("Page_PSTO webMessenger - Zalogowano/input_Mateusz Kowalski_messageInput"), "d"): Text 'd' is set on object 'Object Repository/Page_PSTO webMessenger - Zalogowano/input_Mateusz Kowalski_messageInput'

2021-12-21 19:05:49 - [MESSAGE][PASSED] - Text 'd' is set on object 'Object Repository/Page_PSTO webMessenger - Zalogowano/input_Mateusz Kowalski_messageInput'

2021-12-21 19:05:49 - [TEST_STEP][PASSED] - click(findTestObject("Page_PSTO webMessenger - Zalogowano/img_Mateusz Kowalski_sendButton")): Object: 'Object Repository/Page_PSTO webMessenger - Zalogowano/img_Mateusz Kowalski_sendButton' is clicked on

2021-12-21 19:05:51 - [MESSAGE][PASSED] - Object: 'Object Repository/Page_PSTO webMessenger - Zalogowano/img_Mateusz Kowalski_sendButton' is clicked on

2021-12-21 19:05:51 - [TEST_STEP][PASSED] - setText(findTestObject("Page_PSTO webMessenger - Zalogowano/input_Mateusz Kowalski_messageInput"), "d"): Text 'd' is set on object 'Object Repository/Page_PSTO webMessenger - Zalogowano/input_Mateusz Kowalski_messageInput'

2021-12-21 19:05:55 - [MESSAGE][PASSED] - Text 'd' is set on object 'Object Repository/Page_PSTO webMessenger - Zalogowano/input_Mateusz Kowalski_messageInput'

2021-12-21 19:05:55 - [TEST_STEP][PASSED] - click(findTestObject("Page_PSTO webMessenger - Zalogowano/img_Mateusz Kowalski_sendButton")): Object: 'Object Repository/Page_PSTO webMessenger - Zalogowano/img_Mateusz Kowalski_sendButton' is clicked on

2021-12-21 19:05:57 - [MESSAGE][PASSED] - Object: 'Object Repository/Page_PSTO webMessenger - Zalogowano/img_Mateusz Kowalski_sendButton' is clicked on

2021-12-21 19:05:57 - [TEST_STEP][PASSED] - setText(findTestObject("Page_PSTO webMessenger - Zalogowano/input_Mateusz Kowalski_messageInput"), "d"): Text 'd' is set on object 'Object Repository/Page_PSTO webMessenger - Zalogowano/input_Mateusz Kowalski_messageInput'

2021-12-21 19:06:02 - [MESSAGE][PASSED] - Text 'd' is set on object 'Object Repository/Page_PSTO webMessenger - Zalogowano/input_Mateusz Kowalski_messageInput'

2021-12-21 19:06:02 - [TEST_STEP][PASSED] - click(findTestObject("Page_PSTO webMessenger - Zalogowano/img_Mateusz Kowalski_sendButton")): Object: 'Object Repository/Page_PSTO webMessenger - Zalogowano/img_Mateusz Kowalski_sendButton' is clicked on

2021-12-21 19:06:05 - [MESSAGE][PASSED] - Object: 'Object Repository/Page_PSTO webMessenger - Zalogowano/img_Mateusz Kowalski_sendButton' is clicked on

2021-12-21 19:06:05 - [TEST_STEP][PASSED] - setText(findTestObject("Page_PSTO webMessenger - Zalogowano/input_Mateusz Kowalski_messageInput"), "d"): Text 'd' is set on object 'Object Repository/Page_PSTO webMessenger - Zalogowano/input_Mateusz Kowalski_messageInput'

2021-12-21 19:06:09 - [MESSAGE][PASSED] - Text 'd' is set on object 'Object Repository/Page_PSTO webMessenger - Zalogowano/input_Mateusz Kowalski_messageInput'

2021-12-21 19:06:09 - [TEST_STEP][PASSED] - click(findTestObject("Page_PSTO webMessenger - Zalogowano/img_Mateusz Kowalski_sendButton")): Object: 'Object Repository/Page_PSTO webMessenger - Zalogowano/img_Mateusz Kowalski_sendButton' is clicked on

2021-12-21 19:06:11 - [MESSAGE][PASSED] - Object: 'Object Repository/Page_PSTO webMessenger - Zalogowano/img_Mateusz Kowalski_sendButton' is clicked on

2021-12-21 19:06:11 - [TEST_STEP][PASSED] - setText(findTestObject("Page_PSTO webMessenger - Zalogowano/input_Mateusz Kowalski_messageInput"), "d"): Text 'd' is set on object 'Object Repository/Page_PSTO webMessenger - Zalogowano/input_Mateusz Kowalski_messageInput'

2021-12-21 19:06:15 - [MESSAGE][PASSED] - Text 'd' is set on object 'Object Repository/Page_PSTO webMessenger - Zalogowano/input_Mateusz Kowalski_messageInput'

2021-12-21 19:06:15 - [TEST_STEP][PASSED] - click(findTestObject("Page_PSTO webMessenger - Zalogowano/img_Mateusz Kowalski_sendButton")): Object: 'Object Repository/Page_PSTO webMessenger - Zalogowano/img_Mateusz Kowalski_sendButton' is clicked on

2021-12-21 19:06:17 - [MESSAGE][PASSED] - Object: 'Object Repository/Page_PSTO webMessenger - Zalogowano/img_Mateusz Kowalski_sendButton' is clicked on

2021-12-21 19:06:17 - [TEST_STEP][PASSED] - setText(findTestObject("Page_PSTO webMessenger - Zalogowano/input_Mateusz Kowalski_messageInput"), "d"): Text 'd' is set on object 'Object Repository/Page_PSTO webMessenger - Zalogowano/input_Mateusz Kowalski_messageInput'

2021-12-21 19:06:22 - [MESSAGE][PASSED] - Text 'd' is set on object 'Object Repository/Page_PSTO webMessenger - Zalogowano/input_Mateusz Kowalski_messageInput'

2021-12-21 19:06:22 - [TEST_STEP][PASSED] - click(findTestObject("Page_PSTO webMessenger - Zalogowano/img_Mateusz Kowalski_sendButton")): Object: 'Object Repository/Page_PSTO webMessenger - Zalogowano/img_Mateusz Kowalski_sendButton' is clicked on

2021-12-21 19:06:25 - [MESSAGE][PASSED] - Object: 'Object Repository/Page_PSTO webMessenger - Zalogowano/img_Mateusz Kowalski_sendButton' is clicked on

2021-12-21 19:06:25 - [TEST_STEP][PASSED] - setText(findTestObject("Page_PSTO webMessenger - Zalogowano/input_Mateusz Kowalski_messageInput"), "d"): Text 'd' is set on object 'Object Repository/Page_PSTO webMessenger - Zalogowano/input_Mateusz Kowalski_messageInput'

2021-12-21 19:06:29 - [MESSAGE][PASSED] - Text 'd' is set on object 'Object Repository/Page_PSTO webMessenger - Zalogowano/input_Mateusz Kowalski_messageInput'

2021-12-21 19:06:29 - [TEST_STEP][PASSED] - click(findTestObject("Page_PSTO webMessenger - Zalogowano/img_Mateusz Kowalski_sendButton")): Object: 'Object Repository/Page_PSTO webMessenger - Zalogowano/img_Mateusz Kowalski_sendButton' is clicked on

2021-12-21 19:06:31 - [MESSAGE][PASSED] - Object: 'Object Repository/Page_PSTO webMessenger - Zalogowano/img_Mateusz Kowalski_sendButton' is clicked on

2021-12-21 19:06:31 - [TEST_STEP][PASSED] - setText(findTestObject("Page_PSTO webMessenger - Zalogowano/input_Mateusz Kowalski_messageInput"), "d"): Text 'd' is set on object 'Object Repository/Page_PSTO webMessenger - Zalogowano/input_Mateusz Kowalski_messageInput'

2021-12-21 19:06:37 - [MESSAGE][PASSED] - Text 'd' is set on object 'Object Repository/Page_PSTO webMessenger - Zalogowano/input_Mateusz Kowalski_messageInput'

2021-12-21 19:06:37 - [TEST_STEP][PASSED] - click(findTestObject("Page_PSTO webMessenger - Zalogowano/img_Mateusz Kowalski_sendButton")): Object: 'Object Repository/Page_PSTO webMessenger - Zalogowano/img_Mateusz Kowalski_sendButton' is clicked on

2021-12-21 19:06:39 - [MESSAGE][PASSED] - Object: 'Object Repository/Page_PSTO webMessenger - Zalogowano/img_Mateusz Kowalski_sendButton' is clicked on

2021-12-21 19:06:39 - [TEST_STEP][PASSED] - setText(findTestObject("Page_PSTO webMessenger - Zalogowano/input_Mateusz Kowalski_messageInput"), "d"): Text 'd' is set on object 'Object Repository/Page_PSTO webMessenger - Zalogowano/input_Mateusz Kowalski_messageInput'

2021-12-21 19:06:43 - [MESSAGE][PASSED] - Text 'd' is set on object 'Object Repository/Page_PSTO webMessenger - Zalogowano/input_Mateusz Kowalski_messageInput'

2021-12-21 19:06:43 - [TEST_STEP][PASSED] - click(findTestObject("Page_PSTO webMessenger - Zalogowano/img_Mateusz Kowalski_sendButton")): Object: 'Object Repository/Page_PSTO webMessenger - Zalogowano/img_Mateusz Kowalski_sendButton' is clicked on

2021-12-21 19:06:45 - [MESSAGE][PASSED] - Object: 'Object Repository/Page_PSTO webMessenger - Zalogowano/img_Mateusz Kowalski_sendButton' is clicked on

2021-12-21 19:06:45 - [TEST_STEP][PASSED] - setText(findTestObject("Page_PSTO webMessenger - Zalogowano/input_Mateusz Kowalski_messageInput"), "d"): Text 'd' is set on object 'Object Repository/Page_PSTO webMessenger - Zalogowano/input_Mateusz Kowalski_messageInput'

2021-12-21 19:06:49 - [MESSAGE][PASSED] - Text 'd' is set on object 'Object Repository/Page_PSTO webMessenger - Zalogowano/input_Mateusz Kowalski_messageInput'

2021-12-21 19:06:49 - [TEST_STEP][PASSED] - click(findTestObject("Page_PSTO webMessenger - Zalogowano/img_Mateusz Kowalski_sendButton")): Object: 'Object Repository/Page_PSTO webMessenger - Zalogowano/img_Mateusz Kowalski_sendButton' is clicked on

2021-12-21 19:06:51 - [MESSAGE][PASSED] - Object: 'Object Repository/Page_PSTO webMessenger - Zalogowano/img_Mateusz Kowalski_sendButton' is clicked on

2021-12-21 19:06:51 - [TEST_STEP][PASSED] - setText(findTestObject("Page_PSTO webMessenger - Zalogowano/input_Mateusz Kowalski_messageInput"), "d"): Text 'd' is set on object 'Object Repository/Page_PSTO webMessenger - Zalogowano/input_Mateusz Kowalski_messageInput'

2021-12-21 19:06:57 - [MESSAGE][PASSED] - Text 'd' is set on object 'Object Repository/Page_PSTO webMessenger - Zalogowano/input_Mateusz Kowalski_messageInput'

2021-12-21 19:06:57 - [TEST_STEP][PASSED] - click(findTestObject("Page_PSTO webMessenger - Zalogowano/img_Mateusz Kowalski_sendButton")): Object: 'Object Repository/Page_PSTO webMessenger - Zalogowano/img_Mateusz Kowalski_sendButton' is clicked on

2021-12-21 19:07:00 - [MESSAGE][PASSED] - Object: 'Object Repository/Page_PSTO webMessenger - Zalogowano/img_Mateusz Kowalski_sendButton' is clicked on

2021-12-21 19:07:00 - [TEST_STEP][PASSED] - setText(findTestObject("Page_PSTO webMessenger - Zalogowano/input_Mateusz Kowalski_messageInput"), "d"): Text 'd' is set on object 'Object Repository/Page_PSTO webMessenger - Zalogowano/input_Mateusz Kowalski_messageInput'

2021-12-21 19:07:05 - [MESSAGE][PASSED] - Text 'd' is set on object 'Object Repository/Page_PSTO webMessenger - Zalogowano/input_Mateusz Kowalski_messageInput'

2021-12-21 19:07:05 - [TEST_STEP][PASSED] - click(findTestObject("Page_PSTO webMessenger - Zalogowano/img_Mateusz Kowalski_sendButton")): Object: 'Object Repository/Page_PSTO webMessenger - Zalogowano/img_Mateusz Kowalski_sendButton' is clicked on

2021-12-21 19:07:07 - [MESSAGE][PASSED] - Object: 'Object Repository/Page_PSTO webMessenger - Zalogowano/img_Mateusz Kowalski_sendButton' is clicked on

2021-12-21 19:07:07 - [TEST_STEP][PASSED] - setText(findTestObject("Page_PSTO webMessenger - Zalogowano/input_Mateusz Kowalski_messageInput"), "d"): Text 'd' is set on object 'Object Repository/Page_PSTO webMessenger - Zalogowano/input_Mateusz Kowalski_messageInput'

2021-12-21 19:07:11 - [MESSAGE][PASSED] - Text 'd' is set on object 'Object Repository/Page_PSTO webMessenger - Zalogowano/input_Mateusz Kowalski_messageInput'

2021-12-21 19:07:11 - [TEST_STEP][PASSED] - click(findTestObject("Page_PSTO webMessenger - Zalogowano/img_Mateusz Kowalski_sendButton")): Object: 'Object Repository/Page_PSTO webMessenger - Zalogowano/img_Mateusz Kowalski_sendButton' is clicked on

2021-12-21 19:07:15 - [MESSAGE][PASSED] - Object: 'Object Repository/Page_PSTO webMessenger - Zalogowano/img_Mateusz Kowalski_sendButton' is clicked on

2021-12-21 19:07:15 - [TEST_STEP][PASSED] - setText(findTestObject("Page_PSTO webMessenger - Zalogowano/input_Mateusz Kowalski_messageInput"), "d"): Text 'd' is set on object 'Object Repository/Page_PSTO webMessenger - Zalogowano/input_Mateusz Kowalski_messageInput'

2021-12-21 19:07:19 - [MESSAGE][PASSED] - Text 'd' is set on object 'Object Repository/Page_PSTO webMessenger - Zalogowano/input_Mateusz Kowalski_messageInput'

2021-12-21 19:07:19 - [TEST_STEP][PASSED] - click(findTestObject("Page_PSTO webMessenger - Zalogowano/img_Mateusz Kowalski_sendButton")): Object: 'Object Repository/Page_PSTO webMessenger - Zalogowano/img_Mateusz Kowalski_sendButton' is clicked on

2021-12-21 19:07:21 - [MESSAGE][PASSED] - Object: 'Object Repository/Page_PSTO webMessenger - Zalogowano/img_Mateusz Kowalski_sendButton' is clicked on

2021-12-21 19:07:21 - [TEST_STEP][PASSED] - setText(findTestObject("Page_PSTO webMessenger - Zalogowano/input_Mateusz Kowalski_messageInput"), "d"): Text 'd' is set on object 'Object Repository/Page_PSTO webMessenger - Zalogowano/input_Mateusz Kowalski_messageInput'

2021-12-21 19:07:27 - [MESSAGE][PASSED] - Text 'd' is set on object 'Object Repository/Page_PSTO webMessenger - Zalogowano/input_Mateusz Kowalski_messageInput'

2021-12-21 19:07:27 - [TEST_STEP][PASSED] - click(findTestObject("Page_PSTO webMessenger - Zalogowano/img_Mateusz Kowalski_sendButton")): Object: 'Object Repository/Page_PSTO webMessenger - Zalogowano/img_Mateusz Kowalski_sendButton' is clicked on

2021-12-21 19:07:30 - [MESSAGE][PASSED] - Object: 'Object Repository/Page_PSTO webMessenger - Zalogowano/img_Mateusz Kowalski_sendButton' is clicked on

2021-12-21 19:07:30 - [TEST_STEP][PASSED] - setText(findTestObject("Page_PSTO webMessenger - Zalogowano/input_Mateusz Kowalski_messageInput"), "d"): Text 'd' is set on object 'Object Repository/Page_PSTO webMessenger - Zalogowano/input_Mateusz Kowalski_messageInput'

2021-12-21 19:07:36 - [MESSAGE][PASSED] - Text 'd' is set on object 'Object Repository/Page_PSTO webMessenger - Zalogowano/input_Mateusz Kowalski_messageInput'

2021-12-21 19:07:36 - [TEST_STEP][PASSED] - click(findTestObject("Page_PSTO webMessenger - Zalogowano/img_Mateusz Kowalski_sendButton")): Object: 'Object Repository/Page_PSTO webMessenger - Zalogowano/img_Mateusz Kowalski_sendButton' is clicked on

2021-12-21 19:07:40 - [MESSAGE][PASSED] - Object: 'Object Repository/Page_PSTO webMessenger - Zalogowano/img_Mateusz Kowalski_sendButton' is clicked on

2021-12-21 19:07:40 - [TEST_STEP][PASSED] - setText(findTestObject("Page_PSTO webMessenger - Zalogowano/input_Mateusz Kowalski_messageInput"), "d"): Text 'd' is set on object 'Object Repository/Page_PSTO webMessenger - Zalogowano/input_Mateusz Kowalski_messageInput'

2021-12-21 19:07:45 - [MESSAGE][PASSED] - Text 'd' is set on object 'Object Repository/Page_PSTO webMessenger - Zalogowano/input_Mateusz Kowalski_messageInput'

2021-12-21 19:07:45 - [TEST_STEP][PASSED] - click(findTestObject("Page_PSTO webMessenger - Zalogowano/img_Mateusz Kowalski_sendButton")): Object: 'Object Repository/Page_PSTO webMessenger - Zalogowano/img_Mateusz Kowalski_sendButton' is clicked on

2021-12-21 19:07:48 - [MESSAGE][PASSED] - Object: 'Object Repository/Page_PSTO webMessenger - Zalogowano/img_Mateusz Kowalski_sendButton' is clicked on

2021-12-21 19:07:48 - [TEST_STEP][PASSED] - setText(findTestObject("Page_PSTO webMessenger - Zalogowano/input_Mateusz Kowalski_messageInput"), "d"): Text 'd' is set on object 'Object Repository/Page_PSTO webMessenger - Zalogowano/input_Mateusz Kowalski_messageInput'

2021-12-21 19:07:55 - [MESSAGE][PASSED] - Text 'd' is set on object 'Object Repository/Page_PSTO webMessenger - Zalogowano/input_Mateusz Kowalski_messageInput'

2021-12-21 19:07:55 - [TEST_STEP][PASSED] - click(findTestObject("Page_PSTO webMessenger - Zalogowano/img_Mateusz Kowalski_sendButton")): Object: 'Object Repository/Page_PSTO webMessenger - Zalogowano/img_Mateusz Kowalski_sendButton' is clicked on

2021-12-21 19:07:57 - [MESSAGE][PASSED] - Object: 'Object Repository/Page_PSTO webMessenger - Zalogowano/img_Mateusz Kowalski_sendButton' is clicked on

2021-12-21 19:07:57 - [TEST_STEP][PASSED] - setText(findTestObject("Page_PSTO webMessenger - Zalogowano/input_Mateusz Kowalski_messageInput"), "d"): Text 'd' is set on object 'Object Repository/Page_PSTO webMessenger - Zalogowano/input_Mateusz Kowalski_messageInput'

2021-12-21 19:08:02 - [MESSAGE][PASSED] - Text 'd' is set on object 'Object Repository/Page_PSTO webMessenger - Zalogowano/input_Mateusz Kowalski_messageInput'

2021-12-21 19:08:02 - [TEST_STEP][PASSED] - click(findTestObject("Page_PSTO webMessenger - Zalogowano/img_Mateusz Kowalski_sendButton")): Object: 'Object Repository/Page_PSTO webMessenger - Zalogowano/img_Mateusz Kowalski_sendButton' is clicked on

2021-12-21 19:08:05 - [MESSAGE][PASSED] - Object: 'Object Repository/Page_PSTO webMessenger - Zalogowano/img_Mateusz Kowalski_sendButton' is clicked on

2021-12-21 19:08:05 - [TEST_STEP][PASSED] - setText(findTestObject("Page_PSTO webMessenger - Zalogowano/input_Mateusz Kowalski_messageInput"), "d"): Text 'd' is set on object 'Object Repository/Page_PSTO webMessenger - Zalogowano/input_Mateusz Kowalski_messageInput'

2021-12-21 19:08:09 - [MESSAGE][PASSED] - Text 'd' is set on object 'Object Repository/Page_PSTO webMessenger - Zalogowano/input_Mateusz Kowalski_messageInput'

2021-12-21 19:08:09 - [TEST_STEP][PASSED] - click(findTestObject("Page_PSTO webMessenger - Zalogowano/img_Mateusz Kowalski_sendButton")): Object: 'Object Repository/Page_PSTO webMessenger - Zalogowano/img_Mateusz Kowalski_sendButton' is clicked on

2021-12-21 19:08:11 - [MESSAGE][PASSED] - Object: 'Object Repository/Page_PSTO webMessenger - Zalogowano/img_Mateusz Kowalski_sendButton' is clicked on

2021-12-21 19:08:11 - [TEST_STEP][PASSED] - setText(findTestObject("Page_PSTO webMessenger - Zalogowano/input_Mateusz Kowalski_messageInput"), "d"): Text 'd' is set on object 'Object Repository/Page_PSTO webMessenger - Zalogowano/input_Mateusz Kowalski_messageInput'

2021-12-21 19:08:17 - [MESSAGE][PASSED] - Text 'd' is set on object 'Object Repository/Page_PSTO webMessenger - Zalogowano/input_Mateusz Kowalski_messageInput'

2021-12-21 19:08:17 - [TEST_STEP][PASSED] - click(findTestObject("Page_PSTO webMessenger - Zalogowano/img_Mateusz Kowalski_sendButton")): Object: 'Object Repository/Page_PSTO webMessenger - Zalogowano/img_Mateusz Kowalski_sendButton' is clicked on

2021-12-21 19:08:20 - [MESSAGE][PASSED] - Object: 'Object Repository/Page_PSTO webMessenger - Zalogowano/img_Mateusz Kowalski_sendButton' is clicked on

2021-12-21 19:08:20 - [TEST_STEP][PASSED] - setText(findTestObject("Page_PSTO webMessenger - Zalogowano/input_Mateusz Kowalski_messageInput"), "d"): Text 'd' is set on object 'Object Repository/Page_PSTO webMessenger - Zalogowano/input_Mateusz Kowalski_messageInput'

2021-12-21 19:08:25 - [MESSAGE][PASSED] - Text 'd' is set on object 'Object Repository/Page_PSTO webMessenger - Zalogowano/input_Mateusz Kowalski_messageInput'

2021-12-21 19:08:25 - [TEST_STEP][PASSED] - click(findTestObject("Page_PSTO webMessenger - Zalogowano/img_Mateusz Kowalski_sendButton")): Object: 'Object Repository/Page_PSTO webMessenger - Zalogowano/img_Mateusz Kowalski_sendButton' is clicked on

2021-12-21 19:08:27 - [MESSAGE][PASSED] - Object: 'Object Repository/Page_PSTO webMessenger - Zalogowano/img_Mateusz Kowalski_sendButton' is clicked on

2021-12-21 19:08:27 - [TEST_STEP][PASSED] - setText(findTestObject("Page_PSTO webMessenger - Zalogowano/input_Mateusz Kowalski_messageInput"), "d"): Text 'd' is set on object 'Object Repository/Page_PSTO webMessenger - Zalogowano/input_Mateusz Kowalski_messageInput'

2021-12-21 19:08:32 - [MESSAGE][PASSED] - Text 'd' is set on object 'Object Repository/Page_PSTO webMessenger - Zalogowano/input_Mateusz Kowalski_messageInput'

2021-12-21 19:08:32 - [TEST_STEP][PASSED] - click(findTestObject("Page_PSTO webMessenger - Zalogowano/img_Mateusz Kowalski_sendButton")): Object: 'Object Repository/Page_PSTO webMessenger - Zalogowano/img_Mateusz Kowalski_sendButton' is clicked on

2021-12-21 19:08:35 - [MESSAGE][PASSED] - Object: 'Object Repository/Page_PSTO webMessenger - Zalogowano/img_Mateusz Kowalski_sendButton' is clicked on

2021-12-21 19:08:35 - [TEST_STEP][PASSED] - setText(findTestObject("Page_PSTO webMessenger - Zalogowano/input_Mateusz Kowalski_messageInput"), "d"): Text 'd' is set on object 'Object Repository/Page_PSTO webMessenger - Zalogowano/input_Mateusz Kowalski_messageInput'

2021-12-21 19:08:39 - [MESSAGE][PASSED] - Text 'd' is set on object 'Object Repository/Page_PSTO webMessenger - Zalogowano/input_Mateusz Kowalski_messageInput'

2021-12-21 19:08:39 - [TEST_STEP][PASSED] - click(findTestObject("Page_PSTO webMessenger - Zalogowano/img_Mateusz Kowalski_sendButton")): Object: 'Object Repository/Page_PSTO webMessenger - Zalogowano/img_Mateusz Kowalski_sendButton' is clicked on

2021-12-21 19:08:41 - [MESSAGE][PASSED] - Object: 'Object Repository/Page_PSTO webMessenger - Zalogowano/img_Mateusz Kowalski_sendButton' is clicked on

2021-12-21 19:08:41 - [TEST_STEP][PASSED] - setText(findTestObject("Page_PSTO webMessenger - Zalogowano/input_Mateusz Kowalski_messageInput"), "d"): Text 'd' is set on object 'Object Repository/Page_PSTO webMessenger - Zalogowano/input_Mateusz Kowalski_messageInput'

2021-12-21 19:08:47 - [MESSAGE][PASSED] - Text 'd' is set on object 'Object Repository/Page_PSTO webMessenger - Zalogowano/input_Mateusz Kowalski_messageInput'

2021-12-21 19:08:47 - [TEST_STEP][PASSED] - click(findTestObject("Page_PSTO webMessenger - Zalogowano/img_Mateusz Kowalski_sendButton")): Object: 'Object Repository/Page_PSTO webMessenger - Zalogowano/img_Mateusz Kowalski_sendButton' is clicked on

2021-12-21 19:08:50 - [MESSAGE][PASSED] - Object: 'Object Repository/Page_PSTO webMessenger - Zalogowano/img_Mateusz Kowalski_sendButton' is clicked on

2021-12-21 19:08:50 - [TEST_STEP][PASSED] - setText(findTestObject("Page_PSTO webMessenger - Zalogowano/input_Mateusz Kowalski_messageInput"), "d"): Text 'd' is set on object 'Object Repository/Page_PSTO webMessenger - Zalogowano/input_Mateusz Kowalski_messageInput'

2021-12-21 19:08:54 - [MESSAGE][PASSED] - Text 'd' is set on object 'Object Repository/Page_PSTO webMessenger - Zalogowano/input_Mateusz Kowalski_messageInput'

2021-12-21 19:08:54 - [TEST_STEP][PASSED] - click(findTestObject("Page_PSTO webMessenger - Zalogowano/img_Mateusz Kowalski_sendButton")): Object: 'Object Repository/Page_PSTO webMessenger - Zalogowano/img_Mateusz Kowalski_sendButton' is clicked on

2021-12-21 19:08:56 - [MESSAGE][PASSED] - Object: 'Object Repository/Page_PSTO webMessenger - Zalogowano/img_Mateusz Kowalski_sendButton' is clicked on

2021-12-21 19:08:56 - [TEST_STEP][PASSED] - setText(findTestObject("Page_PSTO webMessenger - Zalogowano/input_Mateusz Kowalski_messageInput"), "d"): Text 'd' is set on object 'Object Repository/Page_PSTO webMessenger - Zalogowano/input_Mateusz Kowalski_messageInput'

2021-12-21 19:09:01 - [MESSAGE][PASSED] - Text 'd' is set on object 'Object Repository/Page_PSTO webMessenger - Zalogowano/input_Mateusz Kowalski_messageInput'

2021-12-21 19:09:01 - [TEST_STEP][PASSED] - click(findTestObject("Page_PSTO webMessenger - Zalogowano/img_Mateusz Kowalski_sendButton")): Object: 'Object Repository/Page_PSTO webMessenger - Zalogowano/img_Mateusz Kowalski_sendButton' is clicked on

2021-12-21 19:09:03 - [MESSAGE][PASSED] - Object: 'Object Repository/Page_PSTO webMessenger - Zalogowano/img_Mateusz Kowalski_sendButton' is clicked on

2021-12-21 19:09:03 - [TEST_STEP][PASSED] - setText(findTestObject("Page_PSTO webMessenger - Zalogowano/input_Mateusz Kowalski_messageInput"), "d"): Text 'd' is set on object 'Object Repository/Page_PSTO webMessenger - Zalogowano/input_Mateusz Kowalski_messageInput'

2021-12-21 19:09:07 - [MESSAGE][PASSED] - Text 'd' is set on object 'Object Repository/Page_PSTO webMessenger - Zalogowano/input_Mateusz Kowalski_messageInput'

2021-12-21 19:09:07 - [TEST_STEP][PASSED] - click(findTestObject("Page_PSTO webMessenger - Zalogowano/img_Mateusz Kowalski_sendButton")): Object: 'Object Repository/Page_PSTO webMessenger - Zalogowano/img_Mateusz Kowalski_sendButton' is clicked on

2021-12-21 19:09:10 - [MESSAGE][PASSED] - Object: 'Object Repository/Page_PSTO webMessenger - Zalogowano/img_Mateusz Kowalski_sendButton' is clicked on

2021-12-21 19:09:10 - [TEST_STEP][PASSED] - setText(findTestObject("Page_PSTO webMessenger - Zalogowano/input_Mateusz Kowalski_messageInput"), "d"): Text 'd' is set on object 'Object Repository/Page_PSTO webMessenger - Zalogowano/input_Mateusz Kowalski_messageInput'

2021-12-21 19:09:15 - [MESSAGE][PASSED] - Text 'd' is set on object 'Object Repository/Page_PSTO webMessenger - Zalogowano/input_Mateusz Kowalski_messageInput'

2021-12-21 19:09:15 - [TEST_STEP][PASSED] - click(findTestObject("Page_PSTO webMessenger - Zalogowano/img_Mateusz Kowalski_sendButton")): Object: 'Object Repository/Page_PSTO webMessenger - Zalogowano/img_Mateusz Kowalski_sendButton' is clicked on

2021-12-21 19:09:17 - [MESSAGE][PASSED] - Object: 'Object Repository/Page_PSTO webMessenger - Zalogowano/img_Mateusz Kowalski_sendButton' is clicked on

2021-12-21 19:09:17 - [TEST_STEP][PASSED] - setText(findTestObject("Page_PSTO webMessenger - Zalogowano/input_Mateusz Kowalski_messageInput"), "d"): Text 'd' is set on object 'Object Repository/Page_PSTO webMessenger - Zalogowano/input_Mateusz Kowalski_messageInput'

2021-12-21 19:09:22 - [MESSAGE][PASSED] - Text 'd' is set on object 'Object Repository/Page_PSTO webMessenger - Zalogowano/input_Mateusz Kowalski_messageInput'

2021-12-21 19:09:22 - [TEST_STEP][PASSED] - click(findTestObject("Page_PSTO webMessenger - Zalogowano/img_Mateusz Kowalski_sendButton")): Object: 'Object Repository/Page_PSTO webMessenger - Zalogowano/img_Mateusz Kowalski_sendButton' is clicked on

2021-12-21 19:09:25 - [MESSAGE][PASSED] - Object: 'Object Repository/Page_PSTO webMessenger - Zalogowano/img_Mateusz Kowalski_sendButton' is clicked on

2021-12-21 19:09:25 - [TEST_STEP][PASSED] - setText(findTestObject("Page_PSTO webMessenger - Zalogowano/input_Mateusz Kowalski_messageInput"), "d"): Text 'd' is set on object 'Object Repository/Page_PSTO webMessenger - Zalogowano/input_Mateusz Kowalski_messageInput'

2021-12-21 19:09:29 - [MESSAGE][PASSED] - Text 'd' is set on object 'Object Repository/Page_PSTO webMessenger - Zalogowano/input_Mateusz Kowalski_messageInput'

2021-12-21 19:09:29 - [TEST_STEP][PASSED] - click(findTestObject("Page_PSTO webMessenger - Zalogowano/img_Mateusz Kowalski_sendButton")): Object: 'Object Repository/Page_PSTO webMessenger - Zalogowano/img_Mateusz Kowalski_sendButton' is clicked on

2021-12-21 19:09:31 - [MESSAGE][PASSED] - Object: 'Object Repository/Page_PSTO webMessenger - Zalogowano/img_Mateusz Kowalski_sendButton' is clicked on

2021-12-21 19:09:31 - [TEST_STEP][PASSED] - setText(findTestObject("Page_PSTO webMessenger - Zalogowano/input_Mateusz Kowalski_messageInput"), "d"): Text 'd' is set on object 'Object Repository/Page_PSTO webMessenger - Zalogowano/input_Mateusz Kowalski_messageInput'

2021-12-21 19:09:35 - [MESSAGE][PASSED] - Text 'd' is set on object 'Object Repository/Page_PSTO webMessenger - Zalogowano/input_Mateusz Kowalski_messageInput'

2021-12-21 19:09:35 - [TEST_STEP][PASSED] - click(findTestObject("Page_PSTO webMessenger - Zalogowano/img_Mateusz Kowalski_sendButton")): Object: 'Object Repository/Page_PSTO webMessenger - Zalogowano/img_Mateusz Kowalski_sendButton' is clicked on

2021-12-21 19:09:37 - [MESSAGE][PASSED] - Object: 'Object Repository/Page_PSTO webMessenger - Zalogowano/img_Mateusz Kowalski_sendButton' is clicked on

2021-12-21 19:09:37 - [TEST_STEP][PASSED] - setText(findTestObject("Page_PSTO webMessenger - Zalogowano/input_Mateusz Kowalski_messageInput"), "d"): Text 'd' is set on object 'Object Repository/Page_PSTO webMessenger - Zalogowano/input_Mateusz Kowalski_messageInput'

2021-12-21 19:09:42 - [MESSAGE][PASSED] - Text 'd' is set on object 'Object Repository/Page_PSTO webMessenger - Zalogowano/input_Mateusz Kowalski_messageInput'

2021-12-21 19:09:42 - [TEST_STEP][PASSED] - click(findTestObject("Page_PSTO webMessenger - Zalogowano/img_Mateusz Kowalski_sendButton")): Object: 'Object Repository/Page_PSTO webMessenger - Zalogowano/img_Mateusz Kowalski_sendButton' is clicked on

2021-12-21 19:09:45 - [MESSAGE][PASSED] - Object: 'Object Repository/Page_PSTO webMessenger - Zalogowano/img_Mateusz Kowalski_sendButton' is clicked on

2021-12-21 19:09:45 - [TEST_STEP][PASSED] - setText(findTestObject("Page_PSTO webMessenger - Zalogowano/input_Mateusz Kowalski_messageInput"), "d"): Text 'd' is set on object 'Object Repository/Page_PSTO webMessenger - Zalogowano/input_Mateusz Kowalski_messageInput'

2021-12-21 19:09:50 - [MESSAGE][PASSED] - Text 'd' is set on object 'Object Repository/Page_PSTO webMessenger - Zalogowano/input_Mateusz Kowalski_messageInput'

2021-12-21 19:09:50 - [TEST_STEP][PASSED] - click(findTestObject("Page_PSTO webMessenger - Zalogowano/img_Mateusz Kowalski_sendButton")): Object: 'Object Repository/Page_PSTO webMessenger - Zalogowano/img_Mateusz Kowalski_sendButton' is clicked on

2021-12-21 19:09:52 - [MESSAGE][PASSED] - Object: 'Object Repository/Page_PSTO webMessenger - Zalogowano/img_Mateusz Kowalski_sendButton' is clicked on

2021-12-21 19:09:52 - [TEST_STEP][PASSED] - setText(findTestObject("Page_PSTO webMessenger - Zalogowano/input_Mateusz Kowalski_messageInput"), "d"): Text 'd' is set on object 'Object Repository/Page_PSTO webMessenger - Zalogowano/input_Mateusz Kowalski_messageInput'

2021-12-21 19:09:57 - [MESSAGE][PASSED] - Text 'd' is set on object 'Object Repository/Page_PSTO webMessenger - Zalogowano/input_Mateusz Kowalski_messageInput'

2021-12-21 19:09:57 - [TEST_STEP][PASSED] - click(findTestObject("Page_PSTO webMessenger - Zalogowano/img_Mateusz Kowalski_sendButton")): Object: 'Object Repository/Page_PSTO webMessenger - Zalogowano/img_Mateusz Kowalski_sendButton' is clicked on

2021-12-21 19:10:00 - [MESSAGE][PASSED] - Object: 'Object Repository/Page_PSTO webMessenger - Zalogowano/img_Mateusz Kowalski_sendButton' is clicked on

2021-12-21 19:10:00 - [TEST_STEP][PASSED] - setText(findTestObject("Page_PSTO webMessenger - Zalogowano/input_Mateusz Kowalski_messageInput"), "d"): Text 'd' is set on object 'Object Repository/Page_PSTO webMessenger - Zalogowano/input_Mateusz Kowalski_messageInput'

2021-12-21 19:10:04 - [MESSAGE][PASSED] - Text 'd' is set on object 'Object Repository/Page_PSTO webMessenger - Zalogowano/input_Mateusz Kowalski_messageInput'

2021-12-21 19:10:04 - [TEST_STEP][PASSED] - click(findTestObject("Page_PSTO webMessenger - Zalogowano/img_Mateusz Kowalski_sendButton")): Object: 'Object Repository/Page_PSTO webMessenger - Zalogowano/img_Mateusz Kowalski_sendButton' is clicked on

2021-12-21 19:10:06 - [MESSAGE][PASSED] - Object: 'Object Repository/Page_PSTO webMessenger - Zalogowano/img_Mateusz Kowalski_sendButton' is clicked on

2021-12-21 19:10:06 - [TEST_STEP][PASSED] - setText(findTestObject("Page_PSTO webMessenger - Zalogowano/input_Mateusz Kowalski_messageInput"), "d"): Text 'd' is set on object 'Object Repository/Page_PSTO webMessenger - Zalogowano/input_Mateusz Kowalski_messageInput'

2021-12-21 19:10:10 - [MESSAGE][PASSED] - Text 'd' is set on object 'Object Repository/Page_PSTO webMessenger - Zalogowano/input_Mateusz Kowalski_messageInput'

2021-12-21 19:10:10 - [TEST_STEP][PASSED] - click(findTestObject("Page_PSTO webMessenger - Zalogowano/img_Mateusz Kowalski_sendButton")): Object: 'Object Repository/Page_PSTO webMessenger - Zalogowano/img_Mateusz Kowalski_sendButton' is clicked on

2021-12-21 19:10:12 - [MESSAGE][PASSED] - Object: 'Object Repository/Page_PSTO webMessenger - Zalogowano/img_Mateusz Kowalski_sendButton' is clicked on

2021-12-21 19:10:12 - [TEST_STEP][PASSED] - setText(findTestObject("Page_PSTO webMessenger - Zalogowano/input_Mateusz Kowalski_messageInput"), "d"): Text 'd' is set on object 'Object Repository/Page_PSTO webMessenger - Zalogowano/input_Mateusz Kowalski_messageInput'

2021-12-21 19:10:16 - [MESSAGE][PASSED] - Text 'd' is set on object 'Object Repository/Page_PSTO webMessenger - Zalogowano/input_Mateusz Kowalski_messageInput'

2021-12-21 19:10:16 - [TEST_STEP][PASSED] - click(findTestObject("Page_PSTO webMessenger - Zalogowano/img_Mateusz Kowalski_sendButton")): Object: 'Object Repository/Page_PSTO webMessenger - Zalogowano/img_Mateusz Kowalski_sendButton' is clicked on

2021-12-21 19:10:18 - [MESSAGE][PASSED] - Object: 'Object Repository/Page_PSTO webMessenger - Zalogowano/img_Mateusz Kowalski_sendButton' is clicked on

2021-12-21 19:10:18 - [TEST_STEP][PASSED] - setText(findTestObject("Page_PSTO webMessenger - Zalogowano/input_Mateusz Kowalski_messageInput"), "d"): Text 'd' is set on object 'Object Repository/Page_PSTO webMessenger - Zalogowano/input_Mateusz Kowalski_messageInput'

2021-12-21 19:10:22 - [MESSAGE][PASSED] - Text 'd' is set on object 'Object Repository/Page_PSTO webMessenger - Zalogowano/input_Mateusz Kowalski_messageInput'

2021-12-21 19:10:22 - [TEST_STEP][PASSED] - click(findTestObject("Page_PSTO webMessenger - Zalogowano/img_Mateusz Kowalski_sendButton")): Object: 'Object Repository/Page_PSTO webMessenger - Zalogowano/img_Mateusz Kowalski_sendButton' is clicked on

2021-12-21 19:10:24 - [MESSAGE][PASSED] - Object: 'Object Repository/Page_PSTO webMessenger - Zalogowano/img_Mateusz Kowalski_sendButton' is clicked on

2021-12-21 19:10:24 - [TEST_STEP][PASSED] - setText(findTestObject("Page_PSTO webMessenger - Zalogowano/input_Mateusz Kowalski_messageInput"), "d"): Text 'd' is set on object 'Object Repository/Page_PSTO webMessenger - Zalogowano/input_Mateusz Kowalski_messageInput'

2021-12-21 19:10:28 - [MESSAGE][PASSED] - Text 'd' is set on object 'Object Repository/Page_PSTO webMessenger - Zalogowano/input_Mateusz Kowalski_messageInput'

2021-12-21 19:10:28 - [TEST_STEP][PASSED] - click(findTestObject("Page_PSTO webMessenger - Zalogowano/img_Mateusz Kowalski_sendButton")): Object: 'Object Repository/Page_PSTO webMessenger - Zalogowano/img_Mateusz Kowalski_sendButton' is clicked on

2021-12-21 19:10:30 - [MESSAGE][PASSED] - Object: 'Object Repository/Page_PSTO webMessenger - Zalogowano/img_Mateusz Kowalski_sendButton' is clicked on

2021-12-21 19:10:30 - [TEST_STEP][PASSED] - setText(findTestObject("Page_PSTO webMessenger - Zalogowano/input_Mateusz Kowalski_messageInput"), "d"): Text 'd' is set on object 'Object Repository/Page_PSTO webMessenger - Zalogowano/input_Mateusz Kowalski_messageInput'

2021-12-21 19:10:34 - [MESSAGE][PASSED] - Text 'd' is set on object 'Object Repository/Page_PSTO webMessenger - Zalogowano/input_Mateusz Kowalski_messageInput'

2021-12-21 19:10:34 - [TEST_STEP][PASSED] - click(findTestObject("Page_PSTO webMessenger - Zalogowano/img_Mateusz Kowalski_sendButton")): Object: 'Object Repository/Page_PSTO webMessenger - Zalogowano/img_Mateusz Kowalski_sendButton' is clicked on

2021-12-21 19:10:36 - [MESSAGE][PASSED] - Object: 'Object Repository/Page_PSTO webMessenger - Zalogowano/img_Mateusz Kowalski_sendButton' is clicked on

2021-12-21 19:10:36 - [TEST_STEP][PASSED] - setText(findTestObject("Page_PSTO webMessenger - Zalogowano/input_Mateusz Kowalski_messageInput"), "d"): Text 'd' is set on object 'Object Repository/Page_PSTO webMessenger - Zalogowano/input_Mateusz Kowalski_messageInput'

2021-12-21 19:10:40 - [MESSAGE][PASSED] - Text 'd' is set on object 'Object Repository/Page_PSTO webMessenger - Zalogowano/input_Mateusz Kowalski_messageInput'

2021-12-21 19:10:40 - [TEST_STEP][PASSED] - click(findTestObject("Page_PSTO webMessenger - Zalogowano/img_Mateusz Kowalski_sendButton")): Object: 'Object Repository/Page_PSTO webMessenger - Zalogowano/img_Mateusz Kowalski_sendButton' is clicked on

2021-12-21 19:10:42 - [MESSAGE][PASSED] - Object: 'Object Repository/Page_PSTO webMessenger - Zalogowano/img_Mateusz Kowalski_sendButton' is clicked on

2021-12-21 19:10:42 - [TEST_STEP][PASSED] - setText(findTestObject("Page_PSTO webMessenger - Zalogowano/input_Mateusz Kowalski_messageInput"), "d"): Text 'd' is set on object 'Object Repository/Page_PSTO webMessenger - Zalogowano/input_Mateusz Kowalski_messageInput'

2021-12-21 19:10:46 - [MESSAGE][PASSED] - Text 'd' is set on object 'Object Repository/Page_PSTO webMessenger - Zalogowano/input_Mateusz Kowalski_messageInput'

2021-12-21 19:10:46 - [TEST_STEP][PASSED] - click(findTestObject("Page_PSTO webMessenger - Zalogowano/img_Mateusz Kowalski_sendButton")): Object: 'Object Repository/Page_PSTO webMessenger - Zalogowano/img_Mateusz Kowalski_sendButton' is clicked on

2021-12-21 19:10:48 - [MESSAGE][PASSED] - Object: 'Object Repository/Page_PSTO webMessenger - Zalogowano/img_Mateusz Kowalski_sendButton' is clicked on

2021-12-21 19:10:48 - [TEST_STEP][PASSED] - setText(findTestObject("Page_PSTO webMessenger - Zalogowano/input_Mateusz Kowalski_messageInput"), "d"): Text 'd' is set on object 'Object Repository/Page_PSTO webMessenger - Zalogowano/input_Mateusz Kowalski_messageInput'

2021-12-21 19:10:52 - [MESSAGE][PASSED] - Text 'd' is set on object 'Object Repository/Page_PSTO webMessenger - Zalogowano/input_Mateusz Kowalski_messageInput'

2021-12-21 19:10:52 - [TEST_STEP][PASSED] - click(findTestObject("Page_PSTO webMessenger - Zalogowano/img_Mateusz Kowalski_sendButton")): Object: 'Object Repository/Page_PSTO webMessenger - Zalogowano/img_Mateusz Kowalski_sendButton' is clicked on

2021-12-21 19:10:54 - [MESSAGE][PASSED] - Object: 'Object Repository/Page_PSTO webMessenger - Zalogowano/img_Mateusz Kowalski_sendButton' is clicked on

2021-12-21 19:10:54 - [TEST_STEP][PASSED] - setText(findTestObject("Page_PSTO webMessenger - Zalogowano/input_Mateusz Kowalski_messageInput"), "d"): Text 'd' is set on object 'Object Repository/Page_PSTO webMessenger - Zalogowano/input_Mateusz Kowalski_messageInput'

2021-12-21 19:10:58 - [MESSAGE][PASSED] - Text 'd' is set on object 'Object Repository/Page_PSTO webMessenger - Zalogowano/input_Mateusz Kowalski_messageInput'

2021-12-21 19:10:58 - [TEST_STEP][PASSED] - click(findTestObject("Page_PSTO webMessenger - Zalogowano/img_Mateusz Kowalski_sendButton")): Object: 'Object Repository/Page_PSTO webMessenger - Zalogowano/img_Mateusz Kowalski_sendButton' is clicked on

2021-12-21 19:11:00 - [MESSAGE][PASSED] - Object: 'Object Repository/Page_PSTO webMessenger - Zalogowano/img_Mateusz Kowalski_sendButton' is clicked on

2021-12-21 19:11:00 - [TEST_STEP][PASSED] - setText(findTestObject("Page_PSTO webMessenger - Zalogowano/input_Mateusz Kowalski_messageInput"), "d"): Text 'd' is set on object 'Object Repository/Page_PSTO webMessenger - Zalogowano/input_Mateusz Kowalski_messageInput'

2021-12-21 19:11:04 - [MESSAGE][PASSED] - Text 'd' is set on object 'Object Repository/Page_PSTO webMessenger - Zalogowano/input_Mateusz Kowalski_messageInput'

2021-12-21 19:11:04 - [TEST_STEP][PASSED] - click(findTestObject("Page_PSTO webMessenger - Zalogowano/img_Mateusz Kowalski_sendButton")): Object: 'Object Repository/Page_PSTO webMessenger - Zalogowano/img_Mateusz Kowalski_sendButton' is clicked on

2021-12-21 19:11:06 - [MESSAGE][PASSED] - Object: 'Object Repository/Page_PSTO webMessenger - Zalogowano/img_Mateusz Kowalski_sendButton' is clicked on

2021-12-21 19:11:06 - [TEST_STEP][PASSED] - setText(findTestObject("Page_PSTO webMessenger - Zalogowano/input_Mateusz Kowalski_messageInput"), "d"): Text 'd' is set on object 'Object Repository/Page_PSTO webMessenger - Zalogowano/input_Mateusz Kowalski_messageInput'

2021-12-21 19:11:10 - [MESSAGE][PASSED] - Text 'd' is set on object 'Object Repository/Page_PSTO webMessenger - Zalogowano/input_Mateusz Kowalski_messageInput'

2021-12-21 19:11:10 - [TEST_STEP][PASSED] - click(findTestObject("Page_PSTO webMessenger - Zalogowano/img_Mateusz Kowalski_sendButton")): Object: 'Object Repository/Page_PSTO webMessenger - Zalogowano/img_Mateusz Kowalski_sendButton' is clicked on

2021-12-21 19:11:12 - [MESSAGE][PASSED] - Object: 'Object Repository/Page_PSTO webMessenger - Zalogowano/img_Mateusz Kowalski_sendButton' is clicked on

2021-12-21 19:11:12 - [TEST_STEP][PASSED] - setText(findTestObject("Page_PSTO webMessenger - Zalogowano/input_Mateusz Kowalski_messageInput"), "d"): Text 'd' is set on object 'Object Repository/Page_PSTO webMessenger - Zalogowano/input_Mateusz Kowalski_messageInput'

2021-12-21 19:11:16 - [MESSAGE][PASSED] - Text 'd' is set on object 'Object Repository/Page_PSTO webMessenger - Zalogowano/input_Mateusz Kowalski_messageInput'

2021-12-21 19:11:16 - [TEST_STEP][PASSED] - click(findTestObject("Page_PSTO webMessenger - Zalogowano/img_Mateusz Kowalski_sendButton")): Object: 'Object Repository/Page_PSTO webMessenger - Zalogowano/img_Mateusz Kowalski_sendButton' is clicked on

2021-12-21 19:11:18 - [MESSAGE][PASSED] - Object: 'Object Repository/Page_PSTO webMessenger - Zalogowano/img_Mateusz Kowalski_sendButton' is clicked on

2021-12-21 19:11:18 - [TEST_STEP][PASSED] - setText(findTestObject("Page_PSTO webMessenger - Zalogowano/input_Mateusz Kowalski_messageInput"), "d"): Text 'd' is set on object 'Object Repository/Page_PSTO webMessenger - Zalogowano/input_Mateusz Kowalski_messageInput'

2021-12-21 19:11:22 - [MESSAGE][PASSED] - Text 'd' is set on object 'Object Repository/Page_PSTO webMessenger - Zalogowano/input_Mateusz Kowalski_messageInput'

2021-12-21 19:11:22 - [TEST_STEP][PASSED] - click(findTestObject("Page_PSTO webMessenger - Zalogowano/img_Mateusz Kowalski_sendButton")): Object: 'Object Repository/Page_PSTO webMessenger - Zalogowano/img_Mateusz Kowalski_sendButton' is clicked on

2021-12-21 19:11:24 - [MESSAGE][PASSED] - Object: 'Object Repository/Page_PSTO webMessenger - Zalogowano/img_Mateusz Kowalski_sendButton' is clicked on

2021-12-21 19:11:24 - [TEST_STEP][PASSED] - setText(findTestObject("Page_PSTO webMessenger - Zalogowano/input_Mateusz Kowalski_messageInput"), "d"): Text 'd' is set on object 'Object Repository/Page_PSTO webMessenger - Zalogowano/input_Mateusz Kowalski_messageInput'

2021-12-21 19:11:28 - [MESSAGE][PASSED] - Text 'd' is set on object 'Object Repository/Page_PSTO webMessenger - Zalogowano/input_Mateusz Kowalski_messageInput'

2021-12-21 19:11:28 - [TEST_STEP][PASSED] - click(findTestObject("Page_PSTO webMessenger - Zalogowano/img_Mateusz Kowalski_sendButton")): Object: 'Object Repository/Page_PSTO webMessenger - Zalogowano/img_Mateusz Kowalski_sendButton' is clicked on

2021-12-21 19:11:30 - [MESSAGE][PASSED] - Object: 'Object Repository/Page_PSTO webMessenger - Zalogowano/img_Mateusz Kowalski_sendButton' is clicked on

2021-12-21 19:11:30 - [TEST_STEP][PASSED] - setText(findTestObject("Page_PSTO webMessenger - Zalogowano/input_Mateusz Kowalski_messageInput"), "d"): Text 'd' is set on object 'Object Repository/Page_PSTO webMessenger - Zalogowano/input_Mateusz Kowalski_messageInput'

2021-12-21 19:11:34 - [MESSAGE][PASSED] - Text 'd' is set on object 'Object Repository/Page_PSTO webMessenger - Zalogowano/input_Mateusz Kowalski_messageInput'

2021-12-21 19:11:34 - [TEST_STEP][PASSED] - click(findTestObject("Page_PSTO webMessenger - Zalogowano/img_Mateusz Kowalski_sendButton")): Object: 'Object Repository/Page_PSTO webMessenger - Zalogowano/img_Mateusz Kowalski_sendButton' is clicked on

2021-12-21 19:11:36 - [MESSAGE][PASSED] - Object: 'Object Repository/Page_PSTO webMessenger - Zalogowano/img_Mateusz Kowalski_sendButton' is clicked on

2021-12-21 19:11:36 - [TEST_STEP][PASSED] - setText(findTestObject("Page_PSTO webMessenger - Zalogowano/input_Mateusz Kowalski_messageInput"), "d"): Text 'd' is set on object 'Object Repository/Page_PSTO webMessenger - Zalogowano/input_Mateusz Kowalski_messageInput'

2021-12-21 19:11:40 - [MESSAGE][PASSED] - Text 'd' is set on object 'Object Repository/Page_PSTO webMessenger - Zalogowano/input_Mateusz Kowalski_messageInput'

2021-12-21 19:11:40 - [TEST_STEP][PASSED] - click(findTestObject("Page_PSTO webMessenger - Zalogowano/img_Mateusz Kowalski_sendButton")): Object: 'Object Repository/Page_PSTO webMessenger - Zalogowano/img_Mateusz Kowalski_sendButton' is clicked on

2021-12-21 19:11:42 - [MESSAGE][PASSED] - Object: 'Object Repository/Page_PSTO webMessenger - Zalogowano/img_Mateusz Kowalski_sendButton' is clicked on

2021-12-21 19:11:42 - [TEST_STEP][PASSED] - setText(findTestObject("Page_PSTO webMessenger - Zalogowano/input_Mateusz Kowalski_messageInput"), "d"): Text 'd' is set on object 'Object Repository/Page_PSTO webMessenger - Zalogowano/input_Mateusz Kowalski_messageInput'

2021-12-21 19:11:46 - [MESSAGE][PASSED] - Text 'd' is set on object 'Object Repository/Page_PSTO webMessenger - Zalogowano/input_Mateusz Kowalski_messageInput'

2021-12-21 19:11:46 - [TEST_STEP][PASSED] - click(findTestObject("Page_PSTO webMessenger - Zalogowano/img_Mateusz Kowalski_sendButton")): Object: 'Object Repository/Page_PSTO webMessenger - Zalogowano/img_Mateusz Kowalski_sendButton' is clicked on

2021-12-21 19:11:48 - [MESSAGE][PASSED] - Object: 'Object Repository/Page_PSTO webMessenger - Zalogowano/img_Mateusz Kowalski_sendButton' is clicked on

2021-12-21 19:11:48 - [TEST_STEP][PASSED] - setText(findTestObject("Page_PSTO webMessenger - Zalogowano/input_Mateusz Kowalski_messageInput"), "d"): Text 'd' is set on object 'Object Repository/Page_PSTO webMessenger - Zalogowano/input_Mateusz Kowalski_messageInput'

2021-12-21 19:11:53 - [MESSAGE][PASSED] - Text 'd' is set on object 'Object Repository/Page_PSTO webMessenger - Zalogowano/input_Mateusz Kowalski_messageInput'

2021-12-21 19:11:53 - [TEST_STEP][PASSED] - click(findTestObject("Page_PSTO webMessenger - Zalogowano/img_Mateusz Kowalski_sendButton")): Object: 'Object Repository/Page_PSTO webMessenger - Zalogowano/img_Mateusz Kowalski_sendButton' is clicked on

2021-12-21 19:11:55 - [MESSAGE][PASSED] - Object: 'Object Repository/Page_PSTO webMessenger - Zalogowano/img_Mateusz Kowalski_sendButton' is clicked on

2021-12-21 19:11:55 - [TEST_STEP][PASSED] - setText(findTestObject("Page_PSTO webMessenger - Zalogowano/input_Mateusz Kowalski_messageInput"), "d"): Text 'd' is set on object 'Object Repository/Page_PSTO webMessenger - Zalogowano/input_Mateusz Kowalski_messageInput'

2021-12-21 19:11:59 - [MESSAGE][PASSED] - Text 'd' is set on object 'Object Repository/Page_PSTO webMessenger - Zalogowano/input_Mateusz Kowalski_messageInput'

2021-12-21 19:11:59 - [TEST_STEP][PASSED] - click(findTestObject("Page_PSTO webMessenger - Zalogowano/img_Mateusz Kowalski_sendButton")): Object: 'Object Repository/Page_PSTO webMessenger - Zalogowano/img_Mateusz Kowalski_sendButton' is clicked on

2021-12-21 19:12:01 - [MESSAGE][PASSED] - Object: 'Object Repository/Page_PSTO webMessenger - Zalogowano/img_Mateusz Kowalski_sendButton' is clicked on

2021-12-21 19:12:01 - [TEST_STEP][PASSED] - setText(findTestObject("Page_PSTO webMessenger - Zalogowano/input_Mateusz Kowalski_messageInput"), "d"): Text 'd' is set on object 'Object Repository/Page_PSTO webMessenger - Zalogowano/input_Mateusz Kowalski_messageInput'

2021-12-21 19:12:05 - [MESSAGE][PASSED] - Text 'd' is set on object 'Object Repository/Page_PSTO webMessenger - Zalogowano/input_Mateusz Kowalski_messageInput'

2021-12-21 19:12:05 - [TEST_STEP][PASSED] - click(findTestObject("Page_PSTO webMessenger - Zalogowano/img_Mateusz Kowalski_sendButton")): Object: 'Object Repository/Page_PSTO webMessenger - Zalogowano/img_Mateusz Kowalski_sendButton' is clicked on

2021-12-21 19:12:07 - [MESSAGE][PASSED] - Object: 'Object Repository/Page_PSTO webMessenger - Zalogowano/img_Mateusz Kowalski_sendButton' is clicked on

2021-12-21 19:12:07 - [TEST_STEP][PASSED] - setText(findTestObject("Page_PSTO webMessenger - Zalogowano/input_Mateusz Kowalski_messageInput"), "d"): Text 'd' is set on object 'Object Repository/Page_PSTO webMessenger - Zalogowano/input_Mateusz Kowalski_messageInput'

2021-12-21 19:12:11 - [MESSAGE][PASSED] - Text 'd' is set on object 'Object Repository/Page_PSTO webMessenger - Zalogowano/input_Mateusz Kowalski_messageInput'

2021-12-21 19:12:11 - [TEST_STEP][PASSED] - click(findTestObject("Page_PSTO webMessenger - Zalogowano/img_Mateusz Kowalski_sendButton")): Object: 'Object Repository/Page_PSTO webMessenger - Zalogowano/img_Mateusz Kowalski_sendButton' is clicked on

2021-12-21 19:12:13 - [MESSAGE][PASSED] - Object: 'Object Repository/Page_PSTO webMessenger - Zalogowano/img_Mateusz Kowalski_sendButton' is clicked on

2021-12-21 19:12:13 - [TEST_STEP][PASSED] - setText(findTestObject("Page_PSTO webMessenger - Zalogowano/input_Mateusz Kowalski_messageInput"), "d"): Text 'd' is set on object 'Object Repository/Page_PSTO webMessenger - Zalogowano/input_Mateusz Kowalski_messageInput'

2021-12-21 19:12:17 - [MESSAGE][PASSED] - Text 'd' is set on object 'Object Repository/Page_PSTO webMessenger - Zalogowano/input_Mateusz Kowalski_messageInput'

2021-12-21 19:12:17 - [TEST_STEP][PASSED] - click(findTestObject("Page_PSTO webMessenger - Zalogowano/img_Mateusz Kowalski_sendButton")): Object: 'Object Repository/Page_PSTO webMessenger - Zalogowano/img_Mateusz Kowalski_sendButton' is clicked on

2021-12-21 19:12:19 - [MESSAGE][PASSED] - Object: 'Object Repository/Page_PSTO webMessenger - Zalogowano/img_Mateusz Kowalski_sendButton' is clicked on

2021-12-21 19:12:19 - [TEST_STEP][PASSED] - setText(findTestObject("Page_PSTO webMessenger - Zalogowano/input_Mateusz Kowalski_messageInput"), "d"): Text 'd' is set on object 'Object Repository/Page_PSTO webMessenger - Zalogowano/input_Mateusz Kowalski_messageInput'

2021-12-21 19:12:23 - [MESSAGE][PASSED] - Text 'd' is set on object 'Object Repository/Page_PSTO webMessenger - Zalogowano/input_Mateusz Kowalski_messageInput'

2021-12-21 19:12:23 - [TEST_STEP][PASSED] - click(findTestObject("Page_PSTO webMessenger - Zalogowano/img_Mateusz Kowalski_sendButton")): Object: 'Object Repository/Page_PSTO webMessenger - Zalogowano/img_Mateusz Kowalski_sendButton' is clicked on

2021-12-21 19:12:25 - [MESSAGE][PASSED] - Object: 'Object Repository/Page_PSTO webMessenger - Zalogowano/img_Mateusz Kowalski_sendButton' is clicked on

2021-12-21 19:12:25 - [TEST_STEP][PASSED] - setText(findTestObject("Page_PSTO webMessenger - Zalogowano/input_Mateusz Kowalski_messageInput"), "d"): Text 'd' is set on object 'Object Repository/Page_PSTO webMessenger - Zalogowano/input_Mateusz Kowalski_messageInput'

2021-12-21 19:12:29 - [MESSAGE][PASSED] - Text 'd' is set on object 'Object Repository/Page_PSTO webMessenger - Zalogowano/input_Mateusz Kowalski_messageInput'

2021-12-21 19:12:29 - [TEST_STEP][PASSED] - click(findTestObject("Page_PSTO webMessenger - Zalogowano/img_Mateusz Kowalski_sendButton")): Object: 'Object Repository/Page_PSTO webMessenger - Zalogowano/img_Mateusz Kowalski_sendButton' is clicked on

2021-12-21 19:12:31 - [MESSAGE][PASSED] - Object: 'Object Repository/Page_PSTO webMessenger - Zalogowano/img_Mateusz Kowalski_sendButton' is clicked on

2021-12-21 19:12:31 - [TEST_STEP][PASSED] - setText(findTestObject("Page_PSTO webMessenger - Zalogowano/input_Mateusz Kowalski_messageInput"), "d"): Text 'd' is set on object 'Object Repository/Page_PSTO webMessenger - Zalogowano/input_Mateusz Kowalski_messageInput'

2021-12-21 19:12:35 - [MESSAGE][PASSED] - Text 'd' is set on object 'Object Repository/Page_PSTO webMessenger - Zalogowano/input_Mateusz Kowalski_messageInput'

2021-12-21 19:12:35 - [TEST_STEP][PASSED] - click(findTestObject("Page_PSTO webMessenger - Zalogowano/img_Mateusz Kowalski_sendButton")): Object: 'Object Repository/Page_PSTO webMessenger - Zalogowano/img_Mateusz Kowalski_sendButton' is clicked on

2021-12-21 19:12:37 - [MESSAGE][PASSED] - Object: 'Object Repository/Page_PSTO webMessenger - Zalogowano/img_Mateusz Kowalski_sendButton' is clicked on

2021-12-21 19:12:37 - [TEST_STEP][PASSED] - setText(findTestObject("Page_PSTO webMessenger - Zalogowano/input_Mateusz Kowalski_messageInput"), "d"): Text 'd' is set on object 'Object Repository/Page_PSTO webMessenger - Zalogowano/input_Mateusz Kowalski_messageInput'

2021-12-21 19:12:41 - [MESSAGE][PASSED] - Text 'd' is set on object 'Object Repository/Page_PSTO webMessenger - Zalogowano/input_Mateusz Kowalski_messageInput'

2021-12-21 19:12:41 - [TEST_STEP][PASSED] - click(findTestObject("Page_PSTO webMessenger - Zalogowano/img_Mateusz Kowalski_sendButton")): Object: 'Object Repository/Page_PSTO webMessenger - Zalogowano/img_Mateusz Kowalski_sendButton' is clicked on

2021-12-21 19:12:43 - [MESSAGE][PASSED] - Object: 'Object Repository/Page_PSTO webMessenger - Zalogowano/img_Mateusz Kowalski_sendButton' is clicked on

2021-12-21 19:12:43 - [TEST_STEP][PASSED] - setText(findTestObject("Page_PSTO webMessenger - Zalogowano/input_Mateusz Kowalski_messageInput"), "d"): Text 'd' is set on object 'Object Repository/Page_PSTO webMessenger - Zalogowano/input_Mateusz Kowalski_messageInput'

2021-12-21 19:12:47 - [MESSAGE][PASSED] - Text 'd' is set on object 'Object Repository/Page_PSTO webMessenger - Zalogowano/input_Mateusz Kowalski_messageInput'

2021-12-21 19:12:47 - [TEST_STEP][PASSED] - click(findTestObject("Page_PSTO webMessenger - Zalogowano/img_Mateusz Kowalski_sendButton")): Object: 'Object Repository/Page_PSTO webMessenger - Zalogowano/img_Mateusz Kowalski_sendButton' is clicked on

2021-12-21 19:12:49 - [MESSAGE][PASSED] - Object: 'Object Repository/Page_PSTO webMessenger - Zalogowano/img_Mateusz Kowalski_sendButton' is clicked on

2021-12-21 19:12:49 - [TEST_STEP][PASSED] - setText(findTestObject("Page_PSTO webMessenger - Zalogowano/input_Mateusz Kowalski_messageInput"), "d"): Text 'd' is set on object 'Object Repository/Page_PSTO webMessenger - Zalogowano/input_Mateusz Kowalski_messageInput'

2021-12-21 19:12:53 - [MESSAGE][PASSED] - Text 'd' is set on object 'Object Repository/Page_PSTO webMessenger - Zalogowano/input_Mateusz Kowalski_messageInput'

2021-12-21 19:12:53 - [TEST_STEP][PASSED] - click(findTestObject("Page_PSTO webMessenger - Zalogowano/img_Mateusz Kowalski_sendButton")): Object: 'Object Repository/Page_PSTO webMessenger - Zalogowano/img_Mateusz Kowalski_sendButton' is clicked on

2021-12-21 19:12:55 - [MESSAGE][PASSED] - Object: 'Object Repository/Page_PSTO webMessenger - Zalogowano/img_Mateusz Kowalski_sendButton' is clicked on

2021-12-21 19:12:55 - [TEST_STEP][PASSED] - setText(findTestObject("Page_PSTO webMessenger - Zalogowano/input_Mateusz Kowalski_messageInput"), "d"): Text 'd' is set on object 'Object Repository/Page_PSTO webMessenger - Zalogowano/input_Mateusz Kowalski_messageInput'

2021-12-21 19:13:00 - [MESSAGE][PASSED] - Text 'd' is set on object 'Object Repository/Page_PSTO webMessenger - Zalogowano/input_Mateusz Kowalski_messageInput'

2021-12-21 19:13:00 - [TEST_STEP][PASSED] - click(findTestObject("Page_PSTO webMessenger - Zalogowano/img_Mateusz Kowalski_sendButton")): Object: 'Object Repository/Page_PSTO webMessenger - Zalogowano/img_Mateusz Kowalski_sendButton' is clicked on

2021-12-21 19:13:02 - [MESSAGE][PASSED] - Object: 'Object Repository/Page_PSTO webMessenger - Zalogowano/img_Mateusz Kowalski_sendButton' is clicked on

2021-12-21 19:13:02 - [TEST_STEP][PASSED] - setText(findTestObject("Page_PSTO webMessenger - Zalogowano/input_Mateusz Kowalski_messageInput"), "d"): Text 'd' is set on object 'Object Repository/Page_PSTO webMessenger - Zalogowano/input_Mateusz Kowalski_messageInput'

2021-12-21 19:13:06 - [MESSAGE][PASSED] - Text 'd' is set on object 'Object Repository/Page_PSTO webMessenger - Zalogowano/input_Mateusz Kowalski_messageInput'

2021-12-21 19:13:06 - [TEST_STEP][PASSED] - click(findTestObject("Page_PSTO webMessenger - Zalogowano/img_Mateusz Kowalski_sendButton")): Object: 'Object Repository/Page_PSTO webMessenger - Zalogowano/img_Mateusz Kowalski_sendButton' is clicked on

2021-12-21 19:13:09 - [MESSAGE][PASSED] - Object: 'Object Repository/Page_PSTO webMessenger - Zalogowano/img_Mateusz Kowalski_sendButton' is clicked on

2021-12-21 19:13:09 - [TEST_STEP][PASSED] - setText(findTestObject("Page_PSTO webMessenger - Zalogowano/input_Mateusz Kowalski_messageInput"), "d"): Text 'd' is set on object 'Object Repository/Page_PSTO webMessenger - Zalogowano/input_Mateusz Kowalski_messageInput'

2021-12-21 19:13:13 - [MESSAGE][PASSED] - Text 'd' is set on object 'Object Repository/Page_PSTO webMessenger - Zalogowano/input_Mateusz Kowalski_messageInput'

2021-12-21 19:13:13 - [TEST_STEP][PASSED] - click(findTestObject("Page_PSTO webMessenger - Zalogowano/img_Mateusz Kowalski_sendButton")): Object: 'Object Repository/Page_PSTO webMessenger - Zalogowano/img_Mateusz Kowalski_sendButton' is clicked on

2021-12-21 19:13:16 - [MESSAGE][PASSED] - Object: 'Object Repository/Page_PSTO webMessenger - Zalogowano/img_Mateusz Kowalski_sendButton' is clicked on

2021-12-21 19:13:16 - [TEST_STEP][PASSED] - setText(findTestObject("Page_PSTO webMessenger - Zalogowano/input_Mateusz Kowalski_messageInput"), "d"): Text 'd' is set on object 'Object Repository/Page_PSTO webMessenger - Zalogowano/input_Mateusz Kowalski_messageInput'

2021-12-21 19:13:20 - [MESSAGE][PASSED] - Text 'd' is set on object 'Object Repository/Page_PSTO webMessenger - Zalogowano/input_Mateusz Kowalski_messageInput'

2021-12-21 19:13:20 - [TEST_STEP][PASSED] - click(findTestObject("Page_PSTO webMessenger - Zalogowano/img_Mateusz Kowalski_sendButton")): Object: 'Object Repository/Page_PSTO webMessenger - Zalogowano/img_Mateusz Kowalski_sendButton' is clicked on

2021-12-21 19:13:22 - [MESSAGE][PASSED] - Object: 'Object Repository/Page_PSTO webMessenger - Zalogowano/img_Mateusz Kowalski_sendButton' is clicked on

2021-12-21 19:13:22 - [TEST_STEP][PASSED] - setText(findTestObject("Page_PSTO webMessenger - Zalogowano/input_Mateusz Kowalski_messageInput"), "d"): Text 'd' is set on object 'Object Repository/Page_PSTO webMessenger - Zalogowano/input_Mateusz Kowalski_messageInput'

2021-12-21 19:13:26 - [MESSAGE][PASSED] - Text 'd' is set on object 'Object Repository/Page_PSTO webMessenger - Zalogowano/input_Mateusz Kowalski_messageInput'

2021-12-21 19:13:26 - [TEST_STEP][PASSED] - click(findTestObject("Page_PSTO webMessenger - Zalogowano/img_Mateusz Kowalski_sendButton")): Object: 'Object Repository/Page_PSTO webMessenger - Zalogowano/img_Mateusz Kowalski_sendButton' is clicked on

2021-12-21 19:13:28 - [MESSAGE][PASSED] - Object: 'Object Repository/Page_PSTO webMessenger - Zalogowano/img_Mateusz Kowalski_sendButton' is clicked on

2021-12-21 19:13:28 - [TEST_STEP][PASSED] - setText(findTestObject("Page_PSTO webMessenger - Zalogowano/input_Mateusz Kowalski_messageInput"), "d"): Text 'd' is set on object 'Object Repository/Page_PSTO webMessenger - Zalogowano/input_Mateusz Kowalski_messageInput'

2021-12-21 19:13:32 - [MESSAGE][PASSED] - Text 'd' is set on object 'Object Repository/Page_PSTO webMessenger - Zalogowano/input_Mateusz Kowalski_messageInput'

2021-12-21 19:13:32 - [TEST_STEP][PASSED] - click(findTestObject("Page_PSTO webMessenger - Zalogowano/img_Mateusz Kowalski_sendButton")): Object: 'Object Repository/Page_PSTO webMessenger - Zalogowano/img_Mateusz Kowalski_sendButton' is clicked on

2021-12-21 19:13:34 - [MESSAGE][PASSED] - Object: 'Object Repository/Page_PSTO webMessenger - Zalogowano/img_Mateusz Kowalski_sendButton' is clicked on

2021-12-21 19:13:34 - [TEST_STEP][PASSED] - setText(findTestObject("Page_PSTO webMessenger - Zalogowano/input_Mateusz Kowalski_messageInput"), "d"): Text 'd' is set on object 'Object Repository/Page_PSTO webMessenger - Zalogowano/input_Mateusz Kowalski_messageInput'

2021-12-21 19:13:38 - [MESSAGE][PASSED] - Text 'd' is set on object 'Object Repository/Page_PSTO webMessenger - Zalogowano/input_Mateusz Kowalski_messageInput'

2021-12-21 19:13:38 - [TEST_STEP][PASSED] - click(findTestObject("Page_PSTO webMessenger - Zalogowano/img_Mateusz Kowalski_sendButton")): Object: 'Object Repository/Page_PSTO webMessenger - Zalogowano/img_Mateusz Kowalski_sendButton' is clicked on

2021-12-21 19:13:40 - [MESSAGE][PASSED] - Object: 'Object Repository/Page_PSTO webMessenger - Zalogowano/img_Mateusz Kowalski_sendButton' is clicked on

2021-12-21 19:13:40 - [TEST_STEP][PASSED] - setText(findTestObject("Page_PSTO webMessenger - Zalogowano/input_Mateusz Kowalski_messageInput"), "d"): Text 'd' is set on object 'Object Repository/Page_PSTO webMessenger - Zalogowano/input_Mateusz Kowalski_messageInput'

2021-12-21 19:13:44 - [MESSAGE][PASSED] - Text 'd' is set on object 'Object Repository/Page_PSTO webMessenger - Zalogowano/input_Mateusz Kowalski_messageInput'

2021-12-21 19:13:44 - [TEST_STEP][PASSED] - click(findTestObject("Page_PSTO webMessenger - Zalogowano/img_Mateusz Kowalski_sendButton")): Object: 'Object Repository/Page_PSTO webMessenger - Zalogowano/img_Mateusz Kowalski_sendButton' is clicked on

2021-12-21 19:13:46 - [MESSAGE][PASSED] - Object: 'Object Repository/Page_PSTO webMessenger - Zalogowano/img_Mateusz Kowalski_sendButton' is clicked on

2021-12-21 19:13:46 - [TEST_STEP][PASSED] - setText(findTestObject("Page_PSTO webMessenger - Zalogowano/input_Mateusz Kowalski_messageInput"), "d"): Text 'd' is set on object 'Object Repository/Page_PSTO webMessenger - Zalogowano/input_Mateusz Kowalski_messageInput'

2021-12-21 19:13:50 - [MESSAGE][PASSED] - Text 'd' is set on object 'Object Repository/Page_PSTO webMessenger - Zalogowano/input_Mateusz Kowalski_messageInput'

2021-12-21 19:13:50 - [TEST_STEP][PASSED] - click(findTestObject("Page_PSTO webMessenger - Zalogowano/img_Mateusz Kowalski_sendButton")): Object: 'Object Repository/Page_PSTO webMessenger - Zalogowano/img_Mateusz Kowalski_sendButton' is clicked on

2021-12-21 19:13:52 - [MESSAGE][PASSED] - Object: 'Object Repository/Page_PSTO webMessenger - Zalogowano/img_Mateusz Kowalski_sendButton' is clicked on

2021-12-21 19:13:52 - [TEST_STEP][PASSED] - setText(findTestObject("Page_PSTO webMessenger - Zalogowano/input_Mateusz Kowalski_messageInput"), "d"): Text 'd' is set on object 'Object Repository/Page_PSTO webMessenger - Zalogowano/input_Mateusz Kowalski_messageInput'

2021-12-21 19:14:00 - [MESSAGE][PASSED] - Text 'd' is set on object 'Object Repository/Page_PSTO webMessenger - Zalogowano/input_Mateusz Kowalski_messageInput'

2021-12-21 19:14:00 - [TEST_STEP][PASSED] - click(findTestObject("Page_PSTO webMessenger - Zalogowano/img_Mateusz Kowalski_sendButton")): Object: 'Object Repository/Page_PSTO webMessenger - Zalogowano/img_Mateusz Kowalski_sendButton' is clicked on

2021-12-21 19:14:02 - [MESSAGE][PASSED] - Object: 'Object Repository/Page_PSTO webMessenger - Zalogowano/img_Mateusz Kowalski_sendButton' is clicked on

2021-12-21 19:14:02 - [TEST_STEP][PASSED] - setText(findTestObject("Page_PSTO webMessenger - Zalogowano/input_Mateusz Kowalski_messageInput"), "d"): Text 'd' is set on object 'Object Repository/Page_PSTO webMessenger - Zalogowano/input_Mateusz Kowalski_messageInput'

2021-12-21 19:14:06 - [MESSAGE][PASSED] - Text 'd' is set on object 'Object Repository/Page_PSTO webMessenger - Zalogowano/input_Mateusz Kowalski_messageInput'

2021-12-21 19:14:06 - [TEST_STEP][PASSED] - click(findTestObject("Page_PSTO webMessenger - Zalogowano/img_Mateusz Kowalski_sendButton")): Object: 'Object Repository/Page_PSTO webMessenger - Zalogowano/img_Mateusz Kowalski_sendButton' is clicked on

2021-12-21 19:14:08 - [MESSAGE][PASSED] - Object: 'Object Repository/Page_PSTO webMessenger - Zalogowano/img_Mateusz Kowalski_sendButton' is clicked on

2021-12-21 19:14:08 - [TEST_STEP][PASSED] - setText(findTestObject("Page_PSTO webMessenger - Zalogowano/input_Mateusz Kowalski_messageInput"), "d"): Text 'd' is set on object 'Object Repository/Page_PSTO webMessenger - Zalogowano/input_Mateusz Kowalski_messageInput'

2021-12-21 19:14:12 - [MESSAGE][PASSED] - Text 'd' is set on object 'Object Repository/Page_PSTO webMessenger - Zalogowano/input_Mateusz Kowalski_messageInput'

2021-12-21 19:14:12 - [TEST_STEP][PASSED] - click(findTestObject("Page_PSTO webMessenger - Zalogowano/img_Mateusz Kowalski_sendButton")): Object: 'Object Repository/Page_PSTO webMessenger - Zalogowano/img_Mateusz Kowalski_sendButton' is clicked on

2021-12-21 19:14:14 - [MESSAGE][PASSED] - Object: 'Object Repository/Page_PSTO webMessenger - Zalogowano/img_Mateusz Kowalski_sendButton' is clicked on

2021-12-21 19:14:14 - [TEST_STEP][PASSED] - setText(findTestObject("Page_PSTO webMessenger - Zalogowano/input_Mateusz Kowalski_messageInput"), "d"): Text 'd' is set on object 'Object Repository/Page_PSTO webMessenger - Zalogowano/input_Mateusz Kowalski_messageInput'

2021-12-21 19:14:18 - [MESSAGE][PASSED] - Text 'd' is set on object 'Object Repository/Page_PSTO webMessenger - Zalogowano/input_Mateusz Kowalski_messageInput'

2021-12-21 19:14:18 - [TEST_STEP][PASSED] - click(findTestObject("Page_PSTO webMessenger - Zalogowano/img_Mateusz Kowalski_sendButton")): Object: 'Object Repository/Page_PSTO webMessenger - Zalogowano/img_Mateusz Kowalski_sendButton' is clicked on

2021-12-21 19:14:20 - [MESSAGE][PASSED] - Object: 'Object Repository/Page_PSTO webMessenger - Zalogowano/img_Mateusz Kowalski_sendButton' is clicked on

2021-12-21 19:14:20 - [TEST_STEP][PASSED] - setText(findTestObject("Page_PSTO webMessenger - Zalogowano/input_Mateusz Kowalski_messageInput"), "d"): Text 'd' is set on object 'Object Repository/Page_PSTO webMessenger - Zalogowano/input_Mateusz Kowalski_messageInput'

2021-12-21 19:14:24 - [MESSAGE][PASSED] - Text 'd' is set on object 'Object Repository/Page_PSTO webMessenger - Zalogowano/input_Mateusz Kowalski_messageInput'

2021-12-21 19:14:24 - [TEST_STEP][PASSED] - click(findTestObject("Page_PSTO webMessenger - Zalogowano/img_Mateusz Kowalski_sendButton")): Object: 'Object Repository/Page_PSTO webMessenger - Zalogowano/img_Mateusz Kowalski_sendButton' is clicked on

2021-12-21 19:14:26 - [MESSAGE][PASSED] - Object: 'Object Repository/Page_PSTO webMessenger - Zalogowano/img_Mateusz Kowalski_sendButton' is clicked on

2021-12-21 19:14:26 - [TEST_STEP][PASSED] - setText(findTestObject("Page_PSTO webMessenger - Zalogowano/input_Mateusz Kowalski_messageInput"), "d"): Text 'd' is set on object 'Object Repository/Page_PSTO webMessenger - Zalogowano/input_Mateusz Kowalski_messageInput'

2021-12-21 19:14:30 - [MESSAGE][PASSED] - Text 'd' is set on object 'Object Repository/Page_PSTO webMessenger - Zalogowano/input_Mateusz Kowalski_messageInput'

2021-12-21 19:14:30 - [TEST_STEP][PASSED] - click(findTestObject("Page_PSTO webMessenger - Zalogowano/img_Mateusz Kowalski_sendButton")): Object: 'Object Repository/Page_PSTO webMessenger - Zalogowano/img_Mateusz Kowalski_sendButton' is clicked on

2021-12-21 19:14:32 - [MESSAGE][PASSED] - Object: 'Object Repository/Page_PSTO webMessenger - Zalogowano/img_Mateusz Kowalski_sendButton' is clicked on

2021-12-21 19:14:32 - [TEST_STEP][PASSED] - setText(findTestObject("Page_PSTO webMessenger - Zalogowano/input_Mateusz Kowalski_messageInput"), "d"): Text 'd' is set on object 'Object Repository/Page_PSTO webMessenger - Zalogowano/input_Mateusz Kowalski_messageInput'

2021-12-21 19:14:36 - [MESSAGE][PASSED] - Text 'd' is set on object 'Object Repository/Page_PSTO webMessenger - Zalogowano/input_Mateusz Kowalski_messageInput'

2021-12-21 19:14:36 - [TEST_STEP][PASSED] - click(findTestObject("Page_PSTO webMessenger - Zalogowano/img_Mateusz Kowalski_sendButton")): Object: 'Object Repository/Page_PSTO webMessenger - Zalogowano/img_Mateusz Kowalski_sendButton' is clicked on

2021-12-21 19:14:38 - [MESSAGE][PASSED] - Object: 'Object Repository/Page_PSTO webMessenger - Zalogowano/img_Mateusz Kowalski_sendButton' is clicked on

2021-12-21 19:14:38 - [TEST_STEP][PASSED] - setText(findTestObject("Page_PSTO webMessenger - Zalogowano/input_Mateusz Kowalski_messageInput"), "d"): Text 'd' is set on object 'Object Repository/Page_PSTO webMessenger - Zalogowano/input_Mateusz Kowalski_messageInput'

2021-12-21 19:14:43 - [MESSAGE][PASSED] - Text 'd' is set on object 'Object Repository/Page_PSTO webMessenger - Zalogowano/input_Mateusz Kowalski_messageInput'

2021-12-21 19:14:43 - [TEST_STEP][PASSED] - click(findTestObject("Page_PSTO webMessenger - Zalogowano/img_Mateusz Kowalski_sendButton")): Object: 'Object Repository/Page_PSTO webMessenger - Zalogowano/img_Mateusz Kowalski_sendButton' is clicked on

2021-12-21 19:14:45 - [MESSAGE][PASSED] - Object: 'Object Repository/Page_PSTO webMessenger - Zalogowano/img_Mateusz Kowalski_sendButton' is clicked on

2021-12-21 19:14:45 - [TEST_STEP][PASSED] - setText(findTestObject("Page_PSTO webMessenger - Zalogowano/input_Mateusz Kowalski_messageInput"), "d"): Text 'd' is set on object 'Object Repository/Page_PSTO webMessenger - Zalogowano/input_Mateusz Kowalski_messageInput'

2021-12-21 19:14:49 - [MESSAGE][PASSED] - Text 'd' is set on object 'Object Repository/Page_PSTO webMessenger - Zalogowano/input_Mateusz Kowalski_messageInput'

2021-12-21 19:14:49 - [TEST_STEP][PASSED] - click(findTestObject("Page_PSTO webMessenger - Zalogowano/img_Mateusz Kowalski_sendButton")): Object: 'Object Repository/Page_PSTO webMessenger - Zalogowano/img_Mateusz Kowalski_sendButton' is clicked on

2021-12-21 19:14:51 - [MESSAGE][PASSED] - Object: 'Object Repository/Page_PSTO webMessenger - Zalogowano/img_Mateusz Kowalski_sendButton' is clicked on

2021-12-21 19:14:51 - [TEST_STEP][PASSED] - setText(findTestObject("Page_PSTO webMessenger - Zalogowano/input_Mateusz Kowalski_messageInput"), "d"): Text 'd' is set on object 'Object Repository/Page_PSTO webMessenger - Zalogowano/input_Mateusz Kowalski_messageInput'

2021-12-21 19:14:55 - [MESSAGE][PASSED] - Text 'd' is set on object 'Object Repository/Page_PSTO webMessenger - Zalogowano/input_Mateusz Kowalski_messageInput'

2021-12-21 19:14:55 - [TEST_STEP][PASSED] - click(findTestObject("Page_PSTO webMessenger - Zalogowano/img_Mateusz Kowalski_sendButton")): Object: 'Object Repository/Page_PSTO webMessenger - Zalogowano/img_Mateusz Kowalski_sendButton' is clicked on

2021-12-21 19:14:57 - [MESSAGE][PASSED] - Object: 'Object Repository/Page_PSTO webMessenger - Zalogowano/img_Mateusz Kowalski_sendButton' is clicked on

2021-12-21 19:14:57 - [TEST_STEP][PASSED] - setText(findTestObject("Page_PSTO webMessenger - Zalogowano/input_Mateusz Kowalski_messageInput"), "d"): Text 'd' is set on object 'Object Repository/Page_PSTO webMessenger - Zalogowano/input_Mateusz Kowalski_messageInput'

2021-12-21 19:15:02 - [MESSAGE][PASSED] - Text 'd' is set on object 'Object Repository/Page_PSTO webMessenger - Zalogowano/input_Mateusz Kowalski_messageInput'

2021-12-21 19:15:02 - [TEST_STEP][PASSED] - click(findTestObject("Page_PSTO webMessenger - Zalogowano/img_Mateusz Kowalski_sendButton")): Object: 'Object Repository/Page_PSTO webMessenger - Zalogowano/img_Mateusz Kowalski_sendButton' is clicked on

2021-12-21 19:15:04 - [MESSAGE][PASSED] - Object: 'Object Repository/Page_PSTO webMessenger - Zalogowano/img_Mateusz Kowalski_sendButton' is clicked on

2021-12-21 19:15:04 - [TEST_STEP][PASSED] - setText(findTestObject("Page_PSTO webMessenger - Zalogowano/input_Mateusz Kowalski_messageInput"), "d"): Text 'd' is set on object 'Object Repository/Page_PSTO webMessenger - Zalogowano/input_Mateusz Kowalski_messageInput'

2021-12-21 19:15:09 - [MESSAGE][PASSED] - Text 'd' is set on object 'Object Repository/Page_PSTO webMessenger - Zalogowano/input_Mateusz Kowalski_messageInput'

2021-12-21 19:15:09 - [TEST_STEP][PASSED] - click(findTestObject("Page_PSTO webMessenger - Zalogowano/img_Mateusz Kowalski_sendButton")): Object: 'Object Repository/Page_PSTO webMessenger - Zalogowano/img_Mateusz Kowalski_sendButton' is clicked on

2021-12-21 19:15:11 - [MESSAGE][PASSED] - Object: 'Object Repository/Page_PSTO webMessenger - Zalogowano/img_Mateusz Kowalski_sendButton' is clicked on

2021-12-21 19:15:11 - [TEST_STEP][PASSED] - setText(findTestObject("Page_PSTO webMessenger - Zalogowano/input_Mateusz Kowalski_messageInput"), "d"): Text 'd' is set on object 'Object Repository/Page_PSTO webMessenger - Zalogowano/input_Mateusz Kowalski_messageInput'

2021-12-21 19:15:15 - [MESSAGE][PASSED] - Text 'd' is set on object 'Object Repository/Page_PSTO webMessenger - Zalogowano/input_Mateusz Kowalski_messageInput'

2021-12-21 19:15:15 - [TEST_STEP][PASSED] - click(findTestObject("Page_PSTO webMessenger - Zalogowano/img_Mateusz Kowalski_sendButton")): Object: 'Object Repository/Page_PSTO webMessenger - Zalogowano/img_Mateusz Kowalski_sendButton' is clicked on

2021-12-21 19:15:17 - [MESSAGE][PASSED] - Object: 'Object Repository/Page_PSTO webMessenger - Zalogowano/img_Mateusz Kowalski_sendButton' is clicked on

2021-12-21 19:15:17 - [TEST_STEP][PASSED] - setText(findTestObject("Page_PSTO webMessenger - Zalogowano/input_Mateusz Kowalski_messageInput"), "d"): Text 'd' is set on object 'Object Repository/Page_PSTO webMessenger - Zalogowano/input_Mateusz Kowalski_messageInput'

2021-12-21 19:15:21 - [MESSAGE][PASSED] - Text 'd' is set on object 'Object Repository/Page_PSTO webMessenger - Zalogowano/input_Mateusz Kowalski_messageInput'

2021-12-21 19:15:21 - [TEST_STEP][PASSED] - click(findTestObject("Page_PSTO webMessenger - Zalogowano/img_Mateusz Kowalski_sendButton")): Object: 'Object Repository/Page_PSTO webMessenger - Zalogowano/img_Mateusz Kowalski_sendButton' is clicked on

2021-12-21 19:15:23 - [MESSAGE][PASSED] - Object: 'Object Repository/Page_PSTO webMessenger - Zalogowano/img_Mateusz Kowalski_sendButton' is clicked on

2021-12-21 19:15:23 - [TEST_STEP][PASSED] - setText(findTestObject("Page_PSTO webMessenger - Zalogowano/input_Mateusz Kowalski_messageInput"), "d"): Text 'd' is set on object 'Object Repository/Page_PSTO webMessenger - Zalogowano/input_Mateusz Kowalski_messageInput'

2021-12-21 19:15:27 - [MESSAGE][PASSED] - Text 'd' is set on object 'Object Repository/Page_PSTO webMessenger - Zalogowano/input_Mateusz Kowalski_messageInput'

2021-12-21 19:15:27 - [TEST_STEP][PASSED] - click(findTestObject("Page_PSTO webMessenger - Zalogowano/img_Mateusz Kowalski_sendButton")): Object: 'Object Repository/Page_PSTO webMessenger - Zalogowano/img_Mateusz Kowalski_sendButton' is clicked on

2021-12-21 19:15:29 - [MESSAGE][PASSED] - Object: 'Object Repository/Page_PSTO webMessenger - Zalogowano/img_Mateusz Kowalski_sendButton' is clicked on

2021-12-21 19:15:29 - [TEST_STEP][PASSED] - setText(findTestObject("Page_PSTO webMessenger - Zalogowano/input_Mateusz Kowalski_messageInput"), "d"): Text 'd' is set on object 'Object Repository/Page_PSTO webMessenger - Zalogowano/input_Mateusz Kowalski_messageInput'

2021-12-21 19:15:33 - [MESSAGE][PASSED] - Text 'd' is set on object 'Object Repository/Page_PSTO webMessenger - Zalogowano/input_Mateusz Kowalski_messageInput'

2021-12-21 19:15:33 - [TEST_STEP][PASSED] - click(findTestObject("Page_PSTO webMessenger - Zalogowano/img_Mateusz Kowalski_sendButton")): Object: 'Object Repository/Page_PSTO webMessenger - Zalogowano/img_Mateusz Kowalski_sendButton' is clicked on

2021-12-21 19:15:35 - [MESSAGE][PASSED] - Object: 'Object Repository/Page_PSTO webMessenger - Zalogowano/img_Mateusz Kowalski_sendButton' is clicked on

2021-12-21 19:15:35 - [TEST_STEP][PASSED] - setText(findTestObject("Page_PSTO webMessenger - Zalogowano/input_Mateusz Kowalski_messageInput"), "d"): Text 'd' is set on object 'Object Repository/Page_PSTO webMessenger - Zalogowano/input_Mateusz Kowalski_messageInput'

2021-12-21 19:15:39 - [MESSAGE][PASSED] - Text 'd' is set on object 'Object Repository/Page_PSTO webMessenger - Zalogowano/input_Mateusz Kowalski_messageInput'

2021-12-21 19:15:39 - [TEST_STEP][PASSED] - click(findTestObject("Page_PSTO webMessenger - Zalogowano/img_Mateusz Kowalski_sendButton")): Object: 'Object Repository/Page_PSTO webMessenger - Zalogowano/img_Mateusz Kowalski_sendButton' is clicked on

2021-12-21 19:15:41 - [MESSAGE][PASSED] - Object: 'Object Repository/Page_PSTO webMessenger - Zalogowano/img_Mateusz Kowalski_sendButton' is clicked on

2021-12-21 19:15:41 - [TEST_STEP][PASSED] - setText(findTestObject("Page_PSTO webMessenger - Zalogowano/input_Mateusz Kowalski_messageInput"), "d"): Text 'd' is set on object 'Object Repository/Page_PSTO webMessenger - Zalogowano/input_Mateusz Kowalski_messageInput'

2021-12-21 19:15:46 - [MESSAGE][PASSED] - Text 'd' is set on object 'Object Repository/Page_PSTO webMessenger - Zalogowano/input_Mateusz Kowalski_messageInput'

2021-12-21 19:15:46 - [TEST_STEP][PASSED] - click(findTestObject("Page_PSTO webMessenger - Zalogowano/img_Mateusz Kowalski_sendButton")): Object: 'Object Repository/Page_PSTO webMessenger - Zalogowano/img_Mateusz Kowalski_sendButton' is clicked on

2021-12-21 19:15:48 - [MESSAGE][PASSED] - Object: 'Object Repository/Page_PSTO webMessenger - Zalogowano/img_Mateusz Kowalski_sendButton' is clicked on

2021-12-21 19:15:48 - [TEST_STEP][PASSED] - setText(findTestObject("Page_PSTO webMessenger - Zalogowano/input_Mateusz Kowalski_messageInput"), "d"): Text 'd' is set on object 'Object Repository/Page_PSTO webMessenger - Zalogowano/input_Mateusz Kowalski_messageInput'

2021-12-21 19:15:52 - [MESSAGE][PASSED] - Text 'd' is set on object 'Object Repository/Page_PSTO webMessenger - Zalogowano/input_Mateusz Kowalski_messageInput'

2021-12-21 19:15:52 - [TEST_STEP][PASSED] - click(findTestObject("Page_PSTO webMessenger - Zalogowano/img_Mateusz Kowalski_sendButton")): Object: 'Object Repository/Page_PSTO webMessenger - Zalogowano/img_Mateusz Kowalski_sendButton' is clicked on

2021-12-21 19:15:54 - [MESSAGE][PASSED] - Object: 'Object Repository/Page_PSTO webMessenger - Zalogowano/img_Mateusz Kowalski_sendButton' is clicked on

2021-12-21 19:15:54 - [TEST_STEP][PASSED] - setText(findTestObject("Page_PSTO webMessenger - Zalogowano/input_Mateusz Kowalski_messageInput"), "d"): Text 'd' is set on object 'Object Repository/Page_PSTO webMessenger - Zalogowano/input_Mateusz Kowalski_messageInput'

2021-12-21 19:16:00 - [MESSAGE][PASSED] - Text 'd' is set on object 'Object Repository/Page_PSTO webMessenger - Zalogowano/input_Mateusz Kowalski_messageInput'

2021-12-21 19:16:00 - [TEST_STEP][PASSED] - click(findTestObject("Page_PSTO webMessenger - Zalogowano/img_Mateusz Kowalski_sendButton")): Object: 'Object Repository/Page_PSTO webMessenger - Zalogowano/img_Mateusz Kowalski_sendButton' is clicked on

2021-12-21 19:16:02 - [MESSAGE][PASSED] - Object: 'Object Repository/Page_PSTO webMessenger - Zalogowano/img_Mateusz Kowalski_sendButton' is clicked on

2021-12-21 19:16:02 - [TEST_STEP][PASSED] - setText(findTestObject("Page_PSTO webMessenger - Zalogowano/input_Mateusz Kowalski_messageInput"), "d"): Text 'd' is set on object 'Object Repository/Page_PSTO webMessenger - Zalogowano/input_Mateusz Kowalski_messageInput'

2021-12-21 19:16:06 - [MESSAGE][PASSED] - Text 'd' is set on object 'Object Repository/Page_PSTO webMessenger - Zalogowano/input_Mateusz Kowalski_messageInput'

2021-12-21 19:16:06 - [TEST_STEP][PASSED] - click(findTestObject("Page_PSTO webMessenger - Zalogowano/img_Mateusz Kowalski_sendButton")): Object: 'Object Repository/Page_PSTO webMessenger - Zalogowano/img_Mateusz Kowalski_sendButton' is clicked on

2021-12-21 19:16:08 - [MESSAGE][PASSED] - Object: 'Object Repository/Page_PSTO webMessenger - Zalogowano/img_Mateusz Kowalski_sendButton' is clicked on

2021-12-21 19:16:08 - [TEST_STEP][PASSED] - setText(findTestObject("Page_PSTO webMessenger - Zalogowano/input_Mateusz Kowalski_messageInput"), "d"): Text 'd' is set on object 'Object Repository/Page_PSTO webMessenger - Zalogowano/input_Mateusz Kowalski_messageInput'

2021-12-21 19:16:12 - [MESSAGE][PASSED] - Text 'd' is set on object 'Object Repository/Page_PSTO webMessenger - Zalogowano/input_Mateusz Kowalski_messageInput'

2021-12-21 19:16:12 - [TEST_STEP][PASSED] - click(findTestObject("Page_PSTO webMessenger - Zalogowano/img_Mateusz Kowalski_sendButton")): Object: 'Object Repository/Page_PSTO webMessenger - Zalogowano/img_Mateusz Kowalski_sendButton' is clicked on

2021-12-21 19:16:14 - [MESSAGE][PASSED] - Object: 'Object Repository/Page_PSTO webMessenger - Zalogowano/img_Mateusz Kowalski_sendButton' is clicked on

2021-12-21 19:16:14 - [TEST_STEP][PASSED] - setText(findTestObject("Page_PSTO webMessenger - Zalogowano/input_Mateusz Kowalski_messageInput"), "d"): Text 'd' is set on object 'Object Repository/Page_PSTO webMessenger - Zalogowano/input_Mateusz Kowalski_messageInput'

2021-12-21 19:16:19 - [MESSAGE][PASSED] - Text 'd' is set on object 'Object Repository/Page_PSTO webMessenger - Zalogowano/input_Mateusz Kowalski_messageInput'

2021-12-21 19:16:19 - [TEST_STEP][PASSED] - click(findTestObject("Page_PSTO webMessenger - Zalogowano/img_Mateusz Kowalski_sendButton")): Object: 'Object Repository/Page_PSTO webMessenger - Zalogowano/img_Mateusz Kowalski_sendButton' is clicked on

2021-12-21 19:16:21 - [MESSAGE][PASSED] - Object: 'Object Repository/Page_PSTO webMessenger - Zalogowano/img_Mateusz Kowalski_sendButton' is clicked on

2021-12-21 19:16:21 - [TEST_STEP][PASSED] - setText(findTestObject("Page_PSTO webMessenger - Zalogowano/input_Mateusz Kowalski_messageInput"), "d"): Text 'd' is set on object 'Object Repository/Page_PSTO webMessenger - Zalogowano/input_Mateusz Kowalski_messageInput'

2021-12-21 19:16:25 - [MESSAGE][PASSED] - Text 'd' is set on object 'Object Repository/Page_PSTO webMessenger - Zalogowano/input_Mateusz Kowalski_messageInput'

2021-12-21 19:16:25 - [TEST_STEP][PASSED] - click(findTestObject("Page_PSTO webMessenger - Zalogowano/img_Mateusz Kowalski_sendButton")): Object: 'Object Repository/Page_PSTO webMessenger - Zalogowano/img_Mateusz Kowalski_sendButton' is clicked on

2021-12-21 19:16:27 - [MESSAGE][PASSED] - Object: 'Object Repository/Page_PSTO webMessenger - Zalogowano/img_Mateusz Kowalski_sendButton' is clicked on

2021-12-21 19:16:27 - [TEST_STEP][PASSED] - setText(findTestObject("Page_PSTO webMessenger - Zalogowano/input_Mateusz Kowalski_messageInput"), "d"): Text 'd' is set on object 'Object Repository/Page_PSTO webMessenger - Zalogowano/input_Mateusz Kowalski_messageInput'

2021-12-21 19:16:31 - [MESSAGE][PASSED] - Text 'd' is set on object 'Object Repository/Page_PSTO webMessenger - Zalogowano/input_Mateusz Kowalski_messageInput'

2021-12-21 19:16:31 - [TEST_STEP][PASSED] - click(findTestObject("Page_PSTO webMessenger - Zalogowano/img_Mateusz Kowalski_sendButton")): Object: 'Object Repository/Page_PSTO webMessenger - Zalogowano/img_Mateusz Kowalski_sendButton' is clicked on

2021-12-21 19:16:33 - [MESSAGE][PASSED] - Object: 'Object Repository/Page_PSTO webMessenger - Zalogowano/img_Mateusz Kowalski_sendButton' is clicked on

2021-12-21 19:16:33 - [TEST_STEP][PASSED] - setText(findTestObject("Page_PSTO webMessenger - Zalogowano/input_Mateusz Kowalski_messageInput"), "d"): Text 'd' is set on object 'Object Repository/Page_PSTO webMessenger - Zalogowano/input_Mateusz Kowalski_messageInput'

2021-12-21 19:16:37 - [MESSAGE][PASSED] - Text 'd' is set on object 'Object Repository/Page_PSTO webMessenger - Zalogowano/input_Mateusz Kowalski_messageInput'

2021-12-21 19:16:37 - [TEST_STEP][PASSED] - click(findTestObject("Page_PSTO webMessenger - Zalogowano/img_Mateusz Kowalski_sendButton")): Object: 'Object Repository/Page_PSTO webMessenger - Zalogowano/img_Mateusz Kowalski_sendButton' is clicked on

2021-12-21 19:16:39 - [MESSAGE][PASSED] - Object: 'Object Repository/Page_PSTO webMessenger - Zalogowano/img_Mateusz Kowalski_sendButton' is clicked on

2021-12-21 19:16:39 - [TEST_STEP][PASSED] - setText(findTestObject("Page_PSTO webMessenger - Zalogowano/input_Mateusz Kowalski_messageInput"), "d"): Text 'd' is set on object 'Object Repository/Page_PSTO webMessenger - Zalogowano/input_Mateusz Kowalski_messageInput'

2021-12-21 19:16:43 - [MESSAGE][PASSED] - Text 'd' is set on object 'Object Repository/Page_PSTO webMessenger - Zalogowano/input_Mateusz Kowalski_messageInput'

2021-12-21 19:16:43 - [TEST_STEP][PASSED] - click(findTestObject("Page_PSTO webMessenger - Zalogowano/img_Mateusz Kowalski_sendButton")): Object: 'Object Repository/Page_PSTO webMessenger - Zalogowano/img_Mateusz Kowalski_sendButton' is clicked on

2021-12-21 19:16:45 - [MESSAGE][PASSED] - Object: 'Object Repository/Page_PSTO webMessenger - Zalogowano/img_Mateusz Kowalski_sendButton' is clicked on

2021-12-21 19:16:45 - [TEST_STEP][PASSED] - setText(findTestObject("Page_PSTO webMessenger - Zalogowano/input_Mateusz Kowalski_messageInput"), "d"): Text 'd' is set on object 'Object Repository/Page_PSTO webMessenger - Zalogowano/input_Mateusz Kowalski_messageInput'

2021-12-21 19:16:49 - [MESSAGE][PASSED] - Text 'd' is set on object 'Object Repository/Page_PSTO webMessenger - Zalogowano/input_Mateusz Kowalski_messageInput'

2021-12-21 19:16:49 - [TEST_STEP][PASSED] - click(findTestObject("Page_PSTO webMessenger - Zalogowano/img_Mateusz Kowalski_sendButton")): Object: 'Object Repository/Page_PSTO webMessenger - Zalogowano/img_Mateusz Kowalski_sendButton' is clicked on

2021-12-21 19:16:51 - [MESSAGE][PASSED] - Object: 'Object Repository/Page_PSTO webMessenger - Zalogowano/img_Mateusz Kowalski_sendButton' is clicked on

2021-12-21 19:16:51 - [TEST_STEP][PASSED] - setText(findTestObject("Page_PSTO webMessenger - Zalogowano/input_Mateusz Kowalski_messageInput"), "d"): Text 'd' is set on object 'Object Repository/Page_PSTO webMessenger - Zalogowano/input_Mateusz Kowalski_messageInput'

2021-12-21 19:16:55 - [MESSAGE][PASSED] - Text 'd' is set on object 'Object Repository/Page_PSTO webMessenger - Zalogowano/input_Mateusz Kowalski_messageInput'

2021-12-21 19:16:55 - [TEST_STEP][PASSED] - click(findTestObject("Page_PSTO webMessenger - Zalogowano/img_Mateusz Kowalski_sendButton")): Object: 'Object Repository/Page_PSTO webMessenger - Zalogowano/img_Mateusz Kowalski_sendButton' is clicked on

2021-12-21 19:16:57 - [MESSAGE][PASSED] - Object: 'Object Repository/Page_PSTO webMessenger - Zalogowano/img_Mateusz Kowalski_sendButton' is clicked on

2021-12-21 19:16:57 - [TEST_STEP][PASSED] - setText(findTestObject("Page_PSTO webMessenger - Zalogowano/input_Mateusz Kowalski_messageInput"), "d"): Text 'd' is set on object 'Object Repository/Page_PSTO webMessenger - Zalogowano/input_Mateusz Kowalski_messageInput'

2021-12-21 19:17:01 - [MESSAGE][PASSED] - Text 'd' is set on object 'Object Repository/Page_PSTO webMessenger - Zalogowano/input_Mateusz Kowalski_messageInput'

2021-12-21 19:17:01 - [TEST_STEP][PASSED] - click(findTestObject("Page_PSTO webMessenger - Zalogowano/img_Mateusz Kowalski_sendButton")): Object: 'Object Repository/Page_PSTO webMessenger - Zalogowano/img_Mateusz Kowalski_sendButton' is clicked on

2021-12-21 19:17:03 - [MESSAGE][PASSED] - Object: 'Object Repository/Page_PSTO webMessenger - Zalogowano/img_Mateusz Kowalski_sendButton' is clicked on

2021-12-21 19:17:03 - [TEST_STEP][PASSED] - setText(findTestObject("Page_PSTO webMessenger - Zalogowano/input_Mateusz Kowalski_messageInput"), "d"): Text 'd' is set on object 'Object Repository/Page_PSTO webMessenger - Zalogowano/input_Mateusz Kowalski_messageInput'

2021-12-21 19:17:07 - [MESSAGE][PASSED] - Text 'd' is set on object 'Object Repository/Page_PSTO webMessenger - Zalogowano/input_Mateusz Kowalski_messageInput'

2021-12-21 19:17:07 - [TEST_STEP][PASSED] - click(findTestObject("Page_PSTO webMessenger - Zalogowano/img_Mateusz Kowalski_sendButton")): Object: 'Object Repository/Page_PSTO webMessenger - Zalogowano/img_Mateusz Kowalski_sendButton' is clicked on

2021-12-21 19:17:09 - [MESSAGE][PASSED] - Object: 'Object Repository/Page_PSTO webMessenger - Zalogowano/img_Mateusz Kowalski_sendButton' is clicked on

2021-12-21 19:17:09 - [TEST_STEP][PASSED] - setText(findTestObject("Page_PSTO webMessenger - Zalogowano/input_Mateusz Kowalski_messageInput"), "d"): Text 'd' is set on object 'Object Repository/Page_PSTO webMessenger - Zalogowano/input_Mateusz Kowalski_messageInput'

2021-12-21 19:17:13 - [MESSAGE][PASSED] - Text 'd' is set on object 'Object Repository/Page_PSTO webMessenger - Zalogowano/input_Mateusz Kowalski_messageInput'

2021-12-21 19:17:13 - [TEST_STEP][PASSED] - click(findTestObject("Page_PSTO webMessenger - Zalogowano/img_Mateusz Kowalski_sendButton")): Object: 'Object Repository/Page_PSTO webMessenger - Zalogowano/img_Mateusz Kowalski_sendButton' is clicked on

2021-12-21 19:17:15 - [MESSAGE][PASSED] - Object: 'Object Repository/Page_PSTO webMessenger - Zalogowano/img_Mateusz Kowalski_sendButton' is clicked on

2021-12-21 19:17:15 - [TEST_STEP][PASSED] - setText(findTestObject("Page_PSTO webMessenger - Zalogowano/input_Mateusz Kowalski_messageInput"), "d"): Text 'd' is set on object 'Object Repository/Page_PSTO webMessenger - Zalogowano/input_Mateusz Kowalski_messageInput'

2021-12-21 19:17:19 - [MESSAGE][PASSED] - Text 'd' is set on object 'Object Repository/Page_PSTO webMessenger - Zalogowano/input_Mateusz Kowalski_messageInput'

2021-12-21 19:17:19 - [TEST_STEP][PASSED] - click(findTestObject("Page_PSTO webMessenger - Zalogowano/img_Mateusz Kowalski_sendButton")): Object: 'Object Repository/Page_PSTO webMessenger - Zalogowano/img_Mateusz Kowalski_sendButton' is clicked on

2021-12-21 19:17:21 - [MESSAGE][PASSED] - Object: 'Object Repository/Page_PSTO webMessenger - Zalogowano/img_Mateusz Kowalski_sendButton' is clicked on

2021-12-21 19:17:21 - [TEST_STEP][PASSED] - setText(findTestObject("Page_PSTO webMessenger - Zalogowano/input_Mateusz Kowalski_messageInput"), "d"): Text 'd' is set on object 'Object Repository/Page_PSTO webMessenger - Zalogowano/input_Mateusz Kowalski_messageInput'

2021-12-21 19:17:25 - [MESSAGE][PASSED] - Text 'd' is set on object 'Object Repository/Page_PSTO webMessenger - Zalogowano/input_Mateusz Kowalski_messageInput'

2021-12-21 19:17:25 - [TEST_STEP][PASSED] - click(findTestObject("Page_PSTO webMessenger - Zalogowano/img_Mateusz Kowalski_sendButton")): Object: 'Object Repository/Page_PSTO webMessenger - Zalogowano/img_Mateusz Kowalski_sendButton' is clicked on

2021-12-21 19:17:27 - [MESSAGE][PASSED] - Object: 'Object Repository/Page_PSTO webMessenger - Zalogowano/img_Mateusz Kowalski_sendButton' is clicked on

2021-12-21 19:17:27 - [TEST_STEP][PASSED] - setText(findTestObject("Page_PSTO webMessenger - Zalogowano/input_Mateusz Kowalski_messageInput"), "d"): Text 'd' is set on object 'Object Repository/Page_PSTO webMessenger - Zalogowano/input_Mateusz Kowalski_messageInput'

2021-12-21 19:17:31 - [MESSAGE][PASSED] - Text 'd' is set on object 'Object Repository/Page_PSTO webMessenger - Zalogowano/input_Mateusz Kowalski_messageInput'

2021-12-21 19:17:31 - [TEST_STEP][PASSED] - click(findTestObject("Page_PSTO webMessenger - Zalogowano/img_Mateusz Kowalski_sendButton")): Object: 'Object Repository/Page_PSTO webMessenger - Zalogowano/img_Mateusz Kowalski_sendButton' is clicked on

2021-12-21 19:17:33 - [MESSAGE][PASSED] - Object: 'Object Repository/Page_PSTO webMessenger - Zalogowano/img_Mateusz Kowalski_sendButton' is clicked on

2021-12-21 19:17:33 - [TEST_STEP][PASSED] - setText(findTestObject("Page_PSTO webMessenger - Zalogowano/input_Mateusz Kowalski_messageInput"), "d"): Text 'd' is set on object 'Object Repository/Page_PSTO webMessenger - Zalogowano/input_Mateusz Kowalski_messageInput'

2021-12-21 19:17:37 - [MESSAGE][PASSED] - Text 'd' is set on object 'Object Repository/Page_PSTO webMessenger - Zalogowano/input_Mateusz Kowalski_messageInput'

2021-12-21 19:17:37 - [TEST_STEP][PASSED] - click(findTestObject("Page_PSTO webMessenger - Zalogowano/img_Mateusz Kowalski_sendButton")): Object: 'Object Repository/Page_PSTO webMessenger - Zalogowano/img_Mateusz Kowalski_sendButton' is clicked on

2021-12-21 19:17:39 - [MESSAGE][PASSED] - Object: 'Object Repository/Page_PSTO webMessenger - Zalogowano/img_Mateusz Kowalski_sendButton' is clicked on

2021-12-21 19:17:39 - [TEST_STEP][PASSED] - setText(findTestObject("Page_PSTO webMessenger - Zalogowano/input_Mateusz Kowalski_messageInput"), "d"): Text 'd' is set on object 'Object Repository/Page_PSTO webMessenger - Zalogowano/input_Mateusz Kowalski_messageInput'

2021-12-21 19:17:43 - [MESSAGE][PASSED] - Text 'd' is set on object 'Object Repository/Page_PSTO webMessenger - Zalogowano/input_Mateusz Kowalski_messageInput'

2021-12-21 19:17:43 - [TEST_STEP][PASSED] - click(findTestObject("Page_PSTO webMessenger - Zalogowano/img_Mateusz Kowalski_sendButton")): Object: 'Object Repository/Page_PSTO webMessenger - Zalogowano/img_Mateusz Kowalski_sendButton' is clicked on

2021-12-21 19:17:45 - [MESSAGE][PASSED] - Object: 'Object Repository/Page_PSTO webMessenger - Zalogowano/img_Mateusz Kowalski_sendButton' is clicked on

2021-12-21 19:17:45 - [TEST_STEP][PASSED] - setText(findTestObject("Page_PSTO webMessenger - Zalogowano/input_Mateusz Kowalski_messageInput"), "d"): Text 'd' is set on object 'Object Repository/Page_PSTO webMessenger - Zalogowano/input_Mateusz Kowalski_messageInput'

2021-12-21 19:17:49 - [MESSAGE][PASSED] - Text 'd' is set on object 'Object Repository/Page_PSTO webMessenger - Zalogowano/input_Mateusz Kowalski_messageInput'

2021-12-21 19:17:49 - [TEST_STEP][PASSED] - click(findTestObject("Page_PSTO webMessenger - Zalogowano/img_Mateusz Kowalski_sendButton")): Object: 'Object Repository/Page_PSTO webMessenger - Zalogowano/img_Mateusz Kowalski_sendButton' is clicked on

2021-12-21 19:17:51 - [MESSAGE][PASSED] - Object: 'Object Repository/Page_PSTO webMessenger - Zalogowano/img_Mateusz Kowalski_sendButton' is clicked on

2021-12-21 19:17:51 - [TEST_STEP][PASSED] - setText(findTestObject("Page_PSTO webMessenger - Zalogowano/input_Mateusz Kowalski_messageInput"), "d"): Text 'd' is set on object 'Object Repository/Page_PSTO webMessenger - Zalogowano/input_Mateusz Kowalski_messageInput'

2021-12-21 19:17:55 - [MESSAGE][PASSED] - Text 'd' is set on object 'Object Repository/Page_PSTO webMessenger - Zalogowano/input_Mateusz Kowalski_messageInput'

2021-12-21 19:17:55 - [TEST_STEP][PASSED] - click(findTestObject("Page_PSTO webMessenger - Zalogowano/img_Mateusz Kowalski_sendButton")): Object: 'Object Repository/Page_PSTO webMessenger - Zalogowano/img_Mateusz Kowalski_sendButton' is clicked on

2021-12-21 19:17:57 - [MESSAGE][PASSED] - Object: 'Object Repository/Page_PSTO webMessenger - Zalogowano/img_Mateusz Kowalski_sendButton' is clicked on

2021-12-21 19:17:57 - [TEST_STEP][PASSED] - setText(findTestObject("Page_PSTO webMessenger - Zalogowano/input_Mateusz Kowalski_messageInput"), "d"): Text 'd' is set on object 'Object Repository/Page_PSTO webMessenger - Zalogowano/input_Mateusz Kowalski_messageInput'

2021-12-21 19:18:02 - [MESSAGE][PASSED] - Text 'd' is set on object 'Object Repository/Page_PSTO webMessenger - Zalogowano/input_Mateusz Kowalski_messageInput'

2021-12-21 19:18:02 - [TEST_STEP][PASSED] - click(findTestObject("Page_PSTO webMessenger - Zalogowano/img_Mateusz Kowalski_sendButton")): Object: 'Object Repository/Page_PSTO webMessenger - Zalogowano/img_Mateusz Kowalski_sendButton' is clicked on

2021-12-21 19:18:04 - [MESSAGE][PASSED] - Object: 'Object Repository/Page_PSTO webMessenger - Zalogowano/img_Mateusz Kowalski_sendButton' is clicked on

2021-12-21 19:18:04 - [TEST_STEP][PASSED] - setText(findTestObject("Page_PSTO webMessenger - Zalogowano/input_Mateusz Kowalski_messageInput"), "d"): Text 'd' is set on object 'Object Repository/Page_PSTO webMessenger - Zalogowano/input_Mateusz Kowalski_messageInput'

2021-12-21 19:18:08 - [MESSAGE][PASSED] - Text 'd' is set on object 'Object Repository/Page_PSTO webMessenger - Zalogowano/input_Mateusz Kowalski_messageInput'

2021-12-21 19:18:08 - [TEST_STEP][PASSED] - click(findTestObject("Page_PSTO webMessenger - Zalogowano/img_Mateusz Kowalski_sendButton")): Object: 'Object Repository/Page_PSTO webMessenger - Zalogowano/img_Mateusz Kowalski_sendButton' is clicked on

2021-12-21 19:18:10 - [MESSAGE][PASSED] - Object: 'Object Repository/Page_PSTO webMessenger - Zalogowano/img_Mateusz Kowalski_sendButton' is clicked on

2021-12-21 19:18:10 - [TEST_STEP][PASSED] - setText(findTestObject("Page_PSTO webMessenger - Zalogowano/input_Mateusz Kowalski_messageInput"), "d"): Text 'd' is set on object 'Object Repository/Page_PSTO webMessenger - Zalogowano/input_Mateusz Kowalski_messageInput'

2021-12-21 19:18:14 - [MESSAGE][PASSED] - Text 'd' is set on object 'Object Repository/Page_PSTO webMessenger - Zalogowano/input_Mateusz Kowalski_messageInput'

2021-12-21 19:18:14 - [TEST_STEP][PASSED] - click(findTestObject("Page_PSTO webMessenger - Zalogowano/img_Mateusz Kowalski_sendButton")): Object: 'Object Repository/Page_PSTO webMessenger - Zalogowano/img_Mateusz Kowalski_sendButton' is clicked on

2021-12-21 19:18:16 - [MESSAGE][PASSED] - Object: 'Object Repository/Page_PSTO webMessenger - Zalogowano/img_Mateusz Kowalski_sendButton' is clicked on

2021-12-21 19:18:16 - [TEST_STEP][PASSED] - setText(findTestObject("Page_PSTO webMessenger - Zalogowano/input_Mateusz Kowalski_messageInput"), "d"): Text 'd' is set on object 'Object Repository/Page_PSTO webMessenger - Zalogowano/input_Mateusz Kowalski_messageInput'

2021-12-21 19:18:20 - [MESSAGE][PASSED] - Text 'd' is set on object 'Object Repository/Page_PSTO webMessenger - Zalogowano/input_Mateusz Kowalski_messageInput'

2021-12-21 19:18:20 - [TEST_STEP][PASSED] - click(findTestObject("Page_PSTO webMessenger - Zalogowano/img_Mateusz Kowalski_sendButton")): Object: 'Object Repository/Page_PSTO webMessenger - Zalogowano/img_Mateusz Kowalski_sendButton' is clicked on

2021-12-21 19:18:24 - [MESSAGE][PASSED] - Object: 'Object Repository/Page_PSTO webMessenger - Zalogowano/img_Mateusz Kowalski_sendButton' is clicked on

2021-12-21 19:18:24 - [TEST_STEP][PASSED] - setText(findTestObject("Page_PSTO webMessenger - Zalogowano/input_Mateusz Kowalski_messageInput"), "d"): Text 'd' is set on object 'Object Repository/Page_PSTO webMessenger - Zalogowano/input_Mateusz Kowalski_messageInput'

2021-12-21 19:18:28 - [MESSAGE][PASSED] - Text 'd' is set on object 'Object Repository/Page_PSTO webMessenger - Zalogowano/input_Mateusz Kowalski_messageInput'

2021-12-21 19:18:28 - [TEST_STEP][PASSED] - click(findTestObject("Page_PSTO webMessenger - Zalogowano/img_Mateusz Kowalski_sendButton")): Object: 'Object Repository/Page_PSTO webMessenger - Zalogowano/img_Mateusz Kowalski_sendButton' is clicked on

2021-12-21 19:18:30 - [MESSAGE][PASSED] - Object: 'Object Repository/Page_PSTO webMessenger - Zalogowano/img_Mateusz Kowalski_sendButton' is clicked on

2021-12-21 19:18:30 - [TEST_STEP][PASSED] - setText(findTestObject("Page_PSTO webMessenger - Zalogowano/input_Mateusz Kowalski_messageInput"), "d"): Text 'd' is set on object 'Object Repository/Page_PSTO webMessenger - Zalogowano/input_Mateusz Kowalski_messageInput'

2021-12-21 19:18:34 - [MESSAGE][PASSED] - Text 'd' is set on object 'Object Repository/Page_PSTO webMessenger - Zalogowano/input_Mateusz Kowalski_messageInput'

2021-12-21 19:18:34 - [TEST_STEP][PASSED] - click(findTestObject("Page_PSTO webMessenger - Zalogowano/img_Mateusz Kowalski_sendButton")): Object: 'Object Repository/Page_PSTO webMessenger - Zalogowano/img_Mateusz Kowalski_sendButton' is clicked on

2021-12-21 19:18:36 - [MESSAGE][PASSED] - Object: 'Object Repository/Page_PSTO webMessenger - Zalogowano/img_Mateusz Kowalski_sendButton' is clicked on

2021-12-21 19:18:36 - [TEST_STEP][PASSED] - setText(findTestObject("Page_PSTO webMessenger - Zalogowano/input_Mateusz Kowalski_messageInput"), "d"): Text 'd' is set on object 'Object Repository/Page_PSTO webMessenger - Zalogowano/input_Mateusz Kowalski_messageInput'

2021-12-21 19:18:40 - [MESSAGE][PASSED] - Text 'd' is set on object 'Object Repository/Page_PSTO webMessenger - Zalogowano/input_Mateusz Kowalski_messageInput'

2021-12-21 19:18:40 - [TEST_STEP][PASSED] - click(findTestObject("Page_PSTO webMessenger - Zalogowano/img_Mateusz Kowalski_sendButton")): Object: 'Object Repository/Page_PSTO webMessenger - Zalogowano/img_Mateusz Kowalski_sendButton' is clicked on

2021-12-21 19:18:42 - [MESSAGE][PASSED] - Object: 'Object Repository/Page_PSTO webMessenger - Zalogowano/img_Mateusz Kowalski_sendButton' is clicked on

2021-12-21 19:18:42 - [TEST_STEP][PASSED] - setText(findTestObject("Page_PSTO webMessenger - Zalogowano/input_Mateusz Kowalski_messageInput"), "d"): Text 'd' is set on object 'Object Repository/Page_PSTO webMessenger - Zalogowano/input_Mateusz Kowalski_messageInput'

2021-12-21 19:18:46 - [MESSAGE][PASSED] - Text 'd' is set on object 'Object Repository/Page_PSTO webMessenger - Zalogowano/input_Mateusz Kowalski_messageInput'

2021-12-21 19:18:46 - [TEST_STEP][PASSED] - click(findTestObject("Page_PSTO webMessenger - Zalogowano/img_Mateusz Kowalski_sendButton")): Object: 'Object Repository/Page_PSTO webMessenger - Zalogowano/img_Mateusz Kowalski_sendButton' is clicked on

2021-12-21 19:18:48 - [MESSAGE][PASSED] - Object: 'Object Repository/Page_PSTO webMessenger - Zalogowano/img_Mateusz Kowalski_sendButton' is clicked on

2021-12-21 19:18:48 - [TEST_STEP][PASSED] - setText(findTestObject("Page_PSTO webMessenger - Zalogowano/input_Mateusz Kowalski_messageInput"), "d"): Text 'd' is set on object 'Object Repository/Page_PSTO webMessenger - Zalogowano/input_Mateusz Kowalski_messageInput'

2021-12-21 19:18:52 - [MESSAGE][PASSED] - Text 'd' is set on object 'Object Repository/Page_PSTO webMessenger - Zalogowano/input_Mateusz Kowalski_messageInput'

2021-12-21 19:18:52 - [TEST_STEP][PASSED] - click(findTestObject("Page_PSTO webMessenger - Zalogowano/img_Mateusz Kowalski_sendButton")): Object: 'Object Repository/Page_PSTO webMessenger - Zalogowano/img_Mateusz Kowalski_sendButton' is clicked on

2021-12-21 19:18:54 - [MESSAGE][PASSED] - Object: 'Object Repository/Page_PSTO webMessenger - Zalogowano/img_Mateusz Kowalski_sendButton' is clicked on

2021-12-21 19:18:54 - [TEST_STEP][PASSED] - setText(findTestObject("Page_PSTO webMessenger - Zalogowano/input_Mateusz Kowalski_messageInput"), "d"): Text 'd' is set on object 'Object Repository/Page_PSTO webMessenger - Zalogowano/input_Mateusz Kowalski_messageInput'

2021-12-21 19:18:59 - [MESSAGE][PASSED] - Text 'd' is set on object 'Object Repository/Page_PSTO webMessenger - Zalogowano/input_Mateusz Kowalski_messageInput'

2021-12-21 19:18:59 - [TEST_STEP][PASSED] - click(findTestObject("Page_PSTO webMessenger - Zalogowano/img_Mateusz Kowalski_sendButton")): Object: 'Object Repository/Page_PSTO webMessenger - Zalogowano/img_Mateusz Kowalski_sendButton' is clicked on

2021-12-21 19:19:01 - [MESSAGE][PASSED] - Object: 'Object Repository/Page_PSTO webMessenger - Zalogowano/img_Mateusz Kowalski_sendButton' is clicked on

2021-12-21 19:19:01 - [TEST_STEP][PASSED] - setText(findTestObject("Page_PSTO webMessenger - Zalogowano/input_Mateusz Kowalski_messageInput"), "d"): Text 'd' is set on object 'Object Repository/Page_PSTO webMessenger - Zalogowano/input_Mateusz Kowalski_messageInput'

2021-12-21 19:19:05 - [MESSAGE][PASSED] - Text 'd' is set on object 'Object Repository/Page_PSTO webMessenger - Zalogowano/input_Mateusz Kowalski_messageInput'

2021-12-21 19:19:05 - [TEST_STEP][PASSED] - click(findTestObject("Page_PSTO webMessenger - Zalogowano/img_Mateusz Kowalski_sendButton")): Object: 'Object Repository/Page_PSTO webMessenger - Zalogowano/img_Mateusz Kowalski_sendButton' is clicked on

2021-12-21 19:19:07 - [MESSAGE][PASSED] - Object: 'Object Repository/Page_PSTO webMessenger - Zalogowano/img_Mateusz Kowalski_sendButton' is clicked on

2021-12-21 19:19:07 - [TEST_STEP][PASSED] - setText(findTestObject("Page_PSTO webMessenger - Zalogowano/input_Mateusz Kowalski_messageInput"), "d"): Text 'd' is set on object 'Object Repository/Page_PSTO webMessenger - Zalogowano/input_Mateusz Kowalski_messageInput'

2021-12-21 19:19:11 - [MESSAGE][PASSED] - Text 'd' is set on object 'Object Repository/Page_PSTO webMessenger - Zalogowano/input_Mateusz Kowalski_messageInput'

2021-12-21 19:19:11 - [TEST_STEP][PASSED] - click(findTestObject("Page_PSTO webMessenger - Zalogowano/img_Mateusz Kowalski_sendButton")): Object: 'Object Repository/Page_PSTO webMessenger - Zalogowano/img_Mateusz Kowalski_sendButton' is clicked on

2021-12-21 19:19:13 - [MESSAGE][PASSED] - Object: 'Object Repository/Page_PSTO webMessenger - Zalogowano/img_Mateusz Kowalski_sendButton' is clicked on

2021-12-21 19:19:13 - [TEST_STEP][PASSED] - setText(findTestObject("Page_PSTO webMessenger - Zalogowano/input_Mateusz Kowalski_messageInput"), "d"): Text 'd' is set on object 'Object Repository/Page_PSTO webMessenger - Zalogowano/input_Mateusz Kowalski_messageInput'

2021-12-21 19:19:17 - [MESSAGE][PASSED] - Text 'd' is set on object 'Object Repository/Page_PSTO webMessenger - Zalogowano/input_Mateusz Kowalski_messageInput'

2021-12-21 19:19:17 - [TEST_STEP][PASSED] - click(findTestObject("Page_PSTO webMessenger - Zalogowano/img_Mateusz Kowalski_sendButton")): Object: 'Object Repository/Page_PSTO webMessenger - Zalogowano/img_Mateusz Kowalski_sendButton' is clicked on

2021-12-21 19:19:19 - [MESSAGE][PASSED] - Object: 'Object Repository/Page_PSTO webMessenger - Zalogowano/img_Mateusz Kowalski_sendButton' is clicked on

2021-12-21 19:19:19 - [TEST_STEP][PASSED] - setText(findTestObject("Page_PSTO webMessenger - Zalogowano/input_Mateusz Kowalski_messageInput"), "d"): Text 'd' is set on object 'Object Repository/Page_PSTO webMessenger - Zalogowano/input_Mateusz Kowalski_messageInput'

2021-12-21 19:19:24 - [MESSAGE][PASSED] - Text 'd' is set on object 'Object Repository/Page_PSTO webMessenger - Zalogowano/input_Mateusz Kowalski_messageInput'

2021-12-21 19:19:24 - [TEST_STEP][PASSED] - click(findTestObject("Page_PSTO webMessenger - Zalogowano/img_Mateusz Kowalski_sendButton")): Object: 'Object Repository/Page_PSTO webMessenger - Zalogowano/img_Mateusz Kowalski_sendButton' is clicked on

2021-12-21 19:19:26 - [MESSAGE][PASSED] - Object: 'Object Repository/Page_PSTO webMessenger - Zalogowano/img_Mateusz Kowalski_sendButton' is clicked on

2021-12-21 19:19:26 - [TEST_STEP][PASSED] - setText(findTestObject("Page_PSTO webMessenger - Zalogowano/input_Mateusz Kowalski_messageInput"), "d"): Text 'd' is set on object 'Object Repository/Page_PSTO webMessenger - Zalogowano/input_Mateusz Kowalski_messageInput'

2021-12-21 19:19:30 - [MESSAGE][PASSED] - Text 'd' is set on object 'Object Repository/Page_PSTO webMessenger - Zalogowano/input_Mateusz Kowalski_messageInput'

2021-12-21 19:19:30 - [TEST_STEP][PASSED] - click(findTestObject("Page_PSTO webMessenger - Zalogowano/img_Mateusz Kowalski_sendButton")): Object: 'Object Repository/Page_PSTO webMessenger - Zalogowano/img_Mateusz Kowalski_sendButton' is clicked on

2021-12-21 19:19:32 - [MESSAGE][PASSED] - Object: 'Object Repository/Page_PSTO webMessenger - Zalogowano/img_Mateusz Kowalski_sendButton' is clicked on

2021-12-21 19:19:32 - [TEST_STEP][PASSED] - setText(findTestObject("Page_PSTO webMessenger - Zalogowano/input_Mateusz Kowalski_messageInput"), "d"): Text 'd' is set on object 'Object Repository/Page_PSTO webMessenger - Zalogowano/input_Mateusz Kowalski_messageInput'

2021-12-21 19:19:36 - [MESSAGE][PASSED] - Text 'd' is set on object 'Object Repository/Page_PSTO webMessenger - Zalogowano/input_Mateusz Kowalski_messageInput'

2021-12-21 19:19:36 - [TEST_STEP][PASSED] - click(findTestObject("Page_PSTO webMessenger - Zalogowano/img_Mateusz Kowalski_sendButton")): Object: 'Object Repository/Page_PSTO webMessenger - Zalogowano/img_Mateusz Kowalski_sendButton' is clicked on

2021-12-21 19:19:38 - [MESSAGE][PASSED] - Object: 'Object Repository/Page_PSTO webMessenger - Zalogowano/img_Mateusz Kowalski_sendButton' is clicked on

2021-12-21 19:19:38 - [TEST_STEP][PASSED] - setText(findTestObject("Page_PSTO webMessenger - Zalogowano/input_Mateusz Kowalski_messageInput"), "d"): Text 'd' is set on object 'Object Repository/Page_PSTO webMessenger - Zalogowano/input_Mateusz Kowalski_messageInput'

2021-12-21 19:19:43 - [MESSAGE][PASSED] - Text 'd' is set on object 'Object Repository/Page_PSTO webMessenger - Zalogowano/input_Mateusz Kowalski_messageInput'

2021-12-21 19:19:43 - [TEST_STEP][PASSED] - click(findTestObject("Page_PSTO webMessenger - Zalogowano/img_Mateusz Kowalski_sendButton")): Object: 'Object Repository/Page_PSTO webMessenger - Zalogowano/img_Mateusz Kowalski_sendButton' is clicked on

2021-12-21 19:19:45 - [MESSAGE][PASSED] - Object: 'Object Repository/Page_PSTO webMessenger - Zalogowano/img_Mateusz Kowalski_sendButton' is clicked on

2021-12-21 19:19:45 - [TEST_STEP][PASSED] - setText(findTestObject("Page_PSTO webMessenger - Zalogowano/input_Mateusz Kowalski_messageInput"), "d"): Text 'd' is set on object 'Object Repository/Page_PSTO webMessenger - Zalogowano/input_Mateusz Kowalski_messageInput'

2021-12-21 19:19:49 - [MESSAGE][PASSED] - Text 'd' is set on object 'Object Repository/Page_PSTO webMessenger - Zalogowano/input_Mateusz Kowalski_messageInput'

2021-12-21 19:19:49 - [TEST_STEP][PASSED] - click(findTestObject("Page_PSTO webMessenger - Zalogowano/img_Mateusz Kowalski_sendButton")): Object: 'Object Repository/Page_PSTO webMessenger - Zalogowano/img_Mateusz Kowalski_sendButton' is clicked on

2021-12-21 19:19:51 - [MESSAGE][PASSED] - Object: 'Object Repository/Page_PSTO webMessenger - Zalogowano/img_Mateusz Kowalski_sendButton' is clicked on

2021-12-21 19:19:51 - [TEST_STEP][PASSED] - setText(findTestObject("Page_PSTO webMessenger - Zalogowano/input_Mateusz Kowalski_messageInput"), "d"): Text 'd' is set on object 'Object Repository/Page_PSTO webMessenger - Zalogowano/input_Mateusz Kowalski_messageInput'

2021-12-21 19:19:55 - [MESSAGE][PASSED] - Text 'd' is set on object 'Object Repository/Page_PSTO webMessenger - Zalogowano/input_Mateusz Kowalski_messageInput'

2021-12-21 19:19:55 - [TEST_STEP][PASSED] - click(findTestObject("Page_PSTO webMessenger - Zalogowano/img_Mateusz Kowalski_sendButton")): Object: 'Object Repository/Page_PSTO webMessenger - Zalogowano/img_Mateusz Kowalski_sendButton' is clicked on

2021-12-21 19:19:57 - [MESSAGE][PASSED] - Object: 'Object Repository/Page_PSTO webMessenger - Zalogowano/img_Mateusz Kowalski_sendButton' is clicked on

2021-12-21 19:19:57 - [TEST_STEP][PASSED] - setText(findTestObject("Page_PSTO webMessenger - Zalogowano/input_Mateusz Kowalski_messageInput"), "d"): Text 'd' is set on object 'Object Repository/Page_PSTO webMessenger - Zalogowano/input_Mateusz Kowalski_messageInput'

2021-12-21 19:20:02 - [MESSAGE][PASSED] - Text 'd' is set on object 'Object Repository/Page_PSTO webMessenger - Zalogowano/input_Mateusz Kowalski_messageInput'

2021-12-21 19:20:02 - [TEST_STEP][PASSED] - click(findTestObject("Page_PSTO webMessenger - Zalogowano/img_Mateusz Kowalski_sendButton")): Object: 'Object Repository/Page_PSTO webMessenger - Zalogowano/img_Mateusz Kowalski_sendButton' is clicked on

2021-12-21 19:20:04 - [MESSAGE][PASSED] - Object: 'Object Repository/Page_PSTO webMessenger - Zalogowano/img_Mateusz Kowalski_sendButton' is clicked on

2021-12-21 19:20:04 - [TEST_STEP][PASSED] - setText(findTestObject("Page_PSTO webMessenger - Zalogowano/input_Mateusz Kowalski_messageInput"), "d"): Text 'd' is set on object 'Object Repository/Page_PSTO webMessenger - Zalogowano/input_Mateusz Kowalski_messageInput'

2021-12-21 19:20:09 - [MESSAGE][PASSED] - Text 'd' is set on object 'Object Repository/Page_PSTO webMessenger - Zalogowano/input_Mateusz Kowalski_messageInput'

2021-12-21 19:20:09 - [TEST_STEP][PASSED] - click(findTestObject("Page_PSTO webMessenger - Zalogowano/img_Mateusz Kowalski_sendButton")): Object: 'Object Repository/Page_PSTO webMessenger - Zalogowano/img_Mateusz Kowalski_sendButton' is clicked on

2021-12-21 19:20:11 - [MESSAGE][PASSED] - Object: 'Object Repository/Page_PSTO webMessenger - Zalogowano/img_Mateusz Kowalski_sendButton' is clicked on

2021-12-21 19:20:11 - [TEST_STEP][PASSED] - setText(findTestObject("Page_PSTO webMessenger - Zalogowano/input_Mateusz Kowalski_messageInput"), "d"): Text 'd' is set on object 'Object Repository/Page_PSTO webMessenger - Zalogowano/input_Mateusz Kowalski_messageInput'

2021-12-21 19:20:15 - [MESSAGE][PASSED] - Text 'd' is set on object 'Object Repository/Page_PSTO webMessenger - Zalogowano/input_Mateusz Kowalski_messageInput'

2021-12-21 19:20:15 - [TEST_STEP][PASSED] - click(findTestObject("Page_PSTO webMessenger - Zalogowano/img_Mateusz Kowalski_sendButton")): Object: 'Object Repository/Page_PSTO webMessenger - Zalogowano/img_Mateusz Kowalski_sendButton' is clicked on

2021-12-21 19:20:17 - [MESSAGE][PASSED] - Object: 'Object Repository/Page_PSTO webMessenger - Zalogowano/img_Mateusz Kowalski_sendButton' is clicked on

2021-12-21 19:20:17 - [TEST_STEP][PASSED] - setText(findTestObject("Page_PSTO webMessenger - Zalogowano/input_Mateusz Kowalski_messageInput"), "d"): Text 'd' is set on object 'Object Repository/Page_PSTO webMessenger - Zalogowano/input_Mateusz Kowalski_messageInput'

2021-12-21 19:20:21 - [MESSAGE][PASSED] - Text 'd' is set on object 'Object Repository/Page_PSTO webMessenger - Zalogowano/input_Mateusz Kowalski_messageInput'

2021-12-21 19:20:21 - [TEST_STEP][PASSED] - click(findTestObject("Page_PSTO webMessenger - Zalogowano/img_Mateusz Kowalski_sendButton")): Object: 'Object Repository/Page_PSTO webMessenger - Zalogowano/img_Mateusz Kowalski_sendButton' is clicked on

2021-12-21 19:20:23 - [MESSAGE][PASSED] - Object: 'Object Repository/Page_PSTO webMessenger - Zalogowano/img_Mateusz Kowalski_sendButton' is clicked on

2021-12-21 19:20:23 - [TEST_STEP][PASSED] - setText(findTestObject("Page_PSTO webMessenger - Zalogowano/input_Mateusz Kowalski_messageInput"), "d"): Text 'd' is set on object 'Object Repository/Page_PSTO webMessenger - Zalogowano/input_Mateusz Kowalski_messageInput'

2021-12-21 19:20:27 - [MESSAGE][PASSED] - Text 'd' is set on object 'Object Repository/Page_PSTO webMessenger - Zalogowano/input_Mateusz Kowalski_messageInput'

2021-12-21 19:20:27 - [TEST_STEP][PASSED] - click(findTestObject("Page_PSTO webMessenger - Zalogowano/img_Mateusz Kowalski_sendButton")): Object: 'Object Repository/Page_PSTO webMessenger - Zalogowano/img_Mateusz Kowalski_sendButton' is clicked on

2021-12-21 19:20:29 - [MESSAGE][PASSED] - Object: 'Object Repository/Page_PSTO webMessenger - Zalogowano/img_Mateusz Kowalski_sendButton' is clicked on

2021-12-21 19:20:29 - [TEST_STEP][PASSED] - setText(findTestObject("Page_PSTO webMessenger - Zalogowano/input_Mateusz Kowalski_messageInput"), "d"): Text 'd' is set on object 'Object Repository/Page_PSTO webMessenger - Zalogowano/input_Mateusz Kowalski_messageInput'

2021-12-21 19:20:33 - [MESSAGE][PASSED] - Text 'd' is set on object 'Object Repository/Page_PSTO webMessenger - Zalogowano/input_Mateusz Kowalski_messageInput'

2021-12-21 19:20:33 - [TEST_STEP][PASSED] - click(findTestObject("Page_PSTO webMessenger - Zalogowano/img_Mateusz Kowalski_sendButton")): Object: 'Object Repository/Page_PSTO webMessenger - Zalogowano/img_Mateusz Kowalski_sendButton' is clicked on

2021-12-21 19:20:35 - [MESSAGE][PASSED] - Object: 'Object Repository/Page_PSTO webMessenger - Zalogowano/img_Mateusz Kowalski_sendButton' is clicked on

2021-12-21 19:20:35 - [TEST_STEP][PASSED] - setText(findTestObject("Page_PSTO webMessenger - Zalogowano/input_Mateusz Kowalski_messageInput"), "d"): Text 'd' is set on object 'Object Repository/Page_PSTO webMessenger - Zalogowano/input_Mateusz Kowalski_messageInput'

2021-12-21 19:20:39 - [MESSAGE][PASSED] - Text 'd' is set on object 'Object Repository/Page_PSTO webMessenger - Zalogowano/input_Mateusz Kowalski_messageInput'

2021-12-21 19:20:39 - [TEST_STEP][PASSED] - click(findTestObject("Page_PSTO webMessenger - Zalogowano/img_Mateusz Kowalski_sendButton")): Object: 'Object Repository/Page_PSTO webMessenger - Zalogowano/img_Mateusz Kowalski_sendButton' is clicked on

2021-12-21 19:20:41 - [MESSAGE][PASSED] - Object: 'Object Repository/Page_PSTO webMessenger - Zalogowano/img_Mateusz Kowalski_sendButton' is clicked on

2021-12-21 19:20:41 - [TEST_STEP][PASSED] - setText(findTestObject("Page_PSTO webMessenger - Zalogowano/input_Mateusz Kowalski_messageInput"), "d"): Text 'd' is set on object 'Object Repository/Page_PSTO webMessenger - Zalogowano/input_Mateusz Kowalski_messageInput'

2021-12-21 19:20:45 - [MESSAGE][PASSED] - Text 'd' is set on object 'Object Repository/Page_PSTO webMessenger - Zalogowano/input_Mateusz Kowalski_messageInput'

2021-12-21 19:20:45 - [TEST_STEP][PASSED] - click(findTestObject("Page_PSTO webMessenger - Zalogowano/img_Mateusz Kowalski_sendButton")): Object: 'Object Repository/Page_PSTO webMessenger - Zalogowano/img_Mateusz Kowalski_sendButton' is clicked on

2021-12-21 19:20:47 - [MESSAGE][PASSED] - Object: 'Object Repository/Page_PSTO webMessenger - Zalogowano/img_Mateusz Kowalski_sendButton' is clicked on

2021-12-21 19:20:47 - [TEST_STEP][PASSED] - setText(findTestObject("Page_PSTO webMessenger - Zalogowano/input_Mateusz Kowalski_messageInput"), "d"): Text 'd' is set on object 'Object Repository/Page_PSTO webMessenger - Zalogowano/input_Mateusz Kowalski_messageInput'

2021-12-21 19:20:51 - [MESSAGE][PASSED] - Text 'd' is set on object 'Object Repository/Page_PSTO webMessenger - Zalogowano/input_Mateusz Kowalski_messageInput'

2021-12-21 19:20:51 - [TEST_STEP][PASSED] - click(findTestObject("Page_PSTO webMessenger - Zalogowano/img_Mateusz Kowalski_sendButton")): Object: 'Object Repository/Page_PSTO webMessenger - Zalogowano/img_Mateusz Kowalski_sendButton' is clicked on

2021-12-21 19:20:53 - [MESSAGE][PASSED] - Object: 'Object Repository/Page_PSTO webMessenger - Zalogowano/img_Mateusz Kowalski_sendButton' is clicked on

2021-12-21 19:20:53 - [TEST_STEP][PASSED] - setText(findTestObject("Page_PSTO webMessenger - Zalogowano/input_Mateusz Kowalski_messageInput"), "d"): Text 'd' is set on object 'Object Repository/Page_PSTO webMessenger - Zalogowano/input_Mateusz Kowalski_messageInput'

2021-12-21 19:20:57 - [MESSAGE][PASSED] - Text 'd' is set on object 'Object Repository/Page_PSTO webMessenger - Zalogowano/input_Mateusz Kowalski_messageInput'

2021-12-21 19:20:57 - [TEST_STEP][PASSED] - click(findTestObject("Page_PSTO webMessenger - Zalogowano/img_Mateusz Kowalski_sendButton")): Object: 'Object Repository/Page_PSTO webMessenger - Zalogowano/img_Mateusz Kowalski_sendButton' is clicked on

2021-12-21 19:20:59 - [MESSAGE][PASSED] - Object: 'Object Repository/Page_PSTO webMessenger - Zalogowano/img_Mateusz Kowalski_sendButton' is clicked on

2021-12-21 19:20:59 - [TEST_STEP][PASSED] - setText(findTestObject("Page_PSTO webMessenger - Zalogowano/input_Mateusz Kowalski_messageInput"), "d"): Text 'd' is set on object 'Object Repository/Page_PSTO webMessenger - Zalogowano/input_Mateusz Kowalski_messageInput'

2021-12-21 19:21:03 - [MESSAGE][PASSED] - Text 'd' is set on object 'Object Repository/Page_PSTO webMessenger - Zalogowano/input_Mateusz Kowalski_messageInput'

2021-12-21 19:21:03 - [TEST_STEP][PASSED] - click(findTestObject("Page_PSTO webMessenger - Zalogowano/img_Mateusz Kowalski_sendButton")): Object: 'Object Repository/Page_PSTO webMessenger - Zalogowano/img_Mateusz Kowalski_sendButton' is clicked on

2021-12-21 19:21:05 - [MESSAGE][PASSED] - Object: 'Object Repository/Page_PSTO webMessenger - Zalogowano/img_Mateusz Kowalski_sendButton' is clicked on

2021-12-21 19:21:05 - [TEST_STEP][PASSED] - setText(findTestObject("Page_PSTO webMessenger - Zalogowano/input_Mateusz Kowalski_messageInput"), "d"): Text 'd' is set on object 'Object Repository/Page_PSTO webMessenger - Zalogowano/input_Mateusz Kowalski_messageInput'

2021-12-21 19:21:09 - [MESSAGE][PASSED] - Text 'd' is set on object 'Object Repository/Page_PSTO webMessenger - Zalogowano/input_Mateusz Kowalski_messageInput'

2021-12-21 19:21:09 - [TEST_STEP][PASSED] - click(findTestObject("Page_PSTO webMessenger - Zalogowano/img_Mateusz Kowalski_sendButton")): Object: 'Object Repository/Page_PSTO webMessenger - Zalogowano/img_Mateusz Kowalski_sendButton' is clicked on

2021-12-21 19:21:11 - [MESSAGE][PASSED] - Object: 'Object Repository/Page_PSTO webMessenger - Zalogowano/img_Mateusz Kowalski_sendButton' is clicked on

2021-12-21 19:21:11 - [TEST_STEP][PASSED] - setText(findTestObject("Page_PSTO webMessenger - Zalogowano/input_Mateusz Kowalski_messageInput"), "d"): Text 'd' is set on object 'Object Repository/Page_PSTO webMessenger - Zalogowano/input_Mateusz Kowalski_messageInput'

2021-12-21 19:21:15 - [MESSAGE][PASSED] - Text 'd' is set on object 'Object Repository/Page_PSTO webMessenger - Zalogowano/input_Mateusz Kowalski_messageInput'

2021-12-21 19:21:15 - [TEST_STEP][PASSED] - click(findTestObject("Page_PSTO webMessenger - Zalogowano/img_Mateusz Kowalski_sendButton")): Object: 'Object Repository/Page_PSTO webMessenger - Zalogowano/img_Mateusz Kowalski_sendButton' is clicked on

2021-12-21 19:21:17 - [MESSAGE][PASSED] - Object: 'Object Repository/Page_PSTO webMessenger - Zalogowano/img_Mateusz Kowalski_sendButton' is clicked on

2021-12-21 19:21:17 - [TEST_STEP][PASSED] - setText(findTestObject("Page_PSTO webMessenger - Zalogowano/input_Mateusz Kowalski_messageInput"), "d"): Text 'd' is set on object 'Object Repository/Page_PSTO webMessenger - Zalogowano/input_Mateusz Kowalski_messageInput'

2021-12-21 19:21:21 - [MESSAGE][PASSED] - Text 'd' is set on object 'Object Repository/Page_PSTO webMessenger - Zalogowano/input_Mateusz Kowalski_messageInput'

2021-12-21 19:21:21 - [TEST_STEP][PASSED] - click(findTestObject("Page_PSTO webMessenger - Zalogowano/img_Mateusz Kowalski_sendButton")): Object: 'Object Repository/Page_PSTO webMessenger - Zalogowano/img_Mateusz Kowalski_sendButton' is clicked on

2021-12-21 19:21:23 - [MESSAGE][PASSED] - Object: 'Object Repository/Page_PSTO webMessenger - Zalogowano/img_Mateusz Kowalski_sendButton' is clicked on

2021-12-21 19:21:23 - [TEST_STEP][PASSED] - setText(findTestObject("Page_PSTO webMessenger - Zalogowano/input_Mateusz Kowalski_messageInput"), "d"): Text 'd' is set on object 'Object Repository/Page_PSTO webMessenger - Zalogowano/input_Mateusz Kowalski_messageInput'

2021-12-21 19:21:27 - [MESSAGE][PASSED] - Text 'd' is set on object 'Object Repository/Page_PSTO webMessenger - Zalogowano/input_Mateusz Kowalski_messageInput'

2021-12-21 19:21:27 - [TEST_STEP][PASSED] - click(findTestObject("Page_PSTO webMessenger - Zalogowano/img_Mateusz Kowalski_sendButton")): Object: 'Object Repository/Page_PSTO webMessenger - Zalogowano/img_Mateusz Kowalski_sendButton' is clicked on

2021-12-21 19:21:29 - [MESSAGE][PASSED] - Object: 'Object Repository/Page_PSTO webMessenger - Zalogowano/img_Mateusz Kowalski_sendButton' is clicked on

2021-12-21 19:21:29 - [TEST_STEP][PASSED] - setText(findTestObject("Page_PSTO webMessenger - Zalogowano/input_Mateusz Kowalski_messageInput"), "d"): Text 'd' is set on object 'Object Repository/Page_PSTO webMessenger - Zalogowano/input_Mateusz Kowalski_messageInput'

2021-12-21 19:21:33 - [MESSAGE][PASSED] - Text 'd' is set on object 'Object Repository/Page_PSTO webMessenger - Zalogowano/input_Mateusz Kowalski_messageInput'

2021-12-21 19:21:33 - [TEST_STEP][PASSED] - click(findTestObject("Page_PSTO webMessenger - Zalogowano/img_Mateusz Kowalski_sendButton")): Object: 'Object Repository/Page_PSTO webMessenger - Zalogowano/img_Mateusz Kowalski_sendButton' is clicked on

2021-12-21 19:21:35 - [MESSAGE][PASSED] - Object: 'Object Repository/Page_PSTO webMessenger - Zalogowano/img_Mateusz Kowalski_sendButton' is clicked on

2021-12-21 19:21:35 - [TEST_STEP][PASSED] - setText(findTestObject("Page_PSTO webMessenger - Zalogowano/input_Mateusz Kowalski_messageInput"), "d"): Text 'd' is set on object 'Object Repository/Page_PSTO webMessenger - Zalogowano/input_Mateusz Kowalski_messageInput'

2021-12-21 19:21:39 - [MESSAGE][PASSED] - Text 'd' is set on object 'Object Repository/Page_PSTO webMessenger - Zalogowano/input_Mateusz Kowalski_messageInput'

2021-12-21 19:21:39 - [TEST_STEP][PASSED] - click(findTestObject("Page_PSTO webMessenger - Zalogowano/img_Mateusz Kowalski_sendButton")): Object: 'Object Repository/Page_PSTO webMessenger - Zalogowano/img_Mateusz Kowalski_sendButton' is clicked on

2021-12-21 19:21:41 - [MESSAGE][PASSED] - Object: 'Object Repository/Page_PSTO webMessenger - Zalogowano/img_Mateusz Kowalski_sendButton' is clicked on

2021-12-21 19:21:41 - [TEST_STEP][PASSED] - setText(findTestObject("Page_PSTO webMessenger - Zalogowano/input_Mateusz Kowalski_messageInput"), "d"): Text 'd' is set on object 'Object Repository/Page_PSTO webMessenger - Zalogowano/input_Mateusz Kowalski_messageInput'

2021-12-21 19:21:46 - [MESSAGE][PASSED] - Text 'd' is set on object 'Object Repository/Page_PSTO webMessenger - Zalogowano/input_Mateusz Kowalski_messageInput'

2021-12-21 19:21:46 - [TEST_STEP][PASSED] - click(findTestObject("Page_PSTO webMessenger - Zalogowano/img_Mateusz Kowalski_sendButton")): Object: 'Object Repository/Page_PSTO webMessenger - Zalogowano/img_Mateusz Kowalski_sendButton' is clicked on

2021-12-21 19:21:48 - [MESSAGE][PASSED] - Object: 'Object Repository/Page_PSTO webMessenger - Zalogowano/img_Mateusz Kowalski_sendButton' is clicked on

2021-12-21 19:21:48 - [TEST_STEP][PASSED] - setText(findTestObject("Page_PSTO webMessenger - Zalogowano/input_Mateusz Kowalski_messageInput"), "d"): Text 'd' is set on object 'Object Repository/Page_PSTO webMessenger - Zalogowano/input_Mateusz Kowalski_messageInput'

2021-12-21 19:21:52 - [MESSAGE][PASSED] - Text 'd' is set on object 'Object Repository/Page_PSTO webMessenger - Zalogowano/input_Mateusz Kowalski_messageInput'

2021-12-21 19:21:52 - [TEST_STEP][PASSED] - click(findTestObject("Page_PSTO webMessenger - Zalogowano/img_Mateusz Kowalski_sendButton")): Object: 'Object Repository/Page_PSTO webMessenger - Zalogowano/img_Mateusz Kowalski_sendButton' is clicked on

2021-12-21 19:21:54 - [MESSAGE][PASSED] - Object: 'Object Repository/Page_PSTO webMessenger - Zalogowano/img_Mateusz Kowalski_sendButton' is clicked on

2021-12-21 19:21:54 - [TEST_STEP][PASSED] - setText(findTestObject("Page_PSTO webMessenger - Zalogowano/input_Mateusz Kowalski_messageInput"), "d"): Text 'd' is set on object 'Object Repository/Page_PSTO webMessenger - Zalogowano/input_Mateusz Kowalski_messageInput'

2021-12-21 19:21:58 - [MESSAGE][PASSED] - Text 'd' is set on object 'Object Repository/Page_PSTO webMessenger - Zalogowano/input_Mateusz Kowalski_messageInput'

2021-12-21 19:21:58 - [TEST_STEP][PASSED] - click(findTestObject("Page_PSTO webMessenger - Zalogowano/img_Mateusz Kowalski_sendButton")): Object: 'Object Repository/Page_PSTO webMessenger - Zalogowano/img_Mateusz Kowalski_sendButton' is clicked on

2021-12-21 19:22:00 - [MESSAGE][PASSED] - Object: 'Object Repository/Page_PSTO webMessenger - Zalogowano/img_Mateusz Kowalski_sendButton' is clicked on

2021-12-21 19:22:00 - [TEST_STEP][PASSED] - setText(findTestObject("Page_PSTO webMessenger - Zalogowano/input_Mateusz Kowalski_messageInput"), "d"): Text 'd' is set on object 'Object Repository/Page_PSTO webMessenger - Zalogowano/input_Mateusz Kowalski_messageInput'

2021-12-21 19:22:04 - [MESSAGE][PASSED] - Text 'd' is set on object 'Object Repository/Page_PSTO webMessenger - Zalogowano/input_Mateusz Kowalski_messageInput'

2021-12-21 19:22:04 - [TEST_STEP][PASSED] - click(findTestObject("Page_PSTO webMessenger - Zalogowano/img_Mateusz Kowalski_sendButton")): Object: 'Object Repository/Page_PSTO webMessenger - Zalogowano/img_Mateusz Kowalski_sendButton' is clicked on

2021-12-21 19:22:06 - [MESSAGE][PASSED] - Object: 'Object Repository/Page_PSTO webMessenger - Zalogowano/img_Mateusz Kowalski_sendButton' is clicked on

2021-12-21 19:22:06 - [TEST_STEP][PASSED] - setText(findTestObject("Page_PSTO webMessenger - Zalogowano/input_Mateusz Kowalski_messageInput"), "d"): Text 'd' is set on object 'Object Repository/Page_PSTO webMessenger - Zalogowano/input_Mateusz Kowalski_messageInput'

2021-12-21 19:22:10 - [MESSAGE][PASSED] - Text 'd' is set on object 'Object Repository/Page_PSTO webMessenger - Zalogowano/input_Mateusz Kowalski_messageInput'

2021-12-21 19:22:10 - [TEST_STEP][PASSED] - click(findTestObject("Page_PSTO webMessenger - Zalogowano/img_Mateusz Kowalski_sendButton")): Object: 'Object Repository/Page_PSTO webMessenger - Zalogowano/img_Mateusz Kowalski_sendButton' is clicked on

2021-12-21 19:22:12 - [MESSAGE][PASSED] - Object: 'Object Repository/Page_PSTO webMessenger - Zalogowano/img_Mateusz Kowalski_sendButton' is clicked on

2021-12-21 19:22:12 - [TEST_STEP][PASSED] - setText(findTestObject("Page_PSTO webMessenger - Zalogowano/input_Mateusz Kowalski_messageInput"), "d"): Text 'd' is set on object 'Object Repository/Page_PSTO webMessenger - Zalogowano/input_Mateusz Kowalski_messageInput'

2021-12-21 19:22:16 - [MESSAGE][PASSED] - Text 'd' is set on object 'Object Repository/Page_PSTO webMessenger - Zalogowano/input_Mateusz Kowalski_messageInput'

2021-12-21 19:22:16 - [TEST_STEP][PASSED] - click(findTestObject("Page_PSTO webMessenger - Zalogowano/img_Mateusz Kowalski_sendButton")): Object: 'Object Repository/Page_PSTO webMessenger - Zalogowano/img_Mateusz Kowalski_sendButton' is clicked on

2021-12-21 19:22:18 - [MESSAGE][PASSED] - Object: 'Object Repository/Page_PSTO webMessenger - Zalogowano/img_Mateusz Kowalski_sendButton' is clicked on

2021-12-21 19:22:18 - [TEST_STEP][PASSED] - setText(findTestObject("Page_PSTO webMessenger - Zalogowano/input_Mateusz Kowalski_messageInput"), "d"): Text 'd' is set on object 'Object Repository/Page_PSTO webMessenger - Zalogowano/input_Mateusz Kowalski_messageInput'

2021-12-21 19:22:22 - [MESSAGE][PASSED] - Text 'd' is set on object 'Object Repository/Page_PSTO webMessenger - Zalogowano/input_Mateusz Kowalski_messageInput'

2021-12-21 19:22:22 - [TEST_STEP][PASSED] - click(findTestObject("Page_PSTO webMessenger - Zalogowano/img_Mateusz Kowalski_sendButton")): Object: 'Object Repository/Page_PSTO webMessenger - Zalogowano/img_Mateusz Kowalski_sendButton' is clicked on

2021-12-21 19:22:24 - [MESSAGE][PASSED] - Object: 'Object Repository/Page_PSTO webMessenger - Zalogowano/img_Mateusz Kowalski_sendButton' is clicked on

2021-12-21 19:22:24 - [TEST_STEP][PASSED] - setText(findTestObject("Page_PSTO webMessenger - Zalogowano/input_Mateusz Kowalski_messageInput"), "d"): Text 'd' is set on object 'Object Repository/Page_PSTO webMessenger - Zalogowano/input_Mateusz Kowalski_messageInput'

2021-12-21 19:22:28 - [MESSAGE][PASSED] - Text 'd' is set on object 'Object Repository/Page_PSTO webMessenger - Zalogowano/input_Mateusz Kowalski_messageInput'

2021-12-21 19:22:28 - [TEST_STEP][PASSED] - click(findTestObject("Page_PSTO webMessenger - Zalogowano/img_Mateusz Kowalski_sendButton")): Object: 'Object Repository/Page_PSTO webMessenger - Zalogowano/img_Mateusz Kowalski_sendButton' is clicked on

2021-12-21 19:22:30 - [MESSAGE][PASSED] - Object: 'Object Repository/Page_PSTO webMessenger - Zalogowano/img_Mateusz Kowalski_sendButton' is clicked on

2021-12-21 19:22:30 - [TEST_STEP][PASSED] - setText(findTestObject("Page_PSTO webMessenger - Zalogowano/input_Mateusz Kowalski_messageInput"), "d"): Text 'd' is set on object 'Object Repository/Page_PSTO webMessenger - Zalogowano/input_Mateusz Kowalski_messageInput'

2021-12-21 19:22:34 - [MESSAGE][PASSED] - Text 'd' is set on object 'Object Repository/Page_PSTO webMessenger - Zalogowano/input_Mateusz Kowalski_messageInput'

2021-12-21 19:22:34 - [TEST_STEP][PASSED] - click(findTestObject("Page_PSTO webMessenger - Zalogowano/img_Mateusz Kowalski_sendButton")): Object: 'Object Repository/Page_PSTO webMessenger - Zalogowano/img_Mateusz Kowalski_sendButton' is clicked on

2021-12-21 19:22:36 - [MESSAGE][PASSED] - Object: 'Object Repository/Page_PSTO webMessenger - Zalogowano/img_Mateusz Kowalski_sendButton' is clicked on

2021-12-21 19:22:36 - [TEST_STEP][PASSED] - setText(findTestObject("Page_PSTO webMessenger - Zalogowano/input_Mateusz Kowalski_messageInput"), "d"): Text 'd' is set on object 'Object Repository/Page_PSTO webMessenger - Zalogowano/input_Mateusz Kowalski_messageInput'

2021-12-21 19:22:40 - [MESSAGE][PASSED] - Text 'd' is set on object 'Object Repository/Page_PSTO webMessenger - Zalogowano/input_Mateusz Kowalski_messageInput'

2021-12-21 19:22:40 - [TEST_STEP][PASSED] - click(findTestObject("Page_PSTO webMessenger - Zalogowano/img_Mateusz Kowalski_sendButton")): Object: 'Object Repository/Page_PSTO webMessenger - Zalogowano/img_Mateusz Kowalski_sendButton' is clicked on

2021-12-21 19:22:42 - [MESSAGE][PASSED] - Object: 'Object Repository/Page_PSTO webMessenger - Zalogowano/img_Mateusz Kowalski_sendButton' is clicked on

2021-12-21 19:22:42 - [TEST_STEP][PASSED] - setText(findTestObject("Page_PSTO webMessenger - Zalogowano/input_Mateusz Kowalski_messageInput"), "d"): Text 'd' is set on object 'Object Repository/Page_PSTO webMessenger - Zalogowano/input_Mateusz Kowalski_messageInput'

2021-12-21 19:22:46 - [MESSAGE][PASSED] - Text 'd' is set on object 'Object Repository/Page_PSTO webMessenger - Zalogowano/input_Mateusz Kowalski_messageInput'

2021-12-21 19:22:46 - [TEST_STEP][PASSED] - click(findTestObject("Page_PSTO webMessenger - Zalogowano/img_Mateusz Kowalski_sendButton")): Object: 'Object Repository/Page_PSTO webMessenger - Zalogowano/img_Mateusz Kowalski_sendButton' is clicked on

2021-12-21 19:22:48 - [MESSAGE][PASSED] - Object: 'Object Repository/Page_PSTO webMessenger - Zalogowano/img_Mateusz Kowalski_sendButton' is clicked on

2021-12-21 19:22:48 - [TEST_STEP][PASSED] - setText(findTestObject("Page_PSTO webMessenger - Zalogowano/input_Mateusz Kowalski_messageInput"), "d"): Text 'd' is set on object 'Object Repository/Page_PSTO webMessenger - Zalogowano/input_Mateusz Kowalski_messageInput'

2021-12-21 19:22:52 - [MESSAGE][PASSED] - Text 'd' is set on object 'Object Repository/Page_PSTO webMessenger - Zalogowano/input_Mateusz Kowalski_messageInput'

2021-12-21 19:22:52 - [TEST_STEP][PASSED] - click(findTestObject("Page_PSTO webMessenger - Zalogowano/img_Mateusz Kowalski_sendButton")): Object: 'Object Repository/Page_PSTO webMessenger - Zalogowano/img_Mateusz Kowalski_sendButton' is clicked on

2021-12-21 19:22:54 - [MESSAGE][PASSED] - Object: 'Object Repository/Page_PSTO webMessenger - Zalogowano/img_Mateusz Kowalski_sendButton' is clicked on

2021-12-21 19:22:54 - [TEST_STEP][PASSED] - setText(findTestObject("Page_PSTO webMessenger - Zalogowano/input_Mateusz Kowalski_messageInput"), "d"): Text 'd' is set on object 'Object Repository/Page_PSTO webMessenger - Zalogowano/input_Mateusz Kowalski_messageInput'

2021-12-21 19:23:00 - [MESSAGE][PASSED] - Text 'd' is set on object 'Object Repository/Page_PSTO webMessenger - Zalogowano/input_Mateusz Kowalski_messageInput'

2021-12-21 19:23:00 - [TEST_STEP][PASSED] - click(findTestObject("Page_PSTO webMessenger - Zalogowano/img_Mateusz Kowalski_sendButton")): Object: 'Object Repository/Page_PSTO webMessenger - Zalogowano/img_Mateusz Kowalski_sendButton' is clicked on

2021-12-21 19:23:02 - [MESSAGE][PASSED] - Object: 'Object Repository/Page_PSTO webMessenger - Zalogowano/img_Mateusz Kowalski_sendButton' is clicked on

2021-12-21 19:23:02 - [TEST_STEP][PASSED] - setText(findTestObject("Page_PSTO webMessenger - Zalogowano/input_Mateusz Kowalski_messageInput"), "d"): Text 'd' is set on object 'Object Repository/Page_PSTO webMessenger - Zalogowano/input_Mateusz Kowalski_messageInput'

2021-12-21 19:23:06 - [MESSAGE][PASSED] - Text 'd' is set on object 'Object Repository/Page_PSTO webMessenger - Zalogowano/input_Mateusz Kowalski_messageInput'

2021-12-21 19:23:06 - [TEST_STEP][PASSED] - click(findTestObject("Page_PSTO webMessenger - Zalogowano/img_Mateusz Kowalski_sendButton")): Object: 'Object Repository/Page_PSTO webMessenger - Zalogowano/img_Mateusz Kowalski_sendButton' is clicked on

2021-12-21 19:23:08 - [MESSAGE][PASSED] - Object: 'Object Repository/Page_PSTO webMessenger - Zalogowano/img_Mateusz Kowalski_sendButton' is clicked on

2021-12-21 19:23:08 - [TEST_STEP][PASSED] - setText(findTestObject("Page_PSTO webMessenger - Zalogowano/input_Mateusz Kowalski_messageInput"), "d"): Text 'd' is set on object 'Object Repository/Page_PSTO webMessenger - Zalogowano/input_Mateusz Kowalski_messageInput'

2021-12-21 19:23:12 - [MESSAGE][PASSED] - Text 'd' is set on object 'Object Repository/Page_PSTO webMessenger - Zalogowano/input_Mateusz Kowalski_messageInput'

2021-12-21 19:23:12 - [TEST_STEP][PASSED] - click(findTestObject("Page_PSTO webMessenger - Zalogowano/img_Mateusz Kowalski_sendButton")): Object: 'Object Repository/Page_PSTO webMessenger - Zalogowano/img_Mateusz Kowalski_sendButton' is clicked on

2021-12-21 19:23:14 - [MESSAGE][PASSED] - Object: 'Object Repository/Page_PSTO webMessenger - Zalogowano/img_Mateusz Kowalski_sendButton' is clicked on

2021-12-21 19:23:14 - [TEST_STEP][PASSED] - setText(findTestObject("Page_PSTO webMessenger - Zalogowano/input_Mateusz Kowalski_messageInput"), "d"): Text 'd' is set on object 'Object Repository/Page_PSTO webMessenger - Zalogowano/input_Mateusz Kowalski_messageInput'

2021-12-21 19:23:18 - [MESSAGE][PASSED] - Text 'd' is set on object 'Object Repository/Page_PSTO webMessenger - Zalogowano/input_Mateusz Kowalski_messageInput'

2021-12-21 19:23:18 - [TEST_STEP][PASSED] - click(findTestObject("Page_PSTO webMessenger - Zalogowano/img_Mateusz Kowalski_sendButton")): Object: 'Object Repository/Page_PSTO webMessenger - Zalogowano/img_Mateusz Kowalski_sendButton' is clicked on

2021-12-21 19:23:20 - [MESSAGE][PASSED] - Object: 'Object Repository/Page_PSTO webMessenger - Zalogowano/img_Mateusz Kowalski_sendButton' is clicked on

2021-12-21 19:23:20 - [TEST_STEP][PASSED] - setText(findTestObject("Page_PSTO webMessenger - Zalogowano/input_Mateusz Kowalski_messageInput"), "d"): Text 'd' is set on object 'Object Repository/Page_PSTO webMessenger - Zalogowano/input_Mateusz Kowalski_messageInput'

2021-12-21 19:23:24 - [MESSAGE][PASSED] - Text 'd' is set on object 'Object Repository/Page_PSTO webMessenger - Zalogowano/input_Mateusz Kowalski_messageInput'

2021-12-21 19:23:24 - [TEST_STEP][PASSED] - click(findTestObject("Page_PSTO webMessenger - Zalogowano/img_Mateusz Kowalski_sendButton")): Object: 'Object Repository/Page_PSTO webMessenger - Zalogowano/img_Mateusz Kowalski_sendButton' is clicked on

2021-12-21 19:23:26 - [MESSAGE][PASSED] - Object: 'Object Repository/Page_PSTO webMessenger - Zalogowano/img_Mateusz Kowalski_sendButton' is clicked on

2021-12-21 19:23:26 - [TEST_STEP][PASSED] - setText(findTestObject("Page_PSTO webMessenger - Zalogowano/input_Mateusz Kowalski_messageInput"), "d"): Text 'd' is set on object 'Object Repository/Page_PSTO webMessenger - Zalogowano/input_Mateusz Kowalski_messageInput'

2021-12-21 19:23:30 - [MESSAGE][PASSED] - Text 'd' is set on object 'Object Repository/Page_PSTO webMessenger - Zalogowano/input_Mateusz Kowalski_messageInput'

2021-12-21 19:23:30 - [TEST_STEP][PASSED] - click(findTestObject("Page_PSTO webMessenger - Zalogowano/img_Mateusz Kowalski_sendButton")): Object: 'Object Repository/Page_PSTO webMessenger - Zalogowano/img_Mateusz Kowalski_sendButton' is clicked on

2021-12-21 19:23:32 - [MESSAGE][PASSED] - Object: 'Object Repository/Page_PSTO webMessenger - Zalogowano/img_Mateusz Kowalski_sendButton' is clicked on

2021-12-21 19:23:32 - [TEST_STEP][PASSED] - setText(findTestObject("Page_PSTO webMessenger - Zalogowano/input_Mateusz Kowalski_messageInput"), "d"): Text 'd' is set on object 'Object Repository/Page_PSTO webMessenger - Zalogowano/input_Mateusz Kowalski_messageInput'

2021-12-21 19:23:35 - [MESSAGE][PASSED] - Text 'd' is set on object 'Object Repository/Page_PSTO webMessenger - Zalogowano/input_Mateusz Kowalski_messageInput'

2021-12-21 19:23:35 - [TEST_STEP][PASSED] - click(findTestObject("Page_PSTO webMessenger - Zalogowano/img_Mateusz Kowalski_sendButton")): Object: 'Object Repository/Page_PSTO webMessenger - Zalogowano/img_Mateusz Kowalski_sendButton' is clicked on

2021-12-21 19:23:36 - [MESSAGE][PASSED] - Object: 'Object Repository/Page_PSTO webMessenger - Zalogowano/img_Mateusz Kowalski_sendButton' is clicked on

2021-12-21 19:23:36 - [TEST_STEP][PASSED] - setText(findTestObject("Page_PSTO webMessenger - Zalogowano/input_Mateusz Kowalski_messageInput"), "d"): Text 'd' is set on object 'Object Repository/Page_PSTO webMessenger - Zalogowano/input_Mateusz Kowalski_messageInput'

2021-12-21 19:23:40 - [MESSAGE][PASSED] - Text 'd' is set on object 'Object Repository/Page_PSTO webMessenger - Zalogowano/input_Mateusz Kowalski_messageInput'

2021-12-21 19:23:40 - [TEST_STEP][PASSED] - click(findTestObject("Page_PSTO webMessenger - Zalogowano/img_Mateusz Kowalski_sendButton")): Object: 'Object Repository/Page_PSTO webMessenger - Zalogowano/img_Mateusz Kowalski_sendButton' is clicked on

2021-12-21 19:23:42 - [MESSAGE][PASSED] - Object: 'Object Repository/Page_PSTO webMessenger - Zalogowano/img_Mateusz Kowalski_sendButton' is clicked on

2021-12-21 19:23:42 - [TEST_STEP][PASSED] - setText(findTestObject("Page_PSTO webMessenger - Zalogowano/input_Mateusz Kowalski_messageInput"), "d"): Text 'd' is set on object 'Object Repository/Page_PSTO webMessenger - Zalogowano/input_Mateusz Kowalski_messageInput'

2021-12-21 19:23:47 - [MESSAGE][PASSED] - Text 'd' is set on object 'Object Repository/Page_PSTO webMessenger - Zalogowano/input_Mateusz Kowalski_messageInput'

2021-12-21 19:23:47 - [TEST_STEP][PASSED] - click(findTestObject("Page_PSTO webMessenger - Zalogowano/img_Mateusz Kowalski_sendButton")): Object: 'Object Repository/Page_PSTO webMessenger - Zalogowano/img_Mateusz Kowalski_sendButton' is clicked on

2021-12-21 19:23:50 - [MESSAGE][PASSED] - Object: 'Object Repository/Page_PSTO webMessenger - Zalogowano/img_Mateusz Kowalski_sendButton' is clicked on

2021-12-21 19:23:50 - [TEST_STEP][PASSED] - setText(findTestObject("Page_PSTO webMessenger - Zalogowano/input_Mateusz Kowalski_messageInput"), "d"): Text 'd' is set on object 'Object Repository/Page_PSTO webMessenger - Zalogowano/input_Mateusz Kowalski_messageInput'

2021-12-21 19:23:55 - [MESSAGE][PASSED] - Text 'd' is set on object 'Object Repository/Page_PSTO webMessenger - Zalogowano/input_Mateusz Kowalski_messageInput'

2021-12-21 19:23:55 - [TEST_STEP][PASSED] - click(findTestObject("Page_PSTO webMessenger - Zalogowano/img_Mateusz Kowalski_sendButton")): Object: 'Object Repository/Page_PSTO webMessenger - Zalogowano/img_Mateusz Kowalski_sendButton' is clicked on

2021-12-21 19:23:57 - [MESSAGE][PASSED] - Object: 'Object Repository/Page_PSTO webMessenger - Zalogowano/img_Mateusz Kowalski_sendButton' is clicked on

2021-12-21 19:23:57 - [TEST_STEP][PASSED] - setText(findTestObject("Page_PSTO webMessenger - Zalogowano/input_Mateusz Kowalski_messageInput"), "d"): Text 'd' is set on object 'Object Repository/Page_PSTO webMessenger - Zalogowano/input_Mateusz Kowalski_messageInput'

2021-12-21 19:24:02 - [MESSAGE][PASSED] - Text 'd' is set on object 'Object Repository/Page_PSTO webMessenger - Zalogowano/input_Mateusz Kowalski_messageInput'

2021-12-21 19:24:02 - [TEST_STEP][PASSED] - click(findTestObject("Page_PSTO webMessenger - Zalogowano/img_Mateusz Kowalski_sendButton")): Object: 'Object Repository/Page_PSTO webMessenger - Zalogowano/img_Mateusz Kowalski_sendButton' is clicked on

2021-12-21 19:24:05 - [MESSAGE][PASSED] - Object: 'Object Repository/Page_PSTO webMessenger - Zalogowano/img_Mateusz Kowalski_sendButton' is clicked on

2021-12-21 19:24:05 - [TEST_STEP][PASSED] - setText(findTestObject("Page_PSTO webMessenger - Zalogowano/input_Mateusz Kowalski_messageInput"), "d"): Text 'd' is set on object 'Object Repository/Page_PSTO webMessenger - Zalogowano/input_Mateusz Kowalski_messageInput'

2021-12-21 19:24:10 - [MESSAGE][PASSED] - Text 'd' is set on object 'Object Repository/Page_PSTO webMessenger - Zalogowano/input_Mateusz Kowalski_messageInput'

2021-12-21 19:24:10 - [TEST_STEP][PASSED] - click(findTestObject("Page_PSTO webMessenger - Zalogowano/img_Mateusz Kowalski_sendButton")): Object: 'Object Repository/Page_PSTO webMessenger - Zalogowano/img_Mateusz Kowalski_sendButton' is clicked on

2021-12-21 19:24:12 - [MESSAGE][PASSED] - Object: 'Object Repository/Page_PSTO webMessenger - Zalogowano/img_Mateusz Kowalski_sendButton' is clicked on

2021-12-21 19:24:12 - [TEST_STEP][PASSED] - setText(findTestObject("Page_PSTO webMessenger - Zalogowano/input_Mateusz Kowalski_messageInput"), "d"): Text 'd' is set on object 'Object Repository/Page_PSTO webMessenger - Zalogowano/input_Mateusz Kowalski_messageInput'

2021-12-21 19:24:17 - [MESSAGE][PASSED] - Text 'd' is set on object 'Object Repository/Page_PSTO webMessenger - Zalogowano/input_Mateusz Kowalski_messageInput'

2021-12-21 19:24:17 - [TEST_STEP][PASSED] - click(findTestObject("Page_PSTO webMessenger - Zalogowano/img_Mateusz Kowalski_sendButton")): Object: 'Object Repository/Page_PSTO webMessenger - Zalogowano/img_Mateusz Kowalski_sendButton' is clicked on

2021-12-21 19:24:20 - [MESSAGE][PASSED] - Object: 'Object Repository/Page_PSTO webMessenger - Zalogowano/img_Mateusz Kowalski_sendButton' is clicked on

2021-12-21 19:24:20 - [TEST_STEP][PASSED] - setText(findTestObject("Page_PSTO webMessenger - Zalogowano/input_Mateusz Kowalski_messageInput"), "d"): Text 'd' is set on object 'Object Repository/Page_PSTO webMessenger - Zalogowano/input_Mateusz Kowalski_messageInput'

2021-12-21 19:24:25 - [MESSAGE][PASSED] - Text 'd' is set on object 'Object Repository/Page_PSTO webMessenger - Zalogowano/input_Mateusz Kowalski_messageInput'

2021-12-21 19:24:25 - [TEST_STEP][PASSED] - click(findTestObject("Page_PSTO webMessenger - Zalogowano/img_Mateusz Kowalski_sendButton")): Object: 'Object Repository/Page_PSTO webMessenger - Zalogowano/img_Mateusz Kowalski_sendButton' is clicked on

2021-12-21 19:24:27 - [MESSAGE][PASSED] - Object: 'Object Repository/Page_PSTO webMessenger - Zalogowano/img_Mateusz Kowalski_sendButton' is clicked on

2021-12-21 19:24:27 - [TEST_STEP][PASSED] - setText(findTestObject("Page_PSTO webMessenger - Zalogowano/input_Mateusz Kowalski_messageInput"), "d"): Text 'd' is set on object 'Object Repository/Page_PSTO webMessenger - Zalogowano/input_Mateusz Kowalski_messageInput'

2021-12-21 19:24:32 - [MESSAGE][PASSED] - Text 'd' is set on object 'Object Repository/Page_PSTO webMessenger - Zalogowano/input_Mateusz Kowalski_messageInput'

2021-12-21 19:24:32 - [TEST_STEP][PASSED] - click(findTestObject("Page_PSTO webMessenger - Zalogowano/img_Mateusz Kowalski_sendButton")): Object: 'Object Repository/Page_PSTO webMessenger - Zalogowano/img_Mateusz Kowalski_sendButton' is clicked on

2021-12-21 19:24:34 - [MESSAGE][PASSED] - Object: 'Object Repository/Page_PSTO webMessenger - Zalogowano/img_Mateusz Kowalski_sendButton' is clicked on

2021-12-21 19:24:34 - [TEST_STEP][PASSED] - setText(findTestObject("Page_PSTO webMessenger - Zalogowano/input_Mateusz Kowalski_messageInput"), "d"): Text 'd' is set on object 'Object Repository/Page_PSTO webMessenger - Zalogowano/input_Mateusz Kowalski_messageInput'

2021-12-21 19:24:38 - [MESSAGE][PASSED] - Text 'd' is set on object 'Object Repository/Page_PSTO webMessenger - Zalogowano/input_Mateusz Kowalski_messageInput'

2021-12-21 19:24:38 - [TEST_STEP][PASSED] - click(findTestObject("Page_PSTO webMessenger - Zalogowano/img_Mateusz Kowalski_sendButton")): Object: 'Object Repository/Page_PSTO webMessenger - Zalogowano/img_Mateusz Kowalski_sendButton' is clicked on

2021-12-21 19:24:40 - [MESSAGE][PASSED] - Object: 'Object Repository/Page_PSTO webMessenger - Zalogowano/img_Mateusz Kowalski_sendButton' is clicked on

2021-12-21 19:24:40 - [TEST_STEP][PASSED] - setText(findTestObject("Page_PSTO webMessenger - Zalogowano/input_Mateusz Kowalski_messageInput"), "d"): Text 'd' is set on object 'Object Repository/Page_PSTO webMessenger - Zalogowano/input_Mateusz Kowalski_messageInput'

2021-12-21 19:24:45 - [MESSAGE][PASSED] - Text 'd' is set on object 'Object Repository/Page_PSTO webMessenger - Zalogowano/input_Mateusz Kowalski_messageInput'

2021-12-21 19:24:45 - [TEST_STEP][PASSED] - click(findTestObject("Page_PSTO webMessenger - Zalogowano/img_Mateusz Kowalski_sendButton")): Object: 'Object Repository/Page_PSTO webMessenger - Zalogowano/img_Mateusz Kowalski_sendButton' is clicked on

2021-12-21 19:24:47 - [MESSAGE][PASSED] - Object: 'Object Repository/Page_PSTO webMessenger - Zalogowano/img_Mateusz Kowalski_sendButton' is clicked on

2021-12-21 19:24:47 - [TEST_STEP][PASSED] - setText(findTestObject("Page_PSTO webMessenger - Zalogowano/input_Mateusz Kowalski_messageInput"), "d"): Text 'd' is set on object 'Object Repository/Page_PSTO webMessenger - Zalogowano/input_Mateusz Kowalski_messageInput'

2021-12-21 19:24:52 - [MESSAGE][PASSED] - Text 'd' is set on object 'Object Repository/Page_PSTO webMessenger - Zalogowano/input_Mateusz Kowalski_messageInput'

2021-12-21 19:24:52 - [TEST_STEP][PASSED] - click(findTestObject("Page_PSTO webMessenger - Zalogowano/img_Mateusz Kowalski_sendButton")): Object: 'Object Repository/Page_PSTO webMessenger - Zalogowano/img_Mateusz Kowalski_sendButton' is clicked on

2021-12-21 19:24:55 - [MESSAGE][PASSED] - Object: 'Object Repository/Page_PSTO webMessenger - Zalogowano/img_Mateusz Kowalski_sendButton' is clicked on

2021-12-21 19:24:55 - [TEST_STEP][PASSED] - setText(findTestObject("Page_PSTO webMessenger - Zalogowano/input_Mateusz Kowalski_messageInput"), "d"): Text 'd' is set on object 'Object Repository/Page_PSTO webMessenger - Zalogowano/input_Mateusz Kowalski_messageInput'

2021-12-21 19:25:00 - [MESSAGE][PASSED] - Text 'd' is set on object 'Object Repository/Page_PSTO webMessenger - Zalogowano/input_Mateusz Kowalski_messageInput'

2021-12-21 19:25:00 - [TEST_STEP][PASSED] - click(findTestObject("Page_PSTO webMessenger - Zalogowano/img_Mateusz Kowalski_sendButton")): Object: 'Object Repository/Page_PSTO webMessenger - Zalogowano/img_Mateusz Kowalski_sendButton' is clicked on

2021-12-21 19:25:02 - [MESSAGE][PASSED] - Object: 'Object Repository/Page_PSTO webMessenger - Zalogowano/img_Mateusz Kowalski_sendButton' is clicked on

2021-12-21 19:25:02 - [TEST_STEP][PASSED] - setText(findTestObject("Page_PSTO webMessenger - Zalogowano/input_Mateusz Kowalski_messageInput"), "d"): Text 'd' is set on object 'Object Repository/Page_PSTO webMessenger - Zalogowano/input_Mateusz Kowalski_messageInput'

2021-12-21 19:25:06 - [MESSAGE][PASSED] - Text 'd' is set on object 'Object Repository/Page_PSTO webMessenger - Zalogowano/input_Mateusz Kowalski_messageInput'

2021-12-21 19:25:06 - [TEST_STEP][PASSED] - click(findTestObject("Page_PSTO webMessenger - Zalogowano/img_Mateusz Kowalski_sendButton")): Object: 'Object Repository/Page_PSTO webMessenger - Zalogowano/img_Mateusz Kowalski_sendButton' is clicked on

2021-12-21 19:25:10 - [MESSAGE][PASSED] - Object: 'Object Repository/Page_PSTO webMessenger - Zalogowano/img_Mateusz Kowalski_sendButton' is clicked on

2021-12-21 19:25:10 - [TEST_STEP][PASSED] - setText(findTestObject("Page_PSTO webMessenger - Zalogowano/input_Mateusz Kowalski_messageInput"), "d"): Text 'd' is set on object 'Object Repository/Page_PSTO webMessenger - Zalogowano/input_Mateusz Kowalski_messageInput'

2021-12-21 19:25:15 - [MESSAGE][PASSED] - Text 'd' is set on object 'Object Repository/Page_PSTO webMessenger - Zalogowano/input_Mateusz Kowalski_messageInput'

2021-12-21 19:25:15 - [TEST_STEP][PASSED] - click(findTestObject("Page_PSTO webMessenger - Zalogowano/img_Mateusz Kowalski_sendButton")): Object: 'Object Repository/Page_PSTO webMessenger - Zalogowano/img_Mateusz Kowalski_sendButton' is clicked on

2021-12-21 19:25:17 - [MESSAGE][PASSED] - Object: 'Object Repository/Page_PSTO webMessenger - Zalogowano/img_Mateusz Kowalski_sendButton' is clicked on

2021-12-21 19:25:17 - [TEST_STEP][PASSED] - setText(findTestObject("Page_PSTO webMessenger - Zalogowano/input_Mateusz Kowalski_messageInput"), "d"): Text 'd' is set on object 'Object Repository/Page_PSTO webMessenger - Zalogowano/input_Mateusz Kowalski_messageInput'

2021-12-21 19:25:22 - [MESSAGE][PASSED] - Text 'd' is set on object 'Object Repository/Page_PSTO webMessenger - Zalogowano/input_Mateusz Kowalski_messageInput'

2021-12-21 19:25:22 - [TEST_STEP][PASSED] - click(findTestObject("Page_PSTO webMessenger - Zalogowano/img_Mateusz Kowalski_sendButton")): Object: 'Object Repository/Page_PSTO webMessenger - Zalogowano/img_Mateusz Kowalski_sendButton' is clicked on

2021-12-21 19:25:25 - [MESSAGE][PASSED] - Object: 'Object Repository/Page_PSTO webMessenger - Zalogowano/img_Mateusz Kowalski_sendButton' is clicked on

2021-12-21 19:25:25 - [TEST_STEP][PASSED] - setText(findTestObject("Page_PSTO webMessenger - Zalogowano/input_Mateusz Kowalski_messageInput"), "d"): Text 'd' is set on object 'Object Repository/Page_PSTO webMessenger - Zalogowano/input_Mateusz Kowalski_messageInput'

2021-12-21 19:25:30 - [MESSAGE][PASSED] - Text 'd' is set on object 'Object Repository/Page_PSTO webMessenger - Zalogowano/input_Mateusz Kowalski_messageInput'

2021-12-21 19:25:30 - [TEST_STEP][PASSED] - click(findTestObject("Page_PSTO webMessenger - Zalogowano/img_Mateusz Kowalski_sendButton")): Object: 'Object Repository/Page_PSTO webMessenger - Zalogowano/img_Mateusz Kowalski_sendButton' is clicked on

2021-12-21 19:25:32 - [MESSAGE][PASSED] - Object: 'Object Repository/Page_PSTO webMessenger - Zalogowano/img_Mateusz Kowalski_sendButton' is clicked on

2021-12-21 19:25:32 - [TEST_STEP][PASSED] - setText(findTestObject("Page_PSTO webMessenger - Zalogowano/input_Mateusz Kowalski_messageInput"), "d"): Text 'd' is set on object 'Object Repository/Page_PSTO webMessenger - Zalogowano/input_Mateusz Kowalski_messageInput'

2021-12-21 19:25:37 - [MESSAGE][PASSED] - Text 'd' is set on object 'Object Repository/Page_PSTO webMessenger - Zalogowano/input_Mateusz Kowalski_messageInput'

2021-12-21 19:25:37 - [TEST_STEP][PASSED] - click(findTestObject("Page_PSTO webMessenger - Zalogowano/img_Mateusz Kowalski_sendButton")): Object: 'Object Repository/Page_PSTO webMessenger - Zalogowano/img_Mateusz Kowalski_sendButton' is clicked on

2021-12-21 19:25:39 - [MESSAGE][PASSED] - Object: 'Object Repository/Page_PSTO webMessenger - Zalogowano/img_Mateusz Kowalski_sendButton' is clicked on

2021-12-21 19:25:39 - [TEST_STEP][PASSED] - setText(findTestObject("Page_PSTO webMessenger - Zalogowano/input_Mateusz Kowalski_messageInput"), "d"): Text 'd' is set on object 'Object Repository/Page_PSTO webMessenger - Zalogowano/input_Mateusz Kowalski_messageInput'

2021-12-21 19:25:43 - [MESSAGE][PASSED] - Text 'd' is set on object 'Object Repository/Page_PSTO webMessenger - Zalogowano/input_Mateusz Kowalski_messageInput'

2021-12-21 19:25:43 - [TEST_STEP][PASSED] - click(findTestObject("Page_PSTO webMessenger - Zalogowano/img_Mateusz Kowalski_sendButton")): Object: 'Object Repository/Page_PSTO webMessenger - Zalogowano/img_Mateusz Kowalski_sendButton' is clicked on

2021-12-21 19:25:45 - [MESSAGE][PASSED] - Object: 'Object Repository/Page_PSTO webMessenger - Zalogowano/img_Mateusz Kowalski_sendButton' is clicked on

2021-12-21 19:25:45 - [TEST_STEP][PASSED] - setText(findTestObject("Page_PSTO webMessenger - Zalogowano/input_Mateusz Kowalski_messageInput"), "d"): Text 'd' is set on object 'Object Repository/Page_PSTO webMessenger - Zalogowano/input_Mateusz Kowalski_messageInput'

2021-12-21 19:25:50 - [MESSAGE][PASSED] - Text 'd' is set on object 'Object Repository/Page_PSTO webMessenger - Zalogowano/input_Mateusz Kowalski_messageInput'

2021-12-21 19:25:50 - [TEST_STEP][PASSED] - click(findTestObject("Page_PSTO webMessenger - Zalogowano/img_Mateusz Kowalski_sendButton")): Object: 'Object Repository/Page_PSTO webMessenger - Zalogowano/img_Mateusz Kowalski_sendButton' is clicked on

2021-12-21 19:25:52 - [MESSAGE][PASSED] - Object: 'Object Repository/Page_PSTO webMessenger - Zalogowano/img_Mateusz Kowalski_sendButton' is clicked on

2021-12-21 19:25:52 - [TEST_STEP][PASSED] - setText(findTestObject("Page_PSTO webMessenger - Zalogowano/input_Mateusz Kowalski_messageInput"), "d"): Text 'd' is set on object 'Object Repository/Page_PSTO webMessenger - Zalogowano/input_Mateusz Kowalski_messageInput'

2021-12-21 19:25:57 - [MESSAGE][PASSED] - Text 'd' is set on object 'Object Repository/Page_PSTO webMessenger - Zalogowano/input_Mateusz Kowalski_messageInput'

2021-12-21 19:25:57 - [TEST_STEP][PASSED] - click(findTestObject("Page_PSTO webMessenger - Zalogowano/img_Mateusz Kowalski_sendButton")): Object: 'Object Repository/Page_PSTO webMessenger - Zalogowano/img_Mateusz Kowalski_sendButton' is clicked on

2021-12-21 19:26:00 - [MESSAGE][PASSED] - Object: 'Object Repository/Page_PSTO webMessenger - Zalogowano/img_Mateusz Kowalski_sendButton' is clicked on

2021-12-21 19:26:00 - [TEST_STEP][PASSED] - setText(findTestObject("Page_PSTO webMessenger - Zalogowano/input_Mateusz Kowalski_messageInput"), "d"): Text 'd' is set on object 'Object Repository/Page_PSTO webMessenger - Zalogowano/input_Mateusz Kowalski_messageInput'

2021-12-21 19:26:04 - [MESSAGE][PASSED] - Text 'd' is set on object 'Object Repository/Page_PSTO webMessenger - Zalogowano/input_Mateusz Kowalski_messageInput'

2021-12-21 19:26:04 - [TEST_STEP][PASSED] - click(findTestObject("Page_PSTO webMessenger - Zalogowano/img_Mateusz Kowalski_sendButton")): Object: 'Object Repository/Page_PSTO webMessenger - Zalogowano/img_Mateusz Kowalski_sendButton' is clicked on

2021-12-21 19:26:06 - [MESSAGE][PASSED] - Object: 'Object Repository/Page_PSTO webMessenger - Zalogowano/img_Mateusz Kowalski_sendButton' is clicked on

2021-12-21 19:26:06 - [TEST_STEP][PASSED] - setText(findTestObject("Page_PSTO webMessenger - Zalogowano/input_Mateusz Kowalski_messageInput"), "d"): Text 'd' is set on object 'Object Repository/Page_PSTO webMessenger - Zalogowano/input_Mateusz Kowalski_messageInput'

2021-12-21 19:26:12 - [MESSAGE][PASSED] - Text 'd' is set on object 'Object Repository/Page_PSTO webMessenger - Zalogowano/input_Mateusz Kowalski_messageInput'

2021-12-21 19:26:12 - [TEST_STEP][PASSED] - click(findTestObject("Page_PSTO webMessenger - Zalogowano/img_Mateusz Kowalski_sendButton")): Object: 'Object Repository/Page_PSTO webMessenger - Zalogowano/img_Mateusz Kowalski_sendButton' is clicked on

2021-12-21 19:26:15 - [MESSAGE][PASSED] - Object: 'Object Repository/Page_PSTO webMessenger - Zalogowano/img_Mateusz Kowalski_sendButton' is clicked on

2021-12-21 19:26:15 - [TEST_STEP][PASSED] - setText(findTestObject("Page_PSTO webMessenger - Zalogowano/input_Mateusz Kowalski_messageInput"), "d"): Text 'd' is set on object 'Object Repository/Page_PSTO webMessenger - Zalogowano/input_Mateusz Kowalski_messageInput'

2021-12-21 19:26:20 - [MESSAGE][PASSED] - Text 'd' is set on object 'Object Repository/Page_PSTO webMessenger - Zalogowano/input_Mateusz Kowalski_messageInput'

2021-12-21 19:26:20 - [TEST_STEP][PASSED] - click(findTestObject("Page_PSTO webMessenger - Zalogowano/img_Mateusz Kowalski_sendButton")): Object: 'Object Repository/Page_PSTO webMessenger - Zalogowano/img_Mateusz Kowalski_sendButton' is clicked on

2021-12-21 19:26:23 - [MESSAGE][PASSED] - Object: 'Object Repository/Page_PSTO webMessenger - Zalogowano/img_Mateusz Kowalski_sendButton' is clicked on

2021-12-21 19:26:23 - [TEST_STEP][PASSED] - setText(findTestObject("Page_PSTO webMessenger - Zalogowano/input_Mateusz Kowalski_messageInput"), "d"): Text 'd' is set on object 'Object Repository/Page_PSTO webMessenger - Zalogowano/input_Mateusz Kowalski_messageInput'

2021-12-21 19:26:27 - [MESSAGE][PASSED] - Text 'd' is set on object 'Object Repository/Page_PSTO webMessenger - Zalogowano/input_Mateusz Kowalski_messageInput'

2021-12-21 19:26:27 - [TEST_STEP][PASSED] - click(findTestObject("Page_PSTO webMessenger - Zalogowano/img_Mateusz Kowalski_sendButton")): Object: 'Object Repository/Page_PSTO webMessenger - Zalogowano/img_Mateusz Kowalski_sendButton' is clicked on

2021-12-21 19:26:30 - [MESSAGE][PASSED] - Object: 'Object Repository/Page_PSTO webMessenger - Zalogowano/img_Mateusz Kowalski_sendButton' is clicked on

2021-12-21 19:26:30 - [TEST_STEP][PASSED] - setText(findTestObject("Page_PSTO webMessenger - Zalogowano/input_Mateusz Kowalski_messageInput"), "d"): Text 'd' is set on object 'Object Repository/Page_PSTO webMessenger - Zalogowano/input_Mateusz Kowalski_messageInput'

2021-12-21 19:26:35 - [MESSAGE][PASSED] - Text 'd' is set on object 'Object Repository/Page_PSTO webMessenger - Zalogowano/input_Mateusz Kowalski_messageInput'

2021-12-21 19:26:35 - [TEST_STEP][PASSED] - click(findTestObject("Page_PSTO webMessenger - Zalogowano/img_Mateusz Kowalski_sendButton")): Object: 'Object Repository/Page_PSTO webMessenger - Zalogowano/img_Mateusz Kowalski_sendButton' is clicked on

2021-12-21 19:26:37 - [MESSAGE][PASSED] - Object: 'Object Repository/Page_PSTO webMessenger - Zalogowano/img_Mateusz Kowalski_sendButton' is clicked on

2021-12-21 19:26:37 - [TEST_STEP][PASSED] - setText(findTestObject("Page_PSTO webMessenger - Zalogowano/input_Mateusz Kowalski_messageInput"), "d"): Text 'd' is set on object 'Object Repository/Page_PSTO webMessenger - Zalogowano/input_Mateusz Kowalski_messageInput'

2021-12-21 19:26:42 - [MESSAGE][PASSED] - Text 'd' is set on object 'Object Repository/Page_PSTO webMessenger - Zalogowano/input_Mateusz Kowalski_messageInput'

2021-12-21 19:26:42 - [TEST_STEP][PASSED] - click(findTestObject("Page_PSTO webMessenger - Zalogowano/img_Mateusz Kowalski_sendButton")): Object: 'Object Repository/Page_PSTO webMessenger - Zalogowano/img_Mateusz Kowalski_sendButton' is clicked on

2021-12-21 19:26:45 - [MESSAGE][PASSED] - Object: 'Object Repository/Page_PSTO webMessenger - Zalogowano/img_Mateusz Kowalski_sendButton' is clicked on

2021-12-21 19:26:45 - [TEST_STEP][PASSED] - setText(findTestObject("Page_PSTO webMessenger - Zalogowano/input_Mateusz Kowalski_messageInput"), "d"): Text 'd' is set on object 'Object Repository/Page_PSTO webMessenger - Zalogowano/input_Mateusz Kowalski_messageInput'

2021-12-21 19:26:50 - [MESSAGE][PASSED] - Text 'd' is set on object 'Object Repository/Page_PSTO webMessenger - Zalogowano/input_Mateusz Kowalski_messageInput'

2021-12-21 19:26:50 - [TEST_STEP][PASSED] - click(findTestObject("Page_PSTO webMessenger - Zalogowano/img_Mateusz Kowalski_sendButton")): Object: 'Object Repository/Page_PSTO webMessenger - Zalogowano/img_Mateusz Kowalski_sendButton' is clicked on

2021-12-21 19:26:52 - [MESSAGE][PASSED] - Object: 'Object Repository/Page_PSTO webMessenger - Zalogowano/img_Mateusz Kowalski_sendButton' is clicked on

2021-12-21 19:26:52 - [TEST_STEP][PASSED] - setText(findTestObject("Page_PSTO webMessenger - Zalogowano/input_Mateusz Kowalski_messageInput"), "d"): Text 'd' is set on object 'Object Repository/Page_PSTO webMessenger - Zalogowano/input_Mateusz Kowalski_messageInput'

2021-12-21 19:26:57 - [MESSAGE][PASSED] - Text 'd' is set on object 'Object Repository/Page_PSTO webMessenger - Zalogowano/input_Mateusz Kowalski_messageInput'

2021-12-21 19:26:57 - [TEST_STEP][PASSED] - click(findTestObject("Page_PSTO webMessenger - Zalogowano/img_Mateusz Kowalski_sendButton")): Object: 'Object Repository/Page_PSTO webMessenger - Zalogowano/img_Mateusz Kowalski_sendButton' is clicked on

2021-12-21 19:26:59 - [MESSAGE][PASSED] - Object: 'Object Repository/Page_PSTO webMessenger - Zalogowano/img_Mateusz Kowalski_sendButton' is clicked on

2021-12-21 19:26:59 - [TEST_STEP][PASSED] - setText(findTestObject("Page_PSTO webMessenger - Zalogowano/input_Mateusz Kowalski_messageInput"), "d"): Text 'd' is set on object 'Object Repository/Page_PSTO webMessenger - Zalogowano/input_Mateusz Kowalski_messageInput'

2021-12-21 19:27:03 - [MESSAGE][PASSED] - Text 'd' is set on object 'Object Repository/Page_PSTO webMessenger - Zalogowano/input_Mateusz Kowalski_messageInput'

2021-12-21 19:27:03 - [TEST_STEP][PASSED] - click(findTestObject("Page_PSTO webMessenger - Zalogowano/img_Mateusz Kowalski_sendButton")): Object: 'Object Repository/Page_PSTO webMessenger - Zalogowano/img_Mateusz Kowalski_sendButton' is clicked on

2021-12-21 19:27:05 - [MESSAGE][PASSED] - Object: 'Object Repository/Page_PSTO webMessenger - Zalogowano/img_Mateusz Kowalski_sendButton' is clicked on

2021-12-21 19:27:05 - [TEST_STEP][PASSED] - setText(findTestObject("Page_PSTO webMessenger - Zalogowano/input_Mateusz Kowalski_messageInput"), "d"): Text 'd' is set on object 'Object Repository/Page_PSTO webMessenger - Zalogowano/input_Mateusz Kowalski_messageInput'

2021-12-21 19:27:10 - [MESSAGE][PASSED] - Text 'd' is set on object 'Object Repository/Page_PSTO webMessenger - Zalogowano/input_Mateusz Kowalski_messageInput'

2021-12-21 19:27:10 - [TEST_STEP][PASSED] - click(findTestObject("Page_PSTO webMessenger - Zalogowano/img_Mateusz Kowalski_sendButton")): Object: 'Object Repository/Page_PSTO webMessenger - Zalogowano/img_Mateusz Kowalski_sendButton' is clicked on

2021-12-21 19:27:12 - [MESSAGE][PASSED] - Object: 'Object Repository/Page_PSTO webMessenger - Zalogowano/img_Mateusz Kowalski_sendButton' is clicked on

2021-12-21 19:27:12 - [TEST_STEP][PASSED] - setText(findTestObject("Page_PSTO webMessenger - Zalogowano/input_Mateusz Kowalski_messageInput"), "d"): Text 'd' is set on object 'Object Repository/Page_PSTO webMessenger - Zalogowano/input_Mateusz Kowalski_messageInput'

2021-12-21 19:27:16 - [MESSAGE][PASSED] - Text 'd' is set on object 'Object Repository/Page_PSTO webMessenger - Zalogowano/input_Mateusz Kowalski_messageInput'

2021-12-21 19:27:16 - [TEST_STEP][PASSED] - click(findTestObject("Page_PSTO webMessenger - Zalogowano/img_Mateusz Kowalski_sendButton")): Object: 'Object Repository/Page_PSTO webMessenger - Zalogowano/img_Mateusz Kowalski_sendButton' is clicked on

2021-12-21 19:27:18 - [MESSAGE][PASSED] - Object: 'Object Repository/Page_PSTO webMessenger - Zalogowano/img_Mateusz Kowalski_sendButton' is clicked on

2021-12-21 19:27:18 - [TEST_STEP][PASSED] - setText(findTestObject("Page_PSTO webMessenger - Zalogowano/input_Mateusz Kowalski_messageInput"), "d"): Text 'd' is set on object 'Object Repository/Page_PSTO webMessenger - Zalogowano/input_Mateusz Kowalski_messageInput'

2021-12-21 19:27:22 - [MESSAGE][PASSED] - Text 'd' is set on object 'Object Repository/Page_PSTO webMessenger - Zalogowano/input_Mateusz Kowalski_messageInput'

2021-12-21 19:27:22 - [TEST_STEP][PASSED] - click(findTestObject("Page_PSTO webMessenger - Zalogowano/img_Mateusz Kowalski_sendButton")): Object: 'Object Repository/Page_PSTO webMessenger - Zalogowano/img_Mateusz Kowalski_sendButton' is clicked on

2021-12-21 19:27:25 - [MESSAGE][PASSED] - Object: 'Object Repository/Page_PSTO webMessenger - Zalogowano/img_Mateusz Kowalski_sendButton' is clicked on

2021-12-21 19:27:25 - [TEST_STEP][PASSED] - setText(findTestObject("Page_PSTO webMessenger - Zalogowano/input_Mateusz Kowalski_messageInput"), "d"): Text 'd' is set on object 'Object Repository/Page_PSTO webMessenger - Zalogowano/input_Mateusz Kowalski_messageInput'

2021-12-21 19:27:30 - [MESSAGE][PASSED] - Text 'd' is set on object 'Object Repository/Page_PSTO webMessenger - Zalogowano/input_Mateusz Kowalski_messageInput'

2021-12-21 19:27:30 - [TEST_STEP][PASSED] - click(findTestObject("Page_PSTO webMessenger - Zalogowano/img_Mateusz Kowalski_sendButton")): Object: 'Object Repository/Page_PSTO webMessenger - Zalogowano/img_Mateusz Kowalski_sendButton' is clicked on

2021-12-21 19:27:32 - [MESSAGE][PASSED] - Object: 'Object Repository/Page_PSTO webMessenger - Zalogowano/img_Mateusz Kowalski_sendButton' is clicked on

2021-12-21 19:27:32 - [TEST_STEP][PASSED] - setText(findTestObject("Page_PSTO webMessenger - Zalogowano/input_Mateusz Kowalski_messageInput"), "d"): Text 'd' is set on object 'Object Repository/Page_PSTO webMessenger - Zalogowano/input_Mateusz Kowalski_messageInput'

2021-12-21 19:27:37 - [MESSAGE][PASSED] - Text 'd' is set on object 'Object Repository/Page_PSTO webMessenger - Zalogowano/input_Mateusz Kowalski_messageInput'

2021-12-21 19:27:37 - [TEST_STEP][PASSED] - click(findTestObject("Page_PSTO webMessenger - Zalogowano/img_Mateusz Kowalski_sendButton")): Object: 'Object Repository/Page_PSTO webMessenger - Zalogowano/img_Mateusz Kowalski_sendButton' is clicked on

2021-12-21 19:27:40 - [MESSAGE][PASSED] - Object: 'Object Repository/Page_PSTO webMessenger - Zalogowano/img_Mateusz Kowalski_sendButton' is clicked on

2021-12-21 19:27:40 - [TEST_STEP][PASSED] - setText(findTestObject("Page_PSTO webMessenger - Zalogowano/input_Mateusz Kowalski_messageInput"), "d"): Text 'd' is set on object 'Object Repository/Page_PSTO webMessenger - Zalogowano/input_Mateusz Kowalski_messageInput'

2021-12-21 19:27:45 - [MESSAGE][PASSED] - Text 'd' is set on object 'Object Repository/Page_PSTO webMessenger - Zalogowano/input_Mateusz Kowalski_messageInput'

2021-12-21 19:27:45 - [TEST_STEP][PASSED] - click(findTestObject("Page_PSTO webMessenger - Zalogowano/img_Mateusz Kowalski_sendButton")): Object: 'Object Repository/Page_PSTO webMessenger - Zalogowano/img_Mateusz Kowalski_sendButton' is clicked on

2021-12-21 19:27:47 - [MESSAGE][PASSED] - Object: 'Object Repository/Page_PSTO webMessenger - Zalogowano/img_Mateusz Kowalski_sendButton' is clicked on

2021-12-21 19:27:47 - [TEST_STEP][PASSED] - setText(findTestObject("Page_PSTO webMessenger - Zalogowano/input_Mateusz Kowalski_messageInput"), "d"): Text 'd' is set on object 'Object Repository/Page_PSTO webMessenger - Zalogowano/input_Mateusz Kowalski_messageInput'

2021-12-21 19:27:52 - [MESSAGE][PASSED] - Text 'd' is set on object 'Object Repository/Page_PSTO webMessenger - Zalogowano/input_Mateusz Kowalski_messageInput'

2021-12-21 19:27:52 - [TEST_STEP][PASSED] - click(findTestObject("Page_PSTO webMessenger - Zalogowano/img_Mateusz Kowalski_sendButton")): Object: 'Object Repository/Page_PSTO webMessenger - Zalogowano/img_Mateusz Kowalski_sendButton' is clicked on

2021-12-21 19:27:55 - [MESSAGE][PASSED] - Object: 'Object Repository/Page_PSTO webMessenger - Zalogowano/img_Mateusz Kowalski_sendButton' is clicked on

2021-12-21 19:27:55 - [TEST_STEP][PASSED] - setText(findTestObject("Page_PSTO webMessenger - Zalogowano/input_Mateusz Kowalski_messageInput"), "d"): Text 'd' is set on object 'Object Repository/Page_PSTO webMessenger - Zalogowano/input_Mateusz Kowalski_messageInput'

2021-12-21 19:28:00 - [MESSAGE][PASSED] - Text 'd' is set on object 'Object Repository/Page_PSTO webMessenger - Zalogowano/input_Mateusz Kowalski_messageInput'

2021-12-21 19:28:00 - [TEST_STEP][PASSED] - click(findTestObject("Page_PSTO webMessenger - Zalogowano/img_Mateusz Kowalski_sendButton")): Object: 'Object Repository/Page_PSTO webMessenger - Zalogowano/img_Mateusz Kowalski_sendButton' is clicked on

2021-12-21 19:28:02 - [MESSAGE][PASSED] - Object: 'Object Repository/Page_PSTO webMessenger - Zalogowano/img_Mateusz Kowalski_sendButton' is clicked on

2021-12-21 19:28:02 - [TEST_STEP][PASSED] - setText(findTestObject("Page_PSTO webMessenger - Zalogowano/input_Mateusz Kowalski_messageInput"), "d"): Text 'd' is set on object 'Object Repository/Page_PSTO webMessenger - Zalogowano/input_Mateusz Kowalski_messageInput'

2021-12-21 19:28:07 - [MESSAGE][PASSED] - Text 'd' is set on object 'Object Repository/Page_PSTO webMessenger - Zalogowano/input_Mateusz Kowalski_messageInput'

2021-12-21 19:28:07 - [TEST_STEP][PASSED] - click(findTestObject("Page_PSTO webMessenger - Zalogowano/img_Mateusz Kowalski_sendButton")): Object: 'Object Repository/Page_PSTO webMessenger - Zalogowano/img_Mateusz Kowalski_sendButton' is clicked on

2021-12-21 19:28:10 - [MESSAGE][PASSED] - Object: 'Object Repository/Page_PSTO webMessenger - Zalogowano/img_Mateusz Kowalski_sendButton' is clicked on

2021-12-21 19:28:10 - [TEST_STEP][PASSED] - setText(findTestObject("Page_PSTO webMessenger - Zalogowano/input_Mateusz Kowalski_messageInput"), "d"): Text 'd' is set on object 'Object Repository/Page_PSTO webMessenger - Zalogowano/input_Mateusz Kowalski_messageInput'

2021-12-21 19:28:15 - [MESSAGE][PASSED] - Text 'd' is set on object 'Object Repository/Page_PSTO webMessenger - Zalogowano/input_Mateusz Kowalski_messageInput'

2021-12-21 19:28:15 - [TEST_STEP][PASSED] - click(findTestObject("Page_PSTO webMessenger - Zalogowano/img_Mateusz Kowalski_sendButton")): Object: 'Object Repository/Page_PSTO webMessenger - Zalogowano/img_Mateusz Kowalski_sendButton' is clicked on

2021-12-21 19:28:17 - [MESSAGE][PASSED] - Object: 'Object Repository/Page_PSTO webMessenger - Zalogowano/img_Mateusz Kowalski_sendButton' is clicked on

2021-12-21 19:28:17 - [TEST_STEP][PASSED] - setText(findTestObject("Page_PSTO webMessenger - Zalogowano/input_Mateusz Kowalski_messageInput"), "d"): Text 'd' is set on object 'Object Repository/Page_PSTO webMessenger - Zalogowano/input_Mateusz Kowalski_messageInput'

2021-12-21 19:28:22 - [MESSAGE][PASSED] - Text 'd' is set on object 'Object Repository/Page_PSTO webMessenger - Zalogowano/input_Mateusz Kowalski_messageInput'

2021-12-21 19:28:22 - [TEST_STEP][PASSED] - click(findTestObject("Page_PSTO webMessenger - Zalogowano/img_Mateusz Kowalski_sendButton")): Object: 'Object Repository/Page_PSTO webMessenger - Zalogowano/img_Mateusz Kowalski_sendButton' is clicked on

2021-12-21 19:28:25 - [MESSAGE][PASSED] - Object: 'Object Repository/Page_PSTO webMessenger - Zalogowano/img_Mateusz Kowalski_sendButton' is clicked on

2021-12-21 19:28:25 - [TEST_STEP][PASSED] - setText(findTestObject("Page_PSTO webMessenger - Zalogowano/input_Mateusz Kowalski_messageInput"), "d"): Text 'd' is set on object 'Object Repository/Page_PSTO webMessenger - Zalogowano/input_Mateusz Kowalski_messageInput'

2021-12-21 19:28:30 - [MESSAGE][PASSED] - Text 'd' is set on object 'Object Repository/Page_PSTO webMessenger - Zalogowano/input_Mateusz Kowalski_messageInput'

2021-12-21 19:28:30 - [TEST_STEP][PASSED] - click(findTestObject("Page_PSTO webMessenger - Zalogowano/img_Mateusz Kowalski_sendButton")): Object: 'Object Repository/Page_PSTO webMessenger - Zalogowano/img_Mateusz Kowalski_sendButton' is clicked on

2021-12-21 19:28:32 - [MESSAGE][PASSED] - Object: 'Object Repository/Page_PSTO webMessenger - Zalogowano/img_Mateusz Kowalski_sendButton' is clicked on

2021-12-21 19:28:32 - [TEST_STEP][PASSED] - setText(findTestObject("Page_PSTO webMessenger - Zalogowano/input_Mateusz Kowalski_messageInput"), "d"): Text 'd' is set on object 'Object Repository/Page_PSTO webMessenger - Zalogowano/input_Mateusz Kowalski_messageInput'

2021-12-21 19:28:37 - [MESSAGE][PASSED] - Text 'd' is set on object 'Object Repository/Page_PSTO webMessenger - Zalogowano/input_Mateusz Kowalski_messageInput'

2021-12-21 19:28:37 - [TEST_STEP][PASSED] - click(findTestObject("Page_PSTO webMessenger - Zalogowano/img_Mateusz Kowalski_sendButton")): Object: 'Object Repository/Page_PSTO webMessenger - Zalogowano/img_Mateusz Kowalski_sendButton' is clicked on

2021-12-21 19:28:40 - [MESSAGE][PASSED] - Object: 'Object Repository/Page_PSTO webMessenger - Zalogowano/img_Mateusz Kowalski_sendButton' is clicked on

2021-12-21 19:28:40 - [TEST_STEP][PASSED] - setText(findTestObject("Page_PSTO webMessenger - Zalogowano/input_Mateusz Kowalski_messageInput"), "d"): Text 'd' is set on object 'Object Repository/Page_PSTO webMessenger - Zalogowano/input_Mateusz Kowalski_messageInput'

2021-12-21 19:28:44 - [MESSAGE][PASSED] - Text 'd' is set on object 'Object Repository/Page_PSTO webMessenger - Zalogowano/input_Mateusz Kowalski_messageInput'

2021-12-21 19:28:44 - [TEST_STEP][PASSED] - click(findTestObject("Page_PSTO webMessenger - Zalogowano/img_Mateusz Kowalski_sendButton")): Object: 'Object Repository/Page_PSTO webMessenger - Zalogowano/img_Mateusz Kowalski_sendButton' is clicked on

2021-12-21 19:28:46 - [MESSAGE][PASSED] - Object: 'Object Repository/Page_PSTO webMessenger - Zalogowano/img_Mateusz Kowalski_sendButton' is clicked on

2021-12-21 19:28:46 - [TEST_STEP][PASSED] - setText(findTestObject("Page_PSTO webMessenger - Zalogowano/input_Mateusz Kowalski_messageInput"), "d"): Text 'd' is set on object 'Object Repository/Page_PSTO webMessenger - Zalogowano/input_Mateusz Kowalski_messageInput'

2021-12-21 19:28:50 - [MESSAGE][PASSED] - Text 'd' is set on object 'Object Repository/Page_PSTO webMessenger - Zalogowano/input_Mateusz Kowalski_messageInput'

2021-12-21 19:28:50 - [TEST_STEP][PASSED] - click(findTestObject("Page_PSTO webMessenger - Zalogowano/img_Mateusz Kowalski_sendButton")): Object: 'Object Repository/Page_PSTO webMessenger - Zalogowano/img_Mateusz Kowalski_sendButton' is clicked on

2021-12-21 19:28:52 - [MESSAGE][PASSED] - Object: 'Object Repository/Page_PSTO webMessenger - Zalogowano/img_Mateusz Kowalski_sendButton' is clicked on

2021-12-21 19:28:52 - [TEST_STEP][PASSED] - setText(findTestObject("Page_PSTO webMessenger - Zalogowano/input_Mateusz Kowalski_messageInput"), "d"): Text 'd' is set on object 'Object Repository/Page_PSTO webMessenger - Zalogowano/input_Mateusz Kowalski_messageInput'

2021-12-21 19:28:56 - [MESSAGE][PASSED] - Text 'd' is set on object 'Object Repository/Page_PSTO webMessenger - Zalogowano/input_Mateusz Kowalski_messageInput'

2021-12-21 19:28:56 - [TEST_STEP][PASSED] - click(findTestObject("Page_PSTO webMessenger - Zalogowano/img_Mateusz Kowalski_sendButton")): Object: 'Object Repository/Page_PSTO webMessenger - Zalogowano/img_Mateusz Kowalski_sendButton' is clicked on

2021-12-21 19:29:00 - [MESSAGE][PASSED] - Object: 'Object Repository/Page_PSTO webMessenger - Zalogowano/img_Mateusz Kowalski_sendButton' is clicked on

2021-12-21 19:29:00 - [TEST_STEP][PASSED] - setText(findTestObject("Page_PSTO webMessenger - Zalogowano/input_Mateusz Kowalski_messageInput"), "d"): Text 'd' is set on object 'Object Repository/Page_PSTO webMessenger - Zalogowano/input_Mateusz Kowalski_messageInput'

2021-12-21 19:29:04 - [MESSAGE][PASSED] - Text 'd' is set on object 'Object Repository/Page_PSTO webMessenger - Zalogowano/input_Mateusz Kowalski_messageInput'

2021-12-21 19:29:04 - [TEST_STEP][PASSED] - click(findTestObject("Page_PSTO webMessenger - Zalogowano/img_Mateusz Kowalski_sendButton")): Object: 'Object Repository/Page_PSTO webMessenger - Zalogowano/img_Mateusz Kowalski_sendButton' is clicked on

2021-12-21 19:29:06 - [MESSAGE][PASSED] - Object: 'Object Repository/Page_PSTO webMessenger - Zalogowano/img_Mateusz Kowalski_sendButton' is clicked on

2021-12-21 19:29:06 - [TEST_STEP][PASSED] - setText(findTestObject("Page_PSTO webMessenger - Zalogowano/input_Mateusz Kowalski_messageInput"), "d"): Text 'd' is set on object 'Object Repository/Page_PSTO webMessenger - Zalogowano/input_Mateusz Kowalski_messageInput'

2021-12-21 19:29:10 - [MESSAGE][PASSED] - Text 'd' is set on object 'Object Repository/Page_PSTO webMessenger - Zalogowano/input_Mateusz Kowalski_messageInput'

2021-12-21 19:29:10 - [TEST_STEP][PASSED] - click(findTestObject("Page_PSTO webMessenger - Zalogowano/img_Mateusz Kowalski_sendButton")): Object: 'Object Repository/Page_PSTO webMessenger - Zalogowano/img_Mateusz Kowalski_sendButton' is clicked on

2021-12-21 19:29:12 - [MESSAGE][PASSED] - Object: 'Object Repository/Page_PSTO webMessenger - Zalogowano/img_Mateusz Kowalski_sendButton' is clicked on

2021-12-21 19:29:12 - [TEST_STEP][PASSED] - setText(findTestObject("Page_PSTO webMessenger - Zalogowano/input_Mateusz Kowalski_messageInput"), "d"): Text 'd' is set on object 'Object Repository/Page_PSTO webMessenger - Zalogowano/input_Mateusz Kowalski_messageInput'

2021-12-21 19:29:16 - [MESSAGE][PASSED] - Text 'd' is set on object 'Object Repository/Page_PSTO webMessenger - Zalogowano/input_Mateusz Kowalski_messageInput'

2021-12-21 19:29:16 - [TEST_STEP][PASSED] - click(findTestObject("Page_PSTO webMessenger - Zalogowano/img_Mateusz Kowalski_sendButton")): Object: 'Object Repository/Page_PSTO webMessenger - Zalogowano/img_Mateusz Kowalski_sendButton' is clicked on

2021-12-21 19:29:18 - [MESSAGE][PASSED] - Object: 'Object Repository/Page_PSTO webMessenger - Zalogowano/img_Mateusz Kowalski_sendButton' is clicked on

2021-12-21 19:29:18 - [TEST_STEP][PASSED] - setText(findTestObject("Page_PSTO webMessenger - Zalogowano/input_Mateusz Kowalski_messageInput"), "d"): Text 'd' is set on object 'Object Repository/Page_PSTO webMessenger - Zalogowano/input_Mateusz Kowalski_messageInput'

2021-12-21 19:29:22 - [MESSAGE][PASSED] - Text 'd' is set on object 'Object Repository/Page_PSTO webMessenger - Zalogowano/input_Mateusz Kowalski_messageInput'

2021-12-21 19:29:22 - [TEST_STEP][PASSED] - click(findTestObject("Page_PSTO webMessenger - Zalogowano/img_Mateusz Kowalski_sendButton")): Object: 'Object Repository/Page_PSTO webMessenger - Zalogowano/img_Mateusz Kowalski_sendButton' is clicked on

2021-12-21 19:29:24 - [MESSAGE][PASSED] - Object: 'Object Repository/Page_PSTO webMessenger - Zalogowano/img_Mateusz Kowalski_sendButton' is clicked on

2021-12-21 19:29:24 - [TEST_STEP][PASSED] - setText(findTestObject("Page_PSTO webMessenger - Zalogowano/input_Mateusz Kowalski_messageInput"), "d"): Text 'd' is set on object 'Object Repository/Page_PSTO webMessenger - Zalogowano/input_Mateusz Kowalski_messageInput'

2021-12-21 19:29:28 - [MESSAGE][PASSED] - Text 'd' is set on object 'Object Repository/Page_PSTO webMessenger - Zalogowano/input_Mateusz Kowalski_messageInput'

2021-12-21 19:29:28 - [TEST_STEP][PASSED] - click(findTestObject("Page_PSTO webMessenger - Zalogowano/img_Mateusz Kowalski_sendButton")): Object: 'Object Repository/Page_PSTO webMessenger - Zalogowano/img_Mateusz Kowalski_sendButton' is clicked on

2021-12-21 19:29:30 - [MESSAGE][PASSED] - Object: 'Object Repository/Page_PSTO webMessenger - Zalogowano/img_Mateusz Kowalski_sendButton' is clicked on

2021-12-21 19:29:30 - [TEST_STEP][PASSED] - setText(findTestObject("Page_PSTO webMessenger - Zalogowano/input_Mateusz Kowalski_messageInput"), "d"): Text 'd' is set on object 'Object Repository/Page_PSTO webMessenger - Zalogowano/input_Mateusz Kowalski_messageInput'

2021-12-21 19:29:34 - [MESSAGE][PASSED] - Text 'd' is set on object 'Object Repository/Page_PSTO webMessenger - Zalogowano/input_Mateusz Kowalski_messageInput'

2021-12-21 19:29:34 - [TEST_STEP][PASSED] - click(findTestObject("Page_PSTO webMessenger - Zalogowano/img_Mateusz Kowalski_sendButton")): Object: 'Object Repository/Page_PSTO webMessenger - Zalogowano/img_Mateusz Kowalski_sendButton' is clicked on

2021-12-21 19:29:36 - [MESSAGE][PASSED] - Object: 'Object Repository/Page_PSTO webMessenger - Zalogowano/img_Mateusz Kowalski_sendButton' is clicked on

2021-12-21 19:29:36 - [TEST_STEP][PASSED] - setText(findTestObject("Page_PSTO webMessenger - Zalogowano/input_Mateusz Kowalski_messageInput"), "d"): Text 'd' is set on object 'Object Repository/Page_PSTO webMessenger - Zalogowano/input_Mateusz Kowalski_messageInput'

2021-12-21 19:29:40 - [MESSAGE][PASSED] - Text 'd' is set on object 'Object Repository/Page_PSTO webMessenger - Zalogowano/input_Mateusz Kowalski_messageInput'

2021-12-21 19:29:40 - [TEST_STEP][PASSED] - click(findTestObject("Page_PSTO webMessenger - Zalogowano/img_Mateusz Kowalski_sendButton")): Object: 'Object Repository/Page_PSTO webMessenger - Zalogowano/img_Mateusz Kowalski_sendButton' is clicked on

2021-12-21 19:29:42 - [MESSAGE][PASSED] - Object: 'Object Repository/Page_PSTO webMessenger - Zalogowano/img_Mateusz Kowalski_sendButton' is clicked on

2021-12-21 19:29:42 - [TEST_STEP][PASSED] - setText(findTestObject("Page_PSTO webMessenger - Zalogowano/input_Mateusz Kowalski_messageInput"), "d"): Text 'd' is set on object 'Object Repository/Page_PSTO webMessenger - Zalogowano/input_Mateusz Kowalski_messageInput'

2021-12-21 19:29:46 - [MESSAGE][PASSED] - Text 'd' is set on object 'Object Repository/Page_PSTO webMessenger - Zalogowano/input_Mateusz Kowalski_messageInput'

2021-12-21 19:29:46 - [TEST_STEP][PASSED] - click(findTestObject("Page_PSTO webMessenger - Zalogowano/img_Mateusz Kowalski_sendButton")): Object: 'Object Repository/Page_PSTO webMessenger - Zalogowano/img_Mateusz Kowalski_sendButton' is clicked on

2021-12-21 19:29:48 - [MESSAGE][PASSED] - Object: 'Object Repository/Page_PSTO webMessenger - Zalogowano/img_Mateusz Kowalski_sendButton' is clicked on

2021-12-21 19:29:48 - [TEST_STEP][PASSED] - setText(findTestObject("Page_PSTO webMessenger - Zalogowano/input_Mateusz Kowalski_messageInput"), "d"): Text 'd' is set on object 'Object Repository/Page_PSTO webMessenger - Zalogowano/input_Mateusz Kowalski_messageInput'

2021-12-21 19:29:52 - [MESSAGE][PASSED] - Text 'd' is set on object 'Object Repository/Page_PSTO webMessenger - Zalogowano/input_Mateusz Kowalski_messageInput'

2021-12-21 19:29:52 - [TEST_STEP][PASSED] - click(findTestObject("Page_PSTO webMessenger - Zalogowano/img_Mateusz Kowalski_sendButton")): Object: 'Object Repository/Page_PSTO webMessenger - Zalogowano/img_Mateusz Kowalski_sendButton' is clicked on

2021-12-21 19:29:54 - [MESSAGE][PASSED] - Object: 'Object Repository/Page_PSTO webMessenger - Zalogowano/img_Mateusz Kowalski_sendButton' is clicked on

2021-12-21 19:29:54 - [TEST_STEP][PASSED] - setText(findTestObject("Page_PSTO webMessenger - Zalogowano/input_Mateusz Kowalski_messageInput"), "d"): Text 'd' is set on object 'Object Repository/Page_PSTO webMessenger - Zalogowano/input_Mateusz Kowalski_messageInput'

2021-12-21 19:29:58 - [MESSAGE][PASSED] - Text 'd' is set on object 'Object Repository/Page_PSTO webMessenger - Zalogowano/input_Mateusz Kowalski_messageInput'

2021-12-21 19:29:58 - [TEST_STEP][PASSED] - click(findTestObject("Page_PSTO webMessenger - Zalogowano/img_Mateusz Kowalski_sendButton")): Object: 'Object Repository/Page_PSTO webMessenger - Zalogowano/img_Mateusz Kowalski_sendButton' is clicked on

2021-12-21 19:30:00 - [MESSAGE][PASSED] - Object: 'Object Repository/Page_PSTO webMessenger - Zalogowano/img_Mateusz Kowalski_sendButton' is clicked on

2021-12-21 19:30:00 - [TEST_STEP][PASSED] - setText(findTestObject("Page_PSTO webMessenger - Zalogowano/input_Mateusz Kowalski_messageInput"), "d"): Text 'd' is set on object 'Object Repository/Page_PSTO webMessenger - Zalogowano/input_Mateusz Kowalski_messageInput'

2021-12-21 19:30:04 - [MESSAGE][PASSED] - Text 'd' is set on object 'Object Repository/Page_PSTO webMessenger - Zalogowano/input_Mateusz Kowalski_messageInput'

2021-12-21 19:30:04 - [TEST_STEP][PASSED] - click(findTestObject("Page_PSTO webMessenger - Zalogowano/img_Mateusz Kowalski_sendButton")): Object: 'Object Repository/Page_PSTO webMessenger - Zalogowano/img_Mateusz Kowalski_sendButton' is clicked on

2021-12-21 19:30:06 - [MESSAGE][PASSED] - Object: 'Object Repository/Page_PSTO webMessenger - Zalogowano/img_Mateusz Kowalski_sendButton' is clicked on

2021-12-21 19:30:06 - [TEST_STEP][PASSED] - setText(findTestObject("Page_PSTO webMessenger - Zalogowano/input_Mateusz Kowalski_messageInput"), "d"): Text 'd' is set on object 'Object Repository/Page_PSTO webMessenger - Zalogowano/input_Mateusz Kowalski_messageInput'

2021-12-21 19:30:10 - [MESSAGE][PASSED] - Text 'd' is set on object 'Object Repository/Page_PSTO webMessenger - Zalogowano/input_Mateusz Kowalski_messageInput'

2021-12-21 19:30:10 - [TEST_STEP][PASSED] - click(findTestObject("Page_PSTO webMessenger - Zalogowano/img_Mateusz Kowalski_sendButton")): Object: 'Object Repository/Page_PSTO webMessenger - Zalogowano/img_Mateusz Kowalski_sendButton' is clicked on

2021-12-21 19:30:12 - [MESSAGE][PASSED] - Object: 'Object Repository/Page_PSTO webMessenger - Zalogowano/img_Mateusz Kowalski_sendButton' is clicked on

2021-12-21 19:30:12 - [TEST_STEP][PASSED] - setText(findTestObject("Page_PSTO webMessenger - Zalogowano/input_Mateusz Kowalski_messageInput"), "d"): Text 'd' is set on object 'Object Repository/Page_PSTO webMessenger - Zalogowano/input_Mateusz Kowalski_messageInput'

2021-12-21 19:30:16 - [MESSAGE][PASSED] - Text 'd' is set on object 'Object Repository/Page_PSTO webMessenger - Zalogowano/input_Mateusz Kowalski_messageInput'

2021-12-21 19:30:16 - [TEST_STEP][PASSED] - click(findTestObject("Page_PSTO webMessenger - Zalogowano/img_Mateusz Kowalski_sendButton")): Object: 'Object Repository/Page_PSTO webMessenger - Zalogowano/img_Mateusz Kowalski_sendButton' is clicked on

2021-12-21 19:30:18 - [MESSAGE][PASSED] - Object: 'Object Repository/Page_PSTO webMessenger - Zalogowano/img_Mateusz Kowalski_sendButton' is clicked on

2021-12-21 19:30:18 - [TEST_STEP][PASSED] - setText(findTestObject("Page_PSTO webMessenger - Zalogowano/input_Mateusz Kowalski_messageInput"), "d"): Text 'd' is set on object 'Object Repository/Page_PSTO webMessenger - Zalogowano/input_Mateusz Kowalski_messageInput'

2021-12-21 19:30:22 - [MESSAGE][PASSED] - Text 'd' is set on object 'Object Repository/Page_PSTO webMessenger - Zalogowano/input_Mateusz Kowalski_messageInput'

2021-12-21 19:30:22 - [TEST_STEP][PASSED] - click(findTestObject("Page_PSTO webMessenger - Zalogowano/img_Mateusz Kowalski_sendButton")): Object: 'Object Repository/Page_PSTO webMessenger - Zalogowano/img_Mateusz Kowalski_sendButton' is clicked on

2021-12-21 19:30:24 - [MESSAGE][PASSED] - Object: 'Object Repository/Page_PSTO webMessenger - Zalogowano/img_Mateusz Kowalski_sendButton' is clicked on

2021-12-21 19:30:24 - [TEST_STEP][PASSED] - setText(findTestObject("Page_PSTO webMessenger - Zalogowano/input_Mateusz Kowalski_messageInput"), "d"): Text 'd' is set on object 'Object Repository/Page_PSTO webMessenger - Zalogowano/input_Mateusz Kowalski_messageInput'

2021-12-21 19:30:28 - [MESSAGE][PASSED] - Text 'd' is set on object 'Object Repository/Page_PSTO webMessenger - Zalogowano/input_Mateusz Kowalski_messageInput'

2021-12-21 19:30:28 - [TEST_STEP][PASSED] - click(findTestObject("Page_PSTO webMessenger - Zalogowano/img_Mateusz Kowalski_sendButton")): Object: 'Object Repository/Page_PSTO webMessenger - Zalogowano/img_Mateusz Kowalski_sendButton' is clicked on

2021-12-21 19:30:30 - [MESSAGE][PASSED] - Object: 'Object Repository/Page_PSTO webMessenger - Zalogowano/img_Mateusz Kowalski_sendButton' is clicked on

2021-12-21 19:30:30 - [TEST_STEP][PASSED] - setText(findTestObject("Page_PSTO webMessenger - Zalogowano/input_Mateusz Kowalski_messageInput"), "d"): Text 'd' is set on object 'Object Repository/Page_PSTO webMessenger - Zalogowano/input_Mateusz Kowalski_messageInput'

2021-12-21 19:30:34 - [MESSAGE][PASSED] - Text 'd' is set on object 'Object Repository/Page_PSTO webMessenger - Zalogowano/input_Mateusz Kowalski_messageInput'

2021-12-21 19:30:34 - [TEST_STEP][PASSED] - click(findTestObject("Page_PSTO webMessenger - Zalogowano/img_Mateusz Kowalski_sendButton")): Object: 'Object Repository/Page_PSTO webMessenger - Zalogowano/img_Mateusz Kowalski_sendButton' is clicked on

2021-12-21 19:30:36 - [MESSAGE][PASSED] - Object: 'Object Repository/Page_PSTO webMessenger - Zalogowano/img_Mateusz Kowalski_sendButton' is clicked on

2021-12-21 19:30:36 - [TEST_STEP][PASSED] - setText(findTestObject("Page_PSTO webMessenger - Zalogowano/input_Mateusz Kowalski_messageInput"), "d"): Text 'd' is set on object 'Object Repository/Page_PSTO webMessenger - Zalogowano/input_Mateusz Kowalski_messageInput'

2021-12-21 19:30:40 - [MESSAGE][PASSED] - Text 'd' is set on object 'Object Repository/Page_PSTO webMessenger - Zalogowano/input_Mateusz Kowalski_messageInput'

2021-12-21 19:30:40 - [TEST_STEP][PASSED] - click(findTestObject("Page_PSTO webMessenger - Zalogowano/img_Mateusz Kowalski_sendButton")): Object: 'Object Repository/Page_PSTO webMessenger - Zalogowano/img_Mateusz Kowalski_sendButton' is clicked on

2021-12-21 19:30:42 - [MESSAGE][PASSED] - Object: 'Object Repository/Page_PSTO webMessenger - Zalogowano/img_Mateusz Kowalski_sendButton' is clicked on

2021-12-21 19:30:42 - [TEST_STEP][PASSED] - setText(findTestObject("Page_PSTO webMessenger - Zalogowano/input_Mateusz Kowalski_messageInput"), "d"): Text 'd' is set on object 'Object Repository/Page_PSTO webMessenger - Zalogowano/input_Mateusz Kowalski_messageInput'

2021-12-21 19:30:46 - [MESSAGE][PASSED] - Text 'd' is set on object 'Object Repository/Page_PSTO webMessenger - Zalogowano/input_Mateusz Kowalski_messageInput'

2021-12-21 19:30:46 - [TEST_STEP][PASSED] - click(findTestObject("Page_PSTO webMessenger - Zalogowano/img_Mateusz Kowalski_sendButton")): Object: 'Object Repository/Page_PSTO webMessenger - Zalogowano/img_Mateusz Kowalski_sendButton' is clicked on

2021-12-21 19:30:48 - [MESSAGE][PASSED] - Object: 'Object Repository/Page_PSTO webMessenger - Zalogowano/img_Mateusz Kowalski_sendButton' is clicked on

2021-12-21 19:30:48 - [TEST_STEP][PASSED] - setText(findTestObject("Page_PSTO webMessenger - Zalogowano/input_Mateusz Kowalski_messageInput"), "d"): Text 'd' is set on object 'Object Repository/Page_PSTO webMessenger - Zalogowano/input_Mateusz Kowalski_messageInput'

2021-12-21 19:30:52 - [MESSAGE][PASSED] - Text 'd' is set on object 'Object Repository/Page_PSTO webMessenger - Zalogowano/input_Mateusz Kowalski_messageInput'

2021-12-21 19:30:52 - [TEST_STEP][PASSED] - click(findTestObject("Page_PSTO webMessenger - Zalogowano/img_Mateusz Kowalski_sendButton")): Object: 'Object Repository/Page_PSTO webMessenger - Zalogowano/img_Mateusz Kowalski_sendButton' is clicked on

2021-12-21 19:30:54 - [MESSAGE][PASSED] - Object: 'Object Repository/Page_PSTO webMessenger - Zalogowano/img_Mateusz Kowalski_sendButton' is clicked on

2021-12-21 19:30:54 - [TEST_STEP][PASSED] - setText(findTestObject("Page_PSTO webMessenger - Zalogowano/input_Mateusz Kowalski_messageInput"), "d"): Text 'd' is set on object 'Object Repository/Page_PSTO webMessenger - Zalogowano/input_Mateusz Kowalski_messageInput'

2021-12-21 19:30:58 - [MESSAGE][PASSED] - Text 'd' is set on object 'Object Repository/Page_PSTO webMessenger - Zalogowano/input_Mateusz Kowalski_messageInput'

2021-12-21 19:30:58 - [TEST_STEP][PASSED] - click(findTestObject("Page_PSTO webMessenger - Zalogowano/img_Mateusz Kowalski_sendButton")): Object: 'Object Repository/Page_PSTO webMessenger - Zalogowano/img_Mateusz Kowalski_sendButton' is clicked on

2021-12-21 19:31:00 - [MESSAGE][PASSED] - Object: 'Object Repository/Page_PSTO webMessenger - Zalogowano/img_Mateusz Kowalski_sendButton' is clicked on

2021-12-21 19:31:00 - [TEST_STEP][PASSED] - setText(findTestObject("Page_PSTO webMessenger - Zalogowano/input_Mateusz Kowalski_messageInput"), "d"): Text 'd' is set on object 'Object Repository/Page_PSTO webMessenger - Zalogowano/input_Mateusz Kowalski_messageInput'

2021-12-21 19:31:04 - [MESSAGE][PASSED] - Text 'd' is set on object 'Object Repository/Page_PSTO webMessenger - Zalogowano/input_Mateusz Kowalski_messageInput'

2021-12-21 19:31:04 - [TEST_STEP][PASSED] - click(findTestObject("Page_PSTO webMessenger - Zalogowano/img_Mateusz Kowalski_sendButton")): Object: 'Object Repository/Page_PSTO webMessenger - Zalogowano/img_Mateusz Kowalski_sendButton' is clicked on

2021-12-21 19:31:06 - [MESSAGE][PASSED] - Object: 'Object Repository/Page_PSTO webMessenger - Zalogowano/img_Mateusz Kowalski_sendButton' is clicked on

2021-12-21 19:31:06 - [TEST_STEP][PASSED] - setText(findTestObject("Page_PSTO webMessenger - Zalogowano/input_Mateusz Kowalski_messageInput"), "d"): Text 'd' is set on object 'Object Repository/Page_PSTO webMessenger - Zalogowano/input_Mateusz Kowalski_messageInput'

2021-12-21 19:31:10 - [MESSAGE][PASSED] - Text 'd' is set on object 'Object Repository/Page_PSTO webMessenger - Zalogowano/input_Mateusz Kowalski_messageInput'

2021-12-21 19:31:10 - [TEST_STEP][PASSED] - click(findTestObject("Page_PSTO webMessenger - Zalogowano/img_Mateusz Kowalski_sendButton")): Object: 'Object Repository/Page_PSTO webMessenger - Zalogowano/img_Mateusz Kowalski_sendButton' is clicked on

2021-12-21 19:31:12 - [MESSAGE][PASSED] - Object: 'Object Repository/Page_PSTO webMessenger - Zalogowano/img_Mateusz Kowalski_sendButton' is clicked on

2021-12-21 19:31:12 - [TEST_STEP][PASSED] - setText(findTestObject("Page_PSTO webMessenger - Zalogowano/input_Mateusz Kowalski_messageInput"), "d"): Text 'd' is set on object 'Object Repository/Page_PSTO webMessenger - Zalogowano/input_Mateusz Kowalski_messageInput'

2021-12-21 19:31:16 - [MESSAGE][PASSED] - Text 'd' is set on object 'Object Repository/Page_PSTO webMessenger - Zalogowano/input_Mateusz Kowalski_messageInput'

2021-12-21 19:31:16 - [TEST_STEP][PASSED] - click(findTestObject("Page_PSTO webMessenger - Zalogowano/img_Mateusz Kowalski_sendButton")): Object: 'Object Repository/Page_PSTO webMessenger - Zalogowano/img_Mateusz Kowalski_sendButton' is clicked on

2021-12-21 19:31:18 - [MESSAGE][PASSED] - Object: 'Object Repository/Page_PSTO webMessenger - Zalogowano/img_Mateusz Kowalski_sendButton' is clicked on

2021-12-21 19:31:18 - [TEST_STEP][PASSED] - setText(findTestObject("Page_PSTO webMessenger - Zalogowano/input_Mateusz Kowalski_messageInput"), "d"): Text 'd' is set on object 'Object Repository/Page_PSTO webMessenger - Zalogowano/input_Mateusz Kowalski_messageInput'

2021-12-21 19:31:22 - [MESSAGE][PASSED] - Text 'd' is set on object 'Object Repository/Page_PSTO webMessenger - Zalogowano/input_Mateusz Kowalski_messageInput'

2021-12-21 19:31:22 - [TEST_STEP][PASSED] - click(findTestObject("Page_PSTO webMessenger - Zalogowano/img_Mateusz Kowalski_sendButton")): Object: 'Object Repository/Page_PSTO webMessenger - Zalogowano/img_Mateusz Kowalski_sendButton' is clicked on

2021-12-21 19:31:24 - [MESSAGE][PASSED] - Object: 'Object Repository/Page_PSTO webMessenger - Zalogowano/img_Mateusz Kowalski_sendButton' is clicked on

2021-12-21 19:31:24 - [TEST_STEP][PASSED] - setText(findTestObject("Page_PSTO webMessenger - Zalogowano/input_Mateusz Kowalski_messageInput"), "d"): Text 'd' is set on object 'Object Repository/Page_PSTO webMessenger - Zalogowano/input_Mateusz Kowalski_messageInput'

2021-12-21 19:31:28 - [MESSAGE][PASSED] - Text 'd' is set on object 'Object Repository/Page_PSTO webMessenger - Zalogowano/input_Mateusz Kowalski_messageInput'

2021-12-21 19:31:28 - [TEST_STEP][PASSED] - click(findTestObject("Page_PSTO webMessenger - Zalogowano/img_Mateusz Kowalski_sendButton")): Object: 'Object Repository/Page_PSTO webMessenger - Zalogowano/img_Mateusz Kowalski_sendButton' is clicked on

2021-12-21 19:31:30 - [MESSAGE][PASSED] - Object: 'Object Repository/Page_PSTO webMessenger - Zalogowano/img_Mateusz Kowalski_sendButton' is clicked on

2021-12-21 19:31:30 - [TEST_STEP][PASSED] - setText(findTestObject("Page_PSTO webMessenger - Zalogowano/input_Mateusz Kowalski_messageInput"), "d"): Text 'd' is set on object 'Object Repository/Page_PSTO webMessenger - Zalogowano/input_Mateusz Kowalski_messageInput'

2021-12-21 19:31:34 - [MESSAGE][PASSED] - Text 'd' is set on object 'Object Repository/Page_PSTO webMessenger - Zalogowano/input_Mateusz Kowalski_messageInput'

2021-12-21 19:31:34 - [TEST_STEP][PASSED] - click(findTestObject("Page_PSTO webMessenger - Zalogowano/img_Mateusz Kowalski_sendButton")): Object: 'Object Repository/Page_PSTO webMessenger - Zalogowano/img_Mateusz Kowalski_sendButton' is clicked on

2021-12-21 19:31:36 - [MESSAGE][PASSED] - Object: 'Object Repository/Page_PSTO webMessenger - Zalogowano/img_Mateusz Kowalski_sendButton' is clicked on

2021-12-21 19:31:36 - [TEST_STEP][PASSED] - setText(findTestObject("Page_PSTO webMessenger - Zalogowano/input_Mateusz Kowalski_messageInput"), "d"): Text 'd' is set on object 'Object Repository/Page_PSTO webMessenger - Zalogowano/input_Mateusz Kowalski_messageInput'

2021-12-21 19:31:40 - [MESSAGE][PASSED] - Text 'd' is set on object 'Object Repository/Page_PSTO webMessenger - Zalogowano/input_Mateusz Kowalski_messageInput'

2021-12-21 19:31:40 - [TEST_STEP][PASSED] - click(findTestObject("Page_PSTO webMessenger - Zalogowano/img_Mateusz Kowalski_sendButton")): Object: 'Object Repository/Page_PSTO webMessenger - Zalogowano/img_Mateusz Kowalski_sendButton' is clicked on

2021-12-21 19:31:42 - [MESSAGE][PASSED] - Object: 'Object Repository/Page_PSTO webMessenger - Zalogowano/img_Mateusz Kowalski_sendButton' is clicked on

2021-12-21 19:31:42 - [TEST_STEP][PASSED] - setText(findTestObject("Page_PSTO webMessenger - Zalogowano/input_Mateusz Kowalski_messageInput"), "d"): Text 'd' is set on object 'Object Repository/Page_PSTO webMessenger - Zalogowano/input_Mateusz Kowalski_messageInput'

2021-12-21 19:31:46 - [MESSAGE][PASSED] - Text 'd' is set on object 'Object Repository/Page_PSTO webMessenger - Zalogowano/input_Mateusz Kowalski_messageInput'

2021-12-21 19:31:46 - [TEST_STEP][PASSED] - click(findTestObject("Page_PSTO webMessenger - Zalogowano/img_Mateusz Kowalski_sendButton")): Object: 'Object Repository/Page_PSTO webMessenger - Zalogowano/img_Mateusz Kowalski_sendButton' is clicked on

2021-12-21 19:31:48 - [MESSAGE][PASSED] - Object: 'Object Repository/Page_PSTO webMessenger - Zalogowano/img_Mateusz Kowalski_sendButton' is clicked on

2021-12-21 19:31:48 - [TEST_STEP][PASSED] - setText(findTestObject("Page_PSTO webMessenger - Zalogowano/input_Mateusz Kowalski_messageInput"), "d"): Text 'd' is set on object 'Object Repository/Page_PSTO webMessenger - Zalogowano/input_Mateusz Kowalski_messageInput'

2021-12-21 19:31:52 - [MESSAGE][PASSED] - Text 'd' is set on object 'Object Repository/Page_PSTO webMessenger - Zalogowano/input_Mateusz Kowalski_messageInput'

2021-12-21 19:31:52 - [TEST_STEP][PASSED] - click(findTestObject("Page_PSTO webMessenger - Zalogowano/img_Mateusz Kowalski_sendButton")): Object: 'Object Repository/Page_PSTO webMessenger - Zalogowano/img_Mateusz Kowalski_sendButton' is clicked on

2021-12-21 19:31:54 - [MESSAGE][PASSED] - Object: 'Object Repository/Page_PSTO webMessenger - Zalogowano/img_Mateusz Kowalski_sendButton' is clicked on

2021-12-21 19:31:54 - [TEST_STEP][PASSED] - setText(findTestObject("Page_PSTO webMessenger - Zalogowano/input_Mateusz Kowalski_messageInput"), "d"): Text 'd' is set on object 'Object Repository/Page_PSTO webMessenger - Zalogowano/input_Mateusz Kowalski_messageInput'

2021-12-21 19:31:59 - [MESSAGE][PASSED] - Text 'd' is set on object 'Object Repository/Page_PSTO webMessenger - Zalogowano/input_Mateusz Kowalski_messageInput'

2021-12-21 19:31:59 - [TEST_STEP][PASSED] - click(findTestObject("Page_PSTO webMessenger - Zalogowano/img_Mateusz Kowalski_sendButton")): Object: 'Object Repository/Page_PSTO webMessenger - Zalogowano/img_Mateusz Kowalski_sendButton' is clicked on

2021-12-21 19:32:01 - [MESSAGE][PASSED] - Object: 'Object Repository/Page_PSTO webMessenger - Zalogowano/img_Mateusz Kowalski_sendButton' is clicked on

2021-12-21 19:32:01 - [TEST_STEP][PASSED] - setText(findTestObject("Page_PSTO webMessenger - Zalogowano/input_Mateusz Kowalski_messageInput"), "d"): Text 'd' is set on object 'Object Repository/Page_PSTO webMessenger - Zalogowano/input_Mateusz Kowalski_messageInput'

2021-12-21 19:32:05 - [MESSAGE][PASSED] - Text 'd' is set on object 'Object Repository/Page_PSTO webMessenger - Zalogowano/input_Mateusz Kowalski_messageInput'

2021-12-21 19:32:05 - [TEST_STEP][PASSED] - click(findTestObject("Page_PSTO webMessenger - Zalogowano/img_Mateusz Kowalski_sendButton")): Object: 'Object Repository/Page_PSTO webMessenger - Zalogowano/img_Mateusz Kowalski_sendButton' is clicked on

2021-12-21 19:32:07 - [MESSAGE][PASSED] - Object: 'Object Repository/Page_PSTO webMessenger - Zalogowano/img_Mateusz Kowalski_sendButton' is clicked on

2021-12-21 19:32:07 - [TEST_STEP][PASSED] - setText(findTestObject("Page_PSTO webMessenger - Zalogowano/input_Mateusz Kowalski_messageInput"), "d"): Text 'd' is set on object 'Object Repository/Page_PSTO webMessenger - Zalogowano/input_Mateusz Kowalski_messageInput'

2021-12-21 19:32:11 - [MESSAGE][PASSED] - Text 'd' is set on object 'Object Repository/Page_PSTO webMessenger - Zalogowano/input_Mateusz Kowalski_messageInput'

2021-12-21 19:32:11 - [TEST_STEP][PASSED] - click(findTestObject("Page_PSTO webMessenger - Zalogowano/img_Mateusz Kowalski_sendButton")): Object: 'Object Repository/Page_PSTO webMessenger - Zalogowano/img_Mateusz Kowalski_sendButton' is clicked on

2021-12-21 19:32:13 - [MESSAGE][PASSED] - Object: 'Object Repository/Page_PSTO webMessenger - Zalogowano/img_Mateusz Kowalski_sendButton' is clicked on

2021-12-21 19:32:13 - [TEST_STEP][PASSED] - setText(findTestObject("Page_PSTO webMessenger - Zalogowano/input_Mateusz Kowalski_messageInput"), "d"): Text 'd' is set on object 'Object Repository/Page_PSTO webMessenger - Zalogowano/input_Mateusz Kowalski_messageInput'

2021-12-21 19:32:17 - [MESSAGE][PASSED] - Text 'd' is set on object 'Object Repository/Page_PSTO webMessenger - Zalogowano/input_Mateusz Kowalski_messageInput'

2021-12-21 19:32:17 - [TEST_STEP][PASSED] - click(findTestObject("Page_PSTO webMessenger - Zalogowano/img_Mateusz Kowalski_sendButton")): Object: 'Object Repository/Page_PSTO webMessenger - Zalogowano/img_Mateusz Kowalski_sendButton' is clicked on

2021-12-21 19:32:19 - [MESSAGE][PASSED] - Object: 'Object Repository/Page_PSTO webMessenger - Zalogowano/img_Mateusz Kowalski_sendButton' is clicked on

2021-12-21 19:32:19 - [TEST_STEP][PASSED] - setText(findTestObject("Page_PSTO webMessenger - Zalogowano/input_Mateusz Kowalski_messageInput"), "d"): Text 'd' is set on object 'Object Repository/Page_PSTO webMessenger - Zalogowano/input_Mateusz Kowalski_messageInput'

2021-12-21 19:32:24 - [MESSAGE][PASSED] - Text 'd' is set on object 'Object Repository/Page_PSTO webMessenger - Zalogowano/input_Mateusz Kowalski_messageInput'

2021-12-21 19:32:24 - [TEST_STEP][PASSED] - click(findTestObject("Page_PSTO webMessenger - Zalogowano/img_Mateusz Kowalski_sendButton")): Object: 'Object Repository/Page_PSTO webMessenger - Zalogowano/img_Mateusz Kowalski_sendButton' is clicked on

2021-12-21 19:32:26 - [MESSAGE][PASSED] - Object: 'Object Repository/Page_PSTO webMessenger - Zalogowano/img_Mateusz Kowalski_sendButton' is clicked on

2021-12-21 19:32:26 - [TEST_STEP][PASSED] - setText(findTestObject("Page_PSTO webMessenger - Zalogowano/input_Mateusz Kowalski_messageInput"), "d"): Text 'd' is set on object 'Object Repository/Page_PSTO webMessenger - Zalogowano/input_Mateusz Kowalski_messageInput'

2021-12-21 19:32:30 - [MESSAGE][PASSED] - Text 'd' is set on object 'Object Repository/Page_PSTO webMessenger - Zalogowano/input_Mateusz Kowalski_messageInput'

2021-12-21 19:32:30 - [TEST_STEP][PASSED] - click(findTestObject("Page_PSTO webMessenger - Zalogowano/img_Mateusz Kowalski_sendButton")): Object: 'Object Repository/Page_PSTO webMessenger - Zalogowano/img_Mateusz Kowalski_sendButton' is clicked on

2021-12-21 19:32:32 - [MESSAGE][PASSED] - Object: 'Object Repository/Page_PSTO webMessenger - Zalogowano/img_Mateusz Kowalski_sendButton' is clicked on

2021-12-21 19:32:32 - [TEST_STEP][PASSED] - setText(findTestObject("Page_PSTO webMessenger - Zalogowano/input_Mateusz Kowalski_messageInput"), "d"): Text 'd' is set on object 'Object Repository/Page_PSTO webMessenger - Zalogowano/input_Mateusz Kowalski_messageInput'

2021-12-21 19:32:36 - [MESSAGE][PASSED] - Text 'd' is set on object 'Object Repository/Page_PSTO webMessenger - Zalogowano/input_Mateusz Kowalski_messageInput'

2021-12-21 19:32:36 - [TEST_STEP][PASSED] - click(findTestObject("Page_PSTO webMessenger - Zalogowano/img_Mateusz Kowalski_sendButton")): Object: 'Object Repository/Page_PSTO webMessenger - Zalogowano/img_Mateusz Kowalski_sendButton' is clicked on

2021-12-21 19:32:38 - [MESSAGE][PASSED] - Object: 'Object Repository/Page_PSTO webMessenger - Zalogowano/img_Mateusz Kowalski_sendButton' is clicked on

2021-12-21 19:32:38 - [TEST_STEP][PASSED] - click(findTestObject("Object Repository/Page_PSTO webMessenger - Zalogowano/img_Zarejestruj konto_iconImg")): Object: 'Object Repository/Page_PSTO webMessenger - Zalogowano/img_Zarejestruj konto_iconImg' is clicked on

2021-12-21 19:32:40 - [MESSAGE][PASSED] - Object: 'Object Repository/Page_PSTO webMessenger - Zalogowano/img_Zarejestruj konto_iconImg' is clicked on

2021-12-21 19:32:40 - [TEST_STEP][PASSED] - closeBrowser(): Browser is closed

2021-12-21 19:32:41 - [MESSAGE][PASSED] - Browser is closed]]></system-out>
         <system-err><![CDATA[]]></system-err>
      </testcase>
      <testcase name="Test Cases/Historia rozm贸w/HR21" time="2845.538" classname="Test Cases/Historia rozm贸w/HR21" status="PASSED">
         <system-out><![CDATA[2021-12-21 19:32:41 - [TEST_CASE][PASSED] - Test Cases/Historia rozm贸w/HR21: Test Cases/Historia rozm贸w/HR21

2021-12-21 19:32:42 - [TEST_STEP][PASSED] - openBrowser(""): Browser is opened with url: ''

2021-12-21 19:32:42 - [MESSAGE][INFO] - Starting 'Chrome' driver

2021-12-21 19:32:42 - [MESSAGE][INFO] - Action delay is set to 0 milliseconds

2021-12-21 19:32:44 - [MESSAGE][PASSED] - Browser is opened with url: ''

2021-12-21 19:32:44 - [TEST_STEP][PASSED] - maximizeWindow(): Current window maximized

2021-12-21 19:32:44 - [MESSAGE][PASSED] - Current window maximized

2021-12-21 19:32:44 - [TEST_STEP][PASSED] - navigateToUrl("http://kmg.hcm.pl/testowanie/index.html"): Navigate to 'http://kmg.hcm.pl/testowanie/index.html' successfully

2021-12-21 19:32:45 - [MESSAGE][PASSED] - Navigate to 'http://kmg.hcm.pl/testowanie/index.html' successfully

2021-12-21 19:32:45 - [TEST_STEP][PASSED] - setText(findTestObject("Object Repository/Page_PSTO webMessenger/input_Zarejestruj konto_userLogin"), "Tomasz Staszewski"): Text 'Tomasz Staszewski' is set on object 'Object Repository/Page_PSTO webMessenger/input_Zarejestruj konto_userLogin'

2021-12-21 19:32:46 - [MESSAGE][PASSED] - Text 'Tomasz Staszewski' is set on object 'Object Repository/Page_PSTO webMessenger/input_Zarejestruj konto_userLogin'

2021-12-21 19:32:46 - [TEST_STEP][PASSED] - setEncryptedText(findTestObject("Object Repository/Page_PSTO webMessenger/input_Zarejestruj konto_passwordLogin"), "wCo1vTKhcj4="): Text ****** has been set on object 'Object Repository/Page_PSTO webMessenger/input_Zarejestruj konto_passwordLogin'

2021-12-21 19:32:46 - [MESSAGE][PASSED] - Text ****** has been set on object 'Object Repository/Page_PSTO webMessenger/input_Zarejestruj konto_passwordLogin'

2021-12-21 19:32:46 - [TEST_STEP][PASSED] - click(findTestObject("Object Repository/Page_PSTO webMessenger/input_Zarejestruj konto_login")): Object: 'Object Repository/Page_PSTO webMessenger/input_Zarejestruj konto_login' is clicked on

2021-12-21 19:32:47 - [MESSAGE][PASSED] - Object: 'Object Repository/Page_PSTO webMessenger/input_Zarejestruj konto_login' is clicked on

2021-12-21 19:32:47 - [TEST_STEP][PASSED] - click(findTestObject("Page_PSTO webMessenger - Zalogowano/div_Leszek Kowalski")): Object: 'Object Repository/Page_PSTO webMessenger - Zalogowano/div_Leszek Kowalski' is clicked on

2021-12-21 19:32:49 - [MESSAGE][PASSED] - Object: 'Object Repository/Page_PSTO webMessenger - Zalogowano/div_Leszek Kowalski' is clicked on

2021-12-21 19:32:49 - [TEST_STEP][PASSED] - setText(findTestObject("Page_PSTO webMessenger - Zalogowano/input_Leszek Kowalski_messageInput"), "proba"): Text 'proba' is set on object 'Object Repository/Page_PSTO webMessenger - Zalogowano/input_Leszek Kowalski_messageInput'

2021-12-21 19:32:51 - [MESSAGE][PASSED] - Text 'proba' is set on object 'Object Repository/Page_PSTO webMessenger - Zalogowano/input_Leszek Kowalski_messageInput'

2021-12-21 19:32:51 - [TEST_STEP][PASSED] - click(findTestObject("Page_PSTO webMessenger - Zalogowano/img_Leszek Kowalski_sendButton")): Object: 'Object Repository/Page_PSTO webMessenger - Zalogowano/img_Leszek Kowalski_sendButton' is clicked on

2021-12-21 19:32:52 - [MESSAGE][PASSED] - Object: 'Object Repository/Page_PSTO webMessenger - Zalogowano/img_Leszek Kowalski_sendButton' is clicked on

2021-12-21 19:32:52 - [TEST_STEP][PASSED] - for (def index : (1..400)): Object: 'Object Repository/Page_PSTO webMessenger - Zalogowano/img_Leszek Kowalski_sendButton' is clicked on

2021-12-21 19:32:52 - [TEST_STEP][PASSED] - setText(findTestObject("Page_PSTO webMessenger - Zalogowano/input_Leszek Kowalski_messageInput"), "e"): Text 'e' is set on object 'Object Repository/Page_PSTO webMessenger - Zalogowano/input_Leszek Kowalski_messageInput'

2021-12-21 19:32:53 - [MESSAGE][PASSED] - Text 'e' is set on object 'Object Repository/Page_PSTO webMessenger - Zalogowano/input_Leszek Kowalski_messageInput'

2021-12-21 19:32:53 - [TEST_STEP][PASSED] - click(findTestObject("Page_PSTO webMessenger - Zalogowano/img_Leszek Kowalski_sendButton")): Object: 'Object Repository/Page_PSTO webMessenger - Zalogowano/img_Leszek Kowalski_sendButton' is clicked on

2021-12-21 19:32:54 - [MESSAGE][PASSED] - Object: 'Object Repository/Page_PSTO webMessenger - Zalogowano/img_Leszek Kowalski_sendButton' is clicked on

2021-12-21 19:32:54 - [TEST_STEP][PASSED] - setText(findTestObject("Page_PSTO webMessenger - Zalogowano/input_Leszek Kowalski_messageInput"), "e"): Text 'e' is set on object 'Object Repository/Page_PSTO webMessenger - Zalogowano/input_Leszek Kowalski_messageInput'

2021-12-21 19:32:54 - [MESSAGE][PASSED] - Text 'e' is set on object 'Object Repository/Page_PSTO webMessenger - Zalogowano/input_Leszek Kowalski_messageInput'

2021-12-21 19:32:54 - [TEST_STEP][PASSED] - click(findTestObject("Page_PSTO webMessenger - Zalogowano/img_Leszek Kowalski_sendButton")): Object: 'Object Repository/Page_PSTO webMessenger - Zalogowano/img_Leszek Kowalski_sendButton' is clicked on

2021-12-21 19:32:55 - [MESSAGE][PASSED] - Object: 'Object Repository/Page_PSTO webMessenger - Zalogowano/img_Leszek Kowalski_sendButton' is clicked on

2021-12-21 19:32:55 - [TEST_STEP][PASSED] - setText(findTestObject("Page_PSTO webMessenger - Zalogowano/input_Leszek Kowalski_messageInput"), "e"): Text 'e' is set on object 'Object Repository/Page_PSTO webMessenger - Zalogowano/input_Leszek Kowalski_messageInput'

2021-12-21 19:32:56 - [MESSAGE][PASSED] - Text 'e' is set on object 'Object Repository/Page_PSTO webMessenger - Zalogowano/input_Leszek Kowalski_messageInput'

2021-12-21 19:32:56 - [TEST_STEP][PASSED] - click(findTestObject("Page_PSTO webMessenger - Zalogowano/img_Leszek Kowalski_sendButton")): Object: 'Object Repository/Page_PSTO webMessenger - Zalogowano/img_Leszek Kowalski_sendButton' is clicked on

2021-12-21 19:32:57 - [MESSAGE][PASSED] - Object: 'Object Repository/Page_PSTO webMessenger - Zalogowano/img_Leszek Kowalski_sendButton' is clicked on

2021-12-21 19:32:57 - [TEST_STEP][PASSED] - setText(findTestObject("Page_PSTO webMessenger - Zalogowano/input_Leszek Kowalski_messageInput"), "e"): Text 'e' is set on object 'Object Repository/Page_PSTO webMessenger - Zalogowano/input_Leszek Kowalski_messageInput'

2021-12-21 19:32:59 - [MESSAGE][PASSED] - Text 'e' is set on object 'Object Repository/Page_PSTO webMessenger - Zalogowano/input_Leszek Kowalski_messageInput'

2021-12-21 19:32:59 - [TEST_STEP][PASSED] - click(findTestObject("Page_PSTO webMessenger - Zalogowano/img_Leszek Kowalski_sendButton")): Object: 'Object Repository/Page_PSTO webMessenger - Zalogowano/img_Leszek Kowalski_sendButton' is clicked on

2021-12-21 19:33:01 - [MESSAGE][PASSED] - Object: 'Object Repository/Page_PSTO webMessenger - Zalogowano/img_Leszek Kowalski_sendButton' is clicked on

2021-12-21 19:33:01 - [TEST_STEP][PASSED] - setText(findTestObject("Page_PSTO webMessenger - Zalogowano/input_Leszek Kowalski_messageInput"), "e"): Text 'e' is set on object 'Object Repository/Page_PSTO webMessenger - Zalogowano/input_Leszek Kowalski_messageInput'

2021-12-21 19:33:06 - [MESSAGE][PASSED] - Text 'e' is set on object 'Object Repository/Page_PSTO webMessenger - Zalogowano/input_Leszek Kowalski_messageInput'

2021-12-21 19:33:06 - [TEST_STEP][PASSED] - click(findTestObject("Page_PSTO webMessenger - Zalogowano/img_Leszek Kowalski_sendButton")): Object: 'Object Repository/Page_PSTO webMessenger - Zalogowano/img_Leszek Kowalski_sendButton' is clicked on

2021-12-21 19:33:09 - [MESSAGE][PASSED] - Object: 'Object Repository/Page_PSTO webMessenger - Zalogowano/img_Leszek Kowalski_sendButton' is clicked on

2021-12-21 19:33:09 - [TEST_STEP][PASSED] - setText(findTestObject("Page_PSTO webMessenger - Zalogowano/input_Leszek Kowalski_messageInput"), "e"): Text 'e' is set on object 'Object Repository/Page_PSTO webMessenger - Zalogowano/input_Leszek Kowalski_messageInput'

2021-12-21 19:33:13 - [MESSAGE][PASSED] - Text 'e' is set on object 'Object Repository/Page_PSTO webMessenger - Zalogowano/input_Leszek Kowalski_messageInput'

2021-12-21 19:33:13 - [TEST_STEP][PASSED] - click(findTestObject("Page_PSTO webMessenger - Zalogowano/img_Leszek Kowalski_sendButton")): Object: 'Object Repository/Page_PSTO webMessenger - Zalogowano/img_Leszek Kowalski_sendButton' is clicked on

2021-12-21 19:33:15 - [MESSAGE][PASSED] - Object: 'Object Repository/Page_PSTO webMessenger - Zalogowano/img_Leszek Kowalski_sendButton' is clicked on

2021-12-21 19:33:15 - [TEST_STEP][PASSED] - setText(findTestObject("Page_PSTO webMessenger - Zalogowano/input_Leszek Kowalski_messageInput"), "e"): Text 'e' is set on object 'Object Repository/Page_PSTO webMessenger - Zalogowano/input_Leszek Kowalski_messageInput'

2021-12-21 19:33:19 - [MESSAGE][PASSED] - Text 'e' is set on object 'Object Repository/Page_PSTO webMessenger - Zalogowano/input_Leszek Kowalski_messageInput'

2021-12-21 19:33:19 - [TEST_STEP][PASSED] - click(findTestObject("Page_PSTO webMessenger - Zalogowano/img_Leszek Kowalski_sendButton")): Object: 'Object Repository/Page_PSTO webMessenger - Zalogowano/img_Leszek Kowalski_sendButton' is clicked on

2021-12-21 19:33:21 - [MESSAGE][PASSED] - Object: 'Object Repository/Page_PSTO webMessenger - Zalogowano/img_Leszek Kowalski_sendButton' is clicked on

2021-12-21 19:33:21 - [TEST_STEP][PASSED] - setText(findTestObject("Page_PSTO webMessenger - Zalogowano/input_Leszek Kowalski_messageInput"), "e"): Text 'e' is set on object 'Object Repository/Page_PSTO webMessenger - Zalogowano/input_Leszek Kowalski_messageInput'

2021-12-21 19:33:26 - [MESSAGE][PASSED] - Text 'e' is set on object 'Object Repository/Page_PSTO webMessenger - Zalogowano/input_Leszek Kowalski_messageInput'

2021-12-21 19:33:26 - [TEST_STEP][PASSED] - click(findTestObject("Page_PSTO webMessenger - Zalogowano/img_Leszek Kowalski_sendButton")): Object: 'Object Repository/Page_PSTO webMessenger - Zalogowano/img_Leszek Kowalski_sendButton' is clicked on

2021-12-21 19:33:29 - [MESSAGE][PASSED] - Object: 'Object Repository/Page_PSTO webMessenger - Zalogowano/img_Leszek Kowalski_sendButton' is clicked on

2021-12-21 19:33:29 - [TEST_STEP][PASSED] - setText(findTestObject("Page_PSTO webMessenger - Zalogowano/input_Leszek Kowalski_messageInput"), "e"): Text 'e' is set on object 'Object Repository/Page_PSTO webMessenger - Zalogowano/input_Leszek Kowalski_messageInput'

2021-12-21 19:33:33 - [MESSAGE][PASSED] - Text 'e' is set on object 'Object Repository/Page_PSTO webMessenger - Zalogowano/input_Leszek Kowalski_messageInput'

2021-12-21 19:33:33 - [TEST_STEP][PASSED] - click(findTestObject("Page_PSTO webMessenger - Zalogowano/img_Leszek Kowalski_sendButton")): Object: 'Object Repository/Page_PSTO webMessenger - Zalogowano/img_Leszek Kowalski_sendButton' is clicked on

2021-12-21 19:33:35 - [MESSAGE][PASSED] - Object: 'Object Repository/Page_PSTO webMessenger - Zalogowano/img_Leszek Kowalski_sendButton' is clicked on

2021-12-21 19:33:35 - [TEST_STEP][PASSED] - setText(findTestObject("Page_PSTO webMessenger - Zalogowano/input_Leszek Kowalski_messageInput"), "e"): Text 'e' is set on object 'Object Repository/Page_PSTO webMessenger - Zalogowano/input_Leszek Kowalski_messageInput'

2021-12-21 19:33:39 - [MESSAGE][PASSED] - Text 'e' is set on object 'Object Repository/Page_PSTO webMessenger - Zalogowano/input_Leszek Kowalski_messageInput'

2021-12-21 19:33:39 - [TEST_STEP][PASSED] - click(findTestObject("Page_PSTO webMessenger - Zalogowano/img_Leszek Kowalski_sendButton")): Object: 'Object Repository/Page_PSTO webMessenger - Zalogowano/img_Leszek Kowalski_sendButton' is clicked on

2021-12-21 19:33:41 - [MESSAGE][PASSED] - Object: 'Object Repository/Page_PSTO webMessenger - Zalogowano/img_Leszek Kowalski_sendButton' is clicked on

2021-12-21 19:33:41 - [TEST_STEP][PASSED] - setText(findTestObject("Page_PSTO webMessenger - Zalogowano/input_Leszek Kowalski_messageInput"), "e"): Text 'e' is set on object 'Object Repository/Page_PSTO webMessenger - Zalogowano/input_Leszek Kowalski_messageInput'

2021-12-21 19:33:46 - [MESSAGE][PASSED] - Text 'e' is set on object 'Object Repository/Page_PSTO webMessenger - Zalogowano/input_Leszek Kowalski_messageInput'

2021-12-21 19:33:46 - [TEST_STEP][PASSED] - click(findTestObject("Page_PSTO webMessenger - Zalogowano/img_Leszek Kowalski_sendButton")): Object: 'Object Repository/Page_PSTO webMessenger - Zalogowano/img_Leszek Kowalski_sendButton' is clicked on

2021-12-21 19:33:49 - [MESSAGE][PASSED] - Object: 'Object Repository/Page_PSTO webMessenger - Zalogowano/img_Leszek Kowalski_sendButton' is clicked on

2021-12-21 19:33:49 - [TEST_STEP][PASSED] - setText(findTestObject("Page_PSTO webMessenger - Zalogowano/input_Leszek Kowalski_messageInput"), "e"): Text 'e' is set on object 'Object Repository/Page_PSTO webMessenger - Zalogowano/input_Leszek Kowalski_messageInput'

2021-12-21 19:33:53 - [MESSAGE][PASSED] - Text 'e' is set on object 'Object Repository/Page_PSTO webMessenger - Zalogowano/input_Leszek Kowalski_messageInput'

2021-12-21 19:33:53 - [TEST_STEP][PASSED] - click(findTestObject("Page_PSTO webMessenger - Zalogowano/img_Leszek Kowalski_sendButton")): Object: 'Object Repository/Page_PSTO webMessenger - Zalogowano/img_Leszek Kowalski_sendButton' is clicked on

2021-12-21 19:33:55 - [MESSAGE][PASSED] - Object: 'Object Repository/Page_PSTO webMessenger - Zalogowano/img_Leszek Kowalski_sendButton' is clicked on

2021-12-21 19:33:55 - [TEST_STEP][PASSED] - setText(findTestObject("Page_PSTO webMessenger - Zalogowano/input_Leszek Kowalski_messageInput"), "e"): Text 'e' is set on object 'Object Repository/Page_PSTO webMessenger - Zalogowano/input_Leszek Kowalski_messageInput'

2021-12-21 19:34:01 - [MESSAGE][PASSED] - Text 'e' is set on object 'Object Repository/Page_PSTO webMessenger - Zalogowano/input_Leszek Kowalski_messageInput'

2021-12-21 19:34:01 - [TEST_STEP][PASSED] - click(findTestObject("Page_PSTO webMessenger - Zalogowano/img_Leszek Kowalski_sendButton")): Object: 'Object Repository/Page_PSTO webMessenger - Zalogowano/img_Leszek Kowalski_sendButton' is clicked on

2021-12-21 19:34:04 - [MESSAGE][PASSED] - Object: 'Object Repository/Page_PSTO webMessenger - Zalogowano/img_Leszek Kowalski_sendButton' is clicked on

2021-12-21 19:34:04 - [TEST_STEP][PASSED] - setText(findTestObject("Page_PSTO webMessenger - Zalogowano/input_Leszek Kowalski_messageInput"), "e"): Text 'e' is set on object 'Object Repository/Page_PSTO webMessenger - Zalogowano/input_Leszek Kowalski_messageInput'

2021-12-21 19:34:09 - [MESSAGE][PASSED] - Text 'e' is set on object 'Object Repository/Page_PSTO webMessenger - Zalogowano/input_Leszek Kowalski_messageInput'

2021-12-21 19:34:09 - [TEST_STEP][PASSED] - click(findTestObject("Page_PSTO webMessenger - Zalogowano/img_Leszek Kowalski_sendButton")): Object: 'Object Repository/Page_PSTO webMessenger - Zalogowano/img_Leszek Kowalski_sendButton' is clicked on

2021-12-21 19:34:11 - [MESSAGE][PASSED] - Object: 'Object Repository/Page_PSTO webMessenger - Zalogowano/img_Leszek Kowalski_sendButton' is clicked on

2021-12-21 19:34:11 - [TEST_STEP][PASSED] - setText(findTestObject("Page_PSTO webMessenger - Zalogowano/input_Leszek Kowalski_messageInput"), "e"): Text 'e' is set on object 'Object Repository/Page_PSTO webMessenger - Zalogowano/input_Leszek Kowalski_messageInput'

2021-12-21 19:34:16 - [MESSAGE][PASSED] - Text 'e' is set on object 'Object Repository/Page_PSTO webMessenger - Zalogowano/input_Leszek Kowalski_messageInput'

2021-12-21 19:34:16 - [TEST_STEP][PASSED] - click(findTestObject("Page_PSTO webMessenger - Zalogowano/img_Leszek Kowalski_sendButton")): Object: 'Object Repository/Page_PSTO webMessenger - Zalogowano/img_Leszek Kowalski_sendButton' is clicked on

2021-12-21 19:34:19 - [MESSAGE][PASSED] - Object: 'Object Repository/Page_PSTO webMessenger - Zalogowano/img_Leszek Kowalski_sendButton' is clicked on

2021-12-21 19:34:19 - [TEST_STEP][PASSED] - setText(findTestObject("Page_PSTO webMessenger - Zalogowano/input_Leszek Kowalski_messageInput"), "e"): Text 'e' is set on object 'Object Repository/Page_PSTO webMessenger - Zalogowano/input_Leszek Kowalski_messageInput'

2021-12-21 19:34:23 - [MESSAGE][PASSED] - Text 'e' is set on object 'Object Repository/Page_PSTO webMessenger - Zalogowano/input_Leszek Kowalski_messageInput'

2021-12-21 19:34:23 - [TEST_STEP][PASSED] - click(findTestObject("Page_PSTO webMessenger - Zalogowano/img_Leszek Kowalski_sendButton")): Object: 'Object Repository/Page_PSTO webMessenger - Zalogowano/img_Leszek Kowalski_sendButton' is clicked on

2021-12-21 19:34:25 - [MESSAGE][PASSED] - Object: 'Object Repository/Page_PSTO webMessenger - Zalogowano/img_Leszek Kowalski_sendButton' is clicked on

2021-12-21 19:34:25 - [TEST_STEP][PASSED] - setText(findTestObject("Page_PSTO webMessenger - Zalogowano/input_Leszek Kowalski_messageInput"), "e"): Text 'e' is set on object 'Object Repository/Page_PSTO webMessenger - Zalogowano/input_Leszek Kowalski_messageInput'

2021-12-21 19:34:30 - [MESSAGE][PASSED] - Text 'e' is set on object 'Object Repository/Page_PSTO webMessenger - Zalogowano/input_Leszek Kowalski_messageInput'

2021-12-21 19:34:30 - [TEST_STEP][PASSED] - click(findTestObject("Page_PSTO webMessenger - Zalogowano/img_Leszek Kowalski_sendButton")): Object: 'Object Repository/Page_PSTO webMessenger - Zalogowano/img_Leszek Kowalski_sendButton' is clicked on

2021-12-21 19:34:34 - [MESSAGE][PASSED] - Object: 'Object Repository/Page_PSTO webMessenger - Zalogowano/img_Leszek Kowalski_sendButton' is clicked on

2021-12-21 19:34:34 - [TEST_STEP][PASSED] - setText(findTestObject("Page_PSTO webMessenger - Zalogowano/input_Leszek Kowalski_messageInput"), "e"): Text 'e' is set on object 'Object Repository/Page_PSTO webMessenger - Zalogowano/input_Leszek Kowalski_messageInput'

2021-12-21 19:34:38 - [MESSAGE][PASSED] - Text 'e' is set on object 'Object Repository/Page_PSTO webMessenger - Zalogowano/input_Leszek Kowalski_messageInput'

2021-12-21 19:34:38 - [TEST_STEP][PASSED] - click(findTestObject("Page_PSTO webMessenger - Zalogowano/img_Leszek Kowalski_sendButton")): Object: 'Object Repository/Page_PSTO webMessenger - Zalogowano/img_Leszek Kowalski_sendButton' is clicked on

2021-12-21 19:34:40 - [MESSAGE][PASSED] - Object: 'Object Repository/Page_PSTO webMessenger - Zalogowano/img_Leszek Kowalski_sendButton' is clicked on

2021-12-21 19:34:40 - [TEST_STEP][PASSED] - setText(findTestObject("Page_PSTO webMessenger - Zalogowano/input_Leszek Kowalski_messageInput"), "e"): Text 'e' is set on object 'Object Repository/Page_PSTO webMessenger - Zalogowano/input_Leszek Kowalski_messageInput'

2021-12-21 19:34:51 - [MESSAGE][PASSED] - Text 'e' is set on object 'Object Repository/Page_PSTO webMessenger - Zalogowano/input_Leszek Kowalski_messageInput'

2021-12-21 19:34:51 - [TEST_STEP][PASSED] - click(findTestObject("Page_PSTO webMessenger - Zalogowano/img_Leszek Kowalski_sendButton")): Object: 'Object Repository/Page_PSTO webMessenger - Zalogowano/img_Leszek Kowalski_sendButton' is clicked on

2021-12-21 19:35:14 - [MESSAGE][PASSED] - Object: 'Object Repository/Page_PSTO webMessenger - Zalogowano/img_Leszek Kowalski_sendButton' is clicked on

2021-12-21 19:35:14 - [TEST_STEP][PASSED] - setText(findTestObject("Page_PSTO webMessenger - Zalogowano/input_Leszek Kowalski_messageInput"), "e"): Text 'e' is set on object 'Object Repository/Page_PSTO webMessenger - Zalogowano/input_Leszek Kowalski_messageInput'

2021-12-21 19:35:41 - [MESSAGE][PASSED] - Text 'e' is set on object 'Object Repository/Page_PSTO webMessenger - Zalogowano/input_Leszek Kowalski_messageInput'

2021-12-21 19:35:41 - [TEST_STEP][PASSED] - click(findTestObject("Page_PSTO webMessenger - Zalogowano/img_Leszek Kowalski_sendButton")): Object: 'Object Repository/Page_PSTO webMessenger - Zalogowano/img_Leszek Kowalski_sendButton' is clicked on

2021-12-21 19:35:48 - [MESSAGE][PASSED] - Object: 'Object Repository/Page_PSTO webMessenger - Zalogowano/img_Leszek Kowalski_sendButton' is clicked on

2021-12-21 19:35:48 - [TEST_STEP][PASSED] - setText(findTestObject("Page_PSTO webMessenger - Zalogowano/input_Leszek Kowalski_messageInput"), "e"): Text 'e' is set on object 'Object Repository/Page_PSTO webMessenger - Zalogowano/input_Leszek Kowalski_messageInput'

2021-12-21 19:35:58 - [MESSAGE][PASSED] - Text 'e' is set on object 'Object Repository/Page_PSTO webMessenger - Zalogowano/input_Leszek Kowalski_messageInput'

2021-12-21 19:35:58 - [TEST_STEP][PASSED] - click(findTestObject("Page_PSTO webMessenger - Zalogowano/img_Leszek Kowalski_sendButton")): Object: 'Object Repository/Page_PSTO webMessenger - Zalogowano/img_Leszek Kowalski_sendButton' is clicked on

2021-12-21 19:36:00 - [MESSAGE][PASSED] - Object: 'Object Repository/Page_PSTO webMessenger - Zalogowano/img_Leszek Kowalski_sendButton' is clicked on

2021-12-21 19:36:00 - [TEST_STEP][PASSED] - setText(findTestObject("Page_PSTO webMessenger - Zalogowano/input_Leszek Kowalski_messageInput"), "e"): Text 'e' is set on object 'Object Repository/Page_PSTO webMessenger - Zalogowano/input_Leszek Kowalski_messageInput'

2021-12-21 19:36:05 - [MESSAGE][PASSED] - Text 'e' is set on object 'Object Repository/Page_PSTO webMessenger - Zalogowano/input_Leszek Kowalski_messageInput'

2021-12-21 19:36:05 - [TEST_STEP][PASSED] - click(findTestObject("Page_PSTO webMessenger - Zalogowano/img_Leszek Kowalski_sendButton")): Object: 'Object Repository/Page_PSTO webMessenger - Zalogowano/img_Leszek Kowalski_sendButton' is clicked on

2021-12-21 19:36:39 - [MESSAGE][PASSED] - Object: 'Object Repository/Page_PSTO webMessenger - Zalogowano/img_Leszek Kowalski_sendButton' is clicked on

2021-12-21 19:36:39 - [TEST_STEP][PASSED] - setText(findTestObject("Page_PSTO webMessenger - Zalogowano/input_Leszek Kowalski_messageInput"), "e"): Text 'e' is set on object 'Object Repository/Page_PSTO webMessenger - Zalogowano/input_Leszek Kowalski_messageInput'

2021-12-21 19:37:10 - [MESSAGE][PASSED] - Text 'e' is set on object 'Object Repository/Page_PSTO webMessenger - Zalogowano/input_Leszek Kowalski_messageInput'

2021-12-21 19:37:10 - [TEST_STEP][PASSED] - click(findTestObject("Page_PSTO webMessenger - Zalogowano/img_Leszek Kowalski_sendButton")): Object: 'Object Repository/Page_PSTO webMessenger - Zalogowano/img_Leszek Kowalski_sendButton' is clicked on

2021-12-21 19:37:14 - [MESSAGE][PASSED] - Object: 'Object Repository/Page_PSTO webMessenger - Zalogowano/img_Leszek Kowalski_sendButton' is clicked on

2021-12-21 19:37:14 - [TEST_STEP][PASSED] - setText(findTestObject("Page_PSTO webMessenger - Zalogowano/input_Leszek Kowalski_messageInput"), "e"): Text 'e' is set on object 'Object Repository/Page_PSTO webMessenger - Zalogowano/input_Leszek Kowalski_messageInput'

2021-12-21 19:37:18 - [MESSAGE][PASSED] - Text 'e' is set on object 'Object Repository/Page_PSTO webMessenger - Zalogowano/input_Leszek Kowalski_messageInput'

2021-12-21 19:37:18 - [TEST_STEP][PASSED] - click(findTestObject("Page_PSTO webMessenger - Zalogowano/img_Leszek Kowalski_sendButton")): Object: 'Object Repository/Page_PSTO webMessenger - Zalogowano/img_Leszek Kowalski_sendButton' is clicked on

2021-12-21 19:37:20 - [MESSAGE][PASSED] - Object: 'Object Repository/Page_PSTO webMessenger - Zalogowano/img_Leszek Kowalski_sendButton' is clicked on

2021-12-21 19:37:20 - [TEST_STEP][PASSED] - setText(findTestObject("Page_PSTO webMessenger - Zalogowano/input_Leszek Kowalski_messageInput"), "e"): Text 'e' is set on object 'Object Repository/Page_PSTO webMessenger - Zalogowano/input_Leszek Kowalski_messageInput'

2021-12-21 19:37:25 - [MESSAGE][PASSED] - Text 'e' is set on object 'Object Repository/Page_PSTO webMessenger - Zalogowano/input_Leszek Kowalski_messageInput'

2021-12-21 19:37:25 - [TEST_STEP][PASSED] - click(findTestObject("Page_PSTO webMessenger - Zalogowano/img_Leszek Kowalski_sendButton")): Object: 'Object Repository/Page_PSTO webMessenger - Zalogowano/img_Leszek Kowalski_sendButton' is clicked on

2021-12-21 19:37:27 - [MESSAGE][PASSED] - Object: 'Object Repository/Page_PSTO webMessenger - Zalogowano/img_Leszek Kowalski_sendButton' is clicked on

2021-12-21 19:37:27 - [TEST_STEP][PASSED] - setText(findTestObject("Page_PSTO webMessenger - Zalogowano/input_Leszek Kowalski_messageInput"), "e"): Text 'e' is set on object 'Object Repository/Page_PSTO webMessenger - Zalogowano/input_Leszek Kowalski_messageInput'

2021-12-21 19:37:31 - [MESSAGE][PASSED] - Text 'e' is set on object 'Object Repository/Page_PSTO webMessenger - Zalogowano/input_Leszek Kowalski_messageInput'

2021-12-21 19:37:31 - [TEST_STEP][PASSED] - click(findTestObject("Page_PSTO webMessenger - Zalogowano/img_Leszek Kowalski_sendButton")): Object: 'Object Repository/Page_PSTO webMessenger - Zalogowano/img_Leszek Kowalski_sendButton' is clicked on

2021-12-21 19:37:34 - [MESSAGE][PASSED] - Object: 'Object Repository/Page_PSTO webMessenger - Zalogowano/img_Leszek Kowalski_sendButton' is clicked on

2021-12-21 19:37:34 - [TEST_STEP][PASSED] - setText(findTestObject("Page_PSTO webMessenger - Zalogowano/input_Leszek Kowalski_messageInput"), "e"): Text 'e' is set on object 'Object Repository/Page_PSTO webMessenger - Zalogowano/input_Leszek Kowalski_messageInput'

2021-12-21 19:37:39 - [MESSAGE][PASSED] - Text 'e' is set on object 'Object Repository/Page_PSTO webMessenger - Zalogowano/input_Leszek Kowalski_messageInput'

2021-12-21 19:37:39 - [TEST_STEP][PASSED] - click(findTestObject("Page_PSTO webMessenger - Zalogowano/img_Leszek Kowalski_sendButton")): Object: 'Object Repository/Page_PSTO webMessenger - Zalogowano/img_Leszek Kowalski_sendButton' is clicked on

2021-12-21 19:37:41 - [MESSAGE][PASSED] - Object: 'Object Repository/Page_PSTO webMessenger - Zalogowano/img_Leszek Kowalski_sendButton' is clicked on

2021-12-21 19:37:41 - [TEST_STEP][PASSED] - setText(findTestObject("Page_PSTO webMessenger - Zalogowano/input_Leszek Kowalski_messageInput"), "e"): Text 'e' is set on object 'Object Repository/Page_PSTO webMessenger - Zalogowano/input_Leszek Kowalski_messageInput'

2021-12-21 19:37:48 - [MESSAGE][PASSED] - Text 'e' is set on object 'Object Repository/Page_PSTO webMessenger - Zalogowano/input_Leszek Kowalski_messageInput'

2021-12-21 19:37:48 - [TEST_STEP][PASSED] - click(findTestObject("Page_PSTO webMessenger - Zalogowano/img_Leszek Kowalski_sendButton")): Object: 'Object Repository/Page_PSTO webMessenger - Zalogowano/img_Leszek Kowalski_sendButton' is clicked on

2021-12-21 19:37:50 - [MESSAGE][PASSED] - Object: 'Object Repository/Page_PSTO webMessenger - Zalogowano/img_Leszek Kowalski_sendButton' is clicked on

2021-12-21 19:37:50 - [TEST_STEP][PASSED] - setText(findTestObject("Page_PSTO webMessenger - Zalogowano/input_Leszek Kowalski_messageInput"), "e"): Text 'e' is set on object 'Object Repository/Page_PSTO webMessenger - Zalogowano/input_Leszek Kowalski_messageInput'

2021-12-21 19:37:55 - [MESSAGE][PASSED] - Text 'e' is set on object 'Object Repository/Page_PSTO webMessenger - Zalogowano/input_Leszek Kowalski_messageInput'

2021-12-21 19:37:55 - [TEST_STEP][PASSED] - click(findTestObject("Page_PSTO webMessenger - Zalogowano/img_Leszek Kowalski_sendButton")): Object: 'Object Repository/Page_PSTO webMessenger - Zalogowano/img_Leszek Kowalski_sendButton' is clicked on

2021-12-21 19:37:59 - [MESSAGE][PASSED] - Object: 'Object Repository/Page_PSTO webMessenger - Zalogowano/img_Leszek Kowalski_sendButton' is clicked on

2021-12-21 19:37:59 - [TEST_STEP][PASSED] - setText(findTestObject("Page_PSTO webMessenger - Zalogowano/input_Leszek Kowalski_messageInput"), "e"): Text 'e' is set on object 'Object Repository/Page_PSTO webMessenger - Zalogowano/input_Leszek Kowalski_messageInput'

2021-12-21 19:38:03 - [MESSAGE][PASSED] - Text 'e' is set on object 'Object Repository/Page_PSTO webMessenger - Zalogowano/input_Leszek Kowalski_messageInput'

2021-12-21 19:38:03 - [TEST_STEP][PASSED] - click(findTestObject("Page_PSTO webMessenger - Zalogowano/img_Leszek Kowalski_sendButton")): Object: 'Object Repository/Page_PSTO webMessenger - Zalogowano/img_Leszek Kowalski_sendButton' is clicked on

2021-12-21 19:38:05 - [MESSAGE][PASSED] - Object: 'Object Repository/Page_PSTO webMessenger - Zalogowano/img_Leszek Kowalski_sendButton' is clicked on

2021-12-21 19:38:05 - [TEST_STEP][PASSED] - setText(findTestObject("Page_PSTO webMessenger - Zalogowano/input_Leszek Kowalski_messageInput"), "e"): Text 'e' is set on object 'Object Repository/Page_PSTO webMessenger - Zalogowano/input_Leszek Kowalski_messageInput'

2021-12-21 19:38:09 - [MESSAGE][PASSED] - Text 'e' is set on object 'Object Repository/Page_PSTO webMessenger - Zalogowano/input_Leszek Kowalski_messageInput'

2021-12-21 19:38:09 - [TEST_STEP][PASSED] - click(findTestObject("Page_PSTO webMessenger - Zalogowano/img_Leszek Kowalski_sendButton")): Object: 'Object Repository/Page_PSTO webMessenger - Zalogowano/img_Leszek Kowalski_sendButton' is clicked on

2021-12-21 19:38:11 - [MESSAGE][PASSED] - Object: 'Object Repository/Page_PSTO webMessenger - Zalogowano/img_Leszek Kowalski_sendButton' is clicked on

2021-12-21 19:38:11 - [TEST_STEP][PASSED] - setText(findTestObject("Page_PSTO webMessenger - Zalogowano/input_Leszek Kowalski_messageInput"), "e"): Text 'e' is set on object 'Object Repository/Page_PSTO webMessenger - Zalogowano/input_Leszek Kowalski_messageInput'

2021-12-21 19:38:15 - [MESSAGE][PASSED] - Text 'e' is set on object 'Object Repository/Page_PSTO webMessenger - Zalogowano/input_Leszek Kowalski_messageInput'

2021-12-21 19:38:15 - [TEST_STEP][PASSED] - click(findTestObject("Page_PSTO webMessenger - Zalogowano/img_Leszek Kowalski_sendButton")): Object: 'Object Repository/Page_PSTO webMessenger - Zalogowano/img_Leszek Kowalski_sendButton' is clicked on

2021-12-21 19:38:18 - [MESSAGE][PASSED] - Object: 'Object Repository/Page_PSTO webMessenger - Zalogowano/img_Leszek Kowalski_sendButton' is clicked on

2021-12-21 19:38:18 - [TEST_STEP][PASSED] - setText(findTestObject("Page_PSTO webMessenger - Zalogowano/input_Leszek Kowalski_messageInput"), "e"): Text 'e' is set on object 'Object Repository/Page_PSTO webMessenger - Zalogowano/input_Leszek Kowalski_messageInput'

2021-12-21 19:38:24 - [MESSAGE][PASSED] - Text 'e' is set on object 'Object Repository/Page_PSTO webMessenger - Zalogowano/input_Leszek Kowalski_messageInput'

2021-12-21 19:38:24 - [TEST_STEP][PASSED] - click(findTestObject("Page_PSTO webMessenger - Zalogowano/img_Leszek Kowalski_sendButton")): Object: 'Object Repository/Page_PSTO webMessenger - Zalogowano/img_Leszek Kowalski_sendButton' is clicked on

2021-12-21 19:38:28 - [MESSAGE][PASSED] - Object: 'Object Repository/Page_PSTO webMessenger - Zalogowano/img_Leszek Kowalski_sendButton' is clicked on

2021-12-21 19:38:28 - [TEST_STEP][PASSED] - setText(findTestObject("Page_PSTO webMessenger - Zalogowano/input_Leszek Kowalski_messageInput"), "e"): Text 'e' is set on object 'Object Repository/Page_PSTO webMessenger - Zalogowano/input_Leszek Kowalski_messageInput'

2021-12-21 19:38:34 - [MESSAGE][PASSED] - Text 'e' is set on object 'Object Repository/Page_PSTO webMessenger - Zalogowano/input_Leszek Kowalski_messageInput'

2021-12-21 19:38:34 - [TEST_STEP][PASSED] - click(findTestObject("Page_PSTO webMessenger - Zalogowano/img_Leszek Kowalski_sendButton")): Object: 'Object Repository/Page_PSTO webMessenger - Zalogowano/img_Leszek Kowalski_sendButton' is clicked on

2021-12-21 19:38:36 - [MESSAGE][PASSED] - Object: 'Object Repository/Page_PSTO webMessenger - Zalogowano/img_Leszek Kowalski_sendButton' is clicked on

2021-12-21 19:38:36 - [TEST_STEP][PASSED] - setText(findTestObject("Page_PSTO webMessenger - Zalogowano/input_Leszek Kowalski_messageInput"), "e"): Text 'e' is set on object 'Object Repository/Page_PSTO webMessenger - Zalogowano/input_Leszek Kowalski_messageInput'

2021-12-21 19:38:40 - [MESSAGE][PASSED] - Text 'e' is set on object 'Object Repository/Page_PSTO webMessenger - Zalogowano/input_Leszek Kowalski_messageInput'

2021-12-21 19:38:40 - [TEST_STEP][PASSED] - click(findTestObject("Page_PSTO webMessenger - Zalogowano/img_Leszek Kowalski_sendButton")): Object: 'Object Repository/Page_PSTO webMessenger - Zalogowano/img_Leszek Kowalski_sendButton' is clicked on

2021-12-21 19:38:43 - [MESSAGE][PASSED] - Object: 'Object Repository/Page_PSTO webMessenger - Zalogowano/img_Leszek Kowalski_sendButton' is clicked on

2021-12-21 19:38:43 - [TEST_STEP][PASSED] - setText(findTestObject("Page_PSTO webMessenger - Zalogowano/input_Leszek Kowalski_messageInput"), "e"): Text 'e' is set on object 'Object Repository/Page_PSTO webMessenger - Zalogowano/input_Leszek Kowalski_messageInput'

2021-12-21 19:38:48 - [MESSAGE][PASSED] - Text 'e' is set on object 'Object Repository/Page_PSTO webMessenger - Zalogowano/input_Leszek Kowalski_messageInput'

2021-12-21 19:38:48 - [TEST_STEP][PASSED] - click(findTestObject("Page_PSTO webMessenger - Zalogowano/img_Leszek Kowalski_sendButton")): Object: 'Object Repository/Page_PSTO webMessenger - Zalogowano/img_Leszek Kowalski_sendButton' is clicked on

2021-12-21 19:38:50 - [MESSAGE][PASSED] - Object: 'Object Repository/Page_PSTO webMessenger - Zalogowano/img_Leszek Kowalski_sendButton' is clicked on

2021-12-21 19:38:50 - [TEST_STEP][PASSED] - setText(findTestObject("Page_PSTO webMessenger - Zalogowano/input_Leszek Kowalski_messageInput"), "e"): Text 'e' is set on object 'Object Repository/Page_PSTO webMessenger - Zalogowano/input_Leszek Kowalski_messageInput'

2021-12-21 19:38:54 - [MESSAGE][PASSED] - Text 'e' is set on object 'Object Repository/Page_PSTO webMessenger - Zalogowano/input_Leszek Kowalski_messageInput'

2021-12-21 19:38:54 - [TEST_STEP][PASSED] - click(findTestObject("Page_PSTO webMessenger - Zalogowano/img_Leszek Kowalski_sendButton")): Object: 'Object Repository/Page_PSTO webMessenger - Zalogowano/img_Leszek Kowalski_sendButton' is clicked on

2021-12-21 19:38:56 - [MESSAGE][PASSED] - Object: 'Object Repository/Page_PSTO webMessenger - Zalogowano/img_Leszek Kowalski_sendButton' is clicked on

2021-12-21 19:38:56 - [TEST_STEP][PASSED] - setText(findTestObject("Page_PSTO webMessenger - Zalogowano/input_Leszek Kowalski_messageInput"), "e"): Text 'e' is set on object 'Object Repository/Page_PSTO webMessenger - Zalogowano/input_Leszek Kowalski_messageInput'

2021-12-21 19:39:01 - [MESSAGE][PASSED] - Text 'e' is set on object 'Object Repository/Page_PSTO webMessenger - Zalogowano/input_Leszek Kowalski_messageInput'

2021-12-21 19:39:01 - [TEST_STEP][PASSED] - click(findTestObject("Page_PSTO webMessenger - Zalogowano/img_Leszek Kowalski_sendButton")): Object: 'Object Repository/Page_PSTO webMessenger - Zalogowano/img_Leszek Kowalski_sendButton' is clicked on

2021-12-21 19:39:03 - [MESSAGE][PASSED] - Object: 'Object Repository/Page_PSTO webMessenger - Zalogowano/img_Leszek Kowalski_sendButton' is clicked on

2021-12-21 19:39:03 - [TEST_STEP][PASSED] - setText(findTestObject("Page_PSTO webMessenger - Zalogowano/input_Leszek Kowalski_messageInput"), "e"): Text 'e' is set on object 'Object Repository/Page_PSTO webMessenger - Zalogowano/input_Leszek Kowalski_messageInput'

2021-12-21 19:39:09 - [MESSAGE][PASSED] - Text 'e' is set on object 'Object Repository/Page_PSTO webMessenger - Zalogowano/input_Leszek Kowalski_messageInput'

2021-12-21 19:39:09 - [TEST_STEP][PASSED] - click(findTestObject("Page_PSTO webMessenger - Zalogowano/img_Leszek Kowalski_sendButton")): Object: 'Object Repository/Page_PSTO webMessenger - Zalogowano/img_Leszek Kowalski_sendButton' is clicked on

2021-12-21 19:39:11 - [MESSAGE][PASSED] - Object: 'Object Repository/Page_PSTO webMessenger - Zalogowano/img_Leszek Kowalski_sendButton' is clicked on

2021-12-21 19:39:11 - [TEST_STEP][PASSED] - setText(findTestObject("Page_PSTO webMessenger - Zalogowano/input_Leszek Kowalski_messageInput"), "e"): Text 'e' is set on object 'Object Repository/Page_PSTO webMessenger - Zalogowano/input_Leszek Kowalski_messageInput'

2021-12-21 19:39:15 - [MESSAGE][PASSED] - Text 'e' is set on object 'Object Repository/Page_PSTO webMessenger - Zalogowano/input_Leszek Kowalski_messageInput'

2021-12-21 19:39:15 - [TEST_STEP][PASSED] - click(findTestObject("Page_PSTO webMessenger - Zalogowano/img_Leszek Kowalski_sendButton")): Object: 'Object Repository/Page_PSTO webMessenger - Zalogowano/img_Leszek Kowalski_sendButton' is clicked on

2021-12-21 19:39:19 - [MESSAGE][PASSED] - Object: 'Object Repository/Page_PSTO webMessenger - Zalogowano/img_Leszek Kowalski_sendButton' is clicked on

2021-12-21 19:39:19 - [TEST_STEP][PASSED] - setText(findTestObject("Page_PSTO webMessenger - Zalogowano/input_Leszek Kowalski_messageInput"), "e"): Text 'e' is set on object 'Object Repository/Page_PSTO webMessenger - Zalogowano/input_Leszek Kowalski_messageInput'

2021-12-21 19:39:23 - [MESSAGE][PASSED] - Text 'e' is set on object 'Object Repository/Page_PSTO webMessenger - Zalogowano/input_Leszek Kowalski_messageInput'

2021-12-21 19:39:23 - [TEST_STEP][PASSED] - click(findTestObject("Page_PSTO webMessenger - Zalogowano/img_Leszek Kowalski_sendButton")): Object: 'Object Repository/Page_PSTO webMessenger - Zalogowano/img_Leszek Kowalski_sendButton' is clicked on

2021-12-21 19:39:25 - [MESSAGE][PASSED] - Object: 'Object Repository/Page_PSTO webMessenger - Zalogowano/img_Leszek Kowalski_sendButton' is clicked on

2021-12-21 19:39:25 - [TEST_STEP][PASSED] - setText(findTestObject("Page_PSTO webMessenger - Zalogowano/input_Leszek Kowalski_messageInput"), "e"): Text 'e' is set on object 'Object Repository/Page_PSTO webMessenger - Zalogowano/input_Leszek Kowalski_messageInput'

2021-12-21 19:39:29 - [MESSAGE][PASSED] - Text 'e' is set on object 'Object Repository/Page_PSTO webMessenger - Zalogowano/input_Leszek Kowalski_messageInput'

2021-12-21 19:39:29 - [TEST_STEP][PASSED] - click(findTestObject("Page_PSTO webMessenger - Zalogowano/img_Leszek Kowalski_sendButton")): Object: 'Object Repository/Page_PSTO webMessenger - Zalogowano/img_Leszek Kowalski_sendButton' is clicked on

2021-12-21 19:39:31 - [MESSAGE][PASSED] - Object: 'Object Repository/Page_PSTO webMessenger - Zalogowano/img_Leszek Kowalski_sendButton' is clicked on

2021-12-21 19:39:31 - [TEST_STEP][PASSED] - setText(findTestObject("Page_PSTO webMessenger - Zalogowano/input_Leszek Kowalski_messageInput"), "e"): Text 'e' is set on object 'Object Repository/Page_PSTO webMessenger - Zalogowano/input_Leszek Kowalski_messageInput'

2021-12-21 19:39:36 - [MESSAGE][PASSED] - Text 'e' is set on object 'Object Repository/Page_PSTO webMessenger - Zalogowano/input_Leszek Kowalski_messageInput'

2021-12-21 19:39:36 - [TEST_STEP][PASSED] - click(findTestObject("Page_PSTO webMessenger - Zalogowano/img_Leszek Kowalski_sendButton")): Object: 'Object Repository/Page_PSTO webMessenger - Zalogowano/img_Leszek Kowalski_sendButton' is clicked on

2021-12-21 19:39:39 - [MESSAGE][PASSED] - Object: 'Object Repository/Page_PSTO webMessenger - Zalogowano/img_Leszek Kowalski_sendButton' is clicked on

2021-12-21 19:39:39 - [TEST_STEP][PASSED] - setText(findTestObject("Page_PSTO webMessenger - Zalogowano/input_Leszek Kowalski_messageInput"), "e"): Text 'e' is set on object 'Object Repository/Page_PSTO webMessenger - Zalogowano/input_Leszek Kowalski_messageInput'

2021-12-21 19:39:44 - [MESSAGE][PASSED] - Text 'e' is set on object 'Object Repository/Page_PSTO webMessenger - Zalogowano/input_Leszek Kowalski_messageInput'

2021-12-21 19:39:44 - [TEST_STEP][PASSED] - click(findTestObject("Page_PSTO webMessenger - Zalogowano/img_Leszek Kowalski_sendButton")): Object: 'Object Repository/Page_PSTO webMessenger - Zalogowano/img_Leszek Kowalski_sendButton' is clicked on

2021-12-21 19:39:46 - [MESSAGE][PASSED] - Object: 'Object Repository/Page_PSTO webMessenger - Zalogowano/img_Leszek Kowalski_sendButton' is clicked on

2021-12-21 19:39:46 - [TEST_STEP][PASSED] - setText(findTestObject("Page_PSTO webMessenger - Zalogowano/input_Leszek Kowalski_messageInput"), "e"): Text 'e' is set on object 'Object Repository/Page_PSTO webMessenger - Zalogowano/input_Leszek Kowalski_messageInput'

2021-12-21 19:39:51 - [MESSAGE][PASSED] - Text 'e' is set on object 'Object Repository/Page_PSTO webMessenger - Zalogowano/input_Leszek Kowalski_messageInput'

2021-12-21 19:39:51 - [TEST_STEP][PASSED] - click(findTestObject("Page_PSTO webMessenger - Zalogowano/img_Leszek Kowalski_sendButton")): Object: 'Object Repository/Page_PSTO webMessenger - Zalogowano/img_Leszek Kowalski_sendButton' is clicked on

2021-12-21 19:40:04 - [MESSAGE][PASSED] - Object: 'Object Repository/Page_PSTO webMessenger - Zalogowano/img_Leszek Kowalski_sendButton' is clicked on

2021-12-21 19:40:04 - [TEST_STEP][PASSED] - setText(findTestObject("Page_PSTO webMessenger - Zalogowano/input_Leszek Kowalski_messageInput"), "e"): Text 'e' is set on object 'Object Repository/Page_PSTO webMessenger - Zalogowano/input_Leszek Kowalski_messageInput'

2021-12-21 19:41:04 - [MESSAGE][PASSED] - Text 'e' is set on object 'Object Repository/Page_PSTO webMessenger - Zalogowano/input_Leszek Kowalski_messageInput'

2021-12-21 19:41:04 - [TEST_STEP][PASSED] - click(findTestObject("Page_PSTO webMessenger - Zalogowano/img_Leszek Kowalski_sendButton")): Object: 'Object Repository/Page_PSTO webMessenger - Zalogowano/img_Leszek Kowalski_sendButton' is clicked on

2021-12-21 19:41:34 - [MESSAGE][PASSED] - Object: 'Object Repository/Page_PSTO webMessenger - Zalogowano/img_Leszek Kowalski_sendButton' is clicked on

2021-12-21 19:41:34 - [TEST_STEP][PASSED] - setText(findTestObject("Page_PSTO webMessenger - Zalogowano/input_Leszek Kowalski_messageInput"), "e"): Text 'e' is set on object 'Object Repository/Page_PSTO webMessenger - Zalogowano/input_Leszek Kowalski_messageInput'

2021-12-21 19:41:49 - [MESSAGE][PASSED] - Text 'e' is set on object 'Object Repository/Page_PSTO webMessenger - Zalogowano/input_Leszek Kowalski_messageInput'

2021-12-21 19:41:49 - [TEST_STEP][PASSED] - click(findTestObject("Page_PSTO webMessenger - Zalogowano/img_Leszek Kowalski_sendButton")): Object: 'Object Repository/Page_PSTO webMessenger - Zalogowano/img_Leszek Kowalski_sendButton' is clicked on

2021-12-21 19:41:51 - [MESSAGE][PASSED] - Object: 'Object Repository/Page_PSTO webMessenger - Zalogowano/img_Leszek Kowalski_sendButton' is clicked on

2021-12-21 19:41:51 - [TEST_STEP][PASSED] - setText(findTestObject("Page_PSTO webMessenger - Zalogowano/input_Leszek Kowalski_messageInput"), "e"): Text 'e' is set on object 'Object Repository/Page_PSTO webMessenger - Zalogowano/input_Leszek Kowalski_messageInput'

2021-12-21 19:41:55 - [MESSAGE][PASSED] - Text 'e' is set on object 'Object Repository/Page_PSTO webMessenger - Zalogowano/input_Leszek Kowalski_messageInput'

2021-12-21 19:41:55 - [TEST_STEP][PASSED] - click(findTestObject("Page_PSTO webMessenger - Zalogowano/img_Leszek Kowalski_sendButton")): Object: 'Object Repository/Page_PSTO webMessenger - Zalogowano/img_Leszek Kowalski_sendButton' is clicked on

2021-12-21 19:41:57 - [MESSAGE][PASSED] - Object: 'Object Repository/Page_PSTO webMessenger - Zalogowano/img_Leszek Kowalski_sendButton' is clicked on

2021-12-21 19:41:57 - [TEST_STEP][PASSED] - setText(findTestObject("Page_PSTO webMessenger - Zalogowano/input_Leszek Kowalski_messageInput"), "e"): Text 'e' is set on object 'Object Repository/Page_PSTO webMessenger - Zalogowano/input_Leszek Kowalski_messageInput'

2021-12-21 19:42:02 - [MESSAGE][PASSED] - Text 'e' is set on object 'Object Repository/Page_PSTO webMessenger - Zalogowano/input_Leszek Kowalski_messageInput'

2021-12-21 19:42:02 - [TEST_STEP][PASSED] - click(findTestObject("Page_PSTO webMessenger - Zalogowano/img_Leszek Kowalski_sendButton")): Object: 'Object Repository/Page_PSTO webMessenger - Zalogowano/img_Leszek Kowalski_sendButton' is clicked on

2021-12-21 19:42:04 - [MESSAGE][PASSED] - Object: 'Object Repository/Page_PSTO webMessenger - Zalogowano/img_Leszek Kowalski_sendButton' is clicked on

2021-12-21 19:42:04 - [TEST_STEP][PASSED] - setText(findTestObject("Page_PSTO webMessenger - Zalogowano/input_Leszek Kowalski_messageInput"), "e"): Text 'e' is set on object 'Object Repository/Page_PSTO webMessenger - Zalogowano/input_Leszek Kowalski_messageInput'

2021-12-21 19:42:08 - [MESSAGE][PASSED] - Text 'e' is set on object 'Object Repository/Page_PSTO webMessenger - Zalogowano/input_Leszek Kowalski_messageInput'

2021-12-21 19:42:08 - [TEST_STEP][PASSED] - click(findTestObject("Page_PSTO webMessenger - Zalogowano/img_Leszek Kowalski_sendButton")): Object: 'Object Repository/Page_PSTO webMessenger - Zalogowano/img_Leszek Kowalski_sendButton' is clicked on

2021-12-21 19:42:10 - [MESSAGE][PASSED] - Object: 'Object Repository/Page_PSTO webMessenger - Zalogowano/img_Leszek Kowalski_sendButton' is clicked on

2021-12-21 19:42:10 - [TEST_STEP][PASSED] - setText(findTestObject("Page_PSTO webMessenger - Zalogowano/input_Leszek Kowalski_messageInput"), "e"): Text 'e' is set on object 'Object Repository/Page_PSTO webMessenger - Zalogowano/input_Leszek Kowalski_messageInput'

2021-12-21 19:42:14 - [MESSAGE][PASSED] - Text 'e' is set on object 'Object Repository/Page_PSTO webMessenger - Zalogowano/input_Leszek Kowalski_messageInput'

2021-12-21 19:42:14 - [TEST_STEP][PASSED] - click(findTestObject("Page_PSTO webMessenger - Zalogowano/img_Leszek Kowalski_sendButton")): Object: 'Object Repository/Page_PSTO webMessenger - Zalogowano/img_Leszek Kowalski_sendButton' is clicked on

2021-12-21 19:42:16 - [MESSAGE][PASSED] - Object: 'Object Repository/Page_PSTO webMessenger - Zalogowano/img_Leszek Kowalski_sendButton' is clicked on

2021-12-21 19:42:16 - [TEST_STEP][PASSED] - setText(findTestObject("Page_PSTO webMessenger - Zalogowano/input_Leszek Kowalski_messageInput"), "e"): Text 'e' is set on object 'Object Repository/Page_PSTO webMessenger - Zalogowano/input_Leszek Kowalski_messageInput'

2021-12-21 19:42:20 - [MESSAGE][PASSED] - Text 'e' is set on object 'Object Repository/Page_PSTO webMessenger - Zalogowano/input_Leszek Kowalski_messageInput'

2021-12-21 19:42:20 - [TEST_STEP][PASSED] - click(findTestObject("Page_PSTO webMessenger - Zalogowano/img_Leszek Kowalski_sendButton")): Object: 'Object Repository/Page_PSTO webMessenger - Zalogowano/img_Leszek Kowalski_sendButton' is clicked on

2021-12-21 19:42:22 - [MESSAGE][PASSED] - Object: 'Object Repository/Page_PSTO webMessenger - Zalogowano/img_Leszek Kowalski_sendButton' is clicked on

2021-12-21 19:42:22 - [TEST_STEP][PASSED] - setText(findTestObject("Page_PSTO webMessenger - Zalogowano/input_Leszek Kowalski_messageInput"), "e"): Text 'e' is set on object 'Object Repository/Page_PSTO webMessenger - Zalogowano/input_Leszek Kowalski_messageInput'

2021-12-21 19:42:26 - [MESSAGE][PASSED] - Text 'e' is set on object 'Object Repository/Page_PSTO webMessenger - Zalogowano/input_Leszek Kowalski_messageInput'

2021-12-21 19:42:26 - [TEST_STEP][PASSED] - click(findTestObject("Page_PSTO webMessenger - Zalogowano/img_Leszek Kowalski_sendButton")): Object: 'Object Repository/Page_PSTO webMessenger - Zalogowano/img_Leszek Kowalski_sendButton' is clicked on

2021-12-21 19:42:28 - [MESSAGE][PASSED] - Object: 'Object Repository/Page_PSTO webMessenger - Zalogowano/img_Leszek Kowalski_sendButton' is clicked on

2021-12-21 19:42:28 - [TEST_STEP][PASSED] - setText(findTestObject("Page_PSTO webMessenger - Zalogowano/input_Leszek Kowalski_messageInput"), "e"): Text 'e' is set on object 'Object Repository/Page_PSTO webMessenger - Zalogowano/input_Leszek Kowalski_messageInput'

2021-12-21 19:42:32 - [MESSAGE][PASSED] - Text 'e' is set on object 'Object Repository/Page_PSTO webMessenger - Zalogowano/input_Leszek Kowalski_messageInput'

2021-12-21 19:42:32 - [TEST_STEP][PASSED] - click(findTestObject("Page_PSTO webMessenger - Zalogowano/img_Leszek Kowalski_sendButton")): Object: 'Object Repository/Page_PSTO webMessenger - Zalogowano/img_Leszek Kowalski_sendButton' is clicked on

2021-12-21 19:42:34 - [MESSAGE][PASSED] - Object: 'Object Repository/Page_PSTO webMessenger - Zalogowano/img_Leszek Kowalski_sendButton' is clicked on

2021-12-21 19:42:34 - [TEST_STEP][PASSED] - setText(findTestObject("Page_PSTO webMessenger - Zalogowano/input_Leszek Kowalski_messageInput"), "e"): Text 'e' is set on object 'Object Repository/Page_PSTO webMessenger - Zalogowano/input_Leszek Kowalski_messageInput'

2021-12-21 19:42:38 - [MESSAGE][PASSED] - Text 'e' is set on object 'Object Repository/Page_PSTO webMessenger - Zalogowano/input_Leszek Kowalski_messageInput'

2021-12-21 19:42:38 - [TEST_STEP][PASSED] - click(findTestObject("Page_PSTO webMessenger - Zalogowano/img_Leszek Kowalski_sendButton")): Object: 'Object Repository/Page_PSTO webMessenger - Zalogowano/img_Leszek Kowalski_sendButton' is clicked on

2021-12-21 19:42:40 - [MESSAGE][PASSED] - Object: 'Object Repository/Page_PSTO webMessenger - Zalogowano/img_Leszek Kowalski_sendButton' is clicked on

2021-12-21 19:42:40 - [TEST_STEP][PASSED] - setText(findTestObject("Page_PSTO webMessenger - Zalogowano/input_Leszek Kowalski_messageInput"), "e"): Text 'e' is set on object 'Object Repository/Page_PSTO webMessenger - Zalogowano/input_Leszek Kowalski_messageInput'

2021-12-21 19:42:44 - [MESSAGE][PASSED] - Text 'e' is set on object 'Object Repository/Page_PSTO webMessenger - Zalogowano/input_Leszek Kowalski_messageInput'

2021-12-21 19:42:44 - [TEST_STEP][PASSED] - click(findTestObject("Page_PSTO webMessenger - Zalogowano/img_Leszek Kowalski_sendButton")): Object: 'Object Repository/Page_PSTO webMessenger - Zalogowano/img_Leszek Kowalski_sendButton' is clicked on

2021-12-21 19:42:46 - [MESSAGE][PASSED] - Object: 'Object Repository/Page_PSTO webMessenger - Zalogowano/img_Leszek Kowalski_sendButton' is clicked on

2021-12-21 19:42:46 - [TEST_STEP][PASSED] - setText(findTestObject("Page_PSTO webMessenger - Zalogowano/input_Leszek Kowalski_messageInput"), "e"): Text 'e' is set on object 'Object Repository/Page_PSTO webMessenger - Zalogowano/input_Leszek Kowalski_messageInput'

2021-12-21 19:42:50 - [MESSAGE][PASSED] - Text 'e' is set on object 'Object Repository/Page_PSTO webMessenger - Zalogowano/input_Leszek Kowalski_messageInput'

2021-12-21 19:42:50 - [TEST_STEP][PASSED] - click(findTestObject("Page_PSTO webMessenger - Zalogowano/img_Leszek Kowalski_sendButton")): Object: 'Object Repository/Page_PSTO webMessenger - Zalogowano/img_Leszek Kowalski_sendButton' is clicked on

2021-12-21 19:42:52 - [MESSAGE][PASSED] - Object: 'Object Repository/Page_PSTO webMessenger - Zalogowano/img_Leszek Kowalski_sendButton' is clicked on

2021-12-21 19:42:52 - [TEST_STEP][PASSED] - setText(findTestObject("Page_PSTO webMessenger - Zalogowano/input_Leszek Kowalski_messageInput"), "e"): Text 'e' is set on object 'Object Repository/Page_PSTO webMessenger - Zalogowano/input_Leszek Kowalski_messageInput'

2021-12-21 19:42:56 - [MESSAGE][PASSED] - Text 'e' is set on object 'Object Repository/Page_PSTO webMessenger - Zalogowano/input_Leszek Kowalski_messageInput'

2021-12-21 19:42:56 - [TEST_STEP][PASSED] - click(findTestObject("Page_PSTO webMessenger - Zalogowano/img_Leszek Kowalski_sendButton")): Object: 'Object Repository/Page_PSTO webMessenger - Zalogowano/img_Leszek Kowalski_sendButton' is clicked on

2021-12-21 19:42:59 - [MESSAGE][PASSED] - Object: 'Object Repository/Page_PSTO webMessenger - Zalogowano/img_Leszek Kowalski_sendButton' is clicked on

2021-12-21 19:42:59 - [TEST_STEP][PASSED] - setText(findTestObject("Page_PSTO webMessenger - Zalogowano/input_Leszek Kowalski_messageInput"), "e"): Text 'e' is set on object 'Object Repository/Page_PSTO webMessenger - Zalogowano/input_Leszek Kowalski_messageInput'

2021-12-21 19:43:03 - [MESSAGE][PASSED] - Text 'e' is set on object 'Object Repository/Page_PSTO webMessenger - Zalogowano/input_Leszek Kowalski_messageInput'

2021-12-21 19:43:03 - [TEST_STEP][PASSED] - click(findTestObject("Page_PSTO webMessenger - Zalogowano/img_Leszek Kowalski_sendButton")): Object: 'Object Repository/Page_PSTO webMessenger - Zalogowano/img_Leszek Kowalski_sendButton' is clicked on

2021-12-21 19:43:05 - [MESSAGE][PASSED] - Object: 'Object Repository/Page_PSTO webMessenger - Zalogowano/img_Leszek Kowalski_sendButton' is clicked on

2021-12-21 19:43:05 - [TEST_STEP][PASSED] - setText(findTestObject("Page_PSTO webMessenger - Zalogowano/input_Leszek Kowalski_messageInput"), "e"): Text 'e' is set on object 'Object Repository/Page_PSTO webMessenger - Zalogowano/input_Leszek Kowalski_messageInput'

2021-12-21 19:43:11 - [MESSAGE][PASSED] - Text 'e' is set on object 'Object Repository/Page_PSTO webMessenger - Zalogowano/input_Leszek Kowalski_messageInput'

2021-12-21 19:43:11 - [TEST_STEP][PASSED] - click(findTestObject("Page_PSTO webMessenger - Zalogowano/img_Leszek Kowalski_sendButton")): Object: 'Object Repository/Page_PSTO webMessenger - Zalogowano/img_Leszek Kowalski_sendButton' is clicked on

2021-12-21 19:43:13 - [MESSAGE][PASSED] - Object: 'Object Repository/Page_PSTO webMessenger - Zalogowano/img_Leszek Kowalski_sendButton' is clicked on

2021-12-21 19:43:13 - [TEST_STEP][PASSED] - setText(findTestObject("Page_PSTO webMessenger - Zalogowano/input_Leszek Kowalski_messageInput"), "e"): Text 'e' is set on object 'Object Repository/Page_PSTO webMessenger - Zalogowano/input_Leszek Kowalski_messageInput'

2021-12-21 19:43:17 - [MESSAGE][PASSED] - Text 'e' is set on object 'Object Repository/Page_PSTO webMessenger - Zalogowano/input_Leszek Kowalski_messageInput'

2021-12-21 19:43:17 - [TEST_STEP][PASSED] - click(findTestObject("Page_PSTO webMessenger - Zalogowano/img_Leszek Kowalski_sendButton")): Object: 'Object Repository/Page_PSTO webMessenger - Zalogowano/img_Leszek Kowalski_sendButton' is clicked on

2021-12-21 19:43:19 - [MESSAGE][PASSED] - Object: 'Object Repository/Page_PSTO webMessenger - Zalogowano/img_Leszek Kowalski_sendButton' is clicked on

2021-12-21 19:43:19 - [TEST_STEP][PASSED] - setText(findTestObject("Page_PSTO webMessenger - Zalogowano/input_Leszek Kowalski_messageInput"), "e"): Text 'e' is set on object 'Object Repository/Page_PSTO webMessenger - Zalogowano/input_Leszek Kowalski_messageInput'

2021-12-21 19:43:23 - [MESSAGE][PASSED] - Text 'e' is set on object 'Object Repository/Page_PSTO webMessenger - Zalogowano/input_Leszek Kowalski_messageInput'

2021-12-21 19:43:23 - [TEST_STEP][PASSED] - click(findTestObject("Page_PSTO webMessenger - Zalogowano/img_Leszek Kowalski_sendButton")): Object: 'Object Repository/Page_PSTO webMessenger - Zalogowano/img_Leszek Kowalski_sendButton' is clicked on

2021-12-21 19:43:25 - [MESSAGE][PASSED] - Object: 'Object Repository/Page_PSTO webMessenger - Zalogowano/img_Leszek Kowalski_sendButton' is clicked on

2021-12-21 19:43:25 - [TEST_STEP][PASSED] - setText(findTestObject("Page_PSTO webMessenger - Zalogowano/input_Leszek Kowalski_messageInput"), "e"): Text 'e' is set on object 'Object Repository/Page_PSTO webMessenger - Zalogowano/input_Leszek Kowalski_messageInput'

2021-12-21 19:43:29 - [MESSAGE][PASSED] - Text 'e' is set on object 'Object Repository/Page_PSTO webMessenger - Zalogowano/input_Leszek Kowalski_messageInput'

2021-12-21 19:43:29 - [TEST_STEP][PASSED] - click(findTestObject("Page_PSTO webMessenger - Zalogowano/img_Leszek Kowalski_sendButton")): Object: 'Object Repository/Page_PSTO webMessenger - Zalogowano/img_Leszek Kowalski_sendButton' is clicked on

2021-12-21 19:43:31 - [MESSAGE][PASSED] - Object: 'Object Repository/Page_PSTO webMessenger - Zalogowano/img_Leszek Kowalski_sendButton' is clicked on

2021-12-21 19:43:31 - [TEST_STEP][PASSED] - setText(findTestObject("Page_PSTO webMessenger - Zalogowano/input_Leszek Kowalski_messageInput"), "e"): Text 'e' is set on object 'Object Repository/Page_PSTO webMessenger - Zalogowano/input_Leszek Kowalski_messageInput'

2021-12-21 19:43:35 - [MESSAGE][PASSED] - Text 'e' is set on object 'Object Repository/Page_PSTO webMessenger - Zalogowano/input_Leszek Kowalski_messageInput'

2021-12-21 19:43:35 - [TEST_STEP][PASSED] - click(findTestObject("Page_PSTO webMessenger - Zalogowano/img_Leszek Kowalski_sendButton")): Object: 'Object Repository/Page_PSTO webMessenger - Zalogowano/img_Leszek Kowalski_sendButton' is clicked on

2021-12-21 19:43:37 - [MESSAGE][PASSED] - Object: 'Object Repository/Page_PSTO webMessenger - Zalogowano/img_Leszek Kowalski_sendButton' is clicked on

2021-12-21 19:43:37 - [TEST_STEP][PASSED] - setText(findTestObject("Page_PSTO webMessenger - Zalogowano/input_Leszek Kowalski_messageInput"), "e"): Text 'e' is set on object 'Object Repository/Page_PSTO webMessenger - Zalogowano/input_Leszek Kowalski_messageInput'

2021-12-21 19:43:41 - [MESSAGE][PASSED] - Text 'e' is set on object 'Object Repository/Page_PSTO webMessenger - Zalogowano/input_Leszek Kowalski_messageInput'

2021-12-21 19:43:41 - [TEST_STEP][PASSED] - click(findTestObject("Page_PSTO webMessenger - Zalogowano/img_Leszek Kowalski_sendButton")): Object: 'Object Repository/Page_PSTO webMessenger - Zalogowano/img_Leszek Kowalski_sendButton' is clicked on

2021-12-21 19:43:43 - [MESSAGE][PASSED] - Object: 'Object Repository/Page_PSTO webMessenger - Zalogowano/img_Leszek Kowalski_sendButton' is clicked on

2021-12-21 19:43:43 - [TEST_STEP][PASSED] - setText(findTestObject("Page_PSTO webMessenger - Zalogowano/input_Leszek Kowalski_messageInput"), "e"): Text 'e' is set on object 'Object Repository/Page_PSTO webMessenger - Zalogowano/input_Leszek Kowalski_messageInput'

2021-12-21 19:43:47 - [MESSAGE][PASSED] - Text 'e' is set on object 'Object Repository/Page_PSTO webMessenger - Zalogowano/input_Leszek Kowalski_messageInput'

2021-12-21 19:43:47 - [TEST_STEP][PASSED] - click(findTestObject("Page_PSTO webMessenger - Zalogowano/img_Leszek Kowalski_sendButton")): Object: 'Object Repository/Page_PSTO webMessenger - Zalogowano/img_Leszek Kowalski_sendButton' is clicked on

2021-12-21 19:43:49 - [MESSAGE][PASSED] - Object: 'Object Repository/Page_PSTO webMessenger - Zalogowano/img_Leszek Kowalski_sendButton' is clicked on

2021-12-21 19:43:49 - [TEST_STEP][PASSED] - setText(findTestObject("Page_PSTO webMessenger - Zalogowano/input_Leszek Kowalski_messageInput"), "e"): Text 'e' is set on object 'Object Repository/Page_PSTO webMessenger - Zalogowano/input_Leszek Kowalski_messageInput'

2021-12-21 19:43:53 - [MESSAGE][PASSED] - Text 'e' is set on object 'Object Repository/Page_PSTO webMessenger - Zalogowano/input_Leszek Kowalski_messageInput'

2021-12-21 19:43:53 - [TEST_STEP][PASSED] - click(findTestObject("Page_PSTO webMessenger - Zalogowano/img_Leszek Kowalski_sendButton")): Object: 'Object Repository/Page_PSTO webMessenger - Zalogowano/img_Leszek Kowalski_sendButton' is clicked on

2021-12-21 19:43:55 - [MESSAGE][PASSED] - Object: 'Object Repository/Page_PSTO webMessenger - Zalogowano/img_Leszek Kowalski_sendButton' is clicked on

2021-12-21 19:43:55 - [TEST_STEP][PASSED] - setText(findTestObject("Page_PSTO webMessenger - Zalogowano/input_Leszek Kowalski_messageInput"), "e"): Text 'e' is set on object 'Object Repository/Page_PSTO webMessenger - Zalogowano/input_Leszek Kowalski_messageInput'

2021-12-21 19:43:59 - [MESSAGE][PASSED] - Text 'e' is set on object 'Object Repository/Page_PSTO webMessenger - Zalogowano/input_Leszek Kowalski_messageInput'

2021-12-21 19:43:59 - [TEST_STEP][PASSED] - click(findTestObject("Page_PSTO webMessenger - Zalogowano/img_Leszek Kowalski_sendButton")): Object: 'Object Repository/Page_PSTO webMessenger - Zalogowano/img_Leszek Kowalski_sendButton' is clicked on

2021-12-21 19:44:01 - [MESSAGE][PASSED] - Object: 'Object Repository/Page_PSTO webMessenger - Zalogowano/img_Leszek Kowalski_sendButton' is clicked on

2021-12-21 19:44:01 - [TEST_STEP][PASSED] - setText(findTestObject("Page_PSTO webMessenger - Zalogowano/input_Leszek Kowalski_messageInput"), "e"): Text 'e' is set on object 'Object Repository/Page_PSTO webMessenger - Zalogowano/input_Leszek Kowalski_messageInput'

2021-12-21 19:44:06 - [MESSAGE][PASSED] - Text 'e' is set on object 'Object Repository/Page_PSTO webMessenger - Zalogowano/input_Leszek Kowalski_messageInput'

2021-12-21 19:44:06 - [TEST_STEP][PASSED] - click(findTestObject("Page_PSTO webMessenger - Zalogowano/img_Leszek Kowalski_sendButton")): Object: 'Object Repository/Page_PSTO webMessenger - Zalogowano/img_Leszek Kowalski_sendButton' is clicked on

2021-12-21 19:44:08 - [MESSAGE][PASSED] - Object: 'Object Repository/Page_PSTO webMessenger - Zalogowano/img_Leszek Kowalski_sendButton' is clicked on

2021-12-21 19:44:08 - [TEST_STEP][PASSED] - setText(findTestObject("Page_PSTO webMessenger - Zalogowano/input_Leszek Kowalski_messageInput"), "e"): Text 'e' is set on object 'Object Repository/Page_PSTO webMessenger - Zalogowano/input_Leszek Kowalski_messageInput'

2021-12-21 19:44:12 - [MESSAGE][PASSED] - Text 'e' is set on object 'Object Repository/Page_PSTO webMessenger - Zalogowano/input_Leszek Kowalski_messageInput'

2021-12-21 19:44:12 - [TEST_STEP][PASSED] - click(findTestObject("Page_PSTO webMessenger - Zalogowano/img_Leszek Kowalski_sendButton")): Object: 'Object Repository/Page_PSTO webMessenger - Zalogowano/img_Leszek Kowalski_sendButton' is clicked on

2021-12-21 19:44:14 - [MESSAGE][PASSED] - Object: 'Object Repository/Page_PSTO webMessenger - Zalogowano/img_Leszek Kowalski_sendButton' is clicked on

2021-12-21 19:44:14 - [TEST_STEP][PASSED] - setText(findTestObject("Page_PSTO webMessenger - Zalogowano/input_Leszek Kowalski_messageInput"), "e"): Text 'e' is set on object 'Object Repository/Page_PSTO webMessenger - Zalogowano/input_Leszek Kowalski_messageInput'

2021-12-21 19:44:18 - [MESSAGE][PASSED] - Text 'e' is set on object 'Object Repository/Page_PSTO webMessenger - Zalogowano/input_Leszek Kowalski_messageInput'

2021-12-21 19:44:18 - [TEST_STEP][PASSED] - click(findTestObject("Page_PSTO webMessenger - Zalogowano/img_Leszek Kowalski_sendButton")): Object: 'Object Repository/Page_PSTO webMessenger - Zalogowano/img_Leszek Kowalski_sendButton' is clicked on

2021-12-21 19:44:20 - [MESSAGE][PASSED] - Object: 'Object Repository/Page_PSTO webMessenger - Zalogowano/img_Leszek Kowalski_sendButton' is clicked on

2021-12-21 19:44:20 - [TEST_STEP][PASSED] - setText(findTestObject("Page_PSTO webMessenger - Zalogowano/input_Leszek Kowalski_messageInput"), "e"): Text 'e' is set on object 'Object Repository/Page_PSTO webMessenger - Zalogowano/input_Leszek Kowalski_messageInput'

2021-12-21 19:44:24 - [MESSAGE][PASSED] - Text 'e' is set on object 'Object Repository/Page_PSTO webMessenger - Zalogowano/input_Leszek Kowalski_messageInput'

2021-12-21 19:44:24 - [TEST_STEP][PASSED] - click(findTestObject("Page_PSTO webMessenger - Zalogowano/img_Leszek Kowalski_sendButton")): Object: 'Object Repository/Page_PSTO webMessenger - Zalogowano/img_Leszek Kowalski_sendButton' is clicked on

2021-12-21 19:44:26 - [MESSAGE][PASSED] - Object: 'Object Repository/Page_PSTO webMessenger - Zalogowano/img_Leszek Kowalski_sendButton' is clicked on

2021-12-21 19:44:26 - [TEST_STEP][PASSED] - setText(findTestObject("Page_PSTO webMessenger - Zalogowano/input_Leszek Kowalski_messageInput"), "e"): Text 'e' is set on object 'Object Repository/Page_PSTO webMessenger - Zalogowano/input_Leszek Kowalski_messageInput'

2021-12-21 19:44:30 - [MESSAGE][PASSED] - Text 'e' is set on object 'Object Repository/Page_PSTO webMessenger - Zalogowano/input_Leszek Kowalski_messageInput'

2021-12-21 19:44:30 - [TEST_STEP][PASSED] - click(findTestObject("Page_PSTO webMessenger - Zalogowano/img_Leszek Kowalski_sendButton")): Object: 'Object Repository/Page_PSTO webMessenger - Zalogowano/img_Leszek Kowalski_sendButton' is clicked on

2021-12-21 19:44:32 - [MESSAGE][PASSED] - Object: 'Object Repository/Page_PSTO webMessenger - Zalogowano/img_Leszek Kowalski_sendButton' is clicked on

2021-12-21 19:44:32 - [TEST_STEP][PASSED] - setText(findTestObject("Page_PSTO webMessenger - Zalogowano/input_Leszek Kowalski_messageInput"), "e"): Text 'e' is set on object 'Object Repository/Page_PSTO webMessenger - Zalogowano/input_Leszek Kowalski_messageInput'

2021-12-21 19:44:36 - [MESSAGE][PASSED] - Text 'e' is set on object 'Object Repository/Page_PSTO webMessenger - Zalogowano/input_Leszek Kowalski_messageInput'

2021-12-21 19:44:36 - [TEST_STEP][PASSED] - click(findTestObject("Page_PSTO webMessenger - Zalogowano/img_Leszek Kowalski_sendButton")): Object: 'Object Repository/Page_PSTO webMessenger - Zalogowano/img_Leszek Kowalski_sendButton' is clicked on

2021-12-21 19:44:38 - [MESSAGE][PASSED] - Object: 'Object Repository/Page_PSTO webMessenger - Zalogowano/img_Leszek Kowalski_sendButton' is clicked on

2021-12-21 19:44:38 - [TEST_STEP][PASSED] - setText(findTestObject("Page_PSTO webMessenger - Zalogowano/input_Leszek Kowalski_messageInput"), "e"): Text 'e' is set on object 'Object Repository/Page_PSTO webMessenger - Zalogowano/input_Leszek Kowalski_messageInput'

2021-12-21 19:44:42 - [MESSAGE][PASSED] - Text 'e' is set on object 'Object Repository/Page_PSTO webMessenger - Zalogowano/input_Leszek Kowalski_messageInput'

2021-12-21 19:44:42 - [TEST_STEP][PASSED] - click(findTestObject("Page_PSTO webMessenger - Zalogowano/img_Leszek Kowalski_sendButton")): Object: 'Object Repository/Page_PSTO webMessenger - Zalogowano/img_Leszek Kowalski_sendButton' is clicked on

2021-12-21 19:44:44 - [MESSAGE][PASSED] - Object: 'Object Repository/Page_PSTO webMessenger - Zalogowano/img_Leszek Kowalski_sendButton' is clicked on

2021-12-21 19:44:44 - [TEST_STEP][PASSED] - setText(findTestObject("Page_PSTO webMessenger - Zalogowano/input_Leszek Kowalski_messageInput"), "e"): Text 'e' is set on object 'Object Repository/Page_PSTO webMessenger - Zalogowano/input_Leszek Kowalski_messageInput'

2021-12-21 19:44:48 - [MESSAGE][PASSED] - Text 'e' is set on object 'Object Repository/Page_PSTO webMessenger - Zalogowano/input_Leszek Kowalski_messageInput'

2021-12-21 19:44:48 - [TEST_STEP][PASSED] - click(findTestObject("Page_PSTO webMessenger - Zalogowano/img_Leszek Kowalski_sendButton")): Object: 'Object Repository/Page_PSTO webMessenger - Zalogowano/img_Leszek Kowalski_sendButton' is clicked on

2021-12-21 19:44:50 - [MESSAGE][PASSED] - Object: 'Object Repository/Page_PSTO webMessenger - Zalogowano/img_Leszek Kowalski_sendButton' is clicked on

2021-12-21 19:44:50 - [TEST_STEP][PASSED] - setText(findTestObject("Page_PSTO webMessenger - Zalogowano/input_Leszek Kowalski_messageInput"), "e"): Text 'e' is set on object 'Object Repository/Page_PSTO webMessenger - Zalogowano/input_Leszek Kowalski_messageInput'

2021-12-21 19:44:54 - [MESSAGE][PASSED] - Text 'e' is set on object 'Object Repository/Page_PSTO webMessenger - Zalogowano/input_Leszek Kowalski_messageInput'

2021-12-21 19:44:54 - [TEST_STEP][PASSED] - click(findTestObject("Page_PSTO webMessenger - Zalogowano/img_Leszek Kowalski_sendButton")): Object: 'Object Repository/Page_PSTO webMessenger - Zalogowano/img_Leszek Kowalski_sendButton' is clicked on

2021-12-21 19:44:56 - [MESSAGE][PASSED] - Object: 'Object Repository/Page_PSTO webMessenger - Zalogowano/img_Leszek Kowalski_sendButton' is clicked on

2021-12-21 19:44:56 - [TEST_STEP][PASSED] - setText(findTestObject("Page_PSTO webMessenger - Zalogowano/input_Leszek Kowalski_messageInput"), "e"): Text 'e' is set on object 'Object Repository/Page_PSTO webMessenger - Zalogowano/input_Leszek Kowalski_messageInput'

2021-12-21 19:45:01 - [MESSAGE][PASSED] - Text 'e' is set on object 'Object Repository/Page_PSTO webMessenger - Zalogowano/input_Leszek Kowalski_messageInput'

2021-12-21 19:45:01 - [TEST_STEP][PASSED] - click(findTestObject("Page_PSTO webMessenger - Zalogowano/img_Leszek Kowalski_sendButton")): Object: 'Object Repository/Page_PSTO webMessenger - Zalogowano/img_Leszek Kowalski_sendButton' is clicked on

2021-12-21 19:45:03 - [MESSAGE][PASSED] - Object: 'Object Repository/Page_PSTO webMessenger - Zalogowano/img_Leszek Kowalski_sendButton' is clicked on

2021-12-21 19:45:03 - [TEST_STEP][PASSED] - setText(findTestObject("Page_PSTO webMessenger - Zalogowano/input_Leszek Kowalski_messageInput"), "e"): Text 'e' is set on object 'Object Repository/Page_PSTO webMessenger - Zalogowano/input_Leszek Kowalski_messageInput'

2021-12-21 19:45:07 - [MESSAGE][PASSED] - Text 'e' is set on object 'Object Repository/Page_PSTO webMessenger - Zalogowano/input_Leszek Kowalski_messageInput'

2021-12-21 19:45:07 - [TEST_STEP][PASSED] - click(findTestObject("Page_PSTO webMessenger - Zalogowano/img_Leszek Kowalski_sendButton")): Object: 'Object Repository/Page_PSTO webMessenger - Zalogowano/img_Leszek Kowalski_sendButton' is clicked on

2021-12-21 19:45:09 - [MESSAGE][PASSED] - Object: 'Object Repository/Page_PSTO webMessenger - Zalogowano/img_Leszek Kowalski_sendButton' is clicked on

2021-12-21 19:45:09 - [TEST_STEP][PASSED] - setText(findTestObject("Page_PSTO webMessenger - Zalogowano/input_Leszek Kowalski_messageInput"), "e"): Text 'e' is set on object 'Object Repository/Page_PSTO webMessenger - Zalogowano/input_Leszek Kowalski_messageInput'

2021-12-21 19:45:13 - [MESSAGE][PASSED] - Text 'e' is set on object 'Object Repository/Page_PSTO webMessenger - Zalogowano/input_Leszek Kowalski_messageInput'

2021-12-21 19:45:13 - [TEST_STEP][PASSED] - click(findTestObject("Page_PSTO webMessenger - Zalogowano/img_Leszek Kowalski_sendButton")): Object: 'Object Repository/Page_PSTO webMessenger - Zalogowano/img_Leszek Kowalski_sendButton' is clicked on

2021-12-21 19:45:15 - [MESSAGE][PASSED] - Object: 'Object Repository/Page_PSTO webMessenger - Zalogowano/img_Leszek Kowalski_sendButton' is clicked on

2021-12-21 19:45:15 - [TEST_STEP][PASSED] - setText(findTestObject("Page_PSTO webMessenger - Zalogowano/input_Leszek Kowalski_messageInput"), "e"): Text 'e' is set on object 'Object Repository/Page_PSTO webMessenger - Zalogowano/input_Leszek Kowalski_messageInput'

2021-12-21 19:45:19 - [MESSAGE][PASSED] - Text 'e' is set on object 'Object Repository/Page_PSTO webMessenger - Zalogowano/input_Leszek Kowalski_messageInput'

2021-12-21 19:45:19 - [TEST_STEP][PASSED] - click(findTestObject("Page_PSTO webMessenger - Zalogowano/img_Leszek Kowalski_sendButton")): Object: 'Object Repository/Page_PSTO webMessenger - Zalogowano/img_Leszek Kowalski_sendButton' is clicked on

2021-12-21 19:45:21 - [MESSAGE][PASSED] - Object: 'Object Repository/Page_PSTO webMessenger - Zalogowano/img_Leszek Kowalski_sendButton' is clicked on

2021-12-21 19:45:21 - [TEST_STEP][PASSED] - setText(findTestObject("Page_PSTO webMessenger - Zalogowano/input_Leszek Kowalski_messageInput"), "e"): Text 'e' is set on object 'Object Repository/Page_PSTO webMessenger - Zalogowano/input_Leszek Kowalski_messageInput'

2021-12-21 19:45:25 - [MESSAGE][PASSED] - Text 'e' is set on object 'Object Repository/Page_PSTO webMessenger - Zalogowano/input_Leszek Kowalski_messageInput'

2021-12-21 19:45:25 - [TEST_STEP][PASSED] - click(findTestObject("Page_PSTO webMessenger - Zalogowano/img_Leszek Kowalski_sendButton")): Object: 'Object Repository/Page_PSTO webMessenger - Zalogowano/img_Leszek Kowalski_sendButton' is clicked on

2021-12-21 19:45:27 - [MESSAGE][PASSED] - Object: 'Object Repository/Page_PSTO webMessenger - Zalogowano/img_Leszek Kowalski_sendButton' is clicked on

2021-12-21 19:45:27 - [TEST_STEP][PASSED] - setText(findTestObject("Page_PSTO webMessenger - Zalogowano/input_Leszek Kowalski_messageInput"), "e"): Text 'e' is set on object 'Object Repository/Page_PSTO webMessenger - Zalogowano/input_Leszek Kowalski_messageInput'

2021-12-21 19:45:31 - [MESSAGE][PASSED] - Text 'e' is set on object 'Object Repository/Page_PSTO webMessenger - Zalogowano/input_Leszek Kowalski_messageInput'

2021-12-21 19:45:31 - [TEST_STEP][PASSED] - click(findTestObject("Page_PSTO webMessenger - Zalogowano/img_Leszek Kowalski_sendButton")): Object: 'Object Repository/Page_PSTO webMessenger - Zalogowano/img_Leszek Kowalski_sendButton' is clicked on

2021-12-21 19:45:33 - [MESSAGE][PASSED] - Object: 'Object Repository/Page_PSTO webMessenger - Zalogowano/img_Leszek Kowalski_sendButton' is clicked on

2021-12-21 19:45:33 - [TEST_STEP][PASSED] - setText(findTestObject("Page_PSTO webMessenger - Zalogowano/input_Leszek Kowalski_messageInput"), "e"): Text 'e' is set on object 'Object Repository/Page_PSTO webMessenger - Zalogowano/input_Leszek Kowalski_messageInput'

2021-12-21 19:45:37 - [MESSAGE][PASSED] - Text 'e' is set on object 'Object Repository/Page_PSTO webMessenger - Zalogowano/input_Leszek Kowalski_messageInput'

2021-12-21 19:45:37 - [TEST_STEP][PASSED] - click(findTestObject("Page_PSTO webMessenger - Zalogowano/img_Leszek Kowalski_sendButton")): Object: 'Object Repository/Page_PSTO webMessenger - Zalogowano/img_Leszek Kowalski_sendButton' is clicked on

2021-12-21 19:45:39 - [MESSAGE][PASSED] - Object: 'Object Repository/Page_PSTO webMessenger - Zalogowano/img_Leszek Kowalski_sendButton' is clicked on

2021-12-21 19:45:39 - [TEST_STEP][PASSED] - setText(findTestObject("Page_PSTO webMessenger - Zalogowano/input_Leszek Kowalski_messageInput"), "e"): Text 'e' is set on object 'Object Repository/Page_PSTO webMessenger - Zalogowano/input_Leszek Kowalski_messageInput'

2021-12-21 19:45:43 - [MESSAGE][PASSED] - Text 'e' is set on object 'Object Repository/Page_PSTO webMessenger - Zalogowano/input_Leszek Kowalski_messageInput'

2021-12-21 19:45:43 - [TEST_STEP][PASSED] - click(findTestObject("Page_PSTO webMessenger - Zalogowano/img_Leszek Kowalski_sendButton")): Object: 'Object Repository/Page_PSTO webMessenger - Zalogowano/img_Leszek Kowalski_sendButton' is clicked on

2021-12-21 19:45:45 - [MESSAGE][PASSED] - Object: 'Object Repository/Page_PSTO webMessenger - Zalogowano/img_Leszek Kowalski_sendButton' is clicked on

2021-12-21 19:45:45 - [TEST_STEP][PASSED] - setText(findTestObject("Page_PSTO webMessenger - Zalogowano/input_Leszek Kowalski_messageInput"), "e"): Text 'e' is set on object 'Object Repository/Page_PSTO webMessenger - Zalogowano/input_Leszek Kowalski_messageInput'

2021-12-21 19:45:49 - [MESSAGE][PASSED] - Text 'e' is set on object 'Object Repository/Page_PSTO webMessenger - Zalogowano/input_Leszek Kowalski_messageInput'

2021-12-21 19:45:49 - [TEST_STEP][PASSED] - click(findTestObject("Page_PSTO webMessenger - Zalogowano/img_Leszek Kowalski_sendButton")): Object: 'Object Repository/Page_PSTO webMessenger - Zalogowano/img_Leszek Kowalski_sendButton' is clicked on

2021-12-21 19:45:51 - [MESSAGE][PASSED] - Object: 'Object Repository/Page_PSTO webMessenger - Zalogowano/img_Leszek Kowalski_sendButton' is clicked on

2021-12-21 19:45:51 - [TEST_STEP][PASSED] - setText(findTestObject("Page_PSTO webMessenger - Zalogowano/input_Leszek Kowalski_messageInput"), "e"): Text 'e' is set on object 'Object Repository/Page_PSTO webMessenger - Zalogowano/input_Leszek Kowalski_messageInput'

2021-12-21 19:45:55 - [MESSAGE][PASSED] - Text 'e' is set on object 'Object Repository/Page_PSTO webMessenger - Zalogowano/input_Leszek Kowalski_messageInput'

2021-12-21 19:45:55 - [TEST_STEP][PASSED] - click(findTestObject("Page_PSTO webMessenger - Zalogowano/img_Leszek Kowalski_sendButton")): Object: 'Object Repository/Page_PSTO webMessenger - Zalogowano/img_Leszek Kowalski_sendButton' is clicked on

2021-12-21 19:45:57 - [MESSAGE][PASSED] - Object: 'Object Repository/Page_PSTO webMessenger - Zalogowano/img_Leszek Kowalski_sendButton' is clicked on

2021-12-21 19:45:57 - [TEST_STEP][PASSED] - setText(findTestObject("Page_PSTO webMessenger - Zalogowano/input_Leszek Kowalski_messageInput"), "e"): Text 'e' is set on object 'Object Repository/Page_PSTO webMessenger - Zalogowano/input_Leszek Kowalski_messageInput'

2021-12-21 19:46:01 - [MESSAGE][PASSED] - Text 'e' is set on object 'Object Repository/Page_PSTO webMessenger - Zalogowano/input_Leszek Kowalski_messageInput'

2021-12-21 19:46:01 - [TEST_STEP][PASSED] - click(findTestObject("Page_PSTO webMessenger - Zalogowano/img_Leszek Kowalski_sendButton")): Object: 'Object Repository/Page_PSTO webMessenger - Zalogowano/img_Leszek Kowalski_sendButton' is clicked on

2021-12-21 19:46:03 - [MESSAGE][PASSED] - Object: 'Object Repository/Page_PSTO webMessenger - Zalogowano/img_Leszek Kowalski_sendButton' is clicked on

2021-12-21 19:46:03 - [TEST_STEP][PASSED] - setText(findTestObject("Page_PSTO webMessenger - Zalogowano/input_Leszek Kowalski_messageInput"), "e"): Text 'e' is set on object 'Object Repository/Page_PSTO webMessenger - Zalogowano/input_Leszek Kowalski_messageInput'

2021-12-21 19:46:07 - [MESSAGE][PASSED] - Text 'e' is set on object 'Object Repository/Page_PSTO webMessenger - Zalogowano/input_Leszek Kowalski_messageInput'

2021-12-21 19:46:07 - [TEST_STEP][PASSED] - click(findTestObject("Page_PSTO webMessenger - Zalogowano/img_Leszek Kowalski_sendButton")): Object: 'Object Repository/Page_PSTO webMessenger - Zalogowano/img_Leszek Kowalski_sendButton' is clicked on

2021-12-21 19:46:09 - [MESSAGE][PASSED] - Object: 'Object Repository/Page_PSTO webMessenger - Zalogowano/img_Leszek Kowalski_sendButton' is clicked on

2021-12-21 19:46:09 - [TEST_STEP][PASSED] - setText(findTestObject("Page_PSTO webMessenger - Zalogowano/input_Leszek Kowalski_messageInput"), "e"): Text 'e' is set on object 'Object Repository/Page_PSTO webMessenger - Zalogowano/input_Leszek Kowalski_messageInput'

2021-12-21 19:46:13 - [MESSAGE][PASSED] - Text 'e' is set on object 'Object Repository/Page_PSTO webMessenger - Zalogowano/input_Leszek Kowalski_messageInput'

2021-12-21 19:46:13 - [TEST_STEP][PASSED] - click(findTestObject("Page_PSTO webMessenger - Zalogowano/img_Leszek Kowalski_sendButton")): Object: 'Object Repository/Page_PSTO webMessenger - Zalogowano/img_Leszek Kowalski_sendButton' is clicked on

2021-12-21 19:46:15 - [MESSAGE][PASSED] - Object: 'Object Repository/Page_PSTO webMessenger - Zalogowano/img_Leszek Kowalski_sendButton' is clicked on

2021-12-21 19:46:15 - [TEST_STEP][PASSED] - setText(findTestObject("Page_PSTO webMessenger - Zalogowano/input_Leszek Kowalski_messageInput"), "e"): Text 'e' is set on object 'Object Repository/Page_PSTO webMessenger - Zalogowano/input_Leszek Kowalski_messageInput'

2021-12-21 19:46:19 - [MESSAGE][PASSED] - Text 'e' is set on object 'Object Repository/Page_PSTO webMessenger - Zalogowano/input_Leszek Kowalski_messageInput'

2021-12-21 19:46:19 - [TEST_STEP][PASSED] - click(findTestObject("Page_PSTO webMessenger - Zalogowano/img_Leszek Kowalski_sendButton")): Object: 'Object Repository/Page_PSTO webMessenger - Zalogowano/img_Leszek Kowalski_sendButton' is clicked on

2021-12-21 19:46:21 - [MESSAGE][PASSED] - Object: 'Object Repository/Page_PSTO webMessenger - Zalogowano/img_Leszek Kowalski_sendButton' is clicked on

2021-12-21 19:46:21 - [TEST_STEP][PASSED] - setText(findTestObject("Page_PSTO webMessenger - Zalogowano/input_Leszek Kowalski_messageInput"), "e"): Text 'e' is set on object 'Object Repository/Page_PSTO webMessenger - Zalogowano/input_Leszek Kowalski_messageInput'

2021-12-21 19:46:25 - [MESSAGE][PASSED] - Text 'e' is set on object 'Object Repository/Page_PSTO webMessenger - Zalogowano/input_Leszek Kowalski_messageInput'

2021-12-21 19:46:25 - [TEST_STEP][PASSED] - click(findTestObject("Page_PSTO webMessenger - Zalogowano/img_Leszek Kowalski_sendButton")): Object: 'Object Repository/Page_PSTO webMessenger - Zalogowano/img_Leszek Kowalski_sendButton' is clicked on

2021-12-21 19:46:27 - [MESSAGE][PASSED] - Object: 'Object Repository/Page_PSTO webMessenger - Zalogowano/img_Leszek Kowalski_sendButton' is clicked on

2021-12-21 19:46:27 - [TEST_STEP][PASSED] - setText(findTestObject("Page_PSTO webMessenger - Zalogowano/input_Leszek Kowalski_messageInput"), "e"): Text 'e' is set on object 'Object Repository/Page_PSTO webMessenger - Zalogowano/input_Leszek Kowalski_messageInput'

2021-12-21 19:46:31 - [MESSAGE][PASSED] - Text 'e' is set on object 'Object Repository/Page_PSTO webMessenger - Zalogowano/input_Leszek Kowalski_messageInput'

2021-12-21 19:46:31 - [TEST_STEP][PASSED] - click(findTestObject("Page_PSTO webMessenger - Zalogowano/img_Leszek Kowalski_sendButton")): Object: 'Object Repository/Page_PSTO webMessenger - Zalogowano/img_Leszek Kowalski_sendButton' is clicked on

2021-12-21 19:46:33 - [MESSAGE][PASSED] - Object: 'Object Repository/Page_PSTO webMessenger - Zalogowano/img_Leszek Kowalski_sendButton' is clicked on

2021-12-21 19:46:33 - [TEST_STEP][PASSED] - setText(findTestObject("Page_PSTO webMessenger - Zalogowano/input_Leszek Kowalski_messageInput"), "e"): Text 'e' is set on object 'Object Repository/Page_PSTO webMessenger - Zalogowano/input_Leszek Kowalski_messageInput'

2021-12-21 19:46:37 - [MESSAGE][PASSED] - Text 'e' is set on object 'Object Repository/Page_PSTO webMessenger - Zalogowano/input_Leszek Kowalski_messageInput'

2021-12-21 19:46:37 - [TEST_STEP][PASSED] - click(findTestObject("Page_PSTO webMessenger - Zalogowano/img_Leszek Kowalski_sendButton")): Object: 'Object Repository/Page_PSTO webMessenger - Zalogowano/img_Leszek Kowalski_sendButton' is clicked on

2021-12-21 19:46:39 - [MESSAGE][PASSED] - Object: 'Object Repository/Page_PSTO webMessenger - Zalogowano/img_Leszek Kowalski_sendButton' is clicked on

2021-12-21 19:46:39 - [TEST_STEP][PASSED] - setText(findTestObject("Page_PSTO webMessenger - Zalogowano/input_Leszek Kowalski_messageInput"), "e"): Text 'e' is set on object 'Object Repository/Page_PSTO webMessenger - Zalogowano/input_Leszek Kowalski_messageInput'

2021-12-21 19:46:43 - [MESSAGE][PASSED] - Text 'e' is set on object 'Object Repository/Page_PSTO webMessenger - Zalogowano/input_Leszek Kowalski_messageInput'

2021-12-21 19:46:43 - [TEST_STEP][PASSED] - click(findTestObject("Page_PSTO webMessenger - Zalogowano/img_Leszek Kowalski_sendButton")): Object: 'Object Repository/Page_PSTO webMessenger - Zalogowano/img_Leszek Kowalski_sendButton' is clicked on

2021-12-21 19:46:45 - [MESSAGE][PASSED] - Object: 'Object Repository/Page_PSTO webMessenger - Zalogowano/img_Leszek Kowalski_sendButton' is clicked on

2021-12-21 19:46:45 - [TEST_STEP][PASSED] - setText(findTestObject("Page_PSTO webMessenger - Zalogowano/input_Leszek Kowalski_messageInput"), "e"): Text 'e' is set on object 'Object Repository/Page_PSTO webMessenger - Zalogowano/input_Leszek Kowalski_messageInput'

2021-12-21 19:46:49 - [MESSAGE][PASSED] - Text 'e' is set on object 'Object Repository/Page_PSTO webMessenger - Zalogowano/input_Leszek Kowalski_messageInput'

2021-12-21 19:46:49 - [TEST_STEP][PASSED] - click(findTestObject("Page_PSTO webMessenger - Zalogowano/img_Leszek Kowalski_sendButton")): Object: 'Object Repository/Page_PSTO webMessenger - Zalogowano/img_Leszek Kowalski_sendButton' is clicked on

2021-12-21 19:46:51 - [MESSAGE][PASSED] - Object: 'Object Repository/Page_PSTO webMessenger - Zalogowano/img_Leszek Kowalski_sendButton' is clicked on

2021-12-21 19:46:51 - [TEST_STEP][PASSED] - setText(findTestObject("Page_PSTO webMessenger - Zalogowano/input_Leszek Kowalski_messageInput"), "e"): Text 'e' is set on object 'Object Repository/Page_PSTO webMessenger - Zalogowano/input_Leszek Kowalski_messageInput'

2021-12-21 19:46:55 - [MESSAGE][PASSED] - Text 'e' is set on object 'Object Repository/Page_PSTO webMessenger - Zalogowano/input_Leszek Kowalski_messageInput'

2021-12-21 19:46:55 - [TEST_STEP][PASSED] - click(findTestObject("Page_PSTO webMessenger - Zalogowano/img_Leszek Kowalski_sendButton")): Object: 'Object Repository/Page_PSTO webMessenger - Zalogowano/img_Leszek Kowalski_sendButton' is clicked on

2021-12-21 19:47:00 - [MESSAGE][PASSED] - Object: 'Object Repository/Page_PSTO webMessenger - Zalogowano/img_Leszek Kowalski_sendButton' is clicked on

2021-12-21 19:47:00 - [TEST_STEP][PASSED] - setText(findTestObject("Page_PSTO webMessenger - Zalogowano/input_Leszek Kowalski_messageInput"), "e"): Text 'e' is set on object 'Object Repository/Page_PSTO webMessenger - Zalogowano/input_Leszek Kowalski_messageInput'

2021-12-21 19:47:04 - [MESSAGE][PASSED] - Text 'e' is set on object 'Object Repository/Page_PSTO webMessenger - Zalogowano/input_Leszek Kowalski_messageInput'

2021-12-21 19:47:04 - [TEST_STEP][PASSED] - click(findTestObject("Page_PSTO webMessenger - Zalogowano/img_Leszek Kowalski_sendButton")): Object: 'Object Repository/Page_PSTO webMessenger - Zalogowano/img_Leszek Kowalski_sendButton' is clicked on

2021-12-21 19:47:06 - [MESSAGE][PASSED] - Object: 'Object Repository/Page_PSTO webMessenger - Zalogowano/img_Leszek Kowalski_sendButton' is clicked on

2021-12-21 19:47:06 - [TEST_STEP][PASSED] - setText(findTestObject("Page_PSTO webMessenger - Zalogowano/input_Leszek Kowalski_messageInput"), "e"): Text 'e' is set on object 'Object Repository/Page_PSTO webMessenger - Zalogowano/input_Leszek Kowalski_messageInput'

2021-12-21 19:47:10 - [MESSAGE][PASSED] - Text 'e' is set on object 'Object Repository/Page_PSTO webMessenger - Zalogowano/input_Leszek Kowalski_messageInput'

2021-12-21 19:47:10 - [TEST_STEP][PASSED] - click(findTestObject("Page_PSTO webMessenger - Zalogowano/img_Leszek Kowalski_sendButton")): Object: 'Object Repository/Page_PSTO webMessenger - Zalogowano/img_Leszek Kowalski_sendButton' is clicked on

2021-12-21 19:47:12 - [MESSAGE][PASSED] - Object: 'Object Repository/Page_PSTO webMessenger - Zalogowano/img_Leszek Kowalski_sendButton' is clicked on

2021-12-21 19:47:12 - [TEST_STEP][PASSED] - setText(findTestObject("Page_PSTO webMessenger - Zalogowano/input_Leszek Kowalski_messageInput"), "e"): Text 'e' is set on object 'Object Repository/Page_PSTO webMessenger - Zalogowano/input_Leszek Kowalski_messageInput'

2021-12-21 19:47:16 - [MESSAGE][PASSED] - Text 'e' is set on object 'Object Repository/Page_PSTO webMessenger - Zalogowano/input_Leszek Kowalski_messageInput'

2021-12-21 19:47:16 - [TEST_STEP][PASSED] - click(findTestObject("Page_PSTO webMessenger - Zalogowano/img_Leszek Kowalski_sendButton")): Object: 'Object Repository/Page_PSTO webMessenger - Zalogowano/img_Leszek Kowalski_sendButton' is clicked on

2021-12-21 19:47:18 - [MESSAGE][PASSED] - Object: 'Object Repository/Page_PSTO webMessenger - Zalogowano/img_Leszek Kowalski_sendButton' is clicked on

2021-12-21 19:47:18 - [TEST_STEP][PASSED] - setText(findTestObject("Page_PSTO webMessenger - Zalogowano/input_Leszek Kowalski_messageInput"), "e"): Text 'e' is set on object 'Object Repository/Page_PSTO webMessenger - Zalogowano/input_Leszek Kowalski_messageInput'

2021-12-21 19:47:22 - [MESSAGE][PASSED] - Text 'e' is set on object 'Object Repository/Page_PSTO webMessenger - Zalogowano/input_Leszek Kowalski_messageInput'

2021-12-21 19:47:22 - [TEST_STEP][PASSED] - click(findTestObject("Page_PSTO webMessenger - Zalogowano/img_Leszek Kowalski_sendButton")): Object: 'Object Repository/Page_PSTO webMessenger - Zalogowano/img_Leszek Kowalski_sendButton' is clicked on

2021-12-21 19:47:24 - [MESSAGE][PASSED] - Object: 'Object Repository/Page_PSTO webMessenger - Zalogowano/img_Leszek Kowalski_sendButton' is clicked on

2021-12-21 19:47:24 - [TEST_STEP][PASSED] - setText(findTestObject("Page_PSTO webMessenger - Zalogowano/input_Leszek Kowalski_messageInput"), "e"): Text 'e' is set on object 'Object Repository/Page_PSTO webMessenger - Zalogowano/input_Leszek Kowalski_messageInput'

2021-12-21 19:47:28 - [MESSAGE][PASSED] - Text 'e' is set on object 'Object Repository/Page_PSTO webMessenger - Zalogowano/input_Leszek Kowalski_messageInput'

2021-12-21 19:47:28 - [TEST_STEP][PASSED] - click(findTestObject("Page_PSTO webMessenger - Zalogowano/img_Leszek Kowalski_sendButton")): Object: 'Object Repository/Page_PSTO webMessenger - Zalogowano/img_Leszek Kowalski_sendButton' is clicked on

2021-12-21 19:47:30 - [MESSAGE][PASSED] - Object: 'Object Repository/Page_PSTO webMessenger - Zalogowano/img_Leszek Kowalski_sendButton' is clicked on

2021-12-21 19:47:30 - [TEST_STEP][PASSED] - setText(findTestObject("Page_PSTO webMessenger - Zalogowano/input_Leszek Kowalski_messageInput"), "e"): Text 'e' is set on object 'Object Repository/Page_PSTO webMessenger - Zalogowano/input_Leszek Kowalski_messageInput'

2021-12-21 19:47:34 - [MESSAGE][PASSED] - Text 'e' is set on object 'Object Repository/Page_PSTO webMessenger - Zalogowano/input_Leszek Kowalski_messageInput'

2021-12-21 19:47:34 - [TEST_STEP][PASSED] - click(findTestObject("Page_PSTO webMessenger - Zalogowano/img_Leszek Kowalski_sendButton")): Object: 'Object Repository/Page_PSTO webMessenger - Zalogowano/img_Leszek Kowalski_sendButton' is clicked on

2021-12-21 19:47:36 - [MESSAGE][PASSED] - Object: 'Object Repository/Page_PSTO webMessenger - Zalogowano/img_Leszek Kowalski_sendButton' is clicked on

2021-12-21 19:47:36 - [TEST_STEP][PASSED] - setText(findTestObject("Page_PSTO webMessenger - Zalogowano/input_Leszek Kowalski_messageInput"), "e"): Text 'e' is set on object 'Object Repository/Page_PSTO webMessenger - Zalogowano/input_Leszek Kowalski_messageInput'

2021-12-21 19:47:40 - [MESSAGE][PASSED] - Text 'e' is set on object 'Object Repository/Page_PSTO webMessenger - Zalogowano/input_Leszek Kowalski_messageInput'

2021-12-21 19:47:40 - [TEST_STEP][PASSED] - click(findTestObject("Page_PSTO webMessenger - Zalogowano/img_Leszek Kowalski_sendButton")): Object: 'Object Repository/Page_PSTO webMessenger - Zalogowano/img_Leszek Kowalski_sendButton' is clicked on

2021-12-21 19:47:42 - [MESSAGE][PASSED] - Object: 'Object Repository/Page_PSTO webMessenger - Zalogowano/img_Leszek Kowalski_sendButton' is clicked on

2021-12-21 19:47:42 - [TEST_STEP][PASSED] - setText(findTestObject("Page_PSTO webMessenger - Zalogowano/input_Leszek Kowalski_messageInput"), "e"): Text 'e' is set on object 'Object Repository/Page_PSTO webMessenger - Zalogowano/input_Leszek Kowalski_messageInput'

2021-12-21 19:47:46 - [MESSAGE][PASSED] - Text 'e' is set on object 'Object Repository/Page_PSTO webMessenger - Zalogowano/input_Leszek Kowalski_messageInput'

2021-12-21 19:47:46 - [TEST_STEP][PASSED] - click(findTestObject("Page_PSTO webMessenger - Zalogowano/img_Leszek Kowalski_sendButton")): Object: 'Object Repository/Page_PSTO webMessenger - Zalogowano/img_Leszek Kowalski_sendButton' is clicked on

2021-12-21 19:47:48 - [MESSAGE][PASSED] - Object: 'Object Repository/Page_PSTO webMessenger - Zalogowano/img_Leszek Kowalski_sendButton' is clicked on

2021-12-21 19:47:48 - [TEST_STEP][PASSED] - setText(findTestObject("Page_PSTO webMessenger - Zalogowano/input_Leszek Kowalski_messageInput"), "e"): Text 'e' is set on object 'Object Repository/Page_PSTO webMessenger - Zalogowano/input_Leszek Kowalski_messageInput'

2021-12-21 19:47:52 - [MESSAGE][PASSED] - Text 'e' is set on object 'Object Repository/Page_PSTO webMessenger - Zalogowano/input_Leszek Kowalski_messageInput'

2021-12-21 19:47:52 - [TEST_STEP][PASSED] - click(findTestObject("Page_PSTO webMessenger - Zalogowano/img_Leszek Kowalski_sendButton")): Object: 'Object Repository/Page_PSTO webMessenger - Zalogowano/img_Leszek Kowalski_sendButton' is clicked on

2021-12-21 19:47:54 - [MESSAGE][PASSED] - Object: 'Object Repository/Page_PSTO webMessenger - Zalogowano/img_Leszek Kowalski_sendButton' is clicked on

2021-12-21 19:47:54 - [TEST_STEP][PASSED] - setText(findTestObject("Page_PSTO webMessenger - Zalogowano/input_Leszek Kowalski_messageInput"), "e"): Text 'e' is set on object 'Object Repository/Page_PSTO webMessenger - Zalogowano/input_Leszek Kowalski_messageInput'

2021-12-21 19:48:00 - [MESSAGE][PASSED] - Text 'e' is set on object 'Object Repository/Page_PSTO webMessenger - Zalogowano/input_Leszek Kowalski_messageInput'

2021-12-21 19:48:00 - [TEST_STEP][PASSED] - click(findTestObject("Page_PSTO webMessenger - Zalogowano/img_Leszek Kowalski_sendButton")): Object: 'Object Repository/Page_PSTO webMessenger - Zalogowano/img_Leszek Kowalski_sendButton' is clicked on

2021-12-21 19:48:02 - [MESSAGE][PASSED] - Object: 'Object Repository/Page_PSTO webMessenger - Zalogowano/img_Leszek Kowalski_sendButton' is clicked on

2021-12-21 19:48:02 - [TEST_STEP][PASSED] - setText(findTestObject("Page_PSTO webMessenger - Zalogowano/input_Leszek Kowalski_messageInput"), "e"): Text 'e' is set on object 'Object Repository/Page_PSTO webMessenger - Zalogowano/input_Leszek Kowalski_messageInput'

2021-12-21 19:48:06 - [MESSAGE][PASSED] - Text 'e' is set on object 'Object Repository/Page_PSTO webMessenger - Zalogowano/input_Leszek Kowalski_messageInput'

2021-12-21 19:48:06 - [TEST_STEP][PASSED] - click(findTestObject("Page_PSTO webMessenger - Zalogowano/img_Leszek Kowalski_sendButton")): Object: 'Object Repository/Page_PSTO webMessenger - Zalogowano/img_Leszek Kowalski_sendButton' is clicked on

2021-12-21 19:48:08 - [MESSAGE][PASSED] - Object: 'Object Repository/Page_PSTO webMessenger - Zalogowano/img_Leszek Kowalski_sendButton' is clicked on

2021-12-21 19:48:08 - [TEST_STEP][PASSED] - setText(findTestObject("Page_PSTO webMessenger - Zalogowano/input_Leszek Kowalski_messageInput"), "e"): Text 'e' is set on object 'Object Repository/Page_PSTO webMessenger - Zalogowano/input_Leszek Kowalski_messageInput'

2021-12-21 19:48:12 - [MESSAGE][PASSED] - Text 'e' is set on object 'Object Repository/Page_PSTO webMessenger - Zalogowano/input_Leszek Kowalski_messageInput'

2021-12-21 19:48:12 - [TEST_STEP][PASSED] - click(findTestObject("Page_PSTO webMessenger - Zalogowano/img_Leszek Kowalski_sendButton")): Object: 'Object Repository/Page_PSTO webMessenger - Zalogowano/img_Leszek Kowalski_sendButton' is clicked on

2021-12-21 19:48:14 - [MESSAGE][PASSED] - Object: 'Object Repository/Page_PSTO webMessenger - Zalogowano/img_Leszek Kowalski_sendButton' is clicked on

2021-12-21 19:48:14 - [TEST_STEP][PASSED] - setText(findTestObject("Page_PSTO webMessenger - Zalogowano/input_Leszek Kowalski_messageInput"), "e"): Text 'e' is set on object 'Object Repository/Page_PSTO webMessenger - Zalogowano/input_Leszek Kowalski_messageInput'

2021-12-21 19:48:18 - [MESSAGE][PASSED] - Text 'e' is set on object 'Object Repository/Page_PSTO webMessenger - Zalogowano/input_Leszek Kowalski_messageInput'

2021-12-21 19:48:18 - [TEST_STEP][PASSED] - click(findTestObject("Page_PSTO webMessenger - Zalogowano/img_Leszek Kowalski_sendButton")): Object: 'Object Repository/Page_PSTO webMessenger - Zalogowano/img_Leszek Kowalski_sendButton' is clicked on

2021-12-21 19:48:20 - [MESSAGE][PASSED] - Object: 'Object Repository/Page_PSTO webMessenger - Zalogowano/img_Leszek Kowalski_sendButton' is clicked on

2021-12-21 19:48:20 - [TEST_STEP][PASSED] - setText(findTestObject("Page_PSTO webMessenger - Zalogowano/input_Leszek Kowalski_messageInput"), "e"): Text 'e' is set on object 'Object Repository/Page_PSTO webMessenger - Zalogowano/input_Leszek Kowalski_messageInput'

2021-12-21 19:48:24 - [MESSAGE][PASSED] - Text 'e' is set on object 'Object Repository/Page_PSTO webMessenger - Zalogowano/input_Leszek Kowalski_messageInput'

2021-12-21 19:48:24 - [TEST_STEP][PASSED] - click(findTestObject("Page_PSTO webMessenger - Zalogowano/img_Leszek Kowalski_sendButton")): Object: 'Object Repository/Page_PSTO webMessenger - Zalogowano/img_Leszek Kowalski_sendButton' is clicked on

2021-12-21 19:48:26 - [MESSAGE][PASSED] - Object: 'Object Repository/Page_PSTO webMessenger - Zalogowano/img_Leszek Kowalski_sendButton' is clicked on

2021-12-21 19:48:26 - [TEST_STEP][PASSED] - setText(findTestObject("Page_PSTO webMessenger - Zalogowano/input_Leszek Kowalski_messageInput"), "e"): Text 'e' is set on object 'Object Repository/Page_PSTO webMessenger - Zalogowano/input_Leszek Kowalski_messageInput'

2021-12-21 19:48:30 - [MESSAGE][PASSED] - Text 'e' is set on object 'Object Repository/Page_PSTO webMessenger - Zalogowano/input_Leszek Kowalski_messageInput'

2021-12-21 19:48:30 - [TEST_STEP][PASSED] - click(findTestObject("Page_PSTO webMessenger - Zalogowano/img_Leszek Kowalski_sendButton")): Object: 'Object Repository/Page_PSTO webMessenger - Zalogowano/img_Leszek Kowalski_sendButton' is clicked on

2021-12-21 19:48:32 - [MESSAGE][PASSED] - Object: 'Object Repository/Page_PSTO webMessenger - Zalogowano/img_Leszek Kowalski_sendButton' is clicked on

2021-12-21 19:48:32 - [TEST_STEP][PASSED] - setText(findTestObject("Page_PSTO webMessenger - Zalogowano/input_Leszek Kowalski_messageInput"), "e"): Text 'e' is set on object 'Object Repository/Page_PSTO webMessenger - Zalogowano/input_Leszek Kowalski_messageInput'

2021-12-21 19:48:36 - [MESSAGE][PASSED] - Text 'e' is set on object 'Object Repository/Page_PSTO webMessenger - Zalogowano/input_Leszek Kowalski_messageInput'

2021-12-21 19:48:36 - [TEST_STEP][PASSED] - click(findTestObject("Page_PSTO webMessenger - Zalogowano/img_Leszek Kowalski_sendButton")): Object: 'Object Repository/Page_PSTO webMessenger - Zalogowano/img_Leszek Kowalski_sendButton' is clicked on

2021-12-21 19:48:38 - [MESSAGE][PASSED] - Object: 'Object Repository/Page_PSTO webMessenger - Zalogowano/img_Leszek Kowalski_sendButton' is clicked on

2021-12-21 19:48:38 - [TEST_STEP][PASSED] - setText(findTestObject("Page_PSTO webMessenger - Zalogowano/input_Leszek Kowalski_messageInput"), "e"): Text 'e' is set on object 'Object Repository/Page_PSTO webMessenger - Zalogowano/input_Leszek Kowalski_messageInput'

2021-12-21 19:48:42 - [MESSAGE][PASSED] - Text 'e' is set on object 'Object Repository/Page_PSTO webMessenger - Zalogowano/input_Leszek Kowalski_messageInput'

2021-12-21 19:48:42 - [TEST_STEP][PASSED] - click(findTestObject("Page_PSTO webMessenger - Zalogowano/img_Leszek Kowalski_sendButton")): Object: 'Object Repository/Page_PSTO webMessenger - Zalogowano/img_Leszek Kowalski_sendButton' is clicked on

2021-12-21 19:48:44 - [MESSAGE][PASSED] - Object: 'Object Repository/Page_PSTO webMessenger - Zalogowano/img_Leszek Kowalski_sendButton' is clicked on

2021-12-21 19:48:44 - [TEST_STEP][PASSED] - setText(findTestObject("Page_PSTO webMessenger - Zalogowano/input_Leszek Kowalski_messageInput"), "e"): Text 'e' is set on object 'Object Repository/Page_PSTO webMessenger - Zalogowano/input_Leszek Kowalski_messageInput'

2021-12-21 19:48:48 - [MESSAGE][PASSED] - Text 'e' is set on object 'Object Repository/Page_PSTO webMessenger - Zalogowano/input_Leszek Kowalski_messageInput'

2021-12-21 19:48:48 - [TEST_STEP][PASSED] - click(findTestObject("Page_PSTO webMessenger - Zalogowano/img_Leszek Kowalski_sendButton")): Object: 'Object Repository/Page_PSTO webMessenger - Zalogowano/img_Leszek Kowalski_sendButton' is clicked on

2021-12-21 19:48:50 - [MESSAGE][PASSED] - Object: 'Object Repository/Page_PSTO webMessenger - Zalogowano/img_Leszek Kowalski_sendButton' is clicked on

2021-12-21 19:48:50 - [TEST_STEP][PASSED] - setText(findTestObject("Page_PSTO webMessenger - Zalogowano/input_Leszek Kowalski_messageInput"), "e"): Text 'e' is set on object 'Object Repository/Page_PSTO webMessenger - Zalogowano/input_Leszek Kowalski_messageInput'

2021-12-21 19:48:54 - [MESSAGE][PASSED] - Text 'e' is set on object 'Object Repository/Page_PSTO webMessenger - Zalogowano/input_Leszek Kowalski_messageInput'

2021-12-21 19:48:54 - [TEST_STEP][PASSED] - click(findTestObject("Page_PSTO webMessenger - Zalogowano/img_Leszek Kowalski_sendButton")): Object: 'Object Repository/Page_PSTO webMessenger - Zalogowano/img_Leszek Kowalski_sendButton' is clicked on

2021-12-21 19:48:56 - [MESSAGE][PASSED] - Object: 'Object Repository/Page_PSTO webMessenger - Zalogowano/img_Leszek Kowalski_sendButton' is clicked on

2021-12-21 19:48:56 - [TEST_STEP][PASSED] - setText(findTestObject("Page_PSTO webMessenger - Zalogowano/input_Leszek Kowalski_messageInput"), "e"): Text 'e' is set on object 'Object Repository/Page_PSTO webMessenger - Zalogowano/input_Leszek Kowalski_messageInput'

2021-12-21 19:49:01 - [MESSAGE][PASSED] - Text 'e' is set on object 'Object Repository/Page_PSTO webMessenger - Zalogowano/input_Leszek Kowalski_messageInput'

2021-12-21 19:49:01 - [TEST_STEP][PASSED] - click(findTestObject("Page_PSTO webMessenger - Zalogowano/img_Leszek Kowalski_sendButton")): Object: 'Object Repository/Page_PSTO webMessenger - Zalogowano/img_Leszek Kowalski_sendButton' is clicked on

2021-12-21 19:49:03 - [MESSAGE][PASSED] - Object: 'Object Repository/Page_PSTO webMessenger - Zalogowano/img_Leszek Kowalski_sendButton' is clicked on

2021-12-21 19:49:03 - [TEST_STEP][PASSED] - setText(findTestObject("Page_PSTO webMessenger - Zalogowano/input_Leszek Kowalski_messageInput"), "e"): Text 'e' is set on object 'Object Repository/Page_PSTO webMessenger - Zalogowano/input_Leszek Kowalski_messageInput'

2021-12-21 19:49:07 - [MESSAGE][PASSED] - Text 'e' is set on object 'Object Repository/Page_PSTO webMessenger - Zalogowano/input_Leszek Kowalski_messageInput'

2021-12-21 19:49:07 - [TEST_STEP][PASSED] - click(findTestObject("Page_PSTO webMessenger - Zalogowano/img_Leszek Kowalski_sendButton")): Object: 'Object Repository/Page_PSTO webMessenger - Zalogowano/img_Leszek Kowalski_sendButton' is clicked on

2021-12-21 19:49:09 - [MESSAGE][PASSED] - Object: 'Object Repository/Page_PSTO webMessenger - Zalogowano/img_Leszek Kowalski_sendButton' is clicked on

2021-12-21 19:49:09 - [TEST_STEP][PASSED] - setText(findTestObject("Page_PSTO webMessenger - Zalogowano/input_Leszek Kowalski_messageInput"), "e"): Text 'e' is set on object 'Object Repository/Page_PSTO webMessenger - Zalogowano/input_Leszek Kowalski_messageInput'

2021-12-21 19:49:13 - [MESSAGE][PASSED] - Text 'e' is set on object 'Object Repository/Page_PSTO webMessenger - Zalogowano/input_Leszek Kowalski_messageInput'

2021-12-21 19:49:13 - [TEST_STEP][PASSED] - click(findTestObject("Page_PSTO webMessenger - Zalogowano/img_Leszek Kowalski_sendButton")): Object: 'Object Repository/Page_PSTO webMessenger - Zalogowano/img_Leszek Kowalski_sendButton' is clicked on

2021-12-21 19:49:15 - [MESSAGE][PASSED] - Object: 'Object Repository/Page_PSTO webMessenger - Zalogowano/img_Leszek Kowalski_sendButton' is clicked on

2021-12-21 19:49:15 - [TEST_STEP][PASSED] - setText(findTestObject("Page_PSTO webMessenger - Zalogowano/input_Leszek Kowalski_messageInput"), "e"): Text 'e' is set on object 'Object Repository/Page_PSTO webMessenger - Zalogowano/input_Leszek Kowalski_messageInput'

2021-12-21 19:49:19 - [MESSAGE][PASSED] - Text 'e' is set on object 'Object Repository/Page_PSTO webMessenger - Zalogowano/input_Leszek Kowalski_messageInput'

2021-12-21 19:49:19 - [TEST_STEP][PASSED] - click(findTestObject("Page_PSTO webMessenger - Zalogowano/img_Leszek Kowalski_sendButton")): Object: 'Object Repository/Page_PSTO webMessenger - Zalogowano/img_Leszek Kowalski_sendButton' is clicked on

2021-12-21 19:49:21 - [MESSAGE][PASSED] - Object: 'Object Repository/Page_PSTO webMessenger - Zalogowano/img_Leszek Kowalski_sendButton' is clicked on

2021-12-21 19:49:21 - [TEST_STEP][PASSED] - setText(findTestObject("Page_PSTO webMessenger - Zalogowano/input_Leszek Kowalski_messageInput"), "e"): Text 'e' is set on object 'Object Repository/Page_PSTO webMessenger - Zalogowano/input_Leszek Kowalski_messageInput'

2021-12-21 19:49:25 - [MESSAGE][PASSED] - Text 'e' is set on object 'Object Repository/Page_PSTO webMessenger - Zalogowano/input_Leszek Kowalski_messageInput'

2021-12-21 19:49:25 - [TEST_STEP][PASSED] - click(findTestObject("Page_PSTO webMessenger - Zalogowano/img_Leszek Kowalski_sendButton")): Object: 'Object Repository/Page_PSTO webMessenger - Zalogowano/img_Leszek Kowalski_sendButton' is clicked on

2021-12-21 19:49:27 - [MESSAGE][PASSED] - Object: 'Object Repository/Page_PSTO webMessenger - Zalogowano/img_Leszek Kowalski_sendButton' is clicked on

2021-12-21 19:49:27 - [TEST_STEP][PASSED] - setText(findTestObject("Page_PSTO webMessenger - Zalogowano/input_Leszek Kowalski_messageInput"), "e"): Text 'e' is set on object 'Object Repository/Page_PSTO webMessenger - Zalogowano/input_Leszek Kowalski_messageInput'

2021-12-21 19:49:31 - [MESSAGE][PASSED] - Text 'e' is set on object 'Object Repository/Page_PSTO webMessenger - Zalogowano/input_Leszek Kowalski_messageInput'

2021-12-21 19:49:31 - [TEST_STEP][PASSED] - click(findTestObject("Page_PSTO webMessenger - Zalogowano/img_Leszek Kowalski_sendButton")): Object: 'Object Repository/Page_PSTO webMessenger - Zalogowano/img_Leszek Kowalski_sendButton' is clicked on

2021-12-21 19:49:33 - [MESSAGE][PASSED] - Object: 'Object Repository/Page_PSTO webMessenger - Zalogowano/img_Leszek Kowalski_sendButton' is clicked on

2021-12-21 19:49:33 - [TEST_STEP][PASSED] - setText(findTestObject("Page_PSTO webMessenger - Zalogowano/input_Leszek Kowalski_messageInput"), "e"): Text 'e' is set on object 'Object Repository/Page_PSTO webMessenger - Zalogowano/input_Leszek Kowalski_messageInput'

2021-12-21 19:49:37 - [MESSAGE][PASSED] - Text 'e' is set on object 'Object Repository/Page_PSTO webMessenger - Zalogowano/input_Leszek Kowalski_messageInput'

2021-12-21 19:49:37 - [TEST_STEP][PASSED] - click(findTestObject("Page_PSTO webMessenger - Zalogowano/img_Leszek Kowalski_sendButton")): Object: 'Object Repository/Page_PSTO webMessenger - Zalogowano/img_Leszek Kowalski_sendButton' is clicked on

2021-12-21 19:49:39 - [MESSAGE][PASSED] - Object: 'Object Repository/Page_PSTO webMessenger - Zalogowano/img_Leszek Kowalski_sendButton' is clicked on

2021-12-21 19:49:39 - [TEST_STEP][PASSED] - setText(findTestObject("Page_PSTO webMessenger - Zalogowano/input_Leszek Kowalski_messageInput"), "e"): Text 'e' is set on object 'Object Repository/Page_PSTO webMessenger - Zalogowano/input_Leszek Kowalski_messageInput'

2021-12-21 19:49:43 - [MESSAGE][PASSED] - Text 'e' is set on object 'Object Repository/Page_PSTO webMessenger - Zalogowano/input_Leszek Kowalski_messageInput'

2021-12-21 19:49:43 - [TEST_STEP][PASSED] - click(findTestObject("Page_PSTO webMessenger - Zalogowano/img_Leszek Kowalski_sendButton")): Object: 'Object Repository/Page_PSTO webMessenger - Zalogowano/img_Leszek Kowalski_sendButton' is clicked on

2021-12-21 19:49:45 - [MESSAGE][PASSED] - Object: 'Object Repository/Page_PSTO webMessenger - Zalogowano/img_Leszek Kowalski_sendButton' is clicked on

2021-12-21 19:49:45 - [TEST_STEP][PASSED] - setText(findTestObject("Page_PSTO webMessenger - Zalogowano/input_Leszek Kowalski_messageInput"), "e"): Text 'e' is set on object 'Object Repository/Page_PSTO webMessenger - Zalogowano/input_Leszek Kowalski_messageInput'

2021-12-21 19:49:49 - [MESSAGE][PASSED] - Text 'e' is set on object 'Object Repository/Page_PSTO webMessenger - Zalogowano/input_Leszek Kowalski_messageInput'

2021-12-21 19:49:49 - [TEST_STEP][PASSED] - click(findTestObject("Page_PSTO webMessenger - Zalogowano/img_Leszek Kowalski_sendButton")): Object: 'Object Repository/Page_PSTO webMessenger - Zalogowano/img_Leszek Kowalski_sendButton' is clicked on

2021-12-21 19:49:51 - [MESSAGE][PASSED] - Object: 'Object Repository/Page_PSTO webMessenger - Zalogowano/img_Leszek Kowalski_sendButton' is clicked on

2021-12-21 19:49:51 - [TEST_STEP][PASSED] - setText(findTestObject("Page_PSTO webMessenger - Zalogowano/input_Leszek Kowalski_messageInput"), "e"): Text 'e' is set on object 'Object Repository/Page_PSTO webMessenger - Zalogowano/input_Leszek Kowalski_messageInput'

2021-12-21 19:49:55 - [MESSAGE][PASSED] - Text 'e' is set on object 'Object Repository/Page_PSTO webMessenger - Zalogowano/input_Leszek Kowalski_messageInput'

2021-12-21 19:49:55 - [TEST_STEP][PASSED] - click(findTestObject("Page_PSTO webMessenger - Zalogowano/img_Leszek Kowalski_sendButton")): Object: 'Object Repository/Page_PSTO webMessenger - Zalogowano/img_Leszek Kowalski_sendButton' is clicked on

2021-12-21 19:49:57 - [MESSAGE][PASSED] - Object: 'Object Repository/Page_PSTO webMessenger - Zalogowano/img_Leszek Kowalski_sendButton' is clicked on

2021-12-21 19:49:57 - [TEST_STEP][PASSED] - setText(findTestObject("Page_PSTO webMessenger - Zalogowano/input_Leszek Kowalski_messageInput"), "e"): Text 'e' is set on object 'Object Repository/Page_PSTO webMessenger - Zalogowano/input_Leszek Kowalski_messageInput'

2021-12-21 19:50:01 - [MESSAGE][PASSED] - Text 'e' is set on object 'Object Repository/Page_PSTO webMessenger - Zalogowano/input_Leszek Kowalski_messageInput'

2021-12-21 19:50:01 - [TEST_STEP][PASSED] - click(findTestObject("Page_PSTO webMessenger - Zalogowano/img_Leszek Kowalski_sendButton")): Object: 'Object Repository/Page_PSTO webMessenger - Zalogowano/img_Leszek Kowalski_sendButton' is clicked on

2021-12-21 19:50:03 - [MESSAGE][PASSED] - Object: 'Object Repository/Page_PSTO webMessenger - Zalogowano/img_Leszek Kowalski_sendButton' is clicked on

2021-12-21 19:50:03 - [TEST_STEP][PASSED] - setText(findTestObject("Page_PSTO webMessenger - Zalogowano/input_Leszek Kowalski_messageInput"), "e"): Text 'e' is set on object 'Object Repository/Page_PSTO webMessenger - Zalogowano/input_Leszek Kowalski_messageInput'

2021-12-21 19:50:07 - [MESSAGE][PASSED] - Text 'e' is set on object 'Object Repository/Page_PSTO webMessenger - Zalogowano/input_Leszek Kowalski_messageInput'

2021-12-21 19:50:07 - [TEST_STEP][PASSED] - click(findTestObject("Page_PSTO webMessenger - Zalogowano/img_Leszek Kowalski_sendButton")): Object: 'Object Repository/Page_PSTO webMessenger - Zalogowano/img_Leszek Kowalski_sendButton' is clicked on

2021-12-21 19:50:09 - [MESSAGE][PASSED] - Object: 'Object Repository/Page_PSTO webMessenger - Zalogowano/img_Leszek Kowalski_sendButton' is clicked on

2021-12-21 19:50:09 - [TEST_STEP][PASSED] - setText(findTestObject("Page_PSTO webMessenger - Zalogowano/input_Leszek Kowalski_messageInput"), "e"): Text 'e' is set on object 'Object Repository/Page_PSTO webMessenger - Zalogowano/input_Leszek Kowalski_messageInput'

2021-12-21 19:50:13 - [MESSAGE][PASSED] - Text 'e' is set on object 'Object Repository/Page_PSTO webMessenger - Zalogowano/input_Leszek Kowalski_messageInput'

2021-12-21 19:50:13 - [TEST_STEP][PASSED] - click(findTestObject("Page_PSTO webMessenger - Zalogowano/img_Leszek Kowalski_sendButton")): Object: 'Object Repository/Page_PSTO webMessenger - Zalogowano/img_Leszek Kowalski_sendButton' is clicked on

2021-12-21 19:50:15 - [MESSAGE][PASSED] - Object: 'Object Repository/Page_PSTO webMessenger - Zalogowano/img_Leszek Kowalski_sendButton' is clicked on

2021-12-21 19:50:15 - [TEST_STEP][PASSED] - setText(findTestObject("Page_PSTO webMessenger - Zalogowano/input_Leszek Kowalski_messageInput"), "e"): Text 'e' is set on object 'Object Repository/Page_PSTO webMessenger - Zalogowano/input_Leszek Kowalski_messageInput'

2021-12-21 19:50:19 - [MESSAGE][PASSED] - Text 'e' is set on object 'Object Repository/Page_PSTO webMessenger - Zalogowano/input_Leszek Kowalski_messageInput'

2021-12-21 19:50:19 - [TEST_STEP][PASSED] - click(findTestObject("Page_PSTO webMessenger - Zalogowano/img_Leszek Kowalski_sendButton")): Object: 'Object Repository/Page_PSTO webMessenger - Zalogowano/img_Leszek Kowalski_sendButton' is clicked on

2021-12-21 19:50:21 - [MESSAGE][PASSED] - Object: 'Object Repository/Page_PSTO webMessenger - Zalogowano/img_Leszek Kowalski_sendButton' is clicked on

2021-12-21 19:50:21 - [TEST_STEP][PASSED] - setText(findTestObject("Page_PSTO webMessenger - Zalogowano/input_Leszek Kowalski_messageInput"), "e"): Text 'e' is set on object 'Object Repository/Page_PSTO webMessenger - Zalogowano/input_Leszek Kowalski_messageInput'

2021-12-21 19:50:25 - [MESSAGE][PASSED] - Text 'e' is set on object 'Object Repository/Page_PSTO webMessenger - Zalogowano/input_Leszek Kowalski_messageInput'

2021-12-21 19:50:25 - [TEST_STEP][PASSED] - click(findTestObject("Page_PSTO webMessenger - Zalogowano/img_Leszek Kowalski_sendButton")): Object: 'Object Repository/Page_PSTO webMessenger - Zalogowano/img_Leszek Kowalski_sendButton' is clicked on

2021-12-21 19:50:27 - [MESSAGE][PASSED] - Object: 'Object Repository/Page_PSTO webMessenger - Zalogowano/img_Leszek Kowalski_sendButton' is clicked on

2021-12-21 19:50:27 - [TEST_STEP][PASSED] - setText(findTestObject("Page_PSTO webMessenger - Zalogowano/input_Leszek Kowalski_messageInput"), "e"): Text 'e' is set on object 'Object Repository/Page_PSTO webMessenger - Zalogowano/input_Leszek Kowalski_messageInput'

2021-12-21 19:50:31 - [MESSAGE][PASSED] - Text 'e' is set on object 'Object Repository/Page_PSTO webMessenger - Zalogowano/input_Leszek Kowalski_messageInput'

2021-12-21 19:50:31 - [TEST_STEP][PASSED] - click(findTestObject("Page_PSTO webMessenger - Zalogowano/img_Leszek Kowalski_sendButton")): Object: 'Object Repository/Page_PSTO webMessenger - Zalogowano/img_Leszek Kowalski_sendButton' is clicked on

2021-12-21 19:50:33 - [MESSAGE][PASSED] - Object: 'Object Repository/Page_PSTO webMessenger - Zalogowano/img_Leszek Kowalski_sendButton' is clicked on

2021-12-21 19:50:33 - [TEST_STEP][PASSED] - setText(findTestObject("Page_PSTO webMessenger - Zalogowano/input_Leszek Kowalski_messageInput"), "e"): Text 'e' is set on object 'Object Repository/Page_PSTO webMessenger - Zalogowano/input_Leszek Kowalski_messageInput'

2021-12-21 19:50:37 - [MESSAGE][PASSED] - Text 'e' is set on object 'Object Repository/Page_PSTO webMessenger - Zalogowano/input_Leszek Kowalski_messageInput'

2021-12-21 19:50:37 - [TEST_STEP][PASSED] - click(findTestObject("Page_PSTO webMessenger - Zalogowano/img_Leszek Kowalski_sendButton")): Object: 'Object Repository/Page_PSTO webMessenger - Zalogowano/img_Leszek Kowalski_sendButton' is clicked on

2021-12-21 19:50:39 - [MESSAGE][PASSED] - Object: 'Object Repository/Page_PSTO webMessenger - Zalogowano/img_Leszek Kowalski_sendButton' is clicked on

2021-12-21 19:50:39 - [TEST_STEP][PASSED] - setText(findTestObject("Page_PSTO webMessenger - Zalogowano/input_Leszek Kowalski_messageInput"), "e"): Text 'e' is set on object 'Object Repository/Page_PSTO webMessenger - Zalogowano/input_Leszek Kowalski_messageInput'

2021-12-21 19:50:43 - [MESSAGE][PASSED] - Text 'e' is set on object 'Object Repository/Page_PSTO webMessenger - Zalogowano/input_Leszek Kowalski_messageInput'

2021-12-21 19:50:43 - [TEST_STEP][PASSED] - click(findTestObject("Page_PSTO webMessenger - Zalogowano/img_Leszek Kowalski_sendButton")): Object: 'Object Repository/Page_PSTO webMessenger - Zalogowano/img_Leszek Kowalski_sendButton' is clicked on

2021-12-21 19:50:45 - [MESSAGE][PASSED] - Object: 'Object Repository/Page_PSTO webMessenger - Zalogowano/img_Leszek Kowalski_sendButton' is clicked on

2021-12-21 19:50:45 - [TEST_STEP][PASSED] - setText(findTestObject("Page_PSTO webMessenger - Zalogowano/input_Leszek Kowalski_messageInput"), "e"): Text 'e' is set on object 'Object Repository/Page_PSTO webMessenger - Zalogowano/input_Leszek Kowalski_messageInput'

2021-12-21 19:50:49 - [MESSAGE][PASSED] - Text 'e' is set on object 'Object Repository/Page_PSTO webMessenger - Zalogowano/input_Leszek Kowalski_messageInput'

2021-12-21 19:50:49 - [TEST_STEP][PASSED] - click(findTestObject("Page_PSTO webMessenger - Zalogowano/img_Leszek Kowalski_sendButton")): Object: 'Object Repository/Page_PSTO webMessenger - Zalogowano/img_Leszek Kowalski_sendButton' is clicked on

2021-12-21 19:50:51 - [MESSAGE][PASSED] - Object: 'Object Repository/Page_PSTO webMessenger - Zalogowano/img_Leszek Kowalski_sendButton' is clicked on

2021-12-21 19:50:51 - [TEST_STEP][PASSED] - setText(findTestObject("Page_PSTO webMessenger - Zalogowano/input_Leszek Kowalski_messageInput"), "e"): Text 'e' is set on object 'Object Repository/Page_PSTO webMessenger - Zalogowano/input_Leszek Kowalski_messageInput'

2021-12-21 19:50:55 - [MESSAGE][PASSED] - Text 'e' is set on object 'Object Repository/Page_PSTO webMessenger - Zalogowano/input_Leszek Kowalski_messageInput'

2021-12-21 19:50:55 - [TEST_STEP][PASSED] - click(findTestObject("Page_PSTO webMessenger - Zalogowano/img_Leszek Kowalski_sendButton")): Object: 'Object Repository/Page_PSTO webMessenger - Zalogowano/img_Leszek Kowalski_sendButton' is clicked on

2021-12-21 19:50:57 - [MESSAGE][PASSED] - Object: 'Object Repository/Page_PSTO webMessenger - Zalogowano/img_Leszek Kowalski_sendButton' is clicked on

2021-12-21 19:50:57 - [TEST_STEP][PASSED] - setText(findTestObject("Page_PSTO webMessenger - Zalogowano/input_Leszek Kowalski_messageInput"), "e"): Text 'e' is set on object 'Object Repository/Page_PSTO webMessenger - Zalogowano/input_Leszek Kowalski_messageInput'

2021-12-21 19:51:01 - [MESSAGE][PASSED] - Text 'e' is set on object 'Object Repository/Page_PSTO webMessenger - Zalogowano/input_Leszek Kowalski_messageInput'

2021-12-21 19:51:01 - [TEST_STEP][PASSED] - click(findTestObject("Page_PSTO webMessenger - Zalogowano/img_Leszek Kowalski_sendButton")): Object: 'Object Repository/Page_PSTO webMessenger - Zalogowano/img_Leszek Kowalski_sendButton' is clicked on

2021-12-21 19:51:03 - [MESSAGE][PASSED] - Object: 'Object Repository/Page_PSTO webMessenger - Zalogowano/img_Leszek Kowalski_sendButton' is clicked on

2021-12-21 19:51:03 - [TEST_STEP][PASSED] - setText(findTestObject("Page_PSTO webMessenger - Zalogowano/input_Leszek Kowalski_messageInput"), "e"): Text 'e' is set on object 'Object Repository/Page_PSTO webMessenger - Zalogowano/input_Leszek Kowalski_messageInput'

2021-12-21 19:51:07 - [MESSAGE][PASSED] - Text 'e' is set on object 'Object Repository/Page_PSTO webMessenger - Zalogowano/input_Leszek Kowalski_messageInput'

2021-12-21 19:51:07 - [TEST_STEP][PASSED] - click(findTestObject("Page_PSTO webMessenger - Zalogowano/img_Leszek Kowalski_sendButton")): Object: 'Object Repository/Page_PSTO webMessenger - Zalogowano/img_Leszek Kowalski_sendButton' is clicked on

2021-12-21 19:51:09 - [MESSAGE][PASSED] - Object: 'Object Repository/Page_PSTO webMessenger - Zalogowano/img_Leszek Kowalski_sendButton' is clicked on

2021-12-21 19:51:09 - [TEST_STEP][PASSED] - setText(findTestObject("Page_PSTO webMessenger - Zalogowano/input_Leszek Kowalski_messageInput"), "e"): Text 'e' is set on object 'Object Repository/Page_PSTO webMessenger - Zalogowano/input_Leszek Kowalski_messageInput'

2021-12-21 19:51:13 - [MESSAGE][PASSED] - Text 'e' is set on object 'Object Repository/Page_PSTO webMessenger - Zalogowano/input_Leszek Kowalski_messageInput'

2021-12-21 19:51:13 - [TEST_STEP][PASSED] - click(findTestObject("Page_PSTO webMessenger - Zalogowano/img_Leszek Kowalski_sendButton")): Object: 'Object Repository/Page_PSTO webMessenger - Zalogowano/img_Leszek Kowalski_sendButton' is clicked on

2021-12-21 19:51:15 - [MESSAGE][PASSED] - Object: 'Object Repository/Page_PSTO webMessenger - Zalogowano/img_Leszek Kowalski_sendButton' is clicked on

2021-12-21 19:51:15 - [TEST_STEP][PASSED] - setText(findTestObject("Page_PSTO webMessenger - Zalogowano/input_Leszek Kowalski_messageInput"), "e"): Text 'e' is set on object 'Object Repository/Page_PSTO webMessenger - Zalogowano/input_Leszek Kowalski_messageInput'

2021-12-21 19:51:19 - [MESSAGE][PASSED] - Text 'e' is set on object 'Object Repository/Page_PSTO webMessenger - Zalogowano/input_Leszek Kowalski_messageInput'

2021-12-21 19:51:19 - [TEST_STEP][PASSED] - click(findTestObject("Page_PSTO webMessenger - Zalogowano/img_Leszek Kowalski_sendButton")): Object: 'Object Repository/Page_PSTO webMessenger - Zalogowano/img_Leszek Kowalski_sendButton' is clicked on

2021-12-21 19:51:21 - [MESSAGE][PASSED] - Object: 'Object Repository/Page_PSTO webMessenger - Zalogowano/img_Leszek Kowalski_sendButton' is clicked on

2021-12-21 19:51:21 - [TEST_STEP][PASSED] - setText(findTestObject("Page_PSTO webMessenger - Zalogowano/input_Leszek Kowalski_messageInput"), "e"): Text 'e' is set on object 'Object Repository/Page_PSTO webMessenger - Zalogowano/input_Leszek Kowalski_messageInput'

2021-12-21 19:51:26 - [MESSAGE][PASSED] - Text 'e' is set on object 'Object Repository/Page_PSTO webMessenger - Zalogowano/input_Leszek Kowalski_messageInput'

2021-12-21 19:51:26 - [TEST_STEP][PASSED] - click(findTestObject("Page_PSTO webMessenger - Zalogowano/img_Leszek Kowalski_sendButton")): Object: 'Object Repository/Page_PSTO webMessenger - Zalogowano/img_Leszek Kowalski_sendButton' is clicked on

2021-12-21 19:51:28 - [MESSAGE][PASSED] - Object: 'Object Repository/Page_PSTO webMessenger - Zalogowano/img_Leszek Kowalski_sendButton' is clicked on

2021-12-21 19:51:28 - [TEST_STEP][PASSED] - setText(findTestObject("Page_PSTO webMessenger - Zalogowano/input_Leszek Kowalski_messageInput"), "e"): Text 'e' is set on object 'Object Repository/Page_PSTO webMessenger - Zalogowano/input_Leszek Kowalski_messageInput'

2021-12-21 19:51:32 - [MESSAGE][PASSED] - Text 'e' is set on object 'Object Repository/Page_PSTO webMessenger - Zalogowano/input_Leszek Kowalski_messageInput'

2021-12-21 19:51:32 - [TEST_STEP][PASSED] - click(findTestObject("Page_PSTO webMessenger - Zalogowano/img_Leszek Kowalski_sendButton")): Object: 'Object Repository/Page_PSTO webMessenger - Zalogowano/img_Leszek Kowalski_sendButton' is clicked on

2021-12-21 19:51:34 - [MESSAGE][PASSED] - Object: 'Object Repository/Page_PSTO webMessenger - Zalogowano/img_Leszek Kowalski_sendButton' is clicked on

2021-12-21 19:51:34 - [TEST_STEP][PASSED] - setText(findTestObject("Page_PSTO webMessenger - Zalogowano/input_Leszek Kowalski_messageInput"), "e"): Text 'e' is set on object 'Object Repository/Page_PSTO webMessenger - Zalogowano/input_Leszek Kowalski_messageInput'

2021-12-21 19:51:38 - [MESSAGE][PASSED] - Text 'e' is set on object 'Object Repository/Page_PSTO webMessenger - Zalogowano/input_Leszek Kowalski_messageInput'

2021-12-21 19:51:38 - [TEST_STEP][PASSED] - click(findTestObject("Page_PSTO webMessenger - Zalogowano/img_Leszek Kowalski_sendButton")): Object: 'Object Repository/Page_PSTO webMessenger - Zalogowano/img_Leszek Kowalski_sendButton' is clicked on

2021-12-21 19:51:40 - [MESSAGE][PASSED] - Object: 'Object Repository/Page_PSTO webMessenger - Zalogowano/img_Leszek Kowalski_sendButton' is clicked on

2021-12-21 19:51:40 - [TEST_STEP][PASSED] - setText(findTestObject("Page_PSTO webMessenger - Zalogowano/input_Leszek Kowalski_messageInput"), "e"): Text 'e' is set on object 'Object Repository/Page_PSTO webMessenger - Zalogowano/input_Leszek Kowalski_messageInput'

2021-12-21 19:51:44 - [MESSAGE][PASSED] - Text 'e' is set on object 'Object Repository/Page_PSTO webMessenger - Zalogowano/input_Leszek Kowalski_messageInput'

2021-12-21 19:51:44 - [TEST_STEP][PASSED] - click(findTestObject("Page_PSTO webMessenger - Zalogowano/img_Leszek Kowalski_sendButton")): Object: 'Object Repository/Page_PSTO webMessenger - Zalogowano/img_Leszek Kowalski_sendButton' is clicked on

2021-12-21 19:51:46 - [MESSAGE][PASSED] - Object: 'Object Repository/Page_PSTO webMessenger - Zalogowano/img_Leszek Kowalski_sendButton' is clicked on

2021-12-21 19:51:46 - [TEST_STEP][PASSED] - setText(findTestObject("Page_PSTO webMessenger - Zalogowano/input_Leszek Kowalski_messageInput"), "e"): Text 'e' is set on object 'Object Repository/Page_PSTO webMessenger - Zalogowano/input_Leszek Kowalski_messageInput'

2021-12-21 19:51:50 - [MESSAGE][PASSED] - Text 'e' is set on object 'Object Repository/Page_PSTO webMessenger - Zalogowano/input_Leszek Kowalski_messageInput'

2021-12-21 19:51:50 - [TEST_STEP][PASSED] - click(findTestObject("Page_PSTO webMessenger - Zalogowano/img_Leszek Kowalski_sendButton")): Object: 'Object Repository/Page_PSTO webMessenger - Zalogowano/img_Leszek Kowalski_sendButton' is clicked on

2021-12-21 19:51:53 - [MESSAGE][PASSED] - Object: 'Object Repository/Page_PSTO webMessenger - Zalogowano/img_Leszek Kowalski_sendButton' is clicked on

2021-12-21 19:51:53 - [TEST_STEP][PASSED] - setText(findTestObject("Page_PSTO webMessenger - Zalogowano/input_Leszek Kowalski_messageInput"), "e"): Text 'e' is set on object 'Object Repository/Page_PSTO webMessenger - Zalogowano/input_Leszek Kowalski_messageInput'

2021-12-21 19:51:57 - [MESSAGE][PASSED] - Text 'e' is set on object 'Object Repository/Page_PSTO webMessenger - Zalogowano/input_Leszek Kowalski_messageInput'

2021-12-21 19:51:57 - [TEST_STEP][PASSED] - click(findTestObject("Page_PSTO webMessenger - Zalogowano/img_Leszek Kowalski_sendButton")): Object: 'Object Repository/Page_PSTO webMessenger - Zalogowano/img_Leszek Kowalski_sendButton' is clicked on

2021-12-21 19:51:59 - [MESSAGE][PASSED] - Object: 'Object Repository/Page_PSTO webMessenger - Zalogowano/img_Leszek Kowalski_sendButton' is clicked on

2021-12-21 19:51:59 - [TEST_STEP][PASSED] - setText(findTestObject("Page_PSTO webMessenger - Zalogowano/input_Leszek Kowalski_messageInput"), "e"): Text 'e' is set on object 'Object Repository/Page_PSTO webMessenger - Zalogowano/input_Leszek Kowalski_messageInput'

2021-12-21 19:52:03 - [MESSAGE][PASSED] - Text 'e' is set on object 'Object Repository/Page_PSTO webMessenger - Zalogowano/input_Leszek Kowalski_messageInput'

2021-12-21 19:52:03 - [TEST_STEP][PASSED] - click(findTestObject("Page_PSTO webMessenger - Zalogowano/img_Leszek Kowalski_sendButton")): Object: 'Object Repository/Page_PSTO webMessenger - Zalogowano/img_Leszek Kowalski_sendButton' is clicked on

2021-12-21 19:52:05 - [MESSAGE][PASSED] - Object: 'Object Repository/Page_PSTO webMessenger - Zalogowano/img_Leszek Kowalski_sendButton' is clicked on

2021-12-21 19:52:05 - [TEST_STEP][PASSED] - setText(findTestObject("Page_PSTO webMessenger - Zalogowano/input_Leszek Kowalski_messageInput"), "e"): Text 'e' is set on object 'Object Repository/Page_PSTO webMessenger - Zalogowano/input_Leszek Kowalski_messageInput'

2021-12-21 19:52:09 - [MESSAGE][PASSED] - Text 'e' is set on object 'Object Repository/Page_PSTO webMessenger - Zalogowano/input_Leszek Kowalski_messageInput'

2021-12-21 19:52:09 - [TEST_STEP][PASSED] - click(findTestObject("Page_PSTO webMessenger - Zalogowano/img_Leszek Kowalski_sendButton")): Object: 'Object Repository/Page_PSTO webMessenger - Zalogowano/img_Leszek Kowalski_sendButton' is clicked on

2021-12-21 19:52:11 - [MESSAGE][PASSED] - Object: 'Object Repository/Page_PSTO webMessenger - Zalogowano/img_Leszek Kowalski_sendButton' is clicked on

2021-12-21 19:52:11 - [TEST_STEP][PASSED] - setText(findTestObject("Page_PSTO webMessenger - Zalogowano/input_Leszek Kowalski_messageInput"), "e"): Text 'e' is set on object 'Object Repository/Page_PSTO webMessenger - Zalogowano/input_Leszek Kowalski_messageInput'

2021-12-21 19:52:15 - [MESSAGE][PASSED] - Text 'e' is set on object 'Object Repository/Page_PSTO webMessenger - Zalogowano/input_Leszek Kowalski_messageInput'

2021-12-21 19:52:15 - [TEST_STEP][PASSED] - click(findTestObject("Page_PSTO webMessenger - Zalogowano/img_Leszek Kowalski_sendButton")): Object: 'Object Repository/Page_PSTO webMessenger - Zalogowano/img_Leszek Kowalski_sendButton' is clicked on

2021-12-21 19:52:17 - [MESSAGE][PASSED] - Object: 'Object Repository/Page_PSTO webMessenger - Zalogowano/img_Leszek Kowalski_sendButton' is clicked on

2021-12-21 19:52:17 - [TEST_STEP][PASSED] - setText(findTestObject("Page_PSTO webMessenger - Zalogowano/input_Leszek Kowalski_messageInput"), "e"): Text 'e' is set on object 'Object Repository/Page_PSTO webMessenger - Zalogowano/input_Leszek Kowalski_messageInput'

2021-12-21 19:52:21 - [MESSAGE][PASSED] - Text 'e' is set on object 'Object Repository/Page_PSTO webMessenger - Zalogowano/input_Leszek Kowalski_messageInput'

2021-12-21 19:52:21 - [TEST_STEP][PASSED] - click(findTestObject("Page_PSTO webMessenger - Zalogowano/img_Leszek Kowalski_sendButton")): Object: 'Object Repository/Page_PSTO webMessenger - Zalogowano/img_Leszek Kowalski_sendButton' is clicked on

2021-12-21 19:52:23 - [MESSAGE][PASSED] - Object: 'Object Repository/Page_PSTO webMessenger - Zalogowano/img_Leszek Kowalski_sendButton' is clicked on

2021-12-21 19:52:23 - [TEST_STEP][PASSED] - setText(findTestObject("Page_PSTO webMessenger - Zalogowano/input_Leszek Kowalski_messageInput"), "e"): Text 'e' is set on object 'Object Repository/Page_PSTO webMessenger - Zalogowano/input_Leszek Kowalski_messageInput'

2021-12-21 19:52:27 - [MESSAGE][PASSED] - Text 'e' is set on object 'Object Repository/Page_PSTO webMessenger - Zalogowano/input_Leszek Kowalski_messageInput'

2021-12-21 19:52:27 - [TEST_STEP][PASSED] - click(findTestObject("Page_PSTO webMessenger - Zalogowano/img_Leszek Kowalski_sendButton")): Object: 'Object Repository/Page_PSTO webMessenger - Zalogowano/img_Leszek Kowalski_sendButton' is clicked on

2021-12-21 19:52:29 - [MESSAGE][PASSED] - Object: 'Object Repository/Page_PSTO webMessenger - Zalogowano/img_Leszek Kowalski_sendButton' is clicked on

2021-12-21 19:52:29 - [TEST_STEP][PASSED] - setText(findTestObject("Page_PSTO webMessenger - Zalogowano/input_Leszek Kowalski_messageInput"), "e"): Text 'e' is set on object 'Object Repository/Page_PSTO webMessenger - Zalogowano/input_Leszek Kowalski_messageInput'

2021-12-21 19:52:33 - [MESSAGE][PASSED] - Text 'e' is set on object 'Object Repository/Page_PSTO webMessenger - Zalogowano/input_Leszek Kowalski_messageInput'

2021-12-21 19:52:33 - [TEST_STEP][PASSED] - click(findTestObject("Page_PSTO webMessenger - Zalogowano/img_Leszek Kowalski_sendButton")): Object: 'Object Repository/Page_PSTO webMessenger - Zalogowano/img_Leszek Kowalski_sendButton' is clicked on

2021-12-21 19:52:35 - [MESSAGE][PASSED] - Object: 'Object Repository/Page_PSTO webMessenger - Zalogowano/img_Leszek Kowalski_sendButton' is clicked on

2021-12-21 19:52:35 - [TEST_STEP][PASSED] - setText(findTestObject("Page_PSTO webMessenger - Zalogowano/input_Leszek Kowalski_messageInput"), "e"): Text 'e' is set on object 'Object Repository/Page_PSTO webMessenger - Zalogowano/input_Leszek Kowalski_messageInput'

2021-12-21 19:52:39 - [MESSAGE][PASSED] - Text 'e' is set on object 'Object Repository/Page_PSTO webMessenger - Zalogowano/input_Leszek Kowalski_messageInput'

2021-12-21 19:52:39 - [TEST_STEP][PASSED] - click(findTestObject("Page_PSTO webMessenger - Zalogowano/img_Leszek Kowalski_sendButton")): Object: 'Object Repository/Page_PSTO webMessenger - Zalogowano/img_Leszek Kowalski_sendButton' is clicked on

2021-12-21 19:52:41 - [MESSAGE][PASSED] - Object: 'Object Repository/Page_PSTO webMessenger - Zalogowano/img_Leszek Kowalski_sendButton' is clicked on

2021-12-21 19:52:41 - [TEST_STEP][PASSED] - setText(findTestObject("Page_PSTO webMessenger - Zalogowano/input_Leszek Kowalski_messageInput"), "e"): Text 'e' is set on object 'Object Repository/Page_PSTO webMessenger - Zalogowano/input_Leszek Kowalski_messageInput'

2021-12-21 19:52:45 - [MESSAGE][PASSED] - Text 'e' is set on object 'Object Repository/Page_PSTO webMessenger - Zalogowano/input_Leszek Kowalski_messageInput'

2021-12-21 19:52:45 - [TEST_STEP][PASSED] - click(findTestObject("Page_PSTO webMessenger - Zalogowano/img_Leszek Kowalski_sendButton")): Object: 'Object Repository/Page_PSTO webMessenger - Zalogowano/img_Leszek Kowalski_sendButton' is clicked on

2021-12-21 19:52:47 - [MESSAGE][PASSED] - Object: 'Object Repository/Page_PSTO webMessenger - Zalogowano/img_Leszek Kowalski_sendButton' is clicked on

2021-12-21 19:52:47 - [TEST_STEP][PASSED] - setText(findTestObject("Page_PSTO webMessenger - Zalogowano/input_Leszek Kowalski_messageInput"), "e"): Text 'e' is set on object 'Object Repository/Page_PSTO webMessenger - Zalogowano/input_Leszek Kowalski_messageInput'

2021-12-21 19:52:51 - [MESSAGE][PASSED] - Text 'e' is set on object 'Object Repository/Page_PSTO webMessenger - Zalogowano/input_Leszek Kowalski_messageInput'

2021-12-21 19:52:51 - [TEST_STEP][PASSED] - click(findTestObject("Page_PSTO webMessenger - Zalogowano/img_Leszek Kowalski_sendButton")): Object: 'Object Repository/Page_PSTO webMessenger - Zalogowano/img_Leszek Kowalski_sendButton' is clicked on

2021-12-21 19:52:53 - [MESSAGE][PASSED] - Object: 'Object Repository/Page_PSTO webMessenger - Zalogowano/img_Leszek Kowalski_sendButton' is clicked on

2021-12-21 19:52:53 - [TEST_STEP][PASSED] - setText(findTestObject("Page_PSTO webMessenger - Zalogowano/input_Leszek Kowalski_messageInput"), "e"): Text 'e' is set on object 'Object Repository/Page_PSTO webMessenger - Zalogowano/input_Leszek Kowalski_messageInput'

2021-12-21 19:52:57 - [MESSAGE][PASSED] - Text 'e' is set on object 'Object Repository/Page_PSTO webMessenger - Zalogowano/input_Leszek Kowalski_messageInput'

2021-12-21 19:52:57 - [TEST_STEP][PASSED] - click(findTestObject("Page_PSTO webMessenger - Zalogowano/img_Leszek Kowalski_sendButton")): Object: 'Object Repository/Page_PSTO webMessenger - Zalogowano/img_Leszek Kowalski_sendButton' is clicked on

2021-12-21 19:53:00 - [MESSAGE][PASSED] - Object: 'Object Repository/Page_PSTO webMessenger - Zalogowano/img_Leszek Kowalski_sendButton' is clicked on

2021-12-21 19:53:00 - [TEST_STEP][PASSED] - setText(findTestObject("Page_PSTO webMessenger - Zalogowano/input_Leszek Kowalski_messageInput"), "e"): Text 'e' is set on object 'Object Repository/Page_PSTO webMessenger - Zalogowano/input_Leszek Kowalski_messageInput'

2021-12-21 19:53:04 - [MESSAGE][PASSED] - Text 'e' is set on object 'Object Repository/Page_PSTO webMessenger - Zalogowano/input_Leszek Kowalski_messageInput'

2021-12-21 19:53:04 - [TEST_STEP][PASSED] - click(findTestObject("Page_PSTO webMessenger - Zalogowano/img_Leszek Kowalski_sendButton")): Object: 'Object Repository/Page_PSTO webMessenger - Zalogowano/img_Leszek Kowalski_sendButton' is clicked on

2021-12-21 19:53:06 - [MESSAGE][PASSED] - Object: 'Object Repository/Page_PSTO webMessenger - Zalogowano/img_Leszek Kowalski_sendButton' is clicked on

2021-12-21 19:53:06 - [TEST_STEP][PASSED] - setText(findTestObject("Page_PSTO webMessenger - Zalogowano/input_Leszek Kowalski_messageInput"), "e"): Text 'e' is set on object 'Object Repository/Page_PSTO webMessenger - Zalogowano/input_Leszek Kowalski_messageInput'

2021-12-21 19:53:10 - [MESSAGE][PASSED] - Text 'e' is set on object 'Object Repository/Page_PSTO webMessenger - Zalogowano/input_Leszek Kowalski_messageInput'

2021-12-21 19:53:10 - [TEST_STEP][PASSED] - click(findTestObject("Page_PSTO webMessenger - Zalogowano/img_Leszek Kowalski_sendButton")): Object: 'Object Repository/Page_PSTO webMessenger - Zalogowano/img_Leszek Kowalski_sendButton' is clicked on

2021-12-21 19:53:12 - [MESSAGE][PASSED] - Object: 'Object Repository/Page_PSTO webMessenger - Zalogowano/img_Leszek Kowalski_sendButton' is clicked on

2021-12-21 19:53:12 - [TEST_STEP][PASSED] - setText(findTestObject("Page_PSTO webMessenger - Zalogowano/input_Leszek Kowalski_messageInput"), "e"): Text 'e' is set on object 'Object Repository/Page_PSTO webMessenger - Zalogowano/input_Leszek Kowalski_messageInput'

2021-12-21 19:53:16 - [MESSAGE][PASSED] - Text 'e' is set on object 'Object Repository/Page_PSTO webMessenger - Zalogowano/input_Leszek Kowalski_messageInput'

2021-12-21 19:53:16 - [TEST_STEP][PASSED] - click(findTestObject("Page_PSTO webMessenger - Zalogowano/img_Leszek Kowalski_sendButton")): Object: 'Object Repository/Page_PSTO webMessenger - Zalogowano/img_Leszek Kowalski_sendButton' is clicked on

2021-12-21 19:53:18 - [MESSAGE][PASSED] - Object: 'Object Repository/Page_PSTO webMessenger - Zalogowano/img_Leszek Kowalski_sendButton' is clicked on

2021-12-21 19:53:18 - [TEST_STEP][PASSED] - setText(findTestObject("Page_PSTO webMessenger - Zalogowano/input_Leszek Kowalski_messageInput"), "e"): Text 'e' is set on object 'Object Repository/Page_PSTO webMessenger - Zalogowano/input_Leszek Kowalski_messageInput'

2021-12-21 19:53:22 - [MESSAGE][PASSED] - Text 'e' is set on object 'Object Repository/Page_PSTO webMessenger - Zalogowano/input_Leszek Kowalski_messageInput'

2021-12-21 19:53:22 - [TEST_STEP][PASSED] - click(findTestObject("Page_PSTO webMessenger - Zalogowano/img_Leszek Kowalski_sendButton")): Object: 'Object Repository/Page_PSTO webMessenger - Zalogowano/img_Leszek Kowalski_sendButton' is clicked on

2021-12-21 19:53:24 - [MESSAGE][PASSED] - Object: 'Object Repository/Page_PSTO webMessenger - Zalogowano/img_Leszek Kowalski_sendButton' is clicked on

2021-12-21 19:53:24 - [TEST_STEP][PASSED] - setText(findTestObject("Page_PSTO webMessenger - Zalogowano/input_Leszek Kowalski_messageInput"), "e"): Text 'e' is set on object 'Object Repository/Page_PSTO webMessenger - Zalogowano/input_Leszek Kowalski_messageInput'

2021-12-21 19:53:28 - [MESSAGE][PASSED] - Text 'e' is set on object 'Object Repository/Page_PSTO webMessenger - Zalogowano/input_Leszek Kowalski_messageInput'

2021-12-21 19:53:28 - [TEST_STEP][PASSED] - click(findTestObject("Page_PSTO webMessenger - Zalogowano/img_Leszek Kowalski_sendButton")): Object: 'Object Repository/Page_PSTO webMessenger - Zalogowano/img_Leszek Kowalski_sendButton' is clicked on

2021-12-21 19:53:30 - [MESSAGE][PASSED] - Object: 'Object Repository/Page_PSTO webMessenger - Zalogowano/img_Leszek Kowalski_sendButton' is clicked on

2021-12-21 19:53:30 - [TEST_STEP][PASSED] - setText(findTestObject("Page_PSTO webMessenger - Zalogowano/input_Leszek Kowalski_messageInput"), "e"): Text 'e' is set on object 'Object Repository/Page_PSTO webMessenger - Zalogowano/input_Leszek Kowalski_messageInput'

2021-12-21 19:53:34 - [MESSAGE][PASSED] - Text 'e' is set on object 'Object Repository/Page_PSTO webMessenger - Zalogowano/input_Leszek Kowalski_messageInput'

2021-12-21 19:53:34 - [TEST_STEP][PASSED] - click(findTestObject("Page_PSTO webMessenger - Zalogowano/img_Leszek Kowalski_sendButton")): Object: 'Object Repository/Page_PSTO webMessenger - Zalogowano/img_Leszek Kowalski_sendButton' is clicked on

2021-12-21 19:53:36 - [MESSAGE][PASSED] - Object: 'Object Repository/Page_PSTO webMessenger - Zalogowano/img_Leszek Kowalski_sendButton' is clicked on

2021-12-21 19:53:36 - [TEST_STEP][PASSED] - setText(findTestObject("Page_PSTO webMessenger - Zalogowano/input_Leszek Kowalski_messageInput"), "e"): Text 'e' is set on object 'Object Repository/Page_PSTO webMessenger - Zalogowano/input_Leszek Kowalski_messageInput'

2021-12-21 19:53:40 - [MESSAGE][PASSED] - Text 'e' is set on object 'Object Repository/Page_PSTO webMessenger - Zalogowano/input_Leszek Kowalski_messageInput'

2021-12-21 19:53:40 - [TEST_STEP][PASSED] - click(findTestObject("Page_PSTO webMessenger - Zalogowano/img_Leszek Kowalski_sendButton")): Object: 'Object Repository/Page_PSTO webMessenger - Zalogowano/img_Leszek Kowalski_sendButton' is clicked on

2021-12-21 19:53:42 - [MESSAGE][PASSED] - Object: 'Object Repository/Page_PSTO webMessenger - Zalogowano/img_Leszek Kowalski_sendButton' is clicked on

2021-12-21 19:53:42 - [TEST_STEP][PASSED] - setText(findTestObject("Page_PSTO webMessenger - Zalogowano/input_Leszek Kowalski_messageInput"), "e"): Text 'e' is set on object 'Object Repository/Page_PSTO webMessenger - Zalogowano/input_Leszek Kowalski_messageInput'

2021-12-21 19:53:46 - [MESSAGE][PASSED] - Text 'e' is set on object 'Object Repository/Page_PSTO webMessenger - Zalogowano/input_Leszek Kowalski_messageInput'

2021-12-21 19:53:46 - [TEST_STEP][PASSED] - click(findTestObject("Page_PSTO webMessenger - Zalogowano/img_Leszek Kowalski_sendButton")): Object: 'Object Repository/Page_PSTO webMessenger - Zalogowano/img_Leszek Kowalski_sendButton' is clicked on

2021-12-21 19:53:48 - [MESSAGE][PASSED] - Object: 'Object Repository/Page_PSTO webMessenger - Zalogowano/img_Leszek Kowalski_sendButton' is clicked on

2021-12-21 19:53:48 - [TEST_STEP][PASSED] - setText(findTestObject("Page_PSTO webMessenger - Zalogowano/input_Leszek Kowalski_messageInput"), "e"): Text 'e' is set on object 'Object Repository/Page_PSTO webMessenger - Zalogowano/input_Leszek Kowalski_messageInput'

2021-12-21 19:53:52 - [MESSAGE][PASSED] - Text 'e' is set on object 'Object Repository/Page_PSTO webMessenger - Zalogowano/input_Leszek Kowalski_messageInput'

2021-12-21 19:53:52 - [TEST_STEP][PASSED] - click(findTestObject("Page_PSTO webMessenger - Zalogowano/img_Leszek Kowalski_sendButton")): Object: 'Object Repository/Page_PSTO webMessenger - Zalogowano/img_Leszek Kowalski_sendButton' is clicked on

2021-12-21 19:53:54 - [MESSAGE][PASSED] - Object: 'Object Repository/Page_PSTO webMessenger - Zalogowano/img_Leszek Kowalski_sendButton' is clicked on

2021-12-21 19:53:54 - [TEST_STEP][PASSED] - setText(findTestObject("Page_PSTO webMessenger - Zalogowano/input_Leszek Kowalski_messageInput"), "e"): Text 'e' is set on object 'Object Repository/Page_PSTO webMessenger - Zalogowano/input_Leszek Kowalski_messageInput'

2021-12-21 19:53:58 - [MESSAGE][PASSED] - Text 'e' is set on object 'Object Repository/Page_PSTO webMessenger - Zalogowano/input_Leszek Kowalski_messageInput'

2021-12-21 19:53:58 - [TEST_STEP][PASSED] - click(findTestObject("Page_PSTO webMessenger - Zalogowano/img_Leszek Kowalski_sendButton")): Object: 'Object Repository/Page_PSTO webMessenger - Zalogowano/img_Leszek Kowalski_sendButton' is clicked on

2021-12-21 19:54:00 - [MESSAGE][PASSED] - Object: 'Object Repository/Page_PSTO webMessenger - Zalogowano/img_Leszek Kowalski_sendButton' is clicked on

2021-12-21 19:54:00 - [TEST_STEP][PASSED] - setText(findTestObject("Page_PSTO webMessenger - Zalogowano/input_Leszek Kowalski_messageInput"), "e"): Text 'e' is set on object 'Object Repository/Page_PSTO webMessenger - Zalogowano/input_Leszek Kowalski_messageInput'

2021-12-21 19:54:04 - [MESSAGE][PASSED] - Text 'e' is set on object 'Object Repository/Page_PSTO webMessenger - Zalogowano/input_Leszek Kowalski_messageInput'

2021-12-21 19:54:04 - [TEST_STEP][PASSED] - click(findTestObject("Page_PSTO webMessenger - Zalogowano/img_Leszek Kowalski_sendButton")): Object: 'Object Repository/Page_PSTO webMessenger - Zalogowano/img_Leszek Kowalski_sendButton' is clicked on

2021-12-21 19:54:06 - [MESSAGE][PASSED] - Object: 'Object Repository/Page_PSTO webMessenger - Zalogowano/img_Leszek Kowalski_sendButton' is clicked on

2021-12-21 19:54:06 - [TEST_STEP][PASSED] - setText(findTestObject("Page_PSTO webMessenger - Zalogowano/input_Leszek Kowalski_messageInput"), "e"): Text 'e' is set on object 'Object Repository/Page_PSTO webMessenger - Zalogowano/input_Leszek Kowalski_messageInput'

2021-12-21 19:54:10 - [MESSAGE][PASSED] - Text 'e' is set on object 'Object Repository/Page_PSTO webMessenger - Zalogowano/input_Leszek Kowalski_messageInput'

2021-12-21 19:54:10 - [TEST_STEP][PASSED] - click(findTestObject("Page_PSTO webMessenger - Zalogowano/img_Leszek Kowalski_sendButton")): Object: 'Object Repository/Page_PSTO webMessenger - Zalogowano/img_Leszek Kowalski_sendButton' is clicked on

2021-12-21 19:54:12 - [MESSAGE][PASSED] - Object: 'Object Repository/Page_PSTO webMessenger - Zalogowano/img_Leszek Kowalski_sendButton' is clicked on

2021-12-21 19:54:12 - [TEST_STEP][PASSED] - setText(findTestObject("Page_PSTO webMessenger - Zalogowano/input_Leszek Kowalski_messageInput"), "e"): Text 'e' is set on object 'Object Repository/Page_PSTO webMessenger - Zalogowano/input_Leszek Kowalski_messageInput'

2021-12-21 19:54:16 - [MESSAGE][PASSED] - Text 'e' is set on object 'Object Repository/Page_PSTO webMessenger - Zalogowano/input_Leszek Kowalski_messageInput'

2021-12-21 19:54:16 - [TEST_STEP][PASSED] - click(findTestObject("Page_PSTO webMessenger - Zalogowano/img_Leszek Kowalski_sendButton")): Object: 'Object Repository/Page_PSTO webMessenger - Zalogowano/img_Leszek Kowalski_sendButton' is clicked on

2021-12-21 19:54:18 - [MESSAGE][PASSED] - Object: 'Object Repository/Page_PSTO webMessenger - Zalogowano/img_Leszek Kowalski_sendButton' is clicked on

2021-12-21 19:54:18 - [TEST_STEP][PASSED] - setText(findTestObject("Page_PSTO webMessenger - Zalogowano/input_Leszek Kowalski_messageInput"), "e"): Text 'e' is set on object 'Object Repository/Page_PSTO webMessenger - Zalogowano/input_Leszek Kowalski_messageInput'

2021-12-21 19:54:22 - [MESSAGE][PASSED] - Text 'e' is set on object 'Object Repository/Page_PSTO webMessenger - Zalogowano/input_Leszek Kowalski_messageInput'

2021-12-21 19:54:22 - [TEST_STEP][PASSED] - click(findTestObject("Page_PSTO webMessenger - Zalogowano/img_Leszek Kowalski_sendButton")): Object: 'Object Repository/Page_PSTO webMessenger - Zalogowano/img_Leszek Kowalski_sendButton' is clicked on

2021-12-21 19:54:24 - [MESSAGE][PASSED] - Object: 'Object Repository/Page_PSTO webMessenger - Zalogowano/img_Leszek Kowalski_sendButton' is clicked on

2021-12-21 19:54:24 - [TEST_STEP][PASSED] - setText(findTestObject("Page_PSTO webMessenger - Zalogowano/input_Leszek Kowalski_messageInput"), "e"): Text 'e' is set on object 'Object Repository/Page_PSTO webMessenger - Zalogowano/input_Leszek Kowalski_messageInput'

2021-12-21 19:54:28 - [MESSAGE][PASSED] - Text 'e' is set on object 'Object Repository/Page_PSTO webMessenger - Zalogowano/input_Leszek Kowalski_messageInput'

2021-12-21 19:54:28 - [TEST_STEP][PASSED] - click(findTestObject("Page_PSTO webMessenger - Zalogowano/img_Leszek Kowalski_sendButton")): Object: 'Object Repository/Page_PSTO webMessenger - Zalogowano/img_Leszek Kowalski_sendButton' is clicked on

2021-12-21 19:54:30 - [MESSAGE][PASSED] - Object: 'Object Repository/Page_PSTO webMessenger - Zalogowano/img_Leszek Kowalski_sendButton' is clicked on

2021-12-21 19:54:30 - [TEST_STEP][PASSED] - setText(findTestObject("Page_PSTO webMessenger - Zalogowano/input_Leszek Kowalski_messageInput"), "e"): Text 'e' is set on object 'Object Repository/Page_PSTO webMessenger - Zalogowano/input_Leszek Kowalski_messageInput'

2021-12-21 19:54:34 - [MESSAGE][PASSED] - Text 'e' is set on object 'Object Repository/Page_PSTO webMessenger - Zalogowano/input_Leszek Kowalski_messageInput'

2021-12-21 19:54:34 - [TEST_STEP][PASSED] - click(findTestObject("Page_PSTO webMessenger - Zalogowano/img_Leszek Kowalski_sendButton")): Object: 'Object Repository/Page_PSTO webMessenger - Zalogowano/img_Leszek Kowalski_sendButton' is clicked on

2021-12-21 19:54:36 - [MESSAGE][PASSED] - Object: 'Object Repository/Page_PSTO webMessenger - Zalogowano/img_Leszek Kowalski_sendButton' is clicked on

2021-12-21 19:54:36 - [TEST_STEP][PASSED] - setText(findTestObject("Page_PSTO webMessenger - Zalogowano/input_Leszek Kowalski_messageInput"), "e"): Text 'e' is set on object 'Object Repository/Page_PSTO webMessenger - Zalogowano/input_Leszek Kowalski_messageInput'

2021-12-21 19:54:40 - [MESSAGE][PASSED] - Text 'e' is set on object 'Object Repository/Page_PSTO webMessenger - Zalogowano/input_Leszek Kowalski_messageInput'

2021-12-21 19:54:40 - [TEST_STEP][PASSED] - click(findTestObject("Page_PSTO webMessenger - Zalogowano/img_Leszek Kowalski_sendButton")): Object: 'Object Repository/Page_PSTO webMessenger - Zalogowano/img_Leszek Kowalski_sendButton' is clicked on

2021-12-21 19:54:42 - [MESSAGE][PASSED] - Object: 'Object Repository/Page_PSTO webMessenger - Zalogowano/img_Leszek Kowalski_sendButton' is clicked on

2021-12-21 19:54:42 - [TEST_STEP][PASSED] - setText(findTestObject("Page_PSTO webMessenger - Zalogowano/input_Leszek Kowalski_messageInput"), "e"): Text 'e' is set on object 'Object Repository/Page_PSTO webMessenger - Zalogowano/input_Leszek Kowalski_messageInput'

2021-12-21 19:54:46 - [MESSAGE][PASSED] - Text 'e' is set on object 'Object Repository/Page_PSTO webMessenger - Zalogowano/input_Leszek Kowalski_messageInput'

2021-12-21 19:54:46 - [TEST_STEP][PASSED] - click(findTestObject("Page_PSTO webMessenger - Zalogowano/img_Leszek Kowalski_sendButton")): Object: 'Object Repository/Page_PSTO webMessenger - Zalogowano/img_Leszek Kowalski_sendButton' is clicked on

2021-12-21 19:54:48 - [MESSAGE][PASSED] - Object: 'Object Repository/Page_PSTO webMessenger - Zalogowano/img_Leszek Kowalski_sendButton' is clicked on

2021-12-21 19:54:48 - [TEST_STEP][PASSED] - setText(findTestObject("Page_PSTO webMessenger - Zalogowano/input_Leszek Kowalski_messageInput"), "e"): Text 'e' is set on object 'Object Repository/Page_PSTO webMessenger - Zalogowano/input_Leszek Kowalski_messageInput'

2021-12-21 19:54:52 - [MESSAGE][PASSED] - Text 'e' is set on object 'Object Repository/Page_PSTO webMessenger - Zalogowano/input_Leszek Kowalski_messageInput'

2021-12-21 19:54:52 - [TEST_STEP][PASSED] - click(findTestObject("Page_PSTO webMessenger - Zalogowano/img_Leszek Kowalski_sendButton")): Object: 'Object Repository/Page_PSTO webMessenger - Zalogowano/img_Leszek Kowalski_sendButton' is clicked on

2021-12-21 19:54:54 - [MESSAGE][PASSED] - Object: 'Object Repository/Page_PSTO webMessenger - Zalogowano/img_Leszek Kowalski_sendButton' is clicked on

2021-12-21 19:54:54 - [TEST_STEP][PASSED] - setText(findTestObject("Page_PSTO webMessenger - Zalogowano/input_Leszek Kowalski_messageInput"), "e"): Text 'e' is set on object 'Object Repository/Page_PSTO webMessenger - Zalogowano/input_Leszek Kowalski_messageInput'

2021-12-21 19:54:58 - [MESSAGE][PASSED] - Text 'e' is set on object 'Object Repository/Page_PSTO webMessenger - Zalogowano/input_Leszek Kowalski_messageInput'

2021-12-21 19:54:58 - [TEST_STEP][PASSED] - click(findTestObject("Page_PSTO webMessenger - Zalogowano/img_Leszek Kowalski_sendButton")): Object: 'Object Repository/Page_PSTO webMessenger - Zalogowano/img_Leszek Kowalski_sendButton' is clicked on

2021-12-21 19:55:00 - [MESSAGE][PASSED] - Object: 'Object Repository/Page_PSTO webMessenger - Zalogowano/img_Leszek Kowalski_sendButton' is clicked on

2021-12-21 19:55:00 - [TEST_STEP][PASSED] - setText(findTestObject("Page_PSTO webMessenger - Zalogowano/input_Leszek Kowalski_messageInput"), "e"): Text 'e' is set on object 'Object Repository/Page_PSTO webMessenger - Zalogowano/input_Leszek Kowalski_messageInput'

2021-12-21 19:55:04 - [MESSAGE][PASSED] - Text 'e' is set on object 'Object Repository/Page_PSTO webMessenger - Zalogowano/input_Leszek Kowalski_messageInput'

2021-12-21 19:55:04 - [TEST_STEP][PASSED] - click(findTestObject("Page_PSTO webMessenger - Zalogowano/img_Leszek Kowalski_sendButton")): Object: 'Object Repository/Page_PSTO webMessenger - Zalogowano/img_Leszek Kowalski_sendButton' is clicked on

2021-12-21 19:55:07 - [MESSAGE][PASSED] - Object: 'Object Repository/Page_PSTO webMessenger - Zalogowano/img_Leszek Kowalski_sendButton' is clicked on

2021-12-21 19:55:07 - [TEST_STEP][PASSED] - setText(findTestObject("Page_PSTO webMessenger - Zalogowano/input_Leszek Kowalski_messageInput"), "e"): Text 'e' is set on object 'Object Repository/Page_PSTO webMessenger - Zalogowano/input_Leszek Kowalski_messageInput'

2021-12-21 19:55:11 - [MESSAGE][PASSED] - Text 'e' is set on object 'Object Repository/Page_PSTO webMessenger - Zalogowano/input_Leszek Kowalski_messageInput'

2021-12-21 19:55:11 - [TEST_STEP][PASSED] - click(findTestObject("Page_PSTO webMessenger - Zalogowano/img_Leszek Kowalski_sendButton")): Object: 'Object Repository/Page_PSTO webMessenger - Zalogowano/img_Leszek Kowalski_sendButton' is clicked on

2021-12-21 19:55:13 - [MESSAGE][PASSED] - Object: 'Object Repository/Page_PSTO webMessenger - Zalogowano/img_Leszek Kowalski_sendButton' is clicked on

2021-12-21 19:55:13 - [TEST_STEP][PASSED] - setText(findTestObject("Page_PSTO webMessenger - Zalogowano/input_Leszek Kowalski_messageInput"), "e"): Text 'e' is set on object 'Object Repository/Page_PSTO webMessenger - Zalogowano/input_Leszek Kowalski_messageInput'

2021-12-21 19:55:17 - [MESSAGE][PASSED] - Text 'e' is set on object 'Object Repository/Page_PSTO webMessenger - Zalogowano/input_Leszek Kowalski_messageInput'

2021-12-21 19:55:17 - [TEST_STEP][PASSED] - click(findTestObject("Page_PSTO webMessenger - Zalogowano/img_Leszek Kowalski_sendButton")): Object: 'Object Repository/Page_PSTO webMessenger - Zalogowano/img_Leszek Kowalski_sendButton' is clicked on

2021-12-21 19:55:19 - [MESSAGE][PASSED] - Object: 'Object Repository/Page_PSTO webMessenger - Zalogowano/img_Leszek Kowalski_sendButton' is clicked on

2021-12-21 19:55:19 - [TEST_STEP][PASSED] - setText(findTestObject("Page_PSTO webMessenger - Zalogowano/input_Leszek Kowalski_messageInput"), "e"): Text 'e' is set on object 'Object Repository/Page_PSTO webMessenger - Zalogowano/input_Leszek Kowalski_messageInput'

2021-12-21 19:55:23 - [MESSAGE][PASSED] - Text 'e' is set on object 'Object Repository/Page_PSTO webMessenger - Zalogowano/input_Leszek Kowalski_messageInput'

2021-12-21 19:55:23 - [TEST_STEP][PASSED] - click(findTestObject("Page_PSTO webMessenger - Zalogowano/img_Leszek Kowalski_sendButton")): Object: 'Object Repository/Page_PSTO webMessenger - Zalogowano/img_Leszek Kowalski_sendButton' is clicked on

2021-12-21 19:55:26 - [MESSAGE][PASSED] - Object: 'Object Repository/Page_PSTO webMessenger - Zalogowano/img_Leszek Kowalski_sendButton' is clicked on

2021-12-21 19:55:26 - [TEST_STEP][PASSED] - setText(findTestObject("Page_PSTO webMessenger - Zalogowano/input_Leszek Kowalski_messageInput"), "e"): Text 'e' is set on object 'Object Repository/Page_PSTO webMessenger - Zalogowano/input_Leszek Kowalski_messageInput'

2021-12-21 19:55:30 - [MESSAGE][PASSED] - Text 'e' is set on object 'Object Repository/Page_PSTO webMessenger - Zalogowano/input_Leszek Kowalski_messageInput'

2021-12-21 19:55:30 - [TEST_STEP][PASSED] - click(findTestObject("Page_PSTO webMessenger - Zalogowano/img_Leszek Kowalski_sendButton")): Object: 'Object Repository/Page_PSTO webMessenger - Zalogowano/img_Leszek Kowalski_sendButton' is clicked on

2021-12-21 19:55:32 - [MESSAGE][PASSED] - Object: 'Object Repository/Page_PSTO webMessenger - Zalogowano/img_Leszek Kowalski_sendButton' is clicked on

2021-12-21 19:55:32 - [TEST_STEP][PASSED] - setText(findTestObject("Page_PSTO webMessenger - Zalogowano/input_Leszek Kowalski_messageInput"), "e"): Text 'e' is set on object 'Object Repository/Page_PSTO webMessenger - Zalogowano/input_Leszek Kowalski_messageInput'

2021-12-21 19:55:37 - [MESSAGE][PASSED] - Text 'e' is set on object 'Object Repository/Page_PSTO webMessenger - Zalogowano/input_Leszek Kowalski_messageInput'

2021-12-21 19:55:37 - [TEST_STEP][PASSED] - click(findTestObject("Page_PSTO webMessenger - Zalogowano/img_Leszek Kowalski_sendButton")): Object: 'Object Repository/Page_PSTO webMessenger - Zalogowano/img_Leszek Kowalski_sendButton' is clicked on

2021-12-21 19:55:39 - [MESSAGE][PASSED] - Object: 'Object Repository/Page_PSTO webMessenger - Zalogowano/img_Leszek Kowalski_sendButton' is clicked on

2021-12-21 19:55:39 - [TEST_STEP][PASSED] - setText(findTestObject("Page_PSTO webMessenger - Zalogowano/input_Leszek Kowalski_messageInput"), "e"): Text 'e' is set on object 'Object Repository/Page_PSTO webMessenger - Zalogowano/input_Leszek Kowalski_messageInput'

2021-12-21 19:55:43 - [MESSAGE][PASSED] - Text 'e' is set on object 'Object Repository/Page_PSTO webMessenger - Zalogowano/input_Leszek Kowalski_messageInput'

2021-12-21 19:55:43 - [TEST_STEP][PASSED] - click(findTestObject("Page_PSTO webMessenger - Zalogowano/img_Leszek Kowalski_sendButton")): Object: 'Object Repository/Page_PSTO webMessenger - Zalogowano/img_Leszek Kowalski_sendButton' is clicked on

2021-12-21 19:55:46 - [MESSAGE][PASSED] - Object: 'Object Repository/Page_PSTO webMessenger - Zalogowano/img_Leszek Kowalski_sendButton' is clicked on

2021-12-21 19:55:46 - [TEST_STEP][PASSED] - setText(findTestObject("Page_PSTO webMessenger - Zalogowano/input_Leszek Kowalski_messageInput"), "e"): Text 'e' is set on object 'Object Repository/Page_PSTO webMessenger - Zalogowano/input_Leszek Kowalski_messageInput'

2021-12-21 19:55:50 - [MESSAGE][PASSED] - Text 'e' is set on object 'Object Repository/Page_PSTO webMessenger - Zalogowano/input_Leszek Kowalski_messageInput'

2021-12-21 19:55:50 - [TEST_STEP][PASSED] - click(findTestObject("Page_PSTO webMessenger - Zalogowano/img_Leszek Kowalski_sendButton")): Object: 'Object Repository/Page_PSTO webMessenger - Zalogowano/img_Leszek Kowalski_sendButton' is clicked on

2021-12-21 19:55:52 - [MESSAGE][PASSED] - Object: 'Object Repository/Page_PSTO webMessenger - Zalogowano/img_Leszek Kowalski_sendButton' is clicked on

2021-12-21 19:55:52 - [TEST_STEP][PASSED] - setText(findTestObject("Page_PSTO webMessenger - Zalogowano/input_Leszek Kowalski_messageInput"), "e"): Text 'e' is set on object 'Object Repository/Page_PSTO webMessenger - Zalogowano/input_Leszek Kowalski_messageInput'

2021-12-21 19:55:56 - [MESSAGE][PASSED] - Text 'e' is set on object 'Object Repository/Page_PSTO webMessenger - Zalogowano/input_Leszek Kowalski_messageInput'

2021-12-21 19:55:56 - [TEST_STEP][PASSED] - click(findTestObject("Page_PSTO webMessenger - Zalogowano/img_Leszek Kowalski_sendButton")): Object: 'Object Repository/Page_PSTO webMessenger - Zalogowano/img_Leszek Kowalski_sendButton' is clicked on

2021-12-21 19:56:00 - [MESSAGE][PASSED] - Object: 'Object Repository/Page_PSTO webMessenger - Zalogowano/img_Leszek Kowalski_sendButton' is clicked on

2021-12-21 19:56:00 - [TEST_STEP][PASSED] - setText(findTestObject("Page_PSTO webMessenger - Zalogowano/input_Leszek Kowalski_messageInput"), "e"): Text 'e' is set on object 'Object Repository/Page_PSTO webMessenger - Zalogowano/input_Leszek Kowalski_messageInput'

2021-12-21 19:56:04 - [MESSAGE][PASSED] - Text 'e' is set on object 'Object Repository/Page_PSTO webMessenger - Zalogowano/input_Leszek Kowalski_messageInput'

2021-12-21 19:56:04 - [TEST_STEP][PASSED] - click(findTestObject("Page_PSTO webMessenger - Zalogowano/img_Leszek Kowalski_sendButton")): Object: 'Object Repository/Page_PSTO webMessenger - Zalogowano/img_Leszek Kowalski_sendButton' is clicked on

2021-12-21 19:56:06 - [MESSAGE][PASSED] - Object: 'Object Repository/Page_PSTO webMessenger - Zalogowano/img_Leszek Kowalski_sendButton' is clicked on

2021-12-21 19:56:06 - [TEST_STEP][PASSED] - setText(findTestObject("Page_PSTO webMessenger - Zalogowano/input_Leszek Kowalski_messageInput"), "e"): Text 'e' is set on object 'Object Repository/Page_PSTO webMessenger - Zalogowano/input_Leszek Kowalski_messageInput'

2021-12-21 19:56:10 - [MESSAGE][PASSED] - Text 'e' is set on object 'Object Repository/Page_PSTO webMessenger - Zalogowano/input_Leszek Kowalski_messageInput'

2021-12-21 19:56:10 - [TEST_STEP][PASSED] - click(findTestObject("Page_PSTO webMessenger - Zalogowano/img_Leszek Kowalski_sendButton")): Object: 'Object Repository/Page_PSTO webMessenger - Zalogowano/img_Leszek Kowalski_sendButton' is clicked on

2021-12-21 19:56:12 - [MESSAGE][PASSED] - Object: 'Object Repository/Page_PSTO webMessenger - Zalogowano/img_Leszek Kowalski_sendButton' is clicked on

2021-12-21 19:56:12 - [TEST_STEP][PASSED] - setText(findTestObject("Page_PSTO webMessenger - Zalogowano/input_Leszek Kowalski_messageInput"), "e"): Text 'e' is set on object 'Object Repository/Page_PSTO webMessenger - Zalogowano/input_Leszek Kowalski_messageInput'

2021-12-21 19:56:16 - [MESSAGE][PASSED] - Text 'e' is set on object 'Object Repository/Page_PSTO webMessenger - Zalogowano/input_Leszek Kowalski_messageInput'

2021-12-21 19:56:16 - [TEST_STEP][PASSED] - click(findTestObject("Page_PSTO webMessenger - Zalogowano/img_Leszek Kowalski_sendButton")): Object: 'Object Repository/Page_PSTO webMessenger - Zalogowano/img_Leszek Kowalski_sendButton' is clicked on

2021-12-21 19:56:18 - [MESSAGE][PASSED] - Object: 'Object Repository/Page_PSTO webMessenger - Zalogowano/img_Leszek Kowalski_sendButton' is clicked on

2021-12-21 19:56:18 - [TEST_STEP][PASSED] - setText(findTestObject("Page_PSTO webMessenger - Zalogowano/input_Leszek Kowalski_messageInput"), "e"): Text 'e' is set on object 'Object Repository/Page_PSTO webMessenger - Zalogowano/input_Leszek Kowalski_messageInput'

2021-12-21 19:56:22 - [MESSAGE][PASSED] - Text 'e' is set on object 'Object Repository/Page_PSTO webMessenger - Zalogowano/input_Leszek Kowalski_messageInput'

2021-12-21 19:56:22 - [TEST_STEP][PASSED] - click(findTestObject("Page_PSTO webMessenger - Zalogowano/img_Leszek Kowalski_sendButton")): Object: 'Object Repository/Page_PSTO webMessenger - Zalogowano/img_Leszek Kowalski_sendButton' is clicked on

2021-12-21 19:56:24 - [MESSAGE][PASSED] - Object: 'Object Repository/Page_PSTO webMessenger - Zalogowano/img_Leszek Kowalski_sendButton' is clicked on

2021-12-21 19:56:24 - [TEST_STEP][PASSED] - setText(findTestObject("Page_PSTO webMessenger - Zalogowano/input_Leszek Kowalski_messageInput"), "e"): Text 'e' is set on object 'Object Repository/Page_PSTO webMessenger - Zalogowano/input_Leszek Kowalski_messageInput'

2021-12-21 19:56:28 - [MESSAGE][PASSED] - Text 'e' is set on object 'Object Repository/Page_PSTO webMessenger - Zalogowano/input_Leszek Kowalski_messageInput'

2021-12-21 19:56:28 - [TEST_STEP][PASSED] - click(findTestObject("Page_PSTO webMessenger - Zalogowano/img_Leszek Kowalski_sendButton")): Object: 'Object Repository/Page_PSTO webMessenger - Zalogowano/img_Leszek Kowalski_sendButton' is clicked on

2021-12-21 19:56:30 - [MESSAGE][PASSED] - Object: 'Object Repository/Page_PSTO webMessenger - Zalogowano/img_Leszek Kowalski_sendButton' is clicked on

2021-12-21 19:56:30 - [TEST_STEP][PASSED] - setText(findTestObject("Page_PSTO webMessenger - Zalogowano/input_Leszek Kowalski_messageInput"), "e"): Text 'e' is set on object 'Object Repository/Page_PSTO webMessenger - Zalogowano/input_Leszek Kowalski_messageInput'

2021-12-21 19:56:34 - [MESSAGE][PASSED] - Text 'e' is set on object 'Object Repository/Page_PSTO webMessenger - Zalogowano/input_Leszek Kowalski_messageInput'

2021-12-21 19:56:34 - [TEST_STEP][PASSED] - click(findTestObject("Page_PSTO webMessenger - Zalogowano/img_Leszek Kowalski_sendButton")): Object: 'Object Repository/Page_PSTO webMessenger - Zalogowano/img_Leszek Kowalski_sendButton' is clicked on

2021-12-21 19:56:36 - [MESSAGE][PASSED] - Object: 'Object Repository/Page_PSTO webMessenger - Zalogowano/img_Leszek Kowalski_sendButton' is clicked on

2021-12-21 19:56:36 - [TEST_STEP][PASSED] - setText(findTestObject("Page_PSTO webMessenger - Zalogowano/input_Leszek Kowalski_messageInput"), "e"): Text 'e' is set on object 'Object Repository/Page_PSTO webMessenger - Zalogowano/input_Leszek Kowalski_messageInput'

2021-12-21 19:56:40 - [MESSAGE][PASSED] - Text 'e' is set on object 'Object Repository/Page_PSTO webMessenger - Zalogowano/input_Leszek Kowalski_messageInput'

2021-12-21 19:56:40 - [TEST_STEP][PASSED] - click(findTestObject("Page_PSTO webMessenger - Zalogowano/img_Leszek Kowalski_sendButton")): Object: 'Object Repository/Page_PSTO webMessenger - Zalogowano/img_Leszek Kowalski_sendButton' is clicked on

2021-12-21 19:56:43 - [MESSAGE][PASSED] - Object: 'Object Repository/Page_PSTO webMessenger - Zalogowano/img_Leszek Kowalski_sendButton' is clicked on

2021-12-21 19:56:43 - [TEST_STEP][PASSED] - setText(findTestObject("Page_PSTO webMessenger - Zalogowano/input_Leszek Kowalski_messageInput"), "e"): Text 'e' is set on object 'Object Repository/Page_PSTO webMessenger - Zalogowano/input_Leszek Kowalski_messageInput'

2021-12-21 19:56:47 - [MESSAGE][PASSED] - Text 'e' is set on object 'Object Repository/Page_PSTO webMessenger - Zalogowano/input_Leszek Kowalski_messageInput'

2021-12-21 19:56:47 - [TEST_STEP][PASSED] - click(findTestObject("Page_PSTO webMessenger - Zalogowano/img_Leszek Kowalski_sendButton")): Object: 'Object Repository/Page_PSTO webMessenger - Zalogowano/img_Leszek Kowalski_sendButton' is clicked on

2021-12-21 19:56:49 - [MESSAGE][PASSED] - Object: 'Object Repository/Page_PSTO webMessenger - Zalogowano/img_Leszek Kowalski_sendButton' is clicked on

2021-12-21 19:56:49 - [TEST_STEP][PASSED] - setText(findTestObject("Page_PSTO webMessenger - Zalogowano/input_Leszek Kowalski_messageInput"), "e"): Text 'e' is set on object 'Object Repository/Page_PSTO webMessenger - Zalogowano/input_Leszek Kowalski_messageInput'

2021-12-21 19:56:53 - [MESSAGE][PASSED] - Text 'e' is set on object 'Object Repository/Page_PSTO webMessenger - Zalogowano/input_Leszek Kowalski_messageInput'

2021-12-21 19:56:53 - [TEST_STEP][PASSED] - click(findTestObject("Page_PSTO webMessenger - Zalogowano/img_Leszek Kowalski_sendButton")): Object: 'Object Repository/Page_PSTO webMessenger - Zalogowano/img_Leszek Kowalski_sendButton' is clicked on

2021-12-21 19:56:55 - [MESSAGE][PASSED] - Object: 'Object Repository/Page_PSTO webMessenger - Zalogowano/img_Leszek Kowalski_sendButton' is clicked on

2021-12-21 19:56:55 - [TEST_STEP][PASSED] - setText(findTestObject("Page_PSTO webMessenger - Zalogowano/input_Leszek Kowalski_messageInput"), "e"): Text 'e' is set on object 'Object Repository/Page_PSTO webMessenger - Zalogowano/input_Leszek Kowalski_messageInput'

2021-12-21 19:56:59 - [MESSAGE][PASSED] - Text 'e' is set on object 'Object Repository/Page_PSTO webMessenger - Zalogowano/input_Leszek Kowalski_messageInput'

2021-12-21 19:56:59 - [TEST_STEP][PASSED] - click(findTestObject("Page_PSTO webMessenger - Zalogowano/img_Leszek Kowalski_sendButton")): Object: 'Object Repository/Page_PSTO webMessenger - Zalogowano/img_Leszek Kowalski_sendButton' is clicked on

2021-12-21 19:57:01 - [MESSAGE][PASSED] - Object: 'Object Repository/Page_PSTO webMessenger - Zalogowano/img_Leszek Kowalski_sendButton' is clicked on

2021-12-21 19:57:01 - [TEST_STEP][PASSED] - setText(findTestObject("Page_PSTO webMessenger - Zalogowano/input_Leszek Kowalski_messageInput"), "e"): Text 'e' is set on object 'Object Repository/Page_PSTO webMessenger - Zalogowano/input_Leszek Kowalski_messageInput'

2021-12-21 19:57:05 - [MESSAGE][PASSED] - Text 'e' is set on object 'Object Repository/Page_PSTO webMessenger - Zalogowano/input_Leszek Kowalski_messageInput'

2021-12-21 19:57:05 - [TEST_STEP][PASSED] - click(findTestObject("Page_PSTO webMessenger - Zalogowano/img_Leszek Kowalski_sendButton")): Object: 'Object Repository/Page_PSTO webMessenger - Zalogowano/img_Leszek Kowalski_sendButton' is clicked on

2021-12-21 19:57:08 - [MESSAGE][PASSED] - Object: 'Object Repository/Page_PSTO webMessenger - Zalogowano/img_Leszek Kowalski_sendButton' is clicked on

2021-12-21 19:57:08 - [TEST_STEP][PASSED] - setText(findTestObject("Page_PSTO webMessenger - Zalogowano/input_Leszek Kowalski_messageInput"), "e"): Text 'e' is set on object 'Object Repository/Page_PSTO webMessenger - Zalogowano/input_Leszek Kowalski_messageInput'

2021-12-21 19:57:12 - [MESSAGE][PASSED] - Text 'e' is set on object 'Object Repository/Page_PSTO webMessenger - Zalogowano/input_Leszek Kowalski_messageInput'

2021-12-21 19:57:12 - [TEST_STEP][PASSED] - click(findTestObject("Page_PSTO webMessenger - Zalogowano/img_Leszek Kowalski_sendButton")): Object: 'Object Repository/Page_PSTO webMessenger - Zalogowano/img_Leszek Kowalski_sendButton' is clicked on

2021-12-21 19:57:14 - [MESSAGE][PASSED] - Object: 'Object Repository/Page_PSTO webMessenger - Zalogowano/img_Leszek Kowalski_sendButton' is clicked on

2021-12-21 19:57:14 - [TEST_STEP][PASSED] - setText(findTestObject("Page_PSTO webMessenger - Zalogowano/input_Leszek Kowalski_messageInput"), "e"): Text 'e' is set on object 'Object Repository/Page_PSTO webMessenger - Zalogowano/input_Leszek Kowalski_messageInput'

2021-12-21 19:57:18 - [MESSAGE][PASSED] - Text 'e' is set on object 'Object Repository/Page_PSTO webMessenger - Zalogowano/input_Leszek Kowalski_messageInput'

2021-12-21 19:57:18 - [TEST_STEP][PASSED] - click(findTestObject("Page_PSTO webMessenger - Zalogowano/img_Leszek Kowalski_sendButton")): Object: 'Object Repository/Page_PSTO webMessenger - Zalogowano/img_Leszek Kowalski_sendButton' is clicked on

2021-12-21 19:57:20 - [MESSAGE][PASSED] - Object: 'Object Repository/Page_PSTO webMessenger - Zalogowano/img_Leszek Kowalski_sendButton' is clicked on

2021-12-21 19:57:20 - [TEST_STEP][PASSED] - setText(findTestObject("Page_PSTO webMessenger - Zalogowano/input_Leszek Kowalski_messageInput"), "e"): Text 'e' is set on object 'Object Repository/Page_PSTO webMessenger - Zalogowano/input_Leszek Kowalski_messageInput'

2021-12-21 19:57:24 - [MESSAGE][PASSED] - Text 'e' is set on object 'Object Repository/Page_PSTO webMessenger - Zalogowano/input_Leszek Kowalski_messageInput'

2021-12-21 19:57:24 - [TEST_STEP][PASSED] - click(findTestObject("Page_PSTO webMessenger - Zalogowano/img_Leszek Kowalski_sendButton")): Object: 'Object Repository/Page_PSTO webMessenger - Zalogowano/img_Leszek Kowalski_sendButton' is clicked on

2021-12-21 19:57:26 - [MESSAGE][PASSED] - Object: 'Object Repository/Page_PSTO webMessenger - Zalogowano/img_Leszek Kowalski_sendButton' is clicked on

2021-12-21 19:57:26 - [TEST_STEP][PASSED] - setText(findTestObject("Page_PSTO webMessenger - Zalogowano/input_Leszek Kowalski_messageInput"), "e"): Text 'e' is set on object 'Object Repository/Page_PSTO webMessenger - Zalogowano/input_Leszek Kowalski_messageInput'

2021-12-21 19:57:30 - [MESSAGE][PASSED] - Text 'e' is set on object 'Object Repository/Page_PSTO webMessenger - Zalogowano/input_Leszek Kowalski_messageInput'

2021-12-21 19:57:30 - [TEST_STEP][PASSED] - click(findTestObject("Page_PSTO webMessenger - Zalogowano/img_Leszek Kowalski_sendButton")): Object: 'Object Repository/Page_PSTO webMessenger - Zalogowano/img_Leszek Kowalski_sendButton' is clicked on

2021-12-21 19:57:32 - [MESSAGE][PASSED] - Object: 'Object Repository/Page_PSTO webMessenger - Zalogowano/img_Leszek Kowalski_sendButton' is clicked on

2021-12-21 19:57:32 - [TEST_STEP][PASSED] - setText(findTestObject("Page_PSTO webMessenger - Zalogowano/input_Leszek Kowalski_messageInput"), "e"): Text 'e' is set on object 'Object Repository/Page_PSTO webMessenger - Zalogowano/input_Leszek Kowalski_messageInput'

2021-12-21 19:57:36 - [MESSAGE][PASSED] - Text 'e' is set on object 'Object Repository/Page_PSTO webMessenger - Zalogowano/input_Leszek Kowalski_messageInput'

2021-12-21 19:57:36 - [TEST_STEP][PASSED] - click(findTestObject("Page_PSTO webMessenger - Zalogowano/img_Leszek Kowalski_sendButton")): Object: 'Object Repository/Page_PSTO webMessenger - Zalogowano/img_Leszek Kowalski_sendButton' is clicked on

2021-12-21 19:57:38 - [MESSAGE][PASSED] - Object: 'Object Repository/Page_PSTO webMessenger - Zalogowano/img_Leszek Kowalski_sendButton' is clicked on

2021-12-21 19:57:38 - [TEST_STEP][PASSED] - setText(findTestObject("Page_PSTO webMessenger - Zalogowano/input_Leszek Kowalski_messageInput"), "e"): Text 'e' is set on object 'Object Repository/Page_PSTO webMessenger - Zalogowano/input_Leszek Kowalski_messageInput'

2021-12-21 19:57:43 - [MESSAGE][PASSED] - Text 'e' is set on object 'Object Repository/Page_PSTO webMessenger - Zalogowano/input_Leszek Kowalski_messageInput'

2021-12-21 19:57:43 - [TEST_STEP][PASSED] - click(findTestObject("Page_PSTO webMessenger - Zalogowano/img_Leszek Kowalski_sendButton")): Object: 'Object Repository/Page_PSTO webMessenger - Zalogowano/img_Leszek Kowalski_sendButton' is clicked on

2021-12-21 19:57:45 - [MESSAGE][PASSED] - Object: 'Object Repository/Page_PSTO webMessenger - Zalogowano/img_Leszek Kowalski_sendButton' is clicked on

2021-12-21 19:57:45 - [TEST_STEP][PASSED] - setText(findTestObject("Page_PSTO webMessenger - Zalogowano/input_Leszek Kowalski_messageInput"), "e"): Text 'e' is set on object 'Object Repository/Page_PSTO webMessenger - Zalogowano/input_Leszek Kowalski_messageInput'

2021-12-21 19:57:49 - [MESSAGE][PASSED] - Text 'e' is set on object 'Object Repository/Page_PSTO webMessenger - Zalogowano/input_Leszek Kowalski_messageInput'

2021-12-21 19:57:49 - [TEST_STEP][PASSED] - click(findTestObject("Page_PSTO webMessenger - Zalogowano/img_Leszek Kowalski_sendButton")): Object: 'Object Repository/Page_PSTO webMessenger - Zalogowano/img_Leszek Kowalski_sendButton' is clicked on

2021-12-21 19:57:51 - [MESSAGE][PASSED] - Object: 'Object Repository/Page_PSTO webMessenger - Zalogowano/img_Leszek Kowalski_sendButton' is clicked on

2021-12-21 19:57:51 - [TEST_STEP][PASSED] - setText(findTestObject("Page_PSTO webMessenger - Zalogowano/input_Leszek Kowalski_messageInput"), "e"): Text 'e' is set on object 'Object Repository/Page_PSTO webMessenger - Zalogowano/input_Leszek Kowalski_messageInput'

2021-12-21 19:57:56 - [MESSAGE][PASSED] - Text 'e' is set on object 'Object Repository/Page_PSTO webMessenger - Zalogowano/input_Leszek Kowalski_messageInput'

2021-12-21 19:57:56 - [TEST_STEP][PASSED] - click(findTestObject("Page_PSTO webMessenger - Zalogowano/img_Leszek Kowalski_sendButton")): Object: 'Object Repository/Page_PSTO webMessenger - Zalogowano/img_Leszek Kowalski_sendButton' is clicked on

2021-12-21 19:57:58 - [MESSAGE][PASSED] - Object: 'Object Repository/Page_PSTO webMessenger - Zalogowano/img_Leszek Kowalski_sendButton' is clicked on

2021-12-21 19:57:58 - [TEST_STEP][PASSED] - setText(findTestObject("Page_PSTO webMessenger - Zalogowano/input_Leszek Kowalski_messageInput"), "e"): Text 'e' is set on object 'Object Repository/Page_PSTO webMessenger - Zalogowano/input_Leszek Kowalski_messageInput'

2021-12-21 19:58:02 - [MESSAGE][PASSED] - Text 'e' is set on object 'Object Repository/Page_PSTO webMessenger - Zalogowano/input_Leszek Kowalski_messageInput'

2021-12-21 19:58:02 - [TEST_STEP][PASSED] - click(findTestObject("Page_PSTO webMessenger - Zalogowano/img_Leszek Kowalski_sendButton")): Object: 'Object Repository/Page_PSTO webMessenger - Zalogowano/img_Leszek Kowalski_sendButton' is clicked on

2021-12-21 19:58:04 - [MESSAGE][PASSED] - Object: 'Object Repository/Page_PSTO webMessenger - Zalogowano/img_Leszek Kowalski_sendButton' is clicked on

2021-12-21 19:58:04 - [TEST_STEP][PASSED] - setText(findTestObject("Page_PSTO webMessenger - Zalogowano/input_Leszek Kowalski_messageInput"), "e"): Text 'e' is set on object 'Object Repository/Page_PSTO webMessenger - Zalogowano/input_Leszek Kowalski_messageInput'

2021-12-21 19:58:08 - [MESSAGE][PASSED] - Text 'e' is set on object 'Object Repository/Page_PSTO webMessenger - Zalogowano/input_Leszek Kowalski_messageInput'

2021-12-21 19:58:08 - [TEST_STEP][PASSED] - click(findTestObject("Page_PSTO webMessenger - Zalogowano/img_Leszek Kowalski_sendButton")): Object: 'Object Repository/Page_PSTO webMessenger - Zalogowano/img_Leszek Kowalski_sendButton' is clicked on

2021-12-21 19:58:10 - [MESSAGE][PASSED] - Object: 'Object Repository/Page_PSTO webMessenger - Zalogowano/img_Leszek Kowalski_sendButton' is clicked on

2021-12-21 19:58:10 - [TEST_STEP][PASSED] - setText(findTestObject("Page_PSTO webMessenger - Zalogowano/input_Leszek Kowalski_messageInput"), "e"): Text 'e' is set on object 'Object Repository/Page_PSTO webMessenger - Zalogowano/input_Leszek Kowalski_messageInput'

2021-12-21 19:58:14 - [MESSAGE][PASSED] - Text 'e' is set on object 'Object Repository/Page_PSTO webMessenger - Zalogowano/input_Leszek Kowalski_messageInput'

2021-12-21 19:58:14 - [TEST_STEP][PASSED] - click(findTestObject("Page_PSTO webMessenger - Zalogowano/img_Leszek Kowalski_sendButton")): Object: 'Object Repository/Page_PSTO webMessenger - Zalogowano/img_Leszek Kowalski_sendButton' is clicked on

2021-12-21 19:58:18 - [MESSAGE][PASSED] - Object: 'Object Repository/Page_PSTO webMessenger - Zalogowano/img_Leszek Kowalski_sendButton' is clicked on

2021-12-21 19:58:18 - [TEST_STEP][PASSED] - setText(findTestObject("Page_PSTO webMessenger - Zalogowano/input_Leszek Kowalski_messageInput"), "e"): Text 'e' is set on object 'Object Repository/Page_PSTO webMessenger - Zalogowano/input_Leszek Kowalski_messageInput'

2021-12-21 19:58:22 - [MESSAGE][PASSED] - Text 'e' is set on object 'Object Repository/Page_PSTO webMessenger - Zalogowano/input_Leszek Kowalski_messageInput'

2021-12-21 19:58:22 - [TEST_STEP][PASSED] - click(findTestObject("Page_PSTO webMessenger - Zalogowano/img_Leszek Kowalski_sendButton")): Object: 'Object Repository/Page_PSTO webMessenger - Zalogowano/img_Leszek Kowalski_sendButton' is clicked on

2021-12-21 19:58:25 - [MESSAGE][PASSED] - Object: 'Object Repository/Page_PSTO webMessenger - Zalogowano/img_Leszek Kowalski_sendButton' is clicked on

2021-12-21 19:58:25 - [TEST_STEP][PASSED] - setText(findTestObject("Page_PSTO webMessenger - Zalogowano/input_Leszek Kowalski_messageInput"), "e"): Text 'e' is set on object 'Object Repository/Page_PSTO webMessenger - Zalogowano/input_Leszek Kowalski_messageInput'

2021-12-21 19:58:29 - [MESSAGE][PASSED] - Text 'e' is set on object 'Object Repository/Page_PSTO webMessenger - Zalogowano/input_Leszek Kowalski_messageInput'

2021-12-21 19:58:29 - [TEST_STEP][PASSED] - click(findTestObject("Page_PSTO webMessenger - Zalogowano/img_Leszek Kowalski_sendButton")): Object: 'Object Repository/Page_PSTO webMessenger - Zalogowano/img_Leszek Kowalski_sendButton' is clicked on

2021-12-21 19:58:31 - [MESSAGE][PASSED] - Object: 'Object Repository/Page_PSTO webMessenger - Zalogowano/img_Leszek Kowalski_sendButton' is clicked on

2021-12-21 19:58:31 - [TEST_STEP][PASSED] - setText(findTestObject("Page_PSTO webMessenger - Zalogowano/input_Leszek Kowalski_messageInput"), "e"): Text 'e' is set on object 'Object Repository/Page_PSTO webMessenger - Zalogowano/input_Leszek Kowalski_messageInput'

2021-12-21 19:58:35 - [MESSAGE][PASSED] - Text 'e' is set on object 'Object Repository/Page_PSTO webMessenger - Zalogowano/input_Leszek Kowalski_messageInput'

2021-12-21 19:58:35 - [TEST_STEP][PASSED] - click(findTestObject("Page_PSTO webMessenger - Zalogowano/img_Leszek Kowalski_sendButton")): Object: 'Object Repository/Page_PSTO webMessenger - Zalogowano/img_Leszek Kowalski_sendButton' is clicked on

2021-12-21 19:58:37 - [MESSAGE][PASSED] - Object: 'Object Repository/Page_PSTO webMessenger - Zalogowano/img_Leszek Kowalski_sendButton' is clicked on

2021-12-21 19:58:37 - [TEST_STEP][PASSED] - setText(findTestObject("Page_PSTO webMessenger - Zalogowano/input_Leszek Kowalski_messageInput"), "e"): Text 'e' is set on object 'Object Repository/Page_PSTO webMessenger - Zalogowano/input_Leszek Kowalski_messageInput'

2021-12-21 19:58:41 - [MESSAGE][PASSED] - Text 'e' is set on object 'Object Repository/Page_PSTO webMessenger - Zalogowano/input_Leszek Kowalski_messageInput'

2021-12-21 19:58:41 - [TEST_STEP][PASSED] - click(findTestObject("Page_PSTO webMessenger - Zalogowano/img_Leszek Kowalski_sendButton")): Object: 'Object Repository/Page_PSTO webMessenger - Zalogowano/img_Leszek Kowalski_sendButton' is clicked on

2021-12-21 19:58:43 - [MESSAGE][PASSED] - Object: 'Object Repository/Page_PSTO webMessenger - Zalogowano/img_Leszek Kowalski_sendButton' is clicked on

2021-12-21 19:58:43 - [TEST_STEP][PASSED] - setText(findTestObject("Page_PSTO webMessenger - Zalogowano/input_Leszek Kowalski_messageInput"), "e"): Text 'e' is set on object 'Object Repository/Page_PSTO webMessenger - Zalogowano/input_Leszek Kowalski_messageInput'

2021-12-21 19:58:47 - [MESSAGE][PASSED] - Text 'e' is set on object 'Object Repository/Page_PSTO webMessenger - Zalogowano/input_Leszek Kowalski_messageInput'

2021-12-21 19:58:47 - [TEST_STEP][PASSED] - click(findTestObject("Page_PSTO webMessenger - Zalogowano/img_Leszek Kowalski_sendButton")): Object: 'Object Repository/Page_PSTO webMessenger - Zalogowano/img_Leszek Kowalski_sendButton' is clicked on

2021-12-21 19:58:49 - [MESSAGE][PASSED] - Object: 'Object Repository/Page_PSTO webMessenger - Zalogowano/img_Leszek Kowalski_sendButton' is clicked on

2021-12-21 19:58:49 - [TEST_STEP][PASSED] - setText(findTestObject("Page_PSTO webMessenger - Zalogowano/input_Leszek Kowalski_messageInput"), "e"): Text 'e' is set on object 'Object Repository/Page_PSTO webMessenger - Zalogowano/input_Leszek Kowalski_messageInput'

2021-12-21 19:58:53 - [MESSAGE][PASSED] - Text 'e' is set on object 'Object Repository/Page_PSTO webMessenger - Zalogowano/input_Leszek Kowalski_messageInput'

2021-12-21 19:58:53 - [TEST_STEP][PASSED] - click(findTestObject("Page_PSTO webMessenger - Zalogowano/img_Leszek Kowalski_sendButton")): Object: 'Object Repository/Page_PSTO webMessenger - Zalogowano/img_Leszek Kowalski_sendButton' is clicked on

2021-12-21 19:58:55 - [MESSAGE][PASSED] - Object: 'Object Repository/Page_PSTO webMessenger - Zalogowano/img_Leszek Kowalski_sendButton' is clicked on

2021-12-21 19:58:55 - [TEST_STEP][PASSED] - setText(findTestObject("Page_PSTO webMessenger - Zalogowano/input_Leszek Kowalski_messageInput"), "e"): Text 'e' is set on object 'Object Repository/Page_PSTO webMessenger - Zalogowano/input_Leszek Kowalski_messageInput'

2021-12-21 19:58:59 - [MESSAGE][PASSED] - Text 'e' is set on object 'Object Repository/Page_PSTO webMessenger - Zalogowano/input_Leszek Kowalski_messageInput'

2021-12-21 19:58:59 - [TEST_STEP][PASSED] - click(findTestObject("Page_PSTO webMessenger - Zalogowano/img_Leszek Kowalski_sendButton")): Object: 'Object Repository/Page_PSTO webMessenger - Zalogowano/img_Leszek Kowalski_sendButton' is clicked on

2021-12-21 19:59:01 - [MESSAGE][PASSED] - Object: 'Object Repository/Page_PSTO webMessenger - Zalogowano/img_Leszek Kowalski_sendButton' is clicked on

2021-12-21 19:59:01 - [TEST_STEP][PASSED] - setText(findTestObject("Page_PSTO webMessenger - Zalogowano/input_Leszek Kowalski_messageInput"), "e"): Text 'e' is set on object 'Object Repository/Page_PSTO webMessenger - Zalogowano/input_Leszek Kowalski_messageInput'

2021-12-21 19:59:06 - [MESSAGE][PASSED] - Text 'e' is set on object 'Object Repository/Page_PSTO webMessenger - Zalogowano/input_Leszek Kowalski_messageInput'

2021-12-21 19:59:06 - [TEST_STEP][PASSED] - click(findTestObject("Page_PSTO webMessenger - Zalogowano/img_Leszek Kowalski_sendButton")): Object: 'Object Repository/Page_PSTO webMessenger - Zalogowano/img_Leszek Kowalski_sendButton' is clicked on

2021-12-21 19:59:08 - [MESSAGE][PASSED] - Object: 'Object Repository/Page_PSTO webMessenger - Zalogowano/img_Leszek Kowalski_sendButton' is clicked on

2021-12-21 19:59:08 - [TEST_STEP][PASSED] - setText(findTestObject("Page_PSTO webMessenger - Zalogowano/input_Leszek Kowalski_messageInput"), "e"): Text 'e' is set on object 'Object Repository/Page_PSTO webMessenger - Zalogowano/input_Leszek Kowalski_messageInput'

2021-12-21 19:59:12 - [MESSAGE][PASSED] - Text 'e' is set on object 'Object Repository/Page_PSTO webMessenger - Zalogowano/input_Leszek Kowalski_messageInput'

2021-12-21 19:59:12 - [TEST_STEP][PASSED] - click(findTestObject("Page_PSTO webMessenger - Zalogowano/img_Leszek Kowalski_sendButton")): Object: 'Object Repository/Page_PSTO webMessenger - Zalogowano/img_Leszek Kowalski_sendButton' is clicked on

2021-12-21 19:59:14 - [MESSAGE][PASSED] - Object: 'Object Repository/Page_PSTO webMessenger - Zalogowano/img_Leszek Kowalski_sendButton' is clicked on

2021-12-21 19:59:14 - [TEST_STEP][PASSED] - setText(findTestObject("Page_PSTO webMessenger - Zalogowano/input_Leszek Kowalski_messageInput"), "e"): Text 'e' is set on object 'Object Repository/Page_PSTO webMessenger - Zalogowano/input_Leszek Kowalski_messageInput'

2021-12-21 19:59:18 - [MESSAGE][PASSED] - Text 'e' is set on object 'Object Repository/Page_PSTO webMessenger - Zalogowano/input_Leszek Kowalski_messageInput'

2021-12-21 19:59:18 - [TEST_STEP][PASSED] - click(findTestObject("Page_PSTO webMessenger - Zalogowano/img_Leszek Kowalski_sendButton")): Object: 'Object Repository/Page_PSTO webMessenger - Zalogowano/img_Leszek Kowalski_sendButton' is clicked on

2021-12-21 19:59:20 - [MESSAGE][PASSED] - Object: 'Object Repository/Page_PSTO webMessenger - Zalogowano/img_Leszek Kowalski_sendButton' is clicked on

2021-12-21 19:59:20 - [TEST_STEP][PASSED] - setText(findTestObject("Page_PSTO webMessenger - Zalogowano/input_Leszek Kowalski_messageInput"), "e"): Text 'e' is set on object 'Object Repository/Page_PSTO webMessenger - Zalogowano/input_Leszek Kowalski_messageInput'

2021-12-21 19:59:24 - [MESSAGE][PASSED] - Text 'e' is set on object 'Object Repository/Page_PSTO webMessenger - Zalogowano/input_Leszek Kowalski_messageInput'

2021-12-21 19:59:24 - [TEST_STEP][PASSED] - click(findTestObject("Page_PSTO webMessenger - Zalogowano/img_Leszek Kowalski_sendButton")): Object: 'Object Repository/Page_PSTO webMessenger - Zalogowano/img_Leszek Kowalski_sendButton' is clicked on

2021-12-21 19:59:26 - [MESSAGE][PASSED] - Object: 'Object Repository/Page_PSTO webMessenger - Zalogowano/img_Leszek Kowalski_sendButton' is clicked on

2021-12-21 19:59:26 - [TEST_STEP][PASSED] - setText(findTestObject("Page_PSTO webMessenger - Zalogowano/input_Leszek Kowalski_messageInput"), "e"): Text 'e' is set on object 'Object Repository/Page_PSTO webMessenger - Zalogowano/input_Leszek Kowalski_messageInput'

2021-12-21 19:59:30 - [MESSAGE][PASSED] - Text 'e' is set on object 'Object Repository/Page_PSTO webMessenger - Zalogowano/input_Leszek Kowalski_messageInput'

2021-12-21 19:59:30 - [TEST_STEP][PASSED] - click(findTestObject("Page_PSTO webMessenger - Zalogowano/img_Leszek Kowalski_sendButton")): Object: 'Object Repository/Page_PSTO webMessenger - Zalogowano/img_Leszek Kowalski_sendButton' is clicked on

2021-12-21 19:59:32 - [MESSAGE][PASSED] - Object: 'Object Repository/Page_PSTO webMessenger - Zalogowano/img_Leszek Kowalski_sendButton' is clicked on

2021-12-21 19:59:32 - [TEST_STEP][PASSED] - setText(findTestObject("Page_PSTO webMessenger - Zalogowano/input_Leszek Kowalski_messageInput"), "e"): Text 'e' is set on object 'Object Repository/Page_PSTO webMessenger - Zalogowano/input_Leszek Kowalski_messageInput'

2021-12-21 19:59:36 - [MESSAGE][PASSED] - Text 'e' is set on object 'Object Repository/Page_PSTO webMessenger - Zalogowano/input_Leszek Kowalski_messageInput'

2021-12-21 19:59:36 - [TEST_STEP][PASSED] - click(findTestObject("Page_PSTO webMessenger - Zalogowano/img_Leszek Kowalski_sendButton")): Object: 'Object Repository/Page_PSTO webMessenger - Zalogowano/img_Leszek Kowalski_sendButton' is clicked on

2021-12-21 19:59:38 - [MESSAGE][PASSED] - Object: 'Object Repository/Page_PSTO webMessenger - Zalogowano/img_Leszek Kowalski_sendButton' is clicked on

2021-12-21 19:59:38 - [TEST_STEP][PASSED] - setText(findTestObject("Page_PSTO webMessenger - Zalogowano/input_Leszek Kowalski_messageInput"), "e"): Text 'e' is set on object 'Object Repository/Page_PSTO webMessenger - Zalogowano/input_Leszek Kowalski_messageInput'

2021-12-21 19:59:42 - [MESSAGE][PASSED] - Text 'e' is set on object 'Object Repository/Page_PSTO webMessenger - Zalogowano/input_Leszek Kowalski_messageInput'

2021-12-21 19:59:42 - [TEST_STEP][PASSED] - click(findTestObject("Page_PSTO webMessenger - Zalogowano/img_Leszek Kowalski_sendButton")): Object: 'Object Repository/Page_PSTO webMessenger - Zalogowano/img_Leszek Kowalski_sendButton' is clicked on

2021-12-21 19:59:44 - [MESSAGE][PASSED] - Object: 'Object Repository/Page_PSTO webMessenger - Zalogowano/img_Leszek Kowalski_sendButton' is clicked on

2021-12-21 19:59:44 - [TEST_STEP][PASSED] - setText(findTestObject("Page_PSTO webMessenger - Zalogowano/input_Leszek Kowalski_messageInput"), "e"): Text 'e' is set on object 'Object Repository/Page_PSTO webMessenger - Zalogowano/input_Leszek Kowalski_messageInput'

2021-12-21 19:59:48 - [MESSAGE][PASSED] - Text 'e' is set on object 'Object Repository/Page_PSTO webMessenger - Zalogowano/input_Leszek Kowalski_messageInput'

2021-12-21 19:59:48 - [TEST_STEP][PASSED] - click(findTestObject("Page_PSTO webMessenger - Zalogowano/img_Leszek Kowalski_sendButton")): Object: 'Object Repository/Page_PSTO webMessenger - Zalogowano/img_Leszek Kowalski_sendButton' is clicked on

2021-12-21 19:59:50 - [MESSAGE][PASSED] - Object: 'Object Repository/Page_PSTO webMessenger - Zalogowano/img_Leszek Kowalski_sendButton' is clicked on

2021-12-21 19:59:50 - [TEST_STEP][PASSED] - setText(findTestObject("Page_PSTO webMessenger - Zalogowano/input_Leszek Kowalski_messageInput"), "e"): Text 'e' is set on object 'Object Repository/Page_PSTO webMessenger - Zalogowano/input_Leszek Kowalski_messageInput'

2021-12-21 19:59:54 - [MESSAGE][PASSED] - Text 'e' is set on object 'Object Repository/Page_PSTO webMessenger - Zalogowano/input_Leszek Kowalski_messageInput'

2021-12-21 19:59:54 - [TEST_STEP][PASSED] - click(findTestObject("Page_PSTO webMessenger - Zalogowano/img_Leszek Kowalski_sendButton")): Object: 'Object Repository/Page_PSTO webMessenger - Zalogowano/img_Leszek Kowalski_sendButton' is clicked on

2021-12-21 19:59:56 - [MESSAGE][PASSED] - Object: 'Object Repository/Page_PSTO webMessenger - Zalogowano/img_Leszek Kowalski_sendButton' is clicked on

2021-12-21 19:59:56 - [TEST_STEP][PASSED] - setText(findTestObject("Page_PSTO webMessenger - Zalogowano/input_Leszek Kowalski_messageInput"), "e"): Text 'e' is set on object 'Object Repository/Page_PSTO webMessenger - Zalogowano/input_Leszek Kowalski_messageInput'

2021-12-21 20:00:00 - [MESSAGE][PASSED] - Text 'e' is set on object 'Object Repository/Page_PSTO webMessenger - Zalogowano/input_Leszek Kowalski_messageInput'

2021-12-21 20:00:00 - [TEST_STEP][PASSED] - click(findTestObject("Page_PSTO webMessenger - Zalogowano/img_Leszek Kowalski_sendButton")): Object: 'Object Repository/Page_PSTO webMessenger - Zalogowano/img_Leszek Kowalski_sendButton' is clicked on

2021-12-21 20:00:02 - [MESSAGE][PASSED] - Object: 'Object Repository/Page_PSTO webMessenger - Zalogowano/img_Leszek Kowalski_sendButton' is clicked on

2021-12-21 20:00:02 - [TEST_STEP][PASSED] - setText(findTestObject("Page_PSTO webMessenger - Zalogowano/input_Leszek Kowalski_messageInput"), "e"): Text 'e' is set on object 'Object Repository/Page_PSTO webMessenger - Zalogowano/input_Leszek Kowalski_messageInput'

2021-12-21 20:00:06 - [MESSAGE][PASSED] - Text 'e' is set on object 'Object Repository/Page_PSTO webMessenger - Zalogowano/input_Leszek Kowalski_messageInput'

2021-12-21 20:00:06 - [TEST_STEP][PASSED] - click(findTestObject("Page_PSTO webMessenger - Zalogowano/img_Leszek Kowalski_sendButton")): Object: 'Object Repository/Page_PSTO webMessenger - Zalogowano/img_Leszek Kowalski_sendButton' is clicked on

2021-12-21 20:00:08 - [MESSAGE][PASSED] - Object: 'Object Repository/Page_PSTO webMessenger - Zalogowano/img_Leszek Kowalski_sendButton' is clicked on

2021-12-21 20:00:08 - [TEST_STEP][PASSED] - setText(findTestObject("Page_PSTO webMessenger - Zalogowano/input_Leszek Kowalski_messageInput"), "e"): Text 'e' is set on object 'Object Repository/Page_PSTO webMessenger - Zalogowano/input_Leszek Kowalski_messageInput'

2021-12-21 20:00:12 - [MESSAGE][PASSED] - Text 'e' is set on object 'Object Repository/Page_PSTO webMessenger - Zalogowano/input_Leszek Kowalski_messageInput'

2021-12-21 20:00:12 - [TEST_STEP][PASSED] - click(findTestObject("Page_PSTO webMessenger - Zalogowano/img_Leszek Kowalski_sendButton")): Object: 'Object Repository/Page_PSTO webMessenger - Zalogowano/img_Leszek Kowalski_sendButton' is clicked on

2021-12-21 20:00:14 - [MESSAGE][PASSED] - Object: 'Object Repository/Page_PSTO webMessenger - Zalogowano/img_Leszek Kowalski_sendButton' is clicked on

2021-12-21 20:00:14 - [TEST_STEP][PASSED] - setText(findTestObject("Page_PSTO webMessenger - Zalogowano/input_Leszek Kowalski_messageInput"), "e"): Text 'e' is set on object 'Object Repository/Page_PSTO webMessenger - Zalogowano/input_Leszek Kowalski_messageInput'

2021-12-21 20:00:18 - [MESSAGE][PASSED] - Text 'e' is set on object 'Object Repository/Page_PSTO webMessenger - Zalogowano/input_Leszek Kowalski_messageInput'

2021-12-21 20:00:18 - [TEST_STEP][PASSED] - click(findTestObject("Page_PSTO webMessenger - Zalogowano/img_Leszek Kowalski_sendButton")): Object: 'Object Repository/Page_PSTO webMessenger - Zalogowano/img_Leszek Kowalski_sendButton' is clicked on

2021-12-21 20:00:20 - [MESSAGE][PASSED] - Object: 'Object Repository/Page_PSTO webMessenger - Zalogowano/img_Leszek Kowalski_sendButton' is clicked on

2021-12-21 20:00:20 - [TEST_STEP][PASSED] - setText(findTestObject("Page_PSTO webMessenger - Zalogowano/input_Leszek Kowalski_messageInput"), "e"): Text 'e' is set on object 'Object Repository/Page_PSTO webMessenger - Zalogowano/input_Leszek Kowalski_messageInput'

2021-12-21 20:00:24 - [MESSAGE][PASSED] - Text 'e' is set on object 'Object Repository/Page_PSTO webMessenger - Zalogowano/input_Leszek Kowalski_messageInput'

2021-12-21 20:00:24 - [TEST_STEP][PASSED] - click(findTestObject("Page_PSTO webMessenger - Zalogowano/img_Leszek Kowalski_sendButton")): Object: 'Object Repository/Page_PSTO webMessenger - Zalogowano/img_Leszek Kowalski_sendButton' is clicked on

2021-12-21 20:00:26 - [MESSAGE][PASSED] - Object: 'Object Repository/Page_PSTO webMessenger - Zalogowano/img_Leszek Kowalski_sendButton' is clicked on

2021-12-21 20:00:26 - [TEST_STEP][PASSED] - setText(findTestObject("Page_PSTO webMessenger - Zalogowano/input_Leszek Kowalski_messageInput"), "e"): Text 'e' is set on object 'Object Repository/Page_PSTO webMessenger - Zalogowano/input_Leszek Kowalski_messageInput'

2021-12-21 20:00:30 - [MESSAGE][PASSED] - Text 'e' is set on object 'Object Repository/Page_PSTO webMessenger - Zalogowano/input_Leszek Kowalski_messageInput'

2021-12-21 20:00:30 - [TEST_STEP][PASSED] - click(findTestObject("Page_PSTO webMessenger - Zalogowano/img_Leszek Kowalski_sendButton")): Object: 'Object Repository/Page_PSTO webMessenger - Zalogowano/img_Leszek Kowalski_sendButton' is clicked on

2021-12-21 20:00:32 - [MESSAGE][PASSED] - Object: 'Object Repository/Page_PSTO webMessenger - Zalogowano/img_Leszek Kowalski_sendButton' is clicked on

2021-12-21 20:00:32 - [TEST_STEP][PASSED] - setText(findTestObject("Page_PSTO webMessenger - Zalogowano/input_Leszek Kowalski_messageInput"), "e"): Text 'e' is set on object 'Object Repository/Page_PSTO webMessenger - Zalogowano/input_Leszek Kowalski_messageInput'

2021-12-21 20:00:36 - [MESSAGE][PASSED] - Text 'e' is set on object 'Object Repository/Page_PSTO webMessenger - Zalogowano/input_Leszek Kowalski_messageInput'

2021-12-21 20:00:36 - [TEST_STEP][PASSED] - click(findTestObject("Page_PSTO webMessenger - Zalogowano/img_Leszek Kowalski_sendButton")): Object: 'Object Repository/Page_PSTO webMessenger - Zalogowano/img_Leszek Kowalski_sendButton' is clicked on

2021-12-21 20:00:38 - [MESSAGE][PASSED] - Object: 'Object Repository/Page_PSTO webMessenger - Zalogowano/img_Leszek Kowalski_sendButton' is clicked on

2021-12-21 20:00:38 - [TEST_STEP][PASSED] - setText(findTestObject("Page_PSTO webMessenger - Zalogowano/input_Leszek Kowalski_messageInput"), "e"): Text 'e' is set on object 'Object Repository/Page_PSTO webMessenger - Zalogowano/input_Leszek Kowalski_messageInput'

2021-12-21 20:00:42 - [MESSAGE][PASSED] - Text 'e' is set on object 'Object Repository/Page_PSTO webMessenger - Zalogowano/input_Leszek Kowalski_messageInput'

2021-12-21 20:00:42 - [TEST_STEP][PASSED] - click(findTestObject("Page_PSTO webMessenger - Zalogowano/img_Leszek Kowalski_sendButton")): Object: 'Object Repository/Page_PSTO webMessenger - Zalogowano/img_Leszek Kowalski_sendButton' is clicked on

2021-12-21 20:00:44 - [MESSAGE][PASSED] - Object: 'Object Repository/Page_PSTO webMessenger - Zalogowano/img_Leszek Kowalski_sendButton' is clicked on

2021-12-21 20:00:44 - [TEST_STEP][PASSED] - setText(findTestObject("Page_PSTO webMessenger - Zalogowano/input_Leszek Kowalski_messageInput"), "e"): Text 'e' is set on object 'Object Repository/Page_PSTO webMessenger - Zalogowano/input_Leszek Kowalski_messageInput'

2021-12-21 20:00:48 - [MESSAGE][PASSED] - Text 'e' is set on object 'Object Repository/Page_PSTO webMessenger - Zalogowano/input_Leszek Kowalski_messageInput'

2021-12-21 20:00:48 - [TEST_STEP][PASSED] - click(findTestObject("Page_PSTO webMessenger - Zalogowano/img_Leszek Kowalski_sendButton")): Object: 'Object Repository/Page_PSTO webMessenger - Zalogowano/img_Leszek Kowalski_sendButton' is clicked on

2021-12-21 20:00:50 - [MESSAGE][PASSED] - Object: 'Object Repository/Page_PSTO webMessenger - Zalogowano/img_Leszek Kowalski_sendButton' is clicked on

2021-12-21 20:00:50 - [TEST_STEP][PASSED] - setText(findTestObject("Page_PSTO webMessenger - Zalogowano/input_Leszek Kowalski_messageInput"), "e"): Text 'e' is set on object 'Object Repository/Page_PSTO webMessenger - Zalogowano/input_Leszek Kowalski_messageInput'

2021-12-21 20:00:54 - [MESSAGE][PASSED] - Text 'e' is set on object 'Object Repository/Page_PSTO webMessenger - Zalogowano/input_Leszek Kowalski_messageInput'

2021-12-21 20:00:54 - [TEST_STEP][PASSED] - click(findTestObject("Page_PSTO webMessenger - Zalogowano/img_Leszek Kowalski_sendButton")): Object: 'Object Repository/Page_PSTO webMessenger - Zalogowano/img_Leszek Kowalski_sendButton' is clicked on

2021-12-21 20:00:56 - [MESSAGE][PASSED] - Object: 'Object Repository/Page_PSTO webMessenger - Zalogowano/img_Leszek Kowalski_sendButton' is clicked on

2021-12-21 20:00:56 - [TEST_STEP][PASSED] - setText(findTestObject("Page_PSTO webMessenger - Zalogowano/input_Leszek Kowalski_messageInput"), "e"): Text 'e' is set on object 'Object Repository/Page_PSTO webMessenger - Zalogowano/input_Leszek Kowalski_messageInput'

2021-12-21 20:01:01 - [MESSAGE][PASSED] - Text 'e' is set on object 'Object Repository/Page_PSTO webMessenger - Zalogowano/input_Leszek Kowalski_messageInput'

2021-12-21 20:01:01 - [TEST_STEP][PASSED] - click(findTestObject("Page_PSTO webMessenger - Zalogowano/img_Leszek Kowalski_sendButton")): Object: 'Object Repository/Page_PSTO webMessenger - Zalogowano/img_Leszek Kowalski_sendButton' is clicked on

2021-12-21 20:01:03 - [MESSAGE][PASSED] - Object: 'Object Repository/Page_PSTO webMessenger - Zalogowano/img_Leszek Kowalski_sendButton' is clicked on

2021-12-21 20:01:03 - [TEST_STEP][PASSED] - setText(findTestObject("Page_PSTO webMessenger - Zalogowano/input_Leszek Kowalski_messageInput"), "e"): Text 'e' is set on object 'Object Repository/Page_PSTO webMessenger - Zalogowano/input_Leszek Kowalski_messageInput'

2021-12-21 20:01:07 - [MESSAGE][PASSED] - Text 'e' is set on object 'Object Repository/Page_PSTO webMessenger - Zalogowano/input_Leszek Kowalski_messageInput'

2021-12-21 20:01:07 - [TEST_STEP][PASSED] - click(findTestObject("Page_PSTO webMessenger - Zalogowano/img_Leszek Kowalski_sendButton")): Object: 'Object Repository/Page_PSTO webMessenger - Zalogowano/img_Leszek Kowalski_sendButton' is clicked on

2021-12-21 20:01:09 - [MESSAGE][PASSED] - Object: 'Object Repository/Page_PSTO webMessenger - Zalogowano/img_Leszek Kowalski_sendButton' is clicked on

2021-12-21 20:01:09 - [TEST_STEP][PASSED] - setText(findTestObject("Page_PSTO webMessenger - Zalogowano/input_Leszek Kowalski_messageInput"), "e"): Text 'e' is set on object 'Object Repository/Page_PSTO webMessenger - Zalogowano/input_Leszek Kowalski_messageInput'

2021-12-21 20:01:13 - [MESSAGE][PASSED] - Text 'e' is set on object 'Object Repository/Page_PSTO webMessenger - Zalogowano/input_Leszek Kowalski_messageInput'

2021-12-21 20:01:13 - [TEST_STEP][PASSED] - click(findTestObject("Page_PSTO webMessenger - Zalogowano/img_Leszek Kowalski_sendButton")): Object: 'Object Repository/Page_PSTO webMessenger - Zalogowano/img_Leszek Kowalski_sendButton' is clicked on

2021-12-21 20:01:15 - [MESSAGE][PASSED] - Object: 'Object Repository/Page_PSTO webMessenger - Zalogowano/img_Leszek Kowalski_sendButton' is clicked on

2021-12-21 20:01:15 - [TEST_STEP][PASSED] - setText(findTestObject("Page_PSTO webMessenger - Zalogowano/input_Leszek Kowalski_messageInput"), "e"): Text 'e' is set on object 'Object Repository/Page_PSTO webMessenger - Zalogowano/input_Leszek Kowalski_messageInput'

2021-12-21 20:01:19 - [MESSAGE][PASSED] - Text 'e' is set on object 'Object Repository/Page_PSTO webMessenger - Zalogowano/input_Leszek Kowalski_messageInput'

2021-12-21 20:01:19 - [TEST_STEP][PASSED] - click(findTestObject("Page_PSTO webMessenger - Zalogowano/img_Leszek Kowalski_sendButton")): Object: 'Object Repository/Page_PSTO webMessenger - Zalogowano/img_Leszek Kowalski_sendButton' is clicked on

2021-12-21 20:01:21 - [MESSAGE][PASSED] - Object: 'Object Repository/Page_PSTO webMessenger - Zalogowano/img_Leszek Kowalski_sendButton' is clicked on

2021-12-21 20:01:21 - [TEST_STEP][PASSED] - setText(findTestObject("Page_PSTO webMessenger - Zalogowano/input_Leszek Kowalski_messageInput"), "e"): Text 'e' is set on object 'Object Repository/Page_PSTO webMessenger - Zalogowano/input_Leszek Kowalski_messageInput'

2021-12-21 20:01:25 - [MESSAGE][PASSED] - Text 'e' is set on object 'Object Repository/Page_PSTO webMessenger - Zalogowano/input_Leszek Kowalski_messageInput'

2021-12-21 20:01:25 - [TEST_STEP][PASSED] - click(findTestObject("Page_PSTO webMessenger - Zalogowano/img_Leszek Kowalski_sendButton")): Object: 'Object Repository/Page_PSTO webMessenger - Zalogowano/img_Leszek Kowalski_sendButton' is clicked on

2021-12-21 20:01:27 - [MESSAGE][PASSED] - Object: 'Object Repository/Page_PSTO webMessenger - Zalogowano/img_Leszek Kowalski_sendButton' is clicked on

2021-12-21 20:01:27 - [TEST_STEP][PASSED] - setText(findTestObject("Page_PSTO webMessenger - Zalogowano/input_Leszek Kowalski_messageInput"), "e"): Text 'e' is set on object 'Object Repository/Page_PSTO webMessenger - Zalogowano/input_Leszek Kowalski_messageInput'

2021-12-21 20:01:31 - [MESSAGE][PASSED] - Text 'e' is set on object 'Object Repository/Page_PSTO webMessenger - Zalogowano/input_Leszek Kowalski_messageInput'

2021-12-21 20:01:31 - [TEST_STEP][PASSED] - click(findTestObject("Page_PSTO webMessenger - Zalogowano/img_Leszek Kowalski_sendButton")): Object: 'Object Repository/Page_PSTO webMessenger - Zalogowano/img_Leszek Kowalski_sendButton' is clicked on

2021-12-21 20:01:33 - [MESSAGE][PASSED] - Object: 'Object Repository/Page_PSTO webMessenger - Zalogowano/img_Leszek Kowalski_sendButton' is clicked on

2021-12-21 20:01:33 - [TEST_STEP][PASSED] - setText(findTestObject("Page_PSTO webMessenger - Zalogowano/input_Leszek Kowalski_messageInput"), "e"): Text 'e' is set on object 'Object Repository/Page_PSTO webMessenger - Zalogowano/input_Leszek Kowalski_messageInput'

2021-12-21 20:01:37 - [MESSAGE][PASSED] - Text 'e' is set on object 'Object Repository/Page_PSTO webMessenger - Zalogowano/input_Leszek Kowalski_messageInput'

2021-12-21 20:01:37 - [TEST_STEP][PASSED] - click(findTestObject("Page_PSTO webMessenger - Zalogowano/img_Leszek Kowalski_sendButton")): Object: 'Object Repository/Page_PSTO webMessenger - Zalogowano/img_Leszek Kowalski_sendButton' is clicked on

2021-12-21 20:01:39 - [MESSAGE][PASSED] - Object: 'Object Repository/Page_PSTO webMessenger - Zalogowano/img_Leszek Kowalski_sendButton' is clicked on

2021-12-21 20:01:39 - [TEST_STEP][PASSED] - setText(findTestObject("Page_PSTO webMessenger - Zalogowano/input_Leszek Kowalski_messageInput"), "e"): Text 'e' is set on object 'Object Repository/Page_PSTO webMessenger - Zalogowano/input_Leszek Kowalski_messageInput'

2021-12-21 20:01:43 - [MESSAGE][PASSED] - Text 'e' is set on object 'Object Repository/Page_PSTO webMessenger - Zalogowano/input_Leszek Kowalski_messageInput'

2021-12-21 20:01:43 - [TEST_STEP][PASSED] - click(findTestObject("Page_PSTO webMessenger - Zalogowano/img_Leszek Kowalski_sendButton")): Object: 'Object Repository/Page_PSTO webMessenger - Zalogowano/img_Leszek Kowalski_sendButton' is clicked on

2021-12-21 20:01:45 - [MESSAGE][PASSED] - Object: 'Object Repository/Page_PSTO webMessenger - Zalogowano/img_Leszek Kowalski_sendButton' is clicked on

2021-12-21 20:01:45 - [TEST_STEP][PASSED] - setText(findTestObject("Page_PSTO webMessenger - Zalogowano/input_Leszek Kowalski_messageInput"), "e"): Text 'e' is set on object 'Object Repository/Page_PSTO webMessenger - Zalogowano/input_Leszek Kowalski_messageInput'

2021-12-21 20:01:49 - [MESSAGE][PASSED] - Text 'e' is set on object 'Object Repository/Page_PSTO webMessenger - Zalogowano/input_Leszek Kowalski_messageInput'

2021-12-21 20:01:49 - [TEST_STEP][PASSED] - click(findTestObject("Page_PSTO webMessenger - Zalogowano/img_Leszek Kowalski_sendButton")): Object: 'Object Repository/Page_PSTO webMessenger - Zalogowano/img_Leszek Kowalski_sendButton' is clicked on

2021-12-21 20:01:51 - [MESSAGE][PASSED] - Object: 'Object Repository/Page_PSTO webMessenger - Zalogowano/img_Leszek Kowalski_sendButton' is clicked on

2021-12-21 20:01:51 - [TEST_STEP][PASSED] - setText(findTestObject("Page_PSTO webMessenger - Zalogowano/input_Leszek Kowalski_messageInput"), "e"): Text 'e' is set on object 'Object Repository/Page_PSTO webMessenger - Zalogowano/input_Leszek Kowalski_messageInput'

2021-12-21 20:01:55 - [MESSAGE][PASSED] - Text 'e' is set on object 'Object Repository/Page_PSTO webMessenger - Zalogowano/input_Leszek Kowalski_messageInput'

2021-12-21 20:01:55 - [TEST_STEP][PASSED] - click(findTestObject("Page_PSTO webMessenger - Zalogowano/img_Leszek Kowalski_sendButton")): Object: 'Object Repository/Page_PSTO webMessenger - Zalogowano/img_Leszek Kowalski_sendButton' is clicked on

2021-12-21 20:01:57 - [MESSAGE][PASSED] - Object: 'Object Repository/Page_PSTO webMessenger - Zalogowano/img_Leszek Kowalski_sendButton' is clicked on

2021-12-21 20:01:57 - [TEST_STEP][PASSED] - setText(findTestObject("Page_PSTO webMessenger - Zalogowano/input_Leszek Kowalski_messageInput"), "e"): Text 'e' is set on object 'Object Repository/Page_PSTO webMessenger - Zalogowano/input_Leszek Kowalski_messageInput'

2021-12-21 20:02:02 - [MESSAGE][PASSED] - Text 'e' is set on object 'Object Repository/Page_PSTO webMessenger - Zalogowano/input_Leszek Kowalski_messageInput'

2021-12-21 20:02:02 - [TEST_STEP][PASSED] - click(findTestObject("Page_PSTO webMessenger - Zalogowano/img_Leszek Kowalski_sendButton")): Object: 'Object Repository/Page_PSTO webMessenger - Zalogowano/img_Leszek Kowalski_sendButton' is clicked on

2021-12-21 20:02:04 - [MESSAGE][PASSED] - Object: 'Object Repository/Page_PSTO webMessenger - Zalogowano/img_Leszek Kowalski_sendButton' is clicked on

2021-12-21 20:02:04 - [TEST_STEP][PASSED] - setText(findTestObject("Page_PSTO webMessenger - Zalogowano/input_Leszek Kowalski_messageInput"), "e"): Text 'e' is set on object 'Object Repository/Page_PSTO webMessenger - Zalogowano/input_Leszek Kowalski_messageInput'

2021-12-21 20:02:08 - [MESSAGE][PASSED] - Text 'e' is set on object 'Object Repository/Page_PSTO webMessenger - Zalogowano/input_Leszek Kowalski_messageInput'

2021-12-21 20:02:08 - [TEST_STEP][PASSED] - click(findTestObject("Page_PSTO webMessenger - Zalogowano/img_Leszek Kowalski_sendButton")): Object: 'Object Repository/Page_PSTO webMessenger - Zalogowano/img_Leszek Kowalski_sendButton' is clicked on

2021-12-21 20:02:10 - [MESSAGE][PASSED] - Object: 'Object Repository/Page_PSTO webMessenger - Zalogowano/img_Leszek Kowalski_sendButton' is clicked on

2021-12-21 20:02:10 - [TEST_STEP][PASSED] - setText(findTestObject("Page_PSTO webMessenger - Zalogowano/input_Leszek Kowalski_messageInput"), "e"): Text 'e' is set on object 'Object Repository/Page_PSTO webMessenger - Zalogowano/input_Leszek Kowalski_messageInput'

2021-12-21 20:02:12 - [MESSAGE][PASSED] - Text 'e' is set on object 'Object Repository/Page_PSTO webMessenger - Zalogowano/input_Leszek Kowalski_messageInput'

2021-12-21 20:02:12 - [TEST_STEP][PASSED] - click(findTestObject("Page_PSTO webMessenger - Zalogowano/img_Leszek Kowalski_sendButton")): Object: 'Object Repository/Page_PSTO webMessenger - Zalogowano/img_Leszek Kowalski_sendButton' is clicked on

2021-12-21 20:02:12 - [MESSAGE][PASSED] - Object: 'Object Repository/Page_PSTO webMessenger - Zalogowano/img_Leszek Kowalski_sendButton' is clicked on

2021-12-21 20:02:12 - [TEST_STEP][PASSED] - setText(findTestObject("Page_PSTO webMessenger - Zalogowano/input_Leszek Kowalski_messageInput"), "e"): Text 'e' is set on object 'Object Repository/Page_PSTO webMessenger - Zalogowano/input_Leszek Kowalski_messageInput'

2021-12-21 20:02:17 - [MESSAGE][PASSED] - Text 'e' is set on object 'Object Repository/Page_PSTO webMessenger - Zalogowano/input_Leszek Kowalski_messageInput'

2021-12-21 20:02:17 - [TEST_STEP][PASSED] - click(findTestObject("Page_PSTO webMessenger - Zalogowano/img_Leszek Kowalski_sendButton")): Object: 'Object Repository/Page_PSTO webMessenger - Zalogowano/img_Leszek Kowalski_sendButton' is clicked on

2021-12-21 20:02:19 - [MESSAGE][PASSED] - Object: 'Object Repository/Page_PSTO webMessenger - Zalogowano/img_Leszek Kowalski_sendButton' is clicked on

2021-12-21 20:02:19 - [TEST_STEP][PASSED] - setText(findTestObject("Page_PSTO webMessenger - Zalogowano/input_Leszek Kowalski_messageInput"), "e"): Text 'e' is set on object 'Object Repository/Page_PSTO webMessenger - Zalogowano/input_Leszek Kowalski_messageInput'

2021-12-21 20:02:24 - [MESSAGE][PASSED] - Text 'e' is set on object 'Object Repository/Page_PSTO webMessenger - Zalogowano/input_Leszek Kowalski_messageInput'

2021-12-21 20:02:24 - [TEST_STEP][PASSED] - click(findTestObject("Page_PSTO webMessenger - Zalogowano/img_Leszek Kowalski_sendButton")): Object: 'Object Repository/Page_PSTO webMessenger - Zalogowano/img_Leszek Kowalski_sendButton' is clicked on

2021-12-21 20:02:26 - [MESSAGE][PASSED] - Object: 'Object Repository/Page_PSTO webMessenger - Zalogowano/img_Leszek Kowalski_sendButton' is clicked on

2021-12-21 20:02:26 - [TEST_STEP][PASSED] - setText(findTestObject("Page_PSTO webMessenger - Zalogowano/input_Leszek Kowalski_messageInput"), "e"): Text 'e' is set on object 'Object Repository/Page_PSTO webMessenger - Zalogowano/input_Leszek Kowalski_messageInput'

2021-12-21 20:02:31 - [MESSAGE][PASSED] - Text 'e' is set on object 'Object Repository/Page_PSTO webMessenger - Zalogowano/input_Leszek Kowalski_messageInput'

2021-12-21 20:02:31 - [TEST_STEP][PASSED] - click(findTestObject("Page_PSTO webMessenger - Zalogowano/img_Leszek Kowalski_sendButton")): Object: 'Object Repository/Page_PSTO webMessenger - Zalogowano/img_Leszek Kowalski_sendButton' is clicked on

2021-12-21 20:02:33 - [MESSAGE][PASSED] - Object: 'Object Repository/Page_PSTO webMessenger - Zalogowano/img_Leszek Kowalski_sendButton' is clicked on

2021-12-21 20:02:33 - [TEST_STEP][PASSED] - setText(findTestObject("Page_PSTO webMessenger - Zalogowano/input_Leszek Kowalski_messageInput"), "e"): Text 'e' is set on object 'Object Repository/Page_PSTO webMessenger - Zalogowano/input_Leszek Kowalski_messageInput'

2021-12-21 20:02:38 - [MESSAGE][PASSED] - Text 'e' is set on object 'Object Repository/Page_PSTO webMessenger - Zalogowano/input_Leszek Kowalski_messageInput'

2021-12-21 20:02:38 - [TEST_STEP][PASSED] - click(findTestObject("Page_PSTO webMessenger - Zalogowano/img_Leszek Kowalski_sendButton")): Object: 'Object Repository/Page_PSTO webMessenger - Zalogowano/img_Leszek Kowalski_sendButton' is clicked on

2021-12-21 20:02:40 - [MESSAGE][PASSED] - Object: 'Object Repository/Page_PSTO webMessenger - Zalogowano/img_Leszek Kowalski_sendButton' is clicked on

2021-12-21 20:02:40 - [TEST_STEP][PASSED] - setText(findTestObject("Page_PSTO webMessenger - Zalogowano/input_Leszek Kowalski_messageInput"), "e"): Text 'e' is set on object 'Object Repository/Page_PSTO webMessenger - Zalogowano/input_Leszek Kowalski_messageInput'

2021-12-21 20:02:45 - [MESSAGE][PASSED] - Text 'e' is set on object 'Object Repository/Page_PSTO webMessenger - Zalogowano/input_Leszek Kowalski_messageInput'

2021-12-21 20:02:45 - [TEST_STEP][PASSED] - click(findTestObject("Page_PSTO webMessenger - Zalogowano/img_Leszek Kowalski_sendButton")): Object: 'Object Repository/Page_PSTO webMessenger - Zalogowano/img_Leszek Kowalski_sendButton' is clicked on

2021-12-21 20:02:52 - [MESSAGE][PASSED] - Object: 'Object Repository/Page_PSTO webMessenger - Zalogowano/img_Leszek Kowalski_sendButton' is clicked on

2021-12-21 20:02:52 - [TEST_STEP][PASSED] - setText(findTestObject("Page_PSTO webMessenger - Zalogowano/input_Leszek Kowalski_messageInput"), "e"): Text 'e' is set on object 'Object Repository/Page_PSTO webMessenger - Zalogowano/input_Leszek Kowalski_messageInput'

2021-12-21 20:02:58 - [MESSAGE][PASSED] - Text 'e' is set on object 'Object Repository/Page_PSTO webMessenger - Zalogowano/input_Leszek Kowalski_messageInput'

2021-12-21 20:02:58 - [TEST_STEP][PASSED] - click(findTestObject("Page_PSTO webMessenger - Zalogowano/img_Leszek Kowalski_sendButton")): Object: 'Object Repository/Page_PSTO webMessenger - Zalogowano/img_Leszek Kowalski_sendButton' is clicked on

2021-12-21 20:03:04 - [MESSAGE][PASSED] - Object: 'Object Repository/Page_PSTO webMessenger - Zalogowano/img_Leszek Kowalski_sendButton' is clicked on

2021-12-21 20:03:04 - [TEST_STEP][PASSED] - setText(findTestObject("Page_PSTO webMessenger - Zalogowano/input_Leszek Kowalski_messageInput"), "e"): Text 'e' is set on object 'Object Repository/Page_PSTO webMessenger - Zalogowano/input_Leszek Kowalski_messageInput'

2021-12-21 20:03:09 - [MESSAGE][PASSED] - Text 'e' is set on object 'Object Repository/Page_PSTO webMessenger - Zalogowano/input_Leszek Kowalski_messageInput'

2021-12-21 20:03:09 - [TEST_STEP][PASSED] - click(findTestObject("Page_PSTO webMessenger - Zalogowano/img_Leszek Kowalski_sendButton")): Object: 'Object Repository/Page_PSTO webMessenger - Zalogowano/img_Leszek Kowalski_sendButton' is clicked on

2021-12-21 20:03:11 - [MESSAGE][PASSED] - Object: 'Object Repository/Page_PSTO webMessenger - Zalogowano/img_Leszek Kowalski_sendButton' is clicked on

2021-12-21 20:03:11 - [TEST_STEP][PASSED] - setText(findTestObject("Page_PSTO webMessenger - Zalogowano/input_Leszek Kowalski_messageInput"), "e"): Text 'e' is set on object 'Object Repository/Page_PSTO webMessenger - Zalogowano/input_Leszek Kowalski_messageInput'

2021-12-21 20:03:18 - [MESSAGE][PASSED] - Text 'e' is set on object 'Object Repository/Page_PSTO webMessenger - Zalogowano/input_Leszek Kowalski_messageInput'

2021-12-21 20:03:18 - [TEST_STEP][PASSED] - click(findTestObject("Page_PSTO webMessenger - Zalogowano/img_Leszek Kowalski_sendButton")): Object: 'Object Repository/Page_PSTO webMessenger - Zalogowano/img_Leszek Kowalski_sendButton' is clicked on

2021-12-21 20:03:23 - [MESSAGE][PASSED] - Object: 'Object Repository/Page_PSTO webMessenger - Zalogowano/img_Leszek Kowalski_sendButton' is clicked on

2021-12-21 20:03:23 - [TEST_STEP][PASSED] - setText(findTestObject("Page_PSTO webMessenger - Zalogowano/input_Leszek Kowalski_messageInput"), "e"): Text 'e' is set on object 'Object Repository/Page_PSTO webMessenger - Zalogowano/input_Leszek Kowalski_messageInput'

2021-12-21 20:03:29 - [MESSAGE][PASSED] - Text 'e' is set on object 'Object Repository/Page_PSTO webMessenger - Zalogowano/input_Leszek Kowalski_messageInput'

2021-12-21 20:03:29 - [TEST_STEP][PASSED] - click(findTestObject("Page_PSTO webMessenger - Zalogowano/img_Leszek Kowalski_sendButton")): Object: 'Object Repository/Page_PSTO webMessenger - Zalogowano/img_Leszek Kowalski_sendButton' is clicked on

2021-12-21 20:03:31 - [MESSAGE][PASSED] - Object: 'Object Repository/Page_PSTO webMessenger - Zalogowano/img_Leszek Kowalski_sendButton' is clicked on

2021-12-21 20:03:31 - [TEST_STEP][PASSED] - setText(findTestObject("Page_PSTO webMessenger - Zalogowano/input_Leszek Kowalski_messageInput"), "e"): Text 'e' is set on object 'Object Repository/Page_PSTO webMessenger - Zalogowano/input_Leszek Kowalski_messageInput'

2021-12-21 20:03:36 - [MESSAGE][PASSED] - Text 'e' is set on object 'Object Repository/Page_PSTO webMessenger - Zalogowano/input_Leszek Kowalski_messageInput'

2021-12-21 20:03:36 - [TEST_STEP][PASSED] - click(findTestObject("Page_PSTO webMessenger - Zalogowano/img_Leszek Kowalski_sendButton")): Object: 'Object Repository/Page_PSTO webMessenger - Zalogowano/img_Leszek Kowalski_sendButton' is clicked on

2021-12-21 20:03:39 - [MESSAGE][PASSED] - Object: 'Object Repository/Page_PSTO webMessenger - Zalogowano/img_Leszek Kowalski_sendButton' is clicked on

2021-12-21 20:03:39 - [TEST_STEP][PASSED] - setText(findTestObject("Page_PSTO webMessenger - Zalogowano/input_Leszek Kowalski_messageInput"), "e"): Text 'e' is set on object 'Object Repository/Page_PSTO webMessenger - Zalogowano/input_Leszek Kowalski_messageInput'

2021-12-21 20:03:43 - [MESSAGE][PASSED] - Text 'e' is set on object 'Object Repository/Page_PSTO webMessenger - Zalogowano/input_Leszek Kowalski_messageInput'

2021-12-21 20:03:43 - [TEST_STEP][PASSED] - click(findTestObject("Page_PSTO webMessenger - Zalogowano/img_Leszek Kowalski_sendButton")): Object: 'Object Repository/Page_PSTO webMessenger - Zalogowano/img_Leszek Kowalski_sendButton' is clicked on

2021-12-21 20:03:45 - [MESSAGE][PASSED] - Object: 'Object Repository/Page_PSTO webMessenger - Zalogowano/img_Leszek Kowalski_sendButton' is clicked on

2021-12-21 20:03:45 - [TEST_STEP][PASSED] - setText(findTestObject("Page_PSTO webMessenger - Zalogowano/input_Leszek Kowalski_messageInput"), "e"): Text 'e' is set on object 'Object Repository/Page_PSTO webMessenger - Zalogowano/input_Leszek Kowalski_messageInput'

2021-12-21 20:03:51 - [MESSAGE][PASSED] - Text 'e' is set on object 'Object Repository/Page_PSTO webMessenger - Zalogowano/input_Leszek Kowalski_messageInput'

2021-12-21 20:03:51 - [TEST_STEP][PASSED] - click(findTestObject("Page_PSTO webMessenger - Zalogowano/img_Leszek Kowalski_sendButton")): Object: 'Object Repository/Page_PSTO webMessenger - Zalogowano/img_Leszek Kowalski_sendButton' is clicked on

2021-12-21 20:03:54 - [MESSAGE][PASSED] - Object: 'Object Repository/Page_PSTO webMessenger - Zalogowano/img_Leszek Kowalski_sendButton' is clicked on

2021-12-21 20:03:54 - [TEST_STEP][PASSED] - setText(findTestObject("Page_PSTO webMessenger - Zalogowano/input_Leszek Kowalski_messageInput"), "e"): Text 'e' is set on object 'Object Repository/Page_PSTO webMessenger - Zalogowano/input_Leszek Kowalski_messageInput'

2021-12-21 20:03:59 - [MESSAGE][PASSED] - Text 'e' is set on object 'Object Repository/Page_PSTO webMessenger - Zalogowano/input_Leszek Kowalski_messageInput'

2021-12-21 20:03:59 - [TEST_STEP][PASSED] - click(findTestObject("Page_PSTO webMessenger - Zalogowano/img_Leszek Kowalski_sendButton")): Object: 'Object Repository/Page_PSTO webMessenger - Zalogowano/img_Leszek Kowalski_sendButton' is clicked on

2021-12-21 20:04:01 - [MESSAGE][PASSED] - Object: 'Object Repository/Page_PSTO webMessenger - Zalogowano/img_Leszek Kowalski_sendButton' is clicked on

2021-12-21 20:04:01 - [TEST_STEP][PASSED] - setText(findTestObject("Page_PSTO webMessenger - Zalogowano/input_Leszek Kowalski_messageInput"), "e"): Text 'e' is set on object 'Object Repository/Page_PSTO webMessenger - Zalogowano/input_Leszek Kowalski_messageInput'

2021-12-21 20:04:06 - [MESSAGE][PASSED] - Text 'e' is set on object 'Object Repository/Page_PSTO webMessenger - Zalogowano/input_Leszek Kowalski_messageInput'

2021-12-21 20:04:06 - [TEST_STEP][PASSED] - click(findTestObject("Page_PSTO webMessenger - Zalogowano/img_Leszek Kowalski_sendButton")): Object: 'Object Repository/Page_PSTO webMessenger - Zalogowano/img_Leszek Kowalski_sendButton' is clicked on

2021-12-21 20:04:09 - [MESSAGE][PASSED] - Object: 'Object Repository/Page_PSTO webMessenger - Zalogowano/img_Leszek Kowalski_sendButton' is clicked on

2021-12-21 20:04:09 - [TEST_STEP][PASSED] - setText(findTestObject("Page_PSTO webMessenger - Zalogowano/input_Leszek Kowalski_messageInput"), "e"): Text 'e' is set on object 'Object Repository/Page_PSTO webMessenger - Zalogowano/input_Leszek Kowalski_messageInput'

2021-12-21 20:04:14 - [MESSAGE][PASSED] - Text 'e' is set on object 'Object Repository/Page_PSTO webMessenger - Zalogowano/input_Leszek Kowalski_messageInput'

2021-12-21 20:04:14 - [TEST_STEP][PASSED] - click(findTestObject("Page_PSTO webMessenger - Zalogowano/img_Leszek Kowalski_sendButton")): Object: 'Object Repository/Page_PSTO webMessenger - Zalogowano/img_Leszek Kowalski_sendButton' is clicked on

2021-12-21 20:04:16 - [MESSAGE][PASSED] - Object: 'Object Repository/Page_PSTO webMessenger - Zalogowano/img_Leszek Kowalski_sendButton' is clicked on

2021-12-21 20:04:16 - [TEST_STEP][PASSED] - setText(findTestObject("Page_PSTO webMessenger - Zalogowano/input_Leszek Kowalski_messageInput"), "e"): Text 'e' is set on object 'Object Repository/Page_PSTO webMessenger - Zalogowano/input_Leszek Kowalski_messageInput'

2021-12-21 20:04:20 - [MESSAGE][PASSED] - Text 'e' is set on object 'Object Repository/Page_PSTO webMessenger - Zalogowano/input_Leszek Kowalski_messageInput'

2021-12-21 20:04:20 - [TEST_STEP][PASSED] - click(findTestObject("Page_PSTO webMessenger - Zalogowano/img_Leszek Kowalski_sendButton")): Object: 'Object Repository/Page_PSTO webMessenger - Zalogowano/img_Leszek Kowalski_sendButton' is clicked on

2021-12-21 20:04:23 - [MESSAGE][PASSED] - Object: 'Object Repository/Page_PSTO webMessenger - Zalogowano/img_Leszek Kowalski_sendButton' is clicked on

2021-12-21 20:04:23 - [TEST_STEP][PASSED] - setText(findTestObject("Page_PSTO webMessenger - Zalogowano/input_Leszek Kowalski_messageInput"), "e"): Text 'e' is set on object 'Object Repository/Page_PSTO webMessenger - Zalogowano/input_Leszek Kowalski_messageInput'

2021-12-21 20:04:27 - [MESSAGE][PASSED] - Text 'e' is set on object 'Object Repository/Page_PSTO webMessenger - Zalogowano/input_Leszek Kowalski_messageInput'

2021-12-21 20:04:27 - [TEST_STEP][PASSED] - click(findTestObject("Page_PSTO webMessenger - Zalogowano/img_Leszek Kowalski_sendButton")): Object: 'Object Repository/Page_PSTO webMessenger - Zalogowano/img_Leszek Kowalski_sendButton' is clicked on

2021-12-21 20:04:29 - [MESSAGE][PASSED] - Object: 'Object Repository/Page_PSTO webMessenger - Zalogowano/img_Leszek Kowalski_sendButton' is clicked on

2021-12-21 20:04:29 - [TEST_STEP][PASSED] - setText(findTestObject("Page_PSTO webMessenger - Zalogowano/input_Leszek Kowalski_messageInput"), "e"): Text 'e' is set on object 'Object Repository/Page_PSTO webMessenger - Zalogowano/input_Leszek Kowalski_messageInput'

2021-12-21 20:04:33 - [MESSAGE][PASSED] - Text 'e' is set on object 'Object Repository/Page_PSTO webMessenger - Zalogowano/input_Leszek Kowalski_messageInput'

2021-12-21 20:04:33 - [TEST_STEP][PASSED] - click(findTestObject("Page_PSTO webMessenger - Zalogowano/img_Leszek Kowalski_sendButton")): Object: 'Object Repository/Page_PSTO webMessenger - Zalogowano/img_Leszek Kowalski_sendButton' is clicked on

2021-12-21 20:04:35 - [MESSAGE][PASSED] - Object: 'Object Repository/Page_PSTO webMessenger - Zalogowano/img_Leszek Kowalski_sendButton' is clicked on

2021-12-21 20:04:35 - [TEST_STEP][PASSED] - setText(findTestObject("Page_PSTO webMessenger - Zalogowano/input_Leszek Kowalski_messageInput"), "e"): Text 'e' is set on object 'Object Repository/Page_PSTO webMessenger - Zalogowano/input_Leszek Kowalski_messageInput'

2021-12-21 20:04:39 - [MESSAGE][PASSED] - Text 'e' is set on object 'Object Repository/Page_PSTO webMessenger - Zalogowano/input_Leszek Kowalski_messageInput'

2021-12-21 20:04:39 - [TEST_STEP][PASSED] - click(findTestObject("Page_PSTO webMessenger - Zalogowano/img_Leszek Kowalski_sendButton")): Object: 'Object Repository/Page_PSTO webMessenger - Zalogowano/img_Leszek Kowalski_sendButton' is clicked on

2021-12-21 20:04:41 - [MESSAGE][PASSED] - Object: 'Object Repository/Page_PSTO webMessenger - Zalogowano/img_Leszek Kowalski_sendButton' is clicked on

2021-12-21 20:04:41 - [TEST_STEP][PASSED] - setText(findTestObject("Page_PSTO webMessenger - Zalogowano/input_Leszek Kowalski_messageInput"), "e"): Text 'e' is set on object 'Object Repository/Page_PSTO webMessenger - Zalogowano/input_Leszek Kowalski_messageInput'

2021-12-21 20:04:46 - [MESSAGE][PASSED] - Text 'e' is set on object 'Object Repository/Page_PSTO webMessenger - Zalogowano/input_Leszek Kowalski_messageInput'

2021-12-21 20:04:46 - [TEST_STEP][PASSED] - click(findTestObject("Page_PSTO webMessenger - Zalogowano/img_Leszek Kowalski_sendButton")): Object: 'Object Repository/Page_PSTO webMessenger - Zalogowano/img_Leszek Kowalski_sendButton' is clicked on

2021-12-21 20:04:49 - [MESSAGE][PASSED] - Object: 'Object Repository/Page_PSTO webMessenger - Zalogowano/img_Leszek Kowalski_sendButton' is clicked on

2021-12-21 20:04:49 - [TEST_STEP][PASSED] - setText(findTestObject("Page_PSTO webMessenger - Zalogowano/input_Leszek Kowalski_messageInput"), "e"): Text 'e' is set on object 'Object Repository/Page_PSTO webMessenger - Zalogowano/input_Leszek Kowalski_messageInput'

2021-12-21 20:04:54 - [MESSAGE][PASSED] - Text 'e' is set on object 'Object Repository/Page_PSTO webMessenger - Zalogowano/input_Leszek Kowalski_messageInput'

2021-12-21 20:04:54 - [TEST_STEP][PASSED] - click(findTestObject("Page_PSTO webMessenger - Zalogowano/img_Leszek Kowalski_sendButton")): Object: 'Object Repository/Page_PSTO webMessenger - Zalogowano/img_Leszek Kowalski_sendButton' is clicked on

2021-12-21 20:04:56 - [MESSAGE][PASSED] - Object: 'Object Repository/Page_PSTO webMessenger - Zalogowano/img_Leszek Kowalski_sendButton' is clicked on

2021-12-21 20:04:56 - [TEST_STEP][PASSED] - setText(findTestObject("Page_PSTO webMessenger - Zalogowano/input_Leszek Kowalski_messageInput"), "e"): Text 'e' is set on object 'Object Repository/Page_PSTO webMessenger - Zalogowano/input_Leszek Kowalski_messageInput'

2021-12-21 20:05:01 - [MESSAGE][PASSED] - Text 'e' is set on object 'Object Repository/Page_PSTO webMessenger - Zalogowano/input_Leszek Kowalski_messageInput'

2021-12-21 20:05:01 - [TEST_STEP][PASSED] - click(findTestObject("Page_PSTO webMessenger - Zalogowano/img_Leszek Kowalski_sendButton")): Object: 'Object Repository/Page_PSTO webMessenger - Zalogowano/img_Leszek Kowalski_sendButton' is clicked on

2021-12-21 20:05:04 - [MESSAGE][PASSED] - Object: 'Object Repository/Page_PSTO webMessenger - Zalogowano/img_Leszek Kowalski_sendButton' is clicked on

2021-12-21 20:05:04 - [TEST_STEP][PASSED] - setText(findTestObject("Page_PSTO webMessenger - Zalogowano/input_Leszek Kowalski_messageInput"), "e"): Text 'e' is set on object 'Object Repository/Page_PSTO webMessenger - Zalogowano/input_Leszek Kowalski_messageInput'

2021-12-21 20:05:09 - [MESSAGE][PASSED] - Text 'e' is set on object 'Object Repository/Page_PSTO webMessenger - Zalogowano/input_Leszek Kowalski_messageInput'

2021-12-21 20:05:09 - [TEST_STEP][PASSED] - click(findTestObject("Page_PSTO webMessenger - Zalogowano/img_Leszek Kowalski_sendButton")): Object: 'Object Repository/Page_PSTO webMessenger - Zalogowano/img_Leszek Kowalski_sendButton' is clicked on

2021-12-21 20:05:11 - [MESSAGE][PASSED] - Object: 'Object Repository/Page_PSTO webMessenger - Zalogowano/img_Leszek Kowalski_sendButton' is clicked on

2021-12-21 20:05:11 - [TEST_STEP][PASSED] - setText(findTestObject("Page_PSTO webMessenger - Zalogowano/input_Leszek Kowalski_messageInput"), "e"): Text 'e' is set on object 'Object Repository/Page_PSTO webMessenger - Zalogowano/input_Leszek Kowalski_messageInput'

2021-12-21 20:05:15 - [MESSAGE][PASSED] - Text 'e' is set on object 'Object Repository/Page_PSTO webMessenger - Zalogowano/input_Leszek Kowalski_messageInput'

2021-12-21 20:05:15 - [TEST_STEP][PASSED] - click(findTestObject("Page_PSTO webMessenger - Zalogowano/img_Leszek Kowalski_sendButton")): Object: 'Object Repository/Page_PSTO webMessenger - Zalogowano/img_Leszek Kowalski_sendButton' is clicked on

2021-12-21 20:05:17 - [MESSAGE][PASSED] - Object: 'Object Repository/Page_PSTO webMessenger - Zalogowano/img_Leszek Kowalski_sendButton' is clicked on

2021-12-21 20:05:17 - [TEST_STEP][PASSED] - setText(findTestObject("Page_PSTO webMessenger - Zalogowano/input_Leszek Kowalski_messageInput"), "e"): Text 'e' is set on object 'Object Repository/Page_PSTO webMessenger - Zalogowano/input_Leszek Kowalski_messageInput'

2021-12-21 20:05:21 - [MESSAGE][PASSED] - Text 'e' is set on object 'Object Repository/Page_PSTO webMessenger - Zalogowano/input_Leszek Kowalski_messageInput'

2021-12-21 20:05:21 - [TEST_STEP][PASSED] - click(findTestObject("Page_PSTO webMessenger - Zalogowano/img_Leszek Kowalski_sendButton")): Object: 'Object Repository/Page_PSTO webMessenger - Zalogowano/img_Leszek Kowalski_sendButton' is clicked on

2021-12-21 20:05:24 - [MESSAGE][PASSED] - Object: 'Object Repository/Page_PSTO webMessenger - Zalogowano/img_Leszek Kowalski_sendButton' is clicked on

2021-12-21 20:05:24 - [TEST_STEP][PASSED] - setText(findTestObject("Page_PSTO webMessenger - Zalogowano/input_Leszek Kowalski_messageInput"), "e"): Text 'e' is set on object 'Object Repository/Page_PSTO webMessenger - Zalogowano/input_Leszek Kowalski_messageInput'

2021-12-21 20:05:29 - [MESSAGE][PASSED] - Text 'e' is set on object 'Object Repository/Page_PSTO webMessenger - Zalogowano/input_Leszek Kowalski_messageInput'

2021-12-21 20:05:29 - [TEST_STEP][PASSED] - click(findTestObject("Page_PSTO webMessenger - Zalogowano/img_Leszek Kowalski_sendButton")): Object: 'Object Repository/Page_PSTO webMessenger - Zalogowano/img_Leszek Kowalski_sendButton' is clicked on

2021-12-21 20:05:31 - [MESSAGE][PASSED] - Object: 'Object Repository/Page_PSTO webMessenger - Zalogowano/img_Leszek Kowalski_sendButton' is clicked on

2021-12-21 20:05:31 - [TEST_STEP][PASSED] - setText(findTestObject("Page_PSTO webMessenger - Zalogowano/input_Leszek Kowalski_messageInput"), "e"): Text 'e' is set on object 'Object Repository/Page_PSTO webMessenger - Zalogowano/input_Leszek Kowalski_messageInput'

2021-12-21 20:05:36 - [MESSAGE][PASSED] - Text 'e' is set on object 'Object Repository/Page_PSTO webMessenger - Zalogowano/input_Leszek Kowalski_messageInput'

2021-12-21 20:05:36 - [TEST_STEP][PASSED] - click(findTestObject("Page_PSTO webMessenger - Zalogowano/img_Leszek Kowalski_sendButton")): Object: 'Object Repository/Page_PSTO webMessenger - Zalogowano/img_Leszek Kowalski_sendButton' is clicked on

2021-12-21 20:05:38 - [MESSAGE][PASSED] - Object: 'Object Repository/Page_PSTO webMessenger - Zalogowano/img_Leszek Kowalski_sendButton' is clicked on

2021-12-21 20:05:38 - [TEST_STEP][PASSED] - setText(findTestObject("Page_PSTO webMessenger - Zalogowano/input_Leszek Kowalski_messageInput"), "e"): Text 'e' is set on object 'Object Repository/Page_PSTO webMessenger - Zalogowano/input_Leszek Kowalski_messageInput'

2021-12-21 20:05:44 - [MESSAGE][PASSED] - Text 'e' is set on object 'Object Repository/Page_PSTO webMessenger - Zalogowano/input_Leszek Kowalski_messageInput'

2021-12-21 20:05:44 - [TEST_STEP][PASSED] - click(findTestObject("Page_PSTO webMessenger - Zalogowano/img_Leszek Kowalski_sendButton")): Object: 'Object Repository/Page_PSTO webMessenger - Zalogowano/img_Leszek Kowalski_sendButton' is clicked on

2021-12-21 20:05:46 - [MESSAGE][PASSED] - Object: 'Object Repository/Page_PSTO webMessenger - Zalogowano/img_Leszek Kowalski_sendButton' is clicked on

2021-12-21 20:05:46 - [TEST_STEP][PASSED] - setText(findTestObject("Page_PSTO webMessenger - Zalogowano/input_Leszek Kowalski_messageInput"), "e"): Text 'e' is set on object 'Object Repository/Page_PSTO webMessenger - Zalogowano/input_Leszek Kowalski_messageInput'

2021-12-21 20:05:53 - [MESSAGE][PASSED] - Text 'e' is set on object 'Object Repository/Page_PSTO webMessenger - Zalogowano/input_Leszek Kowalski_messageInput'

2021-12-21 20:05:53 - [TEST_STEP][PASSED] - click(findTestObject("Page_PSTO webMessenger - Zalogowano/img_Leszek Kowalski_sendButton")): Object: 'Object Repository/Page_PSTO webMessenger - Zalogowano/img_Leszek Kowalski_sendButton' is clicked on

2021-12-21 20:05:55 - [MESSAGE][PASSED] - Object: 'Object Repository/Page_PSTO webMessenger - Zalogowano/img_Leszek Kowalski_sendButton' is clicked on

2021-12-21 20:05:55 - [TEST_STEP][PASSED] - setText(findTestObject("Page_PSTO webMessenger - Zalogowano/input_Leszek Kowalski_messageInput"), "e"): Text 'e' is set on object 'Object Repository/Page_PSTO webMessenger - Zalogowano/input_Leszek Kowalski_messageInput'

2021-12-21 20:05:59 - [MESSAGE][PASSED] - Text 'e' is set on object 'Object Repository/Page_PSTO webMessenger - Zalogowano/input_Leszek Kowalski_messageInput'

2021-12-21 20:05:59 - [TEST_STEP][PASSED] - click(findTestObject("Page_PSTO webMessenger - Zalogowano/img_Leszek Kowalski_sendButton")): Object: 'Object Repository/Page_PSTO webMessenger - Zalogowano/img_Leszek Kowalski_sendButton' is clicked on

2021-12-21 20:06:01 - [MESSAGE][PASSED] - Object: 'Object Repository/Page_PSTO webMessenger - Zalogowano/img_Leszek Kowalski_sendButton' is clicked on

2021-12-21 20:06:01 - [TEST_STEP][PASSED] - setText(findTestObject("Page_PSTO webMessenger - Zalogowano/input_Leszek Kowalski_messageInput"), "e"): Text 'e' is set on object 'Object Repository/Page_PSTO webMessenger - Zalogowano/input_Leszek Kowalski_messageInput'

2021-12-21 20:06:05 - [MESSAGE][PASSED] - Text 'e' is set on object 'Object Repository/Page_PSTO webMessenger - Zalogowano/input_Leszek Kowalski_messageInput'

2021-12-21 20:06:05 - [TEST_STEP][PASSED] - click(findTestObject("Page_PSTO webMessenger - Zalogowano/img_Leszek Kowalski_sendButton")): Object: 'Object Repository/Page_PSTO webMessenger - Zalogowano/img_Leszek Kowalski_sendButton' is clicked on

2021-12-21 20:06:08 - [MESSAGE][PASSED] - Object: 'Object Repository/Page_PSTO webMessenger - Zalogowano/img_Leszek Kowalski_sendButton' is clicked on

2021-12-21 20:06:08 - [TEST_STEP][PASSED] - setText(findTestObject("Page_PSTO webMessenger - Zalogowano/input_Leszek Kowalski_messageInput"), "e"): Text 'e' is set on object 'Object Repository/Page_PSTO webMessenger - Zalogowano/input_Leszek Kowalski_messageInput'

2021-12-21 20:06:13 - [MESSAGE][PASSED] - Text 'e' is set on object 'Object Repository/Page_PSTO webMessenger - Zalogowano/input_Leszek Kowalski_messageInput'

2021-12-21 20:06:13 - [TEST_STEP][PASSED] - click(findTestObject("Page_PSTO webMessenger - Zalogowano/img_Leszek Kowalski_sendButton")): Object: 'Object Repository/Page_PSTO webMessenger - Zalogowano/img_Leszek Kowalski_sendButton' is clicked on

2021-12-21 20:06:15 - [MESSAGE][PASSED] - Object: 'Object Repository/Page_PSTO webMessenger - Zalogowano/img_Leszek Kowalski_sendButton' is clicked on

2021-12-21 20:06:15 - [TEST_STEP][PASSED] - setText(findTestObject("Page_PSTO webMessenger - Zalogowano/input_Leszek Kowalski_messageInput"), "e"): Text 'e' is set on object 'Object Repository/Page_PSTO webMessenger - Zalogowano/input_Leszek Kowalski_messageInput'

2021-12-21 20:06:20 - [MESSAGE][PASSED] - Text 'e' is set on object 'Object Repository/Page_PSTO webMessenger - Zalogowano/input_Leszek Kowalski_messageInput'

2021-12-21 20:06:20 - [TEST_STEP][PASSED] - click(findTestObject("Page_PSTO webMessenger - Zalogowano/img_Leszek Kowalski_sendButton")): Object: 'Object Repository/Page_PSTO webMessenger - Zalogowano/img_Leszek Kowalski_sendButton' is clicked on

2021-12-21 20:06:22 - [MESSAGE][PASSED] - Object: 'Object Repository/Page_PSTO webMessenger - Zalogowano/img_Leszek Kowalski_sendButton' is clicked on

2021-12-21 20:06:22 - [TEST_STEP][PASSED] - setText(findTestObject("Page_PSTO webMessenger - Zalogowano/input_Leszek Kowalski_messageInput"), "e"): Text 'e' is set on object 'Object Repository/Page_PSTO webMessenger - Zalogowano/input_Leszek Kowalski_messageInput'

2021-12-21 20:06:26 - [MESSAGE][PASSED] - Text 'e' is set on object 'Object Repository/Page_PSTO webMessenger - Zalogowano/input_Leszek Kowalski_messageInput'

2021-12-21 20:06:26 - [TEST_STEP][PASSED] - click(findTestObject("Page_PSTO webMessenger - Zalogowano/img_Leszek Kowalski_sendButton")): Object: 'Object Repository/Page_PSTO webMessenger - Zalogowano/img_Leszek Kowalski_sendButton' is clicked on

2021-12-21 20:06:29 - [MESSAGE][PASSED] - Object: 'Object Repository/Page_PSTO webMessenger - Zalogowano/img_Leszek Kowalski_sendButton' is clicked on

2021-12-21 20:06:29 - [TEST_STEP][PASSED] - setText(findTestObject("Page_PSTO webMessenger - Zalogowano/input_Leszek Kowalski_messageInput"), "e"): Text 'e' is set on object 'Object Repository/Page_PSTO webMessenger - Zalogowano/input_Leszek Kowalski_messageInput'

2021-12-21 20:06:34 - [MESSAGE][PASSED] - Text 'e' is set on object 'Object Repository/Page_PSTO webMessenger - Zalogowano/input_Leszek Kowalski_messageInput'

2021-12-21 20:06:34 - [TEST_STEP][PASSED] - click(findTestObject("Page_PSTO webMessenger - Zalogowano/img_Leszek Kowalski_sendButton")): Object: 'Object Repository/Page_PSTO webMessenger - Zalogowano/img_Leszek Kowalski_sendButton' is clicked on

2021-12-21 20:06:36 - [MESSAGE][PASSED] - Object: 'Object Repository/Page_PSTO webMessenger - Zalogowano/img_Leszek Kowalski_sendButton' is clicked on

2021-12-21 20:06:36 - [TEST_STEP][PASSED] - setText(findTestObject("Page_PSTO webMessenger - Zalogowano/input_Leszek Kowalski_messageInput"), "e"): Text 'e' is set on object 'Object Repository/Page_PSTO webMessenger - Zalogowano/input_Leszek Kowalski_messageInput'

2021-12-21 20:06:41 - [MESSAGE][PASSED] - Text 'e' is set on object 'Object Repository/Page_PSTO webMessenger - Zalogowano/input_Leszek Kowalski_messageInput'

2021-12-21 20:06:41 - [TEST_STEP][PASSED] - click(findTestObject("Page_PSTO webMessenger - Zalogowano/img_Leszek Kowalski_sendButton")): Object: 'Object Repository/Page_PSTO webMessenger - Zalogowano/img_Leszek Kowalski_sendButton' is clicked on

2021-12-21 20:06:44 - [MESSAGE][PASSED] - Object: 'Object Repository/Page_PSTO webMessenger - Zalogowano/img_Leszek Kowalski_sendButton' is clicked on

2021-12-21 20:06:44 - [TEST_STEP][PASSED] - setText(findTestObject("Page_PSTO webMessenger - Zalogowano/input_Leszek Kowalski_messageInput"), "e"): Text 'e' is set on object 'Object Repository/Page_PSTO webMessenger - Zalogowano/input_Leszek Kowalski_messageInput'

2021-12-21 20:06:49 - [MESSAGE][PASSED] - Text 'e' is set on object 'Object Repository/Page_PSTO webMessenger - Zalogowano/input_Leszek Kowalski_messageInput'

2021-12-21 20:06:49 - [TEST_STEP][PASSED] - click(findTestObject("Page_PSTO webMessenger - Zalogowano/img_Leszek Kowalski_sendButton")): Object: 'Object Repository/Page_PSTO webMessenger - Zalogowano/img_Leszek Kowalski_sendButton' is clicked on

2021-12-21 20:06:51 - [MESSAGE][PASSED] - Object: 'Object Repository/Page_PSTO webMessenger - Zalogowano/img_Leszek Kowalski_sendButton' is clicked on

2021-12-21 20:06:51 - [TEST_STEP][PASSED] - setText(findTestObject("Page_PSTO webMessenger - Zalogowano/input_Leszek Kowalski_messageInput"), "e"): Text 'e' is set on object 'Object Repository/Page_PSTO webMessenger - Zalogowano/input_Leszek Kowalski_messageInput'

2021-12-21 20:06:56 - [MESSAGE][PASSED] - Text 'e' is set on object 'Object Repository/Page_PSTO webMessenger - Zalogowano/input_Leszek Kowalski_messageInput'

2021-12-21 20:06:56 - [TEST_STEP][PASSED] - click(findTestObject("Page_PSTO webMessenger - Zalogowano/img_Leszek Kowalski_sendButton")): Object: 'Object Repository/Page_PSTO webMessenger - Zalogowano/img_Leszek Kowalski_sendButton' is clicked on

2021-12-21 20:06:59 - [MESSAGE][PASSED] - Object: 'Object Repository/Page_PSTO webMessenger - Zalogowano/img_Leszek Kowalski_sendButton' is clicked on

2021-12-21 20:06:59 - [TEST_STEP][PASSED] - setText(findTestObject("Page_PSTO webMessenger - Zalogowano/input_Leszek Kowalski_messageInput"), "e"): Text 'e' is set on object 'Object Repository/Page_PSTO webMessenger - Zalogowano/input_Leszek Kowalski_messageInput'

2021-12-21 20:07:04 - [MESSAGE][PASSED] - Text 'e' is set on object 'Object Repository/Page_PSTO webMessenger - Zalogowano/input_Leszek Kowalski_messageInput'

2021-12-21 20:07:04 - [TEST_STEP][PASSED] - click(findTestObject("Page_PSTO webMessenger - Zalogowano/img_Leszek Kowalski_sendButton")): Object: 'Object Repository/Page_PSTO webMessenger - Zalogowano/img_Leszek Kowalski_sendButton' is clicked on

2021-12-21 20:07:06 - [MESSAGE][PASSED] - Object: 'Object Repository/Page_PSTO webMessenger - Zalogowano/img_Leszek Kowalski_sendButton' is clicked on

2021-12-21 20:07:06 - [TEST_STEP][PASSED] - setText(findTestObject("Page_PSTO webMessenger - Zalogowano/input_Leszek Kowalski_messageInput"), "e"): Text 'e' is set on object 'Object Repository/Page_PSTO webMessenger - Zalogowano/input_Leszek Kowalski_messageInput'

2021-12-21 20:07:11 - [MESSAGE][PASSED] - Text 'e' is set on object 'Object Repository/Page_PSTO webMessenger - Zalogowano/input_Leszek Kowalski_messageInput'

2021-12-21 20:07:11 - [TEST_STEP][PASSED] - click(findTestObject("Page_PSTO webMessenger - Zalogowano/img_Leszek Kowalski_sendButton")): Object: 'Object Repository/Page_PSTO webMessenger - Zalogowano/img_Leszek Kowalski_sendButton' is clicked on

2021-12-21 20:07:14 - [MESSAGE][PASSED] - Object: 'Object Repository/Page_PSTO webMessenger - Zalogowano/img_Leszek Kowalski_sendButton' is clicked on

2021-12-21 20:07:14 - [TEST_STEP][PASSED] - setText(findTestObject("Page_PSTO webMessenger - Zalogowano/input_Leszek Kowalski_messageInput"), "e"): Text 'e' is set on object 'Object Repository/Page_PSTO webMessenger - Zalogowano/input_Leszek Kowalski_messageInput'

2021-12-21 20:07:19 - [MESSAGE][PASSED] - Text 'e' is set on object 'Object Repository/Page_PSTO webMessenger - Zalogowano/input_Leszek Kowalski_messageInput'

2021-12-21 20:07:19 - [TEST_STEP][PASSED] - click(findTestObject("Page_PSTO webMessenger - Zalogowano/img_Leszek Kowalski_sendButton")): Object: 'Object Repository/Page_PSTO webMessenger - Zalogowano/img_Leszek Kowalski_sendButton' is clicked on

2021-12-21 20:07:21 - [MESSAGE][PASSED] - Object: 'Object Repository/Page_PSTO webMessenger - Zalogowano/img_Leszek Kowalski_sendButton' is clicked on

2021-12-21 20:07:21 - [TEST_STEP][PASSED] - setText(findTestObject("Page_PSTO webMessenger - Zalogowano/input_Leszek Kowalski_messageInput"), "e"): Text 'e' is set on object 'Object Repository/Page_PSTO webMessenger - Zalogowano/input_Leszek Kowalski_messageInput'

2021-12-21 20:07:26 - [MESSAGE][PASSED] - Text 'e' is set on object 'Object Repository/Page_PSTO webMessenger - Zalogowano/input_Leszek Kowalski_messageInput'

2021-12-21 20:07:26 - [TEST_STEP][PASSED] - click(findTestObject("Page_PSTO webMessenger - Zalogowano/img_Leszek Kowalski_sendButton")): Object: 'Object Repository/Page_PSTO webMessenger - Zalogowano/img_Leszek Kowalski_sendButton' is clicked on

2021-12-21 20:07:29 - [MESSAGE][PASSED] - Object: 'Object Repository/Page_PSTO webMessenger - Zalogowano/img_Leszek Kowalski_sendButton' is clicked on

2021-12-21 20:07:29 - [TEST_STEP][PASSED] - setText(findTestObject("Page_PSTO webMessenger - Zalogowano/input_Leszek Kowalski_messageInput"), "e"): Text 'e' is set on object 'Object Repository/Page_PSTO webMessenger - Zalogowano/input_Leszek Kowalski_messageInput'

2021-12-21 20:07:34 - [MESSAGE][PASSED] - Text 'e' is set on object 'Object Repository/Page_PSTO webMessenger - Zalogowano/input_Leszek Kowalski_messageInput'

2021-12-21 20:07:34 - [TEST_STEP][PASSED] - click(findTestObject("Page_PSTO webMessenger - Zalogowano/img_Leszek Kowalski_sendButton")): Object: 'Object Repository/Page_PSTO webMessenger - Zalogowano/img_Leszek Kowalski_sendButton' is clicked on

2021-12-21 20:07:37 - [MESSAGE][PASSED] - Object: 'Object Repository/Page_PSTO webMessenger - Zalogowano/img_Leszek Kowalski_sendButton' is clicked on

2021-12-21 20:07:37 - [TEST_STEP][PASSED] - setText(findTestObject("Page_PSTO webMessenger - Zalogowano/input_Leszek Kowalski_messageInput"), "e"): Text 'e' is set on object 'Object Repository/Page_PSTO webMessenger - Zalogowano/input_Leszek Kowalski_messageInput'

2021-12-21 20:07:41 - [MESSAGE][PASSED] - Text 'e' is set on object 'Object Repository/Page_PSTO webMessenger - Zalogowano/input_Leszek Kowalski_messageInput'

2021-12-21 20:07:41 - [TEST_STEP][PASSED] - click(findTestObject("Page_PSTO webMessenger - Zalogowano/img_Leszek Kowalski_sendButton")): Object: 'Object Repository/Page_PSTO webMessenger - Zalogowano/img_Leszek Kowalski_sendButton' is clicked on

2021-12-21 20:07:43 - [MESSAGE][PASSED] - Object: 'Object Repository/Page_PSTO webMessenger - Zalogowano/img_Leszek Kowalski_sendButton' is clicked on

2021-12-21 20:07:43 - [TEST_STEP][PASSED] - setText(findTestObject("Page_PSTO webMessenger - Zalogowano/input_Leszek Kowalski_messageInput"), "e"): Text 'e' is set on object 'Object Repository/Page_PSTO webMessenger - Zalogowano/input_Leszek Kowalski_messageInput'

2021-12-21 20:07:47 - [MESSAGE][PASSED] - Text 'e' is set on object 'Object Repository/Page_PSTO webMessenger - Zalogowano/input_Leszek Kowalski_messageInput'

2021-12-21 20:07:47 - [TEST_STEP][PASSED] - click(findTestObject("Page_PSTO webMessenger - Zalogowano/img_Leszek Kowalski_sendButton")): Object: 'Object Repository/Page_PSTO webMessenger - Zalogowano/img_Leszek Kowalski_sendButton' is clicked on

2021-12-21 20:07:50 - [MESSAGE][PASSED] - Object: 'Object Repository/Page_PSTO webMessenger - Zalogowano/img_Leszek Kowalski_sendButton' is clicked on

2021-12-21 20:07:50 - [TEST_STEP][PASSED] - setText(findTestObject("Page_PSTO webMessenger - Zalogowano/input_Leszek Kowalski_messageInput"), "e"): Text 'e' is set on object 'Object Repository/Page_PSTO webMessenger - Zalogowano/input_Leszek Kowalski_messageInput'

2021-12-21 20:07:54 - [MESSAGE][PASSED] - Text 'e' is set on object 'Object Repository/Page_PSTO webMessenger - Zalogowano/input_Leszek Kowalski_messageInput'

2021-12-21 20:07:54 - [TEST_STEP][PASSED] - click(findTestObject("Page_PSTO webMessenger - Zalogowano/img_Leszek Kowalski_sendButton")): Object: 'Object Repository/Page_PSTO webMessenger - Zalogowano/img_Leszek Kowalski_sendButton' is clicked on

2021-12-21 20:07:56 - [MESSAGE][PASSED] - Object: 'Object Repository/Page_PSTO webMessenger - Zalogowano/img_Leszek Kowalski_sendButton' is clicked on

2021-12-21 20:07:56 - [TEST_STEP][PASSED] - setText(findTestObject("Page_PSTO webMessenger - Zalogowano/input_Leszek Kowalski_messageInput"), "e"): Text 'e' is set on object 'Object Repository/Page_PSTO webMessenger - Zalogowano/input_Leszek Kowalski_messageInput'

2021-12-21 20:08:01 - [MESSAGE][PASSED] - Text 'e' is set on object 'Object Repository/Page_PSTO webMessenger - Zalogowano/input_Leszek Kowalski_messageInput'

2021-12-21 20:08:01 - [TEST_STEP][PASSED] - click(findTestObject("Page_PSTO webMessenger - Zalogowano/img_Leszek Kowalski_sendButton")): Object: 'Object Repository/Page_PSTO webMessenger - Zalogowano/img_Leszek Kowalski_sendButton' is clicked on

2021-12-21 20:08:03 - [MESSAGE][PASSED] - Object: 'Object Repository/Page_PSTO webMessenger - Zalogowano/img_Leszek Kowalski_sendButton' is clicked on

2021-12-21 20:08:03 - [TEST_STEP][PASSED] - setText(findTestObject("Page_PSTO webMessenger - Zalogowano/input_Leszek Kowalski_messageInput"), "e"): Text 'e' is set on object 'Object Repository/Page_PSTO webMessenger - Zalogowano/input_Leszek Kowalski_messageInput'

2021-12-21 20:08:07 - [MESSAGE][PASSED] - Text 'e' is set on object 'Object Repository/Page_PSTO webMessenger - Zalogowano/input_Leszek Kowalski_messageInput'

2021-12-21 20:08:07 - [TEST_STEP][PASSED] - click(findTestObject("Page_PSTO webMessenger - Zalogowano/img_Leszek Kowalski_sendButton")): Object: 'Object Repository/Page_PSTO webMessenger - Zalogowano/img_Leszek Kowalski_sendButton' is clicked on

2021-12-21 20:08:09 - [MESSAGE][PASSED] - Object: 'Object Repository/Page_PSTO webMessenger - Zalogowano/img_Leszek Kowalski_sendButton' is clicked on

2021-12-21 20:08:09 - [TEST_STEP][PASSED] - setText(findTestObject("Page_PSTO webMessenger - Zalogowano/input_Leszek Kowalski_messageInput"), "e"): Text 'e' is set on object 'Object Repository/Page_PSTO webMessenger - Zalogowano/input_Leszek Kowalski_messageInput'

2021-12-21 20:08:13 - [MESSAGE][PASSED] - Text 'e' is set on object 'Object Repository/Page_PSTO webMessenger - Zalogowano/input_Leszek Kowalski_messageInput'

2021-12-21 20:08:13 - [TEST_STEP][PASSED] - click(findTestObject("Page_PSTO webMessenger - Zalogowano/img_Leszek Kowalski_sendButton")): Object: 'Object Repository/Page_PSTO webMessenger - Zalogowano/img_Leszek Kowalski_sendButton' is clicked on

2021-12-21 20:08:15 - [MESSAGE][PASSED] - Object: 'Object Repository/Page_PSTO webMessenger - Zalogowano/img_Leszek Kowalski_sendButton' is clicked on

2021-12-21 20:08:15 - [TEST_STEP][PASSED] - setText(findTestObject("Page_PSTO webMessenger - Zalogowano/input_Leszek Kowalski_messageInput"), "e"): Text 'e' is set on object 'Object Repository/Page_PSTO webMessenger - Zalogowano/input_Leszek Kowalski_messageInput'

2021-12-21 20:08:19 - [MESSAGE][PASSED] - Text 'e' is set on object 'Object Repository/Page_PSTO webMessenger - Zalogowano/input_Leszek Kowalski_messageInput'

2021-12-21 20:08:19 - [TEST_STEP][PASSED] - click(findTestObject("Page_PSTO webMessenger - Zalogowano/img_Leszek Kowalski_sendButton")): Object: 'Object Repository/Page_PSTO webMessenger - Zalogowano/img_Leszek Kowalski_sendButton' is clicked on

2021-12-21 20:08:34 - [MESSAGE][PASSED] - Object: 'Object Repository/Page_PSTO webMessenger - Zalogowano/img_Leszek Kowalski_sendButton' is clicked on

2021-12-21 20:08:34 - [TEST_STEP][PASSED] - setText(findTestObject("Page_PSTO webMessenger - Zalogowano/input_Leszek Kowalski_messageInput"), "e"): Text 'e' is set on object 'Object Repository/Page_PSTO webMessenger - Zalogowano/input_Leszek Kowalski_messageInput'

2021-12-21 20:08:50 - [MESSAGE][PASSED] - Text 'e' is set on object 'Object Repository/Page_PSTO webMessenger - Zalogowano/input_Leszek Kowalski_messageInput'

2021-12-21 20:08:50 - [TEST_STEP][PASSED] - click(findTestObject("Page_PSTO webMessenger - Zalogowano/img_Leszek Kowalski_sendButton")): Object: 'Object Repository/Page_PSTO webMessenger - Zalogowano/img_Leszek Kowalski_sendButton' is clicked on

2021-12-21 20:08:52 - [MESSAGE][PASSED] - Object: 'Object Repository/Page_PSTO webMessenger - Zalogowano/img_Leszek Kowalski_sendButton' is clicked on

2021-12-21 20:08:52 - [TEST_STEP][PASSED] - setText(findTestObject("Page_PSTO webMessenger - Zalogowano/input_Leszek Kowalski_messageInput"), "e"): Text 'e' is set on object 'Object Repository/Page_PSTO webMessenger - Zalogowano/input_Leszek Kowalski_messageInput'

2021-12-21 20:08:56 - [MESSAGE][PASSED] - Text 'e' is set on object 'Object Repository/Page_PSTO webMessenger - Zalogowano/input_Leszek Kowalski_messageInput'

2021-12-21 20:08:56 - [TEST_STEP][PASSED] - click(findTestObject("Page_PSTO webMessenger - Zalogowano/img_Leszek Kowalski_sendButton")): Object: 'Object Repository/Page_PSTO webMessenger - Zalogowano/img_Leszek Kowalski_sendButton' is clicked on

2021-12-21 20:09:00 - [MESSAGE][PASSED] - Object: 'Object Repository/Page_PSTO webMessenger - Zalogowano/img_Leszek Kowalski_sendButton' is clicked on

2021-12-21 20:09:00 - [TEST_STEP][PASSED] - setText(findTestObject("Page_PSTO webMessenger - Zalogowano/input_Leszek Kowalski_messageInput"), "e"): Text 'e' is set on object 'Object Repository/Page_PSTO webMessenger - Zalogowano/input_Leszek Kowalski_messageInput'

2021-12-21 20:09:04 - [MESSAGE][PASSED] - Text 'e' is set on object 'Object Repository/Page_PSTO webMessenger - Zalogowano/input_Leszek Kowalski_messageInput'

2021-12-21 20:09:04 - [TEST_STEP][PASSED] - click(findTestObject("Page_PSTO webMessenger - Zalogowano/img_Leszek Kowalski_sendButton")): Object: 'Object Repository/Page_PSTO webMessenger - Zalogowano/img_Leszek Kowalski_sendButton' is clicked on

2021-12-21 20:09:06 - [MESSAGE][PASSED] - Object: 'Object Repository/Page_PSTO webMessenger - Zalogowano/img_Leszek Kowalski_sendButton' is clicked on

2021-12-21 20:09:06 - [TEST_STEP][PASSED] - setText(findTestObject("Page_PSTO webMessenger - Zalogowano/input_Leszek Kowalski_messageInput"), "e"): Text 'e' is set on object 'Object Repository/Page_PSTO webMessenger - Zalogowano/input_Leszek Kowalski_messageInput'

2021-12-21 20:09:10 - [MESSAGE][PASSED] - Text 'e' is set on object 'Object Repository/Page_PSTO webMessenger - Zalogowano/input_Leszek Kowalski_messageInput'

2021-12-21 20:09:10 - [TEST_STEP][PASSED] - click(findTestObject("Page_PSTO webMessenger - Zalogowano/img_Leszek Kowalski_sendButton")): Object: 'Object Repository/Page_PSTO webMessenger - Zalogowano/img_Leszek Kowalski_sendButton' is clicked on

2021-12-21 20:09:12 - [MESSAGE][PASSED] - Object: 'Object Repository/Page_PSTO webMessenger - Zalogowano/img_Leszek Kowalski_sendButton' is clicked on

2021-12-21 20:09:12 - [TEST_STEP][PASSED] - setText(findTestObject("Page_PSTO webMessenger - Zalogowano/input_Leszek Kowalski_messageInput"), "e"): Text 'e' is set on object 'Object Repository/Page_PSTO webMessenger - Zalogowano/input_Leszek Kowalski_messageInput'

2021-12-21 20:09:16 - [MESSAGE][PASSED] - Text 'e' is set on object 'Object Repository/Page_PSTO webMessenger - Zalogowano/input_Leszek Kowalski_messageInput'

2021-12-21 20:09:16 - [TEST_STEP][PASSED] - click(findTestObject("Page_PSTO webMessenger - Zalogowano/img_Leszek Kowalski_sendButton")): Object: 'Object Repository/Page_PSTO webMessenger - Zalogowano/img_Leszek Kowalski_sendButton' is clicked on

2021-12-21 20:09:18 - [MESSAGE][PASSED] - Object: 'Object Repository/Page_PSTO webMessenger - Zalogowano/img_Leszek Kowalski_sendButton' is clicked on

2021-12-21 20:09:18 - [TEST_STEP][PASSED] - setText(findTestObject("Page_PSTO webMessenger - Zalogowano/input_Leszek Kowalski_messageInput"), "e"): Text 'e' is set on object 'Object Repository/Page_PSTO webMessenger - Zalogowano/input_Leszek Kowalski_messageInput'

2021-12-21 20:09:22 - [MESSAGE][PASSED] - Text 'e' is set on object 'Object Repository/Page_PSTO webMessenger - Zalogowano/input_Leszek Kowalski_messageInput'

2021-12-21 20:09:22 - [TEST_STEP][PASSED] - click(findTestObject("Page_PSTO webMessenger - Zalogowano/img_Leszek Kowalski_sendButton")): Object: 'Object Repository/Page_PSTO webMessenger - Zalogowano/img_Leszek Kowalski_sendButton' is clicked on

2021-12-21 20:09:24 - [MESSAGE][PASSED] - Object: 'Object Repository/Page_PSTO webMessenger - Zalogowano/img_Leszek Kowalski_sendButton' is clicked on

2021-12-21 20:09:24 - [TEST_STEP][PASSED] - setText(findTestObject("Page_PSTO webMessenger - Zalogowano/input_Leszek Kowalski_messageInput"), "e"): Text 'e' is set on object 'Object Repository/Page_PSTO webMessenger - Zalogowano/input_Leszek Kowalski_messageInput'

2021-12-21 20:09:28 - [MESSAGE][PASSED] - Text 'e' is set on object 'Object Repository/Page_PSTO webMessenger - Zalogowano/input_Leszek Kowalski_messageInput'

2021-12-21 20:09:28 - [TEST_STEP][PASSED] - click(findTestObject("Page_PSTO webMessenger - Zalogowano/img_Leszek Kowalski_sendButton")): Object: 'Object Repository/Page_PSTO webMessenger - Zalogowano/img_Leszek Kowalski_sendButton' is clicked on

2021-12-21 20:09:30 - [MESSAGE][PASSED] - Object: 'Object Repository/Page_PSTO webMessenger - Zalogowano/img_Leszek Kowalski_sendButton' is clicked on

2021-12-21 20:09:30 - [TEST_STEP][PASSED] - setText(findTestObject("Page_PSTO webMessenger - Zalogowano/input_Leszek Kowalski_messageInput"), "e"): Text 'e' is set on object 'Object Repository/Page_PSTO webMessenger - Zalogowano/input_Leszek Kowalski_messageInput'

2021-12-21 20:09:34 - [MESSAGE][PASSED] - Text 'e' is set on object 'Object Repository/Page_PSTO webMessenger - Zalogowano/input_Leszek Kowalski_messageInput'

2021-12-21 20:09:34 - [TEST_STEP][PASSED] - click(findTestObject("Page_PSTO webMessenger - Zalogowano/img_Leszek Kowalski_sendButton")): Object: 'Object Repository/Page_PSTO webMessenger - Zalogowano/img_Leszek Kowalski_sendButton' is clicked on

2021-12-21 20:09:36 - [MESSAGE][PASSED] - Object: 'Object Repository/Page_PSTO webMessenger - Zalogowano/img_Leszek Kowalski_sendButton' is clicked on

2021-12-21 20:09:36 - [TEST_STEP][PASSED] - setText(findTestObject("Page_PSTO webMessenger - Zalogowano/input_Leszek Kowalski_messageInput"), "e"): Text 'e' is set on object 'Object Repository/Page_PSTO webMessenger - Zalogowano/input_Leszek Kowalski_messageInput'

2021-12-21 20:09:40 - [MESSAGE][PASSED] - Text 'e' is set on object 'Object Repository/Page_PSTO webMessenger - Zalogowano/input_Leszek Kowalski_messageInput'

2021-12-21 20:09:40 - [TEST_STEP][PASSED] - click(findTestObject("Page_PSTO webMessenger - Zalogowano/img_Leszek Kowalski_sendButton")): Object: 'Object Repository/Page_PSTO webMessenger - Zalogowano/img_Leszek Kowalski_sendButton' is clicked on

2021-12-21 20:09:42 - [MESSAGE][PASSED] - Object: 'Object Repository/Page_PSTO webMessenger - Zalogowano/img_Leszek Kowalski_sendButton' is clicked on

2021-12-21 20:09:42 - [TEST_STEP][PASSED] - setText(findTestObject("Page_PSTO webMessenger - Zalogowano/input_Leszek Kowalski_messageInput"), "e"): Text 'e' is set on object 'Object Repository/Page_PSTO webMessenger - Zalogowano/input_Leszek Kowalski_messageInput'

2021-12-21 20:09:46 - [MESSAGE][PASSED] - Text 'e' is set on object 'Object Repository/Page_PSTO webMessenger - Zalogowano/input_Leszek Kowalski_messageInput'

2021-12-21 20:09:46 - [TEST_STEP][PASSED] - click(findTestObject("Page_PSTO webMessenger - Zalogowano/img_Leszek Kowalski_sendButton")): Object: 'Object Repository/Page_PSTO webMessenger - Zalogowano/img_Leszek Kowalski_sendButton' is clicked on

2021-12-21 20:09:48 - [MESSAGE][PASSED] - Object: 'Object Repository/Page_PSTO webMessenger - Zalogowano/img_Leszek Kowalski_sendButton' is clicked on

2021-12-21 20:09:48 - [TEST_STEP][PASSED] - setText(findTestObject("Page_PSTO webMessenger - Zalogowano/input_Leszek Kowalski_messageInput"), "e"): Text 'e' is set on object 'Object Repository/Page_PSTO webMessenger - Zalogowano/input_Leszek Kowalski_messageInput'

2021-12-21 20:09:52 - [MESSAGE][PASSED] - Text 'e' is set on object 'Object Repository/Page_PSTO webMessenger - Zalogowano/input_Leszek Kowalski_messageInput'

2021-12-21 20:09:52 - [TEST_STEP][PASSED] - click(findTestObject("Page_PSTO webMessenger - Zalogowano/img_Leszek Kowalski_sendButton")): Object: 'Object Repository/Page_PSTO webMessenger - Zalogowano/img_Leszek Kowalski_sendButton' is clicked on

2021-12-21 20:09:54 - [MESSAGE][PASSED] - Object: 'Object Repository/Page_PSTO webMessenger - Zalogowano/img_Leszek Kowalski_sendButton' is clicked on

2021-12-21 20:09:54 - [TEST_STEP][PASSED] - setText(findTestObject("Page_PSTO webMessenger - Zalogowano/input_Leszek Kowalski_messageInput"), "e"): Text 'e' is set on object 'Object Repository/Page_PSTO webMessenger - Zalogowano/input_Leszek Kowalski_messageInput'

2021-12-21 20:09:59 - [MESSAGE][PASSED] - Text 'e' is set on object 'Object Repository/Page_PSTO webMessenger - Zalogowano/input_Leszek Kowalski_messageInput'

2021-12-21 20:09:59 - [TEST_STEP][PASSED] - click(findTestObject("Page_PSTO webMessenger - Zalogowano/img_Leszek Kowalski_sendButton")): Object: 'Object Repository/Page_PSTO webMessenger - Zalogowano/img_Leszek Kowalski_sendButton' is clicked on

2021-12-21 20:10:01 - [MESSAGE][PASSED] - Object: 'Object Repository/Page_PSTO webMessenger - Zalogowano/img_Leszek Kowalski_sendButton' is clicked on

2021-12-21 20:10:01 - [TEST_STEP][PASSED] - setText(findTestObject("Page_PSTO webMessenger - Zalogowano/input_Leszek Kowalski_messageInput"), "e"): Text 'e' is set on object 'Object Repository/Page_PSTO webMessenger - Zalogowano/input_Leszek Kowalski_messageInput'

2021-12-21 20:10:05 - [MESSAGE][PASSED] - Text 'e' is set on object 'Object Repository/Page_PSTO webMessenger - Zalogowano/input_Leszek Kowalski_messageInput'

2021-12-21 20:10:05 - [TEST_STEP][PASSED] - click(findTestObject("Page_PSTO webMessenger - Zalogowano/img_Leszek Kowalski_sendButton")): Object: 'Object Repository/Page_PSTO webMessenger - Zalogowano/img_Leszek Kowalski_sendButton' is clicked on

2021-12-21 20:10:07 - [MESSAGE][PASSED] - Object: 'Object Repository/Page_PSTO webMessenger - Zalogowano/img_Leszek Kowalski_sendButton' is clicked on

2021-12-21 20:10:07 - [TEST_STEP][PASSED] - setText(findTestObject("Page_PSTO webMessenger - Zalogowano/input_Leszek Kowalski_messageInput"), "e"): Text 'e' is set on object 'Object Repository/Page_PSTO webMessenger - Zalogowano/input_Leszek Kowalski_messageInput'

2021-12-21 20:10:12 - [MESSAGE][PASSED] - Text 'e' is set on object 'Object Repository/Page_PSTO webMessenger - Zalogowano/input_Leszek Kowalski_messageInput'

2021-12-21 20:10:12 - [TEST_STEP][PASSED] - click(findTestObject("Page_PSTO webMessenger - Zalogowano/img_Leszek Kowalski_sendButton")): Object: 'Object Repository/Page_PSTO webMessenger - Zalogowano/img_Leszek Kowalski_sendButton' is clicked on

2021-12-21 20:10:14 - [MESSAGE][PASSED] - Object: 'Object Repository/Page_PSTO webMessenger - Zalogowano/img_Leszek Kowalski_sendButton' is clicked on

2021-12-21 20:10:14 - [TEST_STEP][PASSED] - setText(findTestObject("Page_PSTO webMessenger - Zalogowano/input_Leszek Kowalski_messageInput"), "e"): Text 'e' is set on object 'Object Repository/Page_PSTO webMessenger - Zalogowano/input_Leszek Kowalski_messageInput'

2021-12-21 20:10:18 - [MESSAGE][PASSED] - Text 'e' is set on object 'Object Repository/Page_PSTO webMessenger - Zalogowano/input_Leszek Kowalski_messageInput'

2021-12-21 20:10:18 - [TEST_STEP][PASSED] - click(findTestObject("Page_PSTO webMessenger - Zalogowano/img_Leszek Kowalski_sendButton")): Object: 'Object Repository/Page_PSTO webMessenger - Zalogowano/img_Leszek Kowalski_sendButton' is clicked on

2021-12-21 20:10:20 - [MESSAGE][PASSED] - Object: 'Object Repository/Page_PSTO webMessenger - Zalogowano/img_Leszek Kowalski_sendButton' is clicked on

2021-12-21 20:10:20 - [TEST_STEP][PASSED] - setText(findTestObject("Page_PSTO webMessenger - Zalogowano/input_Leszek Kowalski_messageInput"), "e"): Text 'e' is set on object 'Object Repository/Page_PSTO webMessenger - Zalogowano/input_Leszek Kowalski_messageInput'

2021-12-21 20:10:24 - [MESSAGE][PASSED] - Text 'e' is set on object 'Object Repository/Page_PSTO webMessenger - Zalogowano/input_Leszek Kowalski_messageInput'

2021-12-21 20:10:24 - [TEST_STEP][PASSED] - click(findTestObject("Page_PSTO webMessenger - Zalogowano/img_Leszek Kowalski_sendButton")): Object: 'Object Repository/Page_PSTO webMessenger - Zalogowano/img_Leszek Kowalski_sendButton' is clicked on

2021-12-21 20:10:26 - [MESSAGE][PASSED] - Object: 'Object Repository/Page_PSTO webMessenger - Zalogowano/img_Leszek Kowalski_sendButton' is clicked on

2021-12-21 20:10:26 - [TEST_STEP][PASSED] - setText(findTestObject("Page_PSTO webMessenger - Zalogowano/input_Leszek Kowalski_messageInput"), "e"): Text 'e' is set on object 'Object Repository/Page_PSTO webMessenger - Zalogowano/input_Leszek Kowalski_messageInput'

2021-12-21 20:10:30 - [MESSAGE][PASSED] - Text 'e' is set on object 'Object Repository/Page_PSTO webMessenger - Zalogowano/input_Leszek Kowalski_messageInput'

2021-12-21 20:10:30 - [TEST_STEP][PASSED] - click(findTestObject("Page_PSTO webMessenger - Zalogowano/img_Leszek Kowalski_sendButton")): Object: 'Object Repository/Page_PSTO webMessenger - Zalogowano/img_Leszek Kowalski_sendButton' is clicked on

2021-12-21 20:10:32 - [MESSAGE][PASSED] - Object: 'Object Repository/Page_PSTO webMessenger - Zalogowano/img_Leszek Kowalski_sendButton' is clicked on

2021-12-21 20:10:32 - [TEST_STEP][PASSED] - setText(findTestObject("Page_PSTO webMessenger - Zalogowano/input_Leszek Kowalski_messageInput"), "e"): Text 'e' is set on object 'Object Repository/Page_PSTO webMessenger - Zalogowano/input_Leszek Kowalski_messageInput'

2021-12-21 20:10:36 - [MESSAGE][PASSED] - Text 'e' is set on object 'Object Repository/Page_PSTO webMessenger - Zalogowano/input_Leszek Kowalski_messageInput'

2021-12-21 20:10:36 - [TEST_STEP][PASSED] - click(findTestObject("Page_PSTO webMessenger - Zalogowano/img_Leszek Kowalski_sendButton")): Object: 'Object Repository/Page_PSTO webMessenger - Zalogowano/img_Leszek Kowalski_sendButton' is clicked on

2021-12-21 20:10:38 - [MESSAGE][PASSED] - Object: 'Object Repository/Page_PSTO webMessenger - Zalogowano/img_Leszek Kowalski_sendButton' is clicked on

2021-12-21 20:10:38 - [TEST_STEP][PASSED] - setText(findTestObject("Page_PSTO webMessenger - Zalogowano/input_Leszek Kowalski_messageInput"), "e"): Text 'e' is set on object 'Object Repository/Page_PSTO webMessenger - Zalogowano/input_Leszek Kowalski_messageInput'

2021-12-21 20:10:42 - [MESSAGE][PASSED] - Text 'e' is set on object 'Object Repository/Page_PSTO webMessenger - Zalogowano/input_Leszek Kowalski_messageInput'

2021-12-21 20:10:42 - [TEST_STEP][PASSED] - click(findTestObject("Page_PSTO webMessenger - Zalogowano/img_Leszek Kowalski_sendButton")): Object: 'Object Repository/Page_PSTO webMessenger - Zalogowano/img_Leszek Kowalski_sendButton' is clicked on

2021-12-21 20:10:44 - [MESSAGE][PASSED] - Object: 'Object Repository/Page_PSTO webMessenger - Zalogowano/img_Leszek Kowalski_sendButton' is clicked on

2021-12-21 20:10:44 - [TEST_STEP][PASSED] - setText(findTestObject("Page_PSTO webMessenger - Zalogowano/input_Leszek Kowalski_messageInput"), "e"): Text 'e' is set on object 'Object Repository/Page_PSTO webMessenger - Zalogowano/input_Leszek Kowalski_messageInput'

2021-12-21 20:10:48 - [MESSAGE][PASSED] - Text 'e' is set on object 'Object Repository/Page_PSTO webMessenger - Zalogowano/input_Leszek Kowalski_messageInput'

2021-12-21 20:10:48 - [TEST_STEP][PASSED] - click(findTestObject("Page_PSTO webMessenger - Zalogowano/img_Leszek Kowalski_sendButton")): Object: 'Object Repository/Page_PSTO webMessenger - Zalogowano/img_Leszek Kowalski_sendButton' is clicked on

2021-12-21 20:10:50 - [MESSAGE][PASSED] - Object: 'Object Repository/Page_PSTO webMessenger - Zalogowano/img_Leszek Kowalski_sendButton' is clicked on

2021-12-21 20:10:50 - [TEST_STEP][PASSED] - setText(findTestObject("Page_PSTO webMessenger - Zalogowano/input_Leszek Kowalski_messageInput"), "e"): Text 'e' is set on object 'Object Repository/Page_PSTO webMessenger - Zalogowano/input_Leszek Kowalski_messageInput'

2021-12-21 20:10:54 - [MESSAGE][PASSED] - Text 'e' is set on object 'Object Repository/Page_PSTO webMessenger - Zalogowano/input_Leszek Kowalski_messageInput'

2021-12-21 20:10:54 - [TEST_STEP][PASSED] - click(findTestObject("Page_PSTO webMessenger - Zalogowano/img_Leszek Kowalski_sendButton")): Object: 'Object Repository/Page_PSTO webMessenger - Zalogowano/img_Leszek Kowalski_sendButton' is clicked on

2021-12-21 20:10:56 - [MESSAGE][PASSED] - Object: 'Object Repository/Page_PSTO webMessenger - Zalogowano/img_Leszek Kowalski_sendButton' is clicked on

2021-12-21 20:10:56 - [TEST_STEP][PASSED] - setText(findTestObject("Page_PSTO webMessenger - Zalogowano/input_Leszek Kowalski_messageInput"), "e"): Text 'e' is set on object 'Object Repository/Page_PSTO webMessenger - Zalogowano/input_Leszek Kowalski_messageInput'

2021-12-21 20:11:01 - [MESSAGE][PASSED] - Text 'e' is set on object 'Object Repository/Page_PSTO webMessenger - Zalogowano/input_Leszek Kowalski_messageInput'

2021-12-21 20:11:01 - [TEST_STEP][PASSED] - click(findTestObject("Page_PSTO webMessenger - Zalogowano/img_Leszek Kowalski_sendButton")): Object: 'Object Repository/Page_PSTO webMessenger - Zalogowano/img_Leszek Kowalski_sendButton' is clicked on

2021-12-21 20:11:03 - [MESSAGE][PASSED] - Object: 'Object Repository/Page_PSTO webMessenger - Zalogowano/img_Leszek Kowalski_sendButton' is clicked on

2021-12-21 20:11:03 - [TEST_STEP][PASSED] - setText(findTestObject("Page_PSTO webMessenger - Zalogowano/input_Leszek Kowalski_messageInput"), "e"): Text 'e' is set on object 'Object Repository/Page_PSTO webMessenger - Zalogowano/input_Leszek Kowalski_messageInput'

2021-12-21 20:11:07 - [MESSAGE][PASSED] - Text 'e' is set on object 'Object Repository/Page_PSTO webMessenger - Zalogowano/input_Leszek Kowalski_messageInput'

2021-12-21 20:11:07 - [TEST_STEP][PASSED] - click(findTestObject("Page_PSTO webMessenger - Zalogowano/img_Leszek Kowalski_sendButton")): Object: 'Object Repository/Page_PSTO webMessenger - Zalogowano/img_Leszek Kowalski_sendButton' is clicked on

2021-12-21 20:11:09 - [MESSAGE][PASSED] - Object: 'Object Repository/Page_PSTO webMessenger - Zalogowano/img_Leszek Kowalski_sendButton' is clicked on

2021-12-21 20:11:09 - [TEST_STEP][PASSED] - setText(findTestObject("Page_PSTO webMessenger - Zalogowano/input_Leszek Kowalski_messageInput"), "e"): Text 'e' is set on object 'Object Repository/Page_PSTO webMessenger - Zalogowano/input_Leszek Kowalski_messageInput'

2021-12-21 20:11:13 - [MESSAGE][PASSED] - Text 'e' is set on object 'Object Repository/Page_PSTO webMessenger - Zalogowano/input_Leszek Kowalski_messageInput'

2021-12-21 20:11:13 - [TEST_STEP][PASSED] - click(findTestObject("Page_PSTO webMessenger - Zalogowano/img_Leszek Kowalski_sendButton")): Object: 'Object Repository/Page_PSTO webMessenger - Zalogowano/img_Leszek Kowalski_sendButton' is clicked on

2021-12-21 20:11:15 - [MESSAGE][PASSED] - Object: 'Object Repository/Page_PSTO webMessenger - Zalogowano/img_Leszek Kowalski_sendButton' is clicked on

2021-12-21 20:11:15 - [TEST_STEP][PASSED] - setText(findTestObject("Page_PSTO webMessenger - Zalogowano/input_Leszek Kowalski_messageInput"), "e"): Text 'e' is set on object 'Object Repository/Page_PSTO webMessenger - Zalogowano/input_Leszek Kowalski_messageInput'

2021-12-21 20:11:19 - [MESSAGE][PASSED] - Text 'e' is set on object 'Object Repository/Page_PSTO webMessenger - Zalogowano/input_Leszek Kowalski_messageInput'

2021-12-21 20:11:19 - [TEST_STEP][PASSED] - click(findTestObject("Page_PSTO webMessenger - Zalogowano/img_Leszek Kowalski_sendButton")): Object: 'Object Repository/Page_PSTO webMessenger - Zalogowano/img_Leszek Kowalski_sendButton' is clicked on

2021-12-21 20:11:21 - [MESSAGE][PASSED] - Object: 'Object Repository/Page_PSTO webMessenger - Zalogowano/img_Leszek Kowalski_sendButton' is clicked on

2021-12-21 20:11:21 - [TEST_STEP][PASSED] - setText(findTestObject("Page_PSTO webMessenger - Zalogowano/input_Leszek Kowalski_messageInput"), "e"): Text 'e' is set on object 'Object Repository/Page_PSTO webMessenger - Zalogowano/input_Leszek Kowalski_messageInput'

2021-12-21 20:11:25 - [MESSAGE][PASSED] - Text 'e' is set on object 'Object Repository/Page_PSTO webMessenger - Zalogowano/input_Leszek Kowalski_messageInput'

2021-12-21 20:11:25 - [TEST_STEP][PASSED] - click(findTestObject("Page_PSTO webMessenger - Zalogowano/img_Leszek Kowalski_sendButton")): Object: 'Object Repository/Page_PSTO webMessenger - Zalogowano/img_Leszek Kowalski_sendButton' is clicked on

2021-12-21 20:11:27 - [MESSAGE][PASSED] - Object: 'Object Repository/Page_PSTO webMessenger - Zalogowano/img_Leszek Kowalski_sendButton' is clicked on

2021-12-21 20:11:27 - [TEST_STEP][PASSED] - setText(findTestObject("Page_PSTO webMessenger - Zalogowano/input_Leszek Kowalski_messageInput"), "e"): Text 'e' is set on object 'Object Repository/Page_PSTO webMessenger - Zalogowano/input_Leszek Kowalski_messageInput'

2021-12-21 20:11:31 - [MESSAGE][PASSED] - Text 'e' is set on object 'Object Repository/Page_PSTO webMessenger - Zalogowano/input_Leszek Kowalski_messageInput'

2021-12-21 20:11:31 - [TEST_STEP][PASSED] - click(findTestObject("Page_PSTO webMessenger - Zalogowano/img_Leszek Kowalski_sendButton")): Object: 'Object Repository/Page_PSTO webMessenger - Zalogowano/img_Leszek Kowalski_sendButton' is clicked on

2021-12-21 20:11:33 - [MESSAGE][PASSED] - Object: 'Object Repository/Page_PSTO webMessenger - Zalogowano/img_Leszek Kowalski_sendButton' is clicked on

2021-12-21 20:11:33 - [TEST_STEP][PASSED] - setText(findTestObject("Page_PSTO webMessenger - Zalogowano/input_Leszek Kowalski_messageInput"), "e"): Text 'e' is set on object 'Object Repository/Page_PSTO webMessenger - Zalogowano/input_Leszek Kowalski_messageInput'

2021-12-21 20:11:37 - [MESSAGE][PASSED] - Text 'e' is set on object 'Object Repository/Page_PSTO webMessenger - Zalogowano/input_Leszek Kowalski_messageInput'

2021-12-21 20:11:37 - [TEST_STEP][PASSED] - click(findTestObject("Page_PSTO webMessenger - Zalogowano/img_Leszek Kowalski_sendButton")): Object: 'Object Repository/Page_PSTO webMessenger - Zalogowano/img_Leszek Kowalski_sendButton' is clicked on

2021-12-21 20:11:39 - [MESSAGE][PASSED] - Object: 'Object Repository/Page_PSTO webMessenger - Zalogowano/img_Leszek Kowalski_sendButton' is clicked on

2021-12-21 20:11:39 - [TEST_STEP][PASSED] - setText(findTestObject("Page_PSTO webMessenger - Zalogowano/input_Leszek Kowalski_messageInput"), "e"): Text 'e' is set on object 'Object Repository/Page_PSTO webMessenger - Zalogowano/input_Leszek Kowalski_messageInput'

2021-12-21 20:11:43 - [MESSAGE][PASSED] - Text 'e' is set on object 'Object Repository/Page_PSTO webMessenger - Zalogowano/input_Leszek Kowalski_messageInput'

2021-12-21 20:11:43 - [TEST_STEP][PASSED] - click(findTestObject("Page_PSTO webMessenger - Zalogowano/img_Leszek Kowalski_sendButton")): Object: 'Object Repository/Page_PSTO webMessenger - Zalogowano/img_Leszek Kowalski_sendButton' is clicked on

2021-12-21 20:11:45 - [MESSAGE][PASSED] - Object: 'Object Repository/Page_PSTO webMessenger - Zalogowano/img_Leszek Kowalski_sendButton' is clicked on

2021-12-21 20:11:45 - [TEST_STEP][PASSED] - setText(findTestObject("Page_PSTO webMessenger - Zalogowano/input_Leszek Kowalski_messageInput"), "e"): Text 'e' is set on object 'Object Repository/Page_PSTO webMessenger - Zalogowano/input_Leszek Kowalski_messageInput'

2021-12-21 20:11:49 - [MESSAGE][PASSED] - Text 'e' is set on object 'Object Repository/Page_PSTO webMessenger - Zalogowano/input_Leszek Kowalski_messageInput'

2021-12-21 20:11:49 - [TEST_STEP][PASSED] - click(findTestObject("Page_PSTO webMessenger - Zalogowano/img_Leszek Kowalski_sendButton")): Object: 'Object Repository/Page_PSTO webMessenger - Zalogowano/img_Leszek Kowalski_sendButton' is clicked on

2021-12-21 20:11:51 - [MESSAGE][PASSED] - Object: 'Object Repository/Page_PSTO webMessenger - Zalogowano/img_Leszek Kowalski_sendButton' is clicked on

2021-12-21 20:11:51 - [TEST_STEP][PASSED] - setText(findTestObject("Page_PSTO webMessenger - Zalogowano/input_Leszek Kowalski_messageInput"), "e"): Text 'e' is set on object 'Object Repository/Page_PSTO webMessenger - Zalogowano/input_Leszek Kowalski_messageInput'

2021-12-21 20:11:55 - [MESSAGE][PASSED] - Text 'e' is set on object 'Object Repository/Page_PSTO webMessenger - Zalogowano/input_Leszek Kowalski_messageInput'

2021-12-21 20:11:55 - [TEST_STEP][PASSED] - click(findTestObject("Page_PSTO webMessenger - Zalogowano/img_Leszek Kowalski_sendButton")): Object: 'Object Repository/Page_PSTO webMessenger - Zalogowano/img_Leszek Kowalski_sendButton' is clicked on

2021-12-21 20:11:57 - [MESSAGE][PASSED] - Object: 'Object Repository/Page_PSTO webMessenger - Zalogowano/img_Leszek Kowalski_sendButton' is clicked on

2021-12-21 20:11:57 - [TEST_STEP][PASSED] - setText(findTestObject("Page_PSTO webMessenger - Zalogowano/input_Leszek Kowalski_messageInput"), "e"): Text 'e' is set on object 'Object Repository/Page_PSTO webMessenger - Zalogowano/input_Leszek Kowalski_messageInput'

2021-12-21 20:12:01 - [MESSAGE][PASSED] - Text 'e' is set on object 'Object Repository/Page_PSTO webMessenger - Zalogowano/input_Leszek Kowalski_messageInput'

2021-12-21 20:12:01 - [TEST_STEP][PASSED] - click(findTestObject("Page_PSTO webMessenger - Zalogowano/img_Leszek Kowalski_sendButton")): Object: 'Object Repository/Page_PSTO webMessenger - Zalogowano/img_Leszek Kowalski_sendButton' is clicked on

2021-12-21 20:12:03 - [MESSAGE][PASSED] - Object: 'Object Repository/Page_PSTO webMessenger - Zalogowano/img_Leszek Kowalski_sendButton' is clicked on

2021-12-21 20:12:03 - [TEST_STEP][PASSED] - setText(findTestObject("Page_PSTO webMessenger - Zalogowano/input_Leszek Kowalski_messageInput"), "e"): Text 'e' is set on object 'Object Repository/Page_PSTO webMessenger - Zalogowano/input_Leszek Kowalski_messageInput'

2021-12-21 20:12:07 - [MESSAGE][PASSED] - Text 'e' is set on object 'Object Repository/Page_PSTO webMessenger - Zalogowano/input_Leszek Kowalski_messageInput'

2021-12-21 20:12:07 - [TEST_STEP][PASSED] - click(findTestObject("Page_PSTO webMessenger - Zalogowano/img_Leszek Kowalski_sendButton")): Object: 'Object Repository/Page_PSTO webMessenger - Zalogowano/img_Leszek Kowalski_sendButton' is clicked on

2021-12-21 20:12:09 - [MESSAGE][PASSED] - Object: 'Object Repository/Page_PSTO webMessenger - Zalogowano/img_Leszek Kowalski_sendButton' is clicked on

2021-12-21 20:12:09 - [TEST_STEP][PASSED] - setText(findTestObject("Page_PSTO webMessenger - Zalogowano/input_Leszek Kowalski_messageInput"), "e"): Text 'e' is set on object 'Object Repository/Page_PSTO webMessenger - Zalogowano/input_Leszek Kowalski_messageInput'

2021-12-21 20:12:13 - [MESSAGE][PASSED] - Text 'e' is set on object 'Object Repository/Page_PSTO webMessenger - Zalogowano/input_Leszek Kowalski_messageInput'

2021-12-21 20:12:13 - [TEST_STEP][PASSED] - click(findTestObject("Page_PSTO webMessenger - Zalogowano/img_Leszek Kowalski_sendButton")): Object: 'Object Repository/Page_PSTO webMessenger - Zalogowano/img_Leszek Kowalski_sendButton' is clicked on

2021-12-21 20:12:15 - [MESSAGE][PASSED] - Object: 'Object Repository/Page_PSTO webMessenger - Zalogowano/img_Leszek Kowalski_sendButton' is clicked on

2021-12-21 20:12:15 - [TEST_STEP][PASSED] - setText(findTestObject("Page_PSTO webMessenger - Zalogowano/input_Leszek Kowalski_messageInput"), "e"): Text 'e' is set on object 'Object Repository/Page_PSTO webMessenger - Zalogowano/input_Leszek Kowalski_messageInput'

2021-12-21 20:12:19 - [MESSAGE][PASSED] - Text 'e' is set on object 'Object Repository/Page_PSTO webMessenger - Zalogowano/input_Leszek Kowalski_messageInput'

2021-12-21 20:12:19 - [TEST_STEP][PASSED] - click(findTestObject("Page_PSTO webMessenger - Zalogowano/img_Leszek Kowalski_sendButton")): Object: 'Object Repository/Page_PSTO webMessenger - Zalogowano/img_Leszek Kowalski_sendButton' is clicked on

2021-12-21 20:12:21 - [MESSAGE][PASSED] - Object: 'Object Repository/Page_PSTO webMessenger - Zalogowano/img_Leszek Kowalski_sendButton' is clicked on

2021-12-21 20:12:21 - [TEST_STEP][PASSED] - setText(findTestObject("Page_PSTO webMessenger - Zalogowano/input_Leszek Kowalski_messageInput"), "e"): Text 'e' is set on object 'Object Repository/Page_PSTO webMessenger - Zalogowano/input_Leszek Kowalski_messageInput'

2021-12-21 20:12:25 - [MESSAGE][PASSED] - Text 'e' is set on object 'Object Repository/Page_PSTO webMessenger - Zalogowano/input_Leszek Kowalski_messageInput'

2021-12-21 20:12:25 - [TEST_STEP][PASSED] - click(findTestObject("Page_PSTO webMessenger - Zalogowano/img_Leszek Kowalski_sendButton")): Object: 'Object Repository/Page_PSTO webMessenger - Zalogowano/img_Leszek Kowalski_sendButton' is clicked on

2021-12-21 20:12:27 - [MESSAGE][PASSED] - Object: 'Object Repository/Page_PSTO webMessenger - Zalogowano/img_Leszek Kowalski_sendButton' is clicked on

2021-12-21 20:12:27 - [TEST_STEP][PASSED] - setText(findTestObject("Page_PSTO webMessenger - Zalogowano/input_Leszek Kowalski_messageInput"), "e"): Text 'e' is set on object 'Object Repository/Page_PSTO webMessenger - Zalogowano/input_Leszek Kowalski_messageInput'

2021-12-21 20:12:31 - [MESSAGE][PASSED] - Text 'e' is set on object 'Object Repository/Page_PSTO webMessenger - Zalogowano/input_Leszek Kowalski_messageInput'

2021-12-21 20:12:31 - [TEST_STEP][PASSED] - click(findTestObject("Page_PSTO webMessenger - Zalogowano/img_Leszek Kowalski_sendButton")): Object: 'Object Repository/Page_PSTO webMessenger - Zalogowano/img_Leszek Kowalski_sendButton' is clicked on

2021-12-21 20:12:33 - [MESSAGE][PASSED] - Object: 'Object Repository/Page_PSTO webMessenger - Zalogowano/img_Leszek Kowalski_sendButton' is clicked on

2021-12-21 20:12:33 - [TEST_STEP][PASSED] - setText(findTestObject("Page_PSTO webMessenger - Zalogowano/input_Leszek Kowalski_messageInput"), "e"): Text 'e' is set on object 'Object Repository/Page_PSTO webMessenger - Zalogowano/input_Leszek Kowalski_messageInput'

2021-12-21 20:12:37 - [MESSAGE][PASSED] - Text 'e' is set on object 'Object Repository/Page_PSTO webMessenger - Zalogowano/input_Leszek Kowalski_messageInput'

2021-12-21 20:12:37 - [TEST_STEP][PASSED] - click(findTestObject("Page_PSTO webMessenger - Zalogowano/img_Leszek Kowalski_sendButton")): Object: 'Object Repository/Page_PSTO webMessenger - Zalogowano/img_Leszek Kowalski_sendButton' is clicked on

2021-12-21 20:12:39 - [MESSAGE][PASSED] - Object: 'Object Repository/Page_PSTO webMessenger - Zalogowano/img_Leszek Kowalski_sendButton' is clicked on

2021-12-21 20:12:39 - [TEST_STEP][PASSED] - setText(findTestObject("Page_PSTO webMessenger - Zalogowano/input_Leszek Kowalski_messageInput"), "e"): Text 'e' is set on object 'Object Repository/Page_PSTO webMessenger - Zalogowano/input_Leszek Kowalski_messageInput'

2021-12-21 20:12:43 - [MESSAGE][PASSED] - Text 'e' is set on object 'Object Repository/Page_PSTO webMessenger - Zalogowano/input_Leszek Kowalski_messageInput'

2021-12-21 20:12:43 - [TEST_STEP][PASSED] - click(findTestObject("Page_PSTO webMessenger - Zalogowano/img_Leszek Kowalski_sendButton")): Object: 'Object Repository/Page_PSTO webMessenger - Zalogowano/img_Leszek Kowalski_sendButton' is clicked on

2021-12-21 20:12:45 - [MESSAGE][PASSED] - Object: 'Object Repository/Page_PSTO webMessenger - Zalogowano/img_Leszek Kowalski_sendButton' is clicked on

2021-12-21 20:12:45 - [TEST_STEP][PASSED] - setText(findTestObject("Page_PSTO webMessenger - Zalogowano/input_Leszek Kowalski_messageInput"), "e"): Text 'e' is set on object 'Object Repository/Page_PSTO webMessenger - Zalogowano/input_Leszek Kowalski_messageInput'

2021-12-21 20:12:49 - [MESSAGE][PASSED] - Text 'e' is set on object 'Object Repository/Page_PSTO webMessenger - Zalogowano/input_Leszek Kowalski_messageInput'

2021-12-21 20:12:49 - [TEST_STEP][PASSED] - click(findTestObject("Page_PSTO webMessenger - Zalogowano/img_Leszek Kowalski_sendButton")): Object: 'Object Repository/Page_PSTO webMessenger - Zalogowano/img_Leszek Kowalski_sendButton' is clicked on

2021-12-21 20:12:51 - [MESSAGE][PASSED] - Object: 'Object Repository/Page_PSTO webMessenger - Zalogowano/img_Leszek Kowalski_sendButton' is clicked on

2021-12-21 20:12:51 - [TEST_STEP][PASSED] - setText(findTestObject("Page_PSTO webMessenger - Zalogowano/input_Leszek Kowalski_messageInput"), "e"): Text 'e' is set on object 'Object Repository/Page_PSTO webMessenger - Zalogowano/input_Leszek Kowalski_messageInput'

2021-12-21 20:12:55 - [MESSAGE][PASSED] - Text 'e' is set on object 'Object Repository/Page_PSTO webMessenger - Zalogowano/input_Leszek Kowalski_messageInput'

2021-12-21 20:12:55 - [TEST_STEP][PASSED] - click(findTestObject("Page_PSTO webMessenger - Zalogowano/img_Leszek Kowalski_sendButton")): Object: 'Object Repository/Page_PSTO webMessenger - Zalogowano/img_Leszek Kowalski_sendButton' is clicked on

2021-12-21 20:12:57 - [MESSAGE][PASSED] - Object: 'Object Repository/Page_PSTO webMessenger - Zalogowano/img_Leszek Kowalski_sendButton' is clicked on

2021-12-21 20:12:57 - [TEST_STEP][PASSED] - setText(findTestObject("Page_PSTO webMessenger - Zalogowano/input_Leszek Kowalski_messageInput"), "e"): Text 'e' is set on object 'Object Repository/Page_PSTO webMessenger - Zalogowano/input_Leszek Kowalski_messageInput'

2021-12-21 20:13:01 - [MESSAGE][PASSED] - Text 'e' is set on object 'Object Repository/Page_PSTO webMessenger - Zalogowano/input_Leszek Kowalski_messageInput'

2021-12-21 20:13:01 - [TEST_STEP][PASSED] - click(findTestObject("Page_PSTO webMessenger - Zalogowano/img_Leszek Kowalski_sendButton")): Object: 'Object Repository/Page_PSTO webMessenger - Zalogowano/img_Leszek Kowalski_sendButton' is clicked on

2021-12-21 20:13:03 - [MESSAGE][PASSED] - Object: 'Object Repository/Page_PSTO webMessenger - Zalogowano/img_Leszek Kowalski_sendButton' is clicked on

2021-12-21 20:13:03 - [TEST_STEP][PASSED] - setText(findTestObject("Page_PSTO webMessenger - Zalogowano/input_Leszek Kowalski_messageInput"), "e"): Text 'e' is set on object 'Object Repository/Page_PSTO webMessenger - Zalogowano/input_Leszek Kowalski_messageInput'

2021-12-21 20:13:07 - [MESSAGE][PASSED] - Text 'e' is set on object 'Object Repository/Page_PSTO webMessenger - Zalogowano/input_Leszek Kowalski_messageInput'

2021-12-21 20:13:07 - [TEST_STEP][PASSED] - click(findTestObject("Page_PSTO webMessenger - Zalogowano/img_Leszek Kowalski_sendButton")): Object: 'Object Repository/Page_PSTO webMessenger - Zalogowano/img_Leszek Kowalski_sendButton' is clicked on

2021-12-21 20:13:09 - [MESSAGE][PASSED] - Object: 'Object Repository/Page_PSTO webMessenger - Zalogowano/img_Leszek Kowalski_sendButton' is clicked on

2021-12-21 20:13:09 - [TEST_STEP][PASSED] - setText(findTestObject("Page_PSTO webMessenger - Zalogowano/input_Leszek Kowalski_messageInput"), "e"): Text 'e' is set on object 'Object Repository/Page_PSTO webMessenger - Zalogowano/input_Leszek Kowalski_messageInput'

2021-12-21 20:13:13 - [MESSAGE][PASSED] - Text 'e' is set on object 'Object Repository/Page_PSTO webMessenger - Zalogowano/input_Leszek Kowalski_messageInput'

2021-12-21 20:13:13 - [TEST_STEP][PASSED] - click(findTestObject("Page_PSTO webMessenger - Zalogowano/img_Leszek Kowalski_sendButton")): Object: 'Object Repository/Page_PSTO webMessenger - Zalogowano/img_Leszek Kowalski_sendButton' is clicked on

2021-12-21 20:13:15 - [MESSAGE][PASSED] - Object: 'Object Repository/Page_PSTO webMessenger - Zalogowano/img_Leszek Kowalski_sendButton' is clicked on

2021-12-21 20:13:15 - [TEST_STEP][PASSED] - setText(findTestObject("Page_PSTO webMessenger - Zalogowano/input_Leszek Kowalski_messageInput"), "e"): Text 'e' is set on object 'Object Repository/Page_PSTO webMessenger - Zalogowano/input_Leszek Kowalski_messageInput'

2021-12-21 20:13:19 - [MESSAGE][PASSED] - Text 'e' is set on object 'Object Repository/Page_PSTO webMessenger - Zalogowano/input_Leszek Kowalski_messageInput'

2021-12-21 20:13:19 - [TEST_STEP][PASSED] - click(findTestObject("Page_PSTO webMessenger - Zalogowano/img_Leszek Kowalski_sendButton")): Object: 'Object Repository/Page_PSTO webMessenger - Zalogowano/img_Leszek Kowalski_sendButton' is clicked on

2021-12-21 20:13:21 - [MESSAGE][PASSED] - Object: 'Object Repository/Page_PSTO webMessenger - Zalogowano/img_Leszek Kowalski_sendButton' is clicked on

2021-12-21 20:13:21 - [TEST_STEP][PASSED] - setText(findTestObject("Page_PSTO webMessenger - Zalogowano/input_Leszek Kowalski_messageInput"), "e"): Text 'e' is set on object 'Object Repository/Page_PSTO webMessenger - Zalogowano/input_Leszek Kowalski_messageInput'

2021-12-21 20:13:25 - [MESSAGE][PASSED] - Text 'e' is set on object 'Object Repository/Page_PSTO webMessenger - Zalogowano/input_Leszek Kowalski_messageInput'

2021-12-21 20:13:25 - [TEST_STEP][PASSED] - click(findTestObject("Page_PSTO webMessenger - Zalogowano/img_Leszek Kowalski_sendButton")): Object: 'Object Repository/Page_PSTO webMessenger - Zalogowano/img_Leszek Kowalski_sendButton' is clicked on

2021-12-21 20:13:27 - [MESSAGE][PASSED] - Object: 'Object Repository/Page_PSTO webMessenger - Zalogowano/img_Leszek Kowalski_sendButton' is clicked on

2021-12-21 20:13:27 - [TEST_STEP][PASSED] - setText(findTestObject("Page_PSTO webMessenger - Zalogowano/input_Leszek Kowalski_messageInput"), "e"): Text 'e' is set on object 'Object Repository/Page_PSTO webMessenger - Zalogowano/input_Leszek Kowalski_messageInput'

2021-12-21 20:13:31 - [MESSAGE][PASSED] - Text 'e' is set on object 'Object Repository/Page_PSTO webMessenger - Zalogowano/input_Leszek Kowalski_messageInput'

2021-12-21 20:13:31 - [TEST_STEP][PASSED] - click(findTestObject("Page_PSTO webMessenger - Zalogowano/img_Leszek Kowalski_sendButton")): Object: 'Object Repository/Page_PSTO webMessenger - Zalogowano/img_Leszek Kowalski_sendButton' is clicked on

2021-12-21 20:13:33 - [MESSAGE][PASSED] - Object: 'Object Repository/Page_PSTO webMessenger - Zalogowano/img_Leszek Kowalski_sendButton' is clicked on

2021-12-21 20:13:33 - [TEST_STEP][PASSED] - setText(findTestObject("Page_PSTO webMessenger - Zalogowano/input_Leszek Kowalski_messageInput"), "e"): Text 'e' is set on object 'Object Repository/Page_PSTO webMessenger - Zalogowano/input_Leszek Kowalski_messageInput'

2021-12-21 20:13:37 - [MESSAGE][PASSED] - Text 'e' is set on object 'Object Repository/Page_PSTO webMessenger - Zalogowano/input_Leszek Kowalski_messageInput'

2021-12-21 20:13:37 - [TEST_STEP][PASSED] - click(findTestObject("Page_PSTO webMessenger - Zalogowano/img_Leszek Kowalski_sendButton")): Object: 'Object Repository/Page_PSTO webMessenger - Zalogowano/img_Leszek Kowalski_sendButton' is clicked on

2021-12-21 20:13:39 - [MESSAGE][PASSED] - Object: 'Object Repository/Page_PSTO webMessenger - Zalogowano/img_Leszek Kowalski_sendButton' is clicked on

2021-12-21 20:13:39 - [TEST_STEP][PASSED] - setText(findTestObject("Page_PSTO webMessenger - Zalogowano/input_Leszek Kowalski_messageInput"), "e"): Text 'e' is set on object 'Object Repository/Page_PSTO webMessenger - Zalogowano/input_Leszek Kowalski_messageInput'

2021-12-21 20:13:43 - [MESSAGE][PASSED] - Text 'e' is set on object 'Object Repository/Page_PSTO webMessenger - Zalogowano/input_Leszek Kowalski_messageInput'

2021-12-21 20:13:43 - [TEST_STEP][PASSED] - click(findTestObject("Page_PSTO webMessenger - Zalogowano/img_Leszek Kowalski_sendButton")): Object: 'Object Repository/Page_PSTO webMessenger - Zalogowano/img_Leszek Kowalski_sendButton' is clicked on

2021-12-21 20:13:45 - [MESSAGE][PASSED] - Object: 'Object Repository/Page_PSTO webMessenger - Zalogowano/img_Leszek Kowalski_sendButton' is clicked on

2021-12-21 20:13:45 - [TEST_STEP][PASSED] - setText(findTestObject("Page_PSTO webMessenger - Zalogowano/input_Leszek Kowalski_messageInput"), "e"): Text 'e' is set on object 'Object Repository/Page_PSTO webMessenger - Zalogowano/input_Leszek Kowalski_messageInput'

2021-12-21 20:13:49 - [MESSAGE][PASSED] - Text 'e' is set on object 'Object Repository/Page_PSTO webMessenger - Zalogowano/input_Leszek Kowalski_messageInput'

2021-12-21 20:13:49 - [TEST_STEP][PASSED] - click(findTestObject("Page_PSTO webMessenger - Zalogowano/img_Leszek Kowalski_sendButton")): Object: 'Object Repository/Page_PSTO webMessenger - Zalogowano/img_Leszek Kowalski_sendButton' is clicked on

2021-12-21 20:13:52 - [MESSAGE][PASSED] - Object: 'Object Repository/Page_PSTO webMessenger - Zalogowano/img_Leszek Kowalski_sendButton' is clicked on

2021-12-21 20:13:52 - [TEST_STEP][PASSED] - setText(findTestObject("Page_PSTO webMessenger - Zalogowano/input_Leszek Kowalski_messageInput"), "e"): Text 'e' is set on object 'Object Repository/Page_PSTO webMessenger - Zalogowano/input_Leszek Kowalski_messageInput'

2021-12-21 20:14:35 - [MESSAGE][PASSED] - Text 'e' is set on object 'Object Repository/Page_PSTO webMessenger - Zalogowano/input_Leszek Kowalski_messageInput'

2021-12-21 20:14:35 - [TEST_STEP][PASSED] - click(findTestObject("Page_PSTO webMessenger - Zalogowano/img_Leszek Kowalski_sendButton")): Object: 'Object Repository/Page_PSTO webMessenger - Zalogowano/img_Leszek Kowalski_sendButton' is clicked on

2021-12-21 20:14:38 - [MESSAGE][PASSED] - Object: 'Object Repository/Page_PSTO webMessenger - Zalogowano/img_Leszek Kowalski_sendButton' is clicked on

2021-12-21 20:14:38 - [TEST_STEP][PASSED] - setText(findTestObject("Page_PSTO webMessenger - Zalogowano/input_Leszek Kowalski_messageInput"), "e"): Text 'e' is set on object 'Object Repository/Page_PSTO webMessenger - Zalogowano/input_Leszek Kowalski_messageInput'

2021-12-21 20:14:43 - [MESSAGE][PASSED] - Text 'e' is set on object 'Object Repository/Page_PSTO webMessenger - Zalogowano/input_Leszek Kowalski_messageInput'

2021-12-21 20:14:43 - [TEST_STEP][PASSED] - click(findTestObject("Page_PSTO webMessenger - Zalogowano/img_Leszek Kowalski_sendButton")): Object: 'Object Repository/Page_PSTO webMessenger - Zalogowano/img_Leszek Kowalski_sendButton' is clicked on

2021-12-21 20:14:46 - [MESSAGE][PASSED] - Object: 'Object Repository/Page_PSTO webMessenger - Zalogowano/img_Leszek Kowalski_sendButton' is clicked on

2021-12-21 20:14:46 - [TEST_STEP][PASSED] - setText(findTestObject("Page_PSTO webMessenger - Zalogowano/input_Leszek Kowalski_messageInput"), "e"): Text 'e' is set on object 'Object Repository/Page_PSTO webMessenger - Zalogowano/input_Leszek Kowalski_messageInput'

2021-12-21 20:14:50 - [MESSAGE][PASSED] - Text 'e' is set on object 'Object Repository/Page_PSTO webMessenger - Zalogowano/input_Leszek Kowalski_messageInput'

2021-12-21 20:14:50 - [TEST_STEP][PASSED] - click(findTestObject("Page_PSTO webMessenger - Zalogowano/img_Leszek Kowalski_sendButton")): Object: 'Object Repository/Page_PSTO webMessenger - Zalogowano/img_Leszek Kowalski_sendButton' is clicked on

2021-12-21 20:14:52 - [MESSAGE][PASSED] - Object: 'Object Repository/Page_PSTO webMessenger - Zalogowano/img_Leszek Kowalski_sendButton' is clicked on

2021-12-21 20:14:52 - [TEST_STEP][PASSED] - setText(findTestObject("Page_PSTO webMessenger - Zalogowano/input_Leszek Kowalski_messageInput"), "e"): Text 'e' is set on object 'Object Repository/Page_PSTO webMessenger - Zalogowano/input_Leszek Kowalski_messageInput'

2021-12-21 20:14:57 - [MESSAGE][PASSED] - Text 'e' is set on object 'Object Repository/Page_PSTO webMessenger - Zalogowano/input_Leszek Kowalski_messageInput'

2021-12-21 20:14:57 - [TEST_STEP][PASSED] - click(findTestObject("Page_PSTO webMessenger - Zalogowano/img_Leszek Kowalski_sendButton")): Object: 'Object Repository/Page_PSTO webMessenger - Zalogowano/img_Leszek Kowalski_sendButton' is clicked on

2021-12-21 20:14:59 - [MESSAGE][PASSED] - Object: 'Object Repository/Page_PSTO webMessenger - Zalogowano/img_Leszek Kowalski_sendButton' is clicked on

2021-12-21 20:14:59 - [TEST_STEP][PASSED] - setText(findTestObject("Page_PSTO webMessenger - Zalogowano/input_Leszek Kowalski_messageInput"), "e"): Text 'e' is set on object 'Object Repository/Page_PSTO webMessenger - Zalogowano/input_Leszek Kowalski_messageInput'

2021-12-21 20:15:03 - [MESSAGE][PASSED] - Text 'e' is set on object 'Object Repository/Page_PSTO webMessenger - Zalogowano/input_Leszek Kowalski_messageInput'

2021-12-21 20:15:03 - [TEST_STEP][PASSED] - click(findTestObject("Page_PSTO webMessenger - Zalogowano/img_Leszek Kowalski_sendButton")): Object: 'Object Repository/Page_PSTO webMessenger - Zalogowano/img_Leszek Kowalski_sendButton' is clicked on

2021-12-21 20:15:05 - [MESSAGE][PASSED] - Object: 'Object Repository/Page_PSTO webMessenger - Zalogowano/img_Leszek Kowalski_sendButton' is clicked on

2021-12-21 20:15:05 - [TEST_STEP][PASSED] - setText(findTestObject("Page_PSTO webMessenger - Zalogowano/input_Leszek Kowalski_messageInput"), "e"): Text 'e' is set on object 'Object Repository/Page_PSTO webMessenger - Zalogowano/input_Leszek Kowalski_messageInput'

2021-12-21 20:15:09 - [MESSAGE][PASSED] - Text 'e' is set on object 'Object Repository/Page_PSTO webMessenger - Zalogowano/input_Leszek Kowalski_messageInput'

2021-12-21 20:15:09 - [TEST_STEP][PASSED] - click(findTestObject("Page_PSTO webMessenger - Zalogowano/img_Leszek Kowalski_sendButton")): Object: 'Object Repository/Page_PSTO webMessenger - Zalogowano/img_Leszek Kowalski_sendButton' is clicked on

2021-12-21 20:15:11 - [MESSAGE][PASSED] - Object: 'Object Repository/Page_PSTO webMessenger - Zalogowano/img_Leszek Kowalski_sendButton' is clicked on

2021-12-21 20:15:11 - [TEST_STEP][PASSED] - setText(findTestObject("Page_PSTO webMessenger - Zalogowano/input_Leszek Kowalski_messageInput"), "e"): Text 'e' is set on object 'Object Repository/Page_PSTO webMessenger - Zalogowano/input_Leszek Kowalski_messageInput'

2021-12-21 20:15:15 - [MESSAGE][PASSED] - Text 'e' is set on object 'Object Repository/Page_PSTO webMessenger - Zalogowano/input_Leszek Kowalski_messageInput'

2021-12-21 20:15:15 - [TEST_STEP][PASSED] - click(findTestObject("Page_PSTO webMessenger - Zalogowano/img_Leszek Kowalski_sendButton")): Object: 'Object Repository/Page_PSTO webMessenger - Zalogowano/img_Leszek Kowalski_sendButton' is clicked on

2021-12-21 20:15:17 - [MESSAGE][PASSED] - Object: 'Object Repository/Page_PSTO webMessenger - Zalogowano/img_Leszek Kowalski_sendButton' is clicked on

2021-12-21 20:15:17 - [TEST_STEP][PASSED] - setText(findTestObject("Page_PSTO webMessenger - Zalogowano/input_Leszek Kowalski_messageInput"), "e"): Text 'e' is set on object 'Object Repository/Page_PSTO webMessenger - Zalogowano/input_Leszek Kowalski_messageInput'

2021-12-21 20:15:21 - [MESSAGE][PASSED] - Text 'e' is set on object 'Object Repository/Page_PSTO webMessenger - Zalogowano/input_Leszek Kowalski_messageInput'

2021-12-21 20:15:21 - [TEST_STEP][PASSED] - click(findTestObject("Page_PSTO webMessenger - Zalogowano/img_Leszek Kowalski_sendButton")): Object: 'Object Repository/Page_PSTO webMessenger - Zalogowano/img_Leszek Kowalski_sendButton' is clicked on

2021-12-21 20:15:23 - [MESSAGE][PASSED] - Object: 'Object Repository/Page_PSTO webMessenger - Zalogowano/img_Leszek Kowalski_sendButton' is clicked on

2021-12-21 20:15:23 - [TEST_STEP][PASSED] - setText(findTestObject("Page_PSTO webMessenger - Zalogowano/input_Leszek Kowalski_messageInput"), "e"): Text 'e' is set on object 'Object Repository/Page_PSTO webMessenger - Zalogowano/input_Leszek Kowalski_messageInput'

2021-12-21 20:15:27 - [MESSAGE][PASSED] - Text 'e' is set on object 'Object Repository/Page_PSTO webMessenger - Zalogowano/input_Leszek Kowalski_messageInput'

2021-12-21 20:15:27 - [TEST_STEP][PASSED] - click(findTestObject("Page_PSTO webMessenger - Zalogowano/img_Leszek Kowalski_sendButton")): Object: 'Object Repository/Page_PSTO webMessenger - Zalogowano/img_Leszek Kowalski_sendButton' is clicked on

2021-12-21 20:15:29 - [MESSAGE][PASSED] - Object: 'Object Repository/Page_PSTO webMessenger - Zalogowano/img_Leszek Kowalski_sendButton' is clicked on

2021-12-21 20:15:29 - [TEST_STEP][PASSED] - setText(findTestObject("Page_PSTO webMessenger - Zalogowano/input_Leszek Kowalski_messageInput"), "e"): Text 'e' is set on object 'Object Repository/Page_PSTO webMessenger - Zalogowano/input_Leszek Kowalski_messageInput'

2021-12-21 20:15:33 - [MESSAGE][PASSED] - Text 'e' is set on object 'Object Repository/Page_PSTO webMessenger - Zalogowano/input_Leszek Kowalski_messageInput'

2021-12-21 20:15:33 - [TEST_STEP][PASSED] - click(findTestObject("Page_PSTO webMessenger - Zalogowano/img_Leszek Kowalski_sendButton")): Object: 'Object Repository/Page_PSTO webMessenger - Zalogowano/img_Leszek Kowalski_sendButton' is clicked on

2021-12-21 20:15:35 - [MESSAGE][PASSED] - Object: 'Object Repository/Page_PSTO webMessenger - Zalogowano/img_Leszek Kowalski_sendButton' is clicked on

2021-12-21 20:15:35 - [TEST_STEP][PASSED] - setText(findTestObject("Page_PSTO webMessenger - Zalogowano/input_Leszek Kowalski_messageInput"), "e"): Text 'e' is set on object 'Object Repository/Page_PSTO webMessenger - Zalogowano/input_Leszek Kowalski_messageInput'

2021-12-21 20:15:39 - [MESSAGE][PASSED] - Text 'e' is set on object 'Object Repository/Page_PSTO webMessenger - Zalogowano/input_Leszek Kowalski_messageInput'

2021-12-21 20:15:39 - [TEST_STEP][PASSED] - click(findTestObject("Page_PSTO webMessenger - Zalogowano/img_Leszek Kowalski_sendButton")): Object: 'Object Repository/Page_PSTO webMessenger - Zalogowano/img_Leszek Kowalski_sendButton' is clicked on

2021-12-21 20:15:41 - [MESSAGE][PASSED] - Object: 'Object Repository/Page_PSTO webMessenger - Zalogowano/img_Leszek Kowalski_sendButton' is clicked on

2021-12-21 20:15:41 - [TEST_STEP][PASSED] - setText(findTestObject("Page_PSTO webMessenger - Zalogowano/input_Leszek Kowalski_messageInput"), "e"): Text 'e' is set on object 'Object Repository/Page_PSTO webMessenger - Zalogowano/input_Leszek Kowalski_messageInput'

2021-12-21 20:15:45 - [MESSAGE][PASSED] - Text 'e' is set on object 'Object Repository/Page_PSTO webMessenger - Zalogowano/input_Leszek Kowalski_messageInput'

2021-12-21 20:15:45 - [TEST_STEP][PASSED] - click(findTestObject("Page_PSTO webMessenger - Zalogowano/img_Leszek Kowalski_sendButton")): Object: 'Object Repository/Page_PSTO webMessenger - Zalogowano/img_Leszek Kowalski_sendButton' is clicked on

2021-12-21 20:15:47 - [MESSAGE][PASSED] - Object: 'Object Repository/Page_PSTO webMessenger - Zalogowano/img_Leszek Kowalski_sendButton' is clicked on

2021-12-21 20:15:47 - [TEST_STEP][PASSED] - setText(findTestObject("Page_PSTO webMessenger - Zalogowano/input_Leszek Kowalski_messageInput"), "e"): Text 'e' is set on object 'Object Repository/Page_PSTO webMessenger - Zalogowano/input_Leszek Kowalski_messageInput'

2021-12-21 20:15:51 - [MESSAGE][PASSED] - Text 'e' is set on object 'Object Repository/Page_PSTO webMessenger - Zalogowano/input_Leszek Kowalski_messageInput'

2021-12-21 20:15:51 - [TEST_STEP][PASSED] - click(findTestObject("Page_PSTO webMessenger - Zalogowano/img_Leszek Kowalski_sendButton")): Object: 'Object Repository/Page_PSTO webMessenger - Zalogowano/img_Leszek Kowalski_sendButton' is clicked on

2021-12-21 20:15:53 - [MESSAGE][PASSED] - Object: 'Object Repository/Page_PSTO webMessenger - Zalogowano/img_Leszek Kowalski_sendButton' is clicked on

2021-12-21 20:15:53 - [TEST_STEP][PASSED] - setText(findTestObject("Page_PSTO webMessenger - Zalogowano/input_Leszek Kowalski_messageInput"), "e"): Text 'e' is set on object 'Object Repository/Page_PSTO webMessenger - Zalogowano/input_Leszek Kowalski_messageInput'

2021-12-21 20:15:57 - [MESSAGE][PASSED] - Text 'e' is set on object 'Object Repository/Page_PSTO webMessenger - Zalogowano/input_Leszek Kowalski_messageInput'

2021-12-21 20:15:57 - [TEST_STEP][PASSED] - click(findTestObject("Page_PSTO webMessenger - Zalogowano/img_Leszek Kowalski_sendButton")): Object: 'Object Repository/Page_PSTO webMessenger - Zalogowano/img_Leszek Kowalski_sendButton' is clicked on

2021-12-21 20:15:59 - [MESSAGE][PASSED] - Object: 'Object Repository/Page_PSTO webMessenger - Zalogowano/img_Leszek Kowalski_sendButton' is clicked on

2021-12-21 20:15:59 - [TEST_STEP][PASSED] - setText(findTestObject("Page_PSTO webMessenger - Zalogowano/input_Leszek Kowalski_messageInput"), "e"): Text 'e' is set on object 'Object Repository/Page_PSTO webMessenger - Zalogowano/input_Leszek Kowalski_messageInput'

2021-12-21 20:16:03 - [MESSAGE][PASSED] - Text 'e' is set on object 'Object Repository/Page_PSTO webMessenger - Zalogowano/input_Leszek Kowalski_messageInput'

2021-12-21 20:16:03 - [TEST_STEP][PASSED] - click(findTestObject("Page_PSTO webMessenger - Zalogowano/img_Leszek Kowalski_sendButton")): Object: 'Object Repository/Page_PSTO webMessenger - Zalogowano/img_Leszek Kowalski_sendButton' is clicked on

2021-12-21 20:16:05 - [MESSAGE][PASSED] - Object: 'Object Repository/Page_PSTO webMessenger - Zalogowano/img_Leszek Kowalski_sendButton' is clicked on

2021-12-21 20:16:05 - [TEST_STEP][PASSED] - setText(findTestObject("Page_PSTO webMessenger - Zalogowano/input_Leszek Kowalski_messageInput"), "e"): Text 'e' is set on object 'Object Repository/Page_PSTO webMessenger - Zalogowano/input_Leszek Kowalski_messageInput'

2021-12-21 20:16:09 - [MESSAGE][PASSED] - Text 'e' is set on object 'Object Repository/Page_PSTO webMessenger - Zalogowano/input_Leszek Kowalski_messageInput'

2021-12-21 20:16:09 - [TEST_STEP][PASSED] - click(findTestObject("Page_PSTO webMessenger - Zalogowano/img_Leszek Kowalski_sendButton")): Object: 'Object Repository/Page_PSTO webMessenger - Zalogowano/img_Leszek Kowalski_sendButton' is clicked on

2021-12-21 20:16:11 - [MESSAGE][PASSED] - Object: 'Object Repository/Page_PSTO webMessenger - Zalogowano/img_Leszek Kowalski_sendButton' is clicked on

2021-12-21 20:16:11 - [TEST_STEP][PASSED] - setText(findTestObject("Page_PSTO webMessenger - Zalogowano/input_Leszek Kowalski_messageInput"), "e"): Text 'e' is set on object 'Object Repository/Page_PSTO webMessenger - Zalogowano/input_Leszek Kowalski_messageInput'

2021-12-21 20:16:15 - [MESSAGE][PASSED] - Text 'e' is set on object 'Object Repository/Page_PSTO webMessenger - Zalogowano/input_Leszek Kowalski_messageInput'

2021-12-21 20:16:15 - [TEST_STEP][PASSED] - click(findTestObject("Page_PSTO webMessenger - Zalogowano/img_Leszek Kowalski_sendButton")): Object: 'Object Repository/Page_PSTO webMessenger - Zalogowano/img_Leszek Kowalski_sendButton' is clicked on

2021-12-21 20:16:17 - [MESSAGE][PASSED] - Object: 'Object Repository/Page_PSTO webMessenger - Zalogowano/img_Leszek Kowalski_sendButton' is clicked on

2021-12-21 20:16:17 - [TEST_STEP][PASSED] - setText(findTestObject("Page_PSTO webMessenger - Zalogowano/input_Leszek Kowalski_messageInput"), "e"): Text 'e' is set on object 'Object Repository/Page_PSTO webMessenger - Zalogowano/input_Leszek Kowalski_messageInput'

2021-12-21 20:16:21 - [MESSAGE][PASSED] - Text 'e' is set on object 'Object Repository/Page_PSTO webMessenger - Zalogowano/input_Leszek Kowalski_messageInput'

2021-12-21 20:16:21 - [TEST_STEP][PASSED] - click(findTestObject("Page_PSTO webMessenger - Zalogowano/img_Leszek Kowalski_sendButton")): Object: 'Object Repository/Page_PSTO webMessenger - Zalogowano/img_Leszek Kowalski_sendButton' is clicked on

2021-12-21 20:16:23 - [MESSAGE][PASSED] - Object: 'Object Repository/Page_PSTO webMessenger - Zalogowano/img_Leszek Kowalski_sendButton' is clicked on

2021-12-21 20:16:23 - [TEST_STEP][PASSED] - setText(findTestObject("Page_PSTO webMessenger - Zalogowano/input_Leszek Kowalski_messageInput"), "e"): Text 'e' is set on object 'Object Repository/Page_PSTO webMessenger - Zalogowano/input_Leszek Kowalski_messageInput'

2021-12-21 20:16:27 - [MESSAGE][PASSED] - Text 'e' is set on object 'Object Repository/Page_PSTO webMessenger - Zalogowano/input_Leszek Kowalski_messageInput'

2021-12-21 20:16:27 - [TEST_STEP][PASSED] - click(findTestObject("Page_PSTO webMessenger - Zalogowano/img_Leszek Kowalski_sendButton")): Object: 'Object Repository/Page_PSTO webMessenger - Zalogowano/img_Leszek Kowalski_sendButton' is clicked on

2021-12-21 20:16:29 - [MESSAGE][PASSED] - Object: 'Object Repository/Page_PSTO webMessenger - Zalogowano/img_Leszek Kowalski_sendButton' is clicked on

2021-12-21 20:16:29 - [TEST_STEP][PASSED] - setText(findTestObject("Page_PSTO webMessenger - Zalogowano/input_Leszek Kowalski_messageInput"), "e"): Text 'e' is set on object 'Object Repository/Page_PSTO webMessenger - Zalogowano/input_Leszek Kowalski_messageInput'

2021-12-21 20:16:33 - [MESSAGE][PASSED] - Text 'e' is set on object 'Object Repository/Page_PSTO webMessenger - Zalogowano/input_Leszek Kowalski_messageInput'

2021-12-21 20:16:33 - [TEST_STEP][PASSED] - click(findTestObject("Page_PSTO webMessenger - Zalogowano/img_Leszek Kowalski_sendButton")): Object: 'Object Repository/Page_PSTO webMessenger - Zalogowano/img_Leszek Kowalski_sendButton' is clicked on

2021-12-21 20:16:35 - [MESSAGE][PASSED] - Object: 'Object Repository/Page_PSTO webMessenger - Zalogowano/img_Leszek Kowalski_sendButton' is clicked on

2021-12-21 20:16:35 - [TEST_STEP][PASSED] - setText(findTestObject("Page_PSTO webMessenger - Zalogowano/input_Leszek Kowalski_messageInput"), "e"): Text 'e' is set on object 'Object Repository/Page_PSTO webMessenger - Zalogowano/input_Leszek Kowalski_messageInput'

2021-12-21 20:16:39 - [MESSAGE][PASSED] - Text 'e' is set on object 'Object Repository/Page_PSTO webMessenger - Zalogowano/input_Leszek Kowalski_messageInput'

2021-12-21 20:16:39 - [TEST_STEP][PASSED] - click(findTestObject("Page_PSTO webMessenger - Zalogowano/img_Leszek Kowalski_sendButton")): Object: 'Object Repository/Page_PSTO webMessenger - Zalogowano/img_Leszek Kowalski_sendButton' is clicked on

2021-12-21 20:16:41 - [MESSAGE][PASSED] - Object: 'Object Repository/Page_PSTO webMessenger - Zalogowano/img_Leszek Kowalski_sendButton' is clicked on

2021-12-21 20:16:41 - [TEST_STEP][PASSED] - setText(findTestObject("Page_PSTO webMessenger - Zalogowano/input_Leszek Kowalski_messageInput"), "e"): Text 'e' is set on object 'Object Repository/Page_PSTO webMessenger - Zalogowano/input_Leszek Kowalski_messageInput'

2021-12-21 20:16:45 - [MESSAGE][PASSED] - Text 'e' is set on object 'Object Repository/Page_PSTO webMessenger - Zalogowano/input_Leszek Kowalski_messageInput'

2021-12-21 20:16:45 - [TEST_STEP][PASSED] - click(findTestObject("Page_PSTO webMessenger - Zalogowano/img_Leszek Kowalski_sendButton")): Object: 'Object Repository/Page_PSTO webMessenger - Zalogowano/img_Leszek Kowalski_sendButton' is clicked on

2021-12-21 20:16:47 - [MESSAGE][PASSED] - Object: 'Object Repository/Page_PSTO webMessenger - Zalogowano/img_Leszek Kowalski_sendButton' is clicked on

2021-12-21 20:16:47 - [TEST_STEP][PASSED] - setText(findTestObject("Page_PSTO webMessenger - Zalogowano/input_Leszek Kowalski_messageInput"), "e"): Text 'e' is set on object 'Object Repository/Page_PSTO webMessenger - Zalogowano/input_Leszek Kowalski_messageInput'

2021-12-21 20:16:51 - [MESSAGE][PASSED] - Text 'e' is set on object 'Object Repository/Page_PSTO webMessenger - Zalogowano/input_Leszek Kowalski_messageInput'

2021-12-21 20:16:51 - [TEST_STEP][PASSED] - click(findTestObject("Page_PSTO webMessenger - Zalogowano/img_Leszek Kowalski_sendButton")): Object: 'Object Repository/Page_PSTO webMessenger - Zalogowano/img_Leszek Kowalski_sendButton' is clicked on

2021-12-21 20:16:53 - [MESSAGE][PASSED] - Object: 'Object Repository/Page_PSTO webMessenger - Zalogowano/img_Leszek Kowalski_sendButton' is clicked on

2021-12-21 20:16:53 - [TEST_STEP][PASSED] - setText(findTestObject("Page_PSTO webMessenger - Zalogowano/input_Leszek Kowalski_messageInput"), "e"): Text 'e' is set on object 'Object Repository/Page_PSTO webMessenger - Zalogowano/input_Leszek Kowalski_messageInput'

2021-12-21 20:16:57 - [MESSAGE][PASSED] - Text 'e' is set on object 'Object Repository/Page_PSTO webMessenger - Zalogowano/input_Leszek Kowalski_messageInput'

2021-12-21 20:16:57 - [TEST_STEP][PASSED] - click(findTestObject("Page_PSTO webMessenger - Zalogowano/img_Leszek Kowalski_sendButton")): Object: 'Object Repository/Page_PSTO webMessenger - Zalogowano/img_Leszek Kowalski_sendButton' is clicked on

2021-12-21 20:16:59 - [MESSAGE][PASSED] - Object: 'Object Repository/Page_PSTO webMessenger - Zalogowano/img_Leszek Kowalski_sendButton' is clicked on

2021-12-21 20:16:59 - [TEST_STEP][PASSED] - setText(findTestObject("Page_PSTO webMessenger - Zalogowano/input_Leszek Kowalski_messageInput"), "e"): Text 'e' is set on object 'Object Repository/Page_PSTO webMessenger - Zalogowano/input_Leszek Kowalski_messageInput'

2021-12-21 20:17:03 - [MESSAGE][PASSED] - Text 'e' is set on object 'Object Repository/Page_PSTO webMessenger - Zalogowano/input_Leszek Kowalski_messageInput'

2021-12-21 20:17:03 - [TEST_STEP][PASSED] - click(findTestObject("Page_PSTO webMessenger - Zalogowano/img_Leszek Kowalski_sendButton")): Object: 'Object Repository/Page_PSTO webMessenger - Zalogowano/img_Leszek Kowalski_sendButton' is clicked on

2021-12-21 20:17:07 - [MESSAGE][PASSED] - Object: 'Object Repository/Page_PSTO webMessenger - Zalogowano/img_Leszek Kowalski_sendButton' is clicked on

2021-12-21 20:17:07 - [TEST_STEP][PASSED] - setText(findTestObject("Page_PSTO webMessenger - Zalogowano/input_Leszek Kowalski_messageInput"), "e"): Text 'e' is set on object 'Object Repository/Page_PSTO webMessenger - Zalogowano/input_Leszek Kowalski_messageInput'

2021-12-21 20:17:11 - [MESSAGE][PASSED] - Text 'e' is set on object 'Object Repository/Page_PSTO webMessenger - Zalogowano/input_Leszek Kowalski_messageInput'

2021-12-21 20:17:11 - [TEST_STEP][PASSED] - click(findTestObject("Page_PSTO webMessenger - Zalogowano/img_Leszek Kowalski_sendButton")): Object: 'Object Repository/Page_PSTO webMessenger - Zalogowano/img_Leszek Kowalski_sendButton' is clicked on

2021-12-21 20:17:14 - [MESSAGE][PASSED] - Object: 'Object Repository/Page_PSTO webMessenger - Zalogowano/img_Leszek Kowalski_sendButton' is clicked on

2021-12-21 20:17:14 - [TEST_STEP][PASSED] - setText(findTestObject("Page_PSTO webMessenger - Zalogowano/input_Leszek Kowalski_messageInput"), "e"): Text 'e' is set on object 'Object Repository/Page_PSTO webMessenger - Zalogowano/input_Leszek Kowalski_messageInput'

2021-12-21 20:17:17 - [MESSAGE][PASSED] - Text 'e' is set on object 'Object Repository/Page_PSTO webMessenger - Zalogowano/input_Leszek Kowalski_messageInput'

2021-12-21 20:17:17 - [TEST_STEP][PASSED] - click(findTestObject("Page_PSTO webMessenger - Zalogowano/img_Leszek Kowalski_sendButton")): Object: 'Object Repository/Page_PSTO webMessenger - Zalogowano/img_Leszek Kowalski_sendButton' is clicked on

2021-12-21 20:17:19 - [MESSAGE][PASSED] - Object: 'Object Repository/Page_PSTO webMessenger - Zalogowano/img_Leszek Kowalski_sendButton' is clicked on

2021-12-21 20:17:19 - [TEST_STEP][PASSED] - setText(findTestObject("Page_PSTO webMessenger - Zalogowano/input_Leszek Kowalski_messageInput"), "e"): Text 'e' is set on object 'Object Repository/Page_PSTO webMessenger - Zalogowano/input_Leszek Kowalski_messageInput'

2021-12-21 20:17:23 - [MESSAGE][PASSED] - Text 'e' is set on object 'Object Repository/Page_PSTO webMessenger - Zalogowano/input_Leszek Kowalski_messageInput'

2021-12-21 20:17:23 - [TEST_STEP][PASSED] - click(findTestObject("Page_PSTO webMessenger - Zalogowano/img_Leszek Kowalski_sendButton")): Object: 'Object Repository/Page_PSTO webMessenger - Zalogowano/img_Leszek Kowalski_sendButton' is clicked on

2021-12-21 20:17:25 - [MESSAGE][PASSED] - Object: 'Object Repository/Page_PSTO webMessenger - Zalogowano/img_Leszek Kowalski_sendButton' is clicked on

2021-12-21 20:17:25 - [TEST_STEP][PASSED] - setText(findTestObject("Page_PSTO webMessenger - Zalogowano/input_Leszek Kowalski_messageInput"), "e"): Text 'e' is set on object 'Object Repository/Page_PSTO webMessenger - Zalogowano/input_Leszek Kowalski_messageInput'

2021-12-21 20:17:29 - [MESSAGE][PASSED] - Text 'e' is set on object 'Object Repository/Page_PSTO webMessenger - Zalogowano/input_Leszek Kowalski_messageInput'

2021-12-21 20:17:29 - [TEST_STEP][PASSED] - click(findTestObject("Page_PSTO webMessenger - Zalogowano/img_Leszek Kowalski_sendButton")): Object: 'Object Repository/Page_PSTO webMessenger - Zalogowano/img_Leszek Kowalski_sendButton' is clicked on

2021-12-21 20:17:31 - [MESSAGE][PASSED] - Object: 'Object Repository/Page_PSTO webMessenger - Zalogowano/img_Leszek Kowalski_sendButton' is clicked on

2021-12-21 20:17:31 - [TEST_STEP][PASSED] - setText(findTestObject("Page_PSTO webMessenger - Zalogowano/input_Leszek Kowalski_messageInput"), "e"): Text 'e' is set on object 'Object Repository/Page_PSTO webMessenger - Zalogowano/input_Leszek Kowalski_messageInput'

2021-12-21 20:17:35 - [MESSAGE][PASSED] - Text 'e' is set on object 'Object Repository/Page_PSTO webMessenger - Zalogowano/input_Leszek Kowalski_messageInput'

2021-12-21 20:17:35 - [TEST_STEP][PASSED] - click(findTestObject("Page_PSTO webMessenger - Zalogowano/img_Leszek Kowalski_sendButton")): Object: 'Object Repository/Page_PSTO webMessenger - Zalogowano/img_Leszek Kowalski_sendButton' is clicked on

2021-12-21 20:17:37 - [MESSAGE][PASSED] - Object: 'Object Repository/Page_PSTO webMessenger - Zalogowano/img_Leszek Kowalski_sendButton' is clicked on

2021-12-21 20:17:37 - [TEST_STEP][PASSED] - setText(findTestObject("Page_PSTO webMessenger - Zalogowano/input_Leszek Kowalski_messageInput"), "e"): Text 'e' is set on object 'Object Repository/Page_PSTO webMessenger - Zalogowano/input_Leszek Kowalski_messageInput'

2021-12-21 20:17:41 - [MESSAGE][PASSED] - Text 'e' is set on object 'Object Repository/Page_PSTO webMessenger - Zalogowano/input_Leszek Kowalski_messageInput'

2021-12-21 20:17:41 - [TEST_STEP][PASSED] - click(findTestObject("Page_PSTO webMessenger - Zalogowano/img_Leszek Kowalski_sendButton")): Object: 'Object Repository/Page_PSTO webMessenger - Zalogowano/img_Leszek Kowalski_sendButton' is clicked on

2021-12-21 20:17:43 - [MESSAGE][PASSED] - Object: 'Object Repository/Page_PSTO webMessenger - Zalogowano/img_Leszek Kowalski_sendButton' is clicked on

2021-12-21 20:17:43 - [TEST_STEP][PASSED] - setText(findTestObject("Page_PSTO webMessenger - Zalogowano/input_Leszek Kowalski_messageInput"), "e"): Text 'e' is set on object 'Object Repository/Page_PSTO webMessenger - Zalogowano/input_Leszek Kowalski_messageInput'

2021-12-21 20:17:47 - [MESSAGE][PASSED] - Text 'e' is set on object 'Object Repository/Page_PSTO webMessenger - Zalogowano/input_Leszek Kowalski_messageInput'

2021-12-21 20:17:47 - [TEST_STEP][PASSED] - click(findTestObject("Page_PSTO webMessenger - Zalogowano/img_Leszek Kowalski_sendButton")): Object: 'Object Repository/Page_PSTO webMessenger - Zalogowano/img_Leszek Kowalski_sendButton' is clicked on

2021-12-21 20:17:49 - [MESSAGE][PASSED] - Object: 'Object Repository/Page_PSTO webMessenger - Zalogowano/img_Leszek Kowalski_sendButton' is clicked on

2021-12-21 20:17:49 - [TEST_STEP][PASSED] - setText(findTestObject("Page_PSTO webMessenger - Zalogowano/input_Leszek Kowalski_messageInput"), "e"): Text 'e' is set on object 'Object Repository/Page_PSTO webMessenger - Zalogowano/input_Leszek Kowalski_messageInput'

2021-12-21 20:17:53 - [MESSAGE][PASSED] - Text 'e' is set on object 'Object Repository/Page_PSTO webMessenger - Zalogowano/input_Leszek Kowalski_messageInput'

2021-12-21 20:17:53 - [TEST_STEP][PASSED] - click(findTestObject("Page_PSTO webMessenger - Zalogowano/img_Leszek Kowalski_sendButton")): Object: 'Object Repository/Page_PSTO webMessenger - Zalogowano/img_Leszek Kowalski_sendButton' is clicked on

2021-12-21 20:17:56 - [MESSAGE][PASSED] - Object: 'Object Repository/Page_PSTO webMessenger - Zalogowano/img_Leszek Kowalski_sendButton' is clicked on

2021-12-21 20:17:56 - [TEST_STEP][PASSED] - setText(findTestObject("Page_PSTO webMessenger - Zalogowano/input_Leszek Kowalski_messageInput"), "e"): Text 'e' is set on object 'Object Repository/Page_PSTO webMessenger - Zalogowano/input_Leszek Kowalski_messageInput'

2021-12-21 20:17:59 - [MESSAGE][PASSED] - Text 'e' is set on object 'Object Repository/Page_PSTO webMessenger - Zalogowano/input_Leszek Kowalski_messageInput'

2021-12-21 20:17:59 - [TEST_STEP][PASSED] - click(findTestObject("Page_PSTO webMessenger - Zalogowano/img_Leszek Kowalski_sendButton")): Object: 'Object Repository/Page_PSTO webMessenger - Zalogowano/img_Leszek Kowalski_sendButton' is clicked on

2021-12-21 20:18:02 - [MESSAGE][PASSED] - Object: 'Object Repository/Page_PSTO webMessenger - Zalogowano/img_Leszek Kowalski_sendButton' is clicked on

2021-12-21 20:18:02 - [TEST_STEP][PASSED] - setText(findTestObject("Page_PSTO webMessenger - Zalogowano/input_Leszek Kowalski_messageInput"), "e"): Text 'e' is set on object 'Object Repository/Page_PSTO webMessenger - Zalogowano/input_Leszek Kowalski_messageInput'

2021-12-21 20:18:06 - [MESSAGE][PASSED] - Text 'e' is set on object 'Object Repository/Page_PSTO webMessenger - Zalogowano/input_Leszek Kowalski_messageInput'

2021-12-21 20:18:06 - [TEST_STEP][PASSED] - click(findTestObject("Page_PSTO webMessenger - Zalogowano/img_Leszek Kowalski_sendButton")): Object: 'Object Repository/Page_PSTO webMessenger - Zalogowano/img_Leszek Kowalski_sendButton' is clicked on

2021-12-21 20:18:08 - [MESSAGE][PASSED] - Object: 'Object Repository/Page_PSTO webMessenger - Zalogowano/img_Leszek Kowalski_sendButton' is clicked on

2021-12-21 20:18:08 - [TEST_STEP][PASSED] - setText(findTestObject("Page_PSTO webMessenger - Zalogowano/input_Leszek Kowalski_messageInput"), "e"): Text 'e' is set on object 'Object Repository/Page_PSTO webMessenger - Zalogowano/input_Leszek Kowalski_messageInput'

2021-12-21 20:18:12 - [MESSAGE][PASSED] - Text 'e' is set on object 'Object Repository/Page_PSTO webMessenger - Zalogowano/input_Leszek Kowalski_messageInput'

2021-12-21 20:18:12 - [TEST_STEP][PASSED] - click(findTestObject("Page_PSTO webMessenger - Zalogowano/img_Leszek Kowalski_sendButton")): Object: 'Object Repository/Page_PSTO webMessenger - Zalogowano/img_Leszek Kowalski_sendButton' is clicked on

2021-12-21 20:18:14 - [MESSAGE][PASSED] - Object: 'Object Repository/Page_PSTO webMessenger - Zalogowano/img_Leszek Kowalski_sendButton' is clicked on

2021-12-21 20:18:14 - [TEST_STEP][PASSED] - setText(findTestObject("Page_PSTO webMessenger - Zalogowano/input_Leszek Kowalski_messageInput"), "e"): Text 'e' is set on object 'Object Repository/Page_PSTO webMessenger - Zalogowano/input_Leszek Kowalski_messageInput'

2021-12-21 20:18:18 - [MESSAGE][PASSED] - Text 'e' is set on object 'Object Repository/Page_PSTO webMessenger - Zalogowano/input_Leszek Kowalski_messageInput'

2021-12-21 20:18:18 - [TEST_STEP][PASSED] - click(findTestObject("Page_PSTO webMessenger - Zalogowano/img_Leszek Kowalski_sendButton")): Object: 'Object Repository/Page_PSTO webMessenger - Zalogowano/img_Leszek Kowalski_sendButton' is clicked on

2021-12-21 20:18:20 - [MESSAGE][PASSED] - Object: 'Object Repository/Page_PSTO webMessenger - Zalogowano/img_Leszek Kowalski_sendButton' is clicked on

2021-12-21 20:18:20 - [TEST_STEP][PASSED] - setText(findTestObject("Page_PSTO webMessenger - Zalogowano/input_Leszek Kowalski_messageInput"), "e"): Text 'e' is set on object 'Object Repository/Page_PSTO webMessenger - Zalogowano/input_Leszek Kowalski_messageInput'

2021-12-21 20:18:24 - [MESSAGE][PASSED] - Text 'e' is set on object 'Object Repository/Page_PSTO webMessenger - Zalogowano/input_Leszek Kowalski_messageInput'

2021-12-21 20:18:24 - [TEST_STEP][PASSED] - click(findTestObject("Page_PSTO webMessenger - Zalogowano/img_Leszek Kowalski_sendButton")): Object: 'Object Repository/Page_PSTO webMessenger - Zalogowano/img_Leszek Kowalski_sendButton' is clicked on

2021-12-21 20:18:26 - [MESSAGE][PASSED] - Object: 'Object Repository/Page_PSTO webMessenger - Zalogowano/img_Leszek Kowalski_sendButton' is clicked on

2021-12-21 20:18:26 - [TEST_STEP][PASSED] - setText(findTestObject("Page_PSTO webMessenger - Zalogowano/input_Leszek Kowalski_messageInput"), "e"): Text 'e' is set on object 'Object Repository/Page_PSTO webMessenger - Zalogowano/input_Leszek Kowalski_messageInput'

2021-12-21 20:18:30 - [MESSAGE][PASSED] - Text 'e' is set on object 'Object Repository/Page_PSTO webMessenger - Zalogowano/input_Leszek Kowalski_messageInput'

2021-12-21 20:18:30 - [TEST_STEP][PASSED] - click(findTestObject("Page_PSTO webMessenger - Zalogowano/img_Leszek Kowalski_sendButton")): Object: 'Object Repository/Page_PSTO webMessenger - Zalogowano/img_Leszek Kowalski_sendButton' is clicked on

2021-12-21 20:18:32 - [MESSAGE][PASSED] - Object: 'Object Repository/Page_PSTO webMessenger - Zalogowano/img_Leszek Kowalski_sendButton' is clicked on

2021-12-21 20:18:32 - [TEST_STEP][PASSED] - setText(findTestObject("Page_PSTO webMessenger - Zalogowano/input_Leszek Kowalski_messageInput"), "e"): Text 'e' is set on object 'Object Repository/Page_PSTO webMessenger - Zalogowano/input_Leszek Kowalski_messageInput'

2021-12-21 20:18:36 - [MESSAGE][PASSED] - Text 'e' is set on object 'Object Repository/Page_PSTO webMessenger - Zalogowano/input_Leszek Kowalski_messageInput'

2021-12-21 20:18:36 - [TEST_STEP][PASSED] - click(findTestObject("Page_PSTO webMessenger - Zalogowano/img_Leszek Kowalski_sendButton")): Object: 'Object Repository/Page_PSTO webMessenger - Zalogowano/img_Leszek Kowalski_sendButton' is clicked on

2021-12-21 20:18:38 - [MESSAGE][PASSED] - Object: 'Object Repository/Page_PSTO webMessenger - Zalogowano/img_Leszek Kowalski_sendButton' is clicked on

2021-12-21 20:18:38 - [TEST_STEP][PASSED] - setText(findTestObject("Page_PSTO webMessenger - Zalogowano/input_Leszek Kowalski_messageInput"), "e"): Text 'e' is set on object 'Object Repository/Page_PSTO webMessenger - Zalogowano/input_Leszek Kowalski_messageInput'

2021-12-21 20:18:42 - [MESSAGE][PASSED] - Text 'e' is set on object 'Object Repository/Page_PSTO webMessenger - Zalogowano/input_Leszek Kowalski_messageInput'

2021-12-21 20:18:42 - [TEST_STEP][PASSED] - click(findTestObject("Page_PSTO webMessenger - Zalogowano/img_Leszek Kowalski_sendButton")): Object: 'Object Repository/Page_PSTO webMessenger - Zalogowano/img_Leszek Kowalski_sendButton' is clicked on

2021-12-21 20:18:45 - [MESSAGE][PASSED] - Object: 'Object Repository/Page_PSTO webMessenger - Zalogowano/img_Leszek Kowalski_sendButton' is clicked on

2021-12-21 20:18:45 - [TEST_STEP][PASSED] - setText(findTestObject("Page_PSTO webMessenger - Zalogowano/input_Leszek Kowalski_messageInput"), "e"): Text 'e' is set on object 'Object Repository/Page_PSTO webMessenger - Zalogowano/input_Leszek Kowalski_messageInput'

2021-12-21 20:18:49 - [MESSAGE][PASSED] - Text 'e' is set on object 'Object Repository/Page_PSTO webMessenger - Zalogowano/input_Leszek Kowalski_messageInput'

2021-12-21 20:18:49 - [TEST_STEP][PASSED] - click(findTestObject("Page_PSTO webMessenger - Zalogowano/img_Leszek Kowalski_sendButton")): Object: 'Object Repository/Page_PSTO webMessenger - Zalogowano/img_Leszek Kowalski_sendButton' is clicked on

2021-12-21 20:18:51 - [MESSAGE][PASSED] - Object: 'Object Repository/Page_PSTO webMessenger - Zalogowano/img_Leszek Kowalski_sendButton' is clicked on

2021-12-21 20:18:51 - [TEST_STEP][PASSED] - setText(findTestObject("Page_PSTO webMessenger - Zalogowano/input_Leszek Kowalski_messageInput"), "e"): Text 'e' is set on object 'Object Repository/Page_PSTO webMessenger - Zalogowano/input_Leszek Kowalski_messageInput'

2021-12-21 20:18:55 - [MESSAGE][PASSED] - Text 'e' is set on object 'Object Repository/Page_PSTO webMessenger - Zalogowano/input_Leszek Kowalski_messageInput'

2021-12-21 20:18:55 - [TEST_STEP][PASSED] - click(findTestObject("Page_PSTO webMessenger - Zalogowano/img_Leszek Kowalski_sendButton")): Object: 'Object Repository/Page_PSTO webMessenger - Zalogowano/img_Leszek Kowalski_sendButton' is clicked on

2021-12-21 20:18:57 - [MESSAGE][PASSED] - Object: 'Object Repository/Page_PSTO webMessenger - Zalogowano/img_Leszek Kowalski_sendButton' is clicked on

2021-12-21 20:18:57 - [TEST_STEP][PASSED] - setText(findTestObject("Page_PSTO webMessenger - Zalogowano/input_Leszek Kowalski_messageInput"), "e"): Text 'e' is set on object 'Object Repository/Page_PSTO webMessenger - Zalogowano/input_Leszek Kowalski_messageInput'

2021-12-21 20:19:01 - [MESSAGE][PASSED] - Text 'e' is set on object 'Object Repository/Page_PSTO webMessenger - Zalogowano/input_Leszek Kowalski_messageInput'

2021-12-21 20:19:01 - [TEST_STEP][PASSED] - click(findTestObject("Page_PSTO webMessenger - Zalogowano/img_Leszek Kowalski_sendButton")): Object: 'Object Repository/Page_PSTO webMessenger - Zalogowano/img_Leszek Kowalski_sendButton' is clicked on

2021-12-21 20:19:03 - [MESSAGE][PASSED] - Object: 'Object Repository/Page_PSTO webMessenger - Zalogowano/img_Leszek Kowalski_sendButton' is clicked on

2021-12-21 20:19:03 - [TEST_STEP][PASSED] - setText(findTestObject("Page_PSTO webMessenger - Zalogowano/input_Leszek Kowalski_messageInput"), "e"): Text 'e' is set on object 'Object Repository/Page_PSTO webMessenger - Zalogowano/input_Leszek Kowalski_messageInput'

2021-12-21 20:19:07 - [MESSAGE][PASSED] - Text 'e' is set on object 'Object Repository/Page_PSTO webMessenger - Zalogowano/input_Leszek Kowalski_messageInput'

2021-12-21 20:19:07 - [TEST_STEP][PASSED] - click(findTestObject("Page_PSTO webMessenger - Zalogowano/img_Leszek Kowalski_sendButton")): Object: 'Object Repository/Page_PSTO webMessenger - Zalogowano/img_Leszek Kowalski_sendButton' is clicked on

2021-12-21 20:19:09 - [MESSAGE][PASSED] - Object: 'Object Repository/Page_PSTO webMessenger - Zalogowano/img_Leszek Kowalski_sendButton' is clicked on

2021-12-21 20:19:09 - [TEST_STEP][PASSED] - setText(findTestObject("Page_PSTO webMessenger - Zalogowano/input_Leszek Kowalski_messageInput"), "e"): Text 'e' is set on object 'Object Repository/Page_PSTO webMessenger - Zalogowano/input_Leszek Kowalski_messageInput'

2021-12-21 20:19:13 - [MESSAGE][PASSED] - Text 'e' is set on object 'Object Repository/Page_PSTO webMessenger - Zalogowano/input_Leszek Kowalski_messageInput'

2021-12-21 20:19:13 - [TEST_STEP][PASSED] - click(findTestObject("Page_PSTO webMessenger - Zalogowano/img_Leszek Kowalski_sendButton")): Object: 'Object Repository/Page_PSTO webMessenger - Zalogowano/img_Leszek Kowalski_sendButton' is clicked on

2021-12-21 20:19:15 - [MESSAGE][PASSED] - Object: 'Object Repository/Page_PSTO webMessenger - Zalogowano/img_Leszek Kowalski_sendButton' is clicked on

2021-12-21 20:19:15 - [TEST_STEP][PASSED] - setText(findTestObject("Page_PSTO webMessenger - Zalogowano/input_Leszek Kowalski_messageInput"), "e"): Text 'e' is set on object 'Object Repository/Page_PSTO webMessenger - Zalogowano/input_Leszek Kowalski_messageInput'

2021-12-21 20:19:19 - [MESSAGE][PASSED] - Text 'e' is set on object 'Object Repository/Page_PSTO webMessenger - Zalogowano/input_Leszek Kowalski_messageInput'

2021-12-21 20:19:19 - [TEST_STEP][PASSED] - click(findTestObject("Page_PSTO webMessenger - Zalogowano/img_Leszek Kowalski_sendButton")): Object: 'Object Repository/Page_PSTO webMessenger - Zalogowano/img_Leszek Kowalski_sendButton' is clicked on

2021-12-21 20:19:21 - [MESSAGE][PASSED] - Object: 'Object Repository/Page_PSTO webMessenger - Zalogowano/img_Leszek Kowalski_sendButton' is clicked on

2021-12-21 20:19:21 - [TEST_STEP][PASSED] - setText(findTestObject("Page_PSTO webMessenger - Zalogowano/input_Leszek Kowalski_messageInput"), "e"): Text 'e' is set on object 'Object Repository/Page_PSTO webMessenger - Zalogowano/input_Leszek Kowalski_messageInput'

2021-12-21 20:19:25 - [MESSAGE][PASSED] - Text 'e' is set on object 'Object Repository/Page_PSTO webMessenger - Zalogowano/input_Leszek Kowalski_messageInput'

2021-12-21 20:19:25 - [TEST_STEP][PASSED] - click(findTestObject("Page_PSTO webMessenger - Zalogowano/img_Leszek Kowalski_sendButton")): Object: 'Object Repository/Page_PSTO webMessenger - Zalogowano/img_Leszek Kowalski_sendButton' is clicked on

2021-12-21 20:19:27 - [MESSAGE][PASSED] - Object: 'Object Repository/Page_PSTO webMessenger - Zalogowano/img_Leszek Kowalski_sendButton' is clicked on

2021-12-21 20:19:27 - [TEST_STEP][PASSED] - setText(findTestObject("Page_PSTO webMessenger - Zalogowano/input_Leszek Kowalski_messageInput"), "e"): Text 'e' is set on object 'Object Repository/Page_PSTO webMessenger - Zalogowano/input_Leszek Kowalski_messageInput'

2021-12-21 20:19:31 - [MESSAGE][PASSED] - Text 'e' is set on object 'Object Repository/Page_PSTO webMessenger - Zalogowano/input_Leszek Kowalski_messageInput'

2021-12-21 20:19:31 - [TEST_STEP][PASSED] - click(findTestObject("Page_PSTO webMessenger - Zalogowano/img_Leszek Kowalski_sendButton")): Object: 'Object Repository/Page_PSTO webMessenger - Zalogowano/img_Leszek Kowalski_sendButton' is clicked on

2021-12-21 20:19:33 - [MESSAGE][PASSED] - Object: 'Object Repository/Page_PSTO webMessenger - Zalogowano/img_Leszek Kowalski_sendButton' is clicked on

2021-12-21 20:19:33 - [TEST_STEP][PASSED] - setText(findTestObject("Page_PSTO webMessenger - Zalogowano/input_Leszek Kowalski_messageInput"), "e"): Text 'e' is set on object 'Object Repository/Page_PSTO webMessenger - Zalogowano/input_Leszek Kowalski_messageInput'

2021-12-21 20:19:37 - [MESSAGE][PASSED] - Text 'e' is set on object 'Object Repository/Page_PSTO webMessenger - Zalogowano/input_Leszek Kowalski_messageInput'

2021-12-21 20:19:37 - [TEST_STEP][PASSED] - click(findTestObject("Page_PSTO webMessenger - Zalogowano/img_Leszek Kowalski_sendButton")): Object: 'Object Repository/Page_PSTO webMessenger - Zalogowano/img_Leszek Kowalski_sendButton' is clicked on

2021-12-21 20:19:39 - [MESSAGE][PASSED] - Object: 'Object Repository/Page_PSTO webMessenger - Zalogowano/img_Leszek Kowalski_sendButton' is clicked on

2021-12-21 20:19:39 - [TEST_STEP][PASSED] - setText(findTestObject("Page_PSTO webMessenger - Zalogowano/input_Leszek Kowalski_messageInput"), "e"): Text 'e' is set on object 'Object Repository/Page_PSTO webMessenger - Zalogowano/input_Leszek Kowalski_messageInput'

2021-12-21 20:19:43 - [MESSAGE][PASSED] - Text 'e' is set on object 'Object Repository/Page_PSTO webMessenger - Zalogowano/input_Leszek Kowalski_messageInput'

2021-12-21 20:19:43 - [TEST_STEP][PASSED] - click(findTestObject("Page_PSTO webMessenger - Zalogowano/img_Leszek Kowalski_sendButton")): Object: 'Object Repository/Page_PSTO webMessenger - Zalogowano/img_Leszek Kowalski_sendButton' is clicked on

2021-12-21 20:19:45 - [MESSAGE][PASSED] - Object: 'Object Repository/Page_PSTO webMessenger - Zalogowano/img_Leszek Kowalski_sendButton' is clicked on

2021-12-21 20:19:45 - [TEST_STEP][PASSED] - setText(findTestObject("Page_PSTO webMessenger - Zalogowano/input_Leszek Kowalski_messageInput"), "e"): Text 'e' is set on object 'Object Repository/Page_PSTO webMessenger - Zalogowano/input_Leszek Kowalski_messageInput'

2021-12-21 20:19:49 - [MESSAGE][PASSED] - Text 'e' is set on object 'Object Repository/Page_PSTO webMessenger - Zalogowano/input_Leszek Kowalski_messageInput'

2021-12-21 20:19:49 - [TEST_STEP][PASSED] - click(findTestObject("Page_PSTO webMessenger - Zalogowano/img_Leszek Kowalski_sendButton")): Object: 'Object Repository/Page_PSTO webMessenger - Zalogowano/img_Leszek Kowalski_sendButton' is clicked on

2021-12-21 20:19:51 - [MESSAGE][PASSED] - Object: 'Object Repository/Page_PSTO webMessenger - Zalogowano/img_Leszek Kowalski_sendButton' is clicked on

2021-12-21 20:19:51 - [TEST_STEP][PASSED] - setText(findTestObject("Page_PSTO webMessenger - Zalogowano/input_Leszek Kowalski_messageInput"), "e"): Text 'e' is set on object 'Object Repository/Page_PSTO webMessenger - Zalogowano/input_Leszek Kowalski_messageInput'

2021-12-21 20:19:55 - [MESSAGE][PASSED] - Text 'e' is set on object 'Object Repository/Page_PSTO webMessenger - Zalogowano/input_Leszek Kowalski_messageInput'

2021-12-21 20:19:55 - [TEST_STEP][PASSED] - click(findTestObject("Page_PSTO webMessenger - Zalogowano/img_Leszek Kowalski_sendButton")): Object: 'Object Repository/Page_PSTO webMessenger - Zalogowano/img_Leszek Kowalski_sendButton' is clicked on

2021-12-21 20:19:57 - [MESSAGE][PASSED] - Object: 'Object Repository/Page_PSTO webMessenger - Zalogowano/img_Leszek Kowalski_sendButton' is clicked on

2021-12-21 20:19:57 - [TEST_STEP][PASSED] - setText(findTestObject("Page_PSTO webMessenger - Zalogowano/input_Leszek Kowalski_messageInput"), "e"): Text 'e' is set on object 'Object Repository/Page_PSTO webMessenger - Zalogowano/input_Leszek Kowalski_messageInput'

2021-12-21 20:20:01 - [MESSAGE][PASSED] - Text 'e' is set on object 'Object Repository/Page_PSTO webMessenger - Zalogowano/input_Leszek Kowalski_messageInput'

2021-12-21 20:20:01 - [TEST_STEP][PASSED] - click(findTestObject("Page_PSTO webMessenger - Zalogowano/img_Leszek Kowalski_sendButton")): Object: 'Object Repository/Page_PSTO webMessenger - Zalogowano/img_Leszek Kowalski_sendButton' is clicked on

2021-12-21 20:20:03 - [MESSAGE][PASSED] - Object: 'Object Repository/Page_PSTO webMessenger - Zalogowano/img_Leszek Kowalski_sendButton' is clicked on

2021-12-21 20:20:03 - [TEST_STEP][PASSED] - click(findTestObject("Object Repository/Page_PSTO webMessenger - Zalogowano/img_Zarejestruj konto_iconImg")): Object: 'Object Repository/Page_PSTO webMessenger - Zalogowano/img_Zarejestruj konto_iconImg' is clicked on

2021-12-21 20:20:05 - [MESSAGE][PASSED] - Object: 'Object Repository/Page_PSTO webMessenger - Zalogowano/img_Zarejestruj konto_iconImg' is clicked on

2021-12-21 20:20:05 - [TEST_STEP][PASSED] - closeBrowser(): Browser is closed

2021-12-21 20:20:07 - [MESSAGE][PASSED] - Browser is closed]]></system-out>
         <system-err><![CDATA[]]></system-err>
      </testcase>
      <system-out><![CDATA[2021-12-21 18:41:36 - [TEST_SUITE][PASSED] - HR-test-chrome: Test Cases/Historia rozm贸w/HR21]]></system-out>
      <system-err><![CDATA[]]></system-err>
   </testsuite>
</testsuites>
