<?xml version="1.0" encoding="UTF-8"?>
<testsuites name="HR-test" time="1665.123" tests="5" failures="0" errors="0">
   <testsuite name="HR-test" tests="5" failures="0" errors="0" time="1665.123" skipped="0" timestamp="2021-12-19 14:44:05" hostname="agata - DESKTOP-KI9905I" id="Test Suites/HR-test">
      <properties>
         <property name="deviceName" value=""/>
         <property name="devicePlatform" value=""/>
         <property name="logFolder" value="C:\\Users\\agata\\git\\PTSOWebKounikator\\Reports\\20211219_144401\\HR-test\\20211219_144401"/>
         <property name="logFiles" value="C:\\Users\\agata\\git\\PTSOWebKounikator\\Reports\\20211219_144401\\HR-test\\20211219_144401\\execution0.log"/>
         <property name="attachments" value=""/>
         <property name="hostName" value="agata - DESKTOP-KI9905I"/>
         <property name="os" value="Windows 10 64bit"/>
         <property name="katalonVersion" value="8.2.0.208"/>
         <property name="browser" value="Firefox 94.0"/>
         <property name="hostAddress" value="192.168.3.3"/>
         <property name="sessionId" value="9130d661-f50d-476f-8154-4319383925de"/>
         <property name="seleniumVersion" value="3.141.59"/>
         <property name="proxyInformation" value="ProxyInformation { proxyOption=NO_PROXY, proxyServerType=HTTP, username=, password=********, proxyServerAddress=, proxyServerPort=0, executionList=&quot;&quot;, isApplyToDesiredCapabilities=true }"/>
         <property name="platform" value="Windows 10"/>
      </properties>
      <testcase name="Test Cases/Historia rozm贸w/HR17" time="91.868" classname="Test Cases/Historia rozm贸w/HR17" status="PASSED">
         <system-out><![CDATA[2021-12-19 14:44:06 - [TEST_CASE][PASSED] - Test Cases/Historia rozm贸w/HR17: Test Cases/Historia rozm贸w/HR17

2021-12-19 14:44:07 - [TEST_STEP][PASSED] - openBrowser(""): Browser is opened with url: ''

2021-12-19 14:44:07 - [MESSAGE][INFO] - Starting 'Firefox' driver

2021-12-19 14:44:07 - [MESSAGE][INFO] - Action delay is set to 0 milliseconds

2021-12-19 14:44:15 - [MESSAGE][PASSED] - Browser is opened with url: ''

2021-12-19 14:44:15 - [TEST_STEP][PASSED] - navigateToUrl("http://kmg.hcm.pl/testowanie/index.html"): Navigate to 'http://kmg.hcm.pl/testowanie/index.html' successfully

2021-12-19 14:44:16 - [MESSAGE][PASSED] - Navigate to 'http://kmg.hcm.pl/testowanie/index.html' successfully

2021-12-19 14:44:16 - [TEST_STEP][PASSED] - setText(findTestObject("Object Repository/Page_PSTO webMessenger/input_Zarejestruj konto_userLogin"), "Tomasz Staszewski"): Text 'Tomasz Staszewski' is set on object 'Object Repository/Page_PSTO webMessenger/input_Zarejestruj konto_userLogin'

2021-12-19 14:44:17 - [MESSAGE][PASSED] - Text 'Tomasz Staszewski' is set on object 'Object Repository/Page_PSTO webMessenger/input_Zarejestruj konto_userLogin'

2021-12-19 14:44:17 - [TEST_STEP][PASSED] - setEncryptedText(findTestObject("Object Repository/Page_PSTO webMessenger/input_Zarejestruj konto_passwordLogin"), "wCo1vTKhcj4="): Text ****** has been set on object 'Object Repository/Page_PSTO webMessenger/input_Zarejestruj konto_passwordLogin'

2021-12-19 14:44:17 - [MESSAGE][PASSED] - Text ****** has been set on object 'Object Repository/Page_PSTO webMessenger/input_Zarejestruj konto_passwordLogin'

2021-12-19 14:44:17 - [TEST_STEP][PASSED] - click(findTestObject("Object Repository/Page_PSTO webMessenger/input_Zarejestruj konto_login")): Object: 'Object Repository/Page_PSTO webMessenger/input_Zarejestruj konto_login' is clicked on

2021-12-19 14:44:18 - [MESSAGE][PASSED] - Object: 'Object Repository/Page_PSTO webMessenger/input_Zarejestruj konto_login' is clicked on

2021-12-19 14:44:18 - [TEST_STEP][PASSED] - click(findTestObject("Page_PSTO webMessenger - Zalogowano/div_Magda Kowalska")): Object: 'Object Repository/Page_PSTO webMessenger - Zalogowano/div_Magda Kowalska' is clicked on

2021-12-19 14:44:19 - [MESSAGE][PASSED] - Object: 'Object Repository/Page_PSTO webMessenger - Zalogowano/div_Magda Kowalska' is clicked on

2021-12-19 14:44:19 - [TEST_STEP][PASSED] - setText(findTestObject("Page_PSTO webMessenger - Zalogowano/input_Magda Kowalska_messageInput"), "proba"): Text 'proba' is set on object 'Object Repository/Page_PSTO webMessenger - Zalogowano/input_Magda Kowalska_messageInput'

2021-12-19 14:44:21 - [MESSAGE][PASSED] - Text 'proba' is set on object 'Object Repository/Page_PSTO webMessenger - Zalogowano/input_Magda Kowalska_messageInput'

2021-12-19 14:44:21 - [TEST_STEP][PASSED] - click(findTestObject("Page_PSTO webMessenger - Zalogowano/img_Magda Kowalska_sendButton")): Object: 'Object Repository/Page_PSTO webMessenger - Zalogowano/img_Magda Kowalska_sendButton' is clicked on

2021-12-19 14:44:22 - [MESSAGE][PASSED] - Object: 'Object Repository/Page_PSTO webMessenger - Zalogowano/img_Magda Kowalska_sendButton' is clicked on

2021-12-19 14:44:22 - [TEST_STEP][PASSED] - for (def index : (1..50)): Object: 'Object Repository/Page_PSTO webMessenger - Zalogowano/img_Magda Kowalska_sendButton' is clicked on

2021-12-19 14:44:22 - [TEST_STEP][PASSED] - setText(findTestObject("Page_PSTO webMessenger - Zalogowano/input_Magda Kowalska_messageInput"), "a"): Text 'a' is set on object 'Object Repository/Page_PSTO webMessenger - Zalogowano/input_Magda Kowalska_messageInput'

2021-12-19 14:44:23 - [MESSAGE][PASSED] - Text 'a' is set on object 'Object Repository/Page_PSTO webMessenger - Zalogowano/input_Magda Kowalska_messageInput'

2021-12-19 14:44:23 - [TEST_STEP][PASSED] - click(findTestObject("Page_PSTO webMessenger - Zalogowano/img_Magda Kowalska_sendButton")): Object: 'Object Repository/Page_PSTO webMessenger - Zalogowano/img_Magda Kowalska_sendButton' is clicked on

2021-12-19 14:44:23 - [MESSAGE][PASSED] - Object: 'Object Repository/Page_PSTO webMessenger - Zalogowano/img_Magda Kowalska_sendButton' is clicked on

2021-12-19 14:44:23 - [TEST_STEP][PASSED] - setText(findTestObject("Page_PSTO webMessenger - Zalogowano/input_Magda Kowalska_messageInput"), "a"): Text 'a' is set on object 'Object Repository/Page_PSTO webMessenger - Zalogowano/input_Magda Kowalska_messageInput'

2021-12-19 14:44:24 - [MESSAGE][PASSED] - Text 'a' is set on object 'Object Repository/Page_PSTO webMessenger - Zalogowano/input_Magda Kowalska_messageInput'

2021-12-19 14:44:24 - [TEST_STEP][PASSED] - click(findTestObject("Page_PSTO webMessenger - Zalogowano/img_Magda Kowalska_sendButton")): Object: 'Object Repository/Page_PSTO webMessenger - Zalogowano/img_Magda Kowalska_sendButton' is clicked on

2021-12-19 14:44:25 - [MESSAGE][PASSED] - Object: 'Object Repository/Page_PSTO webMessenger - Zalogowano/img_Magda Kowalska_sendButton' is clicked on

2021-12-19 14:44:25 - [TEST_STEP][PASSED] - setText(findTestObject("Page_PSTO webMessenger - Zalogowano/input_Magda Kowalska_messageInput"), "a"): Text 'a' is set on object 'Object Repository/Page_PSTO webMessenger - Zalogowano/input_Magda Kowalska_messageInput'

2021-12-19 14:44:25 - [MESSAGE][PASSED] - Text 'a' is set on object 'Object Repository/Page_PSTO webMessenger - Zalogowano/input_Magda Kowalska_messageInput'

2021-12-19 14:44:25 - [TEST_STEP][PASSED] - click(findTestObject("Page_PSTO webMessenger - Zalogowano/img_Magda Kowalska_sendButton")): Object: 'Object Repository/Page_PSTO webMessenger - Zalogowano/img_Magda Kowalska_sendButton' is clicked on

2021-12-19 14:44:27 - [MESSAGE][PASSED] - Object: 'Object Repository/Page_PSTO webMessenger - Zalogowano/img_Magda Kowalska_sendButton' is clicked on

2021-12-19 14:44:27 - [TEST_STEP][PASSED] - setText(findTestObject("Page_PSTO webMessenger - Zalogowano/input_Magda Kowalska_messageInput"), "a"): Text 'a' is set on object 'Object Repository/Page_PSTO webMessenger - Zalogowano/input_Magda Kowalska_messageInput'

2021-12-19 14:44:28 - [MESSAGE][PASSED] - Text 'a' is set on object 'Object Repository/Page_PSTO webMessenger - Zalogowano/input_Magda Kowalska_messageInput'

2021-12-19 14:44:28 - [TEST_STEP][PASSED] - click(findTestObject("Page_PSTO webMessenger - Zalogowano/img_Magda Kowalska_sendButton")): Object: 'Object Repository/Page_PSTO webMessenger - Zalogowano/img_Magda Kowalska_sendButton' is clicked on

2021-12-19 14:44:28 - [MESSAGE][PASSED] - Object: 'Object Repository/Page_PSTO webMessenger - Zalogowano/img_Magda Kowalska_sendButton' is clicked on

2021-12-19 14:44:28 - [TEST_STEP][PASSED] - setText(findTestObject("Page_PSTO webMessenger - Zalogowano/input_Magda Kowalska_messageInput"), "a"): Text 'a' is set on object 'Object Repository/Page_PSTO webMessenger - Zalogowano/input_Magda Kowalska_messageInput'

2021-12-19 14:44:29 - [MESSAGE][PASSED] - Text 'a' is set on object 'Object Repository/Page_PSTO webMessenger - Zalogowano/input_Magda Kowalska_messageInput'

2021-12-19 14:44:29 - [TEST_STEP][PASSED] - click(findTestObject("Page_PSTO webMessenger - Zalogowano/img_Magda Kowalska_sendButton")): Object: 'Object Repository/Page_PSTO webMessenger - Zalogowano/img_Magda Kowalska_sendButton' is clicked on

2021-12-19 14:44:29 - [MESSAGE][PASSED] - Object: 'Object Repository/Page_PSTO webMessenger - Zalogowano/img_Magda Kowalska_sendButton' is clicked on

2021-12-19 14:44:29 - [TEST_STEP][PASSED] - setText(findTestObject("Page_PSTO webMessenger - Zalogowano/input_Magda Kowalska_messageInput"), "a"): Text 'a' is set on object 'Object Repository/Page_PSTO webMessenger - Zalogowano/input_Magda Kowalska_messageInput'

2021-12-19 14:44:30 - [MESSAGE][PASSED] - Text 'a' is set on object 'Object Repository/Page_PSTO webMessenger - Zalogowano/input_Magda Kowalska_messageInput'

2021-12-19 14:44:30 - [TEST_STEP][PASSED] - click(findTestObject("Page_PSTO webMessenger - Zalogowano/img_Magda Kowalska_sendButton")): Object: 'Object Repository/Page_PSTO webMessenger - Zalogowano/img_Magda Kowalska_sendButton' is clicked on

2021-12-19 14:44:32 - [MESSAGE][PASSED] - Object: 'Object Repository/Page_PSTO webMessenger - Zalogowano/img_Magda Kowalska_sendButton' is clicked on

2021-12-19 14:44:32 - [TEST_STEP][PASSED] - setText(findTestObject("Page_PSTO webMessenger - Zalogowano/input_Magda Kowalska_messageInput"), "a"): Text 'a' is set on object 'Object Repository/Page_PSTO webMessenger - Zalogowano/input_Magda Kowalska_messageInput'

2021-12-19 14:44:33 - [MESSAGE][PASSED] - Text 'a' is set on object 'Object Repository/Page_PSTO webMessenger - Zalogowano/input_Magda Kowalska_messageInput'

2021-12-19 14:44:33 - [TEST_STEP][PASSED] - click(findTestObject("Page_PSTO webMessenger - Zalogowano/img_Magda Kowalska_sendButton")): Object: 'Object Repository/Page_PSTO webMessenger - Zalogowano/img_Magda Kowalska_sendButton' is clicked on

2021-12-19 14:44:33 - [MESSAGE][PASSED] - Object: 'Object Repository/Page_PSTO webMessenger - Zalogowano/img_Magda Kowalska_sendButton' is clicked on

2021-12-19 14:44:33 - [TEST_STEP][PASSED] - setText(findTestObject("Page_PSTO webMessenger - Zalogowano/input_Magda Kowalska_messageInput"), "a"): Text 'a' is set on object 'Object Repository/Page_PSTO webMessenger - Zalogowano/input_Magda Kowalska_messageInput'

2021-12-19 14:44:34 - [MESSAGE][PASSED] - Text 'a' is set on object 'Object Repository/Page_PSTO webMessenger - Zalogowano/input_Magda Kowalska_messageInput'

2021-12-19 14:44:34 - [TEST_STEP][PASSED] - click(findTestObject("Page_PSTO webMessenger - Zalogowano/img_Magda Kowalska_sendButton")): Object: 'Object Repository/Page_PSTO webMessenger - Zalogowano/img_Magda Kowalska_sendButton' is clicked on

2021-12-19 14:44:34 - [MESSAGE][PASSED] - Object: 'Object Repository/Page_PSTO webMessenger - Zalogowano/img_Magda Kowalska_sendButton' is clicked on

2021-12-19 14:44:34 - [TEST_STEP][PASSED] - setText(findTestObject("Page_PSTO webMessenger - Zalogowano/input_Magda Kowalska_messageInput"), "a"): Text 'a' is set on object 'Object Repository/Page_PSTO webMessenger - Zalogowano/input_Magda Kowalska_messageInput'

2021-12-19 14:44:35 - [MESSAGE][PASSED] - Text 'a' is set on object 'Object Repository/Page_PSTO webMessenger - Zalogowano/input_Magda Kowalska_messageInput'

2021-12-19 14:44:35 - [TEST_STEP][PASSED] - click(findTestObject("Page_PSTO webMessenger - Zalogowano/img_Magda Kowalska_sendButton")): Object: 'Object Repository/Page_PSTO webMessenger - Zalogowano/img_Magda Kowalska_sendButton' is clicked on

2021-12-19 14:44:36 - [MESSAGE][PASSED] - Object: 'Object Repository/Page_PSTO webMessenger - Zalogowano/img_Magda Kowalska_sendButton' is clicked on

2021-12-19 14:44:36 - [TEST_STEP][PASSED] - setText(findTestObject("Page_PSTO webMessenger - Zalogowano/input_Magda Kowalska_messageInput"), "a"): Text 'a' is set on object 'Object Repository/Page_PSTO webMessenger - Zalogowano/input_Magda Kowalska_messageInput'

2021-12-19 14:44:37 - [MESSAGE][PASSED] - Text 'a' is set on object 'Object Repository/Page_PSTO webMessenger - Zalogowano/input_Magda Kowalska_messageInput'

2021-12-19 14:44:37 - [TEST_STEP][PASSED] - click(findTestObject("Page_PSTO webMessenger - Zalogowano/img_Magda Kowalska_sendButton")): Object: 'Object Repository/Page_PSTO webMessenger - Zalogowano/img_Magda Kowalska_sendButton' is clicked on

2021-12-19 14:44:37 - [MESSAGE][PASSED] - Object: 'Object Repository/Page_PSTO webMessenger - Zalogowano/img_Magda Kowalska_sendButton' is clicked on

2021-12-19 14:44:37 - [TEST_STEP][PASSED] - setText(findTestObject("Page_PSTO webMessenger - Zalogowano/input_Magda Kowalska_messageInput"), "a"): Text 'a' is set on object 'Object Repository/Page_PSTO webMessenger - Zalogowano/input_Magda Kowalska_messageInput'

2021-12-19 14:44:38 - [MESSAGE][PASSED] - Text 'a' is set on object 'Object Repository/Page_PSTO webMessenger - Zalogowano/input_Magda Kowalska_messageInput'

2021-12-19 14:44:38 - [TEST_STEP][PASSED] - click(findTestObject("Page_PSTO webMessenger - Zalogowano/img_Magda Kowalska_sendButton")): Object: 'Object Repository/Page_PSTO webMessenger - Zalogowano/img_Magda Kowalska_sendButton' is clicked on

2021-12-19 14:44:39 - [MESSAGE][PASSED] - Object: 'Object Repository/Page_PSTO webMessenger - Zalogowano/img_Magda Kowalska_sendButton' is clicked on

2021-12-19 14:44:39 - [TEST_STEP][PASSED] - setText(findTestObject("Page_PSTO webMessenger - Zalogowano/input_Magda Kowalska_messageInput"), "a"): Text 'a' is set on object 'Object Repository/Page_PSTO webMessenger - Zalogowano/input_Magda Kowalska_messageInput'

2021-12-19 14:44:39 - [MESSAGE][PASSED] - Text 'a' is set on object 'Object Repository/Page_PSTO webMessenger - Zalogowano/input_Magda Kowalska_messageInput'

2021-12-19 14:44:39 - [TEST_STEP][PASSED] - click(findTestObject("Page_PSTO webMessenger - Zalogowano/img_Magda Kowalska_sendButton")): Object: 'Object Repository/Page_PSTO webMessenger - Zalogowano/img_Magda Kowalska_sendButton' is clicked on

2021-12-19 14:44:40 - [MESSAGE][PASSED] - Object: 'Object Repository/Page_PSTO webMessenger - Zalogowano/img_Magda Kowalska_sendButton' is clicked on

2021-12-19 14:44:40 - [TEST_STEP][PASSED] - setText(findTestObject("Page_PSTO webMessenger - Zalogowano/input_Magda Kowalska_messageInput"), "a"): Text 'a' is set on object 'Object Repository/Page_PSTO webMessenger - Zalogowano/input_Magda Kowalska_messageInput'

2021-12-19 14:44:41 - [MESSAGE][PASSED] - Text 'a' is set on object 'Object Repository/Page_PSTO webMessenger - Zalogowano/input_Magda Kowalska_messageInput'

2021-12-19 14:44:41 - [TEST_STEP][PASSED] - click(findTestObject("Page_PSTO webMessenger - Zalogowano/img_Magda Kowalska_sendButton")): Object: 'Object Repository/Page_PSTO webMessenger - Zalogowano/img_Magda Kowalska_sendButton' is clicked on

2021-12-19 14:44:42 - [MESSAGE][PASSED] - Object: 'Object Repository/Page_PSTO webMessenger - Zalogowano/img_Magda Kowalska_sendButton' is clicked on

2021-12-19 14:44:42 - [TEST_STEP][PASSED] - setText(findTestObject("Page_PSTO webMessenger - Zalogowano/input_Magda Kowalska_messageInput"), "a"): Text 'a' is set on object 'Object Repository/Page_PSTO webMessenger - Zalogowano/input_Magda Kowalska_messageInput'

2021-12-19 14:44:43 - [MESSAGE][PASSED] - Text 'a' is set on object 'Object Repository/Page_PSTO webMessenger - Zalogowano/input_Magda Kowalska_messageInput'

2021-12-19 14:44:43 - [TEST_STEP][PASSED] - click(findTestObject("Page_PSTO webMessenger - Zalogowano/img_Magda Kowalska_sendButton")): Object: 'Object Repository/Page_PSTO webMessenger - Zalogowano/img_Magda Kowalska_sendButton' is clicked on

2021-12-19 14:44:43 - [MESSAGE][PASSED] - Object: 'Object Repository/Page_PSTO webMessenger - Zalogowano/img_Magda Kowalska_sendButton' is clicked on

2021-12-19 14:44:43 - [TEST_STEP][PASSED] - setText(findTestObject("Page_PSTO webMessenger - Zalogowano/input_Magda Kowalska_messageInput"), "a"): Text 'a' is set on object 'Object Repository/Page_PSTO webMessenger - Zalogowano/input_Magda Kowalska_messageInput'

2021-12-19 14:44:44 - [MESSAGE][PASSED] - Text 'a' is set on object 'Object Repository/Page_PSTO webMessenger - Zalogowano/input_Magda Kowalska_messageInput'

2021-12-19 14:44:44 - [TEST_STEP][PASSED] - click(findTestObject("Page_PSTO webMessenger - Zalogowano/img_Magda Kowalska_sendButton")): Object: 'Object Repository/Page_PSTO webMessenger - Zalogowano/img_Magda Kowalska_sendButton' is clicked on

2021-12-19 14:44:45 - [MESSAGE][PASSED] - Object: 'Object Repository/Page_PSTO webMessenger - Zalogowano/img_Magda Kowalska_sendButton' is clicked on

2021-12-19 14:44:45 - [TEST_STEP][PASSED] - setText(findTestObject("Page_PSTO webMessenger - Zalogowano/input_Magda Kowalska_messageInput"), "a"): Text 'a' is set on object 'Object Repository/Page_PSTO webMessenger - Zalogowano/input_Magda Kowalska_messageInput'

2021-12-19 14:44:45 - [MESSAGE][PASSED] - Text 'a' is set on object 'Object Repository/Page_PSTO webMessenger - Zalogowano/input_Magda Kowalska_messageInput'

2021-12-19 14:44:45 - [TEST_STEP][PASSED] - click(findTestObject("Page_PSTO webMessenger - Zalogowano/img_Magda Kowalska_sendButton")): Object: 'Object Repository/Page_PSTO webMessenger - Zalogowano/img_Magda Kowalska_sendButton' is clicked on

2021-12-19 14:44:46 - [MESSAGE][PASSED] - Object: 'Object Repository/Page_PSTO webMessenger - Zalogowano/img_Magda Kowalska_sendButton' is clicked on

2021-12-19 14:44:46 - [TEST_STEP][PASSED] - setText(findTestObject("Page_PSTO webMessenger - Zalogowano/input_Magda Kowalska_messageInput"), "a"): Text 'a' is set on object 'Object Repository/Page_PSTO webMessenger - Zalogowano/input_Magda Kowalska_messageInput'

2021-12-19 14:44:47 - [MESSAGE][PASSED] - Text 'a' is set on object 'Object Repository/Page_PSTO webMessenger - Zalogowano/input_Magda Kowalska_messageInput'

2021-12-19 14:44:47 - [TEST_STEP][PASSED] - click(findTestObject("Page_PSTO webMessenger - Zalogowano/img_Magda Kowalska_sendButton")): Object: 'Object Repository/Page_PSTO webMessenger - Zalogowano/img_Magda Kowalska_sendButton' is clicked on

2021-12-19 14:44:47 - [MESSAGE][PASSED] - Object: 'Object Repository/Page_PSTO webMessenger - Zalogowano/img_Magda Kowalska_sendButton' is clicked on

2021-12-19 14:44:47 - [TEST_STEP][PASSED] - setText(findTestObject("Page_PSTO webMessenger - Zalogowano/input_Magda Kowalska_messageInput"), "a"): Text 'a' is set on object 'Object Repository/Page_PSTO webMessenger - Zalogowano/input_Magda Kowalska_messageInput'

2021-12-19 14:44:48 - [MESSAGE][PASSED] - Text 'a' is set on object 'Object Repository/Page_PSTO webMessenger - Zalogowano/input_Magda Kowalska_messageInput'

2021-12-19 14:44:48 - [TEST_STEP][PASSED] - click(findTestObject("Page_PSTO webMessenger - Zalogowano/img_Magda Kowalska_sendButton")): Object: 'Object Repository/Page_PSTO webMessenger - Zalogowano/img_Magda Kowalska_sendButton' is clicked on

2021-12-19 14:44:49 - [MESSAGE][PASSED] - Object: 'Object Repository/Page_PSTO webMessenger - Zalogowano/img_Magda Kowalska_sendButton' is clicked on

2021-12-19 14:44:49 - [TEST_STEP][PASSED] - setText(findTestObject("Page_PSTO webMessenger - Zalogowano/input_Magda Kowalska_messageInput"), "a"): Text 'a' is set on object 'Object Repository/Page_PSTO webMessenger - Zalogowano/input_Magda Kowalska_messageInput'

2021-12-19 14:44:49 - [MESSAGE][PASSED] - Text 'a' is set on object 'Object Repository/Page_PSTO webMessenger - Zalogowano/input_Magda Kowalska_messageInput'

2021-12-19 14:44:49 - [TEST_STEP][PASSED] - click(findTestObject("Page_PSTO webMessenger - Zalogowano/img_Magda Kowalska_sendButton")): Object: 'Object Repository/Page_PSTO webMessenger - Zalogowano/img_Magda Kowalska_sendButton' is clicked on

2021-12-19 14:44:50 - [MESSAGE][PASSED] - Object: 'Object Repository/Page_PSTO webMessenger - Zalogowano/img_Magda Kowalska_sendButton' is clicked on

2021-12-19 14:44:50 - [TEST_STEP][PASSED] - setText(findTestObject("Page_PSTO webMessenger - Zalogowano/input_Magda Kowalska_messageInput"), "a"): Text 'a' is set on object 'Object Repository/Page_PSTO webMessenger - Zalogowano/input_Magda Kowalska_messageInput'

2021-12-19 14:44:51 - [MESSAGE][PASSED] - Text 'a' is set on object 'Object Repository/Page_PSTO webMessenger - Zalogowano/input_Magda Kowalska_messageInput'

2021-12-19 14:44:51 - [TEST_STEP][PASSED] - click(findTestObject("Page_PSTO webMessenger - Zalogowano/img_Magda Kowalska_sendButton")): Object: 'Object Repository/Page_PSTO webMessenger - Zalogowano/img_Magda Kowalska_sendButton' is clicked on

2021-12-19 14:44:52 - [MESSAGE][PASSED] - Object: 'Object Repository/Page_PSTO webMessenger - Zalogowano/img_Magda Kowalska_sendButton' is clicked on

2021-12-19 14:44:52 - [TEST_STEP][PASSED] - setText(findTestObject("Page_PSTO webMessenger - Zalogowano/input_Magda Kowalska_messageInput"), "a"): Text 'a' is set on object 'Object Repository/Page_PSTO webMessenger - Zalogowano/input_Magda Kowalska_messageInput'

2021-12-19 14:44:53 - [MESSAGE][PASSED] - Text 'a' is set on object 'Object Repository/Page_PSTO webMessenger - Zalogowano/input_Magda Kowalska_messageInput'

2021-12-19 14:44:53 - [TEST_STEP][PASSED] - click(findTestObject("Page_PSTO webMessenger - Zalogowano/img_Magda Kowalska_sendButton")): Object: 'Object Repository/Page_PSTO webMessenger - Zalogowano/img_Magda Kowalska_sendButton' is clicked on

2021-12-19 14:44:53 - [MESSAGE][PASSED] - Object: 'Object Repository/Page_PSTO webMessenger - Zalogowano/img_Magda Kowalska_sendButton' is clicked on

2021-12-19 14:44:53 - [TEST_STEP][PASSED] - setText(findTestObject("Page_PSTO webMessenger - Zalogowano/input_Magda Kowalska_messageInput"), "a"): Text 'a' is set on object 'Object Repository/Page_PSTO webMessenger - Zalogowano/input_Magda Kowalska_messageInput'

2021-12-19 14:44:54 - [MESSAGE][PASSED] - Text 'a' is set on object 'Object Repository/Page_PSTO webMessenger - Zalogowano/input_Magda Kowalska_messageInput'

2021-12-19 14:44:54 - [TEST_STEP][PASSED] - click(findTestObject("Page_PSTO webMessenger - Zalogowano/img_Magda Kowalska_sendButton")): Object: 'Object Repository/Page_PSTO webMessenger - Zalogowano/img_Magda Kowalska_sendButton' is clicked on

2021-12-19 14:44:54 - [MESSAGE][PASSED] - Object: 'Object Repository/Page_PSTO webMessenger - Zalogowano/img_Magda Kowalska_sendButton' is clicked on

2021-12-19 14:44:54 - [TEST_STEP][PASSED] - setText(findTestObject("Page_PSTO webMessenger - Zalogowano/input_Magda Kowalska_messageInput"), "a"): Text 'a' is set on object 'Object Repository/Page_PSTO webMessenger - Zalogowano/input_Magda Kowalska_messageInput'

2021-12-19 14:44:55 - [MESSAGE][PASSED] - Text 'a' is set on object 'Object Repository/Page_PSTO webMessenger - Zalogowano/input_Magda Kowalska_messageInput'

2021-12-19 14:44:55 - [TEST_STEP][PASSED] - click(findTestObject("Page_PSTO webMessenger - Zalogowano/img_Magda Kowalska_sendButton")): Object: 'Object Repository/Page_PSTO webMessenger - Zalogowano/img_Magda Kowalska_sendButton' is clicked on

2021-12-19 14:44:56 - [MESSAGE][PASSED] - Object: 'Object Repository/Page_PSTO webMessenger - Zalogowano/img_Magda Kowalska_sendButton' is clicked on

2021-12-19 14:44:56 - [TEST_STEP][PASSED] - setText(findTestObject("Page_PSTO webMessenger - Zalogowano/input_Magda Kowalska_messageInput"), "a"): Text 'a' is set on object 'Object Repository/Page_PSTO webMessenger - Zalogowano/input_Magda Kowalska_messageInput'

2021-12-19 14:44:57 - [MESSAGE][PASSED] - Text 'a' is set on object 'Object Repository/Page_PSTO webMessenger - Zalogowano/input_Magda Kowalska_messageInput'

2021-12-19 14:44:57 - [TEST_STEP][PASSED] - click(findTestObject("Page_PSTO webMessenger - Zalogowano/img_Magda Kowalska_sendButton")): Object: 'Object Repository/Page_PSTO webMessenger - Zalogowano/img_Magda Kowalska_sendButton' is clicked on

2021-12-19 14:44:58 - [MESSAGE][PASSED] - Object: 'Object Repository/Page_PSTO webMessenger - Zalogowano/img_Magda Kowalska_sendButton' is clicked on

2021-12-19 14:44:58 - [TEST_STEP][PASSED] - setText(findTestObject("Page_PSTO webMessenger - Zalogowano/input_Magda Kowalska_messageInput"), "a"): Text 'a' is set on object 'Object Repository/Page_PSTO webMessenger - Zalogowano/input_Magda Kowalska_messageInput'

2021-12-19 14:44:58 - [MESSAGE][PASSED] - Text 'a' is set on object 'Object Repository/Page_PSTO webMessenger - Zalogowano/input_Magda Kowalska_messageInput'

2021-12-19 14:44:58 - [TEST_STEP][PASSED] - click(findTestObject("Page_PSTO webMessenger - Zalogowano/img_Magda Kowalska_sendButton")): Object: 'Object Repository/Page_PSTO webMessenger - Zalogowano/img_Magda Kowalska_sendButton' is clicked on

2021-12-19 14:44:59 - [MESSAGE][PASSED] - Object: 'Object Repository/Page_PSTO webMessenger - Zalogowano/img_Magda Kowalska_sendButton' is clicked on

2021-12-19 14:44:59 - [TEST_STEP][PASSED] - setText(findTestObject("Page_PSTO webMessenger - Zalogowano/input_Magda Kowalska_messageInput"), "a"): Text 'a' is set on object 'Object Repository/Page_PSTO webMessenger - Zalogowano/input_Magda Kowalska_messageInput'

2021-12-19 14:45:00 - [MESSAGE][PASSED] - Text 'a' is set on object 'Object Repository/Page_PSTO webMessenger - Zalogowano/input_Magda Kowalska_messageInput'

2021-12-19 14:45:00 - [TEST_STEP][PASSED] - click(findTestObject("Page_PSTO webMessenger - Zalogowano/img_Magda Kowalska_sendButton")): Object: 'Object Repository/Page_PSTO webMessenger - Zalogowano/img_Magda Kowalska_sendButton' is clicked on

2021-12-19 14:45:00 - [MESSAGE][PASSED] - Object: 'Object Repository/Page_PSTO webMessenger - Zalogowano/img_Magda Kowalska_sendButton' is clicked on

2021-12-19 14:45:00 - [TEST_STEP][PASSED] - setText(findTestObject("Page_PSTO webMessenger - Zalogowano/input_Magda Kowalska_messageInput"), "a"): Text 'a' is set on object 'Object Repository/Page_PSTO webMessenger - Zalogowano/input_Magda Kowalska_messageInput'

2021-12-19 14:45:01 - [MESSAGE][PASSED] - Text 'a' is set on object 'Object Repository/Page_PSTO webMessenger - Zalogowano/input_Magda Kowalska_messageInput'

2021-12-19 14:45:01 - [TEST_STEP][PASSED] - click(findTestObject("Page_PSTO webMessenger - Zalogowano/img_Magda Kowalska_sendButton")): Object: 'Object Repository/Page_PSTO webMessenger - Zalogowano/img_Magda Kowalska_sendButton' is clicked on

2021-12-19 14:45:02 - [MESSAGE][PASSED] - Object: 'Object Repository/Page_PSTO webMessenger - Zalogowano/img_Magda Kowalska_sendButton' is clicked on

2021-12-19 14:45:02 - [TEST_STEP][PASSED] - setText(findTestObject("Page_PSTO webMessenger - Zalogowano/input_Magda Kowalska_messageInput"), "a"): Text 'a' is set on object 'Object Repository/Page_PSTO webMessenger - Zalogowano/input_Magda Kowalska_messageInput'

2021-12-19 14:45:03 - [MESSAGE][PASSED] - Text 'a' is set on object 'Object Repository/Page_PSTO webMessenger - Zalogowano/input_Magda Kowalska_messageInput'

2021-12-19 14:45:03 - [TEST_STEP][PASSED] - click(findTestObject("Page_PSTO webMessenger - Zalogowano/img_Magda Kowalska_sendButton")): Object: 'Object Repository/Page_PSTO webMessenger - Zalogowano/img_Magda Kowalska_sendButton' is clicked on

2021-12-19 14:45:03 - [MESSAGE][PASSED] - Object: 'Object Repository/Page_PSTO webMessenger - Zalogowano/img_Magda Kowalska_sendButton' is clicked on

2021-12-19 14:45:03 - [TEST_STEP][PASSED] - setText(findTestObject("Page_PSTO webMessenger - Zalogowano/input_Magda Kowalska_messageInput"), "a"): Text 'a' is set on object 'Object Repository/Page_PSTO webMessenger - Zalogowano/input_Magda Kowalska_messageInput'

2021-12-19 14:45:04 - [MESSAGE][PASSED] - Text 'a' is set on object 'Object Repository/Page_PSTO webMessenger - Zalogowano/input_Magda Kowalska_messageInput'

2021-12-19 14:45:04 - [TEST_STEP][PASSED] - click(findTestObject("Page_PSTO webMessenger - Zalogowano/img_Magda Kowalska_sendButton")): Object: 'Object Repository/Page_PSTO webMessenger - Zalogowano/img_Magda Kowalska_sendButton' is clicked on

2021-12-19 14:45:04 - [MESSAGE][PASSED] - Object: 'Object Repository/Page_PSTO webMessenger - Zalogowano/img_Magda Kowalska_sendButton' is clicked on

2021-12-19 14:45:04 - [TEST_STEP][PASSED] - setText(findTestObject("Page_PSTO webMessenger - Zalogowano/input_Magda Kowalska_messageInput"), "a"): Text 'a' is set on object 'Object Repository/Page_PSTO webMessenger - Zalogowano/input_Magda Kowalska_messageInput'

2021-12-19 14:45:05 - [MESSAGE][PASSED] - Text 'a' is set on object 'Object Repository/Page_PSTO webMessenger - Zalogowano/input_Magda Kowalska_messageInput'

2021-12-19 14:45:05 - [TEST_STEP][PASSED] - click(findTestObject("Page_PSTO webMessenger - Zalogowano/img_Magda Kowalska_sendButton")): Object: 'Object Repository/Page_PSTO webMessenger - Zalogowano/img_Magda Kowalska_sendButton' is clicked on

2021-12-19 14:45:06 - [MESSAGE][PASSED] - Object: 'Object Repository/Page_PSTO webMessenger - Zalogowano/img_Magda Kowalska_sendButton' is clicked on

2021-12-19 14:45:06 - [TEST_STEP][PASSED] - setText(findTestObject("Page_PSTO webMessenger - Zalogowano/input_Magda Kowalska_messageInput"), "a"): Text 'a' is set on object 'Object Repository/Page_PSTO webMessenger - Zalogowano/input_Magda Kowalska_messageInput'

2021-12-19 14:45:07 - [MESSAGE][PASSED] - Text 'a' is set on object 'Object Repository/Page_PSTO webMessenger - Zalogowano/input_Magda Kowalska_messageInput'

2021-12-19 14:45:07 - [TEST_STEP][PASSED] - click(findTestObject("Page_PSTO webMessenger - Zalogowano/img_Magda Kowalska_sendButton")): Object: 'Object Repository/Page_PSTO webMessenger - Zalogowano/img_Magda Kowalska_sendButton' is clicked on

2021-12-19 14:45:08 - [MESSAGE][PASSED] - Object: 'Object Repository/Page_PSTO webMessenger - Zalogowano/img_Magda Kowalska_sendButton' is clicked on

2021-12-19 14:45:08 - [TEST_STEP][PASSED] - setText(findTestObject("Page_PSTO webMessenger - Zalogowano/input_Magda Kowalska_messageInput"), "a"): Text 'a' is set on object 'Object Repository/Page_PSTO webMessenger - Zalogowano/input_Magda Kowalska_messageInput'

2021-12-19 14:45:08 - [MESSAGE][PASSED] - Text 'a' is set on object 'Object Repository/Page_PSTO webMessenger - Zalogowano/input_Magda Kowalska_messageInput'

2021-12-19 14:45:08 - [TEST_STEP][PASSED] - click(findTestObject("Page_PSTO webMessenger - Zalogowano/img_Magda Kowalska_sendButton")): Object: 'Object Repository/Page_PSTO webMessenger - Zalogowano/img_Magda Kowalska_sendButton' is clicked on

2021-12-19 14:45:09 - [MESSAGE][PASSED] - Object: 'Object Repository/Page_PSTO webMessenger - Zalogowano/img_Magda Kowalska_sendButton' is clicked on

2021-12-19 14:45:09 - [TEST_STEP][PASSED] - setText(findTestObject("Page_PSTO webMessenger - Zalogowano/input_Magda Kowalska_messageInput"), "a"): Text 'a' is set on object 'Object Repository/Page_PSTO webMessenger - Zalogowano/input_Magda Kowalska_messageInput'

2021-12-19 14:45:10 - [MESSAGE][PASSED] - Text 'a' is set on object 'Object Repository/Page_PSTO webMessenger - Zalogowano/input_Magda Kowalska_messageInput'

2021-12-19 14:45:10 - [TEST_STEP][PASSED] - click(findTestObject("Page_PSTO webMessenger - Zalogowano/img_Magda Kowalska_sendButton")): Object: 'Object Repository/Page_PSTO webMessenger - Zalogowano/img_Magda Kowalska_sendButton' is clicked on

2021-12-19 14:45:10 - [MESSAGE][PASSED] - Object: 'Object Repository/Page_PSTO webMessenger - Zalogowano/img_Magda Kowalska_sendButton' is clicked on

2021-12-19 14:45:10 - [TEST_STEP][PASSED] - setText(findTestObject("Page_PSTO webMessenger - Zalogowano/input_Magda Kowalska_messageInput"), "a"): Text 'a' is set on object 'Object Repository/Page_PSTO webMessenger - Zalogowano/input_Magda Kowalska_messageInput'

2021-12-19 14:45:12 - [MESSAGE][PASSED] - Text 'a' is set on object 'Object Repository/Page_PSTO webMessenger - Zalogowano/input_Magda Kowalska_messageInput'

2021-12-19 14:45:12 - [TEST_STEP][PASSED] - click(findTestObject("Page_PSTO webMessenger - Zalogowano/img_Magda Kowalska_sendButton")): Object: 'Object Repository/Page_PSTO webMessenger - Zalogowano/img_Magda Kowalska_sendButton' is clicked on

2021-12-19 14:45:13 - [MESSAGE][PASSED] - Object: 'Object Repository/Page_PSTO webMessenger - Zalogowano/img_Magda Kowalska_sendButton' is clicked on

2021-12-19 14:45:13 - [TEST_STEP][PASSED] - setText(findTestObject("Page_PSTO webMessenger - Zalogowano/input_Magda Kowalska_messageInput"), "a"): Text 'a' is set on object 'Object Repository/Page_PSTO webMessenger - Zalogowano/input_Magda Kowalska_messageInput'

2021-12-19 14:45:13 - [MESSAGE][PASSED] - Text 'a' is set on object 'Object Repository/Page_PSTO webMessenger - Zalogowano/input_Magda Kowalska_messageInput'

2021-12-19 14:45:13 - [TEST_STEP][PASSED] - click(findTestObject("Page_PSTO webMessenger - Zalogowano/img_Magda Kowalska_sendButton")): Object: 'Object Repository/Page_PSTO webMessenger - Zalogowano/img_Magda Kowalska_sendButton' is clicked on

2021-12-19 14:45:14 - [MESSAGE][PASSED] - Object: 'Object Repository/Page_PSTO webMessenger - Zalogowano/img_Magda Kowalska_sendButton' is clicked on

2021-12-19 14:45:14 - [TEST_STEP][PASSED] - setText(findTestObject("Page_PSTO webMessenger - Zalogowano/input_Magda Kowalska_messageInput"), "a"): Text 'a' is set on object 'Object Repository/Page_PSTO webMessenger - Zalogowano/input_Magda Kowalska_messageInput'

2021-12-19 14:45:15 - [MESSAGE][PASSED] - Text 'a' is set on object 'Object Repository/Page_PSTO webMessenger - Zalogowano/input_Magda Kowalska_messageInput'

2021-12-19 14:45:15 - [TEST_STEP][PASSED] - click(findTestObject("Page_PSTO webMessenger - Zalogowano/img_Magda Kowalska_sendButton")): Object: 'Object Repository/Page_PSTO webMessenger - Zalogowano/img_Magda Kowalska_sendButton' is clicked on

2021-12-19 14:45:15 - [MESSAGE][PASSED] - Object: 'Object Repository/Page_PSTO webMessenger - Zalogowano/img_Magda Kowalska_sendButton' is clicked on

2021-12-19 14:45:15 - [TEST_STEP][PASSED] - setText(findTestObject("Page_PSTO webMessenger - Zalogowano/input_Magda Kowalska_messageInput"), "a"): Text 'a' is set on object 'Object Repository/Page_PSTO webMessenger - Zalogowano/input_Magda Kowalska_messageInput'

2021-12-19 14:45:16 - [MESSAGE][PASSED] - Text 'a' is set on object 'Object Repository/Page_PSTO webMessenger - Zalogowano/input_Magda Kowalska_messageInput'

2021-12-19 14:45:16 - [TEST_STEP][PASSED] - click(findTestObject("Page_PSTO webMessenger - Zalogowano/img_Magda Kowalska_sendButton")): Object: 'Object Repository/Page_PSTO webMessenger - Zalogowano/img_Magda Kowalska_sendButton' is clicked on

2021-12-19 14:45:17 - [MESSAGE][PASSED] - Object: 'Object Repository/Page_PSTO webMessenger - Zalogowano/img_Magda Kowalska_sendButton' is clicked on

2021-12-19 14:45:17 - [TEST_STEP][PASSED] - setText(findTestObject("Page_PSTO webMessenger - Zalogowano/input_Magda Kowalska_messageInput"), "a"): Text 'a' is set on object 'Object Repository/Page_PSTO webMessenger - Zalogowano/input_Magda Kowalska_messageInput'

2021-12-19 14:45:18 - [MESSAGE][PASSED] - Text 'a' is set on object 'Object Repository/Page_PSTO webMessenger - Zalogowano/input_Magda Kowalska_messageInput'

2021-12-19 14:45:18 - [TEST_STEP][PASSED] - click(findTestObject("Page_PSTO webMessenger - Zalogowano/img_Magda Kowalska_sendButton")): Object: 'Object Repository/Page_PSTO webMessenger - Zalogowano/img_Magda Kowalska_sendButton' is clicked on

2021-12-19 14:45:18 - [MESSAGE][PASSED] - Object: 'Object Repository/Page_PSTO webMessenger - Zalogowano/img_Magda Kowalska_sendButton' is clicked on

2021-12-19 14:45:18 - [TEST_STEP][PASSED] - setText(findTestObject("Page_PSTO webMessenger - Zalogowano/input_Magda Kowalska_messageInput"), "a"): Text 'a' is set on object 'Object Repository/Page_PSTO webMessenger - Zalogowano/input_Magda Kowalska_messageInput'

2021-12-19 14:45:19 - [MESSAGE][PASSED] - Text 'a' is set on object 'Object Repository/Page_PSTO webMessenger - Zalogowano/input_Magda Kowalska_messageInput'

2021-12-19 14:45:19 - [TEST_STEP][PASSED] - click(findTestObject("Page_PSTO webMessenger - Zalogowano/img_Magda Kowalska_sendButton")): Object: 'Object Repository/Page_PSTO webMessenger - Zalogowano/img_Magda Kowalska_sendButton' is clicked on

2021-12-19 14:45:19 - [MESSAGE][PASSED] - Object: 'Object Repository/Page_PSTO webMessenger - Zalogowano/img_Magda Kowalska_sendButton' is clicked on

2021-12-19 14:45:19 - [TEST_STEP][PASSED] - setText(findTestObject("Page_PSTO webMessenger - Zalogowano/input_Magda Kowalska_messageInput"), "a"): Text 'a' is set on object 'Object Repository/Page_PSTO webMessenger - Zalogowano/input_Magda Kowalska_messageInput'

2021-12-19 14:45:20 - [MESSAGE][PASSED] - Text 'a' is set on object 'Object Repository/Page_PSTO webMessenger - Zalogowano/input_Magda Kowalska_messageInput'

2021-12-19 14:45:20 - [TEST_STEP][PASSED] - click(findTestObject("Page_PSTO webMessenger - Zalogowano/img_Magda Kowalska_sendButton")): Object: 'Object Repository/Page_PSTO webMessenger - Zalogowano/img_Magda Kowalska_sendButton' is clicked on

2021-12-19 14:45:21 - [MESSAGE][PASSED] - Object: 'Object Repository/Page_PSTO webMessenger - Zalogowano/img_Magda Kowalska_sendButton' is clicked on

2021-12-19 14:45:21 - [TEST_STEP][PASSED] - setText(findTestObject("Page_PSTO webMessenger - Zalogowano/input_Magda Kowalska_messageInput"), "a"): Text 'a' is set on object 'Object Repository/Page_PSTO webMessenger - Zalogowano/input_Magda Kowalska_messageInput'

2021-12-19 14:45:22 - [MESSAGE][PASSED] - Text 'a' is set on object 'Object Repository/Page_PSTO webMessenger - Zalogowano/input_Magda Kowalska_messageInput'

2021-12-19 14:45:22 - [TEST_STEP][PASSED] - click(findTestObject("Page_PSTO webMessenger - Zalogowano/img_Magda Kowalska_sendButton")): Object: 'Object Repository/Page_PSTO webMessenger - Zalogowano/img_Magda Kowalska_sendButton' is clicked on

2021-12-19 14:45:23 - [MESSAGE][PASSED] - Object: 'Object Repository/Page_PSTO webMessenger - Zalogowano/img_Magda Kowalska_sendButton' is clicked on

2021-12-19 14:45:23 - [TEST_STEP][PASSED] - setText(findTestObject("Page_PSTO webMessenger - Zalogowano/input_Magda Kowalska_messageInput"), "a"): Text 'a' is set on object 'Object Repository/Page_PSTO webMessenger - Zalogowano/input_Magda Kowalska_messageInput'

2021-12-19 14:45:23 - [MESSAGE][PASSED] - Text 'a' is set on object 'Object Repository/Page_PSTO webMessenger - Zalogowano/input_Magda Kowalska_messageInput'

2021-12-19 14:45:23 - [TEST_STEP][PASSED] - click(findTestObject("Page_PSTO webMessenger - Zalogowano/img_Magda Kowalska_sendButton")): Object: 'Object Repository/Page_PSTO webMessenger - Zalogowano/img_Magda Kowalska_sendButton' is clicked on

2021-12-19 14:45:24 - [MESSAGE][PASSED] - Object: 'Object Repository/Page_PSTO webMessenger - Zalogowano/img_Magda Kowalska_sendButton' is clicked on

2021-12-19 14:45:24 - [TEST_STEP][PASSED] - setText(findTestObject("Page_PSTO webMessenger - Zalogowano/input_Magda Kowalska_messageInput"), "a"): Text 'a' is set on object 'Object Repository/Page_PSTO webMessenger - Zalogowano/input_Magda Kowalska_messageInput'

2021-12-19 14:45:25 - [MESSAGE][PASSED] - Text 'a' is set on object 'Object Repository/Page_PSTO webMessenger - Zalogowano/input_Magda Kowalska_messageInput'

2021-12-19 14:45:25 - [TEST_STEP][PASSED] - click(findTestObject("Page_PSTO webMessenger - Zalogowano/img_Magda Kowalska_sendButton")): Object: 'Object Repository/Page_PSTO webMessenger - Zalogowano/img_Magda Kowalska_sendButton' is clicked on

2021-12-19 14:45:25 - [MESSAGE][PASSED] - Object: 'Object Repository/Page_PSTO webMessenger - Zalogowano/img_Magda Kowalska_sendButton' is clicked on

2021-12-19 14:45:25 - [TEST_STEP][PASSED] - setText(findTestObject("Page_PSTO webMessenger - Zalogowano/input_Magda Kowalska_messageInput"), "a"): Text 'a' is set on object 'Object Repository/Page_PSTO webMessenger - Zalogowano/input_Magda Kowalska_messageInput'

2021-12-19 14:45:26 - [MESSAGE][PASSED] - Text 'a' is set on object 'Object Repository/Page_PSTO webMessenger - Zalogowano/input_Magda Kowalska_messageInput'

2021-12-19 14:45:26 - [TEST_STEP][PASSED] - click(findTestObject("Page_PSTO webMessenger - Zalogowano/img_Magda Kowalska_sendButton")): Object: 'Object Repository/Page_PSTO webMessenger - Zalogowano/img_Magda Kowalska_sendButton' is clicked on

2021-12-19 14:45:27 - [MESSAGE][PASSED] - Object: 'Object Repository/Page_PSTO webMessenger - Zalogowano/img_Magda Kowalska_sendButton' is clicked on

2021-12-19 14:45:27 - [TEST_STEP][PASSED] - setText(findTestObject("Page_PSTO webMessenger - Zalogowano/input_Magda Kowalska_messageInput"), "a"): Text 'a' is set on object 'Object Repository/Page_PSTO webMessenger - Zalogowano/input_Magda Kowalska_messageInput'

2021-12-19 14:45:28 - [MESSAGE][PASSED] - Text 'a' is set on object 'Object Repository/Page_PSTO webMessenger - Zalogowano/input_Magda Kowalska_messageInput'

2021-12-19 14:45:28 - [TEST_STEP][PASSED] - click(findTestObject("Page_PSTO webMessenger - Zalogowano/img_Magda Kowalska_sendButton")): Object: 'Object Repository/Page_PSTO webMessenger - Zalogowano/img_Magda Kowalska_sendButton' is clicked on

2021-12-19 14:45:28 - [MESSAGE][PASSED] - Object: 'Object Repository/Page_PSTO webMessenger - Zalogowano/img_Magda Kowalska_sendButton' is clicked on

2021-12-19 14:45:28 - [TEST_STEP][PASSED] - setText(findTestObject("Page_PSTO webMessenger - Zalogowano/input_Magda Kowalska_messageInput"), "a"): Text 'a' is set on object 'Object Repository/Page_PSTO webMessenger - Zalogowano/input_Magda Kowalska_messageInput'

2021-12-19 14:45:29 - [MESSAGE][PASSED] - Text 'a' is set on object 'Object Repository/Page_PSTO webMessenger - Zalogowano/input_Magda Kowalska_messageInput'

2021-12-19 14:45:29 - [TEST_STEP][PASSED] - click(findTestObject("Page_PSTO webMessenger - Zalogowano/img_Magda Kowalska_sendButton")): Object: 'Object Repository/Page_PSTO webMessenger - Zalogowano/img_Magda Kowalska_sendButton' is clicked on

2021-12-19 14:45:29 - [MESSAGE][PASSED] - Object: 'Object Repository/Page_PSTO webMessenger - Zalogowano/img_Magda Kowalska_sendButton' is clicked on

2021-12-19 14:45:29 - [TEST_STEP][PASSED] - setText(findTestObject("Page_PSTO webMessenger - Zalogowano/input_Magda Kowalska_messageInput"), "a"): Text 'a' is set on object 'Object Repository/Page_PSTO webMessenger - Zalogowano/input_Magda Kowalska_messageInput'

2021-12-19 14:45:30 - [MESSAGE][PASSED] - Text 'a' is set on object 'Object Repository/Page_PSTO webMessenger - Zalogowano/input_Magda Kowalska_messageInput'

2021-12-19 14:45:30 - [TEST_STEP][PASSED] - click(findTestObject("Page_PSTO webMessenger - Zalogowano/img_Magda Kowalska_sendButton")): Object: 'Object Repository/Page_PSTO webMessenger - Zalogowano/img_Magda Kowalska_sendButton' is clicked on

2021-12-19 14:45:31 - [MESSAGE][PASSED] - Object: 'Object Repository/Page_PSTO webMessenger - Zalogowano/img_Magda Kowalska_sendButton' is clicked on

2021-12-19 14:45:31 - [TEST_STEP][PASSED] - setText(findTestObject("Page_PSTO webMessenger - Zalogowano/input_Magda Kowalska_messageInput"), "a"): Text 'a' is set on object 'Object Repository/Page_PSTO webMessenger - Zalogowano/input_Magda Kowalska_messageInput'

2021-12-19 14:45:32 - [MESSAGE][PASSED] - Text 'a' is set on object 'Object Repository/Page_PSTO webMessenger - Zalogowano/input_Magda Kowalska_messageInput'

2021-12-19 14:45:32 - [TEST_STEP][PASSED] - click(findTestObject("Page_PSTO webMessenger - Zalogowano/img_Magda Kowalska_sendButton")): Object: 'Object Repository/Page_PSTO webMessenger - Zalogowano/img_Magda Kowalska_sendButton' is clicked on

2021-12-19 14:45:33 - [MESSAGE][PASSED] - Object: 'Object Repository/Page_PSTO webMessenger - Zalogowano/img_Magda Kowalska_sendButton' is clicked on

2021-12-19 14:45:33 - [TEST_STEP][PASSED] - setText(findTestObject("Page_PSTO webMessenger - Zalogowano/input_Magda Kowalska_messageInput"), "a"): Text 'a' is set on object 'Object Repository/Page_PSTO webMessenger - Zalogowano/input_Magda Kowalska_messageInput'

2021-12-19 14:45:33 - [MESSAGE][PASSED] - Text 'a' is set on object 'Object Repository/Page_PSTO webMessenger - Zalogowano/input_Magda Kowalska_messageInput'

2021-12-19 14:45:33 - [TEST_STEP][PASSED] - click(findTestObject("Page_PSTO webMessenger - Zalogowano/img_Magda Kowalska_sendButton")): Object: 'Object Repository/Page_PSTO webMessenger - Zalogowano/img_Magda Kowalska_sendButton' is clicked on

2021-12-19 14:45:34 - [MESSAGE][PASSED] - Object: 'Object Repository/Page_PSTO webMessenger - Zalogowano/img_Magda Kowalska_sendButton' is clicked on

2021-12-19 14:45:34 - [TEST_STEP][PASSED] - setText(findTestObject("Page_PSTO webMessenger - Zalogowano/input_Magda Kowalska_messageInput"), "a"): Text 'a' is set on object 'Object Repository/Page_PSTO webMessenger - Zalogowano/input_Magda Kowalska_messageInput'

2021-12-19 14:45:35 - [MESSAGE][PASSED] - Text 'a' is set on object 'Object Repository/Page_PSTO webMessenger - Zalogowano/input_Magda Kowalska_messageInput'

2021-12-19 14:45:35 - [TEST_STEP][PASSED] - click(findTestObject("Page_PSTO webMessenger - Zalogowano/img_Magda Kowalska_sendButton")): Object: 'Object Repository/Page_PSTO webMessenger - Zalogowano/img_Magda Kowalska_sendButton' is clicked on

2021-12-19 14:45:35 - [MESSAGE][PASSED] - Object: 'Object Repository/Page_PSTO webMessenger - Zalogowano/img_Magda Kowalska_sendButton' is clicked on

2021-12-19 14:45:35 - [TEST_STEP][PASSED] - click(findTestObject("Object Repository/Page_PSTO webMessenger - Zalogowano/img_Zarejestruj konto_iconImg")): Object: 'Object Repository/Page_PSTO webMessenger - Zalogowano/img_Zarejestruj konto_iconImg' is clicked on

2021-12-19 14:45:36 - [MESSAGE][PASSED] - Object: 'Object Repository/Page_PSTO webMessenger - Zalogowano/img_Zarejestruj konto_iconImg' is clicked on

2021-12-19 14:45:36 - [TEST_STEP][PASSED] - closeBrowser(): Browser is closed

2021-12-19 14:45:38 - [MESSAGE][PASSED] - Browser is closed]]></system-out>
         <system-err><![CDATA[]]></system-err>
      </testcase>
      <testcase name="Test Cases/Historia rozm贸w/HR18" time="172.533" classname="Test Cases/Historia rozm贸w/HR18" status="PASSED">
         <system-out><![CDATA[2021-12-19 14:45:38 - [TEST_CASE][PASSED] - Test Cases/Historia rozm贸w/HR18: Test Cases/Historia rozm贸w/HR18

2021-12-19 14:45:38 - [TEST_STEP][PASSED] - openBrowser(""): Browser is opened with url: ''

2021-12-19 14:45:38 - [MESSAGE][INFO] - Starting 'Firefox' driver

2021-12-19 14:45:38 - [MESSAGE][INFO] - Action delay is set to 0 milliseconds

2021-12-19 14:45:44 - [MESSAGE][PASSED] - Browser is opened with url: ''

2021-12-19 14:45:44 - [TEST_STEP][PASSED] - navigateToUrl("http://kmg.hcm.pl/testowanie/index.html"): Navigate to 'http://kmg.hcm.pl/testowanie/index.html' successfully

2021-12-19 14:45:45 - [MESSAGE][PASSED] - Navigate to 'http://kmg.hcm.pl/testowanie/index.html' successfully

2021-12-19 14:45:45 - [TEST_STEP][PASSED] - setText(findTestObject("Object Repository/Page_PSTO webMessenger/input_Zarejestruj konto_userLogin"), "Tomasz Staszewski"): Text 'Tomasz Staszewski' is set on object 'Object Repository/Page_PSTO webMessenger/input_Zarejestruj konto_userLogin'

2021-12-19 14:45:46 - [MESSAGE][PASSED] - Text 'Tomasz Staszewski' is set on object 'Object Repository/Page_PSTO webMessenger/input_Zarejestruj konto_userLogin'

2021-12-19 14:45:46 - [TEST_STEP][PASSED] - setEncryptedText(findTestObject("Object Repository/Page_PSTO webMessenger/input_Zarejestruj konto_passwordLogin"), "wCo1vTKhcj4="): Text ****** has been set on object 'Object Repository/Page_PSTO webMessenger/input_Zarejestruj konto_passwordLogin'

2021-12-19 14:45:46 - [MESSAGE][PASSED] - Text ****** has been set on object 'Object Repository/Page_PSTO webMessenger/input_Zarejestruj konto_passwordLogin'

2021-12-19 14:45:46 - [TEST_STEP][PASSED] - click(findTestObject("Object Repository/Page_PSTO webMessenger/input_Zarejestruj konto_login")): Object: 'Object Repository/Page_PSTO webMessenger/input_Zarejestruj konto_login' is clicked on

2021-12-19 14:45:47 - [MESSAGE][PASSED] - Object: 'Object Repository/Page_PSTO webMessenger/input_Zarejestruj konto_login' is clicked on

2021-12-19 14:45:47 - [TEST_STEP][PASSED] - click(findTestObject("Page_PSTO webMessenger - Zalogowano/div_Joanna Kowalska")): Object: 'Object Repository/Page_PSTO webMessenger - Zalogowano/div_Joanna Kowalska' is clicked on

2021-12-19 14:45:48 - [MESSAGE][PASSED] - Object: 'Object Repository/Page_PSTO webMessenger - Zalogowano/div_Joanna Kowalska' is clicked on

2021-12-19 14:45:48 - [TEST_STEP][PASSED] - setText(findTestObject("Page_PSTO webMessenger - Zalogowano/input_Joanna Kowalska_messageInput"), "proba"): Text 'proba' is set on object 'Object Repository/Page_PSTO webMessenger - Zalogowano/input_Joanna Kowalska_messageInput'

2021-12-19 14:45:49 - [MESSAGE][PASSED] - Text 'proba' is set on object 'Object Repository/Page_PSTO webMessenger - Zalogowano/input_Joanna Kowalska_messageInput'

2021-12-19 14:45:49 - [TEST_STEP][PASSED] - click(findTestObject("Page_PSTO webMessenger - Zalogowano/img_Joanna Kowalska_sendButton")): Object: 'Object Repository/Page_PSTO webMessenger - Zalogowano/img_Joanna Kowalska_sendButton' is clicked on

2021-12-19 14:45:50 - [MESSAGE][PASSED] - Object: 'Object Repository/Page_PSTO webMessenger - Zalogowano/img_Joanna Kowalska_sendButton' is clicked on

2021-12-19 14:45:50 - [TEST_STEP][PASSED] - for (def index : (1..100)): Object: 'Object Repository/Page_PSTO webMessenger - Zalogowano/img_Joanna Kowalska_sendButton' is clicked on

2021-12-19 14:45:50 - [TEST_STEP][PASSED] - setText(findTestObject("Page_PSTO webMessenger - Zalogowano/input_Joanna Kowalska_messageInput"), "b"): Text 'b' is set on object 'Object Repository/Page_PSTO webMessenger - Zalogowano/input_Joanna Kowalska_messageInput'

2021-12-19 14:45:51 - [MESSAGE][PASSED] - Text 'b' is set on object 'Object Repository/Page_PSTO webMessenger - Zalogowano/input_Joanna Kowalska_messageInput'

2021-12-19 14:45:51 - [TEST_STEP][PASSED] - click(findTestObject("Page_PSTO webMessenger - Zalogowano/img_Joanna Kowalska_sendButton")): Object: 'Object Repository/Page_PSTO webMessenger - Zalogowano/img_Joanna Kowalska_sendButton' is clicked on

2021-12-19 14:45:52 - [MESSAGE][PASSED] - Object: 'Object Repository/Page_PSTO webMessenger - Zalogowano/img_Joanna Kowalska_sendButton' is clicked on

2021-12-19 14:45:52 - [TEST_STEP][PASSED] - setText(findTestObject("Page_PSTO webMessenger - Zalogowano/input_Joanna Kowalska_messageInput"), "b"): Text 'b' is set on object 'Object Repository/Page_PSTO webMessenger - Zalogowano/input_Joanna Kowalska_messageInput'

2021-12-19 14:45:53 - [MESSAGE][PASSED] - Text 'b' is set on object 'Object Repository/Page_PSTO webMessenger - Zalogowano/input_Joanna Kowalska_messageInput'

2021-12-19 14:45:53 - [TEST_STEP][PASSED] - click(findTestObject("Page_PSTO webMessenger - Zalogowano/img_Joanna Kowalska_sendButton")): Object: 'Object Repository/Page_PSTO webMessenger - Zalogowano/img_Joanna Kowalska_sendButton' is clicked on

2021-12-19 14:45:53 - [MESSAGE][PASSED] - Object: 'Object Repository/Page_PSTO webMessenger - Zalogowano/img_Joanna Kowalska_sendButton' is clicked on

2021-12-19 14:45:53 - [TEST_STEP][PASSED] - setText(findTestObject("Page_PSTO webMessenger - Zalogowano/input_Joanna Kowalska_messageInput"), "b"): Text 'b' is set on object 'Object Repository/Page_PSTO webMessenger - Zalogowano/input_Joanna Kowalska_messageInput'

2021-12-19 14:45:54 - [MESSAGE][PASSED] - Text 'b' is set on object 'Object Repository/Page_PSTO webMessenger - Zalogowano/input_Joanna Kowalska_messageInput'

2021-12-19 14:45:54 - [TEST_STEP][PASSED] - click(findTestObject("Page_PSTO webMessenger - Zalogowano/img_Joanna Kowalska_sendButton")): Object: 'Object Repository/Page_PSTO webMessenger - Zalogowano/img_Joanna Kowalska_sendButton' is clicked on

2021-12-19 14:45:55 - [MESSAGE][PASSED] - Object: 'Object Repository/Page_PSTO webMessenger - Zalogowano/img_Joanna Kowalska_sendButton' is clicked on

2021-12-19 14:45:55 - [TEST_STEP][PASSED] - setText(findTestObject("Page_PSTO webMessenger - Zalogowano/input_Joanna Kowalska_messageInput"), "b"): Text 'b' is set on object 'Object Repository/Page_PSTO webMessenger - Zalogowano/input_Joanna Kowalska_messageInput'

2021-12-19 14:45:56 - [MESSAGE][PASSED] - Text 'b' is set on object 'Object Repository/Page_PSTO webMessenger - Zalogowano/input_Joanna Kowalska_messageInput'

2021-12-19 14:45:56 - [TEST_STEP][PASSED] - click(findTestObject("Page_PSTO webMessenger - Zalogowano/img_Joanna Kowalska_sendButton")): Object: 'Object Repository/Page_PSTO webMessenger - Zalogowano/img_Joanna Kowalska_sendButton' is clicked on

2021-12-19 14:45:57 - [MESSAGE][PASSED] - Object: 'Object Repository/Page_PSTO webMessenger - Zalogowano/img_Joanna Kowalska_sendButton' is clicked on

2021-12-19 14:45:57 - [TEST_STEP][PASSED] - setText(findTestObject("Page_PSTO webMessenger - Zalogowano/input_Joanna Kowalska_messageInput"), "b"): Text 'b' is set on object 'Object Repository/Page_PSTO webMessenger - Zalogowano/input_Joanna Kowalska_messageInput'

2021-12-19 14:45:58 - [MESSAGE][PASSED] - Text 'b' is set on object 'Object Repository/Page_PSTO webMessenger - Zalogowano/input_Joanna Kowalska_messageInput'

2021-12-19 14:45:58 - [TEST_STEP][PASSED] - click(findTestObject("Page_PSTO webMessenger - Zalogowano/img_Joanna Kowalska_sendButton")): Object: 'Object Repository/Page_PSTO webMessenger - Zalogowano/img_Joanna Kowalska_sendButton' is clicked on

2021-12-19 14:45:58 - [MESSAGE][PASSED] - Object: 'Object Repository/Page_PSTO webMessenger - Zalogowano/img_Joanna Kowalska_sendButton' is clicked on

2021-12-19 14:45:58 - [TEST_STEP][PASSED] - setText(findTestObject("Page_PSTO webMessenger - Zalogowano/input_Joanna Kowalska_messageInput"), "b"): Text 'b' is set on object 'Object Repository/Page_PSTO webMessenger - Zalogowano/input_Joanna Kowalska_messageInput'

2021-12-19 14:45:59 - [MESSAGE][PASSED] - Text 'b' is set on object 'Object Repository/Page_PSTO webMessenger - Zalogowano/input_Joanna Kowalska_messageInput'

2021-12-19 14:45:59 - [TEST_STEP][PASSED] - click(findTestObject("Page_PSTO webMessenger - Zalogowano/img_Joanna Kowalska_sendButton")): Object: 'Object Repository/Page_PSTO webMessenger - Zalogowano/img_Joanna Kowalska_sendButton' is clicked on

2021-12-19 14:46:00 - [MESSAGE][PASSED] - Object: 'Object Repository/Page_PSTO webMessenger - Zalogowano/img_Joanna Kowalska_sendButton' is clicked on

2021-12-19 14:46:00 - [TEST_STEP][PASSED] - setText(findTestObject("Page_PSTO webMessenger - Zalogowano/input_Joanna Kowalska_messageInput"), "b"): Text 'b' is set on object 'Object Repository/Page_PSTO webMessenger - Zalogowano/input_Joanna Kowalska_messageInput'

2021-12-19 14:46:01 - [MESSAGE][PASSED] - Text 'b' is set on object 'Object Repository/Page_PSTO webMessenger - Zalogowano/input_Joanna Kowalska_messageInput'

2021-12-19 14:46:01 - [TEST_STEP][PASSED] - click(findTestObject("Page_PSTO webMessenger - Zalogowano/img_Joanna Kowalska_sendButton")): Object: 'Object Repository/Page_PSTO webMessenger - Zalogowano/img_Joanna Kowalska_sendButton' is clicked on

2021-12-19 14:46:02 - [MESSAGE][PASSED] - Object: 'Object Repository/Page_PSTO webMessenger - Zalogowano/img_Joanna Kowalska_sendButton' is clicked on

2021-12-19 14:46:02 - [TEST_STEP][PASSED] - setText(findTestObject("Page_PSTO webMessenger - Zalogowano/input_Joanna Kowalska_messageInput"), "b"): Text 'b' is set on object 'Object Repository/Page_PSTO webMessenger - Zalogowano/input_Joanna Kowalska_messageInput'

2021-12-19 14:46:03 - [MESSAGE][PASSED] - Text 'b' is set on object 'Object Repository/Page_PSTO webMessenger - Zalogowano/input_Joanna Kowalska_messageInput'

2021-12-19 14:46:03 - [TEST_STEP][PASSED] - click(findTestObject("Page_PSTO webMessenger - Zalogowano/img_Joanna Kowalska_sendButton")): Object: 'Object Repository/Page_PSTO webMessenger - Zalogowano/img_Joanna Kowalska_sendButton' is clicked on

2021-12-19 14:46:03 - [MESSAGE][PASSED] - Object: 'Object Repository/Page_PSTO webMessenger - Zalogowano/img_Joanna Kowalska_sendButton' is clicked on

2021-12-19 14:46:03 - [TEST_STEP][PASSED] - setText(findTestObject("Page_PSTO webMessenger - Zalogowano/input_Joanna Kowalska_messageInput"), "b"): Text 'b' is set on object 'Object Repository/Page_PSTO webMessenger - Zalogowano/input_Joanna Kowalska_messageInput'

2021-12-19 14:46:04 - [MESSAGE][PASSED] - Text 'b' is set on object 'Object Repository/Page_PSTO webMessenger - Zalogowano/input_Joanna Kowalska_messageInput'

2021-12-19 14:46:04 - [TEST_STEP][PASSED] - click(findTestObject("Page_PSTO webMessenger - Zalogowano/img_Joanna Kowalska_sendButton")): Object: 'Object Repository/Page_PSTO webMessenger - Zalogowano/img_Joanna Kowalska_sendButton' is clicked on

2021-12-19 14:46:05 - [MESSAGE][PASSED] - Object: 'Object Repository/Page_PSTO webMessenger - Zalogowano/img_Joanna Kowalska_sendButton' is clicked on

2021-12-19 14:46:05 - [TEST_STEP][PASSED] - setText(findTestObject("Page_PSTO webMessenger - Zalogowano/input_Joanna Kowalska_messageInput"), "b"): Text 'b' is set on object 'Object Repository/Page_PSTO webMessenger - Zalogowano/input_Joanna Kowalska_messageInput'

2021-12-19 14:46:06 - [MESSAGE][PASSED] - Text 'b' is set on object 'Object Repository/Page_PSTO webMessenger - Zalogowano/input_Joanna Kowalska_messageInput'

2021-12-19 14:46:06 - [TEST_STEP][PASSED] - click(findTestObject("Page_PSTO webMessenger - Zalogowano/img_Joanna Kowalska_sendButton")): Object: 'Object Repository/Page_PSTO webMessenger - Zalogowano/img_Joanna Kowalska_sendButton' is clicked on

2021-12-19 14:46:07 - [MESSAGE][PASSED] - Object: 'Object Repository/Page_PSTO webMessenger - Zalogowano/img_Joanna Kowalska_sendButton' is clicked on

2021-12-19 14:46:07 - [TEST_STEP][PASSED] - setText(findTestObject("Page_PSTO webMessenger - Zalogowano/input_Joanna Kowalska_messageInput"), "b"): Text 'b' is set on object 'Object Repository/Page_PSTO webMessenger - Zalogowano/input_Joanna Kowalska_messageInput'

2021-12-19 14:46:08 - [MESSAGE][PASSED] - Text 'b' is set on object 'Object Repository/Page_PSTO webMessenger - Zalogowano/input_Joanna Kowalska_messageInput'

2021-12-19 14:46:08 - [TEST_STEP][PASSED] - click(findTestObject("Page_PSTO webMessenger - Zalogowano/img_Joanna Kowalska_sendButton")): Object: 'Object Repository/Page_PSTO webMessenger - Zalogowano/img_Joanna Kowalska_sendButton' is clicked on

2021-12-19 14:46:08 - [MESSAGE][PASSED] - Object: 'Object Repository/Page_PSTO webMessenger - Zalogowano/img_Joanna Kowalska_sendButton' is clicked on

2021-12-19 14:46:08 - [TEST_STEP][PASSED] - setText(findTestObject("Page_PSTO webMessenger - Zalogowano/input_Joanna Kowalska_messageInput"), "b"): Text 'b' is set on object 'Object Repository/Page_PSTO webMessenger - Zalogowano/input_Joanna Kowalska_messageInput'

2021-12-19 14:46:09 - [MESSAGE][PASSED] - Text 'b' is set on object 'Object Repository/Page_PSTO webMessenger - Zalogowano/input_Joanna Kowalska_messageInput'

2021-12-19 14:46:09 - [TEST_STEP][PASSED] - click(findTestObject("Page_PSTO webMessenger - Zalogowano/img_Joanna Kowalska_sendButton")): Object: 'Object Repository/Page_PSTO webMessenger - Zalogowano/img_Joanna Kowalska_sendButton' is clicked on

2021-12-19 14:46:10 - [MESSAGE][PASSED] - Object: 'Object Repository/Page_PSTO webMessenger - Zalogowano/img_Joanna Kowalska_sendButton' is clicked on

2021-12-19 14:46:10 - [TEST_STEP][PASSED] - setText(findTestObject("Page_PSTO webMessenger - Zalogowano/input_Joanna Kowalska_messageInput"), "b"): Text 'b' is set on object 'Object Repository/Page_PSTO webMessenger - Zalogowano/input_Joanna Kowalska_messageInput'

2021-12-19 14:46:11 - [MESSAGE][PASSED] - Text 'b' is set on object 'Object Repository/Page_PSTO webMessenger - Zalogowano/input_Joanna Kowalska_messageInput'

2021-12-19 14:46:11 - [TEST_STEP][PASSED] - click(findTestObject("Page_PSTO webMessenger - Zalogowano/img_Joanna Kowalska_sendButton")): Object: 'Object Repository/Page_PSTO webMessenger - Zalogowano/img_Joanna Kowalska_sendButton' is clicked on

2021-12-19 14:46:12 - [MESSAGE][PASSED] - Object: 'Object Repository/Page_PSTO webMessenger - Zalogowano/img_Joanna Kowalska_sendButton' is clicked on

2021-12-19 14:46:12 - [TEST_STEP][PASSED] - setText(findTestObject("Page_PSTO webMessenger - Zalogowano/input_Joanna Kowalska_messageInput"), "b"): Text 'b' is set on object 'Object Repository/Page_PSTO webMessenger - Zalogowano/input_Joanna Kowalska_messageInput'

2021-12-19 14:46:13 - [MESSAGE][PASSED] - Text 'b' is set on object 'Object Repository/Page_PSTO webMessenger - Zalogowano/input_Joanna Kowalska_messageInput'

2021-12-19 14:46:13 - [TEST_STEP][PASSED] - click(findTestObject("Page_PSTO webMessenger - Zalogowano/img_Joanna Kowalska_sendButton")): Object: 'Object Repository/Page_PSTO webMessenger - Zalogowano/img_Joanna Kowalska_sendButton' is clicked on

2021-12-19 14:46:13 - [MESSAGE][PASSED] - Object: 'Object Repository/Page_PSTO webMessenger - Zalogowano/img_Joanna Kowalska_sendButton' is clicked on

2021-12-19 14:46:13 - [TEST_STEP][PASSED] - setText(findTestObject("Page_PSTO webMessenger - Zalogowano/input_Joanna Kowalska_messageInput"), "b"): Text 'b' is set on object 'Object Repository/Page_PSTO webMessenger - Zalogowano/input_Joanna Kowalska_messageInput'

2021-12-19 14:46:14 - [MESSAGE][PASSED] - Text 'b' is set on object 'Object Repository/Page_PSTO webMessenger - Zalogowano/input_Joanna Kowalska_messageInput'

2021-12-19 14:46:14 - [TEST_STEP][PASSED] - click(findTestObject("Page_PSTO webMessenger - Zalogowano/img_Joanna Kowalska_sendButton")): Object: 'Object Repository/Page_PSTO webMessenger - Zalogowano/img_Joanna Kowalska_sendButton' is clicked on

2021-12-19 14:46:15 - [MESSAGE][PASSED] - Object: 'Object Repository/Page_PSTO webMessenger - Zalogowano/img_Joanna Kowalska_sendButton' is clicked on

2021-12-19 14:46:15 - [TEST_STEP][PASSED] - setText(findTestObject("Page_PSTO webMessenger - Zalogowano/input_Joanna Kowalska_messageInput"), "b"): Text 'b' is set on object 'Object Repository/Page_PSTO webMessenger - Zalogowano/input_Joanna Kowalska_messageInput'

2021-12-19 14:46:16 - [MESSAGE][PASSED] - Text 'b' is set on object 'Object Repository/Page_PSTO webMessenger - Zalogowano/input_Joanna Kowalska_messageInput'

2021-12-19 14:46:16 - [TEST_STEP][PASSED] - click(findTestObject("Page_PSTO webMessenger - Zalogowano/img_Joanna Kowalska_sendButton")): Object: 'Object Repository/Page_PSTO webMessenger - Zalogowano/img_Joanna Kowalska_sendButton' is clicked on

2021-12-19 14:46:16 - [MESSAGE][PASSED] - Object: 'Object Repository/Page_PSTO webMessenger - Zalogowano/img_Joanna Kowalska_sendButton' is clicked on

2021-12-19 14:46:16 - [TEST_STEP][PASSED] - setText(findTestObject("Page_PSTO webMessenger - Zalogowano/input_Joanna Kowalska_messageInput"), "b"): Text 'b' is set on object 'Object Repository/Page_PSTO webMessenger - Zalogowano/input_Joanna Kowalska_messageInput'

2021-12-19 14:46:17 - [MESSAGE][PASSED] - Text 'b' is set on object 'Object Repository/Page_PSTO webMessenger - Zalogowano/input_Joanna Kowalska_messageInput'

2021-12-19 14:46:17 - [TEST_STEP][PASSED] - click(findTestObject("Page_PSTO webMessenger - Zalogowano/img_Joanna Kowalska_sendButton")): Object: 'Object Repository/Page_PSTO webMessenger - Zalogowano/img_Joanna Kowalska_sendButton' is clicked on

2021-12-19 14:46:18 - [MESSAGE][PASSED] - Object: 'Object Repository/Page_PSTO webMessenger - Zalogowano/img_Joanna Kowalska_sendButton' is clicked on

2021-12-19 14:46:18 - [TEST_STEP][PASSED] - setText(findTestObject("Page_PSTO webMessenger - Zalogowano/input_Joanna Kowalska_messageInput"), "b"): Text 'b' is set on object 'Object Repository/Page_PSTO webMessenger - Zalogowano/input_Joanna Kowalska_messageInput'

2021-12-19 14:46:18 - [MESSAGE][PASSED] - Text 'b' is set on object 'Object Repository/Page_PSTO webMessenger - Zalogowano/input_Joanna Kowalska_messageInput'

2021-12-19 14:46:18 - [TEST_STEP][PASSED] - click(findTestObject("Page_PSTO webMessenger - Zalogowano/img_Joanna Kowalska_sendButton")): Object: 'Object Repository/Page_PSTO webMessenger - Zalogowano/img_Joanna Kowalska_sendButton' is clicked on

2021-12-19 14:46:19 - [MESSAGE][PASSED] - Object: 'Object Repository/Page_PSTO webMessenger - Zalogowano/img_Joanna Kowalska_sendButton' is clicked on

2021-12-19 14:46:19 - [TEST_STEP][PASSED] - setText(findTestObject("Page_PSTO webMessenger - Zalogowano/input_Joanna Kowalska_messageInput"), "b"): Text 'b' is set on object 'Object Repository/Page_PSTO webMessenger - Zalogowano/input_Joanna Kowalska_messageInput'

2021-12-19 14:46:20 - [MESSAGE][PASSED] - Text 'b' is set on object 'Object Repository/Page_PSTO webMessenger - Zalogowano/input_Joanna Kowalska_messageInput'

2021-12-19 14:46:20 - [TEST_STEP][PASSED] - click(findTestObject("Page_PSTO webMessenger - Zalogowano/img_Joanna Kowalska_sendButton")): Object: 'Object Repository/Page_PSTO webMessenger - Zalogowano/img_Joanna Kowalska_sendButton' is clicked on

2021-12-19 14:46:21 - [MESSAGE][PASSED] - Object: 'Object Repository/Page_PSTO webMessenger - Zalogowano/img_Joanna Kowalska_sendButton' is clicked on

2021-12-19 14:46:21 - [TEST_STEP][PASSED] - setText(findTestObject("Page_PSTO webMessenger - Zalogowano/input_Joanna Kowalska_messageInput"), "b"): Text 'b' is set on object 'Object Repository/Page_PSTO webMessenger - Zalogowano/input_Joanna Kowalska_messageInput'

2021-12-19 14:46:21 - [MESSAGE][PASSED] - Text 'b' is set on object 'Object Repository/Page_PSTO webMessenger - Zalogowano/input_Joanna Kowalska_messageInput'

2021-12-19 14:46:21 - [TEST_STEP][PASSED] - click(findTestObject("Page_PSTO webMessenger - Zalogowano/img_Joanna Kowalska_sendButton")): Object: 'Object Repository/Page_PSTO webMessenger - Zalogowano/img_Joanna Kowalska_sendButton' is clicked on

2021-12-19 14:46:22 - [MESSAGE][PASSED] - Object: 'Object Repository/Page_PSTO webMessenger - Zalogowano/img_Joanna Kowalska_sendButton' is clicked on

2021-12-19 14:46:22 - [TEST_STEP][PASSED] - setText(findTestObject("Page_PSTO webMessenger - Zalogowano/input_Joanna Kowalska_messageInput"), "b"): Text 'b' is set on object 'Object Repository/Page_PSTO webMessenger - Zalogowano/input_Joanna Kowalska_messageInput'

2021-12-19 14:46:23 - [MESSAGE][PASSED] - Text 'b' is set on object 'Object Repository/Page_PSTO webMessenger - Zalogowano/input_Joanna Kowalska_messageInput'

2021-12-19 14:46:23 - [TEST_STEP][PASSED] - click(findTestObject("Page_PSTO webMessenger - Zalogowano/img_Joanna Kowalska_sendButton")): Object: 'Object Repository/Page_PSTO webMessenger - Zalogowano/img_Joanna Kowalska_sendButton' is clicked on

2021-12-19 14:46:23 - [MESSAGE][PASSED] - Object: 'Object Repository/Page_PSTO webMessenger - Zalogowano/img_Joanna Kowalska_sendButton' is clicked on

2021-12-19 14:46:23 - [TEST_STEP][PASSED] - setText(findTestObject("Page_PSTO webMessenger - Zalogowano/input_Joanna Kowalska_messageInput"), "b"): Text 'b' is set on object 'Object Repository/Page_PSTO webMessenger - Zalogowano/input_Joanna Kowalska_messageInput'

2021-12-19 14:46:24 - [MESSAGE][PASSED] - Text 'b' is set on object 'Object Repository/Page_PSTO webMessenger - Zalogowano/input_Joanna Kowalska_messageInput'

2021-12-19 14:46:24 - [TEST_STEP][PASSED] - click(findTestObject("Page_PSTO webMessenger - Zalogowano/img_Joanna Kowalska_sendButton")): Object: 'Object Repository/Page_PSTO webMessenger - Zalogowano/img_Joanna Kowalska_sendButton' is clicked on

2021-12-19 14:46:25 - [MESSAGE][PASSED] - Object: 'Object Repository/Page_PSTO webMessenger - Zalogowano/img_Joanna Kowalska_sendButton' is clicked on

2021-12-19 14:46:25 - [TEST_STEP][PASSED] - setText(findTestObject("Page_PSTO webMessenger - Zalogowano/input_Joanna Kowalska_messageInput"), "b"): Text 'b' is set on object 'Object Repository/Page_PSTO webMessenger - Zalogowano/input_Joanna Kowalska_messageInput'

2021-12-19 14:46:26 - [MESSAGE][PASSED] - Text 'b' is set on object 'Object Repository/Page_PSTO webMessenger - Zalogowano/input_Joanna Kowalska_messageInput'

2021-12-19 14:46:26 - [TEST_STEP][PASSED] - click(findTestObject("Page_PSTO webMessenger - Zalogowano/img_Joanna Kowalska_sendButton")): Object: 'Object Repository/Page_PSTO webMessenger - Zalogowano/img_Joanna Kowalska_sendButton' is clicked on

2021-12-19 14:46:26 - [MESSAGE][PASSED] - Object: 'Object Repository/Page_PSTO webMessenger - Zalogowano/img_Joanna Kowalska_sendButton' is clicked on

2021-12-19 14:46:26 - [TEST_STEP][PASSED] - setText(findTestObject("Page_PSTO webMessenger - Zalogowano/input_Joanna Kowalska_messageInput"), "b"): Text 'b' is set on object 'Object Repository/Page_PSTO webMessenger - Zalogowano/input_Joanna Kowalska_messageInput'

2021-12-19 14:46:27 - [MESSAGE][PASSED] - Text 'b' is set on object 'Object Repository/Page_PSTO webMessenger - Zalogowano/input_Joanna Kowalska_messageInput'

2021-12-19 14:46:27 - [TEST_STEP][PASSED] - click(findTestObject("Page_PSTO webMessenger - Zalogowano/img_Joanna Kowalska_sendButton")): Object: 'Object Repository/Page_PSTO webMessenger - Zalogowano/img_Joanna Kowalska_sendButton' is clicked on

2021-12-19 14:46:28 - [MESSAGE][PASSED] - Object: 'Object Repository/Page_PSTO webMessenger - Zalogowano/img_Joanna Kowalska_sendButton' is clicked on

2021-12-19 14:46:28 - [TEST_STEP][PASSED] - setText(findTestObject("Page_PSTO webMessenger - Zalogowano/input_Joanna Kowalska_messageInput"), "b"): Text 'b' is set on object 'Object Repository/Page_PSTO webMessenger - Zalogowano/input_Joanna Kowalska_messageInput'

2021-12-19 14:46:28 - [MESSAGE][PASSED] - Text 'b' is set on object 'Object Repository/Page_PSTO webMessenger - Zalogowano/input_Joanna Kowalska_messageInput'

2021-12-19 14:46:28 - [TEST_STEP][PASSED] - click(findTestObject("Page_PSTO webMessenger - Zalogowano/img_Joanna Kowalska_sendButton")): Object: 'Object Repository/Page_PSTO webMessenger - Zalogowano/img_Joanna Kowalska_sendButton' is clicked on

2021-12-19 14:46:29 - [MESSAGE][PASSED] - Object: 'Object Repository/Page_PSTO webMessenger - Zalogowano/img_Joanna Kowalska_sendButton' is clicked on

2021-12-19 14:46:29 - [TEST_STEP][PASSED] - setText(findTestObject("Page_PSTO webMessenger - Zalogowano/input_Joanna Kowalska_messageInput"), "b"): Text 'b' is set on object 'Object Repository/Page_PSTO webMessenger - Zalogowano/input_Joanna Kowalska_messageInput'

2021-12-19 14:46:30 - [MESSAGE][PASSED] - Text 'b' is set on object 'Object Repository/Page_PSTO webMessenger - Zalogowano/input_Joanna Kowalska_messageInput'

2021-12-19 14:46:30 - [TEST_STEP][PASSED] - click(findTestObject("Page_PSTO webMessenger - Zalogowano/img_Joanna Kowalska_sendButton")): Object: 'Object Repository/Page_PSTO webMessenger - Zalogowano/img_Joanna Kowalska_sendButton' is clicked on

2021-12-19 14:46:31 - [MESSAGE][PASSED] - Object: 'Object Repository/Page_PSTO webMessenger - Zalogowano/img_Joanna Kowalska_sendButton' is clicked on

2021-12-19 14:46:31 - [TEST_STEP][PASSED] - setText(findTestObject("Page_PSTO webMessenger - Zalogowano/input_Joanna Kowalska_messageInput"), "b"): Text 'b' is set on object 'Object Repository/Page_PSTO webMessenger - Zalogowano/input_Joanna Kowalska_messageInput'

2021-12-19 14:46:31 - [MESSAGE][PASSED] - Text 'b' is set on object 'Object Repository/Page_PSTO webMessenger - Zalogowano/input_Joanna Kowalska_messageInput'

2021-12-19 14:46:31 - [TEST_STEP][PASSED] - click(findTestObject("Page_PSTO webMessenger - Zalogowano/img_Joanna Kowalska_sendButton")): Object: 'Object Repository/Page_PSTO webMessenger - Zalogowano/img_Joanna Kowalska_sendButton' is clicked on

2021-12-19 14:46:32 - [MESSAGE][PASSED] - Object: 'Object Repository/Page_PSTO webMessenger - Zalogowano/img_Joanna Kowalska_sendButton' is clicked on

2021-12-19 14:46:32 - [TEST_STEP][PASSED] - setText(findTestObject("Page_PSTO webMessenger - Zalogowano/input_Joanna Kowalska_messageInput"), "b"): Text 'b' is set on object 'Object Repository/Page_PSTO webMessenger - Zalogowano/input_Joanna Kowalska_messageInput'

2021-12-19 14:46:33 - [MESSAGE][PASSED] - Text 'b' is set on object 'Object Repository/Page_PSTO webMessenger - Zalogowano/input_Joanna Kowalska_messageInput'

2021-12-19 14:46:33 - [TEST_STEP][PASSED] - click(findTestObject("Page_PSTO webMessenger - Zalogowano/img_Joanna Kowalska_sendButton")): Object: 'Object Repository/Page_PSTO webMessenger - Zalogowano/img_Joanna Kowalska_sendButton' is clicked on

2021-12-19 14:46:33 - [MESSAGE][PASSED] - Object: 'Object Repository/Page_PSTO webMessenger - Zalogowano/img_Joanna Kowalska_sendButton' is clicked on

2021-12-19 14:46:33 - [TEST_STEP][PASSED] - setText(findTestObject("Page_PSTO webMessenger - Zalogowano/input_Joanna Kowalska_messageInput"), "b"): Text 'b' is set on object 'Object Repository/Page_PSTO webMessenger - Zalogowano/input_Joanna Kowalska_messageInput'

2021-12-19 14:46:34 - [MESSAGE][PASSED] - Text 'b' is set on object 'Object Repository/Page_PSTO webMessenger - Zalogowano/input_Joanna Kowalska_messageInput'

2021-12-19 14:46:34 - [TEST_STEP][PASSED] - click(findTestObject("Page_PSTO webMessenger - Zalogowano/img_Joanna Kowalska_sendButton")): Object: 'Object Repository/Page_PSTO webMessenger - Zalogowano/img_Joanna Kowalska_sendButton' is clicked on

2021-12-19 14:46:35 - [MESSAGE][PASSED] - Object: 'Object Repository/Page_PSTO webMessenger - Zalogowano/img_Joanna Kowalska_sendButton' is clicked on

2021-12-19 14:46:35 - [TEST_STEP][PASSED] - setText(findTestObject("Page_PSTO webMessenger - Zalogowano/input_Joanna Kowalska_messageInput"), "b"): Text 'b' is set on object 'Object Repository/Page_PSTO webMessenger - Zalogowano/input_Joanna Kowalska_messageInput'

2021-12-19 14:46:36 - [MESSAGE][PASSED] - Text 'b' is set on object 'Object Repository/Page_PSTO webMessenger - Zalogowano/input_Joanna Kowalska_messageInput'

2021-12-19 14:46:36 - [TEST_STEP][PASSED] - click(findTestObject("Page_PSTO webMessenger - Zalogowano/img_Joanna Kowalska_sendButton")): Object: 'Object Repository/Page_PSTO webMessenger - Zalogowano/img_Joanna Kowalska_sendButton' is clicked on

2021-12-19 14:46:36 - [MESSAGE][PASSED] - Object: 'Object Repository/Page_PSTO webMessenger - Zalogowano/img_Joanna Kowalska_sendButton' is clicked on

2021-12-19 14:46:36 - [TEST_STEP][PASSED] - setText(findTestObject("Page_PSTO webMessenger - Zalogowano/input_Joanna Kowalska_messageInput"), "b"): Text 'b' is set on object 'Object Repository/Page_PSTO webMessenger - Zalogowano/input_Joanna Kowalska_messageInput'

2021-12-19 14:46:37 - [MESSAGE][PASSED] - Text 'b' is set on object 'Object Repository/Page_PSTO webMessenger - Zalogowano/input_Joanna Kowalska_messageInput'

2021-12-19 14:46:37 - [TEST_STEP][PASSED] - click(findTestObject("Page_PSTO webMessenger - Zalogowano/img_Joanna Kowalska_sendButton")): Object: 'Object Repository/Page_PSTO webMessenger - Zalogowano/img_Joanna Kowalska_sendButton' is clicked on

2021-12-19 14:46:38 - [MESSAGE][PASSED] - Object: 'Object Repository/Page_PSTO webMessenger - Zalogowano/img_Joanna Kowalska_sendButton' is clicked on

2021-12-19 14:46:38 - [TEST_STEP][PASSED] - setText(findTestObject("Page_PSTO webMessenger - Zalogowano/input_Joanna Kowalska_messageInput"), "b"): Text 'b' is set on object 'Object Repository/Page_PSTO webMessenger - Zalogowano/input_Joanna Kowalska_messageInput'

2021-12-19 14:46:38 - [MESSAGE][PASSED] - Text 'b' is set on object 'Object Repository/Page_PSTO webMessenger - Zalogowano/input_Joanna Kowalska_messageInput'

2021-12-19 14:46:38 - [TEST_STEP][PASSED] - click(findTestObject("Page_PSTO webMessenger - Zalogowano/img_Joanna Kowalska_sendButton")): Object: 'Object Repository/Page_PSTO webMessenger - Zalogowano/img_Joanna Kowalska_sendButton' is clicked on

2021-12-19 14:46:39 - [MESSAGE][PASSED] - Object: 'Object Repository/Page_PSTO webMessenger - Zalogowano/img_Joanna Kowalska_sendButton' is clicked on

2021-12-19 14:46:39 - [TEST_STEP][PASSED] - setText(findTestObject("Page_PSTO webMessenger - Zalogowano/input_Joanna Kowalska_messageInput"), "b"): Text 'b' is set on object 'Object Repository/Page_PSTO webMessenger - Zalogowano/input_Joanna Kowalska_messageInput'

2021-12-19 14:46:40 - [MESSAGE][PASSED] - Text 'b' is set on object 'Object Repository/Page_PSTO webMessenger - Zalogowano/input_Joanna Kowalska_messageInput'

2021-12-19 14:46:40 - [TEST_STEP][PASSED] - click(findTestObject("Page_PSTO webMessenger - Zalogowano/img_Joanna Kowalska_sendButton")): Object: 'Object Repository/Page_PSTO webMessenger - Zalogowano/img_Joanna Kowalska_sendButton' is clicked on

2021-12-19 14:46:41 - [MESSAGE][PASSED] - Object: 'Object Repository/Page_PSTO webMessenger - Zalogowano/img_Joanna Kowalska_sendButton' is clicked on

2021-12-19 14:46:41 - [TEST_STEP][PASSED] - setText(findTestObject("Page_PSTO webMessenger - Zalogowano/input_Joanna Kowalska_messageInput"), "b"): Text 'b' is set on object 'Object Repository/Page_PSTO webMessenger - Zalogowano/input_Joanna Kowalska_messageInput'

2021-12-19 14:46:41 - [MESSAGE][PASSED] - Text 'b' is set on object 'Object Repository/Page_PSTO webMessenger - Zalogowano/input_Joanna Kowalska_messageInput'

2021-12-19 14:46:41 - [TEST_STEP][PASSED] - click(findTestObject("Page_PSTO webMessenger - Zalogowano/img_Joanna Kowalska_sendButton")): Object: 'Object Repository/Page_PSTO webMessenger - Zalogowano/img_Joanna Kowalska_sendButton' is clicked on

2021-12-19 14:46:42 - [MESSAGE][PASSED] - Object: 'Object Repository/Page_PSTO webMessenger - Zalogowano/img_Joanna Kowalska_sendButton' is clicked on

2021-12-19 14:46:42 - [TEST_STEP][PASSED] - setText(findTestObject("Page_PSTO webMessenger - Zalogowano/input_Joanna Kowalska_messageInput"), "b"): Text 'b' is set on object 'Object Repository/Page_PSTO webMessenger - Zalogowano/input_Joanna Kowalska_messageInput'

2021-12-19 14:46:43 - [MESSAGE][PASSED] - Text 'b' is set on object 'Object Repository/Page_PSTO webMessenger - Zalogowano/input_Joanna Kowalska_messageInput'

2021-12-19 14:46:43 - [TEST_STEP][PASSED] - click(findTestObject("Page_PSTO webMessenger - Zalogowano/img_Joanna Kowalska_sendButton")): Object: 'Object Repository/Page_PSTO webMessenger - Zalogowano/img_Joanna Kowalska_sendButton' is clicked on

2021-12-19 14:46:43 - [MESSAGE][PASSED] - Object: 'Object Repository/Page_PSTO webMessenger - Zalogowano/img_Joanna Kowalska_sendButton' is clicked on

2021-12-19 14:46:43 - [TEST_STEP][PASSED] - setText(findTestObject("Page_PSTO webMessenger - Zalogowano/input_Joanna Kowalska_messageInput"), "b"): Text 'b' is set on object 'Object Repository/Page_PSTO webMessenger - Zalogowano/input_Joanna Kowalska_messageInput'

2021-12-19 14:46:44 - [MESSAGE][PASSED] - Text 'b' is set on object 'Object Repository/Page_PSTO webMessenger - Zalogowano/input_Joanna Kowalska_messageInput'

2021-12-19 14:46:44 - [TEST_STEP][PASSED] - click(findTestObject("Page_PSTO webMessenger - Zalogowano/img_Joanna Kowalska_sendButton")): Object: 'Object Repository/Page_PSTO webMessenger - Zalogowano/img_Joanna Kowalska_sendButton' is clicked on

2021-12-19 14:46:45 - [MESSAGE][PASSED] - Object: 'Object Repository/Page_PSTO webMessenger - Zalogowano/img_Joanna Kowalska_sendButton' is clicked on

2021-12-19 14:46:45 - [TEST_STEP][PASSED] - setText(findTestObject("Page_PSTO webMessenger - Zalogowano/input_Joanna Kowalska_messageInput"), "b"): Text 'b' is set on object 'Object Repository/Page_PSTO webMessenger - Zalogowano/input_Joanna Kowalska_messageInput'

2021-12-19 14:46:46 - [MESSAGE][PASSED] - Text 'b' is set on object 'Object Repository/Page_PSTO webMessenger - Zalogowano/input_Joanna Kowalska_messageInput'

2021-12-19 14:46:46 - [TEST_STEP][PASSED] - click(findTestObject("Page_PSTO webMessenger - Zalogowano/img_Joanna Kowalska_sendButton")): Object: 'Object Repository/Page_PSTO webMessenger - Zalogowano/img_Joanna Kowalska_sendButton' is clicked on

2021-12-19 14:46:46 - [MESSAGE][PASSED] - Object: 'Object Repository/Page_PSTO webMessenger - Zalogowano/img_Joanna Kowalska_sendButton' is clicked on

2021-12-19 14:46:46 - [TEST_STEP][PASSED] - setText(findTestObject("Page_PSTO webMessenger - Zalogowano/input_Joanna Kowalska_messageInput"), "b"): Text 'b' is set on object 'Object Repository/Page_PSTO webMessenger - Zalogowano/input_Joanna Kowalska_messageInput'

2021-12-19 14:46:47 - [MESSAGE][PASSED] - Text 'b' is set on object 'Object Repository/Page_PSTO webMessenger - Zalogowano/input_Joanna Kowalska_messageInput'

2021-12-19 14:46:47 - [TEST_STEP][PASSED] - click(findTestObject("Page_PSTO webMessenger - Zalogowano/img_Joanna Kowalska_sendButton")): Object: 'Object Repository/Page_PSTO webMessenger - Zalogowano/img_Joanna Kowalska_sendButton' is clicked on

2021-12-19 14:46:48 - [MESSAGE][PASSED] - Object: 'Object Repository/Page_PSTO webMessenger - Zalogowano/img_Joanna Kowalska_sendButton' is clicked on

2021-12-19 14:46:48 - [TEST_STEP][PASSED] - setText(findTestObject("Page_PSTO webMessenger - Zalogowano/input_Joanna Kowalska_messageInput"), "b"): Text 'b' is set on object 'Object Repository/Page_PSTO webMessenger - Zalogowano/input_Joanna Kowalska_messageInput'

2021-12-19 14:46:48 - [MESSAGE][PASSED] - Text 'b' is set on object 'Object Repository/Page_PSTO webMessenger - Zalogowano/input_Joanna Kowalska_messageInput'

2021-12-19 14:46:48 - [TEST_STEP][PASSED] - click(findTestObject("Page_PSTO webMessenger - Zalogowano/img_Joanna Kowalska_sendButton")): Object: 'Object Repository/Page_PSTO webMessenger - Zalogowano/img_Joanna Kowalska_sendButton' is clicked on

2021-12-19 14:46:49 - [MESSAGE][PASSED] - Object: 'Object Repository/Page_PSTO webMessenger - Zalogowano/img_Joanna Kowalska_sendButton' is clicked on

2021-12-19 14:46:49 - [TEST_STEP][PASSED] - setText(findTestObject("Page_PSTO webMessenger - Zalogowano/input_Joanna Kowalska_messageInput"), "b"): Text 'b' is set on object 'Object Repository/Page_PSTO webMessenger - Zalogowano/input_Joanna Kowalska_messageInput'

2021-12-19 14:46:50 - [MESSAGE][PASSED] - Text 'b' is set on object 'Object Repository/Page_PSTO webMessenger - Zalogowano/input_Joanna Kowalska_messageInput'

2021-12-19 14:46:50 - [TEST_STEP][PASSED] - click(findTestObject("Page_PSTO webMessenger - Zalogowano/img_Joanna Kowalska_sendButton")): Object: 'Object Repository/Page_PSTO webMessenger - Zalogowano/img_Joanna Kowalska_sendButton' is clicked on

2021-12-19 14:46:51 - [MESSAGE][PASSED] - Object: 'Object Repository/Page_PSTO webMessenger - Zalogowano/img_Joanna Kowalska_sendButton' is clicked on

2021-12-19 14:46:51 - [TEST_STEP][PASSED] - setText(findTestObject("Page_PSTO webMessenger - Zalogowano/input_Joanna Kowalska_messageInput"), "b"): Text 'b' is set on object 'Object Repository/Page_PSTO webMessenger - Zalogowano/input_Joanna Kowalska_messageInput'

2021-12-19 14:46:52 - [MESSAGE][PASSED] - Text 'b' is set on object 'Object Repository/Page_PSTO webMessenger - Zalogowano/input_Joanna Kowalska_messageInput'

2021-12-19 14:46:52 - [TEST_STEP][PASSED] - click(findTestObject("Page_PSTO webMessenger - Zalogowano/img_Joanna Kowalska_sendButton")): Object: 'Object Repository/Page_PSTO webMessenger - Zalogowano/img_Joanna Kowalska_sendButton' is clicked on

2021-12-19 14:46:53 - [MESSAGE][PASSED] - Object: 'Object Repository/Page_PSTO webMessenger - Zalogowano/img_Joanna Kowalska_sendButton' is clicked on

2021-12-19 14:46:53 - [TEST_STEP][PASSED] - setText(findTestObject("Page_PSTO webMessenger - Zalogowano/input_Joanna Kowalska_messageInput"), "b"): Text 'b' is set on object 'Object Repository/Page_PSTO webMessenger - Zalogowano/input_Joanna Kowalska_messageInput'

2021-12-19 14:46:53 - [MESSAGE][PASSED] - Text 'b' is set on object 'Object Repository/Page_PSTO webMessenger - Zalogowano/input_Joanna Kowalska_messageInput'

2021-12-19 14:46:53 - [TEST_STEP][PASSED] - click(findTestObject("Page_PSTO webMessenger - Zalogowano/img_Joanna Kowalska_sendButton")): Object: 'Object Repository/Page_PSTO webMessenger - Zalogowano/img_Joanna Kowalska_sendButton' is clicked on

2021-12-19 14:46:54 - [MESSAGE][PASSED] - Object: 'Object Repository/Page_PSTO webMessenger - Zalogowano/img_Joanna Kowalska_sendButton' is clicked on

2021-12-19 14:46:54 - [TEST_STEP][PASSED] - setText(findTestObject("Page_PSTO webMessenger - Zalogowano/input_Joanna Kowalska_messageInput"), "b"): Text 'b' is set on object 'Object Repository/Page_PSTO webMessenger - Zalogowano/input_Joanna Kowalska_messageInput'

2021-12-19 14:46:55 - [MESSAGE][PASSED] - Text 'b' is set on object 'Object Repository/Page_PSTO webMessenger - Zalogowano/input_Joanna Kowalska_messageInput'

2021-12-19 14:46:55 - [TEST_STEP][PASSED] - click(findTestObject("Page_PSTO webMessenger - Zalogowano/img_Joanna Kowalska_sendButton")): Object: 'Object Repository/Page_PSTO webMessenger - Zalogowano/img_Joanna Kowalska_sendButton' is clicked on

2021-12-19 14:46:56 - [MESSAGE][PASSED] - Object: 'Object Repository/Page_PSTO webMessenger - Zalogowano/img_Joanna Kowalska_sendButton' is clicked on

2021-12-19 14:46:56 - [TEST_STEP][PASSED] - setText(findTestObject("Page_PSTO webMessenger - Zalogowano/input_Joanna Kowalska_messageInput"), "b"): Text 'b' is set on object 'Object Repository/Page_PSTO webMessenger - Zalogowano/input_Joanna Kowalska_messageInput'

2021-12-19 14:46:57 - [MESSAGE][PASSED] - Text 'b' is set on object 'Object Repository/Page_PSTO webMessenger - Zalogowano/input_Joanna Kowalska_messageInput'

2021-12-19 14:46:57 - [TEST_STEP][PASSED] - click(findTestObject("Page_PSTO webMessenger - Zalogowano/img_Joanna Kowalska_sendButton")): Object: 'Object Repository/Page_PSTO webMessenger - Zalogowano/img_Joanna Kowalska_sendButton' is clicked on

2021-12-19 14:46:58 - [MESSAGE][PASSED] - Object: 'Object Repository/Page_PSTO webMessenger - Zalogowano/img_Joanna Kowalska_sendButton' is clicked on

2021-12-19 14:46:58 - [TEST_STEP][PASSED] - setText(findTestObject("Page_PSTO webMessenger - Zalogowano/input_Joanna Kowalska_messageInput"), "b"): Text 'b' is set on object 'Object Repository/Page_PSTO webMessenger - Zalogowano/input_Joanna Kowalska_messageInput'

2021-12-19 14:46:58 - [MESSAGE][PASSED] - Text 'b' is set on object 'Object Repository/Page_PSTO webMessenger - Zalogowano/input_Joanna Kowalska_messageInput'

2021-12-19 14:46:58 - [TEST_STEP][PASSED] - click(findTestObject("Page_PSTO webMessenger - Zalogowano/img_Joanna Kowalska_sendButton")): Object: 'Object Repository/Page_PSTO webMessenger - Zalogowano/img_Joanna Kowalska_sendButton' is clicked on

2021-12-19 14:46:59 - [MESSAGE][PASSED] - Object: 'Object Repository/Page_PSTO webMessenger - Zalogowano/img_Joanna Kowalska_sendButton' is clicked on

2021-12-19 14:46:59 - [TEST_STEP][PASSED] - setText(findTestObject("Page_PSTO webMessenger - Zalogowano/input_Joanna Kowalska_messageInput"), "b"): Text 'b' is set on object 'Object Repository/Page_PSTO webMessenger - Zalogowano/input_Joanna Kowalska_messageInput'

2021-12-19 14:47:00 - [MESSAGE][PASSED] - Text 'b' is set on object 'Object Repository/Page_PSTO webMessenger - Zalogowano/input_Joanna Kowalska_messageInput'

2021-12-19 14:47:00 - [TEST_STEP][PASSED] - click(findTestObject("Page_PSTO webMessenger - Zalogowano/img_Joanna Kowalska_sendButton")): Object: 'Object Repository/Page_PSTO webMessenger - Zalogowano/img_Joanna Kowalska_sendButton' is clicked on

2021-12-19 14:47:02 - [MESSAGE][PASSED] - Object: 'Object Repository/Page_PSTO webMessenger - Zalogowano/img_Joanna Kowalska_sendButton' is clicked on

2021-12-19 14:47:02 - [TEST_STEP][PASSED] - setText(findTestObject("Page_PSTO webMessenger - Zalogowano/input_Joanna Kowalska_messageInput"), "b"): Text 'b' is set on object 'Object Repository/Page_PSTO webMessenger - Zalogowano/input_Joanna Kowalska_messageInput'

2021-12-19 14:47:02 - [MESSAGE][PASSED] - Text 'b' is set on object 'Object Repository/Page_PSTO webMessenger - Zalogowano/input_Joanna Kowalska_messageInput'

2021-12-19 14:47:02 - [TEST_STEP][PASSED] - click(findTestObject("Page_PSTO webMessenger - Zalogowano/img_Joanna Kowalska_sendButton")): Object: 'Object Repository/Page_PSTO webMessenger - Zalogowano/img_Joanna Kowalska_sendButton' is clicked on

2021-12-19 14:47:03 - [MESSAGE][PASSED] - Object: 'Object Repository/Page_PSTO webMessenger - Zalogowano/img_Joanna Kowalska_sendButton' is clicked on

2021-12-19 14:47:03 - [TEST_STEP][PASSED] - setText(findTestObject("Page_PSTO webMessenger - Zalogowano/input_Joanna Kowalska_messageInput"), "b"): Text 'b' is set on object 'Object Repository/Page_PSTO webMessenger - Zalogowano/input_Joanna Kowalska_messageInput'

2021-12-19 14:47:04 - [MESSAGE][PASSED] - Text 'b' is set on object 'Object Repository/Page_PSTO webMessenger - Zalogowano/input_Joanna Kowalska_messageInput'

2021-12-19 14:47:04 - [TEST_STEP][PASSED] - click(findTestObject("Page_PSTO webMessenger - Zalogowano/img_Joanna Kowalska_sendButton")): Object: 'Object Repository/Page_PSTO webMessenger - Zalogowano/img_Joanna Kowalska_sendButton' is clicked on

2021-12-19 14:47:04 - [MESSAGE][PASSED] - Object: 'Object Repository/Page_PSTO webMessenger - Zalogowano/img_Joanna Kowalska_sendButton' is clicked on

2021-12-19 14:47:04 - [TEST_STEP][PASSED] - setText(findTestObject("Page_PSTO webMessenger - Zalogowano/input_Joanna Kowalska_messageInput"), "b"): Text 'b' is set on object 'Object Repository/Page_PSTO webMessenger - Zalogowano/input_Joanna Kowalska_messageInput'

2021-12-19 14:47:06 - [MESSAGE][PASSED] - Text 'b' is set on object 'Object Repository/Page_PSTO webMessenger - Zalogowano/input_Joanna Kowalska_messageInput'

2021-12-19 14:47:06 - [TEST_STEP][PASSED] - click(findTestObject("Page_PSTO webMessenger - Zalogowano/img_Joanna Kowalska_sendButton")): Object: 'Object Repository/Page_PSTO webMessenger - Zalogowano/img_Joanna Kowalska_sendButton' is clicked on

2021-12-19 14:47:07 - [MESSAGE][PASSED] - Object: 'Object Repository/Page_PSTO webMessenger - Zalogowano/img_Joanna Kowalska_sendButton' is clicked on

2021-12-19 14:47:07 - [TEST_STEP][PASSED] - setText(findTestObject("Page_PSTO webMessenger - Zalogowano/input_Joanna Kowalska_messageInput"), "b"): Text 'b' is set on object 'Object Repository/Page_PSTO webMessenger - Zalogowano/input_Joanna Kowalska_messageInput'

2021-12-19 14:47:07 - [MESSAGE][PASSED] - Text 'b' is set on object 'Object Repository/Page_PSTO webMessenger - Zalogowano/input_Joanna Kowalska_messageInput'

2021-12-19 14:47:07 - [TEST_STEP][PASSED] - click(findTestObject("Page_PSTO webMessenger - Zalogowano/img_Joanna Kowalska_sendButton")): Object: 'Object Repository/Page_PSTO webMessenger - Zalogowano/img_Joanna Kowalska_sendButton' is clicked on

2021-12-19 14:47:08 - [MESSAGE][PASSED] - Object: 'Object Repository/Page_PSTO webMessenger - Zalogowano/img_Joanna Kowalska_sendButton' is clicked on

2021-12-19 14:47:08 - [TEST_STEP][PASSED] - setText(findTestObject("Page_PSTO webMessenger - Zalogowano/input_Joanna Kowalska_messageInput"), "b"): Text 'b' is set on object 'Object Repository/Page_PSTO webMessenger - Zalogowano/input_Joanna Kowalska_messageInput'

2021-12-19 14:47:09 - [MESSAGE][PASSED] - Text 'b' is set on object 'Object Repository/Page_PSTO webMessenger - Zalogowano/input_Joanna Kowalska_messageInput'

2021-12-19 14:47:09 - [TEST_STEP][PASSED] - click(findTestObject("Page_PSTO webMessenger - Zalogowano/img_Joanna Kowalska_sendButton")): Object: 'Object Repository/Page_PSTO webMessenger - Zalogowano/img_Joanna Kowalska_sendButton' is clicked on

2021-12-19 14:47:09 - [MESSAGE][PASSED] - Object: 'Object Repository/Page_PSTO webMessenger - Zalogowano/img_Joanna Kowalska_sendButton' is clicked on

2021-12-19 14:47:09 - [TEST_STEP][PASSED] - setText(findTestObject("Page_PSTO webMessenger - Zalogowano/input_Joanna Kowalska_messageInput"), "b"): Text 'b' is set on object 'Object Repository/Page_PSTO webMessenger - Zalogowano/input_Joanna Kowalska_messageInput'

2021-12-19 14:47:11 - [MESSAGE][PASSED] - Text 'b' is set on object 'Object Repository/Page_PSTO webMessenger - Zalogowano/input_Joanna Kowalska_messageInput'

2021-12-19 14:47:11 - [TEST_STEP][PASSED] - click(findTestObject("Page_PSTO webMessenger - Zalogowano/img_Joanna Kowalska_sendButton")): Object: 'Object Repository/Page_PSTO webMessenger - Zalogowano/img_Joanna Kowalska_sendButton' is clicked on

2021-12-19 14:47:12 - [MESSAGE][PASSED] - Object: 'Object Repository/Page_PSTO webMessenger - Zalogowano/img_Joanna Kowalska_sendButton' is clicked on

2021-12-19 14:47:12 - [TEST_STEP][PASSED] - setText(findTestObject("Page_PSTO webMessenger - Zalogowano/input_Joanna Kowalska_messageInput"), "b"): Text 'b' is set on object 'Object Repository/Page_PSTO webMessenger - Zalogowano/input_Joanna Kowalska_messageInput'

2021-12-19 14:47:12 - [MESSAGE][PASSED] - Text 'b' is set on object 'Object Repository/Page_PSTO webMessenger - Zalogowano/input_Joanna Kowalska_messageInput'

2021-12-19 14:47:12 - [TEST_STEP][PASSED] - click(findTestObject("Page_PSTO webMessenger - Zalogowano/img_Joanna Kowalska_sendButton")): Object: 'Object Repository/Page_PSTO webMessenger - Zalogowano/img_Joanna Kowalska_sendButton' is clicked on

2021-12-19 14:47:13 - [MESSAGE][PASSED] - Object: 'Object Repository/Page_PSTO webMessenger - Zalogowano/img_Joanna Kowalska_sendButton' is clicked on

2021-12-19 14:47:13 - [TEST_STEP][PASSED] - setText(findTestObject("Page_PSTO webMessenger - Zalogowano/input_Joanna Kowalska_messageInput"), "b"): Text 'b' is set on object 'Object Repository/Page_PSTO webMessenger - Zalogowano/input_Joanna Kowalska_messageInput'

2021-12-19 14:47:14 - [MESSAGE][PASSED] - Text 'b' is set on object 'Object Repository/Page_PSTO webMessenger - Zalogowano/input_Joanna Kowalska_messageInput'

2021-12-19 14:47:14 - [TEST_STEP][PASSED] - click(findTestObject("Page_PSTO webMessenger - Zalogowano/img_Joanna Kowalska_sendButton")): Object: 'Object Repository/Page_PSTO webMessenger - Zalogowano/img_Joanna Kowalska_sendButton' is clicked on

2021-12-19 14:47:14 - [MESSAGE][PASSED] - Object: 'Object Repository/Page_PSTO webMessenger - Zalogowano/img_Joanna Kowalska_sendButton' is clicked on

2021-12-19 14:47:14 - [TEST_STEP][PASSED] - setText(findTestObject("Page_PSTO webMessenger - Zalogowano/input_Joanna Kowalska_messageInput"), "b"): Text 'b' is set on object 'Object Repository/Page_PSTO webMessenger - Zalogowano/input_Joanna Kowalska_messageInput'

2021-12-19 14:47:16 - [MESSAGE][PASSED] - Text 'b' is set on object 'Object Repository/Page_PSTO webMessenger - Zalogowano/input_Joanna Kowalska_messageInput'

2021-12-19 14:47:16 - [TEST_STEP][PASSED] - click(findTestObject("Page_PSTO webMessenger - Zalogowano/img_Joanna Kowalska_sendButton")): Object: 'Object Repository/Page_PSTO webMessenger - Zalogowano/img_Joanna Kowalska_sendButton' is clicked on

2021-12-19 14:47:17 - [MESSAGE][PASSED] - Object: 'Object Repository/Page_PSTO webMessenger - Zalogowano/img_Joanna Kowalska_sendButton' is clicked on

2021-12-19 14:47:17 - [TEST_STEP][PASSED] - setText(findTestObject("Page_PSTO webMessenger - Zalogowano/input_Joanna Kowalska_messageInput"), "b"): Text 'b' is set on object 'Object Repository/Page_PSTO webMessenger - Zalogowano/input_Joanna Kowalska_messageInput'

2021-12-19 14:47:17 - [MESSAGE][PASSED] - Text 'b' is set on object 'Object Repository/Page_PSTO webMessenger - Zalogowano/input_Joanna Kowalska_messageInput'

2021-12-19 14:47:17 - [TEST_STEP][PASSED] - click(findTestObject("Page_PSTO webMessenger - Zalogowano/img_Joanna Kowalska_sendButton")): Object: 'Object Repository/Page_PSTO webMessenger - Zalogowano/img_Joanna Kowalska_sendButton' is clicked on

2021-12-19 14:47:18 - [MESSAGE][PASSED] - Object: 'Object Repository/Page_PSTO webMessenger - Zalogowano/img_Joanna Kowalska_sendButton' is clicked on

2021-12-19 14:47:18 - [TEST_STEP][PASSED] - setText(findTestObject("Page_PSTO webMessenger - Zalogowano/input_Joanna Kowalska_messageInput"), "b"): Text 'b' is set on object 'Object Repository/Page_PSTO webMessenger - Zalogowano/input_Joanna Kowalska_messageInput'

2021-12-19 14:47:19 - [MESSAGE][PASSED] - Text 'b' is set on object 'Object Repository/Page_PSTO webMessenger - Zalogowano/input_Joanna Kowalska_messageInput'

2021-12-19 14:47:19 - [TEST_STEP][PASSED] - click(findTestObject("Page_PSTO webMessenger - Zalogowano/img_Joanna Kowalska_sendButton")): Object: 'Object Repository/Page_PSTO webMessenger - Zalogowano/img_Joanna Kowalska_sendButton' is clicked on

2021-12-19 14:47:19 - [MESSAGE][PASSED] - Object: 'Object Repository/Page_PSTO webMessenger - Zalogowano/img_Joanna Kowalska_sendButton' is clicked on

2021-12-19 14:47:19 - [TEST_STEP][PASSED] - setText(findTestObject("Page_PSTO webMessenger - Zalogowano/input_Joanna Kowalska_messageInput"), "b"): Text 'b' is set on object 'Object Repository/Page_PSTO webMessenger - Zalogowano/input_Joanna Kowalska_messageInput'

2021-12-19 14:47:21 - [MESSAGE][PASSED] - Text 'b' is set on object 'Object Repository/Page_PSTO webMessenger - Zalogowano/input_Joanna Kowalska_messageInput'

2021-12-19 14:47:21 - [TEST_STEP][PASSED] - click(findTestObject("Page_PSTO webMessenger - Zalogowano/img_Joanna Kowalska_sendButton")): Object: 'Object Repository/Page_PSTO webMessenger - Zalogowano/img_Joanna Kowalska_sendButton' is clicked on

2021-12-19 14:47:22 - [MESSAGE][PASSED] - Object: 'Object Repository/Page_PSTO webMessenger - Zalogowano/img_Joanna Kowalska_sendButton' is clicked on

2021-12-19 14:47:22 - [TEST_STEP][PASSED] - setText(findTestObject("Page_PSTO webMessenger - Zalogowano/input_Joanna Kowalska_messageInput"), "b"): Text 'b' is set on object 'Object Repository/Page_PSTO webMessenger - Zalogowano/input_Joanna Kowalska_messageInput'

2021-12-19 14:47:23 - [MESSAGE][PASSED] - Text 'b' is set on object 'Object Repository/Page_PSTO webMessenger - Zalogowano/input_Joanna Kowalska_messageInput'

2021-12-19 14:47:23 - [TEST_STEP][PASSED] - click(findTestObject("Page_PSTO webMessenger - Zalogowano/img_Joanna Kowalska_sendButton")): Object: 'Object Repository/Page_PSTO webMessenger - Zalogowano/img_Joanna Kowalska_sendButton' is clicked on

2021-12-19 14:47:23 - [MESSAGE][PASSED] - Object: 'Object Repository/Page_PSTO webMessenger - Zalogowano/img_Joanna Kowalska_sendButton' is clicked on

2021-12-19 14:47:23 - [TEST_STEP][PASSED] - setText(findTestObject("Page_PSTO webMessenger - Zalogowano/input_Joanna Kowalska_messageInput"), "b"): Text 'b' is set on object 'Object Repository/Page_PSTO webMessenger - Zalogowano/input_Joanna Kowalska_messageInput'

2021-12-19 14:47:24 - [MESSAGE][PASSED] - Text 'b' is set on object 'Object Repository/Page_PSTO webMessenger - Zalogowano/input_Joanna Kowalska_messageInput'

2021-12-19 14:47:24 - [TEST_STEP][PASSED] - click(findTestObject("Page_PSTO webMessenger - Zalogowano/img_Joanna Kowalska_sendButton")): Object: 'Object Repository/Page_PSTO webMessenger - Zalogowano/img_Joanna Kowalska_sendButton' is clicked on

2021-12-19 14:47:24 - [MESSAGE][PASSED] - Object: 'Object Repository/Page_PSTO webMessenger - Zalogowano/img_Joanna Kowalska_sendButton' is clicked on

2021-12-19 14:47:24 - [TEST_STEP][PASSED] - setText(findTestObject("Page_PSTO webMessenger - Zalogowano/input_Joanna Kowalska_messageInput"), "b"): Text 'b' is set on object 'Object Repository/Page_PSTO webMessenger - Zalogowano/input_Joanna Kowalska_messageInput'

2021-12-19 14:47:26 - [MESSAGE][PASSED] - Text 'b' is set on object 'Object Repository/Page_PSTO webMessenger - Zalogowano/input_Joanna Kowalska_messageInput'

2021-12-19 14:47:26 - [TEST_STEP][PASSED] - click(findTestObject("Page_PSTO webMessenger - Zalogowano/img_Joanna Kowalska_sendButton")): Object: 'Object Repository/Page_PSTO webMessenger - Zalogowano/img_Joanna Kowalska_sendButton' is clicked on

2021-12-19 14:47:27 - [MESSAGE][PASSED] - Object: 'Object Repository/Page_PSTO webMessenger - Zalogowano/img_Joanna Kowalska_sendButton' is clicked on

2021-12-19 14:47:27 - [TEST_STEP][PASSED] - setText(findTestObject("Page_PSTO webMessenger - Zalogowano/input_Joanna Kowalska_messageInput"), "b"): Text 'b' is set on object 'Object Repository/Page_PSTO webMessenger - Zalogowano/input_Joanna Kowalska_messageInput'

2021-12-19 14:47:28 - [MESSAGE][PASSED] - Text 'b' is set on object 'Object Repository/Page_PSTO webMessenger - Zalogowano/input_Joanna Kowalska_messageInput'

2021-12-19 14:47:28 - [TEST_STEP][PASSED] - click(findTestObject("Page_PSTO webMessenger - Zalogowano/img_Joanna Kowalska_sendButton")): Object: 'Object Repository/Page_PSTO webMessenger - Zalogowano/img_Joanna Kowalska_sendButton' is clicked on

2021-12-19 14:47:28 - [MESSAGE][PASSED] - Object: 'Object Repository/Page_PSTO webMessenger - Zalogowano/img_Joanna Kowalska_sendButton' is clicked on

2021-12-19 14:47:28 - [TEST_STEP][PASSED] - setText(findTestObject("Page_PSTO webMessenger - Zalogowano/input_Joanna Kowalska_messageInput"), "b"): Text 'b' is set on object 'Object Repository/Page_PSTO webMessenger - Zalogowano/input_Joanna Kowalska_messageInput'

2021-12-19 14:47:29 - [MESSAGE][PASSED] - Text 'b' is set on object 'Object Repository/Page_PSTO webMessenger - Zalogowano/input_Joanna Kowalska_messageInput'

2021-12-19 14:47:29 - [TEST_STEP][PASSED] - click(findTestObject("Page_PSTO webMessenger - Zalogowano/img_Joanna Kowalska_sendButton")): Object: 'Object Repository/Page_PSTO webMessenger - Zalogowano/img_Joanna Kowalska_sendButton' is clicked on

2021-12-19 14:47:29 - [MESSAGE][PASSED] - Object: 'Object Repository/Page_PSTO webMessenger - Zalogowano/img_Joanna Kowalska_sendButton' is clicked on

2021-12-19 14:47:29 - [TEST_STEP][PASSED] - setText(findTestObject("Page_PSTO webMessenger - Zalogowano/input_Joanna Kowalska_messageInput"), "b"): Text 'b' is set on object 'Object Repository/Page_PSTO webMessenger - Zalogowano/input_Joanna Kowalska_messageInput'

2021-12-19 14:47:31 - [MESSAGE][PASSED] - Text 'b' is set on object 'Object Repository/Page_PSTO webMessenger - Zalogowano/input_Joanna Kowalska_messageInput'

2021-12-19 14:47:31 - [TEST_STEP][PASSED] - click(findTestObject("Page_PSTO webMessenger - Zalogowano/img_Joanna Kowalska_sendButton")): Object: 'Object Repository/Page_PSTO webMessenger - Zalogowano/img_Joanna Kowalska_sendButton' is clicked on

2021-12-19 14:47:31 - [MESSAGE][PASSED] - Object: 'Object Repository/Page_PSTO webMessenger - Zalogowano/img_Joanna Kowalska_sendButton' is clicked on

2021-12-19 14:47:31 - [TEST_STEP][PASSED] - setText(findTestObject("Page_PSTO webMessenger - Zalogowano/input_Joanna Kowalska_messageInput"), "b"): Text 'b' is set on object 'Object Repository/Page_PSTO webMessenger - Zalogowano/input_Joanna Kowalska_messageInput'

2021-12-19 14:47:32 - [MESSAGE][PASSED] - Text 'b' is set on object 'Object Repository/Page_PSTO webMessenger - Zalogowano/input_Joanna Kowalska_messageInput'

2021-12-19 14:47:32 - [TEST_STEP][PASSED] - click(findTestObject("Page_PSTO webMessenger - Zalogowano/img_Joanna Kowalska_sendButton")): Object: 'Object Repository/Page_PSTO webMessenger - Zalogowano/img_Joanna Kowalska_sendButton' is clicked on

2021-12-19 14:47:33 - [MESSAGE][PASSED] - Object: 'Object Repository/Page_PSTO webMessenger - Zalogowano/img_Joanna Kowalska_sendButton' is clicked on

2021-12-19 14:47:33 - [TEST_STEP][PASSED] - setText(findTestObject("Page_PSTO webMessenger - Zalogowano/input_Joanna Kowalska_messageInput"), "b"): Text 'b' is set on object 'Object Repository/Page_PSTO webMessenger - Zalogowano/input_Joanna Kowalska_messageInput'

2021-12-19 14:47:34 - [MESSAGE][PASSED] - Text 'b' is set on object 'Object Repository/Page_PSTO webMessenger - Zalogowano/input_Joanna Kowalska_messageInput'

2021-12-19 14:47:34 - [TEST_STEP][PASSED] - click(findTestObject("Page_PSTO webMessenger - Zalogowano/img_Joanna Kowalska_sendButton")): Object: 'Object Repository/Page_PSTO webMessenger - Zalogowano/img_Joanna Kowalska_sendButton' is clicked on

2021-12-19 14:47:34 - [MESSAGE][PASSED] - Object: 'Object Repository/Page_PSTO webMessenger - Zalogowano/img_Joanna Kowalska_sendButton' is clicked on

2021-12-19 14:47:34 - [TEST_STEP][PASSED] - setText(findTestObject("Page_PSTO webMessenger - Zalogowano/input_Joanna Kowalska_messageInput"), "b"): Text 'b' is set on object 'Object Repository/Page_PSTO webMessenger - Zalogowano/input_Joanna Kowalska_messageInput'

2021-12-19 14:47:35 - [MESSAGE][PASSED] - Text 'b' is set on object 'Object Repository/Page_PSTO webMessenger - Zalogowano/input_Joanna Kowalska_messageInput'

2021-12-19 14:47:35 - [TEST_STEP][PASSED] - click(findTestObject("Page_PSTO webMessenger - Zalogowano/img_Joanna Kowalska_sendButton")): Object: 'Object Repository/Page_PSTO webMessenger - Zalogowano/img_Joanna Kowalska_sendButton' is clicked on

2021-12-19 14:47:37 - [MESSAGE][PASSED] - Object: 'Object Repository/Page_PSTO webMessenger - Zalogowano/img_Joanna Kowalska_sendButton' is clicked on

2021-12-19 14:47:37 - [TEST_STEP][PASSED] - setText(findTestObject("Page_PSTO webMessenger - Zalogowano/input_Joanna Kowalska_messageInput"), "b"): Text 'b' is set on object 'Object Repository/Page_PSTO webMessenger - Zalogowano/input_Joanna Kowalska_messageInput'

2021-12-19 14:47:37 - [MESSAGE][PASSED] - Text 'b' is set on object 'Object Repository/Page_PSTO webMessenger - Zalogowano/input_Joanna Kowalska_messageInput'

2021-12-19 14:47:37 - [TEST_STEP][PASSED] - click(findTestObject("Page_PSTO webMessenger - Zalogowano/img_Joanna Kowalska_sendButton")): Object: 'Object Repository/Page_PSTO webMessenger - Zalogowano/img_Joanna Kowalska_sendButton' is clicked on

2021-12-19 14:47:38 - [MESSAGE][PASSED] - Object: 'Object Repository/Page_PSTO webMessenger - Zalogowano/img_Joanna Kowalska_sendButton' is clicked on

2021-12-19 14:47:38 - [TEST_STEP][PASSED] - setText(findTestObject("Page_PSTO webMessenger - Zalogowano/input_Joanna Kowalska_messageInput"), "b"): Text 'b' is set on object 'Object Repository/Page_PSTO webMessenger - Zalogowano/input_Joanna Kowalska_messageInput'

2021-12-19 14:47:39 - [MESSAGE][PASSED] - Text 'b' is set on object 'Object Repository/Page_PSTO webMessenger - Zalogowano/input_Joanna Kowalska_messageInput'

2021-12-19 14:47:39 - [TEST_STEP][PASSED] - click(findTestObject("Page_PSTO webMessenger - Zalogowano/img_Joanna Kowalska_sendButton")): Object: 'Object Repository/Page_PSTO webMessenger - Zalogowano/img_Joanna Kowalska_sendButton' is clicked on

2021-12-19 14:47:39 - [MESSAGE][PASSED] - Object: 'Object Repository/Page_PSTO webMessenger - Zalogowano/img_Joanna Kowalska_sendButton' is clicked on

2021-12-19 14:47:39 - [TEST_STEP][PASSED] - setText(findTestObject("Page_PSTO webMessenger - Zalogowano/input_Joanna Kowalska_messageInput"), "b"): Text 'b' is set on object 'Object Repository/Page_PSTO webMessenger - Zalogowano/input_Joanna Kowalska_messageInput'

2021-12-19 14:47:40 - [MESSAGE][PASSED] - Text 'b' is set on object 'Object Repository/Page_PSTO webMessenger - Zalogowano/input_Joanna Kowalska_messageInput'

2021-12-19 14:47:40 - [TEST_STEP][PASSED] - click(findTestObject("Page_PSTO webMessenger - Zalogowano/img_Joanna Kowalska_sendButton")): Object: 'Object Repository/Page_PSTO webMessenger - Zalogowano/img_Joanna Kowalska_sendButton' is clicked on

2021-12-19 14:47:42 - [MESSAGE][PASSED] - Object: 'Object Repository/Page_PSTO webMessenger - Zalogowano/img_Joanna Kowalska_sendButton' is clicked on

2021-12-19 14:47:42 - [TEST_STEP][PASSED] - setText(findTestObject("Page_PSTO webMessenger - Zalogowano/input_Joanna Kowalska_messageInput"), "b"): Text 'b' is set on object 'Object Repository/Page_PSTO webMessenger - Zalogowano/input_Joanna Kowalska_messageInput'

2021-12-19 14:47:42 - [MESSAGE][PASSED] - Text 'b' is set on object 'Object Repository/Page_PSTO webMessenger - Zalogowano/input_Joanna Kowalska_messageInput'

2021-12-19 14:47:42 - [TEST_STEP][PASSED] - click(findTestObject("Page_PSTO webMessenger - Zalogowano/img_Joanna Kowalska_sendButton")): Object: 'Object Repository/Page_PSTO webMessenger - Zalogowano/img_Joanna Kowalska_sendButton' is clicked on

2021-12-19 14:47:43 - [MESSAGE][PASSED] - Object: 'Object Repository/Page_PSTO webMessenger - Zalogowano/img_Joanna Kowalska_sendButton' is clicked on

2021-12-19 14:47:43 - [TEST_STEP][PASSED] - setText(findTestObject("Page_PSTO webMessenger - Zalogowano/input_Joanna Kowalska_messageInput"), "b"): Text 'b' is set on object 'Object Repository/Page_PSTO webMessenger - Zalogowano/input_Joanna Kowalska_messageInput'

2021-12-19 14:47:44 - [MESSAGE][PASSED] - Text 'b' is set on object 'Object Repository/Page_PSTO webMessenger - Zalogowano/input_Joanna Kowalska_messageInput'

2021-12-19 14:47:44 - [TEST_STEP][PASSED] - click(findTestObject("Page_PSTO webMessenger - Zalogowano/img_Joanna Kowalska_sendButton")): Object: 'Object Repository/Page_PSTO webMessenger - Zalogowano/img_Joanna Kowalska_sendButton' is clicked on

2021-12-19 14:47:44 - [MESSAGE][PASSED] - Object: 'Object Repository/Page_PSTO webMessenger - Zalogowano/img_Joanna Kowalska_sendButton' is clicked on

2021-12-19 14:47:44 - [TEST_STEP][PASSED] - setText(findTestObject("Page_PSTO webMessenger - Zalogowano/input_Joanna Kowalska_messageInput"), "b"): Text 'b' is set on object 'Object Repository/Page_PSTO webMessenger - Zalogowano/input_Joanna Kowalska_messageInput'

2021-12-19 14:47:45 - [MESSAGE][PASSED] - Text 'b' is set on object 'Object Repository/Page_PSTO webMessenger - Zalogowano/input_Joanna Kowalska_messageInput'

2021-12-19 14:47:45 - [TEST_STEP][PASSED] - click(findTestObject("Page_PSTO webMessenger - Zalogowano/img_Joanna Kowalska_sendButton")): Object: 'Object Repository/Page_PSTO webMessenger - Zalogowano/img_Joanna Kowalska_sendButton' is clicked on

2021-12-19 14:47:46 - [MESSAGE][PASSED] - Object: 'Object Repository/Page_PSTO webMessenger - Zalogowano/img_Joanna Kowalska_sendButton' is clicked on

2021-12-19 14:47:46 - [TEST_STEP][PASSED] - setText(findTestObject("Page_PSTO webMessenger - Zalogowano/input_Joanna Kowalska_messageInput"), "b"): Text 'b' is set on object 'Object Repository/Page_PSTO webMessenger - Zalogowano/input_Joanna Kowalska_messageInput'

2021-12-19 14:47:47 - [MESSAGE][PASSED] - Text 'b' is set on object 'Object Repository/Page_PSTO webMessenger - Zalogowano/input_Joanna Kowalska_messageInput'

2021-12-19 14:47:47 - [TEST_STEP][PASSED] - click(findTestObject("Page_PSTO webMessenger - Zalogowano/img_Joanna Kowalska_sendButton")): Object: 'Object Repository/Page_PSTO webMessenger - Zalogowano/img_Joanna Kowalska_sendButton' is clicked on

2021-12-19 14:47:48 - [MESSAGE][PASSED] - Object: 'Object Repository/Page_PSTO webMessenger - Zalogowano/img_Joanna Kowalska_sendButton' is clicked on

2021-12-19 14:47:48 - [TEST_STEP][PASSED] - setText(findTestObject("Page_PSTO webMessenger - Zalogowano/input_Joanna Kowalska_messageInput"), "b"): Text 'b' is set on object 'Object Repository/Page_PSTO webMessenger - Zalogowano/input_Joanna Kowalska_messageInput'

2021-12-19 14:47:49 - [MESSAGE][PASSED] - Text 'b' is set on object 'Object Repository/Page_PSTO webMessenger - Zalogowano/input_Joanna Kowalska_messageInput'

2021-12-19 14:47:49 - [TEST_STEP][PASSED] - click(findTestObject("Page_PSTO webMessenger - Zalogowano/img_Joanna Kowalska_sendButton")): Object: 'Object Repository/Page_PSTO webMessenger - Zalogowano/img_Joanna Kowalska_sendButton' is clicked on

2021-12-19 14:47:49 - [MESSAGE][PASSED] - Object: 'Object Repository/Page_PSTO webMessenger - Zalogowano/img_Joanna Kowalska_sendButton' is clicked on

2021-12-19 14:47:49 - [TEST_STEP][PASSED] - setText(findTestObject("Page_PSTO webMessenger - Zalogowano/input_Joanna Kowalska_messageInput"), "b"): Text 'b' is set on object 'Object Repository/Page_PSTO webMessenger - Zalogowano/input_Joanna Kowalska_messageInput'

2021-12-19 14:47:50 - [MESSAGE][PASSED] - Text 'b' is set on object 'Object Repository/Page_PSTO webMessenger - Zalogowano/input_Joanna Kowalska_messageInput'

2021-12-19 14:47:50 - [TEST_STEP][PASSED] - click(findTestObject("Page_PSTO webMessenger - Zalogowano/img_Joanna Kowalska_sendButton")): Object: 'Object Repository/Page_PSTO webMessenger - Zalogowano/img_Joanna Kowalska_sendButton' is clicked on

2021-12-19 14:47:52 - [MESSAGE][PASSED] - Object: 'Object Repository/Page_PSTO webMessenger - Zalogowano/img_Joanna Kowalska_sendButton' is clicked on

2021-12-19 14:47:52 - [TEST_STEP][PASSED] - setText(findTestObject("Page_PSTO webMessenger - Zalogowano/input_Joanna Kowalska_messageInput"), "b"): Text 'b' is set on object 'Object Repository/Page_PSTO webMessenger - Zalogowano/input_Joanna Kowalska_messageInput'

2021-12-19 14:47:52 - [MESSAGE][PASSED] - Text 'b' is set on object 'Object Repository/Page_PSTO webMessenger - Zalogowano/input_Joanna Kowalska_messageInput'

2021-12-19 14:47:52 - [TEST_STEP][PASSED] - click(findTestObject("Page_PSTO webMessenger - Zalogowano/img_Joanna Kowalska_sendButton")): Object: 'Object Repository/Page_PSTO webMessenger - Zalogowano/img_Joanna Kowalska_sendButton' is clicked on

2021-12-19 14:47:53 - [MESSAGE][PASSED] - Object: 'Object Repository/Page_PSTO webMessenger - Zalogowano/img_Joanna Kowalska_sendButton' is clicked on

2021-12-19 14:47:53 - [TEST_STEP][PASSED] - setText(findTestObject("Page_PSTO webMessenger - Zalogowano/input_Joanna Kowalska_messageInput"), "b"): Text 'b' is set on object 'Object Repository/Page_PSTO webMessenger - Zalogowano/input_Joanna Kowalska_messageInput'

2021-12-19 14:47:54 - [MESSAGE][PASSED] - Text 'b' is set on object 'Object Repository/Page_PSTO webMessenger - Zalogowano/input_Joanna Kowalska_messageInput'

2021-12-19 14:47:54 - [TEST_STEP][PASSED] - click(findTestObject("Page_PSTO webMessenger - Zalogowano/img_Joanna Kowalska_sendButton")): Object: 'Object Repository/Page_PSTO webMessenger - Zalogowano/img_Joanna Kowalska_sendButton' is clicked on

2021-12-19 14:47:54 - [MESSAGE][PASSED] - Object: 'Object Repository/Page_PSTO webMessenger - Zalogowano/img_Joanna Kowalska_sendButton' is clicked on

2021-12-19 14:47:54 - [TEST_STEP][PASSED] - setText(findTestObject("Page_PSTO webMessenger - Zalogowano/input_Joanna Kowalska_messageInput"), "b"): Text 'b' is set on object 'Object Repository/Page_PSTO webMessenger - Zalogowano/input_Joanna Kowalska_messageInput'

2021-12-19 14:47:55 - [MESSAGE][PASSED] - Text 'b' is set on object 'Object Repository/Page_PSTO webMessenger - Zalogowano/input_Joanna Kowalska_messageInput'

2021-12-19 14:47:55 - [TEST_STEP][PASSED] - click(findTestObject("Page_PSTO webMessenger - Zalogowano/img_Joanna Kowalska_sendButton")): Object: 'Object Repository/Page_PSTO webMessenger - Zalogowano/img_Joanna Kowalska_sendButton' is clicked on

2021-12-19 14:47:56 - [MESSAGE][PASSED] - Object: 'Object Repository/Page_PSTO webMessenger - Zalogowano/img_Joanna Kowalska_sendButton' is clicked on

2021-12-19 14:47:56 - [TEST_STEP][PASSED] - setText(findTestObject("Page_PSTO webMessenger - Zalogowano/input_Joanna Kowalska_messageInput"), "b"): Text 'b' is set on object 'Object Repository/Page_PSTO webMessenger - Zalogowano/input_Joanna Kowalska_messageInput'

2021-12-19 14:47:57 - [MESSAGE][PASSED] - Text 'b' is set on object 'Object Repository/Page_PSTO webMessenger - Zalogowano/input_Joanna Kowalska_messageInput'

2021-12-19 14:47:57 - [TEST_STEP][PASSED] - click(findTestObject("Page_PSTO webMessenger - Zalogowano/img_Joanna Kowalska_sendButton")): Object: 'Object Repository/Page_PSTO webMessenger - Zalogowano/img_Joanna Kowalska_sendButton' is clicked on

2021-12-19 14:47:58 - [MESSAGE][PASSED] - Object: 'Object Repository/Page_PSTO webMessenger - Zalogowano/img_Joanna Kowalska_sendButton' is clicked on

2021-12-19 14:47:58 - [TEST_STEP][PASSED] - setText(findTestObject("Page_PSTO webMessenger - Zalogowano/input_Joanna Kowalska_messageInput"), "b"): Text 'b' is set on object 'Object Repository/Page_PSTO webMessenger - Zalogowano/input_Joanna Kowalska_messageInput'

2021-12-19 14:47:58 - [MESSAGE][PASSED] - Text 'b' is set on object 'Object Repository/Page_PSTO webMessenger - Zalogowano/input_Joanna Kowalska_messageInput'

2021-12-19 14:47:58 - [TEST_STEP][PASSED] - click(findTestObject("Page_PSTO webMessenger - Zalogowano/img_Joanna Kowalska_sendButton")): Object: 'Object Repository/Page_PSTO webMessenger - Zalogowano/img_Joanna Kowalska_sendButton' is clicked on

2021-12-19 14:47:59 - [MESSAGE][PASSED] - Object: 'Object Repository/Page_PSTO webMessenger - Zalogowano/img_Joanna Kowalska_sendButton' is clicked on

2021-12-19 14:47:59 - [TEST_STEP][PASSED] - setText(findTestObject("Page_PSTO webMessenger - Zalogowano/input_Joanna Kowalska_messageInput"), "b"): Text 'b' is set on object 'Object Repository/Page_PSTO webMessenger - Zalogowano/input_Joanna Kowalska_messageInput'

2021-12-19 14:48:00 - [MESSAGE][PASSED] - Text 'b' is set on object 'Object Repository/Page_PSTO webMessenger - Zalogowano/input_Joanna Kowalska_messageInput'

2021-12-19 14:48:00 - [TEST_STEP][PASSED] - click(findTestObject("Page_PSTO webMessenger - Zalogowano/img_Joanna Kowalska_sendButton")): Object: 'Object Repository/Page_PSTO webMessenger - Zalogowano/img_Joanna Kowalska_sendButton' is clicked on

2021-12-19 14:48:02 - [MESSAGE][PASSED] - Object: 'Object Repository/Page_PSTO webMessenger - Zalogowano/img_Joanna Kowalska_sendButton' is clicked on

2021-12-19 14:48:02 - [TEST_STEP][PASSED] - setText(findTestObject("Page_PSTO webMessenger - Zalogowano/input_Joanna Kowalska_messageInput"), "b"): Text 'b' is set on object 'Object Repository/Page_PSTO webMessenger - Zalogowano/input_Joanna Kowalska_messageInput'

2021-12-19 14:48:02 - [MESSAGE][PASSED] - Text 'b' is set on object 'Object Repository/Page_PSTO webMessenger - Zalogowano/input_Joanna Kowalska_messageInput'

2021-12-19 14:48:02 - [TEST_STEP][PASSED] - click(findTestObject("Page_PSTO webMessenger - Zalogowano/img_Joanna Kowalska_sendButton")): Object: 'Object Repository/Page_PSTO webMessenger - Zalogowano/img_Joanna Kowalska_sendButton' is clicked on

2021-12-19 14:48:03 - [MESSAGE][PASSED] - Object: 'Object Repository/Page_PSTO webMessenger - Zalogowano/img_Joanna Kowalska_sendButton' is clicked on

2021-12-19 14:48:03 - [TEST_STEP][PASSED] - setText(findTestObject("Page_PSTO webMessenger - Zalogowano/input_Joanna Kowalska_messageInput"), "b"): Text 'b' is set on object 'Object Repository/Page_PSTO webMessenger - Zalogowano/input_Joanna Kowalska_messageInput'

2021-12-19 14:48:04 - [MESSAGE][PASSED] - Text 'b' is set on object 'Object Repository/Page_PSTO webMessenger - Zalogowano/input_Joanna Kowalska_messageInput'

2021-12-19 14:48:04 - [TEST_STEP][PASSED] - click(findTestObject("Page_PSTO webMessenger - Zalogowano/img_Joanna Kowalska_sendButton")): Object: 'Object Repository/Page_PSTO webMessenger - Zalogowano/img_Joanna Kowalska_sendButton' is clicked on

2021-12-19 14:48:04 - [MESSAGE][PASSED] - Object: 'Object Repository/Page_PSTO webMessenger - Zalogowano/img_Joanna Kowalska_sendButton' is clicked on

2021-12-19 14:48:04 - [TEST_STEP][PASSED] - setText(findTestObject("Page_PSTO webMessenger - Zalogowano/input_Joanna Kowalska_messageInput"), "b"): Text 'b' is set on object 'Object Repository/Page_PSTO webMessenger - Zalogowano/input_Joanna Kowalska_messageInput'

2021-12-19 14:48:05 - [MESSAGE][PASSED] - Text 'b' is set on object 'Object Repository/Page_PSTO webMessenger - Zalogowano/input_Joanna Kowalska_messageInput'

2021-12-19 14:48:05 - [TEST_STEP][PASSED] - click(findTestObject("Page_PSTO webMessenger - Zalogowano/img_Joanna Kowalska_sendButton")): Object: 'Object Repository/Page_PSTO webMessenger - Zalogowano/img_Joanna Kowalska_sendButton' is clicked on

2021-12-19 14:48:07 - [MESSAGE][PASSED] - Object: 'Object Repository/Page_PSTO webMessenger - Zalogowano/img_Joanna Kowalska_sendButton' is clicked on

2021-12-19 14:48:07 - [TEST_STEP][PASSED] - setText(findTestObject("Page_PSTO webMessenger - Zalogowano/input_Joanna Kowalska_messageInput"), "b"): Text 'b' is set on object 'Object Repository/Page_PSTO webMessenger - Zalogowano/input_Joanna Kowalska_messageInput'

2021-12-19 14:48:07 - [MESSAGE][PASSED] - Text 'b' is set on object 'Object Repository/Page_PSTO webMessenger - Zalogowano/input_Joanna Kowalska_messageInput'

2021-12-19 14:48:07 - [TEST_STEP][PASSED] - click(findTestObject("Page_PSTO webMessenger - Zalogowano/img_Joanna Kowalska_sendButton")): Object: 'Object Repository/Page_PSTO webMessenger - Zalogowano/img_Joanna Kowalska_sendButton' is clicked on

2021-12-19 14:48:08 - [MESSAGE][PASSED] - Object: 'Object Repository/Page_PSTO webMessenger - Zalogowano/img_Joanna Kowalska_sendButton' is clicked on

2021-12-19 14:48:08 - [TEST_STEP][PASSED] - setText(findTestObject("Page_PSTO webMessenger - Zalogowano/input_Joanna Kowalska_messageInput"), "b"): Text 'b' is set on object 'Object Repository/Page_PSTO webMessenger - Zalogowano/input_Joanna Kowalska_messageInput'

2021-12-19 14:48:09 - [MESSAGE][PASSED] - Text 'b' is set on object 'Object Repository/Page_PSTO webMessenger - Zalogowano/input_Joanna Kowalska_messageInput'

2021-12-19 14:48:09 - [TEST_STEP][PASSED] - click(findTestObject("Page_PSTO webMessenger - Zalogowano/img_Joanna Kowalska_sendButton")): Object: 'Object Repository/Page_PSTO webMessenger - Zalogowano/img_Joanna Kowalska_sendButton' is clicked on

2021-12-19 14:48:09 - [MESSAGE][PASSED] - Object: 'Object Repository/Page_PSTO webMessenger - Zalogowano/img_Joanna Kowalska_sendButton' is clicked on

2021-12-19 14:48:09 - [TEST_STEP][PASSED] - setText(findTestObject("Page_PSTO webMessenger - Zalogowano/input_Joanna Kowalska_messageInput"), "b"): Text 'b' is set on object 'Object Repository/Page_PSTO webMessenger - Zalogowano/input_Joanna Kowalska_messageInput'

2021-12-19 14:48:10 - [MESSAGE][PASSED] - Text 'b' is set on object 'Object Repository/Page_PSTO webMessenger - Zalogowano/input_Joanna Kowalska_messageInput'

2021-12-19 14:48:10 - [TEST_STEP][PASSED] - click(findTestObject("Page_PSTO webMessenger - Zalogowano/img_Joanna Kowalska_sendButton")): Object: 'Object Repository/Page_PSTO webMessenger - Zalogowano/img_Joanna Kowalska_sendButton' is clicked on

2021-12-19 14:48:12 - [MESSAGE][PASSED] - Object: 'Object Repository/Page_PSTO webMessenger - Zalogowano/img_Joanna Kowalska_sendButton' is clicked on

2021-12-19 14:48:12 - [TEST_STEP][PASSED] - setText(findTestObject("Page_PSTO webMessenger - Zalogowano/input_Joanna Kowalska_messageInput"), "b"): Text 'b' is set on object 'Object Repository/Page_PSTO webMessenger - Zalogowano/input_Joanna Kowalska_messageInput'

2021-12-19 14:48:13 - [MESSAGE][PASSED] - Text 'b' is set on object 'Object Repository/Page_PSTO webMessenger - Zalogowano/input_Joanna Kowalska_messageInput'

2021-12-19 14:48:13 - [TEST_STEP][PASSED] - click(findTestObject("Page_PSTO webMessenger - Zalogowano/img_Joanna Kowalska_sendButton")): Object: 'Object Repository/Page_PSTO webMessenger - Zalogowano/img_Joanna Kowalska_sendButton' is clicked on

2021-12-19 14:48:13 - [MESSAGE][PASSED] - Object: 'Object Repository/Page_PSTO webMessenger - Zalogowano/img_Joanna Kowalska_sendButton' is clicked on

2021-12-19 14:48:13 - [TEST_STEP][PASSED] - setText(findTestObject("Page_PSTO webMessenger - Zalogowano/input_Joanna Kowalska_messageInput"), "b"): Text 'b' is set on object 'Object Repository/Page_PSTO webMessenger - Zalogowano/input_Joanna Kowalska_messageInput'

2021-12-19 14:48:14 - [MESSAGE][PASSED] - Text 'b' is set on object 'Object Repository/Page_PSTO webMessenger - Zalogowano/input_Joanna Kowalska_messageInput'

2021-12-19 14:48:14 - [TEST_STEP][PASSED] - click(findTestObject("Page_PSTO webMessenger - Zalogowano/img_Joanna Kowalska_sendButton")): Object: 'Object Repository/Page_PSTO webMessenger - Zalogowano/img_Joanna Kowalska_sendButton' is clicked on

2021-12-19 14:48:14 - [MESSAGE][PASSED] - Object: 'Object Repository/Page_PSTO webMessenger - Zalogowano/img_Joanna Kowalska_sendButton' is clicked on

2021-12-19 14:48:14 - [TEST_STEP][PASSED] - setText(findTestObject("Page_PSTO webMessenger - Zalogowano/input_Joanna Kowalska_messageInput"), "b"): Text 'b' is set on object 'Object Repository/Page_PSTO webMessenger - Zalogowano/input_Joanna Kowalska_messageInput'

2021-12-19 14:48:16 - [MESSAGE][PASSED] - Text 'b' is set on object 'Object Repository/Page_PSTO webMessenger - Zalogowano/input_Joanna Kowalska_messageInput'

2021-12-19 14:48:16 - [TEST_STEP][PASSED] - click(findTestObject("Page_PSTO webMessenger - Zalogowano/img_Joanna Kowalska_sendButton")): Object: 'Object Repository/Page_PSTO webMessenger - Zalogowano/img_Joanna Kowalska_sendButton' is clicked on

2021-12-19 14:48:16 - [MESSAGE][PASSED] - Object: 'Object Repository/Page_PSTO webMessenger - Zalogowano/img_Joanna Kowalska_sendButton' is clicked on

2021-12-19 14:48:16 - [TEST_STEP][PASSED] - setText(findTestObject("Page_PSTO webMessenger - Zalogowano/input_Joanna Kowalska_messageInput"), "b"): Text 'b' is set on object 'Object Repository/Page_PSTO webMessenger - Zalogowano/input_Joanna Kowalska_messageInput'

2021-12-19 14:48:17 - [MESSAGE][PASSED] - Text 'b' is set on object 'Object Repository/Page_PSTO webMessenger - Zalogowano/input_Joanna Kowalska_messageInput'

2021-12-19 14:48:17 - [TEST_STEP][PASSED] - click(findTestObject("Page_PSTO webMessenger - Zalogowano/img_Joanna Kowalska_sendButton")): Object: 'Object Repository/Page_PSTO webMessenger - Zalogowano/img_Joanna Kowalska_sendButton' is clicked on

2021-12-19 14:48:18 - [MESSAGE][PASSED] - Object: 'Object Repository/Page_PSTO webMessenger - Zalogowano/img_Joanna Kowalska_sendButton' is clicked on

2021-12-19 14:48:18 - [TEST_STEP][PASSED] - setText(findTestObject("Page_PSTO webMessenger - Zalogowano/input_Joanna Kowalska_messageInput"), "b"): Text 'b' is set on object 'Object Repository/Page_PSTO webMessenger - Zalogowano/input_Joanna Kowalska_messageInput'

2021-12-19 14:48:18 - [MESSAGE][PASSED] - Text 'b' is set on object 'Object Repository/Page_PSTO webMessenger - Zalogowano/input_Joanna Kowalska_messageInput'

2021-12-19 14:48:18 - [TEST_STEP][PASSED] - click(findTestObject("Page_PSTO webMessenger - Zalogowano/img_Joanna Kowalska_sendButton")): Object: 'Object Repository/Page_PSTO webMessenger - Zalogowano/img_Joanna Kowalska_sendButton' is clicked on

2021-12-19 14:48:19 - [MESSAGE][PASSED] - Object: 'Object Repository/Page_PSTO webMessenger - Zalogowano/img_Joanna Kowalska_sendButton' is clicked on

2021-12-19 14:48:19 - [TEST_STEP][PASSED] - setText(findTestObject("Page_PSTO webMessenger - Zalogowano/input_Joanna Kowalska_messageInput"), "b"): Text 'b' is set on object 'Object Repository/Page_PSTO webMessenger - Zalogowano/input_Joanna Kowalska_messageInput'

2021-12-19 14:48:20 - [MESSAGE][PASSED] - Text 'b' is set on object 'Object Repository/Page_PSTO webMessenger - Zalogowano/input_Joanna Kowalska_messageInput'

2021-12-19 14:48:20 - [TEST_STEP][PASSED] - click(findTestObject("Page_PSTO webMessenger - Zalogowano/img_Joanna Kowalska_sendButton")): Object: 'Object Repository/Page_PSTO webMessenger - Zalogowano/img_Joanna Kowalska_sendButton' is clicked on

2021-12-19 14:48:20 - [MESSAGE][PASSED] - Object: 'Object Repository/Page_PSTO webMessenger - Zalogowano/img_Joanna Kowalska_sendButton' is clicked on

2021-12-19 14:48:20 - [TEST_STEP][PASSED] - setText(findTestObject("Page_PSTO webMessenger - Zalogowano/input_Joanna Kowalska_messageInput"), "b"): Text 'b' is set on object 'Object Repository/Page_PSTO webMessenger - Zalogowano/input_Joanna Kowalska_messageInput'

2021-12-19 14:48:21 - [MESSAGE][PASSED] - Text 'b' is set on object 'Object Repository/Page_PSTO webMessenger - Zalogowano/input_Joanna Kowalska_messageInput'

2021-12-19 14:48:21 - [TEST_STEP][PASSED] - click(findTestObject("Page_PSTO webMessenger - Zalogowano/img_Joanna Kowalska_sendButton")): Object: 'Object Repository/Page_PSTO webMessenger - Zalogowano/img_Joanna Kowalska_sendButton' is clicked on

2021-12-19 14:48:21 - [MESSAGE][PASSED] - Object: 'Object Repository/Page_PSTO webMessenger - Zalogowano/img_Joanna Kowalska_sendButton' is clicked on

2021-12-19 14:48:21 - [TEST_STEP][PASSED] - setText(findTestObject("Page_PSTO webMessenger - Zalogowano/input_Joanna Kowalska_messageInput"), "b"): Text 'b' is set on object 'Object Repository/Page_PSTO webMessenger - Zalogowano/input_Joanna Kowalska_messageInput'

2021-12-19 14:48:22 - [MESSAGE][PASSED] - Text 'b' is set on object 'Object Repository/Page_PSTO webMessenger - Zalogowano/input_Joanna Kowalska_messageInput'

2021-12-19 14:48:22 - [TEST_STEP][PASSED] - click(findTestObject("Page_PSTO webMessenger - Zalogowano/img_Joanna Kowalska_sendButton")): Object: 'Object Repository/Page_PSTO webMessenger - Zalogowano/img_Joanna Kowalska_sendButton' is clicked on

2021-12-19 14:48:23 - [MESSAGE][PASSED] - Object: 'Object Repository/Page_PSTO webMessenger - Zalogowano/img_Joanna Kowalska_sendButton' is clicked on

2021-12-19 14:48:23 - [TEST_STEP][PASSED] - setText(findTestObject("Page_PSTO webMessenger - Zalogowano/input_Joanna Kowalska_messageInput"), "b"): Text 'b' is set on object 'Object Repository/Page_PSTO webMessenger - Zalogowano/input_Joanna Kowalska_messageInput'

2021-12-19 14:48:24 - [MESSAGE][PASSED] - Text 'b' is set on object 'Object Repository/Page_PSTO webMessenger - Zalogowano/input_Joanna Kowalska_messageInput'

2021-12-19 14:48:24 - [TEST_STEP][PASSED] - click(findTestObject("Page_PSTO webMessenger - Zalogowano/img_Joanna Kowalska_sendButton")): Object: 'Object Repository/Page_PSTO webMessenger - Zalogowano/img_Joanna Kowalska_sendButton' is clicked on

2021-12-19 14:48:24 - [MESSAGE][PASSED] - Object: 'Object Repository/Page_PSTO webMessenger - Zalogowano/img_Joanna Kowalska_sendButton' is clicked on

2021-12-19 14:48:24 - [TEST_STEP][PASSED] - setText(findTestObject("Page_PSTO webMessenger - Zalogowano/input_Joanna Kowalska_messageInput"), "b"): Text 'b' is set on object 'Object Repository/Page_PSTO webMessenger - Zalogowano/input_Joanna Kowalska_messageInput'

2021-12-19 14:48:25 - [MESSAGE][PASSED] - Text 'b' is set on object 'Object Repository/Page_PSTO webMessenger - Zalogowano/input_Joanna Kowalska_messageInput'

2021-12-19 14:48:25 - [TEST_STEP][PASSED] - click(findTestObject("Page_PSTO webMessenger - Zalogowano/img_Joanna Kowalska_sendButton")): Object: 'Object Repository/Page_PSTO webMessenger - Zalogowano/img_Joanna Kowalska_sendButton' is clicked on

2021-12-19 14:48:26 - [MESSAGE][PASSED] - Object: 'Object Repository/Page_PSTO webMessenger - Zalogowano/img_Joanna Kowalska_sendButton' is clicked on

2021-12-19 14:48:26 - [TEST_STEP][PASSED] - setText(findTestObject("Page_PSTO webMessenger - Zalogowano/input_Joanna Kowalska_messageInput"), "b"): Text 'b' is set on object 'Object Repository/Page_PSTO webMessenger - Zalogowano/input_Joanna Kowalska_messageInput'

2021-12-19 14:48:26 - [MESSAGE][PASSED] - Text 'b' is set on object 'Object Repository/Page_PSTO webMessenger - Zalogowano/input_Joanna Kowalska_messageInput'

2021-12-19 14:48:26 - [TEST_STEP][PASSED] - click(findTestObject("Page_PSTO webMessenger - Zalogowano/img_Joanna Kowalska_sendButton")): Object: 'Object Repository/Page_PSTO webMessenger - Zalogowano/img_Joanna Kowalska_sendButton' is clicked on

2021-12-19 14:48:27 - [MESSAGE][PASSED] - Object: 'Object Repository/Page_PSTO webMessenger - Zalogowano/img_Joanna Kowalska_sendButton' is clicked on

2021-12-19 14:48:27 - [TEST_STEP][PASSED] - setText(findTestObject("Page_PSTO webMessenger - Zalogowano/input_Joanna Kowalska_messageInput"), "b"): Text 'b' is set on object 'Object Repository/Page_PSTO webMessenger - Zalogowano/input_Joanna Kowalska_messageInput'

2021-12-19 14:48:28 - [MESSAGE][PASSED] - Text 'b' is set on object 'Object Repository/Page_PSTO webMessenger - Zalogowano/input_Joanna Kowalska_messageInput'

2021-12-19 14:48:28 - [TEST_STEP][PASSED] - click(findTestObject("Page_PSTO webMessenger - Zalogowano/img_Joanna Kowalska_sendButton")): Object: 'Object Repository/Page_PSTO webMessenger - Zalogowano/img_Joanna Kowalska_sendButton' is clicked on

2021-12-19 14:48:28 - [MESSAGE][PASSED] - Object: 'Object Repository/Page_PSTO webMessenger - Zalogowano/img_Joanna Kowalska_sendButton' is clicked on

2021-12-19 14:48:28 - [TEST_STEP][PASSED] - click(findTestObject("Object Repository/Page_PSTO webMessenger - Zalogowano/img_Zarejestruj konto_iconImg")): Object: 'Object Repository/Page_PSTO webMessenger - Zalogowano/img_Zarejestruj konto_iconImg' is clicked on

2021-12-19 14:48:29 - [MESSAGE][PASSED] - Object: 'Object Repository/Page_PSTO webMessenger - Zalogowano/img_Zarejestruj konto_iconImg' is clicked on

2021-12-19 14:48:29 - [TEST_STEP][PASSED] - closeBrowser(): Browser is closed

2021-12-19 14:48:30 - [MESSAGE][PASSED] - Browser is closed]]></system-out>
         <system-err><![CDATA[]]></system-err>
      </testcase>
      <testcase name="Test Cases/Historia rozm贸w/HR19" time="325.887" classname="Test Cases/Historia rozm贸w/HR19" status="PASSED">
         <system-out><![CDATA[2021-12-19 14:48:30 - [TEST_CASE][PASSED] - Test Cases/Historia rozm贸w/HR19: Test Cases/Historia rozm贸w/HR19

2021-12-19 14:48:31 - [TEST_STEP][PASSED] - openBrowser(""): Browser is opened with url: ''

2021-12-19 14:48:31 - [MESSAGE][INFO] - Starting 'Firefox' driver

2021-12-19 14:48:31 - [MESSAGE][INFO] - Action delay is set to 0 milliseconds

2021-12-19 14:48:36 - [MESSAGE][PASSED] - Browser is opened with url: ''

2021-12-19 14:48:36 - [TEST_STEP][PASSED] - navigateToUrl("http://kmg.hcm.pl/testowanie/index.html"): Navigate to 'http://kmg.hcm.pl/testowanie/index.html' successfully

2021-12-19 14:48:37 - [MESSAGE][PASSED] - Navigate to 'http://kmg.hcm.pl/testowanie/index.html' successfully

2021-12-19 14:48:37 - [TEST_STEP][PASSED] - setText(findTestObject("Object Repository/Page_PSTO webMessenger/input_Zarejestruj konto_userLogin"), "Tomasz Staszewski"): Text 'Tomasz Staszewski' is set on object 'Object Repository/Page_PSTO webMessenger/input_Zarejestruj konto_userLogin'

2021-12-19 14:48:38 - [MESSAGE][PASSED] - Text 'Tomasz Staszewski' is set on object 'Object Repository/Page_PSTO webMessenger/input_Zarejestruj konto_userLogin'

2021-12-19 14:48:38 - [TEST_STEP][PASSED] - setEncryptedText(findTestObject("Object Repository/Page_PSTO webMessenger/input_Zarejestruj konto_passwordLogin"), "wCo1vTKhcj4="): Text ****** has been set on object 'Object Repository/Page_PSTO webMessenger/input_Zarejestruj konto_passwordLogin'

2021-12-19 14:48:38 - [MESSAGE][PASSED] - Text ****** has been set on object 'Object Repository/Page_PSTO webMessenger/input_Zarejestruj konto_passwordLogin'

2021-12-19 14:48:38 - [TEST_STEP][PASSED] - click(findTestObject("Object Repository/Page_PSTO webMessenger/input_Zarejestruj konto_login")): Object: 'Object Repository/Page_PSTO webMessenger/input_Zarejestruj konto_login' is clicked on

2021-12-19 14:48:39 - [MESSAGE][PASSED] - Object: 'Object Repository/Page_PSTO webMessenger/input_Zarejestruj konto_login' is clicked on

2021-12-19 14:48:39 - [TEST_STEP][PASSED] - click(findTestObject("Page_PSTO webMessenger - Zalogowano/div_Robert Majewski")): Object: 'Object Repository/Page_PSTO webMessenger - Zalogowano/div_Robert Majewski' is clicked on

2021-12-19 14:48:39 - [MESSAGE][PASSED] - Object: 'Object Repository/Page_PSTO webMessenger - Zalogowano/div_Robert Majewski' is clicked on

2021-12-19 14:48:39 - [TEST_STEP][PASSED] - setText(findTestObject("Page_PSTO webMessenger - Zalogowano/input_Robert Majewski_messageInput"), "proba"): Text 'proba' is set on object 'Object Repository/Page_PSTO webMessenger - Zalogowano/input_Robert Majewski_messageInput'

2021-12-19 14:48:41 - [MESSAGE][PASSED] - Text 'proba' is set on object 'Object Repository/Page_PSTO webMessenger - Zalogowano/input_Robert Majewski_messageInput'

2021-12-19 14:48:41 - [TEST_STEP][PASSED] - click(findTestObject("Page_PSTO webMessenger - Zalogowano/img_Robert Majewski_sendButton")): Object: 'Object Repository/Page_PSTO webMessenger - Zalogowano/img_Robert Majewski_sendButton' is clicked on

2021-12-19 14:48:42 - [MESSAGE][PASSED] - Object: 'Object Repository/Page_PSTO webMessenger - Zalogowano/img_Robert Majewski_sendButton' is clicked on

2021-12-19 14:48:42 - [TEST_STEP][PASSED] - for (def index : (1..200)): Object: 'Object Repository/Page_PSTO webMessenger - Zalogowano/img_Robert Majewski_sendButton' is clicked on

2021-12-19 14:48:42 - [TEST_STEP][PASSED] - setText(findTestObject("Page_PSTO webMessenger - Zalogowano/input_Robert Majewski_messageInput"), "c"): Text 'c' is set on object 'Object Repository/Page_PSTO webMessenger - Zalogowano/input_Robert Majewski_messageInput'

2021-12-19 14:48:43 - [MESSAGE][PASSED] - Text 'c' is set on object 'Object Repository/Page_PSTO webMessenger - Zalogowano/input_Robert Majewski_messageInput'

2021-12-19 14:48:43 - [TEST_STEP][PASSED] - click(findTestObject("Page_PSTO webMessenger - Zalogowano/img_Robert Majewski_sendButton")): Object: 'Object Repository/Page_PSTO webMessenger - Zalogowano/img_Robert Majewski_sendButton' is clicked on

2021-12-19 14:48:44 - [MESSAGE][PASSED] - Object: 'Object Repository/Page_PSTO webMessenger - Zalogowano/img_Robert Majewski_sendButton' is clicked on

2021-12-19 14:48:44 - [TEST_STEP][PASSED] - setText(findTestObject("Page_PSTO webMessenger - Zalogowano/input_Robert Majewski_messageInput"), "c"): Text 'c' is set on object 'Object Repository/Page_PSTO webMessenger - Zalogowano/input_Robert Majewski_messageInput'

2021-12-19 14:48:44 - [MESSAGE][PASSED] - Text 'c' is set on object 'Object Repository/Page_PSTO webMessenger - Zalogowano/input_Robert Majewski_messageInput'

2021-12-19 14:48:44 - [TEST_STEP][PASSED] - click(findTestObject("Page_PSTO webMessenger - Zalogowano/img_Robert Majewski_sendButton")): Object: 'Object Repository/Page_PSTO webMessenger - Zalogowano/img_Robert Majewski_sendButton' is clicked on

2021-12-19 14:48:45 - [MESSAGE][PASSED] - Object: 'Object Repository/Page_PSTO webMessenger - Zalogowano/img_Robert Majewski_sendButton' is clicked on

2021-12-19 14:48:45 - [TEST_STEP][PASSED] - setText(findTestObject("Page_PSTO webMessenger - Zalogowano/input_Robert Majewski_messageInput"), "c"): Text 'c' is set on object 'Object Repository/Page_PSTO webMessenger - Zalogowano/input_Robert Majewski_messageInput'

2021-12-19 14:48:46 - [MESSAGE][PASSED] - Text 'c' is set on object 'Object Repository/Page_PSTO webMessenger - Zalogowano/input_Robert Majewski_messageInput'

2021-12-19 14:48:46 - [TEST_STEP][PASSED] - click(findTestObject("Page_PSTO webMessenger - Zalogowano/img_Robert Majewski_sendButton")): Object: 'Object Repository/Page_PSTO webMessenger - Zalogowano/img_Robert Majewski_sendButton' is clicked on

2021-12-19 14:48:46 - [MESSAGE][PASSED] - Object: 'Object Repository/Page_PSTO webMessenger - Zalogowano/img_Robert Majewski_sendButton' is clicked on

2021-12-19 14:48:46 - [TEST_STEP][PASSED] - setText(findTestObject("Page_PSTO webMessenger - Zalogowano/input_Robert Majewski_messageInput"), "c"): Text 'c' is set on object 'Object Repository/Page_PSTO webMessenger - Zalogowano/input_Robert Majewski_messageInput'

2021-12-19 14:48:48 - [MESSAGE][PASSED] - Text 'c' is set on object 'Object Repository/Page_PSTO webMessenger - Zalogowano/input_Robert Majewski_messageInput'

2021-12-19 14:48:48 - [TEST_STEP][PASSED] - click(findTestObject("Page_PSTO webMessenger - Zalogowano/img_Robert Majewski_sendButton")): Object: 'Object Repository/Page_PSTO webMessenger - Zalogowano/img_Robert Majewski_sendButton' is clicked on

2021-12-19 14:48:49 - [MESSAGE][PASSED] - Object: 'Object Repository/Page_PSTO webMessenger - Zalogowano/img_Robert Majewski_sendButton' is clicked on

2021-12-19 14:48:49 - [TEST_STEP][PASSED] - setText(findTestObject("Page_PSTO webMessenger - Zalogowano/input_Robert Majewski_messageInput"), "c"): Text 'c' is set on object 'Object Repository/Page_PSTO webMessenger - Zalogowano/input_Robert Majewski_messageInput'

2021-12-19 14:48:50 - [MESSAGE][PASSED] - Text 'c' is set on object 'Object Repository/Page_PSTO webMessenger - Zalogowano/input_Robert Majewski_messageInput'

2021-12-19 14:48:50 - [TEST_STEP][PASSED] - click(findTestObject("Page_PSTO webMessenger - Zalogowano/img_Robert Majewski_sendButton")): Object: 'Object Repository/Page_PSTO webMessenger - Zalogowano/img_Robert Majewski_sendButton' is clicked on

2021-12-19 14:48:50 - [MESSAGE][PASSED] - Object: 'Object Repository/Page_PSTO webMessenger - Zalogowano/img_Robert Majewski_sendButton' is clicked on

2021-12-19 14:48:50 - [TEST_STEP][PASSED] - setText(findTestObject("Page_PSTO webMessenger - Zalogowano/input_Robert Majewski_messageInput"), "c"): Text 'c' is set on object 'Object Repository/Page_PSTO webMessenger - Zalogowano/input_Robert Majewski_messageInput'

2021-12-19 14:48:51 - [MESSAGE][PASSED] - Text 'c' is set on object 'Object Repository/Page_PSTO webMessenger - Zalogowano/input_Robert Majewski_messageInput'

2021-12-19 14:48:51 - [TEST_STEP][PASSED] - click(findTestObject("Page_PSTO webMessenger - Zalogowano/img_Robert Majewski_sendButton")): Object: 'Object Repository/Page_PSTO webMessenger - Zalogowano/img_Robert Majewski_sendButton' is clicked on

2021-12-19 14:48:51 - [MESSAGE][PASSED] - Object: 'Object Repository/Page_PSTO webMessenger - Zalogowano/img_Robert Majewski_sendButton' is clicked on

2021-12-19 14:48:51 - [TEST_STEP][PASSED] - setText(findTestObject("Page_PSTO webMessenger - Zalogowano/input_Robert Majewski_messageInput"), "c"): Text 'c' is set on object 'Object Repository/Page_PSTO webMessenger - Zalogowano/input_Robert Majewski_messageInput'

2021-12-19 14:48:54 - [MESSAGE][PASSED] - Text 'c' is set on object 'Object Repository/Page_PSTO webMessenger - Zalogowano/input_Robert Majewski_messageInput'

2021-12-19 14:48:54 - [TEST_STEP][PASSED] - click(findTestObject("Page_PSTO webMessenger - Zalogowano/img_Robert Majewski_sendButton")): Object: 'Object Repository/Page_PSTO webMessenger - Zalogowano/img_Robert Majewski_sendButton' is clicked on

2021-12-19 14:48:54 - [MESSAGE][PASSED] - Object: 'Object Repository/Page_PSTO webMessenger - Zalogowano/img_Robert Majewski_sendButton' is clicked on

2021-12-19 14:48:54 - [TEST_STEP][PASSED] - setText(findTestObject("Page_PSTO webMessenger - Zalogowano/input_Robert Majewski_messageInput"), "c"): Text 'c' is set on object 'Object Repository/Page_PSTO webMessenger - Zalogowano/input_Robert Majewski_messageInput'

2021-12-19 14:48:55 - [MESSAGE][PASSED] - Text 'c' is set on object 'Object Repository/Page_PSTO webMessenger - Zalogowano/input_Robert Majewski_messageInput'

2021-12-19 14:48:55 - [TEST_STEP][PASSED] - click(findTestObject("Page_PSTO webMessenger - Zalogowano/img_Robert Majewski_sendButton")): Object: 'Object Repository/Page_PSTO webMessenger - Zalogowano/img_Robert Majewski_sendButton' is clicked on

2021-12-19 14:48:55 - [MESSAGE][PASSED] - Object: 'Object Repository/Page_PSTO webMessenger - Zalogowano/img_Robert Majewski_sendButton' is clicked on

2021-12-19 14:48:55 - [TEST_STEP][PASSED] - setText(findTestObject("Page_PSTO webMessenger - Zalogowano/input_Robert Majewski_messageInput"), "c"): Text 'c' is set on object 'Object Repository/Page_PSTO webMessenger - Zalogowano/input_Robert Majewski_messageInput'

2021-12-19 14:48:56 - [MESSAGE][PASSED] - Text 'c' is set on object 'Object Repository/Page_PSTO webMessenger - Zalogowano/input_Robert Majewski_messageInput'

2021-12-19 14:48:56 - [TEST_STEP][PASSED] - click(findTestObject("Page_PSTO webMessenger - Zalogowano/img_Robert Majewski_sendButton")): Object: 'Object Repository/Page_PSTO webMessenger - Zalogowano/img_Robert Majewski_sendButton' is clicked on

2021-12-19 14:48:57 - [MESSAGE][PASSED] - Object: 'Object Repository/Page_PSTO webMessenger - Zalogowano/img_Robert Majewski_sendButton' is clicked on

2021-12-19 14:48:57 - [TEST_STEP][PASSED] - setText(findTestObject("Page_PSTO webMessenger - Zalogowano/input_Robert Majewski_messageInput"), "c"): Text 'c' is set on object 'Object Repository/Page_PSTO webMessenger - Zalogowano/input_Robert Majewski_messageInput'

2021-12-19 14:48:58 - [MESSAGE][PASSED] - Text 'c' is set on object 'Object Repository/Page_PSTO webMessenger - Zalogowano/input_Robert Majewski_messageInput'

2021-12-19 14:48:58 - [TEST_STEP][PASSED] - click(findTestObject("Page_PSTO webMessenger - Zalogowano/img_Robert Majewski_sendButton")): Object: 'Object Repository/Page_PSTO webMessenger - Zalogowano/img_Robert Majewski_sendButton' is clicked on

2021-12-19 14:48:59 - [MESSAGE][PASSED] - Object: 'Object Repository/Page_PSTO webMessenger - Zalogowano/img_Robert Majewski_sendButton' is clicked on

2021-12-19 14:48:59 - [TEST_STEP][PASSED] - setText(findTestObject("Page_PSTO webMessenger - Zalogowano/input_Robert Majewski_messageInput"), "c"): Text 'c' is set on object 'Object Repository/Page_PSTO webMessenger - Zalogowano/input_Robert Majewski_messageInput'

2021-12-19 14:48:59 - [MESSAGE][PASSED] - Text 'c' is set on object 'Object Repository/Page_PSTO webMessenger - Zalogowano/input_Robert Majewski_messageInput'

2021-12-19 14:48:59 - [TEST_STEP][PASSED] - click(findTestObject("Page_PSTO webMessenger - Zalogowano/img_Robert Majewski_sendButton")): Object: 'Object Repository/Page_PSTO webMessenger - Zalogowano/img_Robert Majewski_sendButton' is clicked on

2021-12-19 14:49:00 - [MESSAGE][PASSED] - Object: 'Object Repository/Page_PSTO webMessenger - Zalogowano/img_Robert Majewski_sendButton' is clicked on

2021-12-19 14:49:00 - [TEST_STEP][PASSED] - setText(findTestObject("Page_PSTO webMessenger - Zalogowano/input_Robert Majewski_messageInput"), "c"): Text 'c' is set on object 'Object Repository/Page_PSTO webMessenger - Zalogowano/input_Robert Majewski_messageInput'

2021-12-19 14:49:01 - [MESSAGE][PASSED] - Text 'c' is set on object 'Object Repository/Page_PSTO webMessenger - Zalogowano/input_Robert Majewski_messageInput'

2021-12-19 14:49:01 - [TEST_STEP][PASSED] - click(findTestObject("Page_PSTO webMessenger - Zalogowano/img_Robert Majewski_sendButton")): Object: 'Object Repository/Page_PSTO webMessenger - Zalogowano/img_Robert Majewski_sendButton' is clicked on

2021-12-19 14:49:01 - [MESSAGE][PASSED] - Object: 'Object Repository/Page_PSTO webMessenger - Zalogowano/img_Robert Majewski_sendButton' is clicked on

2021-12-19 14:49:01 - [TEST_STEP][PASSED] - setText(findTestObject("Page_PSTO webMessenger - Zalogowano/input_Robert Majewski_messageInput"), "c"): Text 'c' is set on object 'Object Repository/Page_PSTO webMessenger - Zalogowano/input_Robert Majewski_messageInput'

2021-12-19 14:49:03 - [MESSAGE][PASSED] - Text 'c' is set on object 'Object Repository/Page_PSTO webMessenger - Zalogowano/input_Robert Majewski_messageInput'

2021-12-19 14:49:03 - [TEST_STEP][PASSED] - click(findTestObject("Page_PSTO webMessenger - Zalogowano/img_Robert Majewski_sendButton")): Object: 'Object Repository/Page_PSTO webMessenger - Zalogowano/img_Robert Majewski_sendButton' is clicked on

2021-12-19 14:49:04 - [MESSAGE][PASSED] - Object: 'Object Repository/Page_PSTO webMessenger - Zalogowano/img_Robert Majewski_sendButton' is clicked on

2021-12-19 14:49:04 - [TEST_STEP][PASSED] - setText(findTestObject("Page_PSTO webMessenger - Zalogowano/input_Robert Majewski_messageInput"), "c"): Text 'c' is set on object 'Object Repository/Page_PSTO webMessenger - Zalogowano/input_Robert Majewski_messageInput'

2021-12-19 14:49:04 - [MESSAGE][PASSED] - Text 'c' is set on object 'Object Repository/Page_PSTO webMessenger - Zalogowano/input_Robert Majewski_messageInput'

2021-12-19 14:49:04 - [TEST_STEP][PASSED] - click(findTestObject("Page_PSTO webMessenger - Zalogowano/img_Robert Majewski_sendButton")): Object: 'Object Repository/Page_PSTO webMessenger - Zalogowano/img_Robert Majewski_sendButton' is clicked on

2021-12-19 14:49:05 - [MESSAGE][PASSED] - Object: 'Object Repository/Page_PSTO webMessenger - Zalogowano/img_Robert Majewski_sendButton' is clicked on

2021-12-19 14:49:05 - [TEST_STEP][PASSED] - setText(findTestObject("Page_PSTO webMessenger - Zalogowano/input_Robert Majewski_messageInput"), "c"): Text 'c' is set on object 'Object Repository/Page_PSTO webMessenger - Zalogowano/input_Robert Majewski_messageInput'

2021-12-19 14:49:06 - [MESSAGE][PASSED] - Text 'c' is set on object 'Object Repository/Page_PSTO webMessenger - Zalogowano/input_Robert Majewski_messageInput'

2021-12-19 14:49:06 - [TEST_STEP][PASSED] - click(findTestObject("Page_PSTO webMessenger - Zalogowano/img_Robert Majewski_sendButton")): Object: 'Object Repository/Page_PSTO webMessenger - Zalogowano/img_Robert Majewski_sendButton' is clicked on

2021-12-19 14:49:06 - [MESSAGE][PASSED] - Object: 'Object Repository/Page_PSTO webMessenger - Zalogowano/img_Robert Majewski_sendButton' is clicked on

2021-12-19 14:49:06 - [TEST_STEP][PASSED] - setText(findTestObject("Page_PSTO webMessenger - Zalogowano/input_Robert Majewski_messageInput"), "c"): Text 'c' is set on object 'Object Repository/Page_PSTO webMessenger - Zalogowano/input_Robert Majewski_messageInput'

2021-12-19 14:49:08 - [MESSAGE][PASSED] - Text 'c' is set on object 'Object Repository/Page_PSTO webMessenger - Zalogowano/input_Robert Majewski_messageInput'

2021-12-19 14:49:08 - [TEST_STEP][PASSED] - click(findTestObject("Page_PSTO webMessenger - Zalogowano/img_Robert Majewski_sendButton")): Object: 'Object Repository/Page_PSTO webMessenger - Zalogowano/img_Robert Majewski_sendButton' is clicked on

2021-12-19 14:49:08 - [MESSAGE][PASSED] - Object: 'Object Repository/Page_PSTO webMessenger - Zalogowano/img_Robert Majewski_sendButton' is clicked on

2021-12-19 14:49:08 - [TEST_STEP][PASSED] - setText(findTestObject("Page_PSTO webMessenger - Zalogowano/input_Robert Majewski_messageInput"), "c"): Text 'c' is set on object 'Object Repository/Page_PSTO webMessenger - Zalogowano/input_Robert Majewski_messageInput'

2021-12-19 14:49:09 - [MESSAGE][PASSED] - Text 'c' is set on object 'Object Repository/Page_PSTO webMessenger - Zalogowano/input_Robert Majewski_messageInput'

2021-12-19 14:49:09 - [TEST_STEP][PASSED] - click(findTestObject("Page_PSTO webMessenger - Zalogowano/img_Robert Majewski_sendButton")): Object: 'Object Repository/Page_PSTO webMessenger - Zalogowano/img_Robert Majewski_sendButton' is clicked on

2021-12-19 14:49:10 - [MESSAGE][PASSED] - Object: 'Object Repository/Page_PSTO webMessenger - Zalogowano/img_Robert Majewski_sendButton' is clicked on

2021-12-19 14:49:10 - [TEST_STEP][PASSED] - setText(findTestObject("Page_PSTO webMessenger - Zalogowano/input_Robert Majewski_messageInput"), "c"): Text 'c' is set on object 'Object Repository/Page_PSTO webMessenger - Zalogowano/input_Robert Majewski_messageInput'

2021-12-19 14:49:10 - [MESSAGE][PASSED] - Text 'c' is set on object 'Object Repository/Page_PSTO webMessenger - Zalogowano/input_Robert Majewski_messageInput'

2021-12-19 14:49:10 - [TEST_STEP][PASSED] - click(findTestObject("Page_PSTO webMessenger - Zalogowano/img_Robert Majewski_sendButton")): Object: 'Object Repository/Page_PSTO webMessenger - Zalogowano/img_Robert Majewski_sendButton' is clicked on

2021-12-19 14:49:11 - [MESSAGE][PASSED] - Object: 'Object Repository/Page_PSTO webMessenger - Zalogowano/img_Robert Majewski_sendButton' is clicked on

2021-12-19 14:49:11 - [TEST_STEP][PASSED] - setText(findTestObject("Page_PSTO webMessenger - Zalogowano/input_Robert Majewski_messageInput"), "c"): Text 'c' is set on object 'Object Repository/Page_PSTO webMessenger - Zalogowano/input_Robert Majewski_messageInput'

2021-12-19 14:49:12 - [MESSAGE][PASSED] - Text 'c' is set on object 'Object Repository/Page_PSTO webMessenger - Zalogowano/input_Robert Majewski_messageInput'

2021-12-19 14:49:12 - [TEST_STEP][PASSED] - click(findTestObject("Page_PSTO webMessenger - Zalogowano/img_Robert Majewski_sendButton")): Object: 'Object Repository/Page_PSTO webMessenger - Zalogowano/img_Robert Majewski_sendButton' is clicked on

2021-12-19 14:49:13 - [MESSAGE][PASSED] - Object: 'Object Repository/Page_PSTO webMessenger - Zalogowano/img_Robert Majewski_sendButton' is clicked on

2021-12-19 14:49:13 - [TEST_STEP][PASSED] - setText(findTestObject("Page_PSTO webMessenger - Zalogowano/input_Robert Majewski_messageInput"), "c"): Text 'c' is set on object 'Object Repository/Page_PSTO webMessenger - Zalogowano/input_Robert Majewski_messageInput'

2021-12-19 14:49:14 - [MESSAGE][PASSED] - Text 'c' is set on object 'Object Repository/Page_PSTO webMessenger - Zalogowano/input_Robert Majewski_messageInput'

2021-12-19 14:49:14 - [TEST_STEP][PASSED] - click(findTestObject("Page_PSTO webMessenger - Zalogowano/img_Robert Majewski_sendButton")): Object: 'Object Repository/Page_PSTO webMessenger - Zalogowano/img_Robert Majewski_sendButton' is clicked on

2021-12-19 14:49:15 - [MESSAGE][PASSED] - Object: 'Object Repository/Page_PSTO webMessenger - Zalogowano/img_Robert Majewski_sendButton' is clicked on

2021-12-19 14:49:15 - [TEST_STEP][PASSED] - setText(findTestObject("Page_PSTO webMessenger - Zalogowano/input_Robert Majewski_messageInput"), "c"): Text 'c' is set on object 'Object Repository/Page_PSTO webMessenger - Zalogowano/input_Robert Majewski_messageInput'

2021-12-19 14:49:15 - [MESSAGE][PASSED] - Text 'c' is set on object 'Object Repository/Page_PSTO webMessenger - Zalogowano/input_Robert Majewski_messageInput'

2021-12-19 14:49:15 - [TEST_STEP][PASSED] - click(findTestObject("Page_PSTO webMessenger - Zalogowano/img_Robert Majewski_sendButton")): Object: 'Object Repository/Page_PSTO webMessenger - Zalogowano/img_Robert Majewski_sendButton' is clicked on

2021-12-19 14:49:16 - [MESSAGE][PASSED] - Object: 'Object Repository/Page_PSTO webMessenger - Zalogowano/img_Robert Majewski_sendButton' is clicked on

2021-12-19 14:49:16 - [TEST_STEP][PASSED] - setText(findTestObject("Page_PSTO webMessenger - Zalogowano/input_Robert Majewski_messageInput"), "c"): Text 'c' is set on object 'Object Repository/Page_PSTO webMessenger - Zalogowano/input_Robert Majewski_messageInput'

2021-12-19 14:49:17 - [MESSAGE][PASSED] - Text 'c' is set on object 'Object Repository/Page_PSTO webMessenger - Zalogowano/input_Robert Majewski_messageInput'

2021-12-19 14:49:17 - [TEST_STEP][PASSED] - click(findTestObject("Page_PSTO webMessenger - Zalogowano/img_Robert Majewski_sendButton")): Object: 'Object Repository/Page_PSTO webMessenger - Zalogowano/img_Robert Majewski_sendButton' is clicked on

2021-12-19 14:49:18 - [MESSAGE][PASSED] - Object: 'Object Repository/Page_PSTO webMessenger - Zalogowano/img_Robert Majewski_sendButton' is clicked on

2021-12-19 14:49:18 - [TEST_STEP][PASSED] - setText(findTestObject("Page_PSTO webMessenger - Zalogowano/input_Robert Majewski_messageInput"), "c"): Text 'c' is set on object 'Object Repository/Page_PSTO webMessenger - Zalogowano/input_Robert Majewski_messageInput'

2021-12-19 14:49:19 - [MESSAGE][PASSED] - Text 'c' is set on object 'Object Repository/Page_PSTO webMessenger - Zalogowano/input_Robert Majewski_messageInput'

2021-12-19 14:49:19 - [TEST_STEP][PASSED] - click(findTestObject("Page_PSTO webMessenger - Zalogowano/img_Robert Majewski_sendButton")): Object: 'Object Repository/Page_PSTO webMessenger - Zalogowano/img_Robert Majewski_sendButton' is clicked on

2021-12-19 14:49:20 - [MESSAGE][PASSED] - Object: 'Object Repository/Page_PSTO webMessenger - Zalogowano/img_Robert Majewski_sendButton' is clicked on

2021-12-19 14:49:20 - [TEST_STEP][PASSED] - setText(findTestObject("Page_PSTO webMessenger - Zalogowano/input_Robert Majewski_messageInput"), "c"): Text 'c' is set on object 'Object Repository/Page_PSTO webMessenger - Zalogowano/input_Robert Majewski_messageInput'

2021-12-19 14:49:20 - [MESSAGE][PASSED] - Text 'c' is set on object 'Object Repository/Page_PSTO webMessenger - Zalogowano/input_Robert Majewski_messageInput'

2021-12-19 14:49:20 - [TEST_STEP][PASSED] - click(findTestObject("Page_PSTO webMessenger - Zalogowano/img_Robert Majewski_sendButton")): Object: 'Object Repository/Page_PSTO webMessenger - Zalogowano/img_Robert Majewski_sendButton' is clicked on

2021-12-19 14:49:21 - [MESSAGE][PASSED] - Object: 'Object Repository/Page_PSTO webMessenger - Zalogowano/img_Robert Majewski_sendButton' is clicked on

2021-12-19 14:49:21 - [TEST_STEP][PASSED] - setText(findTestObject("Page_PSTO webMessenger - Zalogowano/input_Robert Majewski_messageInput"), "c"): Text 'c' is set on object 'Object Repository/Page_PSTO webMessenger - Zalogowano/input_Robert Majewski_messageInput'

2021-12-19 14:49:22 - [MESSAGE][PASSED] - Text 'c' is set on object 'Object Repository/Page_PSTO webMessenger - Zalogowano/input_Robert Majewski_messageInput'

2021-12-19 14:49:22 - [TEST_STEP][PASSED] - click(findTestObject("Page_PSTO webMessenger - Zalogowano/img_Robert Majewski_sendButton")): Object: 'Object Repository/Page_PSTO webMessenger - Zalogowano/img_Robert Majewski_sendButton' is clicked on

2021-12-19 14:49:23 - [MESSAGE][PASSED] - Object: 'Object Repository/Page_PSTO webMessenger - Zalogowano/img_Robert Majewski_sendButton' is clicked on

2021-12-19 14:49:23 - [TEST_STEP][PASSED] - setText(findTestObject("Page_PSTO webMessenger - Zalogowano/input_Robert Majewski_messageInput"), "c"): Text 'c' is set on object 'Object Repository/Page_PSTO webMessenger - Zalogowano/input_Robert Majewski_messageInput'

2021-12-19 14:49:24 - [MESSAGE][PASSED] - Text 'c' is set on object 'Object Repository/Page_PSTO webMessenger - Zalogowano/input_Robert Majewski_messageInput'

2021-12-19 14:49:24 - [TEST_STEP][PASSED] - click(findTestObject("Page_PSTO webMessenger - Zalogowano/img_Robert Majewski_sendButton")): Object: 'Object Repository/Page_PSTO webMessenger - Zalogowano/img_Robert Majewski_sendButton' is clicked on

2021-12-19 14:49:24 - [MESSAGE][PASSED] - Object: 'Object Repository/Page_PSTO webMessenger - Zalogowano/img_Robert Majewski_sendButton' is clicked on

2021-12-19 14:49:24 - [TEST_STEP][PASSED] - setText(findTestObject("Page_PSTO webMessenger - Zalogowano/input_Robert Majewski_messageInput"), "c"): Text 'c' is set on object 'Object Repository/Page_PSTO webMessenger - Zalogowano/input_Robert Majewski_messageInput'

2021-12-19 14:49:25 - [MESSAGE][PASSED] - Text 'c' is set on object 'Object Repository/Page_PSTO webMessenger - Zalogowano/input_Robert Majewski_messageInput'

2021-12-19 14:49:25 - [TEST_STEP][PASSED] - click(findTestObject("Page_PSTO webMessenger - Zalogowano/img_Robert Majewski_sendButton")): Object: 'Object Repository/Page_PSTO webMessenger - Zalogowano/img_Robert Majewski_sendButton' is clicked on

2021-12-19 14:49:26 - [MESSAGE][PASSED] - Object: 'Object Repository/Page_PSTO webMessenger - Zalogowano/img_Robert Majewski_sendButton' is clicked on

2021-12-19 14:49:26 - [TEST_STEP][PASSED] - setText(findTestObject("Page_PSTO webMessenger - Zalogowano/input_Robert Majewski_messageInput"), "c"): Text 'c' is set on object 'Object Repository/Page_PSTO webMessenger - Zalogowano/input_Robert Majewski_messageInput'

2021-12-19 14:49:26 - [MESSAGE][PASSED] - Text 'c' is set on object 'Object Repository/Page_PSTO webMessenger - Zalogowano/input_Robert Majewski_messageInput'

2021-12-19 14:49:26 - [TEST_STEP][PASSED] - click(findTestObject("Page_PSTO webMessenger - Zalogowano/img_Robert Majewski_sendButton")): Object: 'Object Repository/Page_PSTO webMessenger - Zalogowano/img_Robert Majewski_sendButton' is clicked on

2021-12-19 14:49:28 - [MESSAGE][PASSED] - Object: 'Object Repository/Page_PSTO webMessenger - Zalogowano/img_Robert Majewski_sendButton' is clicked on

2021-12-19 14:49:28 - [TEST_STEP][PASSED] - setText(findTestObject("Page_PSTO webMessenger - Zalogowano/input_Robert Majewski_messageInput"), "c"): Text 'c' is set on object 'Object Repository/Page_PSTO webMessenger - Zalogowano/input_Robert Majewski_messageInput'

2021-12-19 14:49:29 - [MESSAGE][PASSED] - Text 'c' is set on object 'Object Repository/Page_PSTO webMessenger - Zalogowano/input_Robert Majewski_messageInput'

2021-12-19 14:49:29 - [TEST_STEP][PASSED] - click(findTestObject("Page_PSTO webMessenger - Zalogowano/img_Robert Majewski_sendButton")): Object: 'Object Repository/Page_PSTO webMessenger - Zalogowano/img_Robert Majewski_sendButton' is clicked on

2021-12-19 14:49:29 - [MESSAGE][PASSED] - Object: 'Object Repository/Page_PSTO webMessenger - Zalogowano/img_Robert Majewski_sendButton' is clicked on

2021-12-19 14:49:29 - [TEST_STEP][PASSED] - setText(findTestObject("Page_PSTO webMessenger - Zalogowano/input_Robert Majewski_messageInput"), "c"): Text 'c' is set on object 'Object Repository/Page_PSTO webMessenger - Zalogowano/input_Robert Majewski_messageInput'

2021-12-19 14:49:30 - [MESSAGE][PASSED] - Text 'c' is set on object 'Object Repository/Page_PSTO webMessenger - Zalogowano/input_Robert Majewski_messageInput'

2021-12-19 14:49:30 - [TEST_STEP][PASSED] - click(findTestObject("Page_PSTO webMessenger - Zalogowano/img_Robert Majewski_sendButton")): Object: 'Object Repository/Page_PSTO webMessenger - Zalogowano/img_Robert Majewski_sendButton' is clicked on

2021-12-19 14:49:31 - [MESSAGE][PASSED] - Object: 'Object Repository/Page_PSTO webMessenger - Zalogowano/img_Robert Majewski_sendButton' is clicked on

2021-12-19 14:49:31 - [TEST_STEP][PASSED] - setText(findTestObject("Page_PSTO webMessenger - Zalogowano/input_Robert Majewski_messageInput"), "c"): Text 'c' is set on object 'Object Repository/Page_PSTO webMessenger - Zalogowano/input_Robert Majewski_messageInput'

2021-12-19 14:49:32 - [MESSAGE][PASSED] - Text 'c' is set on object 'Object Repository/Page_PSTO webMessenger - Zalogowano/input_Robert Majewski_messageInput'

2021-12-19 14:49:32 - [TEST_STEP][PASSED] - click(findTestObject("Page_PSTO webMessenger - Zalogowano/img_Robert Majewski_sendButton")): Object: 'Object Repository/Page_PSTO webMessenger - Zalogowano/img_Robert Majewski_sendButton' is clicked on

2021-12-19 14:49:33 - [MESSAGE][PASSED] - Object: 'Object Repository/Page_PSTO webMessenger - Zalogowano/img_Robert Majewski_sendButton' is clicked on

2021-12-19 14:49:33 - [TEST_STEP][PASSED] - setText(findTestObject("Page_PSTO webMessenger - Zalogowano/input_Robert Majewski_messageInput"), "c"): Text 'c' is set on object 'Object Repository/Page_PSTO webMessenger - Zalogowano/input_Robert Majewski_messageInput'

2021-12-19 14:49:34 - [MESSAGE][PASSED] - Text 'c' is set on object 'Object Repository/Page_PSTO webMessenger - Zalogowano/input_Robert Majewski_messageInput'

2021-12-19 14:49:34 - [TEST_STEP][PASSED] - click(findTestObject("Page_PSTO webMessenger - Zalogowano/img_Robert Majewski_sendButton")): Object: 'Object Repository/Page_PSTO webMessenger - Zalogowano/img_Robert Majewski_sendButton' is clicked on

2021-12-19 14:49:34 - [MESSAGE][PASSED] - Object: 'Object Repository/Page_PSTO webMessenger - Zalogowano/img_Robert Majewski_sendButton' is clicked on

2021-12-19 14:49:34 - [TEST_STEP][PASSED] - setText(findTestObject("Page_PSTO webMessenger - Zalogowano/input_Robert Majewski_messageInput"), "c"): Text 'c' is set on object 'Object Repository/Page_PSTO webMessenger - Zalogowano/input_Robert Majewski_messageInput'

2021-12-19 14:49:35 - [MESSAGE][PASSED] - Text 'c' is set on object 'Object Repository/Page_PSTO webMessenger - Zalogowano/input_Robert Majewski_messageInput'

2021-12-19 14:49:35 - [TEST_STEP][PASSED] - click(findTestObject("Page_PSTO webMessenger - Zalogowano/img_Robert Majewski_sendButton")): Object: 'Object Repository/Page_PSTO webMessenger - Zalogowano/img_Robert Majewski_sendButton' is clicked on

2021-12-19 14:49:36 - [MESSAGE][PASSED] - Object: 'Object Repository/Page_PSTO webMessenger - Zalogowano/img_Robert Majewski_sendButton' is clicked on

2021-12-19 14:49:36 - [TEST_STEP][PASSED] - setText(findTestObject("Page_PSTO webMessenger - Zalogowano/input_Robert Majewski_messageInput"), "c"): Text 'c' is set on object 'Object Repository/Page_PSTO webMessenger - Zalogowano/input_Robert Majewski_messageInput'

2021-12-19 14:49:36 - [MESSAGE][PASSED] - Text 'c' is set on object 'Object Repository/Page_PSTO webMessenger - Zalogowano/input_Robert Majewski_messageInput'

2021-12-19 14:49:36 - [TEST_STEP][PASSED] - click(findTestObject("Page_PSTO webMessenger - Zalogowano/img_Robert Majewski_sendButton")): Object: 'Object Repository/Page_PSTO webMessenger - Zalogowano/img_Robert Majewski_sendButton' is clicked on

2021-12-19 14:49:38 - [MESSAGE][PASSED] - Object: 'Object Repository/Page_PSTO webMessenger - Zalogowano/img_Robert Majewski_sendButton' is clicked on

2021-12-19 14:49:38 - [TEST_STEP][PASSED] - setText(findTestObject("Page_PSTO webMessenger - Zalogowano/input_Robert Majewski_messageInput"), "c"): Text 'c' is set on object 'Object Repository/Page_PSTO webMessenger - Zalogowano/input_Robert Majewski_messageInput'

2021-12-19 14:49:39 - [MESSAGE][PASSED] - Text 'c' is set on object 'Object Repository/Page_PSTO webMessenger - Zalogowano/input_Robert Majewski_messageInput'

2021-12-19 14:49:39 - [TEST_STEP][PASSED] - click(findTestObject("Page_PSTO webMessenger - Zalogowano/img_Robert Majewski_sendButton")): Object: 'Object Repository/Page_PSTO webMessenger - Zalogowano/img_Robert Majewski_sendButton' is clicked on

2021-12-19 14:49:39 - [MESSAGE][PASSED] - Object: 'Object Repository/Page_PSTO webMessenger - Zalogowano/img_Robert Majewski_sendButton' is clicked on

2021-12-19 14:49:39 - [TEST_STEP][PASSED] - setText(findTestObject("Page_PSTO webMessenger - Zalogowano/input_Robert Majewski_messageInput"), "c"): Text 'c' is set on object 'Object Repository/Page_PSTO webMessenger - Zalogowano/input_Robert Majewski_messageInput'

2021-12-19 14:49:40 - [MESSAGE][PASSED] - Text 'c' is set on object 'Object Repository/Page_PSTO webMessenger - Zalogowano/input_Robert Majewski_messageInput'

2021-12-19 14:49:40 - [TEST_STEP][PASSED] - click(findTestObject("Page_PSTO webMessenger - Zalogowano/img_Robert Majewski_sendButton")): Object: 'Object Repository/Page_PSTO webMessenger - Zalogowano/img_Robert Majewski_sendButton' is clicked on

2021-12-19 14:49:41 - [MESSAGE][PASSED] - Object: 'Object Repository/Page_PSTO webMessenger - Zalogowano/img_Robert Majewski_sendButton' is clicked on

2021-12-19 14:49:41 - [TEST_STEP][PASSED] - setText(findTestObject("Page_PSTO webMessenger - Zalogowano/input_Robert Majewski_messageInput"), "c"): Text 'c' is set on object 'Object Repository/Page_PSTO webMessenger - Zalogowano/input_Robert Majewski_messageInput'

2021-12-19 14:49:42 - [MESSAGE][PASSED] - Text 'c' is set on object 'Object Repository/Page_PSTO webMessenger - Zalogowano/input_Robert Majewski_messageInput'

2021-12-19 14:49:42 - [TEST_STEP][PASSED] - click(findTestObject("Page_PSTO webMessenger - Zalogowano/img_Robert Majewski_sendButton")): Object: 'Object Repository/Page_PSTO webMessenger - Zalogowano/img_Robert Majewski_sendButton' is clicked on

2021-12-19 14:49:43 - [MESSAGE][PASSED] - Object: 'Object Repository/Page_PSTO webMessenger - Zalogowano/img_Robert Majewski_sendButton' is clicked on

2021-12-19 14:49:43 - [TEST_STEP][PASSED] - setText(findTestObject("Page_PSTO webMessenger - Zalogowano/input_Robert Majewski_messageInput"), "c"): Text 'c' is set on object 'Object Repository/Page_PSTO webMessenger - Zalogowano/input_Robert Majewski_messageInput'

2021-12-19 14:49:44 - [MESSAGE][PASSED] - Text 'c' is set on object 'Object Repository/Page_PSTO webMessenger - Zalogowano/input_Robert Majewski_messageInput'

2021-12-19 14:49:44 - [TEST_STEP][PASSED] - click(findTestObject("Page_PSTO webMessenger - Zalogowano/img_Robert Majewski_sendButton")): Object: 'Object Repository/Page_PSTO webMessenger - Zalogowano/img_Robert Majewski_sendButton' is clicked on

2021-12-19 14:49:45 - [MESSAGE][PASSED] - Object: 'Object Repository/Page_PSTO webMessenger - Zalogowano/img_Robert Majewski_sendButton' is clicked on

2021-12-19 14:49:45 - [TEST_STEP][PASSED] - setText(findTestObject("Page_PSTO webMessenger - Zalogowano/input_Robert Majewski_messageInput"), "c"): Text 'c' is set on object 'Object Repository/Page_PSTO webMessenger - Zalogowano/input_Robert Majewski_messageInput'

2021-12-19 14:49:45 - [MESSAGE][PASSED] - Text 'c' is set on object 'Object Repository/Page_PSTO webMessenger - Zalogowano/input_Robert Majewski_messageInput'

2021-12-19 14:49:45 - [TEST_STEP][PASSED] - click(findTestObject("Page_PSTO webMessenger - Zalogowano/img_Robert Majewski_sendButton")): Object: 'Object Repository/Page_PSTO webMessenger - Zalogowano/img_Robert Majewski_sendButton' is clicked on

2021-12-19 14:49:46 - [MESSAGE][PASSED] - Object: 'Object Repository/Page_PSTO webMessenger - Zalogowano/img_Robert Majewski_sendButton' is clicked on

2021-12-19 14:49:46 - [TEST_STEP][PASSED] - setText(findTestObject("Page_PSTO webMessenger - Zalogowano/input_Robert Majewski_messageInput"), "c"): Text 'c' is set on object 'Object Repository/Page_PSTO webMessenger - Zalogowano/input_Robert Majewski_messageInput'

2021-12-19 14:49:47 - [MESSAGE][PASSED] - Text 'c' is set on object 'Object Repository/Page_PSTO webMessenger - Zalogowano/input_Robert Majewski_messageInput'

2021-12-19 14:49:47 - [TEST_STEP][PASSED] - click(findTestObject("Page_PSTO webMessenger - Zalogowano/img_Robert Majewski_sendButton")): Object: 'Object Repository/Page_PSTO webMessenger - Zalogowano/img_Robert Majewski_sendButton' is clicked on

2021-12-19 14:49:48 - [MESSAGE][PASSED] - Object: 'Object Repository/Page_PSTO webMessenger - Zalogowano/img_Robert Majewski_sendButton' is clicked on

2021-12-19 14:49:48 - [TEST_STEP][PASSED] - setText(findTestObject("Page_PSTO webMessenger - Zalogowano/input_Robert Majewski_messageInput"), "c"): Text 'c' is set on object 'Object Repository/Page_PSTO webMessenger - Zalogowano/input_Robert Majewski_messageInput'

2021-12-19 14:49:49 - [MESSAGE][PASSED] - Text 'c' is set on object 'Object Repository/Page_PSTO webMessenger - Zalogowano/input_Robert Majewski_messageInput'

2021-12-19 14:49:49 - [TEST_STEP][PASSED] - click(findTestObject("Page_PSTO webMessenger - Zalogowano/img_Robert Majewski_sendButton")): Object: 'Object Repository/Page_PSTO webMessenger - Zalogowano/img_Robert Majewski_sendButton' is clicked on

2021-12-19 14:49:50 - [MESSAGE][PASSED] - Object: 'Object Repository/Page_PSTO webMessenger - Zalogowano/img_Robert Majewski_sendButton' is clicked on

2021-12-19 14:49:50 - [TEST_STEP][PASSED] - setText(findTestObject("Page_PSTO webMessenger - Zalogowano/input_Robert Majewski_messageInput"), "c"): Text 'c' is set on object 'Object Repository/Page_PSTO webMessenger - Zalogowano/input_Robert Majewski_messageInput'

2021-12-19 14:49:50 - [MESSAGE][PASSED] - Text 'c' is set on object 'Object Repository/Page_PSTO webMessenger - Zalogowano/input_Robert Majewski_messageInput'

2021-12-19 14:49:50 - [TEST_STEP][PASSED] - click(findTestObject("Page_PSTO webMessenger - Zalogowano/img_Robert Majewski_sendButton")): Object: 'Object Repository/Page_PSTO webMessenger - Zalogowano/img_Robert Majewski_sendButton' is clicked on

2021-12-19 14:49:51 - [MESSAGE][PASSED] - Object: 'Object Repository/Page_PSTO webMessenger - Zalogowano/img_Robert Majewski_sendButton' is clicked on

2021-12-19 14:49:51 - [TEST_STEP][PASSED] - setText(findTestObject("Page_PSTO webMessenger - Zalogowano/input_Robert Majewski_messageInput"), "c"): Text 'c' is set on object 'Object Repository/Page_PSTO webMessenger - Zalogowano/input_Robert Majewski_messageInput'

2021-12-19 14:49:52 - [MESSAGE][PASSED] - Text 'c' is set on object 'Object Repository/Page_PSTO webMessenger - Zalogowano/input_Robert Majewski_messageInput'

2021-12-19 14:49:52 - [TEST_STEP][PASSED] - click(findTestObject("Page_PSTO webMessenger - Zalogowano/img_Robert Majewski_sendButton")): Object: 'Object Repository/Page_PSTO webMessenger - Zalogowano/img_Robert Majewski_sendButton' is clicked on

2021-12-19 14:49:53 - [MESSAGE][PASSED] - Object: 'Object Repository/Page_PSTO webMessenger - Zalogowano/img_Robert Majewski_sendButton' is clicked on

2021-12-19 14:49:53 - [TEST_STEP][PASSED] - setText(findTestObject("Page_PSTO webMessenger - Zalogowano/input_Robert Majewski_messageInput"), "c"): Text 'c' is set on object 'Object Repository/Page_PSTO webMessenger - Zalogowano/input_Robert Majewski_messageInput'

2021-12-19 14:49:54 - [MESSAGE][PASSED] - Text 'c' is set on object 'Object Repository/Page_PSTO webMessenger - Zalogowano/input_Robert Majewski_messageInput'

2021-12-19 14:49:54 - [TEST_STEP][PASSED] - click(findTestObject("Page_PSTO webMessenger - Zalogowano/img_Robert Majewski_sendButton")): Object: 'Object Repository/Page_PSTO webMessenger - Zalogowano/img_Robert Majewski_sendButton' is clicked on

2021-12-19 14:49:55 - [MESSAGE][PASSED] - Object: 'Object Repository/Page_PSTO webMessenger - Zalogowano/img_Robert Majewski_sendButton' is clicked on

2021-12-19 14:49:55 - [TEST_STEP][PASSED] - setText(findTestObject("Page_PSTO webMessenger - Zalogowano/input_Robert Majewski_messageInput"), "c"): Text 'c' is set on object 'Object Repository/Page_PSTO webMessenger - Zalogowano/input_Robert Majewski_messageInput'

2021-12-19 14:49:55 - [MESSAGE][PASSED] - Text 'c' is set on object 'Object Repository/Page_PSTO webMessenger - Zalogowano/input_Robert Majewski_messageInput'

2021-12-19 14:49:55 - [TEST_STEP][PASSED] - click(findTestObject("Page_PSTO webMessenger - Zalogowano/img_Robert Majewski_sendButton")): Object: 'Object Repository/Page_PSTO webMessenger - Zalogowano/img_Robert Majewski_sendButton' is clicked on

2021-12-19 14:49:56 - [MESSAGE][PASSED] - Object: 'Object Repository/Page_PSTO webMessenger - Zalogowano/img_Robert Majewski_sendButton' is clicked on

2021-12-19 14:49:56 - [TEST_STEP][PASSED] - setText(findTestObject("Page_PSTO webMessenger - Zalogowano/input_Robert Majewski_messageInput"), "c"): Text 'c' is set on object 'Object Repository/Page_PSTO webMessenger - Zalogowano/input_Robert Majewski_messageInput'

2021-12-19 14:49:57 - [MESSAGE][PASSED] - Text 'c' is set on object 'Object Repository/Page_PSTO webMessenger - Zalogowano/input_Robert Majewski_messageInput'

2021-12-19 14:49:57 - [TEST_STEP][PASSED] - click(findTestObject("Page_PSTO webMessenger - Zalogowano/img_Robert Majewski_sendButton")): Object: 'Object Repository/Page_PSTO webMessenger - Zalogowano/img_Robert Majewski_sendButton' is clicked on

2021-12-19 14:49:58 - [MESSAGE][PASSED] - Object: 'Object Repository/Page_PSTO webMessenger - Zalogowano/img_Robert Majewski_sendButton' is clicked on

2021-12-19 14:49:58 - [TEST_STEP][PASSED] - setText(findTestObject("Page_PSTO webMessenger - Zalogowano/input_Robert Majewski_messageInput"), "c"): Text 'c' is set on object 'Object Repository/Page_PSTO webMessenger - Zalogowano/input_Robert Majewski_messageInput'

2021-12-19 14:49:59 - [MESSAGE][PASSED] - Text 'c' is set on object 'Object Repository/Page_PSTO webMessenger - Zalogowano/input_Robert Majewski_messageInput'

2021-12-19 14:49:59 - [TEST_STEP][PASSED] - click(findTestObject("Page_PSTO webMessenger - Zalogowano/img_Robert Majewski_sendButton")): Object: 'Object Repository/Page_PSTO webMessenger - Zalogowano/img_Robert Majewski_sendButton' is clicked on

2021-12-19 14:50:00 - [MESSAGE][PASSED] - Object: 'Object Repository/Page_PSTO webMessenger - Zalogowano/img_Robert Majewski_sendButton' is clicked on

2021-12-19 14:50:00 - [TEST_STEP][PASSED] - setText(findTestObject("Page_PSTO webMessenger - Zalogowano/input_Robert Majewski_messageInput"), "c"): Text 'c' is set on object 'Object Repository/Page_PSTO webMessenger - Zalogowano/input_Robert Majewski_messageInput'

2021-12-19 14:50:00 - [MESSAGE][PASSED] - Text 'c' is set on object 'Object Repository/Page_PSTO webMessenger - Zalogowano/input_Robert Majewski_messageInput'

2021-12-19 14:50:00 - [TEST_STEP][PASSED] - click(findTestObject("Page_PSTO webMessenger - Zalogowano/img_Robert Majewski_sendButton")): Object: 'Object Repository/Page_PSTO webMessenger - Zalogowano/img_Robert Majewski_sendButton' is clicked on

2021-12-19 14:50:01 - [MESSAGE][PASSED] - Object: 'Object Repository/Page_PSTO webMessenger - Zalogowano/img_Robert Majewski_sendButton' is clicked on

2021-12-19 14:50:01 - [TEST_STEP][PASSED] - setText(findTestObject("Page_PSTO webMessenger - Zalogowano/input_Robert Majewski_messageInput"), "c"): Text 'c' is set on object 'Object Repository/Page_PSTO webMessenger - Zalogowano/input_Robert Majewski_messageInput'

2021-12-19 14:50:02 - [MESSAGE][PASSED] - Text 'c' is set on object 'Object Repository/Page_PSTO webMessenger - Zalogowano/input_Robert Majewski_messageInput'

2021-12-19 14:50:02 - [TEST_STEP][PASSED] - click(findTestObject("Page_PSTO webMessenger - Zalogowano/img_Robert Majewski_sendButton")): Object: 'Object Repository/Page_PSTO webMessenger - Zalogowano/img_Robert Majewski_sendButton' is clicked on

2021-12-19 14:50:03 - [MESSAGE][PASSED] - Object: 'Object Repository/Page_PSTO webMessenger - Zalogowano/img_Robert Majewski_sendButton' is clicked on

2021-12-19 14:50:03 - [TEST_STEP][PASSED] - setText(findTestObject("Page_PSTO webMessenger - Zalogowano/input_Robert Majewski_messageInput"), "c"): Text 'c' is set on object 'Object Repository/Page_PSTO webMessenger - Zalogowano/input_Robert Majewski_messageInput'

2021-12-19 14:50:03 - [MESSAGE][PASSED] - Text 'c' is set on object 'Object Repository/Page_PSTO webMessenger - Zalogowano/input_Robert Majewski_messageInput'

2021-12-19 14:50:03 - [TEST_STEP][PASSED] - click(findTestObject("Page_PSTO webMessenger - Zalogowano/img_Robert Majewski_sendButton")): Object: 'Object Repository/Page_PSTO webMessenger - Zalogowano/img_Robert Majewski_sendButton' is clicked on

2021-12-19 14:50:04 - [MESSAGE][PASSED] - Object: 'Object Repository/Page_PSTO webMessenger - Zalogowano/img_Robert Majewski_sendButton' is clicked on

2021-12-19 14:50:04 - [TEST_STEP][PASSED] - setText(findTestObject("Page_PSTO webMessenger - Zalogowano/input_Robert Majewski_messageInput"), "c"): Text 'c' is set on object 'Object Repository/Page_PSTO webMessenger - Zalogowano/input_Robert Majewski_messageInput'

2021-12-19 14:50:05 - [MESSAGE][PASSED] - Text 'c' is set on object 'Object Repository/Page_PSTO webMessenger - Zalogowano/input_Robert Majewski_messageInput'

2021-12-19 14:50:05 - [TEST_STEP][PASSED] - click(findTestObject("Page_PSTO webMessenger - Zalogowano/img_Robert Majewski_sendButton")): Object: 'Object Repository/Page_PSTO webMessenger - Zalogowano/img_Robert Majewski_sendButton' is clicked on

2021-12-19 14:50:05 - [MESSAGE][PASSED] - Object: 'Object Repository/Page_PSTO webMessenger - Zalogowano/img_Robert Majewski_sendButton' is clicked on

2021-12-19 14:50:05 - [TEST_STEP][PASSED] - setText(findTestObject("Page_PSTO webMessenger - Zalogowano/input_Robert Majewski_messageInput"), "c"): Text 'c' is set on object 'Object Repository/Page_PSTO webMessenger - Zalogowano/input_Robert Majewski_messageInput'

2021-12-19 14:50:06 - [MESSAGE][PASSED] - Text 'c' is set on object 'Object Repository/Page_PSTO webMessenger - Zalogowano/input_Robert Majewski_messageInput'

2021-12-19 14:50:06 - [TEST_STEP][PASSED] - click(findTestObject("Page_PSTO webMessenger - Zalogowano/img_Robert Majewski_sendButton")): Object: 'Object Repository/Page_PSTO webMessenger - Zalogowano/img_Robert Majewski_sendButton' is clicked on

2021-12-19 14:50:07 - [MESSAGE][PASSED] - Object: 'Object Repository/Page_PSTO webMessenger - Zalogowano/img_Robert Majewski_sendButton' is clicked on

2021-12-19 14:50:07 - [TEST_STEP][PASSED] - setText(findTestObject("Page_PSTO webMessenger - Zalogowano/input_Robert Majewski_messageInput"), "c"): Text 'c' is set on object 'Object Repository/Page_PSTO webMessenger - Zalogowano/input_Robert Majewski_messageInput'

2021-12-19 14:50:08 - [MESSAGE][PASSED] - Text 'c' is set on object 'Object Repository/Page_PSTO webMessenger - Zalogowano/input_Robert Majewski_messageInput'

2021-12-19 14:50:08 - [TEST_STEP][PASSED] - click(findTestObject("Page_PSTO webMessenger - Zalogowano/img_Robert Majewski_sendButton")): Object: 'Object Repository/Page_PSTO webMessenger - Zalogowano/img_Robert Majewski_sendButton' is clicked on

2021-12-19 14:50:08 - [MESSAGE][PASSED] - Object: 'Object Repository/Page_PSTO webMessenger - Zalogowano/img_Robert Majewski_sendButton' is clicked on

2021-12-19 14:50:08 - [TEST_STEP][PASSED] - setText(findTestObject("Page_PSTO webMessenger - Zalogowano/input_Robert Majewski_messageInput"), "c"): Text 'c' is set on object 'Object Repository/Page_PSTO webMessenger - Zalogowano/input_Robert Majewski_messageInput'

2021-12-19 14:50:09 - [MESSAGE][PASSED] - Text 'c' is set on object 'Object Repository/Page_PSTO webMessenger - Zalogowano/input_Robert Majewski_messageInput'

2021-12-19 14:50:09 - [TEST_STEP][PASSED] - click(findTestObject("Page_PSTO webMessenger - Zalogowano/img_Robert Majewski_sendButton")): Object: 'Object Repository/Page_PSTO webMessenger - Zalogowano/img_Robert Majewski_sendButton' is clicked on

2021-12-19 14:50:10 - [MESSAGE][PASSED] - Object: 'Object Repository/Page_PSTO webMessenger - Zalogowano/img_Robert Majewski_sendButton' is clicked on

2021-12-19 14:50:10 - [TEST_STEP][PASSED] - setText(findTestObject("Page_PSTO webMessenger - Zalogowano/input_Robert Majewski_messageInput"), "c"): Text 'c' is set on object 'Object Repository/Page_PSTO webMessenger - Zalogowano/input_Robert Majewski_messageInput'

2021-12-19 14:50:10 - [MESSAGE][PASSED] - Text 'c' is set on object 'Object Repository/Page_PSTO webMessenger - Zalogowano/input_Robert Majewski_messageInput'

2021-12-19 14:50:10 - [TEST_STEP][PASSED] - click(findTestObject("Page_PSTO webMessenger - Zalogowano/img_Robert Majewski_sendButton")): Object: 'Object Repository/Page_PSTO webMessenger - Zalogowano/img_Robert Majewski_sendButton' is clicked on

2021-12-19 14:50:11 - [MESSAGE][PASSED] - Object: 'Object Repository/Page_PSTO webMessenger - Zalogowano/img_Robert Majewski_sendButton' is clicked on

2021-12-19 14:50:11 - [TEST_STEP][PASSED] - setText(findTestObject("Page_PSTO webMessenger - Zalogowano/input_Robert Majewski_messageInput"), "c"): Text 'c' is set on object 'Object Repository/Page_PSTO webMessenger - Zalogowano/input_Robert Majewski_messageInput'

2021-12-19 14:50:12 - [MESSAGE][PASSED] - Text 'c' is set on object 'Object Repository/Page_PSTO webMessenger - Zalogowano/input_Robert Majewski_messageInput'

2021-12-19 14:50:12 - [TEST_STEP][PASSED] - click(findTestObject("Page_PSTO webMessenger - Zalogowano/img_Robert Majewski_sendButton")): Object: 'Object Repository/Page_PSTO webMessenger - Zalogowano/img_Robert Majewski_sendButton' is clicked on

2021-12-19 14:50:13 - [MESSAGE][PASSED] - Object: 'Object Repository/Page_PSTO webMessenger - Zalogowano/img_Robert Majewski_sendButton' is clicked on

2021-12-19 14:50:13 - [TEST_STEP][PASSED] - setText(findTestObject("Page_PSTO webMessenger - Zalogowano/input_Robert Majewski_messageInput"), "c"): Text 'c' is set on object 'Object Repository/Page_PSTO webMessenger - Zalogowano/input_Robert Majewski_messageInput'

2021-12-19 14:50:13 - [MESSAGE][PASSED] - Text 'c' is set on object 'Object Repository/Page_PSTO webMessenger - Zalogowano/input_Robert Majewski_messageInput'

2021-12-19 14:50:13 - [TEST_STEP][PASSED] - click(findTestObject("Page_PSTO webMessenger - Zalogowano/img_Robert Majewski_sendButton")): Object: 'Object Repository/Page_PSTO webMessenger - Zalogowano/img_Robert Majewski_sendButton' is clicked on

2021-12-19 14:50:14 - [MESSAGE][PASSED] - Object: 'Object Repository/Page_PSTO webMessenger - Zalogowano/img_Robert Majewski_sendButton' is clicked on

2021-12-19 14:50:14 - [TEST_STEP][PASSED] - setText(findTestObject("Page_PSTO webMessenger - Zalogowano/input_Robert Majewski_messageInput"), "c"): Text 'c' is set on object 'Object Repository/Page_PSTO webMessenger - Zalogowano/input_Robert Majewski_messageInput'

2021-12-19 14:50:14 - [MESSAGE][PASSED] - Text 'c' is set on object 'Object Repository/Page_PSTO webMessenger - Zalogowano/input_Robert Majewski_messageInput'

2021-12-19 14:50:14 - [TEST_STEP][PASSED] - click(findTestObject("Page_PSTO webMessenger - Zalogowano/img_Robert Majewski_sendButton")): Object: 'Object Repository/Page_PSTO webMessenger - Zalogowano/img_Robert Majewski_sendButton' is clicked on

2021-12-19 14:50:15 - [MESSAGE][PASSED] - Object: 'Object Repository/Page_PSTO webMessenger - Zalogowano/img_Robert Majewski_sendButton' is clicked on

2021-12-19 14:50:15 - [TEST_STEP][PASSED] - setText(findTestObject("Page_PSTO webMessenger - Zalogowano/input_Robert Majewski_messageInput"), "c"): Text 'c' is set on object 'Object Repository/Page_PSTO webMessenger - Zalogowano/input_Robert Majewski_messageInput'

2021-12-19 14:50:16 - [MESSAGE][PASSED] - Text 'c' is set on object 'Object Repository/Page_PSTO webMessenger - Zalogowano/input_Robert Majewski_messageInput'

2021-12-19 14:50:16 - [TEST_STEP][PASSED] - click(findTestObject("Page_PSTO webMessenger - Zalogowano/img_Robert Majewski_sendButton")): Object: 'Object Repository/Page_PSTO webMessenger - Zalogowano/img_Robert Majewski_sendButton' is clicked on

2021-12-19 14:50:16 - [MESSAGE][PASSED] - Object: 'Object Repository/Page_PSTO webMessenger - Zalogowano/img_Robert Majewski_sendButton' is clicked on

2021-12-19 14:50:16 - [TEST_STEP][PASSED] - setText(findTestObject("Page_PSTO webMessenger - Zalogowano/input_Robert Majewski_messageInput"), "c"): Text 'c' is set on object 'Object Repository/Page_PSTO webMessenger - Zalogowano/input_Robert Majewski_messageInput'

2021-12-19 14:50:17 - [MESSAGE][PASSED] - Text 'c' is set on object 'Object Repository/Page_PSTO webMessenger - Zalogowano/input_Robert Majewski_messageInput'

2021-12-19 14:50:17 - [TEST_STEP][PASSED] - click(findTestObject("Page_PSTO webMessenger - Zalogowano/img_Robert Majewski_sendButton")): Object: 'Object Repository/Page_PSTO webMessenger - Zalogowano/img_Robert Majewski_sendButton' is clicked on

2021-12-19 14:50:18 - [MESSAGE][PASSED] - Object: 'Object Repository/Page_PSTO webMessenger - Zalogowano/img_Robert Majewski_sendButton' is clicked on

2021-12-19 14:50:18 - [TEST_STEP][PASSED] - setText(findTestObject("Page_PSTO webMessenger - Zalogowano/input_Robert Majewski_messageInput"), "c"): Text 'c' is set on object 'Object Repository/Page_PSTO webMessenger - Zalogowano/input_Robert Majewski_messageInput'

2021-12-19 14:50:19 - [MESSAGE][PASSED] - Text 'c' is set on object 'Object Repository/Page_PSTO webMessenger - Zalogowano/input_Robert Majewski_messageInput'

2021-12-19 14:50:19 - [TEST_STEP][PASSED] - click(findTestObject("Page_PSTO webMessenger - Zalogowano/img_Robert Majewski_sendButton")): Object: 'Object Repository/Page_PSTO webMessenger - Zalogowano/img_Robert Majewski_sendButton' is clicked on

2021-12-19 14:50:19 - [MESSAGE][PASSED] - Object: 'Object Repository/Page_PSTO webMessenger - Zalogowano/img_Robert Majewski_sendButton' is clicked on

2021-12-19 14:50:19 - [TEST_STEP][PASSED] - setText(findTestObject("Page_PSTO webMessenger - Zalogowano/input_Robert Majewski_messageInput"), "c"): Text 'c' is set on object 'Object Repository/Page_PSTO webMessenger - Zalogowano/input_Robert Majewski_messageInput'

2021-12-19 14:50:20 - [MESSAGE][PASSED] - Text 'c' is set on object 'Object Repository/Page_PSTO webMessenger - Zalogowano/input_Robert Majewski_messageInput'

2021-12-19 14:50:20 - [TEST_STEP][PASSED] - click(findTestObject("Page_PSTO webMessenger - Zalogowano/img_Robert Majewski_sendButton")): Object: 'Object Repository/Page_PSTO webMessenger - Zalogowano/img_Robert Majewski_sendButton' is clicked on

2021-12-19 14:50:21 - [MESSAGE][PASSED] - Object: 'Object Repository/Page_PSTO webMessenger - Zalogowano/img_Robert Majewski_sendButton' is clicked on

2021-12-19 14:50:21 - [TEST_STEP][PASSED] - setText(findTestObject("Page_PSTO webMessenger - Zalogowano/input_Robert Majewski_messageInput"), "c"): Text 'c' is set on object 'Object Repository/Page_PSTO webMessenger - Zalogowano/input_Robert Majewski_messageInput'

2021-12-19 14:50:21 - [MESSAGE][PASSED] - Text 'c' is set on object 'Object Repository/Page_PSTO webMessenger - Zalogowano/input_Robert Majewski_messageInput'

2021-12-19 14:50:21 - [TEST_STEP][PASSED] - click(findTestObject("Page_PSTO webMessenger - Zalogowano/img_Robert Majewski_sendButton")): Object: 'Object Repository/Page_PSTO webMessenger - Zalogowano/img_Robert Majewski_sendButton' is clicked on

2021-12-19 14:50:22 - [MESSAGE][PASSED] - Object: 'Object Repository/Page_PSTO webMessenger - Zalogowano/img_Robert Majewski_sendButton' is clicked on

2021-12-19 14:50:22 - [TEST_STEP][PASSED] - setText(findTestObject("Page_PSTO webMessenger - Zalogowano/input_Robert Majewski_messageInput"), "c"): Text 'c' is set on object 'Object Repository/Page_PSTO webMessenger - Zalogowano/input_Robert Majewski_messageInput'

2021-12-19 14:50:23 - [MESSAGE][PASSED] - Text 'c' is set on object 'Object Repository/Page_PSTO webMessenger - Zalogowano/input_Robert Majewski_messageInput'

2021-12-19 14:50:23 - [TEST_STEP][PASSED] - click(findTestObject("Page_PSTO webMessenger - Zalogowano/img_Robert Majewski_sendButton")): Object: 'Object Repository/Page_PSTO webMessenger - Zalogowano/img_Robert Majewski_sendButton' is clicked on

2021-12-19 14:50:23 - [MESSAGE][PASSED] - Object: 'Object Repository/Page_PSTO webMessenger - Zalogowano/img_Robert Majewski_sendButton' is clicked on

2021-12-19 14:50:23 - [TEST_STEP][PASSED] - setText(findTestObject("Page_PSTO webMessenger - Zalogowano/input_Robert Majewski_messageInput"), "c"): Text 'c' is set on object 'Object Repository/Page_PSTO webMessenger - Zalogowano/input_Robert Majewski_messageInput'

2021-12-19 14:50:24 - [MESSAGE][PASSED] - Text 'c' is set on object 'Object Repository/Page_PSTO webMessenger - Zalogowano/input_Robert Majewski_messageInput'

2021-12-19 14:50:24 - [TEST_STEP][PASSED] - click(findTestObject("Page_PSTO webMessenger - Zalogowano/img_Robert Majewski_sendButton")): Object: 'Object Repository/Page_PSTO webMessenger - Zalogowano/img_Robert Majewski_sendButton' is clicked on

2021-12-19 14:50:25 - [MESSAGE][PASSED] - Object: 'Object Repository/Page_PSTO webMessenger - Zalogowano/img_Robert Majewski_sendButton' is clicked on

2021-12-19 14:50:25 - [TEST_STEP][PASSED] - setText(findTestObject("Page_PSTO webMessenger - Zalogowano/input_Robert Majewski_messageInput"), "c"): Text 'c' is set on object 'Object Repository/Page_PSTO webMessenger - Zalogowano/input_Robert Majewski_messageInput'

2021-12-19 14:50:25 - [MESSAGE][PASSED] - Text 'c' is set on object 'Object Repository/Page_PSTO webMessenger - Zalogowano/input_Robert Majewski_messageInput'

2021-12-19 14:50:25 - [TEST_STEP][PASSED] - click(findTestObject("Page_PSTO webMessenger - Zalogowano/img_Robert Majewski_sendButton")): Object: 'Object Repository/Page_PSTO webMessenger - Zalogowano/img_Robert Majewski_sendButton' is clicked on

2021-12-19 14:50:26 - [MESSAGE][PASSED] - Object: 'Object Repository/Page_PSTO webMessenger - Zalogowano/img_Robert Majewski_sendButton' is clicked on

2021-12-19 14:50:26 - [TEST_STEP][PASSED] - setText(findTestObject("Page_PSTO webMessenger - Zalogowano/input_Robert Majewski_messageInput"), "c"): Text 'c' is set on object 'Object Repository/Page_PSTO webMessenger - Zalogowano/input_Robert Majewski_messageInput'

2021-12-19 14:50:27 - [MESSAGE][PASSED] - Text 'c' is set on object 'Object Repository/Page_PSTO webMessenger - Zalogowano/input_Robert Majewski_messageInput'

2021-12-19 14:50:27 - [TEST_STEP][PASSED] - click(findTestObject("Page_PSTO webMessenger - Zalogowano/img_Robert Majewski_sendButton")): Object: 'Object Repository/Page_PSTO webMessenger - Zalogowano/img_Robert Majewski_sendButton' is clicked on

2021-12-19 14:50:28 - [MESSAGE][PASSED] - Object: 'Object Repository/Page_PSTO webMessenger - Zalogowano/img_Robert Majewski_sendButton' is clicked on

2021-12-19 14:50:28 - [TEST_STEP][PASSED] - setText(findTestObject("Page_PSTO webMessenger - Zalogowano/input_Robert Majewski_messageInput"), "c"): Text 'c' is set on object 'Object Repository/Page_PSTO webMessenger - Zalogowano/input_Robert Majewski_messageInput'

2021-12-19 14:50:29 - [MESSAGE][PASSED] - Text 'c' is set on object 'Object Repository/Page_PSTO webMessenger - Zalogowano/input_Robert Majewski_messageInput'

2021-12-19 14:50:29 - [TEST_STEP][PASSED] - click(findTestObject("Page_PSTO webMessenger - Zalogowano/img_Robert Majewski_sendButton")): Object: 'Object Repository/Page_PSTO webMessenger - Zalogowano/img_Robert Majewski_sendButton' is clicked on

2021-12-19 14:50:30 - [MESSAGE][PASSED] - Object: 'Object Repository/Page_PSTO webMessenger - Zalogowano/img_Robert Majewski_sendButton' is clicked on

2021-12-19 14:50:30 - [TEST_STEP][PASSED] - setText(findTestObject("Page_PSTO webMessenger - Zalogowano/input_Robert Majewski_messageInput"), "c"): Text 'c' is set on object 'Object Repository/Page_PSTO webMessenger - Zalogowano/input_Robert Majewski_messageInput'

2021-12-19 14:50:30 - [MESSAGE][PASSED] - Text 'c' is set on object 'Object Repository/Page_PSTO webMessenger - Zalogowano/input_Robert Majewski_messageInput'

2021-12-19 14:50:30 - [TEST_STEP][PASSED] - click(findTestObject("Page_PSTO webMessenger - Zalogowano/img_Robert Majewski_sendButton")): Object: 'Object Repository/Page_PSTO webMessenger - Zalogowano/img_Robert Majewski_sendButton' is clicked on

2021-12-19 14:50:31 - [MESSAGE][PASSED] - Object: 'Object Repository/Page_PSTO webMessenger - Zalogowano/img_Robert Majewski_sendButton' is clicked on

2021-12-19 14:50:31 - [TEST_STEP][PASSED] - setText(findTestObject("Page_PSTO webMessenger - Zalogowano/input_Robert Majewski_messageInput"), "c"): Text 'c' is set on object 'Object Repository/Page_PSTO webMessenger - Zalogowano/input_Robert Majewski_messageInput'

2021-12-19 14:50:32 - [MESSAGE][PASSED] - Text 'c' is set on object 'Object Repository/Page_PSTO webMessenger - Zalogowano/input_Robert Majewski_messageInput'

2021-12-19 14:50:32 - [TEST_STEP][PASSED] - click(findTestObject("Page_PSTO webMessenger - Zalogowano/img_Robert Majewski_sendButton")): Object: 'Object Repository/Page_PSTO webMessenger - Zalogowano/img_Robert Majewski_sendButton' is clicked on

2021-12-19 14:50:33 - [MESSAGE][PASSED] - Object: 'Object Repository/Page_PSTO webMessenger - Zalogowano/img_Robert Majewski_sendButton' is clicked on

2021-12-19 14:50:33 - [TEST_STEP][PASSED] - setText(findTestObject("Page_PSTO webMessenger - Zalogowano/input_Robert Majewski_messageInput"), "c"): Text 'c' is set on object 'Object Repository/Page_PSTO webMessenger - Zalogowano/input_Robert Majewski_messageInput'

2021-12-19 14:50:34 - [MESSAGE][PASSED] - Text 'c' is set on object 'Object Repository/Page_PSTO webMessenger - Zalogowano/input_Robert Majewski_messageInput'

2021-12-19 14:50:34 - [TEST_STEP][PASSED] - click(findTestObject("Page_PSTO webMessenger - Zalogowano/img_Robert Majewski_sendButton")): Object: 'Object Repository/Page_PSTO webMessenger - Zalogowano/img_Robert Majewski_sendButton' is clicked on

2021-12-19 14:50:35 - [MESSAGE][PASSED] - Object: 'Object Repository/Page_PSTO webMessenger - Zalogowano/img_Robert Majewski_sendButton' is clicked on

2021-12-19 14:50:35 - [TEST_STEP][PASSED] - setText(findTestObject("Page_PSTO webMessenger - Zalogowano/input_Robert Majewski_messageInput"), "c"): Text 'c' is set on object 'Object Repository/Page_PSTO webMessenger - Zalogowano/input_Robert Majewski_messageInput'

2021-12-19 14:50:35 - [MESSAGE][PASSED] - Text 'c' is set on object 'Object Repository/Page_PSTO webMessenger - Zalogowano/input_Robert Majewski_messageInput'

2021-12-19 14:50:35 - [TEST_STEP][PASSED] - click(findTestObject("Page_PSTO webMessenger - Zalogowano/img_Robert Majewski_sendButton")): Object: 'Object Repository/Page_PSTO webMessenger - Zalogowano/img_Robert Majewski_sendButton' is clicked on

2021-12-19 14:50:36 - [MESSAGE][PASSED] - Object: 'Object Repository/Page_PSTO webMessenger - Zalogowano/img_Robert Majewski_sendButton' is clicked on

2021-12-19 14:50:36 - [TEST_STEP][PASSED] - setText(findTestObject("Page_PSTO webMessenger - Zalogowano/input_Robert Majewski_messageInput"), "c"): Text 'c' is set on object 'Object Repository/Page_PSTO webMessenger - Zalogowano/input_Robert Majewski_messageInput'

2021-12-19 14:50:37 - [MESSAGE][PASSED] - Text 'c' is set on object 'Object Repository/Page_PSTO webMessenger - Zalogowano/input_Robert Majewski_messageInput'

2021-12-19 14:50:37 - [TEST_STEP][PASSED] - click(findTestObject("Page_PSTO webMessenger - Zalogowano/img_Robert Majewski_sendButton")): Object: 'Object Repository/Page_PSTO webMessenger - Zalogowano/img_Robert Majewski_sendButton' is clicked on

2021-12-19 14:50:38 - [MESSAGE][PASSED] - Object: 'Object Repository/Page_PSTO webMessenger - Zalogowano/img_Robert Majewski_sendButton' is clicked on

2021-12-19 14:50:38 - [TEST_STEP][PASSED] - setText(findTestObject("Page_PSTO webMessenger - Zalogowano/input_Robert Majewski_messageInput"), "c"): Text 'c' is set on object 'Object Repository/Page_PSTO webMessenger - Zalogowano/input_Robert Majewski_messageInput'

2021-12-19 14:50:39 - [MESSAGE][PASSED] - Text 'c' is set on object 'Object Repository/Page_PSTO webMessenger - Zalogowano/input_Robert Majewski_messageInput'

2021-12-19 14:50:39 - [TEST_STEP][PASSED] - click(findTestObject("Page_PSTO webMessenger - Zalogowano/img_Robert Majewski_sendButton")): Object: 'Object Repository/Page_PSTO webMessenger - Zalogowano/img_Robert Majewski_sendButton' is clicked on

2021-12-19 14:50:40 - [MESSAGE][PASSED] - Object: 'Object Repository/Page_PSTO webMessenger - Zalogowano/img_Robert Majewski_sendButton' is clicked on

2021-12-19 14:50:40 - [TEST_STEP][PASSED] - setText(findTestObject("Page_PSTO webMessenger - Zalogowano/input_Robert Majewski_messageInput"), "c"): Text 'c' is set on object 'Object Repository/Page_PSTO webMessenger - Zalogowano/input_Robert Majewski_messageInput'

2021-12-19 14:50:40 - [MESSAGE][PASSED] - Text 'c' is set on object 'Object Repository/Page_PSTO webMessenger - Zalogowano/input_Robert Majewski_messageInput'

2021-12-19 14:50:40 - [TEST_STEP][PASSED] - click(findTestObject("Page_PSTO webMessenger - Zalogowano/img_Robert Majewski_sendButton")): Object: 'Object Repository/Page_PSTO webMessenger - Zalogowano/img_Robert Majewski_sendButton' is clicked on

2021-12-19 14:50:41 - [MESSAGE][PASSED] - Object: 'Object Repository/Page_PSTO webMessenger - Zalogowano/img_Robert Majewski_sendButton' is clicked on

2021-12-19 14:50:41 - [TEST_STEP][PASSED] - setText(findTestObject("Page_PSTO webMessenger - Zalogowano/input_Robert Majewski_messageInput"), "c"): Text 'c' is set on object 'Object Repository/Page_PSTO webMessenger - Zalogowano/input_Robert Majewski_messageInput'

2021-12-19 14:50:42 - [MESSAGE][PASSED] - Text 'c' is set on object 'Object Repository/Page_PSTO webMessenger - Zalogowano/input_Robert Majewski_messageInput'

2021-12-19 14:50:42 - [TEST_STEP][PASSED] - click(findTestObject("Page_PSTO webMessenger - Zalogowano/img_Robert Majewski_sendButton")): Object: 'Object Repository/Page_PSTO webMessenger - Zalogowano/img_Robert Majewski_sendButton' is clicked on

2021-12-19 14:50:43 - [MESSAGE][PASSED] - Object: 'Object Repository/Page_PSTO webMessenger - Zalogowano/img_Robert Majewski_sendButton' is clicked on

2021-12-19 14:50:43 - [TEST_STEP][PASSED] - setText(findTestObject("Page_PSTO webMessenger - Zalogowano/input_Robert Majewski_messageInput"), "c"): Text 'c' is set on object 'Object Repository/Page_PSTO webMessenger - Zalogowano/input_Robert Majewski_messageInput'

2021-12-19 14:50:43 - [MESSAGE][PASSED] - Text 'c' is set on object 'Object Repository/Page_PSTO webMessenger - Zalogowano/input_Robert Majewski_messageInput'

2021-12-19 14:50:43 - [TEST_STEP][PASSED] - click(findTestObject("Page_PSTO webMessenger - Zalogowano/img_Robert Majewski_sendButton")): Object: 'Object Repository/Page_PSTO webMessenger - Zalogowano/img_Robert Majewski_sendButton' is clicked on

2021-12-19 14:50:44 - [MESSAGE][PASSED] - Object: 'Object Repository/Page_PSTO webMessenger - Zalogowano/img_Robert Majewski_sendButton' is clicked on

2021-12-19 14:50:44 - [TEST_STEP][PASSED] - setText(findTestObject("Page_PSTO webMessenger - Zalogowano/input_Robert Majewski_messageInput"), "c"): Text 'c' is set on object 'Object Repository/Page_PSTO webMessenger - Zalogowano/input_Robert Majewski_messageInput'

2021-12-19 14:50:45 - [MESSAGE][PASSED] - Text 'c' is set on object 'Object Repository/Page_PSTO webMessenger - Zalogowano/input_Robert Majewski_messageInput'

2021-12-19 14:50:45 - [TEST_STEP][PASSED] - click(findTestObject("Page_PSTO webMessenger - Zalogowano/img_Robert Majewski_sendButton")): Object: 'Object Repository/Page_PSTO webMessenger - Zalogowano/img_Robert Majewski_sendButton' is clicked on

2021-12-19 14:50:45 - [MESSAGE][PASSED] - Object: 'Object Repository/Page_PSTO webMessenger - Zalogowano/img_Robert Majewski_sendButton' is clicked on

2021-12-19 14:50:45 - [TEST_STEP][PASSED] - setText(findTestObject("Page_PSTO webMessenger - Zalogowano/input_Robert Majewski_messageInput"), "c"): Text 'c' is set on object 'Object Repository/Page_PSTO webMessenger - Zalogowano/input_Robert Majewski_messageInput'

2021-12-19 14:50:46 - [MESSAGE][PASSED] - Text 'c' is set on object 'Object Repository/Page_PSTO webMessenger - Zalogowano/input_Robert Majewski_messageInput'

2021-12-19 14:50:46 - [TEST_STEP][PASSED] - click(findTestObject("Page_PSTO webMessenger - Zalogowano/img_Robert Majewski_sendButton")): Object: 'Object Repository/Page_PSTO webMessenger - Zalogowano/img_Robert Majewski_sendButton' is clicked on

2021-12-19 14:50:47 - [MESSAGE][PASSED] - Object: 'Object Repository/Page_PSTO webMessenger - Zalogowano/img_Robert Majewski_sendButton' is clicked on

2021-12-19 14:50:47 - [TEST_STEP][PASSED] - setText(findTestObject("Page_PSTO webMessenger - Zalogowano/input_Robert Majewski_messageInput"), "c"): Text 'c' is set on object 'Object Repository/Page_PSTO webMessenger - Zalogowano/input_Robert Majewski_messageInput'

2021-12-19 14:50:48 - [MESSAGE][PASSED] - Text 'c' is set on object 'Object Repository/Page_PSTO webMessenger - Zalogowano/input_Robert Majewski_messageInput'

2021-12-19 14:50:48 - [TEST_STEP][PASSED] - click(findTestObject("Page_PSTO webMessenger - Zalogowano/img_Robert Majewski_sendButton")): Object: 'Object Repository/Page_PSTO webMessenger - Zalogowano/img_Robert Majewski_sendButton' is clicked on

2021-12-19 14:50:49 - [MESSAGE][PASSED] - Object: 'Object Repository/Page_PSTO webMessenger - Zalogowano/img_Robert Majewski_sendButton' is clicked on

2021-12-19 14:50:49 - [TEST_STEP][PASSED] - setText(findTestObject("Page_PSTO webMessenger - Zalogowano/input_Robert Majewski_messageInput"), "c"): Text 'c' is set on object 'Object Repository/Page_PSTO webMessenger - Zalogowano/input_Robert Majewski_messageInput'

2021-12-19 14:50:50 - [MESSAGE][PASSED] - Text 'c' is set on object 'Object Repository/Page_PSTO webMessenger - Zalogowano/input_Robert Majewski_messageInput'

2021-12-19 14:50:50 - [TEST_STEP][PASSED] - click(findTestObject("Page_PSTO webMessenger - Zalogowano/img_Robert Majewski_sendButton")): Object: 'Object Repository/Page_PSTO webMessenger - Zalogowano/img_Robert Majewski_sendButton' is clicked on

2021-12-19 14:50:50 - [MESSAGE][PASSED] - Object: 'Object Repository/Page_PSTO webMessenger - Zalogowano/img_Robert Majewski_sendButton' is clicked on

2021-12-19 14:50:50 - [TEST_STEP][PASSED] - setText(findTestObject("Page_PSTO webMessenger - Zalogowano/input_Robert Majewski_messageInput"), "c"): Text 'c' is set on object 'Object Repository/Page_PSTO webMessenger - Zalogowano/input_Robert Majewski_messageInput'

2021-12-19 14:50:51 - [MESSAGE][PASSED] - Text 'c' is set on object 'Object Repository/Page_PSTO webMessenger - Zalogowano/input_Robert Majewski_messageInput'

2021-12-19 14:50:51 - [TEST_STEP][PASSED] - click(findTestObject("Page_PSTO webMessenger - Zalogowano/img_Robert Majewski_sendButton")): Object: 'Object Repository/Page_PSTO webMessenger - Zalogowano/img_Robert Majewski_sendButton' is clicked on

2021-12-19 14:50:52 - [MESSAGE][PASSED] - Object: 'Object Repository/Page_PSTO webMessenger - Zalogowano/img_Robert Majewski_sendButton' is clicked on

2021-12-19 14:50:52 - [TEST_STEP][PASSED] - setText(findTestObject("Page_PSTO webMessenger - Zalogowano/input_Robert Majewski_messageInput"), "c"): Text 'c' is set on object 'Object Repository/Page_PSTO webMessenger - Zalogowano/input_Robert Majewski_messageInput'

2021-12-19 14:50:53 - [MESSAGE][PASSED] - Text 'c' is set on object 'Object Repository/Page_PSTO webMessenger - Zalogowano/input_Robert Majewski_messageInput'

2021-12-19 14:50:53 - [TEST_STEP][PASSED] - click(findTestObject("Page_PSTO webMessenger - Zalogowano/img_Robert Majewski_sendButton")): Object: 'Object Repository/Page_PSTO webMessenger - Zalogowano/img_Robert Majewski_sendButton' is clicked on

2021-12-19 14:50:54 - [MESSAGE][PASSED] - Object: 'Object Repository/Page_PSTO webMessenger - Zalogowano/img_Robert Majewski_sendButton' is clicked on

2021-12-19 14:50:54 - [TEST_STEP][PASSED] - setText(findTestObject("Page_PSTO webMessenger - Zalogowano/input_Robert Majewski_messageInput"), "c"): Text 'c' is set on object 'Object Repository/Page_PSTO webMessenger - Zalogowano/input_Robert Majewski_messageInput'

2021-12-19 14:50:55 - [MESSAGE][PASSED] - Text 'c' is set on object 'Object Repository/Page_PSTO webMessenger - Zalogowano/input_Robert Majewski_messageInput'

2021-12-19 14:50:55 - [TEST_STEP][PASSED] - click(findTestObject("Page_PSTO webMessenger - Zalogowano/img_Robert Majewski_sendButton")): Object: 'Object Repository/Page_PSTO webMessenger - Zalogowano/img_Robert Majewski_sendButton' is clicked on

2021-12-19 14:50:55 - [MESSAGE][PASSED] - Object: 'Object Repository/Page_PSTO webMessenger - Zalogowano/img_Robert Majewski_sendButton' is clicked on

2021-12-19 14:50:55 - [TEST_STEP][PASSED] - setText(findTestObject("Page_PSTO webMessenger - Zalogowano/input_Robert Majewski_messageInput"), "c"): Text 'c' is set on object 'Object Repository/Page_PSTO webMessenger - Zalogowano/input_Robert Majewski_messageInput'

2021-12-19 14:50:56 - [MESSAGE][PASSED] - Text 'c' is set on object 'Object Repository/Page_PSTO webMessenger - Zalogowano/input_Robert Majewski_messageInput'

2021-12-19 14:50:56 - [TEST_STEP][PASSED] - click(findTestObject("Page_PSTO webMessenger - Zalogowano/img_Robert Majewski_sendButton")): Object: 'Object Repository/Page_PSTO webMessenger - Zalogowano/img_Robert Majewski_sendButton' is clicked on

2021-12-19 14:50:57 - [MESSAGE][PASSED] - Object: 'Object Repository/Page_PSTO webMessenger - Zalogowano/img_Robert Majewski_sendButton' is clicked on

2021-12-19 14:50:57 - [TEST_STEP][PASSED] - setText(findTestObject("Page_PSTO webMessenger - Zalogowano/input_Robert Majewski_messageInput"), "c"): Text 'c' is set on object 'Object Repository/Page_PSTO webMessenger - Zalogowano/input_Robert Majewski_messageInput'

2021-12-19 14:50:58 - [MESSAGE][PASSED] - Text 'c' is set on object 'Object Repository/Page_PSTO webMessenger - Zalogowano/input_Robert Majewski_messageInput'

2021-12-19 14:50:58 - [TEST_STEP][PASSED] - click(findTestObject("Page_PSTO webMessenger - Zalogowano/img_Robert Majewski_sendButton")): Object: 'Object Repository/Page_PSTO webMessenger - Zalogowano/img_Robert Majewski_sendButton' is clicked on

2021-12-19 14:50:59 - [MESSAGE][PASSED] - Object: 'Object Repository/Page_PSTO webMessenger - Zalogowano/img_Robert Majewski_sendButton' is clicked on

2021-12-19 14:50:59 - [TEST_STEP][PASSED] - setText(findTestObject("Page_PSTO webMessenger - Zalogowano/input_Robert Majewski_messageInput"), "c"): Text 'c' is set on object 'Object Repository/Page_PSTO webMessenger - Zalogowano/input_Robert Majewski_messageInput'

2021-12-19 14:50:59 - [MESSAGE][PASSED] - Text 'c' is set on object 'Object Repository/Page_PSTO webMessenger - Zalogowano/input_Robert Majewski_messageInput'

2021-12-19 14:50:59 - [TEST_STEP][PASSED] - click(findTestObject("Page_PSTO webMessenger - Zalogowano/img_Robert Majewski_sendButton")): Object: 'Object Repository/Page_PSTO webMessenger - Zalogowano/img_Robert Majewski_sendButton' is clicked on

2021-12-19 14:51:00 - [MESSAGE][PASSED] - Object: 'Object Repository/Page_PSTO webMessenger - Zalogowano/img_Robert Majewski_sendButton' is clicked on

2021-12-19 14:51:00 - [TEST_STEP][PASSED] - setText(findTestObject("Page_PSTO webMessenger - Zalogowano/input_Robert Majewski_messageInput"), "c"): Text 'c' is set on object 'Object Repository/Page_PSTO webMessenger - Zalogowano/input_Robert Majewski_messageInput'

2021-12-19 14:51:01 - [MESSAGE][PASSED] - Text 'c' is set on object 'Object Repository/Page_PSTO webMessenger - Zalogowano/input_Robert Majewski_messageInput'

2021-12-19 14:51:01 - [TEST_STEP][PASSED] - click(findTestObject("Page_PSTO webMessenger - Zalogowano/img_Robert Majewski_sendButton")): Object: 'Object Repository/Page_PSTO webMessenger - Zalogowano/img_Robert Majewski_sendButton' is clicked on

2021-12-19 14:51:01 - [MESSAGE][PASSED] - Object: 'Object Repository/Page_PSTO webMessenger - Zalogowano/img_Robert Majewski_sendButton' is clicked on

2021-12-19 14:51:01 - [TEST_STEP][PASSED] - setText(findTestObject("Page_PSTO webMessenger - Zalogowano/input_Robert Majewski_messageInput"), "c"): Text 'c' is set on object 'Object Repository/Page_PSTO webMessenger - Zalogowano/input_Robert Majewski_messageInput'

2021-12-19 14:51:03 - [MESSAGE][PASSED] - Text 'c' is set on object 'Object Repository/Page_PSTO webMessenger - Zalogowano/input_Robert Majewski_messageInput'

2021-12-19 14:51:03 - [TEST_STEP][PASSED] - click(findTestObject("Page_PSTO webMessenger - Zalogowano/img_Robert Majewski_sendButton")): Object: 'Object Repository/Page_PSTO webMessenger - Zalogowano/img_Robert Majewski_sendButton' is clicked on

2021-12-19 14:51:04 - [MESSAGE][PASSED] - Object: 'Object Repository/Page_PSTO webMessenger - Zalogowano/img_Robert Majewski_sendButton' is clicked on

2021-12-19 14:51:04 - [TEST_STEP][PASSED] - setText(findTestObject("Page_PSTO webMessenger - Zalogowano/input_Robert Majewski_messageInput"), "c"): Text 'c' is set on object 'Object Repository/Page_PSTO webMessenger - Zalogowano/input_Robert Majewski_messageInput'

2021-12-19 14:51:04 - [MESSAGE][PASSED] - Text 'c' is set on object 'Object Repository/Page_PSTO webMessenger - Zalogowano/input_Robert Majewski_messageInput'

2021-12-19 14:51:04 - [TEST_STEP][PASSED] - click(findTestObject("Page_PSTO webMessenger - Zalogowano/img_Robert Majewski_sendButton")): Object: 'Object Repository/Page_PSTO webMessenger - Zalogowano/img_Robert Majewski_sendButton' is clicked on

2021-12-19 14:51:05 - [MESSAGE][PASSED] - Object: 'Object Repository/Page_PSTO webMessenger - Zalogowano/img_Robert Majewski_sendButton' is clicked on

2021-12-19 14:51:05 - [TEST_STEP][PASSED] - setText(findTestObject("Page_PSTO webMessenger - Zalogowano/input_Robert Majewski_messageInput"), "c"): Text 'c' is set on object 'Object Repository/Page_PSTO webMessenger - Zalogowano/input_Robert Majewski_messageInput'

2021-12-19 14:51:06 - [MESSAGE][PASSED] - Text 'c' is set on object 'Object Repository/Page_PSTO webMessenger - Zalogowano/input_Robert Majewski_messageInput'

2021-12-19 14:51:06 - [TEST_STEP][PASSED] - click(findTestObject("Page_PSTO webMessenger - Zalogowano/img_Robert Majewski_sendButton")): Object: 'Object Repository/Page_PSTO webMessenger - Zalogowano/img_Robert Majewski_sendButton' is clicked on

2021-12-19 14:51:06 - [MESSAGE][PASSED] - Object: 'Object Repository/Page_PSTO webMessenger - Zalogowano/img_Robert Majewski_sendButton' is clicked on

2021-12-19 14:51:06 - [TEST_STEP][PASSED] - setText(findTestObject("Page_PSTO webMessenger - Zalogowano/input_Robert Majewski_messageInput"), "c"): Text 'c' is set on object 'Object Repository/Page_PSTO webMessenger - Zalogowano/input_Robert Majewski_messageInput'

2021-12-19 14:51:08 - [MESSAGE][PASSED] - Text 'c' is set on object 'Object Repository/Page_PSTO webMessenger - Zalogowano/input_Robert Majewski_messageInput'

2021-12-19 14:51:08 - [TEST_STEP][PASSED] - click(findTestObject("Page_PSTO webMessenger - Zalogowano/img_Robert Majewski_sendButton")): Object: 'Object Repository/Page_PSTO webMessenger - Zalogowano/img_Robert Majewski_sendButton' is clicked on

2021-12-19 14:51:09 - [MESSAGE][PASSED] - Object: 'Object Repository/Page_PSTO webMessenger - Zalogowano/img_Robert Majewski_sendButton' is clicked on

2021-12-19 14:51:09 - [TEST_STEP][PASSED] - setText(findTestObject("Page_PSTO webMessenger - Zalogowano/input_Robert Majewski_messageInput"), "c"): Text 'c' is set on object 'Object Repository/Page_PSTO webMessenger - Zalogowano/input_Robert Majewski_messageInput'

2021-12-19 14:51:10 - [MESSAGE][PASSED] - Text 'c' is set on object 'Object Repository/Page_PSTO webMessenger - Zalogowano/input_Robert Majewski_messageInput'

2021-12-19 14:51:10 - [TEST_STEP][PASSED] - click(findTestObject("Page_PSTO webMessenger - Zalogowano/img_Robert Majewski_sendButton")): Object: 'Object Repository/Page_PSTO webMessenger - Zalogowano/img_Robert Majewski_sendButton' is clicked on

2021-12-19 14:51:10 - [MESSAGE][PASSED] - Object: 'Object Repository/Page_PSTO webMessenger - Zalogowano/img_Robert Majewski_sendButton' is clicked on

2021-12-19 14:51:10 - [TEST_STEP][PASSED] - setText(findTestObject("Page_PSTO webMessenger - Zalogowano/input_Robert Majewski_messageInput"), "c"): Text 'c' is set on object 'Object Repository/Page_PSTO webMessenger - Zalogowano/input_Robert Majewski_messageInput'

2021-12-19 14:51:11 - [MESSAGE][PASSED] - Text 'c' is set on object 'Object Repository/Page_PSTO webMessenger - Zalogowano/input_Robert Majewski_messageInput'

2021-12-19 14:51:11 - [TEST_STEP][PASSED] - click(findTestObject("Page_PSTO webMessenger - Zalogowano/img_Robert Majewski_sendButton")): Object: 'Object Repository/Page_PSTO webMessenger - Zalogowano/img_Robert Majewski_sendButton' is clicked on

2021-12-19 14:51:12 - [MESSAGE][PASSED] - Object: 'Object Repository/Page_PSTO webMessenger - Zalogowano/img_Robert Majewski_sendButton' is clicked on

2021-12-19 14:51:12 - [TEST_STEP][PASSED] - setText(findTestObject("Page_PSTO webMessenger - Zalogowano/input_Robert Majewski_messageInput"), "c"): Text 'c' is set on object 'Object Repository/Page_PSTO webMessenger - Zalogowano/input_Robert Majewski_messageInput'

2021-12-19 14:51:14 - [MESSAGE][PASSED] - Text 'c' is set on object 'Object Repository/Page_PSTO webMessenger - Zalogowano/input_Robert Majewski_messageInput'

2021-12-19 14:51:14 - [TEST_STEP][PASSED] - click(findTestObject("Page_PSTO webMessenger - Zalogowano/img_Robert Majewski_sendButton")): Object: 'Object Repository/Page_PSTO webMessenger - Zalogowano/img_Robert Majewski_sendButton' is clicked on

2021-12-19 14:51:14 - [MESSAGE][PASSED] - Object: 'Object Repository/Page_PSTO webMessenger - Zalogowano/img_Robert Majewski_sendButton' is clicked on

2021-12-19 14:51:14 - [TEST_STEP][PASSED] - setText(findTestObject("Page_PSTO webMessenger - Zalogowano/input_Robert Majewski_messageInput"), "c"): Text 'c' is set on object 'Object Repository/Page_PSTO webMessenger - Zalogowano/input_Robert Majewski_messageInput'

2021-12-19 14:51:15 - [MESSAGE][PASSED] - Text 'c' is set on object 'Object Repository/Page_PSTO webMessenger - Zalogowano/input_Robert Majewski_messageInput'

2021-12-19 14:51:15 - [TEST_STEP][PASSED] - click(findTestObject("Page_PSTO webMessenger - Zalogowano/img_Robert Majewski_sendButton")): Object: 'Object Repository/Page_PSTO webMessenger - Zalogowano/img_Robert Majewski_sendButton' is clicked on

2021-12-19 14:51:16 - [MESSAGE][PASSED] - Object: 'Object Repository/Page_PSTO webMessenger - Zalogowano/img_Robert Majewski_sendButton' is clicked on

2021-12-19 14:51:16 - [TEST_STEP][PASSED] - setText(findTestObject("Page_PSTO webMessenger - Zalogowano/input_Robert Majewski_messageInput"), "c"): Text 'c' is set on object 'Object Repository/Page_PSTO webMessenger - Zalogowano/input_Robert Majewski_messageInput'

2021-12-19 14:51:16 - [MESSAGE][PASSED] - Text 'c' is set on object 'Object Repository/Page_PSTO webMessenger - Zalogowano/input_Robert Majewski_messageInput'

2021-12-19 14:51:16 - [TEST_STEP][PASSED] - click(findTestObject("Page_PSTO webMessenger - Zalogowano/img_Robert Majewski_sendButton")): Object: 'Object Repository/Page_PSTO webMessenger - Zalogowano/img_Robert Majewski_sendButton' is clicked on

2021-12-19 14:51:17 - [MESSAGE][PASSED] - Object: 'Object Repository/Page_PSTO webMessenger - Zalogowano/img_Robert Majewski_sendButton' is clicked on

2021-12-19 14:51:17 - [TEST_STEP][PASSED] - setText(findTestObject("Page_PSTO webMessenger - Zalogowano/input_Robert Majewski_messageInput"), "c"): Text 'c' is set on object 'Object Repository/Page_PSTO webMessenger - Zalogowano/input_Robert Majewski_messageInput'

2021-12-19 14:51:18 - [MESSAGE][PASSED] - Text 'c' is set on object 'Object Repository/Page_PSTO webMessenger - Zalogowano/input_Robert Majewski_messageInput'

2021-12-19 14:51:18 - [TEST_STEP][PASSED] - click(findTestObject("Page_PSTO webMessenger - Zalogowano/img_Robert Majewski_sendButton")): Object: 'Object Repository/Page_PSTO webMessenger - Zalogowano/img_Robert Majewski_sendButton' is clicked on

2021-12-19 14:51:19 - [MESSAGE][PASSED] - Object: 'Object Repository/Page_PSTO webMessenger - Zalogowano/img_Robert Majewski_sendButton' is clicked on

2021-12-19 14:51:19 - [TEST_STEP][PASSED] - setText(findTestObject("Page_PSTO webMessenger - Zalogowano/input_Robert Majewski_messageInput"), "c"): Text 'c' is set on object 'Object Repository/Page_PSTO webMessenger - Zalogowano/input_Robert Majewski_messageInput'

2021-12-19 14:51:20 - [MESSAGE][PASSED] - Text 'c' is set on object 'Object Repository/Page_PSTO webMessenger - Zalogowano/input_Robert Majewski_messageInput'

2021-12-19 14:51:20 - [TEST_STEP][PASSED] - click(findTestObject("Page_PSTO webMessenger - Zalogowano/img_Robert Majewski_sendButton")): Object: 'Object Repository/Page_PSTO webMessenger - Zalogowano/img_Robert Majewski_sendButton' is clicked on

2021-12-19 14:51:20 - [MESSAGE][PASSED] - Object: 'Object Repository/Page_PSTO webMessenger - Zalogowano/img_Robert Majewski_sendButton' is clicked on

2021-12-19 14:51:20 - [TEST_STEP][PASSED] - setText(findTestObject("Page_PSTO webMessenger - Zalogowano/input_Robert Majewski_messageInput"), "c"): Text 'c' is set on object 'Object Repository/Page_PSTO webMessenger - Zalogowano/input_Robert Majewski_messageInput'

2021-12-19 14:51:21 - [MESSAGE][PASSED] - Text 'c' is set on object 'Object Repository/Page_PSTO webMessenger - Zalogowano/input_Robert Majewski_messageInput'

2021-12-19 14:51:21 - [TEST_STEP][PASSED] - click(findTestObject("Page_PSTO webMessenger - Zalogowano/img_Robert Majewski_sendButton")): Object: 'Object Repository/Page_PSTO webMessenger - Zalogowano/img_Robert Majewski_sendButton' is clicked on

2021-12-19 14:51:22 - [MESSAGE][PASSED] - Object: 'Object Repository/Page_PSTO webMessenger - Zalogowano/img_Robert Majewski_sendButton' is clicked on

2021-12-19 14:51:22 - [TEST_STEP][PASSED] - setText(findTestObject("Page_PSTO webMessenger - Zalogowano/input_Robert Majewski_messageInput"), "c"): Text 'c' is set on object 'Object Repository/Page_PSTO webMessenger - Zalogowano/input_Robert Majewski_messageInput'

2021-12-19 14:51:23 - [MESSAGE][PASSED] - Text 'c' is set on object 'Object Repository/Page_PSTO webMessenger - Zalogowano/input_Robert Majewski_messageInput'

2021-12-19 14:51:23 - [TEST_STEP][PASSED] - click(findTestObject("Page_PSTO webMessenger - Zalogowano/img_Robert Majewski_sendButton")): Object: 'Object Repository/Page_PSTO webMessenger - Zalogowano/img_Robert Majewski_sendButton' is clicked on

2021-12-19 14:51:24 - [MESSAGE][PASSED] - Object: 'Object Repository/Page_PSTO webMessenger - Zalogowano/img_Robert Majewski_sendButton' is clicked on

2021-12-19 14:51:24 - [TEST_STEP][PASSED] - setText(findTestObject("Page_PSTO webMessenger - Zalogowano/input_Robert Majewski_messageInput"), "c"): Text 'c' is set on object 'Object Repository/Page_PSTO webMessenger - Zalogowano/input_Robert Majewski_messageInput'

2021-12-19 14:51:25 - [MESSAGE][PASSED] - Text 'c' is set on object 'Object Repository/Page_PSTO webMessenger - Zalogowano/input_Robert Majewski_messageInput'

2021-12-19 14:51:25 - [TEST_STEP][PASSED] - click(findTestObject("Page_PSTO webMessenger - Zalogowano/img_Robert Majewski_sendButton")): Object: 'Object Repository/Page_PSTO webMessenger - Zalogowano/img_Robert Majewski_sendButton' is clicked on

2021-12-19 14:51:25 - [MESSAGE][PASSED] - Object: 'Object Repository/Page_PSTO webMessenger - Zalogowano/img_Robert Majewski_sendButton' is clicked on

2021-12-19 14:51:25 - [TEST_STEP][PASSED] - setText(findTestObject("Page_PSTO webMessenger - Zalogowano/input_Robert Majewski_messageInput"), "c"): Text 'c' is set on object 'Object Repository/Page_PSTO webMessenger - Zalogowano/input_Robert Majewski_messageInput'

2021-12-19 14:51:26 - [MESSAGE][PASSED] - Text 'c' is set on object 'Object Repository/Page_PSTO webMessenger - Zalogowano/input_Robert Majewski_messageInput'

2021-12-19 14:51:26 - [TEST_STEP][PASSED] - click(findTestObject("Page_PSTO webMessenger - Zalogowano/img_Robert Majewski_sendButton")): Object: 'Object Repository/Page_PSTO webMessenger - Zalogowano/img_Robert Majewski_sendButton' is clicked on

2021-12-19 14:51:27 - [MESSAGE][PASSED] - Object: 'Object Repository/Page_PSTO webMessenger - Zalogowano/img_Robert Majewski_sendButton' is clicked on

2021-12-19 14:51:27 - [TEST_STEP][PASSED] - setText(findTestObject("Page_PSTO webMessenger - Zalogowano/input_Robert Majewski_messageInput"), "c"): Text 'c' is set on object 'Object Repository/Page_PSTO webMessenger - Zalogowano/input_Robert Majewski_messageInput'

2021-12-19 14:51:28 - [MESSAGE][PASSED] - Text 'c' is set on object 'Object Repository/Page_PSTO webMessenger - Zalogowano/input_Robert Majewski_messageInput'

2021-12-19 14:51:28 - [TEST_STEP][PASSED] - click(findTestObject("Page_PSTO webMessenger - Zalogowano/img_Robert Majewski_sendButton")): Object: 'Object Repository/Page_PSTO webMessenger - Zalogowano/img_Robert Majewski_sendButton' is clicked on

2021-12-19 14:51:29 - [MESSAGE][PASSED] - Object: 'Object Repository/Page_PSTO webMessenger - Zalogowano/img_Robert Majewski_sendButton' is clicked on

2021-12-19 14:51:29 - [TEST_STEP][PASSED] - setText(findTestObject("Page_PSTO webMessenger - Zalogowano/input_Robert Majewski_messageInput"), "c"): Text 'c' is set on object 'Object Repository/Page_PSTO webMessenger - Zalogowano/input_Robert Majewski_messageInput'

2021-12-19 14:51:30 - [MESSAGE][PASSED] - Text 'c' is set on object 'Object Repository/Page_PSTO webMessenger - Zalogowano/input_Robert Majewski_messageInput'

2021-12-19 14:51:30 - [TEST_STEP][PASSED] - click(findTestObject("Page_PSTO webMessenger - Zalogowano/img_Robert Majewski_sendButton")): Object: 'Object Repository/Page_PSTO webMessenger - Zalogowano/img_Robert Majewski_sendButton' is clicked on

2021-12-19 14:51:30 - [MESSAGE][PASSED] - Object: 'Object Repository/Page_PSTO webMessenger - Zalogowano/img_Robert Majewski_sendButton' is clicked on

2021-12-19 14:51:30 - [TEST_STEP][PASSED] - setText(findTestObject("Page_PSTO webMessenger - Zalogowano/input_Robert Majewski_messageInput"), "c"): Text 'c' is set on object 'Object Repository/Page_PSTO webMessenger - Zalogowano/input_Robert Majewski_messageInput'

2021-12-19 14:51:31 - [MESSAGE][PASSED] - Text 'c' is set on object 'Object Repository/Page_PSTO webMessenger - Zalogowano/input_Robert Majewski_messageInput'

2021-12-19 14:51:31 - [TEST_STEP][PASSED] - click(findTestObject("Page_PSTO webMessenger - Zalogowano/img_Robert Majewski_sendButton")): Object: 'Object Repository/Page_PSTO webMessenger - Zalogowano/img_Robert Majewski_sendButton' is clicked on

2021-12-19 14:51:32 - [MESSAGE][PASSED] - Object: 'Object Repository/Page_PSTO webMessenger - Zalogowano/img_Robert Majewski_sendButton' is clicked on

2021-12-19 14:51:32 - [TEST_STEP][PASSED] - setText(findTestObject("Page_PSTO webMessenger - Zalogowano/input_Robert Majewski_messageInput"), "c"): Text 'c' is set on object 'Object Repository/Page_PSTO webMessenger - Zalogowano/input_Robert Majewski_messageInput'

2021-12-19 14:51:33 - [MESSAGE][PASSED] - Text 'c' is set on object 'Object Repository/Page_PSTO webMessenger - Zalogowano/input_Robert Majewski_messageInput'

2021-12-19 14:51:33 - [TEST_STEP][PASSED] - click(findTestObject("Page_PSTO webMessenger - Zalogowano/img_Robert Majewski_sendButton")): Object: 'Object Repository/Page_PSTO webMessenger - Zalogowano/img_Robert Majewski_sendButton' is clicked on

2021-12-19 14:51:34 - [MESSAGE][PASSED] - Object: 'Object Repository/Page_PSTO webMessenger - Zalogowano/img_Robert Majewski_sendButton' is clicked on

2021-12-19 14:51:34 - [TEST_STEP][PASSED] - setText(findTestObject("Page_PSTO webMessenger - Zalogowano/input_Robert Majewski_messageInput"), "c"): Text 'c' is set on object 'Object Repository/Page_PSTO webMessenger - Zalogowano/input_Robert Majewski_messageInput'

2021-12-19 14:51:35 - [MESSAGE][PASSED] - Text 'c' is set on object 'Object Repository/Page_PSTO webMessenger - Zalogowano/input_Robert Majewski_messageInput'

2021-12-19 14:51:35 - [TEST_STEP][PASSED] - click(findTestObject("Page_PSTO webMessenger - Zalogowano/img_Robert Majewski_sendButton")): Object: 'Object Repository/Page_PSTO webMessenger - Zalogowano/img_Robert Majewski_sendButton' is clicked on

2021-12-19 14:51:35 - [MESSAGE][PASSED] - Object: 'Object Repository/Page_PSTO webMessenger - Zalogowano/img_Robert Majewski_sendButton' is clicked on

2021-12-19 14:51:35 - [TEST_STEP][PASSED] - setText(findTestObject("Page_PSTO webMessenger - Zalogowano/input_Robert Majewski_messageInput"), "c"): Text 'c' is set on object 'Object Repository/Page_PSTO webMessenger - Zalogowano/input_Robert Majewski_messageInput'

2021-12-19 14:51:36 - [MESSAGE][PASSED] - Text 'c' is set on object 'Object Repository/Page_PSTO webMessenger - Zalogowano/input_Robert Majewski_messageInput'

2021-12-19 14:51:36 - [TEST_STEP][PASSED] - click(findTestObject("Page_PSTO webMessenger - Zalogowano/img_Robert Majewski_sendButton")): Object: 'Object Repository/Page_PSTO webMessenger - Zalogowano/img_Robert Majewski_sendButton' is clicked on

2021-12-19 14:51:37 - [MESSAGE][PASSED] - Object: 'Object Repository/Page_PSTO webMessenger - Zalogowano/img_Robert Majewski_sendButton' is clicked on

2021-12-19 14:51:37 - [TEST_STEP][PASSED] - setText(findTestObject("Page_PSTO webMessenger - Zalogowano/input_Robert Majewski_messageInput"), "c"): Text 'c' is set on object 'Object Repository/Page_PSTO webMessenger - Zalogowano/input_Robert Majewski_messageInput'

2021-12-19 14:51:38 - [MESSAGE][PASSED] - Text 'c' is set on object 'Object Repository/Page_PSTO webMessenger - Zalogowano/input_Robert Majewski_messageInput'

2021-12-19 14:51:38 - [TEST_STEP][PASSED] - click(findTestObject("Page_PSTO webMessenger - Zalogowano/img_Robert Majewski_sendButton")): Object: 'Object Repository/Page_PSTO webMessenger - Zalogowano/img_Robert Majewski_sendButton' is clicked on

2021-12-19 14:51:39 - [MESSAGE][PASSED] - Object: 'Object Repository/Page_PSTO webMessenger - Zalogowano/img_Robert Majewski_sendButton' is clicked on

2021-12-19 14:51:39 - [TEST_STEP][PASSED] - setText(findTestObject("Page_PSTO webMessenger - Zalogowano/input_Robert Majewski_messageInput"), "c"): Text 'c' is set on object 'Object Repository/Page_PSTO webMessenger - Zalogowano/input_Robert Majewski_messageInput'

2021-12-19 14:51:40 - [MESSAGE][PASSED] - Text 'c' is set on object 'Object Repository/Page_PSTO webMessenger - Zalogowano/input_Robert Majewski_messageInput'

2021-12-19 14:51:40 - [TEST_STEP][PASSED] - click(findTestObject("Page_PSTO webMessenger - Zalogowano/img_Robert Majewski_sendButton")): Object: 'Object Repository/Page_PSTO webMessenger - Zalogowano/img_Robert Majewski_sendButton' is clicked on

2021-12-19 14:51:40 - [MESSAGE][PASSED] - Object: 'Object Repository/Page_PSTO webMessenger - Zalogowano/img_Robert Majewski_sendButton' is clicked on

2021-12-19 14:51:40 - [TEST_STEP][PASSED] - setText(findTestObject("Page_PSTO webMessenger - Zalogowano/input_Robert Majewski_messageInput"), "c"): Text 'c' is set on object 'Object Repository/Page_PSTO webMessenger - Zalogowano/input_Robert Majewski_messageInput'

2021-12-19 14:51:41 - [MESSAGE][PASSED] - Text 'c' is set on object 'Object Repository/Page_PSTO webMessenger - Zalogowano/input_Robert Majewski_messageInput'

2021-12-19 14:51:41 - [TEST_STEP][PASSED] - click(findTestObject("Page_PSTO webMessenger - Zalogowano/img_Robert Majewski_sendButton")): Object: 'Object Repository/Page_PSTO webMessenger - Zalogowano/img_Robert Majewski_sendButton' is clicked on

2021-12-19 14:51:42 - [MESSAGE][PASSED] - Object: 'Object Repository/Page_PSTO webMessenger - Zalogowano/img_Robert Majewski_sendButton' is clicked on

2021-12-19 14:51:42 - [TEST_STEP][PASSED] - setText(findTestObject("Page_PSTO webMessenger - Zalogowano/input_Robert Majewski_messageInput"), "c"): Text 'c' is set on object 'Object Repository/Page_PSTO webMessenger - Zalogowano/input_Robert Majewski_messageInput'

2021-12-19 14:51:43 - [MESSAGE][PASSED] - Text 'c' is set on object 'Object Repository/Page_PSTO webMessenger - Zalogowano/input_Robert Majewski_messageInput'

2021-12-19 14:51:43 - [TEST_STEP][PASSED] - click(findTestObject("Page_PSTO webMessenger - Zalogowano/img_Robert Majewski_sendButton")): Object: 'Object Repository/Page_PSTO webMessenger - Zalogowano/img_Robert Majewski_sendButton' is clicked on

2021-12-19 14:51:44 - [MESSAGE][PASSED] - Object: 'Object Repository/Page_PSTO webMessenger - Zalogowano/img_Robert Majewski_sendButton' is clicked on

2021-12-19 14:51:44 - [TEST_STEP][PASSED] - setText(findTestObject("Page_PSTO webMessenger - Zalogowano/input_Robert Majewski_messageInput"), "c"): Text 'c' is set on object 'Object Repository/Page_PSTO webMessenger - Zalogowano/input_Robert Majewski_messageInput'

2021-12-19 14:51:44 - [MESSAGE][PASSED] - Text 'c' is set on object 'Object Repository/Page_PSTO webMessenger - Zalogowano/input_Robert Majewski_messageInput'

2021-12-19 14:51:44 - [TEST_STEP][PASSED] - click(findTestObject("Page_PSTO webMessenger - Zalogowano/img_Robert Majewski_sendButton")): Object: 'Object Repository/Page_PSTO webMessenger - Zalogowano/img_Robert Majewski_sendButton' is clicked on

2021-12-19 14:51:45 - [MESSAGE][PASSED] - Object: 'Object Repository/Page_PSTO webMessenger - Zalogowano/img_Robert Majewski_sendButton' is clicked on

2021-12-19 14:51:45 - [TEST_STEP][PASSED] - setText(findTestObject("Page_PSTO webMessenger - Zalogowano/input_Robert Majewski_messageInput"), "c"): Text 'c' is set on object 'Object Repository/Page_PSTO webMessenger - Zalogowano/input_Robert Majewski_messageInput'

2021-12-19 14:51:46 - [MESSAGE][PASSED] - Text 'c' is set on object 'Object Repository/Page_PSTO webMessenger - Zalogowano/input_Robert Majewski_messageInput'

2021-12-19 14:51:46 - [TEST_STEP][PASSED] - click(findTestObject("Page_PSTO webMessenger - Zalogowano/img_Robert Majewski_sendButton")): Object: 'Object Repository/Page_PSTO webMessenger - Zalogowano/img_Robert Majewski_sendButton' is clicked on

2021-12-19 14:51:46 - [MESSAGE][PASSED] - Object: 'Object Repository/Page_PSTO webMessenger - Zalogowano/img_Robert Majewski_sendButton' is clicked on

2021-12-19 14:51:46 - [TEST_STEP][PASSED] - setText(findTestObject("Page_PSTO webMessenger - Zalogowano/input_Robert Majewski_messageInput"), "c"): Text 'c' is set on object 'Object Repository/Page_PSTO webMessenger - Zalogowano/input_Robert Majewski_messageInput'

2021-12-19 14:51:48 - [MESSAGE][PASSED] - Text 'c' is set on object 'Object Repository/Page_PSTO webMessenger - Zalogowano/input_Robert Majewski_messageInput'

2021-12-19 14:51:48 - [TEST_STEP][PASSED] - click(findTestObject("Page_PSTO webMessenger - Zalogowano/img_Robert Majewski_sendButton")): Object: 'Object Repository/Page_PSTO webMessenger - Zalogowano/img_Robert Majewski_sendButton' is clicked on

2021-12-19 14:51:49 - [MESSAGE][PASSED] - Object: 'Object Repository/Page_PSTO webMessenger - Zalogowano/img_Robert Majewski_sendButton' is clicked on

2021-12-19 14:51:49 - [TEST_STEP][PASSED] - setText(findTestObject("Page_PSTO webMessenger - Zalogowano/input_Robert Majewski_messageInput"), "c"): Text 'c' is set on object 'Object Repository/Page_PSTO webMessenger - Zalogowano/input_Robert Majewski_messageInput'

2021-12-19 14:51:49 - [MESSAGE][PASSED] - Text 'c' is set on object 'Object Repository/Page_PSTO webMessenger - Zalogowano/input_Robert Majewski_messageInput'

2021-12-19 14:51:49 - [TEST_STEP][PASSED] - click(findTestObject("Page_PSTO webMessenger - Zalogowano/img_Robert Majewski_sendButton")): Object: 'Object Repository/Page_PSTO webMessenger - Zalogowano/img_Robert Majewski_sendButton' is clicked on

2021-12-19 14:51:50 - [MESSAGE][PASSED] - Object: 'Object Repository/Page_PSTO webMessenger - Zalogowano/img_Robert Majewski_sendButton' is clicked on

2021-12-19 14:51:50 - [TEST_STEP][PASSED] - setText(findTestObject("Page_PSTO webMessenger - Zalogowano/input_Robert Majewski_messageInput"), "c"): Text 'c' is set on object 'Object Repository/Page_PSTO webMessenger - Zalogowano/input_Robert Majewski_messageInput'

2021-12-19 14:51:51 - [MESSAGE][PASSED] - Text 'c' is set on object 'Object Repository/Page_PSTO webMessenger - Zalogowano/input_Robert Majewski_messageInput'

2021-12-19 14:51:51 - [TEST_STEP][PASSED] - click(findTestObject("Page_PSTO webMessenger - Zalogowano/img_Robert Majewski_sendButton")): Object: 'Object Repository/Page_PSTO webMessenger - Zalogowano/img_Robert Majewski_sendButton' is clicked on

2021-12-19 14:51:51 - [MESSAGE][PASSED] - Object: 'Object Repository/Page_PSTO webMessenger - Zalogowano/img_Robert Majewski_sendButton' is clicked on

2021-12-19 14:51:51 - [TEST_STEP][PASSED] - setText(findTestObject("Page_PSTO webMessenger - Zalogowano/input_Robert Majewski_messageInput"), "c"): Text 'c' is set on object 'Object Repository/Page_PSTO webMessenger - Zalogowano/input_Robert Majewski_messageInput'

2021-12-19 14:51:53 - [MESSAGE][PASSED] - Text 'c' is set on object 'Object Repository/Page_PSTO webMessenger - Zalogowano/input_Robert Majewski_messageInput'

2021-12-19 14:51:53 - [TEST_STEP][PASSED] - click(findTestObject("Page_PSTO webMessenger - Zalogowano/img_Robert Majewski_sendButton")): Object: 'Object Repository/Page_PSTO webMessenger - Zalogowano/img_Robert Majewski_sendButton' is clicked on

2021-12-19 14:51:54 - [MESSAGE][PASSED] - Object: 'Object Repository/Page_PSTO webMessenger - Zalogowano/img_Robert Majewski_sendButton' is clicked on

2021-12-19 14:51:54 - [TEST_STEP][PASSED] - setText(findTestObject("Page_PSTO webMessenger - Zalogowano/input_Robert Majewski_messageInput"), "c"): Text 'c' is set on object 'Object Repository/Page_PSTO webMessenger - Zalogowano/input_Robert Majewski_messageInput'

2021-12-19 14:51:55 - [MESSAGE][PASSED] - Text 'c' is set on object 'Object Repository/Page_PSTO webMessenger - Zalogowano/input_Robert Majewski_messageInput'

2021-12-19 14:51:55 - [TEST_STEP][PASSED] - click(findTestObject("Page_PSTO webMessenger - Zalogowano/img_Robert Majewski_sendButton")): Object: 'Object Repository/Page_PSTO webMessenger - Zalogowano/img_Robert Majewski_sendButton' is clicked on

2021-12-19 14:51:55 - [MESSAGE][PASSED] - Object: 'Object Repository/Page_PSTO webMessenger - Zalogowano/img_Robert Majewski_sendButton' is clicked on

2021-12-19 14:51:55 - [TEST_STEP][PASSED] - setText(findTestObject("Page_PSTO webMessenger - Zalogowano/input_Robert Majewski_messageInput"), "c"): Text 'c' is set on object 'Object Repository/Page_PSTO webMessenger - Zalogowano/input_Robert Majewski_messageInput'

2021-12-19 14:51:56 - [MESSAGE][PASSED] - Text 'c' is set on object 'Object Repository/Page_PSTO webMessenger - Zalogowano/input_Robert Majewski_messageInput'

2021-12-19 14:51:56 - [TEST_STEP][PASSED] - click(findTestObject("Page_PSTO webMessenger - Zalogowano/img_Robert Majewski_sendButton")): Object: 'Object Repository/Page_PSTO webMessenger - Zalogowano/img_Robert Majewski_sendButton' is clicked on

2021-12-19 14:51:57 - [MESSAGE][PASSED] - Object: 'Object Repository/Page_PSTO webMessenger - Zalogowano/img_Robert Majewski_sendButton' is clicked on

2021-12-19 14:51:57 - [TEST_STEP][PASSED] - setText(findTestObject("Page_PSTO webMessenger - Zalogowano/input_Robert Majewski_messageInput"), "c"): Text 'c' is set on object 'Object Repository/Page_PSTO webMessenger - Zalogowano/input_Robert Majewski_messageInput'

2021-12-19 14:51:58 - [MESSAGE][PASSED] - Text 'c' is set on object 'Object Repository/Page_PSTO webMessenger - Zalogowano/input_Robert Majewski_messageInput'

2021-12-19 14:51:58 - [TEST_STEP][PASSED] - click(findTestObject("Page_PSTO webMessenger - Zalogowano/img_Robert Majewski_sendButton")): Object: 'Object Repository/Page_PSTO webMessenger - Zalogowano/img_Robert Majewski_sendButton' is clicked on

2021-12-19 14:51:59 - [MESSAGE][PASSED] - Object: 'Object Repository/Page_PSTO webMessenger - Zalogowano/img_Robert Majewski_sendButton' is clicked on

2021-12-19 14:51:59 - [TEST_STEP][PASSED] - setText(findTestObject("Page_PSTO webMessenger - Zalogowano/input_Robert Majewski_messageInput"), "c"): Text 'c' is set on object 'Object Repository/Page_PSTO webMessenger - Zalogowano/input_Robert Majewski_messageInput'

2021-12-19 14:51:59 - [MESSAGE][PASSED] - Text 'c' is set on object 'Object Repository/Page_PSTO webMessenger - Zalogowano/input_Robert Majewski_messageInput'

2021-12-19 14:51:59 - [TEST_STEP][PASSED] - click(findTestObject("Page_PSTO webMessenger - Zalogowano/img_Robert Majewski_sendButton")): Object: 'Object Repository/Page_PSTO webMessenger - Zalogowano/img_Robert Majewski_sendButton' is clicked on

2021-12-19 14:52:00 - [MESSAGE][PASSED] - Object: 'Object Repository/Page_PSTO webMessenger - Zalogowano/img_Robert Majewski_sendButton' is clicked on

2021-12-19 14:52:00 - [TEST_STEP][PASSED] - setText(findTestObject("Page_PSTO webMessenger - Zalogowano/input_Robert Majewski_messageInput"), "c"): Text 'c' is set on object 'Object Repository/Page_PSTO webMessenger - Zalogowano/input_Robert Majewski_messageInput'

2021-12-19 14:52:01 - [MESSAGE][PASSED] - Text 'c' is set on object 'Object Repository/Page_PSTO webMessenger - Zalogowano/input_Robert Majewski_messageInput'

2021-12-19 14:52:01 - [TEST_STEP][PASSED] - click(findTestObject("Page_PSTO webMessenger - Zalogowano/img_Robert Majewski_sendButton")): Object: 'Object Repository/Page_PSTO webMessenger - Zalogowano/img_Robert Majewski_sendButton' is clicked on

2021-12-19 14:52:01 - [MESSAGE][PASSED] - Object: 'Object Repository/Page_PSTO webMessenger - Zalogowano/img_Robert Majewski_sendButton' is clicked on

2021-12-19 14:52:01 - [TEST_STEP][PASSED] - setText(findTestObject("Page_PSTO webMessenger - Zalogowano/input_Robert Majewski_messageInput"), "c"): Text 'c' is set on object 'Object Repository/Page_PSTO webMessenger - Zalogowano/input_Robert Majewski_messageInput'

2021-12-19 14:52:03 - [MESSAGE][PASSED] - Text 'c' is set on object 'Object Repository/Page_PSTO webMessenger - Zalogowano/input_Robert Majewski_messageInput'

2021-12-19 14:52:03 - [TEST_STEP][PASSED] - click(findTestObject("Page_PSTO webMessenger - Zalogowano/img_Robert Majewski_sendButton")): Object: 'Object Repository/Page_PSTO webMessenger - Zalogowano/img_Robert Majewski_sendButton' is clicked on

2021-12-19 14:52:04 - [MESSAGE][PASSED] - Object: 'Object Repository/Page_PSTO webMessenger - Zalogowano/img_Robert Majewski_sendButton' is clicked on

2021-12-19 14:52:04 - [TEST_STEP][PASSED] - setText(findTestObject("Page_PSTO webMessenger - Zalogowano/input_Robert Majewski_messageInput"), "c"): Text 'c' is set on object 'Object Repository/Page_PSTO webMessenger - Zalogowano/input_Robert Majewski_messageInput'

2021-12-19 14:52:05 - [MESSAGE][PASSED] - Text 'c' is set on object 'Object Repository/Page_PSTO webMessenger - Zalogowano/input_Robert Majewski_messageInput'

2021-12-19 14:52:05 - [TEST_STEP][PASSED] - click(findTestObject("Page_PSTO webMessenger - Zalogowano/img_Robert Majewski_sendButton")): Object: 'Object Repository/Page_PSTO webMessenger - Zalogowano/img_Robert Majewski_sendButton' is clicked on

2021-12-19 14:52:05 - [MESSAGE][PASSED] - Object: 'Object Repository/Page_PSTO webMessenger - Zalogowano/img_Robert Majewski_sendButton' is clicked on

2021-12-19 14:52:05 - [TEST_STEP][PASSED] - setText(findTestObject("Page_PSTO webMessenger - Zalogowano/input_Robert Majewski_messageInput"), "c"): Text 'c' is set on object 'Object Repository/Page_PSTO webMessenger - Zalogowano/input_Robert Majewski_messageInput'

2021-12-19 14:52:06 - [MESSAGE][PASSED] - Text 'c' is set on object 'Object Repository/Page_PSTO webMessenger - Zalogowano/input_Robert Majewski_messageInput'

2021-12-19 14:52:06 - [TEST_STEP][PASSED] - click(findTestObject("Page_PSTO webMessenger - Zalogowano/img_Robert Majewski_sendButton")): Object: 'Object Repository/Page_PSTO webMessenger - Zalogowano/img_Robert Majewski_sendButton' is clicked on

2021-12-19 14:52:06 - [MESSAGE][PASSED] - Object: 'Object Repository/Page_PSTO webMessenger - Zalogowano/img_Robert Majewski_sendButton' is clicked on

2021-12-19 14:52:06 - [TEST_STEP][PASSED] - setText(findTestObject("Page_PSTO webMessenger - Zalogowano/input_Robert Majewski_messageInput"), "c"): Text 'c' is set on object 'Object Repository/Page_PSTO webMessenger - Zalogowano/input_Robert Majewski_messageInput'

2021-12-19 14:52:08 - [MESSAGE][PASSED] - Text 'c' is set on object 'Object Repository/Page_PSTO webMessenger - Zalogowano/input_Robert Majewski_messageInput'

2021-12-19 14:52:08 - [TEST_STEP][PASSED] - click(findTestObject("Page_PSTO webMessenger - Zalogowano/img_Robert Majewski_sendButton")): Object: 'Object Repository/Page_PSTO webMessenger - Zalogowano/img_Robert Majewski_sendButton' is clicked on

2021-12-19 14:52:09 - [MESSAGE][PASSED] - Object: 'Object Repository/Page_PSTO webMessenger - Zalogowano/img_Robert Majewski_sendButton' is clicked on

2021-12-19 14:52:09 - [TEST_STEP][PASSED] - setText(findTestObject("Page_PSTO webMessenger - Zalogowano/input_Robert Majewski_messageInput"), "c"): Text 'c' is set on object 'Object Repository/Page_PSTO webMessenger - Zalogowano/input_Robert Majewski_messageInput'

2021-12-19 14:52:10 - [MESSAGE][PASSED] - Text 'c' is set on object 'Object Repository/Page_PSTO webMessenger - Zalogowano/input_Robert Majewski_messageInput'

2021-12-19 14:52:10 - [TEST_STEP][PASSED] - click(findTestObject("Page_PSTO webMessenger - Zalogowano/img_Robert Majewski_sendButton")): Object: 'Object Repository/Page_PSTO webMessenger - Zalogowano/img_Robert Majewski_sendButton' is clicked on

2021-12-19 14:52:10 - [MESSAGE][PASSED] - Object: 'Object Repository/Page_PSTO webMessenger - Zalogowano/img_Robert Majewski_sendButton' is clicked on

2021-12-19 14:52:10 - [TEST_STEP][PASSED] - setText(findTestObject("Page_PSTO webMessenger - Zalogowano/input_Robert Majewski_messageInput"), "c"): Text 'c' is set on object 'Object Repository/Page_PSTO webMessenger - Zalogowano/input_Robert Majewski_messageInput'

2021-12-19 14:52:11 - [MESSAGE][PASSED] - Text 'c' is set on object 'Object Repository/Page_PSTO webMessenger - Zalogowano/input_Robert Majewski_messageInput'

2021-12-19 14:52:11 - [TEST_STEP][PASSED] - click(findTestObject("Page_PSTO webMessenger - Zalogowano/img_Robert Majewski_sendButton")): Object: 'Object Repository/Page_PSTO webMessenger - Zalogowano/img_Robert Majewski_sendButton' is clicked on

2021-12-19 14:52:12 - [MESSAGE][PASSED] - Object: 'Object Repository/Page_PSTO webMessenger - Zalogowano/img_Robert Majewski_sendButton' is clicked on

2021-12-19 14:52:12 - [TEST_STEP][PASSED] - setText(findTestObject("Page_PSTO webMessenger - Zalogowano/input_Robert Majewski_messageInput"), "c"): Text 'c' is set on object 'Object Repository/Page_PSTO webMessenger - Zalogowano/input_Robert Majewski_messageInput'

2021-12-19 14:52:13 - [MESSAGE][PASSED] - Text 'c' is set on object 'Object Repository/Page_PSTO webMessenger - Zalogowano/input_Robert Majewski_messageInput'

2021-12-19 14:52:13 - [TEST_STEP][PASSED] - click(findTestObject("Page_PSTO webMessenger - Zalogowano/img_Robert Majewski_sendButton")): Object: 'Object Repository/Page_PSTO webMessenger - Zalogowano/img_Robert Majewski_sendButton' is clicked on

2021-12-19 14:52:14 - [MESSAGE][PASSED] - Object: 'Object Repository/Page_PSTO webMessenger - Zalogowano/img_Robert Majewski_sendButton' is clicked on

2021-12-19 14:52:14 - [TEST_STEP][PASSED] - setText(findTestObject("Page_PSTO webMessenger - Zalogowano/input_Robert Majewski_messageInput"), "c"): Text 'c' is set on object 'Object Repository/Page_PSTO webMessenger - Zalogowano/input_Robert Majewski_messageInput'

2021-12-19 14:52:15 - [MESSAGE][PASSED] - Text 'c' is set on object 'Object Repository/Page_PSTO webMessenger - Zalogowano/input_Robert Majewski_messageInput'

2021-12-19 14:52:15 - [TEST_STEP][PASSED] - click(findTestObject("Page_PSTO webMessenger - Zalogowano/img_Robert Majewski_sendButton")): Object: 'Object Repository/Page_PSTO webMessenger - Zalogowano/img_Robert Majewski_sendButton' is clicked on

2021-12-19 14:52:15 - [MESSAGE][PASSED] - Object: 'Object Repository/Page_PSTO webMessenger - Zalogowano/img_Robert Majewski_sendButton' is clicked on

2021-12-19 14:52:15 - [TEST_STEP][PASSED] - setText(findTestObject("Page_PSTO webMessenger - Zalogowano/input_Robert Majewski_messageInput"), "c"): Text 'c' is set on object 'Object Repository/Page_PSTO webMessenger - Zalogowano/input_Robert Majewski_messageInput'

2021-12-19 14:52:16 - [MESSAGE][PASSED] - Text 'c' is set on object 'Object Repository/Page_PSTO webMessenger - Zalogowano/input_Robert Majewski_messageInput'

2021-12-19 14:52:16 - [TEST_STEP][PASSED] - click(findTestObject("Page_PSTO webMessenger - Zalogowano/img_Robert Majewski_sendButton")): Object: 'Object Repository/Page_PSTO webMessenger - Zalogowano/img_Robert Majewski_sendButton' is clicked on

2021-12-19 14:52:17 - [MESSAGE][PASSED] - Object: 'Object Repository/Page_PSTO webMessenger - Zalogowano/img_Robert Majewski_sendButton' is clicked on

2021-12-19 14:52:17 - [TEST_STEP][PASSED] - setText(findTestObject("Page_PSTO webMessenger - Zalogowano/input_Robert Majewski_messageInput"), "c"): Text 'c' is set on object 'Object Repository/Page_PSTO webMessenger - Zalogowano/input_Robert Majewski_messageInput'

2021-12-19 14:52:18 - [MESSAGE][PASSED] - Text 'c' is set on object 'Object Repository/Page_PSTO webMessenger - Zalogowano/input_Robert Majewski_messageInput'

2021-12-19 14:52:18 - [TEST_STEP][PASSED] - click(findTestObject("Page_PSTO webMessenger - Zalogowano/img_Robert Majewski_sendButton")): Object: 'Object Repository/Page_PSTO webMessenger - Zalogowano/img_Robert Majewski_sendButton' is clicked on

2021-12-19 14:52:19 - [MESSAGE][PASSED] - Object: 'Object Repository/Page_PSTO webMessenger - Zalogowano/img_Robert Majewski_sendButton' is clicked on

2021-12-19 14:52:19 - [TEST_STEP][PASSED] - setText(findTestObject("Page_PSTO webMessenger - Zalogowano/input_Robert Majewski_messageInput"), "c"): Text 'c' is set on object 'Object Repository/Page_PSTO webMessenger - Zalogowano/input_Robert Majewski_messageInput'

2021-12-19 14:52:20 - [MESSAGE][PASSED] - Text 'c' is set on object 'Object Repository/Page_PSTO webMessenger - Zalogowano/input_Robert Majewski_messageInput'

2021-12-19 14:52:20 - [TEST_STEP][PASSED] - click(findTestObject("Page_PSTO webMessenger - Zalogowano/img_Robert Majewski_sendButton")): Object: 'Object Repository/Page_PSTO webMessenger - Zalogowano/img_Robert Majewski_sendButton' is clicked on

2021-12-19 14:52:20 - [MESSAGE][PASSED] - Object: 'Object Repository/Page_PSTO webMessenger - Zalogowano/img_Robert Majewski_sendButton' is clicked on

2021-12-19 14:52:20 - [TEST_STEP][PASSED] - setText(findTestObject("Page_PSTO webMessenger - Zalogowano/input_Robert Majewski_messageInput"), "c"): Text 'c' is set on object 'Object Repository/Page_PSTO webMessenger - Zalogowano/input_Robert Majewski_messageInput'

2021-12-19 14:52:21 - [MESSAGE][PASSED] - Text 'c' is set on object 'Object Repository/Page_PSTO webMessenger - Zalogowano/input_Robert Majewski_messageInput'

2021-12-19 14:52:21 - [TEST_STEP][PASSED] - click(findTestObject("Page_PSTO webMessenger - Zalogowano/img_Robert Majewski_sendButton")): Object: 'Object Repository/Page_PSTO webMessenger - Zalogowano/img_Robert Majewski_sendButton' is clicked on

2021-12-19 14:52:22 - [MESSAGE][PASSED] - Object: 'Object Repository/Page_PSTO webMessenger - Zalogowano/img_Robert Majewski_sendButton' is clicked on

2021-12-19 14:52:22 - [TEST_STEP][PASSED] - setText(findTestObject("Page_PSTO webMessenger - Zalogowano/input_Robert Majewski_messageInput"), "c"): Text 'c' is set on object 'Object Repository/Page_PSTO webMessenger - Zalogowano/input_Robert Majewski_messageInput'

2021-12-19 14:52:24 - [MESSAGE][PASSED] - Text 'c' is set on object 'Object Repository/Page_PSTO webMessenger - Zalogowano/input_Robert Majewski_messageInput'

2021-12-19 14:52:24 - [TEST_STEP][PASSED] - click(findTestObject("Page_PSTO webMessenger - Zalogowano/img_Robert Majewski_sendButton")): Object: 'Object Repository/Page_PSTO webMessenger - Zalogowano/img_Robert Majewski_sendButton' is clicked on

2021-12-19 14:52:24 - [MESSAGE][PASSED] - Object: 'Object Repository/Page_PSTO webMessenger - Zalogowano/img_Robert Majewski_sendButton' is clicked on

2021-12-19 14:52:24 - [TEST_STEP][PASSED] - setText(findTestObject("Page_PSTO webMessenger - Zalogowano/input_Robert Majewski_messageInput"), "c"): Text 'c' is set on object 'Object Repository/Page_PSTO webMessenger - Zalogowano/input_Robert Majewski_messageInput'

2021-12-19 14:52:25 - [MESSAGE][PASSED] - Text 'c' is set on object 'Object Repository/Page_PSTO webMessenger - Zalogowano/input_Robert Majewski_messageInput'

2021-12-19 14:52:25 - [TEST_STEP][PASSED] - click(findTestObject("Page_PSTO webMessenger - Zalogowano/img_Robert Majewski_sendButton")): Object: 'Object Repository/Page_PSTO webMessenger - Zalogowano/img_Robert Majewski_sendButton' is clicked on

2021-12-19 14:52:26 - [MESSAGE][PASSED] - Object: 'Object Repository/Page_PSTO webMessenger - Zalogowano/img_Robert Majewski_sendButton' is clicked on

2021-12-19 14:52:26 - [TEST_STEP][PASSED] - setText(findTestObject("Page_PSTO webMessenger - Zalogowano/input_Robert Majewski_messageInput"), "c"): Text 'c' is set on object 'Object Repository/Page_PSTO webMessenger - Zalogowano/input_Robert Majewski_messageInput'

2021-12-19 14:52:27 - [MESSAGE][PASSED] - Text 'c' is set on object 'Object Repository/Page_PSTO webMessenger - Zalogowano/input_Robert Majewski_messageInput'

2021-12-19 14:52:27 - [TEST_STEP][PASSED] - click(findTestObject("Page_PSTO webMessenger - Zalogowano/img_Robert Majewski_sendButton")): Object: 'Object Repository/Page_PSTO webMessenger - Zalogowano/img_Robert Majewski_sendButton' is clicked on

2021-12-19 14:52:27 - [MESSAGE][PASSED] - Object: 'Object Repository/Page_PSTO webMessenger - Zalogowano/img_Robert Majewski_sendButton' is clicked on

2021-12-19 14:52:27 - [TEST_STEP][PASSED] - setText(findTestObject("Page_PSTO webMessenger - Zalogowano/input_Robert Majewski_messageInput"), "c"): Text 'c' is set on object 'Object Repository/Page_PSTO webMessenger - Zalogowano/input_Robert Majewski_messageInput'

2021-12-19 14:52:28 - [MESSAGE][PASSED] - Text 'c' is set on object 'Object Repository/Page_PSTO webMessenger - Zalogowano/input_Robert Majewski_messageInput'

2021-12-19 14:52:28 - [TEST_STEP][PASSED] - click(findTestObject("Page_PSTO webMessenger - Zalogowano/img_Robert Majewski_sendButton")): Object: 'Object Repository/Page_PSTO webMessenger - Zalogowano/img_Robert Majewski_sendButton' is clicked on

2021-12-19 14:52:28 - [MESSAGE][PASSED] - Object: 'Object Repository/Page_PSTO webMessenger - Zalogowano/img_Robert Majewski_sendButton' is clicked on

2021-12-19 14:52:28 - [TEST_STEP][PASSED] - setText(findTestObject("Page_PSTO webMessenger - Zalogowano/input_Robert Majewski_messageInput"), "c"): Text 'c' is set on object 'Object Repository/Page_PSTO webMessenger - Zalogowano/input_Robert Majewski_messageInput'

2021-12-19 14:52:29 - [MESSAGE][PASSED] - Text 'c' is set on object 'Object Repository/Page_PSTO webMessenger - Zalogowano/input_Robert Majewski_messageInput'

2021-12-19 14:52:29 - [TEST_STEP][PASSED] - click(findTestObject("Page_PSTO webMessenger - Zalogowano/img_Robert Majewski_sendButton")): Object: 'Object Repository/Page_PSTO webMessenger - Zalogowano/img_Robert Majewski_sendButton' is clicked on

2021-12-19 14:52:30 - [MESSAGE][PASSED] - Object: 'Object Repository/Page_PSTO webMessenger - Zalogowano/img_Robert Majewski_sendButton' is clicked on

2021-12-19 14:52:30 - [TEST_STEP][PASSED] - setText(findTestObject("Page_PSTO webMessenger - Zalogowano/input_Robert Majewski_messageInput"), "c"): Text 'c' is set on object 'Object Repository/Page_PSTO webMessenger - Zalogowano/input_Robert Majewski_messageInput'

2021-12-19 14:52:30 - [MESSAGE][PASSED] - Text 'c' is set on object 'Object Repository/Page_PSTO webMessenger - Zalogowano/input_Robert Majewski_messageInput'

2021-12-19 14:52:30 - [TEST_STEP][PASSED] - click(findTestObject("Page_PSTO webMessenger - Zalogowano/img_Robert Majewski_sendButton")): Object: 'Object Repository/Page_PSTO webMessenger - Zalogowano/img_Robert Majewski_sendButton' is clicked on

2021-12-19 14:52:31 - [MESSAGE][PASSED] - Object: 'Object Repository/Page_PSTO webMessenger - Zalogowano/img_Robert Majewski_sendButton' is clicked on

2021-12-19 14:52:31 - [TEST_STEP][PASSED] - setText(findTestObject("Page_PSTO webMessenger - Zalogowano/input_Robert Majewski_messageInput"), "c"): Text 'c' is set on object 'Object Repository/Page_PSTO webMessenger - Zalogowano/input_Robert Majewski_messageInput'

2021-12-19 14:52:32 - [MESSAGE][PASSED] - Text 'c' is set on object 'Object Repository/Page_PSTO webMessenger - Zalogowano/input_Robert Majewski_messageInput'

2021-12-19 14:52:32 - [TEST_STEP][PASSED] - click(findTestObject("Page_PSTO webMessenger - Zalogowano/img_Robert Majewski_sendButton")): Object: 'Object Repository/Page_PSTO webMessenger - Zalogowano/img_Robert Majewski_sendButton' is clicked on

2021-12-19 14:52:33 - [MESSAGE][PASSED] - Object: 'Object Repository/Page_PSTO webMessenger - Zalogowano/img_Robert Majewski_sendButton' is clicked on

2021-12-19 14:52:33 - [TEST_STEP][PASSED] - setText(findTestObject("Page_PSTO webMessenger - Zalogowano/input_Robert Majewski_messageInput"), "c"): Text 'c' is set on object 'Object Repository/Page_PSTO webMessenger - Zalogowano/input_Robert Majewski_messageInput'

2021-12-19 14:52:33 - [MESSAGE][PASSED] - Text 'c' is set on object 'Object Repository/Page_PSTO webMessenger - Zalogowano/input_Robert Majewski_messageInput'

2021-12-19 14:52:33 - [TEST_STEP][PASSED] - click(findTestObject("Page_PSTO webMessenger - Zalogowano/img_Robert Majewski_sendButton")): Object: 'Object Repository/Page_PSTO webMessenger - Zalogowano/img_Robert Majewski_sendButton' is clicked on

2021-12-19 14:52:34 - [MESSAGE][PASSED] - Object: 'Object Repository/Page_PSTO webMessenger - Zalogowano/img_Robert Majewski_sendButton' is clicked on

2021-12-19 14:52:34 - [TEST_STEP][PASSED] - setText(findTestObject("Page_PSTO webMessenger - Zalogowano/input_Robert Majewski_messageInput"), "c"): Text 'c' is set on object 'Object Repository/Page_PSTO webMessenger - Zalogowano/input_Robert Majewski_messageInput'

2021-12-19 14:52:35 - [MESSAGE][PASSED] - Text 'c' is set on object 'Object Repository/Page_PSTO webMessenger - Zalogowano/input_Robert Majewski_messageInput'

2021-12-19 14:52:35 - [TEST_STEP][PASSED] - click(findTestObject("Page_PSTO webMessenger - Zalogowano/img_Robert Majewski_sendButton")): Object: 'Object Repository/Page_PSTO webMessenger - Zalogowano/img_Robert Majewski_sendButton' is clicked on

2021-12-19 14:52:35 - [MESSAGE][PASSED] - Object: 'Object Repository/Page_PSTO webMessenger - Zalogowano/img_Robert Majewski_sendButton' is clicked on

2021-12-19 14:52:35 - [TEST_STEP][PASSED] - setText(findTestObject("Page_PSTO webMessenger - Zalogowano/input_Robert Majewski_messageInput"), "c"): Text 'c' is set on object 'Object Repository/Page_PSTO webMessenger - Zalogowano/input_Robert Majewski_messageInput'

2021-12-19 14:52:36 - [MESSAGE][PASSED] - Text 'c' is set on object 'Object Repository/Page_PSTO webMessenger - Zalogowano/input_Robert Majewski_messageInput'

2021-12-19 14:52:36 - [TEST_STEP][PASSED] - click(findTestObject("Page_PSTO webMessenger - Zalogowano/img_Robert Majewski_sendButton")): Object: 'Object Repository/Page_PSTO webMessenger - Zalogowano/img_Robert Majewski_sendButton' is clicked on

2021-12-19 14:52:37 - [MESSAGE][PASSED] - Object: 'Object Repository/Page_PSTO webMessenger - Zalogowano/img_Robert Majewski_sendButton' is clicked on

2021-12-19 14:52:37 - [TEST_STEP][PASSED] - setText(findTestObject("Page_PSTO webMessenger - Zalogowano/input_Robert Majewski_messageInput"), "c"): Text 'c' is set on object 'Object Repository/Page_PSTO webMessenger - Zalogowano/input_Robert Majewski_messageInput'

2021-12-19 14:52:38 - [MESSAGE][PASSED] - Text 'c' is set on object 'Object Repository/Page_PSTO webMessenger - Zalogowano/input_Robert Majewski_messageInput'

2021-12-19 14:52:38 - [TEST_STEP][PASSED] - click(findTestObject("Page_PSTO webMessenger - Zalogowano/img_Robert Majewski_sendButton")): Object: 'Object Repository/Page_PSTO webMessenger - Zalogowano/img_Robert Majewski_sendButton' is clicked on

2021-12-19 14:52:38 - [MESSAGE][PASSED] - Object: 'Object Repository/Page_PSTO webMessenger - Zalogowano/img_Robert Majewski_sendButton' is clicked on

2021-12-19 14:52:38 - [TEST_STEP][PASSED] - setText(findTestObject("Page_PSTO webMessenger - Zalogowano/input_Robert Majewski_messageInput"), "c"): Text 'c' is set on object 'Object Repository/Page_PSTO webMessenger - Zalogowano/input_Robert Majewski_messageInput'

2021-12-19 14:52:39 - [MESSAGE][PASSED] - Text 'c' is set on object 'Object Repository/Page_PSTO webMessenger - Zalogowano/input_Robert Majewski_messageInput'

2021-12-19 14:52:39 - [TEST_STEP][PASSED] - click(findTestObject("Page_PSTO webMessenger - Zalogowano/img_Robert Majewski_sendButton")): Object: 'Object Repository/Page_PSTO webMessenger - Zalogowano/img_Robert Majewski_sendButton' is clicked on

2021-12-19 14:52:40 - [MESSAGE][PASSED] - Object: 'Object Repository/Page_PSTO webMessenger - Zalogowano/img_Robert Majewski_sendButton' is clicked on

2021-12-19 14:52:40 - [TEST_STEP][PASSED] - setText(findTestObject("Page_PSTO webMessenger - Zalogowano/input_Robert Majewski_messageInput"), "c"): Text 'c' is set on object 'Object Repository/Page_PSTO webMessenger - Zalogowano/input_Robert Majewski_messageInput'

2021-12-19 14:52:40 - [MESSAGE][PASSED] - Text 'c' is set on object 'Object Repository/Page_PSTO webMessenger - Zalogowano/input_Robert Majewski_messageInput'

2021-12-19 14:52:40 - [TEST_STEP][PASSED] - click(findTestObject("Page_PSTO webMessenger - Zalogowano/img_Robert Majewski_sendButton")): Object: 'Object Repository/Page_PSTO webMessenger - Zalogowano/img_Robert Majewski_sendButton' is clicked on

2021-12-19 14:52:41 - [MESSAGE][PASSED] - Object: 'Object Repository/Page_PSTO webMessenger - Zalogowano/img_Robert Majewski_sendButton' is clicked on

2021-12-19 14:52:41 - [TEST_STEP][PASSED] - setText(findTestObject("Page_PSTO webMessenger - Zalogowano/input_Robert Majewski_messageInput"), "c"): Text 'c' is set on object 'Object Repository/Page_PSTO webMessenger - Zalogowano/input_Robert Majewski_messageInput'

2021-12-19 14:52:42 - [MESSAGE][PASSED] - Text 'c' is set on object 'Object Repository/Page_PSTO webMessenger - Zalogowano/input_Robert Majewski_messageInput'

2021-12-19 14:52:42 - [TEST_STEP][PASSED] - click(findTestObject("Page_PSTO webMessenger - Zalogowano/img_Robert Majewski_sendButton")): Object: 'Object Repository/Page_PSTO webMessenger - Zalogowano/img_Robert Majewski_sendButton' is clicked on

2021-12-19 14:52:43 - [MESSAGE][PASSED] - Object: 'Object Repository/Page_PSTO webMessenger - Zalogowano/img_Robert Majewski_sendButton' is clicked on

2021-12-19 14:52:43 - [TEST_STEP][PASSED] - setText(findTestObject("Page_PSTO webMessenger - Zalogowano/input_Robert Majewski_messageInput"), "c"): Text 'c' is set on object 'Object Repository/Page_PSTO webMessenger - Zalogowano/input_Robert Majewski_messageInput'

2021-12-19 14:52:43 - [MESSAGE][PASSED] - Text 'c' is set on object 'Object Repository/Page_PSTO webMessenger - Zalogowano/input_Robert Majewski_messageInput'

2021-12-19 14:52:43 - [TEST_STEP][PASSED] - click(findTestObject("Page_PSTO webMessenger - Zalogowano/img_Robert Majewski_sendButton")): Object: 'Object Repository/Page_PSTO webMessenger - Zalogowano/img_Robert Majewski_sendButton' is clicked on

2021-12-19 14:52:44 - [MESSAGE][PASSED] - Object: 'Object Repository/Page_PSTO webMessenger - Zalogowano/img_Robert Majewski_sendButton' is clicked on

2021-12-19 14:52:44 - [TEST_STEP][PASSED] - setText(findTestObject("Page_PSTO webMessenger - Zalogowano/input_Robert Majewski_messageInput"), "c"): Text 'c' is set on object 'Object Repository/Page_PSTO webMessenger - Zalogowano/input_Robert Majewski_messageInput'

2021-12-19 14:52:45 - [MESSAGE][PASSED] - Text 'c' is set on object 'Object Repository/Page_PSTO webMessenger - Zalogowano/input_Robert Majewski_messageInput'

2021-12-19 14:52:45 - [TEST_STEP][PASSED] - click(findTestObject("Page_PSTO webMessenger - Zalogowano/img_Robert Majewski_sendButton")): Object: 'Object Repository/Page_PSTO webMessenger - Zalogowano/img_Robert Majewski_sendButton' is clicked on

2021-12-19 14:52:45 - [MESSAGE][PASSED] - Object: 'Object Repository/Page_PSTO webMessenger - Zalogowano/img_Robert Majewski_sendButton' is clicked on

2021-12-19 14:52:45 - [TEST_STEP][PASSED] - setText(findTestObject("Page_PSTO webMessenger - Zalogowano/input_Robert Majewski_messageInput"), "c"): Text 'c' is set on object 'Object Repository/Page_PSTO webMessenger - Zalogowano/input_Robert Majewski_messageInput'

2021-12-19 14:52:46 - [MESSAGE][PASSED] - Text 'c' is set on object 'Object Repository/Page_PSTO webMessenger - Zalogowano/input_Robert Majewski_messageInput'

2021-12-19 14:52:46 - [TEST_STEP][PASSED] - click(findTestObject("Page_PSTO webMessenger - Zalogowano/img_Robert Majewski_sendButton")): Object: 'Object Repository/Page_PSTO webMessenger - Zalogowano/img_Robert Majewski_sendButton' is clicked on

2021-12-19 14:52:47 - [MESSAGE][PASSED] - Object: 'Object Repository/Page_PSTO webMessenger - Zalogowano/img_Robert Majewski_sendButton' is clicked on

2021-12-19 14:52:47 - [TEST_STEP][PASSED] - setText(findTestObject("Page_PSTO webMessenger - Zalogowano/input_Robert Majewski_messageInput"), "c"): Text 'c' is set on object 'Object Repository/Page_PSTO webMessenger - Zalogowano/input_Robert Majewski_messageInput'

2021-12-19 14:52:48 - [MESSAGE][PASSED] - Text 'c' is set on object 'Object Repository/Page_PSTO webMessenger - Zalogowano/input_Robert Majewski_messageInput'

2021-12-19 14:52:48 - [TEST_STEP][PASSED] - click(findTestObject("Page_PSTO webMessenger - Zalogowano/img_Robert Majewski_sendButton")): Object: 'Object Repository/Page_PSTO webMessenger - Zalogowano/img_Robert Majewski_sendButton' is clicked on

2021-12-19 14:52:49 - [MESSAGE][PASSED] - Object: 'Object Repository/Page_PSTO webMessenger - Zalogowano/img_Robert Majewski_sendButton' is clicked on

2021-12-19 14:52:49 - [TEST_STEP][PASSED] - setText(findTestObject("Page_PSTO webMessenger - Zalogowano/input_Robert Majewski_messageInput"), "c"): Text 'c' is set on object 'Object Repository/Page_PSTO webMessenger - Zalogowano/input_Robert Majewski_messageInput'

2021-12-19 14:52:49 - [MESSAGE][PASSED] - Text 'c' is set on object 'Object Repository/Page_PSTO webMessenger - Zalogowano/input_Robert Majewski_messageInput'

2021-12-19 14:52:49 - [TEST_STEP][PASSED] - click(findTestObject("Page_PSTO webMessenger - Zalogowano/img_Robert Majewski_sendButton")): Object: 'Object Repository/Page_PSTO webMessenger - Zalogowano/img_Robert Majewski_sendButton' is clicked on

2021-12-19 14:52:50 - [MESSAGE][PASSED] - Object: 'Object Repository/Page_PSTO webMessenger - Zalogowano/img_Robert Majewski_sendButton' is clicked on

2021-12-19 14:52:50 - [TEST_STEP][PASSED] - setText(findTestObject("Page_PSTO webMessenger - Zalogowano/input_Robert Majewski_messageInput"), "c"): Text 'c' is set on object 'Object Repository/Page_PSTO webMessenger - Zalogowano/input_Robert Majewski_messageInput'

2021-12-19 14:52:51 - [MESSAGE][PASSED] - Text 'c' is set on object 'Object Repository/Page_PSTO webMessenger - Zalogowano/input_Robert Majewski_messageInput'

2021-12-19 14:52:51 - [TEST_STEP][PASSED] - click(findTestObject("Page_PSTO webMessenger - Zalogowano/img_Robert Majewski_sendButton")): Object: 'Object Repository/Page_PSTO webMessenger - Zalogowano/img_Robert Majewski_sendButton' is clicked on

2021-12-19 14:52:51 - [MESSAGE][PASSED] - Object: 'Object Repository/Page_PSTO webMessenger - Zalogowano/img_Robert Majewski_sendButton' is clicked on

2021-12-19 14:52:51 - [TEST_STEP][PASSED] - setText(findTestObject("Page_PSTO webMessenger - Zalogowano/input_Robert Majewski_messageInput"), "c"): Text 'c' is set on object 'Object Repository/Page_PSTO webMessenger - Zalogowano/input_Robert Majewski_messageInput'

2021-12-19 14:52:52 - [MESSAGE][PASSED] - Text 'c' is set on object 'Object Repository/Page_PSTO webMessenger - Zalogowano/input_Robert Majewski_messageInput'

2021-12-19 14:52:52 - [TEST_STEP][PASSED] - click(findTestObject("Page_PSTO webMessenger - Zalogowano/img_Robert Majewski_sendButton")): Object: 'Object Repository/Page_PSTO webMessenger - Zalogowano/img_Robert Majewski_sendButton' is clicked on

2021-12-19 14:52:53 - [MESSAGE][PASSED] - Object: 'Object Repository/Page_PSTO webMessenger - Zalogowano/img_Robert Majewski_sendButton' is clicked on

2021-12-19 14:52:53 - [TEST_STEP][PASSED] - setText(findTestObject("Page_PSTO webMessenger - Zalogowano/input_Robert Majewski_messageInput"), "c"): Text 'c' is set on object 'Object Repository/Page_PSTO webMessenger - Zalogowano/input_Robert Majewski_messageInput'

2021-12-19 14:52:53 - [MESSAGE][PASSED] - Text 'c' is set on object 'Object Repository/Page_PSTO webMessenger - Zalogowano/input_Robert Majewski_messageInput'

2021-12-19 14:52:53 - [TEST_STEP][PASSED] - click(findTestObject("Page_PSTO webMessenger - Zalogowano/img_Robert Majewski_sendButton")): Object: 'Object Repository/Page_PSTO webMessenger - Zalogowano/img_Robert Majewski_sendButton' is clicked on

2021-12-19 14:52:54 - [MESSAGE][PASSED] - Object: 'Object Repository/Page_PSTO webMessenger - Zalogowano/img_Robert Majewski_sendButton' is clicked on

2021-12-19 14:52:54 - [TEST_STEP][PASSED] - setText(findTestObject("Page_PSTO webMessenger - Zalogowano/input_Robert Majewski_messageInput"), "c"): Text 'c' is set on object 'Object Repository/Page_PSTO webMessenger - Zalogowano/input_Robert Majewski_messageInput'

2021-12-19 14:52:55 - [MESSAGE][PASSED] - Text 'c' is set on object 'Object Repository/Page_PSTO webMessenger - Zalogowano/input_Robert Majewski_messageInput'

2021-12-19 14:52:55 - [TEST_STEP][PASSED] - click(findTestObject("Page_PSTO webMessenger - Zalogowano/img_Robert Majewski_sendButton")): Object: 'Object Repository/Page_PSTO webMessenger - Zalogowano/img_Robert Majewski_sendButton' is clicked on

2021-12-19 14:52:55 - [MESSAGE][PASSED] - Object: 'Object Repository/Page_PSTO webMessenger - Zalogowano/img_Robert Majewski_sendButton' is clicked on

2021-12-19 14:52:55 - [TEST_STEP][PASSED] - setText(findTestObject("Page_PSTO webMessenger - Zalogowano/input_Robert Majewski_messageInput"), "c"): Text 'c' is set on object 'Object Repository/Page_PSTO webMessenger - Zalogowano/input_Robert Majewski_messageInput'

2021-12-19 14:52:56 - [MESSAGE][PASSED] - Text 'c' is set on object 'Object Repository/Page_PSTO webMessenger - Zalogowano/input_Robert Majewski_messageInput'

2021-12-19 14:52:56 - [TEST_STEP][PASSED] - click(findTestObject("Page_PSTO webMessenger - Zalogowano/img_Robert Majewski_sendButton")): Object: 'Object Repository/Page_PSTO webMessenger - Zalogowano/img_Robert Majewski_sendButton' is clicked on

2021-12-19 14:52:57 - [MESSAGE][PASSED] - Object: 'Object Repository/Page_PSTO webMessenger - Zalogowano/img_Robert Majewski_sendButton' is clicked on

2021-12-19 14:52:57 - [TEST_STEP][PASSED] - setText(findTestObject("Page_PSTO webMessenger - Zalogowano/input_Robert Majewski_messageInput"), "c"): Text 'c' is set on object 'Object Repository/Page_PSTO webMessenger - Zalogowano/input_Robert Majewski_messageInput'

2021-12-19 14:52:58 - [MESSAGE][PASSED] - Text 'c' is set on object 'Object Repository/Page_PSTO webMessenger - Zalogowano/input_Robert Majewski_messageInput'

2021-12-19 14:52:58 - [TEST_STEP][PASSED] - click(findTestObject("Page_PSTO webMessenger - Zalogowano/img_Robert Majewski_sendButton")): Object: 'Object Repository/Page_PSTO webMessenger - Zalogowano/img_Robert Majewski_sendButton' is clicked on

2021-12-19 14:52:58 - [MESSAGE][PASSED] - Object: 'Object Repository/Page_PSTO webMessenger - Zalogowano/img_Robert Majewski_sendButton' is clicked on

2021-12-19 14:52:58 - [TEST_STEP][PASSED] - setText(findTestObject("Page_PSTO webMessenger - Zalogowano/input_Robert Majewski_messageInput"), "c"): Text 'c' is set on object 'Object Repository/Page_PSTO webMessenger - Zalogowano/input_Robert Majewski_messageInput'

2021-12-19 14:52:59 - [MESSAGE][PASSED] - Text 'c' is set on object 'Object Repository/Page_PSTO webMessenger - Zalogowano/input_Robert Majewski_messageInput'

2021-12-19 14:52:59 - [TEST_STEP][PASSED] - click(findTestObject("Page_PSTO webMessenger - Zalogowano/img_Robert Majewski_sendButton")): Object: 'Object Repository/Page_PSTO webMessenger - Zalogowano/img_Robert Majewski_sendButton' is clicked on

2021-12-19 14:53:00 - [MESSAGE][PASSED] - Object: 'Object Repository/Page_PSTO webMessenger - Zalogowano/img_Robert Majewski_sendButton' is clicked on

2021-12-19 14:53:00 - [TEST_STEP][PASSED] - setText(findTestObject("Page_PSTO webMessenger - Zalogowano/input_Robert Majewski_messageInput"), "c"): Text 'c' is set on object 'Object Repository/Page_PSTO webMessenger - Zalogowano/input_Robert Majewski_messageInput'

2021-12-19 14:53:00 - [MESSAGE][PASSED] - Text 'c' is set on object 'Object Repository/Page_PSTO webMessenger - Zalogowano/input_Robert Majewski_messageInput'

2021-12-19 14:53:00 - [TEST_STEP][PASSED] - click(findTestObject("Page_PSTO webMessenger - Zalogowano/img_Robert Majewski_sendButton")): Object: 'Object Repository/Page_PSTO webMessenger - Zalogowano/img_Robert Majewski_sendButton' is clicked on

2021-12-19 14:53:01 - [MESSAGE][PASSED] - Object: 'Object Repository/Page_PSTO webMessenger - Zalogowano/img_Robert Majewski_sendButton' is clicked on

2021-12-19 14:53:01 - [TEST_STEP][PASSED] - setText(findTestObject("Page_PSTO webMessenger - Zalogowano/input_Robert Majewski_messageInput"), "c"): Text 'c' is set on object 'Object Repository/Page_PSTO webMessenger - Zalogowano/input_Robert Majewski_messageInput'

2021-12-19 14:53:02 - [MESSAGE][PASSED] - Text 'c' is set on object 'Object Repository/Page_PSTO webMessenger - Zalogowano/input_Robert Majewski_messageInput'

2021-12-19 14:53:02 - [TEST_STEP][PASSED] - click(findTestObject("Page_PSTO webMessenger - Zalogowano/img_Robert Majewski_sendButton")): Object: 'Object Repository/Page_PSTO webMessenger - Zalogowano/img_Robert Majewski_sendButton' is clicked on

2021-12-19 14:53:02 - [MESSAGE][PASSED] - Object: 'Object Repository/Page_PSTO webMessenger - Zalogowano/img_Robert Majewski_sendButton' is clicked on

2021-12-19 14:53:02 - [TEST_STEP][PASSED] - setText(findTestObject("Page_PSTO webMessenger - Zalogowano/input_Robert Majewski_messageInput"), "c"): Text 'c' is set on object 'Object Repository/Page_PSTO webMessenger - Zalogowano/input_Robert Majewski_messageInput'

2021-12-19 14:53:03 - [MESSAGE][PASSED] - Text 'c' is set on object 'Object Repository/Page_PSTO webMessenger - Zalogowano/input_Robert Majewski_messageInput'

2021-12-19 14:53:03 - [TEST_STEP][PASSED] - click(findTestObject("Page_PSTO webMessenger - Zalogowano/img_Robert Majewski_sendButton")): Object: 'Object Repository/Page_PSTO webMessenger - Zalogowano/img_Robert Majewski_sendButton' is clicked on

2021-12-19 14:53:04 - [MESSAGE][PASSED] - Object: 'Object Repository/Page_PSTO webMessenger - Zalogowano/img_Robert Majewski_sendButton' is clicked on

2021-12-19 14:53:04 - [TEST_STEP][PASSED] - setText(findTestObject("Page_PSTO webMessenger - Zalogowano/input_Robert Majewski_messageInput"), "c"): Text 'c' is set on object 'Object Repository/Page_PSTO webMessenger - Zalogowano/input_Robert Majewski_messageInput'

2021-12-19 14:53:04 - [MESSAGE][PASSED] - Text 'c' is set on object 'Object Repository/Page_PSTO webMessenger - Zalogowano/input_Robert Majewski_messageInput'

2021-12-19 14:53:04 - [TEST_STEP][PASSED] - click(findTestObject("Page_PSTO webMessenger - Zalogowano/img_Robert Majewski_sendButton")): Object: 'Object Repository/Page_PSTO webMessenger - Zalogowano/img_Robert Majewski_sendButton' is clicked on

2021-12-19 14:53:05 - [MESSAGE][PASSED] - Object: 'Object Repository/Page_PSTO webMessenger - Zalogowano/img_Robert Majewski_sendButton' is clicked on

2021-12-19 14:53:05 - [TEST_STEP][PASSED] - setText(findTestObject("Page_PSTO webMessenger - Zalogowano/input_Robert Majewski_messageInput"), "c"): Text 'c' is set on object 'Object Repository/Page_PSTO webMessenger - Zalogowano/input_Robert Majewski_messageInput'

2021-12-19 14:53:06 - [MESSAGE][PASSED] - Text 'c' is set on object 'Object Repository/Page_PSTO webMessenger - Zalogowano/input_Robert Majewski_messageInput'

2021-12-19 14:53:06 - [TEST_STEP][PASSED] - click(findTestObject("Page_PSTO webMessenger - Zalogowano/img_Robert Majewski_sendButton")): Object: 'Object Repository/Page_PSTO webMessenger - Zalogowano/img_Robert Majewski_sendButton' is clicked on

2021-12-19 14:53:06 - [MESSAGE][PASSED] - Object: 'Object Repository/Page_PSTO webMessenger - Zalogowano/img_Robert Majewski_sendButton' is clicked on

2021-12-19 14:53:06 - [TEST_STEP][PASSED] - setText(findTestObject("Page_PSTO webMessenger - Zalogowano/input_Robert Majewski_messageInput"), "c"): Text 'c' is set on object 'Object Repository/Page_PSTO webMessenger - Zalogowano/input_Robert Majewski_messageInput'

2021-12-19 14:53:07 - [MESSAGE][PASSED] - Text 'c' is set on object 'Object Repository/Page_PSTO webMessenger - Zalogowano/input_Robert Majewski_messageInput'

2021-12-19 14:53:07 - [TEST_STEP][PASSED] - click(findTestObject("Page_PSTO webMessenger - Zalogowano/img_Robert Majewski_sendButton")): Object: 'Object Repository/Page_PSTO webMessenger - Zalogowano/img_Robert Majewski_sendButton' is clicked on

2021-12-19 14:53:09 - [MESSAGE][PASSED] - Object: 'Object Repository/Page_PSTO webMessenger - Zalogowano/img_Robert Majewski_sendButton' is clicked on

2021-12-19 14:53:09 - [TEST_STEP][PASSED] - setText(findTestObject("Page_PSTO webMessenger - Zalogowano/input_Robert Majewski_messageInput"), "c"): Text 'c' is set on object 'Object Repository/Page_PSTO webMessenger - Zalogowano/input_Robert Majewski_messageInput'

2021-12-19 14:53:09 - [MESSAGE][PASSED] - Text 'c' is set on object 'Object Repository/Page_PSTO webMessenger - Zalogowano/input_Robert Majewski_messageInput'

2021-12-19 14:53:09 - [TEST_STEP][PASSED] - click(findTestObject("Page_PSTO webMessenger - Zalogowano/img_Robert Majewski_sendButton")): Object: 'Object Repository/Page_PSTO webMessenger - Zalogowano/img_Robert Majewski_sendButton' is clicked on

2021-12-19 14:53:10 - [MESSAGE][PASSED] - Object: 'Object Repository/Page_PSTO webMessenger - Zalogowano/img_Robert Majewski_sendButton' is clicked on

2021-12-19 14:53:10 - [TEST_STEP][PASSED] - setText(findTestObject("Page_PSTO webMessenger - Zalogowano/input_Robert Majewski_messageInput"), "c"): Text 'c' is set on object 'Object Repository/Page_PSTO webMessenger - Zalogowano/input_Robert Majewski_messageInput'

2021-12-19 14:53:11 - [MESSAGE][PASSED] - Text 'c' is set on object 'Object Repository/Page_PSTO webMessenger - Zalogowano/input_Robert Majewski_messageInput'

2021-12-19 14:53:11 - [TEST_STEP][PASSED] - click(findTestObject("Page_PSTO webMessenger - Zalogowano/img_Robert Majewski_sendButton")): Object: 'Object Repository/Page_PSTO webMessenger - Zalogowano/img_Robert Majewski_sendButton' is clicked on

2021-12-19 14:53:11 - [MESSAGE][PASSED] - Object: 'Object Repository/Page_PSTO webMessenger - Zalogowano/img_Robert Majewski_sendButton' is clicked on

2021-12-19 14:53:11 - [TEST_STEP][PASSED] - setText(findTestObject("Page_PSTO webMessenger - Zalogowano/input_Robert Majewski_messageInput"), "c"): Text 'c' is set on object 'Object Repository/Page_PSTO webMessenger - Zalogowano/input_Robert Majewski_messageInput'

2021-12-19 14:53:12 - [MESSAGE][PASSED] - Text 'c' is set on object 'Object Repository/Page_PSTO webMessenger - Zalogowano/input_Robert Majewski_messageInput'

2021-12-19 14:53:12 - [TEST_STEP][PASSED] - click(findTestObject("Page_PSTO webMessenger - Zalogowano/img_Robert Majewski_sendButton")): Object: 'Object Repository/Page_PSTO webMessenger - Zalogowano/img_Robert Majewski_sendButton' is clicked on

2021-12-19 14:53:13 - [MESSAGE][PASSED] - Object: 'Object Repository/Page_PSTO webMessenger - Zalogowano/img_Robert Majewski_sendButton' is clicked on

2021-12-19 14:53:13 - [TEST_STEP][PASSED] - setText(findTestObject("Page_PSTO webMessenger - Zalogowano/input_Robert Majewski_messageInput"), "c"): Text 'c' is set on object 'Object Repository/Page_PSTO webMessenger - Zalogowano/input_Robert Majewski_messageInput'

2021-12-19 14:53:13 - [MESSAGE][PASSED] - Text 'c' is set on object 'Object Repository/Page_PSTO webMessenger - Zalogowano/input_Robert Majewski_messageInput'

2021-12-19 14:53:13 - [TEST_STEP][PASSED] - click(findTestObject("Page_PSTO webMessenger - Zalogowano/img_Robert Majewski_sendButton")): Object: 'Object Repository/Page_PSTO webMessenger - Zalogowano/img_Robert Majewski_sendButton' is clicked on

2021-12-19 14:53:14 - [MESSAGE][PASSED] - Object: 'Object Repository/Page_PSTO webMessenger - Zalogowano/img_Robert Majewski_sendButton' is clicked on

2021-12-19 14:53:14 - [TEST_STEP][PASSED] - setText(findTestObject("Page_PSTO webMessenger - Zalogowano/input_Robert Majewski_messageInput"), "c"): Text 'c' is set on object 'Object Repository/Page_PSTO webMessenger - Zalogowano/input_Robert Majewski_messageInput'

2021-12-19 14:53:15 - [MESSAGE][PASSED] - Text 'c' is set on object 'Object Repository/Page_PSTO webMessenger - Zalogowano/input_Robert Majewski_messageInput'

2021-12-19 14:53:15 - [TEST_STEP][PASSED] - click(findTestObject("Page_PSTO webMessenger - Zalogowano/img_Robert Majewski_sendButton")): Object: 'Object Repository/Page_PSTO webMessenger - Zalogowano/img_Robert Majewski_sendButton' is clicked on

2021-12-19 14:53:15 - [MESSAGE][PASSED] - Object: 'Object Repository/Page_PSTO webMessenger - Zalogowano/img_Robert Majewski_sendButton' is clicked on

2021-12-19 14:53:15 - [TEST_STEP][PASSED] - setText(findTestObject("Page_PSTO webMessenger - Zalogowano/input_Robert Majewski_messageInput"), "c"): Text 'c' is set on object 'Object Repository/Page_PSTO webMessenger - Zalogowano/input_Robert Majewski_messageInput'

2021-12-19 14:53:16 - [MESSAGE][PASSED] - Text 'c' is set on object 'Object Repository/Page_PSTO webMessenger - Zalogowano/input_Robert Majewski_messageInput'

2021-12-19 14:53:16 - [TEST_STEP][PASSED] - click(findTestObject("Page_PSTO webMessenger - Zalogowano/img_Robert Majewski_sendButton")): Object: 'Object Repository/Page_PSTO webMessenger - Zalogowano/img_Robert Majewski_sendButton' is clicked on

2021-12-19 14:53:17 - [MESSAGE][PASSED] - Object: 'Object Repository/Page_PSTO webMessenger - Zalogowano/img_Robert Majewski_sendButton' is clicked on

2021-12-19 14:53:17 - [TEST_STEP][PASSED] - setText(findTestObject("Page_PSTO webMessenger - Zalogowano/input_Robert Majewski_messageInput"), "c"): Text 'c' is set on object 'Object Repository/Page_PSTO webMessenger - Zalogowano/input_Robert Majewski_messageInput'

2021-12-19 14:53:18 - [MESSAGE][PASSED] - Text 'c' is set on object 'Object Repository/Page_PSTO webMessenger - Zalogowano/input_Robert Majewski_messageInput'

2021-12-19 14:53:18 - [TEST_STEP][PASSED] - click(findTestObject("Page_PSTO webMessenger - Zalogowano/img_Robert Majewski_sendButton")): Object: 'Object Repository/Page_PSTO webMessenger - Zalogowano/img_Robert Majewski_sendButton' is clicked on

2021-12-19 14:53:19 - [MESSAGE][PASSED] - Object: 'Object Repository/Page_PSTO webMessenger - Zalogowano/img_Robert Majewski_sendButton' is clicked on

2021-12-19 14:53:19 - [TEST_STEP][PASSED] - setText(findTestObject("Page_PSTO webMessenger - Zalogowano/input_Robert Majewski_messageInput"), "c"): Text 'c' is set on object 'Object Repository/Page_PSTO webMessenger - Zalogowano/input_Robert Majewski_messageInput'

2021-12-19 14:53:19 - [MESSAGE][PASSED] - Text 'c' is set on object 'Object Repository/Page_PSTO webMessenger - Zalogowano/input_Robert Majewski_messageInput'

2021-12-19 14:53:19 - [TEST_STEP][PASSED] - click(findTestObject("Page_PSTO webMessenger - Zalogowano/img_Robert Majewski_sendButton")): Object: 'Object Repository/Page_PSTO webMessenger - Zalogowano/img_Robert Majewski_sendButton' is clicked on

2021-12-19 14:53:20 - [MESSAGE][PASSED] - Object: 'Object Repository/Page_PSTO webMessenger - Zalogowano/img_Robert Majewski_sendButton' is clicked on

2021-12-19 14:53:20 - [TEST_STEP][PASSED] - setText(findTestObject("Page_PSTO webMessenger - Zalogowano/input_Robert Majewski_messageInput"), "c"): Text 'c' is set on object 'Object Repository/Page_PSTO webMessenger - Zalogowano/input_Robert Majewski_messageInput'

2021-12-19 14:53:21 - [MESSAGE][PASSED] - Text 'c' is set on object 'Object Repository/Page_PSTO webMessenger - Zalogowano/input_Robert Majewski_messageInput'

2021-12-19 14:53:21 - [TEST_STEP][PASSED] - click(findTestObject("Page_PSTO webMessenger - Zalogowano/img_Robert Majewski_sendButton")): Object: 'Object Repository/Page_PSTO webMessenger - Zalogowano/img_Robert Majewski_sendButton' is clicked on

2021-12-19 14:53:21 - [MESSAGE][PASSED] - Object: 'Object Repository/Page_PSTO webMessenger - Zalogowano/img_Robert Majewski_sendButton' is clicked on

2021-12-19 14:53:21 - [TEST_STEP][PASSED] - setText(findTestObject("Page_PSTO webMessenger - Zalogowano/input_Robert Majewski_messageInput"), "c"): Text 'c' is set on object 'Object Repository/Page_PSTO webMessenger - Zalogowano/input_Robert Majewski_messageInput'

2021-12-19 14:53:22 - [MESSAGE][PASSED] - Text 'c' is set on object 'Object Repository/Page_PSTO webMessenger - Zalogowano/input_Robert Majewski_messageInput'

2021-12-19 14:53:22 - [TEST_STEP][PASSED] - click(findTestObject("Page_PSTO webMessenger - Zalogowano/img_Robert Majewski_sendButton")): Object: 'Object Repository/Page_PSTO webMessenger - Zalogowano/img_Robert Majewski_sendButton' is clicked on

2021-12-19 14:53:23 - [MESSAGE][PASSED] - Object: 'Object Repository/Page_PSTO webMessenger - Zalogowano/img_Robert Majewski_sendButton' is clicked on

2021-12-19 14:53:23 - [TEST_STEP][PASSED] - setText(findTestObject("Page_PSTO webMessenger - Zalogowano/input_Robert Majewski_messageInput"), "c"): Text 'c' is set on object 'Object Repository/Page_PSTO webMessenger - Zalogowano/input_Robert Majewski_messageInput'

2021-12-19 14:53:24 - [MESSAGE][PASSED] - Text 'c' is set on object 'Object Repository/Page_PSTO webMessenger - Zalogowano/input_Robert Majewski_messageInput'

2021-12-19 14:53:24 - [TEST_STEP][PASSED] - click(findTestObject("Page_PSTO webMessenger - Zalogowano/img_Robert Majewski_sendButton")): Object: 'Object Repository/Page_PSTO webMessenger - Zalogowano/img_Robert Majewski_sendButton' is clicked on

2021-12-19 14:53:24 - [MESSAGE][PASSED] - Object: 'Object Repository/Page_PSTO webMessenger - Zalogowano/img_Robert Majewski_sendButton' is clicked on

2021-12-19 14:53:24 - [TEST_STEP][PASSED] - setText(findTestObject("Page_PSTO webMessenger - Zalogowano/input_Robert Majewski_messageInput"), "c"): Text 'c' is set on object 'Object Repository/Page_PSTO webMessenger - Zalogowano/input_Robert Majewski_messageInput'

2021-12-19 14:53:25 - [MESSAGE][PASSED] - Text 'c' is set on object 'Object Repository/Page_PSTO webMessenger - Zalogowano/input_Robert Majewski_messageInput'

2021-12-19 14:53:25 - [TEST_STEP][PASSED] - click(findTestObject("Page_PSTO webMessenger - Zalogowano/img_Robert Majewski_sendButton")): Object: 'Object Repository/Page_PSTO webMessenger - Zalogowano/img_Robert Majewski_sendButton' is clicked on

2021-12-19 14:53:26 - [MESSAGE][PASSED] - Object: 'Object Repository/Page_PSTO webMessenger - Zalogowano/img_Robert Majewski_sendButton' is clicked on

2021-12-19 14:53:26 - [TEST_STEP][PASSED] - setText(findTestObject("Page_PSTO webMessenger - Zalogowano/input_Robert Majewski_messageInput"), "c"): Text 'c' is set on object 'Object Repository/Page_PSTO webMessenger - Zalogowano/input_Robert Majewski_messageInput'

2021-12-19 14:53:26 - [MESSAGE][PASSED] - Text 'c' is set on object 'Object Repository/Page_PSTO webMessenger - Zalogowano/input_Robert Majewski_messageInput'

2021-12-19 14:53:26 - [TEST_STEP][PASSED] - click(findTestObject("Page_PSTO webMessenger - Zalogowano/img_Robert Majewski_sendButton")): Object: 'Object Repository/Page_PSTO webMessenger - Zalogowano/img_Robert Majewski_sendButton' is clicked on

2021-12-19 14:53:27 - [MESSAGE][PASSED] - Object: 'Object Repository/Page_PSTO webMessenger - Zalogowano/img_Robert Majewski_sendButton' is clicked on

2021-12-19 14:53:27 - [TEST_STEP][PASSED] - setText(findTestObject("Page_PSTO webMessenger - Zalogowano/input_Robert Majewski_messageInput"), "c"): Text 'c' is set on object 'Object Repository/Page_PSTO webMessenger - Zalogowano/input_Robert Majewski_messageInput'

2021-12-19 14:53:28 - [MESSAGE][PASSED] - Text 'c' is set on object 'Object Repository/Page_PSTO webMessenger - Zalogowano/input_Robert Majewski_messageInput'

2021-12-19 14:53:28 - [TEST_STEP][PASSED] - click(findTestObject("Page_PSTO webMessenger - Zalogowano/img_Robert Majewski_sendButton")): Object: 'Object Repository/Page_PSTO webMessenger - Zalogowano/img_Robert Majewski_sendButton' is clicked on

2021-12-19 14:53:29 - [MESSAGE][PASSED] - Object: 'Object Repository/Page_PSTO webMessenger - Zalogowano/img_Robert Majewski_sendButton' is clicked on

2021-12-19 14:53:29 - [TEST_STEP][PASSED] - setText(findTestObject("Page_PSTO webMessenger - Zalogowano/input_Robert Majewski_messageInput"), "c"): Text 'c' is set on object 'Object Repository/Page_PSTO webMessenger - Zalogowano/input_Robert Majewski_messageInput'

2021-12-19 14:53:29 - [MESSAGE][PASSED] - Text 'c' is set on object 'Object Repository/Page_PSTO webMessenger - Zalogowano/input_Robert Majewski_messageInput'

2021-12-19 14:53:29 - [TEST_STEP][PASSED] - click(findTestObject("Page_PSTO webMessenger - Zalogowano/img_Robert Majewski_sendButton")): Object: 'Object Repository/Page_PSTO webMessenger - Zalogowano/img_Robert Majewski_sendButton' is clicked on

2021-12-19 14:53:30 - [MESSAGE][PASSED] - Object: 'Object Repository/Page_PSTO webMessenger - Zalogowano/img_Robert Majewski_sendButton' is clicked on

2021-12-19 14:53:30 - [TEST_STEP][PASSED] - setText(findTestObject("Page_PSTO webMessenger - Zalogowano/input_Robert Majewski_messageInput"), "c"): Text 'c' is set on object 'Object Repository/Page_PSTO webMessenger - Zalogowano/input_Robert Majewski_messageInput'

2021-12-19 14:53:31 - [MESSAGE][PASSED] - Text 'c' is set on object 'Object Repository/Page_PSTO webMessenger - Zalogowano/input_Robert Majewski_messageInput'

2021-12-19 14:53:31 - [TEST_STEP][PASSED] - click(findTestObject("Page_PSTO webMessenger - Zalogowano/img_Robert Majewski_sendButton")): Object: 'Object Repository/Page_PSTO webMessenger - Zalogowano/img_Robert Majewski_sendButton' is clicked on

2021-12-19 14:53:31 - [MESSAGE][PASSED] - Object: 'Object Repository/Page_PSTO webMessenger - Zalogowano/img_Robert Majewski_sendButton' is clicked on

2021-12-19 14:53:31 - [TEST_STEP][PASSED] - setText(findTestObject("Page_PSTO webMessenger - Zalogowano/input_Robert Majewski_messageInput"), "c"): Text 'c' is set on object 'Object Repository/Page_PSTO webMessenger - Zalogowano/input_Robert Majewski_messageInput'

2021-12-19 14:53:32 - [MESSAGE][PASSED] - Text 'c' is set on object 'Object Repository/Page_PSTO webMessenger - Zalogowano/input_Robert Majewski_messageInput'

2021-12-19 14:53:32 - [TEST_STEP][PASSED] - click(findTestObject("Page_PSTO webMessenger - Zalogowano/img_Robert Majewski_sendButton")): Object: 'Object Repository/Page_PSTO webMessenger - Zalogowano/img_Robert Majewski_sendButton' is clicked on

2021-12-19 14:53:33 - [MESSAGE][PASSED] - Object: 'Object Repository/Page_PSTO webMessenger - Zalogowano/img_Robert Majewski_sendButton' is clicked on

2021-12-19 14:53:33 - [TEST_STEP][PASSED] - setText(findTestObject("Page_PSTO webMessenger - Zalogowano/input_Robert Majewski_messageInput"), "c"): Text 'c' is set on object 'Object Repository/Page_PSTO webMessenger - Zalogowano/input_Robert Majewski_messageInput'

2021-12-19 14:53:34 - [MESSAGE][PASSED] - Text 'c' is set on object 'Object Repository/Page_PSTO webMessenger - Zalogowano/input_Robert Majewski_messageInput'

2021-12-19 14:53:34 - [TEST_STEP][PASSED] - click(findTestObject("Page_PSTO webMessenger - Zalogowano/img_Robert Majewski_sendButton")): Object: 'Object Repository/Page_PSTO webMessenger - Zalogowano/img_Robert Majewski_sendButton' is clicked on

2021-12-19 14:53:34 - [MESSAGE][PASSED] - Object: 'Object Repository/Page_PSTO webMessenger - Zalogowano/img_Robert Majewski_sendButton' is clicked on

2021-12-19 14:53:34 - [TEST_STEP][PASSED] - setText(findTestObject("Page_PSTO webMessenger - Zalogowano/input_Robert Majewski_messageInput"), "c"): Text 'c' is set on object 'Object Repository/Page_PSTO webMessenger - Zalogowano/input_Robert Majewski_messageInput'

2021-12-19 14:53:35 - [MESSAGE][PASSED] - Text 'c' is set on object 'Object Repository/Page_PSTO webMessenger - Zalogowano/input_Robert Majewski_messageInput'

2021-12-19 14:53:35 - [TEST_STEP][PASSED] - click(findTestObject("Page_PSTO webMessenger - Zalogowano/img_Robert Majewski_sendButton")): Object: 'Object Repository/Page_PSTO webMessenger - Zalogowano/img_Robert Majewski_sendButton' is clicked on

2021-12-19 14:53:35 - [MESSAGE][PASSED] - Object: 'Object Repository/Page_PSTO webMessenger - Zalogowano/img_Robert Majewski_sendButton' is clicked on

2021-12-19 14:53:35 - [TEST_STEP][PASSED] - setText(findTestObject("Page_PSTO webMessenger - Zalogowano/input_Robert Majewski_messageInput"), "c"): Text 'c' is set on object 'Object Repository/Page_PSTO webMessenger - Zalogowano/input_Robert Majewski_messageInput'

2021-12-19 14:53:36 - [MESSAGE][PASSED] - Text 'c' is set on object 'Object Repository/Page_PSTO webMessenger - Zalogowano/input_Robert Majewski_messageInput'

2021-12-19 14:53:36 - [TEST_STEP][PASSED] - click(findTestObject("Page_PSTO webMessenger - Zalogowano/img_Robert Majewski_sendButton")): Object: 'Object Repository/Page_PSTO webMessenger - Zalogowano/img_Robert Majewski_sendButton' is clicked on

2021-12-19 14:53:37 - [MESSAGE][PASSED] - Object: 'Object Repository/Page_PSTO webMessenger - Zalogowano/img_Robert Majewski_sendButton' is clicked on

2021-12-19 14:53:37 - [TEST_STEP][PASSED] - setText(findTestObject("Page_PSTO webMessenger - Zalogowano/input_Robert Majewski_messageInput"), "c"): Text 'c' is set on object 'Object Repository/Page_PSTO webMessenger - Zalogowano/input_Robert Majewski_messageInput'

2021-12-19 14:53:38 - [MESSAGE][PASSED] - Text 'c' is set on object 'Object Repository/Page_PSTO webMessenger - Zalogowano/input_Robert Majewski_messageInput'

2021-12-19 14:53:38 - [TEST_STEP][PASSED] - click(findTestObject("Page_PSTO webMessenger - Zalogowano/img_Robert Majewski_sendButton")): Object: 'Object Repository/Page_PSTO webMessenger - Zalogowano/img_Robert Majewski_sendButton' is clicked on

2021-12-19 14:53:38 - [MESSAGE][PASSED] - Object: 'Object Repository/Page_PSTO webMessenger - Zalogowano/img_Robert Majewski_sendButton' is clicked on

2021-12-19 14:53:38 - [TEST_STEP][PASSED] - setText(findTestObject("Page_PSTO webMessenger - Zalogowano/input_Robert Majewski_messageInput"), "c"): Text 'c' is set on object 'Object Repository/Page_PSTO webMessenger - Zalogowano/input_Robert Majewski_messageInput'

2021-12-19 14:53:39 - [MESSAGE][PASSED] - Text 'c' is set on object 'Object Repository/Page_PSTO webMessenger - Zalogowano/input_Robert Majewski_messageInput'

2021-12-19 14:53:39 - [TEST_STEP][PASSED] - click(findTestObject("Page_PSTO webMessenger - Zalogowano/img_Robert Majewski_sendButton")): Object: 'Object Repository/Page_PSTO webMessenger - Zalogowano/img_Robert Majewski_sendButton' is clicked on

2021-12-19 14:53:40 - [MESSAGE][PASSED] - Object: 'Object Repository/Page_PSTO webMessenger - Zalogowano/img_Robert Majewski_sendButton' is clicked on

2021-12-19 14:53:40 - [TEST_STEP][PASSED] - setText(findTestObject("Page_PSTO webMessenger - Zalogowano/input_Robert Majewski_messageInput"), "c"): Text 'c' is set on object 'Object Repository/Page_PSTO webMessenger - Zalogowano/input_Robert Majewski_messageInput'

2021-12-19 14:53:40 - [MESSAGE][PASSED] - Text 'c' is set on object 'Object Repository/Page_PSTO webMessenger - Zalogowano/input_Robert Majewski_messageInput'

2021-12-19 14:53:40 - [TEST_STEP][PASSED] - click(findTestObject("Page_PSTO webMessenger - Zalogowano/img_Robert Majewski_sendButton")): Object: 'Object Repository/Page_PSTO webMessenger - Zalogowano/img_Robert Majewski_sendButton' is clicked on

2021-12-19 14:53:41 - [MESSAGE][PASSED] - Object: 'Object Repository/Page_PSTO webMessenger - Zalogowano/img_Robert Majewski_sendButton' is clicked on

2021-12-19 14:53:41 - [TEST_STEP][PASSED] - setText(findTestObject("Page_PSTO webMessenger - Zalogowano/input_Robert Majewski_messageInput"), "c"): Text 'c' is set on object 'Object Repository/Page_PSTO webMessenger - Zalogowano/input_Robert Majewski_messageInput'

2021-12-19 14:53:42 - [MESSAGE][PASSED] - Text 'c' is set on object 'Object Repository/Page_PSTO webMessenger - Zalogowano/input_Robert Majewski_messageInput'

2021-12-19 14:53:42 - [TEST_STEP][PASSED] - click(findTestObject("Page_PSTO webMessenger - Zalogowano/img_Robert Majewski_sendButton")): Object: 'Object Repository/Page_PSTO webMessenger - Zalogowano/img_Robert Majewski_sendButton' is clicked on

2021-12-19 14:53:43 - [MESSAGE][PASSED] - Object: 'Object Repository/Page_PSTO webMessenger - Zalogowano/img_Robert Majewski_sendButton' is clicked on

2021-12-19 14:53:43 - [TEST_STEP][PASSED] - setText(findTestObject("Page_PSTO webMessenger - Zalogowano/input_Robert Majewski_messageInput"), "c"): Text 'c' is set on object 'Object Repository/Page_PSTO webMessenger - Zalogowano/input_Robert Majewski_messageInput'

2021-12-19 14:53:44 - [MESSAGE][PASSED] - Text 'c' is set on object 'Object Repository/Page_PSTO webMessenger - Zalogowano/input_Robert Majewski_messageInput'

2021-12-19 14:53:44 - [TEST_STEP][PASSED] - click(findTestObject("Page_PSTO webMessenger - Zalogowano/img_Robert Majewski_sendButton")): Object: 'Object Repository/Page_PSTO webMessenger - Zalogowano/img_Robert Majewski_sendButton' is clicked on

2021-12-19 14:53:44 - [MESSAGE][PASSED] - Object: 'Object Repository/Page_PSTO webMessenger - Zalogowano/img_Robert Majewski_sendButton' is clicked on

2021-12-19 14:53:44 - [TEST_STEP][PASSED] - setText(findTestObject("Page_PSTO webMessenger - Zalogowano/input_Robert Majewski_messageInput"), "c"): Text 'c' is set on object 'Object Repository/Page_PSTO webMessenger - Zalogowano/input_Robert Majewski_messageInput'

2021-12-19 14:53:45 - [MESSAGE][PASSED] - Text 'c' is set on object 'Object Repository/Page_PSTO webMessenger - Zalogowano/input_Robert Majewski_messageInput'

2021-12-19 14:53:45 - [TEST_STEP][PASSED] - click(findTestObject("Page_PSTO webMessenger - Zalogowano/img_Robert Majewski_sendButton")): Object: 'Object Repository/Page_PSTO webMessenger - Zalogowano/img_Robert Majewski_sendButton' is clicked on

2021-12-19 14:53:46 - [MESSAGE][PASSED] - Object: 'Object Repository/Page_PSTO webMessenger - Zalogowano/img_Robert Majewski_sendButton' is clicked on

2021-12-19 14:53:46 - [TEST_STEP][PASSED] - setText(findTestObject("Page_PSTO webMessenger - Zalogowano/input_Robert Majewski_messageInput"), "c"): Text 'c' is set on object 'Object Repository/Page_PSTO webMessenger - Zalogowano/input_Robert Majewski_messageInput'

2021-12-19 14:53:46 - [MESSAGE][PASSED] - Text 'c' is set on object 'Object Repository/Page_PSTO webMessenger - Zalogowano/input_Robert Majewski_messageInput'

2021-12-19 14:53:46 - [TEST_STEP][PASSED] - click(findTestObject("Page_PSTO webMessenger - Zalogowano/img_Robert Majewski_sendButton")): Object: 'Object Repository/Page_PSTO webMessenger - Zalogowano/img_Robert Majewski_sendButton' is clicked on

2021-12-19 14:53:47 - [MESSAGE][PASSED] - Object: 'Object Repository/Page_PSTO webMessenger - Zalogowano/img_Robert Majewski_sendButton' is clicked on

2021-12-19 14:53:47 - [TEST_STEP][PASSED] - setText(findTestObject("Page_PSTO webMessenger - Zalogowano/input_Robert Majewski_messageInput"), "c"): Text 'c' is set on object 'Object Repository/Page_PSTO webMessenger - Zalogowano/input_Robert Majewski_messageInput'

2021-12-19 14:53:48 - [MESSAGE][PASSED] - Text 'c' is set on object 'Object Repository/Page_PSTO webMessenger - Zalogowano/input_Robert Majewski_messageInput'

2021-12-19 14:53:48 - [TEST_STEP][PASSED] - click(findTestObject("Page_PSTO webMessenger - Zalogowano/img_Robert Majewski_sendButton")): Object: 'Object Repository/Page_PSTO webMessenger - Zalogowano/img_Robert Majewski_sendButton' is clicked on

2021-12-19 14:53:49 - [MESSAGE][PASSED] - Object: 'Object Repository/Page_PSTO webMessenger - Zalogowano/img_Robert Majewski_sendButton' is clicked on

2021-12-19 14:53:49 - [TEST_STEP][PASSED] - setText(findTestObject("Page_PSTO webMessenger - Zalogowano/input_Robert Majewski_messageInput"), "c"): Text 'c' is set on object 'Object Repository/Page_PSTO webMessenger - Zalogowano/input_Robert Majewski_messageInput'

2021-12-19 14:53:49 - [MESSAGE][PASSED] - Text 'c' is set on object 'Object Repository/Page_PSTO webMessenger - Zalogowano/input_Robert Majewski_messageInput'

2021-12-19 14:53:49 - [TEST_STEP][PASSED] - click(findTestObject("Page_PSTO webMessenger - Zalogowano/img_Robert Majewski_sendButton")): Object: 'Object Repository/Page_PSTO webMessenger - Zalogowano/img_Robert Majewski_sendButton' is clicked on

2021-12-19 14:53:50 - [MESSAGE][PASSED] - Object: 'Object Repository/Page_PSTO webMessenger - Zalogowano/img_Robert Majewski_sendButton' is clicked on

2021-12-19 14:53:50 - [TEST_STEP][PASSED] - setText(findTestObject("Page_PSTO webMessenger - Zalogowano/input_Robert Majewski_messageInput"), "c"): Text 'c' is set on object 'Object Repository/Page_PSTO webMessenger - Zalogowano/input_Robert Majewski_messageInput'

2021-12-19 14:53:51 - [MESSAGE][PASSED] - Text 'c' is set on object 'Object Repository/Page_PSTO webMessenger - Zalogowano/input_Robert Majewski_messageInput'

2021-12-19 14:53:51 - [TEST_STEP][PASSED] - click(findTestObject("Page_PSTO webMessenger - Zalogowano/img_Robert Majewski_sendButton")): Object: 'Object Repository/Page_PSTO webMessenger - Zalogowano/img_Robert Majewski_sendButton' is clicked on

2021-12-19 14:53:51 - [MESSAGE][PASSED] - Object: 'Object Repository/Page_PSTO webMessenger - Zalogowano/img_Robert Majewski_sendButton' is clicked on

2021-12-19 14:53:51 - [TEST_STEP][PASSED] - setText(findTestObject("Page_PSTO webMessenger - Zalogowano/input_Robert Majewski_messageInput"), "c"): Text 'c' is set on object 'Object Repository/Page_PSTO webMessenger - Zalogowano/input_Robert Majewski_messageInput'

2021-12-19 14:53:52 - [MESSAGE][PASSED] - Text 'c' is set on object 'Object Repository/Page_PSTO webMessenger - Zalogowano/input_Robert Majewski_messageInput'

2021-12-19 14:53:52 - [TEST_STEP][PASSED] - click(findTestObject("Page_PSTO webMessenger - Zalogowano/img_Robert Majewski_sendButton")): Object: 'Object Repository/Page_PSTO webMessenger - Zalogowano/img_Robert Majewski_sendButton' is clicked on

2021-12-19 14:53:53 - [MESSAGE][PASSED] - Object: 'Object Repository/Page_PSTO webMessenger - Zalogowano/img_Robert Majewski_sendButton' is clicked on

2021-12-19 14:53:53 - [TEST_STEP][PASSED] - setText(findTestObject("Page_PSTO webMessenger - Zalogowano/input_Robert Majewski_messageInput"), "c"): Text 'c' is set on object 'Object Repository/Page_PSTO webMessenger - Zalogowano/input_Robert Majewski_messageInput'

2021-12-19 14:53:54 - [MESSAGE][PASSED] - Text 'c' is set on object 'Object Repository/Page_PSTO webMessenger - Zalogowano/input_Robert Majewski_messageInput'

2021-12-19 14:53:54 - [TEST_STEP][PASSED] - click(findTestObject("Page_PSTO webMessenger - Zalogowano/img_Robert Majewski_sendButton")): Object: 'Object Repository/Page_PSTO webMessenger - Zalogowano/img_Robert Majewski_sendButton' is clicked on

2021-12-19 14:53:54 - [MESSAGE][PASSED] - Object: 'Object Repository/Page_PSTO webMessenger - Zalogowano/img_Robert Majewski_sendButton' is clicked on

2021-12-19 14:53:54 - [TEST_STEP][PASSED] - click(findTestObject("Object Repository/Page_PSTO webMessenger - Zalogowano/img_Zarejestruj konto_iconImg")): Object: 'Object Repository/Page_PSTO webMessenger - Zalogowano/img_Zarejestruj konto_iconImg' is clicked on

2021-12-19 14:53:55 - [MESSAGE][PASSED] - Object: 'Object Repository/Page_PSTO webMessenger - Zalogowano/img_Zarejestruj konto_iconImg' is clicked on

2021-12-19 14:53:55 - [TEST_STEP][PASSED] - closeBrowser(): Browser is closed

2021-12-19 14:53:56 - [MESSAGE][PASSED] - Browser is closed]]></system-out>
         <system-err><![CDATA[]]></system-err>
      </testcase>
      <testcase name="Test Cases/Historia rozm贸w/HR20" time="447.556" classname="Test Cases/Historia rozm贸w/HR20" status="PASSED">
         <system-out><![CDATA[2021-12-19 14:53:56 - [TEST_CASE][PASSED] - Test Cases/Historia rozm贸w/HR20: Test Cases/Historia rozm贸w/HR20

2021-12-19 14:53:57 - [TEST_STEP][PASSED] - openBrowser(""): Browser is opened with url: ''

2021-12-19 14:53:57 - [MESSAGE][INFO] - Starting 'Firefox' driver

2021-12-19 14:53:57 - [MESSAGE][INFO] - Action delay is set to 0 milliseconds

2021-12-19 14:54:02 - [MESSAGE][PASSED] - Browser is opened with url: ''

2021-12-19 14:54:02 - [TEST_STEP][PASSED] - navigateToUrl("http://kmg.hcm.pl/testowanie/index.html"): Navigate to 'http://kmg.hcm.pl/testowanie/index.html' successfully

2021-12-19 14:54:03 - [MESSAGE][PASSED] - Navigate to 'http://kmg.hcm.pl/testowanie/index.html' successfully

2021-12-19 14:54:03 - [TEST_STEP][PASSED] - setText(findTestObject("Object Repository/Page_PSTO webMessenger/input_Zarejestruj konto_userLogin"), "Tomasz Staszewski"): Text 'Tomasz Staszewski' is set on object 'Object Repository/Page_PSTO webMessenger/input_Zarejestruj konto_userLogin'

2021-12-19 14:54:04 - [MESSAGE][PASSED] - Text 'Tomasz Staszewski' is set on object 'Object Repository/Page_PSTO webMessenger/input_Zarejestruj konto_userLogin'

2021-12-19 14:54:04 - [TEST_STEP][PASSED] - setEncryptedText(findTestObject("Object Repository/Page_PSTO webMessenger/input_Zarejestruj konto_passwordLogin"), "wCo1vTKhcj4="): Text ****** has been set on object 'Object Repository/Page_PSTO webMessenger/input_Zarejestruj konto_passwordLogin'

2021-12-19 14:54:04 - [MESSAGE][PASSED] - Text ****** has been set on object 'Object Repository/Page_PSTO webMessenger/input_Zarejestruj konto_passwordLogin'

2021-12-19 14:54:04 - [TEST_STEP][PASSED] - click(findTestObject("Object Repository/Page_PSTO webMessenger/input_Zarejestruj konto_login")): Object: 'Object Repository/Page_PSTO webMessenger/input_Zarejestruj konto_login' is clicked on

2021-12-19 14:54:05 - [MESSAGE][PASSED] - Object: 'Object Repository/Page_PSTO webMessenger/input_Zarejestruj konto_login' is clicked on

2021-12-19 14:54:05 - [TEST_STEP][PASSED] - click(findTestObject("Page_PSTO webMessenger - Zalogowano/div_Mateusz Kowalski")): Object: 'Object Repository/Page_PSTO webMessenger - Zalogowano/div_Mateusz Kowalski' is clicked on

2021-12-19 14:54:05 - [MESSAGE][PASSED] - Object: 'Object Repository/Page_PSTO webMessenger - Zalogowano/div_Mateusz Kowalski' is clicked on

2021-12-19 14:54:05 - [TEST_STEP][PASSED] - setText(findTestObject("Page_PSTO webMessenger - Zalogowano/input_Mateusz Kowalski_messageInput"), "proba"): Text 'proba' is set on object 'Object Repository/Page_PSTO webMessenger - Zalogowano/input_Mateusz Kowalski_messageInput'

2021-12-19 14:54:07 - [MESSAGE][PASSED] - Text 'proba' is set on object 'Object Repository/Page_PSTO webMessenger - Zalogowano/input_Mateusz Kowalski_messageInput'

2021-12-19 14:54:07 - [TEST_STEP][PASSED] - click(findTestObject("Page_PSTO webMessenger - Zalogowano/img_Mateusz Kowalski_sendButton")): Object: 'Object Repository/Page_PSTO webMessenger - Zalogowano/img_Mateusz Kowalski_sendButton' is clicked on

2021-12-19 14:54:08 - [MESSAGE][PASSED] - Object: 'Object Repository/Page_PSTO webMessenger - Zalogowano/img_Mateusz Kowalski_sendButton' is clicked on

2021-12-19 14:54:08 - [TEST_STEP][PASSED] - for (def index : (1..300)): Object: 'Object Repository/Page_PSTO webMessenger - Zalogowano/img_Mateusz Kowalski_sendButton' is clicked on

2021-12-19 14:54:08 - [TEST_STEP][PASSED] - setText(findTestObject("Page_PSTO webMessenger - Zalogowano/input_Mateusz Kowalski_messageInput"), "d"): Text 'd' is set on object 'Object Repository/Page_PSTO webMessenger - Zalogowano/input_Mateusz Kowalski_messageInput'

2021-12-19 14:54:09 - [MESSAGE][PASSED] - Text 'd' is set on object 'Object Repository/Page_PSTO webMessenger - Zalogowano/input_Mateusz Kowalski_messageInput'

2021-12-19 14:54:09 - [TEST_STEP][PASSED] - click(findTestObject("Page_PSTO webMessenger - Zalogowano/img_Mateusz Kowalski_sendButton")): Object: 'Object Repository/Page_PSTO webMessenger - Zalogowano/img_Mateusz Kowalski_sendButton' is clicked on

2021-12-19 14:54:10 - [MESSAGE][PASSED] - Object: 'Object Repository/Page_PSTO webMessenger - Zalogowano/img_Mateusz Kowalski_sendButton' is clicked on

2021-12-19 14:54:10 - [TEST_STEP][PASSED] - setText(findTestObject("Page_PSTO webMessenger - Zalogowano/input_Mateusz Kowalski_messageInput"), "d"): Text 'd' is set on object 'Object Repository/Page_PSTO webMessenger - Zalogowano/input_Mateusz Kowalski_messageInput'

2021-12-19 14:54:10 - [MESSAGE][PASSED] - Text 'd' is set on object 'Object Repository/Page_PSTO webMessenger - Zalogowano/input_Mateusz Kowalski_messageInput'

2021-12-19 14:54:10 - [TEST_STEP][PASSED] - click(findTestObject("Page_PSTO webMessenger - Zalogowano/img_Mateusz Kowalski_sendButton")): Object: 'Object Repository/Page_PSTO webMessenger - Zalogowano/img_Mateusz Kowalski_sendButton' is clicked on

2021-12-19 14:54:11 - [MESSAGE][PASSED] - Object: 'Object Repository/Page_PSTO webMessenger - Zalogowano/img_Mateusz Kowalski_sendButton' is clicked on

2021-12-19 14:54:11 - [TEST_STEP][PASSED] - setText(findTestObject("Page_PSTO webMessenger - Zalogowano/input_Mateusz Kowalski_messageInput"), "d"): Text 'd' is set on object 'Object Repository/Page_PSTO webMessenger - Zalogowano/input_Mateusz Kowalski_messageInput'

2021-12-19 14:54:12 - [MESSAGE][PASSED] - Text 'd' is set on object 'Object Repository/Page_PSTO webMessenger - Zalogowano/input_Mateusz Kowalski_messageInput'

2021-12-19 14:54:12 - [TEST_STEP][PASSED] - click(findTestObject("Page_PSTO webMessenger - Zalogowano/img_Mateusz Kowalski_sendButton")): Object: 'Object Repository/Page_PSTO webMessenger - Zalogowano/img_Mateusz Kowalski_sendButton' is clicked on

2021-12-19 14:54:12 - [MESSAGE][PASSED] - Object: 'Object Repository/Page_PSTO webMessenger - Zalogowano/img_Mateusz Kowalski_sendButton' is clicked on

2021-12-19 14:54:12 - [TEST_STEP][PASSED] - setText(findTestObject("Page_PSTO webMessenger - Zalogowano/input_Mateusz Kowalski_messageInput"), "d"): Text 'd' is set on object 'Object Repository/Page_PSTO webMessenger - Zalogowano/input_Mateusz Kowalski_messageInput'

2021-12-19 14:54:14 - [MESSAGE][PASSED] - Text 'd' is set on object 'Object Repository/Page_PSTO webMessenger - Zalogowano/input_Mateusz Kowalski_messageInput'

2021-12-19 14:54:14 - [TEST_STEP][PASSED] - click(findTestObject("Page_PSTO webMessenger - Zalogowano/img_Mateusz Kowalski_sendButton")): Object: 'Object Repository/Page_PSTO webMessenger - Zalogowano/img_Mateusz Kowalski_sendButton' is clicked on

2021-12-19 14:54:15 - [MESSAGE][PASSED] - Object: 'Object Repository/Page_PSTO webMessenger - Zalogowano/img_Mateusz Kowalski_sendButton' is clicked on

2021-12-19 14:54:15 - [TEST_STEP][PASSED] - setText(findTestObject("Page_PSTO webMessenger - Zalogowano/input_Mateusz Kowalski_messageInput"), "d"): Text 'd' is set on object 'Object Repository/Page_PSTO webMessenger - Zalogowano/input_Mateusz Kowalski_messageInput'

2021-12-19 14:54:15 - [MESSAGE][PASSED] - Text 'd' is set on object 'Object Repository/Page_PSTO webMessenger - Zalogowano/input_Mateusz Kowalski_messageInput'

2021-12-19 14:54:15 - [TEST_STEP][PASSED] - click(findTestObject("Page_PSTO webMessenger - Zalogowano/img_Mateusz Kowalski_sendButton")): Object: 'Object Repository/Page_PSTO webMessenger - Zalogowano/img_Mateusz Kowalski_sendButton' is clicked on

2021-12-19 14:54:16 - [MESSAGE][PASSED] - Object: 'Object Repository/Page_PSTO webMessenger - Zalogowano/img_Mateusz Kowalski_sendButton' is clicked on

2021-12-19 14:54:16 - [TEST_STEP][PASSED] - setText(findTestObject("Page_PSTO webMessenger - Zalogowano/input_Mateusz Kowalski_messageInput"), "d"): Text 'd' is set on object 'Object Repository/Page_PSTO webMessenger - Zalogowano/input_Mateusz Kowalski_messageInput'

2021-12-19 14:54:17 - [MESSAGE][PASSED] - Text 'd' is set on object 'Object Repository/Page_PSTO webMessenger - Zalogowano/input_Mateusz Kowalski_messageInput'

2021-12-19 14:54:17 - [TEST_STEP][PASSED] - click(findTestObject("Page_PSTO webMessenger - Zalogowano/img_Mateusz Kowalski_sendButton")): Object: 'Object Repository/Page_PSTO webMessenger - Zalogowano/img_Mateusz Kowalski_sendButton' is clicked on

2021-12-19 14:54:17 - [MESSAGE][PASSED] - Object: 'Object Repository/Page_PSTO webMessenger - Zalogowano/img_Mateusz Kowalski_sendButton' is clicked on

2021-12-19 14:54:17 - [TEST_STEP][PASSED] - setText(findTestObject("Page_PSTO webMessenger - Zalogowano/input_Mateusz Kowalski_messageInput"), "d"): Text 'd' is set on object 'Object Repository/Page_PSTO webMessenger - Zalogowano/input_Mateusz Kowalski_messageInput'

2021-12-19 14:54:19 - [MESSAGE][PASSED] - Text 'd' is set on object 'Object Repository/Page_PSTO webMessenger - Zalogowano/input_Mateusz Kowalski_messageInput'

2021-12-19 14:54:19 - [TEST_STEP][PASSED] - click(findTestObject("Page_PSTO webMessenger - Zalogowano/img_Mateusz Kowalski_sendButton")): Object: 'Object Repository/Page_PSTO webMessenger - Zalogowano/img_Mateusz Kowalski_sendButton' is clicked on

2021-12-19 14:54:19 - [MESSAGE][PASSED] - Object: 'Object Repository/Page_PSTO webMessenger - Zalogowano/img_Mateusz Kowalski_sendButton' is clicked on

2021-12-19 14:54:19 - [TEST_STEP][PASSED] - setText(findTestObject("Page_PSTO webMessenger - Zalogowano/input_Mateusz Kowalski_messageInput"), "d"): Text 'd' is set on object 'Object Repository/Page_PSTO webMessenger - Zalogowano/input_Mateusz Kowalski_messageInput'

2021-12-19 14:54:20 - [MESSAGE][PASSED] - Text 'd' is set on object 'Object Repository/Page_PSTO webMessenger - Zalogowano/input_Mateusz Kowalski_messageInput'

2021-12-19 14:54:20 - [TEST_STEP][PASSED] - click(findTestObject("Page_PSTO webMessenger - Zalogowano/img_Mateusz Kowalski_sendButton")): Object: 'Object Repository/Page_PSTO webMessenger - Zalogowano/img_Mateusz Kowalski_sendButton' is clicked on

2021-12-19 14:54:21 - [MESSAGE][PASSED] - Object: 'Object Repository/Page_PSTO webMessenger - Zalogowano/img_Mateusz Kowalski_sendButton' is clicked on

2021-12-19 14:54:21 - [TEST_STEP][PASSED] - setText(findTestObject("Page_PSTO webMessenger - Zalogowano/input_Mateusz Kowalski_messageInput"), "d"): Text 'd' is set on object 'Object Repository/Page_PSTO webMessenger - Zalogowano/input_Mateusz Kowalski_messageInput'

2021-12-19 14:54:21 - [MESSAGE][PASSED] - Text 'd' is set on object 'Object Repository/Page_PSTO webMessenger - Zalogowano/input_Mateusz Kowalski_messageInput'

2021-12-19 14:54:21 - [TEST_STEP][PASSED] - click(findTestObject("Page_PSTO webMessenger - Zalogowano/img_Mateusz Kowalski_sendButton")): Object: 'Object Repository/Page_PSTO webMessenger - Zalogowano/img_Mateusz Kowalski_sendButton' is clicked on

2021-12-19 14:54:22 - [MESSAGE][PASSED] - Object: 'Object Repository/Page_PSTO webMessenger - Zalogowano/img_Mateusz Kowalski_sendButton' is clicked on

2021-12-19 14:54:22 - [TEST_STEP][PASSED] - setText(findTestObject("Page_PSTO webMessenger - Zalogowano/input_Mateusz Kowalski_messageInput"), "d"): Text 'd' is set on object 'Object Repository/Page_PSTO webMessenger - Zalogowano/input_Mateusz Kowalski_messageInput'

2021-12-19 14:54:23 - [MESSAGE][PASSED] - Text 'd' is set on object 'Object Repository/Page_PSTO webMessenger - Zalogowano/input_Mateusz Kowalski_messageInput'

2021-12-19 14:54:23 - [TEST_STEP][PASSED] - click(findTestObject("Page_PSTO webMessenger - Zalogowano/img_Mateusz Kowalski_sendButton")): Object: 'Object Repository/Page_PSTO webMessenger - Zalogowano/img_Mateusz Kowalski_sendButton' is clicked on

2021-12-19 14:54:24 - [MESSAGE][PASSED] - Object: 'Object Repository/Page_PSTO webMessenger - Zalogowano/img_Mateusz Kowalski_sendButton' is clicked on

2021-12-19 14:54:24 - [TEST_STEP][PASSED] - setText(findTestObject("Page_PSTO webMessenger - Zalogowano/input_Mateusz Kowalski_messageInput"), "d"): Text 'd' is set on object 'Object Repository/Page_PSTO webMessenger - Zalogowano/input_Mateusz Kowalski_messageInput'

2021-12-19 14:54:25 - [MESSAGE][PASSED] - Text 'd' is set on object 'Object Repository/Page_PSTO webMessenger - Zalogowano/input_Mateusz Kowalski_messageInput'

2021-12-19 14:54:25 - [TEST_STEP][PASSED] - click(findTestObject("Page_PSTO webMessenger - Zalogowano/img_Mateusz Kowalski_sendButton")): Object: 'Object Repository/Page_PSTO webMessenger - Zalogowano/img_Mateusz Kowalski_sendButton' is clicked on

2021-12-19 14:54:25 - [MESSAGE][PASSED] - Object: 'Object Repository/Page_PSTO webMessenger - Zalogowano/img_Mateusz Kowalski_sendButton' is clicked on

2021-12-19 14:54:25 - [TEST_STEP][PASSED] - setText(findTestObject("Page_PSTO webMessenger - Zalogowano/input_Mateusz Kowalski_messageInput"), "d"): Text 'd' is set on object 'Object Repository/Page_PSTO webMessenger - Zalogowano/input_Mateusz Kowalski_messageInput'

2021-12-19 14:54:26 - [MESSAGE][PASSED] - Text 'd' is set on object 'Object Repository/Page_PSTO webMessenger - Zalogowano/input_Mateusz Kowalski_messageInput'

2021-12-19 14:54:26 - [TEST_STEP][PASSED] - click(findTestObject("Page_PSTO webMessenger - Zalogowano/img_Mateusz Kowalski_sendButton")): Object: 'Object Repository/Page_PSTO webMessenger - Zalogowano/img_Mateusz Kowalski_sendButton' is clicked on

2021-12-19 14:54:27 - [MESSAGE][PASSED] - Object: 'Object Repository/Page_PSTO webMessenger - Zalogowano/img_Mateusz Kowalski_sendButton' is clicked on

2021-12-19 14:54:27 - [TEST_STEP][PASSED] - setText(findTestObject("Page_PSTO webMessenger - Zalogowano/input_Mateusz Kowalski_messageInput"), "d"): Text 'd' is set on object 'Object Repository/Page_PSTO webMessenger - Zalogowano/input_Mateusz Kowalski_messageInput'

2021-12-19 14:54:27 - [MESSAGE][PASSED] - Text 'd' is set on object 'Object Repository/Page_PSTO webMessenger - Zalogowano/input_Mateusz Kowalski_messageInput'

2021-12-19 14:54:27 - [TEST_STEP][PASSED] - click(findTestObject("Page_PSTO webMessenger - Zalogowano/img_Mateusz Kowalski_sendButton")): Object: 'Object Repository/Page_PSTO webMessenger - Zalogowano/img_Mateusz Kowalski_sendButton' is clicked on

2021-12-19 14:54:29 - [MESSAGE][PASSED] - Object: 'Object Repository/Page_PSTO webMessenger - Zalogowano/img_Mateusz Kowalski_sendButton' is clicked on

2021-12-19 14:54:29 - [TEST_STEP][PASSED] - setText(findTestObject("Page_PSTO webMessenger - Zalogowano/input_Mateusz Kowalski_messageInput"), "d"): Text 'd' is set on object 'Object Repository/Page_PSTO webMessenger - Zalogowano/input_Mateusz Kowalski_messageInput'

2021-12-19 14:54:30 - [MESSAGE][PASSED] - Text 'd' is set on object 'Object Repository/Page_PSTO webMessenger - Zalogowano/input_Mateusz Kowalski_messageInput'

2021-12-19 14:54:30 - [TEST_STEP][PASSED] - click(findTestObject("Page_PSTO webMessenger - Zalogowano/img_Mateusz Kowalski_sendButton")): Object: 'Object Repository/Page_PSTO webMessenger - Zalogowano/img_Mateusz Kowalski_sendButton' is clicked on

2021-12-19 14:54:30 - [MESSAGE][PASSED] - Object: 'Object Repository/Page_PSTO webMessenger - Zalogowano/img_Mateusz Kowalski_sendButton' is clicked on

2021-12-19 14:54:30 - [TEST_STEP][PASSED] - setText(findTestObject("Page_PSTO webMessenger - Zalogowano/input_Mateusz Kowalski_messageInput"), "d"): Text 'd' is set on object 'Object Repository/Page_PSTO webMessenger - Zalogowano/input_Mateusz Kowalski_messageInput'

2021-12-19 14:54:31 - [MESSAGE][PASSED] - Text 'd' is set on object 'Object Repository/Page_PSTO webMessenger - Zalogowano/input_Mateusz Kowalski_messageInput'

2021-12-19 14:54:31 - [TEST_STEP][PASSED] - click(findTestObject("Page_PSTO webMessenger - Zalogowano/img_Mateusz Kowalski_sendButton")): Object: 'Object Repository/Page_PSTO webMessenger - Zalogowano/img_Mateusz Kowalski_sendButton' is clicked on

2021-12-19 14:54:32 - [MESSAGE][PASSED] - Object: 'Object Repository/Page_PSTO webMessenger - Zalogowano/img_Mateusz Kowalski_sendButton' is clicked on

2021-12-19 14:54:32 - [TEST_STEP][PASSED] - setText(findTestObject("Page_PSTO webMessenger - Zalogowano/input_Mateusz Kowalski_messageInput"), "d"): Text 'd' is set on object 'Object Repository/Page_PSTO webMessenger - Zalogowano/input_Mateusz Kowalski_messageInput'

2021-12-19 14:54:32 - [MESSAGE][PASSED] - Text 'd' is set on object 'Object Repository/Page_PSTO webMessenger - Zalogowano/input_Mateusz Kowalski_messageInput'

2021-12-19 14:54:32 - [TEST_STEP][PASSED] - click(findTestObject("Page_PSTO webMessenger - Zalogowano/img_Mateusz Kowalski_sendButton")): Object: 'Object Repository/Page_PSTO webMessenger - Zalogowano/img_Mateusz Kowalski_sendButton' is clicked on

2021-12-19 14:54:33 - [MESSAGE][PASSED] - Object: 'Object Repository/Page_PSTO webMessenger - Zalogowano/img_Mateusz Kowalski_sendButton' is clicked on

2021-12-19 14:54:33 - [TEST_STEP][PASSED] - setText(findTestObject("Page_PSTO webMessenger - Zalogowano/input_Mateusz Kowalski_messageInput"), "d"): Text 'd' is set on object 'Object Repository/Page_PSTO webMessenger - Zalogowano/input_Mateusz Kowalski_messageInput'

2021-12-19 14:54:34 - [MESSAGE][PASSED] - Text 'd' is set on object 'Object Repository/Page_PSTO webMessenger - Zalogowano/input_Mateusz Kowalski_messageInput'

2021-12-19 14:54:34 - [TEST_STEP][PASSED] - click(findTestObject("Page_PSTO webMessenger - Zalogowano/img_Mateusz Kowalski_sendButton")): Object: 'Object Repository/Page_PSTO webMessenger - Zalogowano/img_Mateusz Kowalski_sendButton' is clicked on

2021-12-19 14:54:35 - [MESSAGE][PASSED] - Object: 'Object Repository/Page_PSTO webMessenger - Zalogowano/img_Mateusz Kowalski_sendButton' is clicked on

2021-12-19 14:54:35 - [TEST_STEP][PASSED] - setText(findTestObject("Page_PSTO webMessenger - Zalogowano/input_Mateusz Kowalski_messageInput"), "d"): Text 'd' is set on object 'Object Repository/Page_PSTO webMessenger - Zalogowano/input_Mateusz Kowalski_messageInput'

2021-12-19 14:54:36 - [MESSAGE][PASSED] - Text 'd' is set on object 'Object Repository/Page_PSTO webMessenger - Zalogowano/input_Mateusz Kowalski_messageInput'

2021-12-19 14:54:36 - [TEST_STEP][PASSED] - click(findTestObject("Page_PSTO webMessenger - Zalogowano/img_Mateusz Kowalski_sendButton")): Object: 'Object Repository/Page_PSTO webMessenger - Zalogowano/img_Mateusz Kowalski_sendButton' is clicked on

2021-12-19 14:54:36 - [MESSAGE][PASSED] - Object: 'Object Repository/Page_PSTO webMessenger - Zalogowano/img_Mateusz Kowalski_sendButton' is clicked on

2021-12-19 14:54:36 - [TEST_STEP][PASSED] - setText(findTestObject("Page_PSTO webMessenger - Zalogowano/input_Mateusz Kowalski_messageInput"), "d"): Text 'd' is set on object 'Object Repository/Page_PSTO webMessenger - Zalogowano/input_Mateusz Kowalski_messageInput'

2021-12-19 14:54:37 - [MESSAGE][PASSED] - Text 'd' is set on object 'Object Repository/Page_PSTO webMessenger - Zalogowano/input_Mateusz Kowalski_messageInput'

2021-12-19 14:54:37 - [TEST_STEP][PASSED] - click(findTestObject("Page_PSTO webMessenger - Zalogowano/img_Mateusz Kowalski_sendButton")): Object: 'Object Repository/Page_PSTO webMessenger - Zalogowano/img_Mateusz Kowalski_sendButton' is clicked on

2021-12-19 14:54:37 - [MESSAGE][PASSED] - Object: 'Object Repository/Page_PSTO webMessenger - Zalogowano/img_Mateusz Kowalski_sendButton' is clicked on

2021-12-19 14:54:37 - [TEST_STEP][PASSED] - setText(findTestObject("Page_PSTO webMessenger - Zalogowano/input_Mateusz Kowalski_messageInput"), "d"): Text 'd' is set on object 'Object Repository/Page_PSTO webMessenger - Zalogowano/input_Mateusz Kowalski_messageInput'

2021-12-19 14:54:39 - [MESSAGE][PASSED] - Text 'd' is set on object 'Object Repository/Page_PSTO webMessenger - Zalogowano/input_Mateusz Kowalski_messageInput'

2021-12-19 14:54:39 - [TEST_STEP][PASSED] - click(findTestObject("Page_PSTO webMessenger - Zalogowano/img_Mateusz Kowalski_sendButton")): Object: 'Object Repository/Page_PSTO webMessenger - Zalogowano/img_Mateusz Kowalski_sendButton' is clicked on

2021-12-19 14:54:40 - [MESSAGE][PASSED] - Object: 'Object Repository/Page_PSTO webMessenger - Zalogowano/img_Mateusz Kowalski_sendButton' is clicked on

2021-12-19 14:54:40 - [TEST_STEP][PASSED] - setText(findTestObject("Page_PSTO webMessenger - Zalogowano/input_Mateusz Kowalski_messageInput"), "d"): Text 'd' is set on object 'Object Repository/Page_PSTO webMessenger - Zalogowano/input_Mateusz Kowalski_messageInput'

2021-12-19 14:54:41 - [MESSAGE][PASSED] - Text 'd' is set on object 'Object Repository/Page_PSTO webMessenger - Zalogowano/input_Mateusz Kowalski_messageInput'

2021-12-19 14:54:41 - [TEST_STEP][PASSED] - click(findTestObject("Page_PSTO webMessenger - Zalogowano/img_Mateusz Kowalski_sendButton")): Object: 'Object Repository/Page_PSTO webMessenger - Zalogowano/img_Mateusz Kowalski_sendButton' is clicked on

2021-12-19 14:54:41 - [MESSAGE][PASSED] - Object: 'Object Repository/Page_PSTO webMessenger - Zalogowano/img_Mateusz Kowalski_sendButton' is clicked on

2021-12-19 14:54:41 - [TEST_STEP][PASSED] - setText(findTestObject("Page_PSTO webMessenger - Zalogowano/input_Mateusz Kowalski_messageInput"), "d"): Text 'd' is set on object 'Object Repository/Page_PSTO webMessenger - Zalogowano/input_Mateusz Kowalski_messageInput'

2021-12-19 14:54:42 - [MESSAGE][PASSED] - Text 'd' is set on object 'Object Repository/Page_PSTO webMessenger - Zalogowano/input_Mateusz Kowalski_messageInput'

2021-12-19 14:54:42 - [TEST_STEP][PASSED] - click(findTestObject("Page_PSTO webMessenger - Zalogowano/img_Mateusz Kowalski_sendButton")): Object: 'Object Repository/Page_PSTO webMessenger - Zalogowano/img_Mateusz Kowalski_sendButton' is clicked on

2021-12-19 14:54:43 - [MESSAGE][PASSED] - Object: 'Object Repository/Page_PSTO webMessenger - Zalogowano/img_Mateusz Kowalski_sendButton' is clicked on

2021-12-19 14:54:43 - [TEST_STEP][PASSED] - setText(findTestObject("Page_PSTO webMessenger - Zalogowano/input_Mateusz Kowalski_messageInput"), "d"): Text 'd' is set on object 'Object Repository/Page_PSTO webMessenger - Zalogowano/input_Mateusz Kowalski_messageInput'

2021-12-19 14:54:44 - [MESSAGE][PASSED] - Text 'd' is set on object 'Object Repository/Page_PSTO webMessenger - Zalogowano/input_Mateusz Kowalski_messageInput'

2021-12-19 14:54:44 - [TEST_STEP][PASSED] - click(findTestObject("Page_PSTO webMessenger - Zalogowano/img_Mateusz Kowalski_sendButton")): Object: 'Object Repository/Page_PSTO webMessenger - Zalogowano/img_Mateusz Kowalski_sendButton' is clicked on

2021-12-19 14:54:45 - [MESSAGE][PASSED] - Object: 'Object Repository/Page_PSTO webMessenger - Zalogowano/img_Mateusz Kowalski_sendButton' is clicked on

2021-12-19 14:54:45 - [TEST_STEP][PASSED] - setText(findTestObject("Page_PSTO webMessenger - Zalogowano/input_Mateusz Kowalski_messageInput"), "d"): Text 'd' is set on object 'Object Repository/Page_PSTO webMessenger - Zalogowano/input_Mateusz Kowalski_messageInput'

2021-12-19 14:54:46 - [MESSAGE][PASSED] - Text 'd' is set on object 'Object Repository/Page_PSTO webMessenger - Zalogowano/input_Mateusz Kowalski_messageInput'

2021-12-19 14:54:46 - [TEST_STEP][PASSED] - click(findTestObject("Page_PSTO webMessenger - Zalogowano/img_Mateusz Kowalski_sendButton")): Object: 'Object Repository/Page_PSTO webMessenger - Zalogowano/img_Mateusz Kowalski_sendButton' is clicked on

2021-12-19 14:54:46 - [MESSAGE][PASSED] - Object: 'Object Repository/Page_PSTO webMessenger - Zalogowano/img_Mateusz Kowalski_sendButton' is clicked on

2021-12-19 14:54:46 - [TEST_STEP][PASSED] - setText(findTestObject("Page_PSTO webMessenger - Zalogowano/input_Mateusz Kowalski_messageInput"), "d"): Text 'd' is set on object 'Object Repository/Page_PSTO webMessenger - Zalogowano/input_Mateusz Kowalski_messageInput'

2021-12-19 14:54:47 - [MESSAGE][PASSED] - Text 'd' is set on object 'Object Repository/Page_PSTO webMessenger - Zalogowano/input_Mateusz Kowalski_messageInput'

2021-12-19 14:54:47 - [TEST_STEP][PASSED] - click(findTestObject("Page_PSTO webMessenger - Zalogowano/img_Mateusz Kowalski_sendButton")): Object: 'Object Repository/Page_PSTO webMessenger - Zalogowano/img_Mateusz Kowalski_sendButton' is clicked on

2021-12-19 14:54:48 - [MESSAGE][PASSED] - Object: 'Object Repository/Page_PSTO webMessenger - Zalogowano/img_Mateusz Kowalski_sendButton' is clicked on

2021-12-19 14:54:48 - [TEST_STEP][PASSED] - setText(findTestObject("Page_PSTO webMessenger - Zalogowano/input_Mateusz Kowalski_messageInput"), "d"): Text 'd' is set on object 'Object Repository/Page_PSTO webMessenger - Zalogowano/input_Mateusz Kowalski_messageInput'

2021-12-19 14:54:49 - [MESSAGE][PASSED] - Text 'd' is set on object 'Object Repository/Page_PSTO webMessenger - Zalogowano/input_Mateusz Kowalski_messageInput'

2021-12-19 14:54:49 - [TEST_STEP][PASSED] - click(findTestObject("Page_PSTO webMessenger - Zalogowano/img_Mateusz Kowalski_sendButton")): Object: 'Object Repository/Page_PSTO webMessenger - Zalogowano/img_Mateusz Kowalski_sendButton' is clicked on

2021-12-19 14:54:50 - [MESSAGE][PASSED] - Object: 'Object Repository/Page_PSTO webMessenger - Zalogowano/img_Mateusz Kowalski_sendButton' is clicked on

2021-12-19 14:54:50 - [TEST_STEP][PASSED] - setText(findTestObject("Page_PSTO webMessenger - Zalogowano/input_Mateusz Kowalski_messageInput"), "d"): Text 'd' is set on object 'Object Repository/Page_PSTO webMessenger - Zalogowano/input_Mateusz Kowalski_messageInput'

2021-12-19 14:54:50 - [MESSAGE][PASSED] - Text 'd' is set on object 'Object Repository/Page_PSTO webMessenger - Zalogowano/input_Mateusz Kowalski_messageInput'

2021-12-19 14:54:50 - [TEST_STEP][PASSED] - click(findTestObject("Page_PSTO webMessenger - Zalogowano/img_Mateusz Kowalski_sendButton")): Object: 'Object Repository/Page_PSTO webMessenger - Zalogowano/img_Mateusz Kowalski_sendButton' is clicked on

2021-12-19 14:54:51 - [MESSAGE][PASSED] - Object: 'Object Repository/Page_PSTO webMessenger - Zalogowano/img_Mateusz Kowalski_sendButton' is clicked on

2021-12-19 14:54:51 - [TEST_STEP][PASSED] - setText(findTestObject("Page_PSTO webMessenger - Zalogowano/input_Mateusz Kowalski_messageInput"), "d"): Text 'd' is set on object 'Object Repository/Page_PSTO webMessenger - Zalogowano/input_Mateusz Kowalski_messageInput'

2021-12-19 14:54:52 - [MESSAGE][PASSED] - Text 'd' is set on object 'Object Repository/Page_PSTO webMessenger - Zalogowano/input_Mateusz Kowalski_messageInput'

2021-12-19 14:54:52 - [TEST_STEP][PASSED] - click(findTestObject("Page_PSTO webMessenger - Zalogowano/img_Mateusz Kowalski_sendButton")): Object: 'Object Repository/Page_PSTO webMessenger - Zalogowano/img_Mateusz Kowalski_sendButton' is clicked on

2021-12-19 14:54:52 - [MESSAGE][PASSED] - Object: 'Object Repository/Page_PSTO webMessenger - Zalogowano/img_Mateusz Kowalski_sendButton' is clicked on

2021-12-19 14:54:52 - [TEST_STEP][PASSED] - setText(findTestObject("Page_PSTO webMessenger - Zalogowano/input_Mateusz Kowalski_messageInput"), "d"): Text 'd' is set on object 'Object Repository/Page_PSTO webMessenger - Zalogowano/input_Mateusz Kowalski_messageInput'

2021-12-19 14:54:54 - [MESSAGE][PASSED] - Text 'd' is set on object 'Object Repository/Page_PSTO webMessenger - Zalogowano/input_Mateusz Kowalski_messageInput'

2021-12-19 14:54:54 - [TEST_STEP][PASSED] - click(findTestObject("Page_PSTO webMessenger - Zalogowano/img_Mateusz Kowalski_sendButton")): Object: 'Object Repository/Page_PSTO webMessenger - Zalogowano/img_Mateusz Kowalski_sendButton' is clicked on

2021-12-19 14:54:55 - [MESSAGE][PASSED] - Object: 'Object Repository/Page_PSTO webMessenger - Zalogowano/img_Mateusz Kowalski_sendButton' is clicked on

2021-12-19 14:54:55 - [TEST_STEP][PASSED] - setText(findTestObject("Page_PSTO webMessenger - Zalogowano/input_Mateusz Kowalski_messageInput"), "d"): Text 'd' is set on object 'Object Repository/Page_PSTO webMessenger - Zalogowano/input_Mateusz Kowalski_messageInput'

2021-12-19 14:54:56 - [MESSAGE][PASSED] - Text 'd' is set on object 'Object Repository/Page_PSTO webMessenger - Zalogowano/input_Mateusz Kowalski_messageInput'

2021-12-19 14:54:56 - [TEST_STEP][PASSED] - click(findTestObject("Page_PSTO webMessenger - Zalogowano/img_Mateusz Kowalski_sendButton")): Object: 'Object Repository/Page_PSTO webMessenger - Zalogowano/img_Mateusz Kowalski_sendButton' is clicked on

2021-12-19 14:54:56 - [MESSAGE][PASSED] - Object: 'Object Repository/Page_PSTO webMessenger - Zalogowano/img_Mateusz Kowalski_sendButton' is clicked on

2021-12-19 14:54:56 - [TEST_STEP][PASSED] - setText(findTestObject("Page_PSTO webMessenger - Zalogowano/input_Mateusz Kowalski_messageInput"), "d"): Text 'd' is set on object 'Object Repository/Page_PSTO webMessenger - Zalogowano/input_Mateusz Kowalski_messageInput'

2021-12-19 14:54:57 - [MESSAGE][PASSED] - Text 'd' is set on object 'Object Repository/Page_PSTO webMessenger - Zalogowano/input_Mateusz Kowalski_messageInput'

2021-12-19 14:54:57 - [TEST_STEP][PASSED] - click(findTestObject("Page_PSTO webMessenger - Zalogowano/img_Mateusz Kowalski_sendButton")): Object: 'Object Repository/Page_PSTO webMessenger - Zalogowano/img_Mateusz Kowalski_sendButton' is clicked on

2021-12-19 14:54:57 - [MESSAGE][PASSED] - Object: 'Object Repository/Page_PSTO webMessenger - Zalogowano/img_Mateusz Kowalski_sendButton' is clicked on

2021-12-19 14:54:57 - [TEST_STEP][PASSED] - setText(findTestObject("Page_PSTO webMessenger - Zalogowano/input_Mateusz Kowalski_messageInput"), "d"): Text 'd' is set on object 'Object Repository/Page_PSTO webMessenger - Zalogowano/input_Mateusz Kowalski_messageInput'

2021-12-19 14:54:59 - [MESSAGE][PASSED] - Text 'd' is set on object 'Object Repository/Page_PSTO webMessenger - Zalogowano/input_Mateusz Kowalski_messageInput'

2021-12-19 14:54:59 - [TEST_STEP][PASSED] - click(findTestObject("Page_PSTO webMessenger - Zalogowano/img_Mateusz Kowalski_sendButton")): Object: 'Object Repository/Page_PSTO webMessenger - Zalogowano/img_Mateusz Kowalski_sendButton' is clicked on

2021-12-19 14:55:00 - [MESSAGE][PASSED] - Object: 'Object Repository/Page_PSTO webMessenger - Zalogowano/img_Mateusz Kowalski_sendButton' is clicked on

2021-12-19 14:55:00 - [TEST_STEP][PASSED] - setText(findTestObject("Page_PSTO webMessenger - Zalogowano/input_Mateusz Kowalski_messageInput"), "d"): Text 'd' is set on object 'Object Repository/Page_PSTO webMessenger - Zalogowano/input_Mateusz Kowalski_messageInput'

2021-12-19 14:55:01 - [MESSAGE][PASSED] - Text 'd' is set on object 'Object Repository/Page_PSTO webMessenger - Zalogowano/input_Mateusz Kowalski_messageInput'

2021-12-19 14:55:01 - [TEST_STEP][PASSED] - click(findTestObject("Page_PSTO webMessenger - Zalogowano/img_Mateusz Kowalski_sendButton")): Object: 'Object Repository/Page_PSTO webMessenger - Zalogowano/img_Mateusz Kowalski_sendButton' is clicked on

2021-12-19 14:55:01 - [MESSAGE][PASSED] - Object: 'Object Repository/Page_PSTO webMessenger - Zalogowano/img_Mateusz Kowalski_sendButton' is clicked on

2021-12-19 14:55:01 - [TEST_STEP][PASSED] - setText(findTestObject("Page_PSTO webMessenger - Zalogowano/input_Mateusz Kowalski_messageInput"), "d"): Text 'd' is set on object 'Object Repository/Page_PSTO webMessenger - Zalogowano/input_Mateusz Kowalski_messageInput'

2021-12-19 14:55:02 - [MESSAGE][PASSED] - Text 'd' is set on object 'Object Repository/Page_PSTO webMessenger - Zalogowano/input_Mateusz Kowalski_messageInput'

2021-12-19 14:55:02 - [TEST_STEP][PASSED] - click(findTestObject("Page_PSTO webMessenger - Zalogowano/img_Mateusz Kowalski_sendButton")): Object: 'Object Repository/Page_PSTO webMessenger - Zalogowano/img_Mateusz Kowalski_sendButton' is clicked on

2021-12-19 14:55:02 - [MESSAGE][PASSED] - Object: 'Object Repository/Page_PSTO webMessenger - Zalogowano/img_Mateusz Kowalski_sendButton' is clicked on

2021-12-19 14:55:02 - [TEST_STEP][PASSED] - setText(findTestObject("Page_PSTO webMessenger - Zalogowano/input_Mateusz Kowalski_messageInput"), "d"): Text 'd' is set on object 'Object Repository/Page_PSTO webMessenger - Zalogowano/input_Mateusz Kowalski_messageInput'

2021-12-19 14:55:04 - [MESSAGE][PASSED] - Text 'd' is set on object 'Object Repository/Page_PSTO webMessenger - Zalogowano/input_Mateusz Kowalski_messageInput'

2021-12-19 14:55:04 - [TEST_STEP][PASSED] - click(findTestObject("Page_PSTO webMessenger - Zalogowano/img_Mateusz Kowalski_sendButton")): Object: 'Object Repository/Page_PSTO webMessenger - Zalogowano/img_Mateusz Kowalski_sendButton' is clicked on

2021-12-19 14:55:05 - [MESSAGE][PASSED] - Object: 'Object Repository/Page_PSTO webMessenger - Zalogowano/img_Mateusz Kowalski_sendButton' is clicked on

2021-12-19 14:55:05 - [TEST_STEP][PASSED] - setText(findTestObject("Page_PSTO webMessenger - Zalogowano/input_Mateusz Kowalski_messageInput"), "d"): Text 'd' is set on object 'Object Repository/Page_PSTO webMessenger - Zalogowano/input_Mateusz Kowalski_messageInput'

2021-12-19 14:55:06 - [MESSAGE][PASSED] - Text 'd' is set on object 'Object Repository/Page_PSTO webMessenger - Zalogowano/input_Mateusz Kowalski_messageInput'

2021-12-19 14:55:06 - [TEST_STEP][PASSED] - click(findTestObject("Page_PSTO webMessenger - Zalogowano/img_Mateusz Kowalski_sendButton")): Object: 'Object Repository/Page_PSTO webMessenger - Zalogowano/img_Mateusz Kowalski_sendButton' is clicked on

2021-12-19 14:55:06 - [MESSAGE][PASSED] - Object: 'Object Repository/Page_PSTO webMessenger - Zalogowano/img_Mateusz Kowalski_sendButton' is clicked on

2021-12-19 14:55:06 - [TEST_STEP][PASSED] - setText(findTestObject("Page_PSTO webMessenger - Zalogowano/input_Mateusz Kowalski_messageInput"), "d"): Text 'd' is set on object 'Object Repository/Page_PSTO webMessenger - Zalogowano/input_Mateusz Kowalski_messageInput'

2021-12-19 14:55:07 - [MESSAGE][PASSED] - Text 'd' is set on object 'Object Repository/Page_PSTO webMessenger - Zalogowano/input_Mateusz Kowalski_messageInput'

2021-12-19 14:55:07 - [TEST_STEP][PASSED] - click(findTestObject("Page_PSTO webMessenger - Zalogowano/img_Mateusz Kowalski_sendButton")): Object: 'Object Repository/Page_PSTO webMessenger - Zalogowano/img_Mateusz Kowalski_sendButton' is clicked on

2021-12-19 14:55:08 - [MESSAGE][PASSED] - Object: 'Object Repository/Page_PSTO webMessenger - Zalogowano/img_Mateusz Kowalski_sendButton' is clicked on

2021-12-19 14:55:08 - [TEST_STEP][PASSED] - setText(findTestObject("Page_PSTO webMessenger - Zalogowano/input_Mateusz Kowalski_messageInput"), "d"): Text 'd' is set on object 'Object Repository/Page_PSTO webMessenger - Zalogowano/input_Mateusz Kowalski_messageInput'

2021-12-19 14:55:08 - [MESSAGE][PASSED] - Text 'd' is set on object 'Object Repository/Page_PSTO webMessenger - Zalogowano/input_Mateusz Kowalski_messageInput'

2021-12-19 14:55:08 - [TEST_STEP][PASSED] - click(findTestObject("Page_PSTO webMessenger - Zalogowano/img_Mateusz Kowalski_sendButton")): Object: 'Object Repository/Page_PSTO webMessenger - Zalogowano/img_Mateusz Kowalski_sendButton' is clicked on

2021-12-19 14:55:09 - [MESSAGE][PASSED] - Object: 'Object Repository/Page_PSTO webMessenger - Zalogowano/img_Mateusz Kowalski_sendButton' is clicked on

2021-12-19 14:55:09 - [TEST_STEP][PASSED] - setText(findTestObject("Page_PSTO webMessenger - Zalogowano/input_Mateusz Kowalski_messageInput"), "d"): Text 'd' is set on object 'Object Repository/Page_PSTO webMessenger - Zalogowano/input_Mateusz Kowalski_messageInput'

2021-12-19 14:55:10 - [MESSAGE][PASSED] - Text 'd' is set on object 'Object Repository/Page_PSTO webMessenger - Zalogowano/input_Mateusz Kowalski_messageInput'

2021-12-19 14:55:10 - [TEST_STEP][PASSED] - click(findTestObject("Page_PSTO webMessenger - Zalogowano/img_Mateusz Kowalski_sendButton")): Object: 'Object Repository/Page_PSTO webMessenger - Zalogowano/img_Mateusz Kowalski_sendButton' is clicked on

2021-12-19 14:55:10 - [MESSAGE][PASSED] - Object: 'Object Repository/Page_PSTO webMessenger - Zalogowano/img_Mateusz Kowalski_sendButton' is clicked on

2021-12-19 14:55:10 - [TEST_STEP][PASSED] - setText(findTestObject("Page_PSTO webMessenger - Zalogowano/input_Mateusz Kowalski_messageInput"), "d"): Text 'd' is set on object 'Object Repository/Page_PSTO webMessenger - Zalogowano/input_Mateusz Kowalski_messageInput'

2021-12-19 14:55:11 - [MESSAGE][PASSED] - Text 'd' is set on object 'Object Repository/Page_PSTO webMessenger - Zalogowano/input_Mateusz Kowalski_messageInput'

2021-12-19 14:55:11 - [TEST_STEP][PASSED] - click(findTestObject("Page_PSTO webMessenger - Zalogowano/img_Mateusz Kowalski_sendButton")): Object: 'Object Repository/Page_PSTO webMessenger - Zalogowano/img_Mateusz Kowalski_sendButton' is clicked on

2021-12-19 14:55:12 - [MESSAGE][PASSED] - Object: 'Object Repository/Page_PSTO webMessenger - Zalogowano/img_Mateusz Kowalski_sendButton' is clicked on

2021-12-19 14:55:12 - [TEST_STEP][PASSED] - setText(findTestObject("Page_PSTO webMessenger - Zalogowano/input_Mateusz Kowalski_messageInput"), "d"): Text 'd' is set on object 'Object Repository/Page_PSTO webMessenger - Zalogowano/input_Mateusz Kowalski_messageInput'

2021-12-19 14:55:12 - [MESSAGE][PASSED] - Text 'd' is set on object 'Object Repository/Page_PSTO webMessenger - Zalogowano/input_Mateusz Kowalski_messageInput'

2021-12-19 14:55:12 - [TEST_STEP][PASSED] - click(findTestObject("Page_PSTO webMessenger - Zalogowano/img_Mateusz Kowalski_sendButton")): Object: 'Object Repository/Page_PSTO webMessenger - Zalogowano/img_Mateusz Kowalski_sendButton' is clicked on

2021-12-19 14:55:14 - [MESSAGE][PASSED] - Object: 'Object Repository/Page_PSTO webMessenger - Zalogowano/img_Mateusz Kowalski_sendButton' is clicked on

2021-12-19 14:55:14 - [TEST_STEP][PASSED] - setText(findTestObject("Page_PSTO webMessenger - Zalogowano/input_Mateusz Kowalski_messageInput"), "d"): Text 'd' is set on object 'Object Repository/Page_PSTO webMessenger - Zalogowano/input_Mateusz Kowalski_messageInput'

2021-12-19 14:55:14 - [MESSAGE][PASSED] - Text 'd' is set on object 'Object Repository/Page_PSTO webMessenger - Zalogowano/input_Mateusz Kowalski_messageInput'

2021-12-19 14:55:14 - [TEST_STEP][PASSED] - click(findTestObject("Page_PSTO webMessenger - Zalogowano/img_Mateusz Kowalski_sendButton")): Object: 'Object Repository/Page_PSTO webMessenger - Zalogowano/img_Mateusz Kowalski_sendButton' is clicked on

2021-12-19 14:55:15 - [MESSAGE][PASSED] - Object: 'Object Repository/Page_PSTO webMessenger - Zalogowano/img_Mateusz Kowalski_sendButton' is clicked on

2021-12-19 14:55:15 - [TEST_STEP][PASSED] - setText(findTestObject("Page_PSTO webMessenger - Zalogowano/input_Mateusz Kowalski_messageInput"), "d"): Text 'd' is set on object 'Object Repository/Page_PSTO webMessenger - Zalogowano/input_Mateusz Kowalski_messageInput'

2021-12-19 14:55:16 - [MESSAGE][PASSED] - Text 'd' is set on object 'Object Repository/Page_PSTO webMessenger - Zalogowano/input_Mateusz Kowalski_messageInput'

2021-12-19 14:55:16 - [TEST_STEP][PASSED] - click(findTestObject("Page_PSTO webMessenger - Zalogowano/img_Mateusz Kowalski_sendButton")): Object: 'Object Repository/Page_PSTO webMessenger - Zalogowano/img_Mateusz Kowalski_sendButton' is clicked on

2021-12-19 14:55:16 - [MESSAGE][PASSED] - Object: 'Object Repository/Page_PSTO webMessenger - Zalogowano/img_Mateusz Kowalski_sendButton' is clicked on

2021-12-19 14:55:16 - [TEST_STEP][PASSED] - setText(findTestObject("Page_PSTO webMessenger - Zalogowano/input_Mateusz Kowalski_messageInput"), "d"): Text 'd' is set on object 'Object Repository/Page_PSTO webMessenger - Zalogowano/input_Mateusz Kowalski_messageInput'

2021-12-19 14:55:17 - [MESSAGE][PASSED] - Text 'd' is set on object 'Object Repository/Page_PSTO webMessenger - Zalogowano/input_Mateusz Kowalski_messageInput'

2021-12-19 14:55:17 - [TEST_STEP][PASSED] - click(findTestObject("Page_PSTO webMessenger - Zalogowano/img_Mateusz Kowalski_sendButton")): Object: 'Object Repository/Page_PSTO webMessenger - Zalogowano/img_Mateusz Kowalski_sendButton' is clicked on

2021-12-19 14:55:18 - [MESSAGE][PASSED] - Object: 'Object Repository/Page_PSTO webMessenger - Zalogowano/img_Mateusz Kowalski_sendButton' is clicked on

2021-12-19 14:55:18 - [TEST_STEP][PASSED] - setText(findTestObject("Page_PSTO webMessenger - Zalogowano/input_Mateusz Kowalski_messageInput"), "d"): Text 'd' is set on object 'Object Repository/Page_PSTO webMessenger - Zalogowano/input_Mateusz Kowalski_messageInput'

2021-12-19 14:55:19 - [MESSAGE][PASSED] - Text 'd' is set on object 'Object Repository/Page_PSTO webMessenger - Zalogowano/input_Mateusz Kowalski_messageInput'

2021-12-19 14:55:19 - [TEST_STEP][PASSED] - click(findTestObject("Page_PSTO webMessenger - Zalogowano/img_Mateusz Kowalski_sendButton")): Object: 'Object Repository/Page_PSTO webMessenger - Zalogowano/img_Mateusz Kowalski_sendButton' is clicked on

2021-12-19 14:55:19 - [MESSAGE][PASSED] - Object: 'Object Repository/Page_PSTO webMessenger - Zalogowano/img_Mateusz Kowalski_sendButton' is clicked on

2021-12-19 14:55:19 - [TEST_STEP][PASSED] - setText(findTestObject("Page_PSTO webMessenger - Zalogowano/input_Mateusz Kowalski_messageInput"), "d"): Text 'd' is set on object 'Object Repository/Page_PSTO webMessenger - Zalogowano/input_Mateusz Kowalski_messageInput'

2021-12-19 14:55:20 - [MESSAGE][PASSED] - Text 'd' is set on object 'Object Repository/Page_PSTO webMessenger - Zalogowano/input_Mateusz Kowalski_messageInput'

2021-12-19 14:55:20 - [TEST_STEP][PASSED] - click(findTestObject("Page_PSTO webMessenger - Zalogowano/img_Mateusz Kowalski_sendButton")): Object: 'Object Repository/Page_PSTO webMessenger - Zalogowano/img_Mateusz Kowalski_sendButton' is clicked on

2021-12-19 14:55:20 - [MESSAGE][PASSED] - Object: 'Object Repository/Page_PSTO webMessenger - Zalogowano/img_Mateusz Kowalski_sendButton' is clicked on

2021-12-19 14:55:20 - [TEST_STEP][PASSED] - setText(findTestObject("Page_PSTO webMessenger - Zalogowano/input_Mateusz Kowalski_messageInput"), "d"): Text 'd' is set on object 'Object Repository/Page_PSTO webMessenger - Zalogowano/input_Mateusz Kowalski_messageInput'

2021-12-19 14:55:21 - [MESSAGE][PASSED] - Text 'd' is set on object 'Object Repository/Page_PSTO webMessenger - Zalogowano/input_Mateusz Kowalski_messageInput'

2021-12-19 14:55:21 - [TEST_STEP][PASSED] - click(findTestObject("Page_PSTO webMessenger - Zalogowano/img_Mateusz Kowalski_sendButton")): Object: 'Object Repository/Page_PSTO webMessenger - Zalogowano/img_Mateusz Kowalski_sendButton' is clicked on

2021-12-19 14:55:22 - [MESSAGE][PASSED] - Object: 'Object Repository/Page_PSTO webMessenger - Zalogowano/img_Mateusz Kowalski_sendButton' is clicked on

2021-12-19 14:55:22 - [TEST_STEP][PASSED] - setText(findTestObject("Page_PSTO webMessenger - Zalogowano/input_Mateusz Kowalski_messageInput"), "d"): Text 'd' is set on object 'Object Repository/Page_PSTO webMessenger - Zalogowano/input_Mateusz Kowalski_messageInput'

2021-12-19 14:55:22 - [MESSAGE][PASSED] - Text 'd' is set on object 'Object Repository/Page_PSTO webMessenger - Zalogowano/input_Mateusz Kowalski_messageInput'

2021-12-19 14:55:22 - [TEST_STEP][PASSED] - click(findTestObject("Page_PSTO webMessenger - Zalogowano/img_Mateusz Kowalski_sendButton")): Object: 'Object Repository/Page_PSTO webMessenger - Zalogowano/img_Mateusz Kowalski_sendButton' is clicked on

2021-12-19 14:55:23 - [MESSAGE][PASSED] - Object: 'Object Repository/Page_PSTO webMessenger - Zalogowano/img_Mateusz Kowalski_sendButton' is clicked on

2021-12-19 14:55:23 - [TEST_STEP][PASSED] - setText(findTestObject("Page_PSTO webMessenger - Zalogowano/input_Mateusz Kowalski_messageInput"), "d"): Text 'd' is set on object 'Object Repository/Page_PSTO webMessenger - Zalogowano/input_Mateusz Kowalski_messageInput'

2021-12-19 14:55:24 - [MESSAGE][PASSED] - Text 'd' is set on object 'Object Repository/Page_PSTO webMessenger - Zalogowano/input_Mateusz Kowalski_messageInput'

2021-12-19 14:55:24 - [TEST_STEP][PASSED] - click(findTestObject("Page_PSTO webMessenger - Zalogowano/img_Mateusz Kowalski_sendButton")): Object: 'Object Repository/Page_PSTO webMessenger - Zalogowano/img_Mateusz Kowalski_sendButton' is clicked on

2021-12-19 14:55:25 - [MESSAGE][PASSED] - Object: 'Object Repository/Page_PSTO webMessenger - Zalogowano/img_Mateusz Kowalski_sendButton' is clicked on

2021-12-19 14:55:25 - [TEST_STEP][PASSED] - setText(findTestObject("Page_PSTO webMessenger - Zalogowano/input_Mateusz Kowalski_messageInput"), "d"): Text 'd' is set on object 'Object Repository/Page_PSTO webMessenger - Zalogowano/input_Mateusz Kowalski_messageInput'

2021-12-19 14:55:25 - [MESSAGE][PASSED] - Text 'd' is set on object 'Object Repository/Page_PSTO webMessenger - Zalogowano/input_Mateusz Kowalski_messageInput'

2021-12-19 14:55:25 - [TEST_STEP][PASSED] - click(findTestObject("Page_PSTO webMessenger - Zalogowano/img_Mateusz Kowalski_sendButton")): Object: 'Object Repository/Page_PSTO webMessenger - Zalogowano/img_Mateusz Kowalski_sendButton' is clicked on

2021-12-19 14:55:26 - [MESSAGE][PASSED] - Object: 'Object Repository/Page_PSTO webMessenger - Zalogowano/img_Mateusz Kowalski_sendButton' is clicked on

2021-12-19 14:55:26 - [TEST_STEP][PASSED] - setText(findTestObject("Page_PSTO webMessenger - Zalogowano/input_Mateusz Kowalski_messageInput"), "d"): Text 'd' is set on object 'Object Repository/Page_PSTO webMessenger - Zalogowano/input_Mateusz Kowalski_messageInput'

2021-12-19 14:55:27 - [MESSAGE][PASSED] - Text 'd' is set on object 'Object Repository/Page_PSTO webMessenger - Zalogowano/input_Mateusz Kowalski_messageInput'

2021-12-19 14:55:27 - [TEST_STEP][PASSED] - click(findTestObject("Page_PSTO webMessenger - Zalogowano/img_Mateusz Kowalski_sendButton")): Object: 'Object Repository/Page_PSTO webMessenger - Zalogowano/img_Mateusz Kowalski_sendButton' is clicked on

2021-12-19 14:55:27 - [MESSAGE][PASSED] - Object: 'Object Repository/Page_PSTO webMessenger - Zalogowano/img_Mateusz Kowalski_sendButton' is clicked on

2021-12-19 14:55:27 - [TEST_STEP][PASSED] - setText(findTestObject("Page_PSTO webMessenger - Zalogowano/input_Mateusz Kowalski_messageInput"), "d"): Text 'd' is set on object 'Object Repository/Page_PSTO webMessenger - Zalogowano/input_Mateusz Kowalski_messageInput'

2021-12-19 14:55:29 - [MESSAGE][PASSED] - Text 'd' is set on object 'Object Repository/Page_PSTO webMessenger - Zalogowano/input_Mateusz Kowalski_messageInput'

2021-12-19 14:55:29 - [TEST_STEP][PASSED] - click(findTestObject("Page_PSTO webMessenger - Zalogowano/img_Mateusz Kowalski_sendButton")): Object: 'Object Repository/Page_PSTO webMessenger - Zalogowano/img_Mateusz Kowalski_sendButton' is clicked on

2021-12-19 14:55:29 - [MESSAGE][PASSED] - Object: 'Object Repository/Page_PSTO webMessenger - Zalogowano/img_Mateusz Kowalski_sendButton' is clicked on

2021-12-19 14:55:29 - [TEST_STEP][PASSED] - setText(findTestObject("Page_PSTO webMessenger - Zalogowano/input_Mateusz Kowalski_messageInput"), "d"): Text 'd' is set on object 'Object Repository/Page_PSTO webMessenger - Zalogowano/input_Mateusz Kowalski_messageInput'

2021-12-19 14:55:30 - [MESSAGE][PASSED] - Text 'd' is set on object 'Object Repository/Page_PSTO webMessenger - Zalogowano/input_Mateusz Kowalski_messageInput'

2021-12-19 14:55:30 - [TEST_STEP][PASSED] - click(findTestObject("Page_PSTO webMessenger - Zalogowano/img_Mateusz Kowalski_sendButton")): Object: 'Object Repository/Page_PSTO webMessenger - Zalogowano/img_Mateusz Kowalski_sendButton' is clicked on

2021-12-19 14:55:31 - [MESSAGE][PASSED] - Object: 'Object Repository/Page_PSTO webMessenger - Zalogowano/img_Mateusz Kowalski_sendButton' is clicked on

2021-12-19 14:55:31 - [TEST_STEP][PASSED] - setText(findTestObject("Page_PSTO webMessenger - Zalogowano/input_Mateusz Kowalski_messageInput"), "d"): Text 'd' is set on object 'Object Repository/Page_PSTO webMessenger - Zalogowano/input_Mateusz Kowalski_messageInput'

2021-12-19 14:55:31 - [MESSAGE][PASSED] - Text 'd' is set on object 'Object Repository/Page_PSTO webMessenger - Zalogowano/input_Mateusz Kowalski_messageInput'

2021-12-19 14:55:31 - [TEST_STEP][PASSED] - click(findTestObject("Page_PSTO webMessenger - Zalogowano/img_Mateusz Kowalski_sendButton")): Object: 'Object Repository/Page_PSTO webMessenger - Zalogowano/img_Mateusz Kowalski_sendButton' is clicked on

2021-12-19 14:55:32 - [MESSAGE][PASSED] - Object: 'Object Repository/Page_PSTO webMessenger - Zalogowano/img_Mateusz Kowalski_sendButton' is clicked on

2021-12-19 14:55:32 - [TEST_STEP][PASSED] - setText(findTestObject("Page_PSTO webMessenger - Zalogowano/input_Mateusz Kowalski_messageInput"), "d"): Text 'd' is set on object 'Object Repository/Page_PSTO webMessenger - Zalogowano/input_Mateusz Kowalski_messageInput'

2021-12-19 14:55:32 - [MESSAGE][PASSED] - Text 'd' is set on object 'Object Repository/Page_PSTO webMessenger - Zalogowano/input_Mateusz Kowalski_messageInput'

2021-12-19 14:55:32 - [TEST_STEP][PASSED] - click(findTestObject("Page_PSTO webMessenger - Zalogowano/img_Mateusz Kowalski_sendButton")): Object: 'Object Repository/Page_PSTO webMessenger - Zalogowano/img_Mateusz Kowalski_sendButton' is clicked on

2021-12-19 14:55:34 - [MESSAGE][PASSED] - Object: 'Object Repository/Page_PSTO webMessenger - Zalogowano/img_Mateusz Kowalski_sendButton' is clicked on

2021-12-19 14:55:34 - [TEST_STEP][PASSED] - setText(findTestObject("Page_PSTO webMessenger - Zalogowano/input_Mateusz Kowalski_messageInput"), "d"): Text 'd' is set on object 'Object Repository/Page_PSTO webMessenger - Zalogowano/input_Mateusz Kowalski_messageInput'

2021-12-19 14:55:34 - [MESSAGE][PASSED] - Text 'd' is set on object 'Object Repository/Page_PSTO webMessenger - Zalogowano/input_Mateusz Kowalski_messageInput'

2021-12-19 14:55:34 - [TEST_STEP][PASSED] - click(findTestObject("Page_PSTO webMessenger - Zalogowano/img_Mateusz Kowalski_sendButton")): Object: 'Object Repository/Page_PSTO webMessenger - Zalogowano/img_Mateusz Kowalski_sendButton' is clicked on

2021-12-19 14:55:35 - [MESSAGE][PASSED] - Object: 'Object Repository/Page_PSTO webMessenger - Zalogowano/img_Mateusz Kowalski_sendButton' is clicked on

2021-12-19 14:55:35 - [TEST_STEP][PASSED] - setText(findTestObject("Page_PSTO webMessenger - Zalogowano/input_Mateusz Kowalski_messageInput"), "d"): Text 'd' is set on object 'Object Repository/Page_PSTO webMessenger - Zalogowano/input_Mateusz Kowalski_messageInput'

2021-12-19 14:55:36 - [MESSAGE][PASSED] - Text 'd' is set on object 'Object Repository/Page_PSTO webMessenger - Zalogowano/input_Mateusz Kowalski_messageInput'

2021-12-19 14:55:36 - [TEST_STEP][PASSED] - click(findTestObject("Page_PSTO webMessenger - Zalogowano/img_Mateusz Kowalski_sendButton")): Object: 'Object Repository/Page_PSTO webMessenger - Zalogowano/img_Mateusz Kowalski_sendButton' is clicked on

2021-12-19 14:55:36 - [MESSAGE][PASSED] - Object: 'Object Repository/Page_PSTO webMessenger - Zalogowano/img_Mateusz Kowalski_sendButton' is clicked on

2021-12-19 14:55:36 - [TEST_STEP][PASSED] - setText(findTestObject("Page_PSTO webMessenger - Zalogowano/input_Mateusz Kowalski_messageInput"), "d"): Text 'd' is set on object 'Object Repository/Page_PSTO webMessenger - Zalogowano/input_Mateusz Kowalski_messageInput'

2021-12-19 14:55:37 - [MESSAGE][PASSED] - Text 'd' is set on object 'Object Repository/Page_PSTO webMessenger - Zalogowano/input_Mateusz Kowalski_messageInput'

2021-12-19 14:55:37 - [TEST_STEP][PASSED] - click(findTestObject("Page_PSTO webMessenger - Zalogowano/img_Mateusz Kowalski_sendButton")): Object: 'Object Repository/Page_PSTO webMessenger - Zalogowano/img_Mateusz Kowalski_sendButton' is clicked on

2021-12-19 14:55:38 - [MESSAGE][PASSED] - Object: 'Object Repository/Page_PSTO webMessenger - Zalogowano/img_Mateusz Kowalski_sendButton' is clicked on

2021-12-19 14:55:38 - [TEST_STEP][PASSED] - setText(findTestObject("Page_PSTO webMessenger - Zalogowano/input_Mateusz Kowalski_messageInput"), "d"): Text 'd' is set on object 'Object Repository/Page_PSTO webMessenger - Zalogowano/input_Mateusz Kowalski_messageInput'

2021-12-19 14:55:39 - [MESSAGE][PASSED] - Text 'd' is set on object 'Object Repository/Page_PSTO webMessenger - Zalogowano/input_Mateusz Kowalski_messageInput'

2021-12-19 14:55:39 - [TEST_STEP][PASSED] - click(findTestObject("Page_PSTO webMessenger - Zalogowano/img_Mateusz Kowalski_sendButton")): Object: 'Object Repository/Page_PSTO webMessenger - Zalogowano/img_Mateusz Kowalski_sendButton' is clicked on

2021-12-19 14:55:39 - [MESSAGE][PASSED] - Object: 'Object Repository/Page_PSTO webMessenger - Zalogowano/img_Mateusz Kowalski_sendButton' is clicked on

2021-12-19 14:55:39 - [TEST_STEP][PASSED] - setText(findTestObject("Page_PSTO webMessenger - Zalogowano/input_Mateusz Kowalski_messageInput"), "d"): Text 'd' is set on object 'Object Repository/Page_PSTO webMessenger - Zalogowano/input_Mateusz Kowalski_messageInput'

2021-12-19 14:55:40 - [MESSAGE][PASSED] - Text 'd' is set on object 'Object Repository/Page_PSTO webMessenger - Zalogowano/input_Mateusz Kowalski_messageInput'

2021-12-19 14:55:40 - [TEST_STEP][PASSED] - click(findTestObject("Page_PSTO webMessenger - Zalogowano/img_Mateusz Kowalski_sendButton")): Object: 'Object Repository/Page_PSTO webMessenger - Zalogowano/img_Mateusz Kowalski_sendButton' is clicked on

2021-12-19 14:55:41 - [MESSAGE][PASSED] - Object: 'Object Repository/Page_PSTO webMessenger - Zalogowano/img_Mateusz Kowalski_sendButton' is clicked on

2021-12-19 14:55:41 - [TEST_STEP][PASSED] - setText(findTestObject("Page_PSTO webMessenger - Zalogowano/input_Mateusz Kowalski_messageInput"), "d"): Text 'd' is set on object 'Object Repository/Page_PSTO webMessenger - Zalogowano/input_Mateusz Kowalski_messageInput'

2021-12-19 14:55:41 - [MESSAGE][PASSED] - Text 'd' is set on object 'Object Repository/Page_PSTO webMessenger - Zalogowano/input_Mateusz Kowalski_messageInput'

2021-12-19 14:55:41 - [TEST_STEP][PASSED] - click(findTestObject("Page_PSTO webMessenger - Zalogowano/img_Mateusz Kowalski_sendButton")): Object: 'Object Repository/Page_PSTO webMessenger - Zalogowano/img_Mateusz Kowalski_sendButton' is clicked on

2021-12-19 14:55:42 - [MESSAGE][PASSED] - Object: 'Object Repository/Page_PSTO webMessenger - Zalogowano/img_Mateusz Kowalski_sendButton' is clicked on

2021-12-19 14:55:42 - [TEST_STEP][PASSED] - setText(findTestObject("Page_PSTO webMessenger - Zalogowano/input_Mateusz Kowalski_messageInput"), "d"): Text 'd' is set on object 'Object Repository/Page_PSTO webMessenger - Zalogowano/input_Mateusz Kowalski_messageInput'

2021-12-19 14:55:43 - [MESSAGE][PASSED] - Text 'd' is set on object 'Object Repository/Page_PSTO webMessenger - Zalogowano/input_Mateusz Kowalski_messageInput'

2021-12-19 14:55:43 - [TEST_STEP][PASSED] - click(findTestObject("Page_PSTO webMessenger - Zalogowano/img_Mateusz Kowalski_sendButton")): Object: 'Object Repository/Page_PSTO webMessenger - Zalogowano/img_Mateusz Kowalski_sendButton' is clicked on

2021-12-19 14:55:44 - [MESSAGE][PASSED] - Object: 'Object Repository/Page_PSTO webMessenger - Zalogowano/img_Mateusz Kowalski_sendButton' is clicked on

2021-12-19 14:55:44 - [TEST_STEP][PASSED] - setText(findTestObject("Page_PSTO webMessenger - Zalogowano/input_Mateusz Kowalski_messageInput"), "d"): Text 'd' is set on object 'Object Repository/Page_PSTO webMessenger - Zalogowano/input_Mateusz Kowalski_messageInput'

2021-12-19 14:55:44 - [MESSAGE][PASSED] - Text 'd' is set on object 'Object Repository/Page_PSTO webMessenger - Zalogowano/input_Mateusz Kowalski_messageInput'

2021-12-19 14:55:44 - [TEST_STEP][PASSED] - click(findTestObject("Page_PSTO webMessenger - Zalogowano/img_Mateusz Kowalski_sendButton")): Object: 'Object Repository/Page_PSTO webMessenger - Zalogowano/img_Mateusz Kowalski_sendButton' is clicked on

2021-12-19 14:55:45 - [MESSAGE][PASSED] - Object: 'Object Repository/Page_PSTO webMessenger - Zalogowano/img_Mateusz Kowalski_sendButton' is clicked on

2021-12-19 14:55:45 - [TEST_STEP][PASSED] - setText(findTestObject("Page_PSTO webMessenger - Zalogowano/input_Mateusz Kowalski_messageInput"), "d"): Text 'd' is set on object 'Object Repository/Page_PSTO webMessenger - Zalogowano/input_Mateusz Kowalski_messageInput'

2021-12-19 14:55:46 - [MESSAGE][PASSED] - Text 'd' is set on object 'Object Repository/Page_PSTO webMessenger - Zalogowano/input_Mateusz Kowalski_messageInput'

2021-12-19 14:55:46 - [TEST_STEP][PASSED] - click(findTestObject("Page_PSTO webMessenger - Zalogowano/img_Mateusz Kowalski_sendButton")): Object: 'Object Repository/Page_PSTO webMessenger - Zalogowano/img_Mateusz Kowalski_sendButton' is clicked on

2021-12-19 14:55:46 - [MESSAGE][PASSED] - Object: 'Object Repository/Page_PSTO webMessenger - Zalogowano/img_Mateusz Kowalski_sendButton' is clicked on

2021-12-19 14:55:46 - [TEST_STEP][PASSED] - setText(findTestObject("Page_PSTO webMessenger - Zalogowano/input_Mateusz Kowalski_messageInput"), "d"): Text 'd' is set on object 'Object Repository/Page_PSTO webMessenger - Zalogowano/input_Mateusz Kowalski_messageInput'

2021-12-19 14:55:47 - [MESSAGE][PASSED] - Text 'd' is set on object 'Object Repository/Page_PSTO webMessenger - Zalogowano/input_Mateusz Kowalski_messageInput'

2021-12-19 14:55:47 - [TEST_STEP][PASSED] - click(findTestObject("Page_PSTO webMessenger - Zalogowano/img_Mateusz Kowalski_sendButton")): Object: 'Object Repository/Page_PSTO webMessenger - Zalogowano/img_Mateusz Kowalski_sendButton' is clicked on

2021-12-19 14:55:48 - [MESSAGE][PASSED] - Object: 'Object Repository/Page_PSTO webMessenger - Zalogowano/img_Mateusz Kowalski_sendButton' is clicked on

2021-12-19 14:55:48 - [TEST_STEP][PASSED] - setText(findTestObject("Page_PSTO webMessenger - Zalogowano/input_Mateusz Kowalski_messageInput"), "d"): Text 'd' is set on object 'Object Repository/Page_PSTO webMessenger - Zalogowano/input_Mateusz Kowalski_messageInput'

2021-12-19 14:55:49 - [MESSAGE][PASSED] - Text 'd' is set on object 'Object Repository/Page_PSTO webMessenger - Zalogowano/input_Mateusz Kowalski_messageInput'

2021-12-19 14:55:49 - [TEST_STEP][PASSED] - click(findTestObject("Page_PSTO webMessenger - Zalogowano/img_Mateusz Kowalski_sendButton")): Object: 'Object Repository/Page_PSTO webMessenger - Zalogowano/img_Mateusz Kowalski_sendButton' is clicked on

2021-12-19 14:55:49 - [MESSAGE][PASSED] - Object: 'Object Repository/Page_PSTO webMessenger - Zalogowano/img_Mateusz Kowalski_sendButton' is clicked on

2021-12-19 14:55:49 - [TEST_STEP][PASSED] - setText(findTestObject("Page_PSTO webMessenger - Zalogowano/input_Mateusz Kowalski_messageInput"), "d"): Text 'd' is set on object 'Object Repository/Page_PSTO webMessenger - Zalogowano/input_Mateusz Kowalski_messageInput'

2021-12-19 14:55:50 - [MESSAGE][PASSED] - Text 'd' is set on object 'Object Repository/Page_PSTO webMessenger - Zalogowano/input_Mateusz Kowalski_messageInput'

2021-12-19 14:55:50 - [TEST_STEP][PASSED] - click(findTestObject("Page_PSTO webMessenger - Zalogowano/img_Mateusz Kowalski_sendButton")): Object: 'Object Repository/Page_PSTO webMessenger - Zalogowano/img_Mateusz Kowalski_sendButton' is clicked on

2021-12-19 14:55:50 - [MESSAGE][PASSED] - Object: 'Object Repository/Page_PSTO webMessenger - Zalogowano/img_Mateusz Kowalski_sendButton' is clicked on

2021-12-19 14:55:50 - [TEST_STEP][PASSED] - setText(findTestObject("Page_PSTO webMessenger - Zalogowano/input_Mateusz Kowalski_messageInput"), "d"): Text 'd' is set on object 'Object Repository/Page_PSTO webMessenger - Zalogowano/input_Mateusz Kowalski_messageInput'

2021-12-19 14:55:51 - [MESSAGE][PASSED] - Text 'd' is set on object 'Object Repository/Page_PSTO webMessenger - Zalogowano/input_Mateusz Kowalski_messageInput'

2021-12-19 14:55:51 - [TEST_STEP][PASSED] - click(findTestObject("Page_PSTO webMessenger - Zalogowano/img_Mateusz Kowalski_sendButton")): Object: 'Object Repository/Page_PSTO webMessenger - Zalogowano/img_Mateusz Kowalski_sendButton' is clicked on

2021-12-19 14:55:52 - [MESSAGE][PASSED] - Object: 'Object Repository/Page_PSTO webMessenger - Zalogowano/img_Mateusz Kowalski_sendButton' is clicked on

2021-12-19 14:55:52 - [TEST_STEP][PASSED] - setText(findTestObject("Page_PSTO webMessenger - Zalogowano/input_Mateusz Kowalski_messageInput"), "d"): Text 'd' is set on object 'Object Repository/Page_PSTO webMessenger - Zalogowano/input_Mateusz Kowalski_messageInput'

2021-12-19 14:55:52 - [MESSAGE][PASSED] - Text 'd' is set on object 'Object Repository/Page_PSTO webMessenger - Zalogowano/input_Mateusz Kowalski_messageInput'

2021-12-19 14:55:52 - [TEST_STEP][PASSED] - click(findTestObject("Page_PSTO webMessenger - Zalogowano/img_Mateusz Kowalski_sendButton")): Object: 'Object Repository/Page_PSTO webMessenger - Zalogowano/img_Mateusz Kowalski_sendButton' is clicked on

2021-12-19 14:55:53 - [MESSAGE][PASSED] - Object: 'Object Repository/Page_PSTO webMessenger - Zalogowano/img_Mateusz Kowalski_sendButton' is clicked on

2021-12-19 14:55:53 - [TEST_STEP][PASSED] - setText(findTestObject("Page_PSTO webMessenger - Zalogowano/input_Mateusz Kowalski_messageInput"), "d"): Text 'd' is set on object 'Object Repository/Page_PSTO webMessenger - Zalogowano/input_Mateusz Kowalski_messageInput'

2021-12-19 14:55:54 - [MESSAGE][PASSED] - Text 'd' is set on object 'Object Repository/Page_PSTO webMessenger - Zalogowano/input_Mateusz Kowalski_messageInput'

2021-12-19 14:55:54 - [TEST_STEP][PASSED] - click(findTestObject("Page_PSTO webMessenger - Zalogowano/img_Mateusz Kowalski_sendButton")): Object: 'Object Repository/Page_PSTO webMessenger - Zalogowano/img_Mateusz Kowalski_sendButton' is clicked on

2021-12-19 14:55:54 - [MESSAGE][PASSED] - Object: 'Object Repository/Page_PSTO webMessenger - Zalogowano/img_Mateusz Kowalski_sendButton' is clicked on

2021-12-19 14:55:54 - [TEST_STEP][PASSED] - setText(findTestObject("Page_PSTO webMessenger - Zalogowano/input_Mateusz Kowalski_messageInput"), "d"): Text 'd' is set on object 'Object Repository/Page_PSTO webMessenger - Zalogowano/input_Mateusz Kowalski_messageInput'

2021-12-19 14:55:55 - [MESSAGE][PASSED] - Text 'd' is set on object 'Object Repository/Page_PSTO webMessenger - Zalogowano/input_Mateusz Kowalski_messageInput'

2021-12-19 14:55:55 - [TEST_STEP][PASSED] - click(findTestObject("Page_PSTO webMessenger - Zalogowano/img_Mateusz Kowalski_sendButton")): Object: 'Object Repository/Page_PSTO webMessenger - Zalogowano/img_Mateusz Kowalski_sendButton' is clicked on

2021-12-19 14:55:56 - [MESSAGE][PASSED] - Object: 'Object Repository/Page_PSTO webMessenger - Zalogowano/img_Mateusz Kowalski_sendButton' is clicked on

2021-12-19 14:55:56 - [TEST_STEP][PASSED] - setText(findTestObject("Page_PSTO webMessenger - Zalogowano/input_Mateusz Kowalski_messageInput"), "d"): Text 'd' is set on object 'Object Repository/Page_PSTO webMessenger - Zalogowano/input_Mateusz Kowalski_messageInput'

2021-12-19 14:55:56 - [MESSAGE][PASSED] - Text 'd' is set on object 'Object Repository/Page_PSTO webMessenger - Zalogowano/input_Mateusz Kowalski_messageInput'

2021-12-19 14:55:56 - [TEST_STEP][PASSED] - click(findTestObject("Page_PSTO webMessenger - Zalogowano/img_Mateusz Kowalski_sendButton")): Object: 'Object Repository/Page_PSTO webMessenger - Zalogowano/img_Mateusz Kowalski_sendButton' is clicked on

2021-12-19 14:55:57 - [MESSAGE][PASSED] - Object: 'Object Repository/Page_PSTO webMessenger - Zalogowano/img_Mateusz Kowalski_sendButton' is clicked on

2021-12-19 14:55:57 - [TEST_STEP][PASSED] - setText(findTestObject("Page_PSTO webMessenger - Zalogowano/input_Mateusz Kowalski_messageInput"), "d"): Text 'd' is set on object 'Object Repository/Page_PSTO webMessenger - Zalogowano/input_Mateusz Kowalski_messageInput'

2021-12-19 14:55:58 - [MESSAGE][PASSED] - Text 'd' is set on object 'Object Repository/Page_PSTO webMessenger - Zalogowano/input_Mateusz Kowalski_messageInput'

2021-12-19 14:55:58 - [TEST_STEP][PASSED] - click(findTestObject("Page_PSTO webMessenger - Zalogowano/img_Mateusz Kowalski_sendButton")): Object: 'Object Repository/Page_PSTO webMessenger - Zalogowano/img_Mateusz Kowalski_sendButton' is clicked on

2021-12-19 14:55:59 - [MESSAGE][PASSED] - Object: 'Object Repository/Page_PSTO webMessenger - Zalogowano/img_Mateusz Kowalski_sendButton' is clicked on

2021-12-19 14:55:59 - [TEST_STEP][PASSED] - setText(findTestObject("Page_PSTO webMessenger - Zalogowano/input_Mateusz Kowalski_messageInput"), "d"): Text 'd' is set on object 'Object Repository/Page_PSTO webMessenger - Zalogowano/input_Mateusz Kowalski_messageInput'

2021-12-19 14:55:59 - [MESSAGE][PASSED] - Text 'd' is set on object 'Object Repository/Page_PSTO webMessenger - Zalogowano/input_Mateusz Kowalski_messageInput'

2021-12-19 14:55:59 - [TEST_STEP][PASSED] - click(findTestObject("Page_PSTO webMessenger - Zalogowano/img_Mateusz Kowalski_sendButton")): Object: 'Object Repository/Page_PSTO webMessenger - Zalogowano/img_Mateusz Kowalski_sendButton' is clicked on

2021-12-19 14:56:00 - [MESSAGE][PASSED] - Object: 'Object Repository/Page_PSTO webMessenger - Zalogowano/img_Mateusz Kowalski_sendButton' is clicked on

2021-12-19 14:56:00 - [TEST_STEP][PASSED] - setText(findTestObject("Page_PSTO webMessenger - Zalogowano/input_Mateusz Kowalski_messageInput"), "d"): Text 'd' is set on object 'Object Repository/Page_PSTO webMessenger - Zalogowano/input_Mateusz Kowalski_messageInput'

2021-12-19 14:56:01 - [MESSAGE][PASSED] - Text 'd' is set on object 'Object Repository/Page_PSTO webMessenger - Zalogowano/input_Mateusz Kowalski_messageInput'

2021-12-19 14:56:01 - [TEST_STEP][PASSED] - click(findTestObject("Page_PSTO webMessenger - Zalogowano/img_Mateusz Kowalski_sendButton")): Object: 'Object Repository/Page_PSTO webMessenger - Zalogowano/img_Mateusz Kowalski_sendButton' is clicked on

2021-12-19 14:56:01 - [MESSAGE][PASSED] - Object: 'Object Repository/Page_PSTO webMessenger - Zalogowano/img_Mateusz Kowalski_sendButton' is clicked on

2021-12-19 14:56:01 - [TEST_STEP][PASSED] - setText(findTestObject("Page_PSTO webMessenger - Zalogowano/input_Mateusz Kowalski_messageInput"), "d"): Text 'd' is set on object 'Object Repository/Page_PSTO webMessenger - Zalogowano/input_Mateusz Kowalski_messageInput'

2021-12-19 14:56:02 - [MESSAGE][PASSED] - Text 'd' is set on object 'Object Repository/Page_PSTO webMessenger - Zalogowano/input_Mateusz Kowalski_messageInput'

2021-12-19 14:56:02 - [TEST_STEP][PASSED] - click(findTestObject("Page_PSTO webMessenger - Zalogowano/img_Mateusz Kowalski_sendButton")): Object: 'Object Repository/Page_PSTO webMessenger - Zalogowano/img_Mateusz Kowalski_sendButton' is clicked on

2021-12-19 14:56:03 - [MESSAGE][PASSED] - Object: 'Object Repository/Page_PSTO webMessenger - Zalogowano/img_Mateusz Kowalski_sendButton' is clicked on

2021-12-19 14:56:03 - [TEST_STEP][PASSED] - setText(findTestObject("Page_PSTO webMessenger - Zalogowano/input_Mateusz Kowalski_messageInput"), "d"): Text 'd' is set on object 'Object Repository/Page_PSTO webMessenger - Zalogowano/input_Mateusz Kowalski_messageInput'

2021-12-19 14:56:04 - [MESSAGE][PASSED] - Text 'd' is set on object 'Object Repository/Page_PSTO webMessenger - Zalogowano/input_Mateusz Kowalski_messageInput'

2021-12-19 14:56:04 - [TEST_STEP][PASSED] - click(findTestObject("Page_PSTO webMessenger - Zalogowano/img_Mateusz Kowalski_sendButton")): Object: 'Object Repository/Page_PSTO webMessenger - Zalogowano/img_Mateusz Kowalski_sendButton' is clicked on

2021-12-19 14:56:04 - [MESSAGE][PASSED] - Object: 'Object Repository/Page_PSTO webMessenger - Zalogowano/img_Mateusz Kowalski_sendButton' is clicked on

2021-12-19 14:56:04 - [TEST_STEP][PASSED] - setText(findTestObject("Page_PSTO webMessenger - Zalogowano/input_Mateusz Kowalski_messageInput"), "d"): Text 'd' is set on object 'Object Repository/Page_PSTO webMessenger - Zalogowano/input_Mateusz Kowalski_messageInput'

2021-12-19 14:56:05 - [MESSAGE][PASSED] - Text 'd' is set on object 'Object Repository/Page_PSTO webMessenger - Zalogowano/input_Mateusz Kowalski_messageInput'

2021-12-19 14:56:05 - [TEST_STEP][PASSED] - click(findTestObject("Page_PSTO webMessenger - Zalogowano/img_Mateusz Kowalski_sendButton")): Object: 'Object Repository/Page_PSTO webMessenger - Zalogowano/img_Mateusz Kowalski_sendButton' is clicked on

2021-12-19 14:56:05 - [MESSAGE][PASSED] - Object: 'Object Repository/Page_PSTO webMessenger - Zalogowano/img_Mateusz Kowalski_sendButton' is clicked on

2021-12-19 14:56:05 - [TEST_STEP][PASSED] - setText(findTestObject("Page_PSTO webMessenger - Zalogowano/input_Mateusz Kowalski_messageInput"), "d"): Text 'd' is set on object 'Object Repository/Page_PSTO webMessenger - Zalogowano/input_Mateusz Kowalski_messageInput'

2021-12-19 14:56:06 - [MESSAGE][PASSED] - Text 'd' is set on object 'Object Repository/Page_PSTO webMessenger - Zalogowano/input_Mateusz Kowalski_messageInput'

2021-12-19 14:56:06 - [TEST_STEP][PASSED] - click(findTestObject("Page_PSTO webMessenger - Zalogowano/img_Mateusz Kowalski_sendButton")): Object: 'Object Repository/Page_PSTO webMessenger - Zalogowano/img_Mateusz Kowalski_sendButton' is clicked on

2021-12-19 14:56:07 - [MESSAGE][PASSED] - Object: 'Object Repository/Page_PSTO webMessenger - Zalogowano/img_Mateusz Kowalski_sendButton' is clicked on

2021-12-19 14:56:07 - [TEST_STEP][PASSED] - setText(findTestObject("Page_PSTO webMessenger - Zalogowano/input_Mateusz Kowalski_messageInput"), "d"): Text 'd' is set on object 'Object Repository/Page_PSTO webMessenger - Zalogowano/input_Mateusz Kowalski_messageInput'

2021-12-19 14:56:07 - [MESSAGE][PASSED] - Text 'd' is set on object 'Object Repository/Page_PSTO webMessenger - Zalogowano/input_Mateusz Kowalski_messageInput'

2021-12-19 14:56:07 - [TEST_STEP][PASSED] - click(findTestObject("Page_PSTO webMessenger - Zalogowano/img_Mateusz Kowalski_sendButton")): Object: 'Object Repository/Page_PSTO webMessenger - Zalogowano/img_Mateusz Kowalski_sendButton' is clicked on

2021-12-19 14:56:09 - [MESSAGE][PASSED] - Object: 'Object Repository/Page_PSTO webMessenger - Zalogowano/img_Mateusz Kowalski_sendButton' is clicked on

2021-12-19 14:56:09 - [TEST_STEP][PASSED] - setText(findTestObject("Page_PSTO webMessenger - Zalogowano/input_Mateusz Kowalski_messageInput"), "d"): Text 'd' is set on object 'Object Repository/Page_PSTO webMessenger - Zalogowano/input_Mateusz Kowalski_messageInput'

2021-12-19 14:56:09 - [MESSAGE][PASSED] - Text 'd' is set on object 'Object Repository/Page_PSTO webMessenger - Zalogowano/input_Mateusz Kowalski_messageInput'

2021-12-19 14:56:09 - [TEST_STEP][PASSED] - click(findTestObject("Page_PSTO webMessenger - Zalogowano/img_Mateusz Kowalski_sendButton")): Object: 'Object Repository/Page_PSTO webMessenger - Zalogowano/img_Mateusz Kowalski_sendButton' is clicked on

2021-12-19 14:56:10 - [MESSAGE][PASSED] - Object: 'Object Repository/Page_PSTO webMessenger - Zalogowano/img_Mateusz Kowalski_sendButton' is clicked on

2021-12-19 14:56:10 - [TEST_STEP][PASSED] - setText(findTestObject("Page_PSTO webMessenger - Zalogowano/input_Mateusz Kowalski_messageInput"), "d"): Text 'd' is set on object 'Object Repository/Page_PSTO webMessenger - Zalogowano/input_Mateusz Kowalski_messageInput'

2021-12-19 14:56:11 - [MESSAGE][PASSED] - Text 'd' is set on object 'Object Repository/Page_PSTO webMessenger - Zalogowano/input_Mateusz Kowalski_messageInput'

2021-12-19 14:56:11 - [TEST_STEP][PASSED] - click(findTestObject("Page_PSTO webMessenger - Zalogowano/img_Mateusz Kowalski_sendButton")): Object: 'Object Repository/Page_PSTO webMessenger - Zalogowano/img_Mateusz Kowalski_sendButton' is clicked on

2021-12-19 14:56:11 - [MESSAGE][PASSED] - Object: 'Object Repository/Page_PSTO webMessenger - Zalogowano/img_Mateusz Kowalski_sendButton' is clicked on

2021-12-19 14:56:11 - [TEST_STEP][PASSED] - setText(findTestObject("Page_PSTO webMessenger - Zalogowano/input_Mateusz Kowalski_messageInput"), "d"): Text 'd' is set on object 'Object Repository/Page_PSTO webMessenger - Zalogowano/input_Mateusz Kowalski_messageInput'

2021-12-19 14:56:12 - [MESSAGE][PASSED] - Text 'd' is set on object 'Object Repository/Page_PSTO webMessenger - Zalogowano/input_Mateusz Kowalski_messageInput'

2021-12-19 14:56:12 - [TEST_STEP][PASSED] - click(findTestObject("Page_PSTO webMessenger - Zalogowano/img_Mateusz Kowalski_sendButton")): Object: 'Object Repository/Page_PSTO webMessenger - Zalogowano/img_Mateusz Kowalski_sendButton' is clicked on

2021-12-19 14:56:13 - [MESSAGE][PASSED] - Object: 'Object Repository/Page_PSTO webMessenger - Zalogowano/img_Mateusz Kowalski_sendButton' is clicked on

2021-12-19 14:56:13 - [TEST_STEP][PASSED] - setText(findTestObject("Page_PSTO webMessenger - Zalogowano/input_Mateusz Kowalski_messageInput"), "d"): Text 'd' is set on object 'Object Repository/Page_PSTO webMessenger - Zalogowano/input_Mateusz Kowalski_messageInput'

2021-12-19 14:56:14 - [MESSAGE][PASSED] - Text 'd' is set on object 'Object Repository/Page_PSTO webMessenger - Zalogowano/input_Mateusz Kowalski_messageInput'

2021-12-19 14:56:14 - [TEST_STEP][PASSED] - click(findTestObject("Page_PSTO webMessenger - Zalogowano/img_Mateusz Kowalski_sendButton")): Object: 'Object Repository/Page_PSTO webMessenger - Zalogowano/img_Mateusz Kowalski_sendButton' is clicked on

2021-12-19 14:56:14 - [MESSAGE][PASSED] - Object: 'Object Repository/Page_PSTO webMessenger - Zalogowano/img_Mateusz Kowalski_sendButton' is clicked on

2021-12-19 14:56:14 - [TEST_STEP][PASSED] - setText(findTestObject("Page_PSTO webMessenger - Zalogowano/input_Mateusz Kowalski_messageInput"), "d"): Text 'd' is set on object 'Object Repository/Page_PSTO webMessenger - Zalogowano/input_Mateusz Kowalski_messageInput'

2021-12-19 14:56:15 - [MESSAGE][PASSED] - Text 'd' is set on object 'Object Repository/Page_PSTO webMessenger - Zalogowano/input_Mateusz Kowalski_messageInput'

2021-12-19 14:56:15 - [TEST_STEP][PASSED] - click(findTestObject("Page_PSTO webMessenger - Zalogowano/img_Mateusz Kowalski_sendButton")): Object: 'Object Repository/Page_PSTO webMessenger - Zalogowano/img_Mateusz Kowalski_sendButton' is clicked on

2021-12-19 14:56:16 - [MESSAGE][PASSED] - Object: 'Object Repository/Page_PSTO webMessenger - Zalogowano/img_Mateusz Kowalski_sendButton' is clicked on

2021-12-19 14:56:16 - [TEST_STEP][PASSED] - setText(findTestObject("Page_PSTO webMessenger - Zalogowano/input_Mateusz Kowalski_messageInput"), "d"): Text 'd' is set on object 'Object Repository/Page_PSTO webMessenger - Zalogowano/input_Mateusz Kowalski_messageInput'

2021-12-19 14:56:16 - [MESSAGE][PASSED] - Text 'd' is set on object 'Object Repository/Page_PSTO webMessenger - Zalogowano/input_Mateusz Kowalski_messageInput'

2021-12-19 14:56:16 - [TEST_STEP][PASSED] - click(findTestObject("Page_PSTO webMessenger - Zalogowano/img_Mateusz Kowalski_sendButton")): Object: 'Object Repository/Page_PSTO webMessenger - Zalogowano/img_Mateusz Kowalski_sendButton' is clicked on

2021-12-19 14:56:17 - [MESSAGE][PASSED] - Object: 'Object Repository/Page_PSTO webMessenger - Zalogowano/img_Mateusz Kowalski_sendButton' is clicked on

2021-12-19 14:56:17 - [TEST_STEP][PASSED] - setText(findTestObject("Page_PSTO webMessenger - Zalogowano/input_Mateusz Kowalski_messageInput"), "d"): Text 'd' is set on object 'Object Repository/Page_PSTO webMessenger - Zalogowano/input_Mateusz Kowalski_messageInput'

2021-12-19 14:56:18 - [MESSAGE][PASSED] - Text 'd' is set on object 'Object Repository/Page_PSTO webMessenger - Zalogowano/input_Mateusz Kowalski_messageInput'

2021-12-19 14:56:18 - [TEST_STEP][PASSED] - click(findTestObject("Page_PSTO webMessenger - Zalogowano/img_Mateusz Kowalski_sendButton")): Object: 'Object Repository/Page_PSTO webMessenger - Zalogowano/img_Mateusz Kowalski_sendButton' is clicked on

2021-12-19 14:56:19 - [MESSAGE][PASSED] - Object: 'Object Repository/Page_PSTO webMessenger - Zalogowano/img_Mateusz Kowalski_sendButton' is clicked on

2021-12-19 14:56:19 - [TEST_STEP][PASSED] - setText(findTestObject("Page_PSTO webMessenger - Zalogowano/input_Mateusz Kowalski_messageInput"), "d"): Text 'd' is set on object 'Object Repository/Page_PSTO webMessenger - Zalogowano/input_Mateusz Kowalski_messageInput'

2021-12-19 14:56:19 - [MESSAGE][PASSED] - Text 'd' is set on object 'Object Repository/Page_PSTO webMessenger - Zalogowano/input_Mateusz Kowalski_messageInput'

2021-12-19 14:56:19 - [TEST_STEP][PASSED] - click(findTestObject("Page_PSTO webMessenger - Zalogowano/img_Mateusz Kowalski_sendButton")): Object: 'Object Repository/Page_PSTO webMessenger - Zalogowano/img_Mateusz Kowalski_sendButton' is clicked on

2021-12-19 14:56:20 - [MESSAGE][PASSED] - Object: 'Object Repository/Page_PSTO webMessenger - Zalogowano/img_Mateusz Kowalski_sendButton' is clicked on

2021-12-19 14:56:20 - [TEST_STEP][PASSED] - setText(findTestObject("Page_PSTO webMessenger - Zalogowano/input_Mateusz Kowalski_messageInput"), "d"): Text 'd' is set on object 'Object Repository/Page_PSTO webMessenger - Zalogowano/input_Mateusz Kowalski_messageInput'

2021-12-19 14:56:21 - [MESSAGE][PASSED] - Text 'd' is set on object 'Object Repository/Page_PSTO webMessenger - Zalogowano/input_Mateusz Kowalski_messageInput'

2021-12-19 14:56:21 - [TEST_STEP][PASSED] - click(findTestObject("Page_PSTO webMessenger - Zalogowano/img_Mateusz Kowalski_sendButton")): Object: 'Object Repository/Page_PSTO webMessenger - Zalogowano/img_Mateusz Kowalski_sendButton' is clicked on

2021-12-19 14:56:21 - [MESSAGE][PASSED] - Object: 'Object Repository/Page_PSTO webMessenger - Zalogowano/img_Mateusz Kowalski_sendButton' is clicked on

2021-12-19 14:56:21 - [TEST_STEP][PASSED] - setText(findTestObject("Page_PSTO webMessenger - Zalogowano/input_Mateusz Kowalski_messageInput"), "d"): Text 'd' is set on object 'Object Repository/Page_PSTO webMessenger - Zalogowano/input_Mateusz Kowalski_messageInput'

2021-12-19 14:56:22 - [MESSAGE][PASSED] - Text 'd' is set on object 'Object Repository/Page_PSTO webMessenger - Zalogowano/input_Mateusz Kowalski_messageInput'

2021-12-19 14:56:22 - [TEST_STEP][PASSED] - click(findTestObject("Page_PSTO webMessenger - Zalogowano/img_Mateusz Kowalski_sendButton")): Object: 'Object Repository/Page_PSTO webMessenger - Zalogowano/img_Mateusz Kowalski_sendButton' is clicked on

2021-12-19 14:56:23 - [MESSAGE][PASSED] - Object: 'Object Repository/Page_PSTO webMessenger - Zalogowano/img_Mateusz Kowalski_sendButton' is clicked on

2021-12-19 14:56:23 - [TEST_STEP][PASSED] - setText(findTestObject("Page_PSTO webMessenger - Zalogowano/input_Mateusz Kowalski_messageInput"), "d"): Text 'd' is set on object 'Object Repository/Page_PSTO webMessenger - Zalogowano/input_Mateusz Kowalski_messageInput'

2021-12-19 14:56:24 - [MESSAGE][PASSED] - Text 'd' is set on object 'Object Repository/Page_PSTO webMessenger - Zalogowano/input_Mateusz Kowalski_messageInput'

2021-12-19 14:56:24 - [TEST_STEP][PASSED] - click(findTestObject("Page_PSTO webMessenger - Zalogowano/img_Mateusz Kowalski_sendButton")): Object: 'Object Repository/Page_PSTO webMessenger - Zalogowano/img_Mateusz Kowalski_sendButton' is clicked on

2021-12-19 14:56:24 - [MESSAGE][PASSED] - Object: 'Object Repository/Page_PSTO webMessenger - Zalogowano/img_Mateusz Kowalski_sendButton' is clicked on

2021-12-19 14:56:24 - [TEST_STEP][PASSED] - setText(findTestObject("Page_PSTO webMessenger - Zalogowano/input_Mateusz Kowalski_messageInput"), "d"): Text 'd' is set on object 'Object Repository/Page_PSTO webMessenger - Zalogowano/input_Mateusz Kowalski_messageInput'

2021-12-19 14:56:25 - [MESSAGE][PASSED] - Text 'd' is set on object 'Object Repository/Page_PSTO webMessenger - Zalogowano/input_Mateusz Kowalski_messageInput'

2021-12-19 14:56:25 - [TEST_STEP][PASSED] - click(findTestObject("Page_PSTO webMessenger - Zalogowano/img_Mateusz Kowalski_sendButton")): Object: 'Object Repository/Page_PSTO webMessenger - Zalogowano/img_Mateusz Kowalski_sendButton' is clicked on

2021-12-19 14:56:26 - [MESSAGE][PASSED] - Object: 'Object Repository/Page_PSTO webMessenger - Zalogowano/img_Mateusz Kowalski_sendButton' is clicked on

2021-12-19 14:56:26 - [TEST_STEP][PASSED] - setText(findTestObject("Page_PSTO webMessenger - Zalogowano/input_Mateusz Kowalski_messageInput"), "d"): Text 'd' is set on object 'Object Repository/Page_PSTO webMessenger - Zalogowano/input_Mateusz Kowalski_messageInput'

2021-12-19 14:56:26 - [MESSAGE][PASSED] - Text 'd' is set on object 'Object Repository/Page_PSTO webMessenger - Zalogowano/input_Mateusz Kowalski_messageInput'

2021-12-19 14:56:26 - [TEST_STEP][PASSED] - click(findTestObject("Page_PSTO webMessenger - Zalogowano/img_Mateusz Kowalski_sendButton")): Object: 'Object Repository/Page_PSTO webMessenger - Zalogowano/img_Mateusz Kowalski_sendButton' is clicked on

2021-12-19 14:56:27 - [MESSAGE][PASSED] - Object: 'Object Repository/Page_PSTO webMessenger - Zalogowano/img_Mateusz Kowalski_sendButton' is clicked on

2021-12-19 14:56:27 - [TEST_STEP][PASSED] - setText(findTestObject("Page_PSTO webMessenger - Zalogowano/input_Mateusz Kowalski_messageInput"), "d"): Text 'd' is set on object 'Object Repository/Page_PSTO webMessenger - Zalogowano/input_Mateusz Kowalski_messageInput'

2021-12-19 14:56:28 - [MESSAGE][PASSED] - Text 'd' is set on object 'Object Repository/Page_PSTO webMessenger - Zalogowano/input_Mateusz Kowalski_messageInput'

2021-12-19 14:56:28 - [TEST_STEP][PASSED] - click(findTestObject("Page_PSTO webMessenger - Zalogowano/img_Mateusz Kowalski_sendButton")): Object: 'Object Repository/Page_PSTO webMessenger - Zalogowano/img_Mateusz Kowalski_sendButton' is clicked on

2021-12-19 14:56:29 - [MESSAGE][PASSED] - Object: 'Object Repository/Page_PSTO webMessenger - Zalogowano/img_Mateusz Kowalski_sendButton' is clicked on

2021-12-19 14:56:29 - [TEST_STEP][PASSED] - setText(findTestObject("Page_PSTO webMessenger - Zalogowano/input_Mateusz Kowalski_messageInput"), "d"): Text 'd' is set on object 'Object Repository/Page_PSTO webMessenger - Zalogowano/input_Mateusz Kowalski_messageInput'

2021-12-19 14:56:29 - [MESSAGE][PASSED] - Text 'd' is set on object 'Object Repository/Page_PSTO webMessenger - Zalogowano/input_Mateusz Kowalski_messageInput'

2021-12-19 14:56:29 - [TEST_STEP][PASSED] - click(findTestObject("Page_PSTO webMessenger - Zalogowano/img_Mateusz Kowalski_sendButton")): Object: 'Object Repository/Page_PSTO webMessenger - Zalogowano/img_Mateusz Kowalski_sendButton' is clicked on

2021-12-19 14:56:30 - [MESSAGE][PASSED] - Object: 'Object Repository/Page_PSTO webMessenger - Zalogowano/img_Mateusz Kowalski_sendButton' is clicked on

2021-12-19 14:56:30 - [TEST_STEP][PASSED] - setText(findTestObject("Page_PSTO webMessenger - Zalogowano/input_Mateusz Kowalski_messageInput"), "d"): Text 'd' is set on object 'Object Repository/Page_PSTO webMessenger - Zalogowano/input_Mateusz Kowalski_messageInput'

2021-12-19 14:56:31 - [MESSAGE][PASSED] - Text 'd' is set on object 'Object Repository/Page_PSTO webMessenger - Zalogowano/input_Mateusz Kowalski_messageInput'

2021-12-19 14:56:31 - [TEST_STEP][PASSED] - click(findTestObject("Page_PSTO webMessenger - Zalogowano/img_Mateusz Kowalski_sendButton")): Object: 'Object Repository/Page_PSTO webMessenger - Zalogowano/img_Mateusz Kowalski_sendButton' is clicked on

2021-12-19 14:56:31 - [MESSAGE][PASSED] - Object: 'Object Repository/Page_PSTO webMessenger - Zalogowano/img_Mateusz Kowalski_sendButton' is clicked on

2021-12-19 14:56:31 - [TEST_STEP][PASSED] - setText(findTestObject("Page_PSTO webMessenger - Zalogowano/input_Mateusz Kowalski_messageInput"), "d"): Text 'd' is set on object 'Object Repository/Page_PSTO webMessenger - Zalogowano/input_Mateusz Kowalski_messageInput'

2021-12-19 14:56:32 - [MESSAGE][PASSED] - Text 'd' is set on object 'Object Repository/Page_PSTO webMessenger - Zalogowano/input_Mateusz Kowalski_messageInput'

2021-12-19 14:56:32 - [TEST_STEP][PASSED] - click(findTestObject("Page_PSTO webMessenger - Zalogowano/img_Mateusz Kowalski_sendButton")): Object: 'Object Repository/Page_PSTO webMessenger - Zalogowano/img_Mateusz Kowalski_sendButton' is clicked on

2021-12-19 14:56:33 - [MESSAGE][PASSED] - Object: 'Object Repository/Page_PSTO webMessenger - Zalogowano/img_Mateusz Kowalski_sendButton' is clicked on

2021-12-19 14:56:33 - [TEST_STEP][PASSED] - setText(findTestObject("Page_PSTO webMessenger - Zalogowano/input_Mateusz Kowalski_messageInput"), "d"): Text 'd' is set on object 'Object Repository/Page_PSTO webMessenger - Zalogowano/input_Mateusz Kowalski_messageInput'

2021-12-19 14:56:34 - [MESSAGE][PASSED] - Text 'd' is set on object 'Object Repository/Page_PSTO webMessenger - Zalogowano/input_Mateusz Kowalski_messageInput'

2021-12-19 14:56:34 - [TEST_STEP][PASSED] - click(findTestObject("Page_PSTO webMessenger - Zalogowano/img_Mateusz Kowalski_sendButton")): Object: 'Object Repository/Page_PSTO webMessenger - Zalogowano/img_Mateusz Kowalski_sendButton' is clicked on

2021-12-19 14:56:34 - [MESSAGE][PASSED] - Object: 'Object Repository/Page_PSTO webMessenger - Zalogowano/img_Mateusz Kowalski_sendButton' is clicked on

2021-12-19 14:56:34 - [TEST_STEP][PASSED] - setText(findTestObject("Page_PSTO webMessenger - Zalogowano/input_Mateusz Kowalski_messageInput"), "d"): Text 'd' is set on object 'Object Repository/Page_PSTO webMessenger - Zalogowano/input_Mateusz Kowalski_messageInput'

2021-12-19 14:56:35 - [MESSAGE][PASSED] - Text 'd' is set on object 'Object Repository/Page_PSTO webMessenger - Zalogowano/input_Mateusz Kowalski_messageInput'

2021-12-19 14:56:35 - [TEST_STEP][PASSED] - click(findTestObject("Page_PSTO webMessenger - Zalogowano/img_Mateusz Kowalski_sendButton")): Object: 'Object Repository/Page_PSTO webMessenger - Zalogowano/img_Mateusz Kowalski_sendButton' is clicked on

2021-12-19 14:56:36 - [MESSAGE][PASSED] - Object: 'Object Repository/Page_PSTO webMessenger - Zalogowano/img_Mateusz Kowalski_sendButton' is clicked on

2021-12-19 14:56:36 - [TEST_STEP][PASSED] - setText(findTestObject("Page_PSTO webMessenger - Zalogowano/input_Mateusz Kowalski_messageInput"), "d"): Text 'd' is set on object 'Object Repository/Page_PSTO webMessenger - Zalogowano/input_Mateusz Kowalski_messageInput'

2021-12-19 14:56:36 - [MESSAGE][PASSED] - Text 'd' is set on object 'Object Repository/Page_PSTO webMessenger - Zalogowano/input_Mateusz Kowalski_messageInput'

2021-12-19 14:56:36 - [TEST_STEP][PASSED] - click(findTestObject("Page_PSTO webMessenger - Zalogowano/img_Mateusz Kowalski_sendButton")): Object: 'Object Repository/Page_PSTO webMessenger - Zalogowano/img_Mateusz Kowalski_sendButton' is clicked on

2021-12-19 14:56:37 - [MESSAGE][PASSED] - Object: 'Object Repository/Page_PSTO webMessenger - Zalogowano/img_Mateusz Kowalski_sendButton' is clicked on

2021-12-19 14:56:37 - [TEST_STEP][PASSED] - setText(findTestObject("Page_PSTO webMessenger - Zalogowano/input_Mateusz Kowalski_messageInput"), "d"): Text 'd' is set on object 'Object Repository/Page_PSTO webMessenger - Zalogowano/input_Mateusz Kowalski_messageInput'

2021-12-19 14:56:38 - [MESSAGE][PASSED] - Text 'd' is set on object 'Object Repository/Page_PSTO webMessenger - Zalogowano/input_Mateusz Kowalski_messageInput'

2021-12-19 14:56:38 - [TEST_STEP][PASSED] - click(findTestObject("Page_PSTO webMessenger - Zalogowano/img_Mateusz Kowalski_sendButton")): Object: 'Object Repository/Page_PSTO webMessenger - Zalogowano/img_Mateusz Kowalski_sendButton' is clicked on

2021-12-19 14:56:39 - [MESSAGE][PASSED] - Object: 'Object Repository/Page_PSTO webMessenger - Zalogowano/img_Mateusz Kowalski_sendButton' is clicked on

2021-12-19 14:56:39 - [TEST_STEP][PASSED] - setText(findTestObject("Page_PSTO webMessenger - Zalogowano/input_Mateusz Kowalski_messageInput"), "d"): Text 'd' is set on object 'Object Repository/Page_PSTO webMessenger - Zalogowano/input_Mateusz Kowalski_messageInput'

2021-12-19 14:56:39 - [MESSAGE][PASSED] - Text 'd' is set on object 'Object Repository/Page_PSTO webMessenger - Zalogowano/input_Mateusz Kowalski_messageInput'

2021-12-19 14:56:39 - [TEST_STEP][PASSED] - click(findTestObject("Page_PSTO webMessenger - Zalogowano/img_Mateusz Kowalski_sendButton")): Object: 'Object Repository/Page_PSTO webMessenger - Zalogowano/img_Mateusz Kowalski_sendButton' is clicked on

2021-12-19 14:56:40 - [MESSAGE][PASSED] - Object: 'Object Repository/Page_PSTO webMessenger - Zalogowano/img_Mateusz Kowalski_sendButton' is clicked on

2021-12-19 14:56:40 - [TEST_STEP][PASSED] - setText(findTestObject("Page_PSTO webMessenger - Zalogowano/input_Mateusz Kowalski_messageInput"), "d"): Text 'd' is set on object 'Object Repository/Page_PSTO webMessenger - Zalogowano/input_Mateusz Kowalski_messageInput'

2021-12-19 14:56:41 - [MESSAGE][PASSED] - Text 'd' is set on object 'Object Repository/Page_PSTO webMessenger - Zalogowano/input_Mateusz Kowalski_messageInput'

2021-12-19 14:56:41 - [TEST_STEP][PASSED] - click(findTestObject("Page_PSTO webMessenger - Zalogowano/img_Mateusz Kowalski_sendButton")): Object: 'Object Repository/Page_PSTO webMessenger - Zalogowano/img_Mateusz Kowalski_sendButton' is clicked on

2021-12-19 14:56:41 - [MESSAGE][PASSED] - Object: 'Object Repository/Page_PSTO webMessenger - Zalogowano/img_Mateusz Kowalski_sendButton' is clicked on

2021-12-19 14:56:41 - [TEST_STEP][PASSED] - setText(findTestObject("Page_PSTO webMessenger - Zalogowano/input_Mateusz Kowalski_messageInput"), "d"): Text 'd' is set on object 'Object Repository/Page_PSTO webMessenger - Zalogowano/input_Mateusz Kowalski_messageInput'

2021-12-19 14:56:42 - [MESSAGE][PASSED] - Text 'd' is set on object 'Object Repository/Page_PSTO webMessenger - Zalogowano/input_Mateusz Kowalski_messageInput'

2021-12-19 14:56:42 - [TEST_STEP][PASSED] - click(findTestObject("Page_PSTO webMessenger - Zalogowano/img_Mateusz Kowalski_sendButton")): Object: 'Object Repository/Page_PSTO webMessenger - Zalogowano/img_Mateusz Kowalski_sendButton' is clicked on

2021-12-19 14:56:43 - [MESSAGE][PASSED] - Object: 'Object Repository/Page_PSTO webMessenger - Zalogowano/img_Mateusz Kowalski_sendButton' is clicked on

2021-12-19 14:56:43 - [TEST_STEP][PASSED] - setText(findTestObject("Page_PSTO webMessenger - Zalogowano/input_Mateusz Kowalski_messageInput"), "d"): Text 'd' is set on object 'Object Repository/Page_PSTO webMessenger - Zalogowano/input_Mateusz Kowalski_messageInput'

2021-12-19 14:56:43 - [MESSAGE][PASSED] - Text 'd' is set on object 'Object Repository/Page_PSTO webMessenger - Zalogowano/input_Mateusz Kowalski_messageInput'

2021-12-19 14:56:43 - [TEST_STEP][PASSED] - click(findTestObject("Page_PSTO webMessenger - Zalogowano/img_Mateusz Kowalski_sendButton")): Object: 'Object Repository/Page_PSTO webMessenger - Zalogowano/img_Mateusz Kowalski_sendButton' is clicked on

2021-12-19 14:56:44 - [MESSAGE][PASSED] - Object: 'Object Repository/Page_PSTO webMessenger - Zalogowano/img_Mateusz Kowalski_sendButton' is clicked on

2021-12-19 14:56:44 - [TEST_STEP][PASSED] - setText(findTestObject("Page_PSTO webMessenger - Zalogowano/input_Mateusz Kowalski_messageInput"), "d"): Text 'd' is set on object 'Object Repository/Page_PSTO webMessenger - Zalogowano/input_Mateusz Kowalski_messageInput'

2021-12-19 14:56:45 - [MESSAGE][PASSED] - Text 'd' is set on object 'Object Repository/Page_PSTO webMessenger - Zalogowano/input_Mateusz Kowalski_messageInput'

2021-12-19 14:56:45 - [TEST_STEP][PASSED] - click(findTestObject("Page_PSTO webMessenger - Zalogowano/img_Mateusz Kowalski_sendButton")): Object: 'Object Repository/Page_PSTO webMessenger - Zalogowano/img_Mateusz Kowalski_sendButton' is clicked on

2021-12-19 14:56:45 - [MESSAGE][PASSED] - Object: 'Object Repository/Page_PSTO webMessenger - Zalogowano/img_Mateusz Kowalski_sendButton' is clicked on

2021-12-19 14:56:45 - [TEST_STEP][PASSED] - setText(findTestObject("Page_PSTO webMessenger - Zalogowano/input_Mateusz Kowalski_messageInput"), "d"): Text 'd' is set on object 'Object Repository/Page_PSTO webMessenger - Zalogowano/input_Mateusz Kowalski_messageInput'

2021-12-19 14:56:46 - [MESSAGE][PASSED] - Text 'd' is set on object 'Object Repository/Page_PSTO webMessenger - Zalogowano/input_Mateusz Kowalski_messageInput'

2021-12-19 14:56:46 - [TEST_STEP][PASSED] - click(findTestObject("Page_PSTO webMessenger - Zalogowano/img_Mateusz Kowalski_sendButton")): Object: 'Object Repository/Page_PSTO webMessenger - Zalogowano/img_Mateusz Kowalski_sendButton' is clicked on

2021-12-19 14:56:47 - [MESSAGE][PASSED] - Object: 'Object Repository/Page_PSTO webMessenger - Zalogowano/img_Mateusz Kowalski_sendButton' is clicked on

2021-12-19 14:56:47 - [TEST_STEP][PASSED] - setText(findTestObject("Page_PSTO webMessenger - Zalogowano/input_Mateusz Kowalski_messageInput"), "d"): Text 'd' is set on object 'Object Repository/Page_PSTO webMessenger - Zalogowano/input_Mateusz Kowalski_messageInput'

2021-12-19 14:56:47 - [MESSAGE][PASSED] - Text 'd' is set on object 'Object Repository/Page_PSTO webMessenger - Zalogowano/input_Mateusz Kowalski_messageInput'

2021-12-19 14:56:47 - [TEST_STEP][PASSED] - click(findTestObject("Page_PSTO webMessenger - Zalogowano/img_Mateusz Kowalski_sendButton")): Object: 'Object Repository/Page_PSTO webMessenger - Zalogowano/img_Mateusz Kowalski_sendButton' is clicked on

2021-12-19 14:56:48 - [MESSAGE][PASSED] - Object: 'Object Repository/Page_PSTO webMessenger - Zalogowano/img_Mateusz Kowalski_sendButton' is clicked on

2021-12-19 14:56:48 - [TEST_STEP][PASSED] - setText(findTestObject("Page_PSTO webMessenger - Zalogowano/input_Mateusz Kowalski_messageInput"), "d"): Text 'd' is set on object 'Object Repository/Page_PSTO webMessenger - Zalogowano/input_Mateusz Kowalski_messageInput'

2021-12-19 14:56:49 - [MESSAGE][PASSED] - Text 'd' is set on object 'Object Repository/Page_PSTO webMessenger - Zalogowano/input_Mateusz Kowalski_messageInput'

2021-12-19 14:56:49 - [TEST_STEP][PASSED] - click(findTestObject("Page_PSTO webMessenger - Zalogowano/img_Mateusz Kowalski_sendButton")): Object: 'Object Repository/Page_PSTO webMessenger - Zalogowano/img_Mateusz Kowalski_sendButton' is clicked on

2021-12-19 14:56:49 - [MESSAGE][PASSED] - Object: 'Object Repository/Page_PSTO webMessenger - Zalogowano/img_Mateusz Kowalski_sendButton' is clicked on

2021-12-19 14:56:49 - [TEST_STEP][PASSED] - setText(findTestObject("Page_PSTO webMessenger - Zalogowano/input_Mateusz Kowalski_messageInput"), "d"): Text 'd' is set on object 'Object Repository/Page_PSTO webMessenger - Zalogowano/input_Mateusz Kowalski_messageInput'

2021-12-19 14:56:50 - [MESSAGE][PASSED] - Text 'd' is set on object 'Object Repository/Page_PSTO webMessenger - Zalogowano/input_Mateusz Kowalski_messageInput'

2021-12-19 14:56:50 - [TEST_STEP][PASSED] - click(findTestObject("Page_PSTO webMessenger - Zalogowano/img_Mateusz Kowalski_sendButton")): Object: 'Object Repository/Page_PSTO webMessenger - Zalogowano/img_Mateusz Kowalski_sendButton' is clicked on

2021-12-19 14:56:51 - [MESSAGE][PASSED] - Object: 'Object Repository/Page_PSTO webMessenger - Zalogowano/img_Mateusz Kowalski_sendButton' is clicked on

2021-12-19 14:56:51 - [TEST_STEP][PASSED] - setText(findTestObject("Page_PSTO webMessenger - Zalogowano/input_Mateusz Kowalski_messageInput"), "d"): Text 'd' is set on object 'Object Repository/Page_PSTO webMessenger - Zalogowano/input_Mateusz Kowalski_messageInput'

2021-12-19 14:56:51 - [MESSAGE][PASSED] - Text 'd' is set on object 'Object Repository/Page_PSTO webMessenger - Zalogowano/input_Mateusz Kowalski_messageInput'

2021-12-19 14:56:51 - [TEST_STEP][PASSED] - click(findTestObject("Page_PSTO webMessenger - Zalogowano/img_Mateusz Kowalski_sendButton")): Object: 'Object Repository/Page_PSTO webMessenger - Zalogowano/img_Mateusz Kowalski_sendButton' is clicked on

2021-12-19 14:56:52 - [MESSAGE][PASSED] - Object: 'Object Repository/Page_PSTO webMessenger - Zalogowano/img_Mateusz Kowalski_sendButton' is clicked on

2021-12-19 14:56:52 - [TEST_STEP][PASSED] - setText(findTestObject("Page_PSTO webMessenger - Zalogowano/input_Mateusz Kowalski_messageInput"), "d"): Text 'd' is set on object 'Object Repository/Page_PSTO webMessenger - Zalogowano/input_Mateusz Kowalski_messageInput'

2021-12-19 14:56:53 - [MESSAGE][PASSED] - Text 'd' is set on object 'Object Repository/Page_PSTO webMessenger - Zalogowano/input_Mateusz Kowalski_messageInput'

2021-12-19 14:56:53 - [TEST_STEP][PASSED] - click(findTestObject("Page_PSTO webMessenger - Zalogowano/img_Mateusz Kowalski_sendButton")): Object: 'Object Repository/Page_PSTO webMessenger - Zalogowano/img_Mateusz Kowalski_sendButton' is clicked on

2021-12-19 14:56:54 - [MESSAGE][PASSED] - Object: 'Object Repository/Page_PSTO webMessenger - Zalogowano/img_Mateusz Kowalski_sendButton' is clicked on

2021-12-19 14:56:54 - [TEST_STEP][PASSED] - setText(findTestObject("Page_PSTO webMessenger - Zalogowano/input_Mateusz Kowalski_messageInput"), "d"): Text 'd' is set on object 'Object Repository/Page_PSTO webMessenger - Zalogowano/input_Mateusz Kowalski_messageInput'

2021-12-19 14:56:54 - [MESSAGE][PASSED] - Text 'd' is set on object 'Object Repository/Page_PSTO webMessenger - Zalogowano/input_Mateusz Kowalski_messageInput'

2021-12-19 14:56:54 - [TEST_STEP][PASSED] - click(findTestObject("Page_PSTO webMessenger - Zalogowano/img_Mateusz Kowalski_sendButton")): Object: 'Object Repository/Page_PSTO webMessenger - Zalogowano/img_Mateusz Kowalski_sendButton' is clicked on

2021-12-19 14:56:55 - [MESSAGE][PASSED] - Object: 'Object Repository/Page_PSTO webMessenger - Zalogowano/img_Mateusz Kowalski_sendButton' is clicked on

2021-12-19 14:56:55 - [TEST_STEP][PASSED] - setText(findTestObject("Page_PSTO webMessenger - Zalogowano/input_Mateusz Kowalski_messageInput"), "d"): Text 'd' is set on object 'Object Repository/Page_PSTO webMessenger - Zalogowano/input_Mateusz Kowalski_messageInput'

2021-12-19 14:56:56 - [MESSAGE][PASSED] - Text 'd' is set on object 'Object Repository/Page_PSTO webMessenger - Zalogowano/input_Mateusz Kowalski_messageInput'

2021-12-19 14:56:56 - [TEST_STEP][PASSED] - click(findTestObject("Page_PSTO webMessenger - Zalogowano/img_Mateusz Kowalski_sendButton")): Object: 'Object Repository/Page_PSTO webMessenger - Zalogowano/img_Mateusz Kowalski_sendButton' is clicked on

2021-12-19 14:56:56 - [MESSAGE][PASSED] - Object: 'Object Repository/Page_PSTO webMessenger - Zalogowano/img_Mateusz Kowalski_sendButton' is clicked on

2021-12-19 14:56:56 - [TEST_STEP][PASSED] - setText(findTestObject("Page_PSTO webMessenger - Zalogowano/input_Mateusz Kowalski_messageInput"), "d"): Text 'd' is set on object 'Object Repository/Page_PSTO webMessenger - Zalogowano/input_Mateusz Kowalski_messageInput'

2021-12-19 14:56:57 - [MESSAGE][PASSED] - Text 'd' is set on object 'Object Repository/Page_PSTO webMessenger - Zalogowano/input_Mateusz Kowalski_messageInput'

2021-12-19 14:56:57 - [TEST_STEP][PASSED] - click(findTestObject("Page_PSTO webMessenger - Zalogowano/img_Mateusz Kowalski_sendButton")): Object: 'Object Repository/Page_PSTO webMessenger - Zalogowano/img_Mateusz Kowalski_sendButton' is clicked on

2021-12-19 14:56:58 - [MESSAGE][PASSED] - Object: 'Object Repository/Page_PSTO webMessenger - Zalogowano/img_Mateusz Kowalski_sendButton' is clicked on

2021-12-19 14:56:58 - [TEST_STEP][PASSED] - setText(findTestObject("Page_PSTO webMessenger - Zalogowano/input_Mateusz Kowalski_messageInput"), "d"): Text 'd' is set on object 'Object Repository/Page_PSTO webMessenger - Zalogowano/input_Mateusz Kowalski_messageInput'

2021-12-19 14:56:59 - [MESSAGE][PASSED] - Text 'd' is set on object 'Object Repository/Page_PSTO webMessenger - Zalogowano/input_Mateusz Kowalski_messageInput'

2021-12-19 14:56:59 - [TEST_STEP][PASSED] - click(findTestObject("Page_PSTO webMessenger - Zalogowano/img_Mateusz Kowalski_sendButton")): Object: 'Object Repository/Page_PSTO webMessenger - Zalogowano/img_Mateusz Kowalski_sendButton' is clicked on

2021-12-19 14:56:59 - [MESSAGE][PASSED] - Object: 'Object Repository/Page_PSTO webMessenger - Zalogowano/img_Mateusz Kowalski_sendButton' is clicked on

2021-12-19 14:56:59 - [TEST_STEP][PASSED] - setText(findTestObject("Page_PSTO webMessenger - Zalogowano/input_Mateusz Kowalski_messageInput"), "d"): Text 'd' is set on object 'Object Repository/Page_PSTO webMessenger - Zalogowano/input_Mateusz Kowalski_messageInput'

2021-12-19 14:57:00 - [MESSAGE][PASSED] - Text 'd' is set on object 'Object Repository/Page_PSTO webMessenger - Zalogowano/input_Mateusz Kowalski_messageInput'

2021-12-19 14:57:00 - [TEST_STEP][PASSED] - click(findTestObject("Page_PSTO webMessenger - Zalogowano/img_Mateusz Kowalski_sendButton")): Object: 'Object Repository/Page_PSTO webMessenger - Zalogowano/img_Mateusz Kowalski_sendButton' is clicked on

2021-12-19 14:57:01 - [MESSAGE][PASSED] - Object: 'Object Repository/Page_PSTO webMessenger - Zalogowano/img_Mateusz Kowalski_sendButton' is clicked on

2021-12-19 14:57:01 - [TEST_STEP][PASSED] - setText(findTestObject("Page_PSTO webMessenger - Zalogowano/input_Mateusz Kowalski_messageInput"), "d"): Text 'd' is set on object 'Object Repository/Page_PSTO webMessenger - Zalogowano/input_Mateusz Kowalski_messageInput'

2021-12-19 14:57:01 - [MESSAGE][PASSED] - Text 'd' is set on object 'Object Repository/Page_PSTO webMessenger - Zalogowano/input_Mateusz Kowalski_messageInput'

2021-12-19 14:57:01 - [TEST_STEP][PASSED] - click(findTestObject("Page_PSTO webMessenger - Zalogowano/img_Mateusz Kowalski_sendButton")): Object: 'Object Repository/Page_PSTO webMessenger - Zalogowano/img_Mateusz Kowalski_sendButton' is clicked on

2021-12-19 14:57:02 - [MESSAGE][PASSED] - Object: 'Object Repository/Page_PSTO webMessenger - Zalogowano/img_Mateusz Kowalski_sendButton' is clicked on

2021-12-19 14:57:02 - [TEST_STEP][PASSED] - setText(findTestObject("Page_PSTO webMessenger - Zalogowano/input_Mateusz Kowalski_messageInput"), "d"): Text 'd' is set on object 'Object Repository/Page_PSTO webMessenger - Zalogowano/input_Mateusz Kowalski_messageInput'

2021-12-19 14:57:03 - [MESSAGE][PASSED] - Text 'd' is set on object 'Object Repository/Page_PSTO webMessenger - Zalogowano/input_Mateusz Kowalski_messageInput'

2021-12-19 14:57:03 - [TEST_STEP][PASSED] - click(findTestObject("Page_PSTO webMessenger - Zalogowano/img_Mateusz Kowalski_sendButton")): Object: 'Object Repository/Page_PSTO webMessenger - Zalogowano/img_Mateusz Kowalski_sendButton' is clicked on

2021-12-19 14:57:04 - [MESSAGE][PASSED] - Object: 'Object Repository/Page_PSTO webMessenger - Zalogowano/img_Mateusz Kowalski_sendButton' is clicked on

2021-12-19 14:57:04 - [TEST_STEP][PASSED] - setText(findTestObject("Page_PSTO webMessenger - Zalogowano/input_Mateusz Kowalski_messageInput"), "d"): Text 'd' is set on object 'Object Repository/Page_PSTO webMessenger - Zalogowano/input_Mateusz Kowalski_messageInput'

2021-12-19 14:57:04 - [MESSAGE][PASSED] - Text 'd' is set on object 'Object Repository/Page_PSTO webMessenger - Zalogowano/input_Mateusz Kowalski_messageInput'

2021-12-19 14:57:04 - [TEST_STEP][PASSED] - click(findTestObject("Page_PSTO webMessenger - Zalogowano/img_Mateusz Kowalski_sendButton")): Object: 'Object Repository/Page_PSTO webMessenger - Zalogowano/img_Mateusz Kowalski_sendButton' is clicked on

2021-12-19 14:57:05 - [MESSAGE][PASSED] - Object: 'Object Repository/Page_PSTO webMessenger - Zalogowano/img_Mateusz Kowalski_sendButton' is clicked on

2021-12-19 14:57:05 - [TEST_STEP][PASSED] - setText(findTestObject("Page_PSTO webMessenger - Zalogowano/input_Mateusz Kowalski_messageInput"), "d"): Text 'd' is set on object 'Object Repository/Page_PSTO webMessenger - Zalogowano/input_Mateusz Kowalski_messageInput'

2021-12-19 14:57:06 - [MESSAGE][PASSED] - Text 'd' is set on object 'Object Repository/Page_PSTO webMessenger - Zalogowano/input_Mateusz Kowalski_messageInput'

2021-12-19 14:57:06 - [TEST_STEP][PASSED] - click(findTestObject("Page_PSTO webMessenger - Zalogowano/img_Mateusz Kowalski_sendButton")): Object: 'Object Repository/Page_PSTO webMessenger - Zalogowano/img_Mateusz Kowalski_sendButton' is clicked on

2021-12-19 14:57:06 - [MESSAGE][PASSED] - Object: 'Object Repository/Page_PSTO webMessenger - Zalogowano/img_Mateusz Kowalski_sendButton' is clicked on

2021-12-19 14:57:06 - [TEST_STEP][PASSED] - setText(findTestObject("Page_PSTO webMessenger - Zalogowano/input_Mateusz Kowalski_messageInput"), "d"): Text 'd' is set on object 'Object Repository/Page_PSTO webMessenger - Zalogowano/input_Mateusz Kowalski_messageInput'

2021-12-19 14:57:07 - [MESSAGE][PASSED] - Text 'd' is set on object 'Object Repository/Page_PSTO webMessenger - Zalogowano/input_Mateusz Kowalski_messageInput'

2021-12-19 14:57:07 - [TEST_STEP][PASSED] - click(findTestObject("Page_PSTO webMessenger - Zalogowano/img_Mateusz Kowalski_sendButton")): Object: 'Object Repository/Page_PSTO webMessenger - Zalogowano/img_Mateusz Kowalski_sendButton' is clicked on

2021-12-19 14:57:08 - [MESSAGE][PASSED] - Object: 'Object Repository/Page_PSTO webMessenger - Zalogowano/img_Mateusz Kowalski_sendButton' is clicked on

2021-12-19 14:57:08 - [TEST_STEP][PASSED] - setText(findTestObject("Page_PSTO webMessenger - Zalogowano/input_Mateusz Kowalski_messageInput"), "d"): Text 'd' is set on object 'Object Repository/Page_PSTO webMessenger - Zalogowano/input_Mateusz Kowalski_messageInput'

2021-12-19 14:57:09 - [MESSAGE][PASSED] - Text 'd' is set on object 'Object Repository/Page_PSTO webMessenger - Zalogowano/input_Mateusz Kowalski_messageInput'

2021-12-19 14:57:09 - [TEST_STEP][PASSED] - click(findTestObject("Page_PSTO webMessenger - Zalogowano/img_Mateusz Kowalski_sendButton")): Object: 'Object Repository/Page_PSTO webMessenger - Zalogowano/img_Mateusz Kowalski_sendButton' is clicked on

2021-12-19 14:57:09 - [MESSAGE][PASSED] - Object: 'Object Repository/Page_PSTO webMessenger - Zalogowano/img_Mateusz Kowalski_sendButton' is clicked on

2021-12-19 14:57:09 - [TEST_STEP][PASSED] - setText(findTestObject("Page_PSTO webMessenger - Zalogowano/input_Mateusz Kowalski_messageInput"), "d"): Text 'd' is set on object 'Object Repository/Page_PSTO webMessenger - Zalogowano/input_Mateusz Kowalski_messageInput'

2021-12-19 14:57:10 - [MESSAGE][PASSED] - Text 'd' is set on object 'Object Repository/Page_PSTO webMessenger - Zalogowano/input_Mateusz Kowalski_messageInput'

2021-12-19 14:57:10 - [TEST_STEP][PASSED] - click(findTestObject("Page_PSTO webMessenger - Zalogowano/img_Mateusz Kowalski_sendButton")): Object: 'Object Repository/Page_PSTO webMessenger - Zalogowano/img_Mateusz Kowalski_sendButton' is clicked on

2021-12-19 14:57:11 - [MESSAGE][PASSED] - Object: 'Object Repository/Page_PSTO webMessenger - Zalogowano/img_Mateusz Kowalski_sendButton' is clicked on

2021-12-19 14:57:11 - [TEST_STEP][PASSED] - setText(findTestObject("Page_PSTO webMessenger - Zalogowano/input_Mateusz Kowalski_messageInput"), "d"): Text 'd' is set on object 'Object Repository/Page_PSTO webMessenger - Zalogowano/input_Mateusz Kowalski_messageInput'

2021-12-19 14:57:11 - [MESSAGE][PASSED] - Text 'd' is set on object 'Object Repository/Page_PSTO webMessenger - Zalogowano/input_Mateusz Kowalski_messageInput'

2021-12-19 14:57:11 - [TEST_STEP][PASSED] - click(findTestObject("Page_PSTO webMessenger - Zalogowano/img_Mateusz Kowalski_sendButton")): Object: 'Object Repository/Page_PSTO webMessenger - Zalogowano/img_Mateusz Kowalski_sendButton' is clicked on

2021-12-19 14:57:12 - [MESSAGE][PASSED] - Object: 'Object Repository/Page_PSTO webMessenger - Zalogowano/img_Mateusz Kowalski_sendButton' is clicked on

2021-12-19 14:57:12 - [TEST_STEP][PASSED] - setText(findTestObject("Page_PSTO webMessenger - Zalogowano/input_Mateusz Kowalski_messageInput"), "d"): Text 'd' is set on object 'Object Repository/Page_PSTO webMessenger - Zalogowano/input_Mateusz Kowalski_messageInput'

2021-12-19 14:57:13 - [MESSAGE][PASSED] - Text 'd' is set on object 'Object Repository/Page_PSTO webMessenger - Zalogowano/input_Mateusz Kowalski_messageInput'

2021-12-19 14:57:13 - [TEST_STEP][PASSED] - click(findTestObject("Page_PSTO webMessenger - Zalogowano/img_Mateusz Kowalski_sendButton")): Object: 'Object Repository/Page_PSTO webMessenger - Zalogowano/img_Mateusz Kowalski_sendButton' is clicked on

2021-12-19 14:57:13 - [MESSAGE][PASSED] - Object: 'Object Repository/Page_PSTO webMessenger - Zalogowano/img_Mateusz Kowalski_sendButton' is clicked on

2021-12-19 14:57:13 - [TEST_STEP][PASSED] - setText(findTestObject("Page_PSTO webMessenger - Zalogowano/input_Mateusz Kowalski_messageInput"), "d"): Text 'd' is set on object 'Object Repository/Page_PSTO webMessenger - Zalogowano/input_Mateusz Kowalski_messageInput'

2021-12-19 14:57:14 - [MESSAGE][PASSED] - Text 'd' is set on object 'Object Repository/Page_PSTO webMessenger - Zalogowano/input_Mateusz Kowalski_messageInput'

2021-12-19 14:57:14 - [TEST_STEP][PASSED] - click(findTestObject("Page_PSTO webMessenger - Zalogowano/img_Mateusz Kowalski_sendButton")): Object: 'Object Repository/Page_PSTO webMessenger - Zalogowano/img_Mateusz Kowalski_sendButton' is clicked on

2021-12-19 14:57:15 - [MESSAGE][PASSED] - Object: 'Object Repository/Page_PSTO webMessenger - Zalogowano/img_Mateusz Kowalski_sendButton' is clicked on

2021-12-19 14:57:15 - [TEST_STEP][PASSED] - setText(findTestObject("Page_PSTO webMessenger - Zalogowano/input_Mateusz Kowalski_messageInput"), "d"): Text 'd' is set on object 'Object Repository/Page_PSTO webMessenger - Zalogowano/input_Mateusz Kowalski_messageInput'

2021-12-19 14:57:15 - [MESSAGE][PASSED] - Text 'd' is set on object 'Object Repository/Page_PSTO webMessenger - Zalogowano/input_Mateusz Kowalski_messageInput'

2021-12-19 14:57:15 - [TEST_STEP][PASSED] - click(findTestObject("Page_PSTO webMessenger - Zalogowano/img_Mateusz Kowalski_sendButton")): Object: 'Object Repository/Page_PSTO webMessenger - Zalogowano/img_Mateusz Kowalski_sendButton' is clicked on

2021-12-19 14:57:16 - [MESSAGE][PASSED] - Object: 'Object Repository/Page_PSTO webMessenger - Zalogowano/img_Mateusz Kowalski_sendButton' is clicked on

2021-12-19 14:57:16 - [TEST_STEP][PASSED] - setText(findTestObject("Page_PSTO webMessenger - Zalogowano/input_Mateusz Kowalski_messageInput"), "d"): Text 'd' is set on object 'Object Repository/Page_PSTO webMessenger - Zalogowano/input_Mateusz Kowalski_messageInput'

2021-12-19 14:57:17 - [MESSAGE][PASSED] - Text 'd' is set on object 'Object Repository/Page_PSTO webMessenger - Zalogowano/input_Mateusz Kowalski_messageInput'

2021-12-19 14:57:17 - [TEST_STEP][PASSED] - click(findTestObject("Page_PSTO webMessenger - Zalogowano/img_Mateusz Kowalski_sendButton")): Object: 'Object Repository/Page_PSTO webMessenger - Zalogowano/img_Mateusz Kowalski_sendButton' is clicked on

2021-12-19 14:57:17 - [MESSAGE][PASSED] - Object: 'Object Repository/Page_PSTO webMessenger - Zalogowano/img_Mateusz Kowalski_sendButton' is clicked on

2021-12-19 14:57:17 - [TEST_STEP][PASSED] - setText(findTestObject("Page_PSTO webMessenger - Zalogowano/input_Mateusz Kowalski_messageInput"), "d"): Text 'd' is set on object 'Object Repository/Page_PSTO webMessenger - Zalogowano/input_Mateusz Kowalski_messageInput'

2021-12-19 14:57:18 - [MESSAGE][PASSED] - Text 'd' is set on object 'Object Repository/Page_PSTO webMessenger - Zalogowano/input_Mateusz Kowalski_messageInput'

2021-12-19 14:57:18 - [TEST_STEP][PASSED] - click(findTestObject("Page_PSTO webMessenger - Zalogowano/img_Mateusz Kowalski_sendButton")): Object: 'Object Repository/Page_PSTO webMessenger - Zalogowano/img_Mateusz Kowalski_sendButton' is clicked on

2021-12-19 14:57:19 - [MESSAGE][PASSED] - Object: 'Object Repository/Page_PSTO webMessenger - Zalogowano/img_Mateusz Kowalski_sendButton' is clicked on

2021-12-19 14:57:19 - [TEST_STEP][PASSED] - setText(findTestObject("Page_PSTO webMessenger - Zalogowano/input_Mateusz Kowalski_messageInput"), "d"): Text 'd' is set on object 'Object Repository/Page_PSTO webMessenger - Zalogowano/input_Mateusz Kowalski_messageInput'

2021-12-19 14:57:19 - [MESSAGE][PASSED] - Text 'd' is set on object 'Object Repository/Page_PSTO webMessenger - Zalogowano/input_Mateusz Kowalski_messageInput'

2021-12-19 14:57:19 - [TEST_STEP][PASSED] - click(findTestObject("Page_PSTO webMessenger - Zalogowano/img_Mateusz Kowalski_sendButton")): Object: 'Object Repository/Page_PSTO webMessenger - Zalogowano/img_Mateusz Kowalski_sendButton' is clicked on

2021-12-19 14:57:20 - [MESSAGE][PASSED] - Object: 'Object Repository/Page_PSTO webMessenger - Zalogowano/img_Mateusz Kowalski_sendButton' is clicked on

2021-12-19 14:57:20 - [TEST_STEP][PASSED] - setText(findTestObject("Page_PSTO webMessenger - Zalogowano/input_Mateusz Kowalski_messageInput"), "d"): Text 'd' is set on object 'Object Repository/Page_PSTO webMessenger - Zalogowano/input_Mateusz Kowalski_messageInput'

2021-12-19 14:57:21 - [MESSAGE][PASSED] - Text 'd' is set on object 'Object Repository/Page_PSTO webMessenger - Zalogowano/input_Mateusz Kowalski_messageInput'

2021-12-19 14:57:21 - [TEST_STEP][PASSED] - click(findTestObject("Page_PSTO webMessenger - Zalogowano/img_Mateusz Kowalski_sendButton")): Object: 'Object Repository/Page_PSTO webMessenger - Zalogowano/img_Mateusz Kowalski_sendButton' is clicked on

2021-12-19 14:57:21 - [MESSAGE][PASSED] - Object: 'Object Repository/Page_PSTO webMessenger - Zalogowano/img_Mateusz Kowalski_sendButton' is clicked on

2021-12-19 14:57:21 - [TEST_STEP][PASSED] - setText(findTestObject("Page_PSTO webMessenger - Zalogowano/input_Mateusz Kowalski_messageInput"), "d"): Text 'd' is set on object 'Object Repository/Page_PSTO webMessenger - Zalogowano/input_Mateusz Kowalski_messageInput'

2021-12-19 14:57:22 - [MESSAGE][PASSED] - Text 'd' is set on object 'Object Repository/Page_PSTO webMessenger - Zalogowano/input_Mateusz Kowalski_messageInput'

2021-12-19 14:57:22 - [TEST_STEP][PASSED] - click(findTestObject("Page_PSTO webMessenger - Zalogowano/img_Mateusz Kowalski_sendButton")): Object: 'Object Repository/Page_PSTO webMessenger - Zalogowano/img_Mateusz Kowalski_sendButton' is clicked on

2021-12-19 14:57:23 - [MESSAGE][PASSED] - Object: 'Object Repository/Page_PSTO webMessenger - Zalogowano/img_Mateusz Kowalski_sendButton' is clicked on

2021-12-19 14:57:23 - [TEST_STEP][PASSED] - setText(findTestObject("Page_PSTO webMessenger - Zalogowano/input_Mateusz Kowalski_messageInput"), "d"): Text 'd' is set on object 'Object Repository/Page_PSTO webMessenger - Zalogowano/input_Mateusz Kowalski_messageInput'

2021-12-19 14:57:24 - [MESSAGE][PASSED] - Text 'd' is set on object 'Object Repository/Page_PSTO webMessenger - Zalogowano/input_Mateusz Kowalski_messageInput'

2021-12-19 14:57:24 - [TEST_STEP][PASSED] - click(findTestObject("Page_PSTO webMessenger - Zalogowano/img_Mateusz Kowalski_sendButton")): Object: 'Object Repository/Page_PSTO webMessenger - Zalogowano/img_Mateusz Kowalski_sendButton' is clicked on

2021-12-19 14:57:24 - [MESSAGE][PASSED] - Object: 'Object Repository/Page_PSTO webMessenger - Zalogowano/img_Mateusz Kowalski_sendButton' is clicked on

2021-12-19 14:57:24 - [TEST_STEP][PASSED] - setText(findTestObject("Page_PSTO webMessenger - Zalogowano/input_Mateusz Kowalski_messageInput"), "d"): Text 'd' is set on object 'Object Repository/Page_PSTO webMessenger - Zalogowano/input_Mateusz Kowalski_messageInput'

2021-12-19 14:57:25 - [MESSAGE][PASSED] - Text 'd' is set on object 'Object Repository/Page_PSTO webMessenger - Zalogowano/input_Mateusz Kowalski_messageInput'

2021-12-19 14:57:25 - [TEST_STEP][PASSED] - click(findTestObject("Page_PSTO webMessenger - Zalogowano/img_Mateusz Kowalski_sendButton")): Object: 'Object Repository/Page_PSTO webMessenger - Zalogowano/img_Mateusz Kowalski_sendButton' is clicked on

2021-12-19 14:57:26 - [MESSAGE][PASSED] - Object: 'Object Repository/Page_PSTO webMessenger - Zalogowano/img_Mateusz Kowalski_sendButton' is clicked on

2021-12-19 14:57:26 - [TEST_STEP][PASSED] - setText(findTestObject("Page_PSTO webMessenger - Zalogowano/input_Mateusz Kowalski_messageInput"), "d"): Text 'd' is set on object 'Object Repository/Page_PSTO webMessenger - Zalogowano/input_Mateusz Kowalski_messageInput'

2021-12-19 14:57:27 - [MESSAGE][PASSED] - Text 'd' is set on object 'Object Repository/Page_PSTO webMessenger - Zalogowano/input_Mateusz Kowalski_messageInput'

2021-12-19 14:57:27 - [TEST_STEP][PASSED] - click(findTestObject("Page_PSTO webMessenger - Zalogowano/img_Mateusz Kowalski_sendButton")): Object: 'Object Repository/Page_PSTO webMessenger - Zalogowano/img_Mateusz Kowalski_sendButton' is clicked on

2021-12-19 14:57:27 - [MESSAGE][PASSED] - Object: 'Object Repository/Page_PSTO webMessenger - Zalogowano/img_Mateusz Kowalski_sendButton' is clicked on

2021-12-19 14:57:27 - [TEST_STEP][PASSED] - setText(findTestObject("Page_PSTO webMessenger - Zalogowano/input_Mateusz Kowalski_messageInput"), "d"): Text 'd' is set on object 'Object Repository/Page_PSTO webMessenger - Zalogowano/input_Mateusz Kowalski_messageInput'

2021-12-19 14:57:28 - [MESSAGE][PASSED] - Text 'd' is set on object 'Object Repository/Page_PSTO webMessenger - Zalogowano/input_Mateusz Kowalski_messageInput'

2021-12-19 14:57:28 - [TEST_STEP][PASSED] - click(findTestObject("Page_PSTO webMessenger - Zalogowano/img_Mateusz Kowalski_sendButton")): Object: 'Object Repository/Page_PSTO webMessenger - Zalogowano/img_Mateusz Kowalski_sendButton' is clicked on

2021-12-19 14:57:29 - [MESSAGE][PASSED] - Object: 'Object Repository/Page_PSTO webMessenger - Zalogowano/img_Mateusz Kowalski_sendButton' is clicked on

2021-12-19 14:57:29 - [TEST_STEP][PASSED] - setText(findTestObject("Page_PSTO webMessenger - Zalogowano/input_Mateusz Kowalski_messageInput"), "d"): Text 'd' is set on object 'Object Repository/Page_PSTO webMessenger - Zalogowano/input_Mateusz Kowalski_messageInput'

2021-12-19 14:57:29 - [MESSAGE][PASSED] - Text 'd' is set on object 'Object Repository/Page_PSTO webMessenger - Zalogowano/input_Mateusz Kowalski_messageInput'

2021-12-19 14:57:29 - [TEST_STEP][PASSED] - click(findTestObject("Page_PSTO webMessenger - Zalogowano/img_Mateusz Kowalski_sendButton")): Object: 'Object Repository/Page_PSTO webMessenger - Zalogowano/img_Mateusz Kowalski_sendButton' is clicked on

2021-12-19 14:57:30 - [MESSAGE][PASSED] - Object: 'Object Repository/Page_PSTO webMessenger - Zalogowano/img_Mateusz Kowalski_sendButton' is clicked on

2021-12-19 14:57:30 - [TEST_STEP][PASSED] - setText(findTestObject("Page_PSTO webMessenger - Zalogowano/input_Mateusz Kowalski_messageInput"), "d"): Text 'd' is set on object 'Object Repository/Page_PSTO webMessenger - Zalogowano/input_Mateusz Kowalski_messageInput'

2021-12-19 14:57:31 - [MESSAGE][PASSED] - Text 'd' is set on object 'Object Repository/Page_PSTO webMessenger - Zalogowano/input_Mateusz Kowalski_messageInput'

2021-12-19 14:57:31 - [TEST_STEP][PASSED] - click(findTestObject("Page_PSTO webMessenger - Zalogowano/img_Mateusz Kowalski_sendButton")): Object: 'Object Repository/Page_PSTO webMessenger - Zalogowano/img_Mateusz Kowalski_sendButton' is clicked on

2021-12-19 14:57:31 - [MESSAGE][PASSED] - Object: 'Object Repository/Page_PSTO webMessenger - Zalogowano/img_Mateusz Kowalski_sendButton' is clicked on

2021-12-19 14:57:31 - [TEST_STEP][PASSED] - setText(findTestObject("Page_PSTO webMessenger - Zalogowano/input_Mateusz Kowalski_messageInput"), "d"): Text 'd' is set on object 'Object Repository/Page_PSTO webMessenger - Zalogowano/input_Mateusz Kowalski_messageInput'

2021-12-19 14:57:32 - [MESSAGE][PASSED] - Text 'd' is set on object 'Object Repository/Page_PSTO webMessenger - Zalogowano/input_Mateusz Kowalski_messageInput'

2021-12-19 14:57:32 - [TEST_STEP][PASSED] - click(findTestObject("Page_PSTO webMessenger - Zalogowano/img_Mateusz Kowalski_sendButton")): Object: 'Object Repository/Page_PSTO webMessenger - Zalogowano/img_Mateusz Kowalski_sendButton' is clicked on

2021-12-19 14:57:33 - [MESSAGE][PASSED] - Object: 'Object Repository/Page_PSTO webMessenger - Zalogowano/img_Mateusz Kowalski_sendButton' is clicked on

2021-12-19 14:57:33 - [TEST_STEP][PASSED] - setText(findTestObject("Page_PSTO webMessenger - Zalogowano/input_Mateusz Kowalski_messageInput"), "d"): Text 'd' is set on object 'Object Repository/Page_PSTO webMessenger - Zalogowano/input_Mateusz Kowalski_messageInput'

2021-12-19 14:57:34 - [MESSAGE][PASSED] - Text 'd' is set on object 'Object Repository/Page_PSTO webMessenger - Zalogowano/input_Mateusz Kowalski_messageInput'

2021-12-19 14:57:34 - [TEST_STEP][PASSED] - click(findTestObject("Page_PSTO webMessenger - Zalogowano/img_Mateusz Kowalski_sendButton")): Object: 'Object Repository/Page_PSTO webMessenger - Zalogowano/img_Mateusz Kowalski_sendButton' is clicked on

2021-12-19 14:57:34 - [MESSAGE][PASSED] - Object: 'Object Repository/Page_PSTO webMessenger - Zalogowano/img_Mateusz Kowalski_sendButton' is clicked on

2021-12-19 14:57:34 - [TEST_STEP][PASSED] - setText(findTestObject("Page_PSTO webMessenger - Zalogowano/input_Mateusz Kowalski_messageInput"), "d"): Text 'd' is set on object 'Object Repository/Page_PSTO webMessenger - Zalogowano/input_Mateusz Kowalski_messageInput'

2021-12-19 14:57:35 - [MESSAGE][PASSED] - Text 'd' is set on object 'Object Repository/Page_PSTO webMessenger - Zalogowano/input_Mateusz Kowalski_messageInput'

2021-12-19 14:57:35 - [TEST_STEP][PASSED] - click(findTestObject("Page_PSTO webMessenger - Zalogowano/img_Mateusz Kowalski_sendButton")): Object: 'Object Repository/Page_PSTO webMessenger - Zalogowano/img_Mateusz Kowalski_sendButton' is clicked on

2021-12-19 14:57:36 - [MESSAGE][PASSED] - Object: 'Object Repository/Page_PSTO webMessenger - Zalogowano/img_Mateusz Kowalski_sendButton' is clicked on

2021-12-19 14:57:36 - [TEST_STEP][PASSED] - setText(findTestObject("Page_PSTO webMessenger - Zalogowano/input_Mateusz Kowalski_messageInput"), "d"): Text 'd' is set on object 'Object Repository/Page_PSTO webMessenger - Zalogowano/input_Mateusz Kowalski_messageInput'

2021-12-19 14:57:36 - [MESSAGE][PASSED] - Text 'd' is set on object 'Object Repository/Page_PSTO webMessenger - Zalogowano/input_Mateusz Kowalski_messageInput'

2021-12-19 14:57:36 - [TEST_STEP][PASSED] - click(findTestObject("Page_PSTO webMessenger - Zalogowano/img_Mateusz Kowalski_sendButton")): Object: 'Object Repository/Page_PSTO webMessenger - Zalogowano/img_Mateusz Kowalski_sendButton' is clicked on

2021-12-19 14:57:37 - [MESSAGE][PASSED] - Object: 'Object Repository/Page_PSTO webMessenger - Zalogowano/img_Mateusz Kowalski_sendButton' is clicked on

2021-12-19 14:57:37 - [TEST_STEP][PASSED] - setText(findTestObject("Page_PSTO webMessenger - Zalogowano/input_Mateusz Kowalski_messageInput"), "d"): Text 'd' is set on object 'Object Repository/Page_PSTO webMessenger - Zalogowano/input_Mateusz Kowalski_messageInput'

2021-12-19 14:57:38 - [MESSAGE][PASSED] - Text 'd' is set on object 'Object Repository/Page_PSTO webMessenger - Zalogowano/input_Mateusz Kowalski_messageInput'

2021-12-19 14:57:38 - [TEST_STEP][PASSED] - click(findTestObject("Page_PSTO webMessenger - Zalogowano/img_Mateusz Kowalski_sendButton")): Object: 'Object Repository/Page_PSTO webMessenger - Zalogowano/img_Mateusz Kowalski_sendButton' is clicked on

2021-12-19 14:57:39 - [MESSAGE][PASSED] - Object: 'Object Repository/Page_PSTO webMessenger - Zalogowano/img_Mateusz Kowalski_sendButton' is clicked on

2021-12-19 14:57:39 - [TEST_STEP][PASSED] - setText(findTestObject("Page_PSTO webMessenger - Zalogowano/input_Mateusz Kowalski_messageInput"), "d"): Text 'd' is set on object 'Object Repository/Page_PSTO webMessenger - Zalogowano/input_Mateusz Kowalski_messageInput'

2021-12-19 14:57:39 - [MESSAGE][PASSED] - Text 'd' is set on object 'Object Repository/Page_PSTO webMessenger - Zalogowano/input_Mateusz Kowalski_messageInput'

2021-12-19 14:57:39 - [TEST_STEP][PASSED] - click(findTestObject("Page_PSTO webMessenger - Zalogowano/img_Mateusz Kowalski_sendButton")): Object: 'Object Repository/Page_PSTO webMessenger - Zalogowano/img_Mateusz Kowalski_sendButton' is clicked on

2021-12-19 14:57:40 - [MESSAGE][PASSED] - Object: 'Object Repository/Page_PSTO webMessenger - Zalogowano/img_Mateusz Kowalski_sendButton' is clicked on

2021-12-19 14:57:40 - [TEST_STEP][PASSED] - setText(findTestObject("Page_PSTO webMessenger - Zalogowano/input_Mateusz Kowalski_messageInput"), "d"): Text 'd' is set on object 'Object Repository/Page_PSTO webMessenger - Zalogowano/input_Mateusz Kowalski_messageInput'

2021-12-19 14:57:41 - [MESSAGE][PASSED] - Text 'd' is set on object 'Object Repository/Page_PSTO webMessenger - Zalogowano/input_Mateusz Kowalski_messageInput'

2021-12-19 14:57:41 - [TEST_STEP][PASSED] - click(findTestObject("Page_PSTO webMessenger - Zalogowano/img_Mateusz Kowalski_sendButton")): Object: 'Object Repository/Page_PSTO webMessenger - Zalogowano/img_Mateusz Kowalski_sendButton' is clicked on

2021-12-19 14:57:41 - [MESSAGE][PASSED] - Object: 'Object Repository/Page_PSTO webMessenger - Zalogowano/img_Mateusz Kowalski_sendButton' is clicked on

2021-12-19 14:57:41 - [TEST_STEP][PASSED] - setText(findTestObject("Page_PSTO webMessenger - Zalogowano/input_Mateusz Kowalski_messageInput"), "d"): Text 'd' is set on object 'Object Repository/Page_PSTO webMessenger - Zalogowano/input_Mateusz Kowalski_messageInput'

2021-12-19 14:57:42 - [MESSAGE][PASSED] - Text 'd' is set on object 'Object Repository/Page_PSTO webMessenger - Zalogowano/input_Mateusz Kowalski_messageInput'

2021-12-19 14:57:42 - [TEST_STEP][PASSED] - click(findTestObject("Page_PSTO webMessenger - Zalogowano/img_Mateusz Kowalski_sendButton")): Object: 'Object Repository/Page_PSTO webMessenger - Zalogowano/img_Mateusz Kowalski_sendButton' is clicked on

2021-12-19 14:57:43 - [MESSAGE][PASSED] - Object: 'Object Repository/Page_PSTO webMessenger - Zalogowano/img_Mateusz Kowalski_sendButton' is clicked on

2021-12-19 14:57:43 - [TEST_STEP][PASSED] - setText(findTestObject("Page_PSTO webMessenger - Zalogowano/input_Mateusz Kowalski_messageInput"), "d"): Text 'd' is set on object 'Object Repository/Page_PSTO webMessenger - Zalogowano/input_Mateusz Kowalski_messageInput'

2021-12-19 14:57:44 - [MESSAGE][PASSED] - Text 'd' is set on object 'Object Repository/Page_PSTO webMessenger - Zalogowano/input_Mateusz Kowalski_messageInput'

2021-12-19 14:57:44 - [TEST_STEP][PASSED] - click(findTestObject("Page_PSTO webMessenger - Zalogowano/img_Mateusz Kowalski_sendButton")): Object: 'Object Repository/Page_PSTO webMessenger - Zalogowano/img_Mateusz Kowalski_sendButton' is clicked on

2021-12-19 14:57:44 - [MESSAGE][PASSED] - Object: 'Object Repository/Page_PSTO webMessenger - Zalogowano/img_Mateusz Kowalski_sendButton' is clicked on

2021-12-19 14:57:44 - [TEST_STEP][PASSED] - setText(findTestObject("Page_PSTO webMessenger - Zalogowano/input_Mateusz Kowalski_messageInput"), "d"): Text 'd' is set on object 'Object Repository/Page_PSTO webMessenger - Zalogowano/input_Mateusz Kowalski_messageInput'

2021-12-19 14:57:45 - [MESSAGE][PASSED] - Text 'd' is set on object 'Object Repository/Page_PSTO webMessenger - Zalogowano/input_Mateusz Kowalski_messageInput'

2021-12-19 14:57:45 - [TEST_STEP][PASSED] - click(findTestObject("Page_PSTO webMessenger - Zalogowano/img_Mateusz Kowalski_sendButton")): Object: 'Object Repository/Page_PSTO webMessenger - Zalogowano/img_Mateusz Kowalski_sendButton' is clicked on

2021-12-19 14:57:46 - [MESSAGE][PASSED] - Object: 'Object Repository/Page_PSTO webMessenger - Zalogowano/img_Mateusz Kowalski_sendButton' is clicked on

2021-12-19 14:57:46 - [TEST_STEP][PASSED] - setText(findTestObject("Page_PSTO webMessenger - Zalogowano/input_Mateusz Kowalski_messageInput"), "d"): Text 'd' is set on object 'Object Repository/Page_PSTO webMessenger - Zalogowano/input_Mateusz Kowalski_messageInput'

2021-12-19 14:57:46 - [MESSAGE][PASSED] - Text 'd' is set on object 'Object Repository/Page_PSTO webMessenger - Zalogowano/input_Mateusz Kowalski_messageInput'

2021-12-19 14:57:46 - [TEST_STEP][PASSED] - click(findTestObject("Page_PSTO webMessenger - Zalogowano/img_Mateusz Kowalski_sendButton")): Object: 'Object Repository/Page_PSTO webMessenger - Zalogowano/img_Mateusz Kowalski_sendButton' is clicked on

2021-12-19 14:57:47 - [MESSAGE][PASSED] - Object: 'Object Repository/Page_PSTO webMessenger - Zalogowano/img_Mateusz Kowalski_sendButton' is clicked on

2021-12-19 14:57:47 - [TEST_STEP][PASSED] - setText(findTestObject("Page_PSTO webMessenger - Zalogowano/input_Mateusz Kowalski_messageInput"), "d"): Text 'd' is set on object 'Object Repository/Page_PSTO webMessenger - Zalogowano/input_Mateusz Kowalski_messageInput'

2021-12-19 14:57:48 - [MESSAGE][PASSED] - Text 'd' is set on object 'Object Repository/Page_PSTO webMessenger - Zalogowano/input_Mateusz Kowalski_messageInput'

2021-12-19 14:57:48 - [TEST_STEP][PASSED] - click(findTestObject("Page_PSTO webMessenger - Zalogowano/img_Mateusz Kowalski_sendButton")): Object: 'Object Repository/Page_PSTO webMessenger - Zalogowano/img_Mateusz Kowalski_sendButton' is clicked on

2021-12-19 14:57:48 - [MESSAGE][PASSED] - Object: 'Object Repository/Page_PSTO webMessenger - Zalogowano/img_Mateusz Kowalski_sendButton' is clicked on

2021-12-19 14:57:48 - [TEST_STEP][PASSED] - setText(findTestObject("Page_PSTO webMessenger - Zalogowano/input_Mateusz Kowalski_messageInput"), "d"): Text 'd' is set on object 'Object Repository/Page_PSTO webMessenger - Zalogowano/input_Mateusz Kowalski_messageInput'

2021-12-19 14:57:49 - [MESSAGE][PASSED] - Text 'd' is set on object 'Object Repository/Page_PSTO webMessenger - Zalogowano/input_Mateusz Kowalski_messageInput'

2021-12-19 14:57:49 - [TEST_STEP][PASSED] - click(findTestObject("Page_PSTO webMessenger - Zalogowano/img_Mateusz Kowalski_sendButton")): Object: 'Object Repository/Page_PSTO webMessenger - Zalogowano/img_Mateusz Kowalski_sendButton' is clicked on

2021-12-19 14:57:50 - [MESSAGE][PASSED] - Object: 'Object Repository/Page_PSTO webMessenger - Zalogowano/img_Mateusz Kowalski_sendButton' is clicked on

2021-12-19 14:57:50 - [TEST_STEP][PASSED] - setText(findTestObject("Page_PSTO webMessenger - Zalogowano/input_Mateusz Kowalski_messageInput"), "d"): Text 'd' is set on object 'Object Repository/Page_PSTO webMessenger - Zalogowano/input_Mateusz Kowalski_messageInput'

2021-12-19 14:57:50 - [MESSAGE][PASSED] - Text 'd' is set on object 'Object Repository/Page_PSTO webMessenger - Zalogowano/input_Mateusz Kowalski_messageInput'

2021-12-19 14:57:50 - [TEST_STEP][PASSED] - click(findTestObject("Page_PSTO webMessenger - Zalogowano/img_Mateusz Kowalski_sendButton")): Object: 'Object Repository/Page_PSTO webMessenger - Zalogowano/img_Mateusz Kowalski_sendButton' is clicked on

2021-12-19 14:57:51 - [MESSAGE][PASSED] - Object: 'Object Repository/Page_PSTO webMessenger - Zalogowano/img_Mateusz Kowalski_sendButton' is clicked on

2021-12-19 14:57:51 - [TEST_STEP][PASSED] - setText(findTestObject("Page_PSTO webMessenger - Zalogowano/input_Mateusz Kowalski_messageInput"), "d"): Text 'd' is set on object 'Object Repository/Page_PSTO webMessenger - Zalogowano/input_Mateusz Kowalski_messageInput'

2021-12-19 14:57:52 - [MESSAGE][PASSED] - Text 'd' is set on object 'Object Repository/Page_PSTO webMessenger - Zalogowano/input_Mateusz Kowalski_messageInput'

2021-12-19 14:57:52 - [TEST_STEP][PASSED] - click(findTestObject("Page_PSTO webMessenger - Zalogowano/img_Mateusz Kowalski_sendButton")): Object: 'Object Repository/Page_PSTO webMessenger - Zalogowano/img_Mateusz Kowalski_sendButton' is clicked on

2021-12-19 14:57:52 - [MESSAGE][PASSED] - Object: 'Object Repository/Page_PSTO webMessenger - Zalogowano/img_Mateusz Kowalski_sendButton' is clicked on

2021-12-19 14:57:52 - [TEST_STEP][PASSED] - setText(findTestObject("Page_PSTO webMessenger - Zalogowano/input_Mateusz Kowalski_messageInput"), "d"): Text 'd' is set on object 'Object Repository/Page_PSTO webMessenger - Zalogowano/input_Mateusz Kowalski_messageInput'

2021-12-19 14:57:53 - [MESSAGE][PASSED] - Text 'd' is set on object 'Object Repository/Page_PSTO webMessenger - Zalogowano/input_Mateusz Kowalski_messageInput'

2021-12-19 14:57:53 - [TEST_STEP][PASSED] - click(findTestObject("Page_PSTO webMessenger - Zalogowano/img_Mateusz Kowalski_sendButton")): Object: 'Object Repository/Page_PSTO webMessenger - Zalogowano/img_Mateusz Kowalski_sendButton' is clicked on

2021-12-19 14:57:54 - [MESSAGE][PASSED] - Object: 'Object Repository/Page_PSTO webMessenger - Zalogowano/img_Mateusz Kowalski_sendButton' is clicked on

2021-12-19 14:57:54 - [TEST_STEP][PASSED] - setText(findTestObject("Page_PSTO webMessenger - Zalogowano/input_Mateusz Kowalski_messageInput"), "d"): Text 'd' is set on object 'Object Repository/Page_PSTO webMessenger - Zalogowano/input_Mateusz Kowalski_messageInput'

2021-12-19 14:57:54 - [MESSAGE][PASSED] - Text 'd' is set on object 'Object Repository/Page_PSTO webMessenger - Zalogowano/input_Mateusz Kowalski_messageInput'

2021-12-19 14:57:54 - [TEST_STEP][PASSED] - click(findTestObject("Page_PSTO webMessenger - Zalogowano/img_Mateusz Kowalski_sendButton")): Object: 'Object Repository/Page_PSTO webMessenger - Zalogowano/img_Mateusz Kowalski_sendButton' is clicked on

2021-12-19 14:57:55 - [MESSAGE][PASSED] - Object: 'Object Repository/Page_PSTO webMessenger - Zalogowano/img_Mateusz Kowalski_sendButton' is clicked on

2021-12-19 14:57:55 - [TEST_STEP][PASSED] - setText(findTestObject("Page_PSTO webMessenger - Zalogowano/input_Mateusz Kowalski_messageInput"), "d"): Text 'd' is set on object 'Object Repository/Page_PSTO webMessenger - Zalogowano/input_Mateusz Kowalski_messageInput'

2021-12-19 14:57:56 - [MESSAGE][PASSED] - Text 'd' is set on object 'Object Repository/Page_PSTO webMessenger - Zalogowano/input_Mateusz Kowalski_messageInput'

2021-12-19 14:57:56 - [TEST_STEP][PASSED] - click(findTestObject("Page_PSTO webMessenger - Zalogowano/img_Mateusz Kowalski_sendButton")): Object: 'Object Repository/Page_PSTO webMessenger - Zalogowano/img_Mateusz Kowalski_sendButton' is clicked on

2021-12-19 14:57:56 - [MESSAGE][PASSED] - Object: 'Object Repository/Page_PSTO webMessenger - Zalogowano/img_Mateusz Kowalski_sendButton' is clicked on

2021-12-19 14:57:56 - [TEST_STEP][PASSED] - setText(findTestObject("Page_PSTO webMessenger - Zalogowano/input_Mateusz Kowalski_messageInput"), "d"): Text 'd' is set on object 'Object Repository/Page_PSTO webMessenger - Zalogowano/input_Mateusz Kowalski_messageInput'

2021-12-19 14:57:57 - [MESSAGE][PASSED] - Text 'd' is set on object 'Object Repository/Page_PSTO webMessenger - Zalogowano/input_Mateusz Kowalski_messageInput'

2021-12-19 14:57:57 - [TEST_STEP][PASSED] - click(findTestObject("Page_PSTO webMessenger - Zalogowano/img_Mateusz Kowalski_sendButton")): Object: 'Object Repository/Page_PSTO webMessenger - Zalogowano/img_Mateusz Kowalski_sendButton' is clicked on

2021-12-19 14:57:58 - [MESSAGE][PASSED] - Object: 'Object Repository/Page_PSTO webMessenger - Zalogowano/img_Mateusz Kowalski_sendButton' is clicked on

2021-12-19 14:57:58 - [TEST_STEP][PASSED] - setText(findTestObject("Page_PSTO webMessenger - Zalogowano/input_Mateusz Kowalski_messageInput"), "d"): Text 'd' is set on object 'Object Repository/Page_PSTO webMessenger - Zalogowano/input_Mateusz Kowalski_messageInput'

2021-12-19 14:57:59 - [MESSAGE][PASSED] - Text 'd' is set on object 'Object Repository/Page_PSTO webMessenger - Zalogowano/input_Mateusz Kowalski_messageInput'

2021-12-19 14:57:59 - [TEST_STEP][PASSED] - click(findTestObject("Page_PSTO webMessenger - Zalogowano/img_Mateusz Kowalski_sendButton")): Object: 'Object Repository/Page_PSTO webMessenger - Zalogowano/img_Mateusz Kowalski_sendButton' is clicked on

2021-12-19 14:57:59 - [MESSAGE][PASSED] - Object: 'Object Repository/Page_PSTO webMessenger - Zalogowano/img_Mateusz Kowalski_sendButton' is clicked on

2021-12-19 14:57:59 - [TEST_STEP][PASSED] - setText(findTestObject("Page_PSTO webMessenger - Zalogowano/input_Mateusz Kowalski_messageInput"), "d"): Text 'd' is set on object 'Object Repository/Page_PSTO webMessenger - Zalogowano/input_Mateusz Kowalski_messageInput'

2021-12-19 14:58:00 - [MESSAGE][PASSED] - Text 'd' is set on object 'Object Repository/Page_PSTO webMessenger - Zalogowano/input_Mateusz Kowalski_messageInput'

2021-12-19 14:58:00 - [TEST_STEP][PASSED] - click(findTestObject("Page_PSTO webMessenger - Zalogowano/img_Mateusz Kowalski_sendButton")): Object: 'Object Repository/Page_PSTO webMessenger - Zalogowano/img_Mateusz Kowalski_sendButton' is clicked on

2021-12-19 14:58:01 - [MESSAGE][PASSED] - Object: 'Object Repository/Page_PSTO webMessenger - Zalogowano/img_Mateusz Kowalski_sendButton' is clicked on

2021-12-19 14:58:01 - [TEST_STEP][PASSED] - setText(findTestObject("Page_PSTO webMessenger - Zalogowano/input_Mateusz Kowalski_messageInput"), "d"): Text 'd' is set on object 'Object Repository/Page_PSTO webMessenger - Zalogowano/input_Mateusz Kowalski_messageInput'

2021-12-19 14:58:01 - [MESSAGE][PASSED] - Text 'd' is set on object 'Object Repository/Page_PSTO webMessenger - Zalogowano/input_Mateusz Kowalski_messageInput'

2021-12-19 14:58:01 - [TEST_STEP][PASSED] - click(findTestObject("Page_PSTO webMessenger - Zalogowano/img_Mateusz Kowalski_sendButton")): Object: 'Object Repository/Page_PSTO webMessenger - Zalogowano/img_Mateusz Kowalski_sendButton' is clicked on

2021-12-19 14:58:02 - [MESSAGE][PASSED] - Object: 'Object Repository/Page_PSTO webMessenger - Zalogowano/img_Mateusz Kowalski_sendButton' is clicked on

2021-12-19 14:58:02 - [TEST_STEP][PASSED] - setText(findTestObject("Page_PSTO webMessenger - Zalogowano/input_Mateusz Kowalski_messageInput"), "d"): Text 'd' is set on object 'Object Repository/Page_PSTO webMessenger - Zalogowano/input_Mateusz Kowalski_messageInput'

2021-12-19 14:58:03 - [MESSAGE][PASSED] - Text 'd' is set on object 'Object Repository/Page_PSTO webMessenger - Zalogowano/input_Mateusz Kowalski_messageInput'

2021-12-19 14:58:03 - [TEST_STEP][PASSED] - click(findTestObject("Page_PSTO webMessenger - Zalogowano/img_Mateusz Kowalski_sendButton")): Object: 'Object Repository/Page_PSTO webMessenger - Zalogowano/img_Mateusz Kowalski_sendButton' is clicked on

2021-12-19 14:58:04 - [MESSAGE][PASSED] - Object: 'Object Repository/Page_PSTO webMessenger - Zalogowano/img_Mateusz Kowalski_sendButton' is clicked on

2021-12-19 14:58:04 - [TEST_STEP][PASSED] - setText(findTestObject("Page_PSTO webMessenger - Zalogowano/input_Mateusz Kowalski_messageInput"), "d"): Text 'd' is set on object 'Object Repository/Page_PSTO webMessenger - Zalogowano/input_Mateusz Kowalski_messageInput'

2021-12-19 14:58:04 - [MESSAGE][PASSED] - Text 'd' is set on object 'Object Repository/Page_PSTO webMessenger - Zalogowano/input_Mateusz Kowalski_messageInput'

2021-12-19 14:58:04 - [TEST_STEP][PASSED] - click(findTestObject("Page_PSTO webMessenger - Zalogowano/img_Mateusz Kowalski_sendButton")): Object: 'Object Repository/Page_PSTO webMessenger - Zalogowano/img_Mateusz Kowalski_sendButton' is clicked on

2021-12-19 14:58:05 - [MESSAGE][PASSED] - Object: 'Object Repository/Page_PSTO webMessenger - Zalogowano/img_Mateusz Kowalski_sendButton' is clicked on

2021-12-19 14:58:05 - [TEST_STEP][PASSED] - setText(findTestObject("Page_PSTO webMessenger - Zalogowano/input_Mateusz Kowalski_messageInput"), "d"): Text 'd' is set on object 'Object Repository/Page_PSTO webMessenger - Zalogowano/input_Mateusz Kowalski_messageInput'

2021-12-19 14:58:06 - [MESSAGE][PASSED] - Text 'd' is set on object 'Object Repository/Page_PSTO webMessenger - Zalogowano/input_Mateusz Kowalski_messageInput'

2021-12-19 14:58:06 - [TEST_STEP][PASSED] - click(findTestObject("Page_PSTO webMessenger - Zalogowano/img_Mateusz Kowalski_sendButton")): Object: 'Object Repository/Page_PSTO webMessenger - Zalogowano/img_Mateusz Kowalski_sendButton' is clicked on

2021-12-19 14:58:06 - [MESSAGE][PASSED] - Object: 'Object Repository/Page_PSTO webMessenger - Zalogowano/img_Mateusz Kowalski_sendButton' is clicked on

2021-12-19 14:58:06 - [TEST_STEP][PASSED] - setText(findTestObject("Page_PSTO webMessenger - Zalogowano/input_Mateusz Kowalski_messageInput"), "d"): Text 'd' is set on object 'Object Repository/Page_PSTO webMessenger - Zalogowano/input_Mateusz Kowalski_messageInput'

2021-12-19 14:58:07 - [MESSAGE][PASSED] - Text 'd' is set on object 'Object Repository/Page_PSTO webMessenger - Zalogowano/input_Mateusz Kowalski_messageInput'

2021-12-19 14:58:07 - [TEST_STEP][PASSED] - click(findTestObject("Page_PSTO webMessenger - Zalogowano/img_Mateusz Kowalski_sendButton")): Object: 'Object Repository/Page_PSTO webMessenger - Zalogowano/img_Mateusz Kowalski_sendButton' is clicked on

2021-12-19 14:58:08 - [MESSAGE][PASSED] - Object: 'Object Repository/Page_PSTO webMessenger - Zalogowano/img_Mateusz Kowalski_sendButton' is clicked on

2021-12-19 14:58:08 - [TEST_STEP][PASSED] - setText(findTestObject("Page_PSTO webMessenger - Zalogowano/input_Mateusz Kowalski_messageInput"), "d"): Text 'd' is set on object 'Object Repository/Page_PSTO webMessenger - Zalogowano/input_Mateusz Kowalski_messageInput'

2021-12-19 14:58:09 - [MESSAGE][PASSED] - Text 'd' is set on object 'Object Repository/Page_PSTO webMessenger - Zalogowano/input_Mateusz Kowalski_messageInput'

2021-12-19 14:58:09 - [TEST_STEP][PASSED] - click(findTestObject("Page_PSTO webMessenger - Zalogowano/img_Mateusz Kowalski_sendButton")): Object: 'Object Repository/Page_PSTO webMessenger - Zalogowano/img_Mateusz Kowalski_sendButton' is clicked on

2021-12-19 14:58:09 - [MESSAGE][PASSED] - Object: 'Object Repository/Page_PSTO webMessenger - Zalogowano/img_Mateusz Kowalski_sendButton' is clicked on

2021-12-19 14:58:09 - [TEST_STEP][PASSED] - setText(findTestObject("Page_PSTO webMessenger - Zalogowano/input_Mateusz Kowalski_messageInput"), "d"): Text 'd' is set on object 'Object Repository/Page_PSTO webMessenger - Zalogowano/input_Mateusz Kowalski_messageInput'

2021-12-19 14:58:10 - [MESSAGE][PASSED] - Text 'd' is set on object 'Object Repository/Page_PSTO webMessenger - Zalogowano/input_Mateusz Kowalski_messageInput'

2021-12-19 14:58:10 - [TEST_STEP][PASSED] - click(findTestObject("Page_PSTO webMessenger - Zalogowano/img_Mateusz Kowalski_sendButton")): Object: 'Object Repository/Page_PSTO webMessenger - Zalogowano/img_Mateusz Kowalski_sendButton' is clicked on

2021-12-19 14:58:11 - [MESSAGE][PASSED] - Object: 'Object Repository/Page_PSTO webMessenger - Zalogowano/img_Mateusz Kowalski_sendButton' is clicked on

2021-12-19 14:58:11 - [TEST_STEP][PASSED] - setText(findTestObject("Page_PSTO webMessenger - Zalogowano/input_Mateusz Kowalski_messageInput"), "d"): Text 'd' is set on object 'Object Repository/Page_PSTO webMessenger - Zalogowano/input_Mateusz Kowalski_messageInput'

2021-12-19 14:58:11 - [MESSAGE][PASSED] - Text 'd' is set on object 'Object Repository/Page_PSTO webMessenger - Zalogowano/input_Mateusz Kowalski_messageInput'

2021-12-19 14:58:11 - [TEST_STEP][PASSED] - click(findTestObject("Page_PSTO webMessenger - Zalogowano/img_Mateusz Kowalski_sendButton")): Object: 'Object Repository/Page_PSTO webMessenger - Zalogowano/img_Mateusz Kowalski_sendButton' is clicked on

2021-12-19 14:58:12 - [MESSAGE][PASSED] - Object: 'Object Repository/Page_PSTO webMessenger - Zalogowano/img_Mateusz Kowalski_sendButton' is clicked on

2021-12-19 14:58:12 - [TEST_STEP][PASSED] - setText(findTestObject("Page_PSTO webMessenger - Zalogowano/input_Mateusz Kowalski_messageInput"), "d"): Text 'd' is set on object 'Object Repository/Page_PSTO webMessenger - Zalogowano/input_Mateusz Kowalski_messageInput'

2021-12-19 14:58:13 - [MESSAGE][PASSED] - Text 'd' is set on object 'Object Repository/Page_PSTO webMessenger - Zalogowano/input_Mateusz Kowalski_messageInput'

2021-12-19 14:58:13 - [TEST_STEP][PASSED] - click(findTestObject("Page_PSTO webMessenger - Zalogowano/img_Mateusz Kowalski_sendButton")): Object: 'Object Repository/Page_PSTO webMessenger - Zalogowano/img_Mateusz Kowalski_sendButton' is clicked on

2021-12-19 14:58:15 - [MESSAGE][PASSED] - Object: 'Object Repository/Page_PSTO webMessenger - Zalogowano/img_Mateusz Kowalski_sendButton' is clicked on

2021-12-19 14:58:15 - [TEST_STEP][PASSED] - setText(findTestObject("Page_PSTO webMessenger - Zalogowano/input_Mateusz Kowalski_messageInput"), "d"): Text 'd' is set on object 'Object Repository/Page_PSTO webMessenger - Zalogowano/input_Mateusz Kowalski_messageInput'

2021-12-19 14:58:15 - [MESSAGE][PASSED] - Text 'd' is set on object 'Object Repository/Page_PSTO webMessenger - Zalogowano/input_Mateusz Kowalski_messageInput'

2021-12-19 14:58:15 - [TEST_STEP][PASSED] - click(findTestObject("Page_PSTO webMessenger - Zalogowano/img_Mateusz Kowalski_sendButton")): Object: 'Object Repository/Page_PSTO webMessenger - Zalogowano/img_Mateusz Kowalski_sendButton' is clicked on

2021-12-19 14:58:16 - [MESSAGE][PASSED] - Object: 'Object Repository/Page_PSTO webMessenger - Zalogowano/img_Mateusz Kowalski_sendButton' is clicked on

2021-12-19 14:58:16 - [TEST_STEP][PASSED] - setText(findTestObject("Page_PSTO webMessenger - Zalogowano/input_Mateusz Kowalski_messageInput"), "d"): Text 'd' is set on object 'Object Repository/Page_PSTO webMessenger - Zalogowano/input_Mateusz Kowalski_messageInput'

2021-12-19 14:58:17 - [MESSAGE][PASSED] - Text 'd' is set on object 'Object Repository/Page_PSTO webMessenger - Zalogowano/input_Mateusz Kowalski_messageInput'

2021-12-19 14:58:17 - [TEST_STEP][PASSED] - click(findTestObject("Page_PSTO webMessenger - Zalogowano/img_Mateusz Kowalski_sendButton")): Object: 'Object Repository/Page_PSTO webMessenger - Zalogowano/img_Mateusz Kowalski_sendButton' is clicked on

2021-12-19 14:58:17 - [MESSAGE][PASSED] - Object: 'Object Repository/Page_PSTO webMessenger - Zalogowano/img_Mateusz Kowalski_sendButton' is clicked on

2021-12-19 14:58:17 - [TEST_STEP][PASSED] - setText(findTestObject("Page_PSTO webMessenger - Zalogowano/input_Mateusz Kowalski_messageInput"), "d"): Text 'd' is set on object 'Object Repository/Page_PSTO webMessenger - Zalogowano/input_Mateusz Kowalski_messageInput'

2021-12-19 14:58:18 - [MESSAGE][PASSED] - Text 'd' is set on object 'Object Repository/Page_PSTO webMessenger - Zalogowano/input_Mateusz Kowalski_messageInput'

2021-12-19 14:58:18 - [TEST_STEP][PASSED] - click(findTestObject("Page_PSTO webMessenger - Zalogowano/img_Mateusz Kowalski_sendButton")): Object: 'Object Repository/Page_PSTO webMessenger - Zalogowano/img_Mateusz Kowalski_sendButton' is clicked on

2021-12-19 14:58:19 - [MESSAGE][PASSED] - Object: 'Object Repository/Page_PSTO webMessenger - Zalogowano/img_Mateusz Kowalski_sendButton' is clicked on

2021-12-19 14:58:19 - [TEST_STEP][PASSED] - setText(findTestObject("Page_PSTO webMessenger - Zalogowano/input_Mateusz Kowalski_messageInput"), "d"): Text 'd' is set on object 'Object Repository/Page_PSTO webMessenger - Zalogowano/input_Mateusz Kowalski_messageInput'

2021-12-19 14:58:20 - [MESSAGE][PASSED] - Text 'd' is set on object 'Object Repository/Page_PSTO webMessenger - Zalogowano/input_Mateusz Kowalski_messageInput'

2021-12-19 14:58:20 - [TEST_STEP][PASSED] - click(findTestObject("Page_PSTO webMessenger - Zalogowano/img_Mateusz Kowalski_sendButton")): Object: 'Object Repository/Page_PSTO webMessenger - Zalogowano/img_Mateusz Kowalski_sendButton' is clicked on

2021-12-19 14:58:20 - [MESSAGE][PASSED] - Object: 'Object Repository/Page_PSTO webMessenger - Zalogowano/img_Mateusz Kowalski_sendButton' is clicked on

2021-12-19 14:58:20 - [TEST_STEP][PASSED] - setText(findTestObject("Page_PSTO webMessenger - Zalogowano/input_Mateusz Kowalski_messageInput"), "d"): Text 'd' is set on object 'Object Repository/Page_PSTO webMessenger - Zalogowano/input_Mateusz Kowalski_messageInput'

2021-12-19 14:58:21 - [MESSAGE][PASSED] - Text 'd' is set on object 'Object Repository/Page_PSTO webMessenger - Zalogowano/input_Mateusz Kowalski_messageInput'

2021-12-19 14:58:21 - [TEST_STEP][PASSED] - click(findTestObject("Page_PSTO webMessenger - Zalogowano/img_Mateusz Kowalski_sendButton")): Object: 'Object Repository/Page_PSTO webMessenger - Zalogowano/img_Mateusz Kowalski_sendButton' is clicked on

2021-12-19 14:58:22 - [MESSAGE][PASSED] - Object: 'Object Repository/Page_PSTO webMessenger - Zalogowano/img_Mateusz Kowalski_sendButton' is clicked on

2021-12-19 14:58:22 - [TEST_STEP][PASSED] - setText(findTestObject("Page_PSTO webMessenger - Zalogowano/input_Mateusz Kowalski_messageInput"), "d"): Text 'd' is set on object 'Object Repository/Page_PSTO webMessenger - Zalogowano/input_Mateusz Kowalski_messageInput'

2021-12-19 14:58:22 - [MESSAGE][PASSED] - Text 'd' is set on object 'Object Repository/Page_PSTO webMessenger - Zalogowano/input_Mateusz Kowalski_messageInput'

2021-12-19 14:58:22 - [TEST_STEP][PASSED] - click(findTestObject("Page_PSTO webMessenger - Zalogowano/img_Mateusz Kowalski_sendButton")): Object: 'Object Repository/Page_PSTO webMessenger - Zalogowano/img_Mateusz Kowalski_sendButton' is clicked on

2021-12-19 14:58:23 - [MESSAGE][PASSED] - Object: 'Object Repository/Page_PSTO webMessenger - Zalogowano/img_Mateusz Kowalski_sendButton' is clicked on

2021-12-19 14:58:23 - [TEST_STEP][PASSED] - setText(findTestObject("Page_PSTO webMessenger - Zalogowano/input_Mateusz Kowalski_messageInput"), "d"): Text 'd' is set on object 'Object Repository/Page_PSTO webMessenger - Zalogowano/input_Mateusz Kowalski_messageInput'

2021-12-19 14:58:24 - [MESSAGE][PASSED] - Text 'd' is set on object 'Object Repository/Page_PSTO webMessenger - Zalogowano/input_Mateusz Kowalski_messageInput'

2021-12-19 14:58:24 - [TEST_STEP][PASSED] - click(findTestObject("Page_PSTO webMessenger - Zalogowano/img_Mateusz Kowalski_sendButton")): Object: 'Object Repository/Page_PSTO webMessenger - Zalogowano/img_Mateusz Kowalski_sendButton' is clicked on

2021-12-19 14:58:24 - [MESSAGE][PASSED] - Object: 'Object Repository/Page_PSTO webMessenger - Zalogowano/img_Mateusz Kowalski_sendButton' is clicked on

2021-12-19 14:58:24 - [TEST_STEP][PASSED] - setText(findTestObject("Page_PSTO webMessenger - Zalogowano/input_Mateusz Kowalski_messageInput"), "d"): Text 'd' is set on object 'Object Repository/Page_PSTO webMessenger - Zalogowano/input_Mateusz Kowalski_messageInput'

2021-12-19 14:58:25 - [MESSAGE][PASSED] - Text 'd' is set on object 'Object Repository/Page_PSTO webMessenger - Zalogowano/input_Mateusz Kowalski_messageInput'

2021-12-19 14:58:25 - [TEST_STEP][PASSED] - click(findTestObject("Page_PSTO webMessenger - Zalogowano/img_Mateusz Kowalski_sendButton")): Object: 'Object Repository/Page_PSTO webMessenger - Zalogowano/img_Mateusz Kowalski_sendButton' is clicked on

2021-12-19 14:58:26 - [MESSAGE][PASSED] - Object: 'Object Repository/Page_PSTO webMessenger - Zalogowano/img_Mateusz Kowalski_sendButton' is clicked on

2021-12-19 14:58:26 - [TEST_STEP][PASSED] - setText(findTestObject("Page_PSTO webMessenger - Zalogowano/input_Mateusz Kowalski_messageInput"), "d"): Text 'd' is set on object 'Object Repository/Page_PSTO webMessenger - Zalogowano/input_Mateusz Kowalski_messageInput'

2021-12-19 14:58:26 - [MESSAGE][PASSED] - Text 'd' is set on object 'Object Repository/Page_PSTO webMessenger - Zalogowano/input_Mateusz Kowalski_messageInput'

2021-12-19 14:58:26 - [TEST_STEP][PASSED] - click(findTestObject("Page_PSTO webMessenger - Zalogowano/img_Mateusz Kowalski_sendButton")): Object: 'Object Repository/Page_PSTO webMessenger - Zalogowano/img_Mateusz Kowalski_sendButton' is clicked on

2021-12-19 14:58:27 - [MESSAGE][PASSED] - Object: 'Object Repository/Page_PSTO webMessenger - Zalogowano/img_Mateusz Kowalski_sendButton' is clicked on

2021-12-19 14:58:27 - [TEST_STEP][PASSED] - setText(findTestObject("Page_PSTO webMessenger - Zalogowano/input_Mateusz Kowalski_messageInput"), "d"): Text 'd' is set on object 'Object Repository/Page_PSTO webMessenger - Zalogowano/input_Mateusz Kowalski_messageInput'

2021-12-19 14:58:28 - [MESSAGE][PASSED] - Text 'd' is set on object 'Object Repository/Page_PSTO webMessenger - Zalogowano/input_Mateusz Kowalski_messageInput'

2021-12-19 14:58:28 - [TEST_STEP][PASSED] - click(findTestObject("Page_PSTO webMessenger - Zalogowano/img_Mateusz Kowalski_sendButton")): Object: 'Object Repository/Page_PSTO webMessenger - Zalogowano/img_Mateusz Kowalski_sendButton' is clicked on

2021-12-19 14:58:29 - [MESSAGE][PASSED] - Object: 'Object Repository/Page_PSTO webMessenger - Zalogowano/img_Mateusz Kowalski_sendButton' is clicked on

2021-12-19 14:58:29 - [TEST_STEP][PASSED] - setText(findTestObject("Page_PSTO webMessenger - Zalogowano/input_Mateusz Kowalski_messageInput"), "d"): Text 'd' is set on object 'Object Repository/Page_PSTO webMessenger - Zalogowano/input_Mateusz Kowalski_messageInput'

2021-12-19 14:58:29 - [MESSAGE][PASSED] - Text 'd' is set on object 'Object Repository/Page_PSTO webMessenger - Zalogowano/input_Mateusz Kowalski_messageInput'

2021-12-19 14:58:29 - [TEST_STEP][PASSED] - click(findTestObject("Page_PSTO webMessenger - Zalogowano/img_Mateusz Kowalski_sendButton")): Object: 'Object Repository/Page_PSTO webMessenger - Zalogowano/img_Mateusz Kowalski_sendButton' is clicked on

2021-12-19 14:58:30 - [MESSAGE][PASSED] - Object: 'Object Repository/Page_PSTO webMessenger - Zalogowano/img_Mateusz Kowalski_sendButton' is clicked on

2021-12-19 14:58:30 - [TEST_STEP][PASSED] - setText(findTestObject("Page_PSTO webMessenger - Zalogowano/input_Mateusz Kowalski_messageInput"), "d"): Text 'd' is set on object 'Object Repository/Page_PSTO webMessenger - Zalogowano/input_Mateusz Kowalski_messageInput'

2021-12-19 14:58:31 - [MESSAGE][PASSED] - Text 'd' is set on object 'Object Repository/Page_PSTO webMessenger - Zalogowano/input_Mateusz Kowalski_messageInput'

2021-12-19 14:58:31 - [TEST_STEP][PASSED] - click(findTestObject("Page_PSTO webMessenger - Zalogowano/img_Mateusz Kowalski_sendButton")): Object: 'Object Repository/Page_PSTO webMessenger - Zalogowano/img_Mateusz Kowalski_sendButton' is clicked on

2021-12-19 14:58:31 - [MESSAGE][PASSED] - Object: 'Object Repository/Page_PSTO webMessenger - Zalogowano/img_Mateusz Kowalski_sendButton' is clicked on

2021-12-19 14:58:31 - [TEST_STEP][PASSED] - setText(findTestObject("Page_PSTO webMessenger - Zalogowano/input_Mateusz Kowalski_messageInput"), "d"): Text 'd' is set on object 'Object Repository/Page_PSTO webMessenger - Zalogowano/input_Mateusz Kowalski_messageInput'

2021-12-19 14:58:32 - [MESSAGE][PASSED] - Text 'd' is set on object 'Object Repository/Page_PSTO webMessenger - Zalogowano/input_Mateusz Kowalski_messageInput'

2021-12-19 14:58:32 - [TEST_STEP][PASSED] - click(findTestObject("Page_PSTO webMessenger - Zalogowano/img_Mateusz Kowalski_sendButton")): Object: 'Object Repository/Page_PSTO webMessenger - Zalogowano/img_Mateusz Kowalski_sendButton' is clicked on

2021-12-19 14:58:33 - [MESSAGE][PASSED] - Object: 'Object Repository/Page_PSTO webMessenger - Zalogowano/img_Mateusz Kowalski_sendButton' is clicked on

2021-12-19 14:58:33 - [TEST_STEP][PASSED] - setText(findTestObject("Page_PSTO webMessenger - Zalogowano/input_Mateusz Kowalski_messageInput"), "d"): Text 'd' is set on object 'Object Repository/Page_PSTO webMessenger - Zalogowano/input_Mateusz Kowalski_messageInput'

2021-12-19 14:58:34 - [MESSAGE][PASSED] - Text 'd' is set on object 'Object Repository/Page_PSTO webMessenger - Zalogowano/input_Mateusz Kowalski_messageInput'

2021-12-19 14:58:34 - [TEST_STEP][PASSED] - click(findTestObject("Page_PSTO webMessenger - Zalogowano/img_Mateusz Kowalski_sendButton")): Object: 'Object Repository/Page_PSTO webMessenger - Zalogowano/img_Mateusz Kowalski_sendButton' is clicked on

2021-12-19 14:58:34 - [MESSAGE][PASSED] - Object: 'Object Repository/Page_PSTO webMessenger - Zalogowano/img_Mateusz Kowalski_sendButton' is clicked on

2021-12-19 14:58:34 - [TEST_STEP][PASSED] - setText(findTestObject("Page_PSTO webMessenger - Zalogowano/input_Mateusz Kowalski_messageInput"), "d"): Text 'd' is set on object 'Object Repository/Page_PSTO webMessenger - Zalogowano/input_Mateusz Kowalski_messageInput'

2021-12-19 14:58:35 - [MESSAGE][PASSED] - Text 'd' is set on object 'Object Repository/Page_PSTO webMessenger - Zalogowano/input_Mateusz Kowalski_messageInput'

2021-12-19 14:58:35 - [TEST_STEP][PASSED] - click(findTestObject("Page_PSTO webMessenger - Zalogowano/img_Mateusz Kowalski_sendButton")): Object: 'Object Repository/Page_PSTO webMessenger - Zalogowano/img_Mateusz Kowalski_sendButton' is clicked on

2021-12-19 14:58:36 - [MESSAGE][PASSED] - Object: 'Object Repository/Page_PSTO webMessenger - Zalogowano/img_Mateusz Kowalski_sendButton' is clicked on

2021-12-19 14:58:36 - [TEST_STEP][PASSED] - setText(findTestObject("Page_PSTO webMessenger - Zalogowano/input_Mateusz Kowalski_messageInput"), "d"): Text 'd' is set on object 'Object Repository/Page_PSTO webMessenger - Zalogowano/input_Mateusz Kowalski_messageInput'

2021-12-19 14:58:36 - [MESSAGE][PASSED] - Text 'd' is set on object 'Object Repository/Page_PSTO webMessenger - Zalogowano/input_Mateusz Kowalski_messageInput'

2021-12-19 14:58:36 - [TEST_STEP][PASSED] - click(findTestObject("Page_PSTO webMessenger - Zalogowano/img_Mateusz Kowalski_sendButton")): Object: 'Object Repository/Page_PSTO webMessenger - Zalogowano/img_Mateusz Kowalski_sendButton' is clicked on

2021-12-19 14:58:37 - [MESSAGE][PASSED] - Object: 'Object Repository/Page_PSTO webMessenger - Zalogowano/img_Mateusz Kowalski_sendButton' is clicked on

2021-12-19 14:58:37 - [TEST_STEP][PASSED] - setText(findTestObject("Page_PSTO webMessenger - Zalogowano/input_Mateusz Kowalski_messageInput"), "d"): Text 'd' is set on object 'Object Repository/Page_PSTO webMessenger - Zalogowano/input_Mateusz Kowalski_messageInput'

2021-12-19 14:58:38 - [MESSAGE][PASSED] - Text 'd' is set on object 'Object Repository/Page_PSTO webMessenger - Zalogowano/input_Mateusz Kowalski_messageInput'

2021-12-19 14:58:38 - [TEST_STEP][PASSED] - click(findTestObject("Page_PSTO webMessenger - Zalogowano/img_Mateusz Kowalski_sendButton")): Object: 'Object Repository/Page_PSTO webMessenger - Zalogowano/img_Mateusz Kowalski_sendButton' is clicked on

2021-12-19 14:58:39 - [MESSAGE][PASSED] - Object: 'Object Repository/Page_PSTO webMessenger - Zalogowano/img_Mateusz Kowalski_sendButton' is clicked on

2021-12-19 14:58:39 - [TEST_STEP][PASSED] - setText(findTestObject("Page_PSTO webMessenger - Zalogowano/input_Mateusz Kowalski_messageInput"), "d"): Text 'd' is set on object 'Object Repository/Page_PSTO webMessenger - Zalogowano/input_Mateusz Kowalski_messageInput'

2021-12-19 14:58:40 - [MESSAGE][PASSED] - Text 'd' is set on object 'Object Repository/Page_PSTO webMessenger - Zalogowano/input_Mateusz Kowalski_messageInput'

2021-12-19 14:58:40 - [TEST_STEP][PASSED] - click(findTestObject("Page_PSTO webMessenger - Zalogowano/img_Mateusz Kowalski_sendButton")): Object: 'Object Repository/Page_PSTO webMessenger - Zalogowano/img_Mateusz Kowalski_sendButton' is clicked on

2021-12-19 14:58:40 - [MESSAGE][PASSED] - Object: 'Object Repository/Page_PSTO webMessenger - Zalogowano/img_Mateusz Kowalski_sendButton' is clicked on

2021-12-19 14:58:40 - [TEST_STEP][PASSED] - setText(findTestObject("Page_PSTO webMessenger - Zalogowano/input_Mateusz Kowalski_messageInput"), "d"): Text 'd' is set on object 'Object Repository/Page_PSTO webMessenger - Zalogowano/input_Mateusz Kowalski_messageInput'

2021-12-19 14:58:41 - [MESSAGE][PASSED] - Text 'd' is set on object 'Object Repository/Page_PSTO webMessenger - Zalogowano/input_Mateusz Kowalski_messageInput'

2021-12-19 14:58:41 - [TEST_STEP][PASSED] - click(findTestObject("Page_PSTO webMessenger - Zalogowano/img_Mateusz Kowalski_sendButton")): Object: 'Object Repository/Page_PSTO webMessenger - Zalogowano/img_Mateusz Kowalski_sendButton' is clicked on

2021-12-19 14:58:41 - [MESSAGE][PASSED] - Object: 'Object Repository/Page_PSTO webMessenger - Zalogowano/img_Mateusz Kowalski_sendButton' is clicked on

2021-12-19 14:58:41 - [TEST_STEP][PASSED] - setText(findTestObject("Page_PSTO webMessenger - Zalogowano/input_Mateusz Kowalski_messageInput"), "d"): Text 'd' is set on object 'Object Repository/Page_PSTO webMessenger - Zalogowano/input_Mateusz Kowalski_messageInput'

2021-12-19 14:58:42 - [MESSAGE][PASSED] - Text 'd' is set on object 'Object Repository/Page_PSTO webMessenger - Zalogowano/input_Mateusz Kowalski_messageInput'

2021-12-19 14:58:42 - [TEST_STEP][PASSED] - click(findTestObject("Page_PSTO webMessenger - Zalogowano/img_Mateusz Kowalski_sendButton")): Object: 'Object Repository/Page_PSTO webMessenger - Zalogowano/img_Mateusz Kowalski_sendButton' is clicked on

2021-12-19 14:58:43 - [MESSAGE][PASSED] - Object: 'Object Repository/Page_PSTO webMessenger - Zalogowano/img_Mateusz Kowalski_sendButton' is clicked on

2021-12-19 14:58:43 - [TEST_STEP][PASSED] - setText(findTestObject("Page_PSTO webMessenger - Zalogowano/input_Mateusz Kowalski_messageInput"), "d"): Text 'd' is set on object 'Object Repository/Page_PSTO webMessenger - Zalogowano/input_Mateusz Kowalski_messageInput'

2021-12-19 14:58:44 - [MESSAGE][PASSED] - Text 'd' is set on object 'Object Repository/Page_PSTO webMessenger - Zalogowano/input_Mateusz Kowalski_messageInput'

2021-12-19 14:58:44 - [TEST_STEP][PASSED] - click(findTestObject("Page_PSTO webMessenger - Zalogowano/img_Mateusz Kowalski_sendButton")): Object: 'Object Repository/Page_PSTO webMessenger - Zalogowano/img_Mateusz Kowalski_sendButton' is clicked on

2021-12-19 14:58:44 - [MESSAGE][PASSED] - Object: 'Object Repository/Page_PSTO webMessenger - Zalogowano/img_Mateusz Kowalski_sendButton' is clicked on

2021-12-19 14:58:44 - [TEST_STEP][PASSED] - setText(findTestObject("Page_PSTO webMessenger - Zalogowano/input_Mateusz Kowalski_messageInput"), "d"): Text 'd' is set on object 'Object Repository/Page_PSTO webMessenger - Zalogowano/input_Mateusz Kowalski_messageInput'

2021-12-19 14:58:45 - [MESSAGE][PASSED] - Text 'd' is set on object 'Object Repository/Page_PSTO webMessenger - Zalogowano/input_Mateusz Kowalski_messageInput'

2021-12-19 14:58:45 - [TEST_STEP][PASSED] - click(findTestObject("Page_PSTO webMessenger - Zalogowano/img_Mateusz Kowalski_sendButton")): Object: 'Object Repository/Page_PSTO webMessenger - Zalogowano/img_Mateusz Kowalski_sendButton' is clicked on

2021-12-19 14:58:46 - [MESSAGE][PASSED] - Object: 'Object Repository/Page_PSTO webMessenger - Zalogowano/img_Mateusz Kowalski_sendButton' is clicked on

2021-12-19 14:58:46 - [TEST_STEP][PASSED] - setText(findTestObject("Page_PSTO webMessenger - Zalogowano/input_Mateusz Kowalski_messageInput"), "d"): Text 'd' is set on object 'Object Repository/Page_PSTO webMessenger - Zalogowano/input_Mateusz Kowalski_messageInput'

2021-12-19 14:58:46 - [MESSAGE][PASSED] - Text 'd' is set on object 'Object Repository/Page_PSTO webMessenger - Zalogowano/input_Mateusz Kowalski_messageInput'

2021-12-19 14:58:46 - [TEST_STEP][PASSED] - click(findTestObject("Page_PSTO webMessenger - Zalogowano/img_Mateusz Kowalski_sendButton")): Object: 'Object Repository/Page_PSTO webMessenger - Zalogowano/img_Mateusz Kowalski_sendButton' is clicked on

2021-12-19 14:58:47 - [MESSAGE][PASSED] - Object: 'Object Repository/Page_PSTO webMessenger - Zalogowano/img_Mateusz Kowalski_sendButton' is clicked on

2021-12-19 14:58:47 - [TEST_STEP][PASSED] - setText(findTestObject("Page_PSTO webMessenger - Zalogowano/input_Mateusz Kowalski_messageInput"), "d"): Text 'd' is set on object 'Object Repository/Page_PSTO webMessenger - Zalogowano/input_Mateusz Kowalski_messageInput'

2021-12-19 14:58:48 - [MESSAGE][PASSED] - Text 'd' is set on object 'Object Repository/Page_PSTO webMessenger - Zalogowano/input_Mateusz Kowalski_messageInput'

2021-12-19 14:58:48 - [TEST_STEP][PASSED] - click(findTestObject("Page_PSTO webMessenger - Zalogowano/img_Mateusz Kowalski_sendButton")): Object: 'Object Repository/Page_PSTO webMessenger - Zalogowano/img_Mateusz Kowalski_sendButton' is clicked on

2021-12-19 14:58:49 - [MESSAGE][PASSED] - Object: 'Object Repository/Page_PSTO webMessenger - Zalogowano/img_Mateusz Kowalski_sendButton' is clicked on

2021-12-19 14:58:49 - [TEST_STEP][PASSED] - setText(findTestObject("Page_PSTO webMessenger - Zalogowano/input_Mateusz Kowalski_messageInput"), "d"): Text 'd' is set on object 'Object Repository/Page_PSTO webMessenger - Zalogowano/input_Mateusz Kowalski_messageInput'

2021-12-19 14:58:49 - [MESSAGE][PASSED] - Text 'd' is set on object 'Object Repository/Page_PSTO webMessenger - Zalogowano/input_Mateusz Kowalski_messageInput'

2021-12-19 14:58:49 - [TEST_STEP][PASSED] - click(findTestObject("Page_PSTO webMessenger - Zalogowano/img_Mateusz Kowalski_sendButton")): Object: 'Object Repository/Page_PSTO webMessenger - Zalogowano/img_Mateusz Kowalski_sendButton' is clicked on

2021-12-19 14:58:50 - [MESSAGE][PASSED] - Object: 'Object Repository/Page_PSTO webMessenger - Zalogowano/img_Mateusz Kowalski_sendButton' is clicked on

2021-12-19 14:58:50 - [TEST_STEP][PASSED] - setText(findTestObject("Page_PSTO webMessenger - Zalogowano/input_Mateusz Kowalski_messageInput"), "d"): Text 'd' is set on object 'Object Repository/Page_PSTO webMessenger - Zalogowano/input_Mateusz Kowalski_messageInput'

2021-12-19 14:58:51 - [MESSAGE][PASSED] - Text 'd' is set on object 'Object Repository/Page_PSTO webMessenger - Zalogowano/input_Mateusz Kowalski_messageInput'

2021-12-19 14:58:51 - [TEST_STEP][PASSED] - click(findTestObject("Page_PSTO webMessenger - Zalogowano/img_Mateusz Kowalski_sendButton")): Object: 'Object Repository/Page_PSTO webMessenger - Zalogowano/img_Mateusz Kowalski_sendButton' is clicked on

2021-12-19 14:58:51 - [MESSAGE][PASSED] - Object: 'Object Repository/Page_PSTO webMessenger - Zalogowano/img_Mateusz Kowalski_sendButton' is clicked on

2021-12-19 14:58:51 - [TEST_STEP][PASSED] - setText(findTestObject("Page_PSTO webMessenger - Zalogowano/input_Mateusz Kowalski_messageInput"), "d"): Text 'd' is set on object 'Object Repository/Page_PSTO webMessenger - Zalogowano/input_Mateusz Kowalski_messageInput'

2021-12-19 14:58:52 - [MESSAGE][PASSED] - Text 'd' is set on object 'Object Repository/Page_PSTO webMessenger - Zalogowano/input_Mateusz Kowalski_messageInput'

2021-12-19 14:58:52 - [TEST_STEP][PASSED] - click(findTestObject("Page_PSTO webMessenger - Zalogowano/img_Mateusz Kowalski_sendButton")): Object: 'Object Repository/Page_PSTO webMessenger - Zalogowano/img_Mateusz Kowalski_sendButton' is clicked on

2021-12-19 14:58:53 - [MESSAGE][PASSED] - Object: 'Object Repository/Page_PSTO webMessenger - Zalogowano/img_Mateusz Kowalski_sendButton' is clicked on

2021-12-19 14:58:53 - [TEST_STEP][PASSED] - setText(findTestObject("Page_PSTO webMessenger - Zalogowano/input_Mateusz Kowalski_messageInput"), "d"): Text 'd' is set on object 'Object Repository/Page_PSTO webMessenger - Zalogowano/input_Mateusz Kowalski_messageInput'

2021-12-19 14:58:54 - [MESSAGE][PASSED] - Text 'd' is set on object 'Object Repository/Page_PSTO webMessenger - Zalogowano/input_Mateusz Kowalski_messageInput'

2021-12-19 14:58:54 - [TEST_STEP][PASSED] - click(findTestObject("Page_PSTO webMessenger - Zalogowano/img_Mateusz Kowalski_sendButton")): Object: 'Object Repository/Page_PSTO webMessenger - Zalogowano/img_Mateusz Kowalski_sendButton' is clicked on

2021-12-19 14:58:54 - [MESSAGE][PASSED] - Object: 'Object Repository/Page_PSTO webMessenger - Zalogowano/img_Mateusz Kowalski_sendButton' is clicked on

2021-12-19 14:58:54 - [TEST_STEP][PASSED] - setText(findTestObject("Page_PSTO webMessenger - Zalogowano/input_Mateusz Kowalski_messageInput"), "d"): Text 'd' is set on object 'Object Repository/Page_PSTO webMessenger - Zalogowano/input_Mateusz Kowalski_messageInput'

2021-12-19 14:58:55 - [MESSAGE][PASSED] - Text 'd' is set on object 'Object Repository/Page_PSTO webMessenger - Zalogowano/input_Mateusz Kowalski_messageInput'

2021-12-19 14:58:55 - [TEST_STEP][PASSED] - click(findTestObject("Page_PSTO webMessenger - Zalogowano/img_Mateusz Kowalski_sendButton")): Object: 'Object Repository/Page_PSTO webMessenger - Zalogowano/img_Mateusz Kowalski_sendButton' is clicked on

2021-12-19 14:58:56 - [MESSAGE][PASSED] - Object: 'Object Repository/Page_PSTO webMessenger - Zalogowano/img_Mateusz Kowalski_sendButton' is clicked on

2021-12-19 14:58:56 - [TEST_STEP][PASSED] - setText(findTestObject("Page_PSTO webMessenger - Zalogowano/input_Mateusz Kowalski_messageInput"), "d"): Text 'd' is set on object 'Object Repository/Page_PSTO webMessenger - Zalogowano/input_Mateusz Kowalski_messageInput'

2021-12-19 14:58:56 - [MESSAGE][PASSED] - Text 'd' is set on object 'Object Repository/Page_PSTO webMessenger - Zalogowano/input_Mateusz Kowalski_messageInput'

2021-12-19 14:58:56 - [TEST_STEP][PASSED] - click(findTestObject("Page_PSTO webMessenger - Zalogowano/img_Mateusz Kowalski_sendButton")): Object: 'Object Repository/Page_PSTO webMessenger - Zalogowano/img_Mateusz Kowalski_sendButton' is clicked on

2021-12-19 14:58:57 - [MESSAGE][PASSED] - Object: 'Object Repository/Page_PSTO webMessenger - Zalogowano/img_Mateusz Kowalski_sendButton' is clicked on

2021-12-19 14:58:57 - [TEST_STEP][PASSED] - setText(findTestObject("Page_PSTO webMessenger - Zalogowano/input_Mateusz Kowalski_messageInput"), "d"): Text 'd' is set on object 'Object Repository/Page_PSTO webMessenger - Zalogowano/input_Mateusz Kowalski_messageInput'

2021-12-19 14:58:58 - [MESSAGE][PASSED] - Text 'd' is set on object 'Object Repository/Page_PSTO webMessenger - Zalogowano/input_Mateusz Kowalski_messageInput'

2021-12-19 14:58:58 - [TEST_STEP][PASSED] - click(findTestObject("Page_PSTO webMessenger - Zalogowano/img_Mateusz Kowalski_sendButton")): Object: 'Object Repository/Page_PSTO webMessenger - Zalogowano/img_Mateusz Kowalski_sendButton' is clicked on

2021-12-19 14:58:59 - [MESSAGE][PASSED] - Object: 'Object Repository/Page_PSTO webMessenger - Zalogowano/img_Mateusz Kowalski_sendButton' is clicked on

2021-12-19 14:58:59 - [TEST_STEP][PASSED] - setText(findTestObject("Page_PSTO webMessenger - Zalogowano/input_Mateusz Kowalski_messageInput"), "d"): Text 'd' is set on object 'Object Repository/Page_PSTO webMessenger - Zalogowano/input_Mateusz Kowalski_messageInput'

2021-12-19 14:59:00 - [MESSAGE][PASSED] - Text 'd' is set on object 'Object Repository/Page_PSTO webMessenger - Zalogowano/input_Mateusz Kowalski_messageInput'

2021-12-19 14:59:00 - [TEST_STEP][PASSED] - click(findTestObject("Page_PSTO webMessenger - Zalogowano/img_Mateusz Kowalski_sendButton")): Object: 'Object Repository/Page_PSTO webMessenger - Zalogowano/img_Mateusz Kowalski_sendButton' is clicked on

2021-12-19 14:59:00 - [MESSAGE][PASSED] - Object: 'Object Repository/Page_PSTO webMessenger - Zalogowano/img_Mateusz Kowalski_sendButton' is clicked on

2021-12-19 14:59:00 - [TEST_STEP][PASSED] - setText(findTestObject("Page_PSTO webMessenger - Zalogowano/input_Mateusz Kowalski_messageInput"), "d"): Text 'd' is set on object 'Object Repository/Page_PSTO webMessenger - Zalogowano/input_Mateusz Kowalski_messageInput'

2021-12-19 14:59:01 - [MESSAGE][PASSED] - Text 'd' is set on object 'Object Repository/Page_PSTO webMessenger - Zalogowano/input_Mateusz Kowalski_messageInput'

2021-12-19 14:59:01 - [TEST_STEP][PASSED] - click(findTestObject("Page_PSTO webMessenger - Zalogowano/img_Mateusz Kowalski_sendButton")): Object: 'Object Repository/Page_PSTO webMessenger - Zalogowano/img_Mateusz Kowalski_sendButton' is clicked on

2021-12-19 14:59:02 - [MESSAGE][PASSED] - Object: 'Object Repository/Page_PSTO webMessenger - Zalogowano/img_Mateusz Kowalski_sendButton' is clicked on

2021-12-19 14:59:02 - [TEST_STEP][PASSED] - setText(findTestObject("Page_PSTO webMessenger - Zalogowano/input_Mateusz Kowalski_messageInput"), "d"): Text 'd' is set on object 'Object Repository/Page_PSTO webMessenger - Zalogowano/input_Mateusz Kowalski_messageInput'

2021-12-19 14:59:02 - [MESSAGE][PASSED] - Text 'd' is set on object 'Object Repository/Page_PSTO webMessenger - Zalogowano/input_Mateusz Kowalski_messageInput'

2021-12-19 14:59:02 - [TEST_STEP][PASSED] - click(findTestObject("Page_PSTO webMessenger - Zalogowano/img_Mateusz Kowalski_sendButton")): Object: 'Object Repository/Page_PSTO webMessenger - Zalogowano/img_Mateusz Kowalski_sendButton' is clicked on

2021-12-19 14:59:03 - [MESSAGE][PASSED] - Object: 'Object Repository/Page_PSTO webMessenger - Zalogowano/img_Mateusz Kowalski_sendButton' is clicked on

2021-12-19 14:59:03 - [TEST_STEP][PASSED] - setText(findTestObject("Page_PSTO webMessenger - Zalogowano/input_Mateusz Kowalski_messageInput"), "d"): Text 'd' is set on object 'Object Repository/Page_PSTO webMessenger - Zalogowano/input_Mateusz Kowalski_messageInput'

2021-12-19 14:59:04 - [MESSAGE][PASSED] - Text 'd' is set on object 'Object Repository/Page_PSTO webMessenger - Zalogowano/input_Mateusz Kowalski_messageInput'

2021-12-19 14:59:04 - [TEST_STEP][PASSED] - click(findTestObject("Page_PSTO webMessenger - Zalogowano/img_Mateusz Kowalski_sendButton")): Object: 'Object Repository/Page_PSTO webMessenger - Zalogowano/img_Mateusz Kowalski_sendButton' is clicked on

2021-12-19 14:59:05 - [MESSAGE][PASSED] - Object: 'Object Repository/Page_PSTO webMessenger - Zalogowano/img_Mateusz Kowalski_sendButton' is clicked on

2021-12-19 14:59:05 - [TEST_STEP][PASSED] - setText(findTestObject("Page_PSTO webMessenger - Zalogowano/input_Mateusz Kowalski_messageInput"), "d"): Text 'd' is set on object 'Object Repository/Page_PSTO webMessenger - Zalogowano/input_Mateusz Kowalski_messageInput'

2021-12-19 14:59:05 - [MESSAGE][PASSED] - Text 'd' is set on object 'Object Repository/Page_PSTO webMessenger - Zalogowano/input_Mateusz Kowalski_messageInput'

2021-12-19 14:59:05 - [TEST_STEP][PASSED] - click(findTestObject("Page_PSTO webMessenger - Zalogowano/img_Mateusz Kowalski_sendButton")): Object: 'Object Repository/Page_PSTO webMessenger - Zalogowano/img_Mateusz Kowalski_sendButton' is clicked on

2021-12-19 14:59:06 - [MESSAGE][PASSED] - Object: 'Object Repository/Page_PSTO webMessenger - Zalogowano/img_Mateusz Kowalski_sendButton' is clicked on

2021-12-19 14:59:06 - [TEST_STEP][PASSED] - setText(findTestObject("Page_PSTO webMessenger - Zalogowano/input_Mateusz Kowalski_messageInput"), "d"): Text 'd' is set on object 'Object Repository/Page_PSTO webMessenger - Zalogowano/input_Mateusz Kowalski_messageInput'

2021-12-19 14:59:07 - [MESSAGE][PASSED] - Text 'd' is set on object 'Object Repository/Page_PSTO webMessenger - Zalogowano/input_Mateusz Kowalski_messageInput'

2021-12-19 14:59:07 - [TEST_STEP][PASSED] - click(findTestObject("Page_PSTO webMessenger - Zalogowano/img_Mateusz Kowalski_sendButton")): Object: 'Object Repository/Page_PSTO webMessenger - Zalogowano/img_Mateusz Kowalski_sendButton' is clicked on

2021-12-19 14:59:07 - [MESSAGE][PASSED] - Object: 'Object Repository/Page_PSTO webMessenger - Zalogowano/img_Mateusz Kowalski_sendButton' is clicked on

2021-12-19 14:59:07 - [TEST_STEP][PASSED] - setText(findTestObject("Page_PSTO webMessenger - Zalogowano/input_Mateusz Kowalski_messageInput"), "d"): Text 'd' is set on object 'Object Repository/Page_PSTO webMessenger - Zalogowano/input_Mateusz Kowalski_messageInput'

2021-12-19 14:59:08 - [MESSAGE][PASSED] - Text 'd' is set on object 'Object Repository/Page_PSTO webMessenger - Zalogowano/input_Mateusz Kowalski_messageInput'

2021-12-19 14:59:08 - [TEST_STEP][PASSED] - click(findTestObject("Page_PSTO webMessenger - Zalogowano/img_Mateusz Kowalski_sendButton")): Object: 'Object Repository/Page_PSTO webMessenger - Zalogowano/img_Mateusz Kowalski_sendButton' is clicked on

2021-12-19 14:59:09 - [MESSAGE][PASSED] - Object: 'Object Repository/Page_PSTO webMessenger - Zalogowano/img_Mateusz Kowalski_sendButton' is clicked on

2021-12-19 14:59:09 - [TEST_STEP][PASSED] - setText(findTestObject("Page_PSTO webMessenger - Zalogowano/input_Mateusz Kowalski_messageInput"), "d"): Text 'd' is set on object 'Object Repository/Page_PSTO webMessenger - Zalogowano/input_Mateusz Kowalski_messageInput'

2021-12-19 14:59:10 - [MESSAGE][PASSED] - Text 'd' is set on object 'Object Repository/Page_PSTO webMessenger - Zalogowano/input_Mateusz Kowalski_messageInput'

2021-12-19 14:59:10 - [TEST_STEP][PASSED] - click(findTestObject("Page_PSTO webMessenger - Zalogowano/img_Mateusz Kowalski_sendButton")): Object: 'Object Repository/Page_PSTO webMessenger - Zalogowano/img_Mateusz Kowalski_sendButton' is clicked on

2021-12-19 14:59:10 - [MESSAGE][PASSED] - Object: 'Object Repository/Page_PSTO webMessenger - Zalogowano/img_Mateusz Kowalski_sendButton' is clicked on

2021-12-19 14:59:10 - [TEST_STEP][PASSED] - setText(findTestObject("Page_PSTO webMessenger - Zalogowano/input_Mateusz Kowalski_messageInput"), "d"): Text 'd' is set on object 'Object Repository/Page_PSTO webMessenger - Zalogowano/input_Mateusz Kowalski_messageInput'

2021-12-19 14:59:11 - [MESSAGE][PASSED] - Text 'd' is set on object 'Object Repository/Page_PSTO webMessenger - Zalogowano/input_Mateusz Kowalski_messageInput'

2021-12-19 14:59:11 - [TEST_STEP][PASSED] - click(findTestObject("Page_PSTO webMessenger - Zalogowano/img_Mateusz Kowalski_sendButton")): Object: 'Object Repository/Page_PSTO webMessenger - Zalogowano/img_Mateusz Kowalski_sendButton' is clicked on

2021-12-19 14:59:11 - [MESSAGE][PASSED] - Object: 'Object Repository/Page_PSTO webMessenger - Zalogowano/img_Mateusz Kowalski_sendButton' is clicked on

2021-12-19 14:59:11 - [TEST_STEP][PASSED] - setText(findTestObject("Page_PSTO webMessenger - Zalogowano/input_Mateusz Kowalski_messageInput"), "d"): Text 'd' is set on object 'Object Repository/Page_PSTO webMessenger - Zalogowano/input_Mateusz Kowalski_messageInput'

2021-12-19 14:59:12 - [MESSAGE][PASSED] - Text 'd' is set on object 'Object Repository/Page_PSTO webMessenger - Zalogowano/input_Mateusz Kowalski_messageInput'

2021-12-19 14:59:12 - [TEST_STEP][PASSED] - click(findTestObject("Page_PSTO webMessenger - Zalogowano/img_Mateusz Kowalski_sendButton")): Object: 'Object Repository/Page_PSTO webMessenger - Zalogowano/img_Mateusz Kowalski_sendButton' is clicked on

2021-12-19 14:59:13 - [MESSAGE][PASSED] - Object: 'Object Repository/Page_PSTO webMessenger - Zalogowano/img_Mateusz Kowalski_sendButton' is clicked on

2021-12-19 14:59:13 - [TEST_STEP][PASSED] - setText(findTestObject("Page_PSTO webMessenger - Zalogowano/input_Mateusz Kowalski_messageInput"), "d"): Text 'd' is set on object 'Object Repository/Page_PSTO webMessenger - Zalogowano/input_Mateusz Kowalski_messageInput'

2021-12-19 14:59:14 - [MESSAGE][PASSED] - Text 'd' is set on object 'Object Repository/Page_PSTO webMessenger - Zalogowano/input_Mateusz Kowalski_messageInput'

2021-12-19 14:59:14 - [TEST_STEP][PASSED] - click(findTestObject("Page_PSTO webMessenger - Zalogowano/img_Mateusz Kowalski_sendButton")): Object: 'Object Repository/Page_PSTO webMessenger - Zalogowano/img_Mateusz Kowalski_sendButton' is clicked on

2021-12-19 14:59:15 - [MESSAGE][PASSED] - Object: 'Object Repository/Page_PSTO webMessenger - Zalogowano/img_Mateusz Kowalski_sendButton' is clicked on

2021-12-19 14:59:15 - [TEST_STEP][PASSED] - setText(findTestObject("Page_PSTO webMessenger - Zalogowano/input_Mateusz Kowalski_messageInput"), "d"): Text 'd' is set on object 'Object Repository/Page_PSTO webMessenger - Zalogowano/input_Mateusz Kowalski_messageInput'

2021-12-19 14:59:15 - [MESSAGE][PASSED] - Text 'd' is set on object 'Object Repository/Page_PSTO webMessenger - Zalogowano/input_Mateusz Kowalski_messageInput'

2021-12-19 14:59:15 - [TEST_STEP][PASSED] - click(findTestObject("Page_PSTO webMessenger - Zalogowano/img_Mateusz Kowalski_sendButton")): Object: 'Object Repository/Page_PSTO webMessenger - Zalogowano/img_Mateusz Kowalski_sendButton' is clicked on

2021-12-19 14:59:16 - [MESSAGE][PASSED] - Object: 'Object Repository/Page_PSTO webMessenger - Zalogowano/img_Mateusz Kowalski_sendButton' is clicked on

2021-12-19 14:59:16 - [TEST_STEP][PASSED] - setText(findTestObject("Page_PSTO webMessenger - Zalogowano/input_Mateusz Kowalski_messageInput"), "d"): Text 'd' is set on object 'Object Repository/Page_PSTO webMessenger - Zalogowano/input_Mateusz Kowalski_messageInput'

2021-12-19 14:59:16 - [MESSAGE][PASSED] - Text 'd' is set on object 'Object Repository/Page_PSTO webMessenger - Zalogowano/input_Mateusz Kowalski_messageInput'

2021-12-19 14:59:16 - [TEST_STEP][PASSED] - click(findTestObject("Page_PSTO webMessenger - Zalogowano/img_Mateusz Kowalski_sendButton")): Object: 'Object Repository/Page_PSTO webMessenger - Zalogowano/img_Mateusz Kowalski_sendButton' is clicked on

2021-12-19 14:59:17 - [MESSAGE][PASSED] - Object: 'Object Repository/Page_PSTO webMessenger - Zalogowano/img_Mateusz Kowalski_sendButton' is clicked on

2021-12-19 14:59:17 - [TEST_STEP][PASSED] - setText(findTestObject("Page_PSTO webMessenger - Zalogowano/input_Mateusz Kowalski_messageInput"), "d"): Text 'd' is set on object 'Object Repository/Page_PSTO webMessenger - Zalogowano/input_Mateusz Kowalski_messageInput'

2021-12-19 14:59:18 - [MESSAGE][PASSED] - Text 'd' is set on object 'Object Repository/Page_PSTO webMessenger - Zalogowano/input_Mateusz Kowalski_messageInput'

2021-12-19 14:59:18 - [TEST_STEP][PASSED] - click(findTestObject("Page_PSTO webMessenger - Zalogowano/img_Mateusz Kowalski_sendButton")): Object: 'Object Repository/Page_PSTO webMessenger - Zalogowano/img_Mateusz Kowalski_sendButton' is clicked on

2021-12-19 14:59:19 - [MESSAGE][PASSED] - Object: 'Object Repository/Page_PSTO webMessenger - Zalogowano/img_Mateusz Kowalski_sendButton' is clicked on

2021-12-19 14:59:19 - [TEST_STEP][PASSED] - setText(findTestObject("Page_PSTO webMessenger - Zalogowano/input_Mateusz Kowalski_messageInput"), "d"): Text 'd' is set on object 'Object Repository/Page_PSTO webMessenger - Zalogowano/input_Mateusz Kowalski_messageInput'

2021-12-19 14:59:20 - [MESSAGE][PASSED] - Text 'd' is set on object 'Object Repository/Page_PSTO webMessenger - Zalogowano/input_Mateusz Kowalski_messageInput'

2021-12-19 14:59:20 - [TEST_STEP][PASSED] - click(findTestObject("Page_PSTO webMessenger - Zalogowano/img_Mateusz Kowalski_sendButton")): Object: 'Object Repository/Page_PSTO webMessenger - Zalogowano/img_Mateusz Kowalski_sendButton' is clicked on

2021-12-19 14:59:20 - [MESSAGE][PASSED] - Object: 'Object Repository/Page_PSTO webMessenger - Zalogowano/img_Mateusz Kowalski_sendButton' is clicked on

2021-12-19 14:59:20 - [TEST_STEP][PASSED] - setText(findTestObject("Page_PSTO webMessenger - Zalogowano/input_Mateusz Kowalski_messageInput"), "d"): Text 'd' is set on object 'Object Repository/Page_PSTO webMessenger - Zalogowano/input_Mateusz Kowalski_messageInput'

2021-12-19 14:59:21 - [MESSAGE][PASSED] - Text 'd' is set on object 'Object Repository/Page_PSTO webMessenger - Zalogowano/input_Mateusz Kowalski_messageInput'

2021-12-19 14:59:21 - [TEST_STEP][PASSED] - click(findTestObject("Page_PSTO webMessenger - Zalogowano/img_Mateusz Kowalski_sendButton")): Object: 'Object Repository/Page_PSTO webMessenger - Zalogowano/img_Mateusz Kowalski_sendButton' is clicked on

2021-12-19 14:59:22 - [MESSAGE][PASSED] - Object: 'Object Repository/Page_PSTO webMessenger - Zalogowano/img_Mateusz Kowalski_sendButton' is clicked on

2021-12-19 14:59:22 - [TEST_STEP][PASSED] - setText(findTestObject("Page_PSTO webMessenger - Zalogowano/input_Mateusz Kowalski_messageInput"), "d"): Text 'd' is set on object 'Object Repository/Page_PSTO webMessenger - Zalogowano/input_Mateusz Kowalski_messageInput'

2021-12-19 14:59:22 - [MESSAGE][PASSED] - Text 'd' is set on object 'Object Repository/Page_PSTO webMessenger - Zalogowano/input_Mateusz Kowalski_messageInput'

2021-12-19 14:59:22 - [TEST_STEP][PASSED] - click(findTestObject("Page_PSTO webMessenger - Zalogowano/img_Mateusz Kowalski_sendButton")): Object: 'Object Repository/Page_PSTO webMessenger - Zalogowano/img_Mateusz Kowalski_sendButton' is clicked on

2021-12-19 14:59:23 - [MESSAGE][PASSED] - Object: 'Object Repository/Page_PSTO webMessenger - Zalogowano/img_Mateusz Kowalski_sendButton' is clicked on

2021-12-19 14:59:23 - [TEST_STEP][PASSED] - setText(findTestObject("Page_PSTO webMessenger - Zalogowano/input_Mateusz Kowalski_messageInput"), "d"): Text 'd' is set on object 'Object Repository/Page_PSTO webMessenger - Zalogowano/input_Mateusz Kowalski_messageInput'

2021-12-19 14:59:24 - [MESSAGE][PASSED] - Text 'd' is set on object 'Object Repository/Page_PSTO webMessenger - Zalogowano/input_Mateusz Kowalski_messageInput'

2021-12-19 14:59:24 - [TEST_STEP][PASSED] - click(findTestObject("Page_PSTO webMessenger - Zalogowano/img_Mateusz Kowalski_sendButton")): Object: 'Object Repository/Page_PSTO webMessenger - Zalogowano/img_Mateusz Kowalski_sendButton' is clicked on

2021-12-19 14:59:25 - [MESSAGE][PASSED] - Object: 'Object Repository/Page_PSTO webMessenger - Zalogowano/img_Mateusz Kowalski_sendButton' is clicked on

2021-12-19 14:59:25 - [TEST_STEP][PASSED] - setText(findTestObject("Page_PSTO webMessenger - Zalogowano/input_Mateusz Kowalski_messageInput"), "d"): Text 'd' is set on object 'Object Repository/Page_PSTO webMessenger - Zalogowano/input_Mateusz Kowalski_messageInput'

2021-12-19 14:59:25 - [MESSAGE][PASSED] - Text 'd' is set on object 'Object Repository/Page_PSTO webMessenger - Zalogowano/input_Mateusz Kowalski_messageInput'

2021-12-19 14:59:25 - [TEST_STEP][PASSED] - click(findTestObject("Page_PSTO webMessenger - Zalogowano/img_Mateusz Kowalski_sendButton")): Object: 'Object Repository/Page_PSTO webMessenger - Zalogowano/img_Mateusz Kowalski_sendButton' is clicked on

2021-12-19 14:59:26 - [MESSAGE][PASSED] - Object: 'Object Repository/Page_PSTO webMessenger - Zalogowano/img_Mateusz Kowalski_sendButton' is clicked on

2021-12-19 14:59:26 - [TEST_STEP][PASSED] - setText(findTestObject("Page_PSTO webMessenger - Zalogowano/input_Mateusz Kowalski_messageInput"), "d"): Text 'd' is set on object 'Object Repository/Page_PSTO webMessenger - Zalogowano/input_Mateusz Kowalski_messageInput'

2021-12-19 14:59:27 - [MESSAGE][PASSED] - Text 'd' is set on object 'Object Repository/Page_PSTO webMessenger - Zalogowano/input_Mateusz Kowalski_messageInput'

2021-12-19 14:59:27 - [TEST_STEP][PASSED] - click(findTestObject("Page_PSTO webMessenger - Zalogowano/img_Mateusz Kowalski_sendButton")): Object: 'Object Repository/Page_PSTO webMessenger - Zalogowano/img_Mateusz Kowalski_sendButton' is clicked on

2021-12-19 14:59:27 - [MESSAGE][PASSED] - Object: 'Object Repository/Page_PSTO webMessenger - Zalogowano/img_Mateusz Kowalski_sendButton' is clicked on

2021-12-19 14:59:27 - [TEST_STEP][PASSED] - setText(findTestObject("Page_PSTO webMessenger - Zalogowano/input_Mateusz Kowalski_messageInput"), "d"): Text 'd' is set on object 'Object Repository/Page_PSTO webMessenger - Zalogowano/input_Mateusz Kowalski_messageInput'

2021-12-19 14:59:28 - [MESSAGE][PASSED] - Text 'd' is set on object 'Object Repository/Page_PSTO webMessenger - Zalogowano/input_Mateusz Kowalski_messageInput'

2021-12-19 14:59:28 - [TEST_STEP][PASSED] - click(findTestObject("Page_PSTO webMessenger - Zalogowano/img_Mateusz Kowalski_sendButton")): Object: 'Object Repository/Page_PSTO webMessenger - Zalogowano/img_Mateusz Kowalski_sendButton' is clicked on

2021-12-19 14:59:29 - [MESSAGE][PASSED] - Object: 'Object Repository/Page_PSTO webMessenger - Zalogowano/img_Mateusz Kowalski_sendButton' is clicked on

2021-12-19 14:59:29 - [TEST_STEP][PASSED] - setText(findTestObject("Page_PSTO webMessenger - Zalogowano/input_Mateusz Kowalski_messageInput"), "d"): Text 'd' is set on object 'Object Repository/Page_PSTO webMessenger - Zalogowano/input_Mateusz Kowalski_messageInput'

2021-12-19 14:59:30 - [MESSAGE][PASSED] - Text 'd' is set on object 'Object Repository/Page_PSTO webMessenger - Zalogowano/input_Mateusz Kowalski_messageInput'

2021-12-19 14:59:30 - [TEST_STEP][PASSED] - click(findTestObject("Page_PSTO webMessenger - Zalogowano/img_Mateusz Kowalski_sendButton")): Object: 'Object Repository/Page_PSTO webMessenger - Zalogowano/img_Mateusz Kowalski_sendButton' is clicked on

2021-12-19 14:59:30 - [MESSAGE][PASSED] - Object: 'Object Repository/Page_PSTO webMessenger - Zalogowano/img_Mateusz Kowalski_sendButton' is clicked on

2021-12-19 14:59:30 - [TEST_STEP][PASSED] - setText(findTestObject("Page_PSTO webMessenger - Zalogowano/input_Mateusz Kowalski_messageInput"), "d"): Text 'd' is set on object 'Object Repository/Page_PSTO webMessenger - Zalogowano/input_Mateusz Kowalski_messageInput'

2021-12-19 14:59:31 - [MESSAGE][PASSED] - Text 'd' is set on object 'Object Repository/Page_PSTO webMessenger - Zalogowano/input_Mateusz Kowalski_messageInput'

2021-12-19 14:59:31 - [TEST_STEP][PASSED] - click(findTestObject("Page_PSTO webMessenger - Zalogowano/img_Mateusz Kowalski_sendButton")): Object: 'Object Repository/Page_PSTO webMessenger - Zalogowano/img_Mateusz Kowalski_sendButton' is clicked on

2021-12-19 14:59:32 - [MESSAGE][PASSED] - Object: 'Object Repository/Page_PSTO webMessenger - Zalogowano/img_Mateusz Kowalski_sendButton' is clicked on

2021-12-19 14:59:32 - [TEST_STEP][PASSED] - setText(findTestObject("Page_PSTO webMessenger - Zalogowano/input_Mateusz Kowalski_messageInput"), "d"): Text 'd' is set on object 'Object Repository/Page_PSTO webMessenger - Zalogowano/input_Mateusz Kowalski_messageInput'

2021-12-19 14:59:32 - [MESSAGE][PASSED] - Text 'd' is set on object 'Object Repository/Page_PSTO webMessenger - Zalogowano/input_Mateusz Kowalski_messageInput'

2021-12-19 14:59:32 - [TEST_STEP][PASSED] - click(findTestObject("Page_PSTO webMessenger - Zalogowano/img_Mateusz Kowalski_sendButton")): Object: 'Object Repository/Page_PSTO webMessenger - Zalogowano/img_Mateusz Kowalski_sendButton' is clicked on

2021-12-19 14:59:33 - [MESSAGE][PASSED] - Object: 'Object Repository/Page_PSTO webMessenger - Zalogowano/img_Mateusz Kowalski_sendButton' is clicked on

2021-12-19 14:59:33 - [TEST_STEP][PASSED] - setText(findTestObject("Page_PSTO webMessenger - Zalogowano/input_Mateusz Kowalski_messageInput"), "d"): Text 'd' is set on object 'Object Repository/Page_PSTO webMessenger - Zalogowano/input_Mateusz Kowalski_messageInput'

2021-12-19 14:59:34 - [MESSAGE][PASSED] - Text 'd' is set on object 'Object Repository/Page_PSTO webMessenger - Zalogowano/input_Mateusz Kowalski_messageInput'

2021-12-19 14:59:34 - [TEST_STEP][PASSED] - click(findTestObject("Page_PSTO webMessenger - Zalogowano/img_Mateusz Kowalski_sendButton")): Object: 'Object Repository/Page_PSTO webMessenger - Zalogowano/img_Mateusz Kowalski_sendButton' is clicked on

2021-12-19 14:59:35 - [MESSAGE][PASSED] - Object: 'Object Repository/Page_PSTO webMessenger - Zalogowano/img_Mateusz Kowalski_sendButton' is clicked on

2021-12-19 14:59:35 - [TEST_STEP][PASSED] - setText(findTestObject("Page_PSTO webMessenger - Zalogowano/input_Mateusz Kowalski_messageInput"), "d"): Text 'd' is set on object 'Object Repository/Page_PSTO webMessenger - Zalogowano/input_Mateusz Kowalski_messageInput'

2021-12-19 14:59:35 - [MESSAGE][PASSED] - Text 'd' is set on object 'Object Repository/Page_PSTO webMessenger - Zalogowano/input_Mateusz Kowalski_messageInput'

2021-12-19 14:59:35 - [TEST_STEP][PASSED] - click(findTestObject("Page_PSTO webMessenger - Zalogowano/img_Mateusz Kowalski_sendButton")): Object: 'Object Repository/Page_PSTO webMessenger - Zalogowano/img_Mateusz Kowalski_sendButton' is clicked on

2021-12-19 14:59:36 - [MESSAGE][PASSED] - Object: 'Object Repository/Page_PSTO webMessenger - Zalogowano/img_Mateusz Kowalski_sendButton' is clicked on

2021-12-19 14:59:36 - [TEST_STEP][PASSED] - setText(findTestObject("Page_PSTO webMessenger - Zalogowano/input_Mateusz Kowalski_messageInput"), "d"): Text 'd' is set on object 'Object Repository/Page_PSTO webMessenger - Zalogowano/input_Mateusz Kowalski_messageInput'

2021-12-19 14:59:37 - [MESSAGE][PASSED] - Text 'd' is set on object 'Object Repository/Page_PSTO webMessenger - Zalogowano/input_Mateusz Kowalski_messageInput'

2021-12-19 14:59:37 - [TEST_STEP][PASSED] - click(findTestObject("Page_PSTO webMessenger - Zalogowano/img_Mateusz Kowalski_sendButton")): Object: 'Object Repository/Page_PSTO webMessenger - Zalogowano/img_Mateusz Kowalski_sendButton' is clicked on

2021-12-19 14:59:37 - [MESSAGE][PASSED] - Object: 'Object Repository/Page_PSTO webMessenger - Zalogowano/img_Mateusz Kowalski_sendButton' is clicked on

2021-12-19 14:59:37 - [TEST_STEP][PASSED] - setText(findTestObject("Page_PSTO webMessenger - Zalogowano/input_Mateusz Kowalski_messageInput"), "d"): Text 'd' is set on object 'Object Repository/Page_PSTO webMessenger - Zalogowano/input_Mateusz Kowalski_messageInput'

2021-12-19 14:59:38 - [MESSAGE][PASSED] - Text 'd' is set on object 'Object Repository/Page_PSTO webMessenger - Zalogowano/input_Mateusz Kowalski_messageInput'

2021-12-19 14:59:38 - [TEST_STEP][PASSED] - click(findTestObject("Page_PSTO webMessenger - Zalogowano/img_Mateusz Kowalski_sendButton")): Object: 'Object Repository/Page_PSTO webMessenger - Zalogowano/img_Mateusz Kowalski_sendButton' is clicked on

2021-12-19 14:59:39 - [MESSAGE][PASSED] - Object: 'Object Repository/Page_PSTO webMessenger - Zalogowano/img_Mateusz Kowalski_sendButton' is clicked on

2021-12-19 14:59:39 - [TEST_STEP][PASSED] - setText(findTestObject("Page_PSTO webMessenger - Zalogowano/input_Mateusz Kowalski_messageInput"), "d"): Text 'd' is set on object 'Object Repository/Page_PSTO webMessenger - Zalogowano/input_Mateusz Kowalski_messageInput'

2021-12-19 14:59:40 - [MESSAGE][PASSED] - Text 'd' is set on object 'Object Repository/Page_PSTO webMessenger - Zalogowano/input_Mateusz Kowalski_messageInput'

2021-12-19 14:59:40 - [TEST_STEP][PASSED] - click(findTestObject("Page_PSTO webMessenger - Zalogowano/img_Mateusz Kowalski_sendButton")): Object: 'Object Repository/Page_PSTO webMessenger - Zalogowano/img_Mateusz Kowalski_sendButton' is clicked on

2021-12-19 14:59:40 - [MESSAGE][PASSED] - Object: 'Object Repository/Page_PSTO webMessenger - Zalogowano/img_Mateusz Kowalski_sendButton' is clicked on

2021-12-19 14:59:40 - [TEST_STEP][PASSED] - setText(findTestObject("Page_PSTO webMessenger - Zalogowano/input_Mateusz Kowalski_messageInput"), "d"): Text 'd' is set on object 'Object Repository/Page_PSTO webMessenger - Zalogowano/input_Mateusz Kowalski_messageInput'

2021-12-19 14:59:41 - [MESSAGE][PASSED] - Text 'd' is set on object 'Object Repository/Page_PSTO webMessenger - Zalogowano/input_Mateusz Kowalski_messageInput'

2021-12-19 14:59:41 - [TEST_STEP][PASSED] - click(findTestObject("Page_PSTO webMessenger - Zalogowano/img_Mateusz Kowalski_sendButton")): Object: 'Object Repository/Page_PSTO webMessenger - Zalogowano/img_Mateusz Kowalski_sendButton' is clicked on

2021-12-19 14:59:42 - [MESSAGE][PASSED] - Object: 'Object Repository/Page_PSTO webMessenger - Zalogowano/img_Mateusz Kowalski_sendButton' is clicked on

2021-12-19 14:59:42 - [TEST_STEP][PASSED] - setText(findTestObject("Page_PSTO webMessenger - Zalogowano/input_Mateusz Kowalski_messageInput"), "d"): Text 'd' is set on object 'Object Repository/Page_PSTO webMessenger - Zalogowano/input_Mateusz Kowalski_messageInput'

2021-12-19 14:59:42 - [MESSAGE][PASSED] - Text 'd' is set on object 'Object Repository/Page_PSTO webMessenger - Zalogowano/input_Mateusz Kowalski_messageInput'

2021-12-19 14:59:42 - [TEST_STEP][PASSED] - click(findTestObject("Page_PSTO webMessenger - Zalogowano/img_Mateusz Kowalski_sendButton")): Object: 'Object Repository/Page_PSTO webMessenger - Zalogowano/img_Mateusz Kowalski_sendButton' is clicked on

2021-12-19 14:59:43 - [MESSAGE][PASSED] - Object: 'Object Repository/Page_PSTO webMessenger - Zalogowano/img_Mateusz Kowalski_sendButton' is clicked on

2021-12-19 14:59:43 - [TEST_STEP][PASSED] - setText(findTestObject("Page_PSTO webMessenger - Zalogowano/input_Mateusz Kowalski_messageInput"), "d"): Text 'd' is set on object 'Object Repository/Page_PSTO webMessenger - Zalogowano/input_Mateusz Kowalski_messageInput'

2021-12-19 14:59:44 - [MESSAGE][PASSED] - Text 'd' is set on object 'Object Repository/Page_PSTO webMessenger - Zalogowano/input_Mateusz Kowalski_messageInput'

2021-12-19 14:59:44 - [TEST_STEP][PASSED] - click(findTestObject("Page_PSTO webMessenger - Zalogowano/img_Mateusz Kowalski_sendButton")): Object: 'Object Repository/Page_PSTO webMessenger - Zalogowano/img_Mateusz Kowalski_sendButton' is clicked on

2021-12-19 14:59:45 - [MESSAGE][PASSED] - Object: 'Object Repository/Page_PSTO webMessenger - Zalogowano/img_Mateusz Kowalski_sendButton' is clicked on

2021-12-19 14:59:45 - [TEST_STEP][PASSED] - setText(findTestObject("Page_PSTO webMessenger - Zalogowano/input_Mateusz Kowalski_messageInput"), "d"): Text 'd' is set on object 'Object Repository/Page_PSTO webMessenger - Zalogowano/input_Mateusz Kowalski_messageInput'

2021-12-19 14:59:45 - [MESSAGE][PASSED] - Text 'd' is set on object 'Object Repository/Page_PSTO webMessenger - Zalogowano/input_Mateusz Kowalski_messageInput'

2021-12-19 14:59:45 - [TEST_STEP][PASSED] - click(findTestObject("Page_PSTO webMessenger - Zalogowano/img_Mateusz Kowalski_sendButton")): Object: 'Object Repository/Page_PSTO webMessenger - Zalogowano/img_Mateusz Kowalski_sendButton' is clicked on

2021-12-19 14:59:46 - [MESSAGE][PASSED] - Object: 'Object Repository/Page_PSTO webMessenger - Zalogowano/img_Mateusz Kowalski_sendButton' is clicked on

2021-12-19 14:59:46 - [TEST_STEP][PASSED] - setText(findTestObject("Page_PSTO webMessenger - Zalogowano/input_Mateusz Kowalski_messageInput"), "d"): Text 'd' is set on object 'Object Repository/Page_PSTO webMessenger - Zalogowano/input_Mateusz Kowalski_messageInput'

2021-12-19 14:59:47 - [MESSAGE][PASSED] - Text 'd' is set on object 'Object Repository/Page_PSTO webMessenger - Zalogowano/input_Mateusz Kowalski_messageInput'

2021-12-19 14:59:47 - [TEST_STEP][PASSED] - click(findTestObject("Page_PSTO webMessenger - Zalogowano/img_Mateusz Kowalski_sendButton")): Object: 'Object Repository/Page_PSTO webMessenger - Zalogowano/img_Mateusz Kowalski_sendButton' is clicked on

2021-12-19 14:59:47 - [MESSAGE][PASSED] - Object: 'Object Repository/Page_PSTO webMessenger - Zalogowano/img_Mateusz Kowalski_sendButton' is clicked on

2021-12-19 14:59:47 - [TEST_STEP][PASSED] - setText(findTestObject("Page_PSTO webMessenger - Zalogowano/input_Mateusz Kowalski_messageInput"), "d"): Text 'd' is set on object 'Object Repository/Page_PSTO webMessenger - Zalogowano/input_Mateusz Kowalski_messageInput'

2021-12-19 14:59:48 - [MESSAGE][PASSED] - Text 'd' is set on object 'Object Repository/Page_PSTO webMessenger - Zalogowano/input_Mateusz Kowalski_messageInput'

2021-12-19 14:59:48 - [TEST_STEP][PASSED] - click(findTestObject("Page_PSTO webMessenger - Zalogowano/img_Mateusz Kowalski_sendButton")): Object: 'Object Repository/Page_PSTO webMessenger - Zalogowano/img_Mateusz Kowalski_sendButton' is clicked on

2021-12-19 14:59:49 - [MESSAGE][PASSED] - Object: 'Object Repository/Page_PSTO webMessenger - Zalogowano/img_Mateusz Kowalski_sendButton' is clicked on

2021-12-19 14:59:49 - [TEST_STEP][PASSED] - setText(findTestObject("Page_PSTO webMessenger - Zalogowano/input_Mateusz Kowalski_messageInput"), "d"): Text 'd' is set on object 'Object Repository/Page_PSTO webMessenger - Zalogowano/input_Mateusz Kowalski_messageInput'

2021-12-19 14:59:50 - [MESSAGE][PASSED] - Text 'd' is set on object 'Object Repository/Page_PSTO webMessenger - Zalogowano/input_Mateusz Kowalski_messageInput'

2021-12-19 14:59:50 - [TEST_STEP][PASSED] - click(findTestObject("Page_PSTO webMessenger - Zalogowano/img_Mateusz Kowalski_sendButton")): Object: 'Object Repository/Page_PSTO webMessenger - Zalogowano/img_Mateusz Kowalski_sendButton' is clicked on

2021-12-19 14:59:50 - [MESSAGE][PASSED] - Object: 'Object Repository/Page_PSTO webMessenger - Zalogowano/img_Mateusz Kowalski_sendButton' is clicked on

2021-12-19 14:59:50 - [TEST_STEP][PASSED] - setText(findTestObject("Page_PSTO webMessenger - Zalogowano/input_Mateusz Kowalski_messageInput"), "d"): Text 'd' is set on object 'Object Repository/Page_PSTO webMessenger - Zalogowano/input_Mateusz Kowalski_messageInput'

2021-12-19 14:59:51 - [MESSAGE][PASSED] - Text 'd' is set on object 'Object Repository/Page_PSTO webMessenger - Zalogowano/input_Mateusz Kowalski_messageInput'

2021-12-19 14:59:51 - [TEST_STEP][PASSED] - click(findTestObject("Page_PSTO webMessenger - Zalogowano/img_Mateusz Kowalski_sendButton")): Object: 'Object Repository/Page_PSTO webMessenger - Zalogowano/img_Mateusz Kowalski_sendButton' is clicked on

2021-12-19 14:59:52 - [MESSAGE][PASSED] - Object: 'Object Repository/Page_PSTO webMessenger - Zalogowano/img_Mateusz Kowalski_sendButton' is clicked on

2021-12-19 14:59:52 - [TEST_STEP][PASSED] - setText(findTestObject("Page_PSTO webMessenger - Zalogowano/input_Mateusz Kowalski_messageInput"), "d"): Text 'd' is set on object 'Object Repository/Page_PSTO webMessenger - Zalogowano/input_Mateusz Kowalski_messageInput'

2021-12-19 14:59:52 - [MESSAGE][PASSED] - Text 'd' is set on object 'Object Repository/Page_PSTO webMessenger - Zalogowano/input_Mateusz Kowalski_messageInput'

2021-12-19 14:59:52 - [TEST_STEP][PASSED] - click(findTestObject("Page_PSTO webMessenger - Zalogowano/img_Mateusz Kowalski_sendButton")): Object: 'Object Repository/Page_PSTO webMessenger - Zalogowano/img_Mateusz Kowalski_sendButton' is clicked on

2021-12-19 14:59:53 - [MESSAGE][PASSED] - Object: 'Object Repository/Page_PSTO webMessenger - Zalogowano/img_Mateusz Kowalski_sendButton' is clicked on

2021-12-19 14:59:53 - [TEST_STEP][PASSED] - setText(findTestObject("Page_PSTO webMessenger - Zalogowano/input_Mateusz Kowalski_messageInput"), "d"): Text 'd' is set on object 'Object Repository/Page_PSTO webMessenger - Zalogowano/input_Mateusz Kowalski_messageInput'

2021-12-19 14:59:54 - [MESSAGE][PASSED] - Text 'd' is set on object 'Object Repository/Page_PSTO webMessenger - Zalogowano/input_Mateusz Kowalski_messageInput'

2021-12-19 14:59:54 - [TEST_STEP][PASSED] - click(findTestObject("Page_PSTO webMessenger - Zalogowano/img_Mateusz Kowalski_sendButton")): Object: 'Object Repository/Page_PSTO webMessenger - Zalogowano/img_Mateusz Kowalski_sendButton' is clicked on

2021-12-19 14:59:55 - [MESSAGE][PASSED] - Object: 'Object Repository/Page_PSTO webMessenger - Zalogowano/img_Mateusz Kowalski_sendButton' is clicked on

2021-12-19 14:59:55 - [TEST_STEP][PASSED] - setText(findTestObject("Page_PSTO webMessenger - Zalogowano/input_Mateusz Kowalski_messageInput"), "d"): Text 'd' is set on object 'Object Repository/Page_PSTO webMessenger - Zalogowano/input_Mateusz Kowalski_messageInput'

2021-12-19 14:59:55 - [MESSAGE][PASSED] - Text 'd' is set on object 'Object Repository/Page_PSTO webMessenger - Zalogowano/input_Mateusz Kowalski_messageInput'

2021-12-19 14:59:55 - [TEST_STEP][PASSED] - click(findTestObject("Page_PSTO webMessenger - Zalogowano/img_Mateusz Kowalski_sendButton")): Object: 'Object Repository/Page_PSTO webMessenger - Zalogowano/img_Mateusz Kowalski_sendButton' is clicked on

2021-12-19 14:59:56 - [MESSAGE][PASSED] - Object: 'Object Repository/Page_PSTO webMessenger - Zalogowano/img_Mateusz Kowalski_sendButton' is clicked on

2021-12-19 14:59:56 - [TEST_STEP][PASSED] - setText(findTestObject("Page_PSTO webMessenger - Zalogowano/input_Mateusz Kowalski_messageInput"), "d"): Text 'd' is set on object 'Object Repository/Page_PSTO webMessenger - Zalogowano/input_Mateusz Kowalski_messageInput'

2021-12-19 14:59:57 - [MESSAGE][PASSED] - Text 'd' is set on object 'Object Repository/Page_PSTO webMessenger - Zalogowano/input_Mateusz Kowalski_messageInput'

2021-12-19 14:59:57 - [TEST_STEP][PASSED] - click(findTestObject("Page_PSTO webMessenger - Zalogowano/img_Mateusz Kowalski_sendButton")): Object: 'Object Repository/Page_PSTO webMessenger - Zalogowano/img_Mateusz Kowalski_sendButton' is clicked on

2021-12-19 14:59:57 - [MESSAGE][PASSED] - Object: 'Object Repository/Page_PSTO webMessenger - Zalogowano/img_Mateusz Kowalski_sendButton' is clicked on

2021-12-19 14:59:57 - [TEST_STEP][PASSED] - setText(findTestObject("Page_PSTO webMessenger - Zalogowano/input_Mateusz Kowalski_messageInput"), "d"): Text 'd' is set on object 'Object Repository/Page_PSTO webMessenger - Zalogowano/input_Mateusz Kowalski_messageInput'

2021-12-19 14:59:58 - [MESSAGE][PASSED] - Text 'd' is set on object 'Object Repository/Page_PSTO webMessenger - Zalogowano/input_Mateusz Kowalski_messageInput'

2021-12-19 14:59:58 - [TEST_STEP][PASSED] - click(findTestObject("Page_PSTO webMessenger - Zalogowano/img_Mateusz Kowalski_sendButton")): Object: 'Object Repository/Page_PSTO webMessenger - Zalogowano/img_Mateusz Kowalski_sendButton' is clicked on

2021-12-19 14:59:59 - [MESSAGE][PASSED] - Object: 'Object Repository/Page_PSTO webMessenger - Zalogowano/img_Mateusz Kowalski_sendButton' is clicked on

2021-12-19 14:59:59 - [TEST_STEP][PASSED] - setText(findTestObject("Page_PSTO webMessenger - Zalogowano/input_Mateusz Kowalski_messageInput"), "d"): Text 'd' is set on object 'Object Repository/Page_PSTO webMessenger - Zalogowano/input_Mateusz Kowalski_messageInput'

2021-12-19 15:00:00 - [MESSAGE][PASSED] - Text 'd' is set on object 'Object Repository/Page_PSTO webMessenger - Zalogowano/input_Mateusz Kowalski_messageInput'

2021-12-19 15:00:00 - [TEST_STEP][PASSED] - click(findTestObject("Page_PSTO webMessenger - Zalogowano/img_Mateusz Kowalski_sendButton")): Object: 'Object Repository/Page_PSTO webMessenger - Zalogowano/img_Mateusz Kowalski_sendButton' is clicked on

2021-12-19 15:00:00 - [MESSAGE][PASSED] - Object: 'Object Repository/Page_PSTO webMessenger - Zalogowano/img_Mateusz Kowalski_sendButton' is clicked on

2021-12-19 15:00:00 - [TEST_STEP][PASSED] - setText(findTestObject("Page_PSTO webMessenger - Zalogowano/input_Mateusz Kowalski_messageInput"), "d"): Text 'd' is set on object 'Object Repository/Page_PSTO webMessenger - Zalogowano/input_Mateusz Kowalski_messageInput'

2021-12-19 15:00:01 - [MESSAGE][PASSED] - Text 'd' is set on object 'Object Repository/Page_PSTO webMessenger - Zalogowano/input_Mateusz Kowalski_messageInput'

2021-12-19 15:00:01 - [TEST_STEP][PASSED] - click(findTestObject("Page_PSTO webMessenger - Zalogowano/img_Mateusz Kowalski_sendButton")): Object: 'Object Repository/Page_PSTO webMessenger - Zalogowano/img_Mateusz Kowalski_sendButton' is clicked on

2021-12-19 15:00:02 - [MESSAGE][PASSED] - Object: 'Object Repository/Page_PSTO webMessenger - Zalogowano/img_Mateusz Kowalski_sendButton' is clicked on

2021-12-19 15:00:02 - [TEST_STEP][PASSED] - setText(findTestObject("Page_PSTO webMessenger - Zalogowano/input_Mateusz Kowalski_messageInput"), "d"): Text 'd' is set on object 'Object Repository/Page_PSTO webMessenger - Zalogowano/input_Mateusz Kowalski_messageInput'

2021-12-19 15:00:02 - [MESSAGE][PASSED] - Text 'd' is set on object 'Object Repository/Page_PSTO webMessenger - Zalogowano/input_Mateusz Kowalski_messageInput'

2021-12-19 15:00:02 - [TEST_STEP][PASSED] - click(findTestObject("Page_PSTO webMessenger - Zalogowano/img_Mateusz Kowalski_sendButton")): Object: 'Object Repository/Page_PSTO webMessenger - Zalogowano/img_Mateusz Kowalski_sendButton' is clicked on

2021-12-19 15:00:03 - [MESSAGE][PASSED] - Object: 'Object Repository/Page_PSTO webMessenger - Zalogowano/img_Mateusz Kowalski_sendButton' is clicked on

2021-12-19 15:00:03 - [TEST_STEP][PASSED] - setText(findTestObject("Page_PSTO webMessenger - Zalogowano/input_Mateusz Kowalski_messageInput"), "d"): Text 'd' is set on object 'Object Repository/Page_PSTO webMessenger - Zalogowano/input_Mateusz Kowalski_messageInput'

2021-12-19 15:00:04 - [MESSAGE][PASSED] - Text 'd' is set on object 'Object Repository/Page_PSTO webMessenger - Zalogowano/input_Mateusz Kowalski_messageInput'

2021-12-19 15:00:04 - [TEST_STEP][PASSED] - click(findTestObject("Page_PSTO webMessenger - Zalogowano/img_Mateusz Kowalski_sendButton")): Object: 'Object Repository/Page_PSTO webMessenger - Zalogowano/img_Mateusz Kowalski_sendButton' is clicked on

2021-12-19 15:00:05 - [MESSAGE][PASSED] - Object: 'Object Repository/Page_PSTO webMessenger - Zalogowano/img_Mateusz Kowalski_sendButton' is clicked on

2021-12-19 15:00:05 - [TEST_STEP][PASSED] - setText(findTestObject("Page_PSTO webMessenger - Zalogowano/input_Mateusz Kowalski_messageInput"), "d"): Text 'd' is set on object 'Object Repository/Page_PSTO webMessenger - Zalogowano/input_Mateusz Kowalski_messageInput'

2021-12-19 15:00:05 - [MESSAGE][PASSED] - Text 'd' is set on object 'Object Repository/Page_PSTO webMessenger - Zalogowano/input_Mateusz Kowalski_messageInput'

2021-12-19 15:00:05 - [TEST_STEP][PASSED] - click(findTestObject("Page_PSTO webMessenger - Zalogowano/img_Mateusz Kowalski_sendButton")): Object: 'Object Repository/Page_PSTO webMessenger - Zalogowano/img_Mateusz Kowalski_sendButton' is clicked on

2021-12-19 15:00:06 - [MESSAGE][PASSED] - Object: 'Object Repository/Page_PSTO webMessenger - Zalogowano/img_Mateusz Kowalski_sendButton' is clicked on

2021-12-19 15:00:06 - [TEST_STEP][PASSED] - setText(findTestObject("Page_PSTO webMessenger - Zalogowano/input_Mateusz Kowalski_messageInput"), "d"): Text 'd' is set on object 'Object Repository/Page_PSTO webMessenger - Zalogowano/input_Mateusz Kowalski_messageInput'

2021-12-19 15:00:07 - [MESSAGE][PASSED] - Text 'd' is set on object 'Object Repository/Page_PSTO webMessenger - Zalogowano/input_Mateusz Kowalski_messageInput'

2021-12-19 15:00:07 - [TEST_STEP][PASSED] - click(findTestObject("Page_PSTO webMessenger - Zalogowano/img_Mateusz Kowalski_sendButton")): Object: 'Object Repository/Page_PSTO webMessenger - Zalogowano/img_Mateusz Kowalski_sendButton' is clicked on

2021-12-19 15:00:07 - [MESSAGE][PASSED] - Object: 'Object Repository/Page_PSTO webMessenger - Zalogowano/img_Mateusz Kowalski_sendButton' is clicked on

2021-12-19 15:00:07 - [TEST_STEP][PASSED] - setText(findTestObject("Page_PSTO webMessenger - Zalogowano/input_Mateusz Kowalski_messageInput"), "d"): Text 'd' is set on object 'Object Repository/Page_PSTO webMessenger - Zalogowano/input_Mateusz Kowalski_messageInput'

2021-12-19 15:00:08 - [MESSAGE][PASSED] - Text 'd' is set on object 'Object Repository/Page_PSTO webMessenger - Zalogowano/input_Mateusz Kowalski_messageInput'

2021-12-19 15:00:08 - [TEST_STEP][PASSED] - click(findTestObject("Page_PSTO webMessenger - Zalogowano/img_Mateusz Kowalski_sendButton")): Object: 'Object Repository/Page_PSTO webMessenger - Zalogowano/img_Mateusz Kowalski_sendButton' is clicked on

2021-12-19 15:00:09 - [MESSAGE][PASSED] - Object: 'Object Repository/Page_PSTO webMessenger - Zalogowano/img_Mateusz Kowalski_sendButton' is clicked on

2021-12-19 15:00:09 - [TEST_STEP][PASSED] - setText(findTestObject("Page_PSTO webMessenger - Zalogowano/input_Mateusz Kowalski_messageInput"), "d"): Text 'd' is set on object 'Object Repository/Page_PSTO webMessenger - Zalogowano/input_Mateusz Kowalski_messageInput'

2021-12-19 15:00:10 - [MESSAGE][PASSED] - Text 'd' is set on object 'Object Repository/Page_PSTO webMessenger - Zalogowano/input_Mateusz Kowalski_messageInput'

2021-12-19 15:00:10 - [TEST_STEP][PASSED] - click(findTestObject("Page_PSTO webMessenger - Zalogowano/img_Mateusz Kowalski_sendButton")): Object: 'Object Repository/Page_PSTO webMessenger - Zalogowano/img_Mateusz Kowalski_sendButton' is clicked on

2021-12-19 15:00:10 - [MESSAGE][PASSED] - Object: 'Object Repository/Page_PSTO webMessenger - Zalogowano/img_Mateusz Kowalski_sendButton' is clicked on

2021-12-19 15:00:10 - [TEST_STEP][PASSED] - setText(findTestObject("Page_PSTO webMessenger - Zalogowano/input_Mateusz Kowalski_messageInput"), "d"): Text 'd' is set on object 'Object Repository/Page_PSTO webMessenger - Zalogowano/input_Mateusz Kowalski_messageInput'

2021-12-19 15:00:11 - [MESSAGE][PASSED] - Text 'd' is set on object 'Object Repository/Page_PSTO webMessenger - Zalogowano/input_Mateusz Kowalski_messageInput'

2021-12-19 15:00:11 - [TEST_STEP][PASSED] - click(findTestObject("Page_PSTO webMessenger - Zalogowano/img_Mateusz Kowalski_sendButton")): Object: 'Object Repository/Page_PSTO webMessenger - Zalogowano/img_Mateusz Kowalski_sendButton' is clicked on

2021-12-19 15:00:12 - [MESSAGE][PASSED] - Object: 'Object Repository/Page_PSTO webMessenger - Zalogowano/img_Mateusz Kowalski_sendButton' is clicked on

2021-12-19 15:00:12 - [TEST_STEP][PASSED] - setText(findTestObject("Page_PSTO webMessenger - Zalogowano/input_Mateusz Kowalski_messageInput"), "d"): Text 'd' is set on object 'Object Repository/Page_PSTO webMessenger - Zalogowano/input_Mateusz Kowalski_messageInput'

2021-12-19 15:00:12 - [MESSAGE][PASSED] - Text 'd' is set on object 'Object Repository/Page_PSTO webMessenger - Zalogowano/input_Mateusz Kowalski_messageInput'

2021-12-19 15:00:12 - [TEST_STEP][PASSED] - click(findTestObject("Page_PSTO webMessenger - Zalogowano/img_Mateusz Kowalski_sendButton")): Object: 'Object Repository/Page_PSTO webMessenger - Zalogowano/img_Mateusz Kowalski_sendButton' is clicked on

2021-12-19 15:00:13 - [MESSAGE][PASSED] - Object: 'Object Repository/Page_PSTO webMessenger - Zalogowano/img_Mateusz Kowalski_sendButton' is clicked on

2021-12-19 15:00:13 - [TEST_STEP][PASSED] - setText(findTestObject("Page_PSTO webMessenger - Zalogowano/input_Mateusz Kowalski_messageInput"), "d"): Text 'd' is set on object 'Object Repository/Page_PSTO webMessenger - Zalogowano/input_Mateusz Kowalski_messageInput'

2021-12-19 15:00:14 - [MESSAGE][PASSED] - Text 'd' is set on object 'Object Repository/Page_PSTO webMessenger - Zalogowano/input_Mateusz Kowalski_messageInput'

2021-12-19 15:00:14 - [TEST_STEP][PASSED] - click(findTestObject("Page_PSTO webMessenger - Zalogowano/img_Mateusz Kowalski_sendButton")): Object: 'Object Repository/Page_PSTO webMessenger - Zalogowano/img_Mateusz Kowalski_sendButton' is clicked on

2021-12-19 15:00:15 - [MESSAGE][PASSED] - Object: 'Object Repository/Page_PSTO webMessenger - Zalogowano/img_Mateusz Kowalski_sendButton' is clicked on

2021-12-19 15:00:15 - [TEST_STEP][PASSED] - setText(findTestObject("Page_PSTO webMessenger - Zalogowano/input_Mateusz Kowalski_messageInput"), "d"): Text 'd' is set on object 'Object Repository/Page_PSTO webMessenger - Zalogowano/input_Mateusz Kowalski_messageInput'

2021-12-19 15:00:15 - [MESSAGE][PASSED] - Text 'd' is set on object 'Object Repository/Page_PSTO webMessenger - Zalogowano/input_Mateusz Kowalski_messageInput'

2021-12-19 15:00:15 - [TEST_STEP][PASSED] - click(findTestObject("Page_PSTO webMessenger - Zalogowano/img_Mateusz Kowalski_sendButton")): Object: 'Object Repository/Page_PSTO webMessenger - Zalogowano/img_Mateusz Kowalski_sendButton' is clicked on

2021-12-19 15:00:16 - [MESSAGE][PASSED] - Object: 'Object Repository/Page_PSTO webMessenger - Zalogowano/img_Mateusz Kowalski_sendButton' is clicked on

2021-12-19 15:00:16 - [TEST_STEP][PASSED] - setText(findTestObject("Page_PSTO webMessenger - Zalogowano/input_Mateusz Kowalski_messageInput"), "d"): Text 'd' is set on object 'Object Repository/Page_PSTO webMessenger - Zalogowano/input_Mateusz Kowalski_messageInput'

2021-12-19 15:00:17 - [MESSAGE][PASSED] - Text 'd' is set on object 'Object Repository/Page_PSTO webMessenger - Zalogowano/input_Mateusz Kowalski_messageInput'

2021-12-19 15:00:17 - [TEST_STEP][PASSED] - click(findTestObject("Page_PSTO webMessenger - Zalogowano/img_Mateusz Kowalski_sendButton")): Object: 'Object Repository/Page_PSTO webMessenger - Zalogowano/img_Mateusz Kowalski_sendButton' is clicked on

2021-12-19 15:00:17 - [MESSAGE][PASSED] - Object: 'Object Repository/Page_PSTO webMessenger - Zalogowano/img_Mateusz Kowalski_sendButton' is clicked on

2021-12-19 15:00:17 - [TEST_STEP][PASSED] - setText(findTestObject("Page_PSTO webMessenger - Zalogowano/input_Mateusz Kowalski_messageInput"), "d"): Text 'd' is set on object 'Object Repository/Page_PSTO webMessenger - Zalogowano/input_Mateusz Kowalski_messageInput'

2021-12-19 15:00:18 - [MESSAGE][PASSED] - Text 'd' is set on object 'Object Repository/Page_PSTO webMessenger - Zalogowano/input_Mateusz Kowalski_messageInput'

2021-12-19 15:00:18 - [TEST_STEP][PASSED] - click(findTestObject("Page_PSTO webMessenger - Zalogowano/img_Mateusz Kowalski_sendButton")): Object: 'Object Repository/Page_PSTO webMessenger - Zalogowano/img_Mateusz Kowalski_sendButton' is clicked on

2021-12-19 15:00:19 - [MESSAGE][PASSED] - Object: 'Object Repository/Page_PSTO webMessenger - Zalogowano/img_Mateusz Kowalski_sendButton' is clicked on

2021-12-19 15:00:19 - [TEST_STEP][PASSED] - setText(findTestObject("Page_PSTO webMessenger - Zalogowano/input_Mateusz Kowalski_messageInput"), "d"): Text 'd' is set on object 'Object Repository/Page_PSTO webMessenger - Zalogowano/input_Mateusz Kowalski_messageInput'

2021-12-19 15:00:20 - [MESSAGE][PASSED] - Text 'd' is set on object 'Object Repository/Page_PSTO webMessenger - Zalogowano/input_Mateusz Kowalski_messageInput'

2021-12-19 15:00:20 - [TEST_STEP][PASSED] - click(findTestObject("Page_PSTO webMessenger - Zalogowano/img_Mateusz Kowalski_sendButton")): Object: 'Object Repository/Page_PSTO webMessenger - Zalogowano/img_Mateusz Kowalski_sendButton' is clicked on

2021-12-19 15:00:20 - [MESSAGE][PASSED] - Object: 'Object Repository/Page_PSTO webMessenger - Zalogowano/img_Mateusz Kowalski_sendButton' is clicked on

2021-12-19 15:00:20 - [TEST_STEP][PASSED] - setText(findTestObject("Page_PSTO webMessenger - Zalogowano/input_Mateusz Kowalski_messageInput"), "d"): Text 'd' is set on object 'Object Repository/Page_PSTO webMessenger - Zalogowano/input_Mateusz Kowalski_messageInput'

2021-12-19 15:00:21 - [MESSAGE][PASSED] - Text 'd' is set on object 'Object Repository/Page_PSTO webMessenger - Zalogowano/input_Mateusz Kowalski_messageInput'

2021-12-19 15:00:21 - [TEST_STEP][PASSED] - click(findTestObject("Page_PSTO webMessenger - Zalogowano/img_Mateusz Kowalski_sendButton")): Object: 'Object Repository/Page_PSTO webMessenger - Zalogowano/img_Mateusz Kowalski_sendButton' is clicked on

2021-12-19 15:00:22 - [MESSAGE][PASSED] - Object: 'Object Repository/Page_PSTO webMessenger - Zalogowano/img_Mateusz Kowalski_sendButton' is clicked on

2021-12-19 15:00:22 - [TEST_STEP][PASSED] - setText(findTestObject("Page_PSTO webMessenger - Zalogowano/input_Mateusz Kowalski_messageInput"), "d"): Text 'd' is set on object 'Object Repository/Page_PSTO webMessenger - Zalogowano/input_Mateusz Kowalski_messageInput'

2021-12-19 15:00:22 - [MESSAGE][PASSED] - Text 'd' is set on object 'Object Repository/Page_PSTO webMessenger - Zalogowano/input_Mateusz Kowalski_messageInput'

2021-12-19 15:00:22 - [TEST_STEP][PASSED] - click(findTestObject("Page_PSTO webMessenger - Zalogowano/img_Mateusz Kowalski_sendButton")): Object: 'Object Repository/Page_PSTO webMessenger - Zalogowano/img_Mateusz Kowalski_sendButton' is clicked on

2021-12-19 15:00:23 - [MESSAGE][PASSED] - Object: 'Object Repository/Page_PSTO webMessenger - Zalogowano/img_Mateusz Kowalski_sendButton' is clicked on

2021-12-19 15:00:23 - [TEST_STEP][PASSED] - setText(findTestObject("Page_PSTO webMessenger - Zalogowano/input_Mateusz Kowalski_messageInput"), "d"): Text 'd' is set on object 'Object Repository/Page_PSTO webMessenger - Zalogowano/input_Mateusz Kowalski_messageInput'

2021-12-19 15:00:24 - [MESSAGE][PASSED] - Text 'd' is set on object 'Object Repository/Page_PSTO webMessenger - Zalogowano/input_Mateusz Kowalski_messageInput'

2021-12-19 15:00:24 - [TEST_STEP][PASSED] - click(findTestObject("Page_PSTO webMessenger - Zalogowano/img_Mateusz Kowalski_sendButton")): Object: 'Object Repository/Page_PSTO webMessenger - Zalogowano/img_Mateusz Kowalski_sendButton' is clicked on

2021-12-19 15:00:25 - [MESSAGE][PASSED] - Object: 'Object Repository/Page_PSTO webMessenger - Zalogowano/img_Mateusz Kowalski_sendButton' is clicked on

2021-12-19 15:00:25 - [TEST_STEP][PASSED] - setText(findTestObject("Page_PSTO webMessenger - Zalogowano/input_Mateusz Kowalski_messageInput"), "d"): Text 'd' is set on object 'Object Repository/Page_PSTO webMessenger - Zalogowano/input_Mateusz Kowalski_messageInput'

2021-12-19 15:00:25 - [MESSAGE][PASSED] - Text 'd' is set on object 'Object Repository/Page_PSTO webMessenger - Zalogowano/input_Mateusz Kowalski_messageInput'

2021-12-19 15:00:25 - [TEST_STEP][PASSED] - click(findTestObject("Page_PSTO webMessenger - Zalogowano/img_Mateusz Kowalski_sendButton")): Object: 'Object Repository/Page_PSTO webMessenger - Zalogowano/img_Mateusz Kowalski_sendButton' is clicked on

2021-12-19 15:00:26 - [MESSAGE][PASSED] - Object: 'Object Repository/Page_PSTO webMessenger - Zalogowano/img_Mateusz Kowalski_sendButton' is clicked on

2021-12-19 15:00:26 - [TEST_STEP][PASSED] - setText(findTestObject("Page_PSTO webMessenger - Zalogowano/input_Mateusz Kowalski_messageInput"), "d"): Text 'd' is set on object 'Object Repository/Page_PSTO webMessenger - Zalogowano/input_Mateusz Kowalski_messageInput'

2021-12-19 15:00:27 - [MESSAGE][PASSED] - Text 'd' is set on object 'Object Repository/Page_PSTO webMessenger - Zalogowano/input_Mateusz Kowalski_messageInput'

2021-12-19 15:00:27 - [TEST_STEP][PASSED] - click(findTestObject("Page_PSTO webMessenger - Zalogowano/img_Mateusz Kowalski_sendButton")): Object: 'Object Repository/Page_PSTO webMessenger - Zalogowano/img_Mateusz Kowalski_sendButton' is clicked on

2021-12-19 15:00:27 - [MESSAGE][PASSED] - Object: 'Object Repository/Page_PSTO webMessenger - Zalogowano/img_Mateusz Kowalski_sendButton' is clicked on

2021-12-19 15:00:27 - [TEST_STEP][PASSED] - setText(findTestObject("Page_PSTO webMessenger - Zalogowano/input_Mateusz Kowalski_messageInput"), "d"): Text 'd' is set on object 'Object Repository/Page_PSTO webMessenger - Zalogowano/input_Mateusz Kowalski_messageInput'

2021-12-19 15:00:28 - [MESSAGE][PASSED] - Text 'd' is set on object 'Object Repository/Page_PSTO webMessenger - Zalogowano/input_Mateusz Kowalski_messageInput'

2021-12-19 15:00:28 - [TEST_STEP][PASSED] - click(findTestObject("Page_PSTO webMessenger - Zalogowano/img_Mateusz Kowalski_sendButton")): Object: 'Object Repository/Page_PSTO webMessenger - Zalogowano/img_Mateusz Kowalski_sendButton' is clicked on

2021-12-19 15:00:29 - [MESSAGE][PASSED] - Object: 'Object Repository/Page_PSTO webMessenger - Zalogowano/img_Mateusz Kowalski_sendButton' is clicked on

2021-12-19 15:00:29 - [TEST_STEP][PASSED] - setText(findTestObject("Page_PSTO webMessenger - Zalogowano/input_Mateusz Kowalski_messageInput"), "d"): Text 'd' is set on object 'Object Repository/Page_PSTO webMessenger - Zalogowano/input_Mateusz Kowalski_messageInput'

2021-12-19 15:00:30 - [MESSAGE][PASSED] - Text 'd' is set on object 'Object Repository/Page_PSTO webMessenger - Zalogowano/input_Mateusz Kowalski_messageInput'

2021-12-19 15:00:30 - [TEST_STEP][PASSED] - click(findTestObject("Page_PSTO webMessenger - Zalogowano/img_Mateusz Kowalski_sendButton")): Object: 'Object Repository/Page_PSTO webMessenger - Zalogowano/img_Mateusz Kowalski_sendButton' is clicked on

2021-12-19 15:00:30 - [MESSAGE][PASSED] - Object: 'Object Repository/Page_PSTO webMessenger - Zalogowano/img_Mateusz Kowalski_sendButton' is clicked on

2021-12-19 15:00:30 - [TEST_STEP][PASSED] - setText(findTestObject("Page_PSTO webMessenger - Zalogowano/input_Mateusz Kowalski_messageInput"), "d"): Text 'd' is set on object 'Object Repository/Page_PSTO webMessenger - Zalogowano/input_Mateusz Kowalski_messageInput'

2021-12-19 15:00:31 - [MESSAGE][PASSED] - Text 'd' is set on object 'Object Repository/Page_PSTO webMessenger - Zalogowano/input_Mateusz Kowalski_messageInput'

2021-12-19 15:00:31 - [TEST_STEP][PASSED] - click(findTestObject("Page_PSTO webMessenger - Zalogowano/img_Mateusz Kowalski_sendButton")): Object: 'Object Repository/Page_PSTO webMessenger - Zalogowano/img_Mateusz Kowalski_sendButton' is clicked on

2021-12-19 15:00:32 - [MESSAGE][PASSED] - Object: 'Object Repository/Page_PSTO webMessenger - Zalogowano/img_Mateusz Kowalski_sendButton' is clicked on

2021-12-19 15:00:32 - [TEST_STEP][PASSED] - setText(findTestObject("Page_PSTO webMessenger - Zalogowano/input_Mateusz Kowalski_messageInput"), "d"): Text 'd' is set on object 'Object Repository/Page_PSTO webMessenger - Zalogowano/input_Mateusz Kowalski_messageInput'

2021-12-19 15:00:32 - [MESSAGE][PASSED] - Text 'd' is set on object 'Object Repository/Page_PSTO webMessenger - Zalogowano/input_Mateusz Kowalski_messageInput'

2021-12-19 15:00:32 - [TEST_STEP][PASSED] - click(findTestObject("Page_PSTO webMessenger - Zalogowano/img_Mateusz Kowalski_sendButton")): Object: 'Object Repository/Page_PSTO webMessenger - Zalogowano/img_Mateusz Kowalski_sendButton' is clicked on

2021-12-19 15:00:33 - [MESSAGE][PASSED] - Object: 'Object Repository/Page_PSTO webMessenger - Zalogowano/img_Mateusz Kowalski_sendButton' is clicked on

2021-12-19 15:00:33 - [TEST_STEP][PASSED] - setText(findTestObject("Page_PSTO webMessenger - Zalogowano/input_Mateusz Kowalski_messageInput"), "d"): Text 'd' is set on object 'Object Repository/Page_PSTO webMessenger - Zalogowano/input_Mateusz Kowalski_messageInput'

2021-12-19 15:00:34 - [MESSAGE][PASSED] - Text 'd' is set on object 'Object Repository/Page_PSTO webMessenger - Zalogowano/input_Mateusz Kowalski_messageInput'

2021-12-19 15:00:34 - [TEST_STEP][PASSED] - click(findTestObject("Page_PSTO webMessenger - Zalogowano/img_Mateusz Kowalski_sendButton")): Object: 'Object Repository/Page_PSTO webMessenger - Zalogowano/img_Mateusz Kowalski_sendButton' is clicked on

2021-12-19 15:00:35 - [MESSAGE][PASSED] - Object: 'Object Repository/Page_PSTO webMessenger - Zalogowano/img_Mateusz Kowalski_sendButton' is clicked on

2021-12-19 15:00:35 - [TEST_STEP][PASSED] - setText(findTestObject("Page_PSTO webMessenger - Zalogowano/input_Mateusz Kowalski_messageInput"), "d"): Text 'd' is set on object 'Object Repository/Page_PSTO webMessenger - Zalogowano/input_Mateusz Kowalski_messageInput'

2021-12-19 15:00:35 - [MESSAGE][PASSED] - Text 'd' is set on object 'Object Repository/Page_PSTO webMessenger - Zalogowano/input_Mateusz Kowalski_messageInput'

2021-12-19 15:00:35 - [TEST_STEP][PASSED] - click(findTestObject("Page_PSTO webMessenger - Zalogowano/img_Mateusz Kowalski_sendButton")): Object: 'Object Repository/Page_PSTO webMessenger - Zalogowano/img_Mateusz Kowalski_sendButton' is clicked on

2021-12-19 15:00:36 - [MESSAGE][PASSED] - Object: 'Object Repository/Page_PSTO webMessenger - Zalogowano/img_Mateusz Kowalski_sendButton' is clicked on

2021-12-19 15:00:36 - [TEST_STEP][PASSED] - setText(findTestObject("Page_PSTO webMessenger - Zalogowano/input_Mateusz Kowalski_messageInput"), "d"): Text 'd' is set on object 'Object Repository/Page_PSTO webMessenger - Zalogowano/input_Mateusz Kowalski_messageInput'

2021-12-19 15:00:37 - [MESSAGE][PASSED] - Text 'd' is set on object 'Object Repository/Page_PSTO webMessenger - Zalogowano/input_Mateusz Kowalski_messageInput'

2021-12-19 15:00:37 - [TEST_STEP][PASSED] - click(findTestObject("Page_PSTO webMessenger - Zalogowano/img_Mateusz Kowalski_sendButton")): Object: 'Object Repository/Page_PSTO webMessenger - Zalogowano/img_Mateusz Kowalski_sendButton' is clicked on

2021-12-19 15:00:37 - [MESSAGE][PASSED] - Object: 'Object Repository/Page_PSTO webMessenger - Zalogowano/img_Mateusz Kowalski_sendButton' is clicked on

2021-12-19 15:00:37 - [TEST_STEP][PASSED] - setText(findTestObject("Page_PSTO webMessenger - Zalogowano/input_Mateusz Kowalski_messageInput"), "d"): Text 'd' is set on object 'Object Repository/Page_PSTO webMessenger - Zalogowano/input_Mateusz Kowalski_messageInput'

2021-12-19 15:00:38 - [MESSAGE][PASSED] - Text 'd' is set on object 'Object Repository/Page_PSTO webMessenger - Zalogowano/input_Mateusz Kowalski_messageInput'

2021-12-19 15:00:38 - [TEST_STEP][PASSED] - click(findTestObject("Page_PSTO webMessenger - Zalogowano/img_Mateusz Kowalski_sendButton")): Object: 'Object Repository/Page_PSTO webMessenger - Zalogowano/img_Mateusz Kowalski_sendButton' is clicked on

2021-12-19 15:00:39 - [MESSAGE][PASSED] - Object: 'Object Repository/Page_PSTO webMessenger - Zalogowano/img_Mateusz Kowalski_sendButton' is clicked on

2021-12-19 15:00:39 - [TEST_STEP][PASSED] - setText(findTestObject("Page_PSTO webMessenger - Zalogowano/input_Mateusz Kowalski_messageInput"), "d"): Text 'd' is set on object 'Object Repository/Page_PSTO webMessenger - Zalogowano/input_Mateusz Kowalski_messageInput'

2021-12-19 15:00:40 - [MESSAGE][PASSED] - Text 'd' is set on object 'Object Repository/Page_PSTO webMessenger - Zalogowano/input_Mateusz Kowalski_messageInput'

2021-12-19 15:00:40 - [TEST_STEP][PASSED] - click(findTestObject("Page_PSTO webMessenger - Zalogowano/img_Mateusz Kowalski_sendButton")): Object: 'Object Repository/Page_PSTO webMessenger - Zalogowano/img_Mateusz Kowalski_sendButton' is clicked on

2021-12-19 15:00:40 - [MESSAGE][PASSED] - Object: 'Object Repository/Page_PSTO webMessenger - Zalogowano/img_Mateusz Kowalski_sendButton' is clicked on

2021-12-19 15:00:40 - [TEST_STEP][PASSED] - setText(findTestObject("Page_PSTO webMessenger - Zalogowano/input_Mateusz Kowalski_messageInput"), "d"): Text 'd' is set on object 'Object Repository/Page_PSTO webMessenger - Zalogowano/input_Mateusz Kowalski_messageInput'

2021-12-19 15:00:41 - [MESSAGE][PASSED] - Text 'd' is set on object 'Object Repository/Page_PSTO webMessenger - Zalogowano/input_Mateusz Kowalski_messageInput'

2021-12-19 15:00:41 - [TEST_STEP][PASSED] - click(findTestObject("Page_PSTO webMessenger - Zalogowano/img_Mateusz Kowalski_sendButton")): Object: 'Object Repository/Page_PSTO webMessenger - Zalogowano/img_Mateusz Kowalski_sendButton' is clicked on

2021-12-19 15:00:42 - [MESSAGE][PASSED] - Object: 'Object Repository/Page_PSTO webMessenger - Zalogowano/img_Mateusz Kowalski_sendButton' is clicked on

2021-12-19 15:00:42 - [TEST_STEP][PASSED] - setText(findTestObject("Page_PSTO webMessenger - Zalogowano/input_Mateusz Kowalski_messageInput"), "d"): Text 'd' is set on object 'Object Repository/Page_PSTO webMessenger - Zalogowano/input_Mateusz Kowalski_messageInput'

2021-12-19 15:00:42 - [MESSAGE][PASSED] - Text 'd' is set on object 'Object Repository/Page_PSTO webMessenger - Zalogowano/input_Mateusz Kowalski_messageInput'

2021-12-19 15:00:42 - [TEST_STEP][PASSED] - click(findTestObject("Page_PSTO webMessenger - Zalogowano/img_Mateusz Kowalski_sendButton")): Object: 'Object Repository/Page_PSTO webMessenger - Zalogowano/img_Mateusz Kowalski_sendButton' is clicked on

2021-12-19 15:00:43 - [MESSAGE][PASSED] - Object: 'Object Repository/Page_PSTO webMessenger - Zalogowano/img_Mateusz Kowalski_sendButton' is clicked on

2021-12-19 15:00:43 - [TEST_STEP][PASSED] - setText(findTestObject("Page_PSTO webMessenger - Zalogowano/input_Mateusz Kowalski_messageInput"), "d"): Text 'd' is set on object 'Object Repository/Page_PSTO webMessenger - Zalogowano/input_Mateusz Kowalski_messageInput'

2021-12-19 15:00:44 - [MESSAGE][PASSED] - Text 'd' is set on object 'Object Repository/Page_PSTO webMessenger - Zalogowano/input_Mateusz Kowalski_messageInput'

2021-12-19 15:00:44 - [TEST_STEP][PASSED] - click(findTestObject("Page_PSTO webMessenger - Zalogowano/img_Mateusz Kowalski_sendButton")): Object: 'Object Repository/Page_PSTO webMessenger - Zalogowano/img_Mateusz Kowalski_sendButton' is clicked on

2021-12-19 15:00:45 - [MESSAGE][PASSED] - Object: 'Object Repository/Page_PSTO webMessenger - Zalogowano/img_Mateusz Kowalski_sendButton' is clicked on

2021-12-19 15:00:45 - [TEST_STEP][PASSED] - setText(findTestObject("Page_PSTO webMessenger - Zalogowano/input_Mateusz Kowalski_messageInput"), "d"): Text 'd' is set on object 'Object Repository/Page_PSTO webMessenger - Zalogowano/input_Mateusz Kowalski_messageInput'

2021-12-19 15:00:45 - [MESSAGE][PASSED] - Text 'd' is set on object 'Object Repository/Page_PSTO webMessenger - Zalogowano/input_Mateusz Kowalski_messageInput'

2021-12-19 15:00:45 - [TEST_STEP][PASSED] - click(findTestObject("Page_PSTO webMessenger - Zalogowano/img_Mateusz Kowalski_sendButton")): Object: 'Object Repository/Page_PSTO webMessenger - Zalogowano/img_Mateusz Kowalski_sendButton' is clicked on

2021-12-19 15:00:46 - [MESSAGE][PASSED] - Object: 'Object Repository/Page_PSTO webMessenger - Zalogowano/img_Mateusz Kowalski_sendButton' is clicked on

2021-12-19 15:00:46 - [TEST_STEP][PASSED] - setText(findTestObject("Page_PSTO webMessenger - Zalogowano/input_Mateusz Kowalski_messageInput"), "d"): Text 'd' is set on object 'Object Repository/Page_PSTO webMessenger - Zalogowano/input_Mateusz Kowalski_messageInput'

2021-12-19 15:00:47 - [MESSAGE][PASSED] - Text 'd' is set on object 'Object Repository/Page_PSTO webMessenger - Zalogowano/input_Mateusz Kowalski_messageInput'

2021-12-19 15:00:47 - [TEST_STEP][PASSED] - click(findTestObject("Page_PSTO webMessenger - Zalogowano/img_Mateusz Kowalski_sendButton")): Object: 'Object Repository/Page_PSTO webMessenger - Zalogowano/img_Mateusz Kowalski_sendButton' is clicked on

2021-12-19 15:00:47 - [MESSAGE][PASSED] - Object: 'Object Repository/Page_PSTO webMessenger - Zalogowano/img_Mateusz Kowalski_sendButton' is clicked on

2021-12-19 15:00:47 - [TEST_STEP][PASSED] - setText(findTestObject("Page_PSTO webMessenger - Zalogowano/input_Mateusz Kowalski_messageInput"), "d"): Text 'd' is set on object 'Object Repository/Page_PSTO webMessenger - Zalogowano/input_Mateusz Kowalski_messageInput'

2021-12-19 15:00:48 - [MESSAGE][PASSED] - Text 'd' is set on object 'Object Repository/Page_PSTO webMessenger - Zalogowano/input_Mateusz Kowalski_messageInput'

2021-12-19 15:00:48 - [TEST_STEP][PASSED] - click(findTestObject("Page_PSTO webMessenger - Zalogowano/img_Mateusz Kowalski_sendButton")): Object: 'Object Repository/Page_PSTO webMessenger - Zalogowano/img_Mateusz Kowalski_sendButton' is clicked on

2021-12-19 15:00:49 - [MESSAGE][PASSED] - Object: 'Object Repository/Page_PSTO webMessenger - Zalogowano/img_Mateusz Kowalski_sendButton' is clicked on

2021-12-19 15:00:49 - [TEST_STEP][PASSED] - setText(findTestObject("Page_PSTO webMessenger - Zalogowano/input_Mateusz Kowalski_messageInput"), "d"): Text 'd' is set on object 'Object Repository/Page_PSTO webMessenger - Zalogowano/input_Mateusz Kowalski_messageInput'

2021-12-19 15:00:50 - [MESSAGE][PASSED] - Text 'd' is set on object 'Object Repository/Page_PSTO webMessenger - Zalogowano/input_Mateusz Kowalski_messageInput'

2021-12-19 15:00:50 - [TEST_STEP][PASSED] - click(findTestObject("Page_PSTO webMessenger - Zalogowano/img_Mateusz Kowalski_sendButton")): Object: 'Object Repository/Page_PSTO webMessenger - Zalogowano/img_Mateusz Kowalski_sendButton' is clicked on

2021-12-19 15:00:50 - [MESSAGE][PASSED] - Object: 'Object Repository/Page_PSTO webMessenger - Zalogowano/img_Mateusz Kowalski_sendButton' is clicked on

2021-12-19 15:00:50 - [TEST_STEP][PASSED] - setText(findTestObject("Page_PSTO webMessenger - Zalogowano/input_Mateusz Kowalski_messageInput"), "d"): Text 'd' is set on object 'Object Repository/Page_PSTO webMessenger - Zalogowano/input_Mateusz Kowalski_messageInput'

2021-12-19 15:00:51 - [MESSAGE][PASSED] - Text 'd' is set on object 'Object Repository/Page_PSTO webMessenger - Zalogowano/input_Mateusz Kowalski_messageInput'

2021-12-19 15:00:51 - [TEST_STEP][PASSED] - click(findTestObject("Page_PSTO webMessenger - Zalogowano/img_Mateusz Kowalski_sendButton")): Object: 'Object Repository/Page_PSTO webMessenger - Zalogowano/img_Mateusz Kowalski_sendButton' is clicked on

2021-12-19 15:00:52 - [MESSAGE][PASSED] - Object: 'Object Repository/Page_PSTO webMessenger - Zalogowano/img_Mateusz Kowalski_sendButton' is clicked on

2021-12-19 15:00:52 - [TEST_STEP][PASSED] - setText(findTestObject("Page_PSTO webMessenger - Zalogowano/input_Mateusz Kowalski_messageInput"), "d"): Text 'd' is set on object 'Object Repository/Page_PSTO webMessenger - Zalogowano/input_Mateusz Kowalski_messageInput'

2021-12-19 15:00:52 - [MESSAGE][PASSED] - Text 'd' is set on object 'Object Repository/Page_PSTO webMessenger - Zalogowano/input_Mateusz Kowalski_messageInput'

2021-12-19 15:00:52 - [TEST_STEP][PASSED] - click(findTestObject("Page_PSTO webMessenger - Zalogowano/img_Mateusz Kowalski_sendButton")): Object: 'Object Repository/Page_PSTO webMessenger - Zalogowano/img_Mateusz Kowalski_sendButton' is clicked on

2021-12-19 15:00:53 - [MESSAGE][PASSED] - Object: 'Object Repository/Page_PSTO webMessenger - Zalogowano/img_Mateusz Kowalski_sendButton' is clicked on

2021-12-19 15:00:53 - [TEST_STEP][PASSED] - setText(findTestObject("Page_PSTO webMessenger - Zalogowano/input_Mateusz Kowalski_messageInput"), "d"): Text 'd' is set on object 'Object Repository/Page_PSTO webMessenger - Zalogowano/input_Mateusz Kowalski_messageInput'

2021-12-19 15:00:54 - [MESSAGE][PASSED] - Text 'd' is set on object 'Object Repository/Page_PSTO webMessenger - Zalogowano/input_Mateusz Kowalski_messageInput'

2021-12-19 15:00:54 - [TEST_STEP][PASSED] - click(findTestObject("Page_PSTO webMessenger - Zalogowano/img_Mateusz Kowalski_sendButton")): Object: 'Object Repository/Page_PSTO webMessenger - Zalogowano/img_Mateusz Kowalski_sendButton' is clicked on

2021-12-19 15:00:55 - [MESSAGE][PASSED] - Object: 'Object Repository/Page_PSTO webMessenger - Zalogowano/img_Mateusz Kowalski_sendButton' is clicked on

2021-12-19 15:00:55 - [TEST_STEP][PASSED] - setText(findTestObject("Page_PSTO webMessenger - Zalogowano/input_Mateusz Kowalski_messageInput"), "d"): Text 'd' is set on object 'Object Repository/Page_PSTO webMessenger - Zalogowano/input_Mateusz Kowalski_messageInput'

2021-12-19 15:00:55 - [MESSAGE][PASSED] - Text 'd' is set on object 'Object Repository/Page_PSTO webMessenger - Zalogowano/input_Mateusz Kowalski_messageInput'

2021-12-19 15:00:55 - [TEST_STEP][PASSED] - click(findTestObject("Page_PSTO webMessenger - Zalogowano/img_Mateusz Kowalski_sendButton")): Object: 'Object Repository/Page_PSTO webMessenger - Zalogowano/img_Mateusz Kowalski_sendButton' is clicked on

2021-12-19 15:00:56 - [MESSAGE][PASSED] - Object: 'Object Repository/Page_PSTO webMessenger - Zalogowano/img_Mateusz Kowalski_sendButton' is clicked on

2021-12-19 15:00:56 - [TEST_STEP][PASSED] - setText(findTestObject("Page_PSTO webMessenger - Zalogowano/input_Mateusz Kowalski_messageInput"), "d"): Text 'd' is set on object 'Object Repository/Page_PSTO webMessenger - Zalogowano/input_Mateusz Kowalski_messageInput'

2021-12-19 15:00:57 - [MESSAGE][PASSED] - Text 'd' is set on object 'Object Repository/Page_PSTO webMessenger - Zalogowano/input_Mateusz Kowalski_messageInput'

2021-12-19 15:00:57 - [TEST_STEP][PASSED] - click(findTestObject("Page_PSTO webMessenger - Zalogowano/img_Mateusz Kowalski_sendButton")): Object: 'Object Repository/Page_PSTO webMessenger - Zalogowano/img_Mateusz Kowalski_sendButton' is clicked on

2021-12-19 15:00:57 - [MESSAGE][PASSED] - Object: 'Object Repository/Page_PSTO webMessenger - Zalogowano/img_Mateusz Kowalski_sendButton' is clicked on

2021-12-19 15:00:57 - [TEST_STEP][PASSED] - setText(findTestObject("Page_PSTO webMessenger - Zalogowano/input_Mateusz Kowalski_messageInput"), "d"): Text 'd' is set on object 'Object Repository/Page_PSTO webMessenger - Zalogowano/input_Mateusz Kowalski_messageInput'

2021-12-19 15:00:58 - [MESSAGE][PASSED] - Text 'd' is set on object 'Object Repository/Page_PSTO webMessenger - Zalogowano/input_Mateusz Kowalski_messageInput'

2021-12-19 15:00:58 - [TEST_STEP][PASSED] - click(findTestObject("Page_PSTO webMessenger - Zalogowano/img_Mateusz Kowalski_sendButton")): Object: 'Object Repository/Page_PSTO webMessenger - Zalogowano/img_Mateusz Kowalski_sendButton' is clicked on

2021-12-19 15:00:59 - [MESSAGE][PASSED] - Object: 'Object Repository/Page_PSTO webMessenger - Zalogowano/img_Mateusz Kowalski_sendButton' is clicked on

2021-12-19 15:00:59 - [TEST_STEP][PASSED] - setText(findTestObject("Page_PSTO webMessenger - Zalogowano/input_Mateusz Kowalski_messageInput"), "d"): Text 'd' is set on object 'Object Repository/Page_PSTO webMessenger - Zalogowano/input_Mateusz Kowalski_messageInput'

2021-12-19 15:01:00 - [MESSAGE][PASSED] - Text 'd' is set on object 'Object Repository/Page_PSTO webMessenger - Zalogowano/input_Mateusz Kowalski_messageInput'

2021-12-19 15:01:00 - [TEST_STEP][PASSED] - click(findTestObject("Page_PSTO webMessenger - Zalogowano/img_Mateusz Kowalski_sendButton")): Object: 'Object Repository/Page_PSTO webMessenger - Zalogowano/img_Mateusz Kowalski_sendButton' is clicked on

2021-12-19 15:01:00 - [MESSAGE][PASSED] - Object: 'Object Repository/Page_PSTO webMessenger - Zalogowano/img_Mateusz Kowalski_sendButton' is clicked on

2021-12-19 15:01:00 - [TEST_STEP][PASSED] - setText(findTestObject("Page_PSTO webMessenger - Zalogowano/input_Mateusz Kowalski_messageInput"), "d"): Text 'd' is set on object 'Object Repository/Page_PSTO webMessenger - Zalogowano/input_Mateusz Kowalski_messageInput'

2021-12-19 15:01:01 - [MESSAGE][PASSED] - Text 'd' is set on object 'Object Repository/Page_PSTO webMessenger - Zalogowano/input_Mateusz Kowalski_messageInput'

2021-12-19 15:01:01 - [TEST_STEP][PASSED] - click(findTestObject("Page_PSTO webMessenger - Zalogowano/img_Mateusz Kowalski_sendButton")): Object: 'Object Repository/Page_PSTO webMessenger - Zalogowano/img_Mateusz Kowalski_sendButton' is clicked on

2021-12-19 15:01:02 - [MESSAGE][PASSED] - Object: 'Object Repository/Page_PSTO webMessenger - Zalogowano/img_Mateusz Kowalski_sendButton' is clicked on

2021-12-19 15:01:02 - [TEST_STEP][PASSED] - setText(findTestObject("Page_PSTO webMessenger - Zalogowano/input_Mateusz Kowalski_messageInput"), "d"): Text 'd' is set on object 'Object Repository/Page_PSTO webMessenger - Zalogowano/input_Mateusz Kowalski_messageInput'

2021-12-19 15:01:02 - [MESSAGE][PASSED] - Text 'd' is set on object 'Object Repository/Page_PSTO webMessenger - Zalogowano/input_Mateusz Kowalski_messageInput'

2021-12-19 15:01:02 - [TEST_STEP][PASSED] - click(findTestObject("Page_PSTO webMessenger - Zalogowano/img_Mateusz Kowalski_sendButton")): Object: 'Object Repository/Page_PSTO webMessenger - Zalogowano/img_Mateusz Kowalski_sendButton' is clicked on

2021-12-19 15:01:03 - [MESSAGE][PASSED] - Object: 'Object Repository/Page_PSTO webMessenger - Zalogowano/img_Mateusz Kowalski_sendButton' is clicked on

2021-12-19 15:01:03 - [TEST_STEP][PASSED] - setText(findTestObject("Page_PSTO webMessenger - Zalogowano/input_Mateusz Kowalski_messageInput"), "d"): Text 'd' is set on object 'Object Repository/Page_PSTO webMessenger - Zalogowano/input_Mateusz Kowalski_messageInput'

2021-12-19 15:01:04 - [MESSAGE][PASSED] - Text 'd' is set on object 'Object Repository/Page_PSTO webMessenger - Zalogowano/input_Mateusz Kowalski_messageInput'

2021-12-19 15:01:04 - [TEST_STEP][PASSED] - click(findTestObject("Page_PSTO webMessenger - Zalogowano/img_Mateusz Kowalski_sendButton")): Object: 'Object Repository/Page_PSTO webMessenger - Zalogowano/img_Mateusz Kowalski_sendButton' is clicked on

2021-12-19 15:01:05 - [MESSAGE][PASSED] - Object: 'Object Repository/Page_PSTO webMessenger - Zalogowano/img_Mateusz Kowalski_sendButton' is clicked on

2021-12-19 15:01:05 - [TEST_STEP][PASSED] - setText(findTestObject("Page_PSTO webMessenger - Zalogowano/input_Mateusz Kowalski_messageInput"), "d"): Text 'd' is set on object 'Object Repository/Page_PSTO webMessenger - Zalogowano/input_Mateusz Kowalski_messageInput'

2021-12-19 15:01:05 - [MESSAGE][PASSED] - Text 'd' is set on object 'Object Repository/Page_PSTO webMessenger - Zalogowano/input_Mateusz Kowalski_messageInput'

2021-12-19 15:01:05 - [TEST_STEP][PASSED] - click(findTestObject("Page_PSTO webMessenger - Zalogowano/img_Mateusz Kowalski_sendButton")): Object: 'Object Repository/Page_PSTO webMessenger - Zalogowano/img_Mateusz Kowalski_sendButton' is clicked on

2021-12-19 15:01:06 - [MESSAGE][PASSED] - Object: 'Object Repository/Page_PSTO webMessenger - Zalogowano/img_Mateusz Kowalski_sendButton' is clicked on

2021-12-19 15:01:06 - [TEST_STEP][PASSED] - setText(findTestObject("Page_PSTO webMessenger - Zalogowano/input_Mateusz Kowalski_messageInput"), "d"): Text 'd' is set on object 'Object Repository/Page_PSTO webMessenger - Zalogowano/input_Mateusz Kowalski_messageInput'

2021-12-19 15:01:07 - [MESSAGE][PASSED] - Text 'd' is set on object 'Object Repository/Page_PSTO webMessenger - Zalogowano/input_Mateusz Kowalski_messageInput'

2021-12-19 15:01:07 - [TEST_STEP][PASSED] - click(findTestObject("Page_PSTO webMessenger - Zalogowano/img_Mateusz Kowalski_sendButton")): Object: 'Object Repository/Page_PSTO webMessenger - Zalogowano/img_Mateusz Kowalski_sendButton' is clicked on

2021-12-19 15:01:08 - [MESSAGE][PASSED] - Object: 'Object Repository/Page_PSTO webMessenger - Zalogowano/img_Mateusz Kowalski_sendButton' is clicked on

2021-12-19 15:01:08 - [TEST_STEP][PASSED] - setText(findTestObject("Page_PSTO webMessenger - Zalogowano/input_Mateusz Kowalski_messageInput"), "d"): Text 'd' is set on object 'Object Repository/Page_PSTO webMessenger - Zalogowano/input_Mateusz Kowalski_messageInput'

2021-12-19 15:01:08 - [MESSAGE][PASSED] - Text 'd' is set on object 'Object Repository/Page_PSTO webMessenger - Zalogowano/input_Mateusz Kowalski_messageInput'

2021-12-19 15:01:08 - [TEST_STEP][PASSED] - click(findTestObject("Page_PSTO webMessenger - Zalogowano/img_Mateusz Kowalski_sendButton")): Object: 'Object Repository/Page_PSTO webMessenger - Zalogowano/img_Mateusz Kowalski_sendButton' is clicked on

2021-12-19 15:01:09 - [MESSAGE][PASSED] - Object: 'Object Repository/Page_PSTO webMessenger - Zalogowano/img_Mateusz Kowalski_sendButton' is clicked on

2021-12-19 15:01:09 - [TEST_STEP][PASSED] - setText(findTestObject("Page_PSTO webMessenger - Zalogowano/input_Mateusz Kowalski_messageInput"), "d"): Text 'd' is set on object 'Object Repository/Page_PSTO webMessenger - Zalogowano/input_Mateusz Kowalski_messageInput'

2021-12-19 15:01:10 - [MESSAGE][PASSED] - Text 'd' is set on object 'Object Repository/Page_PSTO webMessenger - Zalogowano/input_Mateusz Kowalski_messageInput'

2021-12-19 15:01:10 - [TEST_STEP][PASSED] - click(findTestObject("Page_PSTO webMessenger - Zalogowano/img_Mateusz Kowalski_sendButton")): Object: 'Object Repository/Page_PSTO webMessenger - Zalogowano/img_Mateusz Kowalski_sendButton' is clicked on

2021-12-19 15:01:11 - [MESSAGE][PASSED] - Object: 'Object Repository/Page_PSTO webMessenger - Zalogowano/img_Mateusz Kowalski_sendButton' is clicked on

2021-12-19 15:01:11 - [TEST_STEP][PASSED] - setText(findTestObject("Page_PSTO webMessenger - Zalogowano/input_Mateusz Kowalski_messageInput"), "d"): Text 'd' is set on object 'Object Repository/Page_PSTO webMessenger - Zalogowano/input_Mateusz Kowalski_messageInput'

2021-12-19 15:01:11 - [MESSAGE][PASSED] - Text 'd' is set on object 'Object Repository/Page_PSTO webMessenger - Zalogowano/input_Mateusz Kowalski_messageInput'

2021-12-19 15:01:11 - [TEST_STEP][PASSED] - click(findTestObject("Page_PSTO webMessenger - Zalogowano/img_Mateusz Kowalski_sendButton")): Object: 'Object Repository/Page_PSTO webMessenger - Zalogowano/img_Mateusz Kowalski_sendButton' is clicked on

2021-12-19 15:01:12 - [MESSAGE][PASSED] - Object: 'Object Repository/Page_PSTO webMessenger - Zalogowano/img_Mateusz Kowalski_sendButton' is clicked on

2021-12-19 15:01:12 - [TEST_STEP][PASSED] - setText(findTestObject("Page_PSTO webMessenger - Zalogowano/input_Mateusz Kowalski_messageInput"), "d"): Text 'd' is set on object 'Object Repository/Page_PSTO webMessenger - Zalogowano/input_Mateusz Kowalski_messageInput'

2021-12-19 15:01:13 - [MESSAGE][PASSED] - Text 'd' is set on object 'Object Repository/Page_PSTO webMessenger - Zalogowano/input_Mateusz Kowalski_messageInput'

2021-12-19 15:01:13 - [TEST_STEP][PASSED] - click(findTestObject("Page_PSTO webMessenger - Zalogowano/img_Mateusz Kowalski_sendButton")): Object: 'Object Repository/Page_PSTO webMessenger - Zalogowano/img_Mateusz Kowalski_sendButton' is clicked on

2021-12-19 15:01:13 - [MESSAGE][PASSED] - Object: 'Object Repository/Page_PSTO webMessenger - Zalogowano/img_Mateusz Kowalski_sendButton' is clicked on

2021-12-19 15:01:13 - [TEST_STEP][PASSED] - setText(findTestObject("Page_PSTO webMessenger - Zalogowano/input_Mateusz Kowalski_messageInput"), "d"): Text 'd' is set on object 'Object Repository/Page_PSTO webMessenger - Zalogowano/input_Mateusz Kowalski_messageInput'

2021-12-19 15:01:14 - [MESSAGE][PASSED] - Text 'd' is set on object 'Object Repository/Page_PSTO webMessenger - Zalogowano/input_Mateusz Kowalski_messageInput'

2021-12-19 15:01:14 - [TEST_STEP][PASSED] - click(findTestObject("Page_PSTO webMessenger - Zalogowano/img_Mateusz Kowalski_sendButton")): Object: 'Object Repository/Page_PSTO webMessenger - Zalogowano/img_Mateusz Kowalski_sendButton' is clicked on

2021-12-19 15:01:15 - [MESSAGE][PASSED] - Object: 'Object Repository/Page_PSTO webMessenger - Zalogowano/img_Mateusz Kowalski_sendButton' is clicked on

2021-12-19 15:01:15 - [TEST_STEP][PASSED] - setText(findTestObject("Page_PSTO webMessenger - Zalogowano/input_Mateusz Kowalski_messageInput"), "d"): Text 'd' is set on object 'Object Repository/Page_PSTO webMessenger - Zalogowano/input_Mateusz Kowalski_messageInput'

2021-12-19 15:01:16 - [MESSAGE][PASSED] - Text 'd' is set on object 'Object Repository/Page_PSTO webMessenger - Zalogowano/input_Mateusz Kowalski_messageInput'

2021-12-19 15:01:16 - [TEST_STEP][PASSED] - click(findTestObject("Page_PSTO webMessenger - Zalogowano/img_Mateusz Kowalski_sendButton")): Object: 'Object Repository/Page_PSTO webMessenger - Zalogowano/img_Mateusz Kowalski_sendButton' is clicked on

2021-12-19 15:01:16 - [MESSAGE][PASSED] - Object: 'Object Repository/Page_PSTO webMessenger - Zalogowano/img_Mateusz Kowalski_sendButton' is clicked on

2021-12-19 15:01:16 - [TEST_STEP][PASSED] - setText(findTestObject("Page_PSTO webMessenger - Zalogowano/input_Mateusz Kowalski_messageInput"), "d"): Text 'd' is set on object 'Object Repository/Page_PSTO webMessenger - Zalogowano/input_Mateusz Kowalski_messageInput'

2021-12-19 15:01:17 - [MESSAGE][PASSED] - Text 'd' is set on object 'Object Repository/Page_PSTO webMessenger - Zalogowano/input_Mateusz Kowalski_messageInput'

2021-12-19 15:01:17 - [TEST_STEP][PASSED] - click(findTestObject("Page_PSTO webMessenger - Zalogowano/img_Mateusz Kowalski_sendButton")): Object: 'Object Repository/Page_PSTO webMessenger - Zalogowano/img_Mateusz Kowalski_sendButton' is clicked on

2021-12-19 15:01:18 - [MESSAGE][PASSED] - Object: 'Object Repository/Page_PSTO webMessenger - Zalogowano/img_Mateusz Kowalski_sendButton' is clicked on

2021-12-19 15:01:18 - [TEST_STEP][PASSED] - setText(findTestObject("Page_PSTO webMessenger - Zalogowano/input_Mateusz Kowalski_messageInput"), "d"): Text 'd' is set on object 'Object Repository/Page_PSTO webMessenger - Zalogowano/input_Mateusz Kowalski_messageInput'

2021-12-19 15:01:18 - [MESSAGE][PASSED] - Text 'd' is set on object 'Object Repository/Page_PSTO webMessenger - Zalogowano/input_Mateusz Kowalski_messageInput'

2021-12-19 15:01:18 - [TEST_STEP][PASSED] - click(findTestObject("Page_PSTO webMessenger - Zalogowano/img_Mateusz Kowalski_sendButton")): Object: 'Object Repository/Page_PSTO webMessenger - Zalogowano/img_Mateusz Kowalski_sendButton' is clicked on

2021-12-19 15:01:19 - [MESSAGE][PASSED] - Object: 'Object Repository/Page_PSTO webMessenger - Zalogowano/img_Mateusz Kowalski_sendButton' is clicked on

2021-12-19 15:01:19 - [TEST_STEP][PASSED] - setText(findTestObject("Page_PSTO webMessenger - Zalogowano/input_Mateusz Kowalski_messageInput"), "d"): Text 'd' is set on object 'Object Repository/Page_PSTO webMessenger - Zalogowano/input_Mateusz Kowalski_messageInput'

2021-12-19 15:01:20 - [MESSAGE][PASSED] - Text 'd' is set on object 'Object Repository/Page_PSTO webMessenger - Zalogowano/input_Mateusz Kowalski_messageInput'

2021-12-19 15:01:20 - [TEST_STEP][PASSED] - click(findTestObject("Page_PSTO webMessenger - Zalogowano/img_Mateusz Kowalski_sendButton")): Object: 'Object Repository/Page_PSTO webMessenger - Zalogowano/img_Mateusz Kowalski_sendButton' is clicked on

2021-12-19 15:01:20 - [MESSAGE][PASSED] - Object: 'Object Repository/Page_PSTO webMessenger - Zalogowano/img_Mateusz Kowalski_sendButton' is clicked on

2021-12-19 15:01:20 - [TEST_STEP][PASSED] - setText(findTestObject("Page_PSTO webMessenger - Zalogowano/input_Mateusz Kowalski_messageInput"), "d"): Text 'd' is set on object 'Object Repository/Page_PSTO webMessenger - Zalogowano/input_Mateusz Kowalski_messageInput'

2021-12-19 15:01:21 - [MESSAGE][PASSED] - Text 'd' is set on object 'Object Repository/Page_PSTO webMessenger - Zalogowano/input_Mateusz Kowalski_messageInput'

2021-12-19 15:01:21 - [TEST_STEP][PASSED] - click(findTestObject("Page_PSTO webMessenger - Zalogowano/img_Mateusz Kowalski_sendButton")): Object: 'Object Repository/Page_PSTO webMessenger - Zalogowano/img_Mateusz Kowalski_sendButton' is clicked on

2021-12-19 15:01:22 - [MESSAGE][PASSED] - Object: 'Object Repository/Page_PSTO webMessenger - Zalogowano/img_Mateusz Kowalski_sendButton' is clicked on

2021-12-19 15:01:22 - [TEST_STEP][PASSED] - click(findTestObject("Object Repository/Page_PSTO webMessenger - Zalogowano/img_Zarejestruj konto_iconImg")): Object: 'Object Repository/Page_PSTO webMessenger - Zalogowano/img_Zarejestruj konto_iconImg' is clicked on

2021-12-19 15:01:23 - [MESSAGE][PASSED] - Object: 'Object Repository/Page_PSTO webMessenger - Zalogowano/img_Zarejestruj konto_iconImg' is clicked on

2021-12-19 15:01:23 - [TEST_STEP][PASSED] - closeBrowser(): Browser is closed

2021-12-19 15:01:24 - [MESSAGE][PASSED] - Browser is closed]]></system-out>
         <system-err><![CDATA[]]></system-err>
      </testcase>
      <testcase name="Test Cases/Historia rozm贸w/HR21" time="626.698" classname="Test Cases/Historia rozm贸w/HR21" status="PASSED">
         <system-out><![CDATA[2021-12-19 15:01:24 - [TEST_CASE][PASSED] - Test Cases/Historia rozm贸w/HR21: Test Cases/Historia rozm贸w/HR21

2021-12-19 15:01:24 - [TEST_STEP][PASSED] - openBrowser(""): Browser is opened with url: ''

2021-12-19 15:01:24 - [MESSAGE][INFO] - Starting 'Firefox' driver

2021-12-19 15:01:24 - [MESSAGE][INFO] - Action delay is set to 0 milliseconds

2021-12-19 15:01:29 - [MESSAGE][PASSED] - Browser is opened with url: ''

2021-12-19 15:01:29 - [TEST_STEP][PASSED] - navigateToUrl("http://kmg.hcm.pl/testowanie/index.html"): Navigate to 'http://kmg.hcm.pl/testowanie/index.html' successfully

2021-12-19 15:01:30 - [MESSAGE][PASSED] - Navigate to 'http://kmg.hcm.pl/testowanie/index.html' successfully

2021-12-19 15:01:30 - [TEST_STEP][PASSED] - setText(findTestObject("Object Repository/Page_PSTO webMessenger/input_Zarejestruj konto_userLogin"), "Tomasz Staszewski"): Text 'Tomasz Staszewski' is set on object 'Object Repository/Page_PSTO webMessenger/input_Zarejestruj konto_userLogin'

2021-12-19 15:01:31 - [MESSAGE][PASSED] - Text 'Tomasz Staszewski' is set on object 'Object Repository/Page_PSTO webMessenger/input_Zarejestruj konto_userLogin'

2021-12-19 15:01:31 - [TEST_STEP][PASSED] - setEncryptedText(findTestObject("Object Repository/Page_PSTO webMessenger/input_Zarejestruj konto_passwordLogin"), "wCo1vTKhcj4="): Text ****** has been set on object 'Object Repository/Page_PSTO webMessenger/input_Zarejestruj konto_passwordLogin'

2021-12-19 15:01:32 - [MESSAGE][PASSED] - Text ****** has been set on object 'Object Repository/Page_PSTO webMessenger/input_Zarejestruj konto_passwordLogin'

2021-12-19 15:01:32 - [TEST_STEP][PASSED] - click(findTestObject("Object Repository/Page_PSTO webMessenger/input_Zarejestruj konto_login")): Object: 'Object Repository/Page_PSTO webMessenger/input_Zarejestruj konto_login' is clicked on

2021-12-19 15:01:32 - [MESSAGE][PASSED] - Object: 'Object Repository/Page_PSTO webMessenger/input_Zarejestruj konto_login' is clicked on

2021-12-19 15:01:32 - [TEST_STEP][PASSED] - click(findTestObject("Page_PSTO webMessenger - Zalogowano/div_Leszek Kowalski")): Object: 'Object Repository/Page_PSTO webMessenger - Zalogowano/div_Leszek Kowalski' is clicked on

2021-12-19 15:01:33 - [MESSAGE][PASSED] - Object: 'Object Repository/Page_PSTO webMessenger - Zalogowano/div_Leszek Kowalski' is clicked on

2021-12-19 15:01:33 - [TEST_STEP][PASSED] - setText(findTestObject("Page_PSTO webMessenger - Zalogowano/input_Leszek Kowalski_messageInput"), "proba"): Text 'proba' is set on object 'Object Repository/Page_PSTO webMessenger - Zalogowano/input_Leszek Kowalski_messageInput'

2021-12-19 15:01:35 - [MESSAGE][PASSED] - Text 'proba' is set on object 'Object Repository/Page_PSTO webMessenger - Zalogowano/input_Leszek Kowalski_messageInput'

2021-12-19 15:01:35 - [TEST_STEP][PASSED] - click(findTestObject("Page_PSTO webMessenger - Zalogowano/img_Leszek Kowalski_sendButton")): Object: 'Object Repository/Page_PSTO webMessenger - Zalogowano/img_Leszek Kowalski_sendButton' is clicked on

2021-12-19 15:01:36 - [MESSAGE][PASSED] - Object: 'Object Repository/Page_PSTO webMessenger - Zalogowano/img_Leszek Kowalski_sendButton' is clicked on

2021-12-19 15:01:36 - [TEST_STEP][PASSED] - for (def index : (1..400)): Object: 'Object Repository/Page_PSTO webMessenger - Zalogowano/img_Leszek Kowalski_sendButton' is clicked on

2021-12-19 15:01:36 - [TEST_STEP][PASSED] - setText(findTestObject("Page_PSTO webMessenger - Zalogowano/input_Leszek Kowalski_messageInput"), "e"): Text 'e' is set on object 'Object Repository/Page_PSTO webMessenger - Zalogowano/input_Leszek Kowalski_messageInput'

2021-12-19 15:01:37 - [MESSAGE][PASSED] - Text 'e' is set on object 'Object Repository/Page_PSTO webMessenger - Zalogowano/input_Leszek Kowalski_messageInput'

2021-12-19 15:01:37 - [TEST_STEP][PASSED] - click(findTestObject("Page_PSTO webMessenger - Zalogowano/img_Leszek Kowalski_sendButton")): Object: 'Object Repository/Page_PSTO webMessenger - Zalogowano/img_Leszek Kowalski_sendButton' is clicked on

2021-12-19 15:01:37 - [MESSAGE][PASSED] - Object: 'Object Repository/Page_PSTO webMessenger - Zalogowano/img_Leszek Kowalski_sendButton' is clicked on

2021-12-19 15:01:37 - [TEST_STEP][PASSED] - setText(findTestObject("Page_PSTO webMessenger - Zalogowano/input_Leszek Kowalski_messageInput"), "e"): Text 'e' is set on object 'Object Repository/Page_PSTO webMessenger - Zalogowano/input_Leszek Kowalski_messageInput'

2021-12-19 15:01:38 - [MESSAGE][PASSED] - Text 'e' is set on object 'Object Repository/Page_PSTO webMessenger - Zalogowano/input_Leszek Kowalski_messageInput'

2021-12-19 15:01:38 - [TEST_STEP][PASSED] - click(findTestObject("Page_PSTO webMessenger - Zalogowano/img_Leszek Kowalski_sendButton")): Object: 'Object Repository/Page_PSTO webMessenger - Zalogowano/img_Leszek Kowalski_sendButton' is clicked on

2021-12-19 15:01:39 - [MESSAGE][PASSED] - Object: 'Object Repository/Page_PSTO webMessenger - Zalogowano/img_Leszek Kowalski_sendButton' is clicked on

2021-12-19 15:01:39 - [TEST_STEP][PASSED] - setText(findTestObject("Page_PSTO webMessenger - Zalogowano/input_Leszek Kowalski_messageInput"), "e"): Text 'e' is set on object 'Object Repository/Page_PSTO webMessenger - Zalogowano/input_Leszek Kowalski_messageInput'

2021-12-19 15:01:39 - [MESSAGE][PASSED] - Text 'e' is set on object 'Object Repository/Page_PSTO webMessenger - Zalogowano/input_Leszek Kowalski_messageInput'

2021-12-19 15:01:39 - [TEST_STEP][PASSED] - click(findTestObject("Page_PSTO webMessenger - Zalogowano/img_Leszek Kowalski_sendButton")): Object: 'Object Repository/Page_PSTO webMessenger - Zalogowano/img_Leszek Kowalski_sendButton' is clicked on

2021-12-19 15:01:40 - [MESSAGE][PASSED] - Object: 'Object Repository/Page_PSTO webMessenger - Zalogowano/img_Leszek Kowalski_sendButton' is clicked on

2021-12-19 15:01:40 - [TEST_STEP][PASSED] - setText(findTestObject("Page_PSTO webMessenger - Zalogowano/input_Leszek Kowalski_messageInput"), "e"): Text 'e' is set on object 'Object Repository/Page_PSTO webMessenger - Zalogowano/input_Leszek Kowalski_messageInput'

2021-12-19 15:01:42 - [MESSAGE][PASSED] - Text 'e' is set on object 'Object Repository/Page_PSTO webMessenger - Zalogowano/input_Leszek Kowalski_messageInput'

2021-12-19 15:01:42 - [TEST_STEP][PASSED] - click(findTestObject("Page_PSTO webMessenger - Zalogowano/img_Leszek Kowalski_sendButton")): Object: 'Object Repository/Page_PSTO webMessenger - Zalogowano/img_Leszek Kowalski_sendButton' is clicked on

2021-12-19 15:01:42 - [MESSAGE][PASSED] - Object: 'Object Repository/Page_PSTO webMessenger - Zalogowano/img_Leszek Kowalski_sendButton' is clicked on

2021-12-19 15:01:42 - [TEST_STEP][PASSED] - setText(findTestObject("Page_PSTO webMessenger - Zalogowano/input_Leszek Kowalski_messageInput"), "e"): Text 'e' is set on object 'Object Repository/Page_PSTO webMessenger - Zalogowano/input_Leszek Kowalski_messageInput'

2021-12-19 15:01:43 - [MESSAGE][PASSED] - Text 'e' is set on object 'Object Repository/Page_PSTO webMessenger - Zalogowano/input_Leszek Kowalski_messageInput'

2021-12-19 15:01:43 - [TEST_STEP][PASSED] - click(findTestObject("Page_PSTO webMessenger - Zalogowano/img_Leszek Kowalski_sendButton")): Object: 'Object Repository/Page_PSTO webMessenger - Zalogowano/img_Leszek Kowalski_sendButton' is clicked on

2021-12-19 15:01:44 - [MESSAGE][PASSED] - Object: 'Object Repository/Page_PSTO webMessenger - Zalogowano/img_Leszek Kowalski_sendButton' is clicked on

2021-12-19 15:01:44 - [TEST_STEP][PASSED] - setText(findTestObject("Page_PSTO webMessenger - Zalogowano/input_Leszek Kowalski_messageInput"), "e"): Text 'e' is set on object 'Object Repository/Page_PSTO webMessenger - Zalogowano/input_Leszek Kowalski_messageInput'

2021-12-19 15:01:44 - [MESSAGE][PASSED] - Text 'e' is set on object 'Object Repository/Page_PSTO webMessenger - Zalogowano/input_Leszek Kowalski_messageInput'

2021-12-19 15:01:44 - [TEST_STEP][PASSED] - click(findTestObject("Page_PSTO webMessenger - Zalogowano/img_Leszek Kowalski_sendButton")): Object: 'Object Repository/Page_PSTO webMessenger - Zalogowano/img_Leszek Kowalski_sendButton' is clicked on

2021-12-19 15:01:45 - [MESSAGE][PASSED] - Object: 'Object Repository/Page_PSTO webMessenger - Zalogowano/img_Leszek Kowalski_sendButton' is clicked on

2021-12-19 15:01:45 - [TEST_STEP][PASSED] - setText(findTestObject("Page_PSTO webMessenger - Zalogowano/input_Leszek Kowalski_messageInput"), "e"): Text 'e' is set on object 'Object Repository/Page_PSTO webMessenger - Zalogowano/input_Leszek Kowalski_messageInput'

2021-12-19 15:01:47 - [MESSAGE][PASSED] - Text 'e' is set on object 'Object Repository/Page_PSTO webMessenger - Zalogowano/input_Leszek Kowalski_messageInput'

2021-12-19 15:01:47 - [TEST_STEP][PASSED] - click(findTestObject("Page_PSTO webMessenger - Zalogowano/img_Leszek Kowalski_sendButton")): Object: 'Object Repository/Page_PSTO webMessenger - Zalogowano/img_Leszek Kowalski_sendButton' is clicked on

2021-12-19 15:01:47 - [MESSAGE][PASSED] - Object: 'Object Repository/Page_PSTO webMessenger - Zalogowano/img_Leszek Kowalski_sendButton' is clicked on

2021-12-19 15:01:47 - [TEST_STEP][PASSED] - setText(findTestObject("Page_PSTO webMessenger - Zalogowano/input_Leszek Kowalski_messageInput"), "e"): Text 'e' is set on object 'Object Repository/Page_PSTO webMessenger - Zalogowano/input_Leszek Kowalski_messageInput'

2021-12-19 15:01:48 - [MESSAGE][PASSED] - Text 'e' is set on object 'Object Repository/Page_PSTO webMessenger - Zalogowano/input_Leszek Kowalski_messageInput'

2021-12-19 15:01:48 - [TEST_STEP][PASSED] - click(findTestObject("Page_PSTO webMessenger - Zalogowano/img_Leszek Kowalski_sendButton")): Object: 'Object Repository/Page_PSTO webMessenger - Zalogowano/img_Leszek Kowalski_sendButton' is clicked on

2021-12-19 15:01:49 - [MESSAGE][PASSED] - Object: 'Object Repository/Page_PSTO webMessenger - Zalogowano/img_Leszek Kowalski_sendButton' is clicked on

2021-12-19 15:01:49 - [TEST_STEP][PASSED] - setText(findTestObject("Page_PSTO webMessenger - Zalogowano/input_Leszek Kowalski_messageInput"), "e"): Text 'e' is set on object 'Object Repository/Page_PSTO webMessenger - Zalogowano/input_Leszek Kowalski_messageInput'

2021-12-19 15:01:49 - [MESSAGE][PASSED] - Text 'e' is set on object 'Object Repository/Page_PSTO webMessenger - Zalogowano/input_Leszek Kowalski_messageInput'

2021-12-19 15:01:49 - [TEST_STEP][PASSED] - click(findTestObject("Page_PSTO webMessenger - Zalogowano/img_Leszek Kowalski_sendButton")): Object: 'Object Repository/Page_PSTO webMessenger - Zalogowano/img_Leszek Kowalski_sendButton' is clicked on

2021-12-19 15:01:50 - [MESSAGE][PASSED] - Object: 'Object Repository/Page_PSTO webMessenger - Zalogowano/img_Leszek Kowalski_sendButton' is clicked on

2021-12-19 15:01:50 - [TEST_STEP][PASSED] - setText(findTestObject("Page_PSTO webMessenger - Zalogowano/input_Leszek Kowalski_messageInput"), "e"): Text 'e' is set on object 'Object Repository/Page_PSTO webMessenger - Zalogowano/input_Leszek Kowalski_messageInput'

2021-12-19 15:01:52 - [MESSAGE][PASSED] - Text 'e' is set on object 'Object Repository/Page_PSTO webMessenger - Zalogowano/input_Leszek Kowalski_messageInput'

2021-12-19 15:01:52 - [TEST_STEP][PASSED] - click(findTestObject("Page_PSTO webMessenger - Zalogowano/img_Leszek Kowalski_sendButton")): Object: 'Object Repository/Page_PSTO webMessenger - Zalogowano/img_Leszek Kowalski_sendButton' is clicked on

2021-12-19 15:01:52 - [MESSAGE][PASSED] - Object: 'Object Repository/Page_PSTO webMessenger - Zalogowano/img_Leszek Kowalski_sendButton' is clicked on

2021-12-19 15:01:52 - [TEST_STEP][PASSED] - setText(findTestObject("Page_PSTO webMessenger - Zalogowano/input_Leszek Kowalski_messageInput"), "e"): Text 'e' is set on object 'Object Repository/Page_PSTO webMessenger - Zalogowano/input_Leszek Kowalski_messageInput'

2021-12-19 15:01:53 - [MESSAGE][PASSED] - Text 'e' is set on object 'Object Repository/Page_PSTO webMessenger - Zalogowano/input_Leszek Kowalski_messageInput'

2021-12-19 15:01:53 - [TEST_STEP][PASSED] - click(findTestObject("Page_PSTO webMessenger - Zalogowano/img_Leszek Kowalski_sendButton")): Object: 'Object Repository/Page_PSTO webMessenger - Zalogowano/img_Leszek Kowalski_sendButton' is clicked on

2021-12-19 15:01:54 - [MESSAGE][PASSED] - Object: 'Object Repository/Page_PSTO webMessenger - Zalogowano/img_Leszek Kowalski_sendButton' is clicked on

2021-12-19 15:01:54 - [TEST_STEP][PASSED] - setText(findTestObject("Page_PSTO webMessenger - Zalogowano/input_Leszek Kowalski_messageInput"), "e"): Text 'e' is set on object 'Object Repository/Page_PSTO webMessenger - Zalogowano/input_Leszek Kowalski_messageInput'

2021-12-19 15:01:54 - [MESSAGE][PASSED] - Text 'e' is set on object 'Object Repository/Page_PSTO webMessenger - Zalogowano/input_Leszek Kowalski_messageInput'

2021-12-19 15:01:54 - [TEST_STEP][PASSED] - click(findTestObject("Page_PSTO webMessenger - Zalogowano/img_Leszek Kowalski_sendButton")): Object: 'Object Repository/Page_PSTO webMessenger - Zalogowano/img_Leszek Kowalski_sendButton' is clicked on

2021-12-19 15:01:55 - [MESSAGE][PASSED] - Object: 'Object Repository/Page_PSTO webMessenger - Zalogowano/img_Leszek Kowalski_sendButton' is clicked on

2021-12-19 15:01:55 - [TEST_STEP][PASSED] - setText(findTestObject("Page_PSTO webMessenger - Zalogowano/input_Leszek Kowalski_messageInput"), "e"): Text 'e' is set on object 'Object Repository/Page_PSTO webMessenger - Zalogowano/input_Leszek Kowalski_messageInput'

2021-12-19 15:01:57 - [MESSAGE][PASSED] - Text 'e' is set on object 'Object Repository/Page_PSTO webMessenger - Zalogowano/input_Leszek Kowalski_messageInput'

2021-12-19 15:01:57 - [TEST_STEP][PASSED] - click(findTestObject("Page_PSTO webMessenger - Zalogowano/img_Leszek Kowalski_sendButton")): Object: 'Object Repository/Page_PSTO webMessenger - Zalogowano/img_Leszek Kowalski_sendButton' is clicked on

2021-12-19 15:01:57 - [MESSAGE][PASSED] - Object: 'Object Repository/Page_PSTO webMessenger - Zalogowano/img_Leszek Kowalski_sendButton' is clicked on

2021-12-19 15:01:57 - [TEST_STEP][PASSED] - setText(findTestObject("Page_PSTO webMessenger - Zalogowano/input_Leszek Kowalski_messageInput"), "e"): Text 'e' is set on object 'Object Repository/Page_PSTO webMessenger - Zalogowano/input_Leszek Kowalski_messageInput'

2021-12-19 15:01:58 - [MESSAGE][PASSED] - Text 'e' is set on object 'Object Repository/Page_PSTO webMessenger - Zalogowano/input_Leszek Kowalski_messageInput'

2021-12-19 15:01:58 - [TEST_STEP][PASSED] - click(findTestObject("Page_PSTO webMessenger - Zalogowano/img_Leszek Kowalski_sendButton")): Object: 'Object Repository/Page_PSTO webMessenger - Zalogowano/img_Leszek Kowalski_sendButton' is clicked on

2021-12-19 15:01:59 - [MESSAGE][PASSED] - Object: 'Object Repository/Page_PSTO webMessenger - Zalogowano/img_Leszek Kowalski_sendButton' is clicked on

2021-12-19 15:01:59 - [TEST_STEP][PASSED] - setText(findTestObject("Page_PSTO webMessenger - Zalogowano/input_Leszek Kowalski_messageInput"), "e"): Text 'e' is set on object 'Object Repository/Page_PSTO webMessenger - Zalogowano/input_Leszek Kowalski_messageInput'

2021-12-19 15:01:59 - [MESSAGE][PASSED] - Text 'e' is set on object 'Object Repository/Page_PSTO webMessenger - Zalogowano/input_Leszek Kowalski_messageInput'

2021-12-19 15:01:59 - [TEST_STEP][PASSED] - click(findTestObject("Page_PSTO webMessenger - Zalogowano/img_Leszek Kowalski_sendButton")): Object: 'Object Repository/Page_PSTO webMessenger - Zalogowano/img_Leszek Kowalski_sendButton' is clicked on

2021-12-19 15:02:00 - [MESSAGE][PASSED] - Object: 'Object Repository/Page_PSTO webMessenger - Zalogowano/img_Leszek Kowalski_sendButton' is clicked on

2021-12-19 15:02:00 - [TEST_STEP][PASSED] - setText(findTestObject("Page_PSTO webMessenger - Zalogowano/input_Leszek Kowalski_messageInput"), "e"): Text 'e' is set on object 'Object Repository/Page_PSTO webMessenger - Zalogowano/input_Leszek Kowalski_messageInput'

2021-12-19 15:02:02 - [MESSAGE][PASSED] - Text 'e' is set on object 'Object Repository/Page_PSTO webMessenger - Zalogowano/input_Leszek Kowalski_messageInput'

2021-12-19 15:02:02 - [TEST_STEP][PASSED] - click(findTestObject("Page_PSTO webMessenger - Zalogowano/img_Leszek Kowalski_sendButton")): Object: 'Object Repository/Page_PSTO webMessenger - Zalogowano/img_Leszek Kowalski_sendButton' is clicked on

2021-12-19 15:02:02 - [MESSAGE][PASSED] - Object: 'Object Repository/Page_PSTO webMessenger - Zalogowano/img_Leszek Kowalski_sendButton' is clicked on

2021-12-19 15:02:02 - [TEST_STEP][PASSED] - setText(findTestObject("Page_PSTO webMessenger - Zalogowano/input_Leszek Kowalski_messageInput"), "e"): Text 'e' is set on object 'Object Repository/Page_PSTO webMessenger - Zalogowano/input_Leszek Kowalski_messageInput'

2021-12-19 15:02:03 - [MESSAGE][PASSED] - Text 'e' is set on object 'Object Repository/Page_PSTO webMessenger - Zalogowano/input_Leszek Kowalski_messageInput'

2021-12-19 15:02:03 - [TEST_STEP][PASSED] - click(findTestObject("Page_PSTO webMessenger - Zalogowano/img_Leszek Kowalski_sendButton")): Object: 'Object Repository/Page_PSTO webMessenger - Zalogowano/img_Leszek Kowalski_sendButton' is clicked on

2021-12-19 15:02:04 - [MESSAGE][PASSED] - Object: 'Object Repository/Page_PSTO webMessenger - Zalogowano/img_Leszek Kowalski_sendButton' is clicked on

2021-12-19 15:02:04 - [TEST_STEP][PASSED] - setText(findTestObject("Page_PSTO webMessenger - Zalogowano/input_Leszek Kowalski_messageInput"), "e"): Text 'e' is set on object 'Object Repository/Page_PSTO webMessenger - Zalogowano/input_Leszek Kowalski_messageInput'

2021-12-19 15:02:04 - [MESSAGE][PASSED] - Text 'e' is set on object 'Object Repository/Page_PSTO webMessenger - Zalogowano/input_Leszek Kowalski_messageInput'

2021-12-19 15:02:04 - [TEST_STEP][PASSED] - click(findTestObject("Page_PSTO webMessenger - Zalogowano/img_Leszek Kowalski_sendButton")): Object: 'Object Repository/Page_PSTO webMessenger - Zalogowano/img_Leszek Kowalski_sendButton' is clicked on

2021-12-19 15:02:05 - [MESSAGE][PASSED] - Object: 'Object Repository/Page_PSTO webMessenger - Zalogowano/img_Leszek Kowalski_sendButton' is clicked on

2021-12-19 15:02:05 - [TEST_STEP][PASSED] - setText(findTestObject("Page_PSTO webMessenger - Zalogowano/input_Leszek Kowalski_messageInput"), "e"): Text 'e' is set on object 'Object Repository/Page_PSTO webMessenger - Zalogowano/input_Leszek Kowalski_messageInput'

2021-12-19 15:02:06 - [MESSAGE][PASSED] - Text 'e' is set on object 'Object Repository/Page_PSTO webMessenger - Zalogowano/input_Leszek Kowalski_messageInput'

2021-12-19 15:02:06 - [TEST_STEP][PASSED] - click(findTestObject("Page_PSTO webMessenger - Zalogowano/img_Leszek Kowalski_sendButton")): Object: 'Object Repository/Page_PSTO webMessenger - Zalogowano/img_Leszek Kowalski_sendButton' is clicked on

2021-12-19 15:02:07 - [MESSAGE][PASSED] - Object: 'Object Repository/Page_PSTO webMessenger - Zalogowano/img_Leszek Kowalski_sendButton' is clicked on

2021-12-19 15:02:07 - [TEST_STEP][PASSED] - setText(findTestObject("Page_PSTO webMessenger - Zalogowano/input_Leszek Kowalski_messageInput"), "e"): Text 'e' is set on object 'Object Repository/Page_PSTO webMessenger - Zalogowano/input_Leszek Kowalski_messageInput'

2021-12-19 15:02:08 - [MESSAGE][PASSED] - Text 'e' is set on object 'Object Repository/Page_PSTO webMessenger - Zalogowano/input_Leszek Kowalski_messageInput'

2021-12-19 15:02:08 - [TEST_STEP][PASSED] - click(findTestObject("Page_PSTO webMessenger - Zalogowano/img_Leszek Kowalski_sendButton")): Object: 'Object Repository/Page_PSTO webMessenger - Zalogowano/img_Leszek Kowalski_sendButton' is clicked on

2021-12-19 15:02:08 - [MESSAGE][PASSED] - Object: 'Object Repository/Page_PSTO webMessenger - Zalogowano/img_Leszek Kowalski_sendButton' is clicked on

2021-12-19 15:02:08 - [TEST_STEP][PASSED] - setText(findTestObject("Page_PSTO webMessenger - Zalogowano/input_Leszek Kowalski_messageInput"), "e"): Text 'e' is set on object 'Object Repository/Page_PSTO webMessenger - Zalogowano/input_Leszek Kowalski_messageInput'

2021-12-19 15:02:09 - [MESSAGE][PASSED] - Text 'e' is set on object 'Object Repository/Page_PSTO webMessenger - Zalogowano/input_Leszek Kowalski_messageInput'

2021-12-19 15:02:09 - [TEST_STEP][PASSED] - click(findTestObject("Page_PSTO webMessenger - Zalogowano/img_Leszek Kowalski_sendButton")): Object: 'Object Repository/Page_PSTO webMessenger - Zalogowano/img_Leszek Kowalski_sendButton' is clicked on

2021-12-19 15:02:10 - [MESSAGE][PASSED] - Object: 'Object Repository/Page_PSTO webMessenger - Zalogowano/img_Leszek Kowalski_sendButton' is clicked on

2021-12-19 15:02:10 - [TEST_STEP][PASSED] - setText(findTestObject("Page_PSTO webMessenger - Zalogowano/input_Leszek Kowalski_messageInput"), "e"): Text 'e' is set on object 'Object Repository/Page_PSTO webMessenger - Zalogowano/input_Leszek Kowalski_messageInput'

2021-12-19 15:02:11 - [MESSAGE][PASSED] - Text 'e' is set on object 'Object Repository/Page_PSTO webMessenger - Zalogowano/input_Leszek Kowalski_messageInput'

2021-12-19 15:02:11 - [TEST_STEP][PASSED] - click(findTestObject("Page_PSTO webMessenger - Zalogowano/img_Leszek Kowalski_sendButton")): Object: 'Object Repository/Page_PSTO webMessenger - Zalogowano/img_Leszek Kowalski_sendButton' is clicked on

2021-12-19 15:02:12 - [MESSAGE][PASSED] - Object: 'Object Repository/Page_PSTO webMessenger - Zalogowano/img_Leszek Kowalski_sendButton' is clicked on

2021-12-19 15:02:12 - [TEST_STEP][PASSED] - setText(findTestObject("Page_PSTO webMessenger - Zalogowano/input_Leszek Kowalski_messageInput"), "e"): Text 'e' is set on object 'Object Repository/Page_PSTO webMessenger - Zalogowano/input_Leszek Kowalski_messageInput'

2021-12-19 15:02:13 - [MESSAGE][PASSED] - Text 'e' is set on object 'Object Repository/Page_PSTO webMessenger - Zalogowano/input_Leszek Kowalski_messageInput'

2021-12-19 15:02:13 - [TEST_STEP][PASSED] - click(findTestObject("Page_PSTO webMessenger - Zalogowano/img_Leszek Kowalski_sendButton")): Object: 'Object Repository/Page_PSTO webMessenger - Zalogowano/img_Leszek Kowalski_sendButton' is clicked on

2021-12-19 15:02:13 - [MESSAGE][PASSED] - Object: 'Object Repository/Page_PSTO webMessenger - Zalogowano/img_Leszek Kowalski_sendButton' is clicked on

2021-12-19 15:02:13 - [TEST_STEP][PASSED] - setText(findTestObject("Page_PSTO webMessenger - Zalogowano/input_Leszek Kowalski_messageInput"), "e"): Text 'e' is set on object 'Object Repository/Page_PSTO webMessenger - Zalogowano/input_Leszek Kowalski_messageInput'

2021-12-19 15:02:14 - [MESSAGE][PASSED] - Text 'e' is set on object 'Object Repository/Page_PSTO webMessenger - Zalogowano/input_Leszek Kowalski_messageInput'

2021-12-19 15:02:14 - [TEST_STEP][PASSED] - click(findTestObject("Page_PSTO webMessenger - Zalogowano/img_Leszek Kowalski_sendButton")): Object: 'Object Repository/Page_PSTO webMessenger - Zalogowano/img_Leszek Kowalski_sendButton' is clicked on

2021-12-19 15:02:15 - [MESSAGE][PASSED] - Object: 'Object Repository/Page_PSTO webMessenger - Zalogowano/img_Leszek Kowalski_sendButton' is clicked on

2021-12-19 15:02:15 - [TEST_STEP][PASSED] - setText(findTestObject("Page_PSTO webMessenger - Zalogowano/input_Leszek Kowalski_messageInput"), "e"): Text 'e' is set on object 'Object Repository/Page_PSTO webMessenger - Zalogowano/input_Leszek Kowalski_messageInput'

2021-12-19 15:02:17 - [MESSAGE][PASSED] - Text 'e' is set on object 'Object Repository/Page_PSTO webMessenger - Zalogowano/input_Leszek Kowalski_messageInput'

2021-12-19 15:02:17 - [TEST_STEP][PASSED] - click(findTestObject("Page_PSTO webMessenger - Zalogowano/img_Leszek Kowalski_sendButton")): Object: 'Object Repository/Page_PSTO webMessenger - Zalogowano/img_Leszek Kowalski_sendButton' is clicked on

2021-12-19 15:02:17 - [MESSAGE][PASSED] - Object: 'Object Repository/Page_PSTO webMessenger - Zalogowano/img_Leszek Kowalski_sendButton' is clicked on

2021-12-19 15:02:17 - [TEST_STEP][PASSED] - setText(findTestObject("Page_PSTO webMessenger - Zalogowano/input_Leszek Kowalski_messageInput"), "e"): Text 'e' is set on object 'Object Repository/Page_PSTO webMessenger - Zalogowano/input_Leszek Kowalski_messageInput'

2021-12-19 15:02:18 - [MESSAGE][PASSED] - Text 'e' is set on object 'Object Repository/Page_PSTO webMessenger - Zalogowano/input_Leszek Kowalski_messageInput'

2021-12-19 15:02:18 - [TEST_STEP][PASSED] - click(findTestObject("Page_PSTO webMessenger - Zalogowano/img_Leszek Kowalski_sendButton")): Object: 'Object Repository/Page_PSTO webMessenger - Zalogowano/img_Leszek Kowalski_sendButton' is clicked on

2021-12-19 15:02:18 - [MESSAGE][PASSED] - Object: 'Object Repository/Page_PSTO webMessenger - Zalogowano/img_Leszek Kowalski_sendButton' is clicked on

2021-12-19 15:02:18 - [TEST_STEP][PASSED] - setText(findTestObject("Page_PSTO webMessenger - Zalogowano/input_Leszek Kowalski_messageInput"), "e"): Text 'e' is set on object 'Object Repository/Page_PSTO webMessenger - Zalogowano/input_Leszek Kowalski_messageInput'

2021-12-19 15:02:19 - [MESSAGE][PASSED] - Text 'e' is set on object 'Object Repository/Page_PSTO webMessenger - Zalogowano/input_Leszek Kowalski_messageInput'

2021-12-19 15:02:19 - [TEST_STEP][PASSED] - click(findTestObject("Page_PSTO webMessenger - Zalogowano/img_Leszek Kowalski_sendButton")): Object: 'Object Repository/Page_PSTO webMessenger - Zalogowano/img_Leszek Kowalski_sendButton' is clicked on

2021-12-19 15:02:20 - [MESSAGE][PASSED] - Object: 'Object Repository/Page_PSTO webMessenger - Zalogowano/img_Leszek Kowalski_sendButton' is clicked on

2021-12-19 15:02:20 - [TEST_STEP][PASSED] - setText(findTestObject("Page_PSTO webMessenger - Zalogowano/input_Leszek Kowalski_messageInput"), "e"): Text 'e' is set on object 'Object Repository/Page_PSTO webMessenger - Zalogowano/input_Leszek Kowalski_messageInput'

2021-12-19 15:02:21 - [MESSAGE][PASSED] - Text 'e' is set on object 'Object Repository/Page_PSTO webMessenger - Zalogowano/input_Leszek Kowalski_messageInput'

2021-12-19 15:02:21 - [TEST_STEP][PASSED] - click(findTestObject("Page_PSTO webMessenger - Zalogowano/img_Leszek Kowalski_sendButton")): Object: 'Object Repository/Page_PSTO webMessenger - Zalogowano/img_Leszek Kowalski_sendButton' is clicked on

2021-12-19 15:02:22 - [MESSAGE][PASSED] - Object: 'Object Repository/Page_PSTO webMessenger - Zalogowano/img_Leszek Kowalski_sendButton' is clicked on

2021-12-19 15:02:22 - [TEST_STEP][PASSED] - setText(findTestObject("Page_PSTO webMessenger - Zalogowano/input_Leszek Kowalski_messageInput"), "e"): Text 'e' is set on object 'Object Repository/Page_PSTO webMessenger - Zalogowano/input_Leszek Kowalski_messageInput'

2021-12-19 15:02:23 - [MESSAGE][PASSED] - Text 'e' is set on object 'Object Repository/Page_PSTO webMessenger - Zalogowano/input_Leszek Kowalski_messageInput'

2021-12-19 15:02:23 - [TEST_STEP][PASSED] - click(findTestObject("Page_PSTO webMessenger - Zalogowano/img_Leszek Kowalski_sendButton")): Object: 'Object Repository/Page_PSTO webMessenger - Zalogowano/img_Leszek Kowalski_sendButton' is clicked on

2021-12-19 15:02:23 - [MESSAGE][PASSED] - Object: 'Object Repository/Page_PSTO webMessenger - Zalogowano/img_Leszek Kowalski_sendButton' is clicked on

2021-12-19 15:02:23 - [TEST_STEP][PASSED] - setText(findTestObject("Page_PSTO webMessenger - Zalogowano/input_Leszek Kowalski_messageInput"), "e"): Text 'e' is set on object 'Object Repository/Page_PSTO webMessenger - Zalogowano/input_Leszek Kowalski_messageInput'

2021-12-19 15:02:24 - [MESSAGE][PASSED] - Text 'e' is set on object 'Object Repository/Page_PSTO webMessenger - Zalogowano/input_Leszek Kowalski_messageInput'

2021-12-19 15:02:24 - [TEST_STEP][PASSED] - click(findTestObject("Page_PSTO webMessenger - Zalogowano/img_Leszek Kowalski_sendButton")): Object: 'Object Repository/Page_PSTO webMessenger - Zalogowano/img_Leszek Kowalski_sendButton' is clicked on

2021-12-19 15:02:25 - [MESSAGE][PASSED] - Object: 'Object Repository/Page_PSTO webMessenger - Zalogowano/img_Leszek Kowalski_sendButton' is clicked on

2021-12-19 15:02:25 - [TEST_STEP][PASSED] - setText(findTestObject("Page_PSTO webMessenger - Zalogowano/input_Leszek Kowalski_messageInput"), "e"): Text 'e' is set on object 'Object Repository/Page_PSTO webMessenger - Zalogowano/input_Leszek Kowalski_messageInput'

2021-12-19 15:02:25 - [MESSAGE][PASSED] - Text 'e' is set on object 'Object Repository/Page_PSTO webMessenger - Zalogowano/input_Leszek Kowalski_messageInput'

2021-12-19 15:02:25 - [TEST_STEP][PASSED] - click(findTestObject("Page_PSTO webMessenger - Zalogowano/img_Leszek Kowalski_sendButton")): Object: 'Object Repository/Page_PSTO webMessenger - Zalogowano/img_Leszek Kowalski_sendButton' is clicked on

2021-12-19 15:02:27 - [MESSAGE][PASSED] - Object: 'Object Repository/Page_PSTO webMessenger - Zalogowano/img_Leszek Kowalski_sendButton' is clicked on

2021-12-19 15:02:27 - [TEST_STEP][PASSED] - setText(findTestObject("Page_PSTO webMessenger - Zalogowano/input_Leszek Kowalski_messageInput"), "e"): Text 'e' is set on object 'Object Repository/Page_PSTO webMessenger - Zalogowano/input_Leszek Kowalski_messageInput'

2021-12-19 15:02:28 - [MESSAGE][PASSED] - Text 'e' is set on object 'Object Repository/Page_PSTO webMessenger - Zalogowano/input_Leszek Kowalski_messageInput'

2021-12-19 15:02:28 - [TEST_STEP][PASSED] - click(findTestObject("Page_PSTO webMessenger - Zalogowano/img_Leszek Kowalski_sendButton")): Object: 'Object Repository/Page_PSTO webMessenger - Zalogowano/img_Leszek Kowalski_sendButton' is clicked on

2021-12-19 15:02:28 - [MESSAGE][PASSED] - Object: 'Object Repository/Page_PSTO webMessenger - Zalogowano/img_Leszek Kowalski_sendButton' is clicked on

2021-12-19 15:02:28 - [TEST_STEP][PASSED] - setText(findTestObject("Page_PSTO webMessenger - Zalogowano/input_Leszek Kowalski_messageInput"), "e"): Text 'e' is set on object 'Object Repository/Page_PSTO webMessenger - Zalogowano/input_Leszek Kowalski_messageInput'

2021-12-19 15:02:29 - [MESSAGE][PASSED] - Text 'e' is set on object 'Object Repository/Page_PSTO webMessenger - Zalogowano/input_Leszek Kowalski_messageInput'

2021-12-19 15:02:29 - [TEST_STEP][PASSED] - click(findTestObject("Page_PSTO webMessenger - Zalogowano/img_Leszek Kowalski_sendButton")): Object: 'Object Repository/Page_PSTO webMessenger - Zalogowano/img_Leszek Kowalski_sendButton' is clicked on

2021-12-19 15:02:30 - [MESSAGE][PASSED] - Object: 'Object Repository/Page_PSTO webMessenger - Zalogowano/img_Leszek Kowalski_sendButton' is clicked on

2021-12-19 15:02:30 - [TEST_STEP][PASSED] - setText(findTestObject("Page_PSTO webMessenger - Zalogowano/input_Leszek Kowalski_messageInput"), "e"): Text 'e' is set on object 'Object Repository/Page_PSTO webMessenger - Zalogowano/input_Leszek Kowalski_messageInput'

2021-12-19 15:02:31 - [MESSAGE][PASSED] - Text 'e' is set on object 'Object Repository/Page_PSTO webMessenger - Zalogowano/input_Leszek Kowalski_messageInput'

2021-12-19 15:02:31 - [TEST_STEP][PASSED] - click(findTestObject("Page_PSTO webMessenger - Zalogowano/img_Leszek Kowalski_sendButton")): Object: 'Object Repository/Page_PSTO webMessenger - Zalogowano/img_Leszek Kowalski_sendButton' is clicked on

2021-12-19 15:02:32 - [MESSAGE][PASSED] - Object: 'Object Repository/Page_PSTO webMessenger - Zalogowano/img_Leszek Kowalski_sendButton' is clicked on

2021-12-19 15:02:32 - [TEST_STEP][PASSED] - setText(findTestObject("Page_PSTO webMessenger - Zalogowano/input_Leszek Kowalski_messageInput"), "e"): Text 'e' is set on object 'Object Repository/Page_PSTO webMessenger - Zalogowano/input_Leszek Kowalski_messageInput'

2021-12-19 15:02:32 - [MESSAGE][PASSED] - Text 'e' is set on object 'Object Repository/Page_PSTO webMessenger - Zalogowano/input_Leszek Kowalski_messageInput'

2021-12-19 15:02:32 - [TEST_STEP][PASSED] - click(findTestObject("Page_PSTO webMessenger - Zalogowano/img_Leszek Kowalski_sendButton")): Object: 'Object Repository/Page_PSTO webMessenger - Zalogowano/img_Leszek Kowalski_sendButton' is clicked on

2021-12-19 15:02:33 - [MESSAGE][PASSED] - Object: 'Object Repository/Page_PSTO webMessenger - Zalogowano/img_Leszek Kowalski_sendButton' is clicked on

2021-12-19 15:02:33 - [TEST_STEP][PASSED] - setText(findTestObject("Page_PSTO webMessenger - Zalogowano/input_Leszek Kowalski_messageInput"), "e"): Text 'e' is set on object 'Object Repository/Page_PSTO webMessenger - Zalogowano/input_Leszek Kowalski_messageInput'

2021-12-19 15:02:34 - [MESSAGE][PASSED] - Text 'e' is set on object 'Object Repository/Page_PSTO webMessenger - Zalogowano/input_Leszek Kowalski_messageInput'

2021-12-19 15:02:34 - [TEST_STEP][PASSED] - click(findTestObject("Page_PSTO webMessenger - Zalogowano/img_Leszek Kowalski_sendButton")): Object: 'Object Repository/Page_PSTO webMessenger - Zalogowano/img_Leszek Kowalski_sendButton' is clicked on

2021-12-19 15:02:34 - [MESSAGE][PASSED] - Object: 'Object Repository/Page_PSTO webMessenger - Zalogowano/img_Leszek Kowalski_sendButton' is clicked on

2021-12-19 15:02:34 - [TEST_STEP][PASSED] - setText(findTestObject("Page_PSTO webMessenger - Zalogowano/input_Leszek Kowalski_messageInput"), "e"): Text 'e' is set on object 'Object Repository/Page_PSTO webMessenger - Zalogowano/input_Leszek Kowalski_messageInput'

2021-12-19 15:02:35 - [MESSAGE][PASSED] - Text 'e' is set on object 'Object Repository/Page_PSTO webMessenger - Zalogowano/input_Leszek Kowalski_messageInput'

2021-12-19 15:02:35 - [TEST_STEP][PASSED] - click(findTestObject("Page_PSTO webMessenger - Zalogowano/img_Leszek Kowalski_sendButton")): Object: 'Object Repository/Page_PSTO webMessenger - Zalogowano/img_Leszek Kowalski_sendButton' is clicked on

2021-12-19 15:02:37 - [MESSAGE][PASSED] - Object: 'Object Repository/Page_PSTO webMessenger - Zalogowano/img_Leszek Kowalski_sendButton' is clicked on

2021-12-19 15:02:37 - [TEST_STEP][PASSED] - setText(findTestObject("Page_PSTO webMessenger - Zalogowano/input_Leszek Kowalski_messageInput"), "e"): Text 'e' is set on object 'Object Repository/Page_PSTO webMessenger - Zalogowano/input_Leszek Kowalski_messageInput'

2021-12-19 15:02:37 - [MESSAGE][PASSED] - Text 'e' is set on object 'Object Repository/Page_PSTO webMessenger - Zalogowano/input_Leszek Kowalski_messageInput'

2021-12-19 15:02:37 - [TEST_STEP][PASSED] - click(findTestObject("Page_PSTO webMessenger - Zalogowano/img_Leszek Kowalski_sendButton")): Object: 'Object Repository/Page_PSTO webMessenger - Zalogowano/img_Leszek Kowalski_sendButton' is clicked on

2021-12-19 15:02:38 - [MESSAGE][PASSED] - Object: 'Object Repository/Page_PSTO webMessenger - Zalogowano/img_Leszek Kowalski_sendButton' is clicked on

2021-12-19 15:02:38 - [TEST_STEP][PASSED] - setText(findTestObject("Page_PSTO webMessenger - Zalogowano/input_Leszek Kowalski_messageInput"), "e"): Text 'e' is set on object 'Object Repository/Page_PSTO webMessenger - Zalogowano/input_Leszek Kowalski_messageInput'

2021-12-19 15:02:39 - [MESSAGE][PASSED] - Text 'e' is set on object 'Object Repository/Page_PSTO webMessenger - Zalogowano/input_Leszek Kowalski_messageInput'

2021-12-19 15:02:39 - [TEST_STEP][PASSED] - click(findTestObject("Page_PSTO webMessenger - Zalogowano/img_Leszek Kowalski_sendButton")): Object: 'Object Repository/Page_PSTO webMessenger - Zalogowano/img_Leszek Kowalski_sendButton' is clicked on

2021-12-19 15:02:39 - [MESSAGE][PASSED] - Object: 'Object Repository/Page_PSTO webMessenger - Zalogowano/img_Leszek Kowalski_sendButton' is clicked on

2021-12-19 15:02:39 - [TEST_STEP][PASSED] - setText(findTestObject("Page_PSTO webMessenger - Zalogowano/input_Leszek Kowalski_messageInput"), "e"): Text 'e' is set on object 'Object Repository/Page_PSTO webMessenger - Zalogowano/input_Leszek Kowalski_messageInput'

2021-12-19 15:02:40 - [MESSAGE][PASSED] - Text 'e' is set on object 'Object Repository/Page_PSTO webMessenger - Zalogowano/input_Leszek Kowalski_messageInput'

2021-12-19 15:02:40 - [TEST_STEP][PASSED] - click(findTestObject("Page_PSTO webMessenger - Zalogowano/img_Leszek Kowalski_sendButton")): Object: 'Object Repository/Page_PSTO webMessenger - Zalogowano/img_Leszek Kowalski_sendButton' is clicked on

2021-12-19 15:02:42 - [MESSAGE][PASSED] - Object: 'Object Repository/Page_PSTO webMessenger - Zalogowano/img_Leszek Kowalski_sendButton' is clicked on

2021-12-19 15:02:42 - [TEST_STEP][PASSED] - setText(findTestObject("Page_PSTO webMessenger - Zalogowano/input_Leszek Kowalski_messageInput"), "e"): Text 'e' is set on object 'Object Repository/Page_PSTO webMessenger - Zalogowano/input_Leszek Kowalski_messageInput'

2021-12-19 15:02:42 - [MESSAGE][PASSED] - Text 'e' is set on object 'Object Repository/Page_PSTO webMessenger - Zalogowano/input_Leszek Kowalski_messageInput'

2021-12-19 15:02:42 - [TEST_STEP][PASSED] - click(findTestObject("Page_PSTO webMessenger - Zalogowano/img_Leszek Kowalski_sendButton")): Object: 'Object Repository/Page_PSTO webMessenger - Zalogowano/img_Leszek Kowalski_sendButton' is clicked on

2021-12-19 15:02:43 - [MESSAGE][PASSED] - Object: 'Object Repository/Page_PSTO webMessenger - Zalogowano/img_Leszek Kowalski_sendButton' is clicked on

2021-12-19 15:02:43 - [TEST_STEP][PASSED] - setText(findTestObject("Page_PSTO webMessenger - Zalogowano/input_Leszek Kowalski_messageInput"), "e"): Text 'e' is set on object 'Object Repository/Page_PSTO webMessenger - Zalogowano/input_Leszek Kowalski_messageInput'

2021-12-19 15:02:44 - [MESSAGE][PASSED] - Text 'e' is set on object 'Object Repository/Page_PSTO webMessenger - Zalogowano/input_Leszek Kowalski_messageInput'

2021-12-19 15:02:44 - [TEST_STEP][PASSED] - click(findTestObject("Page_PSTO webMessenger - Zalogowano/img_Leszek Kowalski_sendButton")): Object: 'Object Repository/Page_PSTO webMessenger - Zalogowano/img_Leszek Kowalski_sendButton' is clicked on

2021-12-19 15:02:44 - [MESSAGE][PASSED] - Object: 'Object Repository/Page_PSTO webMessenger - Zalogowano/img_Leszek Kowalski_sendButton' is clicked on

2021-12-19 15:02:44 - [TEST_STEP][PASSED] - setText(findTestObject("Page_PSTO webMessenger - Zalogowano/input_Leszek Kowalski_messageInput"), "e"): Text 'e' is set on object 'Object Repository/Page_PSTO webMessenger - Zalogowano/input_Leszek Kowalski_messageInput'

2021-12-19 15:02:45 - [MESSAGE][PASSED] - Text 'e' is set on object 'Object Repository/Page_PSTO webMessenger - Zalogowano/input_Leszek Kowalski_messageInput'

2021-12-19 15:02:45 - [TEST_STEP][PASSED] - click(findTestObject("Page_PSTO webMessenger - Zalogowano/img_Leszek Kowalski_sendButton")): Object: 'Object Repository/Page_PSTO webMessenger - Zalogowano/img_Leszek Kowalski_sendButton' is clicked on

2021-12-19 15:02:47 - [MESSAGE][PASSED] - Object: 'Object Repository/Page_PSTO webMessenger - Zalogowano/img_Leszek Kowalski_sendButton' is clicked on

2021-12-19 15:02:47 - [TEST_STEP][PASSED] - setText(findTestObject("Page_PSTO webMessenger - Zalogowano/input_Leszek Kowalski_messageInput"), "e"): Text 'e' is set on object 'Object Repository/Page_PSTO webMessenger - Zalogowano/input_Leszek Kowalski_messageInput'

2021-12-19 15:02:48 - [MESSAGE][PASSED] - Text 'e' is set on object 'Object Repository/Page_PSTO webMessenger - Zalogowano/input_Leszek Kowalski_messageInput'

2021-12-19 15:02:48 - [TEST_STEP][PASSED] - click(findTestObject("Page_PSTO webMessenger - Zalogowano/img_Leszek Kowalski_sendButton")): Object: 'Object Repository/Page_PSTO webMessenger - Zalogowano/img_Leszek Kowalski_sendButton' is clicked on

2021-12-19 15:02:48 - [MESSAGE][PASSED] - Object: 'Object Repository/Page_PSTO webMessenger - Zalogowano/img_Leszek Kowalski_sendButton' is clicked on

2021-12-19 15:02:48 - [TEST_STEP][PASSED] - setText(findTestObject("Page_PSTO webMessenger - Zalogowano/input_Leszek Kowalski_messageInput"), "e"): Text 'e' is set on object 'Object Repository/Page_PSTO webMessenger - Zalogowano/input_Leszek Kowalski_messageInput'

2021-12-19 15:02:49 - [MESSAGE][PASSED] - Text 'e' is set on object 'Object Repository/Page_PSTO webMessenger - Zalogowano/input_Leszek Kowalski_messageInput'

2021-12-19 15:02:49 - [TEST_STEP][PASSED] - click(findTestObject("Page_PSTO webMessenger - Zalogowano/img_Leszek Kowalski_sendButton")): Object: 'Object Repository/Page_PSTO webMessenger - Zalogowano/img_Leszek Kowalski_sendButton' is clicked on

2021-12-19 15:02:50 - [MESSAGE][PASSED] - Object: 'Object Repository/Page_PSTO webMessenger - Zalogowano/img_Leszek Kowalski_sendButton' is clicked on

2021-12-19 15:02:50 - [TEST_STEP][PASSED] - setText(findTestObject("Page_PSTO webMessenger - Zalogowano/input_Leszek Kowalski_messageInput"), "e"): Text 'e' is set on object 'Object Repository/Page_PSTO webMessenger - Zalogowano/input_Leszek Kowalski_messageInput'

2021-12-19 15:02:52 - [MESSAGE][PASSED] - Text 'e' is set on object 'Object Repository/Page_PSTO webMessenger - Zalogowano/input_Leszek Kowalski_messageInput'

2021-12-19 15:02:52 - [TEST_STEP][PASSED] - click(findTestObject("Page_PSTO webMessenger - Zalogowano/img_Leszek Kowalski_sendButton")): Object: 'Object Repository/Page_PSTO webMessenger - Zalogowano/img_Leszek Kowalski_sendButton' is clicked on

2021-12-19 15:02:52 - [MESSAGE][PASSED] - Object: 'Object Repository/Page_PSTO webMessenger - Zalogowano/img_Leszek Kowalski_sendButton' is clicked on

2021-12-19 15:02:52 - [TEST_STEP][PASSED] - setText(findTestObject("Page_PSTO webMessenger - Zalogowano/input_Leszek Kowalski_messageInput"), "e"): Text 'e' is set on object 'Object Repository/Page_PSTO webMessenger - Zalogowano/input_Leszek Kowalski_messageInput'

2021-12-19 15:02:53 - [MESSAGE][PASSED] - Text 'e' is set on object 'Object Repository/Page_PSTO webMessenger - Zalogowano/input_Leszek Kowalski_messageInput'

2021-12-19 15:02:53 - [TEST_STEP][PASSED] - click(findTestObject("Page_PSTO webMessenger - Zalogowano/img_Leszek Kowalski_sendButton")): Object: 'Object Repository/Page_PSTO webMessenger - Zalogowano/img_Leszek Kowalski_sendButton' is clicked on

2021-12-19 15:02:54 - [MESSAGE][PASSED] - Object: 'Object Repository/Page_PSTO webMessenger - Zalogowano/img_Leszek Kowalski_sendButton' is clicked on

2021-12-19 15:02:54 - [TEST_STEP][PASSED] - setText(findTestObject("Page_PSTO webMessenger - Zalogowano/input_Leszek Kowalski_messageInput"), "e"): Text 'e' is set on object 'Object Repository/Page_PSTO webMessenger - Zalogowano/input_Leszek Kowalski_messageInput'

2021-12-19 15:02:54 - [MESSAGE][PASSED] - Text 'e' is set on object 'Object Repository/Page_PSTO webMessenger - Zalogowano/input_Leszek Kowalski_messageInput'

2021-12-19 15:02:54 - [TEST_STEP][PASSED] - click(findTestObject("Page_PSTO webMessenger - Zalogowano/img_Leszek Kowalski_sendButton")): Object: 'Object Repository/Page_PSTO webMessenger - Zalogowano/img_Leszek Kowalski_sendButton' is clicked on

2021-12-19 15:02:55 - [MESSAGE][PASSED] - Object: 'Object Repository/Page_PSTO webMessenger - Zalogowano/img_Leszek Kowalski_sendButton' is clicked on

2021-12-19 15:02:55 - [TEST_STEP][PASSED] - setText(findTestObject("Page_PSTO webMessenger - Zalogowano/input_Leszek Kowalski_messageInput"), "e"): Text 'e' is set on object 'Object Repository/Page_PSTO webMessenger - Zalogowano/input_Leszek Kowalski_messageInput'

2021-12-19 15:02:57 - [MESSAGE][PASSED] - Text 'e' is set on object 'Object Repository/Page_PSTO webMessenger - Zalogowano/input_Leszek Kowalski_messageInput'

2021-12-19 15:02:57 - [TEST_STEP][PASSED] - click(findTestObject("Page_PSTO webMessenger - Zalogowano/img_Leszek Kowalski_sendButton")): Object: 'Object Repository/Page_PSTO webMessenger - Zalogowano/img_Leszek Kowalski_sendButton' is clicked on

2021-12-19 15:02:57 - [MESSAGE][PASSED] - Object: 'Object Repository/Page_PSTO webMessenger - Zalogowano/img_Leszek Kowalski_sendButton' is clicked on

2021-12-19 15:02:57 - [TEST_STEP][PASSED] - setText(findTestObject("Page_PSTO webMessenger - Zalogowano/input_Leszek Kowalski_messageInput"), "e"): Text 'e' is set on object 'Object Repository/Page_PSTO webMessenger - Zalogowano/input_Leszek Kowalski_messageInput'

2021-12-19 15:02:58 - [MESSAGE][PASSED] - Text 'e' is set on object 'Object Repository/Page_PSTO webMessenger - Zalogowano/input_Leszek Kowalski_messageInput'

2021-12-19 15:02:58 - [TEST_STEP][PASSED] - click(findTestObject("Page_PSTO webMessenger - Zalogowano/img_Leszek Kowalski_sendButton")): Object: 'Object Repository/Page_PSTO webMessenger - Zalogowano/img_Leszek Kowalski_sendButton' is clicked on

2021-12-19 15:02:59 - [MESSAGE][PASSED] - Object: 'Object Repository/Page_PSTO webMessenger - Zalogowano/img_Leszek Kowalski_sendButton' is clicked on

2021-12-19 15:02:59 - [TEST_STEP][PASSED] - setText(findTestObject("Page_PSTO webMessenger - Zalogowano/input_Leszek Kowalski_messageInput"), "e"): Text 'e' is set on object 'Object Repository/Page_PSTO webMessenger - Zalogowano/input_Leszek Kowalski_messageInput'

2021-12-19 15:02:59 - [MESSAGE][PASSED] - Text 'e' is set on object 'Object Repository/Page_PSTO webMessenger - Zalogowano/input_Leszek Kowalski_messageInput'

2021-12-19 15:02:59 - [TEST_STEP][PASSED] - click(findTestObject("Page_PSTO webMessenger - Zalogowano/img_Leszek Kowalski_sendButton")): Object: 'Object Repository/Page_PSTO webMessenger - Zalogowano/img_Leszek Kowalski_sendButton' is clicked on

2021-12-19 15:03:00 - [MESSAGE][PASSED] - Object: 'Object Repository/Page_PSTO webMessenger - Zalogowano/img_Leszek Kowalski_sendButton' is clicked on

2021-12-19 15:03:00 - [TEST_STEP][PASSED] - setText(findTestObject("Page_PSTO webMessenger - Zalogowano/input_Leszek Kowalski_messageInput"), "e"): Text 'e' is set on object 'Object Repository/Page_PSTO webMessenger - Zalogowano/input_Leszek Kowalski_messageInput'

2021-12-19 15:03:01 - [MESSAGE][PASSED] - Text 'e' is set on object 'Object Repository/Page_PSTO webMessenger - Zalogowano/input_Leszek Kowalski_messageInput'

2021-12-19 15:03:01 - [TEST_STEP][PASSED] - click(findTestObject("Page_PSTO webMessenger - Zalogowano/img_Leszek Kowalski_sendButton")): Object: 'Object Repository/Page_PSTO webMessenger - Zalogowano/img_Leszek Kowalski_sendButton' is clicked on

2021-12-19 15:03:02 - [MESSAGE][PASSED] - Object: 'Object Repository/Page_PSTO webMessenger - Zalogowano/img_Leszek Kowalski_sendButton' is clicked on

2021-12-19 15:03:02 - [TEST_STEP][PASSED] - setText(findTestObject("Page_PSTO webMessenger - Zalogowano/input_Leszek Kowalski_messageInput"), "e"): Text 'e' is set on object 'Object Repository/Page_PSTO webMessenger - Zalogowano/input_Leszek Kowalski_messageInput'

2021-12-19 15:03:02 - [MESSAGE][PASSED] - Text 'e' is set on object 'Object Repository/Page_PSTO webMessenger - Zalogowano/input_Leszek Kowalski_messageInput'

2021-12-19 15:03:02 - [TEST_STEP][PASSED] - click(findTestObject("Page_PSTO webMessenger - Zalogowano/img_Leszek Kowalski_sendButton")): Object: 'Object Repository/Page_PSTO webMessenger - Zalogowano/img_Leszek Kowalski_sendButton' is clicked on

2021-12-19 15:03:03 - [MESSAGE][PASSED] - Object: 'Object Repository/Page_PSTO webMessenger - Zalogowano/img_Leszek Kowalski_sendButton' is clicked on

2021-12-19 15:03:03 - [TEST_STEP][PASSED] - setText(findTestObject("Page_PSTO webMessenger - Zalogowano/input_Leszek Kowalski_messageInput"), "e"): Text 'e' is set on object 'Object Repository/Page_PSTO webMessenger - Zalogowano/input_Leszek Kowalski_messageInput'

2021-12-19 15:03:04 - [MESSAGE][PASSED] - Text 'e' is set on object 'Object Repository/Page_PSTO webMessenger - Zalogowano/input_Leszek Kowalski_messageInput'

2021-12-19 15:03:04 - [TEST_STEP][PASSED] - click(findTestObject("Page_PSTO webMessenger - Zalogowano/img_Leszek Kowalski_sendButton")): Object: 'Object Repository/Page_PSTO webMessenger - Zalogowano/img_Leszek Kowalski_sendButton' is clicked on

2021-12-19 15:03:04 - [MESSAGE][PASSED] - Object: 'Object Repository/Page_PSTO webMessenger - Zalogowano/img_Leszek Kowalski_sendButton' is clicked on

2021-12-19 15:03:04 - [TEST_STEP][PASSED] - setText(findTestObject("Page_PSTO webMessenger - Zalogowano/input_Leszek Kowalski_messageInput"), "e"): Text 'e' is set on object 'Object Repository/Page_PSTO webMessenger - Zalogowano/input_Leszek Kowalski_messageInput'

2021-12-19 15:03:05 - [MESSAGE][PASSED] - Text 'e' is set on object 'Object Repository/Page_PSTO webMessenger - Zalogowano/input_Leszek Kowalski_messageInput'

2021-12-19 15:03:05 - [TEST_STEP][PASSED] - click(findTestObject("Page_PSTO webMessenger - Zalogowano/img_Leszek Kowalski_sendButton")): Object: 'Object Repository/Page_PSTO webMessenger - Zalogowano/img_Leszek Kowalski_sendButton' is clicked on

2021-12-19 15:03:06 - [MESSAGE][PASSED] - Object: 'Object Repository/Page_PSTO webMessenger - Zalogowano/img_Leszek Kowalski_sendButton' is clicked on

2021-12-19 15:03:06 - [TEST_STEP][PASSED] - setText(findTestObject("Page_PSTO webMessenger - Zalogowano/input_Leszek Kowalski_messageInput"), "e"): Text 'e' is set on object 'Object Repository/Page_PSTO webMessenger - Zalogowano/input_Leszek Kowalski_messageInput'

2021-12-19 15:03:06 - [MESSAGE][PASSED] - Text 'e' is set on object 'Object Repository/Page_PSTO webMessenger - Zalogowano/input_Leszek Kowalski_messageInput'

2021-12-19 15:03:06 - [TEST_STEP][PASSED] - click(findTestObject("Page_PSTO webMessenger - Zalogowano/img_Leszek Kowalski_sendButton")): Object: 'Object Repository/Page_PSTO webMessenger - Zalogowano/img_Leszek Kowalski_sendButton' is clicked on

2021-12-19 15:03:07 - [MESSAGE][PASSED] - Object: 'Object Repository/Page_PSTO webMessenger - Zalogowano/img_Leszek Kowalski_sendButton' is clicked on

2021-12-19 15:03:07 - [TEST_STEP][PASSED] - setText(findTestObject("Page_PSTO webMessenger - Zalogowano/input_Leszek Kowalski_messageInput"), "e"): Text 'e' is set on object 'Object Repository/Page_PSTO webMessenger - Zalogowano/input_Leszek Kowalski_messageInput'

2021-12-19 15:03:08 - [MESSAGE][PASSED] - Text 'e' is set on object 'Object Repository/Page_PSTO webMessenger - Zalogowano/input_Leszek Kowalski_messageInput'

2021-12-19 15:03:08 - [TEST_STEP][PASSED] - click(findTestObject("Page_PSTO webMessenger - Zalogowano/img_Leszek Kowalski_sendButton")): Object: 'Object Repository/Page_PSTO webMessenger - Zalogowano/img_Leszek Kowalski_sendButton' is clicked on

2021-12-19 15:03:08 - [MESSAGE][PASSED] - Object: 'Object Repository/Page_PSTO webMessenger - Zalogowano/img_Leszek Kowalski_sendButton' is clicked on

2021-12-19 15:03:08 - [TEST_STEP][PASSED] - setText(findTestObject("Page_PSTO webMessenger - Zalogowano/input_Leszek Kowalski_messageInput"), "e"): Text 'e' is set on object 'Object Repository/Page_PSTO webMessenger - Zalogowano/input_Leszek Kowalski_messageInput'

2021-12-19 15:03:09 - [MESSAGE][PASSED] - Text 'e' is set on object 'Object Repository/Page_PSTO webMessenger - Zalogowano/input_Leszek Kowalski_messageInput'

2021-12-19 15:03:09 - [TEST_STEP][PASSED] - click(findTestObject("Page_PSTO webMessenger - Zalogowano/img_Leszek Kowalski_sendButton")): Object: 'Object Repository/Page_PSTO webMessenger - Zalogowano/img_Leszek Kowalski_sendButton' is clicked on

2021-12-19 15:03:10 - [MESSAGE][PASSED] - Object: 'Object Repository/Page_PSTO webMessenger - Zalogowano/img_Leszek Kowalski_sendButton' is clicked on

2021-12-19 15:03:10 - [TEST_STEP][PASSED] - setText(findTestObject("Page_PSTO webMessenger - Zalogowano/input_Leszek Kowalski_messageInput"), "e"): Text 'e' is set on object 'Object Repository/Page_PSTO webMessenger - Zalogowano/input_Leszek Kowalski_messageInput'

2021-12-19 15:03:11 - [MESSAGE][PASSED] - Text 'e' is set on object 'Object Repository/Page_PSTO webMessenger - Zalogowano/input_Leszek Kowalski_messageInput'

2021-12-19 15:03:11 - [TEST_STEP][PASSED] - click(findTestObject("Page_PSTO webMessenger - Zalogowano/img_Leszek Kowalski_sendButton")): Object: 'Object Repository/Page_PSTO webMessenger - Zalogowano/img_Leszek Kowalski_sendButton' is clicked on

2021-12-19 15:03:11 - [MESSAGE][PASSED] - Object: 'Object Repository/Page_PSTO webMessenger - Zalogowano/img_Leszek Kowalski_sendButton' is clicked on

2021-12-19 15:03:11 - [TEST_STEP][PASSED] - setText(findTestObject("Page_PSTO webMessenger - Zalogowano/input_Leszek Kowalski_messageInput"), "e"): Text 'e' is set on object 'Object Repository/Page_PSTO webMessenger - Zalogowano/input_Leszek Kowalski_messageInput'

2021-12-19 15:03:12 - [MESSAGE][PASSED] - Text 'e' is set on object 'Object Repository/Page_PSTO webMessenger - Zalogowano/input_Leszek Kowalski_messageInput'

2021-12-19 15:03:12 - [TEST_STEP][PASSED] - click(findTestObject("Page_PSTO webMessenger - Zalogowano/img_Leszek Kowalski_sendButton")): Object: 'Object Repository/Page_PSTO webMessenger - Zalogowano/img_Leszek Kowalski_sendButton' is clicked on

2021-12-19 15:03:13 - [MESSAGE][PASSED] - Object: 'Object Repository/Page_PSTO webMessenger - Zalogowano/img_Leszek Kowalski_sendButton' is clicked on

2021-12-19 15:03:13 - [TEST_STEP][PASSED] - setText(findTestObject("Page_PSTO webMessenger - Zalogowano/input_Leszek Kowalski_messageInput"), "e"): Text 'e' is set on object 'Object Repository/Page_PSTO webMessenger - Zalogowano/input_Leszek Kowalski_messageInput'

2021-12-19 15:03:13 - [MESSAGE][PASSED] - Text 'e' is set on object 'Object Repository/Page_PSTO webMessenger - Zalogowano/input_Leszek Kowalski_messageInput'

2021-12-19 15:03:13 - [TEST_STEP][PASSED] - click(findTestObject("Page_PSTO webMessenger - Zalogowano/img_Leszek Kowalski_sendButton")): Object: 'Object Repository/Page_PSTO webMessenger - Zalogowano/img_Leszek Kowalski_sendButton' is clicked on

2021-12-19 15:03:14 - [MESSAGE][PASSED] - Object: 'Object Repository/Page_PSTO webMessenger - Zalogowano/img_Leszek Kowalski_sendButton' is clicked on

2021-12-19 15:03:14 - [TEST_STEP][PASSED] - setText(findTestObject("Page_PSTO webMessenger - Zalogowano/input_Leszek Kowalski_messageInput"), "e"): Text 'e' is set on object 'Object Repository/Page_PSTO webMessenger - Zalogowano/input_Leszek Kowalski_messageInput'

2021-12-19 15:03:15 - [MESSAGE][PASSED] - Text 'e' is set on object 'Object Repository/Page_PSTO webMessenger - Zalogowano/input_Leszek Kowalski_messageInput'

2021-12-19 15:03:15 - [TEST_STEP][PASSED] - click(findTestObject("Page_PSTO webMessenger - Zalogowano/img_Leszek Kowalski_sendButton")): Object: 'Object Repository/Page_PSTO webMessenger - Zalogowano/img_Leszek Kowalski_sendButton' is clicked on

2021-12-19 15:03:15 - [MESSAGE][PASSED] - Object: 'Object Repository/Page_PSTO webMessenger - Zalogowano/img_Leszek Kowalski_sendButton' is clicked on

2021-12-19 15:03:15 - [TEST_STEP][PASSED] - setText(findTestObject("Page_PSTO webMessenger - Zalogowano/input_Leszek Kowalski_messageInput"), "e"): Text 'e' is set on object 'Object Repository/Page_PSTO webMessenger - Zalogowano/input_Leszek Kowalski_messageInput'

2021-12-19 15:03:16 - [MESSAGE][PASSED] - Text 'e' is set on object 'Object Repository/Page_PSTO webMessenger - Zalogowano/input_Leszek Kowalski_messageInput'

2021-12-19 15:03:16 - [TEST_STEP][PASSED] - click(findTestObject("Page_PSTO webMessenger - Zalogowano/img_Leszek Kowalski_sendButton")): Object: 'Object Repository/Page_PSTO webMessenger - Zalogowano/img_Leszek Kowalski_sendButton' is clicked on

2021-12-19 15:03:17 - [MESSAGE][PASSED] - Object: 'Object Repository/Page_PSTO webMessenger - Zalogowano/img_Leszek Kowalski_sendButton' is clicked on

2021-12-19 15:03:17 - [TEST_STEP][PASSED] - setText(findTestObject("Page_PSTO webMessenger - Zalogowano/input_Leszek Kowalski_messageInput"), "e"): Text 'e' is set on object 'Object Repository/Page_PSTO webMessenger - Zalogowano/input_Leszek Kowalski_messageInput'

2021-12-19 15:03:17 - [MESSAGE][PASSED] - Text 'e' is set on object 'Object Repository/Page_PSTO webMessenger - Zalogowano/input_Leszek Kowalski_messageInput'

2021-12-19 15:03:17 - [TEST_STEP][PASSED] - click(findTestObject("Page_PSTO webMessenger - Zalogowano/img_Leszek Kowalski_sendButton")): Object: 'Object Repository/Page_PSTO webMessenger - Zalogowano/img_Leszek Kowalski_sendButton' is clicked on

2021-12-19 15:03:18 - [MESSAGE][PASSED] - Object: 'Object Repository/Page_PSTO webMessenger - Zalogowano/img_Leszek Kowalski_sendButton' is clicked on

2021-12-19 15:03:18 - [TEST_STEP][PASSED] - setText(findTestObject("Page_PSTO webMessenger - Zalogowano/input_Leszek Kowalski_messageInput"), "e"): Text 'e' is set on object 'Object Repository/Page_PSTO webMessenger - Zalogowano/input_Leszek Kowalski_messageInput'

2021-12-19 15:03:19 - [MESSAGE][PASSED] - Text 'e' is set on object 'Object Repository/Page_PSTO webMessenger - Zalogowano/input_Leszek Kowalski_messageInput'

2021-12-19 15:03:19 - [TEST_STEP][PASSED] - click(findTestObject("Page_PSTO webMessenger - Zalogowano/img_Leszek Kowalski_sendButton")): Object: 'Object Repository/Page_PSTO webMessenger - Zalogowano/img_Leszek Kowalski_sendButton' is clicked on

2021-12-19 15:03:19 - [MESSAGE][PASSED] - Object: 'Object Repository/Page_PSTO webMessenger - Zalogowano/img_Leszek Kowalski_sendButton' is clicked on

2021-12-19 15:03:19 - [TEST_STEP][PASSED] - setText(findTestObject("Page_PSTO webMessenger - Zalogowano/input_Leszek Kowalski_messageInput"), "e"): Text 'e' is set on object 'Object Repository/Page_PSTO webMessenger - Zalogowano/input_Leszek Kowalski_messageInput'

2021-12-19 15:03:20 - [MESSAGE][PASSED] - Text 'e' is set on object 'Object Repository/Page_PSTO webMessenger - Zalogowano/input_Leszek Kowalski_messageInput'

2021-12-19 15:03:20 - [TEST_STEP][PASSED] - click(findTestObject("Page_PSTO webMessenger - Zalogowano/img_Leszek Kowalski_sendButton")): Object: 'Object Repository/Page_PSTO webMessenger - Zalogowano/img_Leszek Kowalski_sendButton' is clicked on

2021-12-19 15:03:21 - [MESSAGE][PASSED] - Object: 'Object Repository/Page_PSTO webMessenger - Zalogowano/img_Leszek Kowalski_sendButton' is clicked on

2021-12-19 15:03:21 - [TEST_STEP][PASSED] - setText(findTestObject("Page_PSTO webMessenger - Zalogowano/input_Leszek Kowalski_messageInput"), "e"): Text 'e' is set on object 'Object Repository/Page_PSTO webMessenger - Zalogowano/input_Leszek Kowalski_messageInput'

2021-12-19 15:03:22 - [MESSAGE][PASSED] - Text 'e' is set on object 'Object Repository/Page_PSTO webMessenger - Zalogowano/input_Leszek Kowalski_messageInput'

2021-12-19 15:03:22 - [TEST_STEP][PASSED] - click(findTestObject("Page_PSTO webMessenger - Zalogowano/img_Leszek Kowalski_sendButton")): Object: 'Object Repository/Page_PSTO webMessenger - Zalogowano/img_Leszek Kowalski_sendButton' is clicked on

2021-12-19 15:03:22 - [MESSAGE][PASSED] - Object: 'Object Repository/Page_PSTO webMessenger - Zalogowano/img_Leszek Kowalski_sendButton' is clicked on

2021-12-19 15:03:22 - [TEST_STEP][PASSED] - setText(findTestObject("Page_PSTO webMessenger - Zalogowano/input_Leszek Kowalski_messageInput"), "e"): Text 'e' is set on object 'Object Repository/Page_PSTO webMessenger - Zalogowano/input_Leszek Kowalski_messageInput'

2021-12-19 15:03:23 - [MESSAGE][PASSED] - Text 'e' is set on object 'Object Repository/Page_PSTO webMessenger - Zalogowano/input_Leszek Kowalski_messageInput'

2021-12-19 15:03:23 - [TEST_STEP][PASSED] - click(findTestObject("Page_PSTO webMessenger - Zalogowano/img_Leszek Kowalski_sendButton")): Object: 'Object Repository/Page_PSTO webMessenger - Zalogowano/img_Leszek Kowalski_sendButton' is clicked on

2021-12-19 15:03:24 - [MESSAGE][PASSED] - Object: 'Object Repository/Page_PSTO webMessenger - Zalogowano/img_Leszek Kowalski_sendButton' is clicked on

2021-12-19 15:03:24 - [TEST_STEP][PASSED] - setText(findTestObject("Page_PSTO webMessenger - Zalogowano/input_Leszek Kowalski_messageInput"), "e"): Text 'e' is set on object 'Object Repository/Page_PSTO webMessenger - Zalogowano/input_Leszek Kowalski_messageInput'

2021-12-19 15:03:24 - [MESSAGE][PASSED] - Text 'e' is set on object 'Object Repository/Page_PSTO webMessenger - Zalogowano/input_Leszek Kowalski_messageInput'

2021-12-19 15:03:24 - [TEST_STEP][PASSED] - click(findTestObject("Page_PSTO webMessenger - Zalogowano/img_Leszek Kowalski_sendButton")): Object: 'Object Repository/Page_PSTO webMessenger - Zalogowano/img_Leszek Kowalski_sendButton' is clicked on

2021-12-19 15:03:25 - [MESSAGE][PASSED] - Object: 'Object Repository/Page_PSTO webMessenger - Zalogowano/img_Leszek Kowalski_sendButton' is clicked on

2021-12-19 15:03:25 - [TEST_STEP][PASSED] - setText(findTestObject("Page_PSTO webMessenger - Zalogowano/input_Leszek Kowalski_messageInput"), "e"): Text 'e' is set on object 'Object Repository/Page_PSTO webMessenger - Zalogowano/input_Leszek Kowalski_messageInput'

2021-12-19 15:03:27 - [MESSAGE][PASSED] - Text 'e' is set on object 'Object Repository/Page_PSTO webMessenger - Zalogowano/input_Leszek Kowalski_messageInput'

2021-12-19 15:03:27 - [TEST_STEP][PASSED] - click(findTestObject("Page_PSTO webMessenger - Zalogowano/img_Leszek Kowalski_sendButton")): Object: 'Object Repository/Page_PSTO webMessenger - Zalogowano/img_Leszek Kowalski_sendButton' is clicked on

2021-12-19 15:03:27 - [MESSAGE][PASSED] - Object: 'Object Repository/Page_PSTO webMessenger - Zalogowano/img_Leszek Kowalski_sendButton' is clicked on

2021-12-19 15:03:27 - [TEST_STEP][PASSED] - setText(findTestObject("Page_PSTO webMessenger - Zalogowano/input_Leszek Kowalski_messageInput"), "e"): Text 'e' is set on object 'Object Repository/Page_PSTO webMessenger - Zalogowano/input_Leszek Kowalski_messageInput'

2021-12-19 15:03:28 - [MESSAGE][PASSED] - Text 'e' is set on object 'Object Repository/Page_PSTO webMessenger - Zalogowano/input_Leszek Kowalski_messageInput'

2021-12-19 15:03:28 - [TEST_STEP][PASSED] - click(findTestObject("Page_PSTO webMessenger - Zalogowano/img_Leszek Kowalski_sendButton")): Object: 'Object Repository/Page_PSTO webMessenger - Zalogowano/img_Leszek Kowalski_sendButton' is clicked on

2021-12-19 15:03:29 - [MESSAGE][PASSED] - Object: 'Object Repository/Page_PSTO webMessenger - Zalogowano/img_Leszek Kowalski_sendButton' is clicked on

2021-12-19 15:03:29 - [TEST_STEP][PASSED] - setText(findTestObject("Page_PSTO webMessenger - Zalogowano/input_Leszek Kowalski_messageInput"), "e"): Text 'e' is set on object 'Object Repository/Page_PSTO webMessenger - Zalogowano/input_Leszek Kowalski_messageInput'

2021-12-19 15:03:30 - [MESSAGE][PASSED] - Text 'e' is set on object 'Object Repository/Page_PSTO webMessenger - Zalogowano/input_Leszek Kowalski_messageInput'

2021-12-19 15:03:30 - [TEST_STEP][PASSED] - click(findTestObject("Page_PSTO webMessenger - Zalogowano/img_Leszek Kowalski_sendButton")): Object: 'Object Repository/Page_PSTO webMessenger - Zalogowano/img_Leszek Kowalski_sendButton' is clicked on

2021-12-19 15:03:30 - [MESSAGE][PASSED] - Object: 'Object Repository/Page_PSTO webMessenger - Zalogowano/img_Leszek Kowalski_sendButton' is clicked on

2021-12-19 15:03:30 - [TEST_STEP][PASSED] - setText(findTestObject("Page_PSTO webMessenger - Zalogowano/input_Leszek Kowalski_messageInput"), "e"): Text 'e' is set on object 'Object Repository/Page_PSTO webMessenger - Zalogowano/input_Leszek Kowalski_messageInput'

2021-12-19 15:03:32 - [MESSAGE][PASSED] - Text 'e' is set on object 'Object Repository/Page_PSTO webMessenger - Zalogowano/input_Leszek Kowalski_messageInput'

2021-12-19 15:03:32 - [TEST_STEP][PASSED] - click(findTestObject("Page_PSTO webMessenger - Zalogowano/img_Leszek Kowalski_sendButton")): Object: 'Object Repository/Page_PSTO webMessenger - Zalogowano/img_Leszek Kowalski_sendButton' is clicked on

2021-12-19 15:03:33 - [MESSAGE][PASSED] - Object: 'Object Repository/Page_PSTO webMessenger - Zalogowano/img_Leszek Kowalski_sendButton' is clicked on

2021-12-19 15:03:33 - [TEST_STEP][PASSED] - setText(findTestObject("Page_PSTO webMessenger - Zalogowano/input_Leszek Kowalski_messageInput"), "e"): Text 'e' is set on object 'Object Repository/Page_PSTO webMessenger - Zalogowano/input_Leszek Kowalski_messageInput'

2021-12-19 15:03:33 - [MESSAGE][PASSED] - Text 'e' is set on object 'Object Repository/Page_PSTO webMessenger - Zalogowano/input_Leszek Kowalski_messageInput'

2021-12-19 15:03:33 - [TEST_STEP][PASSED] - click(findTestObject("Page_PSTO webMessenger - Zalogowano/img_Leszek Kowalski_sendButton")): Object: 'Object Repository/Page_PSTO webMessenger - Zalogowano/img_Leszek Kowalski_sendButton' is clicked on

2021-12-19 15:03:34 - [MESSAGE][PASSED] - Object: 'Object Repository/Page_PSTO webMessenger - Zalogowano/img_Leszek Kowalski_sendButton' is clicked on

2021-12-19 15:03:34 - [TEST_STEP][PASSED] - setText(findTestObject("Page_PSTO webMessenger - Zalogowano/input_Leszek Kowalski_messageInput"), "e"): Text 'e' is set on object 'Object Repository/Page_PSTO webMessenger - Zalogowano/input_Leszek Kowalski_messageInput'

2021-12-19 15:03:35 - [MESSAGE][PASSED] - Text 'e' is set on object 'Object Repository/Page_PSTO webMessenger - Zalogowano/input_Leszek Kowalski_messageInput'

2021-12-19 15:03:35 - [TEST_STEP][PASSED] - click(findTestObject("Page_PSTO webMessenger - Zalogowano/img_Leszek Kowalski_sendButton")): Object: 'Object Repository/Page_PSTO webMessenger - Zalogowano/img_Leszek Kowalski_sendButton' is clicked on

2021-12-19 15:03:35 - [MESSAGE][PASSED] - Object: 'Object Repository/Page_PSTO webMessenger - Zalogowano/img_Leszek Kowalski_sendButton' is clicked on

2021-12-19 15:03:35 - [TEST_STEP][PASSED] - setText(findTestObject("Page_PSTO webMessenger - Zalogowano/input_Leszek Kowalski_messageInput"), "e"): Text 'e' is set on object 'Object Repository/Page_PSTO webMessenger - Zalogowano/input_Leszek Kowalski_messageInput'

2021-12-19 15:03:37 - [MESSAGE][PASSED] - Text 'e' is set on object 'Object Repository/Page_PSTO webMessenger - Zalogowano/input_Leszek Kowalski_messageInput'

2021-12-19 15:03:37 - [TEST_STEP][PASSED] - click(findTestObject("Page_PSTO webMessenger - Zalogowano/img_Leszek Kowalski_sendButton")): Object: 'Object Repository/Page_PSTO webMessenger - Zalogowano/img_Leszek Kowalski_sendButton' is clicked on

2021-12-19 15:03:38 - [MESSAGE][PASSED] - Object: 'Object Repository/Page_PSTO webMessenger - Zalogowano/img_Leszek Kowalski_sendButton' is clicked on

2021-12-19 15:03:38 - [TEST_STEP][PASSED] - setText(findTestObject("Page_PSTO webMessenger - Zalogowano/input_Leszek Kowalski_messageInput"), "e"): Text 'e' is set on object 'Object Repository/Page_PSTO webMessenger - Zalogowano/input_Leszek Kowalski_messageInput'

2021-12-19 15:03:39 - [MESSAGE][PASSED] - Text 'e' is set on object 'Object Repository/Page_PSTO webMessenger - Zalogowano/input_Leszek Kowalski_messageInput'

2021-12-19 15:03:39 - [TEST_STEP][PASSED] - click(findTestObject("Page_PSTO webMessenger - Zalogowano/img_Leszek Kowalski_sendButton")): Object: 'Object Repository/Page_PSTO webMessenger - Zalogowano/img_Leszek Kowalski_sendButton' is clicked on

2021-12-19 15:03:39 - [MESSAGE][PASSED] - Object: 'Object Repository/Page_PSTO webMessenger - Zalogowano/img_Leszek Kowalski_sendButton' is clicked on

2021-12-19 15:03:39 - [TEST_STEP][PASSED] - setText(findTestObject("Page_PSTO webMessenger - Zalogowano/input_Leszek Kowalski_messageInput"), "e"): Text 'e' is set on object 'Object Repository/Page_PSTO webMessenger - Zalogowano/input_Leszek Kowalski_messageInput'

2021-12-19 15:03:40 - [MESSAGE][PASSED] - Text 'e' is set on object 'Object Repository/Page_PSTO webMessenger - Zalogowano/input_Leszek Kowalski_messageInput'

2021-12-19 15:03:40 - [TEST_STEP][PASSED] - click(findTestObject("Page_PSTO webMessenger - Zalogowano/img_Leszek Kowalski_sendButton")): Object: 'Object Repository/Page_PSTO webMessenger - Zalogowano/img_Leszek Kowalski_sendButton' is clicked on

2021-12-19 15:03:41 - [MESSAGE][PASSED] - Object: 'Object Repository/Page_PSTO webMessenger - Zalogowano/img_Leszek Kowalski_sendButton' is clicked on

2021-12-19 15:03:41 - [TEST_STEP][PASSED] - setText(findTestObject("Page_PSTO webMessenger - Zalogowano/input_Leszek Kowalski_messageInput"), "e"): Text 'e' is set on object 'Object Repository/Page_PSTO webMessenger - Zalogowano/input_Leszek Kowalski_messageInput'

2021-12-19 15:03:42 - [MESSAGE][PASSED] - Text 'e' is set on object 'Object Repository/Page_PSTO webMessenger - Zalogowano/input_Leszek Kowalski_messageInput'

2021-12-19 15:03:42 - [TEST_STEP][PASSED] - click(findTestObject("Page_PSTO webMessenger - Zalogowano/img_Leszek Kowalski_sendButton")): Object: 'Object Repository/Page_PSTO webMessenger - Zalogowano/img_Leszek Kowalski_sendButton' is clicked on

2021-12-19 15:03:43 - [MESSAGE][PASSED] - Object: 'Object Repository/Page_PSTO webMessenger - Zalogowano/img_Leszek Kowalski_sendButton' is clicked on

2021-12-19 15:03:43 - [TEST_STEP][PASSED] - setText(findTestObject("Page_PSTO webMessenger - Zalogowano/input_Leszek Kowalski_messageInput"), "e"): Text 'e' is set on object 'Object Repository/Page_PSTO webMessenger - Zalogowano/input_Leszek Kowalski_messageInput'

2021-12-19 15:03:44 - [MESSAGE][PASSED] - Text 'e' is set on object 'Object Repository/Page_PSTO webMessenger - Zalogowano/input_Leszek Kowalski_messageInput'

2021-12-19 15:03:44 - [TEST_STEP][PASSED] - click(findTestObject("Page_PSTO webMessenger - Zalogowano/img_Leszek Kowalski_sendButton")): Object: 'Object Repository/Page_PSTO webMessenger - Zalogowano/img_Leszek Kowalski_sendButton' is clicked on

2021-12-19 15:03:44 - [MESSAGE][PASSED] - Object: 'Object Repository/Page_PSTO webMessenger - Zalogowano/img_Leszek Kowalski_sendButton' is clicked on

2021-12-19 15:03:44 - [TEST_STEP][PASSED] - setText(findTestObject("Page_PSTO webMessenger - Zalogowano/input_Leszek Kowalski_messageInput"), "e"): Text 'e' is set on object 'Object Repository/Page_PSTO webMessenger - Zalogowano/input_Leszek Kowalski_messageInput'

2021-12-19 15:03:45 - [MESSAGE][PASSED] - Text 'e' is set on object 'Object Repository/Page_PSTO webMessenger - Zalogowano/input_Leszek Kowalski_messageInput'

2021-12-19 15:03:45 - [TEST_STEP][PASSED] - click(findTestObject("Page_PSTO webMessenger - Zalogowano/img_Leszek Kowalski_sendButton")): Object: 'Object Repository/Page_PSTO webMessenger - Zalogowano/img_Leszek Kowalski_sendButton' is clicked on

2021-12-19 15:03:45 - [MESSAGE][PASSED] - Object: 'Object Repository/Page_PSTO webMessenger - Zalogowano/img_Leszek Kowalski_sendButton' is clicked on

2021-12-19 15:03:45 - [TEST_STEP][PASSED] - setText(findTestObject("Page_PSTO webMessenger - Zalogowano/input_Leszek Kowalski_messageInput"), "e"): Text 'e' is set on object 'Object Repository/Page_PSTO webMessenger - Zalogowano/input_Leszek Kowalski_messageInput'

2021-12-19 15:03:47 - [MESSAGE][PASSED] - Text 'e' is set on object 'Object Repository/Page_PSTO webMessenger - Zalogowano/input_Leszek Kowalski_messageInput'

2021-12-19 15:03:47 - [TEST_STEP][PASSED] - click(findTestObject("Page_PSTO webMessenger - Zalogowano/img_Leszek Kowalski_sendButton")): Object: 'Object Repository/Page_PSTO webMessenger - Zalogowano/img_Leszek Kowalski_sendButton' is clicked on

2021-12-19 15:03:48 - [MESSAGE][PASSED] - Object: 'Object Repository/Page_PSTO webMessenger - Zalogowano/img_Leszek Kowalski_sendButton' is clicked on

2021-12-19 15:03:48 - [TEST_STEP][PASSED] - setText(findTestObject("Page_PSTO webMessenger - Zalogowano/input_Leszek Kowalski_messageInput"), "e"): Text 'e' is set on object 'Object Repository/Page_PSTO webMessenger - Zalogowano/input_Leszek Kowalski_messageInput'

2021-12-19 15:03:48 - [MESSAGE][PASSED] - Text 'e' is set on object 'Object Repository/Page_PSTO webMessenger - Zalogowano/input_Leszek Kowalski_messageInput'

2021-12-19 15:03:48 - [TEST_STEP][PASSED] - click(findTestObject("Page_PSTO webMessenger - Zalogowano/img_Leszek Kowalski_sendButton")): Object: 'Object Repository/Page_PSTO webMessenger - Zalogowano/img_Leszek Kowalski_sendButton' is clicked on

2021-12-19 15:03:49 - [MESSAGE][PASSED] - Object: 'Object Repository/Page_PSTO webMessenger - Zalogowano/img_Leszek Kowalski_sendButton' is clicked on

2021-12-19 15:03:49 - [TEST_STEP][PASSED] - setText(findTestObject("Page_PSTO webMessenger - Zalogowano/input_Leszek Kowalski_messageInput"), "e"): Text 'e' is set on object 'Object Repository/Page_PSTO webMessenger - Zalogowano/input_Leszek Kowalski_messageInput'

2021-12-19 15:03:50 - [MESSAGE][PASSED] - Text 'e' is set on object 'Object Repository/Page_PSTO webMessenger - Zalogowano/input_Leszek Kowalski_messageInput'

2021-12-19 15:03:50 - [TEST_STEP][PASSED] - click(findTestObject("Page_PSTO webMessenger - Zalogowano/img_Leszek Kowalski_sendButton")): Object: 'Object Repository/Page_PSTO webMessenger - Zalogowano/img_Leszek Kowalski_sendButton' is clicked on

2021-12-19 15:03:50 - [MESSAGE][PASSED] - Object: 'Object Repository/Page_PSTO webMessenger - Zalogowano/img_Leszek Kowalski_sendButton' is clicked on

2021-12-19 15:03:50 - [TEST_STEP][PASSED] - setText(findTestObject("Page_PSTO webMessenger - Zalogowano/input_Leszek Kowalski_messageInput"), "e"): Text 'e' is set on object 'Object Repository/Page_PSTO webMessenger - Zalogowano/input_Leszek Kowalski_messageInput'

2021-12-19 15:03:52 - [MESSAGE][PASSED] - Text 'e' is set on object 'Object Repository/Page_PSTO webMessenger - Zalogowano/input_Leszek Kowalski_messageInput'

2021-12-19 15:03:52 - [TEST_STEP][PASSED] - click(findTestObject("Page_PSTO webMessenger - Zalogowano/img_Leszek Kowalski_sendButton")): Object: 'Object Repository/Page_PSTO webMessenger - Zalogowano/img_Leszek Kowalski_sendButton' is clicked on

2021-12-19 15:03:53 - [MESSAGE][PASSED] - Object: 'Object Repository/Page_PSTO webMessenger - Zalogowano/img_Leszek Kowalski_sendButton' is clicked on

2021-12-19 15:03:53 - [TEST_STEP][PASSED] - setText(findTestObject("Page_PSTO webMessenger - Zalogowano/input_Leszek Kowalski_messageInput"), "e"): Text 'e' is set on object 'Object Repository/Page_PSTO webMessenger - Zalogowano/input_Leszek Kowalski_messageInput'

2021-12-19 15:03:53 - [MESSAGE][PASSED] - Text 'e' is set on object 'Object Repository/Page_PSTO webMessenger - Zalogowano/input_Leszek Kowalski_messageInput'

2021-12-19 15:03:53 - [TEST_STEP][PASSED] - click(findTestObject("Page_PSTO webMessenger - Zalogowano/img_Leszek Kowalski_sendButton")): Object: 'Object Repository/Page_PSTO webMessenger - Zalogowano/img_Leszek Kowalski_sendButton' is clicked on

2021-12-19 15:03:54 - [MESSAGE][PASSED] - Object: 'Object Repository/Page_PSTO webMessenger - Zalogowano/img_Leszek Kowalski_sendButton' is clicked on

2021-12-19 15:03:54 - [TEST_STEP][PASSED] - setText(findTestObject("Page_PSTO webMessenger - Zalogowano/input_Leszek Kowalski_messageInput"), "e"): Text 'e' is set on object 'Object Repository/Page_PSTO webMessenger - Zalogowano/input_Leszek Kowalski_messageInput'

2021-12-19 15:03:55 - [MESSAGE][PASSED] - Text 'e' is set on object 'Object Repository/Page_PSTO webMessenger - Zalogowano/input_Leszek Kowalski_messageInput'

2021-12-19 15:03:55 - [TEST_STEP][PASSED] - click(findTestObject("Page_PSTO webMessenger - Zalogowano/img_Leszek Kowalski_sendButton")): Object: 'Object Repository/Page_PSTO webMessenger - Zalogowano/img_Leszek Kowalski_sendButton' is clicked on

2021-12-19 15:03:55 - [MESSAGE][PASSED] - Object: 'Object Repository/Page_PSTO webMessenger - Zalogowano/img_Leszek Kowalski_sendButton' is clicked on

2021-12-19 15:03:55 - [TEST_STEP][PASSED] - setText(findTestObject("Page_PSTO webMessenger - Zalogowano/input_Leszek Kowalski_messageInput"), "e"): Text 'e' is set on object 'Object Repository/Page_PSTO webMessenger - Zalogowano/input_Leszek Kowalski_messageInput'

2021-12-19 15:03:57 - [MESSAGE][PASSED] - Text 'e' is set on object 'Object Repository/Page_PSTO webMessenger - Zalogowano/input_Leszek Kowalski_messageInput'

2021-12-19 15:03:57 - [TEST_STEP][PASSED] - click(findTestObject("Page_PSTO webMessenger - Zalogowano/img_Leszek Kowalski_sendButton")): Object: 'Object Repository/Page_PSTO webMessenger - Zalogowano/img_Leszek Kowalski_sendButton' is clicked on

2021-12-19 15:03:58 - [MESSAGE][PASSED] - Object: 'Object Repository/Page_PSTO webMessenger - Zalogowano/img_Leszek Kowalski_sendButton' is clicked on

2021-12-19 15:03:58 - [TEST_STEP][PASSED] - setText(findTestObject("Page_PSTO webMessenger - Zalogowano/input_Leszek Kowalski_messageInput"), "e"): Text 'e' is set on object 'Object Repository/Page_PSTO webMessenger - Zalogowano/input_Leszek Kowalski_messageInput'

2021-12-19 15:03:59 - [MESSAGE][PASSED] - Text 'e' is set on object 'Object Repository/Page_PSTO webMessenger - Zalogowano/input_Leszek Kowalski_messageInput'

2021-12-19 15:03:59 - [TEST_STEP][PASSED] - click(findTestObject("Page_PSTO webMessenger - Zalogowano/img_Leszek Kowalski_sendButton")): Object: 'Object Repository/Page_PSTO webMessenger - Zalogowano/img_Leszek Kowalski_sendButton' is clicked on

2021-12-19 15:03:59 - [MESSAGE][PASSED] - Object: 'Object Repository/Page_PSTO webMessenger - Zalogowano/img_Leszek Kowalski_sendButton' is clicked on

2021-12-19 15:03:59 - [TEST_STEP][PASSED] - setText(findTestObject("Page_PSTO webMessenger - Zalogowano/input_Leszek Kowalski_messageInput"), "e"): Text 'e' is set on object 'Object Repository/Page_PSTO webMessenger - Zalogowano/input_Leszek Kowalski_messageInput'

2021-12-19 15:04:00 - [MESSAGE][PASSED] - Text 'e' is set on object 'Object Repository/Page_PSTO webMessenger - Zalogowano/input_Leszek Kowalski_messageInput'

2021-12-19 15:04:00 - [TEST_STEP][PASSED] - click(findTestObject("Page_PSTO webMessenger - Zalogowano/img_Leszek Kowalski_sendButton")): Object: 'Object Repository/Page_PSTO webMessenger - Zalogowano/img_Leszek Kowalski_sendButton' is clicked on

2021-12-19 15:04:00 - [MESSAGE][PASSED] - Object: 'Object Repository/Page_PSTO webMessenger - Zalogowano/img_Leszek Kowalski_sendButton' is clicked on

2021-12-19 15:04:00 - [TEST_STEP][PASSED] - setText(findTestObject("Page_PSTO webMessenger - Zalogowano/input_Leszek Kowalski_messageInput"), "e"): Text 'e' is set on object 'Object Repository/Page_PSTO webMessenger - Zalogowano/input_Leszek Kowalski_messageInput'

2021-12-19 15:04:02 - [MESSAGE][PASSED] - Text 'e' is set on object 'Object Repository/Page_PSTO webMessenger - Zalogowano/input_Leszek Kowalski_messageInput'

2021-12-19 15:04:02 - [TEST_STEP][PASSED] - click(findTestObject("Page_PSTO webMessenger - Zalogowano/img_Leszek Kowalski_sendButton")): Object: 'Object Repository/Page_PSTO webMessenger - Zalogowano/img_Leszek Kowalski_sendButton' is clicked on

2021-12-19 15:04:03 - [MESSAGE][PASSED] - Object: 'Object Repository/Page_PSTO webMessenger - Zalogowano/img_Leszek Kowalski_sendButton' is clicked on

2021-12-19 15:04:03 - [TEST_STEP][PASSED] - setText(findTestObject("Page_PSTO webMessenger - Zalogowano/input_Leszek Kowalski_messageInput"), "e"): Text 'e' is set on object 'Object Repository/Page_PSTO webMessenger - Zalogowano/input_Leszek Kowalski_messageInput'

2021-12-19 15:04:03 - [MESSAGE][PASSED] - Text 'e' is set on object 'Object Repository/Page_PSTO webMessenger - Zalogowano/input_Leszek Kowalski_messageInput'

2021-12-19 15:04:03 - [TEST_STEP][PASSED] - click(findTestObject("Page_PSTO webMessenger - Zalogowano/img_Leszek Kowalski_sendButton")): Object: 'Object Repository/Page_PSTO webMessenger - Zalogowano/img_Leszek Kowalski_sendButton' is clicked on

2021-12-19 15:04:04 - [MESSAGE][PASSED] - Object: 'Object Repository/Page_PSTO webMessenger - Zalogowano/img_Leszek Kowalski_sendButton' is clicked on

2021-12-19 15:04:04 - [TEST_STEP][PASSED] - setText(findTestObject("Page_PSTO webMessenger - Zalogowano/input_Leszek Kowalski_messageInput"), "e"): Text 'e' is set on object 'Object Repository/Page_PSTO webMessenger - Zalogowano/input_Leszek Kowalski_messageInput'

2021-12-19 15:04:05 - [MESSAGE][PASSED] - Text 'e' is set on object 'Object Repository/Page_PSTO webMessenger - Zalogowano/input_Leszek Kowalski_messageInput'

2021-12-19 15:04:05 - [TEST_STEP][PASSED] - click(findTestObject("Page_PSTO webMessenger - Zalogowano/img_Leszek Kowalski_sendButton")): Object: 'Object Repository/Page_PSTO webMessenger - Zalogowano/img_Leszek Kowalski_sendButton' is clicked on

2021-12-19 15:04:05 - [MESSAGE][PASSED] - Object: 'Object Repository/Page_PSTO webMessenger - Zalogowano/img_Leszek Kowalski_sendButton' is clicked on

2021-12-19 15:04:05 - [TEST_STEP][PASSED] - setText(findTestObject("Page_PSTO webMessenger - Zalogowano/input_Leszek Kowalski_messageInput"), "e"): Text 'e' is set on object 'Object Repository/Page_PSTO webMessenger - Zalogowano/input_Leszek Kowalski_messageInput'

2021-12-19 15:04:07 - [MESSAGE][PASSED] - Text 'e' is set on object 'Object Repository/Page_PSTO webMessenger - Zalogowano/input_Leszek Kowalski_messageInput'

2021-12-19 15:04:07 - [TEST_STEP][PASSED] - click(findTestObject("Page_PSTO webMessenger - Zalogowano/img_Leszek Kowalski_sendButton")): Object: 'Object Repository/Page_PSTO webMessenger - Zalogowano/img_Leszek Kowalski_sendButton' is clicked on

2021-12-19 15:04:08 - [MESSAGE][PASSED] - Object: 'Object Repository/Page_PSTO webMessenger - Zalogowano/img_Leszek Kowalski_sendButton' is clicked on

2021-12-19 15:04:08 - [TEST_STEP][PASSED] - setText(findTestObject("Page_PSTO webMessenger - Zalogowano/input_Leszek Kowalski_messageInput"), "e"): Text 'e' is set on object 'Object Repository/Page_PSTO webMessenger - Zalogowano/input_Leszek Kowalski_messageInput'

2021-12-19 15:04:08 - [MESSAGE][PASSED] - Text 'e' is set on object 'Object Repository/Page_PSTO webMessenger - Zalogowano/input_Leszek Kowalski_messageInput'

2021-12-19 15:04:08 - [TEST_STEP][PASSED] - click(findTestObject("Page_PSTO webMessenger - Zalogowano/img_Leszek Kowalski_sendButton")): Object: 'Object Repository/Page_PSTO webMessenger - Zalogowano/img_Leszek Kowalski_sendButton' is clicked on

2021-12-19 15:04:09 - [MESSAGE][PASSED] - Object: 'Object Repository/Page_PSTO webMessenger - Zalogowano/img_Leszek Kowalski_sendButton' is clicked on

2021-12-19 15:04:09 - [TEST_STEP][PASSED] - setText(findTestObject("Page_PSTO webMessenger - Zalogowano/input_Leszek Kowalski_messageInput"), "e"): Text 'e' is set on object 'Object Repository/Page_PSTO webMessenger - Zalogowano/input_Leszek Kowalski_messageInput'

2021-12-19 15:04:10 - [MESSAGE][PASSED] - Text 'e' is set on object 'Object Repository/Page_PSTO webMessenger - Zalogowano/input_Leszek Kowalski_messageInput'

2021-12-19 15:04:10 - [TEST_STEP][PASSED] - click(findTestObject("Page_PSTO webMessenger - Zalogowano/img_Leszek Kowalski_sendButton")): Object: 'Object Repository/Page_PSTO webMessenger - Zalogowano/img_Leszek Kowalski_sendButton' is clicked on

2021-12-19 15:04:10 - [MESSAGE][PASSED] - Object: 'Object Repository/Page_PSTO webMessenger - Zalogowano/img_Leszek Kowalski_sendButton' is clicked on

2021-12-19 15:04:10 - [TEST_STEP][PASSED] - setText(findTestObject("Page_PSTO webMessenger - Zalogowano/input_Leszek Kowalski_messageInput"), "e"): Text 'e' is set on object 'Object Repository/Page_PSTO webMessenger - Zalogowano/input_Leszek Kowalski_messageInput'

2021-12-19 15:04:12 - [MESSAGE][PASSED] - Text 'e' is set on object 'Object Repository/Page_PSTO webMessenger - Zalogowano/input_Leszek Kowalski_messageInput'

2021-12-19 15:04:12 - [TEST_STEP][PASSED] - click(findTestObject("Page_PSTO webMessenger - Zalogowano/img_Leszek Kowalski_sendButton")): Object: 'Object Repository/Page_PSTO webMessenger - Zalogowano/img_Leszek Kowalski_sendButton' is clicked on

2021-12-19 15:04:13 - [MESSAGE][PASSED] - Object: 'Object Repository/Page_PSTO webMessenger - Zalogowano/img_Leszek Kowalski_sendButton' is clicked on

2021-12-19 15:04:13 - [TEST_STEP][PASSED] - setText(findTestObject("Page_PSTO webMessenger - Zalogowano/input_Leszek Kowalski_messageInput"), "e"): Text 'e' is set on object 'Object Repository/Page_PSTO webMessenger - Zalogowano/input_Leszek Kowalski_messageInput'

2021-12-19 15:04:13 - [MESSAGE][PASSED] - Text 'e' is set on object 'Object Repository/Page_PSTO webMessenger - Zalogowano/input_Leszek Kowalski_messageInput'

2021-12-19 15:04:13 - [TEST_STEP][PASSED] - click(findTestObject("Page_PSTO webMessenger - Zalogowano/img_Leszek Kowalski_sendButton")): Object: 'Object Repository/Page_PSTO webMessenger - Zalogowano/img_Leszek Kowalski_sendButton' is clicked on

2021-12-19 15:04:14 - [MESSAGE][PASSED] - Object: 'Object Repository/Page_PSTO webMessenger - Zalogowano/img_Leszek Kowalski_sendButton' is clicked on

2021-12-19 15:04:14 - [TEST_STEP][PASSED] - setText(findTestObject("Page_PSTO webMessenger - Zalogowano/input_Leszek Kowalski_messageInput"), "e"): Text 'e' is set on object 'Object Repository/Page_PSTO webMessenger - Zalogowano/input_Leszek Kowalski_messageInput'

2021-12-19 15:04:15 - [MESSAGE][PASSED] - Text 'e' is set on object 'Object Repository/Page_PSTO webMessenger - Zalogowano/input_Leszek Kowalski_messageInput'

2021-12-19 15:04:15 - [TEST_STEP][PASSED] - click(findTestObject("Page_PSTO webMessenger - Zalogowano/img_Leszek Kowalski_sendButton")): Object: 'Object Repository/Page_PSTO webMessenger - Zalogowano/img_Leszek Kowalski_sendButton' is clicked on

2021-12-19 15:04:15 - [MESSAGE][PASSED] - Object: 'Object Repository/Page_PSTO webMessenger - Zalogowano/img_Leszek Kowalski_sendButton' is clicked on

2021-12-19 15:04:15 - [TEST_STEP][PASSED] - setText(findTestObject("Page_PSTO webMessenger - Zalogowano/input_Leszek Kowalski_messageInput"), "e"): Text 'e' is set on object 'Object Repository/Page_PSTO webMessenger - Zalogowano/input_Leszek Kowalski_messageInput'

2021-12-19 15:04:17 - [MESSAGE][PASSED] - Text 'e' is set on object 'Object Repository/Page_PSTO webMessenger - Zalogowano/input_Leszek Kowalski_messageInput'

2021-12-19 15:04:17 - [TEST_STEP][PASSED] - click(findTestObject("Page_PSTO webMessenger - Zalogowano/img_Leszek Kowalski_sendButton")): Object: 'Object Repository/Page_PSTO webMessenger - Zalogowano/img_Leszek Kowalski_sendButton' is clicked on

2021-12-19 15:04:18 - [MESSAGE][PASSED] - Object: 'Object Repository/Page_PSTO webMessenger - Zalogowano/img_Leszek Kowalski_sendButton' is clicked on

2021-12-19 15:04:18 - [TEST_STEP][PASSED] - setText(findTestObject("Page_PSTO webMessenger - Zalogowano/input_Leszek Kowalski_messageInput"), "e"): Text 'e' is set on object 'Object Repository/Page_PSTO webMessenger - Zalogowano/input_Leszek Kowalski_messageInput'

2021-12-19 15:04:18 - [MESSAGE][PASSED] - Text 'e' is set on object 'Object Repository/Page_PSTO webMessenger - Zalogowano/input_Leszek Kowalski_messageInput'

2021-12-19 15:04:18 - [TEST_STEP][PASSED] - click(findTestObject("Page_PSTO webMessenger - Zalogowano/img_Leszek Kowalski_sendButton")): Object: 'Object Repository/Page_PSTO webMessenger - Zalogowano/img_Leszek Kowalski_sendButton' is clicked on

2021-12-19 15:04:19 - [MESSAGE][PASSED] - Object: 'Object Repository/Page_PSTO webMessenger - Zalogowano/img_Leszek Kowalski_sendButton' is clicked on

2021-12-19 15:04:19 - [TEST_STEP][PASSED] - setText(findTestObject("Page_PSTO webMessenger - Zalogowano/input_Leszek Kowalski_messageInput"), "e"): Text 'e' is set on object 'Object Repository/Page_PSTO webMessenger - Zalogowano/input_Leszek Kowalski_messageInput'

2021-12-19 15:04:20 - [MESSAGE][PASSED] - Text 'e' is set on object 'Object Repository/Page_PSTO webMessenger - Zalogowano/input_Leszek Kowalski_messageInput'

2021-12-19 15:04:20 - [TEST_STEP][PASSED] - click(findTestObject("Page_PSTO webMessenger - Zalogowano/img_Leszek Kowalski_sendButton")): Object: 'Object Repository/Page_PSTO webMessenger - Zalogowano/img_Leszek Kowalski_sendButton' is clicked on

2021-12-19 15:04:20 - [MESSAGE][PASSED] - Object: 'Object Repository/Page_PSTO webMessenger - Zalogowano/img_Leszek Kowalski_sendButton' is clicked on

2021-12-19 15:04:20 - [TEST_STEP][PASSED] - setText(findTestObject("Page_PSTO webMessenger - Zalogowano/input_Leszek Kowalski_messageInput"), "e"): Text 'e' is set on object 'Object Repository/Page_PSTO webMessenger - Zalogowano/input_Leszek Kowalski_messageInput'

2021-12-19 15:04:22 - [MESSAGE][PASSED] - Text 'e' is set on object 'Object Repository/Page_PSTO webMessenger - Zalogowano/input_Leszek Kowalski_messageInput'

2021-12-19 15:04:22 - [TEST_STEP][PASSED] - click(findTestObject("Page_PSTO webMessenger - Zalogowano/img_Leszek Kowalski_sendButton")): Object: 'Object Repository/Page_PSTO webMessenger - Zalogowano/img_Leszek Kowalski_sendButton' is clicked on

2021-12-19 15:04:23 - [MESSAGE][PASSED] - Object: 'Object Repository/Page_PSTO webMessenger - Zalogowano/img_Leszek Kowalski_sendButton' is clicked on

2021-12-19 15:04:23 - [TEST_STEP][PASSED] - setText(findTestObject("Page_PSTO webMessenger - Zalogowano/input_Leszek Kowalski_messageInput"), "e"): Text 'e' is set on object 'Object Repository/Page_PSTO webMessenger - Zalogowano/input_Leszek Kowalski_messageInput'

2021-12-19 15:04:23 - [MESSAGE][PASSED] - Text 'e' is set on object 'Object Repository/Page_PSTO webMessenger - Zalogowano/input_Leszek Kowalski_messageInput'

2021-12-19 15:04:23 - [TEST_STEP][PASSED] - click(findTestObject("Page_PSTO webMessenger - Zalogowano/img_Leszek Kowalski_sendButton")): Object: 'Object Repository/Page_PSTO webMessenger - Zalogowano/img_Leszek Kowalski_sendButton' is clicked on

2021-12-19 15:04:24 - [MESSAGE][PASSED] - Object: 'Object Repository/Page_PSTO webMessenger - Zalogowano/img_Leszek Kowalski_sendButton' is clicked on

2021-12-19 15:04:24 - [TEST_STEP][PASSED] - setText(findTestObject("Page_PSTO webMessenger - Zalogowano/input_Leszek Kowalski_messageInput"), "e"): Text 'e' is set on object 'Object Repository/Page_PSTO webMessenger - Zalogowano/input_Leszek Kowalski_messageInput'

2021-12-19 15:04:25 - [MESSAGE][PASSED] - Text 'e' is set on object 'Object Repository/Page_PSTO webMessenger - Zalogowano/input_Leszek Kowalski_messageInput'

2021-12-19 15:04:25 - [TEST_STEP][PASSED] - click(findTestObject("Page_PSTO webMessenger - Zalogowano/img_Leszek Kowalski_sendButton")): Object: 'Object Repository/Page_PSTO webMessenger - Zalogowano/img_Leszek Kowalski_sendButton' is clicked on

2021-12-19 15:04:25 - [MESSAGE][PASSED] - Object: 'Object Repository/Page_PSTO webMessenger - Zalogowano/img_Leszek Kowalski_sendButton' is clicked on

2021-12-19 15:04:25 - [TEST_STEP][PASSED] - setText(findTestObject("Page_PSTO webMessenger - Zalogowano/input_Leszek Kowalski_messageInput"), "e"): Text 'e' is set on object 'Object Repository/Page_PSTO webMessenger - Zalogowano/input_Leszek Kowalski_messageInput'

2021-12-19 15:04:27 - [MESSAGE][PASSED] - Text 'e' is set on object 'Object Repository/Page_PSTO webMessenger - Zalogowano/input_Leszek Kowalski_messageInput'

2021-12-19 15:04:27 - [TEST_STEP][PASSED] - click(findTestObject("Page_PSTO webMessenger - Zalogowano/img_Leszek Kowalski_sendButton")): Object: 'Object Repository/Page_PSTO webMessenger - Zalogowano/img_Leszek Kowalski_sendButton' is clicked on

2021-12-19 15:04:28 - [MESSAGE][PASSED] - Object: 'Object Repository/Page_PSTO webMessenger - Zalogowano/img_Leszek Kowalski_sendButton' is clicked on

2021-12-19 15:04:28 - [TEST_STEP][PASSED] - setText(findTestObject("Page_PSTO webMessenger - Zalogowano/input_Leszek Kowalski_messageInput"), "e"): Text 'e' is set on object 'Object Repository/Page_PSTO webMessenger - Zalogowano/input_Leszek Kowalski_messageInput'

2021-12-19 15:04:28 - [MESSAGE][PASSED] - Text 'e' is set on object 'Object Repository/Page_PSTO webMessenger - Zalogowano/input_Leszek Kowalski_messageInput'

2021-12-19 15:04:28 - [TEST_STEP][PASSED] - click(findTestObject("Page_PSTO webMessenger - Zalogowano/img_Leszek Kowalski_sendButton")): Object: 'Object Repository/Page_PSTO webMessenger - Zalogowano/img_Leszek Kowalski_sendButton' is clicked on

2021-12-19 15:04:29 - [MESSAGE][PASSED] - Object: 'Object Repository/Page_PSTO webMessenger - Zalogowano/img_Leszek Kowalski_sendButton' is clicked on

2021-12-19 15:04:29 - [TEST_STEP][PASSED] - setText(findTestObject("Page_PSTO webMessenger - Zalogowano/input_Leszek Kowalski_messageInput"), "e"): Text 'e' is set on object 'Object Repository/Page_PSTO webMessenger - Zalogowano/input_Leszek Kowalski_messageInput'

2021-12-19 15:04:30 - [MESSAGE][PASSED] - Text 'e' is set on object 'Object Repository/Page_PSTO webMessenger - Zalogowano/input_Leszek Kowalski_messageInput'

2021-12-19 15:04:30 - [TEST_STEP][PASSED] - click(findTestObject("Page_PSTO webMessenger - Zalogowano/img_Leszek Kowalski_sendButton")): Object: 'Object Repository/Page_PSTO webMessenger - Zalogowano/img_Leszek Kowalski_sendButton' is clicked on

2021-12-19 15:04:30 - [MESSAGE][PASSED] - Object: 'Object Repository/Page_PSTO webMessenger - Zalogowano/img_Leszek Kowalski_sendButton' is clicked on

2021-12-19 15:04:30 - [TEST_STEP][PASSED] - setText(findTestObject("Page_PSTO webMessenger - Zalogowano/input_Leszek Kowalski_messageInput"), "e"): Text 'e' is set on object 'Object Repository/Page_PSTO webMessenger - Zalogowano/input_Leszek Kowalski_messageInput'

2021-12-19 15:04:32 - [MESSAGE][PASSED] - Text 'e' is set on object 'Object Repository/Page_PSTO webMessenger - Zalogowano/input_Leszek Kowalski_messageInput'

2021-12-19 15:04:32 - [TEST_STEP][PASSED] - click(findTestObject("Page_PSTO webMessenger - Zalogowano/img_Leszek Kowalski_sendButton")): Object: 'Object Repository/Page_PSTO webMessenger - Zalogowano/img_Leszek Kowalski_sendButton' is clicked on

2021-12-19 15:04:33 - [MESSAGE][PASSED] - Object: 'Object Repository/Page_PSTO webMessenger - Zalogowano/img_Leszek Kowalski_sendButton' is clicked on

2021-12-19 15:04:33 - [TEST_STEP][PASSED] - setText(findTestObject("Page_PSTO webMessenger - Zalogowano/input_Leszek Kowalski_messageInput"), "e"): Text 'e' is set on object 'Object Repository/Page_PSTO webMessenger - Zalogowano/input_Leszek Kowalski_messageInput'

2021-12-19 15:04:33 - [MESSAGE][PASSED] - Text 'e' is set on object 'Object Repository/Page_PSTO webMessenger - Zalogowano/input_Leszek Kowalski_messageInput'

2021-12-19 15:04:33 - [TEST_STEP][PASSED] - click(findTestObject("Page_PSTO webMessenger - Zalogowano/img_Leszek Kowalski_sendButton")): Object: 'Object Repository/Page_PSTO webMessenger - Zalogowano/img_Leszek Kowalski_sendButton' is clicked on

2021-12-19 15:04:34 - [MESSAGE][PASSED] - Object: 'Object Repository/Page_PSTO webMessenger - Zalogowano/img_Leszek Kowalski_sendButton' is clicked on

2021-12-19 15:04:34 - [TEST_STEP][PASSED] - setText(findTestObject("Page_PSTO webMessenger - Zalogowano/input_Leszek Kowalski_messageInput"), "e"): Text 'e' is set on object 'Object Repository/Page_PSTO webMessenger - Zalogowano/input_Leszek Kowalski_messageInput'

2021-12-19 15:04:35 - [MESSAGE][PASSED] - Text 'e' is set on object 'Object Repository/Page_PSTO webMessenger - Zalogowano/input_Leszek Kowalski_messageInput'

2021-12-19 15:04:35 - [TEST_STEP][PASSED] - click(findTestObject("Page_PSTO webMessenger - Zalogowano/img_Leszek Kowalski_sendButton")): Object: 'Object Repository/Page_PSTO webMessenger - Zalogowano/img_Leszek Kowalski_sendButton' is clicked on

2021-12-19 15:04:35 - [MESSAGE][PASSED] - Object: 'Object Repository/Page_PSTO webMessenger - Zalogowano/img_Leszek Kowalski_sendButton' is clicked on

2021-12-19 15:04:35 - [TEST_STEP][PASSED] - setText(findTestObject("Page_PSTO webMessenger - Zalogowano/input_Leszek Kowalski_messageInput"), "e"): Text 'e' is set on object 'Object Repository/Page_PSTO webMessenger - Zalogowano/input_Leszek Kowalski_messageInput'

2021-12-19 15:04:36 - [MESSAGE][PASSED] - Text 'e' is set on object 'Object Repository/Page_PSTO webMessenger - Zalogowano/input_Leszek Kowalski_messageInput'

2021-12-19 15:04:36 - [TEST_STEP][PASSED] - click(findTestObject("Page_PSTO webMessenger - Zalogowano/img_Leszek Kowalski_sendButton")): Object: 'Object Repository/Page_PSTO webMessenger - Zalogowano/img_Leszek Kowalski_sendButton' is clicked on

2021-12-19 15:04:37 - [MESSAGE][PASSED] - Object: 'Object Repository/Page_PSTO webMessenger - Zalogowano/img_Leszek Kowalski_sendButton' is clicked on

2021-12-19 15:04:37 - [TEST_STEP][PASSED] - setText(findTestObject("Page_PSTO webMessenger - Zalogowano/input_Leszek Kowalski_messageInput"), "e"): Text 'e' is set on object 'Object Repository/Page_PSTO webMessenger - Zalogowano/input_Leszek Kowalski_messageInput'

2021-12-19 15:04:38 - [MESSAGE][PASSED] - Text 'e' is set on object 'Object Repository/Page_PSTO webMessenger - Zalogowano/input_Leszek Kowalski_messageInput'

2021-12-19 15:04:38 - [TEST_STEP][PASSED] - click(findTestObject("Page_PSTO webMessenger - Zalogowano/img_Leszek Kowalski_sendButton")): Object: 'Object Repository/Page_PSTO webMessenger - Zalogowano/img_Leszek Kowalski_sendButton' is clicked on

2021-12-19 15:04:38 - [MESSAGE][PASSED] - Object: 'Object Repository/Page_PSTO webMessenger - Zalogowano/img_Leszek Kowalski_sendButton' is clicked on

2021-12-19 15:04:38 - [TEST_STEP][PASSED] - setText(findTestObject("Page_PSTO webMessenger - Zalogowano/input_Leszek Kowalski_messageInput"), "e"): Text 'e' is set on object 'Object Repository/Page_PSTO webMessenger - Zalogowano/input_Leszek Kowalski_messageInput'

2021-12-19 15:04:39 - [MESSAGE][PASSED] - Text 'e' is set on object 'Object Repository/Page_PSTO webMessenger - Zalogowano/input_Leszek Kowalski_messageInput'

2021-12-19 15:04:39 - [TEST_STEP][PASSED] - click(findTestObject("Page_PSTO webMessenger - Zalogowano/img_Leszek Kowalski_sendButton")): Object: 'Object Repository/Page_PSTO webMessenger - Zalogowano/img_Leszek Kowalski_sendButton' is clicked on

2021-12-19 15:04:40 - [MESSAGE][PASSED] - Object: 'Object Repository/Page_PSTO webMessenger - Zalogowano/img_Leszek Kowalski_sendButton' is clicked on

2021-12-19 15:04:40 - [TEST_STEP][PASSED] - setText(findTestObject("Page_PSTO webMessenger - Zalogowano/input_Leszek Kowalski_messageInput"), "e"): Text 'e' is set on object 'Object Repository/Page_PSTO webMessenger - Zalogowano/input_Leszek Kowalski_messageInput'

2021-12-19 15:04:40 - [MESSAGE][PASSED] - Text 'e' is set on object 'Object Repository/Page_PSTO webMessenger - Zalogowano/input_Leszek Kowalski_messageInput'

2021-12-19 15:04:40 - [TEST_STEP][PASSED] - click(findTestObject("Page_PSTO webMessenger - Zalogowano/img_Leszek Kowalski_sendButton")): Object: 'Object Repository/Page_PSTO webMessenger - Zalogowano/img_Leszek Kowalski_sendButton' is clicked on

2021-12-19 15:04:41 - [MESSAGE][PASSED] - Object: 'Object Repository/Page_PSTO webMessenger - Zalogowano/img_Leszek Kowalski_sendButton' is clicked on

2021-12-19 15:04:41 - [TEST_STEP][PASSED] - setText(findTestObject("Page_PSTO webMessenger - Zalogowano/input_Leszek Kowalski_messageInput"), "e"): Text 'e' is set on object 'Object Repository/Page_PSTO webMessenger - Zalogowano/input_Leszek Kowalski_messageInput'

2021-12-19 15:04:42 - [MESSAGE][PASSED] - Text 'e' is set on object 'Object Repository/Page_PSTO webMessenger - Zalogowano/input_Leszek Kowalski_messageInput'

2021-12-19 15:04:42 - [TEST_STEP][PASSED] - click(findTestObject("Page_PSTO webMessenger - Zalogowano/img_Leszek Kowalski_sendButton")): Object: 'Object Repository/Page_PSTO webMessenger - Zalogowano/img_Leszek Kowalski_sendButton' is clicked on

2021-12-19 15:04:43 - [MESSAGE][PASSED] - Object: 'Object Repository/Page_PSTO webMessenger - Zalogowano/img_Leszek Kowalski_sendButton' is clicked on

2021-12-19 15:04:43 - [TEST_STEP][PASSED] - setText(findTestObject("Page_PSTO webMessenger - Zalogowano/input_Leszek Kowalski_messageInput"), "e"): Text 'e' is set on object 'Object Repository/Page_PSTO webMessenger - Zalogowano/input_Leszek Kowalski_messageInput'

2021-12-19 15:04:43 - [MESSAGE][PASSED] - Text 'e' is set on object 'Object Repository/Page_PSTO webMessenger - Zalogowano/input_Leszek Kowalski_messageInput'

2021-12-19 15:04:43 - [TEST_STEP][PASSED] - click(findTestObject("Page_PSTO webMessenger - Zalogowano/img_Leszek Kowalski_sendButton")): Object: 'Object Repository/Page_PSTO webMessenger - Zalogowano/img_Leszek Kowalski_sendButton' is clicked on

2021-12-19 15:04:44 - [MESSAGE][PASSED] - Object: 'Object Repository/Page_PSTO webMessenger - Zalogowano/img_Leszek Kowalski_sendButton' is clicked on

2021-12-19 15:04:44 - [TEST_STEP][PASSED] - setText(findTestObject("Page_PSTO webMessenger - Zalogowano/input_Leszek Kowalski_messageInput"), "e"): Text 'e' is set on object 'Object Repository/Page_PSTO webMessenger - Zalogowano/input_Leszek Kowalski_messageInput'

2021-12-19 15:04:45 - [MESSAGE][PASSED] - Text 'e' is set on object 'Object Repository/Page_PSTO webMessenger - Zalogowano/input_Leszek Kowalski_messageInput'

2021-12-19 15:04:45 - [TEST_STEP][PASSED] - click(findTestObject("Page_PSTO webMessenger - Zalogowano/img_Leszek Kowalski_sendButton")): Object: 'Object Repository/Page_PSTO webMessenger - Zalogowano/img_Leszek Kowalski_sendButton' is clicked on

2021-12-19 15:04:45 - [MESSAGE][PASSED] - Object: 'Object Repository/Page_PSTO webMessenger - Zalogowano/img_Leszek Kowalski_sendButton' is clicked on

2021-12-19 15:04:45 - [TEST_STEP][PASSED] - setText(findTestObject("Page_PSTO webMessenger - Zalogowano/input_Leszek Kowalski_messageInput"), "e"): Text 'e' is set on object 'Object Repository/Page_PSTO webMessenger - Zalogowano/input_Leszek Kowalski_messageInput'

2021-12-19 15:04:46 - [MESSAGE][PASSED] - Text 'e' is set on object 'Object Repository/Page_PSTO webMessenger - Zalogowano/input_Leszek Kowalski_messageInput'

2021-12-19 15:04:46 - [TEST_STEP][PASSED] - click(findTestObject("Page_PSTO webMessenger - Zalogowano/img_Leszek Kowalski_sendButton")): Object: 'Object Repository/Page_PSTO webMessenger - Zalogowano/img_Leszek Kowalski_sendButton' is clicked on

2021-12-19 15:04:47 - [MESSAGE][PASSED] - Object: 'Object Repository/Page_PSTO webMessenger - Zalogowano/img_Leszek Kowalski_sendButton' is clicked on

2021-12-19 15:04:47 - [TEST_STEP][PASSED] - setText(findTestObject("Page_PSTO webMessenger - Zalogowano/input_Leszek Kowalski_messageInput"), "e"): Text 'e' is set on object 'Object Repository/Page_PSTO webMessenger - Zalogowano/input_Leszek Kowalski_messageInput'

2021-12-19 15:04:47 - [MESSAGE][PASSED] - Text 'e' is set on object 'Object Repository/Page_PSTO webMessenger - Zalogowano/input_Leszek Kowalski_messageInput'

2021-12-19 15:04:47 - [TEST_STEP][PASSED] - click(findTestObject("Page_PSTO webMessenger - Zalogowano/img_Leszek Kowalski_sendButton")): Object: 'Object Repository/Page_PSTO webMessenger - Zalogowano/img_Leszek Kowalski_sendButton' is clicked on

2021-12-19 15:04:48 - [MESSAGE][PASSED] - Object: 'Object Repository/Page_PSTO webMessenger - Zalogowano/img_Leszek Kowalski_sendButton' is clicked on

2021-12-19 15:04:48 - [TEST_STEP][PASSED] - setText(findTestObject("Page_PSTO webMessenger - Zalogowano/input_Leszek Kowalski_messageInput"), "e"): Text 'e' is set on object 'Object Repository/Page_PSTO webMessenger - Zalogowano/input_Leszek Kowalski_messageInput'

2021-12-19 15:04:49 - [MESSAGE][PASSED] - Text 'e' is set on object 'Object Repository/Page_PSTO webMessenger - Zalogowano/input_Leszek Kowalski_messageInput'

2021-12-19 15:04:49 - [TEST_STEP][PASSED] - click(findTestObject("Page_PSTO webMessenger - Zalogowano/img_Leszek Kowalski_sendButton")): Object: 'Object Repository/Page_PSTO webMessenger - Zalogowano/img_Leszek Kowalski_sendButton' is clicked on

2021-12-19 15:04:49 - [MESSAGE][PASSED] - Object: 'Object Repository/Page_PSTO webMessenger - Zalogowano/img_Leszek Kowalski_sendButton' is clicked on

2021-12-19 15:04:49 - [TEST_STEP][PASSED] - setText(findTestObject("Page_PSTO webMessenger - Zalogowano/input_Leszek Kowalski_messageInput"), "e"): Text 'e' is set on object 'Object Repository/Page_PSTO webMessenger - Zalogowano/input_Leszek Kowalski_messageInput'

2021-12-19 15:04:50 - [MESSAGE][PASSED] - Text 'e' is set on object 'Object Repository/Page_PSTO webMessenger - Zalogowano/input_Leszek Kowalski_messageInput'

2021-12-19 15:04:50 - [TEST_STEP][PASSED] - click(findTestObject("Page_PSTO webMessenger - Zalogowano/img_Leszek Kowalski_sendButton")): Object: 'Object Repository/Page_PSTO webMessenger - Zalogowano/img_Leszek Kowalski_sendButton' is clicked on

2021-12-19 15:04:51 - [MESSAGE][PASSED] - Object: 'Object Repository/Page_PSTO webMessenger - Zalogowano/img_Leszek Kowalski_sendButton' is clicked on

2021-12-19 15:04:51 - [TEST_STEP][PASSED] - setText(findTestObject("Page_PSTO webMessenger - Zalogowano/input_Leszek Kowalski_messageInput"), "e"): Text 'e' is set on object 'Object Repository/Page_PSTO webMessenger - Zalogowano/input_Leszek Kowalski_messageInput'

2021-12-19 15:04:52 - [MESSAGE][PASSED] - Text 'e' is set on object 'Object Repository/Page_PSTO webMessenger - Zalogowano/input_Leszek Kowalski_messageInput'

2021-12-19 15:04:52 - [TEST_STEP][PASSED] - click(findTestObject("Page_PSTO webMessenger - Zalogowano/img_Leszek Kowalski_sendButton")): Object: 'Object Repository/Page_PSTO webMessenger - Zalogowano/img_Leszek Kowalski_sendButton' is clicked on

2021-12-19 15:04:53 - [MESSAGE][PASSED] - Object: 'Object Repository/Page_PSTO webMessenger - Zalogowano/img_Leszek Kowalski_sendButton' is clicked on

2021-12-19 15:04:53 - [TEST_STEP][PASSED] - setText(findTestObject("Page_PSTO webMessenger - Zalogowano/input_Leszek Kowalski_messageInput"), "e"): Text 'e' is set on object 'Object Repository/Page_PSTO webMessenger - Zalogowano/input_Leszek Kowalski_messageInput'

2021-12-19 15:04:53 - [MESSAGE][PASSED] - Text 'e' is set on object 'Object Repository/Page_PSTO webMessenger - Zalogowano/input_Leszek Kowalski_messageInput'

2021-12-19 15:04:53 - [TEST_STEP][PASSED] - click(findTestObject("Page_PSTO webMessenger - Zalogowano/img_Leszek Kowalski_sendButton")): Object: 'Object Repository/Page_PSTO webMessenger - Zalogowano/img_Leszek Kowalski_sendButton' is clicked on

2021-12-19 15:04:54 - [MESSAGE][PASSED] - Object: 'Object Repository/Page_PSTO webMessenger - Zalogowano/img_Leszek Kowalski_sendButton' is clicked on

2021-12-19 15:04:54 - [TEST_STEP][PASSED] - setText(findTestObject("Page_PSTO webMessenger - Zalogowano/input_Leszek Kowalski_messageInput"), "e"): Text 'e' is set on object 'Object Repository/Page_PSTO webMessenger - Zalogowano/input_Leszek Kowalski_messageInput'

2021-12-19 15:04:55 - [MESSAGE][PASSED] - Text 'e' is set on object 'Object Repository/Page_PSTO webMessenger - Zalogowano/input_Leszek Kowalski_messageInput'

2021-12-19 15:04:55 - [TEST_STEP][PASSED] - click(findTestObject("Page_PSTO webMessenger - Zalogowano/img_Leszek Kowalski_sendButton")): Object: 'Object Repository/Page_PSTO webMessenger - Zalogowano/img_Leszek Kowalski_sendButton' is clicked on

2021-12-19 15:04:55 - [MESSAGE][PASSED] - Object: 'Object Repository/Page_PSTO webMessenger - Zalogowano/img_Leszek Kowalski_sendButton' is clicked on

2021-12-19 15:04:55 - [TEST_STEP][PASSED] - setText(findTestObject("Page_PSTO webMessenger - Zalogowano/input_Leszek Kowalski_messageInput"), "e"): Text 'e' is set on object 'Object Repository/Page_PSTO webMessenger - Zalogowano/input_Leszek Kowalski_messageInput'

2021-12-19 15:04:56 - [MESSAGE][PASSED] - Text 'e' is set on object 'Object Repository/Page_PSTO webMessenger - Zalogowano/input_Leszek Kowalski_messageInput'

2021-12-19 15:04:56 - [TEST_STEP][PASSED] - click(findTestObject("Page_PSTO webMessenger - Zalogowano/img_Leszek Kowalski_sendButton")): Object: 'Object Repository/Page_PSTO webMessenger - Zalogowano/img_Leszek Kowalski_sendButton' is clicked on

2021-12-19 15:04:57 - [MESSAGE][PASSED] - Object: 'Object Repository/Page_PSTO webMessenger - Zalogowano/img_Leszek Kowalski_sendButton' is clicked on

2021-12-19 15:04:57 - [TEST_STEP][PASSED] - setText(findTestObject("Page_PSTO webMessenger - Zalogowano/input_Leszek Kowalski_messageInput"), "e"): Text 'e' is set on object 'Object Repository/Page_PSTO webMessenger - Zalogowano/input_Leszek Kowalski_messageInput'

2021-12-19 15:04:58 - [MESSAGE][PASSED] - Text 'e' is set on object 'Object Repository/Page_PSTO webMessenger - Zalogowano/input_Leszek Kowalski_messageInput'

2021-12-19 15:04:58 - [TEST_STEP][PASSED] - click(findTestObject("Page_PSTO webMessenger - Zalogowano/img_Leszek Kowalski_sendButton")): Object: 'Object Repository/Page_PSTO webMessenger - Zalogowano/img_Leszek Kowalski_sendButton' is clicked on

2021-12-19 15:04:58 - [MESSAGE][PASSED] - Object: 'Object Repository/Page_PSTO webMessenger - Zalogowano/img_Leszek Kowalski_sendButton' is clicked on

2021-12-19 15:04:58 - [TEST_STEP][PASSED] - setText(findTestObject("Page_PSTO webMessenger - Zalogowano/input_Leszek Kowalski_messageInput"), "e"): Text 'e' is set on object 'Object Repository/Page_PSTO webMessenger - Zalogowano/input_Leszek Kowalski_messageInput'

2021-12-19 15:04:59 - [MESSAGE][PASSED] - Text 'e' is set on object 'Object Repository/Page_PSTO webMessenger - Zalogowano/input_Leszek Kowalski_messageInput'

2021-12-19 15:04:59 - [TEST_STEP][PASSED] - click(findTestObject("Page_PSTO webMessenger - Zalogowano/img_Leszek Kowalski_sendButton")): Object: 'Object Repository/Page_PSTO webMessenger - Zalogowano/img_Leszek Kowalski_sendButton' is clicked on

2021-12-19 15:05:00 - [MESSAGE][PASSED] - Object: 'Object Repository/Page_PSTO webMessenger - Zalogowano/img_Leszek Kowalski_sendButton' is clicked on

2021-12-19 15:05:00 - [TEST_STEP][PASSED] - setText(findTestObject("Page_PSTO webMessenger - Zalogowano/input_Leszek Kowalski_messageInput"), "e"): Text 'e' is set on object 'Object Repository/Page_PSTO webMessenger - Zalogowano/input_Leszek Kowalski_messageInput'

2021-12-19 15:05:00 - [MESSAGE][PASSED] - Text 'e' is set on object 'Object Repository/Page_PSTO webMessenger - Zalogowano/input_Leszek Kowalski_messageInput'

2021-12-19 15:05:00 - [TEST_STEP][PASSED] - click(findTestObject("Page_PSTO webMessenger - Zalogowano/img_Leszek Kowalski_sendButton")): Object: 'Object Repository/Page_PSTO webMessenger - Zalogowano/img_Leszek Kowalski_sendButton' is clicked on

2021-12-19 15:05:01 - [MESSAGE][PASSED] - Object: 'Object Repository/Page_PSTO webMessenger - Zalogowano/img_Leszek Kowalski_sendButton' is clicked on

2021-12-19 15:05:01 - [TEST_STEP][PASSED] - setText(findTestObject("Page_PSTO webMessenger - Zalogowano/input_Leszek Kowalski_messageInput"), "e"): Text 'e' is set on object 'Object Repository/Page_PSTO webMessenger - Zalogowano/input_Leszek Kowalski_messageInput'

2021-12-19 15:05:02 - [MESSAGE][PASSED] - Text 'e' is set on object 'Object Repository/Page_PSTO webMessenger - Zalogowano/input_Leszek Kowalski_messageInput'

2021-12-19 15:05:02 - [TEST_STEP][PASSED] - click(findTestObject("Page_PSTO webMessenger - Zalogowano/img_Leszek Kowalski_sendButton")): Object: 'Object Repository/Page_PSTO webMessenger - Zalogowano/img_Leszek Kowalski_sendButton' is clicked on

2021-12-19 15:05:03 - [MESSAGE][PASSED] - Object: 'Object Repository/Page_PSTO webMessenger - Zalogowano/img_Leszek Kowalski_sendButton' is clicked on

2021-12-19 15:05:03 - [TEST_STEP][PASSED] - setText(findTestObject("Page_PSTO webMessenger - Zalogowano/input_Leszek Kowalski_messageInput"), "e"): Text 'e' is set on object 'Object Repository/Page_PSTO webMessenger - Zalogowano/input_Leszek Kowalski_messageInput'

2021-12-19 15:05:03 - [MESSAGE][PASSED] - Text 'e' is set on object 'Object Repository/Page_PSTO webMessenger - Zalogowano/input_Leszek Kowalski_messageInput'

2021-12-19 15:05:03 - [TEST_STEP][PASSED] - click(findTestObject("Page_PSTO webMessenger - Zalogowano/img_Leszek Kowalski_sendButton")): Object: 'Object Repository/Page_PSTO webMessenger - Zalogowano/img_Leszek Kowalski_sendButton' is clicked on

2021-12-19 15:05:04 - [MESSAGE][PASSED] - Object: 'Object Repository/Page_PSTO webMessenger - Zalogowano/img_Leszek Kowalski_sendButton' is clicked on

2021-12-19 15:05:04 - [TEST_STEP][PASSED] - setText(findTestObject("Page_PSTO webMessenger - Zalogowano/input_Leszek Kowalski_messageInput"), "e"): Text 'e' is set on object 'Object Repository/Page_PSTO webMessenger - Zalogowano/input_Leszek Kowalski_messageInput'

2021-12-19 15:05:05 - [MESSAGE][PASSED] - Text 'e' is set on object 'Object Repository/Page_PSTO webMessenger - Zalogowano/input_Leszek Kowalski_messageInput'

2021-12-19 15:05:05 - [TEST_STEP][PASSED] - click(findTestObject("Page_PSTO webMessenger - Zalogowano/img_Leszek Kowalski_sendButton")): Object: 'Object Repository/Page_PSTO webMessenger - Zalogowano/img_Leszek Kowalski_sendButton' is clicked on

2021-12-19 15:05:05 - [MESSAGE][PASSED] - Object: 'Object Repository/Page_PSTO webMessenger - Zalogowano/img_Leszek Kowalski_sendButton' is clicked on

2021-12-19 15:05:05 - [TEST_STEP][PASSED] - setText(findTestObject("Page_PSTO webMessenger - Zalogowano/input_Leszek Kowalski_messageInput"), "e"): Text 'e' is set on object 'Object Repository/Page_PSTO webMessenger - Zalogowano/input_Leszek Kowalski_messageInput'

2021-12-19 15:05:06 - [MESSAGE][PASSED] - Text 'e' is set on object 'Object Repository/Page_PSTO webMessenger - Zalogowano/input_Leszek Kowalski_messageInput'

2021-12-19 15:05:06 - [TEST_STEP][PASSED] - click(findTestObject("Page_PSTO webMessenger - Zalogowano/img_Leszek Kowalski_sendButton")): Object: 'Object Repository/Page_PSTO webMessenger - Zalogowano/img_Leszek Kowalski_sendButton' is clicked on

2021-12-19 15:05:07 - [MESSAGE][PASSED] - Object: 'Object Repository/Page_PSTO webMessenger - Zalogowano/img_Leszek Kowalski_sendButton' is clicked on

2021-12-19 15:05:07 - [TEST_STEP][PASSED] - setText(findTestObject("Page_PSTO webMessenger - Zalogowano/input_Leszek Kowalski_messageInput"), "e"): Text 'e' is set on object 'Object Repository/Page_PSTO webMessenger - Zalogowano/input_Leszek Kowalski_messageInput'

2021-12-19 15:05:08 - [MESSAGE][PASSED] - Text 'e' is set on object 'Object Repository/Page_PSTO webMessenger - Zalogowano/input_Leszek Kowalski_messageInput'

2021-12-19 15:05:08 - [TEST_STEP][PASSED] - click(findTestObject("Page_PSTO webMessenger - Zalogowano/img_Leszek Kowalski_sendButton")): Object: 'Object Repository/Page_PSTO webMessenger - Zalogowano/img_Leszek Kowalski_sendButton' is clicked on

2021-12-19 15:05:08 - [MESSAGE][PASSED] - Object: 'Object Repository/Page_PSTO webMessenger - Zalogowano/img_Leszek Kowalski_sendButton' is clicked on

2021-12-19 15:05:08 - [TEST_STEP][PASSED] - setText(findTestObject("Page_PSTO webMessenger - Zalogowano/input_Leszek Kowalski_messageInput"), "e"): Text 'e' is set on object 'Object Repository/Page_PSTO webMessenger - Zalogowano/input_Leszek Kowalski_messageInput'

2021-12-19 15:05:09 - [MESSAGE][PASSED] - Text 'e' is set on object 'Object Repository/Page_PSTO webMessenger - Zalogowano/input_Leszek Kowalski_messageInput'

2021-12-19 15:05:09 - [TEST_STEP][PASSED] - click(findTestObject("Page_PSTO webMessenger - Zalogowano/img_Leszek Kowalski_sendButton")): Object: 'Object Repository/Page_PSTO webMessenger - Zalogowano/img_Leszek Kowalski_sendButton' is clicked on

2021-12-19 15:05:10 - [MESSAGE][PASSED] - Object: 'Object Repository/Page_PSTO webMessenger - Zalogowano/img_Leszek Kowalski_sendButton' is clicked on

2021-12-19 15:05:10 - [TEST_STEP][PASSED] - setText(findTestObject("Page_PSTO webMessenger - Zalogowano/input_Leszek Kowalski_messageInput"), "e"): Text 'e' is set on object 'Object Repository/Page_PSTO webMessenger - Zalogowano/input_Leszek Kowalski_messageInput'

2021-12-19 15:05:10 - [MESSAGE][PASSED] - Text 'e' is set on object 'Object Repository/Page_PSTO webMessenger - Zalogowano/input_Leszek Kowalski_messageInput'

2021-12-19 15:05:10 - [TEST_STEP][PASSED] - click(findTestObject("Page_PSTO webMessenger - Zalogowano/img_Leszek Kowalski_sendButton")): Object: 'Object Repository/Page_PSTO webMessenger - Zalogowano/img_Leszek Kowalski_sendButton' is clicked on

2021-12-19 15:05:11 - [MESSAGE][PASSED] - Object: 'Object Repository/Page_PSTO webMessenger - Zalogowano/img_Leszek Kowalski_sendButton' is clicked on

2021-12-19 15:05:11 - [TEST_STEP][PASSED] - setText(findTestObject("Page_PSTO webMessenger - Zalogowano/input_Leszek Kowalski_messageInput"), "e"): Text 'e' is set on object 'Object Repository/Page_PSTO webMessenger - Zalogowano/input_Leszek Kowalski_messageInput'

2021-12-19 15:05:12 - [MESSAGE][PASSED] - Text 'e' is set on object 'Object Repository/Page_PSTO webMessenger - Zalogowano/input_Leszek Kowalski_messageInput'

2021-12-19 15:05:12 - [TEST_STEP][PASSED] - click(findTestObject("Page_PSTO webMessenger - Zalogowano/img_Leszek Kowalski_sendButton")): Object: 'Object Repository/Page_PSTO webMessenger - Zalogowano/img_Leszek Kowalski_sendButton' is clicked on

2021-12-19 15:05:13 - [MESSAGE][PASSED] - Object: 'Object Repository/Page_PSTO webMessenger - Zalogowano/img_Leszek Kowalski_sendButton' is clicked on

2021-12-19 15:05:13 - [TEST_STEP][PASSED] - setText(findTestObject("Page_PSTO webMessenger - Zalogowano/input_Leszek Kowalski_messageInput"), "e"): Text 'e' is set on object 'Object Repository/Page_PSTO webMessenger - Zalogowano/input_Leszek Kowalski_messageInput'

2021-12-19 15:05:13 - [MESSAGE][PASSED] - Text 'e' is set on object 'Object Repository/Page_PSTO webMessenger - Zalogowano/input_Leszek Kowalski_messageInput'

2021-12-19 15:05:13 - [TEST_STEP][PASSED] - click(findTestObject("Page_PSTO webMessenger - Zalogowano/img_Leszek Kowalski_sendButton")): Object: 'Object Repository/Page_PSTO webMessenger - Zalogowano/img_Leszek Kowalski_sendButton' is clicked on

2021-12-19 15:05:14 - [MESSAGE][PASSED] - Object: 'Object Repository/Page_PSTO webMessenger - Zalogowano/img_Leszek Kowalski_sendButton' is clicked on

2021-12-19 15:05:14 - [TEST_STEP][PASSED] - setText(findTestObject("Page_PSTO webMessenger - Zalogowano/input_Leszek Kowalski_messageInput"), "e"): Text 'e' is set on object 'Object Repository/Page_PSTO webMessenger - Zalogowano/input_Leszek Kowalski_messageInput'

2021-12-19 15:05:15 - [MESSAGE][PASSED] - Text 'e' is set on object 'Object Repository/Page_PSTO webMessenger - Zalogowano/input_Leszek Kowalski_messageInput'

2021-12-19 15:05:15 - [TEST_STEP][PASSED] - click(findTestObject("Page_PSTO webMessenger - Zalogowano/img_Leszek Kowalski_sendButton")): Object: 'Object Repository/Page_PSTO webMessenger - Zalogowano/img_Leszek Kowalski_sendButton' is clicked on

2021-12-19 15:05:15 - [MESSAGE][PASSED] - Object: 'Object Repository/Page_PSTO webMessenger - Zalogowano/img_Leszek Kowalski_sendButton' is clicked on

2021-12-19 15:05:15 - [TEST_STEP][PASSED] - setText(findTestObject("Page_PSTO webMessenger - Zalogowano/input_Leszek Kowalski_messageInput"), "e"): Text 'e' is set on object 'Object Repository/Page_PSTO webMessenger - Zalogowano/input_Leszek Kowalski_messageInput'

2021-12-19 15:05:16 - [MESSAGE][PASSED] - Text 'e' is set on object 'Object Repository/Page_PSTO webMessenger - Zalogowano/input_Leszek Kowalski_messageInput'

2021-12-19 15:05:16 - [TEST_STEP][PASSED] - click(findTestObject("Page_PSTO webMessenger - Zalogowano/img_Leszek Kowalski_sendButton")): Object: 'Object Repository/Page_PSTO webMessenger - Zalogowano/img_Leszek Kowalski_sendButton' is clicked on

2021-12-19 15:05:17 - [MESSAGE][PASSED] - Object: 'Object Repository/Page_PSTO webMessenger - Zalogowano/img_Leszek Kowalski_sendButton' is clicked on

2021-12-19 15:05:17 - [TEST_STEP][PASSED] - setText(findTestObject("Page_PSTO webMessenger - Zalogowano/input_Leszek Kowalski_messageInput"), "e"): Text 'e' is set on object 'Object Repository/Page_PSTO webMessenger - Zalogowano/input_Leszek Kowalski_messageInput'

2021-12-19 15:05:18 - [MESSAGE][PASSED] - Text 'e' is set on object 'Object Repository/Page_PSTO webMessenger - Zalogowano/input_Leszek Kowalski_messageInput'

2021-12-19 15:05:18 - [TEST_STEP][PASSED] - click(findTestObject("Page_PSTO webMessenger - Zalogowano/img_Leszek Kowalski_sendButton")): Object: 'Object Repository/Page_PSTO webMessenger - Zalogowano/img_Leszek Kowalski_sendButton' is clicked on

2021-12-19 15:05:18 - [MESSAGE][PASSED] - Object: 'Object Repository/Page_PSTO webMessenger - Zalogowano/img_Leszek Kowalski_sendButton' is clicked on

2021-12-19 15:05:18 - [TEST_STEP][PASSED] - setText(findTestObject("Page_PSTO webMessenger - Zalogowano/input_Leszek Kowalski_messageInput"), "e"): Text 'e' is set on object 'Object Repository/Page_PSTO webMessenger - Zalogowano/input_Leszek Kowalski_messageInput'

2021-12-19 15:05:19 - [MESSAGE][PASSED] - Text 'e' is set on object 'Object Repository/Page_PSTO webMessenger - Zalogowano/input_Leszek Kowalski_messageInput'

2021-12-19 15:05:19 - [TEST_STEP][PASSED] - click(findTestObject("Page_PSTO webMessenger - Zalogowano/img_Leszek Kowalski_sendButton")): Object: 'Object Repository/Page_PSTO webMessenger - Zalogowano/img_Leszek Kowalski_sendButton' is clicked on

2021-12-19 15:05:20 - [MESSAGE][PASSED] - Object: 'Object Repository/Page_PSTO webMessenger - Zalogowano/img_Leszek Kowalski_sendButton' is clicked on

2021-12-19 15:05:20 - [TEST_STEP][PASSED] - setText(findTestObject("Page_PSTO webMessenger - Zalogowano/input_Leszek Kowalski_messageInput"), "e"): Text 'e' is set on object 'Object Repository/Page_PSTO webMessenger - Zalogowano/input_Leszek Kowalski_messageInput'

2021-12-19 15:05:20 - [MESSAGE][PASSED] - Text 'e' is set on object 'Object Repository/Page_PSTO webMessenger - Zalogowano/input_Leszek Kowalski_messageInput'

2021-12-19 15:05:20 - [TEST_STEP][PASSED] - click(findTestObject("Page_PSTO webMessenger - Zalogowano/img_Leszek Kowalski_sendButton")): Object: 'Object Repository/Page_PSTO webMessenger - Zalogowano/img_Leszek Kowalski_sendButton' is clicked on

2021-12-19 15:05:21 - [MESSAGE][PASSED] - Object: 'Object Repository/Page_PSTO webMessenger - Zalogowano/img_Leszek Kowalski_sendButton' is clicked on

2021-12-19 15:05:21 - [TEST_STEP][PASSED] - setText(findTestObject("Page_PSTO webMessenger - Zalogowano/input_Leszek Kowalski_messageInput"), "e"): Text 'e' is set on object 'Object Repository/Page_PSTO webMessenger - Zalogowano/input_Leszek Kowalski_messageInput'

2021-12-19 15:05:22 - [MESSAGE][PASSED] - Text 'e' is set on object 'Object Repository/Page_PSTO webMessenger - Zalogowano/input_Leszek Kowalski_messageInput'

2021-12-19 15:05:22 - [TEST_STEP][PASSED] - click(findTestObject("Page_PSTO webMessenger - Zalogowano/img_Leszek Kowalski_sendButton")): Object: 'Object Repository/Page_PSTO webMessenger - Zalogowano/img_Leszek Kowalski_sendButton' is clicked on

2021-12-19 15:05:22 - [MESSAGE][PASSED] - Object: 'Object Repository/Page_PSTO webMessenger - Zalogowano/img_Leszek Kowalski_sendButton' is clicked on

2021-12-19 15:05:22 - [TEST_STEP][PASSED] - setText(findTestObject("Page_PSTO webMessenger - Zalogowano/input_Leszek Kowalski_messageInput"), "e"): Text 'e' is set on object 'Object Repository/Page_PSTO webMessenger - Zalogowano/input_Leszek Kowalski_messageInput'

2021-12-19 15:05:23 - [MESSAGE][PASSED] - Text 'e' is set on object 'Object Repository/Page_PSTO webMessenger - Zalogowano/input_Leszek Kowalski_messageInput'

2021-12-19 15:05:23 - [TEST_STEP][PASSED] - click(findTestObject("Page_PSTO webMessenger - Zalogowano/img_Leszek Kowalski_sendButton")): Object: 'Object Repository/Page_PSTO webMessenger - Zalogowano/img_Leszek Kowalski_sendButton' is clicked on

2021-12-19 15:05:23 - [MESSAGE][PASSED] - Object: 'Object Repository/Page_PSTO webMessenger - Zalogowano/img_Leszek Kowalski_sendButton' is clicked on

2021-12-19 15:05:23 - [TEST_STEP][PASSED] - setText(findTestObject("Page_PSTO webMessenger - Zalogowano/input_Leszek Kowalski_messageInput"), "e"): Text 'e' is set on object 'Object Repository/Page_PSTO webMessenger - Zalogowano/input_Leszek Kowalski_messageInput'

2021-12-19 15:05:24 - [MESSAGE][PASSED] - Text 'e' is set on object 'Object Repository/Page_PSTO webMessenger - Zalogowano/input_Leszek Kowalski_messageInput'

2021-12-19 15:05:24 - [TEST_STEP][PASSED] - click(findTestObject("Page_PSTO webMessenger - Zalogowano/img_Leszek Kowalski_sendButton")): Object: 'Object Repository/Page_PSTO webMessenger - Zalogowano/img_Leszek Kowalski_sendButton' is clicked on

2021-12-19 15:05:25 - [MESSAGE][PASSED] - Object: 'Object Repository/Page_PSTO webMessenger - Zalogowano/img_Leszek Kowalski_sendButton' is clicked on

2021-12-19 15:05:25 - [TEST_STEP][PASSED] - setText(findTestObject("Page_PSTO webMessenger - Zalogowano/input_Leszek Kowalski_messageInput"), "e"): Text 'e' is set on object 'Object Repository/Page_PSTO webMessenger - Zalogowano/input_Leszek Kowalski_messageInput'

2021-12-19 15:05:25 - [MESSAGE][PASSED] - Text 'e' is set on object 'Object Repository/Page_PSTO webMessenger - Zalogowano/input_Leszek Kowalski_messageInput'

2021-12-19 15:05:25 - [TEST_STEP][PASSED] - click(findTestObject("Page_PSTO webMessenger - Zalogowano/img_Leszek Kowalski_sendButton")): Object: 'Object Repository/Page_PSTO webMessenger - Zalogowano/img_Leszek Kowalski_sendButton' is clicked on

2021-12-19 15:05:26 - [MESSAGE][PASSED] - Object: 'Object Repository/Page_PSTO webMessenger - Zalogowano/img_Leszek Kowalski_sendButton' is clicked on

2021-12-19 15:05:26 - [TEST_STEP][PASSED] - setText(findTestObject("Page_PSTO webMessenger - Zalogowano/input_Leszek Kowalski_messageInput"), "e"): Text 'e' is set on object 'Object Repository/Page_PSTO webMessenger - Zalogowano/input_Leszek Kowalski_messageInput'

2021-12-19 15:05:27 - [MESSAGE][PASSED] - Text 'e' is set on object 'Object Repository/Page_PSTO webMessenger - Zalogowano/input_Leszek Kowalski_messageInput'

2021-12-19 15:05:27 - [TEST_STEP][PASSED] - click(findTestObject("Page_PSTO webMessenger - Zalogowano/img_Leszek Kowalski_sendButton")): Object: 'Object Repository/Page_PSTO webMessenger - Zalogowano/img_Leszek Kowalski_sendButton' is clicked on

2021-12-19 15:05:28 - [MESSAGE][PASSED] - Object: 'Object Repository/Page_PSTO webMessenger - Zalogowano/img_Leszek Kowalski_sendButton' is clicked on

2021-12-19 15:05:28 - [TEST_STEP][PASSED] - setText(findTestObject("Page_PSTO webMessenger - Zalogowano/input_Leszek Kowalski_messageInput"), "e"): Text 'e' is set on object 'Object Repository/Page_PSTO webMessenger - Zalogowano/input_Leszek Kowalski_messageInput'

2021-12-19 15:05:28 - [MESSAGE][PASSED] - Text 'e' is set on object 'Object Repository/Page_PSTO webMessenger - Zalogowano/input_Leszek Kowalski_messageInput'

2021-12-19 15:05:28 - [TEST_STEP][PASSED] - click(findTestObject("Page_PSTO webMessenger - Zalogowano/img_Leszek Kowalski_sendButton")): Object: 'Object Repository/Page_PSTO webMessenger - Zalogowano/img_Leszek Kowalski_sendButton' is clicked on

2021-12-19 15:05:29 - [MESSAGE][PASSED] - Object: 'Object Repository/Page_PSTO webMessenger - Zalogowano/img_Leszek Kowalski_sendButton' is clicked on

2021-12-19 15:05:29 - [TEST_STEP][PASSED] - setText(findTestObject("Page_PSTO webMessenger - Zalogowano/input_Leszek Kowalski_messageInput"), "e"): Text 'e' is set on object 'Object Repository/Page_PSTO webMessenger - Zalogowano/input_Leszek Kowalski_messageInput'

2021-12-19 15:05:30 - [MESSAGE][PASSED] - Text 'e' is set on object 'Object Repository/Page_PSTO webMessenger - Zalogowano/input_Leszek Kowalski_messageInput'

2021-12-19 15:05:30 - [TEST_STEP][PASSED] - click(findTestObject("Page_PSTO webMessenger - Zalogowano/img_Leszek Kowalski_sendButton")): Object: 'Object Repository/Page_PSTO webMessenger - Zalogowano/img_Leszek Kowalski_sendButton' is clicked on

2021-12-19 15:05:30 - [MESSAGE][PASSED] - Object: 'Object Repository/Page_PSTO webMessenger - Zalogowano/img_Leszek Kowalski_sendButton' is clicked on

2021-12-19 15:05:30 - [TEST_STEP][PASSED] - setText(findTestObject("Page_PSTO webMessenger - Zalogowano/input_Leszek Kowalski_messageInput"), "e"): Text 'e' is set on object 'Object Repository/Page_PSTO webMessenger - Zalogowano/input_Leszek Kowalski_messageInput'

2021-12-19 15:05:31 - [MESSAGE][PASSED] - Text 'e' is set on object 'Object Repository/Page_PSTO webMessenger - Zalogowano/input_Leszek Kowalski_messageInput'

2021-12-19 15:05:31 - [TEST_STEP][PASSED] - click(findTestObject("Page_PSTO webMessenger - Zalogowano/img_Leszek Kowalski_sendButton")): Object: 'Object Repository/Page_PSTO webMessenger - Zalogowano/img_Leszek Kowalski_sendButton' is clicked on

2021-12-19 15:05:32 - [MESSAGE][PASSED] - Object: 'Object Repository/Page_PSTO webMessenger - Zalogowano/img_Leszek Kowalski_sendButton' is clicked on

2021-12-19 15:05:32 - [TEST_STEP][PASSED] - setText(findTestObject("Page_PSTO webMessenger - Zalogowano/input_Leszek Kowalski_messageInput"), "e"): Text 'e' is set on object 'Object Repository/Page_PSTO webMessenger - Zalogowano/input_Leszek Kowalski_messageInput'

2021-12-19 15:05:33 - [MESSAGE][PASSED] - Text 'e' is set on object 'Object Repository/Page_PSTO webMessenger - Zalogowano/input_Leszek Kowalski_messageInput'

2021-12-19 15:05:33 - [TEST_STEP][PASSED] - click(findTestObject("Page_PSTO webMessenger - Zalogowano/img_Leszek Kowalski_sendButton")): Object: 'Object Repository/Page_PSTO webMessenger - Zalogowano/img_Leszek Kowalski_sendButton' is clicked on

2021-12-19 15:05:33 - [MESSAGE][PASSED] - Object: 'Object Repository/Page_PSTO webMessenger - Zalogowano/img_Leszek Kowalski_sendButton' is clicked on

2021-12-19 15:05:33 - [TEST_STEP][PASSED] - setText(findTestObject("Page_PSTO webMessenger - Zalogowano/input_Leszek Kowalski_messageInput"), "e"): Text 'e' is set on object 'Object Repository/Page_PSTO webMessenger - Zalogowano/input_Leszek Kowalski_messageInput'

2021-12-19 15:05:34 - [MESSAGE][PASSED] - Text 'e' is set on object 'Object Repository/Page_PSTO webMessenger - Zalogowano/input_Leszek Kowalski_messageInput'

2021-12-19 15:05:34 - [TEST_STEP][PASSED] - click(findTestObject("Page_PSTO webMessenger - Zalogowano/img_Leszek Kowalski_sendButton")): Object: 'Object Repository/Page_PSTO webMessenger - Zalogowano/img_Leszek Kowalski_sendButton' is clicked on

2021-12-19 15:05:35 - [MESSAGE][PASSED] - Object: 'Object Repository/Page_PSTO webMessenger - Zalogowano/img_Leszek Kowalski_sendButton' is clicked on

2021-12-19 15:05:35 - [TEST_STEP][PASSED] - setText(findTestObject("Page_PSTO webMessenger - Zalogowano/input_Leszek Kowalski_messageInput"), "e"): Text 'e' is set on object 'Object Repository/Page_PSTO webMessenger - Zalogowano/input_Leszek Kowalski_messageInput'

2021-12-19 15:05:35 - [MESSAGE][PASSED] - Text 'e' is set on object 'Object Repository/Page_PSTO webMessenger - Zalogowano/input_Leszek Kowalski_messageInput'

2021-12-19 15:05:35 - [TEST_STEP][PASSED] - click(findTestObject("Page_PSTO webMessenger - Zalogowano/img_Leszek Kowalski_sendButton")): Object: 'Object Repository/Page_PSTO webMessenger - Zalogowano/img_Leszek Kowalski_sendButton' is clicked on

2021-12-19 15:05:36 - [MESSAGE][PASSED] - Object: 'Object Repository/Page_PSTO webMessenger - Zalogowano/img_Leszek Kowalski_sendButton' is clicked on

2021-12-19 15:05:36 - [TEST_STEP][PASSED] - setText(findTestObject("Page_PSTO webMessenger - Zalogowano/input_Leszek Kowalski_messageInput"), "e"): Text 'e' is set on object 'Object Repository/Page_PSTO webMessenger - Zalogowano/input_Leszek Kowalski_messageInput'

2021-12-19 15:05:37 - [MESSAGE][PASSED] - Text 'e' is set on object 'Object Repository/Page_PSTO webMessenger - Zalogowano/input_Leszek Kowalski_messageInput'

2021-12-19 15:05:37 - [TEST_STEP][PASSED] - click(findTestObject("Page_PSTO webMessenger - Zalogowano/img_Leszek Kowalski_sendButton")): Object: 'Object Repository/Page_PSTO webMessenger - Zalogowano/img_Leszek Kowalski_sendButton' is clicked on

2021-12-19 15:05:38 - [MESSAGE][PASSED] - Object: 'Object Repository/Page_PSTO webMessenger - Zalogowano/img_Leszek Kowalski_sendButton' is clicked on

2021-12-19 15:05:38 - [TEST_STEP][PASSED] - setText(findTestObject("Page_PSTO webMessenger - Zalogowano/input_Leszek Kowalski_messageInput"), "e"): Text 'e' is set on object 'Object Repository/Page_PSTO webMessenger - Zalogowano/input_Leszek Kowalski_messageInput'

2021-12-19 15:05:38 - [MESSAGE][PASSED] - Text 'e' is set on object 'Object Repository/Page_PSTO webMessenger - Zalogowano/input_Leszek Kowalski_messageInput'

2021-12-19 15:05:38 - [TEST_STEP][PASSED] - click(findTestObject("Page_PSTO webMessenger - Zalogowano/img_Leszek Kowalski_sendButton")): Object: 'Object Repository/Page_PSTO webMessenger - Zalogowano/img_Leszek Kowalski_sendButton' is clicked on

2021-12-19 15:05:39 - [MESSAGE][PASSED] - Object: 'Object Repository/Page_PSTO webMessenger - Zalogowano/img_Leszek Kowalski_sendButton' is clicked on

2021-12-19 15:05:39 - [TEST_STEP][PASSED] - setText(findTestObject("Page_PSTO webMessenger - Zalogowano/input_Leszek Kowalski_messageInput"), "e"): Text 'e' is set on object 'Object Repository/Page_PSTO webMessenger - Zalogowano/input_Leszek Kowalski_messageInput'

2021-12-19 15:05:40 - [MESSAGE][PASSED] - Text 'e' is set on object 'Object Repository/Page_PSTO webMessenger - Zalogowano/input_Leszek Kowalski_messageInput'

2021-12-19 15:05:40 - [TEST_STEP][PASSED] - click(findTestObject("Page_PSTO webMessenger - Zalogowano/img_Leszek Kowalski_sendButton")): Object: 'Object Repository/Page_PSTO webMessenger - Zalogowano/img_Leszek Kowalski_sendButton' is clicked on

2021-12-19 15:05:40 - [MESSAGE][PASSED] - Object: 'Object Repository/Page_PSTO webMessenger - Zalogowano/img_Leszek Kowalski_sendButton' is clicked on

2021-12-19 15:05:40 - [TEST_STEP][PASSED] - setText(findTestObject("Page_PSTO webMessenger - Zalogowano/input_Leszek Kowalski_messageInput"), "e"): Text 'e' is set on object 'Object Repository/Page_PSTO webMessenger - Zalogowano/input_Leszek Kowalski_messageInput'

2021-12-19 15:05:41 - [MESSAGE][PASSED] - Text 'e' is set on object 'Object Repository/Page_PSTO webMessenger - Zalogowano/input_Leszek Kowalski_messageInput'

2021-12-19 15:05:41 - [TEST_STEP][PASSED] - click(findTestObject("Page_PSTO webMessenger - Zalogowano/img_Leszek Kowalski_sendButton")): Object: 'Object Repository/Page_PSTO webMessenger - Zalogowano/img_Leszek Kowalski_sendButton' is clicked on

2021-12-19 15:05:42 - [MESSAGE][PASSED] - Object: 'Object Repository/Page_PSTO webMessenger - Zalogowano/img_Leszek Kowalski_sendButton' is clicked on

2021-12-19 15:05:42 - [TEST_STEP][PASSED] - setText(findTestObject("Page_PSTO webMessenger - Zalogowano/input_Leszek Kowalski_messageInput"), "e"): Text 'e' is set on object 'Object Repository/Page_PSTO webMessenger - Zalogowano/input_Leszek Kowalski_messageInput'

2021-12-19 15:05:43 - [MESSAGE][PASSED] - Text 'e' is set on object 'Object Repository/Page_PSTO webMessenger - Zalogowano/input_Leszek Kowalski_messageInput'

2021-12-19 15:05:43 - [TEST_STEP][PASSED] - click(findTestObject("Page_PSTO webMessenger - Zalogowano/img_Leszek Kowalski_sendButton")): Object: 'Object Repository/Page_PSTO webMessenger - Zalogowano/img_Leszek Kowalski_sendButton' is clicked on

2021-12-19 15:05:43 - [MESSAGE][PASSED] - Object: 'Object Repository/Page_PSTO webMessenger - Zalogowano/img_Leszek Kowalski_sendButton' is clicked on

2021-12-19 15:05:43 - [TEST_STEP][PASSED] - setText(findTestObject("Page_PSTO webMessenger - Zalogowano/input_Leszek Kowalski_messageInput"), "e"): Text 'e' is set on object 'Object Repository/Page_PSTO webMessenger - Zalogowano/input_Leszek Kowalski_messageInput'

2021-12-19 15:05:44 - [MESSAGE][PASSED] - Text 'e' is set on object 'Object Repository/Page_PSTO webMessenger - Zalogowano/input_Leszek Kowalski_messageInput'

2021-12-19 15:05:44 - [TEST_STEP][PASSED] - click(findTestObject("Page_PSTO webMessenger - Zalogowano/img_Leszek Kowalski_sendButton")): Object: 'Object Repository/Page_PSTO webMessenger - Zalogowano/img_Leszek Kowalski_sendButton' is clicked on

2021-12-19 15:05:45 - [MESSAGE][PASSED] - Object: 'Object Repository/Page_PSTO webMessenger - Zalogowano/img_Leszek Kowalski_sendButton' is clicked on

2021-12-19 15:05:45 - [TEST_STEP][PASSED] - setText(findTestObject("Page_PSTO webMessenger - Zalogowano/input_Leszek Kowalski_messageInput"), "e"): Text 'e' is set on object 'Object Repository/Page_PSTO webMessenger - Zalogowano/input_Leszek Kowalski_messageInput'

2021-12-19 15:05:45 - [MESSAGE][PASSED] - Text 'e' is set on object 'Object Repository/Page_PSTO webMessenger - Zalogowano/input_Leszek Kowalski_messageInput'

2021-12-19 15:05:45 - [TEST_STEP][PASSED] - click(findTestObject("Page_PSTO webMessenger - Zalogowano/img_Leszek Kowalski_sendButton")): Object: 'Object Repository/Page_PSTO webMessenger - Zalogowano/img_Leszek Kowalski_sendButton' is clicked on

2021-12-19 15:05:46 - [MESSAGE][PASSED] - Object: 'Object Repository/Page_PSTO webMessenger - Zalogowano/img_Leszek Kowalski_sendButton' is clicked on

2021-12-19 15:05:46 - [TEST_STEP][PASSED] - setText(findTestObject("Page_PSTO webMessenger - Zalogowano/input_Leszek Kowalski_messageInput"), "e"): Text 'e' is set on object 'Object Repository/Page_PSTO webMessenger - Zalogowano/input_Leszek Kowalski_messageInput'

2021-12-19 15:05:47 - [MESSAGE][PASSED] - Text 'e' is set on object 'Object Repository/Page_PSTO webMessenger - Zalogowano/input_Leszek Kowalski_messageInput'

2021-12-19 15:05:47 - [TEST_STEP][PASSED] - click(findTestObject("Page_PSTO webMessenger - Zalogowano/img_Leszek Kowalski_sendButton")): Object: 'Object Repository/Page_PSTO webMessenger - Zalogowano/img_Leszek Kowalski_sendButton' is clicked on

2021-12-19 15:05:48 - [MESSAGE][PASSED] - Object: 'Object Repository/Page_PSTO webMessenger - Zalogowano/img_Leszek Kowalski_sendButton' is clicked on

2021-12-19 15:05:48 - [TEST_STEP][PASSED] - setText(findTestObject("Page_PSTO webMessenger - Zalogowano/input_Leszek Kowalski_messageInput"), "e"): Text 'e' is set on object 'Object Repository/Page_PSTO webMessenger - Zalogowano/input_Leszek Kowalski_messageInput'

2021-12-19 15:05:48 - [MESSAGE][PASSED] - Text 'e' is set on object 'Object Repository/Page_PSTO webMessenger - Zalogowano/input_Leszek Kowalski_messageInput'

2021-12-19 15:05:48 - [TEST_STEP][PASSED] - click(findTestObject("Page_PSTO webMessenger - Zalogowano/img_Leszek Kowalski_sendButton")): Object: 'Object Repository/Page_PSTO webMessenger - Zalogowano/img_Leszek Kowalski_sendButton' is clicked on

2021-12-19 15:05:49 - [MESSAGE][PASSED] - Object: 'Object Repository/Page_PSTO webMessenger - Zalogowano/img_Leszek Kowalski_sendButton' is clicked on

2021-12-19 15:05:49 - [TEST_STEP][PASSED] - setText(findTestObject("Page_PSTO webMessenger - Zalogowano/input_Leszek Kowalski_messageInput"), "e"): Text 'e' is set on object 'Object Repository/Page_PSTO webMessenger - Zalogowano/input_Leszek Kowalski_messageInput'

2021-12-19 15:05:50 - [MESSAGE][PASSED] - Text 'e' is set on object 'Object Repository/Page_PSTO webMessenger - Zalogowano/input_Leszek Kowalski_messageInput'

2021-12-19 15:05:50 - [TEST_STEP][PASSED] - click(findTestObject("Page_PSTO webMessenger - Zalogowano/img_Leszek Kowalski_sendButton")): Object: 'Object Repository/Page_PSTO webMessenger - Zalogowano/img_Leszek Kowalski_sendButton' is clicked on

2021-12-19 15:05:50 - [MESSAGE][PASSED] - Object: 'Object Repository/Page_PSTO webMessenger - Zalogowano/img_Leszek Kowalski_sendButton' is clicked on

2021-12-19 15:05:50 - [TEST_STEP][PASSED] - setText(findTestObject("Page_PSTO webMessenger - Zalogowano/input_Leszek Kowalski_messageInput"), "e"): Text 'e' is set on object 'Object Repository/Page_PSTO webMessenger - Zalogowano/input_Leszek Kowalski_messageInput'

2021-12-19 15:05:51 - [MESSAGE][PASSED] - Text 'e' is set on object 'Object Repository/Page_PSTO webMessenger - Zalogowano/input_Leszek Kowalski_messageInput'

2021-12-19 15:05:51 - [TEST_STEP][PASSED] - click(findTestObject("Page_PSTO webMessenger - Zalogowano/img_Leszek Kowalski_sendButton")): Object: 'Object Repository/Page_PSTO webMessenger - Zalogowano/img_Leszek Kowalski_sendButton' is clicked on

2021-12-19 15:05:52 - [MESSAGE][PASSED] - Object: 'Object Repository/Page_PSTO webMessenger - Zalogowano/img_Leszek Kowalski_sendButton' is clicked on

2021-12-19 15:05:52 - [TEST_STEP][PASSED] - setText(findTestObject("Page_PSTO webMessenger - Zalogowano/input_Leszek Kowalski_messageInput"), "e"): Text 'e' is set on object 'Object Repository/Page_PSTO webMessenger - Zalogowano/input_Leszek Kowalski_messageInput'

2021-12-19 15:05:53 - [MESSAGE][PASSED] - Text 'e' is set on object 'Object Repository/Page_PSTO webMessenger - Zalogowano/input_Leszek Kowalski_messageInput'

2021-12-19 15:05:53 - [TEST_STEP][PASSED] - click(findTestObject("Page_PSTO webMessenger - Zalogowano/img_Leszek Kowalski_sendButton")): Object: 'Object Repository/Page_PSTO webMessenger - Zalogowano/img_Leszek Kowalski_sendButton' is clicked on

2021-12-19 15:05:53 - [MESSAGE][PASSED] - Object: 'Object Repository/Page_PSTO webMessenger - Zalogowano/img_Leszek Kowalski_sendButton' is clicked on

2021-12-19 15:05:53 - [TEST_STEP][PASSED] - setText(findTestObject("Page_PSTO webMessenger - Zalogowano/input_Leszek Kowalski_messageInput"), "e"): Text 'e' is set on object 'Object Repository/Page_PSTO webMessenger - Zalogowano/input_Leszek Kowalski_messageInput'

2021-12-19 15:05:54 - [MESSAGE][PASSED] - Text 'e' is set on object 'Object Repository/Page_PSTO webMessenger - Zalogowano/input_Leszek Kowalski_messageInput'

2021-12-19 15:05:54 - [TEST_STEP][PASSED] - click(findTestObject("Page_PSTO webMessenger - Zalogowano/img_Leszek Kowalski_sendButton")): Object: 'Object Repository/Page_PSTO webMessenger - Zalogowano/img_Leszek Kowalski_sendButton' is clicked on

2021-12-19 15:05:55 - [MESSAGE][PASSED] - Object: 'Object Repository/Page_PSTO webMessenger - Zalogowano/img_Leszek Kowalski_sendButton' is clicked on

2021-12-19 15:05:55 - [TEST_STEP][PASSED] - setText(findTestObject("Page_PSTO webMessenger - Zalogowano/input_Leszek Kowalski_messageInput"), "e"): Text 'e' is set on object 'Object Repository/Page_PSTO webMessenger - Zalogowano/input_Leszek Kowalski_messageInput'

2021-12-19 15:05:55 - [MESSAGE][PASSED] - Text 'e' is set on object 'Object Repository/Page_PSTO webMessenger - Zalogowano/input_Leszek Kowalski_messageInput'

2021-12-19 15:05:55 - [TEST_STEP][PASSED] - click(findTestObject("Page_PSTO webMessenger - Zalogowano/img_Leszek Kowalski_sendButton")): Object: 'Object Repository/Page_PSTO webMessenger - Zalogowano/img_Leszek Kowalski_sendButton' is clicked on

2021-12-19 15:05:56 - [MESSAGE][PASSED] - Object: 'Object Repository/Page_PSTO webMessenger - Zalogowano/img_Leszek Kowalski_sendButton' is clicked on

2021-12-19 15:05:56 - [TEST_STEP][PASSED] - setText(findTestObject("Page_PSTO webMessenger - Zalogowano/input_Leszek Kowalski_messageInput"), "e"): Text 'e' is set on object 'Object Repository/Page_PSTO webMessenger - Zalogowano/input_Leszek Kowalski_messageInput'

2021-12-19 15:05:57 - [MESSAGE][PASSED] - Text 'e' is set on object 'Object Repository/Page_PSTO webMessenger - Zalogowano/input_Leszek Kowalski_messageInput'

2021-12-19 15:05:57 - [TEST_STEP][PASSED] - click(findTestObject("Page_PSTO webMessenger - Zalogowano/img_Leszek Kowalski_sendButton")): Object: 'Object Repository/Page_PSTO webMessenger - Zalogowano/img_Leszek Kowalski_sendButton' is clicked on

2021-12-19 15:05:58 - [MESSAGE][PASSED] - Object: 'Object Repository/Page_PSTO webMessenger - Zalogowano/img_Leszek Kowalski_sendButton' is clicked on

2021-12-19 15:05:58 - [TEST_STEP][PASSED] - setText(findTestObject("Page_PSTO webMessenger - Zalogowano/input_Leszek Kowalski_messageInput"), "e"): Text 'e' is set on object 'Object Repository/Page_PSTO webMessenger - Zalogowano/input_Leszek Kowalski_messageInput'

2021-12-19 15:05:58 - [MESSAGE][PASSED] - Text 'e' is set on object 'Object Repository/Page_PSTO webMessenger - Zalogowano/input_Leszek Kowalski_messageInput'

2021-12-19 15:05:58 - [TEST_STEP][PASSED] - click(findTestObject("Page_PSTO webMessenger - Zalogowano/img_Leszek Kowalski_sendButton")): Object: 'Object Repository/Page_PSTO webMessenger - Zalogowano/img_Leszek Kowalski_sendButton' is clicked on

2021-12-19 15:05:59 - [MESSAGE][PASSED] - Object: 'Object Repository/Page_PSTO webMessenger - Zalogowano/img_Leszek Kowalski_sendButton' is clicked on

2021-12-19 15:05:59 - [TEST_STEP][PASSED] - setText(findTestObject("Page_PSTO webMessenger - Zalogowano/input_Leszek Kowalski_messageInput"), "e"): Text 'e' is set on object 'Object Repository/Page_PSTO webMessenger - Zalogowano/input_Leszek Kowalski_messageInput'

2021-12-19 15:06:00 - [MESSAGE][PASSED] - Text 'e' is set on object 'Object Repository/Page_PSTO webMessenger - Zalogowano/input_Leszek Kowalski_messageInput'

2021-12-19 15:06:00 - [TEST_STEP][PASSED] - click(findTestObject("Page_PSTO webMessenger - Zalogowano/img_Leszek Kowalski_sendButton")): Object: 'Object Repository/Page_PSTO webMessenger - Zalogowano/img_Leszek Kowalski_sendButton' is clicked on

2021-12-19 15:06:00 - [MESSAGE][PASSED] - Object: 'Object Repository/Page_PSTO webMessenger - Zalogowano/img_Leszek Kowalski_sendButton' is clicked on

2021-12-19 15:06:00 - [TEST_STEP][PASSED] - setText(findTestObject("Page_PSTO webMessenger - Zalogowano/input_Leszek Kowalski_messageInput"), "e"): Text 'e' is set on object 'Object Repository/Page_PSTO webMessenger - Zalogowano/input_Leszek Kowalski_messageInput'

2021-12-19 15:06:02 - [MESSAGE][PASSED] - Text 'e' is set on object 'Object Repository/Page_PSTO webMessenger - Zalogowano/input_Leszek Kowalski_messageInput'

2021-12-19 15:06:02 - [TEST_STEP][PASSED] - click(findTestObject("Page_PSTO webMessenger - Zalogowano/img_Leszek Kowalski_sendButton")): Object: 'Object Repository/Page_PSTO webMessenger - Zalogowano/img_Leszek Kowalski_sendButton' is clicked on

2021-12-19 15:06:02 - [MESSAGE][PASSED] - Object: 'Object Repository/Page_PSTO webMessenger - Zalogowano/img_Leszek Kowalski_sendButton' is clicked on

2021-12-19 15:06:02 - [TEST_STEP][PASSED] - setText(findTestObject("Page_PSTO webMessenger - Zalogowano/input_Leszek Kowalski_messageInput"), "e"): Text 'e' is set on object 'Object Repository/Page_PSTO webMessenger - Zalogowano/input_Leszek Kowalski_messageInput'

2021-12-19 15:06:03 - [MESSAGE][PASSED] - Text 'e' is set on object 'Object Repository/Page_PSTO webMessenger - Zalogowano/input_Leszek Kowalski_messageInput'

2021-12-19 15:06:03 - [TEST_STEP][PASSED] - click(findTestObject("Page_PSTO webMessenger - Zalogowano/img_Leszek Kowalski_sendButton")): Object: 'Object Repository/Page_PSTO webMessenger - Zalogowano/img_Leszek Kowalski_sendButton' is clicked on

2021-12-19 15:06:04 - [MESSAGE][PASSED] - Object: 'Object Repository/Page_PSTO webMessenger - Zalogowano/img_Leszek Kowalski_sendButton' is clicked on

2021-12-19 15:06:04 - [TEST_STEP][PASSED] - setText(findTestObject("Page_PSTO webMessenger - Zalogowano/input_Leszek Kowalski_messageInput"), "e"): Text 'e' is set on object 'Object Repository/Page_PSTO webMessenger - Zalogowano/input_Leszek Kowalski_messageInput'

2021-12-19 15:06:04 - [MESSAGE][PASSED] - Text 'e' is set on object 'Object Repository/Page_PSTO webMessenger - Zalogowano/input_Leszek Kowalski_messageInput'

2021-12-19 15:06:04 - [TEST_STEP][PASSED] - click(findTestObject("Page_PSTO webMessenger - Zalogowano/img_Leszek Kowalski_sendButton")): Object: 'Object Repository/Page_PSTO webMessenger - Zalogowano/img_Leszek Kowalski_sendButton' is clicked on

2021-12-19 15:06:05 - [MESSAGE][PASSED] - Object: 'Object Repository/Page_PSTO webMessenger - Zalogowano/img_Leszek Kowalski_sendButton' is clicked on

2021-12-19 15:06:05 - [TEST_STEP][PASSED] - setText(findTestObject("Page_PSTO webMessenger - Zalogowano/input_Leszek Kowalski_messageInput"), "e"): Text 'e' is set on object 'Object Repository/Page_PSTO webMessenger - Zalogowano/input_Leszek Kowalski_messageInput'

2021-12-19 15:06:06 - [MESSAGE][PASSED] - Text 'e' is set on object 'Object Repository/Page_PSTO webMessenger - Zalogowano/input_Leszek Kowalski_messageInput'

2021-12-19 15:06:06 - [TEST_STEP][PASSED] - click(findTestObject("Page_PSTO webMessenger - Zalogowano/img_Leszek Kowalski_sendButton")): Object: 'Object Repository/Page_PSTO webMessenger - Zalogowano/img_Leszek Kowalski_sendButton' is clicked on

2021-12-19 15:06:06 - [MESSAGE][PASSED] - Object: 'Object Repository/Page_PSTO webMessenger - Zalogowano/img_Leszek Kowalski_sendButton' is clicked on

2021-12-19 15:06:06 - [TEST_STEP][PASSED] - setText(findTestObject("Page_PSTO webMessenger - Zalogowano/input_Leszek Kowalski_messageInput"), "e"): Text 'e' is set on object 'Object Repository/Page_PSTO webMessenger - Zalogowano/input_Leszek Kowalski_messageInput'

2021-12-19 15:06:07 - [MESSAGE][PASSED] - Text 'e' is set on object 'Object Repository/Page_PSTO webMessenger - Zalogowano/input_Leszek Kowalski_messageInput'

2021-12-19 15:06:07 - [TEST_STEP][PASSED] - click(findTestObject("Page_PSTO webMessenger - Zalogowano/img_Leszek Kowalski_sendButton")): Object: 'Object Repository/Page_PSTO webMessenger - Zalogowano/img_Leszek Kowalski_sendButton' is clicked on

2021-12-19 15:06:08 - [MESSAGE][PASSED] - Object: 'Object Repository/Page_PSTO webMessenger - Zalogowano/img_Leszek Kowalski_sendButton' is clicked on

2021-12-19 15:06:08 - [TEST_STEP][PASSED] - setText(findTestObject("Page_PSTO webMessenger - Zalogowano/input_Leszek Kowalski_messageInput"), "e"): Text 'e' is set on object 'Object Repository/Page_PSTO webMessenger - Zalogowano/input_Leszek Kowalski_messageInput'

2021-12-19 15:06:08 - [MESSAGE][PASSED] - Text 'e' is set on object 'Object Repository/Page_PSTO webMessenger - Zalogowano/input_Leszek Kowalski_messageInput'

2021-12-19 15:06:08 - [TEST_STEP][PASSED] - click(findTestObject("Page_PSTO webMessenger - Zalogowano/img_Leszek Kowalski_sendButton")): Object: 'Object Repository/Page_PSTO webMessenger - Zalogowano/img_Leszek Kowalski_sendButton' is clicked on

2021-12-19 15:06:09 - [MESSAGE][PASSED] - Object: 'Object Repository/Page_PSTO webMessenger - Zalogowano/img_Leszek Kowalski_sendButton' is clicked on

2021-12-19 15:06:09 - [TEST_STEP][PASSED] - setText(findTestObject("Page_PSTO webMessenger - Zalogowano/input_Leszek Kowalski_messageInput"), "e"): Text 'e' is set on object 'Object Repository/Page_PSTO webMessenger - Zalogowano/input_Leszek Kowalski_messageInput'

2021-12-19 15:06:10 - [MESSAGE][PASSED] - Text 'e' is set on object 'Object Repository/Page_PSTO webMessenger - Zalogowano/input_Leszek Kowalski_messageInput'

2021-12-19 15:06:10 - [TEST_STEP][PASSED] - click(findTestObject("Page_PSTO webMessenger - Zalogowano/img_Leszek Kowalski_sendButton")): Object: 'Object Repository/Page_PSTO webMessenger - Zalogowano/img_Leszek Kowalski_sendButton' is clicked on

2021-12-19 15:06:10 - [MESSAGE][PASSED] - Object: 'Object Repository/Page_PSTO webMessenger - Zalogowano/img_Leszek Kowalski_sendButton' is clicked on

2021-12-19 15:06:10 - [TEST_STEP][PASSED] - setText(findTestObject("Page_PSTO webMessenger - Zalogowano/input_Leszek Kowalski_messageInput"), "e"): Text 'e' is set on object 'Object Repository/Page_PSTO webMessenger - Zalogowano/input_Leszek Kowalski_messageInput'

2021-12-19 15:06:11 - [MESSAGE][PASSED] - Text 'e' is set on object 'Object Repository/Page_PSTO webMessenger - Zalogowano/input_Leszek Kowalski_messageInput'

2021-12-19 15:06:11 - [TEST_STEP][PASSED] - click(findTestObject("Page_PSTO webMessenger - Zalogowano/img_Leszek Kowalski_sendButton")): Object: 'Object Repository/Page_PSTO webMessenger - Zalogowano/img_Leszek Kowalski_sendButton' is clicked on

2021-12-19 15:06:12 - [MESSAGE][PASSED] - Object: 'Object Repository/Page_PSTO webMessenger - Zalogowano/img_Leszek Kowalski_sendButton' is clicked on

2021-12-19 15:06:12 - [TEST_STEP][PASSED] - setText(findTestObject("Page_PSTO webMessenger - Zalogowano/input_Leszek Kowalski_messageInput"), "e"): Text 'e' is set on object 'Object Repository/Page_PSTO webMessenger - Zalogowano/input_Leszek Kowalski_messageInput'

2021-12-19 15:06:13 - [MESSAGE][PASSED] - Text 'e' is set on object 'Object Repository/Page_PSTO webMessenger - Zalogowano/input_Leszek Kowalski_messageInput'

2021-12-19 15:06:13 - [TEST_STEP][PASSED] - click(findTestObject("Page_PSTO webMessenger - Zalogowano/img_Leszek Kowalski_sendButton")): Object: 'Object Repository/Page_PSTO webMessenger - Zalogowano/img_Leszek Kowalski_sendButton' is clicked on

2021-12-19 15:06:13 - [MESSAGE][PASSED] - Object: 'Object Repository/Page_PSTO webMessenger - Zalogowano/img_Leszek Kowalski_sendButton' is clicked on

2021-12-19 15:06:13 - [TEST_STEP][PASSED] - setText(findTestObject("Page_PSTO webMessenger - Zalogowano/input_Leszek Kowalski_messageInput"), "e"): Text 'e' is set on object 'Object Repository/Page_PSTO webMessenger - Zalogowano/input_Leszek Kowalski_messageInput'

2021-12-19 15:06:14 - [MESSAGE][PASSED] - Text 'e' is set on object 'Object Repository/Page_PSTO webMessenger - Zalogowano/input_Leszek Kowalski_messageInput'

2021-12-19 15:06:14 - [TEST_STEP][PASSED] - click(findTestObject("Page_PSTO webMessenger - Zalogowano/img_Leszek Kowalski_sendButton")): Object: 'Object Repository/Page_PSTO webMessenger - Zalogowano/img_Leszek Kowalski_sendButton' is clicked on

2021-12-19 15:06:15 - [MESSAGE][PASSED] - Object: 'Object Repository/Page_PSTO webMessenger - Zalogowano/img_Leszek Kowalski_sendButton' is clicked on

2021-12-19 15:06:15 - [TEST_STEP][PASSED] - setText(findTestObject("Page_PSTO webMessenger - Zalogowano/input_Leszek Kowalski_messageInput"), "e"): Text 'e' is set on object 'Object Repository/Page_PSTO webMessenger - Zalogowano/input_Leszek Kowalski_messageInput'

2021-12-19 15:06:15 - [MESSAGE][PASSED] - Text 'e' is set on object 'Object Repository/Page_PSTO webMessenger - Zalogowano/input_Leszek Kowalski_messageInput'

2021-12-19 15:06:15 - [TEST_STEP][PASSED] - click(findTestObject("Page_PSTO webMessenger - Zalogowano/img_Leszek Kowalski_sendButton")): Object: 'Object Repository/Page_PSTO webMessenger - Zalogowano/img_Leszek Kowalski_sendButton' is clicked on

2021-12-19 15:06:16 - [MESSAGE][PASSED] - Object: 'Object Repository/Page_PSTO webMessenger - Zalogowano/img_Leszek Kowalski_sendButton' is clicked on

2021-12-19 15:06:16 - [TEST_STEP][PASSED] - setText(findTestObject("Page_PSTO webMessenger - Zalogowano/input_Leszek Kowalski_messageInput"), "e"): Text 'e' is set on object 'Object Repository/Page_PSTO webMessenger - Zalogowano/input_Leszek Kowalski_messageInput'

2021-12-19 15:06:17 - [MESSAGE][PASSED] - Text 'e' is set on object 'Object Repository/Page_PSTO webMessenger - Zalogowano/input_Leszek Kowalski_messageInput'

2021-12-19 15:06:17 - [TEST_STEP][PASSED] - click(findTestObject("Page_PSTO webMessenger - Zalogowano/img_Leszek Kowalski_sendButton")): Object: 'Object Repository/Page_PSTO webMessenger - Zalogowano/img_Leszek Kowalski_sendButton' is clicked on

2021-12-19 15:06:18 - [MESSAGE][PASSED] - Object: 'Object Repository/Page_PSTO webMessenger - Zalogowano/img_Leszek Kowalski_sendButton' is clicked on

2021-12-19 15:06:18 - [TEST_STEP][PASSED] - setText(findTestObject("Page_PSTO webMessenger - Zalogowano/input_Leszek Kowalski_messageInput"), "e"): Text 'e' is set on object 'Object Repository/Page_PSTO webMessenger - Zalogowano/input_Leszek Kowalski_messageInput'

2021-12-19 15:06:18 - [MESSAGE][PASSED] - Text 'e' is set on object 'Object Repository/Page_PSTO webMessenger - Zalogowano/input_Leszek Kowalski_messageInput'

2021-12-19 15:06:18 - [TEST_STEP][PASSED] - click(findTestObject("Page_PSTO webMessenger - Zalogowano/img_Leszek Kowalski_sendButton")): Object: 'Object Repository/Page_PSTO webMessenger - Zalogowano/img_Leszek Kowalski_sendButton' is clicked on

2021-12-19 15:06:19 - [MESSAGE][PASSED] - Object: 'Object Repository/Page_PSTO webMessenger - Zalogowano/img_Leszek Kowalski_sendButton' is clicked on

2021-12-19 15:06:19 - [TEST_STEP][PASSED] - setText(findTestObject("Page_PSTO webMessenger - Zalogowano/input_Leszek Kowalski_messageInput"), "e"): Text 'e' is set on object 'Object Repository/Page_PSTO webMessenger - Zalogowano/input_Leszek Kowalski_messageInput'

2021-12-19 15:06:20 - [MESSAGE][PASSED] - Text 'e' is set on object 'Object Repository/Page_PSTO webMessenger - Zalogowano/input_Leszek Kowalski_messageInput'

2021-12-19 15:06:20 - [TEST_STEP][PASSED] - click(findTestObject("Page_PSTO webMessenger - Zalogowano/img_Leszek Kowalski_sendButton")): Object: 'Object Repository/Page_PSTO webMessenger - Zalogowano/img_Leszek Kowalski_sendButton' is clicked on

2021-12-19 15:06:20 - [MESSAGE][PASSED] - Object: 'Object Repository/Page_PSTO webMessenger - Zalogowano/img_Leszek Kowalski_sendButton' is clicked on

2021-12-19 15:06:20 - [TEST_STEP][PASSED] - setText(findTestObject("Page_PSTO webMessenger - Zalogowano/input_Leszek Kowalski_messageInput"), "e"): Text 'e' is set on object 'Object Repository/Page_PSTO webMessenger - Zalogowano/input_Leszek Kowalski_messageInput'

2021-12-19 15:06:21 - [MESSAGE][PASSED] - Text 'e' is set on object 'Object Repository/Page_PSTO webMessenger - Zalogowano/input_Leszek Kowalski_messageInput'

2021-12-19 15:06:21 - [TEST_STEP][PASSED] - click(findTestObject("Page_PSTO webMessenger - Zalogowano/img_Leszek Kowalski_sendButton")): Object: 'Object Repository/Page_PSTO webMessenger - Zalogowano/img_Leszek Kowalski_sendButton' is clicked on

2021-12-19 15:06:22 - [MESSAGE][PASSED] - Object: 'Object Repository/Page_PSTO webMessenger - Zalogowano/img_Leszek Kowalski_sendButton' is clicked on

2021-12-19 15:06:22 - [TEST_STEP][PASSED] - setText(findTestObject("Page_PSTO webMessenger - Zalogowano/input_Leszek Kowalski_messageInput"), "e"): Text 'e' is set on object 'Object Repository/Page_PSTO webMessenger - Zalogowano/input_Leszek Kowalski_messageInput'

2021-12-19 15:06:23 - [MESSAGE][PASSED] - Text 'e' is set on object 'Object Repository/Page_PSTO webMessenger - Zalogowano/input_Leszek Kowalski_messageInput'

2021-12-19 15:06:23 - [TEST_STEP][PASSED] - click(findTestObject("Page_PSTO webMessenger - Zalogowano/img_Leszek Kowalski_sendButton")): Object: 'Object Repository/Page_PSTO webMessenger - Zalogowano/img_Leszek Kowalski_sendButton' is clicked on

2021-12-19 15:06:23 - [MESSAGE][PASSED] - Object: 'Object Repository/Page_PSTO webMessenger - Zalogowano/img_Leszek Kowalski_sendButton' is clicked on

2021-12-19 15:06:23 - [TEST_STEP][PASSED] - setText(findTestObject("Page_PSTO webMessenger - Zalogowano/input_Leszek Kowalski_messageInput"), "e"): Text 'e' is set on object 'Object Repository/Page_PSTO webMessenger - Zalogowano/input_Leszek Kowalski_messageInput'

2021-12-19 15:06:24 - [MESSAGE][PASSED] - Text 'e' is set on object 'Object Repository/Page_PSTO webMessenger - Zalogowano/input_Leszek Kowalski_messageInput'

2021-12-19 15:06:24 - [TEST_STEP][PASSED] - click(findTestObject("Page_PSTO webMessenger - Zalogowano/img_Leszek Kowalski_sendButton")): Object: 'Object Repository/Page_PSTO webMessenger - Zalogowano/img_Leszek Kowalski_sendButton' is clicked on

2021-12-19 15:06:25 - [MESSAGE][PASSED] - Object: 'Object Repository/Page_PSTO webMessenger - Zalogowano/img_Leszek Kowalski_sendButton' is clicked on

2021-12-19 15:06:25 - [TEST_STEP][PASSED] - setText(findTestObject("Page_PSTO webMessenger - Zalogowano/input_Leszek Kowalski_messageInput"), "e"): Text 'e' is set on object 'Object Repository/Page_PSTO webMessenger - Zalogowano/input_Leszek Kowalski_messageInput'

2021-12-19 15:06:25 - [MESSAGE][PASSED] - Text 'e' is set on object 'Object Repository/Page_PSTO webMessenger - Zalogowano/input_Leszek Kowalski_messageInput'

2021-12-19 15:06:25 - [TEST_STEP][PASSED] - click(findTestObject("Page_PSTO webMessenger - Zalogowano/img_Leszek Kowalski_sendButton")): Object: 'Object Repository/Page_PSTO webMessenger - Zalogowano/img_Leszek Kowalski_sendButton' is clicked on

2021-12-19 15:06:26 - [MESSAGE][PASSED] - Object: 'Object Repository/Page_PSTO webMessenger - Zalogowano/img_Leszek Kowalski_sendButton' is clicked on

2021-12-19 15:06:26 - [TEST_STEP][PASSED] - setText(findTestObject("Page_PSTO webMessenger - Zalogowano/input_Leszek Kowalski_messageInput"), "e"): Text 'e' is set on object 'Object Repository/Page_PSTO webMessenger - Zalogowano/input_Leszek Kowalski_messageInput'

2021-12-19 15:06:27 - [MESSAGE][PASSED] - Text 'e' is set on object 'Object Repository/Page_PSTO webMessenger - Zalogowano/input_Leszek Kowalski_messageInput'

2021-12-19 15:06:27 - [TEST_STEP][PASSED] - click(findTestObject("Page_PSTO webMessenger - Zalogowano/img_Leszek Kowalski_sendButton")): Object: 'Object Repository/Page_PSTO webMessenger - Zalogowano/img_Leszek Kowalski_sendButton' is clicked on

2021-12-19 15:06:28 - [MESSAGE][PASSED] - Object: 'Object Repository/Page_PSTO webMessenger - Zalogowano/img_Leszek Kowalski_sendButton' is clicked on

2021-12-19 15:06:28 - [TEST_STEP][PASSED] - setText(findTestObject("Page_PSTO webMessenger - Zalogowano/input_Leszek Kowalski_messageInput"), "e"): Text 'e' is set on object 'Object Repository/Page_PSTO webMessenger - Zalogowano/input_Leszek Kowalski_messageInput'

2021-12-19 15:06:28 - [MESSAGE][PASSED] - Text 'e' is set on object 'Object Repository/Page_PSTO webMessenger - Zalogowano/input_Leszek Kowalski_messageInput'

2021-12-19 15:06:28 - [TEST_STEP][PASSED] - click(findTestObject("Page_PSTO webMessenger - Zalogowano/img_Leszek Kowalski_sendButton")): Object: 'Object Repository/Page_PSTO webMessenger - Zalogowano/img_Leszek Kowalski_sendButton' is clicked on

2021-12-19 15:06:29 - [MESSAGE][PASSED] - Object: 'Object Repository/Page_PSTO webMessenger - Zalogowano/img_Leszek Kowalski_sendButton' is clicked on

2021-12-19 15:06:29 - [TEST_STEP][PASSED] - setText(findTestObject("Page_PSTO webMessenger - Zalogowano/input_Leszek Kowalski_messageInput"), "e"): Text 'e' is set on object 'Object Repository/Page_PSTO webMessenger - Zalogowano/input_Leszek Kowalski_messageInput'

2021-12-19 15:06:30 - [MESSAGE][PASSED] - Text 'e' is set on object 'Object Repository/Page_PSTO webMessenger - Zalogowano/input_Leszek Kowalski_messageInput'

2021-12-19 15:06:30 - [TEST_STEP][PASSED] - click(findTestObject("Page_PSTO webMessenger - Zalogowano/img_Leszek Kowalski_sendButton")): Object: 'Object Repository/Page_PSTO webMessenger - Zalogowano/img_Leszek Kowalski_sendButton' is clicked on

2021-12-19 15:06:30 - [MESSAGE][PASSED] - Object: 'Object Repository/Page_PSTO webMessenger - Zalogowano/img_Leszek Kowalski_sendButton' is clicked on

2021-12-19 15:06:30 - [TEST_STEP][PASSED] - setText(findTestObject("Page_PSTO webMessenger - Zalogowano/input_Leszek Kowalski_messageInput"), "e"): Text 'e' is set on object 'Object Repository/Page_PSTO webMessenger - Zalogowano/input_Leszek Kowalski_messageInput'

2021-12-19 15:06:31 - [MESSAGE][PASSED] - Text 'e' is set on object 'Object Repository/Page_PSTO webMessenger - Zalogowano/input_Leszek Kowalski_messageInput'

2021-12-19 15:06:31 - [TEST_STEP][PASSED] - click(findTestObject("Page_PSTO webMessenger - Zalogowano/img_Leszek Kowalski_sendButton")): Object: 'Object Repository/Page_PSTO webMessenger - Zalogowano/img_Leszek Kowalski_sendButton' is clicked on

2021-12-19 15:06:32 - [MESSAGE][PASSED] - Object: 'Object Repository/Page_PSTO webMessenger - Zalogowano/img_Leszek Kowalski_sendButton' is clicked on

2021-12-19 15:06:32 - [TEST_STEP][PASSED] - setText(findTestObject("Page_PSTO webMessenger - Zalogowano/input_Leszek Kowalski_messageInput"), "e"): Text 'e' is set on object 'Object Repository/Page_PSTO webMessenger - Zalogowano/input_Leszek Kowalski_messageInput'

2021-12-19 15:06:33 - [MESSAGE][PASSED] - Text 'e' is set on object 'Object Repository/Page_PSTO webMessenger - Zalogowano/input_Leszek Kowalski_messageInput'

2021-12-19 15:06:33 - [TEST_STEP][PASSED] - click(findTestObject("Page_PSTO webMessenger - Zalogowano/img_Leszek Kowalski_sendButton")): Object: 'Object Repository/Page_PSTO webMessenger - Zalogowano/img_Leszek Kowalski_sendButton' is clicked on

2021-12-19 15:06:33 - [MESSAGE][PASSED] - Object: 'Object Repository/Page_PSTO webMessenger - Zalogowano/img_Leszek Kowalski_sendButton' is clicked on

2021-12-19 15:06:33 - [TEST_STEP][PASSED] - setText(findTestObject("Page_PSTO webMessenger - Zalogowano/input_Leszek Kowalski_messageInput"), "e"): Text 'e' is set on object 'Object Repository/Page_PSTO webMessenger - Zalogowano/input_Leszek Kowalski_messageInput'

2021-12-19 15:06:34 - [MESSAGE][PASSED] - Text 'e' is set on object 'Object Repository/Page_PSTO webMessenger - Zalogowano/input_Leszek Kowalski_messageInput'

2021-12-19 15:06:34 - [TEST_STEP][PASSED] - click(findTestObject("Page_PSTO webMessenger - Zalogowano/img_Leszek Kowalski_sendButton")): Object: 'Object Repository/Page_PSTO webMessenger - Zalogowano/img_Leszek Kowalski_sendButton' is clicked on

2021-12-19 15:06:35 - [MESSAGE][PASSED] - Object: 'Object Repository/Page_PSTO webMessenger - Zalogowano/img_Leszek Kowalski_sendButton' is clicked on

2021-12-19 15:06:35 - [TEST_STEP][PASSED] - setText(findTestObject("Page_PSTO webMessenger - Zalogowano/input_Leszek Kowalski_messageInput"), "e"): Text 'e' is set on object 'Object Repository/Page_PSTO webMessenger - Zalogowano/input_Leszek Kowalski_messageInput'

2021-12-19 15:06:36 - [MESSAGE][PASSED] - Text 'e' is set on object 'Object Repository/Page_PSTO webMessenger - Zalogowano/input_Leszek Kowalski_messageInput'

2021-12-19 15:06:36 - [TEST_STEP][PASSED] - click(findTestObject("Page_PSTO webMessenger - Zalogowano/img_Leszek Kowalski_sendButton")): Object: 'Object Repository/Page_PSTO webMessenger - Zalogowano/img_Leszek Kowalski_sendButton' is clicked on

2021-12-19 15:06:36 - [MESSAGE][PASSED] - Object: 'Object Repository/Page_PSTO webMessenger - Zalogowano/img_Leszek Kowalski_sendButton' is clicked on

2021-12-19 15:06:36 - [TEST_STEP][PASSED] - setText(findTestObject("Page_PSTO webMessenger - Zalogowano/input_Leszek Kowalski_messageInput"), "e"): Text 'e' is set on object 'Object Repository/Page_PSTO webMessenger - Zalogowano/input_Leszek Kowalski_messageInput'

2021-12-19 15:06:37 - [MESSAGE][PASSED] - Text 'e' is set on object 'Object Repository/Page_PSTO webMessenger - Zalogowano/input_Leszek Kowalski_messageInput'

2021-12-19 15:06:37 - [TEST_STEP][PASSED] - click(findTestObject("Page_PSTO webMessenger - Zalogowano/img_Leszek Kowalski_sendButton")): Object: 'Object Repository/Page_PSTO webMessenger - Zalogowano/img_Leszek Kowalski_sendButton' is clicked on

2021-12-19 15:06:38 - [MESSAGE][PASSED] - Object: 'Object Repository/Page_PSTO webMessenger - Zalogowano/img_Leszek Kowalski_sendButton' is clicked on

2021-12-19 15:06:38 - [TEST_STEP][PASSED] - setText(findTestObject("Page_PSTO webMessenger - Zalogowano/input_Leszek Kowalski_messageInput"), "e"): Text 'e' is set on object 'Object Repository/Page_PSTO webMessenger - Zalogowano/input_Leszek Kowalski_messageInput'

2021-12-19 15:06:38 - [MESSAGE][PASSED] - Text 'e' is set on object 'Object Repository/Page_PSTO webMessenger - Zalogowano/input_Leszek Kowalski_messageInput'

2021-12-19 15:06:38 - [TEST_STEP][PASSED] - click(findTestObject("Page_PSTO webMessenger - Zalogowano/img_Leszek Kowalski_sendButton")): Object: 'Object Repository/Page_PSTO webMessenger - Zalogowano/img_Leszek Kowalski_sendButton' is clicked on

2021-12-19 15:06:39 - [MESSAGE][PASSED] - Object: 'Object Repository/Page_PSTO webMessenger - Zalogowano/img_Leszek Kowalski_sendButton' is clicked on

2021-12-19 15:06:39 - [TEST_STEP][PASSED] - setText(findTestObject("Page_PSTO webMessenger - Zalogowano/input_Leszek Kowalski_messageInput"), "e"): Text 'e' is set on object 'Object Repository/Page_PSTO webMessenger - Zalogowano/input_Leszek Kowalski_messageInput'

2021-12-19 15:06:40 - [MESSAGE][PASSED] - Text 'e' is set on object 'Object Repository/Page_PSTO webMessenger - Zalogowano/input_Leszek Kowalski_messageInput'

2021-12-19 15:06:40 - [TEST_STEP][PASSED] - click(findTestObject("Page_PSTO webMessenger - Zalogowano/img_Leszek Kowalski_sendButton")): Object: 'Object Repository/Page_PSTO webMessenger - Zalogowano/img_Leszek Kowalski_sendButton' is clicked on

2021-12-19 15:06:40 - [MESSAGE][PASSED] - Object: 'Object Repository/Page_PSTO webMessenger - Zalogowano/img_Leszek Kowalski_sendButton' is clicked on

2021-12-19 15:06:40 - [TEST_STEP][PASSED] - setText(findTestObject("Page_PSTO webMessenger - Zalogowano/input_Leszek Kowalski_messageInput"), "e"): Text 'e' is set on object 'Object Repository/Page_PSTO webMessenger - Zalogowano/input_Leszek Kowalski_messageInput'

2021-12-19 15:06:42 - [MESSAGE][PASSED] - Text 'e' is set on object 'Object Repository/Page_PSTO webMessenger - Zalogowano/input_Leszek Kowalski_messageInput'

2021-12-19 15:06:42 - [TEST_STEP][PASSED] - click(findTestObject("Page_PSTO webMessenger - Zalogowano/img_Leszek Kowalski_sendButton")): Object: 'Object Repository/Page_PSTO webMessenger - Zalogowano/img_Leszek Kowalski_sendButton' is clicked on

2021-12-19 15:06:42 - [MESSAGE][PASSED] - Object: 'Object Repository/Page_PSTO webMessenger - Zalogowano/img_Leszek Kowalski_sendButton' is clicked on

2021-12-19 15:06:42 - [TEST_STEP][PASSED] - setText(findTestObject("Page_PSTO webMessenger - Zalogowano/input_Leszek Kowalski_messageInput"), "e"): Text 'e' is set on object 'Object Repository/Page_PSTO webMessenger - Zalogowano/input_Leszek Kowalski_messageInput'

2021-12-19 15:06:43 - [MESSAGE][PASSED] - Text 'e' is set on object 'Object Repository/Page_PSTO webMessenger - Zalogowano/input_Leszek Kowalski_messageInput'

2021-12-19 15:06:43 - [TEST_STEP][PASSED] - click(findTestObject("Page_PSTO webMessenger - Zalogowano/img_Leszek Kowalski_sendButton")): Object: 'Object Repository/Page_PSTO webMessenger - Zalogowano/img_Leszek Kowalski_sendButton' is clicked on

2021-12-19 15:06:43 - [MESSAGE][PASSED] - Object: 'Object Repository/Page_PSTO webMessenger - Zalogowano/img_Leszek Kowalski_sendButton' is clicked on

2021-12-19 15:06:43 - [TEST_STEP][PASSED] - setText(findTestObject("Page_PSTO webMessenger - Zalogowano/input_Leszek Kowalski_messageInput"), "e"): Text 'e' is set on object 'Object Repository/Page_PSTO webMessenger - Zalogowano/input_Leszek Kowalski_messageInput'

2021-12-19 15:06:44 - [MESSAGE][PASSED] - Text 'e' is set on object 'Object Repository/Page_PSTO webMessenger - Zalogowano/input_Leszek Kowalski_messageInput'

2021-12-19 15:06:44 - [TEST_STEP][PASSED] - click(findTestObject("Page_PSTO webMessenger - Zalogowano/img_Leszek Kowalski_sendButton")): Object: 'Object Repository/Page_PSTO webMessenger - Zalogowano/img_Leszek Kowalski_sendButton' is clicked on

2021-12-19 15:06:45 - [MESSAGE][PASSED] - Object: 'Object Repository/Page_PSTO webMessenger - Zalogowano/img_Leszek Kowalski_sendButton' is clicked on

2021-12-19 15:06:45 - [TEST_STEP][PASSED] - setText(findTestObject("Page_PSTO webMessenger - Zalogowano/input_Leszek Kowalski_messageInput"), "e"): Text 'e' is set on object 'Object Repository/Page_PSTO webMessenger - Zalogowano/input_Leszek Kowalski_messageInput'

2021-12-19 15:06:45 - [MESSAGE][PASSED] - Text 'e' is set on object 'Object Repository/Page_PSTO webMessenger - Zalogowano/input_Leszek Kowalski_messageInput'

2021-12-19 15:06:45 - [TEST_STEP][PASSED] - click(findTestObject("Page_PSTO webMessenger - Zalogowano/img_Leszek Kowalski_sendButton")): Object: 'Object Repository/Page_PSTO webMessenger - Zalogowano/img_Leszek Kowalski_sendButton' is clicked on

2021-12-19 15:06:46 - [MESSAGE][PASSED] - Object: 'Object Repository/Page_PSTO webMessenger - Zalogowano/img_Leszek Kowalski_sendButton' is clicked on

2021-12-19 15:06:46 - [TEST_STEP][PASSED] - setText(findTestObject("Page_PSTO webMessenger - Zalogowano/input_Leszek Kowalski_messageInput"), "e"): Text 'e' is set on object 'Object Repository/Page_PSTO webMessenger - Zalogowano/input_Leszek Kowalski_messageInput'

2021-12-19 15:06:47 - [MESSAGE][PASSED] - Text 'e' is set on object 'Object Repository/Page_PSTO webMessenger - Zalogowano/input_Leszek Kowalski_messageInput'

2021-12-19 15:06:47 - [TEST_STEP][PASSED] - click(findTestObject("Page_PSTO webMessenger - Zalogowano/img_Leszek Kowalski_sendButton")): Object: 'Object Repository/Page_PSTO webMessenger - Zalogowano/img_Leszek Kowalski_sendButton' is clicked on

2021-12-19 15:06:48 - [MESSAGE][PASSED] - Object: 'Object Repository/Page_PSTO webMessenger - Zalogowano/img_Leszek Kowalski_sendButton' is clicked on

2021-12-19 15:06:48 - [TEST_STEP][PASSED] - setText(findTestObject("Page_PSTO webMessenger - Zalogowano/input_Leszek Kowalski_messageInput"), "e"): Text 'e' is set on object 'Object Repository/Page_PSTO webMessenger - Zalogowano/input_Leszek Kowalski_messageInput'

2021-12-19 15:06:48 - [MESSAGE][PASSED] - Text 'e' is set on object 'Object Repository/Page_PSTO webMessenger - Zalogowano/input_Leszek Kowalski_messageInput'

2021-12-19 15:06:48 - [TEST_STEP][PASSED] - click(findTestObject("Page_PSTO webMessenger - Zalogowano/img_Leszek Kowalski_sendButton")): Object: 'Object Repository/Page_PSTO webMessenger - Zalogowano/img_Leszek Kowalski_sendButton' is clicked on

2021-12-19 15:06:49 - [MESSAGE][PASSED] - Object: 'Object Repository/Page_PSTO webMessenger - Zalogowano/img_Leszek Kowalski_sendButton' is clicked on

2021-12-19 15:06:49 - [TEST_STEP][PASSED] - setText(findTestObject("Page_PSTO webMessenger - Zalogowano/input_Leszek Kowalski_messageInput"), "e"): Text 'e' is set on object 'Object Repository/Page_PSTO webMessenger - Zalogowano/input_Leszek Kowalski_messageInput'

2021-12-19 15:06:50 - [MESSAGE][PASSED] - Text 'e' is set on object 'Object Repository/Page_PSTO webMessenger - Zalogowano/input_Leszek Kowalski_messageInput'

2021-12-19 15:06:50 - [TEST_STEP][PASSED] - click(findTestObject("Page_PSTO webMessenger - Zalogowano/img_Leszek Kowalski_sendButton")): Object: 'Object Repository/Page_PSTO webMessenger - Zalogowano/img_Leszek Kowalski_sendButton' is clicked on

2021-12-19 15:06:50 - [MESSAGE][PASSED] - Object: 'Object Repository/Page_PSTO webMessenger - Zalogowano/img_Leszek Kowalski_sendButton' is clicked on

2021-12-19 15:06:50 - [TEST_STEP][PASSED] - setText(findTestObject("Page_PSTO webMessenger - Zalogowano/input_Leszek Kowalski_messageInput"), "e"): Text 'e' is set on object 'Object Repository/Page_PSTO webMessenger - Zalogowano/input_Leszek Kowalski_messageInput'

2021-12-19 15:06:52 - [MESSAGE][PASSED] - Text 'e' is set on object 'Object Repository/Page_PSTO webMessenger - Zalogowano/input_Leszek Kowalski_messageInput'

2021-12-19 15:06:52 - [TEST_STEP][PASSED] - click(findTestObject("Page_PSTO webMessenger - Zalogowano/img_Leszek Kowalski_sendButton")): Object: 'Object Repository/Page_PSTO webMessenger - Zalogowano/img_Leszek Kowalski_sendButton' is clicked on

2021-12-19 15:06:52 - [MESSAGE][PASSED] - Object: 'Object Repository/Page_PSTO webMessenger - Zalogowano/img_Leszek Kowalski_sendButton' is clicked on

2021-12-19 15:06:52 - [TEST_STEP][PASSED] - setText(findTestObject("Page_PSTO webMessenger - Zalogowano/input_Leszek Kowalski_messageInput"), "e"): Text 'e' is set on object 'Object Repository/Page_PSTO webMessenger - Zalogowano/input_Leszek Kowalski_messageInput'

2021-12-19 15:06:53 - [MESSAGE][PASSED] - Text 'e' is set on object 'Object Repository/Page_PSTO webMessenger - Zalogowano/input_Leszek Kowalski_messageInput'

2021-12-19 15:06:53 - [TEST_STEP][PASSED] - click(findTestObject("Page_PSTO webMessenger - Zalogowano/img_Leszek Kowalski_sendButton")): Object: 'Object Repository/Page_PSTO webMessenger - Zalogowano/img_Leszek Kowalski_sendButton' is clicked on

2021-12-19 15:06:53 - [MESSAGE][PASSED] - Object: 'Object Repository/Page_PSTO webMessenger - Zalogowano/img_Leszek Kowalski_sendButton' is clicked on

2021-12-19 15:06:53 - [TEST_STEP][PASSED] - setText(findTestObject("Page_PSTO webMessenger - Zalogowano/input_Leszek Kowalski_messageInput"), "e"): Text 'e' is set on object 'Object Repository/Page_PSTO webMessenger - Zalogowano/input_Leszek Kowalski_messageInput'

2021-12-19 15:06:54 - [MESSAGE][PASSED] - Text 'e' is set on object 'Object Repository/Page_PSTO webMessenger - Zalogowano/input_Leszek Kowalski_messageInput'

2021-12-19 15:06:54 - [TEST_STEP][PASSED] - click(findTestObject("Page_PSTO webMessenger - Zalogowano/img_Leszek Kowalski_sendButton")): Object: 'Object Repository/Page_PSTO webMessenger - Zalogowano/img_Leszek Kowalski_sendButton' is clicked on

2021-12-19 15:06:55 - [MESSAGE][PASSED] - Object: 'Object Repository/Page_PSTO webMessenger - Zalogowano/img_Leszek Kowalski_sendButton' is clicked on

2021-12-19 15:06:55 - [TEST_STEP][PASSED] - setText(findTestObject("Page_PSTO webMessenger - Zalogowano/input_Leszek Kowalski_messageInput"), "e"): Text 'e' is set on object 'Object Repository/Page_PSTO webMessenger - Zalogowano/input_Leszek Kowalski_messageInput'

2021-12-19 15:06:55 - [MESSAGE][PASSED] - Text 'e' is set on object 'Object Repository/Page_PSTO webMessenger - Zalogowano/input_Leszek Kowalski_messageInput'

2021-12-19 15:06:55 - [TEST_STEP][PASSED] - click(findTestObject("Page_PSTO webMessenger - Zalogowano/img_Leszek Kowalski_sendButton")): Object: 'Object Repository/Page_PSTO webMessenger - Zalogowano/img_Leszek Kowalski_sendButton' is clicked on

2021-12-19 15:06:56 - [MESSAGE][PASSED] - Object: 'Object Repository/Page_PSTO webMessenger - Zalogowano/img_Leszek Kowalski_sendButton' is clicked on

2021-12-19 15:06:56 - [TEST_STEP][PASSED] - setText(findTestObject("Page_PSTO webMessenger - Zalogowano/input_Leszek Kowalski_messageInput"), "e"): Text 'e' is set on object 'Object Repository/Page_PSTO webMessenger - Zalogowano/input_Leszek Kowalski_messageInput'

2021-12-19 15:06:57 - [MESSAGE][PASSED] - Text 'e' is set on object 'Object Repository/Page_PSTO webMessenger - Zalogowano/input_Leszek Kowalski_messageInput'

2021-12-19 15:06:57 - [TEST_STEP][PASSED] - click(findTestObject("Page_PSTO webMessenger - Zalogowano/img_Leszek Kowalski_sendButton")): Object: 'Object Repository/Page_PSTO webMessenger - Zalogowano/img_Leszek Kowalski_sendButton' is clicked on

2021-12-19 15:06:58 - [MESSAGE][PASSED] - Object: 'Object Repository/Page_PSTO webMessenger - Zalogowano/img_Leszek Kowalski_sendButton' is clicked on

2021-12-19 15:06:58 - [TEST_STEP][PASSED] - setText(findTestObject("Page_PSTO webMessenger - Zalogowano/input_Leszek Kowalski_messageInput"), "e"): Text 'e' is set on object 'Object Repository/Page_PSTO webMessenger - Zalogowano/input_Leszek Kowalski_messageInput'

2021-12-19 15:06:58 - [MESSAGE][PASSED] - Text 'e' is set on object 'Object Repository/Page_PSTO webMessenger - Zalogowano/input_Leszek Kowalski_messageInput'

2021-12-19 15:06:58 - [TEST_STEP][PASSED] - click(findTestObject("Page_PSTO webMessenger - Zalogowano/img_Leszek Kowalski_sendButton")): Object: 'Object Repository/Page_PSTO webMessenger - Zalogowano/img_Leszek Kowalski_sendButton' is clicked on

2021-12-19 15:06:59 - [MESSAGE][PASSED] - Object: 'Object Repository/Page_PSTO webMessenger - Zalogowano/img_Leszek Kowalski_sendButton' is clicked on

2021-12-19 15:06:59 - [TEST_STEP][PASSED] - setText(findTestObject("Page_PSTO webMessenger - Zalogowano/input_Leszek Kowalski_messageInput"), "e"): Text 'e' is set on object 'Object Repository/Page_PSTO webMessenger - Zalogowano/input_Leszek Kowalski_messageInput'

2021-12-19 15:07:00 - [MESSAGE][PASSED] - Text 'e' is set on object 'Object Repository/Page_PSTO webMessenger - Zalogowano/input_Leszek Kowalski_messageInput'

2021-12-19 15:07:00 - [TEST_STEP][PASSED] - click(findTestObject("Page_PSTO webMessenger - Zalogowano/img_Leszek Kowalski_sendButton")): Object: 'Object Repository/Page_PSTO webMessenger - Zalogowano/img_Leszek Kowalski_sendButton' is clicked on

2021-12-19 15:07:00 - [MESSAGE][PASSED] - Object: 'Object Repository/Page_PSTO webMessenger - Zalogowano/img_Leszek Kowalski_sendButton' is clicked on

2021-12-19 15:07:00 - [TEST_STEP][PASSED] - setText(findTestObject("Page_PSTO webMessenger - Zalogowano/input_Leszek Kowalski_messageInput"), "e"): Text 'e' is set on object 'Object Repository/Page_PSTO webMessenger - Zalogowano/input_Leszek Kowalski_messageInput'

2021-12-19 15:07:01 - [MESSAGE][PASSED] - Text 'e' is set on object 'Object Repository/Page_PSTO webMessenger - Zalogowano/input_Leszek Kowalski_messageInput'

2021-12-19 15:07:01 - [TEST_STEP][PASSED] - click(findTestObject("Page_PSTO webMessenger - Zalogowano/img_Leszek Kowalski_sendButton")): Object: 'Object Repository/Page_PSTO webMessenger - Zalogowano/img_Leszek Kowalski_sendButton' is clicked on

2021-12-19 15:07:02 - [MESSAGE][PASSED] - Object: 'Object Repository/Page_PSTO webMessenger - Zalogowano/img_Leszek Kowalski_sendButton' is clicked on

2021-12-19 15:07:02 - [TEST_STEP][PASSED] - setText(findTestObject("Page_PSTO webMessenger - Zalogowano/input_Leszek Kowalski_messageInput"), "e"): Text 'e' is set on object 'Object Repository/Page_PSTO webMessenger - Zalogowano/input_Leszek Kowalski_messageInput'

2021-12-19 15:07:03 - [MESSAGE][PASSED] - Text 'e' is set on object 'Object Repository/Page_PSTO webMessenger - Zalogowano/input_Leszek Kowalski_messageInput'

2021-12-19 15:07:03 - [TEST_STEP][PASSED] - click(findTestObject("Page_PSTO webMessenger - Zalogowano/img_Leszek Kowalski_sendButton")): Object: 'Object Repository/Page_PSTO webMessenger - Zalogowano/img_Leszek Kowalski_sendButton' is clicked on

2021-12-19 15:07:03 - [MESSAGE][PASSED] - Object: 'Object Repository/Page_PSTO webMessenger - Zalogowano/img_Leszek Kowalski_sendButton' is clicked on

2021-12-19 15:07:03 - [TEST_STEP][PASSED] - setText(findTestObject("Page_PSTO webMessenger - Zalogowano/input_Leszek Kowalski_messageInput"), "e"): Text 'e' is set on object 'Object Repository/Page_PSTO webMessenger - Zalogowano/input_Leszek Kowalski_messageInput'

2021-12-19 15:07:04 - [MESSAGE][PASSED] - Text 'e' is set on object 'Object Repository/Page_PSTO webMessenger - Zalogowano/input_Leszek Kowalski_messageInput'

2021-12-19 15:07:04 - [TEST_STEP][PASSED] - click(findTestObject("Page_PSTO webMessenger - Zalogowano/img_Leszek Kowalski_sendButton")): Object: 'Object Repository/Page_PSTO webMessenger - Zalogowano/img_Leszek Kowalski_sendButton' is clicked on

2021-12-19 15:07:05 - [MESSAGE][PASSED] - Object: 'Object Repository/Page_PSTO webMessenger - Zalogowano/img_Leszek Kowalski_sendButton' is clicked on

2021-12-19 15:07:05 - [TEST_STEP][PASSED] - setText(findTestObject("Page_PSTO webMessenger - Zalogowano/input_Leszek Kowalski_messageInput"), "e"): Text 'e' is set on object 'Object Repository/Page_PSTO webMessenger - Zalogowano/input_Leszek Kowalski_messageInput'

2021-12-19 15:07:05 - [MESSAGE][PASSED] - Text 'e' is set on object 'Object Repository/Page_PSTO webMessenger - Zalogowano/input_Leszek Kowalski_messageInput'

2021-12-19 15:07:05 - [TEST_STEP][PASSED] - click(findTestObject("Page_PSTO webMessenger - Zalogowano/img_Leszek Kowalski_sendButton")): Object: 'Object Repository/Page_PSTO webMessenger - Zalogowano/img_Leszek Kowalski_sendButton' is clicked on

2021-12-19 15:07:06 - [MESSAGE][PASSED] - Object: 'Object Repository/Page_PSTO webMessenger - Zalogowano/img_Leszek Kowalski_sendButton' is clicked on

2021-12-19 15:07:06 - [TEST_STEP][PASSED] - setText(findTestObject("Page_PSTO webMessenger - Zalogowano/input_Leszek Kowalski_messageInput"), "e"): Text 'e' is set on object 'Object Repository/Page_PSTO webMessenger - Zalogowano/input_Leszek Kowalski_messageInput'

2021-12-19 15:07:07 - [MESSAGE][PASSED] - Text 'e' is set on object 'Object Repository/Page_PSTO webMessenger - Zalogowano/input_Leszek Kowalski_messageInput'

2021-12-19 15:07:07 - [TEST_STEP][PASSED] - click(findTestObject("Page_PSTO webMessenger - Zalogowano/img_Leszek Kowalski_sendButton")): Object: 'Object Repository/Page_PSTO webMessenger - Zalogowano/img_Leszek Kowalski_sendButton' is clicked on

2021-12-19 15:07:08 - [MESSAGE][PASSED] - Object: 'Object Repository/Page_PSTO webMessenger - Zalogowano/img_Leszek Kowalski_sendButton' is clicked on

2021-12-19 15:07:08 - [TEST_STEP][PASSED] - setText(findTestObject("Page_PSTO webMessenger - Zalogowano/input_Leszek Kowalski_messageInput"), "e"): Text 'e' is set on object 'Object Repository/Page_PSTO webMessenger - Zalogowano/input_Leszek Kowalski_messageInput'

2021-12-19 15:07:08 - [MESSAGE][PASSED] - Text 'e' is set on object 'Object Repository/Page_PSTO webMessenger - Zalogowano/input_Leszek Kowalski_messageInput'

2021-12-19 15:07:08 - [TEST_STEP][PASSED] - click(findTestObject("Page_PSTO webMessenger - Zalogowano/img_Leszek Kowalski_sendButton")): Object: 'Object Repository/Page_PSTO webMessenger - Zalogowano/img_Leszek Kowalski_sendButton' is clicked on

2021-12-19 15:07:09 - [MESSAGE][PASSED] - Object: 'Object Repository/Page_PSTO webMessenger - Zalogowano/img_Leszek Kowalski_sendButton' is clicked on

2021-12-19 15:07:09 - [TEST_STEP][PASSED] - setText(findTestObject("Page_PSTO webMessenger - Zalogowano/input_Leszek Kowalski_messageInput"), "e"): Text 'e' is set on object 'Object Repository/Page_PSTO webMessenger - Zalogowano/input_Leszek Kowalski_messageInput'

2021-12-19 15:07:10 - [MESSAGE][PASSED] - Text 'e' is set on object 'Object Repository/Page_PSTO webMessenger - Zalogowano/input_Leszek Kowalski_messageInput'

2021-12-19 15:07:10 - [TEST_STEP][PASSED] - click(findTestObject("Page_PSTO webMessenger - Zalogowano/img_Leszek Kowalski_sendButton")): Object: 'Object Repository/Page_PSTO webMessenger - Zalogowano/img_Leszek Kowalski_sendButton' is clicked on

2021-12-19 15:07:10 - [MESSAGE][PASSED] - Object: 'Object Repository/Page_PSTO webMessenger - Zalogowano/img_Leszek Kowalski_sendButton' is clicked on

2021-12-19 15:07:10 - [TEST_STEP][PASSED] - setText(findTestObject("Page_PSTO webMessenger - Zalogowano/input_Leszek Kowalski_messageInput"), "e"): Text 'e' is set on object 'Object Repository/Page_PSTO webMessenger - Zalogowano/input_Leszek Kowalski_messageInput'

2021-12-19 15:07:11 - [MESSAGE][PASSED] - Text 'e' is set on object 'Object Repository/Page_PSTO webMessenger - Zalogowano/input_Leszek Kowalski_messageInput'

2021-12-19 15:07:11 - [TEST_STEP][PASSED] - click(findTestObject("Page_PSTO webMessenger - Zalogowano/img_Leszek Kowalski_sendButton")): Object: 'Object Repository/Page_PSTO webMessenger - Zalogowano/img_Leszek Kowalski_sendButton' is clicked on

2021-12-19 15:07:12 - [MESSAGE][PASSED] - Object: 'Object Repository/Page_PSTO webMessenger - Zalogowano/img_Leszek Kowalski_sendButton' is clicked on

2021-12-19 15:07:12 - [TEST_STEP][PASSED] - setText(findTestObject("Page_PSTO webMessenger - Zalogowano/input_Leszek Kowalski_messageInput"), "e"): Text 'e' is set on object 'Object Repository/Page_PSTO webMessenger - Zalogowano/input_Leszek Kowalski_messageInput'

2021-12-19 15:07:13 - [MESSAGE][PASSED] - Text 'e' is set on object 'Object Repository/Page_PSTO webMessenger - Zalogowano/input_Leszek Kowalski_messageInput'

2021-12-19 15:07:13 - [TEST_STEP][PASSED] - click(findTestObject("Page_PSTO webMessenger - Zalogowano/img_Leszek Kowalski_sendButton")): Object: 'Object Repository/Page_PSTO webMessenger - Zalogowano/img_Leszek Kowalski_sendButton' is clicked on

2021-12-19 15:07:13 - [MESSAGE][PASSED] - Object: 'Object Repository/Page_PSTO webMessenger - Zalogowano/img_Leszek Kowalski_sendButton' is clicked on

2021-12-19 15:07:13 - [TEST_STEP][PASSED] - setText(findTestObject("Page_PSTO webMessenger - Zalogowano/input_Leszek Kowalski_messageInput"), "e"): Text 'e' is set on object 'Object Repository/Page_PSTO webMessenger - Zalogowano/input_Leszek Kowalski_messageInput'

2021-12-19 15:07:14 - [MESSAGE][PASSED] - Text 'e' is set on object 'Object Repository/Page_PSTO webMessenger - Zalogowano/input_Leszek Kowalski_messageInput'

2021-12-19 15:07:14 - [TEST_STEP][PASSED] - click(findTestObject("Page_PSTO webMessenger - Zalogowano/img_Leszek Kowalski_sendButton")): Object: 'Object Repository/Page_PSTO webMessenger - Zalogowano/img_Leszek Kowalski_sendButton' is clicked on

2021-12-19 15:07:15 - [MESSAGE][PASSED] - Object: 'Object Repository/Page_PSTO webMessenger - Zalogowano/img_Leszek Kowalski_sendButton' is clicked on

2021-12-19 15:07:15 - [TEST_STEP][PASSED] - setText(findTestObject("Page_PSTO webMessenger - Zalogowano/input_Leszek Kowalski_messageInput"), "e"): Text 'e' is set on object 'Object Repository/Page_PSTO webMessenger - Zalogowano/input_Leszek Kowalski_messageInput'

2021-12-19 15:07:15 - [MESSAGE][PASSED] - Text 'e' is set on object 'Object Repository/Page_PSTO webMessenger - Zalogowano/input_Leszek Kowalski_messageInput'

2021-12-19 15:07:16 - [TEST_STEP][PASSED] - click(findTestObject("Page_PSTO webMessenger - Zalogowano/img_Leszek Kowalski_sendButton")): Object: 'Object Repository/Page_PSTO webMessenger - Zalogowano/img_Leszek Kowalski_sendButton' is clicked on

2021-12-19 15:07:17 - [MESSAGE][PASSED] - Object: 'Object Repository/Page_PSTO webMessenger - Zalogowano/img_Leszek Kowalski_sendButton' is clicked on

2021-12-19 15:07:17 - [TEST_STEP][PASSED] - setText(findTestObject("Page_PSTO webMessenger - Zalogowano/input_Leszek Kowalski_messageInput"), "e"): Text 'e' is set on object 'Object Repository/Page_PSTO webMessenger - Zalogowano/input_Leszek Kowalski_messageInput'

2021-12-19 15:07:17 - [MESSAGE][PASSED] - Text 'e' is set on object 'Object Repository/Page_PSTO webMessenger - Zalogowano/input_Leszek Kowalski_messageInput'

2021-12-19 15:07:17 - [TEST_STEP][PASSED] - click(findTestObject("Page_PSTO webMessenger - Zalogowano/img_Leszek Kowalski_sendButton")): Object: 'Object Repository/Page_PSTO webMessenger - Zalogowano/img_Leszek Kowalski_sendButton' is clicked on

2021-12-19 15:07:18 - [MESSAGE][PASSED] - Object: 'Object Repository/Page_PSTO webMessenger - Zalogowano/img_Leszek Kowalski_sendButton' is clicked on

2021-12-19 15:07:18 - [TEST_STEP][PASSED] - setText(findTestObject("Page_PSTO webMessenger - Zalogowano/input_Leszek Kowalski_messageInput"), "e"): Text 'e' is set on object 'Object Repository/Page_PSTO webMessenger - Zalogowano/input_Leszek Kowalski_messageInput'

2021-12-19 15:07:19 - [MESSAGE][PASSED] - Text 'e' is set on object 'Object Repository/Page_PSTO webMessenger - Zalogowano/input_Leszek Kowalski_messageInput'

2021-12-19 15:07:19 - [TEST_STEP][PASSED] - click(findTestObject("Page_PSTO webMessenger - Zalogowano/img_Leszek Kowalski_sendButton")): Object: 'Object Repository/Page_PSTO webMessenger - Zalogowano/img_Leszek Kowalski_sendButton' is clicked on

2021-12-19 15:07:19 - [MESSAGE][PASSED] - Object: 'Object Repository/Page_PSTO webMessenger - Zalogowano/img_Leszek Kowalski_sendButton' is clicked on

2021-12-19 15:07:19 - [TEST_STEP][PASSED] - setText(findTestObject("Page_PSTO webMessenger - Zalogowano/input_Leszek Kowalski_messageInput"), "e"): Text 'e' is set on object 'Object Repository/Page_PSTO webMessenger - Zalogowano/input_Leszek Kowalski_messageInput'

2021-12-19 15:07:20 - [MESSAGE][PASSED] - Text 'e' is set on object 'Object Repository/Page_PSTO webMessenger - Zalogowano/input_Leszek Kowalski_messageInput'

2021-12-19 15:07:20 - [TEST_STEP][PASSED] - click(findTestObject("Page_PSTO webMessenger - Zalogowano/img_Leszek Kowalski_sendButton")): Object: 'Object Repository/Page_PSTO webMessenger - Zalogowano/img_Leszek Kowalski_sendButton' is clicked on

2021-12-19 15:07:20 - [MESSAGE][PASSED] - Object: 'Object Repository/Page_PSTO webMessenger - Zalogowano/img_Leszek Kowalski_sendButton' is clicked on

2021-12-19 15:07:20 - [TEST_STEP][PASSED] - setText(findTestObject("Page_PSTO webMessenger - Zalogowano/input_Leszek Kowalski_messageInput"), "e"): Text 'e' is set on object 'Object Repository/Page_PSTO webMessenger - Zalogowano/input_Leszek Kowalski_messageInput'

2021-12-19 15:07:21 - [MESSAGE][PASSED] - Text 'e' is set on object 'Object Repository/Page_PSTO webMessenger - Zalogowano/input_Leszek Kowalski_messageInput'

2021-12-19 15:07:21 - [TEST_STEP][PASSED] - click(findTestObject("Page_PSTO webMessenger - Zalogowano/img_Leszek Kowalski_sendButton")): Object: 'Object Repository/Page_PSTO webMessenger - Zalogowano/img_Leszek Kowalski_sendButton' is clicked on

2021-12-19 15:07:22 - [MESSAGE][PASSED] - Object: 'Object Repository/Page_PSTO webMessenger - Zalogowano/img_Leszek Kowalski_sendButton' is clicked on

2021-12-19 15:07:22 - [TEST_STEP][PASSED] - setText(findTestObject("Page_PSTO webMessenger - Zalogowano/input_Leszek Kowalski_messageInput"), "e"): Text 'e' is set on object 'Object Repository/Page_PSTO webMessenger - Zalogowano/input_Leszek Kowalski_messageInput'

2021-12-19 15:07:23 - [MESSAGE][PASSED] - Text 'e' is set on object 'Object Repository/Page_PSTO webMessenger - Zalogowano/input_Leszek Kowalski_messageInput'

2021-12-19 15:07:23 - [TEST_STEP][PASSED] - click(findTestObject("Page_PSTO webMessenger - Zalogowano/img_Leszek Kowalski_sendButton")): Object: 'Object Repository/Page_PSTO webMessenger - Zalogowano/img_Leszek Kowalski_sendButton' is clicked on

2021-12-19 15:07:23 - [MESSAGE][PASSED] - Object: 'Object Repository/Page_PSTO webMessenger - Zalogowano/img_Leszek Kowalski_sendButton' is clicked on

2021-12-19 15:07:23 - [TEST_STEP][PASSED] - setText(findTestObject("Page_PSTO webMessenger - Zalogowano/input_Leszek Kowalski_messageInput"), "e"): Text 'e' is set on object 'Object Repository/Page_PSTO webMessenger - Zalogowano/input_Leszek Kowalski_messageInput'

2021-12-19 15:07:24 - [MESSAGE][PASSED] - Text 'e' is set on object 'Object Repository/Page_PSTO webMessenger - Zalogowano/input_Leszek Kowalski_messageInput'

2021-12-19 15:07:24 - [TEST_STEP][PASSED] - click(findTestObject("Page_PSTO webMessenger - Zalogowano/img_Leszek Kowalski_sendButton")): Object: 'Object Repository/Page_PSTO webMessenger - Zalogowano/img_Leszek Kowalski_sendButton' is clicked on

2021-12-19 15:07:25 - [MESSAGE][PASSED] - Object: 'Object Repository/Page_PSTO webMessenger - Zalogowano/img_Leszek Kowalski_sendButton' is clicked on

2021-12-19 15:07:25 - [TEST_STEP][PASSED] - setText(findTestObject("Page_PSTO webMessenger - Zalogowano/input_Leszek Kowalski_messageInput"), "e"): Text 'e' is set on object 'Object Repository/Page_PSTO webMessenger - Zalogowano/input_Leszek Kowalski_messageInput'

2021-12-19 15:07:25 - [MESSAGE][PASSED] - Text 'e' is set on object 'Object Repository/Page_PSTO webMessenger - Zalogowano/input_Leszek Kowalski_messageInput'

2021-12-19 15:07:25 - [TEST_STEP][PASSED] - click(findTestObject("Page_PSTO webMessenger - Zalogowano/img_Leszek Kowalski_sendButton")): Object: 'Object Repository/Page_PSTO webMessenger - Zalogowano/img_Leszek Kowalski_sendButton' is clicked on

2021-12-19 15:07:27 - [MESSAGE][PASSED] - Object: 'Object Repository/Page_PSTO webMessenger - Zalogowano/img_Leszek Kowalski_sendButton' is clicked on

2021-12-19 15:07:27 - [TEST_STEP][PASSED] - setText(findTestObject("Page_PSTO webMessenger - Zalogowano/input_Leszek Kowalski_messageInput"), "e"): Text 'e' is set on object 'Object Repository/Page_PSTO webMessenger - Zalogowano/input_Leszek Kowalski_messageInput'

2021-12-19 15:07:27 - [MESSAGE][PASSED] - Text 'e' is set on object 'Object Repository/Page_PSTO webMessenger - Zalogowano/input_Leszek Kowalski_messageInput'

2021-12-19 15:07:27 - [TEST_STEP][PASSED] - click(findTestObject("Page_PSTO webMessenger - Zalogowano/img_Leszek Kowalski_sendButton")): Object: 'Object Repository/Page_PSTO webMessenger - Zalogowano/img_Leszek Kowalski_sendButton' is clicked on

2021-12-19 15:07:28 - [MESSAGE][PASSED] - Object: 'Object Repository/Page_PSTO webMessenger - Zalogowano/img_Leszek Kowalski_sendButton' is clicked on

2021-12-19 15:07:28 - [TEST_STEP][PASSED] - setText(findTestObject("Page_PSTO webMessenger - Zalogowano/input_Leszek Kowalski_messageInput"), "e"): Text 'e' is set on object 'Object Repository/Page_PSTO webMessenger - Zalogowano/input_Leszek Kowalski_messageInput'

2021-12-19 15:07:29 - [MESSAGE][PASSED] - Text 'e' is set on object 'Object Repository/Page_PSTO webMessenger - Zalogowano/input_Leszek Kowalski_messageInput'

2021-12-19 15:07:29 - [TEST_STEP][PASSED] - click(findTestObject("Page_PSTO webMessenger - Zalogowano/img_Leszek Kowalski_sendButton")): Object: 'Object Repository/Page_PSTO webMessenger - Zalogowano/img_Leszek Kowalski_sendButton' is clicked on

2021-12-19 15:07:29 - [MESSAGE][PASSED] - Object: 'Object Repository/Page_PSTO webMessenger - Zalogowano/img_Leszek Kowalski_sendButton' is clicked on

2021-12-19 15:07:29 - [TEST_STEP][PASSED] - setText(findTestObject("Page_PSTO webMessenger - Zalogowano/input_Leszek Kowalski_messageInput"), "e"): Text 'e' is set on object 'Object Repository/Page_PSTO webMessenger - Zalogowano/input_Leszek Kowalski_messageInput'

2021-12-19 15:07:30 - [MESSAGE][PASSED] - Text 'e' is set on object 'Object Repository/Page_PSTO webMessenger - Zalogowano/input_Leszek Kowalski_messageInput'

2021-12-19 15:07:30 - [TEST_STEP][PASSED] - click(findTestObject("Page_PSTO webMessenger - Zalogowano/img_Leszek Kowalski_sendButton")): Object: 'Object Repository/Page_PSTO webMessenger - Zalogowano/img_Leszek Kowalski_sendButton' is clicked on

2021-12-19 15:07:31 - [MESSAGE][PASSED] - Object: 'Object Repository/Page_PSTO webMessenger - Zalogowano/img_Leszek Kowalski_sendButton' is clicked on

2021-12-19 15:07:31 - [TEST_STEP][PASSED] - setText(findTestObject("Page_PSTO webMessenger - Zalogowano/input_Leszek Kowalski_messageInput"), "e"): Text 'e' is set on object 'Object Repository/Page_PSTO webMessenger - Zalogowano/input_Leszek Kowalski_messageInput'

2021-12-19 15:07:32 - [MESSAGE][PASSED] - Text 'e' is set on object 'Object Repository/Page_PSTO webMessenger - Zalogowano/input_Leszek Kowalski_messageInput'

2021-12-19 15:07:32 - [TEST_STEP][PASSED] - click(findTestObject("Page_PSTO webMessenger - Zalogowano/img_Leszek Kowalski_sendButton")): Object: 'Object Repository/Page_PSTO webMessenger - Zalogowano/img_Leszek Kowalski_sendButton' is clicked on

2021-12-19 15:07:32 - [MESSAGE][PASSED] - Object: 'Object Repository/Page_PSTO webMessenger - Zalogowano/img_Leszek Kowalski_sendButton' is clicked on

2021-12-19 15:07:32 - [TEST_STEP][PASSED] - setText(findTestObject("Page_PSTO webMessenger - Zalogowano/input_Leszek Kowalski_messageInput"), "e"): Text 'e' is set on object 'Object Repository/Page_PSTO webMessenger - Zalogowano/input_Leszek Kowalski_messageInput'

2021-12-19 15:07:33 - [MESSAGE][PASSED] - Text 'e' is set on object 'Object Repository/Page_PSTO webMessenger - Zalogowano/input_Leszek Kowalski_messageInput'

2021-12-19 15:07:33 - [TEST_STEP][PASSED] - click(findTestObject("Page_PSTO webMessenger - Zalogowano/img_Leszek Kowalski_sendButton")): Object: 'Object Repository/Page_PSTO webMessenger - Zalogowano/img_Leszek Kowalski_sendButton' is clicked on

2021-12-19 15:07:34 - [MESSAGE][PASSED] - Object: 'Object Repository/Page_PSTO webMessenger - Zalogowano/img_Leszek Kowalski_sendButton' is clicked on

2021-12-19 15:07:34 - [TEST_STEP][PASSED] - setText(findTestObject("Page_PSTO webMessenger - Zalogowano/input_Leszek Kowalski_messageInput"), "e"): Text 'e' is set on object 'Object Repository/Page_PSTO webMessenger - Zalogowano/input_Leszek Kowalski_messageInput'

2021-12-19 15:07:34 - [MESSAGE][PASSED] - Text 'e' is set on object 'Object Repository/Page_PSTO webMessenger - Zalogowano/input_Leszek Kowalski_messageInput'

2021-12-19 15:07:34 - [TEST_STEP][PASSED] - click(findTestObject("Page_PSTO webMessenger - Zalogowano/img_Leszek Kowalski_sendButton")): Object: 'Object Repository/Page_PSTO webMessenger - Zalogowano/img_Leszek Kowalski_sendButton' is clicked on

2021-12-19 15:07:35 - [MESSAGE][PASSED] - Object: 'Object Repository/Page_PSTO webMessenger - Zalogowano/img_Leszek Kowalski_sendButton' is clicked on

2021-12-19 15:07:35 - [TEST_STEP][PASSED] - setText(findTestObject("Page_PSTO webMessenger - Zalogowano/input_Leszek Kowalski_messageInput"), "e"): Text 'e' is set on object 'Object Repository/Page_PSTO webMessenger - Zalogowano/input_Leszek Kowalski_messageInput'

2021-12-19 15:07:35 - [MESSAGE][PASSED] - Text 'e' is set on object 'Object Repository/Page_PSTO webMessenger - Zalogowano/input_Leszek Kowalski_messageInput'

2021-12-19 15:07:35 - [TEST_STEP][PASSED] - click(findTestObject("Page_PSTO webMessenger - Zalogowano/img_Leszek Kowalski_sendButton")): Object: 'Object Repository/Page_PSTO webMessenger - Zalogowano/img_Leszek Kowalski_sendButton' is clicked on

2021-12-19 15:07:36 - [MESSAGE][PASSED] - Object: 'Object Repository/Page_PSTO webMessenger - Zalogowano/img_Leszek Kowalski_sendButton' is clicked on

2021-12-19 15:07:36 - [TEST_STEP][PASSED] - setText(findTestObject("Page_PSTO webMessenger - Zalogowano/input_Leszek Kowalski_messageInput"), "e"): Text 'e' is set on object 'Object Repository/Page_PSTO webMessenger - Zalogowano/input_Leszek Kowalski_messageInput'

2021-12-19 15:07:37 - [MESSAGE][PASSED] - Text 'e' is set on object 'Object Repository/Page_PSTO webMessenger - Zalogowano/input_Leszek Kowalski_messageInput'

2021-12-19 15:07:37 - [TEST_STEP][PASSED] - click(findTestObject("Page_PSTO webMessenger - Zalogowano/img_Leszek Kowalski_sendButton")): Object: 'Object Repository/Page_PSTO webMessenger - Zalogowano/img_Leszek Kowalski_sendButton' is clicked on

2021-12-19 15:07:38 - [MESSAGE][PASSED] - Object: 'Object Repository/Page_PSTO webMessenger - Zalogowano/img_Leszek Kowalski_sendButton' is clicked on

2021-12-19 15:07:38 - [TEST_STEP][PASSED] - setText(findTestObject("Page_PSTO webMessenger - Zalogowano/input_Leszek Kowalski_messageInput"), "e"): Text 'e' is set on object 'Object Repository/Page_PSTO webMessenger - Zalogowano/input_Leszek Kowalski_messageInput'

2021-12-19 15:07:38 - [MESSAGE][PASSED] - Text 'e' is set on object 'Object Repository/Page_PSTO webMessenger - Zalogowano/input_Leszek Kowalski_messageInput'

2021-12-19 15:07:38 - [TEST_STEP][PASSED] - click(findTestObject("Page_PSTO webMessenger - Zalogowano/img_Leszek Kowalski_sendButton")): Object: 'Object Repository/Page_PSTO webMessenger - Zalogowano/img_Leszek Kowalski_sendButton' is clicked on

2021-12-19 15:07:39 - [MESSAGE][PASSED] - Object: 'Object Repository/Page_PSTO webMessenger - Zalogowano/img_Leszek Kowalski_sendButton' is clicked on

2021-12-19 15:07:39 - [TEST_STEP][PASSED] - setText(findTestObject("Page_PSTO webMessenger - Zalogowano/input_Leszek Kowalski_messageInput"), "e"): Text 'e' is set on object 'Object Repository/Page_PSTO webMessenger - Zalogowano/input_Leszek Kowalski_messageInput'

2021-12-19 15:07:40 - [MESSAGE][PASSED] - Text 'e' is set on object 'Object Repository/Page_PSTO webMessenger - Zalogowano/input_Leszek Kowalski_messageInput'

2021-12-19 15:07:40 - [TEST_STEP][PASSED] - click(findTestObject("Page_PSTO webMessenger - Zalogowano/img_Leszek Kowalski_sendButton")): Object: 'Object Repository/Page_PSTO webMessenger - Zalogowano/img_Leszek Kowalski_sendButton' is clicked on

2021-12-19 15:07:41 - [MESSAGE][PASSED] - Object: 'Object Repository/Page_PSTO webMessenger - Zalogowano/img_Leszek Kowalski_sendButton' is clicked on

2021-12-19 15:07:41 - [TEST_STEP][PASSED] - setText(findTestObject("Page_PSTO webMessenger - Zalogowano/input_Leszek Kowalski_messageInput"), "e"): Text 'e' is set on object 'Object Repository/Page_PSTO webMessenger - Zalogowano/input_Leszek Kowalski_messageInput'

2021-12-19 15:07:42 - [MESSAGE][PASSED] - Text 'e' is set on object 'Object Repository/Page_PSTO webMessenger - Zalogowano/input_Leszek Kowalski_messageInput'

2021-12-19 15:07:42 - [TEST_STEP][PASSED] - click(findTestObject("Page_PSTO webMessenger - Zalogowano/img_Leszek Kowalski_sendButton")): Object: 'Object Repository/Page_PSTO webMessenger - Zalogowano/img_Leszek Kowalski_sendButton' is clicked on

2021-12-19 15:07:42 - [MESSAGE][PASSED] - Object: 'Object Repository/Page_PSTO webMessenger - Zalogowano/img_Leszek Kowalski_sendButton' is clicked on

2021-12-19 15:07:42 - [TEST_STEP][PASSED] - setText(findTestObject("Page_PSTO webMessenger - Zalogowano/input_Leszek Kowalski_messageInput"), "e"): Text 'e' is set on object 'Object Repository/Page_PSTO webMessenger - Zalogowano/input_Leszek Kowalski_messageInput'

2021-12-19 15:07:43 - [MESSAGE][PASSED] - Text 'e' is set on object 'Object Repository/Page_PSTO webMessenger - Zalogowano/input_Leszek Kowalski_messageInput'

2021-12-19 15:07:43 - [TEST_STEP][PASSED] - click(findTestObject("Page_PSTO webMessenger - Zalogowano/img_Leszek Kowalski_sendButton")): Object: 'Object Repository/Page_PSTO webMessenger - Zalogowano/img_Leszek Kowalski_sendButton' is clicked on

2021-12-19 15:07:44 - [MESSAGE][PASSED] - Object: 'Object Repository/Page_PSTO webMessenger - Zalogowano/img_Leszek Kowalski_sendButton' is clicked on

2021-12-19 15:07:44 - [TEST_STEP][PASSED] - setText(findTestObject("Page_PSTO webMessenger - Zalogowano/input_Leszek Kowalski_messageInput"), "e"): Text 'e' is set on object 'Object Repository/Page_PSTO webMessenger - Zalogowano/input_Leszek Kowalski_messageInput'

2021-12-19 15:07:44 - [MESSAGE][PASSED] - Text 'e' is set on object 'Object Repository/Page_PSTO webMessenger - Zalogowano/input_Leszek Kowalski_messageInput'

2021-12-19 15:07:44 - [TEST_STEP][PASSED] - click(findTestObject("Page_PSTO webMessenger - Zalogowano/img_Leszek Kowalski_sendButton")): Object: 'Object Repository/Page_PSTO webMessenger - Zalogowano/img_Leszek Kowalski_sendButton' is clicked on

2021-12-19 15:07:45 - [MESSAGE][PASSED] - Object: 'Object Repository/Page_PSTO webMessenger - Zalogowano/img_Leszek Kowalski_sendButton' is clicked on

2021-12-19 15:07:45 - [TEST_STEP][PASSED] - setText(findTestObject("Page_PSTO webMessenger - Zalogowano/input_Leszek Kowalski_messageInput"), "e"): Text 'e' is set on object 'Object Repository/Page_PSTO webMessenger - Zalogowano/input_Leszek Kowalski_messageInput'

2021-12-19 15:07:46 - [MESSAGE][PASSED] - Text 'e' is set on object 'Object Repository/Page_PSTO webMessenger - Zalogowano/input_Leszek Kowalski_messageInput'

2021-12-19 15:07:46 - [TEST_STEP][PASSED] - click(findTestObject("Page_PSTO webMessenger - Zalogowano/img_Leszek Kowalski_sendButton")): Object: 'Object Repository/Page_PSTO webMessenger - Zalogowano/img_Leszek Kowalski_sendButton' is clicked on

2021-12-19 15:07:47 - [MESSAGE][PASSED] - Object: 'Object Repository/Page_PSTO webMessenger - Zalogowano/img_Leszek Kowalski_sendButton' is clicked on

2021-12-19 15:07:47 - [TEST_STEP][PASSED] - setText(findTestObject("Page_PSTO webMessenger - Zalogowano/input_Leszek Kowalski_messageInput"), "e"): Text 'e' is set on object 'Object Repository/Page_PSTO webMessenger - Zalogowano/input_Leszek Kowalski_messageInput'

2021-12-19 15:07:47 - [MESSAGE][PASSED] - Text 'e' is set on object 'Object Repository/Page_PSTO webMessenger - Zalogowano/input_Leszek Kowalski_messageInput'

2021-12-19 15:07:47 - [TEST_STEP][PASSED] - click(findTestObject("Page_PSTO webMessenger - Zalogowano/img_Leszek Kowalski_sendButton")): Object: 'Object Repository/Page_PSTO webMessenger - Zalogowano/img_Leszek Kowalski_sendButton' is clicked on

2021-12-19 15:07:48 - [MESSAGE][PASSED] - Object: 'Object Repository/Page_PSTO webMessenger - Zalogowano/img_Leszek Kowalski_sendButton' is clicked on

2021-12-19 15:07:48 - [TEST_STEP][PASSED] - setText(findTestObject("Page_PSTO webMessenger - Zalogowano/input_Leszek Kowalski_messageInput"), "e"): Text 'e' is set on object 'Object Repository/Page_PSTO webMessenger - Zalogowano/input_Leszek Kowalski_messageInput'

2021-12-19 15:07:49 - [MESSAGE][PASSED] - Text 'e' is set on object 'Object Repository/Page_PSTO webMessenger - Zalogowano/input_Leszek Kowalski_messageInput'

2021-12-19 15:07:49 - [TEST_STEP][PASSED] - click(findTestObject("Page_PSTO webMessenger - Zalogowano/img_Leszek Kowalski_sendButton")): Object: 'Object Repository/Page_PSTO webMessenger - Zalogowano/img_Leszek Kowalski_sendButton' is clicked on

2021-12-19 15:07:49 - [MESSAGE][PASSED] - Object: 'Object Repository/Page_PSTO webMessenger - Zalogowano/img_Leszek Kowalski_sendButton' is clicked on

2021-12-19 15:07:49 - [TEST_STEP][PASSED] - setText(findTestObject("Page_PSTO webMessenger - Zalogowano/input_Leszek Kowalski_messageInput"), "e"): Text 'e' is set on object 'Object Repository/Page_PSTO webMessenger - Zalogowano/input_Leszek Kowalski_messageInput'

2021-12-19 15:07:50 - [MESSAGE][PASSED] - Text 'e' is set on object 'Object Repository/Page_PSTO webMessenger - Zalogowano/input_Leszek Kowalski_messageInput'

2021-12-19 15:07:50 - [TEST_STEP][PASSED] - click(findTestObject("Page_PSTO webMessenger - Zalogowano/img_Leszek Kowalski_sendButton")): Object: 'Object Repository/Page_PSTO webMessenger - Zalogowano/img_Leszek Kowalski_sendButton' is clicked on

2021-12-19 15:07:51 - [MESSAGE][PASSED] - Object: 'Object Repository/Page_PSTO webMessenger - Zalogowano/img_Leszek Kowalski_sendButton' is clicked on

2021-12-19 15:07:51 - [TEST_STEP][PASSED] - setText(findTestObject("Page_PSTO webMessenger - Zalogowano/input_Leszek Kowalski_messageInput"), "e"): Text 'e' is set on object 'Object Repository/Page_PSTO webMessenger - Zalogowano/input_Leszek Kowalski_messageInput'

2021-12-19 15:07:52 - [MESSAGE][PASSED] - Text 'e' is set on object 'Object Repository/Page_PSTO webMessenger - Zalogowano/input_Leszek Kowalski_messageInput'

2021-12-19 15:07:52 - [TEST_STEP][PASSED] - click(findTestObject("Page_PSTO webMessenger - Zalogowano/img_Leszek Kowalski_sendButton")): Object: 'Object Repository/Page_PSTO webMessenger - Zalogowano/img_Leszek Kowalski_sendButton' is clicked on

2021-12-19 15:07:52 - [MESSAGE][PASSED] - Object: 'Object Repository/Page_PSTO webMessenger - Zalogowano/img_Leszek Kowalski_sendButton' is clicked on

2021-12-19 15:07:52 - [TEST_STEP][PASSED] - setText(findTestObject("Page_PSTO webMessenger - Zalogowano/input_Leszek Kowalski_messageInput"), "e"): Text 'e' is set on object 'Object Repository/Page_PSTO webMessenger - Zalogowano/input_Leszek Kowalski_messageInput'

2021-12-19 15:07:53 - [MESSAGE][PASSED] - Text 'e' is set on object 'Object Repository/Page_PSTO webMessenger - Zalogowano/input_Leszek Kowalski_messageInput'

2021-12-19 15:07:53 - [TEST_STEP][PASSED] - click(findTestObject("Page_PSTO webMessenger - Zalogowano/img_Leszek Kowalski_sendButton")): Object: 'Object Repository/Page_PSTO webMessenger - Zalogowano/img_Leszek Kowalski_sendButton' is clicked on

2021-12-19 15:07:54 - [MESSAGE][PASSED] - Object: 'Object Repository/Page_PSTO webMessenger - Zalogowano/img_Leszek Kowalski_sendButton' is clicked on

2021-12-19 15:07:54 - [TEST_STEP][PASSED] - setText(findTestObject("Page_PSTO webMessenger - Zalogowano/input_Leszek Kowalski_messageInput"), "e"): Text 'e' is set on object 'Object Repository/Page_PSTO webMessenger - Zalogowano/input_Leszek Kowalski_messageInput'

2021-12-19 15:07:54 - [MESSAGE][PASSED] - Text 'e' is set on object 'Object Repository/Page_PSTO webMessenger - Zalogowano/input_Leszek Kowalski_messageInput'

2021-12-19 15:07:54 - [TEST_STEP][PASSED] - click(findTestObject("Page_PSTO webMessenger - Zalogowano/img_Leszek Kowalski_sendButton")): Object: 'Object Repository/Page_PSTO webMessenger - Zalogowano/img_Leszek Kowalski_sendButton' is clicked on

2021-12-19 15:07:55 - [MESSAGE][PASSED] - Object: 'Object Repository/Page_PSTO webMessenger - Zalogowano/img_Leszek Kowalski_sendButton' is clicked on

2021-12-19 15:07:55 - [TEST_STEP][PASSED] - setText(findTestObject("Page_PSTO webMessenger - Zalogowano/input_Leszek Kowalski_messageInput"), "e"): Text 'e' is set on object 'Object Repository/Page_PSTO webMessenger - Zalogowano/input_Leszek Kowalski_messageInput'

2021-12-19 15:07:56 - [MESSAGE][PASSED] - Text 'e' is set on object 'Object Repository/Page_PSTO webMessenger - Zalogowano/input_Leszek Kowalski_messageInput'

2021-12-19 15:07:56 - [TEST_STEP][PASSED] - click(findTestObject("Page_PSTO webMessenger - Zalogowano/img_Leszek Kowalski_sendButton")): Object: 'Object Repository/Page_PSTO webMessenger - Zalogowano/img_Leszek Kowalski_sendButton' is clicked on

2021-12-19 15:07:57 - [MESSAGE][PASSED] - Object: 'Object Repository/Page_PSTO webMessenger - Zalogowano/img_Leszek Kowalski_sendButton' is clicked on

2021-12-19 15:07:57 - [TEST_STEP][PASSED] - setText(findTestObject("Page_PSTO webMessenger - Zalogowano/input_Leszek Kowalski_messageInput"), "e"): Text 'e' is set on object 'Object Repository/Page_PSTO webMessenger - Zalogowano/input_Leszek Kowalski_messageInput'

2021-12-19 15:07:57 - [MESSAGE][PASSED] - Text 'e' is set on object 'Object Repository/Page_PSTO webMessenger - Zalogowano/input_Leszek Kowalski_messageInput'

2021-12-19 15:07:57 - [TEST_STEP][PASSED] - click(findTestObject("Page_PSTO webMessenger - Zalogowano/img_Leszek Kowalski_sendButton")): Object: 'Object Repository/Page_PSTO webMessenger - Zalogowano/img_Leszek Kowalski_sendButton' is clicked on

2021-12-19 15:07:58 - [MESSAGE][PASSED] - Object: 'Object Repository/Page_PSTO webMessenger - Zalogowano/img_Leszek Kowalski_sendButton' is clicked on

2021-12-19 15:07:58 - [TEST_STEP][PASSED] - setText(findTestObject("Page_PSTO webMessenger - Zalogowano/input_Leszek Kowalski_messageInput"), "e"): Text 'e' is set on object 'Object Repository/Page_PSTO webMessenger - Zalogowano/input_Leszek Kowalski_messageInput'

2021-12-19 15:07:59 - [MESSAGE][PASSED] - Text 'e' is set on object 'Object Repository/Page_PSTO webMessenger - Zalogowano/input_Leszek Kowalski_messageInput'

2021-12-19 15:07:59 - [TEST_STEP][PASSED] - click(findTestObject("Page_PSTO webMessenger - Zalogowano/img_Leszek Kowalski_sendButton")): Object: 'Object Repository/Page_PSTO webMessenger - Zalogowano/img_Leszek Kowalski_sendButton' is clicked on

2021-12-19 15:07:59 - [MESSAGE][PASSED] - Object: 'Object Repository/Page_PSTO webMessenger - Zalogowano/img_Leszek Kowalski_sendButton' is clicked on

2021-12-19 15:07:59 - [TEST_STEP][PASSED] - setText(findTestObject("Page_PSTO webMessenger - Zalogowano/input_Leszek Kowalski_messageInput"), "e"): Text 'e' is set on object 'Object Repository/Page_PSTO webMessenger - Zalogowano/input_Leszek Kowalski_messageInput'

2021-12-19 15:08:00 - [MESSAGE][PASSED] - Text 'e' is set on object 'Object Repository/Page_PSTO webMessenger - Zalogowano/input_Leszek Kowalski_messageInput'

2021-12-19 15:08:00 - [TEST_STEP][PASSED] - click(findTestObject("Page_PSTO webMessenger - Zalogowano/img_Leszek Kowalski_sendButton")): Object: 'Object Repository/Page_PSTO webMessenger - Zalogowano/img_Leszek Kowalski_sendButton' is clicked on

2021-12-19 15:08:01 - [MESSAGE][PASSED] - Object: 'Object Repository/Page_PSTO webMessenger - Zalogowano/img_Leszek Kowalski_sendButton' is clicked on

2021-12-19 15:08:01 - [TEST_STEP][PASSED] - setText(findTestObject("Page_PSTO webMessenger - Zalogowano/input_Leszek Kowalski_messageInput"), "e"): Text 'e' is set on object 'Object Repository/Page_PSTO webMessenger - Zalogowano/input_Leszek Kowalski_messageInput'

2021-12-19 15:08:02 - [MESSAGE][PASSED] - Text 'e' is set on object 'Object Repository/Page_PSTO webMessenger - Zalogowano/input_Leszek Kowalski_messageInput'

2021-12-19 15:08:02 - [TEST_STEP][PASSED] - click(findTestObject("Page_PSTO webMessenger - Zalogowano/img_Leszek Kowalski_sendButton")): Object: 'Object Repository/Page_PSTO webMessenger - Zalogowano/img_Leszek Kowalski_sendButton' is clicked on

2021-12-19 15:08:02 - [MESSAGE][PASSED] - Object: 'Object Repository/Page_PSTO webMessenger - Zalogowano/img_Leszek Kowalski_sendButton' is clicked on

2021-12-19 15:08:02 - [TEST_STEP][PASSED] - setText(findTestObject("Page_PSTO webMessenger - Zalogowano/input_Leszek Kowalski_messageInput"), "e"): Text 'e' is set on object 'Object Repository/Page_PSTO webMessenger - Zalogowano/input_Leszek Kowalski_messageInput'

2021-12-19 15:08:03 - [MESSAGE][PASSED] - Text 'e' is set on object 'Object Repository/Page_PSTO webMessenger - Zalogowano/input_Leszek Kowalski_messageInput'

2021-12-19 15:08:03 - [TEST_STEP][PASSED] - click(findTestObject("Page_PSTO webMessenger - Zalogowano/img_Leszek Kowalski_sendButton")): Object: 'Object Repository/Page_PSTO webMessenger - Zalogowano/img_Leszek Kowalski_sendButton' is clicked on

2021-12-19 15:08:04 - [MESSAGE][PASSED] - Object: 'Object Repository/Page_PSTO webMessenger - Zalogowano/img_Leszek Kowalski_sendButton' is clicked on

2021-12-19 15:08:04 - [TEST_STEP][PASSED] - setText(findTestObject("Page_PSTO webMessenger - Zalogowano/input_Leszek Kowalski_messageInput"), "e"): Text 'e' is set on object 'Object Repository/Page_PSTO webMessenger - Zalogowano/input_Leszek Kowalski_messageInput'

2021-12-19 15:08:04 - [MESSAGE][PASSED] - Text 'e' is set on object 'Object Repository/Page_PSTO webMessenger - Zalogowano/input_Leszek Kowalski_messageInput'

2021-12-19 15:08:04 - [TEST_STEP][PASSED] - click(findTestObject("Page_PSTO webMessenger - Zalogowano/img_Leszek Kowalski_sendButton")): Object: 'Object Repository/Page_PSTO webMessenger - Zalogowano/img_Leszek Kowalski_sendButton' is clicked on

2021-12-19 15:08:05 - [MESSAGE][PASSED] - Object: 'Object Repository/Page_PSTO webMessenger - Zalogowano/img_Leszek Kowalski_sendButton' is clicked on

2021-12-19 15:08:05 - [TEST_STEP][PASSED] - setText(findTestObject("Page_PSTO webMessenger - Zalogowano/input_Leszek Kowalski_messageInput"), "e"): Text 'e' is set on object 'Object Repository/Page_PSTO webMessenger - Zalogowano/input_Leszek Kowalski_messageInput'

2021-12-19 15:08:06 - [MESSAGE][PASSED] - Text 'e' is set on object 'Object Repository/Page_PSTO webMessenger - Zalogowano/input_Leszek Kowalski_messageInput'

2021-12-19 15:08:06 - [TEST_STEP][PASSED] - click(findTestObject("Page_PSTO webMessenger - Zalogowano/img_Leszek Kowalski_sendButton")): Object: 'Object Repository/Page_PSTO webMessenger - Zalogowano/img_Leszek Kowalski_sendButton' is clicked on

2021-12-19 15:08:07 - [MESSAGE][PASSED] - Object: 'Object Repository/Page_PSTO webMessenger - Zalogowano/img_Leszek Kowalski_sendButton' is clicked on

2021-12-19 15:08:07 - [TEST_STEP][PASSED] - setText(findTestObject("Page_PSTO webMessenger - Zalogowano/input_Leszek Kowalski_messageInput"), "e"): Text 'e' is set on object 'Object Repository/Page_PSTO webMessenger - Zalogowano/input_Leszek Kowalski_messageInput'

2021-12-19 15:08:07 - [MESSAGE][PASSED] - Text 'e' is set on object 'Object Repository/Page_PSTO webMessenger - Zalogowano/input_Leszek Kowalski_messageInput'

2021-12-19 15:08:07 - [TEST_STEP][PASSED] - click(findTestObject("Page_PSTO webMessenger - Zalogowano/img_Leszek Kowalski_sendButton")): Object: 'Object Repository/Page_PSTO webMessenger - Zalogowano/img_Leszek Kowalski_sendButton' is clicked on

2021-12-19 15:08:08 - [MESSAGE][PASSED] - Object: 'Object Repository/Page_PSTO webMessenger - Zalogowano/img_Leszek Kowalski_sendButton' is clicked on

2021-12-19 15:08:08 - [TEST_STEP][PASSED] - setText(findTestObject("Page_PSTO webMessenger - Zalogowano/input_Leszek Kowalski_messageInput"), "e"): Text 'e' is set on object 'Object Repository/Page_PSTO webMessenger - Zalogowano/input_Leszek Kowalski_messageInput'

2021-12-19 15:08:09 - [MESSAGE][PASSED] - Text 'e' is set on object 'Object Repository/Page_PSTO webMessenger - Zalogowano/input_Leszek Kowalski_messageInput'

2021-12-19 15:08:09 - [TEST_STEP][PASSED] - click(findTestObject("Page_PSTO webMessenger - Zalogowano/img_Leszek Kowalski_sendButton")): Object: 'Object Repository/Page_PSTO webMessenger - Zalogowano/img_Leszek Kowalski_sendButton' is clicked on

2021-12-19 15:08:09 - [MESSAGE][PASSED] - Object: 'Object Repository/Page_PSTO webMessenger - Zalogowano/img_Leszek Kowalski_sendButton' is clicked on

2021-12-19 15:08:09 - [TEST_STEP][PASSED] - setText(findTestObject("Page_PSTO webMessenger - Zalogowano/input_Leszek Kowalski_messageInput"), "e"): Text 'e' is set on object 'Object Repository/Page_PSTO webMessenger - Zalogowano/input_Leszek Kowalski_messageInput'

2021-12-19 15:08:10 - [MESSAGE][PASSED] - Text 'e' is set on object 'Object Repository/Page_PSTO webMessenger - Zalogowano/input_Leszek Kowalski_messageInput'

2021-12-19 15:08:10 - [TEST_STEP][PASSED] - click(findTestObject("Page_PSTO webMessenger - Zalogowano/img_Leszek Kowalski_sendButton")): Object: 'Object Repository/Page_PSTO webMessenger - Zalogowano/img_Leszek Kowalski_sendButton' is clicked on

2021-12-19 15:08:11 - [MESSAGE][PASSED] - Object: 'Object Repository/Page_PSTO webMessenger - Zalogowano/img_Leszek Kowalski_sendButton' is clicked on

2021-12-19 15:08:11 - [TEST_STEP][PASSED] - setText(findTestObject("Page_PSTO webMessenger - Zalogowano/input_Leszek Kowalski_messageInput"), "e"): Text 'e' is set on object 'Object Repository/Page_PSTO webMessenger - Zalogowano/input_Leszek Kowalski_messageInput'

2021-12-19 15:08:12 - [MESSAGE][PASSED] - Text 'e' is set on object 'Object Repository/Page_PSTO webMessenger - Zalogowano/input_Leszek Kowalski_messageInput'

2021-12-19 15:08:12 - [TEST_STEP][PASSED] - click(findTestObject("Page_PSTO webMessenger - Zalogowano/img_Leszek Kowalski_sendButton")): Object: 'Object Repository/Page_PSTO webMessenger - Zalogowano/img_Leszek Kowalski_sendButton' is clicked on

2021-12-19 15:08:12 - [MESSAGE][PASSED] - Object: 'Object Repository/Page_PSTO webMessenger - Zalogowano/img_Leszek Kowalski_sendButton' is clicked on

2021-12-19 15:08:12 - [TEST_STEP][PASSED] - setText(findTestObject("Page_PSTO webMessenger - Zalogowano/input_Leszek Kowalski_messageInput"), "e"): Text 'e' is set on object 'Object Repository/Page_PSTO webMessenger - Zalogowano/input_Leszek Kowalski_messageInput'

2021-12-19 15:08:13 - [MESSAGE][PASSED] - Text 'e' is set on object 'Object Repository/Page_PSTO webMessenger - Zalogowano/input_Leszek Kowalski_messageInput'

2021-12-19 15:08:13 - [TEST_STEP][PASSED] - click(findTestObject("Page_PSTO webMessenger - Zalogowano/img_Leszek Kowalski_sendButton")): Object: 'Object Repository/Page_PSTO webMessenger - Zalogowano/img_Leszek Kowalski_sendButton' is clicked on

2021-12-19 15:08:14 - [MESSAGE][PASSED] - Object: 'Object Repository/Page_PSTO webMessenger - Zalogowano/img_Leszek Kowalski_sendButton' is clicked on

2021-12-19 15:08:14 - [TEST_STEP][PASSED] - setText(findTestObject("Page_PSTO webMessenger - Zalogowano/input_Leszek Kowalski_messageInput"), "e"): Text 'e' is set on object 'Object Repository/Page_PSTO webMessenger - Zalogowano/input_Leszek Kowalski_messageInput'

2021-12-19 15:08:14 - [MESSAGE][PASSED] - Text 'e' is set on object 'Object Repository/Page_PSTO webMessenger - Zalogowano/input_Leszek Kowalski_messageInput'

2021-12-19 15:08:14 - [TEST_STEP][PASSED] - click(findTestObject("Page_PSTO webMessenger - Zalogowano/img_Leszek Kowalski_sendButton")): Object: 'Object Repository/Page_PSTO webMessenger - Zalogowano/img_Leszek Kowalski_sendButton' is clicked on

2021-12-19 15:08:15 - [MESSAGE][PASSED] - Object: 'Object Repository/Page_PSTO webMessenger - Zalogowano/img_Leszek Kowalski_sendButton' is clicked on

2021-12-19 15:08:15 - [TEST_STEP][PASSED] - setText(findTestObject("Page_PSTO webMessenger - Zalogowano/input_Leszek Kowalski_messageInput"), "e"): Text 'e' is set on object 'Object Repository/Page_PSTO webMessenger - Zalogowano/input_Leszek Kowalski_messageInput'

2021-12-19 15:08:16 - [MESSAGE][PASSED] - Text 'e' is set on object 'Object Repository/Page_PSTO webMessenger - Zalogowano/input_Leszek Kowalski_messageInput'

2021-12-19 15:08:16 - [TEST_STEP][PASSED] - click(findTestObject("Page_PSTO webMessenger - Zalogowano/img_Leszek Kowalski_sendButton")): Object: 'Object Repository/Page_PSTO webMessenger - Zalogowano/img_Leszek Kowalski_sendButton' is clicked on

2021-12-19 15:08:17 - [MESSAGE][PASSED] - Object: 'Object Repository/Page_PSTO webMessenger - Zalogowano/img_Leszek Kowalski_sendButton' is clicked on

2021-12-19 15:08:17 - [TEST_STEP][PASSED] - setText(findTestObject("Page_PSTO webMessenger - Zalogowano/input_Leszek Kowalski_messageInput"), "e"): Text 'e' is set on object 'Object Repository/Page_PSTO webMessenger - Zalogowano/input_Leszek Kowalski_messageInput'

2021-12-19 15:08:17 - [MESSAGE][PASSED] - Text 'e' is set on object 'Object Repository/Page_PSTO webMessenger - Zalogowano/input_Leszek Kowalski_messageInput'

2021-12-19 15:08:17 - [TEST_STEP][PASSED] - click(findTestObject("Page_PSTO webMessenger - Zalogowano/img_Leszek Kowalski_sendButton")): Object: 'Object Repository/Page_PSTO webMessenger - Zalogowano/img_Leszek Kowalski_sendButton' is clicked on

2021-12-19 15:08:18 - [MESSAGE][PASSED] - Object: 'Object Repository/Page_PSTO webMessenger - Zalogowano/img_Leszek Kowalski_sendButton' is clicked on

2021-12-19 15:08:18 - [TEST_STEP][PASSED] - setText(findTestObject("Page_PSTO webMessenger - Zalogowano/input_Leszek Kowalski_messageInput"), "e"): Text 'e' is set on object 'Object Repository/Page_PSTO webMessenger - Zalogowano/input_Leszek Kowalski_messageInput'

2021-12-19 15:08:19 - [MESSAGE][PASSED] - Text 'e' is set on object 'Object Repository/Page_PSTO webMessenger - Zalogowano/input_Leszek Kowalski_messageInput'

2021-12-19 15:08:19 - [TEST_STEP][PASSED] - click(findTestObject("Page_PSTO webMessenger - Zalogowano/img_Leszek Kowalski_sendButton")): Object: 'Object Repository/Page_PSTO webMessenger - Zalogowano/img_Leszek Kowalski_sendButton' is clicked on

2021-12-19 15:08:20 - [MESSAGE][PASSED] - Object: 'Object Repository/Page_PSTO webMessenger - Zalogowano/img_Leszek Kowalski_sendButton' is clicked on

2021-12-19 15:08:20 - [TEST_STEP][PASSED] - setText(findTestObject("Page_PSTO webMessenger - Zalogowano/input_Leszek Kowalski_messageInput"), "e"): Text 'e' is set on object 'Object Repository/Page_PSTO webMessenger - Zalogowano/input_Leszek Kowalski_messageInput'

2021-12-19 15:08:20 - [MESSAGE][PASSED] - Text 'e' is set on object 'Object Repository/Page_PSTO webMessenger - Zalogowano/input_Leszek Kowalski_messageInput'

2021-12-19 15:08:20 - [TEST_STEP][PASSED] - click(findTestObject("Page_PSTO webMessenger - Zalogowano/img_Leszek Kowalski_sendButton")): Object: 'Object Repository/Page_PSTO webMessenger - Zalogowano/img_Leszek Kowalski_sendButton' is clicked on

2021-12-19 15:08:21 - [MESSAGE][PASSED] - Object: 'Object Repository/Page_PSTO webMessenger - Zalogowano/img_Leszek Kowalski_sendButton' is clicked on

2021-12-19 15:08:21 - [TEST_STEP][PASSED] - setText(findTestObject("Page_PSTO webMessenger - Zalogowano/input_Leszek Kowalski_messageInput"), "e"): Text 'e' is set on object 'Object Repository/Page_PSTO webMessenger - Zalogowano/input_Leszek Kowalski_messageInput'

2021-12-19 15:08:22 - [MESSAGE][PASSED] - Text 'e' is set on object 'Object Repository/Page_PSTO webMessenger - Zalogowano/input_Leszek Kowalski_messageInput'

2021-12-19 15:08:22 - [TEST_STEP][PASSED] - click(findTestObject("Page_PSTO webMessenger - Zalogowano/img_Leszek Kowalski_sendButton")): Object: 'Object Repository/Page_PSTO webMessenger - Zalogowano/img_Leszek Kowalski_sendButton' is clicked on

2021-12-19 15:08:22 - [MESSAGE][PASSED] - Object: 'Object Repository/Page_PSTO webMessenger - Zalogowano/img_Leszek Kowalski_sendButton' is clicked on

2021-12-19 15:08:22 - [TEST_STEP][PASSED] - setText(findTestObject("Page_PSTO webMessenger - Zalogowano/input_Leszek Kowalski_messageInput"), "e"): Text 'e' is set on object 'Object Repository/Page_PSTO webMessenger - Zalogowano/input_Leszek Kowalski_messageInput'

2021-12-19 15:08:23 - [MESSAGE][PASSED] - Text 'e' is set on object 'Object Repository/Page_PSTO webMessenger - Zalogowano/input_Leszek Kowalski_messageInput'

2021-12-19 15:08:23 - [TEST_STEP][PASSED] - click(findTestObject("Page_PSTO webMessenger - Zalogowano/img_Leszek Kowalski_sendButton")): Object: 'Object Repository/Page_PSTO webMessenger - Zalogowano/img_Leszek Kowalski_sendButton' is clicked on

2021-12-19 15:08:24 - [MESSAGE][PASSED] - Object: 'Object Repository/Page_PSTO webMessenger - Zalogowano/img_Leszek Kowalski_sendButton' is clicked on

2021-12-19 15:08:24 - [TEST_STEP][PASSED] - setText(findTestObject("Page_PSTO webMessenger - Zalogowano/input_Leszek Kowalski_messageInput"), "e"): Text 'e' is set on object 'Object Repository/Page_PSTO webMessenger - Zalogowano/input_Leszek Kowalski_messageInput'

2021-12-19 15:08:24 - [MESSAGE][PASSED] - Text 'e' is set on object 'Object Repository/Page_PSTO webMessenger - Zalogowano/input_Leszek Kowalski_messageInput'

2021-12-19 15:08:24 - [TEST_STEP][PASSED] - click(findTestObject("Page_PSTO webMessenger - Zalogowano/img_Leszek Kowalski_sendButton")): Object: 'Object Repository/Page_PSTO webMessenger - Zalogowano/img_Leszek Kowalski_sendButton' is clicked on

2021-12-19 15:08:25 - [MESSAGE][PASSED] - Object: 'Object Repository/Page_PSTO webMessenger - Zalogowano/img_Leszek Kowalski_sendButton' is clicked on

2021-12-19 15:08:25 - [TEST_STEP][PASSED] - setText(findTestObject("Page_PSTO webMessenger - Zalogowano/input_Leszek Kowalski_messageInput"), "e"): Text 'e' is set on object 'Object Repository/Page_PSTO webMessenger - Zalogowano/input_Leszek Kowalski_messageInput'

2021-12-19 15:08:26 - [MESSAGE][PASSED] - Text 'e' is set on object 'Object Repository/Page_PSTO webMessenger - Zalogowano/input_Leszek Kowalski_messageInput'

2021-12-19 15:08:26 - [TEST_STEP][PASSED] - click(findTestObject("Page_PSTO webMessenger - Zalogowano/img_Leszek Kowalski_sendButton")): Object: 'Object Repository/Page_PSTO webMessenger - Zalogowano/img_Leszek Kowalski_sendButton' is clicked on

2021-12-19 15:08:27 - [MESSAGE][PASSED] - Object: 'Object Repository/Page_PSTO webMessenger - Zalogowano/img_Leszek Kowalski_sendButton' is clicked on

2021-12-19 15:08:27 - [TEST_STEP][PASSED] - setText(findTestObject("Page_PSTO webMessenger - Zalogowano/input_Leszek Kowalski_messageInput"), "e"): Text 'e' is set on object 'Object Repository/Page_PSTO webMessenger - Zalogowano/input_Leszek Kowalski_messageInput'

2021-12-19 15:08:27 - [MESSAGE][PASSED] - Text 'e' is set on object 'Object Repository/Page_PSTO webMessenger - Zalogowano/input_Leszek Kowalski_messageInput'

2021-12-19 15:08:27 - [TEST_STEP][PASSED] - click(findTestObject("Page_PSTO webMessenger - Zalogowano/img_Leszek Kowalski_sendButton")): Object: 'Object Repository/Page_PSTO webMessenger - Zalogowano/img_Leszek Kowalski_sendButton' is clicked on

2021-12-19 15:08:28 - [MESSAGE][PASSED] - Object: 'Object Repository/Page_PSTO webMessenger - Zalogowano/img_Leszek Kowalski_sendButton' is clicked on

2021-12-19 15:08:28 - [TEST_STEP][PASSED] - setText(findTestObject("Page_PSTO webMessenger - Zalogowano/input_Leszek Kowalski_messageInput"), "e"): Text 'e' is set on object 'Object Repository/Page_PSTO webMessenger - Zalogowano/input_Leszek Kowalski_messageInput'

2021-12-19 15:08:29 - [MESSAGE][PASSED] - Text 'e' is set on object 'Object Repository/Page_PSTO webMessenger - Zalogowano/input_Leszek Kowalski_messageInput'

2021-12-19 15:08:29 - [TEST_STEP][PASSED] - click(findTestObject("Page_PSTO webMessenger - Zalogowano/img_Leszek Kowalski_sendButton")): Object: 'Object Repository/Page_PSTO webMessenger - Zalogowano/img_Leszek Kowalski_sendButton' is clicked on

2021-12-19 15:08:29 - [MESSAGE][PASSED] - Object: 'Object Repository/Page_PSTO webMessenger - Zalogowano/img_Leszek Kowalski_sendButton' is clicked on

2021-12-19 15:08:29 - [TEST_STEP][PASSED] - setText(findTestObject("Page_PSTO webMessenger - Zalogowano/input_Leszek Kowalski_messageInput"), "e"): Text 'e' is set on object 'Object Repository/Page_PSTO webMessenger - Zalogowano/input_Leszek Kowalski_messageInput'

2021-12-19 15:08:30 - [MESSAGE][PASSED] - Text 'e' is set on object 'Object Repository/Page_PSTO webMessenger - Zalogowano/input_Leszek Kowalski_messageInput'

2021-12-19 15:08:30 - [TEST_STEP][PASSED] - click(findTestObject("Page_PSTO webMessenger - Zalogowano/img_Leszek Kowalski_sendButton")): Object: 'Object Repository/Page_PSTO webMessenger - Zalogowano/img_Leszek Kowalski_sendButton' is clicked on

2021-12-19 15:08:31 - [MESSAGE][PASSED] - Object: 'Object Repository/Page_PSTO webMessenger - Zalogowano/img_Leszek Kowalski_sendButton' is clicked on

2021-12-19 15:08:31 - [TEST_STEP][PASSED] - setText(findTestObject("Page_PSTO webMessenger - Zalogowano/input_Leszek Kowalski_messageInput"), "e"): Text 'e' is set on object 'Object Repository/Page_PSTO webMessenger - Zalogowano/input_Leszek Kowalski_messageInput'

2021-12-19 15:08:32 - [MESSAGE][PASSED] - Text 'e' is set on object 'Object Repository/Page_PSTO webMessenger - Zalogowano/input_Leszek Kowalski_messageInput'

2021-12-19 15:08:32 - [TEST_STEP][PASSED] - click(findTestObject("Page_PSTO webMessenger - Zalogowano/img_Leszek Kowalski_sendButton")): Object: 'Object Repository/Page_PSTO webMessenger - Zalogowano/img_Leszek Kowalski_sendButton' is clicked on

2021-12-19 15:08:32 - [MESSAGE][PASSED] - Object: 'Object Repository/Page_PSTO webMessenger - Zalogowano/img_Leszek Kowalski_sendButton' is clicked on

2021-12-19 15:08:32 - [TEST_STEP][PASSED] - setText(findTestObject("Page_PSTO webMessenger - Zalogowano/input_Leszek Kowalski_messageInput"), "e"): Text 'e' is set on object 'Object Repository/Page_PSTO webMessenger - Zalogowano/input_Leszek Kowalski_messageInput'

2021-12-19 15:08:33 - [MESSAGE][PASSED] - Text 'e' is set on object 'Object Repository/Page_PSTO webMessenger - Zalogowano/input_Leszek Kowalski_messageInput'

2021-12-19 15:08:33 - [TEST_STEP][PASSED] - click(findTestObject("Page_PSTO webMessenger - Zalogowano/img_Leszek Kowalski_sendButton")): Object: 'Object Repository/Page_PSTO webMessenger - Zalogowano/img_Leszek Kowalski_sendButton' is clicked on

2021-12-19 15:08:34 - [MESSAGE][PASSED] - Object: 'Object Repository/Page_PSTO webMessenger - Zalogowano/img_Leszek Kowalski_sendButton' is clicked on

2021-12-19 15:08:34 - [TEST_STEP][PASSED] - setText(findTestObject("Page_PSTO webMessenger - Zalogowano/input_Leszek Kowalski_messageInput"), "e"): Text 'e' is set on object 'Object Repository/Page_PSTO webMessenger - Zalogowano/input_Leszek Kowalski_messageInput'

2021-12-19 15:08:34 - [MESSAGE][PASSED] - Text 'e' is set on object 'Object Repository/Page_PSTO webMessenger - Zalogowano/input_Leszek Kowalski_messageInput'

2021-12-19 15:08:34 - [TEST_STEP][PASSED] - click(findTestObject("Page_PSTO webMessenger - Zalogowano/img_Leszek Kowalski_sendButton")): Object: 'Object Repository/Page_PSTO webMessenger - Zalogowano/img_Leszek Kowalski_sendButton' is clicked on

2021-12-19 15:08:35 - [MESSAGE][PASSED] - Object: 'Object Repository/Page_PSTO webMessenger - Zalogowano/img_Leszek Kowalski_sendButton' is clicked on

2021-12-19 15:08:35 - [TEST_STEP][PASSED] - setText(findTestObject("Page_PSTO webMessenger - Zalogowano/input_Leszek Kowalski_messageInput"), "e"): Text 'e' is set on object 'Object Repository/Page_PSTO webMessenger - Zalogowano/input_Leszek Kowalski_messageInput'

2021-12-19 15:08:36 - [MESSAGE][PASSED] - Text 'e' is set on object 'Object Repository/Page_PSTO webMessenger - Zalogowano/input_Leszek Kowalski_messageInput'

2021-12-19 15:08:36 - [TEST_STEP][PASSED] - click(findTestObject("Page_PSTO webMessenger - Zalogowano/img_Leszek Kowalski_sendButton")): Object: 'Object Repository/Page_PSTO webMessenger - Zalogowano/img_Leszek Kowalski_sendButton' is clicked on

2021-12-19 15:08:37 - [MESSAGE][PASSED] - Object: 'Object Repository/Page_PSTO webMessenger - Zalogowano/img_Leszek Kowalski_sendButton' is clicked on

2021-12-19 15:08:37 - [TEST_STEP][PASSED] - setText(findTestObject("Page_PSTO webMessenger - Zalogowano/input_Leszek Kowalski_messageInput"), "e"): Text 'e' is set on object 'Object Repository/Page_PSTO webMessenger - Zalogowano/input_Leszek Kowalski_messageInput'

2021-12-19 15:08:37 - [MESSAGE][PASSED] - Text 'e' is set on object 'Object Repository/Page_PSTO webMessenger - Zalogowano/input_Leszek Kowalski_messageInput'

2021-12-19 15:08:37 - [TEST_STEP][PASSED] - click(findTestObject("Page_PSTO webMessenger - Zalogowano/img_Leszek Kowalski_sendButton")): Object: 'Object Repository/Page_PSTO webMessenger - Zalogowano/img_Leszek Kowalski_sendButton' is clicked on

2021-12-19 15:08:38 - [MESSAGE][PASSED] - Object: 'Object Repository/Page_PSTO webMessenger - Zalogowano/img_Leszek Kowalski_sendButton' is clicked on

2021-12-19 15:08:38 - [TEST_STEP][PASSED] - setText(findTestObject("Page_PSTO webMessenger - Zalogowano/input_Leszek Kowalski_messageInput"), "e"): Text 'e' is set on object 'Object Repository/Page_PSTO webMessenger - Zalogowano/input_Leszek Kowalski_messageInput'

2021-12-19 15:08:39 - [MESSAGE][PASSED] - Text 'e' is set on object 'Object Repository/Page_PSTO webMessenger - Zalogowano/input_Leszek Kowalski_messageInput'

2021-12-19 15:08:39 - [TEST_STEP][PASSED] - click(findTestObject("Page_PSTO webMessenger - Zalogowano/img_Leszek Kowalski_sendButton")): Object: 'Object Repository/Page_PSTO webMessenger - Zalogowano/img_Leszek Kowalski_sendButton' is clicked on

2021-12-19 15:08:39 - [MESSAGE][PASSED] - Object: 'Object Repository/Page_PSTO webMessenger - Zalogowano/img_Leszek Kowalski_sendButton' is clicked on

2021-12-19 15:08:39 - [TEST_STEP][PASSED] - setText(findTestObject("Page_PSTO webMessenger - Zalogowano/input_Leszek Kowalski_messageInput"), "e"): Text 'e' is set on object 'Object Repository/Page_PSTO webMessenger - Zalogowano/input_Leszek Kowalski_messageInput'

2021-12-19 15:08:40 - [MESSAGE][PASSED] - Text 'e' is set on object 'Object Repository/Page_PSTO webMessenger - Zalogowano/input_Leszek Kowalski_messageInput'

2021-12-19 15:08:40 - [TEST_STEP][PASSED] - click(findTestObject("Page_PSTO webMessenger - Zalogowano/img_Leszek Kowalski_sendButton")): Object: 'Object Repository/Page_PSTO webMessenger - Zalogowano/img_Leszek Kowalski_sendButton' is clicked on

2021-12-19 15:08:41 - [MESSAGE][PASSED] - Object: 'Object Repository/Page_PSTO webMessenger - Zalogowano/img_Leszek Kowalski_sendButton' is clicked on

2021-12-19 15:08:41 - [TEST_STEP][PASSED] - setText(findTestObject("Page_PSTO webMessenger - Zalogowano/input_Leszek Kowalski_messageInput"), "e"): Text 'e' is set on object 'Object Repository/Page_PSTO webMessenger - Zalogowano/input_Leszek Kowalski_messageInput'

2021-12-19 15:08:42 - [MESSAGE][PASSED] - Text 'e' is set on object 'Object Repository/Page_PSTO webMessenger - Zalogowano/input_Leszek Kowalski_messageInput'

2021-12-19 15:08:42 - [TEST_STEP][PASSED] - click(findTestObject("Page_PSTO webMessenger - Zalogowano/img_Leszek Kowalski_sendButton")): Object: 'Object Repository/Page_PSTO webMessenger - Zalogowano/img_Leszek Kowalski_sendButton' is clicked on

2021-12-19 15:08:42 - [MESSAGE][PASSED] - Object: 'Object Repository/Page_PSTO webMessenger - Zalogowano/img_Leszek Kowalski_sendButton' is clicked on

2021-12-19 15:08:42 - [TEST_STEP][PASSED] - setText(findTestObject("Page_PSTO webMessenger - Zalogowano/input_Leszek Kowalski_messageInput"), "e"): Text 'e' is set on object 'Object Repository/Page_PSTO webMessenger - Zalogowano/input_Leszek Kowalski_messageInput'

2021-12-19 15:08:43 - [MESSAGE][PASSED] - Text 'e' is set on object 'Object Repository/Page_PSTO webMessenger - Zalogowano/input_Leszek Kowalski_messageInput'

2021-12-19 15:08:43 - [TEST_STEP][PASSED] - click(findTestObject("Page_PSTO webMessenger - Zalogowano/img_Leszek Kowalski_sendButton")): Object: 'Object Repository/Page_PSTO webMessenger - Zalogowano/img_Leszek Kowalski_sendButton' is clicked on

2021-12-19 15:08:44 - [MESSAGE][PASSED] - Object: 'Object Repository/Page_PSTO webMessenger - Zalogowano/img_Leszek Kowalski_sendButton' is clicked on

2021-12-19 15:08:44 - [TEST_STEP][PASSED] - setText(findTestObject("Page_PSTO webMessenger - Zalogowano/input_Leszek Kowalski_messageInput"), "e"): Text 'e' is set on object 'Object Repository/Page_PSTO webMessenger - Zalogowano/input_Leszek Kowalski_messageInput'

2021-12-19 15:08:44 - [MESSAGE][PASSED] - Text 'e' is set on object 'Object Repository/Page_PSTO webMessenger - Zalogowano/input_Leszek Kowalski_messageInput'

2021-12-19 15:08:44 - [TEST_STEP][PASSED] - click(findTestObject("Page_PSTO webMessenger - Zalogowano/img_Leszek Kowalski_sendButton")): Object: 'Object Repository/Page_PSTO webMessenger - Zalogowano/img_Leszek Kowalski_sendButton' is clicked on

2021-12-19 15:08:45 - [MESSAGE][PASSED] - Object: 'Object Repository/Page_PSTO webMessenger - Zalogowano/img_Leszek Kowalski_sendButton' is clicked on

2021-12-19 15:08:45 - [TEST_STEP][PASSED] - setText(findTestObject("Page_PSTO webMessenger - Zalogowano/input_Leszek Kowalski_messageInput"), "e"): Text 'e' is set on object 'Object Repository/Page_PSTO webMessenger - Zalogowano/input_Leszek Kowalski_messageInput'

2021-12-19 15:08:46 - [MESSAGE][PASSED] - Text 'e' is set on object 'Object Repository/Page_PSTO webMessenger - Zalogowano/input_Leszek Kowalski_messageInput'

2021-12-19 15:08:46 - [TEST_STEP][PASSED] - click(findTestObject("Page_PSTO webMessenger - Zalogowano/img_Leszek Kowalski_sendButton")): Object: 'Object Repository/Page_PSTO webMessenger - Zalogowano/img_Leszek Kowalski_sendButton' is clicked on

2021-12-19 15:08:47 - [MESSAGE][PASSED] - Object: 'Object Repository/Page_PSTO webMessenger - Zalogowano/img_Leszek Kowalski_sendButton' is clicked on

2021-12-19 15:08:47 - [TEST_STEP][PASSED] - setText(findTestObject("Page_PSTO webMessenger - Zalogowano/input_Leszek Kowalski_messageInput"), "e"): Text 'e' is set on object 'Object Repository/Page_PSTO webMessenger - Zalogowano/input_Leszek Kowalski_messageInput'

2021-12-19 15:08:47 - [MESSAGE][PASSED] - Text 'e' is set on object 'Object Repository/Page_PSTO webMessenger - Zalogowano/input_Leszek Kowalski_messageInput'

2021-12-19 15:08:47 - [TEST_STEP][PASSED] - click(findTestObject("Page_PSTO webMessenger - Zalogowano/img_Leszek Kowalski_sendButton")): Object: 'Object Repository/Page_PSTO webMessenger - Zalogowano/img_Leszek Kowalski_sendButton' is clicked on

2021-12-19 15:08:48 - [MESSAGE][PASSED] - Object: 'Object Repository/Page_PSTO webMessenger - Zalogowano/img_Leszek Kowalski_sendButton' is clicked on

2021-12-19 15:08:48 - [TEST_STEP][PASSED] - setText(findTestObject("Page_PSTO webMessenger - Zalogowano/input_Leszek Kowalski_messageInput"), "e"): Text 'e' is set on object 'Object Repository/Page_PSTO webMessenger - Zalogowano/input_Leszek Kowalski_messageInput'

2021-12-19 15:08:49 - [MESSAGE][PASSED] - Text 'e' is set on object 'Object Repository/Page_PSTO webMessenger - Zalogowano/input_Leszek Kowalski_messageInput'

2021-12-19 15:08:49 - [TEST_STEP][PASSED] - click(findTestObject("Page_PSTO webMessenger - Zalogowano/img_Leszek Kowalski_sendButton")): Object: 'Object Repository/Page_PSTO webMessenger - Zalogowano/img_Leszek Kowalski_sendButton' is clicked on

2021-12-19 15:08:49 - [MESSAGE][PASSED] - Object: 'Object Repository/Page_PSTO webMessenger - Zalogowano/img_Leszek Kowalski_sendButton' is clicked on

2021-12-19 15:08:49 - [TEST_STEP][PASSED] - setText(findTestObject("Page_PSTO webMessenger - Zalogowano/input_Leszek Kowalski_messageInput"), "e"): Text 'e' is set on object 'Object Repository/Page_PSTO webMessenger - Zalogowano/input_Leszek Kowalski_messageInput'

2021-12-19 15:08:50 - [MESSAGE][PASSED] - Text 'e' is set on object 'Object Repository/Page_PSTO webMessenger - Zalogowano/input_Leszek Kowalski_messageInput'

2021-12-19 15:08:50 - [TEST_STEP][PASSED] - click(findTestObject("Page_PSTO webMessenger - Zalogowano/img_Leszek Kowalski_sendButton")): Object: 'Object Repository/Page_PSTO webMessenger - Zalogowano/img_Leszek Kowalski_sendButton' is clicked on

2021-12-19 15:08:51 - [MESSAGE][PASSED] - Object: 'Object Repository/Page_PSTO webMessenger - Zalogowano/img_Leszek Kowalski_sendButton' is clicked on

2021-12-19 15:08:51 - [TEST_STEP][PASSED] - setText(findTestObject("Page_PSTO webMessenger - Zalogowano/input_Leszek Kowalski_messageInput"), "e"): Text 'e' is set on object 'Object Repository/Page_PSTO webMessenger - Zalogowano/input_Leszek Kowalski_messageInput'

2021-12-19 15:08:52 - [MESSAGE][PASSED] - Text 'e' is set on object 'Object Repository/Page_PSTO webMessenger - Zalogowano/input_Leszek Kowalski_messageInput'

2021-12-19 15:08:52 - [TEST_STEP][PASSED] - click(findTestObject("Page_PSTO webMessenger - Zalogowano/img_Leszek Kowalski_sendButton")): Object: 'Object Repository/Page_PSTO webMessenger - Zalogowano/img_Leszek Kowalski_sendButton' is clicked on

2021-12-19 15:08:52 - [MESSAGE][PASSED] - Object: 'Object Repository/Page_PSTO webMessenger - Zalogowano/img_Leszek Kowalski_sendButton' is clicked on

2021-12-19 15:08:52 - [TEST_STEP][PASSED] - setText(findTestObject("Page_PSTO webMessenger - Zalogowano/input_Leszek Kowalski_messageInput"), "e"): Text 'e' is set on object 'Object Repository/Page_PSTO webMessenger - Zalogowano/input_Leszek Kowalski_messageInput'

2021-12-19 15:08:53 - [MESSAGE][PASSED] - Text 'e' is set on object 'Object Repository/Page_PSTO webMessenger - Zalogowano/input_Leszek Kowalski_messageInput'

2021-12-19 15:08:53 - [TEST_STEP][PASSED] - click(findTestObject("Page_PSTO webMessenger - Zalogowano/img_Leszek Kowalski_sendButton")): Object: 'Object Repository/Page_PSTO webMessenger - Zalogowano/img_Leszek Kowalski_sendButton' is clicked on

2021-12-19 15:08:54 - [MESSAGE][PASSED] - Object: 'Object Repository/Page_PSTO webMessenger - Zalogowano/img_Leszek Kowalski_sendButton' is clicked on

2021-12-19 15:08:54 - [TEST_STEP][PASSED] - setText(findTestObject("Page_PSTO webMessenger - Zalogowano/input_Leszek Kowalski_messageInput"), "e"): Text 'e' is set on object 'Object Repository/Page_PSTO webMessenger - Zalogowano/input_Leszek Kowalski_messageInput'

2021-12-19 15:08:55 - [MESSAGE][PASSED] - Text 'e' is set on object 'Object Repository/Page_PSTO webMessenger - Zalogowano/input_Leszek Kowalski_messageInput'

2021-12-19 15:08:55 - [TEST_STEP][PASSED] - click(findTestObject("Page_PSTO webMessenger - Zalogowano/img_Leszek Kowalski_sendButton")): Object: 'Object Repository/Page_PSTO webMessenger - Zalogowano/img_Leszek Kowalski_sendButton' is clicked on

2021-12-19 15:08:55 - [MESSAGE][PASSED] - Object: 'Object Repository/Page_PSTO webMessenger - Zalogowano/img_Leszek Kowalski_sendButton' is clicked on

2021-12-19 15:08:55 - [TEST_STEP][PASSED] - setText(findTestObject("Page_PSTO webMessenger - Zalogowano/input_Leszek Kowalski_messageInput"), "e"): Text 'e' is set on object 'Object Repository/Page_PSTO webMessenger - Zalogowano/input_Leszek Kowalski_messageInput'

2021-12-19 15:08:56 - [MESSAGE][PASSED] - Text 'e' is set on object 'Object Repository/Page_PSTO webMessenger - Zalogowano/input_Leszek Kowalski_messageInput'

2021-12-19 15:08:56 - [TEST_STEP][PASSED] - click(findTestObject("Page_PSTO webMessenger - Zalogowano/img_Leszek Kowalski_sendButton")): Object: 'Object Repository/Page_PSTO webMessenger - Zalogowano/img_Leszek Kowalski_sendButton' is clicked on

2021-12-19 15:08:57 - [MESSAGE][PASSED] - Object: 'Object Repository/Page_PSTO webMessenger - Zalogowano/img_Leszek Kowalski_sendButton' is clicked on

2021-12-19 15:08:57 - [TEST_STEP][PASSED] - setText(findTestObject("Page_PSTO webMessenger - Zalogowano/input_Leszek Kowalski_messageInput"), "e"): Text 'e' is set on object 'Object Repository/Page_PSTO webMessenger - Zalogowano/input_Leszek Kowalski_messageInput'

2021-12-19 15:08:57 - [MESSAGE][PASSED] - Text 'e' is set on object 'Object Repository/Page_PSTO webMessenger - Zalogowano/input_Leszek Kowalski_messageInput'

2021-12-19 15:08:57 - [TEST_STEP][PASSED] - click(findTestObject("Page_PSTO webMessenger - Zalogowano/img_Leszek Kowalski_sendButton")): Object: 'Object Repository/Page_PSTO webMessenger - Zalogowano/img_Leszek Kowalski_sendButton' is clicked on

2021-12-19 15:08:58 - [MESSAGE][PASSED] - Object: 'Object Repository/Page_PSTO webMessenger - Zalogowano/img_Leszek Kowalski_sendButton' is clicked on

2021-12-19 15:08:58 - [TEST_STEP][PASSED] - setText(findTestObject("Page_PSTO webMessenger - Zalogowano/input_Leszek Kowalski_messageInput"), "e"): Text 'e' is set on object 'Object Repository/Page_PSTO webMessenger - Zalogowano/input_Leszek Kowalski_messageInput'

2021-12-19 15:08:59 - [MESSAGE][PASSED] - Text 'e' is set on object 'Object Repository/Page_PSTO webMessenger - Zalogowano/input_Leszek Kowalski_messageInput'

2021-12-19 15:08:59 - [TEST_STEP][PASSED] - click(findTestObject("Page_PSTO webMessenger - Zalogowano/img_Leszek Kowalski_sendButton")): Object: 'Object Repository/Page_PSTO webMessenger - Zalogowano/img_Leszek Kowalski_sendButton' is clicked on

2021-12-19 15:08:59 - [MESSAGE][PASSED] - Object: 'Object Repository/Page_PSTO webMessenger - Zalogowano/img_Leszek Kowalski_sendButton' is clicked on

2021-12-19 15:08:59 - [TEST_STEP][PASSED] - setText(findTestObject("Page_PSTO webMessenger - Zalogowano/input_Leszek Kowalski_messageInput"), "e"): Text 'e' is set on object 'Object Repository/Page_PSTO webMessenger - Zalogowano/input_Leszek Kowalski_messageInput'

2021-12-19 15:09:00 - [MESSAGE][PASSED] - Text 'e' is set on object 'Object Repository/Page_PSTO webMessenger - Zalogowano/input_Leszek Kowalski_messageInput'

2021-12-19 15:09:00 - [TEST_STEP][PASSED] - click(findTestObject("Page_PSTO webMessenger - Zalogowano/img_Leszek Kowalski_sendButton")): Object: 'Object Repository/Page_PSTO webMessenger - Zalogowano/img_Leszek Kowalski_sendButton' is clicked on

2021-12-19 15:09:01 - [MESSAGE][PASSED] - Object: 'Object Repository/Page_PSTO webMessenger - Zalogowano/img_Leszek Kowalski_sendButton' is clicked on

2021-12-19 15:09:01 - [TEST_STEP][PASSED] - setText(findTestObject("Page_PSTO webMessenger - Zalogowano/input_Leszek Kowalski_messageInput"), "e"): Text 'e' is set on object 'Object Repository/Page_PSTO webMessenger - Zalogowano/input_Leszek Kowalski_messageInput'

2021-12-19 15:09:02 - [MESSAGE][PASSED] - Text 'e' is set on object 'Object Repository/Page_PSTO webMessenger - Zalogowano/input_Leszek Kowalski_messageInput'

2021-12-19 15:09:02 - [TEST_STEP][PASSED] - click(findTestObject("Page_PSTO webMessenger - Zalogowano/img_Leszek Kowalski_sendButton")): Object: 'Object Repository/Page_PSTO webMessenger - Zalogowano/img_Leszek Kowalski_sendButton' is clicked on

2021-12-19 15:09:02 - [MESSAGE][PASSED] - Object: 'Object Repository/Page_PSTO webMessenger - Zalogowano/img_Leszek Kowalski_sendButton' is clicked on

2021-12-19 15:09:02 - [TEST_STEP][PASSED] - setText(findTestObject("Page_PSTO webMessenger - Zalogowano/input_Leszek Kowalski_messageInput"), "e"): Text 'e' is set on object 'Object Repository/Page_PSTO webMessenger - Zalogowano/input_Leszek Kowalski_messageInput'

2021-12-19 15:09:03 - [MESSAGE][PASSED] - Text 'e' is set on object 'Object Repository/Page_PSTO webMessenger - Zalogowano/input_Leszek Kowalski_messageInput'

2021-12-19 15:09:03 - [TEST_STEP][PASSED] - click(findTestObject("Page_PSTO webMessenger - Zalogowano/img_Leszek Kowalski_sendButton")): Object: 'Object Repository/Page_PSTO webMessenger - Zalogowano/img_Leszek Kowalski_sendButton' is clicked on

2021-12-19 15:09:04 - [MESSAGE][PASSED] - Object: 'Object Repository/Page_PSTO webMessenger - Zalogowano/img_Leszek Kowalski_sendButton' is clicked on

2021-12-19 15:09:04 - [TEST_STEP][PASSED] - setText(findTestObject("Page_PSTO webMessenger - Zalogowano/input_Leszek Kowalski_messageInput"), "e"): Text 'e' is set on object 'Object Repository/Page_PSTO webMessenger - Zalogowano/input_Leszek Kowalski_messageInput'

2021-12-19 15:09:04 - [MESSAGE][PASSED] - Text 'e' is set on object 'Object Repository/Page_PSTO webMessenger - Zalogowano/input_Leszek Kowalski_messageInput'

2021-12-19 15:09:04 - [TEST_STEP][PASSED] - click(findTestObject("Page_PSTO webMessenger - Zalogowano/img_Leszek Kowalski_sendButton")): Object: 'Object Repository/Page_PSTO webMessenger - Zalogowano/img_Leszek Kowalski_sendButton' is clicked on

2021-12-19 15:09:05 - [MESSAGE][PASSED] - Object: 'Object Repository/Page_PSTO webMessenger - Zalogowano/img_Leszek Kowalski_sendButton' is clicked on

2021-12-19 15:09:05 - [TEST_STEP][PASSED] - setText(findTestObject("Page_PSTO webMessenger - Zalogowano/input_Leszek Kowalski_messageInput"), "e"): Text 'e' is set on object 'Object Repository/Page_PSTO webMessenger - Zalogowano/input_Leszek Kowalski_messageInput'

2021-12-19 15:09:06 - [MESSAGE][PASSED] - Text 'e' is set on object 'Object Repository/Page_PSTO webMessenger - Zalogowano/input_Leszek Kowalski_messageInput'

2021-12-19 15:09:06 - [TEST_STEP][PASSED] - click(findTestObject("Page_PSTO webMessenger - Zalogowano/img_Leszek Kowalski_sendButton")): Object: 'Object Repository/Page_PSTO webMessenger - Zalogowano/img_Leszek Kowalski_sendButton' is clicked on

2021-12-19 15:09:07 - [MESSAGE][PASSED] - Object: 'Object Repository/Page_PSTO webMessenger - Zalogowano/img_Leszek Kowalski_sendButton' is clicked on

2021-12-19 15:09:07 - [TEST_STEP][PASSED] - setText(findTestObject("Page_PSTO webMessenger - Zalogowano/input_Leszek Kowalski_messageInput"), "e"): Text 'e' is set on object 'Object Repository/Page_PSTO webMessenger - Zalogowano/input_Leszek Kowalski_messageInput'

2021-12-19 15:09:07 - [MESSAGE][PASSED] - Text 'e' is set on object 'Object Repository/Page_PSTO webMessenger - Zalogowano/input_Leszek Kowalski_messageInput'

2021-12-19 15:09:07 - [TEST_STEP][PASSED] - click(findTestObject("Page_PSTO webMessenger - Zalogowano/img_Leszek Kowalski_sendButton")): Object: 'Object Repository/Page_PSTO webMessenger - Zalogowano/img_Leszek Kowalski_sendButton' is clicked on

2021-12-19 15:09:08 - [MESSAGE][PASSED] - Object: 'Object Repository/Page_PSTO webMessenger - Zalogowano/img_Leszek Kowalski_sendButton' is clicked on

2021-12-19 15:09:08 - [TEST_STEP][PASSED] - setText(findTestObject("Page_PSTO webMessenger - Zalogowano/input_Leszek Kowalski_messageInput"), "e"): Text 'e' is set on object 'Object Repository/Page_PSTO webMessenger - Zalogowano/input_Leszek Kowalski_messageInput'

2021-12-19 15:09:09 - [MESSAGE][PASSED] - Text 'e' is set on object 'Object Repository/Page_PSTO webMessenger - Zalogowano/input_Leszek Kowalski_messageInput'

2021-12-19 15:09:09 - [TEST_STEP][PASSED] - click(findTestObject("Page_PSTO webMessenger - Zalogowano/img_Leszek Kowalski_sendButton")): Object: 'Object Repository/Page_PSTO webMessenger - Zalogowano/img_Leszek Kowalski_sendButton' is clicked on

2021-12-19 15:09:09 - [MESSAGE][PASSED] - Object: 'Object Repository/Page_PSTO webMessenger - Zalogowano/img_Leszek Kowalski_sendButton' is clicked on

2021-12-19 15:09:09 - [TEST_STEP][PASSED] - setText(findTestObject("Page_PSTO webMessenger - Zalogowano/input_Leszek Kowalski_messageInput"), "e"): Text 'e' is set on object 'Object Repository/Page_PSTO webMessenger - Zalogowano/input_Leszek Kowalski_messageInput'

2021-12-19 15:09:10 - [MESSAGE][PASSED] - Text 'e' is set on object 'Object Repository/Page_PSTO webMessenger - Zalogowano/input_Leszek Kowalski_messageInput'

2021-12-19 15:09:10 - [TEST_STEP][PASSED] - click(findTestObject("Page_PSTO webMessenger - Zalogowano/img_Leszek Kowalski_sendButton")): Object: 'Object Repository/Page_PSTO webMessenger - Zalogowano/img_Leszek Kowalski_sendButton' is clicked on

2021-12-19 15:09:11 - [MESSAGE][PASSED] - Object: 'Object Repository/Page_PSTO webMessenger - Zalogowano/img_Leszek Kowalski_sendButton' is clicked on

2021-12-19 15:09:11 - [TEST_STEP][PASSED] - setText(findTestObject("Page_PSTO webMessenger - Zalogowano/input_Leszek Kowalski_messageInput"), "e"): Text 'e' is set on object 'Object Repository/Page_PSTO webMessenger - Zalogowano/input_Leszek Kowalski_messageInput'

2021-12-19 15:09:12 - [MESSAGE][PASSED] - Text 'e' is set on object 'Object Repository/Page_PSTO webMessenger - Zalogowano/input_Leszek Kowalski_messageInput'

2021-12-19 15:09:12 - [TEST_STEP][PASSED] - click(findTestObject("Page_PSTO webMessenger - Zalogowano/img_Leszek Kowalski_sendButton")): Object: 'Object Repository/Page_PSTO webMessenger - Zalogowano/img_Leszek Kowalski_sendButton' is clicked on

2021-12-19 15:09:12 - [MESSAGE][PASSED] - Object: 'Object Repository/Page_PSTO webMessenger - Zalogowano/img_Leszek Kowalski_sendButton' is clicked on

2021-12-19 15:09:12 - [TEST_STEP][PASSED] - setText(findTestObject("Page_PSTO webMessenger - Zalogowano/input_Leszek Kowalski_messageInput"), "e"): Text 'e' is set on object 'Object Repository/Page_PSTO webMessenger - Zalogowano/input_Leszek Kowalski_messageInput'

2021-12-19 15:09:13 - [MESSAGE][PASSED] - Text 'e' is set on object 'Object Repository/Page_PSTO webMessenger - Zalogowano/input_Leszek Kowalski_messageInput'

2021-12-19 15:09:13 - [TEST_STEP][PASSED] - click(findTestObject("Page_PSTO webMessenger - Zalogowano/img_Leszek Kowalski_sendButton")): Object: 'Object Repository/Page_PSTO webMessenger - Zalogowano/img_Leszek Kowalski_sendButton' is clicked on

2021-12-19 15:09:14 - [MESSAGE][PASSED] - Object: 'Object Repository/Page_PSTO webMessenger - Zalogowano/img_Leszek Kowalski_sendButton' is clicked on

2021-12-19 15:09:14 - [TEST_STEP][PASSED] - setText(findTestObject("Page_PSTO webMessenger - Zalogowano/input_Leszek Kowalski_messageInput"), "e"): Text 'e' is set on object 'Object Repository/Page_PSTO webMessenger - Zalogowano/input_Leszek Kowalski_messageInput'

2021-12-19 15:09:14 - [MESSAGE][PASSED] - Text 'e' is set on object 'Object Repository/Page_PSTO webMessenger - Zalogowano/input_Leszek Kowalski_messageInput'

2021-12-19 15:09:14 - [TEST_STEP][PASSED] - click(findTestObject("Page_PSTO webMessenger - Zalogowano/img_Leszek Kowalski_sendButton")): Object: 'Object Repository/Page_PSTO webMessenger - Zalogowano/img_Leszek Kowalski_sendButton' is clicked on

2021-12-19 15:09:15 - [MESSAGE][PASSED] - Object: 'Object Repository/Page_PSTO webMessenger - Zalogowano/img_Leszek Kowalski_sendButton' is clicked on

2021-12-19 15:09:15 - [TEST_STEP][PASSED] - setText(findTestObject("Page_PSTO webMessenger - Zalogowano/input_Leszek Kowalski_messageInput"), "e"): Text 'e' is set on object 'Object Repository/Page_PSTO webMessenger - Zalogowano/input_Leszek Kowalski_messageInput'

2021-12-19 15:09:16 - [MESSAGE][PASSED] - Text 'e' is set on object 'Object Repository/Page_PSTO webMessenger - Zalogowano/input_Leszek Kowalski_messageInput'

2021-12-19 15:09:16 - [TEST_STEP][PASSED] - click(findTestObject("Page_PSTO webMessenger - Zalogowano/img_Leszek Kowalski_sendButton")): Object: 'Object Repository/Page_PSTO webMessenger - Zalogowano/img_Leszek Kowalski_sendButton' is clicked on

2021-12-19 15:09:17 - [MESSAGE][PASSED] - Object: 'Object Repository/Page_PSTO webMessenger - Zalogowano/img_Leszek Kowalski_sendButton' is clicked on

2021-12-19 15:09:17 - [TEST_STEP][PASSED] - setText(findTestObject("Page_PSTO webMessenger - Zalogowano/input_Leszek Kowalski_messageInput"), "e"): Text 'e' is set on object 'Object Repository/Page_PSTO webMessenger - Zalogowano/input_Leszek Kowalski_messageInput'

2021-12-19 15:09:17 - [MESSAGE][PASSED] - Text 'e' is set on object 'Object Repository/Page_PSTO webMessenger - Zalogowano/input_Leszek Kowalski_messageInput'

2021-12-19 15:09:17 - [TEST_STEP][PASSED] - click(findTestObject("Page_PSTO webMessenger - Zalogowano/img_Leszek Kowalski_sendButton")): Object: 'Object Repository/Page_PSTO webMessenger - Zalogowano/img_Leszek Kowalski_sendButton' is clicked on

2021-12-19 15:09:18 - [MESSAGE][PASSED] - Object: 'Object Repository/Page_PSTO webMessenger - Zalogowano/img_Leszek Kowalski_sendButton' is clicked on

2021-12-19 15:09:18 - [TEST_STEP][PASSED] - setText(findTestObject("Page_PSTO webMessenger - Zalogowano/input_Leszek Kowalski_messageInput"), "e"): Text 'e' is set on object 'Object Repository/Page_PSTO webMessenger - Zalogowano/input_Leszek Kowalski_messageInput'

2021-12-19 15:09:19 - [MESSAGE][PASSED] - Text 'e' is set on object 'Object Repository/Page_PSTO webMessenger - Zalogowano/input_Leszek Kowalski_messageInput'

2021-12-19 15:09:19 - [TEST_STEP][PASSED] - click(findTestObject("Page_PSTO webMessenger - Zalogowano/img_Leszek Kowalski_sendButton")): Object: 'Object Repository/Page_PSTO webMessenger - Zalogowano/img_Leszek Kowalski_sendButton' is clicked on

2021-12-19 15:09:19 - [MESSAGE][PASSED] - Object: 'Object Repository/Page_PSTO webMessenger - Zalogowano/img_Leszek Kowalski_sendButton' is clicked on

2021-12-19 15:09:19 - [TEST_STEP][PASSED] - setText(findTestObject("Page_PSTO webMessenger - Zalogowano/input_Leszek Kowalski_messageInput"), "e"): Text 'e' is set on object 'Object Repository/Page_PSTO webMessenger - Zalogowano/input_Leszek Kowalski_messageInput'

2021-12-19 15:09:20 - [MESSAGE][PASSED] - Text 'e' is set on object 'Object Repository/Page_PSTO webMessenger - Zalogowano/input_Leszek Kowalski_messageInput'

2021-12-19 15:09:20 - [TEST_STEP][PASSED] - click(findTestObject("Page_PSTO webMessenger - Zalogowano/img_Leszek Kowalski_sendButton")): Object: 'Object Repository/Page_PSTO webMessenger - Zalogowano/img_Leszek Kowalski_sendButton' is clicked on

2021-12-19 15:09:21 - [MESSAGE][PASSED] - Object: 'Object Repository/Page_PSTO webMessenger - Zalogowano/img_Leszek Kowalski_sendButton' is clicked on

2021-12-19 15:09:21 - [TEST_STEP][PASSED] - setText(findTestObject("Page_PSTO webMessenger - Zalogowano/input_Leszek Kowalski_messageInput"), "e"): Text 'e' is set on object 'Object Repository/Page_PSTO webMessenger - Zalogowano/input_Leszek Kowalski_messageInput'

2021-12-19 15:09:22 - [MESSAGE][PASSED] - Text 'e' is set on object 'Object Repository/Page_PSTO webMessenger - Zalogowano/input_Leszek Kowalski_messageInput'

2021-12-19 15:09:22 - [TEST_STEP][PASSED] - click(findTestObject("Page_PSTO webMessenger - Zalogowano/img_Leszek Kowalski_sendButton")): Object: 'Object Repository/Page_PSTO webMessenger - Zalogowano/img_Leszek Kowalski_sendButton' is clicked on

2021-12-19 15:09:23 - [MESSAGE][PASSED] - Object: 'Object Repository/Page_PSTO webMessenger - Zalogowano/img_Leszek Kowalski_sendButton' is clicked on

2021-12-19 15:09:23 - [TEST_STEP][PASSED] - setText(findTestObject("Page_PSTO webMessenger - Zalogowano/input_Leszek Kowalski_messageInput"), "e"): Text 'e' is set on object 'Object Repository/Page_PSTO webMessenger - Zalogowano/input_Leszek Kowalski_messageInput'

2021-12-19 15:09:24 - [MESSAGE][PASSED] - Text 'e' is set on object 'Object Repository/Page_PSTO webMessenger - Zalogowano/input_Leszek Kowalski_messageInput'

2021-12-19 15:09:24 - [TEST_STEP][PASSED] - click(findTestObject("Page_PSTO webMessenger - Zalogowano/img_Leszek Kowalski_sendButton")): Object: 'Object Repository/Page_PSTO webMessenger - Zalogowano/img_Leszek Kowalski_sendButton' is clicked on

2021-12-19 15:09:24 - [MESSAGE][PASSED] - Object: 'Object Repository/Page_PSTO webMessenger - Zalogowano/img_Leszek Kowalski_sendButton' is clicked on

2021-12-19 15:09:24 - [TEST_STEP][PASSED] - setText(findTestObject("Page_PSTO webMessenger - Zalogowano/input_Leszek Kowalski_messageInput"), "e"): Text 'e' is set on object 'Object Repository/Page_PSTO webMessenger - Zalogowano/input_Leszek Kowalski_messageInput'

2021-12-19 15:09:25 - [MESSAGE][PASSED] - Text 'e' is set on object 'Object Repository/Page_PSTO webMessenger - Zalogowano/input_Leszek Kowalski_messageInput'

2021-12-19 15:09:25 - [TEST_STEP][PASSED] - click(findTestObject("Page_PSTO webMessenger - Zalogowano/img_Leszek Kowalski_sendButton")): Object: 'Object Repository/Page_PSTO webMessenger - Zalogowano/img_Leszek Kowalski_sendButton' is clicked on

2021-12-19 15:09:26 - [MESSAGE][PASSED] - Object: 'Object Repository/Page_PSTO webMessenger - Zalogowano/img_Leszek Kowalski_sendButton' is clicked on

2021-12-19 15:09:26 - [TEST_STEP][PASSED] - setText(findTestObject("Page_PSTO webMessenger - Zalogowano/input_Leszek Kowalski_messageInput"), "e"): Text 'e' is set on object 'Object Repository/Page_PSTO webMessenger - Zalogowano/input_Leszek Kowalski_messageInput'

2021-12-19 15:09:27 - [MESSAGE][PASSED] - Text 'e' is set on object 'Object Repository/Page_PSTO webMessenger - Zalogowano/input_Leszek Kowalski_messageInput'

2021-12-19 15:09:27 - [TEST_STEP][PASSED] - click(findTestObject("Page_PSTO webMessenger - Zalogowano/img_Leszek Kowalski_sendButton")): Object: 'Object Repository/Page_PSTO webMessenger - Zalogowano/img_Leszek Kowalski_sendButton' is clicked on

2021-12-19 15:09:28 - [MESSAGE][PASSED] - Object: 'Object Repository/Page_PSTO webMessenger - Zalogowano/img_Leszek Kowalski_sendButton' is clicked on

2021-12-19 15:09:28 - [TEST_STEP][PASSED] - setText(findTestObject("Page_PSTO webMessenger - Zalogowano/input_Leszek Kowalski_messageInput"), "e"): Text 'e' is set on object 'Object Repository/Page_PSTO webMessenger - Zalogowano/input_Leszek Kowalski_messageInput'

2021-12-19 15:09:29 - [MESSAGE][PASSED] - Text 'e' is set on object 'Object Repository/Page_PSTO webMessenger - Zalogowano/input_Leszek Kowalski_messageInput'

2021-12-19 15:09:29 - [TEST_STEP][PASSED] - click(findTestObject("Page_PSTO webMessenger - Zalogowano/img_Leszek Kowalski_sendButton")): Object: 'Object Repository/Page_PSTO webMessenger - Zalogowano/img_Leszek Kowalski_sendButton' is clicked on

2021-12-19 15:09:30 - [MESSAGE][PASSED] - Object: 'Object Repository/Page_PSTO webMessenger - Zalogowano/img_Leszek Kowalski_sendButton' is clicked on

2021-12-19 15:09:30 - [TEST_STEP][PASSED] - setText(findTestObject("Page_PSTO webMessenger - Zalogowano/input_Leszek Kowalski_messageInput"), "e"): Text 'e' is set on object 'Object Repository/Page_PSTO webMessenger - Zalogowano/input_Leszek Kowalski_messageInput'

2021-12-19 15:09:30 - [MESSAGE][PASSED] - Text 'e' is set on object 'Object Repository/Page_PSTO webMessenger - Zalogowano/input_Leszek Kowalski_messageInput'

2021-12-19 15:09:30 - [TEST_STEP][PASSED] - click(findTestObject("Page_PSTO webMessenger - Zalogowano/img_Leszek Kowalski_sendButton")): Object: 'Object Repository/Page_PSTO webMessenger - Zalogowano/img_Leszek Kowalski_sendButton' is clicked on

2021-12-19 15:09:31 - [MESSAGE][PASSED] - Object: 'Object Repository/Page_PSTO webMessenger - Zalogowano/img_Leszek Kowalski_sendButton' is clicked on

2021-12-19 15:09:31 - [TEST_STEP][PASSED] - setText(findTestObject("Page_PSTO webMessenger - Zalogowano/input_Leszek Kowalski_messageInput"), "e"): Text 'e' is set on object 'Object Repository/Page_PSTO webMessenger - Zalogowano/input_Leszek Kowalski_messageInput'

2021-12-19 15:09:33 - [MESSAGE][PASSED] - Text 'e' is set on object 'Object Repository/Page_PSTO webMessenger - Zalogowano/input_Leszek Kowalski_messageInput'

2021-12-19 15:09:33 - [TEST_STEP][PASSED] - click(findTestObject("Page_PSTO webMessenger - Zalogowano/img_Leszek Kowalski_sendButton")): Object: 'Object Repository/Page_PSTO webMessenger - Zalogowano/img_Leszek Kowalski_sendButton' is clicked on

2021-12-19 15:09:33 - [MESSAGE][PASSED] - Object: 'Object Repository/Page_PSTO webMessenger - Zalogowano/img_Leszek Kowalski_sendButton' is clicked on

2021-12-19 15:09:33 - [TEST_STEP][PASSED] - setText(findTestObject("Page_PSTO webMessenger - Zalogowano/input_Leszek Kowalski_messageInput"), "e"): Text 'e' is set on object 'Object Repository/Page_PSTO webMessenger - Zalogowano/input_Leszek Kowalski_messageInput'

2021-12-19 15:09:34 - [MESSAGE][PASSED] - Text 'e' is set on object 'Object Repository/Page_PSTO webMessenger - Zalogowano/input_Leszek Kowalski_messageInput'

2021-12-19 15:09:34 - [TEST_STEP][PASSED] - click(findTestObject("Page_PSTO webMessenger - Zalogowano/img_Leszek Kowalski_sendButton")): Object: 'Object Repository/Page_PSTO webMessenger - Zalogowano/img_Leszek Kowalski_sendButton' is clicked on

2021-12-19 15:09:35 - [MESSAGE][PASSED] - Object: 'Object Repository/Page_PSTO webMessenger - Zalogowano/img_Leszek Kowalski_sendButton' is clicked on

2021-12-19 15:09:35 - [TEST_STEP][PASSED] - setText(findTestObject("Page_PSTO webMessenger - Zalogowano/input_Leszek Kowalski_messageInput"), "e"): Text 'e' is set on object 'Object Repository/Page_PSTO webMessenger - Zalogowano/input_Leszek Kowalski_messageInput'

2021-12-19 15:09:35 - [MESSAGE][PASSED] - Text 'e' is set on object 'Object Repository/Page_PSTO webMessenger - Zalogowano/input_Leszek Kowalski_messageInput'

2021-12-19 15:09:35 - [TEST_STEP][PASSED] - click(findTestObject("Page_PSTO webMessenger - Zalogowano/img_Leszek Kowalski_sendButton")): Object: 'Object Repository/Page_PSTO webMessenger - Zalogowano/img_Leszek Kowalski_sendButton' is clicked on

2021-12-19 15:09:36 - [MESSAGE][PASSED] - Object: 'Object Repository/Page_PSTO webMessenger - Zalogowano/img_Leszek Kowalski_sendButton' is clicked on

2021-12-19 15:09:36 - [TEST_STEP][PASSED] - setText(findTestObject("Page_PSTO webMessenger - Zalogowano/input_Leszek Kowalski_messageInput"), "e"): Text 'e' is set on object 'Object Repository/Page_PSTO webMessenger - Zalogowano/input_Leszek Kowalski_messageInput'

2021-12-19 15:09:38 - [MESSAGE][PASSED] - Text 'e' is set on object 'Object Repository/Page_PSTO webMessenger - Zalogowano/input_Leszek Kowalski_messageInput'

2021-12-19 15:09:38 - [TEST_STEP][PASSED] - click(findTestObject("Page_PSTO webMessenger - Zalogowano/img_Leszek Kowalski_sendButton")): Object: 'Object Repository/Page_PSTO webMessenger - Zalogowano/img_Leszek Kowalski_sendButton' is clicked on

2021-12-19 15:09:38 - [MESSAGE][PASSED] - Object: 'Object Repository/Page_PSTO webMessenger - Zalogowano/img_Leszek Kowalski_sendButton' is clicked on

2021-12-19 15:09:38 - [TEST_STEP][PASSED] - setText(findTestObject("Page_PSTO webMessenger - Zalogowano/input_Leszek Kowalski_messageInput"), "e"): Text 'e' is set on object 'Object Repository/Page_PSTO webMessenger - Zalogowano/input_Leszek Kowalski_messageInput'

2021-12-19 15:09:39 - [MESSAGE][PASSED] - Text 'e' is set on object 'Object Repository/Page_PSTO webMessenger - Zalogowano/input_Leszek Kowalski_messageInput'

2021-12-19 15:09:39 - [TEST_STEP][PASSED] - click(findTestObject("Page_PSTO webMessenger - Zalogowano/img_Leszek Kowalski_sendButton")): Object: 'Object Repository/Page_PSTO webMessenger - Zalogowano/img_Leszek Kowalski_sendButton' is clicked on

2021-12-19 15:09:40 - [MESSAGE][PASSED] - Object: 'Object Repository/Page_PSTO webMessenger - Zalogowano/img_Leszek Kowalski_sendButton' is clicked on

2021-12-19 15:09:40 - [TEST_STEP][PASSED] - setText(findTestObject("Page_PSTO webMessenger - Zalogowano/input_Leszek Kowalski_messageInput"), "e"): Text 'e' is set on object 'Object Repository/Page_PSTO webMessenger - Zalogowano/input_Leszek Kowalski_messageInput'

2021-12-19 15:09:40 - [MESSAGE][PASSED] - Text 'e' is set on object 'Object Repository/Page_PSTO webMessenger - Zalogowano/input_Leszek Kowalski_messageInput'

2021-12-19 15:09:40 - [TEST_STEP][PASSED] - click(findTestObject("Page_PSTO webMessenger - Zalogowano/img_Leszek Kowalski_sendButton")): Object: 'Object Repository/Page_PSTO webMessenger - Zalogowano/img_Leszek Kowalski_sendButton' is clicked on

2021-12-19 15:09:41 - [MESSAGE][PASSED] - Object: 'Object Repository/Page_PSTO webMessenger - Zalogowano/img_Leszek Kowalski_sendButton' is clicked on

2021-12-19 15:09:41 - [TEST_STEP][PASSED] - setText(findTestObject("Page_PSTO webMessenger - Zalogowano/input_Leszek Kowalski_messageInput"), "e"): Text 'e' is set on object 'Object Repository/Page_PSTO webMessenger - Zalogowano/input_Leszek Kowalski_messageInput'

2021-12-19 15:09:43 - [MESSAGE][PASSED] - Text 'e' is set on object 'Object Repository/Page_PSTO webMessenger - Zalogowano/input_Leszek Kowalski_messageInput'

2021-12-19 15:09:43 - [TEST_STEP][PASSED] - click(findTestObject("Page_PSTO webMessenger - Zalogowano/img_Leszek Kowalski_sendButton")): Object: 'Object Repository/Page_PSTO webMessenger - Zalogowano/img_Leszek Kowalski_sendButton' is clicked on

2021-12-19 15:09:43 - [MESSAGE][PASSED] - Object: 'Object Repository/Page_PSTO webMessenger - Zalogowano/img_Leszek Kowalski_sendButton' is clicked on

2021-12-19 15:09:43 - [TEST_STEP][PASSED] - setText(findTestObject("Page_PSTO webMessenger - Zalogowano/input_Leszek Kowalski_messageInput"), "e"): Text 'e' is set on object 'Object Repository/Page_PSTO webMessenger - Zalogowano/input_Leszek Kowalski_messageInput'

2021-12-19 15:09:44 - [MESSAGE][PASSED] - Text 'e' is set on object 'Object Repository/Page_PSTO webMessenger - Zalogowano/input_Leszek Kowalski_messageInput'

2021-12-19 15:09:44 - [TEST_STEP][PASSED] - click(findTestObject("Page_PSTO webMessenger - Zalogowano/img_Leszek Kowalski_sendButton")): Object: 'Object Repository/Page_PSTO webMessenger - Zalogowano/img_Leszek Kowalski_sendButton' is clicked on

2021-12-19 15:09:45 - [MESSAGE][PASSED] - Object: 'Object Repository/Page_PSTO webMessenger - Zalogowano/img_Leszek Kowalski_sendButton' is clicked on

2021-12-19 15:09:45 - [TEST_STEP][PASSED] - setText(findTestObject("Page_PSTO webMessenger - Zalogowano/input_Leszek Kowalski_messageInput"), "e"): Text 'e' is set on object 'Object Repository/Page_PSTO webMessenger - Zalogowano/input_Leszek Kowalski_messageInput'

2021-12-19 15:09:45 - [MESSAGE][PASSED] - Text 'e' is set on object 'Object Repository/Page_PSTO webMessenger - Zalogowano/input_Leszek Kowalski_messageInput'

2021-12-19 15:09:45 - [TEST_STEP][PASSED] - click(findTestObject("Page_PSTO webMessenger - Zalogowano/img_Leszek Kowalski_sendButton")): Object: 'Object Repository/Page_PSTO webMessenger - Zalogowano/img_Leszek Kowalski_sendButton' is clicked on

2021-12-19 15:09:46 - [MESSAGE][PASSED] - Object: 'Object Repository/Page_PSTO webMessenger - Zalogowano/img_Leszek Kowalski_sendButton' is clicked on

2021-12-19 15:09:46 - [TEST_STEP][PASSED] - setText(findTestObject("Page_PSTO webMessenger - Zalogowano/input_Leszek Kowalski_messageInput"), "e"): Text 'e' is set on object 'Object Repository/Page_PSTO webMessenger - Zalogowano/input_Leszek Kowalski_messageInput'

2021-12-19 15:09:47 - [MESSAGE][PASSED] - Text 'e' is set on object 'Object Repository/Page_PSTO webMessenger - Zalogowano/input_Leszek Kowalski_messageInput'

2021-12-19 15:09:47 - [TEST_STEP][PASSED] - click(findTestObject("Page_PSTO webMessenger - Zalogowano/img_Leszek Kowalski_sendButton")): Object: 'Object Repository/Page_PSTO webMessenger - Zalogowano/img_Leszek Kowalski_sendButton' is clicked on

2021-12-19 15:09:48 - [MESSAGE][PASSED] - Object: 'Object Repository/Page_PSTO webMessenger - Zalogowano/img_Leszek Kowalski_sendButton' is clicked on

2021-12-19 15:09:48 - [TEST_STEP][PASSED] - setText(findTestObject("Page_PSTO webMessenger - Zalogowano/input_Leszek Kowalski_messageInput"), "e"): Text 'e' is set on object 'Object Repository/Page_PSTO webMessenger - Zalogowano/input_Leszek Kowalski_messageInput'

2021-12-19 15:09:49 - [MESSAGE][PASSED] - Text 'e' is set on object 'Object Repository/Page_PSTO webMessenger - Zalogowano/input_Leszek Kowalski_messageInput'

2021-12-19 15:09:49 - [TEST_STEP][PASSED] - click(findTestObject("Page_PSTO webMessenger - Zalogowano/img_Leszek Kowalski_sendButton")): Object: 'Object Repository/Page_PSTO webMessenger - Zalogowano/img_Leszek Kowalski_sendButton' is clicked on

2021-12-19 15:09:49 - [MESSAGE][PASSED] - Object: 'Object Repository/Page_PSTO webMessenger - Zalogowano/img_Leszek Kowalski_sendButton' is clicked on

2021-12-19 15:09:49 - [TEST_STEP][PASSED] - setText(findTestObject("Page_PSTO webMessenger - Zalogowano/input_Leszek Kowalski_messageInput"), "e"): Text 'e' is set on object 'Object Repository/Page_PSTO webMessenger - Zalogowano/input_Leszek Kowalski_messageInput'

2021-12-19 15:09:50 - [MESSAGE][PASSED] - Text 'e' is set on object 'Object Repository/Page_PSTO webMessenger - Zalogowano/input_Leszek Kowalski_messageInput'

2021-12-19 15:09:50 - [TEST_STEP][PASSED] - click(findTestObject("Page_PSTO webMessenger - Zalogowano/img_Leszek Kowalski_sendButton")): Object: 'Object Repository/Page_PSTO webMessenger - Zalogowano/img_Leszek Kowalski_sendButton' is clicked on

2021-12-19 15:09:51 - [MESSAGE][PASSED] - Object: 'Object Repository/Page_PSTO webMessenger - Zalogowano/img_Leszek Kowalski_sendButton' is clicked on

2021-12-19 15:09:51 - [TEST_STEP][PASSED] - setText(findTestObject("Page_PSTO webMessenger - Zalogowano/input_Leszek Kowalski_messageInput"), "e"): Text 'e' is set on object 'Object Repository/Page_PSTO webMessenger - Zalogowano/input_Leszek Kowalski_messageInput'

2021-12-19 15:09:53 - [MESSAGE][PASSED] - Text 'e' is set on object 'Object Repository/Page_PSTO webMessenger - Zalogowano/input_Leszek Kowalski_messageInput'

2021-12-19 15:09:53 - [TEST_STEP][PASSED] - click(findTestObject("Page_PSTO webMessenger - Zalogowano/img_Leszek Kowalski_sendButton")): Object: 'Object Repository/Page_PSTO webMessenger - Zalogowano/img_Leszek Kowalski_sendButton' is clicked on

2021-12-19 15:09:53 - [MESSAGE][PASSED] - Object: 'Object Repository/Page_PSTO webMessenger - Zalogowano/img_Leszek Kowalski_sendButton' is clicked on

2021-12-19 15:09:53 - [TEST_STEP][PASSED] - setText(findTestObject("Page_PSTO webMessenger - Zalogowano/input_Leszek Kowalski_messageInput"), "e"): Text 'e' is set on object 'Object Repository/Page_PSTO webMessenger - Zalogowano/input_Leszek Kowalski_messageInput'

2021-12-19 15:09:54 - [MESSAGE][PASSED] - Text 'e' is set on object 'Object Repository/Page_PSTO webMessenger - Zalogowano/input_Leszek Kowalski_messageInput'

2021-12-19 15:09:54 - [TEST_STEP][PASSED] - click(findTestObject("Page_PSTO webMessenger - Zalogowano/img_Leszek Kowalski_sendButton")): Object: 'Object Repository/Page_PSTO webMessenger - Zalogowano/img_Leszek Kowalski_sendButton' is clicked on

2021-12-19 15:09:54 - [MESSAGE][PASSED] - Object: 'Object Repository/Page_PSTO webMessenger - Zalogowano/img_Leszek Kowalski_sendButton' is clicked on

2021-12-19 15:09:54 - [TEST_STEP][PASSED] - setText(findTestObject("Page_PSTO webMessenger - Zalogowano/input_Leszek Kowalski_messageInput"), "e"): Text 'e' is set on object 'Object Repository/Page_PSTO webMessenger - Zalogowano/input_Leszek Kowalski_messageInput'

2021-12-19 15:09:55 - [MESSAGE][PASSED] - Text 'e' is set on object 'Object Repository/Page_PSTO webMessenger - Zalogowano/input_Leszek Kowalski_messageInput'

2021-12-19 15:09:55 - [TEST_STEP][PASSED] - click(findTestObject("Page_PSTO webMessenger - Zalogowano/img_Leszek Kowalski_sendButton")): Object: 'Object Repository/Page_PSTO webMessenger - Zalogowano/img_Leszek Kowalski_sendButton' is clicked on

2021-12-19 15:09:56 - [MESSAGE][PASSED] - Object: 'Object Repository/Page_PSTO webMessenger - Zalogowano/img_Leszek Kowalski_sendButton' is clicked on

2021-12-19 15:09:56 - [TEST_STEP][PASSED] - setText(findTestObject("Page_PSTO webMessenger - Zalogowano/input_Leszek Kowalski_messageInput"), "e"): Text 'e' is set on object 'Object Repository/Page_PSTO webMessenger - Zalogowano/input_Leszek Kowalski_messageInput'

2021-12-19 15:09:58 - [MESSAGE][PASSED] - Text 'e' is set on object 'Object Repository/Page_PSTO webMessenger - Zalogowano/input_Leszek Kowalski_messageInput'

2021-12-19 15:09:58 - [TEST_STEP][PASSED] - click(findTestObject("Page_PSTO webMessenger - Zalogowano/img_Leszek Kowalski_sendButton")): Object: 'Object Repository/Page_PSTO webMessenger - Zalogowano/img_Leszek Kowalski_sendButton' is clicked on

2021-12-19 15:09:58 - [MESSAGE][PASSED] - Object: 'Object Repository/Page_PSTO webMessenger - Zalogowano/img_Leszek Kowalski_sendButton' is clicked on

2021-12-19 15:09:58 - [TEST_STEP][PASSED] - setText(findTestObject("Page_PSTO webMessenger - Zalogowano/input_Leszek Kowalski_messageInput"), "e"): Text 'e' is set on object 'Object Repository/Page_PSTO webMessenger - Zalogowano/input_Leszek Kowalski_messageInput'

2021-12-19 15:09:59 - [MESSAGE][PASSED] - Text 'e' is set on object 'Object Repository/Page_PSTO webMessenger - Zalogowano/input_Leszek Kowalski_messageInput'

2021-12-19 15:09:59 - [TEST_STEP][PASSED] - click(findTestObject("Page_PSTO webMessenger - Zalogowano/img_Leszek Kowalski_sendButton")): Object: 'Object Repository/Page_PSTO webMessenger - Zalogowano/img_Leszek Kowalski_sendButton' is clicked on

2021-12-19 15:10:00 - [MESSAGE][PASSED] - Object: 'Object Repository/Page_PSTO webMessenger - Zalogowano/img_Leszek Kowalski_sendButton' is clicked on

2021-12-19 15:10:00 - [TEST_STEP][PASSED] - setText(findTestObject("Page_PSTO webMessenger - Zalogowano/input_Leszek Kowalski_messageInput"), "e"): Text 'e' is set on object 'Object Repository/Page_PSTO webMessenger - Zalogowano/input_Leszek Kowalski_messageInput'

2021-12-19 15:10:00 - [MESSAGE][PASSED] - Text 'e' is set on object 'Object Repository/Page_PSTO webMessenger - Zalogowano/input_Leszek Kowalski_messageInput'

2021-12-19 15:10:00 - [TEST_STEP][PASSED] - click(findTestObject("Page_PSTO webMessenger - Zalogowano/img_Leszek Kowalski_sendButton")): Object: 'Object Repository/Page_PSTO webMessenger - Zalogowano/img_Leszek Kowalski_sendButton' is clicked on

2021-12-19 15:10:01 - [MESSAGE][PASSED] - Object: 'Object Repository/Page_PSTO webMessenger - Zalogowano/img_Leszek Kowalski_sendButton' is clicked on

2021-12-19 15:10:01 - [TEST_STEP][PASSED] - setText(findTestObject("Page_PSTO webMessenger - Zalogowano/input_Leszek Kowalski_messageInput"), "e"): Text 'e' is set on object 'Object Repository/Page_PSTO webMessenger - Zalogowano/input_Leszek Kowalski_messageInput'

2021-12-19 15:10:03 - [MESSAGE][PASSED] - Text 'e' is set on object 'Object Repository/Page_PSTO webMessenger - Zalogowano/input_Leszek Kowalski_messageInput'

2021-12-19 15:10:03 - [TEST_STEP][PASSED] - click(findTestObject("Page_PSTO webMessenger - Zalogowano/img_Leszek Kowalski_sendButton")): Object: 'Object Repository/Page_PSTO webMessenger - Zalogowano/img_Leszek Kowalski_sendButton' is clicked on

2021-12-19 15:10:03 - [MESSAGE][PASSED] - Object: 'Object Repository/Page_PSTO webMessenger - Zalogowano/img_Leszek Kowalski_sendButton' is clicked on

2021-12-19 15:10:03 - [TEST_STEP][PASSED] - setText(findTestObject("Page_PSTO webMessenger - Zalogowano/input_Leszek Kowalski_messageInput"), "e"): Text 'e' is set on object 'Object Repository/Page_PSTO webMessenger - Zalogowano/input_Leszek Kowalski_messageInput'

2021-12-19 15:10:04 - [MESSAGE][PASSED] - Text 'e' is set on object 'Object Repository/Page_PSTO webMessenger - Zalogowano/input_Leszek Kowalski_messageInput'

2021-12-19 15:10:04 - [TEST_STEP][PASSED] - click(findTestObject("Page_PSTO webMessenger - Zalogowano/img_Leszek Kowalski_sendButton")): Object: 'Object Repository/Page_PSTO webMessenger - Zalogowano/img_Leszek Kowalski_sendButton' is clicked on

2021-12-19 15:10:05 - [MESSAGE][PASSED] - Object: 'Object Repository/Page_PSTO webMessenger - Zalogowano/img_Leszek Kowalski_sendButton' is clicked on

2021-12-19 15:10:05 - [TEST_STEP][PASSED] - setText(findTestObject("Page_PSTO webMessenger - Zalogowano/input_Leszek Kowalski_messageInput"), "e"): Text 'e' is set on object 'Object Repository/Page_PSTO webMessenger - Zalogowano/input_Leszek Kowalski_messageInput'

2021-12-19 15:10:05 - [MESSAGE][PASSED] - Text 'e' is set on object 'Object Repository/Page_PSTO webMessenger - Zalogowano/input_Leszek Kowalski_messageInput'

2021-12-19 15:10:05 - [TEST_STEP][PASSED] - click(findTestObject("Page_PSTO webMessenger - Zalogowano/img_Leszek Kowalski_sendButton")): Object: 'Object Repository/Page_PSTO webMessenger - Zalogowano/img_Leszek Kowalski_sendButton' is clicked on

2021-12-19 15:10:06 - [MESSAGE][PASSED] - Object: 'Object Repository/Page_PSTO webMessenger - Zalogowano/img_Leszek Kowalski_sendButton' is clicked on

2021-12-19 15:10:06 - [TEST_STEP][PASSED] - setText(findTestObject("Page_PSTO webMessenger - Zalogowano/input_Leszek Kowalski_messageInput"), "e"): Text 'e' is set on object 'Object Repository/Page_PSTO webMessenger - Zalogowano/input_Leszek Kowalski_messageInput'

2021-12-19 15:10:08 - [MESSAGE][PASSED] - Text 'e' is set on object 'Object Repository/Page_PSTO webMessenger - Zalogowano/input_Leszek Kowalski_messageInput'

2021-12-19 15:10:08 - [TEST_STEP][PASSED] - click(findTestObject("Page_PSTO webMessenger - Zalogowano/img_Leszek Kowalski_sendButton")): Object: 'Object Repository/Page_PSTO webMessenger - Zalogowano/img_Leszek Kowalski_sendButton' is clicked on

2021-12-19 15:10:08 - [MESSAGE][PASSED] - Object: 'Object Repository/Page_PSTO webMessenger - Zalogowano/img_Leszek Kowalski_sendButton' is clicked on

2021-12-19 15:10:08 - [TEST_STEP][PASSED] - setText(findTestObject("Page_PSTO webMessenger - Zalogowano/input_Leszek Kowalski_messageInput"), "e"): Text 'e' is set on object 'Object Repository/Page_PSTO webMessenger - Zalogowano/input_Leszek Kowalski_messageInput'

2021-12-19 15:10:09 - [MESSAGE][PASSED] - Text 'e' is set on object 'Object Repository/Page_PSTO webMessenger - Zalogowano/input_Leszek Kowalski_messageInput'

2021-12-19 15:10:09 - [TEST_STEP][PASSED] - click(findTestObject("Page_PSTO webMessenger - Zalogowano/img_Leszek Kowalski_sendButton")): Object: 'Object Repository/Page_PSTO webMessenger - Zalogowano/img_Leszek Kowalski_sendButton' is clicked on

2021-12-19 15:10:10 - [MESSAGE][PASSED] - Object: 'Object Repository/Page_PSTO webMessenger - Zalogowano/img_Leszek Kowalski_sendButton' is clicked on

2021-12-19 15:10:10 - [TEST_STEP][PASSED] - setText(findTestObject("Page_PSTO webMessenger - Zalogowano/input_Leszek Kowalski_messageInput"), "e"): Text 'e' is set on object 'Object Repository/Page_PSTO webMessenger - Zalogowano/input_Leszek Kowalski_messageInput'

2021-12-19 15:10:10 - [MESSAGE][PASSED] - Text 'e' is set on object 'Object Repository/Page_PSTO webMessenger - Zalogowano/input_Leszek Kowalski_messageInput'

2021-12-19 15:10:10 - [TEST_STEP][PASSED] - click(findTestObject("Page_PSTO webMessenger - Zalogowano/img_Leszek Kowalski_sendButton")): Object: 'Object Repository/Page_PSTO webMessenger - Zalogowano/img_Leszek Kowalski_sendButton' is clicked on

2021-12-19 15:10:11 - [MESSAGE][PASSED] - Object: 'Object Repository/Page_PSTO webMessenger - Zalogowano/img_Leszek Kowalski_sendButton' is clicked on

2021-12-19 15:10:11 - [TEST_STEP][PASSED] - setText(findTestObject("Page_PSTO webMessenger - Zalogowano/input_Leszek Kowalski_messageInput"), "e"): Text 'e' is set on object 'Object Repository/Page_PSTO webMessenger - Zalogowano/input_Leszek Kowalski_messageInput'

2021-12-19 15:10:13 - [MESSAGE][PASSED] - Text 'e' is set on object 'Object Repository/Page_PSTO webMessenger - Zalogowano/input_Leszek Kowalski_messageInput'

2021-12-19 15:10:13 - [TEST_STEP][PASSED] - click(findTestObject("Page_PSTO webMessenger - Zalogowano/img_Leszek Kowalski_sendButton")): Object: 'Object Repository/Page_PSTO webMessenger - Zalogowano/img_Leszek Kowalski_sendButton' is clicked on

2021-12-19 15:10:13 - [MESSAGE][PASSED] - Object: 'Object Repository/Page_PSTO webMessenger - Zalogowano/img_Leszek Kowalski_sendButton' is clicked on

2021-12-19 15:10:13 - [TEST_STEP][PASSED] - setText(findTestObject("Page_PSTO webMessenger - Zalogowano/input_Leszek Kowalski_messageInput"), "e"): Text 'e' is set on object 'Object Repository/Page_PSTO webMessenger - Zalogowano/input_Leszek Kowalski_messageInput'

2021-12-19 15:10:14 - [MESSAGE][PASSED] - Text 'e' is set on object 'Object Repository/Page_PSTO webMessenger - Zalogowano/input_Leszek Kowalski_messageInput'

2021-12-19 15:10:14 - [TEST_STEP][PASSED] - click(findTestObject("Page_PSTO webMessenger - Zalogowano/img_Leszek Kowalski_sendButton")): Object: 'Object Repository/Page_PSTO webMessenger - Zalogowano/img_Leszek Kowalski_sendButton' is clicked on

2021-12-19 15:10:15 - [MESSAGE][PASSED] - Object: 'Object Repository/Page_PSTO webMessenger - Zalogowano/img_Leszek Kowalski_sendButton' is clicked on

2021-12-19 15:10:15 - [TEST_STEP][PASSED] - setText(findTestObject("Page_PSTO webMessenger - Zalogowano/input_Leszek Kowalski_messageInput"), "e"): Text 'e' is set on object 'Object Repository/Page_PSTO webMessenger - Zalogowano/input_Leszek Kowalski_messageInput'

2021-12-19 15:10:15 - [MESSAGE][PASSED] - Text 'e' is set on object 'Object Repository/Page_PSTO webMessenger - Zalogowano/input_Leszek Kowalski_messageInput'

2021-12-19 15:10:15 - [TEST_STEP][PASSED] - click(findTestObject("Page_PSTO webMessenger - Zalogowano/img_Leszek Kowalski_sendButton")): Object: 'Object Repository/Page_PSTO webMessenger - Zalogowano/img_Leszek Kowalski_sendButton' is clicked on

2021-12-19 15:10:16 - [MESSAGE][PASSED] - Object: 'Object Repository/Page_PSTO webMessenger - Zalogowano/img_Leszek Kowalski_sendButton' is clicked on

2021-12-19 15:10:16 - [TEST_STEP][PASSED] - setText(findTestObject("Page_PSTO webMessenger - Zalogowano/input_Leszek Kowalski_messageInput"), "e"): Text 'e' is set on object 'Object Repository/Page_PSTO webMessenger - Zalogowano/input_Leszek Kowalski_messageInput'

2021-12-19 15:10:18 - [MESSAGE][PASSED] - Text 'e' is set on object 'Object Repository/Page_PSTO webMessenger - Zalogowano/input_Leszek Kowalski_messageInput'

2021-12-19 15:10:18 - [TEST_STEP][PASSED] - click(findTestObject("Page_PSTO webMessenger - Zalogowano/img_Leszek Kowalski_sendButton")): Object: 'Object Repository/Page_PSTO webMessenger - Zalogowano/img_Leszek Kowalski_sendButton' is clicked on

2021-12-19 15:10:18 - [MESSAGE][PASSED] - Object: 'Object Repository/Page_PSTO webMessenger - Zalogowano/img_Leszek Kowalski_sendButton' is clicked on

2021-12-19 15:10:18 - [TEST_STEP][PASSED] - setText(findTestObject("Page_PSTO webMessenger - Zalogowano/input_Leszek Kowalski_messageInput"), "e"): Text 'e' is set on object 'Object Repository/Page_PSTO webMessenger - Zalogowano/input_Leszek Kowalski_messageInput'

2021-12-19 15:10:19 - [MESSAGE][PASSED] - Text 'e' is set on object 'Object Repository/Page_PSTO webMessenger - Zalogowano/input_Leszek Kowalski_messageInput'

2021-12-19 15:10:19 - [TEST_STEP][PASSED] - click(findTestObject("Page_PSTO webMessenger - Zalogowano/img_Leszek Kowalski_sendButton")): Object: 'Object Repository/Page_PSTO webMessenger - Zalogowano/img_Leszek Kowalski_sendButton' is clicked on

2021-12-19 15:10:20 - [MESSAGE][PASSED] - Object: 'Object Repository/Page_PSTO webMessenger - Zalogowano/img_Leszek Kowalski_sendButton' is clicked on

2021-12-19 15:10:20 - [TEST_STEP][PASSED] - setText(findTestObject("Page_PSTO webMessenger - Zalogowano/input_Leszek Kowalski_messageInput"), "e"): Text 'e' is set on object 'Object Repository/Page_PSTO webMessenger - Zalogowano/input_Leszek Kowalski_messageInput'

2021-12-19 15:10:20 - [MESSAGE][PASSED] - Text 'e' is set on object 'Object Repository/Page_PSTO webMessenger - Zalogowano/input_Leszek Kowalski_messageInput'

2021-12-19 15:10:20 - [TEST_STEP][PASSED] - click(findTestObject("Page_PSTO webMessenger - Zalogowano/img_Leszek Kowalski_sendButton")): Object: 'Object Repository/Page_PSTO webMessenger - Zalogowano/img_Leszek Kowalski_sendButton' is clicked on

2021-12-19 15:10:21 - [MESSAGE][PASSED] - Object: 'Object Repository/Page_PSTO webMessenger - Zalogowano/img_Leszek Kowalski_sendButton' is clicked on

2021-12-19 15:10:21 - [TEST_STEP][PASSED] - setText(findTestObject("Page_PSTO webMessenger - Zalogowano/input_Leszek Kowalski_messageInput"), "e"): Text 'e' is set on object 'Object Repository/Page_PSTO webMessenger - Zalogowano/input_Leszek Kowalski_messageInput'

2021-12-19 15:10:23 - [MESSAGE][PASSED] - Text 'e' is set on object 'Object Repository/Page_PSTO webMessenger - Zalogowano/input_Leszek Kowalski_messageInput'

2021-12-19 15:10:23 - [TEST_STEP][PASSED] - click(findTestObject("Page_PSTO webMessenger - Zalogowano/img_Leszek Kowalski_sendButton")): Object: 'Object Repository/Page_PSTO webMessenger - Zalogowano/img_Leszek Kowalski_sendButton' is clicked on

2021-12-19 15:10:23 - [MESSAGE][PASSED] - Object: 'Object Repository/Page_PSTO webMessenger - Zalogowano/img_Leszek Kowalski_sendButton' is clicked on

2021-12-19 15:10:23 - [TEST_STEP][PASSED] - setText(findTestObject("Page_PSTO webMessenger - Zalogowano/input_Leszek Kowalski_messageInput"), "e"): Text 'e' is set on object 'Object Repository/Page_PSTO webMessenger - Zalogowano/input_Leszek Kowalski_messageInput'

2021-12-19 15:10:24 - [MESSAGE][PASSED] - Text 'e' is set on object 'Object Repository/Page_PSTO webMessenger - Zalogowano/input_Leszek Kowalski_messageInput'

2021-12-19 15:10:24 - [TEST_STEP][PASSED] - click(findTestObject("Page_PSTO webMessenger - Zalogowano/img_Leszek Kowalski_sendButton")): Object: 'Object Repository/Page_PSTO webMessenger - Zalogowano/img_Leszek Kowalski_sendButton' is clicked on

2021-12-19 15:10:25 - [MESSAGE][PASSED] - Object: 'Object Repository/Page_PSTO webMessenger - Zalogowano/img_Leszek Kowalski_sendButton' is clicked on

2021-12-19 15:10:25 - [TEST_STEP][PASSED] - setText(findTestObject("Page_PSTO webMessenger - Zalogowano/input_Leszek Kowalski_messageInput"), "e"): Text 'e' is set on object 'Object Repository/Page_PSTO webMessenger - Zalogowano/input_Leszek Kowalski_messageInput'

2021-12-19 15:10:25 - [MESSAGE][PASSED] - Text 'e' is set on object 'Object Repository/Page_PSTO webMessenger - Zalogowano/input_Leszek Kowalski_messageInput'

2021-12-19 15:10:25 - [TEST_STEP][PASSED] - click(findTestObject("Page_PSTO webMessenger - Zalogowano/img_Leszek Kowalski_sendButton")): Object: 'Object Repository/Page_PSTO webMessenger - Zalogowano/img_Leszek Kowalski_sendButton' is clicked on

2021-12-19 15:10:26 - [MESSAGE][PASSED] - Object: 'Object Repository/Page_PSTO webMessenger - Zalogowano/img_Leszek Kowalski_sendButton' is clicked on

2021-12-19 15:10:26 - [TEST_STEP][PASSED] - setText(findTestObject("Page_PSTO webMessenger - Zalogowano/input_Leszek Kowalski_messageInput"), "e"): Text 'e' is set on object 'Object Repository/Page_PSTO webMessenger - Zalogowano/input_Leszek Kowalski_messageInput'

2021-12-19 15:10:28 - [MESSAGE][PASSED] - Text 'e' is set on object 'Object Repository/Page_PSTO webMessenger - Zalogowano/input_Leszek Kowalski_messageInput'

2021-12-19 15:10:28 - [TEST_STEP][PASSED] - click(findTestObject("Page_PSTO webMessenger - Zalogowano/img_Leszek Kowalski_sendButton")): Object: 'Object Repository/Page_PSTO webMessenger - Zalogowano/img_Leszek Kowalski_sendButton' is clicked on

2021-12-19 15:10:28 - [MESSAGE][PASSED] - Object: 'Object Repository/Page_PSTO webMessenger - Zalogowano/img_Leszek Kowalski_sendButton' is clicked on

2021-12-19 15:10:28 - [TEST_STEP][PASSED] - setText(findTestObject("Page_PSTO webMessenger - Zalogowano/input_Leszek Kowalski_messageInput"), "e"): Text 'e' is set on object 'Object Repository/Page_PSTO webMessenger - Zalogowano/input_Leszek Kowalski_messageInput'

2021-12-19 15:10:29 - [MESSAGE][PASSED] - Text 'e' is set on object 'Object Repository/Page_PSTO webMessenger - Zalogowano/input_Leszek Kowalski_messageInput'

2021-12-19 15:10:29 - [TEST_STEP][PASSED] - click(findTestObject("Page_PSTO webMessenger - Zalogowano/img_Leszek Kowalski_sendButton")): Object: 'Object Repository/Page_PSTO webMessenger - Zalogowano/img_Leszek Kowalski_sendButton' is clicked on

2021-12-19 15:10:30 - [MESSAGE][PASSED] - Object: 'Object Repository/Page_PSTO webMessenger - Zalogowano/img_Leszek Kowalski_sendButton' is clicked on

2021-12-19 15:10:30 - [TEST_STEP][PASSED] - setText(findTestObject("Page_PSTO webMessenger - Zalogowano/input_Leszek Kowalski_messageInput"), "e"): Text 'e' is set on object 'Object Repository/Page_PSTO webMessenger - Zalogowano/input_Leszek Kowalski_messageInput'

2021-12-19 15:10:30 - [MESSAGE][PASSED] - Text 'e' is set on object 'Object Repository/Page_PSTO webMessenger - Zalogowano/input_Leszek Kowalski_messageInput'

2021-12-19 15:10:30 - [TEST_STEP][PASSED] - click(findTestObject("Page_PSTO webMessenger - Zalogowano/img_Leszek Kowalski_sendButton")): Object: 'Object Repository/Page_PSTO webMessenger - Zalogowano/img_Leszek Kowalski_sendButton' is clicked on

2021-12-19 15:10:31 - [MESSAGE][PASSED] - Object: 'Object Repository/Page_PSTO webMessenger - Zalogowano/img_Leszek Kowalski_sendButton' is clicked on

2021-12-19 15:10:31 - [TEST_STEP][PASSED] - setText(findTestObject("Page_PSTO webMessenger - Zalogowano/input_Leszek Kowalski_messageInput"), "e"): Text 'e' is set on object 'Object Repository/Page_PSTO webMessenger - Zalogowano/input_Leszek Kowalski_messageInput'

2021-12-19 15:10:33 - [MESSAGE][PASSED] - Text 'e' is set on object 'Object Repository/Page_PSTO webMessenger - Zalogowano/input_Leszek Kowalski_messageInput'

2021-12-19 15:10:33 - [TEST_STEP][PASSED] - click(findTestObject("Page_PSTO webMessenger - Zalogowano/img_Leszek Kowalski_sendButton")): Object: 'Object Repository/Page_PSTO webMessenger - Zalogowano/img_Leszek Kowalski_sendButton' is clicked on

2021-12-19 15:10:33 - [MESSAGE][PASSED] - Object: 'Object Repository/Page_PSTO webMessenger - Zalogowano/img_Leszek Kowalski_sendButton' is clicked on

2021-12-19 15:10:33 - [TEST_STEP][PASSED] - setText(findTestObject("Page_PSTO webMessenger - Zalogowano/input_Leszek Kowalski_messageInput"), "e"): Text 'e' is set on object 'Object Repository/Page_PSTO webMessenger - Zalogowano/input_Leszek Kowalski_messageInput'

2021-12-19 15:10:34 - [MESSAGE][PASSED] - Text 'e' is set on object 'Object Repository/Page_PSTO webMessenger - Zalogowano/input_Leszek Kowalski_messageInput'

2021-12-19 15:10:34 - [TEST_STEP][PASSED] - click(findTestObject("Page_PSTO webMessenger - Zalogowano/img_Leszek Kowalski_sendButton")): Object: 'Object Repository/Page_PSTO webMessenger - Zalogowano/img_Leszek Kowalski_sendButton' is clicked on

2021-12-19 15:10:35 - [MESSAGE][PASSED] - Object: 'Object Repository/Page_PSTO webMessenger - Zalogowano/img_Leszek Kowalski_sendButton' is clicked on

2021-12-19 15:10:35 - [TEST_STEP][PASSED] - setText(findTestObject("Page_PSTO webMessenger - Zalogowano/input_Leszek Kowalski_messageInput"), "e"): Text 'e' is set on object 'Object Repository/Page_PSTO webMessenger - Zalogowano/input_Leszek Kowalski_messageInput'

2021-12-19 15:10:35 - [MESSAGE][PASSED] - Text 'e' is set on object 'Object Repository/Page_PSTO webMessenger - Zalogowano/input_Leszek Kowalski_messageInput'

2021-12-19 15:10:35 - [TEST_STEP][PASSED] - click(findTestObject("Page_PSTO webMessenger - Zalogowano/img_Leszek Kowalski_sendButton")): Object: 'Object Repository/Page_PSTO webMessenger - Zalogowano/img_Leszek Kowalski_sendButton' is clicked on

2021-12-19 15:10:36 - [MESSAGE][PASSED] - Object: 'Object Repository/Page_PSTO webMessenger - Zalogowano/img_Leszek Kowalski_sendButton' is clicked on

2021-12-19 15:10:36 - [TEST_STEP][PASSED] - setText(findTestObject("Page_PSTO webMessenger - Zalogowano/input_Leszek Kowalski_messageInput"), "e"): Text 'e' is set on object 'Object Repository/Page_PSTO webMessenger - Zalogowano/input_Leszek Kowalski_messageInput'

2021-12-19 15:10:38 - [MESSAGE][PASSED] - Text 'e' is set on object 'Object Repository/Page_PSTO webMessenger - Zalogowano/input_Leszek Kowalski_messageInput'

2021-12-19 15:10:38 - [TEST_STEP][PASSED] - click(findTestObject("Page_PSTO webMessenger - Zalogowano/img_Leszek Kowalski_sendButton")): Object: 'Object Repository/Page_PSTO webMessenger - Zalogowano/img_Leszek Kowalski_sendButton' is clicked on

2021-12-19 15:10:38 - [MESSAGE][PASSED] - Object: 'Object Repository/Page_PSTO webMessenger - Zalogowano/img_Leszek Kowalski_sendButton' is clicked on

2021-12-19 15:10:38 - [TEST_STEP][PASSED] - setText(findTestObject("Page_PSTO webMessenger - Zalogowano/input_Leszek Kowalski_messageInput"), "e"): Text 'e' is set on object 'Object Repository/Page_PSTO webMessenger - Zalogowano/input_Leszek Kowalski_messageInput'

2021-12-19 15:10:39 - [MESSAGE][PASSED] - Text 'e' is set on object 'Object Repository/Page_PSTO webMessenger - Zalogowano/input_Leszek Kowalski_messageInput'

2021-12-19 15:10:39 - [TEST_STEP][PASSED] - click(findTestObject("Page_PSTO webMessenger - Zalogowano/img_Leszek Kowalski_sendButton")): Object: 'Object Repository/Page_PSTO webMessenger - Zalogowano/img_Leszek Kowalski_sendButton' is clicked on

2021-12-19 15:10:40 - [MESSAGE][PASSED] - Object: 'Object Repository/Page_PSTO webMessenger - Zalogowano/img_Leszek Kowalski_sendButton' is clicked on

2021-12-19 15:10:40 - [TEST_STEP][PASSED] - setText(findTestObject("Page_PSTO webMessenger - Zalogowano/input_Leszek Kowalski_messageInput"), "e"): Text 'e' is set on object 'Object Repository/Page_PSTO webMessenger - Zalogowano/input_Leszek Kowalski_messageInput'

2021-12-19 15:10:40 - [MESSAGE][PASSED] - Text 'e' is set on object 'Object Repository/Page_PSTO webMessenger - Zalogowano/input_Leszek Kowalski_messageInput'

2021-12-19 15:10:40 - [TEST_STEP][PASSED] - click(findTestObject("Page_PSTO webMessenger - Zalogowano/img_Leszek Kowalski_sendButton")): Object: 'Object Repository/Page_PSTO webMessenger - Zalogowano/img_Leszek Kowalski_sendButton' is clicked on

2021-12-19 15:10:41 - [MESSAGE][PASSED] - Object: 'Object Repository/Page_PSTO webMessenger - Zalogowano/img_Leszek Kowalski_sendButton' is clicked on

2021-12-19 15:10:41 - [TEST_STEP][PASSED] - setText(findTestObject("Page_PSTO webMessenger - Zalogowano/input_Leszek Kowalski_messageInput"), "e"): Text 'e' is set on object 'Object Repository/Page_PSTO webMessenger - Zalogowano/input_Leszek Kowalski_messageInput'

2021-12-19 15:10:43 - [MESSAGE][PASSED] - Text 'e' is set on object 'Object Repository/Page_PSTO webMessenger - Zalogowano/input_Leszek Kowalski_messageInput'

2021-12-19 15:10:43 - [TEST_STEP][PASSED] - click(findTestObject("Page_PSTO webMessenger - Zalogowano/img_Leszek Kowalski_sendButton")): Object: 'Object Repository/Page_PSTO webMessenger - Zalogowano/img_Leszek Kowalski_sendButton' is clicked on

2021-12-19 15:10:43 - [MESSAGE][PASSED] - Object: 'Object Repository/Page_PSTO webMessenger - Zalogowano/img_Leszek Kowalski_sendButton' is clicked on

2021-12-19 15:10:43 - [TEST_STEP][PASSED] - setText(findTestObject("Page_PSTO webMessenger - Zalogowano/input_Leszek Kowalski_messageInput"), "e"): Text 'e' is set on object 'Object Repository/Page_PSTO webMessenger - Zalogowano/input_Leszek Kowalski_messageInput'

2021-12-19 15:10:44 - [MESSAGE][PASSED] - Text 'e' is set on object 'Object Repository/Page_PSTO webMessenger - Zalogowano/input_Leszek Kowalski_messageInput'

2021-12-19 15:10:44 - [TEST_STEP][PASSED] - click(findTestObject("Page_PSTO webMessenger - Zalogowano/img_Leszek Kowalski_sendButton")): Object: 'Object Repository/Page_PSTO webMessenger - Zalogowano/img_Leszek Kowalski_sendButton' is clicked on

2021-12-19 15:10:45 - [MESSAGE][PASSED] - Object: 'Object Repository/Page_PSTO webMessenger - Zalogowano/img_Leszek Kowalski_sendButton' is clicked on

2021-12-19 15:10:45 - [TEST_STEP][PASSED] - setText(findTestObject("Page_PSTO webMessenger - Zalogowano/input_Leszek Kowalski_messageInput"), "e"): Text 'e' is set on object 'Object Repository/Page_PSTO webMessenger - Zalogowano/input_Leszek Kowalski_messageInput'

2021-12-19 15:10:45 - [MESSAGE][PASSED] - Text 'e' is set on object 'Object Repository/Page_PSTO webMessenger - Zalogowano/input_Leszek Kowalski_messageInput'

2021-12-19 15:10:45 - [TEST_STEP][PASSED] - click(findTestObject("Page_PSTO webMessenger - Zalogowano/img_Leszek Kowalski_sendButton")): Object: 'Object Repository/Page_PSTO webMessenger - Zalogowano/img_Leszek Kowalski_sendButton' is clicked on

2021-12-19 15:10:46 - [MESSAGE][PASSED] - Object: 'Object Repository/Page_PSTO webMessenger - Zalogowano/img_Leszek Kowalski_sendButton' is clicked on

2021-12-19 15:10:46 - [TEST_STEP][PASSED] - setText(findTestObject("Page_PSTO webMessenger - Zalogowano/input_Leszek Kowalski_messageInput"), "e"): Text 'e' is set on object 'Object Repository/Page_PSTO webMessenger - Zalogowano/input_Leszek Kowalski_messageInput'

2021-12-19 15:10:48 - [MESSAGE][PASSED] - Text 'e' is set on object 'Object Repository/Page_PSTO webMessenger - Zalogowano/input_Leszek Kowalski_messageInput'

2021-12-19 15:10:48 - [TEST_STEP][PASSED] - click(findTestObject("Page_PSTO webMessenger - Zalogowano/img_Leszek Kowalski_sendButton")): Object: 'Object Repository/Page_PSTO webMessenger - Zalogowano/img_Leszek Kowalski_sendButton' is clicked on

2021-12-19 15:10:48 - [MESSAGE][PASSED] - Object: 'Object Repository/Page_PSTO webMessenger - Zalogowano/img_Leszek Kowalski_sendButton' is clicked on

2021-12-19 15:10:48 - [TEST_STEP][PASSED] - setText(findTestObject("Page_PSTO webMessenger - Zalogowano/input_Leszek Kowalski_messageInput"), "e"): Text 'e' is set on object 'Object Repository/Page_PSTO webMessenger - Zalogowano/input_Leszek Kowalski_messageInput'

2021-12-19 15:10:49 - [MESSAGE][PASSED] - Text 'e' is set on object 'Object Repository/Page_PSTO webMessenger - Zalogowano/input_Leszek Kowalski_messageInput'

2021-12-19 15:10:49 - [TEST_STEP][PASSED] - click(findTestObject("Page_PSTO webMessenger - Zalogowano/img_Leszek Kowalski_sendButton")): Object: 'Object Repository/Page_PSTO webMessenger - Zalogowano/img_Leszek Kowalski_sendButton' is clicked on

2021-12-19 15:10:50 - [MESSAGE][PASSED] - Object: 'Object Repository/Page_PSTO webMessenger - Zalogowano/img_Leszek Kowalski_sendButton' is clicked on

2021-12-19 15:10:50 - [TEST_STEP][PASSED] - setText(findTestObject("Page_PSTO webMessenger - Zalogowano/input_Leszek Kowalski_messageInput"), "e"): Text 'e' is set on object 'Object Repository/Page_PSTO webMessenger - Zalogowano/input_Leszek Kowalski_messageInput'

2021-12-19 15:10:50 - [MESSAGE][PASSED] - Text 'e' is set on object 'Object Repository/Page_PSTO webMessenger - Zalogowano/input_Leszek Kowalski_messageInput'

2021-12-19 15:10:50 - [TEST_STEP][PASSED] - click(findTestObject("Page_PSTO webMessenger - Zalogowano/img_Leszek Kowalski_sendButton")): Object: 'Object Repository/Page_PSTO webMessenger - Zalogowano/img_Leszek Kowalski_sendButton' is clicked on

2021-12-19 15:10:51 - [MESSAGE][PASSED] - Object: 'Object Repository/Page_PSTO webMessenger - Zalogowano/img_Leszek Kowalski_sendButton' is clicked on

2021-12-19 15:10:51 - [TEST_STEP][PASSED] - setText(findTestObject("Page_PSTO webMessenger - Zalogowano/input_Leszek Kowalski_messageInput"), "e"): Text 'e' is set on object 'Object Repository/Page_PSTO webMessenger - Zalogowano/input_Leszek Kowalski_messageInput'

2021-12-19 15:10:53 - [MESSAGE][PASSED] - Text 'e' is set on object 'Object Repository/Page_PSTO webMessenger - Zalogowano/input_Leszek Kowalski_messageInput'

2021-12-19 15:10:53 - [TEST_STEP][PASSED] - click(findTestObject("Page_PSTO webMessenger - Zalogowano/img_Leszek Kowalski_sendButton")): Object: 'Object Repository/Page_PSTO webMessenger - Zalogowano/img_Leszek Kowalski_sendButton' is clicked on

2021-12-19 15:10:53 - [MESSAGE][PASSED] - Object: 'Object Repository/Page_PSTO webMessenger - Zalogowano/img_Leszek Kowalski_sendButton' is clicked on

2021-12-19 15:10:53 - [TEST_STEP][PASSED] - setText(findTestObject("Page_PSTO webMessenger - Zalogowano/input_Leszek Kowalski_messageInput"), "e"): Text 'e' is set on object 'Object Repository/Page_PSTO webMessenger - Zalogowano/input_Leszek Kowalski_messageInput'

2021-12-19 15:10:54 - [MESSAGE][PASSED] - Text 'e' is set on object 'Object Repository/Page_PSTO webMessenger - Zalogowano/input_Leszek Kowalski_messageInput'

2021-12-19 15:10:54 - [TEST_STEP][PASSED] - click(findTestObject("Page_PSTO webMessenger - Zalogowano/img_Leszek Kowalski_sendButton")): Object: 'Object Repository/Page_PSTO webMessenger - Zalogowano/img_Leszek Kowalski_sendButton' is clicked on

2021-12-19 15:10:55 - [MESSAGE][PASSED] - Object: 'Object Repository/Page_PSTO webMessenger - Zalogowano/img_Leszek Kowalski_sendButton' is clicked on

2021-12-19 15:10:55 - [TEST_STEP][PASSED] - setText(findTestObject("Page_PSTO webMessenger - Zalogowano/input_Leszek Kowalski_messageInput"), "e"): Text 'e' is set on object 'Object Repository/Page_PSTO webMessenger - Zalogowano/input_Leszek Kowalski_messageInput'

2021-12-19 15:10:55 - [MESSAGE][PASSED] - Text 'e' is set on object 'Object Repository/Page_PSTO webMessenger - Zalogowano/input_Leszek Kowalski_messageInput'

2021-12-19 15:10:55 - [TEST_STEP][PASSED] - click(findTestObject("Page_PSTO webMessenger - Zalogowano/img_Leszek Kowalski_sendButton")): Object: 'Object Repository/Page_PSTO webMessenger - Zalogowano/img_Leszek Kowalski_sendButton' is clicked on

2021-12-19 15:10:56 - [MESSAGE][PASSED] - Object: 'Object Repository/Page_PSTO webMessenger - Zalogowano/img_Leszek Kowalski_sendButton' is clicked on

2021-12-19 15:10:56 - [TEST_STEP][PASSED] - setText(findTestObject("Page_PSTO webMessenger - Zalogowano/input_Leszek Kowalski_messageInput"), "e"): Text 'e' is set on object 'Object Repository/Page_PSTO webMessenger - Zalogowano/input_Leszek Kowalski_messageInput'

2021-12-19 15:10:58 - [MESSAGE][PASSED] - Text 'e' is set on object 'Object Repository/Page_PSTO webMessenger - Zalogowano/input_Leszek Kowalski_messageInput'

2021-12-19 15:10:58 - [TEST_STEP][PASSED] - click(findTestObject("Page_PSTO webMessenger - Zalogowano/img_Leszek Kowalski_sendButton")): Object: 'Object Repository/Page_PSTO webMessenger - Zalogowano/img_Leszek Kowalski_sendButton' is clicked on

2021-12-19 15:10:59 - [MESSAGE][PASSED] - Object: 'Object Repository/Page_PSTO webMessenger - Zalogowano/img_Leszek Kowalski_sendButton' is clicked on

2021-12-19 15:10:59 - [TEST_STEP][PASSED] - setText(findTestObject("Page_PSTO webMessenger - Zalogowano/input_Leszek Kowalski_messageInput"), "e"): Text 'e' is set on object 'Object Repository/Page_PSTO webMessenger - Zalogowano/input_Leszek Kowalski_messageInput'

2021-12-19 15:10:59 - [MESSAGE][PASSED] - Text 'e' is set on object 'Object Repository/Page_PSTO webMessenger - Zalogowano/input_Leszek Kowalski_messageInput'

2021-12-19 15:10:59 - [TEST_STEP][PASSED] - click(findTestObject("Page_PSTO webMessenger - Zalogowano/img_Leszek Kowalski_sendButton")): Object: 'Object Repository/Page_PSTO webMessenger - Zalogowano/img_Leszek Kowalski_sendButton' is clicked on

2021-12-19 15:11:00 - [MESSAGE][PASSED] - Object: 'Object Repository/Page_PSTO webMessenger - Zalogowano/img_Leszek Kowalski_sendButton' is clicked on

2021-12-19 15:11:00 - [TEST_STEP][PASSED] - setText(findTestObject("Page_PSTO webMessenger - Zalogowano/input_Leszek Kowalski_messageInput"), "e"): Text 'e' is set on object 'Object Repository/Page_PSTO webMessenger - Zalogowano/input_Leszek Kowalski_messageInput'

2021-12-19 15:11:01 - [MESSAGE][PASSED] - Text 'e' is set on object 'Object Repository/Page_PSTO webMessenger - Zalogowano/input_Leszek Kowalski_messageInput'

2021-12-19 15:11:01 - [TEST_STEP][PASSED] - click(findTestObject("Page_PSTO webMessenger - Zalogowano/img_Leszek Kowalski_sendButton")): Object: 'Object Repository/Page_PSTO webMessenger - Zalogowano/img_Leszek Kowalski_sendButton' is clicked on

2021-12-19 15:11:01 - [MESSAGE][PASSED] - Object: 'Object Repository/Page_PSTO webMessenger - Zalogowano/img_Leszek Kowalski_sendButton' is clicked on

2021-12-19 15:11:01 - [TEST_STEP][PASSED] - setText(findTestObject("Page_PSTO webMessenger - Zalogowano/input_Leszek Kowalski_messageInput"), "e"): Text 'e' is set on object 'Object Repository/Page_PSTO webMessenger - Zalogowano/input_Leszek Kowalski_messageInput'

2021-12-19 15:11:02 - [MESSAGE][PASSED] - Text 'e' is set on object 'Object Repository/Page_PSTO webMessenger - Zalogowano/input_Leszek Kowalski_messageInput'

2021-12-19 15:11:02 - [TEST_STEP][PASSED] - click(findTestObject("Page_PSTO webMessenger - Zalogowano/img_Leszek Kowalski_sendButton")): Object: 'Object Repository/Page_PSTO webMessenger - Zalogowano/img_Leszek Kowalski_sendButton' is clicked on

2021-12-19 15:11:03 - [MESSAGE][PASSED] - Object: 'Object Repository/Page_PSTO webMessenger - Zalogowano/img_Leszek Kowalski_sendButton' is clicked on

2021-12-19 15:11:03 - [TEST_STEP][PASSED] - setText(findTestObject("Page_PSTO webMessenger - Zalogowano/input_Leszek Kowalski_messageInput"), "e"): Text 'e' is set on object 'Object Repository/Page_PSTO webMessenger - Zalogowano/input_Leszek Kowalski_messageInput'

2021-12-19 15:11:03 - [MESSAGE][PASSED] - Text 'e' is set on object 'Object Repository/Page_PSTO webMessenger - Zalogowano/input_Leszek Kowalski_messageInput'

2021-12-19 15:11:03 - [TEST_STEP][PASSED] - click(findTestObject("Page_PSTO webMessenger - Zalogowano/img_Leszek Kowalski_sendButton")): Object: 'Object Repository/Page_PSTO webMessenger - Zalogowano/img_Leszek Kowalski_sendButton' is clicked on

2021-12-19 15:11:04 - [MESSAGE][PASSED] - Object: 'Object Repository/Page_PSTO webMessenger - Zalogowano/img_Leszek Kowalski_sendButton' is clicked on

2021-12-19 15:11:04 - [TEST_STEP][PASSED] - setText(findTestObject("Page_PSTO webMessenger - Zalogowano/input_Leszek Kowalski_messageInput"), "e"): Text 'e' is set on object 'Object Repository/Page_PSTO webMessenger - Zalogowano/input_Leszek Kowalski_messageInput'

2021-12-19 15:11:05 - [MESSAGE][PASSED] - Text 'e' is set on object 'Object Repository/Page_PSTO webMessenger - Zalogowano/input_Leszek Kowalski_messageInput'

2021-12-19 15:11:05 - [TEST_STEP][PASSED] - click(findTestObject("Page_PSTO webMessenger - Zalogowano/img_Leszek Kowalski_sendButton")): Object: 'Object Repository/Page_PSTO webMessenger - Zalogowano/img_Leszek Kowalski_sendButton' is clicked on

2021-12-19 15:11:05 - [MESSAGE][PASSED] - Object: 'Object Repository/Page_PSTO webMessenger - Zalogowano/img_Leszek Kowalski_sendButton' is clicked on

2021-12-19 15:11:05 - [TEST_STEP][PASSED] - setText(findTestObject("Page_PSTO webMessenger - Zalogowano/input_Leszek Kowalski_messageInput"), "e"): Text 'e' is set on object 'Object Repository/Page_PSTO webMessenger - Zalogowano/input_Leszek Kowalski_messageInput'

2021-12-19 15:11:06 - [MESSAGE][PASSED] - Text 'e' is set on object 'Object Repository/Page_PSTO webMessenger - Zalogowano/input_Leszek Kowalski_messageInput'

2021-12-19 15:11:06 - [TEST_STEP][PASSED] - click(findTestObject("Page_PSTO webMessenger - Zalogowano/img_Leszek Kowalski_sendButton")): Object: 'Object Repository/Page_PSTO webMessenger - Zalogowano/img_Leszek Kowalski_sendButton' is clicked on

2021-12-19 15:11:08 - [MESSAGE][PASSED] - Object: 'Object Repository/Page_PSTO webMessenger - Zalogowano/img_Leszek Kowalski_sendButton' is clicked on

2021-12-19 15:11:08 - [TEST_STEP][PASSED] - setText(findTestObject("Page_PSTO webMessenger - Zalogowano/input_Leszek Kowalski_messageInput"), "e"): Text 'e' is set on object 'Object Repository/Page_PSTO webMessenger - Zalogowano/input_Leszek Kowalski_messageInput'

2021-12-19 15:11:08 - [MESSAGE][PASSED] - Text 'e' is set on object 'Object Repository/Page_PSTO webMessenger - Zalogowano/input_Leszek Kowalski_messageInput'

2021-12-19 15:11:08 - [TEST_STEP][PASSED] - click(findTestObject("Page_PSTO webMessenger - Zalogowano/img_Leszek Kowalski_sendButton")): Object: 'Object Repository/Page_PSTO webMessenger - Zalogowano/img_Leszek Kowalski_sendButton' is clicked on

2021-12-19 15:11:09 - [MESSAGE][PASSED] - Object: 'Object Repository/Page_PSTO webMessenger - Zalogowano/img_Leszek Kowalski_sendButton' is clicked on

2021-12-19 15:11:09 - [TEST_STEP][PASSED] - setText(findTestObject("Page_PSTO webMessenger - Zalogowano/input_Leszek Kowalski_messageInput"), "e"): Text 'e' is set on object 'Object Repository/Page_PSTO webMessenger - Zalogowano/input_Leszek Kowalski_messageInput'

2021-12-19 15:11:10 - [MESSAGE][PASSED] - Text 'e' is set on object 'Object Repository/Page_PSTO webMessenger - Zalogowano/input_Leszek Kowalski_messageInput'

2021-12-19 15:11:10 - [TEST_STEP][PASSED] - click(findTestObject("Page_PSTO webMessenger - Zalogowano/img_Leszek Kowalski_sendButton")): Object: 'Object Repository/Page_PSTO webMessenger - Zalogowano/img_Leszek Kowalski_sendButton' is clicked on

2021-12-19 15:11:10 - [MESSAGE][PASSED] - Object: 'Object Repository/Page_PSTO webMessenger - Zalogowano/img_Leszek Kowalski_sendButton' is clicked on

2021-12-19 15:11:10 - [TEST_STEP][PASSED] - setText(findTestObject("Page_PSTO webMessenger - Zalogowano/input_Leszek Kowalski_messageInput"), "e"): Text 'e' is set on object 'Object Repository/Page_PSTO webMessenger - Zalogowano/input_Leszek Kowalski_messageInput'

2021-12-19 15:11:11 - [MESSAGE][PASSED] - Text 'e' is set on object 'Object Repository/Page_PSTO webMessenger - Zalogowano/input_Leszek Kowalski_messageInput'

2021-12-19 15:11:11 - [TEST_STEP][PASSED] - click(findTestObject("Page_PSTO webMessenger - Zalogowano/img_Leszek Kowalski_sendButton")): Object: 'Object Repository/Page_PSTO webMessenger - Zalogowano/img_Leszek Kowalski_sendButton' is clicked on

2021-12-19 15:11:13 - [MESSAGE][PASSED] - Object: 'Object Repository/Page_PSTO webMessenger - Zalogowano/img_Leszek Kowalski_sendButton' is clicked on

2021-12-19 15:11:13 - [TEST_STEP][PASSED] - setText(findTestObject("Page_PSTO webMessenger - Zalogowano/input_Leszek Kowalski_messageInput"), "e"): Text 'e' is set on object 'Object Repository/Page_PSTO webMessenger - Zalogowano/input_Leszek Kowalski_messageInput'

2021-12-19 15:11:13 - [MESSAGE][PASSED] - Text 'e' is set on object 'Object Repository/Page_PSTO webMessenger - Zalogowano/input_Leszek Kowalski_messageInput'

2021-12-19 15:11:13 - [TEST_STEP][PASSED] - click(findTestObject("Page_PSTO webMessenger - Zalogowano/img_Leszek Kowalski_sendButton")): Object: 'Object Repository/Page_PSTO webMessenger - Zalogowano/img_Leszek Kowalski_sendButton' is clicked on

2021-12-19 15:11:14 - [MESSAGE][PASSED] - Object: 'Object Repository/Page_PSTO webMessenger - Zalogowano/img_Leszek Kowalski_sendButton' is clicked on

2021-12-19 15:11:14 - [TEST_STEP][PASSED] - setText(findTestObject("Page_PSTO webMessenger - Zalogowano/input_Leszek Kowalski_messageInput"), "e"): Text 'e' is set on object 'Object Repository/Page_PSTO webMessenger - Zalogowano/input_Leszek Kowalski_messageInput'

2021-12-19 15:11:15 - [MESSAGE][PASSED] - Text 'e' is set on object 'Object Repository/Page_PSTO webMessenger - Zalogowano/input_Leszek Kowalski_messageInput'

2021-12-19 15:11:15 - [TEST_STEP][PASSED] - click(findTestObject("Page_PSTO webMessenger - Zalogowano/img_Leszek Kowalski_sendButton")): Object: 'Object Repository/Page_PSTO webMessenger - Zalogowano/img_Leszek Kowalski_sendButton' is clicked on

2021-12-19 15:11:15 - [MESSAGE][PASSED] - Object: 'Object Repository/Page_PSTO webMessenger - Zalogowano/img_Leszek Kowalski_sendButton' is clicked on

2021-12-19 15:11:15 - [TEST_STEP][PASSED] - setText(findTestObject("Page_PSTO webMessenger - Zalogowano/input_Leszek Kowalski_messageInput"), "e"): Text 'e' is set on object 'Object Repository/Page_PSTO webMessenger - Zalogowano/input_Leszek Kowalski_messageInput'

2021-12-19 15:11:16 - [MESSAGE][PASSED] - Text 'e' is set on object 'Object Repository/Page_PSTO webMessenger - Zalogowano/input_Leszek Kowalski_messageInput'

2021-12-19 15:11:16 - [TEST_STEP][PASSED] - click(findTestObject("Page_PSTO webMessenger - Zalogowano/img_Leszek Kowalski_sendButton")): Object: 'Object Repository/Page_PSTO webMessenger - Zalogowano/img_Leszek Kowalski_sendButton' is clicked on

2021-12-19 15:11:18 - [MESSAGE][PASSED] - Object: 'Object Repository/Page_PSTO webMessenger - Zalogowano/img_Leszek Kowalski_sendButton' is clicked on

2021-12-19 15:11:18 - [TEST_STEP][PASSED] - setText(findTestObject("Page_PSTO webMessenger - Zalogowano/input_Leszek Kowalski_messageInput"), "e"): Text 'e' is set on object 'Object Repository/Page_PSTO webMessenger - Zalogowano/input_Leszek Kowalski_messageInput'

2021-12-19 15:11:18 - [MESSAGE][PASSED] - Text 'e' is set on object 'Object Repository/Page_PSTO webMessenger - Zalogowano/input_Leszek Kowalski_messageInput'

2021-12-19 15:11:18 - [TEST_STEP][PASSED] - click(findTestObject("Page_PSTO webMessenger - Zalogowano/img_Leszek Kowalski_sendButton")): Object: 'Object Repository/Page_PSTO webMessenger - Zalogowano/img_Leszek Kowalski_sendButton' is clicked on

2021-12-19 15:11:19 - [MESSAGE][PASSED] - Object: 'Object Repository/Page_PSTO webMessenger - Zalogowano/img_Leszek Kowalski_sendButton' is clicked on

2021-12-19 15:11:19 - [TEST_STEP][PASSED] - setText(findTestObject("Page_PSTO webMessenger - Zalogowano/input_Leszek Kowalski_messageInput"), "e"): Text 'e' is set on object 'Object Repository/Page_PSTO webMessenger - Zalogowano/input_Leszek Kowalski_messageInput'

2021-12-19 15:11:20 - [MESSAGE][PASSED] - Text 'e' is set on object 'Object Repository/Page_PSTO webMessenger - Zalogowano/input_Leszek Kowalski_messageInput'

2021-12-19 15:11:20 - [TEST_STEP][PASSED] - click(findTestObject("Page_PSTO webMessenger - Zalogowano/img_Leszek Kowalski_sendButton")): Object: 'Object Repository/Page_PSTO webMessenger - Zalogowano/img_Leszek Kowalski_sendButton' is clicked on

2021-12-19 15:11:20 - [MESSAGE][PASSED] - Object: 'Object Repository/Page_PSTO webMessenger - Zalogowano/img_Leszek Kowalski_sendButton' is clicked on

2021-12-19 15:11:20 - [TEST_STEP][PASSED] - setText(findTestObject("Page_PSTO webMessenger - Zalogowano/input_Leszek Kowalski_messageInput"), "e"): Text 'e' is set on object 'Object Repository/Page_PSTO webMessenger - Zalogowano/input_Leszek Kowalski_messageInput'

2021-12-19 15:11:21 - [MESSAGE][PASSED] - Text 'e' is set on object 'Object Repository/Page_PSTO webMessenger - Zalogowano/input_Leszek Kowalski_messageInput'

2021-12-19 15:11:21 - [TEST_STEP][PASSED] - click(findTestObject("Page_PSTO webMessenger - Zalogowano/img_Leszek Kowalski_sendButton")): Object: 'Object Repository/Page_PSTO webMessenger - Zalogowano/img_Leszek Kowalski_sendButton' is clicked on

2021-12-19 15:11:23 - [MESSAGE][PASSED] - Object: 'Object Repository/Page_PSTO webMessenger - Zalogowano/img_Leszek Kowalski_sendButton' is clicked on

2021-12-19 15:11:23 - [TEST_STEP][PASSED] - setText(findTestObject("Page_PSTO webMessenger - Zalogowano/input_Leszek Kowalski_messageInput"), "e"): Text 'e' is set on object 'Object Repository/Page_PSTO webMessenger - Zalogowano/input_Leszek Kowalski_messageInput'

2021-12-19 15:11:23 - [MESSAGE][PASSED] - Text 'e' is set on object 'Object Repository/Page_PSTO webMessenger - Zalogowano/input_Leszek Kowalski_messageInput'

2021-12-19 15:11:23 - [TEST_STEP][PASSED] - click(findTestObject("Page_PSTO webMessenger - Zalogowano/img_Leszek Kowalski_sendButton")): Object: 'Object Repository/Page_PSTO webMessenger - Zalogowano/img_Leszek Kowalski_sendButton' is clicked on

2021-12-19 15:11:24 - [MESSAGE][PASSED] - Object: 'Object Repository/Page_PSTO webMessenger - Zalogowano/img_Leszek Kowalski_sendButton' is clicked on

2021-12-19 15:11:24 - [TEST_STEP][PASSED] - setText(findTestObject("Page_PSTO webMessenger - Zalogowano/input_Leszek Kowalski_messageInput"), "e"): Text 'e' is set on object 'Object Repository/Page_PSTO webMessenger - Zalogowano/input_Leszek Kowalski_messageInput'

2021-12-19 15:11:25 - [MESSAGE][PASSED] - Text 'e' is set on object 'Object Repository/Page_PSTO webMessenger - Zalogowano/input_Leszek Kowalski_messageInput'

2021-12-19 15:11:25 - [TEST_STEP][PASSED] - click(findTestObject("Page_PSTO webMessenger - Zalogowano/img_Leszek Kowalski_sendButton")): Object: 'Object Repository/Page_PSTO webMessenger - Zalogowano/img_Leszek Kowalski_sendButton' is clicked on

2021-12-19 15:11:25 - [MESSAGE][PASSED] - Object: 'Object Repository/Page_PSTO webMessenger - Zalogowano/img_Leszek Kowalski_sendButton' is clicked on

2021-12-19 15:11:25 - [TEST_STEP][PASSED] - setText(findTestObject("Page_PSTO webMessenger - Zalogowano/input_Leszek Kowalski_messageInput"), "e"): Text 'e' is set on object 'Object Repository/Page_PSTO webMessenger - Zalogowano/input_Leszek Kowalski_messageInput'

2021-12-19 15:11:26 - [MESSAGE][PASSED] - Text 'e' is set on object 'Object Repository/Page_PSTO webMessenger - Zalogowano/input_Leszek Kowalski_messageInput'

2021-12-19 15:11:26 - [TEST_STEP][PASSED] - click(findTestObject("Page_PSTO webMessenger - Zalogowano/img_Leszek Kowalski_sendButton")): Object: 'Object Repository/Page_PSTO webMessenger - Zalogowano/img_Leszek Kowalski_sendButton' is clicked on

2021-12-19 15:11:28 - [MESSAGE][PASSED] - Object: 'Object Repository/Page_PSTO webMessenger - Zalogowano/img_Leszek Kowalski_sendButton' is clicked on

2021-12-19 15:11:28 - [TEST_STEP][PASSED] - setText(findTestObject("Page_PSTO webMessenger - Zalogowano/input_Leszek Kowalski_messageInput"), "e"): Text 'e' is set on object 'Object Repository/Page_PSTO webMessenger - Zalogowano/input_Leszek Kowalski_messageInput'

2021-12-19 15:11:28 - [MESSAGE][PASSED] - Text 'e' is set on object 'Object Repository/Page_PSTO webMessenger - Zalogowano/input_Leszek Kowalski_messageInput'

2021-12-19 15:11:28 - [TEST_STEP][PASSED] - click(findTestObject("Page_PSTO webMessenger - Zalogowano/img_Leszek Kowalski_sendButton")): Object: 'Object Repository/Page_PSTO webMessenger - Zalogowano/img_Leszek Kowalski_sendButton' is clicked on

2021-12-19 15:11:29 - [MESSAGE][PASSED] - Object: 'Object Repository/Page_PSTO webMessenger - Zalogowano/img_Leszek Kowalski_sendButton' is clicked on

2021-12-19 15:11:29 - [TEST_STEP][PASSED] - setText(findTestObject("Page_PSTO webMessenger - Zalogowano/input_Leszek Kowalski_messageInput"), "e"): Text 'e' is set on object 'Object Repository/Page_PSTO webMessenger - Zalogowano/input_Leszek Kowalski_messageInput'

2021-12-19 15:11:30 - [MESSAGE][PASSED] - Text 'e' is set on object 'Object Repository/Page_PSTO webMessenger - Zalogowano/input_Leszek Kowalski_messageInput'

2021-12-19 15:11:30 - [TEST_STEP][PASSED] - click(findTestObject("Page_PSTO webMessenger - Zalogowano/img_Leszek Kowalski_sendButton")): Object: 'Object Repository/Page_PSTO webMessenger - Zalogowano/img_Leszek Kowalski_sendButton' is clicked on

2021-12-19 15:11:30 - [MESSAGE][PASSED] - Object: 'Object Repository/Page_PSTO webMessenger - Zalogowano/img_Leszek Kowalski_sendButton' is clicked on

2021-12-19 15:11:30 - [TEST_STEP][PASSED] - setText(findTestObject("Page_PSTO webMessenger - Zalogowano/input_Leszek Kowalski_messageInput"), "e"): Text 'e' is set on object 'Object Repository/Page_PSTO webMessenger - Zalogowano/input_Leszek Kowalski_messageInput'

2021-12-19 15:11:31 - [MESSAGE][PASSED] - Text 'e' is set on object 'Object Repository/Page_PSTO webMessenger - Zalogowano/input_Leszek Kowalski_messageInput'

2021-12-19 15:11:31 - [TEST_STEP][PASSED] - click(findTestObject("Page_PSTO webMessenger - Zalogowano/img_Leszek Kowalski_sendButton")): Object: 'Object Repository/Page_PSTO webMessenger - Zalogowano/img_Leszek Kowalski_sendButton' is clicked on

2021-12-19 15:11:33 - [MESSAGE][PASSED] - Object: 'Object Repository/Page_PSTO webMessenger - Zalogowano/img_Leszek Kowalski_sendButton' is clicked on

2021-12-19 15:11:33 - [TEST_STEP][PASSED] - setText(findTestObject("Page_PSTO webMessenger - Zalogowano/input_Leszek Kowalski_messageInput"), "e"): Text 'e' is set on object 'Object Repository/Page_PSTO webMessenger - Zalogowano/input_Leszek Kowalski_messageInput'

2021-12-19 15:11:33 - [MESSAGE][PASSED] - Text 'e' is set on object 'Object Repository/Page_PSTO webMessenger - Zalogowano/input_Leszek Kowalski_messageInput'

2021-12-19 15:11:33 - [TEST_STEP][PASSED] - click(findTestObject("Page_PSTO webMessenger - Zalogowano/img_Leszek Kowalski_sendButton")): Object: 'Object Repository/Page_PSTO webMessenger - Zalogowano/img_Leszek Kowalski_sendButton' is clicked on

2021-12-19 15:11:34 - [MESSAGE][PASSED] - Object: 'Object Repository/Page_PSTO webMessenger - Zalogowano/img_Leszek Kowalski_sendButton' is clicked on

2021-12-19 15:11:34 - [TEST_STEP][PASSED] - setText(findTestObject("Page_PSTO webMessenger - Zalogowano/input_Leszek Kowalski_messageInput"), "e"): Text 'e' is set on object 'Object Repository/Page_PSTO webMessenger - Zalogowano/input_Leszek Kowalski_messageInput'

2021-12-19 15:11:35 - [MESSAGE][PASSED] - Text 'e' is set on object 'Object Repository/Page_PSTO webMessenger - Zalogowano/input_Leszek Kowalski_messageInput'

2021-12-19 15:11:35 - [TEST_STEP][PASSED] - click(findTestObject("Page_PSTO webMessenger - Zalogowano/img_Leszek Kowalski_sendButton")): Object: 'Object Repository/Page_PSTO webMessenger - Zalogowano/img_Leszek Kowalski_sendButton' is clicked on

2021-12-19 15:11:35 - [MESSAGE][PASSED] - Object: 'Object Repository/Page_PSTO webMessenger - Zalogowano/img_Leszek Kowalski_sendButton' is clicked on

2021-12-19 15:11:35 - [TEST_STEP][PASSED] - setText(findTestObject("Page_PSTO webMessenger - Zalogowano/input_Leszek Kowalski_messageInput"), "e"): Text 'e' is set on object 'Object Repository/Page_PSTO webMessenger - Zalogowano/input_Leszek Kowalski_messageInput'

2021-12-19 15:11:36 - [MESSAGE][PASSED] - Text 'e' is set on object 'Object Repository/Page_PSTO webMessenger - Zalogowano/input_Leszek Kowalski_messageInput'

2021-12-19 15:11:36 - [TEST_STEP][PASSED] - click(findTestObject("Page_PSTO webMessenger - Zalogowano/img_Leszek Kowalski_sendButton")): Object: 'Object Repository/Page_PSTO webMessenger - Zalogowano/img_Leszek Kowalski_sendButton' is clicked on

2021-12-19 15:11:38 - [MESSAGE][PASSED] - Object: 'Object Repository/Page_PSTO webMessenger - Zalogowano/img_Leszek Kowalski_sendButton' is clicked on

2021-12-19 15:11:38 - [TEST_STEP][PASSED] - setText(findTestObject("Page_PSTO webMessenger - Zalogowano/input_Leszek Kowalski_messageInput"), "e"): Text 'e' is set on object 'Object Repository/Page_PSTO webMessenger - Zalogowano/input_Leszek Kowalski_messageInput'

2021-12-19 15:11:38 - [MESSAGE][PASSED] - Text 'e' is set on object 'Object Repository/Page_PSTO webMessenger - Zalogowano/input_Leszek Kowalski_messageInput'

2021-12-19 15:11:38 - [TEST_STEP][PASSED] - click(findTestObject("Page_PSTO webMessenger - Zalogowano/img_Leszek Kowalski_sendButton")): Object: 'Object Repository/Page_PSTO webMessenger - Zalogowano/img_Leszek Kowalski_sendButton' is clicked on

2021-12-19 15:11:39 - [MESSAGE][PASSED] - Object: 'Object Repository/Page_PSTO webMessenger - Zalogowano/img_Leszek Kowalski_sendButton' is clicked on

2021-12-19 15:11:39 - [TEST_STEP][PASSED] - setText(findTestObject("Page_PSTO webMessenger - Zalogowano/input_Leszek Kowalski_messageInput"), "e"): Text 'e' is set on object 'Object Repository/Page_PSTO webMessenger - Zalogowano/input_Leszek Kowalski_messageInput'

2021-12-19 15:11:40 - [MESSAGE][PASSED] - Text 'e' is set on object 'Object Repository/Page_PSTO webMessenger - Zalogowano/input_Leszek Kowalski_messageInput'

2021-12-19 15:11:40 - [TEST_STEP][PASSED] - click(findTestObject("Page_PSTO webMessenger - Zalogowano/img_Leszek Kowalski_sendButton")): Object: 'Object Repository/Page_PSTO webMessenger - Zalogowano/img_Leszek Kowalski_sendButton' is clicked on

2021-12-19 15:11:40 - [MESSAGE][PASSED] - Object: 'Object Repository/Page_PSTO webMessenger - Zalogowano/img_Leszek Kowalski_sendButton' is clicked on

2021-12-19 15:11:40 - [TEST_STEP][PASSED] - setText(findTestObject("Page_PSTO webMessenger - Zalogowano/input_Leszek Kowalski_messageInput"), "e"): Text 'e' is set on object 'Object Repository/Page_PSTO webMessenger - Zalogowano/input_Leszek Kowalski_messageInput'

2021-12-19 15:11:41 - [MESSAGE][PASSED] - Text 'e' is set on object 'Object Repository/Page_PSTO webMessenger - Zalogowano/input_Leszek Kowalski_messageInput'

2021-12-19 15:11:41 - [TEST_STEP][PASSED] - click(findTestObject("Page_PSTO webMessenger - Zalogowano/img_Leszek Kowalski_sendButton")): Object: 'Object Repository/Page_PSTO webMessenger - Zalogowano/img_Leszek Kowalski_sendButton' is clicked on

2021-12-19 15:11:43 - [MESSAGE][PASSED] - Object: 'Object Repository/Page_PSTO webMessenger - Zalogowano/img_Leszek Kowalski_sendButton' is clicked on

2021-12-19 15:11:43 - [TEST_STEP][PASSED] - setText(findTestObject("Page_PSTO webMessenger - Zalogowano/input_Leszek Kowalski_messageInput"), "e"): Text 'e' is set on object 'Object Repository/Page_PSTO webMessenger - Zalogowano/input_Leszek Kowalski_messageInput'

2021-12-19 15:11:43 - [MESSAGE][PASSED] - Text 'e' is set on object 'Object Repository/Page_PSTO webMessenger - Zalogowano/input_Leszek Kowalski_messageInput'

2021-12-19 15:11:43 - [TEST_STEP][PASSED] - click(findTestObject("Page_PSTO webMessenger - Zalogowano/img_Leszek Kowalski_sendButton")): Object: 'Object Repository/Page_PSTO webMessenger - Zalogowano/img_Leszek Kowalski_sendButton' is clicked on

2021-12-19 15:11:44 - [MESSAGE][PASSED] - Object: 'Object Repository/Page_PSTO webMessenger - Zalogowano/img_Leszek Kowalski_sendButton' is clicked on

2021-12-19 15:11:44 - [TEST_STEP][PASSED] - setText(findTestObject("Page_PSTO webMessenger - Zalogowano/input_Leszek Kowalski_messageInput"), "e"): Text 'e' is set on object 'Object Repository/Page_PSTO webMessenger - Zalogowano/input_Leszek Kowalski_messageInput'

2021-12-19 15:11:45 - [MESSAGE][PASSED] - Text 'e' is set on object 'Object Repository/Page_PSTO webMessenger - Zalogowano/input_Leszek Kowalski_messageInput'

2021-12-19 15:11:45 - [TEST_STEP][PASSED] - click(findTestObject("Page_PSTO webMessenger - Zalogowano/img_Leszek Kowalski_sendButton")): Object: 'Object Repository/Page_PSTO webMessenger - Zalogowano/img_Leszek Kowalski_sendButton' is clicked on

2021-12-19 15:11:46 - [MESSAGE][PASSED] - Object: 'Object Repository/Page_PSTO webMessenger - Zalogowano/img_Leszek Kowalski_sendButton' is clicked on

2021-12-19 15:11:46 - [TEST_STEP][PASSED] - setText(findTestObject("Page_PSTO webMessenger - Zalogowano/input_Leszek Kowalski_messageInput"), "e"): Text 'e' is set on object 'Object Repository/Page_PSTO webMessenger - Zalogowano/input_Leszek Kowalski_messageInput'

2021-12-19 15:11:46 - [MESSAGE][PASSED] - Text 'e' is set on object 'Object Repository/Page_PSTO webMessenger - Zalogowano/input_Leszek Kowalski_messageInput'

2021-12-19 15:11:46 - [TEST_STEP][PASSED] - click(findTestObject("Page_PSTO webMessenger - Zalogowano/img_Leszek Kowalski_sendButton")): Object: 'Object Repository/Page_PSTO webMessenger - Zalogowano/img_Leszek Kowalski_sendButton' is clicked on

2021-12-19 15:11:47 - [MESSAGE][PASSED] - Object: 'Object Repository/Page_PSTO webMessenger - Zalogowano/img_Leszek Kowalski_sendButton' is clicked on

2021-12-19 15:11:47 - [TEST_STEP][PASSED] - setText(findTestObject("Page_PSTO webMessenger - Zalogowano/input_Leszek Kowalski_messageInput"), "e"): Text 'e' is set on object 'Object Repository/Page_PSTO webMessenger - Zalogowano/input_Leszek Kowalski_messageInput'

2021-12-19 15:11:48 - [MESSAGE][PASSED] - Text 'e' is set on object 'Object Repository/Page_PSTO webMessenger - Zalogowano/input_Leszek Kowalski_messageInput'

2021-12-19 15:11:48 - [TEST_STEP][PASSED] - click(findTestObject("Page_PSTO webMessenger - Zalogowano/img_Leszek Kowalski_sendButton")): Object: 'Object Repository/Page_PSTO webMessenger - Zalogowano/img_Leszek Kowalski_sendButton' is clicked on

2021-12-19 15:11:48 - [MESSAGE][PASSED] - Object: 'Object Repository/Page_PSTO webMessenger - Zalogowano/img_Leszek Kowalski_sendButton' is clicked on

2021-12-19 15:11:48 - [TEST_STEP][PASSED] - click(findTestObject("Object Repository/Page_PSTO webMessenger - Zalogowano/img_Zarejestruj konto_iconImg")): Object: 'Object Repository/Page_PSTO webMessenger - Zalogowano/img_Zarejestruj konto_iconImg' is clicked on

2021-12-19 15:11:49 - [MESSAGE][PASSED] - Object: 'Object Repository/Page_PSTO webMessenger - Zalogowano/img_Zarejestruj konto_iconImg' is clicked on

2021-12-19 15:11:49 - [TEST_STEP][PASSED] - closeBrowser(): Browser is closed

2021-12-19 15:11:50 - [MESSAGE][PASSED] - Browser is closed]]></system-out>
         <system-err><![CDATA[]]></system-err>
      </testcase>
      <system-out><![CDATA[2021-12-19 14:44:05 - [TEST_SUITE][PASSED] - HR-test: Test Cases/Historia rozm贸w/HR21]]></system-out>
      <system-err><![CDATA[]]></system-err>
   </testsuite>
</testsuites>
