<?xml version="1.0" encoding="UTF-8"?>
<testsuites name="HR-test" time="1817.29" tests="5" failures="0" errors="0">
   <testsuite name="HR-test" tests="5" failures="0" errors="0" time="1817.29" skipped="0" timestamp="2021-12-19 14:00:14" hostname="agata - DESKTOP-KI9905I" id="Test Suites/HR-test">
      <properties>
         <property name="deviceName" value=""/>
         <property name="devicePlatform" value=""/>
         <property name="logFolder" value="C:\\Users\\agata\\git\\PTSOWebKounikator\\Reports\\20211219_140010\\HR-test\\20211219_140010"/>
         <property name="logFiles" value="C:\\Users\\agata\\git\\PTSOWebKounikator\\Reports\\20211219_140010\\HR-test\\20211219_140010\\execution0.log"/>
         <property name="attachments" value=""/>
         <property name="hostName" value="agata - DESKTOP-KI9905I"/>
         <property name="os" value="Windows 10 64bit"/>
         <property name="katalonVersion" value="8.2.0.208"/>
         <property name="browser" value="Firefox 94.0"/>
         <property name="hostAddress" value="192.168.3.3"/>
         <property name="sessionId" value="3ef9a236-2488-4024-b269-9180f4e3cfc7"/>
         <property name="seleniumVersion" value="3.141.59"/>
         <property name="proxyInformation" value="ProxyInformation { proxyOption=NO_PROXY, proxyServerType=HTTP, username=, password=********, proxyServerAddress=, proxyServerPort=0, executionList=&quot;&quot;, isApplyToDesiredCapabilities=true }"/>
         <property name="platform" value="Windows 10"/>
      </properties>
      <testcase name="Test Cases/Historia rozm贸w/HR17" time="181.534" classname="Test Cases/Historia rozm贸w/HR17" status="PASSED">
         <system-out><![CDATA[2021-12-19 14:00:15 - [TEST_CASE][PASSED] - Test Cases/Historia rozm贸w/HR17: Test Cases/Historia rozm贸w/HR17

2021-12-19 14:00:16 - [TEST_STEP][PASSED] - openBrowser(""): Browser is opened with url: ''

2021-12-19 14:00:17 - [MESSAGE][INFO] - Starting 'Firefox' driver

2021-12-19 14:00:17 - [MESSAGE][INFO] - Action delay is set to 0 milliseconds

2021-12-19 14:00:26 - [MESSAGE][PASSED] - Browser is opened with url: ''

2021-12-19 14:00:26 - [TEST_STEP][PASSED] - navigateToUrl("http://kmg.hcm.pl/testowanie/index.html"): Navigate to 'http://kmg.hcm.pl/testowanie/index.html' successfully

2021-12-19 14:00:28 - [MESSAGE][PASSED] - Navigate to 'http://kmg.hcm.pl/testowanie/index.html' successfully

2021-12-19 14:00:28 - [TEST_STEP][PASSED] - setText(findTestObject("Object Repository/Page_PSTO webMessenger/input_Zarejestruj konto_userLogin"), "Tomasz Staszewski"): Text 'Tomasz Staszewski' is set on object 'Object Repository/Page_PSTO webMessenger/input_Zarejestruj konto_userLogin'

2021-12-19 14:00:29 - [MESSAGE][PASSED] - Text 'Tomasz Staszewski' is set on object 'Object Repository/Page_PSTO webMessenger/input_Zarejestruj konto_userLogin'

2021-12-19 14:00:29 - [TEST_STEP][PASSED] - setEncryptedText(findTestObject("Object Repository/Page_PSTO webMessenger/input_Zarejestruj konto_passwordLogin"), "wCo1vTKhcj4="): Text ****** has been set on object 'Object Repository/Page_PSTO webMessenger/input_Zarejestruj konto_passwordLogin'

2021-12-19 14:00:29 - [MESSAGE][PASSED] - Text ****** has been set on object 'Object Repository/Page_PSTO webMessenger/input_Zarejestruj konto_passwordLogin'

2021-12-19 14:00:29 - [TEST_STEP][PASSED] - click(findTestObject("Object Repository/Page_PSTO webMessenger/input_Zarejestruj konto_login")): Object: 'Object Repository/Page_PSTO webMessenger/input_Zarejestruj konto_login' is clicked on

2021-12-19 14:00:30 - [MESSAGE][PASSED] - Object: 'Object Repository/Page_PSTO webMessenger/input_Zarejestruj konto_login' is clicked on

2021-12-19 14:00:30 - [TEST_STEP][PASSED] - click(findTestObject("Page_PSTO webMessenger - Zalogowano/div_Robert Majewski")): Object: 'Object Repository/Page_PSTO webMessenger - Zalogowano/div_Robert Majewski' is clicked on

2021-12-19 14:00:31 - [MESSAGE][PASSED] - Object: 'Object Repository/Page_PSTO webMessenger - Zalogowano/div_Robert Majewski' is clicked on

2021-12-19 14:00:31 - [TEST_STEP][PASSED] - for (def index : (1..100)): Object: 'Object Repository/Page_PSTO webMessenger - Zalogowano/img_Robert Majewski_sendButton' is clicked on

2021-12-19 14:00:31 - [TEST_STEP][PASSED] - setText(findTestObject("Object Repository/Page_PSTO webMessenger - Zalogowano/input_Robert Majewski_messageInput"), "a"): Text 'a' is set on object 'Object Repository/Page_PSTO webMessenger - Zalogowano/input_Robert Majewski_messageInput'

2021-12-19 14:00:34 - [MESSAGE][PASSED] - Text 'a' is set on object 'Object Repository/Page_PSTO webMessenger - Zalogowano/input_Robert Majewski_messageInput'

2021-12-19 14:00:34 - [TEST_STEP][PASSED] - click(findTestObject("Object Repository/Page_PSTO webMessenger - Zalogowano/img_Robert Majewski_sendButton")): Object: 'Object Repository/Page_PSTO webMessenger - Zalogowano/img_Robert Majewski_sendButton' is clicked on

2021-12-19 14:00:34 - [MESSAGE][PASSED] - Object: 'Object Repository/Page_PSTO webMessenger - Zalogowano/img_Robert Majewski_sendButton' is clicked on

2021-12-19 14:00:34 - [TEST_STEP][PASSED] - setText(findTestObject("Object Repository/Page_PSTO webMessenger - Zalogowano/input_Robert Majewski_messageInput"), "a"): Text 'a' is set on object 'Object Repository/Page_PSTO webMessenger - Zalogowano/input_Robert Majewski_messageInput'

2021-12-19 14:00:35 - [MESSAGE][PASSED] - Text 'a' is set on object 'Object Repository/Page_PSTO webMessenger - Zalogowano/input_Robert Majewski_messageInput'

2021-12-19 14:00:35 - [TEST_STEP][PASSED] - click(findTestObject("Object Repository/Page_PSTO webMessenger - Zalogowano/img_Robert Majewski_sendButton")): Object: 'Object Repository/Page_PSTO webMessenger - Zalogowano/img_Robert Majewski_sendButton' is clicked on

2021-12-19 14:00:36 - [MESSAGE][PASSED] - Object: 'Object Repository/Page_PSTO webMessenger - Zalogowano/img_Robert Majewski_sendButton' is clicked on

2021-12-19 14:00:36 - [TEST_STEP][PASSED] - setText(findTestObject("Object Repository/Page_PSTO webMessenger - Zalogowano/input_Robert Majewski_messageInput"), "a"): Text 'a' is set on object 'Object Repository/Page_PSTO webMessenger - Zalogowano/input_Robert Majewski_messageInput'

2021-12-19 14:00:36 - [MESSAGE][PASSED] - Text 'a' is set on object 'Object Repository/Page_PSTO webMessenger - Zalogowano/input_Robert Majewski_messageInput'

2021-12-19 14:00:36 - [TEST_STEP][PASSED] - click(findTestObject("Object Repository/Page_PSTO webMessenger - Zalogowano/img_Robert Majewski_sendButton")): Object: 'Object Repository/Page_PSTO webMessenger - Zalogowano/img_Robert Majewski_sendButton' is clicked on

2021-12-19 14:00:37 - [MESSAGE][PASSED] - Object: 'Object Repository/Page_PSTO webMessenger - Zalogowano/img_Robert Majewski_sendButton' is clicked on

2021-12-19 14:00:37 - [TEST_STEP][PASSED] - setText(findTestObject("Object Repository/Page_PSTO webMessenger - Zalogowano/input_Robert Majewski_messageInput"), "a"): Text 'a' is set on object 'Object Repository/Page_PSTO webMessenger - Zalogowano/input_Robert Majewski_messageInput'

2021-12-19 14:00:38 - [MESSAGE][PASSED] - Text 'a' is set on object 'Object Repository/Page_PSTO webMessenger - Zalogowano/input_Robert Majewski_messageInput'

2021-12-19 14:00:38 - [TEST_STEP][PASSED] - click(findTestObject("Object Repository/Page_PSTO webMessenger - Zalogowano/img_Robert Majewski_sendButton")): Object: 'Object Repository/Page_PSTO webMessenger - Zalogowano/img_Robert Majewski_sendButton' is clicked on

2021-12-19 14:00:39 - [MESSAGE][PASSED] - Object: 'Object Repository/Page_PSTO webMessenger - Zalogowano/img_Robert Majewski_sendButton' is clicked on

2021-12-19 14:00:39 - [TEST_STEP][PASSED] - setText(findTestObject("Object Repository/Page_PSTO webMessenger - Zalogowano/input_Robert Majewski_messageInput"), "a"): Text 'a' is set on object 'Object Repository/Page_PSTO webMessenger - Zalogowano/input_Robert Majewski_messageInput'

2021-12-19 14:00:40 - [MESSAGE][PASSED] - Text 'a' is set on object 'Object Repository/Page_PSTO webMessenger - Zalogowano/input_Robert Majewski_messageInput'

2021-12-19 14:00:40 - [TEST_STEP][PASSED] - click(findTestObject("Object Repository/Page_PSTO webMessenger - Zalogowano/img_Robert Majewski_sendButton")): Object: 'Object Repository/Page_PSTO webMessenger - Zalogowano/img_Robert Majewski_sendButton' is clicked on

2021-12-19 14:00:40 - [MESSAGE][PASSED] - Object: 'Object Repository/Page_PSTO webMessenger - Zalogowano/img_Robert Majewski_sendButton' is clicked on

2021-12-19 14:00:40 - [TEST_STEP][PASSED] - setText(findTestObject("Object Repository/Page_PSTO webMessenger - Zalogowano/input_Robert Majewski_messageInput"), "a"): Text 'a' is set on object 'Object Repository/Page_PSTO webMessenger - Zalogowano/input_Robert Majewski_messageInput'

2021-12-19 14:00:41 - [MESSAGE][PASSED] - Text 'a' is set on object 'Object Repository/Page_PSTO webMessenger - Zalogowano/input_Robert Majewski_messageInput'

2021-12-19 14:00:41 - [TEST_STEP][PASSED] - click(findTestObject("Object Repository/Page_PSTO webMessenger - Zalogowano/img_Robert Majewski_sendButton")): Object: 'Object Repository/Page_PSTO webMessenger - Zalogowano/img_Robert Majewski_sendButton' is clicked on

2021-12-19 14:00:42 - [MESSAGE][PASSED] - Object: 'Object Repository/Page_PSTO webMessenger - Zalogowano/img_Robert Majewski_sendButton' is clicked on

2021-12-19 14:00:42 - [TEST_STEP][PASSED] - setText(findTestObject("Object Repository/Page_PSTO webMessenger - Zalogowano/input_Robert Majewski_messageInput"), "a"): Text 'a' is set on object 'Object Repository/Page_PSTO webMessenger - Zalogowano/input_Robert Majewski_messageInput'

2021-12-19 14:00:43 - [MESSAGE][PASSED] - Text 'a' is set on object 'Object Repository/Page_PSTO webMessenger - Zalogowano/input_Robert Majewski_messageInput'

2021-12-19 14:00:43 - [TEST_STEP][PASSED] - click(findTestObject("Object Repository/Page_PSTO webMessenger - Zalogowano/img_Robert Majewski_sendButton")): Object: 'Object Repository/Page_PSTO webMessenger - Zalogowano/img_Robert Majewski_sendButton' is clicked on

2021-12-19 14:00:43 - [MESSAGE][PASSED] - Object: 'Object Repository/Page_PSTO webMessenger - Zalogowano/img_Robert Majewski_sendButton' is clicked on

2021-12-19 14:00:43 - [TEST_STEP][PASSED] - setText(findTestObject("Object Repository/Page_PSTO webMessenger - Zalogowano/input_Robert Majewski_messageInput"), "a"): Text 'a' is set on object 'Object Repository/Page_PSTO webMessenger - Zalogowano/input_Robert Majewski_messageInput'

2021-12-19 14:00:44 - [MESSAGE][PASSED] - Text 'a' is set on object 'Object Repository/Page_PSTO webMessenger - Zalogowano/input_Robert Majewski_messageInput'

2021-12-19 14:00:44 - [TEST_STEP][PASSED] - click(findTestObject("Object Repository/Page_PSTO webMessenger - Zalogowano/img_Robert Majewski_sendButton")): Object: 'Object Repository/Page_PSTO webMessenger - Zalogowano/img_Robert Majewski_sendButton' is clicked on

2021-12-19 14:00:45 - [MESSAGE][PASSED] - Object: 'Object Repository/Page_PSTO webMessenger - Zalogowano/img_Robert Majewski_sendButton' is clicked on

2021-12-19 14:00:45 - [TEST_STEP][PASSED] - setText(findTestObject("Object Repository/Page_PSTO webMessenger - Zalogowano/input_Robert Majewski_messageInput"), "a"): Text 'a' is set on object 'Object Repository/Page_PSTO webMessenger - Zalogowano/input_Robert Majewski_messageInput'

2021-12-19 14:00:46 - [MESSAGE][PASSED] - Text 'a' is set on object 'Object Repository/Page_PSTO webMessenger - Zalogowano/input_Robert Majewski_messageInput'

2021-12-19 14:00:46 - [TEST_STEP][PASSED] - click(findTestObject("Object Repository/Page_PSTO webMessenger - Zalogowano/img_Robert Majewski_sendButton")): Object: 'Object Repository/Page_PSTO webMessenger - Zalogowano/img_Robert Majewski_sendButton' is clicked on

2021-12-19 14:00:46 - [MESSAGE][PASSED] - Object: 'Object Repository/Page_PSTO webMessenger - Zalogowano/img_Robert Majewski_sendButton' is clicked on

2021-12-19 14:00:46 - [TEST_STEP][PASSED] - setText(findTestObject("Object Repository/Page_PSTO webMessenger - Zalogowano/input_Robert Majewski_messageInput"), "a"): Text 'a' is set on object 'Object Repository/Page_PSTO webMessenger - Zalogowano/input_Robert Majewski_messageInput'

2021-12-19 14:00:47 - [MESSAGE][PASSED] - Text 'a' is set on object 'Object Repository/Page_PSTO webMessenger - Zalogowano/input_Robert Majewski_messageInput'

2021-12-19 14:00:47 - [TEST_STEP][PASSED] - click(findTestObject("Object Repository/Page_PSTO webMessenger - Zalogowano/img_Robert Majewski_sendButton")): Object: 'Object Repository/Page_PSTO webMessenger - Zalogowano/img_Robert Majewski_sendButton' is clicked on

2021-12-19 14:00:48 - [MESSAGE][PASSED] - Object: 'Object Repository/Page_PSTO webMessenger - Zalogowano/img_Robert Majewski_sendButton' is clicked on

2021-12-19 14:00:48 - [TEST_STEP][PASSED] - setText(findTestObject("Object Repository/Page_PSTO webMessenger - Zalogowano/input_Robert Majewski_messageInput"), "a"): Text 'a' is set on object 'Object Repository/Page_PSTO webMessenger - Zalogowano/input_Robert Majewski_messageInput'

2021-12-19 14:00:49 - [MESSAGE][PASSED] - Text 'a' is set on object 'Object Repository/Page_PSTO webMessenger - Zalogowano/input_Robert Majewski_messageInput'

2021-12-19 14:00:49 - [TEST_STEP][PASSED] - click(findTestObject("Object Repository/Page_PSTO webMessenger - Zalogowano/img_Robert Majewski_sendButton")): Object: 'Object Repository/Page_PSTO webMessenger - Zalogowano/img_Robert Majewski_sendButton' is clicked on

2021-12-19 14:00:49 - [MESSAGE][PASSED] - Object: 'Object Repository/Page_PSTO webMessenger - Zalogowano/img_Robert Majewski_sendButton' is clicked on

2021-12-19 14:00:49 - [TEST_STEP][PASSED] - setText(findTestObject("Object Repository/Page_PSTO webMessenger - Zalogowano/input_Robert Majewski_messageInput"), "a"): Text 'a' is set on object 'Object Repository/Page_PSTO webMessenger - Zalogowano/input_Robert Majewski_messageInput'

2021-12-19 14:00:50 - [MESSAGE][PASSED] - Text 'a' is set on object 'Object Repository/Page_PSTO webMessenger - Zalogowano/input_Robert Majewski_messageInput'

2021-12-19 14:00:50 - [TEST_STEP][PASSED] - click(findTestObject("Object Repository/Page_PSTO webMessenger - Zalogowano/img_Robert Majewski_sendButton")): Object: 'Object Repository/Page_PSTO webMessenger - Zalogowano/img_Robert Majewski_sendButton' is clicked on

2021-12-19 14:00:51 - [MESSAGE][PASSED] - Object: 'Object Repository/Page_PSTO webMessenger - Zalogowano/img_Robert Majewski_sendButton' is clicked on

2021-12-19 14:00:51 - [TEST_STEP][PASSED] - setText(findTestObject("Object Repository/Page_PSTO webMessenger - Zalogowano/input_Robert Majewski_messageInput"), "a"): Text 'a' is set on object 'Object Repository/Page_PSTO webMessenger - Zalogowano/input_Robert Majewski_messageInput'

2021-12-19 14:00:51 - [MESSAGE][PASSED] - Text 'a' is set on object 'Object Repository/Page_PSTO webMessenger - Zalogowano/input_Robert Majewski_messageInput'

2021-12-19 14:00:51 - [TEST_STEP][PASSED] - click(findTestObject("Object Repository/Page_PSTO webMessenger - Zalogowano/img_Robert Majewski_sendButton")): Object: 'Object Repository/Page_PSTO webMessenger - Zalogowano/img_Robert Majewski_sendButton' is clicked on

2021-12-19 14:00:52 - [MESSAGE][PASSED] - Object: 'Object Repository/Page_PSTO webMessenger - Zalogowano/img_Robert Majewski_sendButton' is clicked on

2021-12-19 14:00:52 - [TEST_STEP][PASSED] - setText(findTestObject("Object Repository/Page_PSTO webMessenger - Zalogowano/input_Robert Majewski_messageInput"), "a"): Text 'a' is set on object 'Object Repository/Page_PSTO webMessenger - Zalogowano/input_Robert Majewski_messageInput'

2021-12-19 14:00:53 - [MESSAGE][PASSED] - Text 'a' is set on object 'Object Repository/Page_PSTO webMessenger - Zalogowano/input_Robert Majewski_messageInput'

2021-12-19 14:00:53 - [TEST_STEP][PASSED] - click(findTestObject("Object Repository/Page_PSTO webMessenger - Zalogowano/img_Robert Majewski_sendButton")): Object: 'Object Repository/Page_PSTO webMessenger - Zalogowano/img_Robert Majewski_sendButton' is clicked on

2021-12-19 14:00:54 - [MESSAGE][PASSED] - Object: 'Object Repository/Page_PSTO webMessenger - Zalogowano/img_Robert Majewski_sendButton' is clicked on

2021-12-19 14:00:54 - [TEST_STEP][PASSED] - setText(findTestObject("Object Repository/Page_PSTO webMessenger - Zalogowano/input_Robert Majewski_messageInput"), "a"): Text 'a' is set on object 'Object Repository/Page_PSTO webMessenger - Zalogowano/input_Robert Majewski_messageInput'

2021-12-19 14:00:54 - [MESSAGE][PASSED] - Text 'a' is set on object 'Object Repository/Page_PSTO webMessenger - Zalogowano/input_Robert Majewski_messageInput'

2021-12-19 14:00:54 - [TEST_STEP][PASSED] - click(findTestObject("Object Repository/Page_PSTO webMessenger - Zalogowano/img_Robert Majewski_sendButton")): Object: 'Object Repository/Page_PSTO webMessenger - Zalogowano/img_Robert Majewski_sendButton' is clicked on

2021-12-19 14:00:55 - [MESSAGE][PASSED] - Object: 'Object Repository/Page_PSTO webMessenger - Zalogowano/img_Robert Majewski_sendButton' is clicked on

2021-12-19 14:00:55 - [TEST_STEP][PASSED] - setText(findTestObject("Object Repository/Page_PSTO webMessenger - Zalogowano/input_Robert Majewski_messageInput"), "a"): Text 'a' is set on object 'Object Repository/Page_PSTO webMessenger - Zalogowano/input_Robert Majewski_messageInput'

2021-12-19 14:00:56 - [MESSAGE][PASSED] - Text 'a' is set on object 'Object Repository/Page_PSTO webMessenger - Zalogowano/input_Robert Majewski_messageInput'

2021-12-19 14:00:56 - [TEST_STEP][PASSED] - click(findTestObject("Object Repository/Page_PSTO webMessenger - Zalogowano/img_Robert Majewski_sendButton")): Object: 'Object Repository/Page_PSTO webMessenger - Zalogowano/img_Robert Majewski_sendButton' is clicked on

2021-12-19 14:00:56 - [MESSAGE][PASSED] - Object: 'Object Repository/Page_PSTO webMessenger - Zalogowano/img_Robert Majewski_sendButton' is clicked on

2021-12-19 14:00:56 - [TEST_STEP][PASSED] - setText(findTestObject("Object Repository/Page_PSTO webMessenger - Zalogowano/input_Robert Majewski_messageInput"), "a"): Text 'a' is set on object 'Object Repository/Page_PSTO webMessenger - Zalogowano/input_Robert Majewski_messageInput'

2021-12-19 14:00:57 - [MESSAGE][PASSED] - Text 'a' is set on object 'Object Repository/Page_PSTO webMessenger - Zalogowano/input_Robert Majewski_messageInput'

2021-12-19 14:00:57 - [TEST_STEP][PASSED] - click(findTestObject("Object Repository/Page_PSTO webMessenger - Zalogowano/img_Robert Majewski_sendButton")): Object: 'Object Repository/Page_PSTO webMessenger - Zalogowano/img_Robert Majewski_sendButton' is clicked on

2021-12-19 14:00:58 - [MESSAGE][PASSED] - Object: 'Object Repository/Page_PSTO webMessenger - Zalogowano/img_Robert Majewski_sendButton' is clicked on

2021-12-19 14:00:58 - [TEST_STEP][PASSED] - setText(findTestObject("Object Repository/Page_PSTO webMessenger - Zalogowano/input_Robert Majewski_messageInput"), "a"): Text 'a' is set on object 'Object Repository/Page_PSTO webMessenger - Zalogowano/input_Robert Majewski_messageInput'

2021-12-19 14:00:59 - [MESSAGE][PASSED] - Text 'a' is set on object 'Object Repository/Page_PSTO webMessenger - Zalogowano/input_Robert Majewski_messageInput'

2021-12-19 14:00:59 - [TEST_STEP][PASSED] - click(findTestObject("Object Repository/Page_PSTO webMessenger - Zalogowano/img_Robert Majewski_sendButton")): Object: 'Object Repository/Page_PSTO webMessenger - Zalogowano/img_Robert Majewski_sendButton' is clicked on

2021-12-19 14:00:59 - [MESSAGE][PASSED] - Object: 'Object Repository/Page_PSTO webMessenger - Zalogowano/img_Robert Majewski_sendButton' is clicked on

2021-12-19 14:00:59 - [TEST_STEP][PASSED] - setText(findTestObject("Object Repository/Page_PSTO webMessenger - Zalogowano/input_Robert Majewski_messageInput"), "a"): Text 'a' is set on object 'Object Repository/Page_PSTO webMessenger - Zalogowano/input_Robert Majewski_messageInput'

2021-12-19 14:01:00 - [MESSAGE][PASSED] - Text 'a' is set on object 'Object Repository/Page_PSTO webMessenger - Zalogowano/input_Robert Majewski_messageInput'

2021-12-19 14:01:00 - [TEST_STEP][PASSED] - click(findTestObject("Object Repository/Page_PSTO webMessenger - Zalogowano/img_Robert Majewski_sendButton")): Object: 'Object Repository/Page_PSTO webMessenger - Zalogowano/img_Robert Majewski_sendButton' is clicked on

2021-12-19 14:01:01 - [MESSAGE][PASSED] - Object: 'Object Repository/Page_PSTO webMessenger - Zalogowano/img_Robert Majewski_sendButton' is clicked on

2021-12-19 14:01:01 - [TEST_STEP][PASSED] - setText(findTestObject("Object Repository/Page_PSTO webMessenger - Zalogowano/input_Robert Majewski_messageInput"), "a"): Text 'a' is set on object 'Object Repository/Page_PSTO webMessenger - Zalogowano/input_Robert Majewski_messageInput'

2021-12-19 14:01:01 - [MESSAGE][PASSED] - Text 'a' is set on object 'Object Repository/Page_PSTO webMessenger - Zalogowano/input_Robert Majewski_messageInput'

2021-12-19 14:01:01 - [TEST_STEP][PASSED] - click(findTestObject("Object Repository/Page_PSTO webMessenger - Zalogowano/img_Robert Majewski_sendButton")): Object: 'Object Repository/Page_PSTO webMessenger - Zalogowano/img_Robert Majewski_sendButton' is clicked on

2021-12-19 14:01:02 - [MESSAGE][PASSED] - Object: 'Object Repository/Page_PSTO webMessenger - Zalogowano/img_Robert Majewski_sendButton' is clicked on

2021-12-19 14:01:02 - [TEST_STEP][PASSED] - setText(findTestObject("Object Repository/Page_PSTO webMessenger - Zalogowano/input_Robert Majewski_messageInput"), "a"): Text 'a' is set on object 'Object Repository/Page_PSTO webMessenger - Zalogowano/input_Robert Majewski_messageInput'

2021-12-19 14:01:03 - [MESSAGE][PASSED] - Text 'a' is set on object 'Object Repository/Page_PSTO webMessenger - Zalogowano/input_Robert Majewski_messageInput'

2021-12-19 14:01:03 - [TEST_STEP][PASSED] - click(findTestObject("Object Repository/Page_PSTO webMessenger - Zalogowano/img_Robert Majewski_sendButton")): Object: 'Object Repository/Page_PSTO webMessenger - Zalogowano/img_Robert Majewski_sendButton' is clicked on

2021-12-19 14:01:04 - [MESSAGE][PASSED] - Object: 'Object Repository/Page_PSTO webMessenger - Zalogowano/img_Robert Majewski_sendButton' is clicked on

2021-12-19 14:01:04 - [TEST_STEP][PASSED] - setText(findTestObject("Object Repository/Page_PSTO webMessenger - Zalogowano/input_Robert Majewski_messageInput"), "a"): Text 'a' is set on object 'Object Repository/Page_PSTO webMessenger - Zalogowano/input_Robert Majewski_messageInput'

2021-12-19 14:01:04 - [MESSAGE][PASSED] - Text 'a' is set on object 'Object Repository/Page_PSTO webMessenger - Zalogowano/input_Robert Majewski_messageInput'

2021-12-19 14:01:04 - [TEST_STEP][PASSED] - click(findTestObject("Object Repository/Page_PSTO webMessenger - Zalogowano/img_Robert Majewski_sendButton")): Object: 'Object Repository/Page_PSTO webMessenger - Zalogowano/img_Robert Majewski_sendButton' is clicked on

2021-12-19 14:01:05 - [MESSAGE][PASSED] - Object: 'Object Repository/Page_PSTO webMessenger - Zalogowano/img_Robert Majewski_sendButton' is clicked on

2021-12-19 14:01:05 - [TEST_STEP][PASSED] - setText(findTestObject("Object Repository/Page_PSTO webMessenger - Zalogowano/input_Robert Majewski_messageInput"), "a"): Text 'a' is set on object 'Object Repository/Page_PSTO webMessenger - Zalogowano/input_Robert Majewski_messageInput'

2021-12-19 14:01:06 - [MESSAGE][PASSED] - Text 'a' is set on object 'Object Repository/Page_PSTO webMessenger - Zalogowano/input_Robert Majewski_messageInput'

2021-12-19 14:01:06 - [TEST_STEP][PASSED] - click(findTestObject("Object Repository/Page_PSTO webMessenger - Zalogowano/img_Robert Majewski_sendButton")): Object: 'Object Repository/Page_PSTO webMessenger - Zalogowano/img_Robert Majewski_sendButton' is clicked on

2021-12-19 14:01:06 - [MESSAGE][PASSED] - Object: 'Object Repository/Page_PSTO webMessenger - Zalogowano/img_Robert Majewski_sendButton' is clicked on

2021-12-19 14:01:06 - [TEST_STEP][PASSED] - setText(findTestObject("Object Repository/Page_PSTO webMessenger - Zalogowano/input_Robert Majewski_messageInput"), "a"): Text 'a' is set on object 'Object Repository/Page_PSTO webMessenger - Zalogowano/input_Robert Majewski_messageInput'

2021-12-19 14:01:07 - [MESSAGE][PASSED] - Text 'a' is set on object 'Object Repository/Page_PSTO webMessenger - Zalogowano/input_Robert Majewski_messageInput'

2021-12-19 14:01:07 - [TEST_STEP][PASSED] - click(findTestObject("Object Repository/Page_PSTO webMessenger - Zalogowano/img_Robert Majewski_sendButton")): Object: 'Object Repository/Page_PSTO webMessenger - Zalogowano/img_Robert Majewski_sendButton' is clicked on

2021-12-19 14:01:09 - [MESSAGE][PASSED] - Object: 'Object Repository/Page_PSTO webMessenger - Zalogowano/img_Robert Majewski_sendButton' is clicked on

2021-12-19 14:01:09 - [TEST_STEP][PASSED] - setText(findTestObject("Object Repository/Page_PSTO webMessenger - Zalogowano/input_Robert Majewski_messageInput"), "a"): Text 'a' is set on object 'Object Repository/Page_PSTO webMessenger - Zalogowano/input_Robert Majewski_messageInput'

2021-12-19 14:01:10 - [MESSAGE][PASSED] - Text 'a' is set on object 'Object Repository/Page_PSTO webMessenger - Zalogowano/input_Robert Majewski_messageInput'

2021-12-19 14:01:10 - [TEST_STEP][PASSED] - click(findTestObject("Object Repository/Page_PSTO webMessenger - Zalogowano/img_Robert Majewski_sendButton")): Object: 'Object Repository/Page_PSTO webMessenger - Zalogowano/img_Robert Majewski_sendButton' is clicked on

2021-12-19 14:01:10 - [MESSAGE][PASSED] - Object: 'Object Repository/Page_PSTO webMessenger - Zalogowano/img_Robert Majewski_sendButton' is clicked on

2021-12-19 14:01:10 - [TEST_STEP][PASSED] - setText(findTestObject("Object Repository/Page_PSTO webMessenger - Zalogowano/input_Robert Majewski_messageInput"), "a"): Text 'a' is set on object 'Object Repository/Page_PSTO webMessenger - Zalogowano/input_Robert Majewski_messageInput'

2021-12-19 14:01:11 - [MESSAGE][PASSED] - Text 'a' is set on object 'Object Repository/Page_PSTO webMessenger - Zalogowano/input_Robert Majewski_messageInput'

2021-12-19 14:01:11 - [TEST_STEP][PASSED] - click(findTestObject("Object Repository/Page_PSTO webMessenger - Zalogowano/img_Robert Majewski_sendButton")): Object: 'Object Repository/Page_PSTO webMessenger - Zalogowano/img_Robert Majewski_sendButton' is clicked on

2021-12-19 14:01:11 - [MESSAGE][PASSED] - Object: 'Object Repository/Page_PSTO webMessenger - Zalogowano/img_Robert Majewski_sendButton' is clicked on

2021-12-19 14:01:11 - [TEST_STEP][PASSED] - setText(findTestObject("Object Repository/Page_PSTO webMessenger - Zalogowano/input_Robert Majewski_messageInput"), "a"): Text 'a' is set on object 'Object Repository/Page_PSTO webMessenger - Zalogowano/input_Robert Majewski_messageInput'

2021-12-19 14:01:12 - [MESSAGE][PASSED] - Text 'a' is set on object 'Object Repository/Page_PSTO webMessenger - Zalogowano/input_Robert Majewski_messageInput'

2021-12-19 14:01:12 - [TEST_STEP][PASSED] - click(findTestObject("Object Repository/Page_PSTO webMessenger - Zalogowano/img_Robert Majewski_sendButton")): Object: 'Object Repository/Page_PSTO webMessenger - Zalogowano/img_Robert Majewski_sendButton' is clicked on

2021-12-19 14:01:14 - [MESSAGE][PASSED] - Object: 'Object Repository/Page_PSTO webMessenger - Zalogowano/img_Robert Majewski_sendButton' is clicked on

2021-12-19 14:01:14 - [TEST_STEP][PASSED] - setText(findTestObject("Object Repository/Page_PSTO webMessenger - Zalogowano/input_Robert Majewski_messageInput"), "a"): Text 'a' is set on object 'Object Repository/Page_PSTO webMessenger - Zalogowano/input_Robert Majewski_messageInput'

2021-12-19 14:01:14 - [MESSAGE][PASSED] - Text 'a' is set on object 'Object Repository/Page_PSTO webMessenger - Zalogowano/input_Robert Majewski_messageInput'

2021-12-19 14:01:14 - [TEST_STEP][PASSED] - click(findTestObject("Object Repository/Page_PSTO webMessenger - Zalogowano/img_Robert Majewski_sendButton")): Object: 'Object Repository/Page_PSTO webMessenger - Zalogowano/img_Robert Majewski_sendButton' is clicked on

2021-12-19 14:01:15 - [MESSAGE][PASSED] - Object: 'Object Repository/Page_PSTO webMessenger - Zalogowano/img_Robert Majewski_sendButton' is clicked on

2021-12-19 14:01:15 - [TEST_STEP][PASSED] - setText(findTestObject("Object Repository/Page_PSTO webMessenger - Zalogowano/input_Robert Majewski_messageInput"), "a"): Text 'a' is set on object 'Object Repository/Page_PSTO webMessenger - Zalogowano/input_Robert Majewski_messageInput'

2021-12-19 14:01:16 - [MESSAGE][PASSED] - Text 'a' is set on object 'Object Repository/Page_PSTO webMessenger - Zalogowano/input_Robert Majewski_messageInput'

2021-12-19 14:01:16 - [TEST_STEP][PASSED] - click(findTestObject("Object Repository/Page_PSTO webMessenger - Zalogowano/img_Robert Majewski_sendButton")): Object: 'Object Repository/Page_PSTO webMessenger - Zalogowano/img_Robert Majewski_sendButton' is clicked on

2021-12-19 14:01:16 - [MESSAGE][PASSED] - Object: 'Object Repository/Page_PSTO webMessenger - Zalogowano/img_Robert Majewski_sendButton' is clicked on

2021-12-19 14:01:16 - [TEST_STEP][PASSED] - setText(findTestObject("Object Repository/Page_PSTO webMessenger - Zalogowano/input_Robert Majewski_messageInput"), "a"): Text 'a' is set on object 'Object Repository/Page_PSTO webMessenger - Zalogowano/input_Robert Majewski_messageInput'

2021-12-19 14:01:17 - [MESSAGE][PASSED] - Text 'a' is set on object 'Object Repository/Page_PSTO webMessenger - Zalogowano/input_Robert Majewski_messageInput'

2021-12-19 14:01:17 - [TEST_STEP][PASSED] - click(findTestObject("Object Repository/Page_PSTO webMessenger - Zalogowano/img_Robert Majewski_sendButton")): Object: 'Object Repository/Page_PSTO webMessenger - Zalogowano/img_Robert Majewski_sendButton' is clicked on

2021-12-19 14:01:19 - [MESSAGE][PASSED] - Object: 'Object Repository/Page_PSTO webMessenger - Zalogowano/img_Robert Majewski_sendButton' is clicked on

2021-12-19 14:01:19 - [TEST_STEP][PASSED] - setText(findTestObject("Object Repository/Page_PSTO webMessenger - Zalogowano/input_Robert Majewski_messageInput"), "a"): Text 'a' is set on object 'Object Repository/Page_PSTO webMessenger - Zalogowano/input_Robert Majewski_messageInput'

2021-12-19 14:01:19 - [MESSAGE][PASSED] - Text 'a' is set on object 'Object Repository/Page_PSTO webMessenger - Zalogowano/input_Robert Majewski_messageInput'

2021-12-19 14:01:19 - [TEST_STEP][PASSED] - click(findTestObject("Object Repository/Page_PSTO webMessenger - Zalogowano/img_Robert Majewski_sendButton")): Object: 'Object Repository/Page_PSTO webMessenger - Zalogowano/img_Robert Majewski_sendButton' is clicked on

2021-12-19 14:01:20 - [MESSAGE][PASSED] - Object: 'Object Repository/Page_PSTO webMessenger - Zalogowano/img_Robert Majewski_sendButton' is clicked on

2021-12-19 14:01:20 - [TEST_STEP][PASSED] - setText(findTestObject("Object Repository/Page_PSTO webMessenger - Zalogowano/input_Robert Majewski_messageInput"), "a"): Text 'a' is set on object 'Object Repository/Page_PSTO webMessenger - Zalogowano/input_Robert Majewski_messageInput'

2021-12-19 14:01:21 - [MESSAGE][PASSED] - Text 'a' is set on object 'Object Repository/Page_PSTO webMessenger - Zalogowano/input_Robert Majewski_messageInput'

2021-12-19 14:01:21 - [TEST_STEP][PASSED] - click(findTestObject("Object Repository/Page_PSTO webMessenger - Zalogowano/img_Robert Majewski_sendButton")): Object: 'Object Repository/Page_PSTO webMessenger - Zalogowano/img_Robert Majewski_sendButton' is clicked on

2021-12-19 14:01:22 - [MESSAGE][PASSED] - Object: 'Object Repository/Page_PSTO webMessenger - Zalogowano/img_Robert Majewski_sendButton' is clicked on

2021-12-19 14:01:22 - [TEST_STEP][PASSED] - setText(findTestObject("Object Repository/Page_PSTO webMessenger - Zalogowano/input_Robert Majewski_messageInput"), "a"): Text 'a' is set on object 'Object Repository/Page_PSTO webMessenger - Zalogowano/input_Robert Majewski_messageInput'

2021-12-19 14:01:22 - [MESSAGE][PASSED] - Text 'a' is set on object 'Object Repository/Page_PSTO webMessenger - Zalogowano/input_Robert Majewski_messageInput'

2021-12-19 14:01:22 - [TEST_STEP][PASSED] - click(findTestObject("Object Repository/Page_PSTO webMessenger - Zalogowano/img_Robert Majewski_sendButton")): Object: 'Object Repository/Page_PSTO webMessenger - Zalogowano/img_Robert Majewski_sendButton' is clicked on

2021-12-19 14:01:24 - [MESSAGE][PASSED] - Object: 'Object Repository/Page_PSTO webMessenger - Zalogowano/img_Robert Majewski_sendButton' is clicked on

2021-12-19 14:01:24 - [TEST_STEP][PASSED] - setText(findTestObject("Object Repository/Page_PSTO webMessenger - Zalogowano/input_Robert Majewski_messageInput"), "a"): Text 'a' is set on object 'Object Repository/Page_PSTO webMessenger - Zalogowano/input_Robert Majewski_messageInput'

2021-12-19 14:01:24 - [MESSAGE][PASSED] - Text 'a' is set on object 'Object Repository/Page_PSTO webMessenger - Zalogowano/input_Robert Majewski_messageInput'

2021-12-19 14:01:24 - [TEST_STEP][PASSED] - click(findTestObject("Object Repository/Page_PSTO webMessenger - Zalogowano/img_Robert Majewski_sendButton")): Object: 'Object Repository/Page_PSTO webMessenger - Zalogowano/img_Robert Majewski_sendButton' is clicked on

2021-12-19 14:01:25 - [MESSAGE][PASSED] - Object: 'Object Repository/Page_PSTO webMessenger - Zalogowano/img_Robert Majewski_sendButton' is clicked on

2021-12-19 14:01:25 - [TEST_STEP][PASSED] - setText(findTestObject("Object Repository/Page_PSTO webMessenger - Zalogowano/input_Robert Majewski_messageInput"), "a"): Text 'a' is set on object 'Object Repository/Page_PSTO webMessenger - Zalogowano/input_Robert Majewski_messageInput'

2021-12-19 14:01:26 - [MESSAGE][PASSED] - Text 'a' is set on object 'Object Repository/Page_PSTO webMessenger - Zalogowano/input_Robert Majewski_messageInput'

2021-12-19 14:01:26 - [TEST_STEP][PASSED] - click(findTestObject("Object Repository/Page_PSTO webMessenger - Zalogowano/img_Robert Majewski_sendButton")): Object: 'Object Repository/Page_PSTO webMessenger - Zalogowano/img_Robert Majewski_sendButton' is clicked on

2021-12-19 14:01:26 - [MESSAGE][PASSED] - Object: 'Object Repository/Page_PSTO webMessenger - Zalogowano/img_Robert Majewski_sendButton' is clicked on

2021-12-19 14:01:26 - [TEST_STEP][PASSED] - setText(findTestObject("Object Repository/Page_PSTO webMessenger - Zalogowano/input_Robert Majewski_messageInput"), "a"): Text 'a' is set on object 'Object Repository/Page_PSTO webMessenger - Zalogowano/input_Robert Majewski_messageInput'

2021-12-19 14:01:27 - [MESSAGE][PASSED] - Text 'a' is set on object 'Object Repository/Page_PSTO webMessenger - Zalogowano/input_Robert Majewski_messageInput'

2021-12-19 14:01:27 - [TEST_STEP][PASSED] - click(findTestObject("Object Repository/Page_PSTO webMessenger - Zalogowano/img_Robert Majewski_sendButton")): Object: 'Object Repository/Page_PSTO webMessenger - Zalogowano/img_Robert Majewski_sendButton' is clicked on

2021-12-19 14:01:29 - [MESSAGE][PASSED] - Object: 'Object Repository/Page_PSTO webMessenger - Zalogowano/img_Robert Majewski_sendButton' is clicked on

2021-12-19 14:01:29 - [TEST_STEP][PASSED] - setText(findTestObject("Object Repository/Page_PSTO webMessenger - Zalogowano/input_Robert Majewski_messageInput"), "a"): Text 'a' is set on object 'Object Repository/Page_PSTO webMessenger - Zalogowano/input_Robert Majewski_messageInput'

2021-12-19 14:01:30 - [MESSAGE][PASSED] - Text 'a' is set on object 'Object Repository/Page_PSTO webMessenger - Zalogowano/input_Robert Majewski_messageInput'

2021-12-19 14:01:30 - [TEST_STEP][PASSED] - click(findTestObject("Object Repository/Page_PSTO webMessenger - Zalogowano/img_Robert Majewski_sendButton")): Object: 'Object Repository/Page_PSTO webMessenger - Zalogowano/img_Robert Majewski_sendButton' is clicked on

2021-12-19 14:01:30 - [MESSAGE][PASSED] - Object: 'Object Repository/Page_PSTO webMessenger - Zalogowano/img_Robert Majewski_sendButton' is clicked on

2021-12-19 14:01:30 - [TEST_STEP][PASSED] - setText(findTestObject("Object Repository/Page_PSTO webMessenger - Zalogowano/input_Robert Majewski_messageInput"), "a"): Text 'a' is set on object 'Object Repository/Page_PSTO webMessenger - Zalogowano/input_Robert Majewski_messageInput'

2021-12-19 14:01:31 - [MESSAGE][PASSED] - Text 'a' is set on object 'Object Repository/Page_PSTO webMessenger - Zalogowano/input_Robert Majewski_messageInput'

2021-12-19 14:01:31 - [TEST_STEP][PASSED] - click(findTestObject("Object Repository/Page_PSTO webMessenger - Zalogowano/img_Robert Majewski_sendButton")): Object: 'Object Repository/Page_PSTO webMessenger - Zalogowano/img_Robert Majewski_sendButton' is clicked on

2021-12-19 14:01:32 - [MESSAGE][PASSED] - Object: 'Object Repository/Page_PSTO webMessenger - Zalogowano/img_Robert Majewski_sendButton' is clicked on

2021-12-19 14:01:32 - [TEST_STEP][PASSED] - setText(findTestObject("Object Repository/Page_PSTO webMessenger - Zalogowano/input_Robert Majewski_messageInput"), "a"): Text 'a' is set on object 'Object Repository/Page_PSTO webMessenger - Zalogowano/input_Robert Majewski_messageInput'

2021-12-19 14:01:32 - [MESSAGE][PASSED] - Text 'a' is set on object 'Object Repository/Page_PSTO webMessenger - Zalogowano/input_Robert Majewski_messageInput'

2021-12-19 14:01:32 - [TEST_STEP][PASSED] - click(findTestObject("Object Repository/Page_PSTO webMessenger - Zalogowano/img_Robert Majewski_sendButton")): Object: 'Object Repository/Page_PSTO webMessenger - Zalogowano/img_Robert Majewski_sendButton' is clicked on

2021-12-19 14:01:34 - [MESSAGE][PASSED] - Object: 'Object Repository/Page_PSTO webMessenger - Zalogowano/img_Robert Majewski_sendButton' is clicked on

2021-12-19 14:01:34 - [TEST_STEP][PASSED] - setText(findTestObject("Object Repository/Page_PSTO webMessenger - Zalogowano/input_Robert Majewski_messageInput"), "a"): Text 'a' is set on object 'Object Repository/Page_PSTO webMessenger - Zalogowano/input_Robert Majewski_messageInput'

2021-12-19 14:01:35 - [MESSAGE][PASSED] - Text 'a' is set on object 'Object Repository/Page_PSTO webMessenger - Zalogowano/input_Robert Majewski_messageInput'

2021-12-19 14:01:35 - [TEST_STEP][PASSED] - click(findTestObject("Object Repository/Page_PSTO webMessenger - Zalogowano/img_Robert Majewski_sendButton")): Object: 'Object Repository/Page_PSTO webMessenger - Zalogowano/img_Robert Majewski_sendButton' is clicked on

2021-12-19 14:01:35 - [MESSAGE][PASSED] - Object: 'Object Repository/Page_PSTO webMessenger - Zalogowano/img_Robert Majewski_sendButton' is clicked on

2021-12-19 14:01:35 - [TEST_STEP][PASSED] - setText(findTestObject("Object Repository/Page_PSTO webMessenger - Zalogowano/input_Robert Majewski_messageInput"), "a"): Text 'a' is set on object 'Object Repository/Page_PSTO webMessenger - Zalogowano/input_Robert Majewski_messageInput'

2021-12-19 14:01:36 - [MESSAGE][PASSED] - Text 'a' is set on object 'Object Repository/Page_PSTO webMessenger - Zalogowano/input_Robert Majewski_messageInput'

2021-12-19 14:01:36 - [TEST_STEP][PASSED] - click(findTestObject("Object Repository/Page_PSTO webMessenger - Zalogowano/img_Robert Majewski_sendButton")): Object: 'Object Repository/Page_PSTO webMessenger - Zalogowano/img_Robert Majewski_sendButton' is clicked on

2021-12-19 14:01:37 - [MESSAGE][PASSED] - Object: 'Object Repository/Page_PSTO webMessenger - Zalogowano/img_Robert Majewski_sendButton' is clicked on

2021-12-19 14:01:37 - [TEST_STEP][PASSED] - setText(findTestObject("Object Repository/Page_PSTO webMessenger - Zalogowano/input_Robert Majewski_messageInput"), "a"): Text 'a' is set on object 'Object Repository/Page_PSTO webMessenger - Zalogowano/input_Robert Majewski_messageInput'

2021-12-19 14:01:37 - [MESSAGE][PASSED] - Text 'a' is set on object 'Object Repository/Page_PSTO webMessenger - Zalogowano/input_Robert Majewski_messageInput'

2021-12-19 14:01:37 - [TEST_STEP][PASSED] - click(findTestObject("Object Repository/Page_PSTO webMessenger - Zalogowano/img_Robert Majewski_sendButton")): Object: 'Object Repository/Page_PSTO webMessenger - Zalogowano/img_Robert Majewski_sendButton' is clicked on

2021-12-19 14:01:38 - [MESSAGE][PASSED] - Object: 'Object Repository/Page_PSTO webMessenger - Zalogowano/img_Robert Majewski_sendButton' is clicked on

2021-12-19 14:01:38 - [TEST_STEP][PASSED] - setText(findTestObject("Object Repository/Page_PSTO webMessenger - Zalogowano/input_Robert Majewski_messageInput"), "a"): Text 'a' is set on object 'Object Repository/Page_PSTO webMessenger - Zalogowano/input_Robert Majewski_messageInput'

2021-12-19 14:01:39 - [MESSAGE][PASSED] - Text 'a' is set on object 'Object Repository/Page_PSTO webMessenger - Zalogowano/input_Robert Majewski_messageInput'

2021-12-19 14:01:39 - [TEST_STEP][PASSED] - click(findTestObject("Object Repository/Page_PSTO webMessenger - Zalogowano/img_Robert Majewski_sendButton")): Object: 'Object Repository/Page_PSTO webMessenger - Zalogowano/img_Robert Majewski_sendButton' is clicked on

2021-12-19 14:01:40 - [MESSAGE][PASSED] - Object: 'Object Repository/Page_PSTO webMessenger - Zalogowano/img_Robert Majewski_sendButton' is clicked on

2021-12-19 14:01:40 - [TEST_STEP][PASSED] - setText(findTestObject("Object Repository/Page_PSTO webMessenger - Zalogowano/input_Robert Majewski_messageInput"), "a"): Text 'a' is set on object 'Object Repository/Page_PSTO webMessenger - Zalogowano/input_Robert Majewski_messageInput'

2021-12-19 14:01:40 - [MESSAGE][PASSED] - Text 'a' is set on object 'Object Repository/Page_PSTO webMessenger - Zalogowano/input_Robert Majewski_messageInput'

2021-12-19 14:01:40 - [TEST_STEP][PASSED] - click(findTestObject("Object Repository/Page_PSTO webMessenger - Zalogowano/img_Robert Majewski_sendButton")): Object: 'Object Repository/Page_PSTO webMessenger - Zalogowano/img_Robert Majewski_sendButton' is clicked on

2021-12-19 14:01:41 - [MESSAGE][PASSED] - Object: 'Object Repository/Page_PSTO webMessenger - Zalogowano/img_Robert Majewski_sendButton' is clicked on

2021-12-19 14:01:41 - [TEST_STEP][PASSED] - setText(findTestObject("Object Repository/Page_PSTO webMessenger - Zalogowano/input_Robert Majewski_messageInput"), "a"): Text 'a' is set on object 'Object Repository/Page_PSTO webMessenger - Zalogowano/input_Robert Majewski_messageInput'

2021-12-19 14:01:42 - [MESSAGE][PASSED] - Text 'a' is set on object 'Object Repository/Page_PSTO webMessenger - Zalogowano/input_Robert Majewski_messageInput'

2021-12-19 14:01:42 - [TEST_STEP][PASSED] - click(findTestObject("Object Repository/Page_PSTO webMessenger - Zalogowano/img_Robert Majewski_sendButton")): Object: 'Object Repository/Page_PSTO webMessenger - Zalogowano/img_Robert Majewski_sendButton' is clicked on

2021-12-19 14:01:42 - [MESSAGE][PASSED] - Object: 'Object Repository/Page_PSTO webMessenger - Zalogowano/img_Robert Majewski_sendButton' is clicked on

2021-12-19 14:01:42 - [TEST_STEP][PASSED] - setText(findTestObject("Object Repository/Page_PSTO webMessenger - Zalogowano/input_Robert Majewski_messageInput"), "a"): Text 'a' is set on object 'Object Repository/Page_PSTO webMessenger - Zalogowano/input_Robert Majewski_messageInput'

2021-12-19 14:01:44 - [MESSAGE][PASSED] - Text 'a' is set on object 'Object Repository/Page_PSTO webMessenger - Zalogowano/input_Robert Majewski_messageInput'

2021-12-19 14:01:44 - [TEST_STEP][PASSED] - click(findTestObject("Object Repository/Page_PSTO webMessenger - Zalogowano/img_Robert Majewski_sendButton")): Object: 'Object Repository/Page_PSTO webMessenger - Zalogowano/img_Robert Majewski_sendButton' is clicked on

2021-12-19 14:01:45 - [MESSAGE][PASSED] - Object: 'Object Repository/Page_PSTO webMessenger - Zalogowano/img_Robert Majewski_sendButton' is clicked on

2021-12-19 14:01:45 - [TEST_STEP][PASSED] - setText(findTestObject("Object Repository/Page_PSTO webMessenger - Zalogowano/input_Robert Majewski_messageInput"), "a"): Text 'a' is set on object 'Object Repository/Page_PSTO webMessenger - Zalogowano/input_Robert Majewski_messageInput'

2021-12-19 14:01:45 - [MESSAGE][PASSED] - Text 'a' is set on object 'Object Repository/Page_PSTO webMessenger - Zalogowano/input_Robert Majewski_messageInput'

2021-12-19 14:01:45 - [TEST_STEP][PASSED] - click(findTestObject("Object Repository/Page_PSTO webMessenger - Zalogowano/img_Robert Majewski_sendButton")): Object: 'Object Repository/Page_PSTO webMessenger - Zalogowano/img_Robert Majewski_sendButton' is clicked on

2021-12-19 14:01:46 - [MESSAGE][PASSED] - Object: 'Object Repository/Page_PSTO webMessenger - Zalogowano/img_Robert Majewski_sendButton' is clicked on

2021-12-19 14:01:46 - [TEST_STEP][PASSED] - setText(findTestObject("Object Repository/Page_PSTO webMessenger - Zalogowano/input_Robert Majewski_messageInput"), "a"): Text 'a' is set on object 'Object Repository/Page_PSTO webMessenger - Zalogowano/input_Robert Majewski_messageInput'

2021-12-19 14:01:47 - [MESSAGE][PASSED] - Text 'a' is set on object 'Object Repository/Page_PSTO webMessenger - Zalogowano/input_Robert Majewski_messageInput'

2021-12-19 14:01:47 - [TEST_STEP][PASSED] - click(findTestObject("Object Repository/Page_PSTO webMessenger - Zalogowano/img_Robert Majewski_sendButton")): Object: 'Object Repository/Page_PSTO webMessenger - Zalogowano/img_Robert Majewski_sendButton' is clicked on

2021-12-19 14:01:47 - [MESSAGE][PASSED] - Object: 'Object Repository/Page_PSTO webMessenger - Zalogowano/img_Robert Majewski_sendButton' is clicked on

2021-12-19 14:01:47 - [TEST_STEP][PASSED] - setText(findTestObject("Object Repository/Page_PSTO webMessenger - Zalogowano/input_Robert Majewski_messageInput"), "a"): Text 'a' is set on object 'Object Repository/Page_PSTO webMessenger - Zalogowano/input_Robert Majewski_messageInput'

2021-12-19 14:01:49 - [MESSAGE][PASSED] - Text 'a' is set on object 'Object Repository/Page_PSTO webMessenger - Zalogowano/input_Robert Majewski_messageInput'

2021-12-19 14:01:49 - [TEST_STEP][PASSED] - click(findTestObject("Object Repository/Page_PSTO webMessenger - Zalogowano/img_Robert Majewski_sendButton")): Object: 'Object Repository/Page_PSTO webMessenger - Zalogowano/img_Robert Majewski_sendButton' is clicked on

2021-12-19 14:01:50 - [MESSAGE][PASSED] - Object: 'Object Repository/Page_PSTO webMessenger - Zalogowano/img_Robert Majewski_sendButton' is clicked on

2021-12-19 14:01:50 - [TEST_STEP][PASSED] - setText(findTestObject("Object Repository/Page_PSTO webMessenger - Zalogowano/input_Robert Majewski_messageInput"), "a"): Text 'a' is set on object 'Object Repository/Page_PSTO webMessenger - Zalogowano/input_Robert Majewski_messageInput'

2021-12-19 14:01:50 - [MESSAGE][PASSED] - Text 'a' is set on object 'Object Repository/Page_PSTO webMessenger - Zalogowano/input_Robert Majewski_messageInput'

2021-12-19 14:01:50 - [TEST_STEP][PASSED] - click(findTestObject("Object Repository/Page_PSTO webMessenger - Zalogowano/img_Robert Majewski_sendButton")): Object: 'Object Repository/Page_PSTO webMessenger - Zalogowano/img_Robert Majewski_sendButton' is clicked on

2021-12-19 14:01:51 - [MESSAGE][PASSED] - Object: 'Object Repository/Page_PSTO webMessenger - Zalogowano/img_Robert Majewski_sendButton' is clicked on

2021-12-19 14:01:51 - [TEST_STEP][PASSED] - setText(findTestObject("Object Repository/Page_PSTO webMessenger - Zalogowano/input_Robert Majewski_messageInput"), "a"): Text 'a' is set on object 'Object Repository/Page_PSTO webMessenger - Zalogowano/input_Robert Majewski_messageInput'

2021-12-19 14:01:52 - [MESSAGE][PASSED] - Text 'a' is set on object 'Object Repository/Page_PSTO webMessenger - Zalogowano/input_Robert Majewski_messageInput'

2021-12-19 14:01:52 - [TEST_STEP][PASSED] - click(findTestObject("Object Repository/Page_PSTO webMessenger - Zalogowano/img_Robert Majewski_sendButton")): Object: 'Object Repository/Page_PSTO webMessenger - Zalogowano/img_Robert Majewski_sendButton' is clicked on

2021-12-19 14:01:52 - [MESSAGE][PASSED] - Object: 'Object Repository/Page_PSTO webMessenger - Zalogowano/img_Robert Majewski_sendButton' is clicked on

2021-12-19 14:01:52 - [TEST_STEP][PASSED] - setText(findTestObject("Object Repository/Page_PSTO webMessenger - Zalogowano/input_Robert Majewski_messageInput"), "a"): Text 'a' is set on object 'Object Repository/Page_PSTO webMessenger - Zalogowano/input_Robert Majewski_messageInput'

2021-12-19 14:01:54 - [MESSAGE][PASSED] - Text 'a' is set on object 'Object Repository/Page_PSTO webMessenger - Zalogowano/input_Robert Majewski_messageInput'

2021-12-19 14:01:54 - [TEST_STEP][PASSED] - click(findTestObject("Object Repository/Page_PSTO webMessenger - Zalogowano/img_Robert Majewski_sendButton")): Object: 'Object Repository/Page_PSTO webMessenger - Zalogowano/img_Robert Majewski_sendButton' is clicked on

2021-12-19 14:01:54 - [MESSAGE][PASSED] - Object: 'Object Repository/Page_PSTO webMessenger - Zalogowano/img_Robert Majewski_sendButton' is clicked on

2021-12-19 14:01:54 - [TEST_STEP][PASSED] - setText(findTestObject("Object Repository/Page_PSTO webMessenger - Zalogowano/input_Robert Majewski_messageInput"), "a"): Text 'a' is set on object 'Object Repository/Page_PSTO webMessenger - Zalogowano/input_Robert Majewski_messageInput'

2021-12-19 14:01:55 - [MESSAGE][PASSED] - Text 'a' is set on object 'Object Repository/Page_PSTO webMessenger - Zalogowano/input_Robert Majewski_messageInput'

2021-12-19 14:01:55 - [TEST_STEP][PASSED] - click(findTestObject("Object Repository/Page_PSTO webMessenger - Zalogowano/img_Robert Majewski_sendButton")): Object: 'Object Repository/Page_PSTO webMessenger - Zalogowano/img_Robert Majewski_sendButton' is clicked on

2021-12-19 14:01:56 - [MESSAGE][PASSED] - Object: 'Object Repository/Page_PSTO webMessenger - Zalogowano/img_Robert Majewski_sendButton' is clicked on

2021-12-19 14:01:56 - [TEST_STEP][PASSED] - setText(findTestObject("Object Repository/Page_PSTO webMessenger - Zalogowano/input_Robert Majewski_messageInput"), "a"): Text 'a' is set on object 'Object Repository/Page_PSTO webMessenger - Zalogowano/input_Robert Majewski_messageInput'

2021-12-19 14:01:57 - [MESSAGE][PASSED] - Text 'a' is set on object 'Object Repository/Page_PSTO webMessenger - Zalogowano/input_Robert Majewski_messageInput'

2021-12-19 14:01:57 - [TEST_STEP][PASSED] - click(findTestObject("Object Repository/Page_PSTO webMessenger - Zalogowano/img_Robert Majewski_sendButton")): Object: 'Object Repository/Page_PSTO webMessenger - Zalogowano/img_Robert Majewski_sendButton' is clicked on

2021-12-19 14:01:57 - [MESSAGE][PASSED] - Object: 'Object Repository/Page_PSTO webMessenger - Zalogowano/img_Robert Majewski_sendButton' is clicked on

2021-12-19 14:01:57 - [TEST_STEP][PASSED] - setText(findTestObject("Object Repository/Page_PSTO webMessenger - Zalogowano/input_Robert Majewski_messageInput"), "a"): Text 'a' is set on object 'Object Repository/Page_PSTO webMessenger - Zalogowano/input_Robert Majewski_messageInput'

2021-12-19 14:01:59 - [MESSAGE][PASSED] - Text 'a' is set on object 'Object Repository/Page_PSTO webMessenger - Zalogowano/input_Robert Majewski_messageInput'

2021-12-19 14:01:59 - [TEST_STEP][PASSED] - click(findTestObject("Object Repository/Page_PSTO webMessenger - Zalogowano/img_Robert Majewski_sendButton")): Object: 'Object Repository/Page_PSTO webMessenger - Zalogowano/img_Robert Majewski_sendButton' is clicked on

2021-12-19 14:02:00 - [MESSAGE][PASSED] - Object: 'Object Repository/Page_PSTO webMessenger - Zalogowano/img_Robert Majewski_sendButton' is clicked on

2021-12-19 14:02:00 - [TEST_STEP][PASSED] - setText(findTestObject("Object Repository/Page_PSTO webMessenger - Zalogowano/input_Robert Majewski_messageInput"), "a"): Text 'a' is set on object 'Object Repository/Page_PSTO webMessenger - Zalogowano/input_Robert Majewski_messageInput'

2021-12-19 14:02:00 - [MESSAGE][PASSED] - Text 'a' is set on object 'Object Repository/Page_PSTO webMessenger - Zalogowano/input_Robert Majewski_messageInput'

2021-12-19 14:02:00 - [TEST_STEP][PASSED] - click(findTestObject("Object Repository/Page_PSTO webMessenger - Zalogowano/img_Robert Majewski_sendButton")): Object: 'Object Repository/Page_PSTO webMessenger - Zalogowano/img_Robert Majewski_sendButton' is clicked on

2021-12-19 14:02:01 - [MESSAGE][PASSED] - Object: 'Object Repository/Page_PSTO webMessenger - Zalogowano/img_Robert Majewski_sendButton' is clicked on

2021-12-19 14:02:01 - [TEST_STEP][PASSED] - setText(findTestObject("Object Repository/Page_PSTO webMessenger - Zalogowano/input_Robert Majewski_messageInput"), "a"): Text 'a' is set on object 'Object Repository/Page_PSTO webMessenger - Zalogowano/input_Robert Majewski_messageInput'

2021-12-19 14:02:02 - [MESSAGE][PASSED] - Text 'a' is set on object 'Object Repository/Page_PSTO webMessenger - Zalogowano/input_Robert Majewski_messageInput'

2021-12-19 14:02:02 - [TEST_STEP][PASSED] - click(findTestObject("Object Repository/Page_PSTO webMessenger - Zalogowano/img_Robert Majewski_sendButton")): Object: 'Object Repository/Page_PSTO webMessenger - Zalogowano/img_Robert Majewski_sendButton' is clicked on

2021-12-19 14:02:02 - [MESSAGE][PASSED] - Object: 'Object Repository/Page_PSTO webMessenger - Zalogowano/img_Robert Majewski_sendButton' is clicked on

2021-12-19 14:02:02 - [TEST_STEP][PASSED] - setText(findTestObject("Object Repository/Page_PSTO webMessenger - Zalogowano/input_Robert Majewski_messageInput"), "a"): Text 'a' is set on object 'Object Repository/Page_PSTO webMessenger - Zalogowano/input_Robert Majewski_messageInput'

2021-12-19 14:02:04 - [MESSAGE][PASSED] - Text 'a' is set on object 'Object Repository/Page_PSTO webMessenger - Zalogowano/input_Robert Majewski_messageInput'

2021-12-19 14:02:04 - [TEST_STEP][PASSED] - click(findTestObject("Object Repository/Page_PSTO webMessenger - Zalogowano/img_Robert Majewski_sendButton")): Object: 'Object Repository/Page_PSTO webMessenger - Zalogowano/img_Robert Majewski_sendButton' is clicked on

2021-12-19 14:02:05 - [MESSAGE][PASSED] - Object: 'Object Repository/Page_PSTO webMessenger - Zalogowano/img_Robert Majewski_sendButton' is clicked on

2021-12-19 14:02:05 - [TEST_STEP][PASSED] - setText(findTestObject("Object Repository/Page_PSTO webMessenger - Zalogowano/input_Robert Majewski_messageInput"), "a"): Text 'a' is set on object 'Object Repository/Page_PSTO webMessenger - Zalogowano/input_Robert Majewski_messageInput'

2021-12-19 14:02:06 - [MESSAGE][PASSED] - Text 'a' is set on object 'Object Repository/Page_PSTO webMessenger - Zalogowano/input_Robert Majewski_messageInput'

2021-12-19 14:02:06 - [TEST_STEP][PASSED] - click(findTestObject("Object Repository/Page_PSTO webMessenger - Zalogowano/img_Robert Majewski_sendButton")): Object: 'Object Repository/Page_PSTO webMessenger - Zalogowano/img_Robert Majewski_sendButton' is clicked on

2021-12-19 14:02:06 - [MESSAGE][PASSED] - Object: 'Object Repository/Page_PSTO webMessenger - Zalogowano/img_Robert Majewski_sendButton' is clicked on

2021-12-19 14:02:06 - [TEST_STEP][PASSED] - setText(findTestObject("Object Repository/Page_PSTO webMessenger - Zalogowano/input_Robert Majewski_messageInput"), "a"): Text 'a' is set on object 'Object Repository/Page_PSTO webMessenger - Zalogowano/input_Robert Majewski_messageInput'

2021-12-19 14:02:07 - [MESSAGE][PASSED] - Text 'a' is set on object 'Object Repository/Page_PSTO webMessenger - Zalogowano/input_Robert Majewski_messageInput'

2021-12-19 14:02:07 - [TEST_STEP][PASSED] - click(findTestObject("Object Repository/Page_PSTO webMessenger - Zalogowano/img_Robert Majewski_sendButton")): Object: 'Object Repository/Page_PSTO webMessenger - Zalogowano/img_Robert Majewski_sendButton' is clicked on

2021-12-19 14:02:08 - [MESSAGE][PASSED] - Object: 'Object Repository/Page_PSTO webMessenger - Zalogowano/img_Robert Majewski_sendButton' is clicked on

2021-12-19 14:02:08 - [TEST_STEP][PASSED] - setText(findTestObject("Object Repository/Page_PSTO webMessenger - Zalogowano/input_Robert Majewski_messageInput"), "a"): Text 'a' is set on object 'Object Repository/Page_PSTO webMessenger - Zalogowano/input_Robert Majewski_messageInput'

2021-12-19 14:02:08 - [MESSAGE][PASSED] - Text 'a' is set on object 'Object Repository/Page_PSTO webMessenger - Zalogowano/input_Robert Majewski_messageInput'

2021-12-19 14:02:08 - [TEST_STEP][PASSED] - click(findTestObject("Object Repository/Page_PSTO webMessenger - Zalogowano/img_Robert Majewski_sendButton")): Object: 'Object Repository/Page_PSTO webMessenger - Zalogowano/img_Robert Majewski_sendButton' is clicked on

2021-12-19 14:02:09 - [MESSAGE][PASSED] - Object: 'Object Repository/Page_PSTO webMessenger - Zalogowano/img_Robert Majewski_sendButton' is clicked on

2021-12-19 14:02:09 - [TEST_STEP][PASSED] - setText(findTestObject("Object Repository/Page_PSTO webMessenger - Zalogowano/input_Robert Majewski_messageInput"), "a"): Text 'a' is set on object 'Object Repository/Page_PSTO webMessenger - Zalogowano/input_Robert Majewski_messageInput'

2021-12-19 14:02:10 - [MESSAGE][PASSED] - Text 'a' is set on object 'Object Repository/Page_PSTO webMessenger - Zalogowano/input_Robert Majewski_messageInput'

2021-12-19 14:02:10 - [TEST_STEP][PASSED] - click(findTestObject("Object Repository/Page_PSTO webMessenger - Zalogowano/img_Robert Majewski_sendButton")): Object: 'Object Repository/Page_PSTO webMessenger - Zalogowano/img_Robert Majewski_sendButton' is clicked on

2021-12-19 14:02:10 - [MESSAGE][PASSED] - Object: 'Object Repository/Page_PSTO webMessenger - Zalogowano/img_Robert Majewski_sendButton' is clicked on

2021-12-19 14:02:10 - [TEST_STEP][PASSED] - setText(findTestObject("Object Repository/Page_PSTO webMessenger - Zalogowano/input_Robert Majewski_messageInput"), "a"): Text 'a' is set on object 'Object Repository/Page_PSTO webMessenger - Zalogowano/input_Robert Majewski_messageInput'

2021-12-19 14:02:11 - [MESSAGE][PASSED] - Text 'a' is set on object 'Object Repository/Page_PSTO webMessenger - Zalogowano/input_Robert Majewski_messageInput'

2021-12-19 14:02:11 - [TEST_STEP][PASSED] - click(findTestObject("Object Repository/Page_PSTO webMessenger - Zalogowano/img_Robert Majewski_sendButton")): Object: 'Object Repository/Page_PSTO webMessenger - Zalogowano/img_Robert Majewski_sendButton' is clicked on

2021-12-19 14:02:12 - [MESSAGE][PASSED] - Object: 'Object Repository/Page_PSTO webMessenger - Zalogowano/img_Robert Majewski_sendButton' is clicked on

2021-12-19 14:02:12 - [TEST_STEP][PASSED] - setText(findTestObject("Object Repository/Page_PSTO webMessenger - Zalogowano/input_Robert Majewski_messageInput"), "a"): Text 'a' is set on object 'Object Repository/Page_PSTO webMessenger - Zalogowano/input_Robert Majewski_messageInput'

2021-12-19 14:02:12 - [MESSAGE][PASSED] - Text 'a' is set on object 'Object Repository/Page_PSTO webMessenger - Zalogowano/input_Robert Majewski_messageInput'

2021-12-19 14:02:12 - [TEST_STEP][PASSED] - click(findTestObject("Object Repository/Page_PSTO webMessenger - Zalogowano/img_Robert Majewski_sendButton")): Object: 'Object Repository/Page_PSTO webMessenger - Zalogowano/img_Robert Majewski_sendButton' is clicked on

2021-12-19 14:02:14 - [MESSAGE][PASSED] - Object: 'Object Repository/Page_PSTO webMessenger - Zalogowano/img_Robert Majewski_sendButton' is clicked on

2021-12-19 14:02:14 - [TEST_STEP][PASSED] - setText(findTestObject("Object Repository/Page_PSTO webMessenger - Zalogowano/input_Robert Majewski_messageInput"), "a"): Text 'a' is set on object 'Object Repository/Page_PSTO webMessenger - Zalogowano/input_Robert Majewski_messageInput'

2021-12-19 14:02:15 - [MESSAGE][PASSED] - Text 'a' is set on object 'Object Repository/Page_PSTO webMessenger - Zalogowano/input_Robert Majewski_messageInput'

2021-12-19 14:02:15 - [TEST_STEP][PASSED] - click(findTestObject("Object Repository/Page_PSTO webMessenger - Zalogowano/img_Robert Majewski_sendButton")): Object: 'Object Repository/Page_PSTO webMessenger - Zalogowano/img_Robert Majewski_sendButton' is clicked on

2021-12-19 14:02:15 - [MESSAGE][PASSED] - Object: 'Object Repository/Page_PSTO webMessenger - Zalogowano/img_Robert Majewski_sendButton' is clicked on

2021-12-19 14:02:15 - [TEST_STEP][PASSED] - setText(findTestObject("Object Repository/Page_PSTO webMessenger - Zalogowano/input_Robert Majewski_messageInput"), "a"): Text 'a' is set on object 'Object Repository/Page_PSTO webMessenger - Zalogowano/input_Robert Majewski_messageInput'

2021-12-19 14:02:16 - [MESSAGE][PASSED] - Text 'a' is set on object 'Object Repository/Page_PSTO webMessenger - Zalogowano/input_Robert Majewski_messageInput'

2021-12-19 14:02:16 - [TEST_STEP][PASSED] - click(findTestObject("Object Repository/Page_PSTO webMessenger - Zalogowano/img_Robert Majewski_sendButton")): Object: 'Object Repository/Page_PSTO webMessenger - Zalogowano/img_Robert Majewski_sendButton' is clicked on

2021-12-19 14:02:17 - [MESSAGE][PASSED] - Object: 'Object Repository/Page_PSTO webMessenger - Zalogowano/img_Robert Majewski_sendButton' is clicked on

2021-12-19 14:02:17 - [TEST_STEP][PASSED] - setText(findTestObject("Object Repository/Page_PSTO webMessenger - Zalogowano/input_Robert Majewski_messageInput"), "a"): Text 'a' is set on object 'Object Repository/Page_PSTO webMessenger - Zalogowano/input_Robert Majewski_messageInput'

2021-12-19 14:02:17 - [MESSAGE][PASSED] - Text 'a' is set on object 'Object Repository/Page_PSTO webMessenger - Zalogowano/input_Robert Majewski_messageInput'

2021-12-19 14:02:17 - [TEST_STEP][PASSED] - click(findTestObject("Object Repository/Page_PSTO webMessenger - Zalogowano/img_Robert Majewski_sendButton")): Object: 'Object Repository/Page_PSTO webMessenger - Zalogowano/img_Robert Majewski_sendButton' is clicked on

2021-12-19 14:02:19 - [MESSAGE][PASSED] - Object: 'Object Repository/Page_PSTO webMessenger - Zalogowano/img_Robert Majewski_sendButton' is clicked on

2021-12-19 14:02:19 - [TEST_STEP][PASSED] - setText(findTestObject("Object Repository/Page_PSTO webMessenger - Zalogowano/input_Robert Majewski_messageInput"), "a"): Text 'a' is set on object 'Object Repository/Page_PSTO webMessenger - Zalogowano/input_Robert Majewski_messageInput'

2021-12-19 14:02:20 - [MESSAGE][PASSED] - Text 'a' is set on object 'Object Repository/Page_PSTO webMessenger - Zalogowano/input_Robert Majewski_messageInput'

2021-12-19 14:02:20 - [TEST_STEP][PASSED] - click(findTestObject("Object Repository/Page_PSTO webMessenger - Zalogowano/img_Robert Majewski_sendButton")): Object: 'Object Repository/Page_PSTO webMessenger - Zalogowano/img_Robert Majewski_sendButton' is clicked on

2021-12-19 14:02:20 - [MESSAGE][PASSED] - Object: 'Object Repository/Page_PSTO webMessenger - Zalogowano/img_Robert Majewski_sendButton' is clicked on

2021-12-19 14:02:20 - [TEST_STEP][PASSED] - setText(findTestObject("Object Repository/Page_PSTO webMessenger - Zalogowano/input_Robert Majewski_messageInput"), "a"): Text 'a' is set on object 'Object Repository/Page_PSTO webMessenger - Zalogowano/input_Robert Majewski_messageInput'

2021-12-19 14:02:21 - [MESSAGE][PASSED] - Text 'a' is set on object 'Object Repository/Page_PSTO webMessenger - Zalogowano/input_Robert Majewski_messageInput'

2021-12-19 14:02:21 - [TEST_STEP][PASSED] - click(findTestObject("Object Repository/Page_PSTO webMessenger - Zalogowano/img_Robert Majewski_sendButton")): Object: 'Object Repository/Page_PSTO webMessenger - Zalogowano/img_Robert Majewski_sendButton' is clicked on

2021-12-19 14:02:22 - [MESSAGE][PASSED] - Object: 'Object Repository/Page_PSTO webMessenger - Zalogowano/img_Robert Majewski_sendButton' is clicked on

2021-12-19 14:02:22 - [TEST_STEP][PASSED] - setText(findTestObject("Object Repository/Page_PSTO webMessenger - Zalogowano/input_Robert Majewski_messageInput"), "a"): Text 'a' is set on object 'Object Repository/Page_PSTO webMessenger - Zalogowano/input_Robert Majewski_messageInput'

2021-12-19 14:02:22 - [MESSAGE][PASSED] - Text 'a' is set on object 'Object Repository/Page_PSTO webMessenger - Zalogowano/input_Robert Majewski_messageInput'

2021-12-19 14:02:22 - [TEST_STEP][PASSED] - click(findTestObject("Object Repository/Page_PSTO webMessenger - Zalogowano/img_Robert Majewski_sendButton")): Object: 'Object Repository/Page_PSTO webMessenger - Zalogowano/img_Robert Majewski_sendButton' is clicked on

2021-12-19 14:02:24 - [MESSAGE][PASSED] - Object: 'Object Repository/Page_PSTO webMessenger - Zalogowano/img_Robert Majewski_sendButton' is clicked on

2021-12-19 14:02:24 - [TEST_STEP][PASSED] - setText(findTestObject("Object Repository/Page_PSTO webMessenger - Zalogowano/input_Robert Majewski_messageInput"), "a"): Text 'a' is set on object 'Object Repository/Page_PSTO webMessenger - Zalogowano/input_Robert Majewski_messageInput'

2021-12-19 14:02:25 - [MESSAGE][PASSED] - Text 'a' is set on object 'Object Repository/Page_PSTO webMessenger - Zalogowano/input_Robert Majewski_messageInput'

2021-12-19 14:02:25 - [TEST_STEP][PASSED] - click(findTestObject("Object Repository/Page_PSTO webMessenger - Zalogowano/img_Robert Majewski_sendButton")): Object: 'Object Repository/Page_PSTO webMessenger - Zalogowano/img_Robert Majewski_sendButton' is clicked on

2021-12-19 14:02:25 - [MESSAGE][PASSED] - Object: 'Object Repository/Page_PSTO webMessenger - Zalogowano/img_Robert Majewski_sendButton' is clicked on

2021-12-19 14:02:25 - [TEST_STEP][PASSED] - setText(findTestObject("Object Repository/Page_PSTO webMessenger - Zalogowano/input_Robert Majewski_messageInput"), "a"): Text 'a' is set on object 'Object Repository/Page_PSTO webMessenger - Zalogowano/input_Robert Majewski_messageInput'

2021-12-19 14:02:26 - [MESSAGE][PASSED] - Text 'a' is set on object 'Object Repository/Page_PSTO webMessenger - Zalogowano/input_Robert Majewski_messageInput'

2021-12-19 14:02:26 - [TEST_STEP][PASSED] - click(findTestObject("Object Repository/Page_PSTO webMessenger - Zalogowano/img_Robert Majewski_sendButton")): Object: 'Object Repository/Page_PSTO webMessenger - Zalogowano/img_Robert Majewski_sendButton' is clicked on

2021-12-19 14:02:27 - [MESSAGE][PASSED] - Object: 'Object Repository/Page_PSTO webMessenger - Zalogowano/img_Robert Majewski_sendButton' is clicked on

2021-12-19 14:02:27 - [TEST_STEP][PASSED] - setText(findTestObject("Object Repository/Page_PSTO webMessenger - Zalogowano/input_Robert Majewski_messageInput"), "a"): Text 'a' is set on object 'Object Repository/Page_PSTO webMessenger - Zalogowano/input_Robert Majewski_messageInput'

2021-12-19 14:02:27 - [MESSAGE][PASSED] - Text 'a' is set on object 'Object Repository/Page_PSTO webMessenger - Zalogowano/input_Robert Majewski_messageInput'

2021-12-19 14:02:27 - [TEST_STEP][PASSED] - click(findTestObject("Object Repository/Page_PSTO webMessenger - Zalogowano/img_Robert Majewski_sendButton")): Object: 'Object Repository/Page_PSTO webMessenger - Zalogowano/img_Robert Majewski_sendButton' is clicked on

2021-12-19 14:02:29 - [MESSAGE][PASSED] - Object: 'Object Repository/Page_PSTO webMessenger - Zalogowano/img_Robert Majewski_sendButton' is clicked on

2021-12-19 14:02:29 - [TEST_STEP][PASSED] - setText(findTestObject("Object Repository/Page_PSTO webMessenger - Zalogowano/input_Robert Majewski_messageInput"), "a"): Text 'a' is set on object 'Object Repository/Page_PSTO webMessenger - Zalogowano/input_Robert Majewski_messageInput'

2021-12-19 14:02:30 - [MESSAGE][PASSED] - Text 'a' is set on object 'Object Repository/Page_PSTO webMessenger - Zalogowano/input_Robert Majewski_messageInput'

2021-12-19 14:02:30 - [TEST_STEP][PASSED] - click(findTestObject("Object Repository/Page_PSTO webMessenger - Zalogowano/img_Robert Majewski_sendButton")): Object: 'Object Repository/Page_PSTO webMessenger - Zalogowano/img_Robert Majewski_sendButton' is clicked on

2021-12-19 14:02:31 - [MESSAGE][PASSED] - Object: 'Object Repository/Page_PSTO webMessenger - Zalogowano/img_Robert Majewski_sendButton' is clicked on

2021-12-19 14:02:31 - [TEST_STEP][PASSED] - setText(findTestObject("Object Repository/Page_PSTO webMessenger - Zalogowano/input_Robert Majewski_messageInput"), "a"): Text 'a' is set on object 'Object Repository/Page_PSTO webMessenger - Zalogowano/input_Robert Majewski_messageInput'

2021-12-19 14:02:31 - [MESSAGE][PASSED] - Text 'a' is set on object 'Object Repository/Page_PSTO webMessenger - Zalogowano/input_Robert Majewski_messageInput'

2021-12-19 14:02:31 - [TEST_STEP][PASSED] - click(findTestObject("Object Repository/Page_PSTO webMessenger - Zalogowano/img_Robert Majewski_sendButton")): Object: 'Object Repository/Page_PSTO webMessenger - Zalogowano/img_Robert Majewski_sendButton' is clicked on

2021-12-19 14:02:32 - [MESSAGE][PASSED] - Object: 'Object Repository/Page_PSTO webMessenger - Zalogowano/img_Robert Majewski_sendButton' is clicked on

2021-12-19 14:02:32 - [TEST_STEP][PASSED] - setText(findTestObject("Object Repository/Page_PSTO webMessenger - Zalogowano/input_Robert Majewski_messageInput"), "a"): Text 'a' is set on object 'Object Repository/Page_PSTO webMessenger - Zalogowano/input_Robert Majewski_messageInput'

2021-12-19 14:02:34 - [MESSAGE][PASSED] - Text 'a' is set on object 'Object Repository/Page_PSTO webMessenger - Zalogowano/input_Robert Majewski_messageInput'

2021-12-19 14:02:34 - [TEST_STEP][PASSED] - click(findTestObject("Object Repository/Page_PSTO webMessenger - Zalogowano/img_Robert Majewski_sendButton")): Object: 'Object Repository/Page_PSTO webMessenger - Zalogowano/img_Robert Majewski_sendButton' is clicked on

2021-12-19 14:02:34 - [MESSAGE][PASSED] - Object: 'Object Repository/Page_PSTO webMessenger - Zalogowano/img_Robert Majewski_sendButton' is clicked on

2021-12-19 14:02:34 - [TEST_STEP][PASSED] - setText(findTestObject("Object Repository/Page_PSTO webMessenger - Zalogowano/input_Robert Majewski_messageInput"), "a"): Text 'a' is set on object 'Object Repository/Page_PSTO webMessenger - Zalogowano/input_Robert Majewski_messageInput'

2021-12-19 14:02:35 - [MESSAGE][PASSED] - Text 'a' is set on object 'Object Repository/Page_PSTO webMessenger - Zalogowano/input_Robert Majewski_messageInput'

2021-12-19 14:02:35 - [TEST_STEP][PASSED] - click(findTestObject("Object Repository/Page_PSTO webMessenger - Zalogowano/img_Robert Majewski_sendButton")): Object: 'Object Repository/Page_PSTO webMessenger - Zalogowano/img_Robert Majewski_sendButton' is clicked on

2021-12-19 14:02:36 - [MESSAGE][PASSED] - Object: 'Object Repository/Page_PSTO webMessenger - Zalogowano/img_Robert Majewski_sendButton' is clicked on

2021-12-19 14:02:36 - [TEST_STEP][PASSED] - setText(findTestObject("Object Repository/Page_PSTO webMessenger - Zalogowano/input_Robert Majewski_messageInput"), "a"): Text 'a' is set on object 'Object Repository/Page_PSTO webMessenger - Zalogowano/input_Robert Majewski_messageInput'

2021-12-19 14:02:36 - [MESSAGE][PASSED] - Text 'a' is set on object 'Object Repository/Page_PSTO webMessenger - Zalogowano/input_Robert Majewski_messageInput'

2021-12-19 14:02:36 - [TEST_STEP][PASSED] - click(findTestObject("Object Repository/Page_PSTO webMessenger - Zalogowano/img_Robert Majewski_sendButton")): Object: 'Object Repository/Page_PSTO webMessenger - Zalogowano/img_Robert Majewski_sendButton' is clicked on

2021-12-19 14:02:37 - [MESSAGE][PASSED] - Object: 'Object Repository/Page_PSTO webMessenger - Zalogowano/img_Robert Majewski_sendButton' is clicked on

2021-12-19 14:02:37 - [TEST_STEP][PASSED] - setText(findTestObject("Object Repository/Page_PSTO webMessenger - Zalogowano/input_Robert Majewski_messageInput"), "a"): Text 'a' is set on object 'Object Repository/Page_PSTO webMessenger - Zalogowano/input_Robert Majewski_messageInput'

2021-12-19 14:02:39 - [MESSAGE][PASSED] - Text 'a' is set on object 'Object Repository/Page_PSTO webMessenger - Zalogowano/input_Robert Majewski_messageInput'

2021-12-19 14:02:39 - [TEST_STEP][PASSED] - click(findTestObject("Object Repository/Page_PSTO webMessenger - Zalogowano/img_Robert Majewski_sendButton")): Object: 'Object Repository/Page_PSTO webMessenger - Zalogowano/img_Robert Majewski_sendButton' is clicked on

2021-12-19 14:02:39 - [MESSAGE][PASSED] - Object: 'Object Repository/Page_PSTO webMessenger - Zalogowano/img_Robert Majewski_sendButton' is clicked on

2021-12-19 14:02:39 - [TEST_STEP][PASSED] - setText(findTestObject("Object Repository/Page_PSTO webMessenger - Zalogowano/input_Robert Majewski_messageInput"), "a"): Text 'a' is set on object 'Object Repository/Page_PSTO webMessenger - Zalogowano/input_Robert Majewski_messageInput'

2021-12-19 14:02:40 - [MESSAGE][PASSED] - Text 'a' is set on object 'Object Repository/Page_PSTO webMessenger - Zalogowano/input_Robert Majewski_messageInput'

2021-12-19 14:02:40 - [TEST_STEP][PASSED] - click(findTestObject("Object Repository/Page_PSTO webMessenger - Zalogowano/img_Robert Majewski_sendButton")): Object: 'Object Repository/Page_PSTO webMessenger - Zalogowano/img_Robert Majewski_sendButton' is clicked on

2021-12-19 14:02:41 - [MESSAGE][PASSED] - Object: 'Object Repository/Page_PSTO webMessenger - Zalogowano/img_Robert Majewski_sendButton' is clicked on

2021-12-19 14:02:41 - [TEST_STEP][PASSED] - setText(findTestObject("Object Repository/Page_PSTO webMessenger - Zalogowano/input_Robert Majewski_messageInput"), "a"): Text 'a' is set on object 'Object Repository/Page_PSTO webMessenger - Zalogowano/input_Robert Majewski_messageInput'

2021-12-19 14:02:41 - [MESSAGE][PASSED] - Text 'a' is set on object 'Object Repository/Page_PSTO webMessenger - Zalogowano/input_Robert Majewski_messageInput'

2021-12-19 14:02:41 - [TEST_STEP][PASSED] - click(findTestObject("Object Repository/Page_PSTO webMessenger - Zalogowano/img_Robert Majewski_sendButton")): Object: 'Object Repository/Page_PSTO webMessenger - Zalogowano/img_Robert Majewski_sendButton' is clicked on

2021-12-19 14:02:42 - [MESSAGE][PASSED] - Object: 'Object Repository/Page_PSTO webMessenger - Zalogowano/img_Robert Majewski_sendButton' is clicked on

2021-12-19 14:02:42 - [TEST_STEP][PASSED] - setText(findTestObject("Object Repository/Page_PSTO webMessenger - Zalogowano/input_Robert Majewski_messageInput"), "a"): Text 'a' is set on object 'Object Repository/Page_PSTO webMessenger - Zalogowano/input_Robert Majewski_messageInput'

2021-12-19 14:02:44 - [MESSAGE][PASSED] - Text 'a' is set on object 'Object Repository/Page_PSTO webMessenger - Zalogowano/input_Robert Majewski_messageInput'

2021-12-19 14:02:44 - [TEST_STEP][PASSED] - click(findTestObject("Object Repository/Page_PSTO webMessenger - Zalogowano/img_Robert Majewski_sendButton")): Object: 'Object Repository/Page_PSTO webMessenger - Zalogowano/img_Robert Majewski_sendButton' is clicked on

2021-12-19 14:02:44 - [MESSAGE][PASSED] - Object: 'Object Repository/Page_PSTO webMessenger - Zalogowano/img_Robert Majewski_sendButton' is clicked on

2021-12-19 14:02:44 - [TEST_STEP][PASSED] - setText(findTestObject("Object Repository/Page_PSTO webMessenger - Zalogowano/input_Robert Majewski_messageInput"), "a"): Text 'a' is set on object 'Object Repository/Page_PSTO webMessenger - Zalogowano/input_Robert Majewski_messageInput'

2021-12-19 14:02:45 - [MESSAGE][PASSED] - Text 'a' is set on object 'Object Repository/Page_PSTO webMessenger - Zalogowano/input_Robert Majewski_messageInput'

2021-12-19 14:02:45 - [TEST_STEP][PASSED] - click(findTestObject("Object Repository/Page_PSTO webMessenger - Zalogowano/img_Robert Majewski_sendButton")): Object: 'Object Repository/Page_PSTO webMessenger - Zalogowano/img_Robert Majewski_sendButton' is clicked on

2021-12-19 14:02:46 - [MESSAGE][PASSED] - Object: 'Object Repository/Page_PSTO webMessenger - Zalogowano/img_Robert Majewski_sendButton' is clicked on

2021-12-19 14:02:46 - [TEST_STEP][PASSED] - setText(findTestObject("Object Repository/Page_PSTO webMessenger - Zalogowano/input_Robert Majewski_messageInput"), "a"): Text 'a' is set on object 'Object Repository/Page_PSTO webMessenger - Zalogowano/input_Robert Majewski_messageInput'

2021-12-19 14:02:46 - [MESSAGE][PASSED] - Text 'a' is set on object 'Object Repository/Page_PSTO webMessenger - Zalogowano/input_Robert Majewski_messageInput'

2021-12-19 14:02:46 - [TEST_STEP][PASSED] - click(findTestObject("Object Repository/Page_PSTO webMessenger - Zalogowano/img_Robert Majewski_sendButton")): Object: 'Object Repository/Page_PSTO webMessenger - Zalogowano/img_Robert Majewski_sendButton' is clicked on

2021-12-19 14:02:47 - [MESSAGE][PASSED] - Object: 'Object Repository/Page_PSTO webMessenger - Zalogowano/img_Robert Majewski_sendButton' is clicked on

2021-12-19 14:02:47 - [TEST_STEP][PASSED] - setText(findTestObject("Object Repository/Page_PSTO webMessenger - Zalogowano/input_Robert Majewski_messageInput"), "a"): Text 'a' is set on object 'Object Repository/Page_PSTO webMessenger - Zalogowano/input_Robert Majewski_messageInput'

2021-12-19 14:02:49 - [MESSAGE][PASSED] - Text 'a' is set on object 'Object Repository/Page_PSTO webMessenger - Zalogowano/input_Robert Majewski_messageInput'

2021-12-19 14:02:49 - [TEST_STEP][PASSED] - click(findTestObject("Object Repository/Page_PSTO webMessenger - Zalogowano/img_Robert Majewski_sendButton")): Object: 'Object Repository/Page_PSTO webMessenger - Zalogowano/img_Robert Majewski_sendButton' is clicked on

2021-12-19 14:02:50 - [MESSAGE][PASSED] - Object: 'Object Repository/Page_PSTO webMessenger - Zalogowano/img_Robert Majewski_sendButton' is clicked on

2021-12-19 14:02:50 - [TEST_STEP][PASSED] - setText(findTestObject("Object Repository/Page_PSTO webMessenger - Zalogowano/input_Robert Majewski_messageInput"), "a"): Text 'a' is set on object 'Object Repository/Page_PSTO webMessenger - Zalogowano/input_Robert Majewski_messageInput'

2021-12-19 14:02:50 - [MESSAGE][PASSED] - Text 'a' is set on object 'Object Repository/Page_PSTO webMessenger - Zalogowano/input_Robert Majewski_messageInput'

2021-12-19 14:02:50 - [TEST_STEP][PASSED] - click(findTestObject("Object Repository/Page_PSTO webMessenger - Zalogowano/img_Robert Majewski_sendButton")): Object: 'Object Repository/Page_PSTO webMessenger - Zalogowano/img_Robert Majewski_sendButton' is clicked on

2021-12-19 14:02:51 - [MESSAGE][PASSED] - Object: 'Object Repository/Page_PSTO webMessenger - Zalogowano/img_Robert Majewski_sendButton' is clicked on

2021-12-19 14:02:51 - [TEST_STEP][PASSED] - setText(findTestObject("Object Repository/Page_PSTO webMessenger - Zalogowano/input_Robert Majewski_messageInput"), "a"): Text 'a' is set on object 'Object Repository/Page_PSTO webMessenger - Zalogowano/input_Robert Majewski_messageInput'

2021-12-19 14:02:52 - [MESSAGE][PASSED] - Text 'a' is set on object 'Object Repository/Page_PSTO webMessenger - Zalogowano/input_Robert Majewski_messageInput'

2021-12-19 14:02:52 - [TEST_STEP][PASSED] - click(findTestObject("Object Repository/Page_PSTO webMessenger - Zalogowano/img_Robert Majewski_sendButton")): Object: 'Object Repository/Page_PSTO webMessenger - Zalogowano/img_Robert Majewski_sendButton' is clicked on

2021-12-19 14:02:52 - [MESSAGE][PASSED] - Object: 'Object Repository/Page_PSTO webMessenger - Zalogowano/img_Robert Majewski_sendButton' is clicked on

2021-12-19 14:02:52 - [TEST_STEP][PASSED] - setText(findTestObject("Object Repository/Page_PSTO webMessenger - Zalogowano/input_Robert Majewski_messageInput"), "a"): Text 'a' is set on object 'Object Repository/Page_PSTO webMessenger - Zalogowano/input_Robert Majewski_messageInput'

2021-12-19 14:02:54 - [MESSAGE][PASSED] - Text 'a' is set on object 'Object Repository/Page_PSTO webMessenger - Zalogowano/input_Robert Majewski_messageInput'

2021-12-19 14:02:54 - [TEST_STEP][PASSED] - click(findTestObject("Object Repository/Page_PSTO webMessenger - Zalogowano/img_Robert Majewski_sendButton")): Object: 'Object Repository/Page_PSTO webMessenger - Zalogowano/img_Robert Majewski_sendButton' is clicked on

2021-12-19 14:02:55 - [MESSAGE][PASSED] - Object: 'Object Repository/Page_PSTO webMessenger - Zalogowano/img_Robert Majewski_sendButton' is clicked on

2021-12-19 14:02:55 - [TEST_STEP][PASSED] - setText(findTestObject("Object Repository/Page_PSTO webMessenger - Zalogowano/input_Robert Majewski_messageInput"), "a"): Text 'a' is set on object 'Object Repository/Page_PSTO webMessenger - Zalogowano/input_Robert Majewski_messageInput'

2021-12-19 14:02:55 - [MESSAGE][PASSED] - Text 'a' is set on object 'Object Repository/Page_PSTO webMessenger - Zalogowano/input_Robert Majewski_messageInput'

2021-12-19 14:02:55 - [TEST_STEP][PASSED] - click(findTestObject("Object Repository/Page_PSTO webMessenger - Zalogowano/img_Robert Majewski_sendButton")): Object: 'Object Repository/Page_PSTO webMessenger - Zalogowano/img_Robert Majewski_sendButton' is clicked on

2021-12-19 14:02:56 - [MESSAGE][PASSED] - Object: 'Object Repository/Page_PSTO webMessenger - Zalogowano/img_Robert Majewski_sendButton' is clicked on

2021-12-19 14:02:56 - [TEST_STEP][PASSED] - setText(findTestObject("Object Repository/Page_PSTO webMessenger - Zalogowano/input_Robert Majewski_messageInput"), "a"): Text 'a' is set on object 'Object Repository/Page_PSTO webMessenger - Zalogowano/input_Robert Majewski_messageInput'

2021-12-19 14:02:57 - [MESSAGE][PASSED] - Text 'a' is set on object 'Object Repository/Page_PSTO webMessenger - Zalogowano/input_Robert Majewski_messageInput'

2021-12-19 14:02:57 - [TEST_STEP][PASSED] - click(findTestObject("Object Repository/Page_PSTO webMessenger - Zalogowano/img_Robert Majewski_sendButton")): Object: 'Object Repository/Page_PSTO webMessenger - Zalogowano/img_Robert Majewski_sendButton' is clicked on

2021-12-19 14:02:57 - [MESSAGE][PASSED] - Object: 'Object Repository/Page_PSTO webMessenger - Zalogowano/img_Robert Majewski_sendButton' is clicked on

2021-12-19 14:02:57 - [TEST_STEP][PASSED] - setText(findTestObject("Object Repository/Page_PSTO webMessenger - Zalogowano/input_Robert Majewski_messageInput"), "a"): Text 'a' is set on object 'Object Repository/Page_PSTO webMessenger - Zalogowano/input_Robert Majewski_messageInput'

2021-12-19 14:02:59 - [MESSAGE][PASSED] - Text 'a' is set on object 'Object Repository/Page_PSTO webMessenger - Zalogowano/input_Robert Majewski_messageInput'

2021-12-19 14:02:59 - [TEST_STEP][PASSED] - click(findTestObject("Object Repository/Page_PSTO webMessenger - Zalogowano/img_Robert Majewski_sendButton")): Object: 'Object Repository/Page_PSTO webMessenger - Zalogowano/img_Robert Majewski_sendButton' is clicked on

2021-12-19 14:03:00 - [MESSAGE][PASSED] - Object: 'Object Repository/Page_PSTO webMessenger - Zalogowano/img_Robert Majewski_sendButton' is clicked on

2021-12-19 14:03:00 - [TEST_STEP][PASSED] - setText(findTestObject("Object Repository/Page_PSTO webMessenger - Zalogowano/input_Robert Majewski_messageInput"), "a"): Text 'a' is set on object 'Object Repository/Page_PSTO webMessenger - Zalogowano/input_Robert Majewski_messageInput'

2021-12-19 14:03:00 - [MESSAGE][PASSED] - Text 'a' is set on object 'Object Repository/Page_PSTO webMessenger - Zalogowano/input_Robert Majewski_messageInput'

2021-12-19 14:03:00 - [TEST_STEP][PASSED] - click(findTestObject("Object Repository/Page_PSTO webMessenger - Zalogowano/img_Robert Majewski_sendButton")): Object: 'Object Repository/Page_PSTO webMessenger - Zalogowano/img_Robert Majewski_sendButton' is clicked on

2021-12-19 14:03:01 - [MESSAGE][PASSED] - Object: 'Object Repository/Page_PSTO webMessenger - Zalogowano/img_Robert Majewski_sendButton' is clicked on

2021-12-19 14:03:01 - [TEST_STEP][PASSED] - setText(findTestObject("Object Repository/Page_PSTO webMessenger - Zalogowano/input_Robert Majewski_messageInput"), "a"): Text 'a' is set on object 'Object Repository/Page_PSTO webMessenger - Zalogowano/input_Robert Majewski_messageInput'

2021-12-19 14:03:02 - [MESSAGE][PASSED] - Text 'a' is set on object 'Object Repository/Page_PSTO webMessenger - Zalogowano/input_Robert Majewski_messageInput'

2021-12-19 14:03:02 - [TEST_STEP][PASSED] - click(findTestObject("Object Repository/Page_PSTO webMessenger - Zalogowano/img_Robert Majewski_sendButton")): Object: 'Object Repository/Page_PSTO webMessenger - Zalogowano/img_Robert Majewski_sendButton' is clicked on

2021-12-19 14:03:02 - [MESSAGE][PASSED] - Object: 'Object Repository/Page_PSTO webMessenger - Zalogowano/img_Robert Majewski_sendButton' is clicked on

2021-12-19 14:03:02 - [TEST_STEP][PASSED] - setText(findTestObject("Object Repository/Page_PSTO webMessenger - Zalogowano/input_Robert Majewski_messageInput"), "a"): Text 'a' is set on object 'Object Repository/Page_PSTO webMessenger - Zalogowano/input_Robert Majewski_messageInput'

2021-12-19 14:03:04 - [MESSAGE][PASSED] - Text 'a' is set on object 'Object Repository/Page_PSTO webMessenger - Zalogowano/input_Robert Majewski_messageInput'

2021-12-19 14:03:04 - [TEST_STEP][PASSED] - click(findTestObject("Object Repository/Page_PSTO webMessenger - Zalogowano/img_Robert Majewski_sendButton")): Object: 'Object Repository/Page_PSTO webMessenger - Zalogowano/img_Robert Majewski_sendButton' is clicked on

2021-12-19 14:03:05 - [MESSAGE][PASSED] - Object: 'Object Repository/Page_PSTO webMessenger - Zalogowano/img_Robert Majewski_sendButton' is clicked on

2021-12-19 14:03:05 - [TEST_STEP][PASSED] - setText(findTestObject("Object Repository/Page_PSTO webMessenger - Zalogowano/input_Robert Majewski_messageInput"), "a"): Text 'a' is set on object 'Object Repository/Page_PSTO webMessenger - Zalogowano/input_Robert Majewski_messageInput'

2021-12-19 14:03:05 - [MESSAGE][PASSED] - Text 'a' is set on object 'Object Repository/Page_PSTO webMessenger - Zalogowano/input_Robert Majewski_messageInput'

2021-12-19 14:03:05 - [TEST_STEP][PASSED] - click(findTestObject("Object Repository/Page_PSTO webMessenger - Zalogowano/img_Robert Majewski_sendButton")): Object: 'Object Repository/Page_PSTO webMessenger - Zalogowano/img_Robert Majewski_sendButton' is clicked on

2021-12-19 14:03:06 - [MESSAGE][PASSED] - Object: 'Object Repository/Page_PSTO webMessenger - Zalogowano/img_Robert Majewski_sendButton' is clicked on

2021-12-19 14:03:06 - [TEST_STEP][PASSED] - setText(findTestObject("Object Repository/Page_PSTO webMessenger - Zalogowano/input_Robert Majewski_messageInput"), "a"): Text 'a' is set on object 'Object Repository/Page_PSTO webMessenger - Zalogowano/input_Robert Majewski_messageInput'

2021-12-19 14:03:07 - [MESSAGE][PASSED] - Text 'a' is set on object 'Object Repository/Page_PSTO webMessenger - Zalogowano/input_Robert Majewski_messageInput'

2021-12-19 14:03:07 - [TEST_STEP][PASSED] - click(findTestObject("Object Repository/Page_PSTO webMessenger - Zalogowano/img_Robert Majewski_sendButton")): Object: 'Object Repository/Page_PSTO webMessenger - Zalogowano/img_Robert Majewski_sendButton' is clicked on

2021-12-19 14:03:07 - [MESSAGE][PASSED] - Object: 'Object Repository/Page_PSTO webMessenger - Zalogowano/img_Robert Majewski_sendButton' is clicked on

2021-12-19 14:03:07 - [TEST_STEP][PASSED] - setText(findTestObject("Object Repository/Page_PSTO webMessenger - Zalogowano/input_Robert Majewski_messageInput"), "a"): Text 'a' is set on object 'Object Repository/Page_PSTO webMessenger - Zalogowano/input_Robert Majewski_messageInput'

2021-12-19 14:03:09 - [MESSAGE][PASSED] - Text 'a' is set on object 'Object Repository/Page_PSTO webMessenger - Zalogowano/input_Robert Majewski_messageInput'

2021-12-19 14:03:09 - [TEST_STEP][PASSED] - click(findTestObject("Object Repository/Page_PSTO webMessenger - Zalogowano/img_Robert Majewski_sendButton")): Object: 'Object Repository/Page_PSTO webMessenger - Zalogowano/img_Robert Majewski_sendButton' is clicked on

2021-12-19 14:03:10 - [MESSAGE][PASSED] - Object: 'Object Repository/Page_PSTO webMessenger - Zalogowano/img_Robert Majewski_sendButton' is clicked on

2021-12-19 14:03:10 - [TEST_STEP][PASSED] - setText(findTestObject("Object Repository/Page_PSTO webMessenger - Zalogowano/input_Robert Majewski_messageInput"), "a"): Text 'a' is set on object 'Object Repository/Page_PSTO webMessenger - Zalogowano/input_Robert Majewski_messageInput'

2021-12-19 14:03:10 - [MESSAGE][PASSED] - Text 'a' is set on object 'Object Repository/Page_PSTO webMessenger - Zalogowano/input_Robert Majewski_messageInput'

2021-12-19 14:03:10 - [TEST_STEP][PASSED] - click(findTestObject("Object Repository/Page_PSTO webMessenger - Zalogowano/img_Robert Majewski_sendButton")): Object: 'Object Repository/Page_PSTO webMessenger - Zalogowano/img_Robert Majewski_sendButton' is clicked on

2021-12-19 14:03:11 - [MESSAGE][PASSED] - Object: 'Object Repository/Page_PSTO webMessenger - Zalogowano/img_Robert Majewski_sendButton' is clicked on

2021-12-19 14:03:11 - [TEST_STEP][PASSED] - setText(findTestObject("Object Repository/Page_PSTO webMessenger - Zalogowano/input_Robert Majewski_messageInput"), "a"): Text 'a' is set on object 'Object Repository/Page_PSTO webMessenger - Zalogowano/input_Robert Majewski_messageInput'

2021-12-19 14:03:12 - [MESSAGE][PASSED] - Text 'a' is set on object 'Object Repository/Page_PSTO webMessenger - Zalogowano/input_Robert Majewski_messageInput'

2021-12-19 14:03:12 - [TEST_STEP][PASSED] - click(findTestObject("Object Repository/Page_PSTO webMessenger - Zalogowano/img_Robert Majewski_sendButton")): Object: 'Object Repository/Page_PSTO webMessenger - Zalogowano/img_Robert Majewski_sendButton' is clicked on

2021-12-19 14:03:12 - [MESSAGE][PASSED] - Object: 'Object Repository/Page_PSTO webMessenger - Zalogowano/img_Robert Majewski_sendButton' is clicked on

2021-12-19 14:03:12 - [TEST_STEP][PASSED] - setText(findTestObject("Object Repository/Page_PSTO webMessenger - Zalogowano/input_Robert Majewski_messageInput"), "a"): Text 'a' is set on object 'Object Repository/Page_PSTO webMessenger - Zalogowano/input_Robert Majewski_messageInput'

2021-12-19 14:03:14 - [MESSAGE][PASSED] - Text 'a' is set on object 'Object Repository/Page_PSTO webMessenger - Zalogowano/input_Robert Majewski_messageInput'

2021-12-19 14:03:14 - [TEST_STEP][PASSED] - click(findTestObject("Object Repository/Page_PSTO webMessenger - Zalogowano/img_Robert Majewski_sendButton")): Object: 'Object Repository/Page_PSTO webMessenger - Zalogowano/img_Robert Majewski_sendButton' is clicked on

2021-12-19 14:03:15 - [MESSAGE][PASSED] - Object: 'Object Repository/Page_PSTO webMessenger - Zalogowano/img_Robert Majewski_sendButton' is clicked on

2021-12-19 14:03:15 - [TEST_STEP][PASSED] - click(findTestObject("Object Repository/Page_PSTO webMessenger - Zalogowano/img_Zarejestruj konto_iconImg")): Object: 'Object Repository/Page_PSTO webMessenger - Zalogowano/img_Zarejestruj konto_iconImg' is clicked on

2021-12-19 14:03:16 - [MESSAGE][PASSED] - Object: 'Object Repository/Page_PSTO webMessenger - Zalogowano/img_Zarejestruj konto_iconImg' is clicked on

2021-12-19 14:03:16 - [TEST_STEP][PASSED] - closeBrowser(): Browser is closed

2021-12-19 14:03:17 - [MESSAGE][PASSED] - Browser is closed]]></system-out>
         <system-err><![CDATA[]]></system-err>
      </testcase>
      <testcase name="Test Cases/Historia rozm贸w/HR18" time="274.647" classname="Test Cases/Historia rozm贸w/HR18" status="PASSED">
         <system-out><![CDATA[2021-12-19 14:03:17 - [TEST_CASE][PASSED] - Test Cases/Historia rozm贸w/HR18: Test Cases/Historia rozm贸w/HR18

2021-12-19 14:03:17 - [TEST_STEP][PASSED] - openBrowser(""): Browser is opened with url: ''

2021-12-19 14:03:17 - [MESSAGE][INFO] - Starting 'Firefox' driver

2021-12-19 14:03:17 - [MESSAGE][INFO] - Action delay is set to 0 milliseconds

2021-12-19 14:03:23 - [MESSAGE][PASSED] - Browser is opened with url: ''

2021-12-19 14:03:23 - [TEST_STEP][PASSED] - navigateToUrl("http://kmg.hcm.pl/testowanie/index.html"): Navigate to 'http://kmg.hcm.pl/testowanie/index.html' successfully

2021-12-19 14:03:24 - [MESSAGE][PASSED] - Navigate to 'http://kmg.hcm.pl/testowanie/index.html' successfully

2021-12-19 14:03:24 - [TEST_STEP][PASSED] - setText(findTestObject("Object Repository/Page_PSTO webMessenger/input_Zarejestruj konto_userLogin"), "Tomasz Staszewski"): Text 'Tomasz Staszewski' is set on object 'Object Repository/Page_PSTO webMessenger/input_Zarejestruj konto_userLogin'

2021-12-19 14:03:25 - [MESSAGE][PASSED] - Text 'Tomasz Staszewski' is set on object 'Object Repository/Page_PSTO webMessenger/input_Zarejestruj konto_userLogin'

2021-12-19 14:03:25 - [TEST_STEP][PASSED] - setEncryptedText(findTestObject("Object Repository/Page_PSTO webMessenger/input_Zarejestruj konto_passwordLogin"), "wCo1vTKhcj4="): Text ****** has been set on object 'Object Repository/Page_PSTO webMessenger/input_Zarejestruj konto_passwordLogin'

2021-12-19 14:03:25 - [MESSAGE][PASSED] - Text ****** has been set on object 'Object Repository/Page_PSTO webMessenger/input_Zarejestruj konto_passwordLogin'

2021-12-19 14:03:25 - [TEST_STEP][PASSED] - click(findTestObject("Object Repository/Page_PSTO webMessenger/input_Zarejestruj konto_login")): Object: 'Object Repository/Page_PSTO webMessenger/input_Zarejestruj konto_login' is clicked on

2021-12-19 14:03:26 - [MESSAGE][PASSED] - Object: 'Object Repository/Page_PSTO webMessenger/input_Zarejestruj konto_login' is clicked on

2021-12-19 14:03:26 - [TEST_STEP][PASSED] - click(findTestObject("Page_PSTO webMessenger - Zalogowano/img_Iwona  Kowalska_sendButton")): Object: 'Object Repository/Page_PSTO webMessenger - Zalogowano/img_Iwona  Kowalska_sendButton' is clicked on

2021-12-19 14:03:27 - [MESSAGE][PASSED] - Object: 'Object Repository/Page_PSTO webMessenger - Zalogowano/img_Iwona  Kowalska_sendButton' is clicked on

2021-12-19 14:03:27 - [TEST_STEP][PASSED] - for (def index : (1..200)): Object: 'Object Repository/Page_PSTO webMessenger - Zalogowano/img_Iwona  Kowalska_sendButton' is clicked on

2021-12-19 14:03:27 - [TEST_STEP][PASSED] - setText(findTestObject("Page_PSTO webMessenger - Zalogowano/input_Iwona  Kowalska_messageInput"), "b"): Text 'b' is set on object 'Object Repository/Page_PSTO webMessenger - Zalogowano/input_Iwona  Kowalska_messageInput'

2021-12-19 14:03:28 - [MESSAGE][PASSED] - Text 'b' is set on object 'Object Repository/Page_PSTO webMessenger - Zalogowano/input_Iwona  Kowalska_messageInput'

2021-12-19 14:03:28 - [TEST_STEP][PASSED] - click(findTestObject("Page_PSTO webMessenger - Zalogowano/img_Iwona  Kowalska_sendButton")): Object: 'Object Repository/Page_PSTO webMessenger - Zalogowano/img_Iwona  Kowalska_sendButton' is clicked on

2021-12-19 14:03:28 - [MESSAGE][PASSED] - Object: 'Object Repository/Page_PSTO webMessenger - Zalogowano/img_Iwona  Kowalska_sendButton' is clicked on

2021-12-19 14:03:28 - [TEST_STEP][PASSED] - setText(findTestObject("Page_PSTO webMessenger - Zalogowano/input_Iwona  Kowalska_messageInput"), "b"): Text 'b' is set on object 'Object Repository/Page_PSTO webMessenger - Zalogowano/input_Iwona  Kowalska_messageInput'

2021-12-19 14:03:29 - [MESSAGE][PASSED] - Text 'b' is set on object 'Object Repository/Page_PSTO webMessenger - Zalogowano/input_Iwona  Kowalska_messageInput'

2021-12-19 14:03:29 - [TEST_STEP][PASSED] - click(findTestObject("Page_PSTO webMessenger - Zalogowano/img_Iwona  Kowalska_sendButton")): Object: 'Object Repository/Page_PSTO webMessenger - Zalogowano/img_Iwona  Kowalska_sendButton' is clicked on

2021-12-19 14:03:30 - [MESSAGE][PASSED] - Object: 'Object Repository/Page_PSTO webMessenger - Zalogowano/img_Iwona  Kowalska_sendButton' is clicked on

2021-12-19 14:03:30 - [TEST_STEP][PASSED] - setText(findTestObject("Page_PSTO webMessenger - Zalogowano/input_Iwona  Kowalska_messageInput"), "b"): Text 'b' is set on object 'Object Repository/Page_PSTO webMessenger - Zalogowano/input_Iwona  Kowalska_messageInput'

2021-12-19 14:03:31 - [MESSAGE][PASSED] - Text 'b' is set on object 'Object Repository/Page_PSTO webMessenger - Zalogowano/input_Iwona  Kowalska_messageInput'

2021-12-19 14:03:31 - [TEST_STEP][PASSED] - click(findTestObject("Page_PSTO webMessenger - Zalogowano/img_Iwona  Kowalska_sendButton")): Object: 'Object Repository/Page_PSTO webMessenger - Zalogowano/img_Iwona  Kowalska_sendButton' is clicked on

2021-12-19 14:03:31 - [MESSAGE][PASSED] - Object: 'Object Repository/Page_PSTO webMessenger - Zalogowano/img_Iwona  Kowalska_sendButton' is clicked on

2021-12-19 14:03:31 - [TEST_STEP][PASSED] - setText(findTestObject("Page_PSTO webMessenger - Zalogowano/input_Iwona  Kowalska_messageInput"), "b"): Text 'b' is set on object 'Object Repository/Page_PSTO webMessenger - Zalogowano/input_Iwona  Kowalska_messageInput'

2021-12-19 14:03:32 - [MESSAGE][PASSED] - Text 'b' is set on object 'Object Repository/Page_PSTO webMessenger - Zalogowano/input_Iwona  Kowalska_messageInput'

2021-12-19 14:03:32 - [TEST_STEP][PASSED] - click(findTestObject("Page_PSTO webMessenger - Zalogowano/img_Iwona  Kowalska_sendButton")): Object: 'Object Repository/Page_PSTO webMessenger - Zalogowano/img_Iwona  Kowalska_sendButton' is clicked on

2021-12-19 14:03:32 - [MESSAGE][PASSED] - Object: 'Object Repository/Page_PSTO webMessenger - Zalogowano/img_Iwona  Kowalska_sendButton' is clicked on

2021-12-19 14:03:32 - [TEST_STEP][PASSED] - setText(findTestObject("Page_PSTO webMessenger - Zalogowano/input_Iwona  Kowalska_messageInput"), "b"): Text 'b' is set on object 'Object Repository/Page_PSTO webMessenger - Zalogowano/input_Iwona  Kowalska_messageInput'

2021-12-19 14:03:33 - [MESSAGE][PASSED] - Text 'b' is set on object 'Object Repository/Page_PSTO webMessenger - Zalogowano/input_Iwona  Kowalska_messageInput'

2021-12-19 14:03:33 - [TEST_STEP][PASSED] - click(findTestObject("Page_PSTO webMessenger - Zalogowano/img_Iwona  Kowalska_sendButton")): Object: 'Object Repository/Page_PSTO webMessenger - Zalogowano/img_Iwona  Kowalska_sendButton' is clicked on

2021-12-19 14:03:34 - [MESSAGE][PASSED] - Object: 'Object Repository/Page_PSTO webMessenger - Zalogowano/img_Iwona  Kowalska_sendButton' is clicked on

2021-12-19 14:03:34 - [TEST_STEP][PASSED] - setText(findTestObject("Page_PSTO webMessenger - Zalogowano/input_Iwona  Kowalska_messageInput"), "b"): Text 'b' is set on object 'Object Repository/Page_PSTO webMessenger - Zalogowano/input_Iwona  Kowalska_messageInput'

2021-12-19 14:03:35 - [MESSAGE][PASSED] - Text 'b' is set on object 'Object Repository/Page_PSTO webMessenger - Zalogowano/input_Iwona  Kowalska_messageInput'

2021-12-19 14:03:35 - [TEST_STEP][PASSED] - click(findTestObject("Page_PSTO webMessenger - Zalogowano/img_Iwona  Kowalska_sendButton")): Object: 'Object Repository/Page_PSTO webMessenger - Zalogowano/img_Iwona  Kowalska_sendButton' is clicked on

2021-12-19 14:03:35 - [MESSAGE][PASSED] - Object: 'Object Repository/Page_PSTO webMessenger - Zalogowano/img_Iwona  Kowalska_sendButton' is clicked on

2021-12-19 14:03:35 - [TEST_STEP][PASSED] - setText(findTestObject("Page_PSTO webMessenger - Zalogowano/input_Iwona  Kowalska_messageInput"), "b"): Text 'b' is set on object 'Object Repository/Page_PSTO webMessenger - Zalogowano/input_Iwona  Kowalska_messageInput'

2021-12-19 14:03:36 - [MESSAGE][PASSED] - Text 'b' is set on object 'Object Repository/Page_PSTO webMessenger - Zalogowano/input_Iwona  Kowalska_messageInput'

2021-12-19 14:03:36 - [TEST_STEP][PASSED] - click(findTestObject("Page_PSTO webMessenger - Zalogowano/img_Iwona  Kowalska_sendButton")): Object: 'Object Repository/Page_PSTO webMessenger - Zalogowano/img_Iwona  Kowalska_sendButton' is clicked on

2021-12-19 14:03:37 - [MESSAGE][PASSED] - Object: 'Object Repository/Page_PSTO webMessenger - Zalogowano/img_Iwona  Kowalska_sendButton' is clicked on

2021-12-19 14:03:37 - [TEST_STEP][PASSED] - setText(findTestObject("Page_PSTO webMessenger - Zalogowano/input_Iwona  Kowalska_messageInput"), "b"): Text 'b' is set on object 'Object Repository/Page_PSTO webMessenger - Zalogowano/input_Iwona  Kowalska_messageInput'

2021-12-19 14:03:37 - [MESSAGE][PASSED] - Text 'b' is set on object 'Object Repository/Page_PSTO webMessenger - Zalogowano/input_Iwona  Kowalska_messageInput'

2021-12-19 14:03:37 - [TEST_STEP][PASSED] - click(findTestObject("Page_PSTO webMessenger - Zalogowano/img_Iwona  Kowalska_sendButton")): Object: 'Object Repository/Page_PSTO webMessenger - Zalogowano/img_Iwona  Kowalska_sendButton' is clicked on

2021-12-19 14:03:38 - [MESSAGE][PASSED] - Object: 'Object Repository/Page_PSTO webMessenger - Zalogowano/img_Iwona  Kowalska_sendButton' is clicked on

2021-12-19 14:03:38 - [TEST_STEP][PASSED] - setText(findTestObject("Page_PSTO webMessenger - Zalogowano/input_Iwona  Kowalska_messageInput"), "b"): Text 'b' is set on object 'Object Repository/Page_PSTO webMessenger - Zalogowano/input_Iwona  Kowalska_messageInput'

2021-12-19 14:03:38 - [MESSAGE][PASSED] - Text 'b' is set on object 'Object Repository/Page_PSTO webMessenger - Zalogowano/input_Iwona  Kowalska_messageInput'

2021-12-19 14:03:38 - [TEST_STEP][PASSED] - click(findTestObject("Page_PSTO webMessenger - Zalogowano/img_Iwona  Kowalska_sendButton")): Object: 'Object Repository/Page_PSTO webMessenger - Zalogowano/img_Iwona  Kowalska_sendButton' is clicked on

2021-12-19 14:03:39 - [MESSAGE][PASSED] - Object: 'Object Repository/Page_PSTO webMessenger - Zalogowano/img_Iwona  Kowalska_sendButton' is clicked on

2021-12-19 14:03:39 - [TEST_STEP][PASSED] - setText(findTestObject("Page_PSTO webMessenger - Zalogowano/input_Iwona  Kowalska_messageInput"), "b"): Text 'b' is set on object 'Object Repository/Page_PSTO webMessenger - Zalogowano/input_Iwona  Kowalska_messageInput'

2021-12-19 14:03:40 - [MESSAGE][PASSED] - Text 'b' is set on object 'Object Repository/Page_PSTO webMessenger - Zalogowano/input_Iwona  Kowalska_messageInput'

2021-12-19 14:03:40 - [TEST_STEP][PASSED] - click(findTestObject("Page_PSTO webMessenger - Zalogowano/img_Iwona  Kowalska_sendButton")): Object: 'Object Repository/Page_PSTO webMessenger - Zalogowano/img_Iwona  Kowalska_sendButton' is clicked on

2021-12-19 14:03:40 - [MESSAGE][PASSED] - Object: 'Object Repository/Page_PSTO webMessenger - Zalogowano/img_Iwona  Kowalska_sendButton' is clicked on

2021-12-19 14:03:40 - [TEST_STEP][PASSED] - setText(findTestObject("Page_PSTO webMessenger - Zalogowano/input_Iwona  Kowalska_messageInput"), "b"): Text 'b' is set on object 'Object Repository/Page_PSTO webMessenger - Zalogowano/input_Iwona  Kowalska_messageInput'

2021-12-19 14:03:41 - [MESSAGE][PASSED] - Text 'b' is set on object 'Object Repository/Page_PSTO webMessenger - Zalogowano/input_Iwona  Kowalska_messageInput'

2021-12-19 14:03:41 - [TEST_STEP][PASSED] - click(findTestObject("Page_PSTO webMessenger - Zalogowano/img_Iwona  Kowalska_sendButton")): Object: 'Object Repository/Page_PSTO webMessenger - Zalogowano/img_Iwona  Kowalska_sendButton' is clicked on

2021-12-19 14:03:42 - [MESSAGE][PASSED] - Object: 'Object Repository/Page_PSTO webMessenger - Zalogowano/img_Iwona  Kowalska_sendButton' is clicked on

2021-12-19 14:03:42 - [TEST_STEP][PASSED] - setText(findTestObject("Page_PSTO webMessenger - Zalogowano/input_Iwona  Kowalska_messageInput"), "b"): Text 'b' is set on object 'Object Repository/Page_PSTO webMessenger - Zalogowano/input_Iwona  Kowalska_messageInput'

2021-12-19 14:03:42 - [MESSAGE][PASSED] - Text 'b' is set on object 'Object Repository/Page_PSTO webMessenger - Zalogowano/input_Iwona  Kowalska_messageInput'

2021-12-19 14:03:42 - [TEST_STEP][PASSED] - click(findTestObject("Page_PSTO webMessenger - Zalogowano/img_Iwona  Kowalska_sendButton")): Object: 'Object Repository/Page_PSTO webMessenger - Zalogowano/img_Iwona  Kowalska_sendButton' is clicked on

2021-12-19 14:03:43 - [MESSAGE][PASSED] - Object: 'Object Repository/Page_PSTO webMessenger - Zalogowano/img_Iwona  Kowalska_sendButton' is clicked on

2021-12-19 14:03:43 - [TEST_STEP][PASSED] - setText(findTestObject("Page_PSTO webMessenger - Zalogowano/input_Iwona  Kowalska_messageInput"), "b"): Text 'b' is set on object 'Object Repository/Page_PSTO webMessenger - Zalogowano/input_Iwona  Kowalska_messageInput'

2021-12-19 14:03:43 - [MESSAGE][PASSED] - Text 'b' is set on object 'Object Repository/Page_PSTO webMessenger - Zalogowano/input_Iwona  Kowalska_messageInput'

2021-12-19 14:03:43 - [TEST_STEP][PASSED] - click(findTestObject("Page_PSTO webMessenger - Zalogowano/img_Iwona  Kowalska_sendButton")): Object: 'Object Repository/Page_PSTO webMessenger - Zalogowano/img_Iwona  Kowalska_sendButton' is clicked on

2021-12-19 14:03:44 - [MESSAGE][PASSED] - Object: 'Object Repository/Page_PSTO webMessenger - Zalogowano/img_Iwona  Kowalska_sendButton' is clicked on

2021-12-19 14:03:44 - [TEST_STEP][PASSED] - setText(findTestObject("Page_PSTO webMessenger - Zalogowano/input_Iwona  Kowalska_messageInput"), "b"): Text 'b' is set on object 'Object Repository/Page_PSTO webMessenger - Zalogowano/input_Iwona  Kowalska_messageInput'

2021-12-19 14:03:45 - [MESSAGE][PASSED] - Text 'b' is set on object 'Object Repository/Page_PSTO webMessenger - Zalogowano/input_Iwona  Kowalska_messageInput'

2021-12-19 14:03:45 - [TEST_STEP][PASSED] - click(findTestObject("Page_PSTO webMessenger - Zalogowano/img_Iwona  Kowalska_sendButton")): Object: 'Object Repository/Page_PSTO webMessenger - Zalogowano/img_Iwona  Kowalska_sendButton' is clicked on

2021-12-19 14:03:45 - [MESSAGE][PASSED] - Object: 'Object Repository/Page_PSTO webMessenger - Zalogowano/img_Iwona  Kowalska_sendButton' is clicked on

2021-12-19 14:03:45 - [TEST_STEP][PASSED] - setText(findTestObject("Page_PSTO webMessenger - Zalogowano/input_Iwona  Kowalska_messageInput"), "b"): Text 'b' is set on object 'Object Repository/Page_PSTO webMessenger - Zalogowano/input_Iwona  Kowalska_messageInput'

2021-12-19 14:03:46 - [MESSAGE][PASSED] - Text 'b' is set on object 'Object Repository/Page_PSTO webMessenger - Zalogowano/input_Iwona  Kowalska_messageInput'

2021-12-19 14:03:46 - [TEST_STEP][PASSED] - click(findTestObject("Page_PSTO webMessenger - Zalogowano/img_Iwona  Kowalska_sendButton")): Object: 'Object Repository/Page_PSTO webMessenger - Zalogowano/img_Iwona  Kowalska_sendButton' is clicked on

2021-12-19 14:03:47 - [MESSAGE][PASSED] - Object: 'Object Repository/Page_PSTO webMessenger - Zalogowano/img_Iwona  Kowalska_sendButton' is clicked on

2021-12-19 14:03:47 - [TEST_STEP][PASSED] - setText(findTestObject("Page_PSTO webMessenger - Zalogowano/input_Iwona  Kowalska_messageInput"), "b"): Text 'b' is set on object 'Object Repository/Page_PSTO webMessenger - Zalogowano/input_Iwona  Kowalska_messageInput'

2021-12-19 14:03:47 - [MESSAGE][PASSED] - Text 'b' is set on object 'Object Repository/Page_PSTO webMessenger - Zalogowano/input_Iwona  Kowalska_messageInput'

2021-12-19 14:03:47 - [TEST_STEP][PASSED] - click(findTestObject("Page_PSTO webMessenger - Zalogowano/img_Iwona  Kowalska_sendButton")): Object: 'Object Repository/Page_PSTO webMessenger - Zalogowano/img_Iwona  Kowalska_sendButton' is clicked on

2021-12-19 14:03:48 - [MESSAGE][PASSED] - Object: 'Object Repository/Page_PSTO webMessenger - Zalogowano/img_Iwona  Kowalska_sendButton' is clicked on

2021-12-19 14:03:48 - [TEST_STEP][PASSED] - setText(findTestObject("Page_PSTO webMessenger - Zalogowano/input_Iwona  Kowalska_messageInput"), "b"): Text 'b' is set on object 'Object Repository/Page_PSTO webMessenger - Zalogowano/input_Iwona  Kowalska_messageInput'

2021-12-19 14:03:48 - [MESSAGE][PASSED] - Text 'b' is set on object 'Object Repository/Page_PSTO webMessenger - Zalogowano/input_Iwona  Kowalska_messageInput'

2021-12-19 14:03:48 - [TEST_STEP][PASSED] - click(findTestObject("Page_PSTO webMessenger - Zalogowano/img_Iwona  Kowalska_sendButton")): Object: 'Object Repository/Page_PSTO webMessenger - Zalogowano/img_Iwona  Kowalska_sendButton' is clicked on

2021-12-19 14:03:49 - [MESSAGE][PASSED] - Object: 'Object Repository/Page_PSTO webMessenger - Zalogowano/img_Iwona  Kowalska_sendButton' is clicked on

2021-12-19 14:03:49 - [TEST_STEP][PASSED] - setText(findTestObject("Page_PSTO webMessenger - Zalogowano/input_Iwona  Kowalska_messageInput"), "b"): Text 'b' is set on object 'Object Repository/Page_PSTO webMessenger - Zalogowano/input_Iwona  Kowalska_messageInput'

2021-12-19 14:03:50 - [MESSAGE][PASSED] - Text 'b' is set on object 'Object Repository/Page_PSTO webMessenger - Zalogowano/input_Iwona  Kowalska_messageInput'

2021-12-19 14:03:50 - [TEST_STEP][PASSED] - click(findTestObject("Page_PSTO webMessenger - Zalogowano/img_Iwona  Kowalska_sendButton")): Object: 'Object Repository/Page_PSTO webMessenger - Zalogowano/img_Iwona  Kowalska_sendButton' is clicked on

2021-12-19 14:03:50 - [MESSAGE][PASSED] - Object: 'Object Repository/Page_PSTO webMessenger - Zalogowano/img_Iwona  Kowalska_sendButton' is clicked on

2021-12-19 14:03:50 - [TEST_STEP][PASSED] - setText(findTestObject("Page_PSTO webMessenger - Zalogowano/input_Iwona  Kowalska_messageInput"), "b"): Text 'b' is set on object 'Object Repository/Page_PSTO webMessenger - Zalogowano/input_Iwona  Kowalska_messageInput'

2021-12-19 14:03:51 - [MESSAGE][PASSED] - Text 'b' is set on object 'Object Repository/Page_PSTO webMessenger - Zalogowano/input_Iwona  Kowalska_messageInput'

2021-12-19 14:03:51 - [TEST_STEP][PASSED] - click(findTestObject("Page_PSTO webMessenger - Zalogowano/img_Iwona  Kowalska_sendButton")): Object: 'Object Repository/Page_PSTO webMessenger - Zalogowano/img_Iwona  Kowalska_sendButton' is clicked on

2021-12-19 14:03:52 - [MESSAGE][PASSED] - Object: 'Object Repository/Page_PSTO webMessenger - Zalogowano/img_Iwona  Kowalska_sendButton' is clicked on

2021-12-19 14:03:52 - [TEST_STEP][PASSED] - setText(findTestObject("Page_PSTO webMessenger - Zalogowano/input_Iwona  Kowalska_messageInput"), "b"): Text 'b' is set on object 'Object Repository/Page_PSTO webMessenger - Zalogowano/input_Iwona  Kowalska_messageInput'

2021-12-19 14:03:52 - [MESSAGE][PASSED] - Text 'b' is set on object 'Object Repository/Page_PSTO webMessenger - Zalogowano/input_Iwona  Kowalska_messageInput'

2021-12-19 14:03:52 - [TEST_STEP][PASSED] - click(findTestObject("Page_PSTO webMessenger - Zalogowano/img_Iwona  Kowalska_sendButton")): Object: 'Object Repository/Page_PSTO webMessenger - Zalogowano/img_Iwona  Kowalska_sendButton' is clicked on

2021-12-19 14:03:53 - [MESSAGE][PASSED] - Object: 'Object Repository/Page_PSTO webMessenger - Zalogowano/img_Iwona  Kowalska_sendButton' is clicked on

2021-12-19 14:03:53 - [TEST_STEP][PASSED] - setText(findTestObject("Page_PSTO webMessenger - Zalogowano/input_Iwona  Kowalska_messageInput"), "b"): Text 'b' is set on object 'Object Repository/Page_PSTO webMessenger - Zalogowano/input_Iwona  Kowalska_messageInput'

2021-12-19 14:03:53 - [MESSAGE][PASSED] - Text 'b' is set on object 'Object Repository/Page_PSTO webMessenger - Zalogowano/input_Iwona  Kowalska_messageInput'

2021-12-19 14:03:53 - [TEST_STEP][PASSED] - click(findTestObject("Page_PSTO webMessenger - Zalogowano/img_Iwona  Kowalska_sendButton")): Object: 'Object Repository/Page_PSTO webMessenger - Zalogowano/img_Iwona  Kowalska_sendButton' is clicked on

2021-12-19 14:03:54 - [MESSAGE][PASSED] - Object: 'Object Repository/Page_PSTO webMessenger - Zalogowano/img_Iwona  Kowalska_sendButton' is clicked on

2021-12-19 14:03:54 - [TEST_STEP][PASSED] - setText(findTestObject("Page_PSTO webMessenger - Zalogowano/input_Iwona  Kowalska_messageInput"), "b"): Text 'b' is set on object 'Object Repository/Page_PSTO webMessenger - Zalogowano/input_Iwona  Kowalska_messageInput'

2021-12-19 14:03:55 - [MESSAGE][PASSED] - Text 'b' is set on object 'Object Repository/Page_PSTO webMessenger - Zalogowano/input_Iwona  Kowalska_messageInput'

2021-12-19 14:03:55 - [TEST_STEP][PASSED] - click(findTestObject("Page_PSTO webMessenger - Zalogowano/img_Iwona  Kowalska_sendButton")): Object: 'Object Repository/Page_PSTO webMessenger - Zalogowano/img_Iwona  Kowalska_sendButton' is clicked on

2021-12-19 14:03:55 - [MESSAGE][PASSED] - Object: 'Object Repository/Page_PSTO webMessenger - Zalogowano/img_Iwona  Kowalska_sendButton' is clicked on

2021-12-19 14:03:55 - [TEST_STEP][PASSED] - setText(findTestObject("Page_PSTO webMessenger - Zalogowano/input_Iwona  Kowalska_messageInput"), "b"): Text 'b' is set on object 'Object Repository/Page_PSTO webMessenger - Zalogowano/input_Iwona  Kowalska_messageInput'

2021-12-19 14:03:56 - [MESSAGE][PASSED] - Text 'b' is set on object 'Object Repository/Page_PSTO webMessenger - Zalogowano/input_Iwona  Kowalska_messageInput'

2021-12-19 14:03:56 - [TEST_STEP][PASSED] - click(findTestObject("Page_PSTO webMessenger - Zalogowano/img_Iwona  Kowalska_sendButton")): Object: 'Object Repository/Page_PSTO webMessenger - Zalogowano/img_Iwona  Kowalska_sendButton' is clicked on

2021-12-19 14:03:57 - [MESSAGE][PASSED] - Object: 'Object Repository/Page_PSTO webMessenger - Zalogowano/img_Iwona  Kowalska_sendButton' is clicked on

2021-12-19 14:03:57 - [TEST_STEP][PASSED] - setText(findTestObject("Page_PSTO webMessenger - Zalogowano/input_Iwona  Kowalska_messageInput"), "b"): Text 'b' is set on object 'Object Repository/Page_PSTO webMessenger - Zalogowano/input_Iwona  Kowalska_messageInput'

2021-12-19 14:03:57 - [MESSAGE][PASSED] - Text 'b' is set on object 'Object Repository/Page_PSTO webMessenger - Zalogowano/input_Iwona  Kowalska_messageInput'

2021-12-19 14:03:57 - [TEST_STEP][PASSED] - click(findTestObject("Page_PSTO webMessenger - Zalogowano/img_Iwona  Kowalska_sendButton")): Object: 'Object Repository/Page_PSTO webMessenger - Zalogowano/img_Iwona  Kowalska_sendButton' is clicked on

2021-12-19 14:03:58 - [MESSAGE][PASSED] - Object: 'Object Repository/Page_PSTO webMessenger - Zalogowano/img_Iwona  Kowalska_sendButton' is clicked on

2021-12-19 14:03:58 - [TEST_STEP][PASSED] - setText(findTestObject("Page_PSTO webMessenger - Zalogowano/input_Iwona  Kowalska_messageInput"), "b"): Text 'b' is set on object 'Object Repository/Page_PSTO webMessenger - Zalogowano/input_Iwona  Kowalska_messageInput'

2021-12-19 14:03:58 - [MESSAGE][PASSED] - Text 'b' is set on object 'Object Repository/Page_PSTO webMessenger - Zalogowano/input_Iwona  Kowalska_messageInput'

2021-12-19 14:03:58 - [TEST_STEP][PASSED] - click(findTestObject("Page_PSTO webMessenger - Zalogowano/img_Iwona  Kowalska_sendButton")): Object: 'Object Repository/Page_PSTO webMessenger - Zalogowano/img_Iwona  Kowalska_sendButton' is clicked on

2021-12-19 14:03:59 - [MESSAGE][PASSED] - Object: 'Object Repository/Page_PSTO webMessenger - Zalogowano/img_Iwona  Kowalska_sendButton' is clicked on

2021-12-19 14:03:59 - [TEST_STEP][PASSED] - setText(findTestObject("Page_PSTO webMessenger - Zalogowano/input_Iwona  Kowalska_messageInput"), "b"): Text 'b' is set on object 'Object Repository/Page_PSTO webMessenger - Zalogowano/input_Iwona  Kowalska_messageInput'

2021-12-19 14:04:00 - [MESSAGE][PASSED] - Text 'b' is set on object 'Object Repository/Page_PSTO webMessenger - Zalogowano/input_Iwona  Kowalska_messageInput'

2021-12-19 14:04:00 - [TEST_STEP][PASSED] - click(findTestObject("Page_PSTO webMessenger - Zalogowano/img_Iwona  Kowalska_sendButton")): Object: 'Object Repository/Page_PSTO webMessenger - Zalogowano/img_Iwona  Kowalska_sendButton' is clicked on

2021-12-19 14:04:00 - [MESSAGE][PASSED] - Object: 'Object Repository/Page_PSTO webMessenger - Zalogowano/img_Iwona  Kowalska_sendButton' is clicked on

2021-12-19 14:04:00 - [TEST_STEP][PASSED] - setText(findTestObject("Page_PSTO webMessenger - Zalogowano/input_Iwona  Kowalska_messageInput"), "b"): Text 'b' is set on object 'Object Repository/Page_PSTO webMessenger - Zalogowano/input_Iwona  Kowalska_messageInput'

2021-12-19 14:04:01 - [MESSAGE][PASSED] - Text 'b' is set on object 'Object Repository/Page_PSTO webMessenger - Zalogowano/input_Iwona  Kowalska_messageInput'

2021-12-19 14:04:01 - [TEST_STEP][PASSED] - click(findTestObject("Page_PSTO webMessenger - Zalogowano/img_Iwona  Kowalska_sendButton")): Object: 'Object Repository/Page_PSTO webMessenger - Zalogowano/img_Iwona  Kowalska_sendButton' is clicked on

2021-12-19 14:04:02 - [MESSAGE][PASSED] - Object: 'Object Repository/Page_PSTO webMessenger - Zalogowano/img_Iwona  Kowalska_sendButton' is clicked on

2021-12-19 14:04:02 - [TEST_STEP][PASSED] - setText(findTestObject("Page_PSTO webMessenger - Zalogowano/input_Iwona  Kowalska_messageInput"), "b"): Text 'b' is set on object 'Object Repository/Page_PSTO webMessenger - Zalogowano/input_Iwona  Kowalska_messageInput'

2021-12-19 14:04:02 - [MESSAGE][PASSED] - Text 'b' is set on object 'Object Repository/Page_PSTO webMessenger - Zalogowano/input_Iwona  Kowalska_messageInput'

2021-12-19 14:04:02 - [TEST_STEP][PASSED] - click(findTestObject("Page_PSTO webMessenger - Zalogowano/img_Iwona  Kowalska_sendButton")): Object: 'Object Repository/Page_PSTO webMessenger - Zalogowano/img_Iwona  Kowalska_sendButton' is clicked on

2021-12-19 14:04:03 - [MESSAGE][PASSED] - Object: 'Object Repository/Page_PSTO webMessenger - Zalogowano/img_Iwona  Kowalska_sendButton' is clicked on

2021-12-19 14:04:03 - [TEST_STEP][PASSED] - setText(findTestObject("Page_PSTO webMessenger - Zalogowano/input_Iwona  Kowalska_messageInput"), "b"): Text 'b' is set on object 'Object Repository/Page_PSTO webMessenger - Zalogowano/input_Iwona  Kowalska_messageInput'

2021-12-19 14:04:04 - [MESSAGE][PASSED] - Text 'b' is set on object 'Object Repository/Page_PSTO webMessenger - Zalogowano/input_Iwona  Kowalska_messageInput'

2021-12-19 14:04:04 - [TEST_STEP][PASSED] - click(findTestObject("Page_PSTO webMessenger - Zalogowano/img_Iwona  Kowalska_sendButton")): Object: 'Object Repository/Page_PSTO webMessenger - Zalogowano/img_Iwona  Kowalska_sendButton' is clicked on

2021-12-19 14:04:04 - [MESSAGE][PASSED] - Object: 'Object Repository/Page_PSTO webMessenger - Zalogowano/img_Iwona  Kowalska_sendButton' is clicked on

2021-12-19 14:04:04 - [TEST_STEP][PASSED] - setText(findTestObject("Page_PSTO webMessenger - Zalogowano/input_Iwona  Kowalska_messageInput"), "b"): Text 'b' is set on object 'Object Repository/Page_PSTO webMessenger - Zalogowano/input_Iwona  Kowalska_messageInput'

2021-12-19 14:04:05 - [MESSAGE][PASSED] - Text 'b' is set on object 'Object Repository/Page_PSTO webMessenger - Zalogowano/input_Iwona  Kowalska_messageInput'

2021-12-19 14:04:05 - [TEST_STEP][PASSED] - click(findTestObject("Page_PSTO webMessenger - Zalogowano/img_Iwona  Kowalska_sendButton")): Object: 'Object Repository/Page_PSTO webMessenger - Zalogowano/img_Iwona  Kowalska_sendButton' is clicked on

2021-12-19 14:04:05 - [MESSAGE][PASSED] - Object: 'Object Repository/Page_PSTO webMessenger - Zalogowano/img_Iwona  Kowalska_sendButton' is clicked on

2021-12-19 14:04:05 - [TEST_STEP][PASSED] - setText(findTestObject("Page_PSTO webMessenger - Zalogowano/input_Iwona  Kowalska_messageInput"), "b"): Text 'b' is set on object 'Object Repository/Page_PSTO webMessenger - Zalogowano/input_Iwona  Kowalska_messageInput'

2021-12-19 14:04:06 - [MESSAGE][PASSED] - Text 'b' is set on object 'Object Repository/Page_PSTO webMessenger - Zalogowano/input_Iwona  Kowalska_messageInput'

2021-12-19 14:04:06 - [TEST_STEP][PASSED] - click(findTestObject("Page_PSTO webMessenger - Zalogowano/img_Iwona  Kowalska_sendButton")): Object: 'Object Repository/Page_PSTO webMessenger - Zalogowano/img_Iwona  Kowalska_sendButton' is clicked on

2021-12-19 14:04:07 - [MESSAGE][PASSED] - Object: 'Object Repository/Page_PSTO webMessenger - Zalogowano/img_Iwona  Kowalska_sendButton' is clicked on

2021-12-19 14:04:07 - [TEST_STEP][PASSED] - setText(findTestObject("Page_PSTO webMessenger - Zalogowano/input_Iwona  Kowalska_messageInput"), "b"): Text 'b' is set on object 'Object Repository/Page_PSTO webMessenger - Zalogowano/input_Iwona  Kowalska_messageInput'

2021-12-19 14:04:07 - [MESSAGE][PASSED] - Text 'b' is set on object 'Object Repository/Page_PSTO webMessenger - Zalogowano/input_Iwona  Kowalska_messageInput'

2021-12-19 14:04:07 - [TEST_STEP][PASSED] - click(findTestObject("Page_PSTO webMessenger - Zalogowano/img_Iwona  Kowalska_sendButton")): Object: 'Object Repository/Page_PSTO webMessenger - Zalogowano/img_Iwona  Kowalska_sendButton' is clicked on

2021-12-19 14:04:08 - [MESSAGE][PASSED] - Object: 'Object Repository/Page_PSTO webMessenger - Zalogowano/img_Iwona  Kowalska_sendButton' is clicked on

2021-12-19 14:04:08 - [TEST_STEP][PASSED] - setText(findTestObject("Page_PSTO webMessenger - Zalogowano/input_Iwona  Kowalska_messageInput"), "b"): Text 'b' is set on object 'Object Repository/Page_PSTO webMessenger - Zalogowano/input_Iwona  Kowalska_messageInput'

2021-12-19 14:04:09 - [MESSAGE][PASSED] - Text 'b' is set on object 'Object Repository/Page_PSTO webMessenger - Zalogowano/input_Iwona  Kowalska_messageInput'

2021-12-19 14:04:09 - [TEST_STEP][PASSED] - click(findTestObject("Page_PSTO webMessenger - Zalogowano/img_Iwona  Kowalska_sendButton")): Object: 'Object Repository/Page_PSTO webMessenger - Zalogowano/img_Iwona  Kowalska_sendButton' is clicked on

2021-12-19 14:04:09 - [MESSAGE][PASSED] - Object: 'Object Repository/Page_PSTO webMessenger - Zalogowano/img_Iwona  Kowalska_sendButton' is clicked on

2021-12-19 14:04:09 - [TEST_STEP][PASSED] - setText(findTestObject("Page_PSTO webMessenger - Zalogowano/input_Iwona  Kowalska_messageInput"), "b"): Text 'b' is set on object 'Object Repository/Page_PSTO webMessenger - Zalogowano/input_Iwona  Kowalska_messageInput'

2021-12-19 14:04:10 - [MESSAGE][PASSED] - Text 'b' is set on object 'Object Repository/Page_PSTO webMessenger - Zalogowano/input_Iwona  Kowalska_messageInput'

2021-12-19 14:04:10 - [TEST_STEP][PASSED] - click(findTestObject("Page_PSTO webMessenger - Zalogowano/img_Iwona  Kowalska_sendButton")): Object: 'Object Repository/Page_PSTO webMessenger - Zalogowano/img_Iwona  Kowalska_sendButton' is clicked on

2021-12-19 14:04:10 - [MESSAGE][PASSED] - Object: 'Object Repository/Page_PSTO webMessenger - Zalogowano/img_Iwona  Kowalska_sendButton' is clicked on

2021-12-19 14:04:10 - [TEST_STEP][PASSED] - setText(findTestObject("Page_PSTO webMessenger - Zalogowano/input_Iwona  Kowalska_messageInput"), "b"): Text 'b' is set on object 'Object Repository/Page_PSTO webMessenger - Zalogowano/input_Iwona  Kowalska_messageInput'

2021-12-19 14:04:11 - [MESSAGE][PASSED] - Text 'b' is set on object 'Object Repository/Page_PSTO webMessenger - Zalogowano/input_Iwona  Kowalska_messageInput'

2021-12-19 14:04:11 - [TEST_STEP][PASSED] - click(findTestObject("Page_PSTO webMessenger - Zalogowano/img_Iwona  Kowalska_sendButton")): Object: 'Object Repository/Page_PSTO webMessenger - Zalogowano/img_Iwona  Kowalska_sendButton' is clicked on

2021-12-19 14:04:12 - [MESSAGE][PASSED] - Object: 'Object Repository/Page_PSTO webMessenger - Zalogowano/img_Iwona  Kowalska_sendButton' is clicked on

2021-12-19 14:04:12 - [TEST_STEP][PASSED] - setText(findTestObject("Page_PSTO webMessenger - Zalogowano/input_Iwona  Kowalska_messageInput"), "b"): Text 'b' is set on object 'Object Repository/Page_PSTO webMessenger - Zalogowano/input_Iwona  Kowalska_messageInput'

2021-12-19 14:04:12 - [MESSAGE][PASSED] - Text 'b' is set on object 'Object Repository/Page_PSTO webMessenger - Zalogowano/input_Iwona  Kowalska_messageInput'

2021-12-19 14:04:12 - [TEST_STEP][PASSED] - click(findTestObject("Page_PSTO webMessenger - Zalogowano/img_Iwona  Kowalska_sendButton")): Object: 'Object Repository/Page_PSTO webMessenger - Zalogowano/img_Iwona  Kowalska_sendButton' is clicked on

2021-12-19 14:04:13 - [MESSAGE][PASSED] - Object: 'Object Repository/Page_PSTO webMessenger - Zalogowano/img_Iwona  Kowalska_sendButton' is clicked on

2021-12-19 14:04:13 - [TEST_STEP][PASSED] - setText(findTestObject("Page_PSTO webMessenger - Zalogowano/input_Iwona  Kowalska_messageInput"), "b"): Text 'b' is set on object 'Object Repository/Page_PSTO webMessenger - Zalogowano/input_Iwona  Kowalska_messageInput'

2021-12-19 14:04:14 - [MESSAGE][PASSED] - Text 'b' is set on object 'Object Repository/Page_PSTO webMessenger - Zalogowano/input_Iwona  Kowalska_messageInput'

2021-12-19 14:04:14 - [TEST_STEP][PASSED] - click(findTestObject("Page_PSTO webMessenger - Zalogowano/img_Iwona  Kowalska_sendButton")): Object: 'Object Repository/Page_PSTO webMessenger - Zalogowano/img_Iwona  Kowalska_sendButton' is clicked on

2021-12-19 14:04:14 - [MESSAGE][PASSED] - Object: 'Object Repository/Page_PSTO webMessenger - Zalogowano/img_Iwona  Kowalska_sendButton' is clicked on

2021-12-19 14:04:14 - [TEST_STEP][PASSED] - setText(findTestObject("Page_PSTO webMessenger - Zalogowano/input_Iwona  Kowalska_messageInput"), "b"): Text 'b' is set on object 'Object Repository/Page_PSTO webMessenger - Zalogowano/input_Iwona  Kowalska_messageInput'

2021-12-19 14:04:15 - [MESSAGE][PASSED] - Text 'b' is set on object 'Object Repository/Page_PSTO webMessenger - Zalogowano/input_Iwona  Kowalska_messageInput'

2021-12-19 14:04:15 - [TEST_STEP][PASSED] - click(findTestObject("Page_PSTO webMessenger - Zalogowano/img_Iwona  Kowalska_sendButton")): Object: 'Object Repository/Page_PSTO webMessenger - Zalogowano/img_Iwona  Kowalska_sendButton' is clicked on

2021-12-19 14:04:15 - [MESSAGE][PASSED] - Object: 'Object Repository/Page_PSTO webMessenger - Zalogowano/img_Iwona  Kowalska_sendButton' is clicked on

2021-12-19 14:04:15 - [TEST_STEP][PASSED] - setText(findTestObject("Page_PSTO webMessenger - Zalogowano/input_Iwona  Kowalska_messageInput"), "b"): Text 'b' is set on object 'Object Repository/Page_PSTO webMessenger - Zalogowano/input_Iwona  Kowalska_messageInput'

2021-12-19 14:04:16 - [MESSAGE][PASSED] - Text 'b' is set on object 'Object Repository/Page_PSTO webMessenger - Zalogowano/input_Iwona  Kowalska_messageInput'

2021-12-19 14:04:16 - [TEST_STEP][PASSED] - click(findTestObject("Page_PSTO webMessenger - Zalogowano/img_Iwona  Kowalska_sendButton")): Object: 'Object Repository/Page_PSTO webMessenger - Zalogowano/img_Iwona  Kowalska_sendButton' is clicked on

2021-12-19 14:04:17 - [MESSAGE][PASSED] - Object: 'Object Repository/Page_PSTO webMessenger - Zalogowano/img_Iwona  Kowalska_sendButton' is clicked on

2021-12-19 14:04:17 - [TEST_STEP][PASSED] - setText(findTestObject("Page_PSTO webMessenger - Zalogowano/input_Iwona  Kowalska_messageInput"), "b"): Text 'b' is set on object 'Object Repository/Page_PSTO webMessenger - Zalogowano/input_Iwona  Kowalska_messageInput'

2021-12-19 14:04:17 - [MESSAGE][PASSED] - Text 'b' is set on object 'Object Repository/Page_PSTO webMessenger - Zalogowano/input_Iwona  Kowalska_messageInput'

2021-12-19 14:04:17 - [TEST_STEP][PASSED] - click(findTestObject("Page_PSTO webMessenger - Zalogowano/img_Iwona  Kowalska_sendButton")): Object: 'Object Repository/Page_PSTO webMessenger - Zalogowano/img_Iwona  Kowalska_sendButton' is clicked on

2021-12-19 14:04:18 - [MESSAGE][PASSED] - Object: 'Object Repository/Page_PSTO webMessenger - Zalogowano/img_Iwona  Kowalska_sendButton' is clicked on

2021-12-19 14:04:18 - [TEST_STEP][PASSED] - setText(findTestObject("Page_PSTO webMessenger - Zalogowano/input_Iwona  Kowalska_messageInput"), "b"): Text 'b' is set on object 'Object Repository/Page_PSTO webMessenger - Zalogowano/input_Iwona  Kowalska_messageInput'

2021-12-19 14:04:19 - [MESSAGE][PASSED] - Text 'b' is set on object 'Object Repository/Page_PSTO webMessenger - Zalogowano/input_Iwona  Kowalska_messageInput'

2021-12-19 14:04:19 - [TEST_STEP][PASSED] - click(findTestObject("Page_PSTO webMessenger - Zalogowano/img_Iwona  Kowalska_sendButton")): Object: 'Object Repository/Page_PSTO webMessenger - Zalogowano/img_Iwona  Kowalska_sendButton' is clicked on

2021-12-19 14:04:19 - [MESSAGE][PASSED] - Object: 'Object Repository/Page_PSTO webMessenger - Zalogowano/img_Iwona  Kowalska_sendButton' is clicked on

2021-12-19 14:04:19 - [TEST_STEP][PASSED] - setText(findTestObject("Page_PSTO webMessenger - Zalogowano/input_Iwona  Kowalska_messageInput"), "b"): Text 'b' is set on object 'Object Repository/Page_PSTO webMessenger - Zalogowano/input_Iwona  Kowalska_messageInput'

2021-12-19 14:04:20 - [MESSAGE][PASSED] - Text 'b' is set on object 'Object Repository/Page_PSTO webMessenger - Zalogowano/input_Iwona  Kowalska_messageInput'

2021-12-19 14:04:20 - [TEST_STEP][PASSED] - click(findTestObject("Page_PSTO webMessenger - Zalogowano/img_Iwona  Kowalska_sendButton")): Object: 'Object Repository/Page_PSTO webMessenger - Zalogowano/img_Iwona  Kowalska_sendButton' is clicked on

2021-12-19 14:04:20 - [MESSAGE][PASSED] - Object: 'Object Repository/Page_PSTO webMessenger - Zalogowano/img_Iwona  Kowalska_sendButton' is clicked on

2021-12-19 14:04:20 - [TEST_STEP][PASSED] - setText(findTestObject("Page_PSTO webMessenger - Zalogowano/input_Iwona  Kowalska_messageInput"), "b"): Text 'b' is set on object 'Object Repository/Page_PSTO webMessenger - Zalogowano/input_Iwona  Kowalska_messageInput'

2021-12-19 14:04:21 - [MESSAGE][PASSED] - Text 'b' is set on object 'Object Repository/Page_PSTO webMessenger - Zalogowano/input_Iwona  Kowalska_messageInput'

2021-12-19 14:04:21 - [TEST_STEP][PASSED] - click(findTestObject("Page_PSTO webMessenger - Zalogowano/img_Iwona  Kowalska_sendButton")): Object: 'Object Repository/Page_PSTO webMessenger - Zalogowano/img_Iwona  Kowalska_sendButton' is clicked on

2021-12-19 14:04:22 - [MESSAGE][PASSED] - Object: 'Object Repository/Page_PSTO webMessenger - Zalogowano/img_Iwona  Kowalska_sendButton' is clicked on

2021-12-19 14:04:22 - [TEST_STEP][PASSED] - setText(findTestObject("Page_PSTO webMessenger - Zalogowano/input_Iwona  Kowalska_messageInput"), "b"): Text 'b' is set on object 'Object Repository/Page_PSTO webMessenger - Zalogowano/input_Iwona  Kowalska_messageInput'

2021-12-19 14:04:22 - [MESSAGE][PASSED] - Text 'b' is set on object 'Object Repository/Page_PSTO webMessenger - Zalogowano/input_Iwona  Kowalska_messageInput'

2021-12-19 14:04:22 - [TEST_STEP][PASSED] - click(findTestObject("Page_PSTO webMessenger - Zalogowano/img_Iwona  Kowalska_sendButton")): Object: 'Object Repository/Page_PSTO webMessenger - Zalogowano/img_Iwona  Kowalska_sendButton' is clicked on

2021-12-19 14:04:23 - [MESSAGE][PASSED] - Object: 'Object Repository/Page_PSTO webMessenger - Zalogowano/img_Iwona  Kowalska_sendButton' is clicked on

2021-12-19 14:04:23 - [TEST_STEP][PASSED] - setText(findTestObject("Page_PSTO webMessenger - Zalogowano/input_Iwona  Kowalska_messageInput"), "b"): Text 'b' is set on object 'Object Repository/Page_PSTO webMessenger - Zalogowano/input_Iwona  Kowalska_messageInput'

2021-12-19 14:04:24 - [MESSAGE][PASSED] - Text 'b' is set on object 'Object Repository/Page_PSTO webMessenger - Zalogowano/input_Iwona  Kowalska_messageInput'

2021-12-19 14:04:24 - [TEST_STEP][PASSED] - click(findTestObject("Page_PSTO webMessenger - Zalogowano/img_Iwona  Kowalska_sendButton")): Object: 'Object Repository/Page_PSTO webMessenger - Zalogowano/img_Iwona  Kowalska_sendButton' is clicked on

2021-12-19 14:04:24 - [MESSAGE][PASSED] - Object: 'Object Repository/Page_PSTO webMessenger - Zalogowano/img_Iwona  Kowalska_sendButton' is clicked on

2021-12-19 14:04:24 - [TEST_STEP][PASSED] - setText(findTestObject("Page_PSTO webMessenger - Zalogowano/input_Iwona  Kowalska_messageInput"), "b"): Text 'b' is set on object 'Object Repository/Page_PSTO webMessenger - Zalogowano/input_Iwona  Kowalska_messageInput'

2021-12-19 14:04:25 - [MESSAGE][PASSED] - Text 'b' is set on object 'Object Repository/Page_PSTO webMessenger - Zalogowano/input_Iwona  Kowalska_messageInput'

2021-12-19 14:04:25 - [TEST_STEP][PASSED] - click(findTestObject("Page_PSTO webMessenger - Zalogowano/img_Iwona  Kowalska_sendButton")): Object: 'Object Repository/Page_PSTO webMessenger - Zalogowano/img_Iwona  Kowalska_sendButton' is clicked on

2021-12-19 14:04:25 - [MESSAGE][PASSED] - Object: 'Object Repository/Page_PSTO webMessenger - Zalogowano/img_Iwona  Kowalska_sendButton' is clicked on

2021-12-19 14:04:25 - [TEST_STEP][PASSED] - setText(findTestObject("Page_PSTO webMessenger - Zalogowano/input_Iwona  Kowalska_messageInput"), "b"): Text 'b' is set on object 'Object Repository/Page_PSTO webMessenger - Zalogowano/input_Iwona  Kowalska_messageInput'

2021-12-19 14:04:26 - [MESSAGE][PASSED] - Text 'b' is set on object 'Object Repository/Page_PSTO webMessenger - Zalogowano/input_Iwona  Kowalska_messageInput'

2021-12-19 14:04:26 - [TEST_STEP][PASSED] - click(findTestObject("Page_PSTO webMessenger - Zalogowano/img_Iwona  Kowalska_sendButton")): Object: 'Object Repository/Page_PSTO webMessenger - Zalogowano/img_Iwona  Kowalska_sendButton' is clicked on

2021-12-19 14:04:27 - [MESSAGE][PASSED] - Object: 'Object Repository/Page_PSTO webMessenger - Zalogowano/img_Iwona  Kowalska_sendButton' is clicked on

2021-12-19 14:04:27 - [TEST_STEP][PASSED] - setText(findTestObject("Page_PSTO webMessenger - Zalogowano/input_Iwona  Kowalska_messageInput"), "b"): Text 'b' is set on object 'Object Repository/Page_PSTO webMessenger - Zalogowano/input_Iwona  Kowalska_messageInput'

2021-12-19 14:04:27 - [MESSAGE][PASSED] - Text 'b' is set on object 'Object Repository/Page_PSTO webMessenger - Zalogowano/input_Iwona  Kowalska_messageInput'

2021-12-19 14:04:27 - [TEST_STEP][PASSED] - click(findTestObject("Page_PSTO webMessenger - Zalogowano/img_Iwona  Kowalska_sendButton")): Object: 'Object Repository/Page_PSTO webMessenger - Zalogowano/img_Iwona  Kowalska_sendButton' is clicked on

2021-12-19 14:04:28 - [MESSAGE][PASSED] - Object: 'Object Repository/Page_PSTO webMessenger - Zalogowano/img_Iwona  Kowalska_sendButton' is clicked on

2021-12-19 14:04:28 - [TEST_STEP][PASSED] - setText(findTestObject("Page_PSTO webMessenger - Zalogowano/input_Iwona  Kowalska_messageInput"), "b"): Text 'b' is set on object 'Object Repository/Page_PSTO webMessenger - Zalogowano/input_Iwona  Kowalska_messageInput'

2021-12-19 14:04:29 - [MESSAGE][PASSED] - Text 'b' is set on object 'Object Repository/Page_PSTO webMessenger - Zalogowano/input_Iwona  Kowalska_messageInput'

2021-12-19 14:04:29 - [TEST_STEP][PASSED] - click(findTestObject("Page_PSTO webMessenger - Zalogowano/img_Iwona  Kowalska_sendButton")): Object: 'Object Repository/Page_PSTO webMessenger - Zalogowano/img_Iwona  Kowalska_sendButton' is clicked on

2021-12-19 14:04:29 - [MESSAGE][PASSED] - Object: 'Object Repository/Page_PSTO webMessenger - Zalogowano/img_Iwona  Kowalska_sendButton' is clicked on

2021-12-19 14:04:29 - [TEST_STEP][PASSED] - setText(findTestObject("Page_PSTO webMessenger - Zalogowano/input_Iwona  Kowalska_messageInput"), "b"): Text 'b' is set on object 'Object Repository/Page_PSTO webMessenger - Zalogowano/input_Iwona  Kowalska_messageInput'

2021-12-19 14:04:30 - [MESSAGE][PASSED] - Text 'b' is set on object 'Object Repository/Page_PSTO webMessenger - Zalogowano/input_Iwona  Kowalska_messageInput'

2021-12-19 14:04:30 - [TEST_STEP][PASSED] - click(findTestObject("Page_PSTO webMessenger - Zalogowano/img_Iwona  Kowalska_sendButton")): Object: 'Object Repository/Page_PSTO webMessenger - Zalogowano/img_Iwona  Kowalska_sendButton' is clicked on

2021-12-19 14:04:30 - [MESSAGE][PASSED] - Object: 'Object Repository/Page_PSTO webMessenger - Zalogowano/img_Iwona  Kowalska_sendButton' is clicked on

2021-12-19 14:04:30 - [TEST_STEP][PASSED] - setText(findTestObject("Page_PSTO webMessenger - Zalogowano/input_Iwona  Kowalska_messageInput"), "b"): Text 'b' is set on object 'Object Repository/Page_PSTO webMessenger - Zalogowano/input_Iwona  Kowalska_messageInput'

2021-12-19 14:04:31 - [MESSAGE][PASSED] - Text 'b' is set on object 'Object Repository/Page_PSTO webMessenger - Zalogowano/input_Iwona  Kowalska_messageInput'

2021-12-19 14:04:31 - [TEST_STEP][PASSED] - click(findTestObject("Page_PSTO webMessenger - Zalogowano/img_Iwona  Kowalska_sendButton")): Object: 'Object Repository/Page_PSTO webMessenger - Zalogowano/img_Iwona  Kowalska_sendButton' is clicked on

2021-12-19 14:04:32 - [MESSAGE][PASSED] - Object: 'Object Repository/Page_PSTO webMessenger - Zalogowano/img_Iwona  Kowalska_sendButton' is clicked on

2021-12-19 14:04:32 - [TEST_STEP][PASSED] - setText(findTestObject("Page_PSTO webMessenger - Zalogowano/input_Iwona  Kowalska_messageInput"), "b"): Text 'b' is set on object 'Object Repository/Page_PSTO webMessenger - Zalogowano/input_Iwona  Kowalska_messageInput'

2021-12-19 14:04:32 - [MESSAGE][PASSED] - Text 'b' is set on object 'Object Repository/Page_PSTO webMessenger - Zalogowano/input_Iwona  Kowalska_messageInput'

2021-12-19 14:04:32 - [TEST_STEP][PASSED] - click(findTestObject("Page_PSTO webMessenger - Zalogowano/img_Iwona  Kowalska_sendButton")): Object: 'Object Repository/Page_PSTO webMessenger - Zalogowano/img_Iwona  Kowalska_sendButton' is clicked on

2021-12-19 14:04:33 - [MESSAGE][PASSED] - Object: 'Object Repository/Page_PSTO webMessenger - Zalogowano/img_Iwona  Kowalska_sendButton' is clicked on

2021-12-19 14:04:33 - [TEST_STEP][PASSED] - setText(findTestObject("Page_PSTO webMessenger - Zalogowano/input_Iwona  Kowalska_messageInput"), "b"): Text 'b' is set on object 'Object Repository/Page_PSTO webMessenger - Zalogowano/input_Iwona  Kowalska_messageInput'

2021-12-19 14:04:33 - [MESSAGE][PASSED] - Text 'b' is set on object 'Object Repository/Page_PSTO webMessenger - Zalogowano/input_Iwona  Kowalska_messageInput'

2021-12-19 14:04:33 - [TEST_STEP][PASSED] - click(findTestObject("Page_PSTO webMessenger - Zalogowano/img_Iwona  Kowalska_sendButton")): Object: 'Object Repository/Page_PSTO webMessenger - Zalogowano/img_Iwona  Kowalska_sendButton' is clicked on

2021-12-19 14:04:34 - [MESSAGE][PASSED] - Object: 'Object Repository/Page_PSTO webMessenger - Zalogowano/img_Iwona  Kowalska_sendButton' is clicked on

2021-12-19 14:04:34 - [TEST_STEP][PASSED] - setText(findTestObject("Page_PSTO webMessenger - Zalogowano/input_Iwona  Kowalska_messageInput"), "b"): Text 'b' is set on object 'Object Repository/Page_PSTO webMessenger - Zalogowano/input_Iwona  Kowalska_messageInput'

2021-12-19 14:04:35 - [MESSAGE][PASSED] - Text 'b' is set on object 'Object Repository/Page_PSTO webMessenger - Zalogowano/input_Iwona  Kowalska_messageInput'

2021-12-19 14:04:35 - [TEST_STEP][PASSED] - click(findTestObject("Page_PSTO webMessenger - Zalogowano/img_Iwona  Kowalska_sendButton")): Object: 'Object Repository/Page_PSTO webMessenger - Zalogowano/img_Iwona  Kowalska_sendButton' is clicked on

2021-12-19 14:04:35 - [MESSAGE][PASSED] - Object: 'Object Repository/Page_PSTO webMessenger - Zalogowano/img_Iwona  Kowalska_sendButton' is clicked on

2021-12-19 14:04:35 - [TEST_STEP][PASSED] - setText(findTestObject("Page_PSTO webMessenger - Zalogowano/input_Iwona  Kowalska_messageInput"), "b"): Text 'b' is set on object 'Object Repository/Page_PSTO webMessenger - Zalogowano/input_Iwona  Kowalska_messageInput'

2021-12-19 14:04:36 - [MESSAGE][PASSED] - Text 'b' is set on object 'Object Repository/Page_PSTO webMessenger - Zalogowano/input_Iwona  Kowalska_messageInput'

2021-12-19 14:04:36 - [TEST_STEP][PASSED] - click(findTestObject("Page_PSTO webMessenger - Zalogowano/img_Iwona  Kowalska_sendButton")): Object: 'Object Repository/Page_PSTO webMessenger - Zalogowano/img_Iwona  Kowalska_sendButton' is clicked on

2021-12-19 14:04:37 - [MESSAGE][PASSED] - Object: 'Object Repository/Page_PSTO webMessenger - Zalogowano/img_Iwona  Kowalska_sendButton' is clicked on

2021-12-19 14:04:37 - [TEST_STEP][PASSED] - setText(findTestObject("Page_PSTO webMessenger - Zalogowano/input_Iwona  Kowalska_messageInput"), "b"): Text 'b' is set on object 'Object Repository/Page_PSTO webMessenger - Zalogowano/input_Iwona  Kowalska_messageInput'

2021-12-19 14:04:37 - [MESSAGE][PASSED] - Text 'b' is set on object 'Object Repository/Page_PSTO webMessenger - Zalogowano/input_Iwona  Kowalska_messageInput'

2021-12-19 14:04:37 - [TEST_STEP][PASSED] - click(findTestObject("Page_PSTO webMessenger - Zalogowano/img_Iwona  Kowalska_sendButton")): Object: 'Object Repository/Page_PSTO webMessenger - Zalogowano/img_Iwona  Kowalska_sendButton' is clicked on

2021-12-19 14:04:38 - [MESSAGE][PASSED] - Object: 'Object Repository/Page_PSTO webMessenger - Zalogowano/img_Iwona  Kowalska_sendButton' is clicked on

2021-12-19 14:04:38 - [TEST_STEP][PASSED] - setText(findTestObject("Page_PSTO webMessenger - Zalogowano/input_Iwona  Kowalska_messageInput"), "b"): Text 'b' is set on object 'Object Repository/Page_PSTO webMessenger - Zalogowano/input_Iwona  Kowalska_messageInput'

2021-12-19 14:04:38 - [MESSAGE][PASSED] - Text 'b' is set on object 'Object Repository/Page_PSTO webMessenger - Zalogowano/input_Iwona  Kowalska_messageInput'

2021-12-19 14:04:38 - [TEST_STEP][PASSED] - click(findTestObject("Page_PSTO webMessenger - Zalogowano/img_Iwona  Kowalska_sendButton")): Object: 'Object Repository/Page_PSTO webMessenger - Zalogowano/img_Iwona  Kowalska_sendButton' is clicked on

2021-12-19 14:04:39 - [MESSAGE][PASSED] - Object: 'Object Repository/Page_PSTO webMessenger - Zalogowano/img_Iwona  Kowalska_sendButton' is clicked on

2021-12-19 14:04:39 - [TEST_STEP][PASSED] - setText(findTestObject("Page_PSTO webMessenger - Zalogowano/input_Iwona  Kowalska_messageInput"), "b"): Text 'b' is set on object 'Object Repository/Page_PSTO webMessenger - Zalogowano/input_Iwona  Kowalska_messageInput'

2021-12-19 14:04:40 - [MESSAGE][PASSED] - Text 'b' is set on object 'Object Repository/Page_PSTO webMessenger - Zalogowano/input_Iwona  Kowalska_messageInput'

2021-12-19 14:04:40 - [TEST_STEP][PASSED] - click(findTestObject("Page_PSTO webMessenger - Zalogowano/img_Iwona  Kowalska_sendButton")): Object: 'Object Repository/Page_PSTO webMessenger - Zalogowano/img_Iwona  Kowalska_sendButton' is clicked on

2021-12-19 14:04:40 - [MESSAGE][PASSED] - Object: 'Object Repository/Page_PSTO webMessenger - Zalogowano/img_Iwona  Kowalska_sendButton' is clicked on

2021-12-19 14:04:40 - [TEST_STEP][PASSED] - setText(findTestObject("Page_PSTO webMessenger - Zalogowano/input_Iwona  Kowalska_messageInput"), "b"): Text 'b' is set on object 'Object Repository/Page_PSTO webMessenger - Zalogowano/input_Iwona  Kowalska_messageInput'

2021-12-19 14:04:41 - [MESSAGE][PASSED] - Text 'b' is set on object 'Object Repository/Page_PSTO webMessenger - Zalogowano/input_Iwona  Kowalska_messageInput'

2021-12-19 14:04:41 - [TEST_STEP][PASSED] - click(findTestObject("Page_PSTO webMessenger - Zalogowano/img_Iwona  Kowalska_sendButton")): Object: 'Object Repository/Page_PSTO webMessenger - Zalogowano/img_Iwona  Kowalska_sendButton' is clicked on

2021-12-19 14:04:42 - [MESSAGE][PASSED] - Object: 'Object Repository/Page_PSTO webMessenger - Zalogowano/img_Iwona  Kowalska_sendButton' is clicked on

2021-12-19 14:04:42 - [TEST_STEP][PASSED] - setText(findTestObject("Page_PSTO webMessenger - Zalogowano/input_Iwona  Kowalska_messageInput"), "b"): Text 'b' is set on object 'Object Repository/Page_PSTO webMessenger - Zalogowano/input_Iwona  Kowalska_messageInput'

2021-12-19 14:04:42 - [MESSAGE][PASSED] - Text 'b' is set on object 'Object Repository/Page_PSTO webMessenger - Zalogowano/input_Iwona  Kowalska_messageInput'

2021-12-19 14:04:42 - [TEST_STEP][PASSED] - click(findTestObject("Page_PSTO webMessenger - Zalogowano/img_Iwona  Kowalska_sendButton")): Object: 'Object Repository/Page_PSTO webMessenger - Zalogowano/img_Iwona  Kowalska_sendButton' is clicked on

2021-12-19 14:04:43 - [MESSAGE][PASSED] - Object: 'Object Repository/Page_PSTO webMessenger - Zalogowano/img_Iwona  Kowalska_sendButton' is clicked on

2021-12-19 14:04:43 - [TEST_STEP][PASSED] - setText(findTestObject("Page_PSTO webMessenger - Zalogowano/input_Iwona  Kowalska_messageInput"), "b"): Text 'b' is set on object 'Object Repository/Page_PSTO webMessenger - Zalogowano/input_Iwona  Kowalska_messageInput'

2021-12-19 14:04:44 - [MESSAGE][PASSED] - Text 'b' is set on object 'Object Repository/Page_PSTO webMessenger - Zalogowano/input_Iwona  Kowalska_messageInput'

2021-12-19 14:04:44 - [TEST_STEP][PASSED] - click(findTestObject("Page_PSTO webMessenger - Zalogowano/img_Iwona  Kowalska_sendButton")): Object: 'Object Repository/Page_PSTO webMessenger - Zalogowano/img_Iwona  Kowalska_sendButton' is clicked on

2021-12-19 14:04:44 - [MESSAGE][PASSED] - Object: 'Object Repository/Page_PSTO webMessenger - Zalogowano/img_Iwona  Kowalska_sendButton' is clicked on

2021-12-19 14:04:44 - [TEST_STEP][PASSED] - setText(findTestObject("Page_PSTO webMessenger - Zalogowano/input_Iwona  Kowalska_messageInput"), "b"): Text 'b' is set on object 'Object Repository/Page_PSTO webMessenger - Zalogowano/input_Iwona  Kowalska_messageInput'

2021-12-19 14:04:45 - [MESSAGE][PASSED] - Text 'b' is set on object 'Object Repository/Page_PSTO webMessenger - Zalogowano/input_Iwona  Kowalska_messageInput'

2021-12-19 14:04:45 - [TEST_STEP][PASSED] - click(findTestObject("Page_PSTO webMessenger - Zalogowano/img_Iwona  Kowalska_sendButton")): Object: 'Object Repository/Page_PSTO webMessenger - Zalogowano/img_Iwona  Kowalska_sendButton' is clicked on

2021-12-19 14:04:45 - [MESSAGE][PASSED] - Object: 'Object Repository/Page_PSTO webMessenger - Zalogowano/img_Iwona  Kowalska_sendButton' is clicked on

2021-12-19 14:04:45 - [TEST_STEP][PASSED] - setText(findTestObject("Page_PSTO webMessenger - Zalogowano/input_Iwona  Kowalska_messageInput"), "b"): Text 'b' is set on object 'Object Repository/Page_PSTO webMessenger - Zalogowano/input_Iwona  Kowalska_messageInput'

2021-12-19 14:04:46 - [MESSAGE][PASSED] - Text 'b' is set on object 'Object Repository/Page_PSTO webMessenger - Zalogowano/input_Iwona  Kowalska_messageInput'

2021-12-19 14:04:46 - [TEST_STEP][PASSED] - click(findTestObject("Page_PSTO webMessenger - Zalogowano/img_Iwona  Kowalska_sendButton")): Object: 'Object Repository/Page_PSTO webMessenger - Zalogowano/img_Iwona  Kowalska_sendButton' is clicked on

2021-12-19 14:04:47 - [MESSAGE][PASSED] - Object: 'Object Repository/Page_PSTO webMessenger - Zalogowano/img_Iwona  Kowalska_sendButton' is clicked on

2021-12-19 14:04:47 - [TEST_STEP][PASSED] - setText(findTestObject("Page_PSTO webMessenger - Zalogowano/input_Iwona  Kowalska_messageInput"), "b"): Text 'b' is set on object 'Object Repository/Page_PSTO webMessenger - Zalogowano/input_Iwona  Kowalska_messageInput'

2021-12-19 14:04:47 - [MESSAGE][PASSED] - Text 'b' is set on object 'Object Repository/Page_PSTO webMessenger - Zalogowano/input_Iwona  Kowalska_messageInput'

2021-12-19 14:04:47 - [TEST_STEP][PASSED] - click(findTestObject("Page_PSTO webMessenger - Zalogowano/img_Iwona  Kowalska_sendButton")): Object: 'Object Repository/Page_PSTO webMessenger - Zalogowano/img_Iwona  Kowalska_sendButton' is clicked on

2021-12-19 14:04:48 - [MESSAGE][PASSED] - Object: 'Object Repository/Page_PSTO webMessenger - Zalogowano/img_Iwona  Kowalska_sendButton' is clicked on

2021-12-19 14:04:48 - [TEST_STEP][PASSED] - setText(findTestObject("Page_PSTO webMessenger - Zalogowano/input_Iwona  Kowalska_messageInput"), "b"): Text 'b' is set on object 'Object Repository/Page_PSTO webMessenger - Zalogowano/input_Iwona  Kowalska_messageInput'

2021-12-19 14:04:49 - [MESSAGE][PASSED] - Text 'b' is set on object 'Object Repository/Page_PSTO webMessenger - Zalogowano/input_Iwona  Kowalska_messageInput'

2021-12-19 14:04:49 - [TEST_STEP][PASSED] - click(findTestObject("Page_PSTO webMessenger - Zalogowano/img_Iwona  Kowalska_sendButton")): Object: 'Object Repository/Page_PSTO webMessenger - Zalogowano/img_Iwona  Kowalska_sendButton' is clicked on

2021-12-19 14:04:50 - [MESSAGE][PASSED] - Object: 'Object Repository/Page_PSTO webMessenger - Zalogowano/img_Iwona  Kowalska_sendButton' is clicked on

2021-12-19 14:04:50 - [TEST_STEP][PASSED] - setText(findTestObject("Page_PSTO webMessenger - Zalogowano/input_Iwona  Kowalska_messageInput"), "b"): Text 'b' is set on object 'Object Repository/Page_PSTO webMessenger - Zalogowano/input_Iwona  Kowalska_messageInput'

2021-12-19 14:04:50 - [MESSAGE][PASSED] - Text 'b' is set on object 'Object Repository/Page_PSTO webMessenger - Zalogowano/input_Iwona  Kowalska_messageInput'

2021-12-19 14:04:50 - [TEST_STEP][PASSED] - click(findTestObject("Page_PSTO webMessenger - Zalogowano/img_Iwona  Kowalska_sendButton")): Object: 'Object Repository/Page_PSTO webMessenger - Zalogowano/img_Iwona  Kowalska_sendButton' is clicked on

2021-12-19 14:04:51 - [MESSAGE][PASSED] - Object: 'Object Repository/Page_PSTO webMessenger - Zalogowano/img_Iwona  Kowalska_sendButton' is clicked on

2021-12-19 14:04:51 - [TEST_STEP][PASSED] - setText(findTestObject("Page_PSTO webMessenger - Zalogowano/input_Iwona  Kowalska_messageInput"), "b"): Text 'b' is set on object 'Object Repository/Page_PSTO webMessenger - Zalogowano/input_Iwona  Kowalska_messageInput'

2021-12-19 14:04:52 - [MESSAGE][PASSED] - Text 'b' is set on object 'Object Repository/Page_PSTO webMessenger - Zalogowano/input_Iwona  Kowalska_messageInput'

2021-12-19 14:04:52 - [TEST_STEP][PASSED] - click(findTestObject("Page_PSTO webMessenger - Zalogowano/img_Iwona  Kowalska_sendButton")): Object: 'Object Repository/Page_PSTO webMessenger - Zalogowano/img_Iwona  Kowalska_sendButton' is clicked on

2021-12-19 14:04:52 - [MESSAGE][PASSED] - Object: 'Object Repository/Page_PSTO webMessenger - Zalogowano/img_Iwona  Kowalska_sendButton' is clicked on

2021-12-19 14:04:52 - [TEST_STEP][PASSED] - setText(findTestObject("Page_PSTO webMessenger - Zalogowano/input_Iwona  Kowalska_messageInput"), "b"): Text 'b' is set on object 'Object Repository/Page_PSTO webMessenger - Zalogowano/input_Iwona  Kowalska_messageInput'

2021-12-19 14:04:53 - [MESSAGE][PASSED] - Text 'b' is set on object 'Object Repository/Page_PSTO webMessenger - Zalogowano/input_Iwona  Kowalska_messageInput'

2021-12-19 14:04:53 - [TEST_STEP][PASSED] - click(findTestObject("Page_PSTO webMessenger - Zalogowano/img_Iwona  Kowalska_sendButton")): Object: 'Object Repository/Page_PSTO webMessenger - Zalogowano/img_Iwona  Kowalska_sendButton' is clicked on

2021-12-19 14:04:54 - [MESSAGE][PASSED] - Object: 'Object Repository/Page_PSTO webMessenger - Zalogowano/img_Iwona  Kowalska_sendButton' is clicked on

2021-12-19 14:04:54 - [TEST_STEP][PASSED] - setText(findTestObject("Page_PSTO webMessenger - Zalogowano/input_Iwona  Kowalska_messageInput"), "b"): Text 'b' is set on object 'Object Repository/Page_PSTO webMessenger - Zalogowano/input_Iwona  Kowalska_messageInput'

2021-12-19 14:04:57 - [MESSAGE][PASSED] - Text 'b' is set on object 'Object Repository/Page_PSTO webMessenger - Zalogowano/input_Iwona  Kowalska_messageInput'

2021-12-19 14:04:57 - [TEST_STEP][PASSED] - click(findTestObject("Page_PSTO webMessenger - Zalogowano/img_Iwona  Kowalska_sendButton")): Object: 'Object Repository/Page_PSTO webMessenger - Zalogowano/img_Iwona  Kowalska_sendButton' is clicked on

2021-12-19 14:05:00 - [MESSAGE][PASSED] - Object: 'Object Repository/Page_PSTO webMessenger - Zalogowano/img_Iwona  Kowalska_sendButton' is clicked on

2021-12-19 14:05:00 - [TEST_STEP][PASSED] - setText(findTestObject("Page_PSTO webMessenger - Zalogowano/input_Iwona  Kowalska_messageInput"), "b"): Text 'b' is set on object 'Object Repository/Page_PSTO webMessenger - Zalogowano/input_Iwona  Kowalska_messageInput'

2021-12-19 14:05:02 - [MESSAGE][PASSED] - Text 'b' is set on object 'Object Repository/Page_PSTO webMessenger - Zalogowano/input_Iwona  Kowalska_messageInput'

2021-12-19 14:05:02 - [TEST_STEP][PASSED] - click(findTestObject("Page_PSTO webMessenger - Zalogowano/img_Iwona  Kowalska_sendButton")): Object: 'Object Repository/Page_PSTO webMessenger - Zalogowano/img_Iwona  Kowalska_sendButton' is clicked on

2021-12-19 14:05:03 - [MESSAGE][PASSED] - Object: 'Object Repository/Page_PSTO webMessenger - Zalogowano/img_Iwona  Kowalska_sendButton' is clicked on

2021-12-19 14:05:03 - [TEST_STEP][PASSED] - setText(findTestObject("Page_PSTO webMessenger - Zalogowano/input_Iwona  Kowalska_messageInput"), "b"): Text 'b' is set on object 'Object Repository/Page_PSTO webMessenger - Zalogowano/input_Iwona  Kowalska_messageInput'

2021-12-19 14:05:03 - [MESSAGE][PASSED] - Text 'b' is set on object 'Object Repository/Page_PSTO webMessenger - Zalogowano/input_Iwona  Kowalska_messageInput'

2021-12-19 14:05:03 - [TEST_STEP][PASSED] - click(findTestObject("Page_PSTO webMessenger - Zalogowano/img_Iwona  Kowalska_sendButton")): Object: 'Object Repository/Page_PSTO webMessenger - Zalogowano/img_Iwona  Kowalska_sendButton' is clicked on

2021-12-19 14:05:04 - [MESSAGE][PASSED] - Object: 'Object Repository/Page_PSTO webMessenger - Zalogowano/img_Iwona  Kowalska_sendButton' is clicked on

2021-12-19 14:05:04 - [TEST_STEP][PASSED] - setText(findTestObject("Page_PSTO webMessenger - Zalogowano/input_Iwona  Kowalska_messageInput"), "b"): Text 'b' is set on object 'Object Repository/Page_PSTO webMessenger - Zalogowano/input_Iwona  Kowalska_messageInput'

2021-12-19 14:05:05 - [MESSAGE][PASSED] - Text 'b' is set on object 'Object Repository/Page_PSTO webMessenger - Zalogowano/input_Iwona  Kowalska_messageInput'

2021-12-19 14:05:05 - [TEST_STEP][PASSED] - click(findTestObject("Page_PSTO webMessenger - Zalogowano/img_Iwona  Kowalska_sendButton")): Object: 'Object Repository/Page_PSTO webMessenger - Zalogowano/img_Iwona  Kowalska_sendButton' is clicked on

2021-12-19 14:05:05 - [MESSAGE][PASSED] - Object: 'Object Repository/Page_PSTO webMessenger - Zalogowano/img_Iwona  Kowalska_sendButton' is clicked on

2021-12-19 14:05:05 - [TEST_STEP][PASSED] - setText(findTestObject("Page_PSTO webMessenger - Zalogowano/input_Iwona  Kowalska_messageInput"), "b"): Text 'b' is set on object 'Object Repository/Page_PSTO webMessenger - Zalogowano/input_Iwona  Kowalska_messageInput'

2021-12-19 14:05:06 - [MESSAGE][PASSED] - Text 'b' is set on object 'Object Repository/Page_PSTO webMessenger - Zalogowano/input_Iwona  Kowalska_messageInput'

2021-12-19 14:05:06 - [TEST_STEP][PASSED] - click(findTestObject("Page_PSTO webMessenger - Zalogowano/img_Iwona  Kowalska_sendButton")): Object: 'Object Repository/Page_PSTO webMessenger - Zalogowano/img_Iwona  Kowalska_sendButton' is clicked on

2021-12-19 14:05:07 - [MESSAGE][PASSED] - Object: 'Object Repository/Page_PSTO webMessenger - Zalogowano/img_Iwona  Kowalska_sendButton' is clicked on

2021-12-19 14:05:07 - [TEST_STEP][PASSED] - setText(findTestObject("Page_PSTO webMessenger - Zalogowano/input_Iwona  Kowalska_messageInput"), "b"): Text 'b' is set on object 'Object Repository/Page_PSTO webMessenger - Zalogowano/input_Iwona  Kowalska_messageInput'

2021-12-19 14:05:08 - [MESSAGE][PASSED] - Text 'b' is set on object 'Object Repository/Page_PSTO webMessenger - Zalogowano/input_Iwona  Kowalska_messageInput'

2021-12-19 14:05:08 - [TEST_STEP][PASSED] - click(findTestObject("Page_PSTO webMessenger - Zalogowano/img_Iwona  Kowalska_sendButton")): Object: 'Object Repository/Page_PSTO webMessenger - Zalogowano/img_Iwona  Kowalska_sendButton' is clicked on

2021-12-19 14:05:08 - [MESSAGE][PASSED] - Object: 'Object Repository/Page_PSTO webMessenger - Zalogowano/img_Iwona  Kowalska_sendButton' is clicked on

2021-12-19 14:05:08 - [TEST_STEP][PASSED] - setText(findTestObject("Page_PSTO webMessenger - Zalogowano/input_Iwona  Kowalska_messageInput"), "b"): Text 'b' is set on object 'Object Repository/Page_PSTO webMessenger - Zalogowano/input_Iwona  Kowalska_messageInput'

2021-12-19 14:05:09 - [MESSAGE][PASSED] - Text 'b' is set on object 'Object Repository/Page_PSTO webMessenger - Zalogowano/input_Iwona  Kowalska_messageInput'

2021-12-19 14:05:09 - [TEST_STEP][PASSED] - click(findTestObject("Page_PSTO webMessenger - Zalogowano/img_Iwona  Kowalska_sendButton")): Object: 'Object Repository/Page_PSTO webMessenger - Zalogowano/img_Iwona  Kowalska_sendButton' is clicked on

2021-12-19 14:05:09 - [MESSAGE][PASSED] - Object: 'Object Repository/Page_PSTO webMessenger - Zalogowano/img_Iwona  Kowalska_sendButton' is clicked on

2021-12-19 14:05:09 - [TEST_STEP][PASSED] - setText(findTestObject("Page_PSTO webMessenger - Zalogowano/input_Iwona  Kowalska_messageInput"), "b"): Text 'b' is set on object 'Object Repository/Page_PSTO webMessenger - Zalogowano/input_Iwona  Kowalska_messageInput'

2021-12-19 14:05:10 - [MESSAGE][PASSED] - Text 'b' is set on object 'Object Repository/Page_PSTO webMessenger - Zalogowano/input_Iwona  Kowalska_messageInput'

2021-12-19 14:05:10 - [TEST_STEP][PASSED] - click(findTestObject("Page_PSTO webMessenger - Zalogowano/img_Iwona  Kowalska_sendButton")): Object: 'Object Repository/Page_PSTO webMessenger - Zalogowano/img_Iwona  Kowalska_sendButton' is clicked on

2021-12-19 14:05:11 - [MESSAGE][PASSED] - Object: 'Object Repository/Page_PSTO webMessenger - Zalogowano/img_Iwona  Kowalska_sendButton' is clicked on

2021-12-19 14:05:11 - [TEST_STEP][PASSED] - setText(findTestObject("Page_PSTO webMessenger - Zalogowano/input_Iwona  Kowalska_messageInput"), "b"): Text 'b' is set on object 'Object Repository/Page_PSTO webMessenger - Zalogowano/input_Iwona  Kowalska_messageInput'

2021-12-19 14:05:11 - [MESSAGE][PASSED] - Text 'b' is set on object 'Object Repository/Page_PSTO webMessenger - Zalogowano/input_Iwona  Kowalska_messageInput'

2021-12-19 14:05:11 - [TEST_STEP][PASSED] - click(findTestObject("Page_PSTO webMessenger - Zalogowano/img_Iwona  Kowalska_sendButton")): Object: 'Object Repository/Page_PSTO webMessenger - Zalogowano/img_Iwona  Kowalska_sendButton' is clicked on

2021-12-19 14:05:12 - [MESSAGE][PASSED] - Object: 'Object Repository/Page_PSTO webMessenger - Zalogowano/img_Iwona  Kowalska_sendButton' is clicked on

2021-12-19 14:05:12 - [TEST_STEP][PASSED] - setText(findTestObject("Page_PSTO webMessenger - Zalogowano/input_Iwona  Kowalska_messageInput"), "b"): Text 'b' is set on object 'Object Repository/Page_PSTO webMessenger - Zalogowano/input_Iwona  Kowalska_messageInput'

2021-12-19 14:05:13 - [MESSAGE][PASSED] - Text 'b' is set on object 'Object Repository/Page_PSTO webMessenger - Zalogowano/input_Iwona  Kowalska_messageInput'

2021-12-19 14:05:13 - [TEST_STEP][PASSED] - click(findTestObject("Page_PSTO webMessenger - Zalogowano/img_Iwona  Kowalska_sendButton")): Object: 'Object Repository/Page_PSTO webMessenger - Zalogowano/img_Iwona  Kowalska_sendButton' is clicked on

2021-12-19 14:05:13 - [MESSAGE][PASSED] - Object: 'Object Repository/Page_PSTO webMessenger - Zalogowano/img_Iwona  Kowalska_sendButton' is clicked on

2021-12-19 14:05:13 - [TEST_STEP][PASSED] - setText(findTestObject("Page_PSTO webMessenger - Zalogowano/input_Iwona  Kowalska_messageInput"), "b"): Text 'b' is set on object 'Object Repository/Page_PSTO webMessenger - Zalogowano/input_Iwona  Kowalska_messageInput'

2021-12-19 14:05:14 - [MESSAGE][PASSED] - Text 'b' is set on object 'Object Repository/Page_PSTO webMessenger - Zalogowano/input_Iwona  Kowalska_messageInput'

2021-12-19 14:05:14 - [TEST_STEP][PASSED] - click(findTestObject("Page_PSTO webMessenger - Zalogowano/img_Iwona  Kowalska_sendButton")): Object: 'Object Repository/Page_PSTO webMessenger - Zalogowano/img_Iwona  Kowalska_sendButton' is clicked on

2021-12-19 14:05:14 - [MESSAGE][PASSED] - Object: 'Object Repository/Page_PSTO webMessenger - Zalogowano/img_Iwona  Kowalska_sendButton' is clicked on

2021-12-19 14:05:14 - [TEST_STEP][PASSED] - setText(findTestObject("Page_PSTO webMessenger - Zalogowano/input_Iwona  Kowalska_messageInput"), "b"): Text 'b' is set on object 'Object Repository/Page_PSTO webMessenger - Zalogowano/input_Iwona  Kowalska_messageInput'

2021-12-19 14:05:15 - [MESSAGE][PASSED] - Text 'b' is set on object 'Object Repository/Page_PSTO webMessenger - Zalogowano/input_Iwona  Kowalska_messageInput'

2021-12-19 14:05:15 - [TEST_STEP][PASSED] - click(findTestObject("Page_PSTO webMessenger - Zalogowano/img_Iwona  Kowalska_sendButton")): Object: 'Object Repository/Page_PSTO webMessenger - Zalogowano/img_Iwona  Kowalska_sendButton' is clicked on

2021-12-19 14:05:16 - [MESSAGE][PASSED] - Object: 'Object Repository/Page_PSTO webMessenger - Zalogowano/img_Iwona  Kowalska_sendButton' is clicked on

2021-12-19 14:05:16 - [TEST_STEP][PASSED] - setText(findTestObject("Page_PSTO webMessenger - Zalogowano/input_Iwona  Kowalska_messageInput"), "b"): Text 'b' is set on object 'Object Repository/Page_PSTO webMessenger - Zalogowano/input_Iwona  Kowalska_messageInput'

2021-12-19 14:05:16 - [MESSAGE][PASSED] - Text 'b' is set on object 'Object Repository/Page_PSTO webMessenger - Zalogowano/input_Iwona  Kowalska_messageInput'

2021-12-19 14:05:16 - [TEST_STEP][PASSED] - click(findTestObject("Page_PSTO webMessenger - Zalogowano/img_Iwona  Kowalska_sendButton")): Object: 'Object Repository/Page_PSTO webMessenger - Zalogowano/img_Iwona  Kowalska_sendButton' is clicked on

2021-12-19 14:05:17 - [MESSAGE][PASSED] - Object: 'Object Repository/Page_PSTO webMessenger - Zalogowano/img_Iwona  Kowalska_sendButton' is clicked on

2021-12-19 14:05:17 - [TEST_STEP][PASSED] - setText(findTestObject("Page_PSTO webMessenger - Zalogowano/input_Iwona  Kowalska_messageInput"), "b"): Text 'b' is set on object 'Object Repository/Page_PSTO webMessenger - Zalogowano/input_Iwona  Kowalska_messageInput'

2021-12-19 14:05:18 - [MESSAGE][PASSED] - Text 'b' is set on object 'Object Repository/Page_PSTO webMessenger - Zalogowano/input_Iwona  Kowalska_messageInput'

2021-12-19 14:05:18 - [TEST_STEP][PASSED] - click(findTestObject("Page_PSTO webMessenger - Zalogowano/img_Iwona  Kowalska_sendButton")): Object: 'Object Repository/Page_PSTO webMessenger - Zalogowano/img_Iwona  Kowalska_sendButton' is clicked on

2021-12-19 14:05:18 - [MESSAGE][PASSED] - Object: 'Object Repository/Page_PSTO webMessenger - Zalogowano/img_Iwona  Kowalska_sendButton' is clicked on

2021-12-19 14:05:18 - [TEST_STEP][PASSED] - setText(findTestObject("Page_PSTO webMessenger - Zalogowano/input_Iwona  Kowalska_messageInput"), "b"): Text 'b' is set on object 'Object Repository/Page_PSTO webMessenger - Zalogowano/input_Iwona  Kowalska_messageInput'

2021-12-19 14:05:19 - [MESSAGE][PASSED] - Text 'b' is set on object 'Object Repository/Page_PSTO webMessenger - Zalogowano/input_Iwona  Kowalska_messageInput'

2021-12-19 14:05:19 - [TEST_STEP][PASSED] - click(findTestObject("Page_PSTO webMessenger - Zalogowano/img_Iwona  Kowalska_sendButton")): Object: 'Object Repository/Page_PSTO webMessenger - Zalogowano/img_Iwona  Kowalska_sendButton' is clicked on

2021-12-19 14:05:19 - [MESSAGE][PASSED] - Object: 'Object Repository/Page_PSTO webMessenger - Zalogowano/img_Iwona  Kowalska_sendButton' is clicked on

2021-12-19 14:05:19 - [TEST_STEP][PASSED] - setText(findTestObject("Page_PSTO webMessenger - Zalogowano/input_Iwona  Kowalska_messageInput"), "b"): Text 'b' is set on object 'Object Repository/Page_PSTO webMessenger - Zalogowano/input_Iwona  Kowalska_messageInput'

2021-12-19 14:05:20 - [MESSAGE][PASSED] - Text 'b' is set on object 'Object Repository/Page_PSTO webMessenger - Zalogowano/input_Iwona  Kowalska_messageInput'

2021-12-19 14:05:20 - [TEST_STEP][PASSED] - click(findTestObject("Page_PSTO webMessenger - Zalogowano/img_Iwona  Kowalska_sendButton")): Object: 'Object Repository/Page_PSTO webMessenger - Zalogowano/img_Iwona  Kowalska_sendButton' is clicked on

2021-12-19 14:05:21 - [MESSAGE][PASSED] - Object: 'Object Repository/Page_PSTO webMessenger - Zalogowano/img_Iwona  Kowalska_sendButton' is clicked on

2021-12-19 14:05:21 - [TEST_STEP][PASSED] - setText(findTestObject("Page_PSTO webMessenger - Zalogowano/input_Iwona  Kowalska_messageInput"), "b"): Text 'b' is set on object 'Object Repository/Page_PSTO webMessenger - Zalogowano/input_Iwona  Kowalska_messageInput'

2021-12-19 14:05:21 - [MESSAGE][PASSED] - Text 'b' is set on object 'Object Repository/Page_PSTO webMessenger - Zalogowano/input_Iwona  Kowalska_messageInput'

2021-12-19 14:05:21 - [TEST_STEP][PASSED] - click(findTestObject("Page_PSTO webMessenger - Zalogowano/img_Iwona  Kowalska_sendButton")): Object: 'Object Repository/Page_PSTO webMessenger - Zalogowano/img_Iwona  Kowalska_sendButton' is clicked on

2021-12-19 14:05:22 - [MESSAGE][PASSED] - Object: 'Object Repository/Page_PSTO webMessenger - Zalogowano/img_Iwona  Kowalska_sendButton' is clicked on

2021-12-19 14:05:22 - [TEST_STEP][PASSED] - setText(findTestObject("Page_PSTO webMessenger - Zalogowano/input_Iwona  Kowalska_messageInput"), "b"): Text 'b' is set on object 'Object Repository/Page_PSTO webMessenger - Zalogowano/input_Iwona  Kowalska_messageInput'

2021-12-19 14:05:23 - [MESSAGE][PASSED] - Text 'b' is set on object 'Object Repository/Page_PSTO webMessenger - Zalogowano/input_Iwona  Kowalska_messageInput'

2021-12-19 14:05:23 - [TEST_STEP][PASSED] - click(findTestObject("Page_PSTO webMessenger - Zalogowano/img_Iwona  Kowalska_sendButton")): Object: 'Object Repository/Page_PSTO webMessenger - Zalogowano/img_Iwona  Kowalska_sendButton' is clicked on

2021-12-19 14:05:23 - [MESSAGE][PASSED] - Object: 'Object Repository/Page_PSTO webMessenger - Zalogowano/img_Iwona  Kowalska_sendButton' is clicked on

2021-12-19 14:05:23 - [TEST_STEP][PASSED] - setText(findTestObject("Page_PSTO webMessenger - Zalogowano/input_Iwona  Kowalska_messageInput"), "b"): Text 'b' is set on object 'Object Repository/Page_PSTO webMessenger - Zalogowano/input_Iwona  Kowalska_messageInput'

2021-12-19 14:05:24 - [MESSAGE][PASSED] - Text 'b' is set on object 'Object Repository/Page_PSTO webMessenger - Zalogowano/input_Iwona  Kowalska_messageInput'

2021-12-19 14:05:24 - [TEST_STEP][PASSED] - click(findTestObject("Page_PSTO webMessenger - Zalogowano/img_Iwona  Kowalska_sendButton")): Object: 'Object Repository/Page_PSTO webMessenger - Zalogowano/img_Iwona  Kowalska_sendButton' is clicked on

2021-12-19 14:05:25 - [MESSAGE][PASSED] - Object: 'Object Repository/Page_PSTO webMessenger - Zalogowano/img_Iwona  Kowalska_sendButton' is clicked on

2021-12-19 14:05:25 - [TEST_STEP][PASSED] - setText(findTestObject("Page_PSTO webMessenger - Zalogowano/input_Iwona  Kowalska_messageInput"), "b"): Text 'b' is set on object 'Object Repository/Page_PSTO webMessenger - Zalogowano/input_Iwona  Kowalska_messageInput'

2021-12-19 14:05:25 - [MESSAGE][PASSED] - Text 'b' is set on object 'Object Repository/Page_PSTO webMessenger - Zalogowano/input_Iwona  Kowalska_messageInput'

2021-12-19 14:05:25 - [TEST_STEP][PASSED] - click(findTestObject("Page_PSTO webMessenger - Zalogowano/img_Iwona  Kowalska_sendButton")): Object: 'Object Repository/Page_PSTO webMessenger - Zalogowano/img_Iwona  Kowalska_sendButton' is clicked on

2021-12-19 14:05:26 - [MESSAGE][PASSED] - Object: 'Object Repository/Page_PSTO webMessenger - Zalogowano/img_Iwona  Kowalska_sendButton' is clicked on

2021-12-19 14:05:26 - [TEST_STEP][PASSED] - setText(findTestObject("Page_PSTO webMessenger - Zalogowano/input_Iwona  Kowalska_messageInput"), "b"): Text 'b' is set on object 'Object Repository/Page_PSTO webMessenger - Zalogowano/input_Iwona  Kowalska_messageInput'

2021-12-19 14:05:26 - [MESSAGE][PASSED] - Text 'b' is set on object 'Object Repository/Page_PSTO webMessenger - Zalogowano/input_Iwona  Kowalska_messageInput'

2021-12-19 14:05:26 - [TEST_STEP][PASSED] - click(findTestObject("Page_PSTO webMessenger - Zalogowano/img_Iwona  Kowalska_sendButton")): Object: 'Object Repository/Page_PSTO webMessenger - Zalogowano/img_Iwona  Kowalska_sendButton' is clicked on

2021-12-19 14:05:27 - [MESSAGE][PASSED] - Object: 'Object Repository/Page_PSTO webMessenger - Zalogowano/img_Iwona  Kowalska_sendButton' is clicked on

2021-12-19 14:05:27 - [TEST_STEP][PASSED] - setText(findTestObject("Page_PSTO webMessenger - Zalogowano/input_Iwona  Kowalska_messageInput"), "b"): Text 'b' is set on object 'Object Repository/Page_PSTO webMessenger - Zalogowano/input_Iwona  Kowalska_messageInput'

2021-12-19 14:05:28 - [MESSAGE][PASSED] - Text 'b' is set on object 'Object Repository/Page_PSTO webMessenger - Zalogowano/input_Iwona  Kowalska_messageInput'

2021-12-19 14:05:28 - [TEST_STEP][PASSED] - click(findTestObject("Page_PSTO webMessenger - Zalogowano/img_Iwona  Kowalska_sendButton")): Object: 'Object Repository/Page_PSTO webMessenger - Zalogowano/img_Iwona  Kowalska_sendButton' is clicked on

2021-12-19 14:05:28 - [MESSAGE][PASSED] - Object: 'Object Repository/Page_PSTO webMessenger - Zalogowano/img_Iwona  Kowalska_sendButton' is clicked on

2021-12-19 14:05:28 - [TEST_STEP][PASSED] - setText(findTestObject("Page_PSTO webMessenger - Zalogowano/input_Iwona  Kowalska_messageInput"), "b"): Text 'b' is set on object 'Object Repository/Page_PSTO webMessenger - Zalogowano/input_Iwona  Kowalska_messageInput'

2021-12-19 14:05:29 - [MESSAGE][PASSED] - Text 'b' is set on object 'Object Repository/Page_PSTO webMessenger - Zalogowano/input_Iwona  Kowalska_messageInput'

2021-12-19 14:05:29 - [TEST_STEP][PASSED] - click(findTestObject("Page_PSTO webMessenger - Zalogowano/img_Iwona  Kowalska_sendButton")): Object: 'Object Repository/Page_PSTO webMessenger - Zalogowano/img_Iwona  Kowalska_sendButton' is clicked on

2021-12-19 14:05:29 - [MESSAGE][PASSED] - Object: 'Object Repository/Page_PSTO webMessenger - Zalogowano/img_Iwona  Kowalska_sendButton' is clicked on

2021-12-19 14:05:29 - [TEST_STEP][PASSED] - setText(findTestObject("Page_PSTO webMessenger - Zalogowano/input_Iwona  Kowalska_messageInput"), "b"): Text 'b' is set on object 'Object Repository/Page_PSTO webMessenger - Zalogowano/input_Iwona  Kowalska_messageInput'

2021-12-19 14:05:30 - [MESSAGE][PASSED] - Text 'b' is set on object 'Object Repository/Page_PSTO webMessenger - Zalogowano/input_Iwona  Kowalska_messageInput'

2021-12-19 14:05:30 - [TEST_STEP][PASSED] - click(findTestObject("Page_PSTO webMessenger - Zalogowano/img_Iwona  Kowalska_sendButton")): Object: 'Object Repository/Page_PSTO webMessenger - Zalogowano/img_Iwona  Kowalska_sendButton' is clicked on

2021-12-19 14:05:31 - [MESSAGE][PASSED] - Object: 'Object Repository/Page_PSTO webMessenger - Zalogowano/img_Iwona  Kowalska_sendButton' is clicked on

2021-12-19 14:05:31 - [TEST_STEP][PASSED] - setText(findTestObject("Page_PSTO webMessenger - Zalogowano/input_Iwona  Kowalska_messageInput"), "b"): Text 'b' is set on object 'Object Repository/Page_PSTO webMessenger - Zalogowano/input_Iwona  Kowalska_messageInput'

2021-12-19 14:05:31 - [MESSAGE][PASSED] - Text 'b' is set on object 'Object Repository/Page_PSTO webMessenger - Zalogowano/input_Iwona  Kowalska_messageInput'

2021-12-19 14:05:31 - [TEST_STEP][PASSED] - click(findTestObject("Page_PSTO webMessenger - Zalogowano/img_Iwona  Kowalska_sendButton")): Object: 'Object Repository/Page_PSTO webMessenger - Zalogowano/img_Iwona  Kowalska_sendButton' is clicked on

2021-12-19 14:05:32 - [MESSAGE][PASSED] - Object: 'Object Repository/Page_PSTO webMessenger - Zalogowano/img_Iwona  Kowalska_sendButton' is clicked on

2021-12-19 14:05:32 - [TEST_STEP][PASSED] - setText(findTestObject("Page_PSTO webMessenger - Zalogowano/input_Iwona  Kowalska_messageInput"), "b"): Text 'b' is set on object 'Object Repository/Page_PSTO webMessenger - Zalogowano/input_Iwona  Kowalska_messageInput'

2021-12-19 14:05:33 - [MESSAGE][PASSED] - Text 'b' is set on object 'Object Repository/Page_PSTO webMessenger - Zalogowano/input_Iwona  Kowalska_messageInput'

2021-12-19 14:05:33 - [TEST_STEP][PASSED] - click(findTestObject("Page_PSTO webMessenger - Zalogowano/img_Iwona  Kowalska_sendButton")): Object: 'Object Repository/Page_PSTO webMessenger - Zalogowano/img_Iwona  Kowalska_sendButton' is clicked on

2021-12-19 14:05:33 - [MESSAGE][PASSED] - Object: 'Object Repository/Page_PSTO webMessenger - Zalogowano/img_Iwona  Kowalska_sendButton' is clicked on

2021-12-19 14:05:33 - [TEST_STEP][PASSED] - setText(findTestObject("Page_PSTO webMessenger - Zalogowano/input_Iwona  Kowalska_messageInput"), "b"): Text 'b' is set on object 'Object Repository/Page_PSTO webMessenger - Zalogowano/input_Iwona  Kowalska_messageInput'

2021-12-19 14:05:34 - [MESSAGE][PASSED] - Text 'b' is set on object 'Object Repository/Page_PSTO webMessenger - Zalogowano/input_Iwona  Kowalska_messageInput'

2021-12-19 14:05:34 - [TEST_STEP][PASSED] - click(findTestObject("Page_PSTO webMessenger - Zalogowano/img_Iwona  Kowalska_sendButton")): Object: 'Object Repository/Page_PSTO webMessenger - Zalogowano/img_Iwona  Kowalska_sendButton' is clicked on

2021-12-19 14:05:34 - [MESSAGE][PASSED] - Object: 'Object Repository/Page_PSTO webMessenger - Zalogowano/img_Iwona  Kowalska_sendButton' is clicked on

2021-12-19 14:05:34 - [TEST_STEP][PASSED] - setText(findTestObject("Page_PSTO webMessenger - Zalogowano/input_Iwona  Kowalska_messageInput"), "b"): Text 'b' is set on object 'Object Repository/Page_PSTO webMessenger - Zalogowano/input_Iwona  Kowalska_messageInput'

2021-12-19 14:05:35 - [MESSAGE][PASSED] - Text 'b' is set on object 'Object Repository/Page_PSTO webMessenger - Zalogowano/input_Iwona  Kowalska_messageInput'

2021-12-19 14:05:35 - [TEST_STEP][PASSED] - click(findTestObject("Page_PSTO webMessenger - Zalogowano/img_Iwona  Kowalska_sendButton")): Object: 'Object Repository/Page_PSTO webMessenger - Zalogowano/img_Iwona  Kowalska_sendButton' is clicked on

2021-12-19 14:05:36 - [MESSAGE][PASSED] - Object: 'Object Repository/Page_PSTO webMessenger - Zalogowano/img_Iwona  Kowalska_sendButton' is clicked on

2021-12-19 14:05:36 - [TEST_STEP][PASSED] - setText(findTestObject("Page_PSTO webMessenger - Zalogowano/input_Iwona  Kowalska_messageInput"), "b"): Text 'b' is set on object 'Object Repository/Page_PSTO webMessenger - Zalogowano/input_Iwona  Kowalska_messageInput'

2021-12-19 14:05:36 - [MESSAGE][PASSED] - Text 'b' is set on object 'Object Repository/Page_PSTO webMessenger - Zalogowano/input_Iwona  Kowalska_messageInput'

2021-12-19 14:05:36 - [TEST_STEP][PASSED] - click(findTestObject("Page_PSTO webMessenger - Zalogowano/img_Iwona  Kowalska_sendButton")): Object: 'Object Repository/Page_PSTO webMessenger - Zalogowano/img_Iwona  Kowalska_sendButton' is clicked on

2021-12-19 14:05:37 - [MESSAGE][PASSED] - Object: 'Object Repository/Page_PSTO webMessenger - Zalogowano/img_Iwona  Kowalska_sendButton' is clicked on

2021-12-19 14:05:37 - [TEST_STEP][PASSED] - setText(findTestObject("Page_PSTO webMessenger - Zalogowano/input_Iwona  Kowalska_messageInput"), "b"): Text 'b' is set on object 'Object Repository/Page_PSTO webMessenger - Zalogowano/input_Iwona  Kowalska_messageInput'

2021-12-19 14:05:38 - [MESSAGE][PASSED] - Text 'b' is set on object 'Object Repository/Page_PSTO webMessenger - Zalogowano/input_Iwona  Kowalska_messageInput'

2021-12-19 14:05:38 - [TEST_STEP][PASSED] - click(findTestObject("Page_PSTO webMessenger - Zalogowano/img_Iwona  Kowalska_sendButton")): Object: 'Object Repository/Page_PSTO webMessenger - Zalogowano/img_Iwona  Kowalska_sendButton' is clicked on

2021-12-19 14:05:38 - [MESSAGE][PASSED] - Object: 'Object Repository/Page_PSTO webMessenger - Zalogowano/img_Iwona  Kowalska_sendButton' is clicked on

2021-12-19 14:05:38 - [TEST_STEP][PASSED] - setText(findTestObject("Page_PSTO webMessenger - Zalogowano/input_Iwona  Kowalska_messageInput"), "b"): Text 'b' is set on object 'Object Repository/Page_PSTO webMessenger - Zalogowano/input_Iwona  Kowalska_messageInput'

2021-12-19 14:05:39 - [MESSAGE][PASSED] - Text 'b' is set on object 'Object Repository/Page_PSTO webMessenger - Zalogowano/input_Iwona  Kowalska_messageInput'

2021-12-19 14:05:39 - [TEST_STEP][PASSED] - click(findTestObject("Page_PSTO webMessenger - Zalogowano/img_Iwona  Kowalska_sendButton")): Object: 'Object Repository/Page_PSTO webMessenger - Zalogowano/img_Iwona  Kowalska_sendButton' is clicked on

2021-12-19 14:05:39 - [MESSAGE][PASSED] - Object: 'Object Repository/Page_PSTO webMessenger - Zalogowano/img_Iwona  Kowalska_sendButton' is clicked on

2021-12-19 14:05:39 - [TEST_STEP][PASSED] - setText(findTestObject("Page_PSTO webMessenger - Zalogowano/input_Iwona  Kowalska_messageInput"), "b"): Text 'b' is set on object 'Object Repository/Page_PSTO webMessenger - Zalogowano/input_Iwona  Kowalska_messageInput'

2021-12-19 14:05:40 - [MESSAGE][PASSED] - Text 'b' is set on object 'Object Repository/Page_PSTO webMessenger - Zalogowano/input_Iwona  Kowalska_messageInput'

2021-12-19 14:05:40 - [TEST_STEP][PASSED] - click(findTestObject("Page_PSTO webMessenger - Zalogowano/img_Iwona  Kowalska_sendButton")): Object: 'Object Repository/Page_PSTO webMessenger - Zalogowano/img_Iwona  Kowalska_sendButton' is clicked on

2021-12-19 14:05:41 - [MESSAGE][PASSED] - Object: 'Object Repository/Page_PSTO webMessenger - Zalogowano/img_Iwona  Kowalska_sendButton' is clicked on

2021-12-19 14:05:41 - [TEST_STEP][PASSED] - setText(findTestObject("Page_PSTO webMessenger - Zalogowano/input_Iwona  Kowalska_messageInput"), "b"): Text 'b' is set on object 'Object Repository/Page_PSTO webMessenger - Zalogowano/input_Iwona  Kowalska_messageInput'

2021-12-19 14:05:41 - [MESSAGE][PASSED] - Text 'b' is set on object 'Object Repository/Page_PSTO webMessenger - Zalogowano/input_Iwona  Kowalska_messageInput'

2021-12-19 14:05:41 - [TEST_STEP][PASSED] - click(findTestObject("Page_PSTO webMessenger - Zalogowano/img_Iwona  Kowalska_sendButton")): Object: 'Object Repository/Page_PSTO webMessenger - Zalogowano/img_Iwona  Kowalska_sendButton' is clicked on

2021-12-19 14:05:42 - [MESSAGE][PASSED] - Object: 'Object Repository/Page_PSTO webMessenger - Zalogowano/img_Iwona  Kowalska_sendButton' is clicked on

2021-12-19 14:05:42 - [TEST_STEP][PASSED] - setText(findTestObject("Page_PSTO webMessenger - Zalogowano/input_Iwona  Kowalska_messageInput"), "b"): Text 'b' is set on object 'Object Repository/Page_PSTO webMessenger - Zalogowano/input_Iwona  Kowalska_messageInput'

2021-12-19 14:05:43 - [MESSAGE][PASSED] - Text 'b' is set on object 'Object Repository/Page_PSTO webMessenger - Zalogowano/input_Iwona  Kowalska_messageInput'

2021-12-19 14:05:43 - [TEST_STEP][PASSED] - click(findTestObject("Page_PSTO webMessenger - Zalogowano/img_Iwona  Kowalska_sendButton")): Object: 'Object Repository/Page_PSTO webMessenger - Zalogowano/img_Iwona  Kowalska_sendButton' is clicked on

2021-12-19 14:05:44 - [MESSAGE][PASSED] - Object: 'Object Repository/Page_PSTO webMessenger - Zalogowano/img_Iwona  Kowalska_sendButton' is clicked on

2021-12-19 14:05:44 - [TEST_STEP][PASSED] - setText(findTestObject("Page_PSTO webMessenger - Zalogowano/input_Iwona  Kowalska_messageInput"), "b"): Text 'b' is set on object 'Object Repository/Page_PSTO webMessenger - Zalogowano/input_Iwona  Kowalska_messageInput'

2021-12-19 14:05:44 - [MESSAGE][PASSED] - Text 'b' is set on object 'Object Repository/Page_PSTO webMessenger - Zalogowano/input_Iwona  Kowalska_messageInput'

2021-12-19 14:05:44 - [TEST_STEP][PASSED] - click(findTestObject("Page_PSTO webMessenger - Zalogowano/img_Iwona  Kowalska_sendButton")): Object: 'Object Repository/Page_PSTO webMessenger - Zalogowano/img_Iwona  Kowalska_sendButton' is clicked on

2021-12-19 14:05:45 - [MESSAGE][PASSED] - Object: 'Object Repository/Page_PSTO webMessenger - Zalogowano/img_Iwona  Kowalska_sendButton' is clicked on

2021-12-19 14:05:45 - [TEST_STEP][PASSED] - setText(findTestObject("Page_PSTO webMessenger - Zalogowano/input_Iwona  Kowalska_messageInput"), "b"): Text 'b' is set on object 'Object Repository/Page_PSTO webMessenger - Zalogowano/input_Iwona  Kowalska_messageInput'

2021-12-19 14:05:46 - [MESSAGE][PASSED] - Text 'b' is set on object 'Object Repository/Page_PSTO webMessenger - Zalogowano/input_Iwona  Kowalska_messageInput'

2021-12-19 14:05:46 - [TEST_STEP][PASSED] - click(findTestObject("Page_PSTO webMessenger - Zalogowano/img_Iwona  Kowalska_sendButton")): Object: 'Object Repository/Page_PSTO webMessenger - Zalogowano/img_Iwona  Kowalska_sendButton' is clicked on

2021-12-19 14:05:47 - [MESSAGE][PASSED] - Object: 'Object Repository/Page_PSTO webMessenger - Zalogowano/img_Iwona  Kowalska_sendButton' is clicked on

2021-12-19 14:05:47 - [TEST_STEP][PASSED] - setText(findTestObject("Page_PSTO webMessenger - Zalogowano/input_Iwona  Kowalska_messageInput"), "b"): Text 'b' is set on object 'Object Repository/Page_PSTO webMessenger - Zalogowano/input_Iwona  Kowalska_messageInput'

2021-12-19 14:05:47 - [MESSAGE][PASSED] - Text 'b' is set on object 'Object Repository/Page_PSTO webMessenger - Zalogowano/input_Iwona  Kowalska_messageInput'

2021-12-19 14:05:47 - [TEST_STEP][PASSED] - click(findTestObject("Page_PSTO webMessenger - Zalogowano/img_Iwona  Kowalska_sendButton")): Object: 'Object Repository/Page_PSTO webMessenger - Zalogowano/img_Iwona  Kowalska_sendButton' is clicked on

2021-12-19 14:05:48 - [MESSAGE][PASSED] - Object: 'Object Repository/Page_PSTO webMessenger - Zalogowano/img_Iwona  Kowalska_sendButton' is clicked on

2021-12-19 14:05:48 - [TEST_STEP][PASSED] - setText(findTestObject("Page_PSTO webMessenger - Zalogowano/input_Iwona  Kowalska_messageInput"), "b"): Text 'b' is set on object 'Object Repository/Page_PSTO webMessenger - Zalogowano/input_Iwona  Kowalska_messageInput'

2021-12-19 14:05:48 - [MESSAGE][PASSED] - Text 'b' is set on object 'Object Repository/Page_PSTO webMessenger - Zalogowano/input_Iwona  Kowalska_messageInput'

2021-12-19 14:05:48 - [TEST_STEP][PASSED] - click(findTestObject("Page_PSTO webMessenger - Zalogowano/img_Iwona  Kowalska_sendButton")): Object: 'Object Repository/Page_PSTO webMessenger - Zalogowano/img_Iwona  Kowalska_sendButton' is clicked on

2021-12-19 14:05:49 - [MESSAGE][PASSED] - Object: 'Object Repository/Page_PSTO webMessenger - Zalogowano/img_Iwona  Kowalska_sendButton' is clicked on

2021-12-19 14:05:49 - [TEST_STEP][PASSED] - setText(findTestObject("Page_PSTO webMessenger - Zalogowano/input_Iwona  Kowalska_messageInput"), "b"): Text 'b' is set on object 'Object Repository/Page_PSTO webMessenger - Zalogowano/input_Iwona  Kowalska_messageInput'

2021-12-19 14:05:50 - [MESSAGE][PASSED] - Text 'b' is set on object 'Object Repository/Page_PSTO webMessenger - Zalogowano/input_Iwona  Kowalska_messageInput'

2021-12-19 14:05:50 - [TEST_STEP][PASSED] - click(findTestObject("Page_PSTO webMessenger - Zalogowano/img_Iwona  Kowalska_sendButton")): Object: 'Object Repository/Page_PSTO webMessenger - Zalogowano/img_Iwona  Kowalska_sendButton' is clicked on

2021-12-19 14:05:50 - [MESSAGE][PASSED] - Object: 'Object Repository/Page_PSTO webMessenger - Zalogowano/img_Iwona  Kowalska_sendButton' is clicked on

2021-12-19 14:05:50 - [TEST_STEP][PASSED] - setText(findTestObject("Page_PSTO webMessenger - Zalogowano/input_Iwona  Kowalska_messageInput"), "b"): Text 'b' is set on object 'Object Repository/Page_PSTO webMessenger - Zalogowano/input_Iwona  Kowalska_messageInput'

2021-12-19 14:05:51 - [MESSAGE][PASSED] - Text 'b' is set on object 'Object Repository/Page_PSTO webMessenger - Zalogowano/input_Iwona  Kowalska_messageInput'

2021-12-19 14:05:51 - [TEST_STEP][PASSED] - click(findTestObject("Page_PSTO webMessenger - Zalogowano/img_Iwona  Kowalska_sendButton")): Object: 'Object Repository/Page_PSTO webMessenger - Zalogowano/img_Iwona  Kowalska_sendButton' is clicked on

2021-12-19 14:05:52 - [MESSAGE][PASSED] - Object: 'Object Repository/Page_PSTO webMessenger - Zalogowano/img_Iwona  Kowalska_sendButton' is clicked on

2021-12-19 14:05:52 - [TEST_STEP][PASSED] - setText(findTestObject("Page_PSTO webMessenger - Zalogowano/input_Iwona  Kowalska_messageInput"), "b"): Text 'b' is set on object 'Object Repository/Page_PSTO webMessenger - Zalogowano/input_Iwona  Kowalska_messageInput'

2021-12-19 14:05:52 - [MESSAGE][PASSED] - Text 'b' is set on object 'Object Repository/Page_PSTO webMessenger - Zalogowano/input_Iwona  Kowalska_messageInput'

2021-12-19 14:05:52 - [TEST_STEP][PASSED] - click(findTestObject("Page_PSTO webMessenger - Zalogowano/img_Iwona  Kowalska_sendButton")): Object: 'Object Repository/Page_PSTO webMessenger - Zalogowano/img_Iwona  Kowalska_sendButton' is clicked on

2021-12-19 14:05:53 - [MESSAGE][PASSED] - Object: 'Object Repository/Page_PSTO webMessenger - Zalogowano/img_Iwona  Kowalska_sendButton' is clicked on

2021-12-19 14:05:53 - [TEST_STEP][PASSED] - setText(findTestObject("Page_PSTO webMessenger - Zalogowano/input_Iwona  Kowalska_messageInput"), "b"): Text 'b' is set on object 'Object Repository/Page_PSTO webMessenger - Zalogowano/input_Iwona  Kowalska_messageInput'

2021-12-19 14:05:54 - [MESSAGE][PASSED] - Text 'b' is set on object 'Object Repository/Page_PSTO webMessenger - Zalogowano/input_Iwona  Kowalska_messageInput'

2021-12-19 14:05:54 - [TEST_STEP][PASSED] - click(findTestObject("Page_PSTO webMessenger - Zalogowano/img_Iwona  Kowalska_sendButton")): Object: 'Object Repository/Page_PSTO webMessenger - Zalogowano/img_Iwona  Kowalska_sendButton' is clicked on

2021-12-19 14:05:54 - [MESSAGE][PASSED] - Object: 'Object Repository/Page_PSTO webMessenger - Zalogowano/img_Iwona  Kowalska_sendButton' is clicked on

2021-12-19 14:05:54 - [TEST_STEP][PASSED] - setText(findTestObject("Page_PSTO webMessenger - Zalogowano/input_Iwona  Kowalska_messageInput"), "b"): Text 'b' is set on object 'Object Repository/Page_PSTO webMessenger - Zalogowano/input_Iwona  Kowalska_messageInput'

2021-12-19 14:05:55 - [MESSAGE][PASSED] - Text 'b' is set on object 'Object Repository/Page_PSTO webMessenger - Zalogowano/input_Iwona  Kowalska_messageInput'

2021-12-19 14:05:55 - [TEST_STEP][PASSED] - click(findTestObject("Page_PSTO webMessenger - Zalogowano/img_Iwona  Kowalska_sendButton")): Object: 'Object Repository/Page_PSTO webMessenger - Zalogowano/img_Iwona  Kowalska_sendButton' is clicked on

2021-12-19 14:05:55 - [MESSAGE][PASSED] - Object: 'Object Repository/Page_PSTO webMessenger - Zalogowano/img_Iwona  Kowalska_sendButton' is clicked on

2021-12-19 14:05:55 - [TEST_STEP][PASSED] - setText(findTestObject("Page_PSTO webMessenger - Zalogowano/input_Iwona  Kowalska_messageInput"), "b"): Text 'b' is set on object 'Object Repository/Page_PSTO webMessenger - Zalogowano/input_Iwona  Kowalska_messageInput'

2021-12-19 14:05:56 - [MESSAGE][PASSED] - Text 'b' is set on object 'Object Repository/Page_PSTO webMessenger - Zalogowano/input_Iwona  Kowalska_messageInput'

2021-12-19 14:05:56 - [TEST_STEP][PASSED] - click(findTestObject("Page_PSTO webMessenger - Zalogowano/img_Iwona  Kowalska_sendButton")): Object: 'Object Repository/Page_PSTO webMessenger - Zalogowano/img_Iwona  Kowalska_sendButton' is clicked on

2021-12-19 14:05:57 - [MESSAGE][PASSED] - Object: 'Object Repository/Page_PSTO webMessenger - Zalogowano/img_Iwona  Kowalska_sendButton' is clicked on

2021-12-19 14:05:57 - [TEST_STEP][PASSED] - setText(findTestObject("Page_PSTO webMessenger - Zalogowano/input_Iwona  Kowalska_messageInput"), "b"): Text 'b' is set on object 'Object Repository/Page_PSTO webMessenger - Zalogowano/input_Iwona  Kowalska_messageInput'

2021-12-19 14:05:58 - [MESSAGE][PASSED] - Text 'b' is set on object 'Object Repository/Page_PSTO webMessenger - Zalogowano/input_Iwona  Kowalska_messageInput'

2021-12-19 14:05:58 - [TEST_STEP][PASSED] - click(findTestObject("Page_PSTO webMessenger - Zalogowano/img_Iwona  Kowalska_sendButton")): Object: 'Object Repository/Page_PSTO webMessenger - Zalogowano/img_Iwona  Kowalska_sendButton' is clicked on

2021-12-19 14:05:58 - [MESSAGE][PASSED] - Object: 'Object Repository/Page_PSTO webMessenger - Zalogowano/img_Iwona  Kowalska_sendButton' is clicked on

2021-12-19 14:05:58 - [TEST_STEP][PASSED] - setText(findTestObject("Page_PSTO webMessenger - Zalogowano/input_Iwona  Kowalska_messageInput"), "b"): Text 'b' is set on object 'Object Repository/Page_PSTO webMessenger - Zalogowano/input_Iwona  Kowalska_messageInput'

2021-12-19 14:05:59 - [MESSAGE][PASSED] - Text 'b' is set on object 'Object Repository/Page_PSTO webMessenger - Zalogowano/input_Iwona  Kowalska_messageInput'

2021-12-19 14:05:59 - [TEST_STEP][PASSED] - click(findTestObject("Page_PSTO webMessenger - Zalogowano/img_Iwona  Kowalska_sendButton")): Object: 'Object Repository/Page_PSTO webMessenger - Zalogowano/img_Iwona  Kowalska_sendButton' is clicked on

2021-12-19 14:05:59 - [MESSAGE][PASSED] - Object: 'Object Repository/Page_PSTO webMessenger - Zalogowano/img_Iwona  Kowalska_sendButton' is clicked on

2021-12-19 14:05:59 - [TEST_STEP][PASSED] - setText(findTestObject("Page_PSTO webMessenger - Zalogowano/input_Iwona  Kowalska_messageInput"), "b"): Text 'b' is set on object 'Object Repository/Page_PSTO webMessenger - Zalogowano/input_Iwona  Kowalska_messageInput'

2021-12-19 14:06:00 - [MESSAGE][PASSED] - Text 'b' is set on object 'Object Repository/Page_PSTO webMessenger - Zalogowano/input_Iwona  Kowalska_messageInput'

2021-12-19 14:06:00 - [TEST_STEP][PASSED] - click(findTestObject("Page_PSTO webMessenger - Zalogowano/img_Iwona  Kowalska_sendButton")): Object: 'Object Repository/Page_PSTO webMessenger - Zalogowano/img_Iwona  Kowalska_sendButton' is clicked on

2021-12-19 14:06:01 - [MESSAGE][PASSED] - Object: 'Object Repository/Page_PSTO webMessenger - Zalogowano/img_Iwona  Kowalska_sendButton' is clicked on

2021-12-19 14:06:01 - [TEST_STEP][PASSED] - setText(findTestObject("Page_PSTO webMessenger - Zalogowano/input_Iwona  Kowalska_messageInput"), "b"): Text 'b' is set on object 'Object Repository/Page_PSTO webMessenger - Zalogowano/input_Iwona  Kowalska_messageInput'

2021-12-19 14:06:01 - [MESSAGE][PASSED] - Text 'b' is set on object 'Object Repository/Page_PSTO webMessenger - Zalogowano/input_Iwona  Kowalska_messageInput'

2021-12-19 14:06:01 - [TEST_STEP][PASSED] - click(findTestObject("Page_PSTO webMessenger - Zalogowano/img_Iwona  Kowalska_sendButton")): Object: 'Object Repository/Page_PSTO webMessenger - Zalogowano/img_Iwona  Kowalska_sendButton' is clicked on

2021-12-19 14:06:02 - [MESSAGE][PASSED] - Object: 'Object Repository/Page_PSTO webMessenger - Zalogowano/img_Iwona  Kowalska_sendButton' is clicked on

2021-12-19 14:06:02 - [TEST_STEP][PASSED] - setText(findTestObject("Page_PSTO webMessenger - Zalogowano/input_Iwona  Kowalska_messageInput"), "b"): Text 'b' is set on object 'Object Repository/Page_PSTO webMessenger - Zalogowano/input_Iwona  Kowalska_messageInput'

2021-12-19 14:06:03 - [MESSAGE][PASSED] - Text 'b' is set on object 'Object Repository/Page_PSTO webMessenger - Zalogowano/input_Iwona  Kowalska_messageInput'

2021-12-19 14:06:03 - [TEST_STEP][PASSED] - click(findTestObject("Page_PSTO webMessenger - Zalogowano/img_Iwona  Kowalska_sendButton")): Object: 'Object Repository/Page_PSTO webMessenger - Zalogowano/img_Iwona  Kowalska_sendButton' is clicked on

2021-12-19 14:06:03 - [MESSAGE][PASSED] - Object: 'Object Repository/Page_PSTO webMessenger - Zalogowano/img_Iwona  Kowalska_sendButton' is clicked on

2021-12-19 14:06:03 - [TEST_STEP][PASSED] - setText(findTestObject("Page_PSTO webMessenger - Zalogowano/input_Iwona  Kowalska_messageInput"), "b"): Text 'b' is set on object 'Object Repository/Page_PSTO webMessenger - Zalogowano/input_Iwona  Kowalska_messageInput'

2021-12-19 14:06:04 - [MESSAGE][PASSED] - Text 'b' is set on object 'Object Repository/Page_PSTO webMessenger - Zalogowano/input_Iwona  Kowalska_messageInput'

2021-12-19 14:06:04 - [TEST_STEP][PASSED] - click(findTestObject("Page_PSTO webMessenger - Zalogowano/img_Iwona  Kowalska_sendButton")): Object: 'Object Repository/Page_PSTO webMessenger - Zalogowano/img_Iwona  Kowalska_sendButton' is clicked on

2021-12-19 14:06:04 - [MESSAGE][PASSED] - Object: 'Object Repository/Page_PSTO webMessenger - Zalogowano/img_Iwona  Kowalska_sendButton' is clicked on

2021-12-19 14:06:04 - [TEST_STEP][PASSED] - setText(findTestObject("Page_PSTO webMessenger - Zalogowano/input_Iwona  Kowalska_messageInput"), "b"): Text 'b' is set on object 'Object Repository/Page_PSTO webMessenger - Zalogowano/input_Iwona  Kowalska_messageInput'

2021-12-19 14:06:05 - [MESSAGE][PASSED] - Text 'b' is set on object 'Object Repository/Page_PSTO webMessenger - Zalogowano/input_Iwona  Kowalska_messageInput'

2021-12-19 14:06:05 - [TEST_STEP][PASSED] - click(findTestObject("Page_PSTO webMessenger - Zalogowano/img_Iwona  Kowalska_sendButton")): Object: 'Object Repository/Page_PSTO webMessenger - Zalogowano/img_Iwona  Kowalska_sendButton' is clicked on

2021-12-19 14:06:06 - [MESSAGE][PASSED] - Object: 'Object Repository/Page_PSTO webMessenger - Zalogowano/img_Iwona  Kowalska_sendButton' is clicked on

2021-12-19 14:06:06 - [TEST_STEP][PASSED] - setText(findTestObject("Page_PSTO webMessenger - Zalogowano/input_Iwona  Kowalska_messageInput"), "b"): Text 'b' is set on object 'Object Repository/Page_PSTO webMessenger - Zalogowano/input_Iwona  Kowalska_messageInput'

2021-12-19 14:06:06 - [MESSAGE][PASSED] - Text 'b' is set on object 'Object Repository/Page_PSTO webMessenger - Zalogowano/input_Iwona  Kowalska_messageInput'

2021-12-19 14:06:06 - [TEST_STEP][PASSED] - click(findTestObject("Page_PSTO webMessenger - Zalogowano/img_Iwona  Kowalska_sendButton")): Object: 'Object Repository/Page_PSTO webMessenger - Zalogowano/img_Iwona  Kowalska_sendButton' is clicked on

2021-12-19 14:06:07 - [MESSAGE][PASSED] - Object: 'Object Repository/Page_PSTO webMessenger - Zalogowano/img_Iwona  Kowalska_sendButton' is clicked on

2021-12-19 14:06:07 - [TEST_STEP][PASSED] - setText(findTestObject("Page_PSTO webMessenger - Zalogowano/input_Iwona  Kowalska_messageInput"), "b"): Text 'b' is set on object 'Object Repository/Page_PSTO webMessenger - Zalogowano/input_Iwona  Kowalska_messageInput'

2021-12-19 14:06:08 - [MESSAGE][PASSED] - Text 'b' is set on object 'Object Repository/Page_PSTO webMessenger - Zalogowano/input_Iwona  Kowalska_messageInput'

2021-12-19 14:06:08 - [TEST_STEP][PASSED] - click(findTestObject("Page_PSTO webMessenger - Zalogowano/img_Iwona  Kowalska_sendButton")): Object: 'Object Repository/Page_PSTO webMessenger - Zalogowano/img_Iwona  Kowalska_sendButton' is clicked on

2021-12-19 14:06:08 - [MESSAGE][PASSED] - Object: 'Object Repository/Page_PSTO webMessenger - Zalogowano/img_Iwona  Kowalska_sendButton' is clicked on

2021-12-19 14:06:08 - [TEST_STEP][PASSED] - setText(findTestObject("Page_PSTO webMessenger - Zalogowano/input_Iwona  Kowalska_messageInput"), "b"): Text 'b' is set on object 'Object Repository/Page_PSTO webMessenger - Zalogowano/input_Iwona  Kowalska_messageInput'

2021-12-19 14:06:09 - [MESSAGE][PASSED] - Text 'b' is set on object 'Object Repository/Page_PSTO webMessenger - Zalogowano/input_Iwona  Kowalska_messageInput'

2021-12-19 14:06:09 - [TEST_STEP][PASSED] - click(findTestObject("Page_PSTO webMessenger - Zalogowano/img_Iwona  Kowalska_sendButton")): Object: 'Object Repository/Page_PSTO webMessenger - Zalogowano/img_Iwona  Kowalska_sendButton' is clicked on

2021-12-19 14:06:09 - [MESSAGE][PASSED] - Object: 'Object Repository/Page_PSTO webMessenger - Zalogowano/img_Iwona  Kowalska_sendButton' is clicked on

2021-12-19 14:06:09 - [TEST_STEP][PASSED] - setText(findTestObject("Page_PSTO webMessenger - Zalogowano/input_Iwona  Kowalska_messageInput"), "b"): Text 'b' is set on object 'Object Repository/Page_PSTO webMessenger - Zalogowano/input_Iwona  Kowalska_messageInput'

2021-12-19 14:06:10 - [MESSAGE][PASSED] - Text 'b' is set on object 'Object Repository/Page_PSTO webMessenger - Zalogowano/input_Iwona  Kowalska_messageInput'

2021-12-19 14:06:10 - [TEST_STEP][PASSED] - click(findTestObject("Page_PSTO webMessenger - Zalogowano/img_Iwona  Kowalska_sendButton")): Object: 'Object Repository/Page_PSTO webMessenger - Zalogowano/img_Iwona  Kowalska_sendButton' is clicked on

2021-12-19 14:06:11 - [MESSAGE][PASSED] - Object: 'Object Repository/Page_PSTO webMessenger - Zalogowano/img_Iwona  Kowalska_sendButton' is clicked on

2021-12-19 14:06:11 - [TEST_STEP][PASSED] - setText(findTestObject("Page_PSTO webMessenger - Zalogowano/input_Iwona  Kowalska_messageInput"), "b"): Text 'b' is set on object 'Object Repository/Page_PSTO webMessenger - Zalogowano/input_Iwona  Kowalska_messageInput'

2021-12-19 14:06:11 - [MESSAGE][PASSED] - Text 'b' is set on object 'Object Repository/Page_PSTO webMessenger - Zalogowano/input_Iwona  Kowalska_messageInput'

2021-12-19 14:06:11 - [TEST_STEP][PASSED] - click(findTestObject("Page_PSTO webMessenger - Zalogowano/img_Iwona  Kowalska_sendButton")): Object: 'Object Repository/Page_PSTO webMessenger - Zalogowano/img_Iwona  Kowalska_sendButton' is clicked on

2021-12-19 14:06:12 - [MESSAGE][PASSED] - Object: 'Object Repository/Page_PSTO webMessenger - Zalogowano/img_Iwona  Kowalska_sendButton' is clicked on

2021-12-19 14:06:12 - [TEST_STEP][PASSED] - setText(findTestObject("Page_PSTO webMessenger - Zalogowano/input_Iwona  Kowalska_messageInput"), "b"): Text 'b' is set on object 'Object Repository/Page_PSTO webMessenger - Zalogowano/input_Iwona  Kowalska_messageInput'

2021-12-19 14:06:13 - [MESSAGE][PASSED] - Text 'b' is set on object 'Object Repository/Page_PSTO webMessenger - Zalogowano/input_Iwona  Kowalska_messageInput'

2021-12-19 14:06:13 - [TEST_STEP][PASSED] - click(findTestObject("Page_PSTO webMessenger - Zalogowano/img_Iwona  Kowalska_sendButton")): Object: 'Object Repository/Page_PSTO webMessenger - Zalogowano/img_Iwona  Kowalska_sendButton' is clicked on

2021-12-19 14:06:13 - [MESSAGE][PASSED] - Object: 'Object Repository/Page_PSTO webMessenger - Zalogowano/img_Iwona  Kowalska_sendButton' is clicked on

2021-12-19 14:06:13 - [TEST_STEP][PASSED] - setText(findTestObject("Page_PSTO webMessenger - Zalogowano/input_Iwona  Kowalska_messageInput"), "b"): Text 'b' is set on object 'Object Repository/Page_PSTO webMessenger - Zalogowano/input_Iwona  Kowalska_messageInput'

2021-12-19 14:06:14 - [MESSAGE][PASSED] - Text 'b' is set on object 'Object Repository/Page_PSTO webMessenger - Zalogowano/input_Iwona  Kowalska_messageInput'

2021-12-19 14:06:14 - [TEST_STEP][PASSED] - click(findTestObject("Page_PSTO webMessenger - Zalogowano/img_Iwona  Kowalska_sendButton")): Object: 'Object Repository/Page_PSTO webMessenger - Zalogowano/img_Iwona  Kowalska_sendButton' is clicked on

2021-12-19 14:06:14 - [MESSAGE][PASSED] - Object: 'Object Repository/Page_PSTO webMessenger - Zalogowano/img_Iwona  Kowalska_sendButton' is clicked on

2021-12-19 14:06:14 - [TEST_STEP][PASSED] - setText(findTestObject("Page_PSTO webMessenger - Zalogowano/input_Iwona  Kowalska_messageInput"), "b"): Text 'b' is set on object 'Object Repository/Page_PSTO webMessenger - Zalogowano/input_Iwona  Kowalska_messageInput'

2021-12-19 14:06:15 - [MESSAGE][PASSED] - Text 'b' is set on object 'Object Repository/Page_PSTO webMessenger - Zalogowano/input_Iwona  Kowalska_messageInput'

2021-12-19 14:06:15 - [TEST_STEP][PASSED] - click(findTestObject("Page_PSTO webMessenger - Zalogowano/img_Iwona  Kowalska_sendButton")): Object: 'Object Repository/Page_PSTO webMessenger - Zalogowano/img_Iwona  Kowalska_sendButton' is clicked on

2021-12-19 14:06:16 - [MESSAGE][PASSED] - Object: 'Object Repository/Page_PSTO webMessenger - Zalogowano/img_Iwona  Kowalska_sendButton' is clicked on

2021-12-19 14:06:16 - [TEST_STEP][PASSED] - setText(findTestObject("Page_PSTO webMessenger - Zalogowano/input_Iwona  Kowalska_messageInput"), "b"): Text 'b' is set on object 'Object Repository/Page_PSTO webMessenger - Zalogowano/input_Iwona  Kowalska_messageInput'

2021-12-19 14:06:16 - [MESSAGE][PASSED] - Text 'b' is set on object 'Object Repository/Page_PSTO webMessenger - Zalogowano/input_Iwona  Kowalska_messageInput'

2021-12-19 14:06:16 - [TEST_STEP][PASSED] - click(findTestObject("Page_PSTO webMessenger - Zalogowano/img_Iwona  Kowalska_sendButton")): Object: 'Object Repository/Page_PSTO webMessenger - Zalogowano/img_Iwona  Kowalska_sendButton' is clicked on

2021-12-19 14:06:17 - [MESSAGE][PASSED] - Object: 'Object Repository/Page_PSTO webMessenger - Zalogowano/img_Iwona  Kowalska_sendButton' is clicked on

2021-12-19 14:06:17 - [TEST_STEP][PASSED] - setText(findTestObject("Page_PSTO webMessenger - Zalogowano/input_Iwona  Kowalska_messageInput"), "b"): Text 'b' is set on object 'Object Repository/Page_PSTO webMessenger - Zalogowano/input_Iwona  Kowalska_messageInput'

2021-12-19 14:06:18 - [MESSAGE][PASSED] - Text 'b' is set on object 'Object Repository/Page_PSTO webMessenger - Zalogowano/input_Iwona  Kowalska_messageInput'

2021-12-19 14:06:18 - [TEST_STEP][PASSED] - click(findTestObject("Page_PSTO webMessenger - Zalogowano/img_Iwona  Kowalska_sendButton")): Object: 'Object Repository/Page_PSTO webMessenger - Zalogowano/img_Iwona  Kowalska_sendButton' is clicked on

2021-12-19 14:06:18 - [MESSAGE][PASSED] - Object: 'Object Repository/Page_PSTO webMessenger - Zalogowano/img_Iwona  Kowalska_sendButton' is clicked on

2021-12-19 14:06:18 - [TEST_STEP][PASSED] - setText(findTestObject("Page_PSTO webMessenger - Zalogowano/input_Iwona  Kowalska_messageInput"), "b"): Text 'b' is set on object 'Object Repository/Page_PSTO webMessenger - Zalogowano/input_Iwona  Kowalska_messageInput'

2021-12-19 14:06:19 - [MESSAGE][PASSED] - Text 'b' is set on object 'Object Repository/Page_PSTO webMessenger - Zalogowano/input_Iwona  Kowalska_messageInput'

2021-12-19 14:06:19 - [TEST_STEP][PASSED] - click(findTestObject("Page_PSTO webMessenger - Zalogowano/img_Iwona  Kowalska_sendButton")): Object: 'Object Repository/Page_PSTO webMessenger - Zalogowano/img_Iwona  Kowalska_sendButton' is clicked on

2021-12-19 14:06:19 - [MESSAGE][PASSED] - Object: 'Object Repository/Page_PSTO webMessenger - Zalogowano/img_Iwona  Kowalska_sendButton' is clicked on

2021-12-19 14:06:19 - [TEST_STEP][PASSED] - setText(findTestObject("Page_PSTO webMessenger - Zalogowano/input_Iwona  Kowalska_messageInput"), "b"): Text 'b' is set on object 'Object Repository/Page_PSTO webMessenger - Zalogowano/input_Iwona  Kowalska_messageInput'

2021-12-19 14:06:20 - [MESSAGE][PASSED] - Text 'b' is set on object 'Object Repository/Page_PSTO webMessenger - Zalogowano/input_Iwona  Kowalska_messageInput'

2021-12-19 14:06:20 - [TEST_STEP][PASSED] - click(findTestObject("Page_PSTO webMessenger - Zalogowano/img_Iwona  Kowalska_sendButton")): Object: 'Object Repository/Page_PSTO webMessenger - Zalogowano/img_Iwona  Kowalska_sendButton' is clicked on

2021-12-19 14:06:21 - [MESSAGE][PASSED] - Object: 'Object Repository/Page_PSTO webMessenger - Zalogowano/img_Iwona  Kowalska_sendButton' is clicked on

2021-12-19 14:06:21 - [TEST_STEP][PASSED] - setText(findTestObject("Page_PSTO webMessenger - Zalogowano/input_Iwona  Kowalska_messageInput"), "b"): Text 'b' is set on object 'Object Repository/Page_PSTO webMessenger - Zalogowano/input_Iwona  Kowalska_messageInput'

2021-12-19 14:06:21 - [MESSAGE][PASSED] - Text 'b' is set on object 'Object Repository/Page_PSTO webMessenger - Zalogowano/input_Iwona  Kowalska_messageInput'

2021-12-19 14:06:21 - [TEST_STEP][PASSED] - click(findTestObject("Page_PSTO webMessenger - Zalogowano/img_Iwona  Kowalska_sendButton")): Object: 'Object Repository/Page_PSTO webMessenger - Zalogowano/img_Iwona  Kowalska_sendButton' is clicked on

2021-12-19 14:06:22 - [MESSAGE][PASSED] - Object: 'Object Repository/Page_PSTO webMessenger - Zalogowano/img_Iwona  Kowalska_sendButton' is clicked on

2021-12-19 14:06:22 - [TEST_STEP][PASSED] - setText(findTestObject("Page_PSTO webMessenger - Zalogowano/input_Iwona  Kowalska_messageInput"), "b"): Text 'b' is set on object 'Object Repository/Page_PSTO webMessenger - Zalogowano/input_Iwona  Kowalska_messageInput'

2021-12-19 14:06:23 - [MESSAGE][PASSED] - Text 'b' is set on object 'Object Repository/Page_PSTO webMessenger - Zalogowano/input_Iwona  Kowalska_messageInput'

2021-12-19 14:06:23 - [TEST_STEP][PASSED] - click(findTestObject("Page_PSTO webMessenger - Zalogowano/img_Iwona  Kowalska_sendButton")): Object: 'Object Repository/Page_PSTO webMessenger - Zalogowano/img_Iwona  Kowalska_sendButton' is clicked on

2021-12-19 14:06:23 - [MESSAGE][PASSED] - Object: 'Object Repository/Page_PSTO webMessenger - Zalogowano/img_Iwona  Kowalska_sendButton' is clicked on

2021-12-19 14:06:23 - [TEST_STEP][PASSED] - setText(findTestObject("Page_PSTO webMessenger - Zalogowano/input_Iwona  Kowalska_messageInput"), "b"): Text 'b' is set on object 'Object Repository/Page_PSTO webMessenger - Zalogowano/input_Iwona  Kowalska_messageInput'

2021-12-19 14:06:24 - [MESSAGE][PASSED] - Text 'b' is set on object 'Object Repository/Page_PSTO webMessenger - Zalogowano/input_Iwona  Kowalska_messageInput'

2021-12-19 14:06:24 - [TEST_STEP][PASSED] - click(findTestObject("Page_PSTO webMessenger - Zalogowano/img_Iwona  Kowalska_sendButton")): Object: 'Object Repository/Page_PSTO webMessenger - Zalogowano/img_Iwona  Kowalska_sendButton' is clicked on

2021-12-19 14:06:24 - [MESSAGE][PASSED] - Object: 'Object Repository/Page_PSTO webMessenger - Zalogowano/img_Iwona  Kowalska_sendButton' is clicked on

2021-12-19 14:06:24 - [TEST_STEP][PASSED] - setText(findTestObject("Page_PSTO webMessenger - Zalogowano/input_Iwona  Kowalska_messageInput"), "b"): Text 'b' is set on object 'Object Repository/Page_PSTO webMessenger - Zalogowano/input_Iwona  Kowalska_messageInput'

2021-12-19 14:06:25 - [MESSAGE][PASSED] - Text 'b' is set on object 'Object Repository/Page_PSTO webMessenger - Zalogowano/input_Iwona  Kowalska_messageInput'

2021-12-19 14:06:25 - [TEST_STEP][PASSED] - click(findTestObject("Page_PSTO webMessenger - Zalogowano/img_Iwona  Kowalska_sendButton")): Object: 'Object Repository/Page_PSTO webMessenger - Zalogowano/img_Iwona  Kowalska_sendButton' is clicked on

2021-12-19 14:06:26 - [MESSAGE][PASSED] - Object: 'Object Repository/Page_PSTO webMessenger - Zalogowano/img_Iwona  Kowalska_sendButton' is clicked on

2021-12-19 14:06:26 - [TEST_STEP][PASSED] - setText(findTestObject("Page_PSTO webMessenger - Zalogowano/input_Iwona  Kowalska_messageInput"), "b"): Text 'b' is set on object 'Object Repository/Page_PSTO webMessenger - Zalogowano/input_Iwona  Kowalska_messageInput'

2021-12-19 14:06:26 - [MESSAGE][PASSED] - Text 'b' is set on object 'Object Repository/Page_PSTO webMessenger - Zalogowano/input_Iwona  Kowalska_messageInput'

2021-12-19 14:06:26 - [TEST_STEP][PASSED] - click(findTestObject("Page_PSTO webMessenger - Zalogowano/img_Iwona  Kowalska_sendButton")): Object: 'Object Repository/Page_PSTO webMessenger - Zalogowano/img_Iwona  Kowalska_sendButton' is clicked on

2021-12-19 14:06:27 - [MESSAGE][PASSED] - Object: 'Object Repository/Page_PSTO webMessenger - Zalogowano/img_Iwona  Kowalska_sendButton' is clicked on

2021-12-19 14:06:27 - [TEST_STEP][PASSED] - setText(findTestObject("Page_PSTO webMessenger - Zalogowano/input_Iwona  Kowalska_messageInput"), "b"): Text 'b' is set on object 'Object Repository/Page_PSTO webMessenger - Zalogowano/input_Iwona  Kowalska_messageInput'

2021-12-19 14:06:28 - [MESSAGE][PASSED] - Text 'b' is set on object 'Object Repository/Page_PSTO webMessenger - Zalogowano/input_Iwona  Kowalska_messageInput'

2021-12-19 14:06:28 - [TEST_STEP][PASSED] - click(findTestObject("Page_PSTO webMessenger - Zalogowano/img_Iwona  Kowalska_sendButton")): Object: 'Object Repository/Page_PSTO webMessenger - Zalogowano/img_Iwona  Kowalska_sendButton' is clicked on

2021-12-19 14:06:28 - [MESSAGE][PASSED] - Object: 'Object Repository/Page_PSTO webMessenger - Zalogowano/img_Iwona  Kowalska_sendButton' is clicked on

2021-12-19 14:06:28 - [TEST_STEP][PASSED] - setText(findTestObject("Page_PSTO webMessenger - Zalogowano/input_Iwona  Kowalska_messageInput"), "b"): Text 'b' is set on object 'Object Repository/Page_PSTO webMessenger - Zalogowano/input_Iwona  Kowalska_messageInput'

2021-12-19 14:06:29 - [MESSAGE][PASSED] - Text 'b' is set on object 'Object Repository/Page_PSTO webMessenger - Zalogowano/input_Iwona  Kowalska_messageInput'

2021-12-19 14:06:29 - [TEST_STEP][PASSED] - click(findTestObject("Page_PSTO webMessenger - Zalogowano/img_Iwona  Kowalska_sendButton")): Object: 'Object Repository/Page_PSTO webMessenger - Zalogowano/img_Iwona  Kowalska_sendButton' is clicked on

2021-12-19 14:06:29 - [MESSAGE][PASSED] - Object: 'Object Repository/Page_PSTO webMessenger - Zalogowano/img_Iwona  Kowalska_sendButton' is clicked on

2021-12-19 14:06:29 - [TEST_STEP][PASSED] - setText(findTestObject("Page_PSTO webMessenger - Zalogowano/input_Iwona  Kowalska_messageInput"), "b"): Text 'b' is set on object 'Object Repository/Page_PSTO webMessenger - Zalogowano/input_Iwona  Kowalska_messageInput'

2021-12-19 14:06:30 - [MESSAGE][PASSED] - Text 'b' is set on object 'Object Repository/Page_PSTO webMessenger - Zalogowano/input_Iwona  Kowalska_messageInput'

2021-12-19 14:06:30 - [TEST_STEP][PASSED] - click(findTestObject("Page_PSTO webMessenger - Zalogowano/img_Iwona  Kowalska_sendButton")): Object: 'Object Repository/Page_PSTO webMessenger - Zalogowano/img_Iwona  Kowalska_sendButton' is clicked on

2021-12-19 14:06:31 - [MESSAGE][PASSED] - Object: 'Object Repository/Page_PSTO webMessenger - Zalogowano/img_Iwona  Kowalska_sendButton' is clicked on

2021-12-19 14:06:31 - [TEST_STEP][PASSED] - setText(findTestObject("Page_PSTO webMessenger - Zalogowano/input_Iwona  Kowalska_messageInput"), "b"): Text 'b' is set on object 'Object Repository/Page_PSTO webMessenger - Zalogowano/input_Iwona  Kowalska_messageInput'

2021-12-19 14:06:31 - [MESSAGE][PASSED] - Text 'b' is set on object 'Object Repository/Page_PSTO webMessenger - Zalogowano/input_Iwona  Kowalska_messageInput'

2021-12-19 14:06:31 - [TEST_STEP][PASSED] - click(findTestObject("Page_PSTO webMessenger - Zalogowano/img_Iwona  Kowalska_sendButton")): Object: 'Object Repository/Page_PSTO webMessenger - Zalogowano/img_Iwona  Kowalska_sendButton' is clicked on

2021-12-19 14:06:32 - [MESSAGE][PASSED] - Object: 'Object Repository/Page_PSTO webMessenger - Zalogowano/img_Iwona  Kowalska_sendButton' is clicked on

2021-12-19 14:06:32 - [TEST_STEP][PASSED] - setText(findTestObject("Page_PSTO webMessenger - Zalogowano/input_Iwona  Kowalska_messageInput"), "b"): Text 'b' is set on object 'Object Repository/Page_PSTO webMessenger - Zalogowano/input_Iwona  Kowalska_messageInput'

2021-12-19 14:06:33 - [MESSAGE][PASSED] - Text 'b' is set on object 'Object Repository/Page_PSTO webMessenger - Zalogowano/input_Iwona  Kowalska_messageInput'

2021-12-19 14:06:33 - [TEST_STEP][PASSED] - click(findTestObject("Page_PSTO webMessenger - Zalogowano/img_Iwona  Kowalska_sendButton")): Object: 'Object Repository/Page_PSTO webMessenger - Zalogowano/img_Iwona  Kowalska_sendButton' is clicked on

2021-12-19 14:06:33 - [MESSAGE][PASSED] - Object: 'Object Repository/Page_PSTO webMessenger - Zalogowano/img_Iwona  Kowalska_sendButton' is clicked on

2021-12-19 14:06:33 - [TEST_STEP][PASSED] - setText(findTestObject("Page_PSTO webMessenger - Zalogowano/input_Iwona  Kowalska_messageInput"), "b"): Text 'b' is set on object 'Object Repository/Page_PSTO webMessenger - Zalogowano/input_Iwona  Kowalska_messageInput'

2021-12-19 14:06:34 - [MESSAGE][PASSED] - Text 'b' is set on object 'Object Repository/Page_PSTO webMessenger - Zalogowano/input_Iwona  Kowalska_messageInput'

2021-12-19 14:06:34 - [TEST_STEP][PASSED] - click(findTestObject("Page_PSTO webMessenger - Zalogowano/img_Iwona  Kowalska_sendButton")): Object: 'Object Repository/Page_PSTO webMessenger - Zalogowano/img_Iwona  Kowalska_sendButton' is clicked on

2021-12-19 14:06:34 - [MESSAGE][PASSED] - Object: 'Object Repository/Page_PSTO webMessenger - Zalogowano/img_Iwona  Kowalska_sendButton' is clicked on

2021-12-19 14:06:34 - [TEST_STEP][PASSED] - setText(findTestObject("Page_PSTO webMessenger - Zalogowano/input_Iwona  Kowalska_messageInput"), "b"): Text 'b' is set on object 'Object Repository/Page_PSTO webMessenger - Zalogowano/input_Iwona  Kowalska_messageInput'

2021-12-19 14:06:35 - [MESSAGE][PASSED] - Text 'b' is set on object 'Object Repository/Page_PSTO webMessenger - Zalogowano/input_Iwona  Kowalska_messageInput'

2021-12-19 14:06:35 - [TEST_STEP][PASSED] - click(findTestObject("Page_PSTO webMessenger - Zalogowano/img_Iwona  Kowalska_sendButton")): Object: 'Object Repository/Page_PSTO webMessenger - Zalogowano/img_Iwona  Kowalska_sendButton' is clicked on

2021-12-19 14:06:36 - [MESSAGE][PASSED] - Object: 'Object Repository/Page_PSTO webMessenger - Zalogowano/img_Iwona  Kowalska_sendButton' is clicked on

2021-12-19 14:06:36 - [TEST_STEP][PASSED] - setText(findTestObject("Page_PSTO webMessenger - Zalogowano/input_Iwona  Kowalska_messageInput"), "b"): Text 'b' is set on object 'Object Repository/Page_PSTO webMessenger - Zalogowano/input_Iwona  Kowalska_messageInput'

2021-12-19 14:06:36 - [MESSAGE][PASSED] - Text 'b' is set on object 'Object Repository/Page_PSTO webMessenger - Zalogowano/input_Iwona  Kowalska_messageInput'

2021-12-19 14:06:36 - [TEST_STEP][PASSED] - click(findTestObject("Page_PSTO webMessenger - Zalogowano/img_Iwona  Kowalska_sendButton")): Object: 'Object Repository/Page_PSTO webMessenger - Zalogowano/img_Iwona  Kowalska_sendButton' is clicked on

2021-12-19 14:06:37 - [MESSAGE][PASSED] - Object: 'Object Repository/Page_PSTO webMessenger - Zalogowano/img_Iwona  Kowalska_sendButton' is clicked on

2021-12-19 14:06:37 - [TEST_STEP][PASSED] - setText(findTestObject("Page_PSTO webMessenger - Zalogowano/input_Iwona  Kowalska_messageInput"), "b"): Text 'b' is set on object 'Object Repository/Page_PSTO webMessenger - Zalogowano/input_Iwona  Kowalska_messageInput'

2021-12-19 14:06:38 - [MESSAGE][PASSED] - Text 'b' is set on object 'Object Repository/Page_PSTO webMessenger - Zalogowano/input_Iwona  Kowalska_messageInput'

2021-12-19 14:06:38 - [TEST_STEP][PASSED] - click(findTestObject("Page_PSTO webMessenger - Zalogowano/img_Iwona  Kowalska_sendButton")): Object: 'Object Repository/Page_PSTO webMessenger - Zalogowano/img_Iwona  Kowalska_sendButton' is clicked on

2021-12-19 14:06:38 - [MESSAGE][PASSED] - Object: 'Object Repository/Page_PSTO webMessenger - Zalogowano/img_Iwona  Kowalska_sendButton' is clicked on

2021-12-19 14:06:38 - [TEST_STEP][PASSED] - setText(findTestObject("Page_PSTO webMessenger - Zalogowano/input_Iwona  Kowalska_messageInput"), "b"): Text 'b' is set on object 'Object Repository/Page_PSTO webMessenger - Zalogowano/input_Iwona  Kowalska_messageInput'

2021-12-19 14:06:39 - [MESSAGE][PASSED] - Text 'b' is set on object 'Object Repository/Page_PSTO webMessenger - Zalogowano/input_Iwona  Kowalska_messageInput'

2021-12-19 14:06:39 - [TEST_STEP][PASSED] - click(findTestObject("Page_PSTO webMessenger - Zalogowano/img_Iwona  Kowalska_sendButton")): Object: 'Object Repository/Page_PSTO webMessenger - Zalogowano/img_Iwona  Kowalska_sendButton' is clicked on

2021-12-19 14:06:39 - [MESSAGE][PASSED] - Object: 'Object Repository/Page_PSTO webMessenger - Zalogowano/img_Iwona  Kowalska_sendButton' is clicked on

2021-12-19 14:06:39 - [TEST_STEP][PASSED] - setText(findTestObject("Page_PSTO webMessenger - Zalogowano/input_Iwona  Kowalska_messageInput"), "b"): Text 'b' is set on object 'Object Repository/Page_PSTO webMessenger - Zalogowano/input_Iwona  Kowalska_messageInput'

2021-12-19 14:06:40 - [MESSAGE][PASSED] - Text 'b' is set on object 'Object Repository/Page_PSTO webMessenger - Zalogowano/input_Iwona  Kowalska_messageInput'

2021-12-19 14:06:40 - [TEST_STEP][PASSED] - click(findTestObject("Page_PSTO webMessenger - Zalogowano/img_Iwona  Kowalska_sendButton")): Object: 'Object Repository/Page_PSTO webMessenger - Zalogowano/img_Iwona  Kowalska_sendButton' is clicked on

2021-12-19 14:06:41 - [MESSAGE][PASSED] - Object: 'Object Repository/Page_PSTO webMessenger - Zalogowano/img_Iwona  Kowalska_sendButton' is clicked on

2021-12-19 14:06:41 - [TEST_STEP][PASSED] - setText(findTestObject("Page_PSTO webMessenger - Zalogowano/input_Iwona  Kowalska_messageInput"), "b"): Text 'b' is set on object 'Object Repository/Page_PSTO webMessenger - Zalogowano/input_Iwona  Kowalska_messageInput'

2021-12-19 14:06:41 - [MESSAGE][PASSED] - Text 'b' is set on object 'Object Repository/Page_PSTO webMessenger - Zalogowano/input_Iwona  Kowalska_messageInput'

2021-12-19 14:06:41 - [TEST_STEP][PASSED] - click(findTestObject("Page_PSTO webMessenger - Zalogowano/img_Iwona  Kowalska_sendButton")): Object: 'Object Repository/Page_PSTO webMessenger - Zalogowano/img_Iwona  Kowalska_sendButton' is clicked on

2021-12-19 14:06:42 - [MESSAGE][PASSED] - Object: 'Object Repository/Page_PSTO webMessenger - Zalogowano/img_Iwona  Kowalska_sendButton' is clicked on

2021-12-19 14:06:42 - [TEST_STEP][PASSED] - setText(findTestObject("Page_PSTO webMessenger - Zalogowano/input_Iwona  Kowalska_messageInput"), "b"): Text 'b' is set on object 'Object Repository/Page_PSTO webMessenger - Zalogowano/input_Iwona  Kowalska_messageInput'

2021-12-19 14:06:43 - [MESSAGE][PASSED] - Text 'b' is set on object 'Object Repository/Page_PSTO webMessenger - Zalogowano/input_Iwona  Kowalska_messageInput'

2021-12-19 14:06:43 - [TEST_STEP][PASSED] - click(findTestObject("Page_PSTO webMessenger - Zalogowano/img_Iwona  Kowalska_sendButton")): Object: 'Object Repository/Page_PSTO webMessenger - Zalogowano/img_Iwona  Kowalska_sendButton' is clicked on

2021-12-19 14:06:43 - [MESSAGE][PASSED] - Object: 'Object Repository/Page_PSTO webMessenger - Zalogowano/img_Iwona  Kowalska_sendButton' is clicked on

2021-12-19 14:06:43 - [TEST_STEP][PASSED] - setText(findTestObject("Page_PSTO webMessenger - Zalogowano/input_Iwona  Kowalska_messageInput"), "b"): Text 'b' is set on object 'Object Repository/Page_PSTO webMessenger - Zalogowano/input_Iwona  Kowalska_messageInput'

2021-12-19 14:06:44 - [MESSAGE][PASSED] - Text 'b' is set on object 'Object Repository/Page_PSTO webMessenger - Zalogowano/input_Iwona  Kowalska_messageInput'

2021-12-19 14:06:44 - [TEST_STEP][PASSED] - click(findTestObject("Page_PSTO webMessenger - Zalogowano/img_Iwona  Kowalska_sendButton")): Object: 'Object Repository/Page_PSTO webMessenger - Zalogowano/img_Iwona  Kowalska_sendButton' is clicked on

2021-12-19 14:06:45 - [MESSAGE][PASSED] - Object: 'Object Repository/Page_PSTO webMessenger - Zalogowano/img_Iwona  Kowalska_sendButton' is clicked on

2021-12-19 14:06:45 - [TEST_STEP][PASSED] - setText(findTestObject("Page_PSTO webMessenger - Zalogowano/input_Iwona  Kowalska_messageInput"), "b"): Text 'b' is set on object 'Object Repository/Page_PSTO webMessenger - Zalogowano/input_Iwona  Kowalska_messageInput'

2021-12-19 14:06:45 - [MESSAGE][PASSED] - Text 'b' is set on object 'Object Repository/Page_PSTO webMessenger - Zalogowano/input_Iwona  Kowalska_messageInput'

2021-12-19 14:06:45 - [TEST_STEP][PASSED] - click(findTestObject("Page_PSTO webMessenger - Zalogowano/img_Iwona  Kowalska_sendButton")): Object: 'Object Repository/Page_PSTO webMessenger - Zalogowano/img_Iwona  Kowalska_sendButton' is clicked on

2021-12-19 14:06:46 - [MESSAGE][PASSED] - Object: 'Object Repository/Page_PSTO webMessenger - Zalogowano/img_Iwona  Kowalska_sendButton' is clicked on

2021-12-19 14:06:46 - [TEST_STEP][PASSED] - setText(findTestObject("Page_PSTO webMessenger - Zalogowano/input_Iwona  Kowalska_messageInput"), "b"): Text 'b' is set on object 'Object Repository/Page_PSTO webMessenger - Zalogowano/input_Iwona  Kowalska_messageInput'

2021-12-19 14:06:47 - [MESSAGE][PASSED] - Text 'b' is set on object 'Object Repository/Page_PSTO webMessenger - Zalogowano/input_Iwona  Kowalska_messageInput'

2021-12-19 14:06:47 - [TEST_STEP][PASSED] - click(findTestObject("Page_PSTO webMessenger - Zalogowano/img_Iwona  Kowalska_sendButton")): Object: 'Object Repository/Page_PSTO webMessenger - Zalogowano/img_Iwona  Kowalska_sendButton' is clicked on

2021-12-19 14:06:48 - [MESSAGE][PASSED] - Object: 'Object Repository/Page_PSTO webMessenger - Zalogowano/img_Iwona  Kowalska_sendButton' is clicked on

2021-12-19 14:06:48 - [TEST_STEP][PASSED] - setText(findTestObject("Page_PSTO webMessenger - Zalogowano/input_Iwona  Kowalska_messageInput"), "b"): Text 'b' is set on object 'Object Repository/Page_PSTO webMessenger - Zalogowano/input_Iwona  Kowalska_messageInput'

2021-12-19 14:06:48 - [MESSAGE][PASSED] - Text 'b' is set on object 'Object Repository/Page_PSTO webMessenger - Zalogowano/input_Iwona  Kowalska_messageInput'

2021-12-19 14:06:48 - [TEST_STEP][PASSED] - click(findTestObject("Page_PSTO webMessenger - Zalogowano/img_Iwona  Kowalska_sendButton")): Object: 'Object Repository/Page_PSTO webMessenger - Zalogowano/img_Iwona  Kowalska_sendButton' is clicked on

2021-12-19 14:06:49 - [MESSAGE][PASSED] - Object: 'Object Repository/Page_PSTO webMessenger - Zalogowano/img_Iwona  Kowalska_sendButton' is clicked on

2021-12-19 14:06:49 - [TEST_STEP][PASSED] - setText(findTestObject("Page_PSTO webMessenger - Zalogowano/input_Iwona  Kowalska_messageInput"), "b"): Text 'b' is set on object 'Object Repository/Page_PSTO webMessenger - Zalogowano/input_Iwona  Kowalska_messageInput'

2021-12-19 14:06:49 - [MESSAGE][PASSED] - Text 'b' is set on object 'Object Repository/Page_PSTO webMessenger - Zalogowano/input_Iwona  Kowalska_messageInput'

2021-12-19 14:06:49 - [TEST_STEP][PASSED] - click(findTestObject("Page_PSTO webMessenger - Zalogowano/img_Iwona  Kowalska_sendButton")): Object: 'Object Repository/Page_PSTO webMessenger - Zalogowano/img_Iwona  Kowalska_sendButton' is clicked on

2021-12-19 14:06:50 - [MESSAGE][PASSED] - Object: 'Object Repository/Page_PSTO webMessenger - Zalogowano/img_Iwona  Kowalska_sendButton' is clicked on

2021-12-19 14:06:50 - [TEST_STEP][PASSED] - setText(findTestObject("Page_PSTO webMessenger - Zalogowano/input_Iwona  Kowalska_messageInput"), "b"): Text 'b' is set on object 'Object Repository/Page_PSTO webMessenger - Zalogowano/input_Iwona  Kowalska_messageInput'

2021-12-19 14:06:51 - [MESSAGE][PASSED] - Text 'b' is set on object 'Object Repository/Page_PSTO webMessenger - Zalogowano/input_Iwona  Kowalska_messageInput'

2021-12-19 14:06:51 - [TEST_STEP][PASSED] - click(findTestObject("Page_PSTO webMessenger - Zalogowano/img_Iwona  Kowalska_sendButton")): Object: 'Object Repository/Page_PSTO webMessenger - Zalogowano/img_Iwona  Kowalska_sendButton' is clicked on

2021-12-19 14:06:51 - [MESSAGE][PASSED] - Object: 'Object Repository/Page_PSTO webMessenger - Zalogowano/img_Iwona  Kowalska_sendButton' is clicked on

2021-12-19 14:06:51 - [TEST_STEP][PASSED] - setText(findTestObject("Page_PSTO webMessenger - Zalogowano/input_Iwona  Kowalska_messageInput"), "b"): Text 'b' is set on object 'Object Repository/Page_PSTO webMessenger - Zalogowano/input_Iwona  Kowalska_messageInput'

2021-12-19 14:06:52 - [MESSAGE][PASSED] - Text 'b' is set on object 'Object Repository/Page_PSTO webMessenger - Zalogowano/input_Iwona  Kowalska_messageInput'

2021-12-19 14:06:52 - [TEST_STEP][PASSED] - click(findTestObject("Page_PSTO webMessenger - Zalogowano/img_Iwona  Kowalska_sendButton")): Object: 'Object Repository/Page_PSTO webMessenger - Zalogowano/img_Iwona  Kowalska_sendButton' is clicked on

2021-12-19 14:06:53 - [MESSAGE][PASSED] - Object: 'Object Repository/Page_PSTO webMessenger - Zalogowano/img_Iwona  Kowalska_sendButton' is clicked on

2021-12-19 14:06:53 - [TEST_STEP][PASSED] - setText(findTestObject("Page_PSTO webMessenger - Zalogowano/input_Iwona  Kowalska_messageInput"), "b"): Text 'b' is set on object 'Object Repository/Page_PSTO webMessenger - Zalogowano/input_Iwona  Kowalska_messageInput'

2021-12-19 14:06:53 - [MESSAGE][PASSED] - Text 'b' is set on object 'Object Repository/Page_PSTO webMessenger - Zalogowano/input_Iwona  Kowalska_messageInput'

2021-12-19 14:06:53 - [TEST_STEP][PASSED] - click(findTestObject("Page_PSTO webMessenger - Zalogowano/img_Iwona  Kowalska_sendButton")): Object: 'Object Repository/Page_PSTO webMessenger - Zalogowano/img_Iwona  Kowalska_sendButton' is clicked on

2021-12-19 14:06:54 - [MESSAGE][PASSED] - Object: 'Object Repository/Page_PSTO webMessenger - Zalogowano/img_Iwona  Kowalska_sendButton' is clicked on

2021-12-19 14:06:54 - [TEST_STEP][PASSED] - setText(findTestObject("Page_PSTO webMessenger - Zalogowano/input_Iwona  Kowalska_messageInput"), "b"): Text 'b' is set on object 'Object Repository/Page_PSTO webMessenger - Zalogowano/input_Iwona  Kowalska_messageInput'

2021-12-19 14:06:55 - [MESSAGE][PASSED] - Text 'b' is set on object 'Object Repository/Page_PSTO webMessenger - Zalogowano/input_Iwona  Kowalska_messageInput'

2021-12-19 14:06:55 - [TEST_STEP][PASSED] - click(findTestObject("Page_PSTO webMessenger - Zalogowano/img_Iwona  Kowalska_sendButton")): Object: 'Object Repository/Page_PSTO webMessenger - Zalogowano/img_Iwona  Kowalska_sendButton' is clicked on

2021-12-19 14:06:55 - [MESSAGE][PASSED] - Object: 'Object Repository/Page_PSTO webMessenger - Zalogowano/img_Iwona  Kowalska_sendButton' is clicked on

2021-12-19 14:06:55 - [TEST_STEP][PASSED] - setText(findTestObject("Page_PSTO webMessenger - Zalogowano/input_Iwona  Kowalska_messageInput"), "b"): Text 'b' is set on object 'Object Repository/Page_PSTO webMessenger - Zalogowano/input_Iwona  Kowalska_messageInput'

2021-12-19 14:06:56 - [MESSAGE][PASSED] - Text 'b' is set on object 'Object Repository/Page_PSTO webMessenger - Zalogowano/input_Iwona  Kowalska_messageInput'

2021-12-19 14:06:56 - [TEST_STEP][PASSED] - click(findTestObject("Page_PSTO webMessenger - Zalogowano/img_Iwona  Kowalska_sendButton")): Object: 'Object Repository/Page_PSTO webMessenger - Zalogowano/img_Iwona  Kowalska_sendButton' is clicked on

2021-12-19 14:06:57 - [MESSAGE][PASSED] - Object: 'Object Repository/Page_PSTO webMessenger - Zalogowano/img_Iwona  Kowalska_sendButton' is clicked on

2021-12-19 14:06:57 - [TEST_STEP][PASSED] - setText(findTestObject("Page_PSTO webMessenger - Zalogowano/input_Iwona  Kowalska_messageInput"), "b"): Text 'b' is set on object 'Object Repository/Page_PSTO webMessenger - Zalogowano/input_Iwona  Kowalska_messageInput'

2021-12-19 14:06:57 - [MESSAGE][PASSED] - Text 'b' is set on object 'Object Repository/Page_PSTO webMessenger - Zalogowano/input_Iwona  Kowalska_messageInput'

2021-12-19 14:06:57 - [TEST_STEP][PASSED] - click(findTestObject("Page_PSTO webMessenger - Zalogowano/img_Iwona  Kowalska_sendButton")): Object: 'Object Repository/Page_PSTO webMessenger - Zalogowano/img_Iwona  Kowalska_sendButton' is clicked on

2021-12-19 14:06:58 - [MESSAGE][PASSED] - Object: 'Object Repository/Page_PSTO webMessenger - Zalogowano/img_Iwona  Kowalska_sendButton' is clicked on

2021-12-19 14:06:58 - [TEST_STEP][PASSED] - setText(findTestObject("Page_PSTO webMessenger - Zalogowano/input_Iwona  Kowalska_messageInput"), "b"): Text 'b' is set on object 'Object Repository/Page_PSTO webMessenger - Zalogowano/input_Iwona  Kowalska_messageInput'

2021-12-19 14:06:59 - [MESSAGE][PASSED] - Text 'b' is set on object 'Object Repository/Page_PSTO webMessenger - Zalogowano/input_Iwona  Kowalska_messageInput'

2021-12-19 14:06:59 - [TEST_STEP][PASSED] - click(findTestObject("Page_PSTO webMessenger - Zalogowano/img_Iwona  Kowalska_sendButton")): Object: 'Object Repository/Page_PSTO webMessenger - Zalogowano/img_Iwona  Kowalska_sendButton' is clicked on

2021-12-19 14:06:59 - [MESSAGE][PASSED] - Object: 'Object Repository/Page_PSTO webMessenger - Zalogowano/img_Iwona  Kowalska_sendButton' is clicked on

2021-12-19 14:06:59 - [TEST_STEP][PASSED] - setText(findTestObject("Page_PSTO webMessenger - Zalogowano/input_Iwona  Kowalska_messageInput"), "b"): Text 'b' is set on object 'Object Repository/Page_PSTO webMessenger - Zalogowano/input_Iwona  Kowalska_messageInput'

2021-12-19 14:07:00 - [MESSAGE][PASSED] - Text 'b' is set on object 'Object Repository/Page_PSTO webMessenger - Zalogowano/input_Iwona  Kowalska_messageInput'

2021-12-19 14:07:00 - [TEST_STEP][PASSED] - click(findTestObject("Page_PSTO webMessenger - Zalogowano/img_Iwona  Kowalska_sendButton")): Object: 'Object Repository/Page_PSTO webMessenger - Zalogowano/img_Iwona  Kowalska_sendButton' is clicked on

2021-12-19 14:07:00 - [MESSAGE][PASSED] - Object: 'Object Repository/Page_PSTO webMessenger - Zalogowano/img_Iwona  Kowalska_sendButton' is clicked on

2021-12-19 14:07:00 - [TEST_STEP][PASSED] - setText(findTestObject("Page_PSTO webMessenger - Zalogowano/input_Iwona  Kowalska_messageInput"), "b"): Text 'b' is set on object 'Object Repository/Page_PSTO webMessenger - Zalogowano/input_Iwona  Kowalska_messageInput'

2021-12-19 14:07:02 - [MESSAGE][PASSED] - Text 'b' is set on object 'Object Repository/Page_PSTO webMessenger - Zalogowano/input_Iwona  Kowalska_messageInput'

2021-12-19 14:07:02 - [TEST_STEP][PASSED] - click(findTestObject("Page_PSTO webMessenger - Zalogowano/img_Iwona  Kowalska_sendButton")): Object: 'Object Repository/Page_PSTO webMessenger - Zalogowano/img_Iwona  Kowalska_sendButton' is clicked on

2021-12-19 14:07:02 - [MESSAGE][PASSED] - Object: 'Object Repository/Page_PSTO webMessenger - Zalogowano/img_Iwona  Kowalska_sendButton' is clicked on

2021-12-19 14:07:02 - [TEST_STEP][PASSED] - setText(findTestObject("Page_PSTO webMessenger - Zalogowano/input_Iwona  Kowalska_messageInput"), "b"): Text 'b' is set on object 'Object Repository/Page_PSTO webMessenger - Zalogowano/input_Iwona  Kowalska_messageInput'

2021-12-19 14:07:03 - [MESSAGE][PASSED] - Text 'b' is set on object 'Object Repository/Page_PSTO webMessenger - Zalogowano/input_Iwona  Kowalska_messageInput'

2021-12-19 14:07:03 - [TEST_STEP][PASSED] - click(findTestObject("Page_PSTO webMessenger - Zalogowano/img_Iwona  Kowalska_sendButton")): Object: 'Object Repository/Page_PSTO webMessenger - Zalogowano/img_Iwona  Kowalska_sendButton' is clicked on

2021-12-19 14:07:03 - [MESSAGE][PASSED] - Object: 'Object Repository/Page_PSTO webMessenger - Zalogowano/img_Iwona  Kowalska_sendButton' is clicked on

2021-12-19 14:07:03 - [TEST_STEP][PASSED] - setText(findTestObject("Page_PSTO webMessenger - Zalogowano/input_Iwona  Kowalska_messageInput"), "b"): Text 'b' is set on object 'Object Repository/Page_PSTO webMessenger - Zalogowano/input_Iwona  Kowalska_messageInput'

2021-12-19 14:07:04 - [MESSAGE][PASSED] - Text 'b' is set on object 'Object Repository/Page_PSTO webMessenger - Zalogowano/input_Iwona  Kowalska_messageInput'

2021-12-19 14:07:04 - [TEST_STEP][PASSED] - click(findTestObject("Page_PSTO webMessenger - Zalogowano/img_Iwona  Kowalska_sendButton")): Object: 'Object Repository/Page_PSTO webMessenger - Zalogowano/img_Iwona  Kowalska_sendButton' is clicked on

2021-12-19 14:07:05 - [MESSAGE][PASSED] - Object: 'Object Repository/Page_PSTO webMessenger - Zalogowano/img_Iwona  Kowalska_sendButton' is clicked on

2021-12-19 14:07:05 - [TEST_STEP][PASSED] - setText(findTestObject("Page_PSTO webMessenger - Zalogowano/input_Iwona  Kowalska_messageInput"), "b"): Text 'b' is set on object 'Object Repository/Page_PSTO webMessenger - Zalogowano/input_Iwona  Kowalska_messageInput'

2021-12-19 14:07:05 - [MESSAGE][PASSED] - Text 'b' is set on object 'Object Repository/Page_PSTO webMessenger - Zalogowano/input_Iwona  Kowalska_messageInput'

2021-12-19 14:07:05 - [TEST_STEP][PASSED] - click(findTestObject("Page_PSTO webMessenger - Zalogowano/img_Iwona  Kowalska_sendButton")): Object: 'Object Repository/Page_PSTO webMessenger - Zalogowano/img_Iwona  Kowalska_sendButton' is clicked on

2021-12-19 14:07:06 - [MESSAGE][PASSED] - Object: 'Object Repository/Page_PSTO webMessenger - Zalogowano/img_Iwona  Kowalska_sendButton' is clicked on

2021-12-19 14:07:06 - [TEST_STEP][PASSED] - setText(findTestObject("Page_PSTO webMessenger - Zalogowano/input_Iwona  Kowalska_messageInput"), "b"): Text 'b' is set on object 'Object Repository/Page_PSTO webMessenger - Zalogowano/input_Iwona  Kowalska_messageInput'

2021-12-19 14:07:06 - [MESSAGE][PASSED] - Text 'b' is set on object 'Object Repository/Page_PSTO webMessenger - Zalogowano/input_Iwona  Kowalska_messageInput'

2021-12-19 14:07:06 - [TEST_STEP][PASSED] - click(findTestObject("Page_PSTO webMessenger - Zalogowano/img_Iwona  Kowalska_sendButton")): Object: 'Object Repository/Page_PSTO webMessenger - Zalogowano/img_Iwona  Kowalska_sendButton' is clicked on

2021-12-19 14:07:07 - [MESSAGE][PASSED] - Object: 'Object Repository/Page_PSTO webMessenger - Zalogowano/img_Iwona  Kowalska_sendButton' is clicked on

2021-12-19 14:07:07 - [TEST_STEP][PASSED] - setText(findTestObject("Page_PSTO webMessenger - Zalogowano/input_Iwona  Kowalska_messageInput"), "b"): Text 'b' is set on object 'Object Repository/Page_PSTO webMessenger - Zalogowano/input_Iwona  Kowalska_messageInput'

2021-12-19 14:07:08 - [MESSAGE][PASSED] - Text 'b' is set on object 'Object Repository/Page_PSTO webMessenger - Zalogowano/input_Iwona  Kowalska_messageInput'

2021-12-19 14:07:08 - [TEST_STEP][PASSED] - click(findTestObject("Page_PSTO webMessenger - Zalogowano/img_Iwona  Kowalska_sendButton")): Object: 'Object Repository/Page_PSTO webMessenger - Zalogowano/img_Iwona  Kowalska_sendButton' is clicked on

2021-12-19 14:07:08 - [MESSAGE][PASSED] - Object: 'Object Repository/Page_PSTO webMessenger - Zalogowano/img_Iwona  Kowalska_sendButton' is clicked on

2021-12-19 14:07:08 - [TEST_STEP][PASSED] - setText(findTestObject("Page_PSTO webMessenger - Zalogowano/input_Iwona  Kowalska_messageInput"), "b"): Text 'b' is set on object 'Object Repository/Page_PSTO webMessenger - Zalogowano/input_Iwona  Kowalska_messageInput'

2021-12-19 14:07:09 - [MESSAGE][PASSED] - Text 'b' is set on object 'Object Repository/Page_PSTO webMessenger - Zalogowano/input_Iwona  Kowalska_messageInput'

2021-12-19 14:07:09 - [TEST_STEP][PASSED] - click(findTestObject("Page_PSTO webMessenger - Zalogowano/img_Iwona  Kowalska_sendButton")): Object: 'Object Repository/Page_PSTO webMessenger - Zalogowano/img_Iwona  Kowalska_sendButton' is clicked on

2021-12-19 14:07:10 - [MESSAGE][PASSED] - Object: 'Object Repository/Page_PSTO webMessenger - Zalogowano/img_Iwona  Kowalska_sendButton' is clicked on

2021-12-19 14:07:10 - [TEST_STEP][PASSED] - setText(findTestObject("Page_PSTO webMessenger - Zalogowano/input_Iwona  Kowalska_messageInput"), "b"): Text 'b' is set on object 'Object Repository/Page_PSTO webMessenger - Zalogowano/input_Iwona  Kowalska_messageInput'

2021-12-19 14:07:10 - [MESSAGE][PASSED] - Text 'b' is set on object 'Object Repository/Page_PSTO webMessenger - Zalogowano/input_Iwona  Kowalska_messageInput'

2021-12-19 14:07:10 - [TEST_STEP][PASSED] - click(findTestObject("Page_PSTO webMessenger - Zalogowano/img_Iwona  Kowalska_sendButton")): Object: 'Object Repository/Page_PSTO webMessenger - Zalogowano/img_Iwona  Kowalska_sendButton' is clicked on

2021-12-19 14:07:11 - [MESSAGE][PASSED] - Object: 'Object Repository/Page_PSTO webMessenger - Zalogowano/img_Iwona  Kowalska_sendButton' is clicked on

2021-12-19 14:07:11 - [TEST_STEP][PASSED] - setText(findTestObject("Page_PSTO webMessenger - Zalogowano/input_Iwona  Kowalska_messageInput"), "b"): Text 'b' is set on object 'Object Repository/Page_PSTO webMessenger - Zalogowano/input_Iwona  Kowalska_messageInput'

2021-12-19 14:07:11 - [MESSAGE][PASSED] - Text 'b' is set on object 'Object Repository/Page_PSTO webMessenger - Zalogowano/input_Iwona  Kowalska_messageInput'

2021-12-19 14:07:11 - [TEST_STEP][PASSED] - click(findTestObject("Page_PSTO webMessenger - Zalogowano/img_Iwona  Kowalska_sendButton")): Object: 'Object Repository/Page_PSTO webMessenger - Zalogowano/img_Iwona  Kowalska_sendButton' is clicked on

2021-12-19 14:07:12 - [MESSAGE][PASSED] - Object: 'Object Repository/Page_PSTO webMessenger - Zalogowano/img_Iwona  Kowalska_sendButton' is clicked on

2021-12-19 14:07:12 - [TEST_STEP][PASSED] - setText(findTestObject("Page_PSTO webMessenger - Zalogowano/input_Iwona  Kowalska_messageInput"), "b"): Text 'b' is set on object 'Object Repository/Page_PSTO webMessenger - Zalogowano/input_Iwona  Kowalska_messageInput'

2021-12-19 14:07:13 - [MESSAGE][PASSED] - Text 'b' is set on object 'Object Repository/Page_PSTO webMessenger - Zalogowano/input_Iwona  Kowalska_messageInput'

2021-12-19 14:07:13 - [TEST_STEP][PASSED] - click(findTestObject("Page_PSTO webMessenger - Zalogowano/img_Iwona  Kowalska_sendButton")): Object: 'Object Repository/Page_PSTO webMessenger - Zalogowano/img_Iwona  Kowalska_sendButton' is clicked on

2021-12-19 14:07:13 - [MESSAGE][PASSED] - Object: 'Object Repository/Page_PSTO webMessenger - Zalogowano/img_Iwona  Kowalska_sendButton' is clicked on

2021-12-19 14:07:13 - [TEST_STEP][PASSED] - setText(findTestObject("Page_PSTO webMessenger - Zalogowano/input_Iwona  Kowalska_messageInput"), "b"): Text 'b' is set on object 'Object Repository/Page_PSTO webMessenger - Zalogowano/input_Iwona  Kowalska_messageInput'

2021-12-19 14:07:14 - [MESSAGE][PASSED] - Text 'b' is set on object 'Object Repository/Page_PSTO webMessenger - Zalogowano/input_Iwona  Kowalska_messageInput'

2021-12-19 14:07:14 - [TEST_STEP][PASSED] - click(findTestObject("Page_PSTO webMessenger - Zalogowano/img_Iwona  Kowalska_sendButton")): Object: 'Object Repository/Page_PSTO webMessenger - Zalogowano/img_Iwona  Kowalska_sendButton' is clicked on

2021-12-19 14:07:15 - [MESSAGE][PASSED] - Object: 'Object Repository/Page_PSTO webMessenger - Zalogowano/img_Iwona  Kowalska_sendButton' is clicked on

2021-12-19 14:07:15 - [TEST_STEP][PASSED] - setText(findTestObject("Page_PSTO webMessenger - Zalogowano/input_Iwona  Kowalska_messageInput"), "b"): Text 'b' is set on object 'Object Repository/Page_PSTO webMessenger - Zalogowano/input_Iwona  Kowalska_messageInput'

2021-12-19 14:07:15 - [MESSAGE][PASSED] - Text 'b' is set on object 'Object Repository/Page_PSTO webMessenger - Zalogowano/input_Iwona  Kowalska_messageInput'

2021-12-19 14:07:15 - [TEST_STEP][PASSED] - click(findTestObject("Page_PSTO webMessenger - Zalogowano/img_Iwona  Kowalska_sendButton")): Object: 'Object Repository/Page_PSTO webMessenger - Zalogowano/img_Iwona  Kowalska_sendButton' is clicked on

2021-12-19 14:07:16 - [MESSAGE][PASSED] - Object: 'Object Repository/Page_PSTO webMessenger - Zalogowano/img_Iwona  Kowalska_sendButton' is clicked on

2021-12-19 14:07:16 - [TEST_STEP][PASSED] - setText(findTestObject("Page_PSTO webMessenger - Zalogowano/input_Iwona  Kowalska_messageInput"), "b"): Text 'b' is set on object 'Object Repository/Page_PSTO webMessenger - Zalogowano/input_Iwona  Kowalska_messageInput'

2021-12-19 14:07:16 - [MESSAGE][PASSED] - Text 'b' is set on object 'Object Repository/Page_PSTO webMessenger - Zalogowano/input_Iwona  Kowalska_messageInput'

2021-12-19 14:07:17 - [TEST_STEP][PASSED] - click(findTestObject("Page_PSTO webMessenger - Zalogowano/img_Iwona  Kowalska_sendButton")): Object: 'Object Repository/Page_PSTO webMessenger - Zalogowano/img_Iwona  Kowalska_sendButton' is clicked on

2021-12-19 14:07:17 - [MESSAGE][PASSED] - Object: 'Object Repository/Page_PSTO webMessenger - Zalogowano/img_Iwona  Kowalska_sendButton' is clicked on

2021-12-19 14:07:17 - [TEST_STEP][PASSED] - setText(findTestObject("Page_PSTO webMessenger - Zalogowano/input_Iwona  Kowalska_messageInput"), "b"): Text 'b' is set on object 'Object Repository/Page_PSTO webMessenger - Zalogowano/input_Iwona  Kowalska_messageInput'

2021-12-19 14:07:18 - [MESSAGE][PASSED] - Text 'b' is set on object 'Object Repository/Page_PSTO webMessenger - Zalogowano/input_Iwona  Kowalska_messageInput'

2021-12-19 14:07:18 - [TEST_STEP][PASSED] - click(findTestObject("Page_PSTO webMessenger - Zalogowano/img_Iwona  Kowalska_sendButton")): Object: 'Object Repository/Page_PSTO webMessenger - Zalogowano/img_Iwona  Kowalska_sendButton' is clicked on

2021-12-19 14:07:18 - [MESSAGE][PASSED] - Object: 'Object Repository/Page_PSTO webMessenger - Zalogowano/img_Iwona  Kowalska_sendButton' is clicked on

2021-12-19 14:07:18 - [TEST_STEP][PASSED] - setText(findTestObject("Page_PSTO webMessenger - Zalogowano/input_Iwona  Kowalska_messageInput"), "b"): Text 'b' is set on object 'Object Repository/Page_PSTO webMessenger - Zalogowano/input_Iwona  Kowalska_messageInput'

2021-12-19 14:07:19 - [MESSAGE][PASSED] - Text 'b' is set on object 'Object Repository/Page_PSTO webMessenger - Zalogowano/input_Iwona  Kowalska_messageInput'

2021-12-19 14:07:19 - [TEST_STEP][PASSED] - click(findTestObject("Page_PSTO webMessenger - Zalogowano/img_Iwona  Kowalska_sendButton")): Object: 'Object Repository/Page_PSTO webMessenger - Zalogowano/img_Iwona  Kowalska_sendButton' is clicked on

2021-12-19 14:07:20 - [MESSAGE][PASSED] - Object: 'Object Repository/Page_PSTO webMessenger - Zalogowano/img_Iwona  Kowalska_sendButton' is clicked on

2021-12-19 14:07:20 - [TEST_STEP][PASSED] - setText(findTestObject("Page_PSTO webMessenger - Zalogowano/input_Iwona  Kowalska_messageInput"), "b"): Text 'b' is set on object 'Object Repository/Page_PSTO webMessenger - Zalogowano/input_Iwona  Kowalska_messageInput'

2021-12-19 14:07:20 - [MESSAGE][PASSED] - Text 'b' is set on object 'Object Repository/Page_PSTO webMessenger - Zalogowano/input_Iwona  Kowalska_messageInput'

2021-12-19 14:07:20 - [TEST_STEP][PASSED] - click(findTestObject("Page_PSTO webMessenger - Zalogowano/img_Iwona  Kowalska_sendButton")): Object: 'Object Repository/Page_PSTO webMessenger - Zalogowano/img_Iwona  Kowalska_sendButton' is clicked on

2021-12-19 14:07:21 - [MESSAGE][PASSED] - Object: 'Object Repository/Page_PSTO webMessenger - Zalogowano/img_Iwona  Kowalska_sendButton' is clicked on

2021-12-19 14:07:21 - [TEST_STEP][PASSED] - setText(findTestObject("Page_PSTO webMessenger - Zalogowano/input_Iwona  Kowalska_messageInput"), "b"): Text 'b' is set on object 'Object Repository/Page_PSTO webMessenger - Zalogowano/input_Iwona  Kowalska_messageInput'

2021-12-19 14:07:21 - [MESSAGE][PASSED] - Text 'b' is set on object 'Object Repository/Page_PSTO webMessenger - Zalogowano/input_Iwona  Kowalska_messageInput'

2021-12-19 14:07:21 - [TEST_STEP][PASSED] - click(findTestObject("Page_PSTO webMessenger - Zalogowano/img_Iwona  Kowalska_sendButton")): Object: 'Object Repository/Page_PSTO webMessenger - Zalogowano/img_Iwona  Kowalska_sendButton' is clicked on

2021-12-19 14:07:22 - [MESSAGE][PASSED] - Object: 'Object Repository/Page_PSTO webMessenger - Zalogowano/img_Iwona  Kowalska_sendButton' is clicked on

2021-12-19 14:07:22 - [TEST_STEP][PASSED] - setText(findTestObject("Page_PSTO webMessenger - Zalogowano/input_Iwona  Kowalska_messageInput"), "b"): Text 'b' is set on object 'Object Repository/Page_PSTO webMessenger - Zalogowano/input_Iwona  Kowalska_messageInput'

2021-12-19 14:07:23 - [MESSAGE][PASSED] - Text 'b' is set on object 'Object Repository/Page_PSTO webMessenger - Zalogowano/input_Iwona  Kowalska_messageInput'

2021-12-19 14:07:23 - [TEST_STEP][PASSED] - click(findTestObject("Page_PSTO webMessenger - Zalogowano/img_Iwona  Kowalska_sendButton")): Object: 'Object Repository/Page_PSTO webMessenger - Zalogowano/img_Iwona  Kowalska_sendButton' is clicked on

2021-12-19 14:07:23 - [MESSAGE][PASSED] - Object: 'Object Repository/Page_PSTO webMessenger - Zalogowano/img_Iwona  Kowalska_sendButton' is clicked on

2021-12-19 14:07:23 - [TEST_STEP][PASSED] - setText(findTestObject("Page_PSTO webMessenger - Zalogowano/input_Iwona  Kowalska_messageInput"), "b"): Text 'b' is set on object 'Object Repository/Page_PSTO webMessenger - Zalogowano/input_Iwona  Kowalska_messageInput'

2021-12-19 14:07:24 - [MESSAGE][PASSED] - Text 'b' is set on object 'Object Repository/Page_PSTO webMessenger - Zalogowano/input_Iwona  Kowalska_messageInput'

2021-12-19 14:07:24 - [TEST_STEP][PASSED] - click(findTestObject("Page_PSTO webMessenger - Zalogowano/img_Iwona  Kowalska_sendButton")): Object: 'Object Repository/Page_PSTO webMessenger - Zalogowano/img_Iwona  Kowalska_sendButton' is clicked on

2021-12-19 14:07:24 - [MESSAGE][PASSED] - Object: 'Object Repository/Page_PSTO webMessenger - Zalogowano/img_Iwona  Kowalska_sendButton' is clicked on

2021-12-19 14:07:24 - [TEST_STEP][PASSED] - setText(findTestObject("Page_PSTO webMessenger - Zalogowano/input_Iwona  Kowalska_messageInput"), "b"): Text 'b' is set on object 'Object Repository/Page_PSTO webMessenger - Zalogowano/input_Iwona  Kowalska_messageInput'

2021-12-19 14:07:25 - [MESSAGE][PASSED] - Text 'b' is set on object 'Object Repository/Page_PSTO webMessenger - Zalogowano/input_Iwona  Kowalska_messageInput'

2021-12-19 14:07:25 - [TEST_STEP][PASSED] - click(findTestObject("Page_PSTO webMessenger - Zalogowano/img_Iwona  Kowalska_sendButton")): Object: 'Object Repository/Page_PSTO webMessenger - Zalogowano/img_Iwona  Kowalska_sendButton' is clicked on

2021-12-19 14:07:26 - [MESSAGE][PASSED] - Object: 'Object Repository/Page_PSTO webMessenger - Zalogowano/img_Iwona  Kowalska_sendButton' is clicked on

2021-12-19 14:07:26 - [TEST_STEP][PASSED] - setText(findTestObject("Page_PSTO webMessenger - Zalogowano/input_Iwona  Kowalska_messageInput"), "b"): Text 'b' is set on object 'Object Repository/Page_PSTO webMessenger - Zalogowano/input_Iwona  Kowalska_messageInput'

2021-12-19 14:07:27 - [MESSAGE][PASSED] - Text 'b' is set on object 'Object Repository/Page_PSTO webMessenger - Zalogowano/input_Iwona  Kowalska_messageInput'

2021-12-19 14:07:27 - [TEST_STEP][PASSED] - click(findTestObject("Page_PSTO webMessenger - Zalogowano/img_Iwona  Kowalska_sendButton")): Object: 'Object Repository/Page_PSTO webMessenger - Zalogowano/img_Iwona  Kowalska_sendButton' is clicked on

2021-12-19 14:07:27 - [MESSAGE][PASSED] - Object: 'Object Repository/Page_PSTO webMessenger - Zalogowano/img_Iwona  Kowalska_sendButton' is clicked on

2021-12-19 14:07:27 - [TEST_STEP][PASSED] - setText(findTestObject("Page_PSTO webMessenger - Zalogowano/input_Iwona  Kowalska_messageInput"), "b"): Text 'b' is set on object 'Object Repository/Page_PSTO webMessenger - Zalogowano/input_Iwona  Kowalska_messageInput'

2021-12-19 14:07:28 - [MESSAGE][PASSED] - Text 'b' is set on object 'Object Repository/Page_PSTO webMessenger - Zalogowano/input_Iwona  Kowalska_messageInput'

2021-12-19 14:07:28 - [TEST_STEP][PASSED] - click(findTestObject("Page_PSTO webMessenger - Zalogowano/img_Iwona  Kowalska_sendButton")): Object: 'Object Repository/Page_PSTO webMessenger - Zalogowano/img_Iwona  Kowalska_sendButton' is clicked on

2021-12-19 14:07:28 - [MESSAGE][PASSED] - Object: 'Object Repository/Page_PSTO webMessenger - Zalogowano/img_Iwona  Kowalska_sendButton' is clicked on

2021-12-19 14:07:28 - [TEST_STEP][PASSED] - setText(findTestObject("Page_PSTO webMessenger - Zalogowano/input_Iwona  Kowalska_messageInput"), "b"): Text 'b' is set on object 'Object Repository/Page_PSTO webMessenger - Zalogowano/input_Iwona  Kowalska_messageInput'

2021-12-19 14:07:29 - [MESSAGE][PASSED] - Text 'b' is set on object 'Object Repository/Page_PSTO webMessenger - Zalogowano/input_Iwona  Kowalska_messageInput'

2021-12-19 14:07:29 - [TEST_STEP][PASSED] - click(findTestObject("Page_PSTO webMessenger - Zalogowano/img_Iwona  Kowalska_sendButton")): Object: 'Object Repository/Page_PSTO webMessenger - Zalogowano/img_Iwona  Kowalska_sendButton' is clicked on

2021-12-19 14:07:30 - [MESSAGE][PASSED] - Object: 'Object Repository/Page_PSTO webMessenger - Zalogowano/img_Iwona  Kowalska_sendButton' is clicked on

2021-12-19 14:07:30 - [TEST_STEP][PASSED] - setText(findTestObject("Page_PSTO webMessenger - Zalogowano/input_Iwona  Kowalska_messageInput"), "b"): Text 'b' is set on object 'Object Repository/Page_PSTO webMessenger - Zalogowano/input_Iwona  Kowalska_messageInput'

2021-12-19 14:07:30 - [MESSAGE][PASSED] - Text 'b' is set on object 'Object Repository/Page_PSTO webMessenger - Zalogowano/input_Iwona  Kowalska_messageInput'

2021-12-19 14:07:30 - [TEST_STEP][PASSED] - click(findTestObject("Page_PSTO webMessenger - Zalogowano/img_Iwona  Kowalska_sendButton")): Object: 'Object Repository/Page_PSTO webMessenger - Zalogowano/img_Iwona  Kowalska_sendButton' is clicked on

2021-12-19 14:07:31 - [MESSAGE][PASSED] - Object: 'Object Repository/Page_PSTO webMessenger - Zalogowano/img_Iwona  Kowalska_sendButton' is clicked on

2021-12-19 14:07:31 - [TEST_STEP][PASSED] - setText(findTestObject("Page_PSTO webMessenger - Zalogowano/input_Iwona  Kowalska_messageInput"), "b"): Text 'b' is set on object 'Object Repository/Page_PSTO webMessenger - Zalogowano/input_Iwona  Kowalska_messageInput'

2021-12-19 14:07:32 - [MESSAGE][PASSED] - Text 'b' is set on object 'Object Repository/Page_PSTO webMessenger - Zalogowano/input_Iwona  Kowalska_messageInput'

2021-12-19 14:07:32 - [TEST_STEP][PASSED] - click(findTestObject("Page_PSTO webMessenger - Zalogowano/img_Iwona  Kowalska_sendButton")): Object: 'Object Repository/Page_PSTO webMessenger - Zalogowano/img_Iwona  Kowalska_sendButton' is clicked on

2021-12-19 14:07:32 - [MESSAGE][PASSED] - Object: 'Object Repository/Page_PSTO webMessenger - Zalogowano/img_Iwona  Kowalska_sendButton' is clicked on

2021-12-19 14:07:32 - [TEST_STEP][PASSED] - setText(findTestObject("Page_PSTO webMessenger - Zalogowano/input_Iwona  Kowalska_messageInput"), "b"): Text 'b' is set on object 'Object Repository/Page_PSTO webMessenger - Zalogowano/input_Iwona  Kowalska_messageInput'

2021-12-19 14:07:33 - [MESSAGE][PASSED] - Text 'b' is set on object 'Object Repository/Page_PSTO webMessenger - Zalogowano/input_Iwona  Kowalska_messageInput'

2021-12-19 14:07:33 - [TEST_STEP][PASSED] - click(findTestObject("Page_PSTO webMessenger - Zalogowano/img_Iwona  Kowalska_sendButton")): Object: 'Object Repository/Page_PSTO webMessenger - Zalogowano/img_Iwona  Kowalska_sendButton' is clicked on

2021-12-19 14:07:33 - [MESSAGE][PASSED] - Object: 'Object Repository/Page_PSTO webMessenger - Zalogowano/img_Iwona  Kowalska_sendButton' is clicked on

2021-12-19 14:07:33 - [TEST_STEP][PASSED] - setText(findTestObject("Page_PSTO webMessenger - Zalogowano/input_Iwona  Kowalska_messageInput"), "b"): Text 'b' is set on object 'Object Repository/Page_PSTO webMessenger - Zalogowano/input_Iwona  Kowalska_messageInput'

2021-12-19 14:07:34 - [MESSAGE][PASSED] - Text 'b' is set on object 'Object Repository/Page_PSTO webMessenger - Zalogowano/input_Iwona  Kowalska_messageInput'

2021-12-19 14:07:34 - [TEST_STEP][PASSED] - click(findTestObject("Page_PSTO webMessenger - Zalogowano/img_Iwona  Kowalska_sendButton")): Object: 'Object Repository/Page_PSTO webMessenger - Zalogowano/img_Iwona  Kowalska_sendButton' is clicked on

2021-12-19 14:07:35 - [MESSAGE][PASSED] - Object: 'Object Repository/Page_PSTO webMessenger - Zalogowano/img_Iwona  Kowalska_sendButton' is clicked on

2021-12-19 14:07:35 - [TEST_STEP][PASSED] - setText(findTestObject("Page_PSTO webMessenger - Zalogowano/input_Iwona  Kowalska_messageInput"), "b"): Text 'b' is set on object 'Object Repository/Page_PSTO webMessenger - Zalogowano/input_Iwona  Kowalska_messageInput'

2021-12-19 14:07:35 - [MESSAGE][PASSED] - Text 'b' is set on object 'Object Repository/Page_PSTO webMessenger - Zalogowano/input_Iwona  Kowalska_messageInput'

2021-12-19 14:07:35 - [TEST_STEP][PASSED] - click(findTestObject("Page_PSTO webMessenger - Zalogowano/img_Iwona  Kowalska_sendButton")): Object: 'Object Repository/Page_PSTO webMessenger - Zalogowano/img_Iwona  Kowalska_sendButton' is clicked on

2021-12-19 14:07:36 - [MESSAGE][PASSED] - Object: 'Object Repository/Page_PSTO webMessenger - Zalogowano/img_Iwona  Kowalska_sendButton' is clicked on

2021-12-19 14:07:36 - [TEST_STEP][PASSED] - setText(findTestObject("Page_PSTO webMessenger - Zalogowano/input_Iwona  Kowalska_messageInput"), "b"): Text 'b' is set on object 'Object Repository/Page_PSTO webMessenger - Zalogowano/input_Iwona  Kowalska_messageInput'

2021-12-19 14:07:37 - [MESSAGE][PASSED] - Text 'b' is set on object 'Object Repository/Page_PSTO webMessenger - Zalogowano/input_Iwona  Kowalska_messageInput'

2021-12-19 14:07:37 - [TEST_STEP][PASSED] - click(findTestObject("Page_PSTO webMessenger - Zalogowano/img_Iwona  Kowalska_sendButton")): Object: 'Object Repository/Page_PSTO webMessenger - Zalogowano/img_Iwona  Kowalska_sendButton' is clicked on

2021-12-19 14:07:37 - [MESSAGE][PASSED] - Object: 'Object Repository/Page_PSTO webMessenger - Zalogowano/img_Iwona  Kowalska_sendButton' is clicked on

2021-12-19 14:07:37 - [TEST_STEP][PASSED] - setText(findTestObject("Page_PSTO webMessenger - Zalogowano/input_Iwona  Kowalska_messageInput"), "b"): Text 'b' is set on object 'Object Repository/Page_PSTO webMessenger - Zalogowano/input_Iwona  Kowalska_messageInput'

2021-12-19 14:07:38 - [MESSAGE][PASSED] - Text 'b' is set on object 'Object Repository/Page_PSTO webMessenger - Zalogowano/input_Iwona  Kowalska_messageInput'

2021-12-19 14:07:38 - [TEST_STEP][PASSED] - click(findTestObject("Page_PSTO webMessenger - Zalogowano/img_Iwona  Kowalska_sendButton")): Object: 'Object Repository/Page_PSTO webMessenger - Zalogowano/img_Iwona  Kowalska_sendButton' is clicked on

2021-12-19 14:07:38 - [MESSAGE][PASSED] - Object: 'Object Repository/Page_PSTO webMessenger - Zalogowano/img_Iwona  Kowalska_sendButton' is clicked on

2021-12-19 14:07:38 - [TEST_STEP][PASSED] - setText(findTestObject("Page_PSTO webMessenger - Zalogowano/input_Iwona  Kowalska_messageInput"), "b"): Text 'b' is set on object 'Object Repository/Page_PSTO webMessenger - Zalogowano/input_Iwona  Kowalska_messageInput'

2021-12-19 14:07:39 - [MESSAGE][PASSED] - Text 'b' is set on object 'Object Repository/Page_PSTO webMessenger - Zalogowano/input_Iwona  Kowalska_messageInput'

2021-12-19 14:07:39 - [TEST_STEP][PASSED] - click(findTestObject("Page_PSTO webMessenger - Zalogowano/img_Iwona  Kowalska_sendButton")): Object: 'Object Repository/Page_PSTO webMessenger - Zalogowano/img_Iwona  Kowalska_sendButton' is clicked on

2021-12-19 14:07:40 - [MESSAGE][PASSED] - Object: 'Object Repository/Page_PSTO webMessenger - Zalogowano/img_Iwona  Kowalska_sendButton' is clicked on

2021-12-19 14:07:40 - [TEST_STEP][PASSED] - setText(findTestObject("Page_PSTO webMessenger - Zalogowano/input_Iwona  Kowalska_messageInput"), "b"): Text 'b' is set on object 'Object Repository/Page_PSTO webMessenger - Zalogowano/input_Iwona  Kowalska_messageInput'

2021-12-19 14:07:40 - [MESSAGE][PASSED] - Text 'b' is set on object 'Object Repository/Page_PSTO webMessenger - Zalogowano/input_Iwona  Kowalska_messageInput'

2021-12-19 14:07:40 - [TEST_STEP][PASSED] - click(findTestObject("Page_PSTO webMessenger - Zalogowano/img_Iwona  Kowalska_sendButton")): Object: 'Object Repository/Page_PSTO webMessenger - Zalogowano/img_Iwona  Kowalska_sendButton' is clicked on

2021-12-19 14:07:41 - [MESSAGE][PASSED] - Object: 'Object Repository/Page_PSTO webMessenger - Zalogowano/img_Iwona  Kowalska_sendButton' is clicked on

2021-12-19 14:07:41 - [TEST_STEP][PASSED] - setText(findTestObject("Page_PSTO webMessenger - Zalogowano/input_Iwona  Kowalska_messageInput"), "b"): Text 'b' is set on object 'Object Repository/Page_PSTO webMessenger - Zalogowano/input_Iwona  Kowalska_messageInput'

2021-12-19 14:07:42 - [MESSAGE][PASSED] - Text 'b' is set on object 'Object Repository/Page_PSTO webMessenger - Zalogowano/input_Iwona  Kowalska_messageInput'

2021-12-19 14:07:42 - [TEST_STEP][PASSED] - click(findTestObject("Page_PSTO webMessenger - Zalogowano/img_Iwona  Kowalska_sendButton")): Object: 'Object Repository/Page_PSTO webMessenger - Zalogowano/img_Iwona  Kowalska_sendButton' is clicked on

2021-12-19 14:07:42 - [MESSAGE][PASSED] - Object: 'Object Repository/Page_PSTO webMessenger - Zalogowano/img_Iwona  Kowalska_sendButton' is clicked on

2021-12-19 14:07:42 - [TEST_STEP][PASSED] - setText(findTestObject("Page_PSTO webMessenger - Zalogowano/input_Iwona  Kowalska_messageInput"), "b"): Text 'b' is set on object 'Object Repository/Page_PSTO webMessenger - Zalogowano/input_Iwona  Kowalska_messageInput'

2021-12-19 14:07:43 - [MESSAGE][PASSED] - Text 'b' is set on object 'Object Repository/Page_PSTO webMessenger - Zalogowano/input_Iwona  Kowalska_messageInput'

2021-12-19 14:07:43 - [TEST_STEP][PASSED] - click(findTestObject("Page_PSTO webMessenger - Zalogowano/img_Iwona  Kowalska_sendButton")): Object: 'Object Repository/Page_PSTO webMessenger - Zalogowano/img_Iwona  Kowalska_sendButton' is clicked on

2021-12-19 14:07:43 - [MESSAGE][PASSED] - Object: 'Object Repository/Page_PSTO webMessenger - Zalogowano/img_Iwona  Kowalska_sendButton' is clicked on

2021-12-19 14:07:43 - [TEST_STEP][PASSED] - setText(findTestObject("Page_PSTO webMessenger - Zalogowano/input_Iwona  Kowalska_messageInput"), "b"): Text 'b' is set on object 'Object Repository/Page_PSTO webMessenger - Zalogowano/input_Iwona  Kowalska_messageInput'

2021-12-19 14:07:44 - [MESSAGE][PASSED] - Text 'b' is set on object 'Object Repository/Page_PSTO webMessenger - Zalogowano/input_Iwona  Kowalska_messageInput'

2021-12-19 14:07:44 - [TEST_STEP][PASSED] - click(findTestObject("Page_PSTO webMessenger - Zalogowano/img_Iwona  Kowalska_sendButton")): Object: 'Object Repository/Page_PSTO webMessenger - Zalogowano/img_Iwona  Kowalska_sendButton' is clicked on

2021-12-19 14:07:45 - [MESSAGE][PASSED] - Object: 'Object Repository/Page_PSTO webMessenger - Zalogowano/img_Iwona  Kowalska_sendButton' is clicked on

2021-12-19 14:07:45 - [TEST_STEP][PASSED] - setText(findTestObject("Page_PSTO webMessenger - Zalogowano/input_Iwona  Kowalska_messageInput"), "b"): Text 'b' is set on object 'Object Repository/Page_PSTO webMessenger - Zalogowano/input_Iwona  Kowalska_messageInput'

2021-12-19 14:07:45 - [MESSAGE][PASSED] - Text 'b' is set on object 'Object Repository/Page_PSTO webMessenger - Zalogowano/input_Iwona  Kowalska_messageInput'

2021-12-19 14:07:45 - [TEST_STEP][PASSED] - click(findTestObject("Page_PSTO webMessenger - Zalogowano/img_Iwona  Kowalska_sendButton")): Object: 'Object Repository/Page_PSTO webMessenger - Zalogowano/img_Iwona  Kowalska_sendButton' is clicked on

2021-12-19 14:07:46 - [MESSAGE][PASSED] - Object: 'Object Repository/Page_PSTO webMessenger - Zalogowano/img_Iwona  Kowalska_sendButton' is clicked on

2021-12-19 14:07:46 - [TEST_STEP][PASSED] - setText(findTestObject("Page_PSTO webMessenger - Zalogowano/input_Iwona  Kowalska_messageInput"), "b"): Text 'b' is set on object 'Object Repository/Page_PSTO webMessenger - Zalogowano/input_Iwona  Kowalska_messageInput'

2021-12-19 14:07:48 - [MESSAGE][PASSED] - Text 'b' is set on object 'Object Repository/Page_PSTO webMessenger - Zalogowano/input_Iwona  Kowalska_messageInput'

2021-12-19 14:07:48 - [TEST_STEP][PASSED] - click(findTestObject("Page_PSTO webMessenger - Zalogowano/img_Iwona  Kowalska_sendButton")): Object: 'Object Repository/Page_PSTO webMessenger - Zalogowano/img_Iwona  Kowalska_sendButton' is clicked on

2021-12-19 14:07:48 - [MESSAGE][PASSED] - Object: 'Object Repository/Page_PSTO webMessenger - Zalogowano/img_Iwona  Kowalska_sendButton' is clicked on

2021-12-19 14:07:48 - [TEST_STEP][PASSED] - setText(findTestObject("Page_PSTO webMessenger - Zalogowano/input_Iwona  Kowalska_messageInput"), "b"): Text 'b' is set on object 'Object Repository/Page_PSTO webMessenger - Zalogowano/input_Iwona  Kowalska_messageInput'

2021-12-19 14:07:49 - [MESSAGE][PASSED] - Text 'b' is set on object 'Object Repository/Page_PSTO webMessenger - Zalogowano/input_Iwona  Kowalska_messageInput'

2021-12-19 14:07:49 - [TEST_STEP][PASSED] - click(findTestObject("Page_PSTO webMessenger - Zalogowano/img_Iwona  Kowalska_sendButton")): Object: 'Object Repository/Page_PSTO webMessenger - Zalogowano/img_Iwona  Kowalska_sendButton' is clicked on

2021-12-19 14:07:49 - [MESSAGE][PASSED] - Object: 'Object Repository/Page_PSTO webMessenger - Zalogowano/img_Iwona  Kowalska_sendButton' is clicked on

2021-12-19 14:07:49 - [TEST_STEP][PASSED] - click(findTestObject("Object Repository/Page_PSTO webMessenger - Zalogowano/img_Zarejestruj konto_iconImg")): Object: 'Object Repository/Page_PSTO webMessenger - Zalogowano/img_Zarejestruj konto_iconImg' is clicked on

2021-12-19 14:07:50 - [MESSAGE][PASSED] - Object: 'Object Repository/Page_PSTO webMessenger - Zalogowano/img_Zarejestruj konto_iconImg' is clicked on

2021-12-19 14:07:50 - [TEST_STEP][PASSED] - closeBrowser(): Browser is closed

2021-12-19 14:07:51 - [MESSAGE][PASSED] - Browser is closed]]></system-out>
         <system-err><![CDATA[]]></system-err>
      </testcase>
      <testcase name="Test Cases/Historia rozm贸w/HR19" time="449.401" classname="Test Cases/Historia rozm贸w/HR19" status="PASSED">
         <system-out><![CDATA[2021-12-19 14:07:51 - [TEST_CASE][PASSED] - Test Cases/Historia rozm贸w/HR19: Test Cases/Historia rozm贸w/HR19

2021-12-19 14:07:52 - [TEST_STEP][PASSED] - openBrowser(""): Browser is opened with url: ''

2021-12-19 14:07:52 - [MESSAGE][INFO] - Starting 'Firefox' driver

2021-12-19 14:07:52 - [MESSAGE][INFO] - Action delay is set to 0 milliseconds

2021-12-19 14:07:57 - [MESSAGE][PASSED] - Browser is opened with url: ''

2021-12-19 14:07:57 - [TEST_STEP][PASSED] - navigateToUrl("http://kmg.hcm.pl/testowanie/index.html"): Navigate to 'http://kmg.hcm.pl/testowanie/index.html' successfully

2021-12-19 14:07:58 - [MESSAGE][PASSED] - Navigate to 'http://kmg.hcm.pl/testowanie/index.html' successfully

2021-12-19 14:07:58 - [TEST_STEP][PASSED] - setText(findTestObject("Object Repository/Page_PSTO webMessenger/input_Zarejestruj konto_userLogin"), "Tomasz Staszewski"): Text 'Tomasz Staszewski' is set on object 'Object Repository/Page_PSTO webMessenger/input_Zarejestruj konto_userLogin'

2021-12-19 14:07:59 - [MESSAGE][PASSED] - Text 'Tomasz Staszewski' is set on object 'Object Repository/Page_PSTO webMessenger/input_Zarejestruj konto_userLogin'

2021-12-19 14:07:59 - [TEST_STEP][PASSED] - setEncryptedText(findTestObject("Object Repository/Page_PSTO webMessenger/input_Zarejestruj konto_passwordLogin"), "wCo1vTKhcj4="): Text ****** has been set on object 'Object Repository/Page_PSTO webMessenger/input_Zarejestruj konto_passwordLogin'

2021-12-19 14:07:59 - [MESSAGE][PASSED] - Text ****** has been set on object 'Object Repository/Page_PSTO webMessenger/input_Zarejestruj konto_passwordLogin'

2021-12-19 14:07:59 - [TEST_STEP][PASSED] - click(findTestObject("Object Repository/Page_PSTO webMessenger/input_Zarejestruj konto_login")): Object: 'Object Repository/Page_PSTO webMessenger/input_Zarejestruj konto_login' is clicked on

2021-12-19 14:08:00 - [MESSAGE][PASSED] - Object: 'Object Repository/Page_PSTO webMessenger/input_Zarejestruj konto_login' is clicked on

2021-12-19 14:08:00 - [TEST_STEP][PASSED] - click(findTestObject("Page_PSTO webMessenger - Zalogowano/div_Magda Kowalska")): Object: 'Object Repository/Page_PSTO webMessenger - Zalogowano/div_Magda Kowalska' is clicked on

2021-12-19 14:08:01 - [MESSAGE][PASSED] - Object: 'Object Repository/Page_PSTO webMessenger - Zalogowano/div_Magda Kowalska' is clicked on

2021-12-19 14:08:01 - [TEST_STEP][PASSED] - for (def index : (1..300)): Object: 'Object Repository/Page_PSTO webMessenger - Zalogowano/img_Magda Kowalska_sendButton' is clicked on

2021-12-19 14:08:01 - [TEST_STEP][PASSED] - setText(findTestObject("Page_PSTO webMessenger - Zalogowano/input_Magda Kowalska_messageInput"), "c"): Text 'c' is set on object 'Object Repository/Page_PSTO webMessenger - Zalogowano/input_Magda Kowalska_messageInput'

2021-12-19 14:08:03 - [MESSAGE][PASSED] - Text 'c' is set on object 'Object Repository/Page_PSTO webMessenger - Zalogowano/input_Magda Kowalska_messageInput'

2021-12-19 14:08:03 - [TEST_STEP][PASSED] - click(findTestObject("Page_PSTO webMessenger - Zalogowano/img_Magda Kowalska_sendButton")): Object: 'Object Repository/Page_PSTO webMessenger - Zalogowano/img_Magda Kowalska_sendButton' is clicked on

2021-12-19 14:08:03 - [MESSAGE][PASSED] - Object: 'Object Repository/Page_PSTO webMessenger - Zalogowano/img_Magda Kowalska_sendButton' is clicked on

2021-12-19 14:08:03 - [TEST_STEP][PASSED] - setText(findTestObject("Page_PSTO webMessenger - Zalogowano/input_Magda Kowalska_messageInput"), "c"): Text 'c' is set on object 'Object Repository/Page_PSTO webMessenger - Zalogowano/input_Magda Kowalska_messageInput'

2021-12-19 14:08:04 - [MESSAGE][PASSED] - Text 'c' is set on object 'Object Repository/Page_PSTO webMessenger - Zalogowano/input_Magda Kowalska_messageInput'

2021-12-19 14:08:04 - [TEST_STEP][PASSED] - click(findTestObject("Page_PSTO webMessenger - Zalogowano/img_Magda Kowalska_sendButton")): Object: 'Object Repository/Page_PSTO webMessenger - Zalogowano/img_Magda Kowalska_sendButton' is clicked on

2021-12-19 14:08:05 - [MESSAGE][PASSED] - Object: 'Object Repository/Page_PSTO webMessenger - Zalogowano/img_Magda Kowalska_sendButton' is clicked on

2021-12-19 14:08:05 - [TEST_STEP][PASSED] - setText(findTestObject("Page_PSTO webMessenger - Zalogowano/input_Magda Kowalska_messageInput"), "c"): Text 'c' is set on object 'Object Repository/Page_PSTO webMessenger - Zalogowano/input_Magda Kowalska_messageInput'

2021-12-19 14:08:06 - [MESSAGE][PASSED] - Text 'c' is set on object 'Object Repository/Page_PSTO webMessenger - Zalogowano/input_Magda Kowalska_messageInput'

2021-12-19 14:08:06 - [TEST_STEP][PASSED] - click(findTestObject("Page_PSTO webMessenger - Zalogowano/img_Magda Kowalska_sendButton")): Object: 'Object Repository/Page_PSTO webMessenger - Zalogowano/img_Magda Kowalska_sendButton' is clicked on

2021-12-19 14:08:06 - [MESSAGE][PASSED] - Object: 'Object Repository/Page_PSTO webMessenger - Zalogowano/img_Magda Kowalska_sendButton' is clicked on

2021-12-19 14:08:06 - [TEST_STEP][PASSED] - setText(findTestObject("Page_PSTO webMessenger - Zalogowano/input_Magda Kowalska_messageInput"), "c"): Text 'c' is set on object 'Object Repository/Page_PSTO webMessenger - Zalogowano/input_Magda Kowalska_messageInput'

2021-12-19 14:08:07 - [MESSAGE][PASSED] - Text 'c' is set on object 'Object Repository/Page_PSTO webMessenger - Zalogowano/input_Magda Kowalska_messageInput'

2021-12-19 14:08:07 - [TEST_STEP][PASSED] - click(findTestObject("Page_PSTO webMessenger - Zalogowano/img_Magda Kowalska_sendButton")): Object: 'Object Repository/Page_PSTO webMessenger - Zalogowano/img_Magda Kowalska_sendButton' is clicked on

2021-12-19 14:08:08 - [MESSAGE][PASSED] - Object: 'Object Repository/Page_PSTO webMessenger - Zalogowano/img_Magda Kowalska_sendButton' is clicked on

2021-12-19 14:08:08 - [TEST_STEP][PASSED] - setText(findTestObject("Page_PSTO webMessenger - Zalogowano/input_Magda Kowalska_messageInput"), "c"): Text 'c' is set on object 'Object Repository/Page_PSTO webMessenger - Zalogowano/input_Magda Kowalska_messageInput'

2021-12-19 14:08:10 - [MESSAGE][PASSED] - Text 'c' is set on object 'Object Repository/Page_PSTO webMessenger - Zalogowano/input_Magda Kowalska_messageInput'

2021-12-19 14:08:10 - [TEST_STEP][PASSED] - click(findTestObject("Page_PSTO webMessenger - Zalogowano/img_Magda Kowalska_sendButton")): Object: 'Object Repository/Page_PSTO webMessenger - Zalogowano/img_Magda Kowalska_sendButton' is clicked on

2021-12-19 14:08:10 - [MESSAGE][PASSED] - Object: 'Object Repository/Page_PSTO webMessenger - Zalogowano/img_Magda Kowalska_sendButton' is clicked on

2021-12-19 14:08:10 - [TEST_STEP][PASSED] - setText(findTestObject("Page_PSTO webMessenger - Zalogowano/input_Magda Kowalska_messageInput"), "c"): Text 'c' is set on object 'Object Repository/Page_PSTO webMessenger - Zalogowano/input_Magda Kowalska_messageInput'

2021-12-19 14:08:11 - [MESSAGE][PASSED] - Text 'c' is set on object 'Object Repository/Page_PSTO webMessenger - Zalogowano/input_Magda Kowalska_messageInput'

2021-12-19 14:08:11 - [TEST_STEP][PASSED] - click(findTestObject("Page_PSTO webMessenger - Zalogowano/img_Magda Kowalska_sendButton")): Object: 'Object Repository/Page_PSTO webMessenger - Zalogowano/img_Magda Kowalska_sendButton' is clicked on

2021-12-19 14:08:11 - [MESSAGE][PASSED] - Object: 'Object Repository/Page_PSTO webMessenger - Zalogowano/img_Magda Kowalska_sendButton' is clicked on

2021-12-19 14:08:11 - [TEST_STEP][PASSED] - setText(findTestObject("Page_PSTO webMessenger - Zalogowano/input_Magda Kowalska_messageInput"), "c"): Text 'c' is set on object 'Object Repository/Page_PSTO webMessenger - Zalogowano/input_Magda Kowalska_messageInput'

2021-12-19 14:08:12 - [MESSAGE][PASSED] - Text 'c' is set on object 'Object Repository/Page_PSTO webMessenger - Zalogowano/input_Magda Kowalska_messageInput'

2021-12-19 14:08:12 - [TEST_STEP][PASSED] - click(findTestObject("Page_PSTO webMessenger - Zalogowano/img_Magda Kowalska_sendButton")): Object: 'Object Repository/Page_PSTO webMessenger - Zalogowano/img_Magda Kowalska_sendButton' is clicked on

2021-12-19 14:08:13 - [MESSAGE][PASSED] - Object: 'Object Repository/Page_PSTO webMessenger - Zalogowano/img_Magda Kowalska_sendButton' is clicked on

2021-12-19 14:08:13 - [TEST_STEP][PASSED] - setText(findTestObject("Page_PSTO webMessenger - Zalogowano/input_Magda Kowalska_messageInput"), "c"): Text 'c' is set on object 'Object Repository/Page_PSTO webMessenger - Zalogowano/input_Magda Kowalska_messageInput'

2021-12-19 14:08:15 - [MESSAGE][PASSED] - Text 'c' is set on object 'Object Repository/Page_PSTO webMessenger - Zalogowano/input_Magda Kowalska_messageInput'

2021-12-19 14:08:15 - [TEST_STEP][PASSED] - click(findTestObject("Page_PSTO webMessenger - Zalogowano/img_Magda Kowalska_sendButton")): Object: 'Object Repository/Page_PSTO webMessenger - Zalogowano/img_Magda Kowalska_sendButton' is clicked on

2021-12-19 14:08:15 - [MESSAGE][PASSED] - Object: 'Object Repository/Page_PSTO webMessenger - Zalogowano/img_Magda Kowalska_sendButton' is clicked on

2021-12-19 14:08:15 - [TEST_STEP][PASSED] - setText(findTestObject("Page_PSTO webMessenger - Zalogowano/input_Magda Kowalska_messageInput"), "c"): Text 'c' is set on object 'Object Repository/Page_PSTO webMessenger - Zalogowano/input_Magda Kowalska_messageInput'

2021-12-19 14:08:16 - [MESSAGE][PASSED] - Text 'c' is set on object 'Object Repository/Page_PSTO webMessenger - Zalogowano/input_Magda Kowalska_messageInput'

2021-12-19 14:08:16 - [TEST_STEP][PASSED] - click(findTestObject("Page_PSTO webMessenger - Zalogowano/img_Magda Kowalska_sendButton")): Object: 'Object Repository/Page_PSTO webMessenger - Zalogowano/img_Magda Kowalska_sendButton' is clicked on

2021-12-19 14:08:17 - [MESSAGE][PASSED] - Object: 'Object Repository/Page_PSTO webMessenger - Zalogowano/img_Magda Kowalska_sendButton' is clicked on

2021-12-19 14:08:17 - [TEST_STEP][PASSED] - setText(findTestObject("Page_PSTO webMessenger - Zalogowano/input_Magda Kowalska_messageInput"), "c"): Text 'c' is set on object 'Object Repository/Page_PSTO webMessenger - Zalogowano/input_Magda Kowalska_messageInput'

2021-12-19 14:08:17 - [MESSAGE][PASSED] - Text 'c' is set on object 'Object Repository/Page_PSTO webMessenger - Zalogowano/input_Magda Kowalska_messageInput'

2021-12-19 14:08:17 - [TEST_STEP][PASSED] - click(findTestObject("Page_PSTO webMessenger - Zalogowano/img_Magda Kowalska_sendButton")): Object: 'Object Repository/Page_PSTO webMessenger - Zalogowano/img_Magda Kowalska_sendButton' is clicked on

2021-12-19 14:08:18 - [MESSAGE][PASSED] - Object: 'Object Repository/Page_PSTO webMessenger - Zalogowano/img_Magda Kowalska_sendButton' is clicked on

2021-12-19 14:08:18 - [TEST_STEP][PASSED] - setText(findTestObject("Page_PSTO webMessenger - Zalogowano/input_Magda Kowalska_messageInput"), "c"): Text 'c' is set on object 'Object Repository/Page_PSTO webMessenger - Zalogowano/input_Magda Kowalska_messageInput'

2021-12-19 14:08:19 - [MESSAGE][PASSED] - Text 'c' is set on object 'Object Repository/Page_PSTO webMessenger - Zalogowano/input_Magda Kowalska_messageInput'

2021-12-19 14:08:19 - [TEST_STEP][PASSED] - click(findTestObject("Page_PSTO webMessenger - Zalogowano/img_Magda Kowalska_sendButton")): Object: 'Object Repository/Page_PSTO webMessenger - Zalogowano/img_Magda Kowalska_sendButton' is clicked on

2021-12-19 14:08:20 - [MESSAGE][PASSED] - Object: 'Object Repository/Page_PSTO webMessenger - Zalogowano/img_Magda Kowalska_sendButton' is clicked on

2021-12-19 14:08:20 - [TEST_STEP][PASSED] - setText(findTestObject("Page_PSTO webMessenger - Zalogowano/input_Magda Kowalska_messageInput"), "c"): Text 'c' is set on object 'Object Repository/Page_PSTO webMessenger - Zalogowano/input_Magda Kowalska_messageInput'

2021-12-19 14:08:21 - [MESSAGE][PASSED] - Text 'c' is set on object 'Object Repository/Page_PSTO webMessenger - Zalogowano/input_Magda Kowalska_messageInput'

2021-12-19 14:08:21 - [TEST_STEP][PASSED] - click(findTestObject("Page_PSTO webMessenger - Zalogowano/img_Magda Kowalska_sendButton")): Object: 'Object Repository/Page_PSTO webMessenger - Zalogowano/img_Magda Kowalska_sendButton' is clicked on

2021-12-19 14:08:21 - [MESSAGE][PASSED] - Object: 'Object Repository/Page_PSTO webMessenger - Zalogowano/img_Magda Kowalska_sendButton' is clicked on

2021-12-19 14:08:21 - [TEST_STEP][PASSED] - setText(findTestObject("Page_PSTO webMessenger - Zalogowano/input_Magda Kowalska_messageInput"), "c"): Text 'c' is set on object 'Object Repository/Page_PSTO webMessenger - Zalogowano/input_Magda Kowalska_messageInput'

2021-12-19 14:08:22 - [MESSAGE][PASSED] - Text 'c' is set on object 'Object Repository/Page_PSTO webMessenger - Zalogowano/input_Magda Kowalska_messageInput'

2021-12-19 14:08:22 - [TEST_STEP][PASSED] - click(findTestObject("Page_PSTO webMessenger - Zalogowano/img_Magda Kowalska_sendButton")): Object: 'Object Repository/Page_PSTO webMessenger - Zalogowano/img_Magda Kowalska_sendButton' is clicked on

2021-12-19 14:08:23 - [MESSAGE][PASSED] - Object: 'Object Repository/Page_PSTO webMessenger - Zalogowano/img_Magda Kowalska_sendButton' is clicked on

2021-12-19 14:08:23 - [TEST_STEP][PASSED] - setText(findTestObject("Page_PSTO webMessenger - Zalogowano/input_Magda Kowalska_messageInput"), "c"): Text 'c' is set on object 'Object Repository/Page_PSTO webMessenger - Zalogowano/input_Magda Kowalska_messageInput'

2021-12-19 14:08:25 - [MESSAGE][PASSED] - Text 'c' is set on object 'Object Repository/Page_PSTO webMessenger - Zalogowano/input_Magda Kowalska_messageInput'

2021-12-19 14:08:25 - [TEST_STEP][PASSED] - click(findTestObject("Page_PSTO webMessenger - Zalogowano/img_Magda Kowalska_sendButton")): Object: 'Object Repository/Page_PSTO webMessenger - Zalogowano/img_Magda Kowalska_sendButton' is clicked on

2021-12-19 14:08:25 - [MESSAGE][PASSED] - Object: 'Object Repository/Page_PSTO webMessenger - Zalogowano/img_Magda Kowalska_sendButton' is clicked on

2021-12-19 14:08:25 - [TEST_STEP][PASSED] - setText(findTestObject("Page_PSTO webMessenger - Zalogowano/input_Magda Kowalska_messageInput"), "c"): Text 'c' is set on object 'Object Repository/Page_PSTO webMessenger - Zalogowano/input_Magda Kowalska_messageInput'

2021-12-19 14:08:26 - [MESSAGE][PASSED] - Text 'c' is set on object 'Object Repository/Page_PSTO webMessenger - Zalogowano/input_Magda Kowalska_messageInput'

2021-12-19 14:08:26 - [TEST_STEP][PASSED] - click(findTestObject("Page_PSTO webMessenger - Zalogowano/img_Magda Kowalska_sendButton")): Object: 'Object Repository/Page_PSTO webMessenger - Zalogowano/img_Magda Kowalska_sendButton' is clicked on

2021-12-19 14:08:26 - [MESSAGE][PASSED] - Object: 'Object Repository/Page_PSTO webMessenger - Zalogowano/img_Magda Kowalska_sendButton' is clicked on

2021-12-19 14:08:26 - [TEST_STEP][PASSED] - setText(findTestObject("Page_PSTO webMessenger - Zalogowano/input_Magda Kowalska_messageInput"), "c"): Text 'c' is set on object 'Object Repository/Page_PSTO webMessenger - Zalogowano/input_Magda Kowalska_messageInput'

2021-12-19 14:08:27 - [MESSAGE][PASSED] - Text 'c' is set on object 'Object Repository/Page_PSTO webMessenger - Zalogowano/input_Magda Kowalska_messageInput'

2021-12-19 14:08:27 - [TEST_STEP][PASSED] - click(findTestObject("Page_PSTO webMessenger - Zalogowano/img_Magda Kowalska_sendButton")): Object: 'Object Repository/Page_PSTO webMessenger - Zalogowano/img_Magda Kowalska_sendButton' is clicked on

2021-12-19 14:08:28 - [MESSAGE][PASSED] - Object: 'Object Repository/Page_PSTO webMessenger - Zalogowano/img_Magda Kowalska_sendButton' is clicked on

2021-12-19 14:08:28 - [TEST_STEP][PASSED] - setText(findTestObject("Page_PSTO webMessenger - Zalogowano/input_Magda Kowalska_messageInput"), "c"): Text 'c' is set on object 'Object Repository/Page_PSTO webMessenger - Zalogowano/input_Magda Kowalska_messageInput'

2021-12-19 14:08:30 - [MESSAGE][PASSED] - Text 'c' is set on object 'Object Repository/Page_PSTO webMessenger - Zalogowano/input_Magda Kowalska_messageInput'

2021-12-19 14:08:30 - [TEST_STEP][PASSED] - click(findTestObject("Page_PSTO webMessenger - Zalogowano/img_Magda Kowalska_sendButton")): Object: 'Object Repository/Page_PSTO webMessenger - Zalogowano/img_Magda Kowalska_sendButton' is clicked on

2021-12-19 14:08:30 - [MESSAGE][PASSED] - Object: 'Object Repository/Page_PSTO webMessenger - Zalogowano/img_Magda Kowalska_sendButton' is clicked on

2021-12-19 14:08:30 - [TEST_STEP][PASSED] - setText(findTestObject("Page_PSTO webMessenger - Zalogowano/input_Magda Kowalska_messageInput"), "c"): Text 'c' is set on object 'Object Repository/Page_PSTO webMessenger - Zalogowano/input_Magda Kowalska_messageInput'

2021-12-19 14:08:31 - [MESSAGE][PASSED] - Text 'c' is set on object 'Object Repository/Page_PSTO webMessenger - Zalogowano/input_Magda Kowalska_messageInput'

2021-12-19 14:08:31 - [TEST_STEP][PASSED] - click(findTestObject("Page_PSTO webMessenger - Zalogowano/img_Magda Kowalska_sendButton")): Object: 'Object Repository/Page_PSTO webMessenger - Zalogowano/img_Magda Kowalska_sendButton' is clicked on

2021-12-19 14:08:32 - [MESSAGE][PASSED] - Object: 'Object Repository/Page_PSTO webMessenger - Zalogowano/img_Magda Kowalska_sendButton' is clicked on

2021-12-19 14:08:32 - [TEST_STEP][PASSED] - setText(findTestObject("Page_PSTO webMessenger - Zalogowano/input_Magda Kowalska_messageInput"), "c"): Text 'c' is set on object 'Object Repository/Page_PSTO webMessenger - Zalogowano/input_Magda Kowalska_messageInput'

2021-12-19 14:08:32 - [MESSAGE][PASSED] - Text 'c' is set on object 'Object Repository/Page_PSTO webMessenger - Zalogowano/input_Magda Kowalska_messageInput'

2021-12-19 14:08:32 - [TEST_STEP][PASSED] - click(findTestObject("Page_PSTO webMessenger - Zalogowano/img_Magda Kowalska_sendButton")): Object: 'Object Repository/Page_PSTO webMessenger - Zalogowano/img_Magda Kowalska_sendButton' is clicked on

2021-12-19 14:08:33 - [MESSAGE][PASSED] - Object: 'Object Repository/Page_PSTO webMessenger - Zalogowano/img_Magda Kowalska_sendButton' is clicked on

2021-12-19 14:08:33 - [TEST_STEP][PASSED] - setText(findTestObject("Page_PSTO webMessenger - Zalogowano/input_Magda Kowalska_messageInput"), "c"): Text 'c' is set on object 'Object Repository/Page_PSTO webMessenger - Zalogowano/input_Magda Kowalska_messageInput'

2021-12-19 14:08:35 - [MESSAGE][PASSED] - Text 'c' is set on object 'Object Repository/Page_PSTO webMessenger - Zalogowano/input_Magda Kowalska_messageInput'

2021-12-19 14:08:35 - [TEST_STEP][PASSED] - click(findTestObject("Page_PSTO webMessenger - Zalogowano/img_Magda Kowalska_sendButton")): Object: 'Object Repository/Page_PSTO webMessenger - Zalogowano/img_Magda Kowalska_sendButton' is clicked on

2021-12-19 14:08:35 - [MESSAGE][PASSED] - Object: 'Object Repository/Page_PSTO webMessenger - Zalogowano/img_Magda Kowalska_sendButton' is clicked on

2021-12-19 14:08:35 - [TEST_STEP][PASSED] - setText(findTestObject("Page_PSTO webMessenger - Zalogowano/input_Magda Kowalska_messageInput"), "c"): Text 'c' is set on object 'Object Repository/Page_PSTO webMessenger - Zalogowano/input_Magda Kowalska_messageInput'

2021-12-19 14:08:36 - [MESSAGE][PASSED] - Text 'c' is set on object 'Object Repository/Page_PSTO webMessenger - Zalogowano/input_Magda Kowalska_messageInput'

2021-12-19 14:08:36 - [TEST_STEP][PASSED] - click(findTestObject("Page_PSTO webMessenger - Zalogowano/img_Magda Kowalska_sendButton")): Object: 'Object Repository/Page_PSTO webMessenger - Zalogowano/img_Magda Kowalska_sendButton' is clicked on

2021-12-19 14:08:37 - [MESSAGE][PASSED] - Object: 'Object Repository/Page_PSTO webMessenger - Zalogowano/img_Magda Kowalska_sendButton' is clicked on

2021-12-19 14:08:37 - [TEST_STEP][PASSED] - setText(findTestObject("Page_PSTO webMessenger - Zalogowano/input_Magda Kowalska_messageInput"), "c"): Text 'c' is set on object 'Object Repository/Page_PSTO webMessenger - Zalogowano/input_Magda Kowalska_messageInput'

2021-12-19 14:08:37 - [MESSAGE][PASSED] - Text 'c' is set on object 'Object Repository/Page_PSTO webMessenger - Zalogowano/input_Magda Kowalska_messageInput'

2021-12-19 14:08:37 - [TEST_STEP][PASSED] - click(findTestObject("Page_PSTO webMessenger - Zalogowano/img_Magda Kowalska_sendButton")): Object: 'Object Repository/Page_PSTO webMessenger - Zalogowano/img_Magda Kowalska_sendButton' is clicked on

2021-12-19 14:08:38 - [MESSAGE][PASSED] - Object: 'Object Repository/Page_PSTO webMessenger - Zalogowano/img_Magda Kowalska_sendButton' is clicked on

2021-12-19 14:08:38 - [TEST_STEP][PASSED] - setText(findTestObject("Page_PSTO webMessenger - Zalogowano/input_Magda Kowalska_messageInput"), "c"): Text 'c' is set on object 'Object Repository/Page_PSTO webMessenger - Zalogowano/input_Magda Kowalska_messageInput'

2021-12-19 14:08:39 - [MESSAGE][PASSED] - Text 'c' is set on object 'Object Repository/Page_PSTO webMessenger - Zalogowano/input_Magda Kowalska_messageInput'

2021-12-19 14:08:39 - [TEST_STEP][PASSED] - click(findTestObject("Page_PSTO webMessenger - Zalogowano/img_Magda Kowalska_sendButton")): Object: 'Object Repository/Page_PSTO webMessenger - Zalogowano/img_Magda Kowalska_sendButton' is clicked on

2021-12-19 14:08:39 - [MESSAGE][PASSED] - Object: 'Object Repository/Page_PSTO webMessenger - Zalogowano/img_Magda Kowalska_sendButton' is clicked on

2021-12-19 14:08:39 - [TEST_STEP][PASSED] - setText(findTestObject("Page_PSTO webMessenger - Zalogowano/input_Magda Kowalska_messageInput"), "c"): Text 'c' is set on object 'Object Repository/Page_PSTO webMessenger - Zalogowano/input_Magda Kowalska_messageInput'

2021-12-19 14:08:40 - [MESSAGE][PASSED] - Text 'c' is set on object 'Object Repository/Page_PSTO webMessenger - Zalogowano/input_Magda Kowalska_messageInput'

2021-12-19 14:08:40 - [TEST_STEP][PASSED] - click(findTestObject("Page_PSTO webMessenger - Zalogowano/img_Magda Kowalska_sendButton")): Object: 'Object Repository/Page_PSTO webMessenger - Zalogowano/img_Magda Kowalska_sendButton' is clicked on

2021-12-19 14:08:41 - [MESSAGE][PASSED] - Object: 'Object Repository/Page_PSTO webMessenger - Zalogowano/img_Magda Kowalska_sendButton' is clicked on

2021-12-19 14:08:41 - [TEST_STEP][PASSED] - setText(findTestObject("Page_PSTO webMessenger - Zalogowano/input_Magda Kowalska_messageInput"), "c"): Text 'c' is set on object 'Object Repository/Page_PSTO webMessenger - Zalogowano/input_Magda Kowalska_messageInput'

2021-12-19 14:08:41 - [MESSAGE][PASSED] - Text 'c' is set on object 'Object Repository/Page_PSTO webMessenger - Zalogowano/input_Magda Kowalska_messageInput'

2021-12-19 14:08:41 - [TEST_STEP][PASSED] - click(findTestObject("Page_PSTO webMessenger - Zalogowano/img_Magda Kowalska_sendButton")): Object: 'Object Repository/Page_PSTO webMessenger - Zalogowano/img_Magda Kowalska_sendButton' is clicked on

2021-12-19 14:08:42 - [MESSAGE][PASSED] - Object: 'Object Repository/Page_PSTO webMessenger - Zalogowano/img_Magda Kowalska_sendButton' is clicked on

2021-12-19 14:08:42 - [TEST_STEP][PASSED] - setText(findTestObject("Page_PSTO webMessenger - Zalogowano/input_Magda Kowalska_messageInput"), "c"): Text 'c' is set on object 'Object Repository/Page_PSTO webMessenger - Zalogowano/input_Magda Kowalska_messageInput'

2021-12-19 14:08:43 - [MESSAGE][PASSED] - Text 'c' is set on object 'Object Repository/Page_PSTO webMessenger - Zalogowano/input_Magda Kowalska_messageInput'

2021-12-19 14:08:43 - [TEST_STEP][PASSED] - click(findTestObject("Page_PSTO webMessenger - Zalogowano/img_Magda Kowalska_sendButton")): Object: 'Object Repository/Page_PSTO webMessenger - Zalogowano/img_Magda Kowalska_sendButton' is clicked on

2021-12-19 14:08:44 - [MESSAGE][PASSED] - Object: 'Object Repository/Page_PSTO webMessenger - Zalogowano/img_Magda Kowalska_sendButton' is clicked on

2021-12-19 14:08:44 - [TEST_STEP][PASSED] - setText(findTestObject("Page_PSTO webMessenger - Zalogowano/input_Magda Kowalska_messageInput"), "c"): Text 'c' is set on object 'Object Repository/Page_PSTO webMessenger - Zalogowano/input_Magda Kowalska_messageInput'

2021-12-19 14:08:44 - [MESSAGE][PASSED] - Text 'c' is set on object 'Object Repository/Page_PSTO webMessenger - Zalogowano/input_Magda Kowalska_messageInput'

2021-12-19 14:08:44 - [TEST_STEP][PASSED] - click(findTestObject("Page_PSTO webMessenger - Zalogowano/img_Magda Kowalska_sendButton")): Object: 'Object Repository/Page_PSTO webMessenger - Zalogowano/img_Magda Kowalska_sendButton' is clicked on

2021-12-19 14:08:45 - [MESSAGE][PASSED] - Object: 'Object Repository/Page_PSTO webMessenger - Zalogowano/img_Magda Kowalska_sendButton' is clicked on

2021-12-19 14:08:45 - [TEST_STEP][PASSED] - setText(findTestObject("Page_PSTO webMessenger - Zalogowano/input_Magda Kowalska_messageInput"), "c"): Text 'c' is set on object 'Object Repository/Page_PSTO webMessenger - Zalogowano/input_Magda Kowalska_messageInput'

2021-12-19 14:08:46 - [MESSAGE][PASSED] - Text 'c' is set on object 'Object Repository/Page_PSTO webMessenger - Zalogowano/input_Magda Kowalska_messageInput'

2021-12-19 14:08:46 - [TEST_STEP][PASSED] - click(findTestObject("Page_PSTO webMessenger - Zalogowano/img_Magda Kowalska_sendButton")): Object: 'Object Repository/Page_PSTO webMessenger - Zalogowano/img_Magda Kowalska_sendButton' is clicked on

2021-12-19 14:08:46 - [MESSAGE][PASSED] - Object: 'Object Repository/Page_PSTO webMessenger - Zalogowano/img_Magda Kowalska_sendButton' is clicked on

2021-12-19 14:08:46 - [TEST_STEP][PASSED] - setText(findTestObject("Page_PSTO webMessenger - Zalogowano/input_Magda Kowalska_messageInput"), "c"): Text 'c' is set on object 'Object Repository/Page_PSTO webMessenger - Zalogowano/input_Magda Kowalska_messageInput'

2021-12-19 14:08:47 - [MESSAGE][PASSED] - Text 'c' is set on object 'Object Repository/Page_PSTO webMessenger - Zalogowano/input_Magda Kowalska_messageInput'

2021-12-19 14:08:47 - [TEST_STEP][PASSED] - click(findTestObject("Page_PSTO webMessenger - Zalogowano/img_Magda Kowalska_sendButton")): Object: 'Object Repository/Page_PSTO webMessenger - Zalogowano/img_Magda Kowalska_sendButton' is clicked on

2021-12-19 14:08:48 - [MESSAGE][PASSED] - Object: 'Object Repository/Page_PSTO webMessenger - Zalogowano/img_Magda Kowalska_sendButton' is clicked on

2021-12-19 14:08:48 - [TEST_STEP][PASSED] - setText(findTestObject("Page_PSTO webMessenger - Zalogowano/input_Magda Kowalska_messageInput"), "c"): Text 'c' is set on object 'Object Repository/Page_PSTO webMessenger - Zalogowano/input_Magda Kowalska_messageInput'

2021-12-19 14:08:49 - [MESSAGE][PASSED] - Text 'c' is set on object 'Object Repository/Page_PSTO webMessenger - Zalogowano/input_Magda Kowalska_messageInput'

2021-12-19 14:08:49 - [TEST_STEP][PASSED] - click(findTestObject("Page_PSTO webMessenger - Zalogowano/img_Magda Kowalska_sendButton")): Object: 'Object Repository/Page_PSTO webMessenger - Zalogowano/img_Magda Kowalska_sendButton' is clicked on

2021-12-19 14:08:49 - [MESSAGE][PASSED] - Object: 'Object Repository/Page_PSTO webMessenger - Zalogowano/img_Magda Kowalska_sendButton' is clicked on

2021-12-19 14:08:49 - [TEST_STEP][PASSED] - setText(findTestObject("Page_PSTO webMessenger - Zalogowano/input_Magda Kowalska_messageInput"), "c"): Text 'c' is set on object 'Object Repository/Page_PSTO webMessenger - Zalogowano/input_Magda Kowalska_messageInput'

2021-12-19 14:08:50 - [MESSAGE][PASSED] - Text 'c' is set on object 'Object Repository/Page_PSTO webMessenger - Zalogowano/input_Magda Kowalska_messageInput'

2021-12-19 14:08:50 - [TEST_STEP][PASSED] - click(findTestObject("Page_PSTO webMessenger - Zalogowano/img_Magda Kowalska_sendButton")): Object: 'Object Repository/Page_PSTO webMessenger - Zalogowano/img_Magda Kowalska_sendButton' is clicked on

2021-12-19 14:08:51 - [MESSAGE][PASSED] - Object: 'Object Repository/Page_PSTO webMessenger - Zalogowano/img_Magda Kowalska_sendButton' is clicked on

2021-12-19 14:08:51 - [TEST_STEP][PASSED] - setText(findTestObject("Page_PSTO webMessenger - Zalogowano/input_Magda Kowalska_messageInput"), "c"): Text 'c' is set on object 'Object Repository/Page_PSTO webMessenger - Zalogowano/input_Magda Kowalska_messageInput'

2021-12-19 14:08:51 - [MESSAGE][PASSED] - Text 'c' is set on object 'Object Repository/Page_PSTO webMessenger - Zalogowano/input_Magda Kowalska_messageInput'

2021-12-19 14:08:51 - [TEST_STEP][PASSED] - click(findTestObject("Page_PSTO webMessenger - Zalogowano/img_Magda Kowalska_sendButton")): Object: 'Object Repository/Page_PSTO webMessenger - Zalogowano/img_Magda Kowalska_sendButton' is clicked on

2021-12-19 14:08:52 - [MESSAGE][PASSED] - Object: 'Object Repository/Page_PSTO webMessenger - Zalogowano/img_Magda Kowalska_sendButton' is clicked on

2021-12-19 14:08:52 - [TEST_STEP][PASSED] - setText(findTestObject("Page_PSTO webMessenger - Zalogowano/input_Magda Kowalska_messageInput"), "c"): Text 'c' is set on object 'Object Repository/Page_PSTO webMessenger - Zalogowano/input_Magda Kowalska_messageInput'

2021-12-19 14:08:53 - [MESSAGE][PASSED] - Text 'c' is set on object 'Object Repository/Page_PSTO webMessenger - Zalogowano/input_Magda Kowalska_messageInput'

2021-12-19 14:08:53 - [TEST_STEP][PASSED] - click(findTestObject("Page_PSTO webMessenger - Zalogowano/img_Magda Kowalska_sendButton")): Object: 'Object Repository/Page_PSTO webMessenger - Zalogowano/img_Magda Kowalska_sendButton' is clicked on

2021-12-19 14:08:54 - [MESSAGE][PASSED] - Object: 'Object Repository/Page_PSTO webMessenger - Zalogowano/img_Magda Kowalska_sendButton' is clicked on

2021-12-19 14:08:54 - [TEST_STEP][PASSED] - setText(findTestObject("Page_PSTO webMessenger - Zalogowano/input_Magda Kowalska_messageInput"), "c"): Text 'c' is set on object 'Object Repository/Page_PSTO webMessenger - Zalogowano/input_Magda Kowalska_messageInput'

2021-12-19 14:08:55 - [MESSAGE][PASSED] - Text 'c' is set on object 'Object Repository/Page_PSTO webMessenger - Zalogowano/input_Magda Kowalska_messageInput'

2021-12-19 14:08:55 - [TEST_STEP][PASSED] - click(findTestObject("Page_PSTO webMessenger - Zalogowano/img_Magda Kowalska_sendButton")): Object: 'Object Repository/Page_PSTO webMessenger - Zalogowano/img_Magda Kowalska_sendButton' is clicked on

2021-12-19 14:08:55 - [MESSAGE][PASSED] - Object: 'Object Repository/Page_PSTO webMessenger - Zalogowano/img_Magda Kowalska_sendButton' is clicked on

2021-12-19 14:08:55 - [TEST_STEP][PASSED] - setText(findTestObject("Page_PSTO webMessenger - Zalogowano/input_Magda Kowalska_messageInput"), "c"): Text 'c' is set on object 'Object Repository/Page_PSTO webMessenger - Zalogowano/input_Magda Kowalska_messageInput'

2021-12-19 14:08:56 - [MESSAGE][PASSED] - Text 'c' is set on object 'Object Repository/Page_PSTO webMessenger - Zalogowano/input_Magda Kowalska_messageInput'

2021-12-19 14:08:56 - [TEST_STEP][PASSED] - click(findTestObject("Page_PSTO webMessenger - Zalogowano/img_Magda Kowalska_sendButton")): Object: 'Object Repository/Page_PSTO webMessenger - Zalogowano/img_Magda Kowalska_sendButton' is clicked on

2021-12-19 14:08:57 - [MESSAGE][PASSED] - Object: 'Object Repository/Page_PSTO webMessenger - Zalogowano/img_Magda Kowalska_sendButton' is clicked on

2021-12-19 14:08:57 - [TEST_STEP][PASSED] - setText(findTestObject("Page_PSTO webMessenger - Zalogowano/input_Magda Kowalska_messageInput"), "c"): Text 'c' is set on object 'Object Repository/Page_PSTO webMessenger - Zalogowano/input_Magda Kowalska_messageInput'

2021-12-19 14:08:57 - [MESSAGE][PASSED] - Text 'c' is set on object 'Object Repository/Page_PSTO webMessenger - Zalogowano/input_Magda Kowalska_messageInput'

2021-12-19 14:08:57 - [TEST_STEP][PASSED] - click(findTestObject("Page_PSTO webMessenger - Zalogowano/img_Magda Kowalska_sendButton")): Object: 'Object Repository/Page_PSTO webMessenger - Zalogowano/img_Magda Kowalska_sendButton' is clicked on

2021-12-19 14:08:58 - [MESSAGE][PASSED] - Object: 'Object Repository/Page_PSTO webMessenger - Zalogowano/img_Magda Kowalska_sendButton' is clicked on

2021-12-19 14:08:58 - [TEST_STEP][PASSED] - setText(findTestObject("Page_PSTO webMessenger - Zalogowano/input_Magda Kowalska_messageInput"), "c"): Text 'c' is set on object 'Object Repository/Page_PSTO webMessenger - Zalogowano/input_Magda Kowalska_messageInput'

2021-12-19 14:08:59 - [MESSAGE][PASSED] - Text 'c' is set on object 'Object Repository/Page_PSTO webMessenger - Zalogowano/input_Magda Kowalska_messageInput'

2021-12-19 14:08:59 - [TEST_STEP][PASSED] - click(findTestObject("Page_PSTO webMessenger - Zalogowano/img_Magda Kowalska_sendButton")): Object: 'Object Repository/Page_PSTO webMessenger - Zalogowano/img_Magda Kowalska_sendButton' is clicked on

2021-12-19 14:08:59 - [MESSAGE][PASSED] - Object: 'Object Repository/Page_PSTO webMessenger - Zalogowano/img_Magda Kowalska_sendButton' is clicked on

2021-12-19 14:08:59 - [TEST_STEP][PASSED] - setText(findTestObject("Page_PSTO webMessenger - Zalogowano/input_Magda Kowalska_messageInput"), "c"): Text 'c' is set on object 'Object Repository/Page_PSTO webMessenger - Zalogowano/input_Magda Kowalska_messageInput'

2021-12-19 14:09:00 - [MESSAGE][PASSED] - Text 'c' is set on object 'Object Repository/Page_PSTO webMessenger - Zalogowano/input_Magda Kowalska_messageInput'

2021-12-19 14:09:00 - [TEST_STEP][PASSED] - click(findTestObject("Page_PSTO webMessenger - Zalogowano/img_Magda Kowalska_sendButton")): Object: 'Object Repository/Page_PSTO webMessenger - Zalogowano/img_Magda Kowalska_sendButton' is clicked on

2021-12-19 14:09:01 - [MESSAGE][PASSED] - Object: 'Object Repository/Page_PSTO webMessenger - Zalogowano/img_Magda Kowalska_sendButton' is clicked on

2021-12-19 14:09:01 - [TEST_STEP][PASSED] - setText(findTestObject("Page_PSTO webMessenger - Zalogowano/input_Magda Kowalska_messageInput"), "c"): Text 'c' is set on object 'Object Repository/Page_PSTO webMessenger - Zalogowano/input_Magda Kowalska_messageInput'

2021-12-19 14:09:01 - [MESSAGE][PASSED] - Text 'c' is set on object 'Object Repository/Page_PSTO webMessenger - Zalogowano/input_Magda Kowalska_messageInput'

2021-12-19 14:09:01 - [TEST_STEP][PASSED] - click(findTestObject("Page_PSTO webMessenger - Zalogowano/img_Magda Kowalska_sendButton")): Object: 'Object Repository/Page_PSTO webMessenger - Zalogowano/img_Magda Kowalska_sendButton' is clicked on

2021-12-19 14:09:02 - [MESSAGE][PASSED] - Object: 'Object Repository/Page_PSTO webMessenger - Zalogowano/img_Magda Kowalska_sendButton' is clicked on

2021-12-19 14:09:02 - [TEST_STEP][PASSED] - setText(findTestObject("Page_PSTO webMessenger - Zalogowano/input_Magda Kowalska_messageInput"), "c"): Text 'c' is set on object 'Object Repository/Page_PSTO webMessenger - Zalogowano/input_Magda Kowalska_messageInput'

2021-12-19 14:09:03 - [MESSAGE][PASSED] - Text 'c' is set on object 'Object Repository/Page_PSTO webMessenger - Zalogowano/input_Magda Kowalska_messageInput'

2021-12-19 14:09:03 - [TEST_STEP][PASSED] - click(findTestObject("Page_PSTO webMessenger - Zalogowano/img_Magda Kowalska_sendButton")): Object: 'Object Repository/Page_PSTO webMessenger - Zalogowano/img_Magda Kowalska_sendButton' is clicked on

2021-12-19 14:09:04 - [MESSAGE][PASSED] - Object: 'Object Repository/Page_PSTO webMessenger - Zalogowano/img_Magda Kowalska_sendButton' is clicked on

2021-12-19 14:09:04 - [TEST_STEP][PASSED] - setText(findTestObject("Page_PSTO webMessenger - Zalogowano/input_Magda Kowalska_messageInput"), "c"): Text 'c' is set on object 'Object Repository/Page_PSTO webMessenger - Zalogowano/input_Magda Kowalska_messageInput'

2021-12-19 14:09:04 - [MESSAGE][PASSED] - Text 'c' is set on object 'Object Repository/Page_PSTO webMessenger - Zalogowano/input_Magda Kowalska_messageInput'

2021-12-19 14:09:04 - [TEST_STEP][PASSED] - click(findTestObject("Page_PSTO webMessenger - Zalogowano/img_Magda Kowalska_sendButton")): Object: 'Object Repository/Page_PSTO webMessenger - Zalogowano/img_Magda Kowalska_sendButton' is clicked on

2021-12-19 14:09:05 - [MESSAGE][PASSED] - Object: 'Object Repository/Page_PSTO webMessenger - Zalogowano/img_Magda Kowalska_sendButton' is clicked on

2021-12-19 14:09:05 - [TEST_STEP][PASSED] - setText(findTestObject("Page_PSTO webMessenger - Zalogowano/input_Magda Kowalska_messageInput"), "c"): Text 'c' is set on object 'Object Repository/Page_PSTO webMessenger - Zalogowano/input_Magda Kowalska_messageInput'

2021-12-19 14:09:06 - [MESSAGE][PASSED] - Text 'c' is set on object 'Object Repository/Page_PSTO webMessenger - Zalogowano/input_Magda Kowalska_messageInput'

2021-12-19 14:09:06 - [TEST_STEP][PASSED] - click(findTestObject("Page_PSTO webMessenger - Zalogowano/img_Magda Kowalska_sendButton")): Object: 'Object Repository/Page_PSTO webMessenger - Zalogowano/img_Magda Kowalska_sendButton' is clicked on

2021-12-19 14:09:06 - [MESSAGE][PASSED] - Object: 'Object Repository/Page_PSTO webMessenger - Zalogowano/img_Magda Kowalska_sendButton' is clicked on

2021-12-19 14:09:06 - [TEST_STEP][PASSED] - setText(findTestObject("Page_PSTO webMessenger - Zalogowano/input_Magda Kowalska_messageInput"), "c"): Text 'c' is set on object 'Object Repository/Page_PSTO webMessenger - Zalogowano/input_Magda Kowalska_messageInput'

2021-12-19 14:09:07 - [MESSAGE][PASSED] - Text 'c' is set on object 'Object Repository/Page_PSTO webMessenger - Zalogowano/input_Magda Kowalska_messageInput'

2021-12-19 14:09:07 - [TEST_STEP][PASSED] - click(findTestObject("Page_PSTO webMessenger - Zalogowano/img_Magda Kowalska_sendButton")): Object: 'Object Repository/Page_PSTO webMessenger - Zalogowano/img_Magda Kowalska_sendButton' is clicked on

2021-12-19 14:09:08 - [MESSAGE][PASSED] - Object: 'Object Repository/Page_PSTO webMessenger - Zalogowano/img_Magda Kowalska_sendButton' is clicked on

2021-12-19 14:09:08 - [TEST_STEP][PASSED] - setText(findTestObject("Page_PSTO webMessenger - Zalogowano/input_Magda Kowalska_messageInput"), "c"): Text 'c' is set on object 'Object Repository/Page_PSTO webMessenger - Zalogowano/input_Magda Kowalska_messageInput'

2021-12-19 14:09:08 - [MESSAGE][PASSED] - Text 'c' is set on object 'Object Repository/Page_PSTO webMessenger - Zalogowano/input_Magda Kowalska_messageInput'

2021-12-19 14:09:08 - [TEST_STEP][PASSED] - click(findTestObject("Page_PSTO webMessenger - Zalogowano/img_Magda Kowalska_sendButton")): Object: 'Object Repository/Page_PSTO webMessenger - Zalogowano/img_Magda Kowalska_sendButton' is clicked on

2021-12-19 14:09:09 - [MESSAGE][PASSED] - Object: 'Object Repository/Page_PSTO webMessenger - Zalogowano/img_Magda Kowalska_sendButton' is clicked on

2021-12-19 14:09:09 - [TEST_STEP][PASSED] - setText(findTestObject("Page_PSTO webMessenger - Zalogowano/input_Magda Kowalska_messageInput"), "c"): Text 'c' is set on object 'Object Repository/Page_PSTO webMessenger - Zalogowano/input_Magda Kowalska_messageInput'

2021-12-19 14:09:10 - [MESSAGE][PASSED] - Text 'c' is set on object 'Object Repository/Page_PSTO webMessenger - Zalogowano/input_Magda Kowalska_messageInput'

2021-12-19 14:09:10 - [TEST_STEP][PASSED] - click(findTestObject("Page_PSTO webMessenger - Zalogowano/img_Magda Kowalska_sendButton")): Object: 'Object Repository/Page_PSTO webMessenger - Zalogowano/img_Magda Kowalska_sendButton' is clicked on

2021-12-19 14:09:10 - [MESSAGE][PASSED] - Object: 'Object Repository/Page_PSTO webMessenger - Zalogowano/img_Magda Kowalska_sendButton' is clicked on

2021-12-19 14:09:10 - [TEST_STEP][PASSED] - setText(findTestObject("Page_PSTO webMessenger - Zalogowano/input_Magda Kowalska_messageInput"), "c"): Text 'c' is set on object 'Object Repository/Page_PSTO webMessenger - Zalogowano/input_Magda Kowalska_messageInput'

2021-12-19 14:09:11 - [MESSAGE][PASSED] - Text 'c' is set on object 'Object Repository/Page_PSTO webMessenger - Zalogowano/input_Magda Kowalska_messageInput'

2021-12-19 14:09:11 - [TEST_STEP][PASSED] - click(findTestObject("Page_PSTO webMessenger - Zalogowano/img_Magda Kowalska_sendButton")): Object: 'Object Repository/Page_PSTO webMessenger - Zalogowano/img_Magda Kowalska_sendButton' is clicked on

2021-12-19 14:09:12 - [MESSAGE][PASSED] - Object: 'Object Repository/Page_PSTO webMessenger - Zalogowano/img_Magda Kowalska_sendButton' is clicked on

2021-12-19 14:09:12 - [TEST_STEP][PASSED] - setText(findTestObject("Page_PSTO webMessenger - Zalogowano/input_Magda Kowalska_messageInput"), "c"): Text 'c' is set on object 'Object Repository/Page_PSTO webMessenger - Zalogowano/input_Magda Kowalska_messageInput'

2021-12-19 14:09:12 - [MESSAGE][PASSED] - Text 'c' is set on object 'Object Repository/Page_PSTO webMessenger - Zalogowano/input_Magda Kowalska_messageInput'

2021-12-19 14:09:12 - [TEST_STEP][PASSED] - click(findTestObject("Page_PSTO webMessenger - Zalogowano/img_Magda Kowalska_sendButton")): Object: 'Object Repository/Page_PSTO webMessenger - Zalogowano/img_Magda Kowalska_sendButton' is clicked on

2021-12-19 14:09:13 - [MESSAGE][PASSED] - Object: 'Object Repository/Page_PSTO webMessenger - Zalogowano/img_Magda Kowalska_sendButton' is clicked on

2021-12-19 14:09:13 - [TEST_STEP][PASSED] - setText(findTestObject("Page_PSTO webMessenger - Zalogowano/input_Magda Kowalska_messageInput"), "c"): Text 'c' is set on object 'Object Repository/Page_PSTO webMessenger - Zalogowano/input_Magda Kowalska_messageInput'

2021-12-19 14:09:14 - [MESSAGE][PASSED] - Text 'c' is set on object 'Object Repository/Page_PSTO webMessenger - Zalogowano/input_Magda Kowalska_messageInput'

2021-12-19 14:09:14 - [TEST_STEP][PASSED] - click(findTestObject("Page_PSTO webMessenger - Zalogowano/img_Magda Kowalska_sendButton")): Object: 'Object Repository/Page_PSTO webMessenger - Zalogowano/img_Magda Kowalska_sendButton' is clicked on

2021-12-19 14:09:14 - [MESSAGE][PASSED] - Object: 'Object Repository/Page_PSTO webMessenger - Zalogowano/img_Magda Kowalska_sendButton' is clicked on

2021-12-19 14:09:14 - [TEST_STEP][PASSED] - setText(findTestObject("Page_PSTO webMessenger - Zalogowano/input_Magda Kowalska_messageInput"), "c"): Text 'c' is set on object 'Object Repository/Page_PSTO webMessenger - Zalogowano/input_Magda Kowalska_messageInput'

2021-12-19 14:09:15 - [MESSAGE][PASSED] - Text 'c' is set on object 'Object Repository/Page_PSTO webMessenger - Zalogowano/input_Magda Kowalska_messageInput'

2021-12-19 14:09:15 - [TEST_STEP][PASSED] - click(findTestObject("Page_PSTO webMessenger - Zalogowano/img_Magda Kowalska_sendButton")): Object: 'Object Repository/Page_PSTO webMessenger - Zalogowano/img_Magda Kowalska_sendButton' is clicked on

2021-12-19 14:09:16 - [MESSAGE][PASSED] - Object: 'Object Repository/Page_PSTO webMessenger - Zalogowano/img_Magda Kowalska_sendButton' is clicked on

2021-12-19 14:09:16 - [TEST_STEP][PASSED] - setText(findTestObject("Page_PSTO webMessenger - Zalogowano/input_Magda Kowalska_messageInput"), "c"): Text 'c' is set on object 'Object Repository/Page_PSTO webMessenger - Zalogowano/input_Magda Kowalska_messageInput'

2021-12-19 14:09:16 - [MESSAGE][PASSED] - Text 'c' is set on object 'Object Repository/Page_PSTO webMessenger - Zalogowano/input_Magda Kowalska_messageInput'

2021-12-19 14:09:16 - [TEST_STEP][PASSED] - click(findTestObject("Page_PSTO webMessenger - Zalogowano/img_Magda Kowalska_sendButton")): Object: 'Object Repository/Page_PSTO webMessenger - Zalogowano/img_Magda Kowalska_sendButton' is clicked on

2021-12-19 14:09:17 - [MESSAGE][PASSED] - Object: 'Object Repository/Page_PSTO webMessenger - Zalogowano/img_Magda Kowalska_sendButton' is clicked on

2021-12-19 14:09:17 - [TEST_STEP][PASSED] - setText(findTestObject("Page_PSTO webMessenger - Zalogowano/input_Magda Kowalska_messageInput"), "c"): Text 'c' is set on object 'Object Repository/Page_PSTO webMessenger - Zalogowano/input_Magda Kowalska_messageInput'

2021-12-19 14:09:18 - [MESSAGE][PASSED] - Text 'c' is set on object 'Object Repository/Page_PSTO webMessenger - Zalogowano/input_Magda Kowalska_messageInput'

2021-12-19 14:09:18 - [TEST_STEP][PASSED] - click(findTestObject("Page_PSTO webMessenger - Zalogowano/img_Magda Kowalska_sendButton")): Object: 'Object Repository/Page_PSTO webMessenger - Zalogowano/img_Magda Kowalska_sendButton' is clicked on

2021-12-19 14:09:19 - [MESSAGE][PASSED] - Object: 'Object Repository/Page_PSTO webMessenger - Zalogowano/img_Magda Kowalska_sendButton' is clicked on

2021-12-19 14:09:19 - [TEST_STEP][PASSED] - setText(findTestObject("Page_PSTO webMessenger - Zalogowano/input_Magda Kowalska_messageInput"), "c"): Text 'c' is set on object 'Object Repository/Page_PSTO webMessenger - Zalogowano/input_Magda Kowalska_messageInput'

2021-12-19 14:09:19 - [MESSAGE][PASSED] - Text 'c' is set on object 'Object Repository/Page_PSTO webMessenger - Zalogowano/input_Magda Kowalska_messageInput'

2021-12-19 14:09:19 - [TEST_STEP][PASSED] - click(findTestObject("Page_PSTO webMessenger - Zalogowano/img_Magda Kowalska_sendButton")): Object: 'Object Repository/Page_PSTO webMessenger - Zalogowano/img_Magda Kowalska_sendButton' is clicked on

2021-12-19 14:09:20 - [MESSAGE][PASSED] - Object: 'Object Repository/Page_PSTO webMessenger - Zalogowano/img_Magda Kowalska_sendButton' is clicked on

2021-12-19 14:09:20 - [TEST_STEP][PASSED] - setText(findTestObject("Page_PSTO webMessenger - Zalogowano/input_Magda Kowalska_messageInput"), "c"): Text 'c' is set on object 'Object Repository/Page_PSTO webMessenger - Zalogowano/input_Magda Kowalska_messageInput'

2021-12-19 14:09:21 - [MESSAGE][PASSED] - Text 'c' is set on object 'Object Repository/Page_PSTO webMessenger - Zalogowano/input_Magda Kowalska_messageInput'

2021-12-19 14:09:21 - [TEST_STEP][PASSED] - click(findTestObject("Page_PSTO webMessenger - Zalogowano/img_Magda Kowalska_sendButton")): Object: 'Object Repository/Page_PSTO webMessenger - Zalogowano/img_Magda Kowalska_sendButton' is clicked on

2021-12-19 14:09:21 - [MESSAGE][PASSED] - Object: 'Object Repository/Page_PSTO webMessenger - Zalogowano/img_Magda Kowalska_sendButton' is clicked on

2021-12-19 14:09:21 - [TEST_STEP][PASSED] - setText(findTestObject("Page_PSTO webMessenger - Zalogowano/input_Magda Kowalska_messageInput"), "c"): Text 'c' is set on object 'Object Repository/Page_PSTO webMessenger - Zalogowano/input_Magda Kowalska_messageInput'

2021-12-19 14:09:22 - [MESSAGE][PASSED] - Text 'c' is set on object 'Object Repository/Page_PSTO webMessenger - Zalogowano/input_Magda Kowalska_messageInput'

2021-12-19 14:09:22 - [TEST_STEP][PASSED] - click(findTestObject("Page_PSTO webMessenger - Zalogowano/img_Magda Kowalska_sendButton")): Object: 'Object Repository/Page_PSTO webMessenger - Zalogowano/img_Magda Kowalska_sendButton' is clicked on

2021-12-19 14:09:23 - [MESSAGE][PASSED] - Object: 'Object Repository/Page_PSTO webMessenger - Zalogowano/img_Magda Kowalska_sendButton' is clicked on

2021-12-19 14:09:23 - [TEST_STEP][PASSED] - setText(findTestObject("Page_PSTO webMessenger - Zalogowano/input_Magda Kowalska_messageInput"), "c"): Text 'c' is set on object 'Object Repository/Page_PSTO webMessenger - Zalogowano/input_Magda Kowalska_messageInput'

2021-12-19 14:09:24 - [MESSAGE][PASSED] - Text 'c' is set on object 'Object Repository/Page_PSTO webMessenger - Zalogowano/input_Magda Kowalska_messageInput'

2021-12-19 14:09:24 - [TEST_STEP][PASSED] - click(findTestObject("Page_PSTO webMessenger - Zalogowano/img_Magda Kowalska_sendButton")): Object: 'Object Repository/Page_PSTO webMessenger - Zalogowano/img_Magda Kowalska_sendButton' is clicked on

2021-12-19 14:09:24 - [MESSAGE][PASSED] - Object: 'Object Repository/Page_PSTO webMessenger - Zalogowano/img_Magda Kowalska_sendButton' is clicked on

2021-12-19 14:09:24 - [TEST_STEP][PASSED] - setText(findTestObject("Page_PSTO webMessenger - Zalogowano/input_Magda Kowalska_messageInput"), "c"): Text 'c' is set on object 'Object Repository/Page_PSTO webMessenger - Zalogowano/input_Magda Kowalska_messageInput'

2021-12-19 14:09:25 - [MESSAGE][PASSED] - Text 'c' is set on object 'Object Repository/Page_PSTO webMessenger - Zalogowano/input_Magda Kowalska_messageInput'

2021-12-19 14:09:25 - [TEST_STEP][PASSED] - click(findTestObject("Page_PSTO webMessenger - Zalogowano/img_Magda Kowalska_sendButton")): Object: 'Object Repository/Page_PSTO webMessenger - Zalogowano/img_Magda Kowalska_sendButton' is clicked on

2021-12-19 14:09:26 - [MESSAGE][PASSED] - Object: 'Object Repository/Page_PSTO webMessenger - Zalogowano/img_Magda Kowalska_sendButton' is clicked on

2021-12-19 14:09:26 - [TEST_STEP][PASSED] - setText(findTestObject("Page_PSTO webMessenger - Zalogowano/input_Magda Kowalska_messageInput"), "c"): Text 'c' is set on object 'Object Repository/Page_PSTO webMessenger - Zalogowano/input_Magda Kowalska_messageInput'

2021-12-19 14:09:26 - [MESSAGE][PASSED] - Text 'c' is set on object 'Object Repository/Page_PSTO webMessenger - Zalogowano/input_Magda Kowalska_messageInput'

2021-12-19 14:09:26 - [TEST_STEP][PASSED] - click(findTestObject("Page_PSTO webMessenger - Zalogowano/img_Magda Kowalska_sendButton")): Object: 'Object Repository/Page_PSTO webMessenger - Zalogowano/img_Magda Kowalska_sendButton' is clicked on

2021-12-19 14:09:27 - [MESSAGE][PASSED] - Object: 'Object Repository/Page_PSTO webMessenger - Zalogowano/img_Magda Kowalska_sendButton' is clicked on

2021-12-19 14:09:27 - [TEST_STEP][PASSED] - setText(findTestObject("Page_PSTO webMessenger - Zalogowano/input_Magda Kowalska_messageInput"), "c"): Text 'c' is set on object 'Object Repository/Page_PSTO webMessenger - Zalogowano/input_Magda Kowalska_messageInput'

2021-12-19 14:09:28 - [MESSAGE][PASSED] - Text 'c' is set on object 'Object Repository/Page_PSTO webMessenger - Zalogowano/input_Magda Kowalska_messageInput'

2021-12-19 14:09:28 - [TEST_STEP][PASSED] - click(findTestObject("Page_PSTO webMessenger - Zalogowano/img_Magda Kowalska_sendButton")): Object: 'Object Repository/Page_PSTO webMessenger - Zalogowano/img_Magda Kowalska_sendButton' is clicked on

2021-12-19 14:09:29 - [MESSAGE][PASSED] - Object: 'Object Repository/Page_PSTO webMessenger - Zalogowano/img_Magda Kowalska_sendButton' is clicked on

2021-12-19 14:09:29 - [TEST_STEP][PASSED] - setText(findTestObject("Page_PSTO webMessenger - Zalogowano/input_Magda Kowalska_messageInput"), "c"): Text 'c' is set on object 'Object Repository/Page_PSTO webMessenger - Zalogowano/input_Magda Kowalska_messageInput'

2021-12-19 14:09:29 - [MESSAGE][PASSED] - Text 'c' is set on object 'Object Repository/Page_PSTO webMessenger - Zalogowano/input_Magda Kowalska_messageInput'

2021-12-19 14:09:29 - [TEST_STEP][PASSED] - click(findTestObject("Page_PSTO webMessenger - Zalogowano/img_Magda Kowalska_sendButton")): Object: 'Object Repository/Page_PSTO webMessenger - Zalogowano/img_Magda Kowalska_sendButton' is clicked on

2021-12-19 14:09:30 - [MESSAGE][PASSED] - Object: 'Object Repository/Page_PSTO webMessenger - Zalogowano/img_Magda Kowalska_sendButton' is clicked on

2021-12-19 14:09:30 - [TEST_STEP][PASSED] - setText(findTestObject("Page_PSTO webMessenger - Zalogowano/input_Magda Kowalska_messageInput"), "c"): Text 'c' is set on object 'Object Repository/Page_PSTO webMessenger - Zalogowano/input_Magda Kowalska_messageInput'

2021-12-19 14:09:31 - [MESSAGE][PASSED] - Text 'c' is set on object 'Object Repository/Page_PSTO webMessenger - Zalogowano/input_Magda Kowalska_messageInput'

2021-12-19 14:09:31 - [TEST_STEP][PASSED] - click(findTestObject("Page_PSTO webMessenger - Zalogowano/img_Magda Kowalska_sendButton")): Object: 'Object Repository/Page_PSTO webMessenger - Zalogowano/img_Magda Kowalska_sendButton' is clicked on

2021-12-19 14:09:31 - [MESSAGE][PASSED] - Object: 'Object Repository/Page_PSTO webMessenger - Zalogowano/img_Magda Kowalska_sendButton' is clicked on

2021-12-19 14:09:31 - [TEST_STEP][PASSED] - setText(findTestObject("Page_PSTO webMessenger - Zalogowano/input_Magda Kowalska_messageInput"), "c"): Text 'c' is set on object 'Object Repository/Page_PSTO webMessenger - Zalogowano/input_Magda Kowalska_messageInput'

2021-12-19 14:09:32 - [MESSAGE][PASSED] - Text 'c' is set on object 'Object Repository/Page_PSTO webMessenger - Zalogowano/input_Magda Kowalska_messageInput'

2021-12-19 14:09:32 - [TEST_STEP][PASSED] - click(findTestObject("Page_PSTO webMessenger - Zalogowano/img_Magda Kowalska_sendButton")): Object: 'Object Repository/Page_PSTO webMessenger - Zalogowano/img_Magda Kowalska_sendButton' is clicked on

2021-12-19 14:09:33 - [MESSAGE][PASSED] - Object: 'Object Repository/Page_PSTO webMessenger - Zalogowano/img_Magda Kowalska_sendButton' is clicked on

2021-12-19 14:09:33 - [TEST_STEP][PASSED] - setText(findTestObject("Page_PSTO webMessenger - Zalogowano/input_Magda Kowalska_messageInput"), "c"): Text 'c' is set on object 'Object Repository/Page_PSTO webMessenger - Zalogowano/input_Magda Kowalska_messageInput'

2021-12-19 14:09:34 - [MESSAGE][PASSED] - Text 'c' is set on object 'Object Repository/Page_PSTO webMessenger - Zalogowano/input_Magda Kowalska_messageInput'

2021-12-19 14:09:34 - [TEST_STEP][PASSED] - click(findTestObject("Page_PSTO webMessenger - Zalogowano/img_Magda Kowalska_sendButton")): Object: 'Object Repository/Page_PSTO webMessenger - Zalogowano/img_Magda Kowalska_sendButton' is clicked on

2021-12-19 14:09:34 - [MESSAGE][PASSED] - Object: 'Object Repository/Page_PSTO webMessenger - Zalogowano/img_Magda Kowalska_sendButton' is clicked on

2021-12-19 14:09:34 - [TEST_STEP][PASSED] - setText(findTestObject("Page_PSTO webMessenger - Zalogowano/input_Magda Kowalska_messageInput"), "c"): Text 'c' is set on object 'Object Repository/Page_PSTO webMessenger - Zalogowano/input_Magda Kowalska_messageInput'

2021-12-19 14:09:35 - [MESSAGE][PASSED] - Text 'c' is set on object 'Object Repository/Page_PSTO webMessenger - Zalogowano/input_Magda Kowalska_messageInput'

2021-12-19 14:09:35 - [TEST_STEP][PASSED] - click(findTestObject("Page_PSTO webMessenger - Zalogowano/img_Magda Kowalska_sendButton")): Object: 'Object Repository/Page_PSTO webMessenger - Zalogowano/img_Magda Kowalska_sendButton' is clicked on

2021-12-19 14:09:36 - [MESSAGE][PASSED] - Object: 'Object Repository/Page_PSTO webMessenger - Zalogowano/img_Magda Kowalska_sendButton' is clicked on

2021-12-19 14:09:36 - [TEST_STEP][PASSED] - setText(findTestObject("Page_PSTO webMessenger - Zalogowano/input_Magda Kowalska_messageInput"), "c"): Text 'c' is set on object 'Object Repository/Page_PSTO webMessenger - Zalogowano/input_Magda Kowalska_messageInput'

2021-12-19 14:09:36 - [MESSAGE][PASSED] - Text 'c' is set on object 'Object Repository/Page_PSTO webMessenger - Zalogowano/input_Magda Kowalska_messageInput'

2021-12-19 14:09:36 - [TEST_STEP][PASSED] - click(findTestObject("Page_PSTO webMessenger - Zalogowano/img_Magda Kowalska_sendButton")): Object: 'Object Repository/Page_PSTO webMessenger - Zalogowano/img_Magda Kowalska_sendButton' is clicked on

2021-12-19 14:09:37 - [MESSAGE][PASSED] - Object: 'Object Repository/Page_PSTO webMessenger - Zalogowano/img_Magda Kowalska_sendButton' is clicked on

2021-12-19 14:09:37 - [TEST_STEP][PASSED] - setText(findTestObject("Page_PSTO webMessenger - Zalogowano/input_Magda Kowalska_messageInput"), "c"): Text 'c' is set on object 'Object Repository/Page_PSTO webMessenger - Zalogowano/input_Magda Kowalska_messageInput'

2021-12-19 14:09:38 - [MESSAGE][PASSED] - Text 'c' is set on object 'Object Repository/Page_PSTO webMessenger - Zalogowano/input_Magda Kowalska_messageInput'

2021-12-19 14:09:38 - [TEST_STEP][PASSED] - click(findTestObject("Page_PSTO webMessenger - Zalogowano/img_Magda Kowalska_sendButton")): Object: 'Object Repository/Page_PSTO webMessenger - Zalogowano/img_Magda Kowalska_sendButton' is clicked on

2021-12-19 14:09:39 - [MESSAGE][PASSED] - Object: 'Object Repository/Page_PSTO webMessenger - Zalogowano/img_Magda Kowalska_sendButton' is clicked on

2021-12-19 14:09:39 - [TEST_STEP][PASSED] - setText(findTestObject("Page_PSTO webMessenger - Zalogowano/input_Magda Kowalska_messageInput"), "c"): Text 'c' is set on object 'Object Repository/Page_PSTO webMessenger - Zalogowano/input_Magda Kowalska_messageInput'

2021-12-19 14:09:39 - [MESSAGE][PASSED] - Text 'c' is set on object 'Object Repository/Page_PSTO webMessenger - Zalogowano/input_Magda Kowalska_messageInput'

2021-12-19 14:09:39 - [TEST_STEP][PASSED] - click(findTestObject("Page_PSTO webMessenger - Zalogowano/img_Magda Kowalska_sendButton")): Object: 'Object Repository/Page_PSTO webMessenger - Zalogowano/img_Magda Kowalska_sendButton' is clicked on

2021-12-19 14:09:40 - [MESSAGE][PASSED] - Object: 'Object Repository/Page_PSTO webMessenger - Zalogowano/img_Magda Kowalska_sendButton' is clicked on

2021-12-19 14:09:40 - [TEST_STEP][PASSED] - setText(findTestObject("Page_PSTO webMessenger - Zalogowano/input_Magda Kowalska_messageInput"), "c"): Text 'c' is set on object 'Object Repository/Page_PSTO webMessenger - Zalogowano/input_Magda Kowalska_messageInput'

2021-12-19 14:09:41 - [MESSAGE][PASSED] - Text 'c' is set on object 'Object Repository/Page_PSTO webMessenger - Zalogowano/input_Magda Kowalska_messageInput'

2021-12-19 14:09:41 - [TEST_STEP][PASSED] - click(findTestObject("Page_PSTO webMessenger - Zalogowano/img_Magda Kowalska_sendButton")): Object: 'Object Repository/Page_PSTO webMessenger - Zalogowano/img_Magda Kowalska_sendButton' is clicked on

2021-12-19 14:09:41 - [MESSAGE][PASSED] - Object: 'Object Repository/Page_PSTO webMessenger - Zalogowano/img_Magda Kowalska_sendButton' is clicked on

2021-12-19 14:09:41 - [TEST_STEP][PASSED] - setText(findTestObject("Page_PSTO webMessenger - Zalogowano/input_Magda Kowalska_messageInput"), "c"): Text 'c' is set on object 'Object Repository/Page_PSTO webMessenger - Zalogowano/input_Magda Kowalska_messageInput'

2021-12-19 14:09:42 - [MESSAGE][PASSED] - Text 'c' is set on object 'Object Repository/Page_PSTO webMessenger - Zalogowano/input_Magda Kowalska_messageInput'

2021-12-19 14:09:42 - [TEST_STEP][PASSED] - click(findTestObject("Page_PSTO webMessenger - Zalogowano/img_Magda Kowalska_sendButton")): Object: 'Object Repository/Page_PSTO webMessenger - Zalogowano/img_Magda Kowalska_sendButton' is clicked on

2021-12-19 14:09:43 - [MESSAGE][PASSED] - Object: 'Object Repository/Page_PSTO webMessenger - Zalogowano/img_Magda Kowalska_sendButton' is clicked on

2021-12-19 14:09:43 - [TEST_STEP][PASSED] - setText(findTestObject("Page_PSTO webMessenger - Zalogowano/input_Magda Kowalska_messageInput"), "c"): Text 'c' is set on object 'Object Repository/Page_PSTO webMessenger - Zalogowano/input_Magda Kowalska_messageInput'

2021-12-19 14:09:44 - [MESSAGE][PASSED] - Text 'c' is set on object 'Object Repository/Page_PSTO webMessenger - Zalogowano/input_Magda Kowalska_messageInput'

2021-12-19 14:09:44 - [TEST_STEP][PASSED] - click(findTestObject("Page_PSTO webMessenger - Zalogowano/img_Magda Kowalska_sendButton")): Object: 'Object Repository/Page_PSTO webMessenger - Zalogowano/img_Magda Kowalska_sendButton' is clicked on

2021-12-19 14:09:44 - [MESSAGE][PASSED] - Object: 'Object Repository/Page_PSTO webMessenger - Zalogowano/img_Magda Kowalska_sendButton' is clicked on

2021-12-19 14:09:44 - [TEST_STEP][PASSED] - setText(findTestObject("Page_PSTO webMessenger - Zalogowano/input_Magda Kowalska_messageInput"), "c"): Text 'c' is set on object 'Object Repository/Page_PSTO webMessenger - Zalogowano/input_Magda Kowalska_messageInput'

2021-12-19 14:09:45 - [MESSAGE][PASSED] - Text 'c' is set on object 'Object Repository/Page_PSTO webMessenger - Zalogowano/input_Magda Kowalska_messageInput'

2021-12-19 14:09:45 - [TEST_STEP][PASSED] - click(findTestObject("Page_PSTO webMessenger - Zalogowano/img_Magda Kowalska_sendButton")): Object: 'Object Repository/Page_PSTO webMessenger - Zalogowano/img_Magda Kowalska_sendButton' is clicked on

2021-12-19 14:09:46 - [MESSAGE][PASSED] - Object: 'Object Repository/Page_PSTO webMessenger - Zalogowano/img_Magda Kowalska_sendButton' is clicked on

2021-12-19 14:09:46 - [TEST_STEP][PASSED] - setText(findTestObject("Page_PSTO webMessenger - Zalogowano/input_Magda Kowalska_messageInput"), "c"): Text 'c' is set on object 'Object Repository/Page_PSTO webMessenger - Zalogowano/input_Magda Kowalska_messageInput'

2021-12-19 14:09:46 - [MESSAGE][PASSED] - Text 'c' is set on object 'Object Repository/Page_PSTO webMessenger - Zalogowano/input_Magda Kowalska_messageInput'

2021-12-19 14:09:46 - [TEST_STEP][PASSED] - click(findTestObject("Page_PSTO webMessenger - Zalogowano/img_Magda Kowalska_sendButton")): Object: 'Object Repository/Page_PSTO webMessenger - Zalogowano/img_Magda Kowalska_sendButton' is clicked on

2021-12-19 14:09:47 - [MESSAGE][PASSED] - Object: 'Object Repository/Page_PSTO webMessenger - Zalogowano/img_Magda Kowalska_sendButton' is clicked on

2021-12-19 14:09:47 - [TEST_STEP][PASSED] - setText(findTestObject("Page_PSTO webMessenger - Zalogowano/input_Magda Kowalska_messageInput"), "c"): Text 'c' is set on object 'Object Repository/Page_PSTO webMessenger - Zalogowano/input_Magda Kowalska_messageInput'

2021-12-19 14:09:48 - [MESSAGE][PASSED] - Text 'c' is set on object 'Object Repository/Page_PSTO webMessenger - Zalogowano/input_Magda Kowalska_messageInput'

2021-12-19 14:09:48 - [TEST_STEP][PASSED] - click(findTestObject("Page_PSTO webMessenger - Zalogowano/img_Magda Kowalska_sendButton")): Object: 'Object Repository/Page_PSTO webMessenger - Zalogowano/img_Magda Kowalska_sendButton' is clicked on

2021-12-19 14:09:49 - [MESSAGE][PASSED] - Object: 'Object Repository/Page_PSTO webMessenger - Zalogowano/img_Magda Kowalska_sendButton' is clicked on

2021-12-19 14:09:49 - [TEST_STEP][PASSED] - setText(findTestObject("Page_PSTO webMessenger - Zalogowano/input_Magda Kowalska_messageInput"), "c"): Text 'c' is set on object 'Object Repository/Page_PSTO webMessenger - Zalogowano/input_Magda Kowalska_messageInput'

2021-12-19 14:09:50 - [MESSAGE][PASSED] - Text 'c' is set on object 'Object Repository/Page_PSTO webMessenger - Zalogowano/input_Magda Kowalska_messageInput'

2021-12-19 14:09:50 - [TEST_STEP][PASSED] - click(findTestObject("Page_PSTO webMessenger - Zalogowano/img_Magda Kowalska_sendButton")): Object: 'Object Repository/Page_PSTO webMessenger - Zalogowano/img_Magda Kowalska_sendButton' is clicked on

2021-12-19 14:09:50 - [MESSAGE][PASSED] - Object: 'Object Repository/Page_PSTO webMessenger - Zalogowano/img_Magda Kowalska_sendButton' is clicked on

2021-12-19 14:09:50 - [TEST_STEP][PASSED] - setText(findTestObject("Page_PSTO webMessenger - Zalogowano/input_Magda Kowalska_messageInput"), "c"): Text 'c' is set on object 'Object Repository/Page_PSTO webMessenger - Zalogowano/input_Magda Kowalska_messageInput'

2021-12-19 14:09:51 - [MESSAGE][PASSED] - Text 'c' is set on object 'Object Repository/Page_PSTO webMessenger - Zalogowano/input_Magda Kowalska_messageInput'

2021-12-19 14:09:51 - [TEST_STEP][PASSED] - click(findTestObject("Page_PSTO webMessenger - Zalogowano/img_Magda Kowalska_sendButton")): Object: 'Object Repository/Page_PSTO webMessenger - Zalogowano/img_Magda Kowalska_sendButton' is clicked on

2021-12-19 14:09:51 - [MESSAGE][PASSED] - Object: 'Object Repository/Page_PSTO webMessenger - Zalogowano/img_Magda Kowalska_sendButton' is clicked on

2021-12-19 14:09:51 - [TEST_STEP][PASSED] - setText(findTestObject("Page_PSTO webMessenger - Zalogowano/input_Magda Kowalska_messageInput"), "c"): Text 'c' is set on object 'Object Repository/Page_PSTO webMessenger - Zalogowano/input_Magda Kowalska_messageInput'

2021-12-19 14:09:52 - [MESSAGE][PASSED] - Text 'c' is set on object 'Object Repository/Page_PSTO webMessenger - Zalogowano/input_Magda Kowalska_messageInput'

2021-12-19 14:09:52 - [TEST_STEP][PASSED] - click(findTestObject("Page_PSTO webMessenger - Zalogowano/img_Magda Kowalska_sendButton")): Object: 'Object Repository/Page_PSTO webMessenger - Zalogowano/img_Magda Kowalska_sendButton' is clicked on

2021-12-19 14:09:53 - [MESSAGE][PASSED] - Object: 'Object Repository/Page_PSTO webMessenger - Zalogowano/img_Magda Kowalska_sendButton' is clicked on

2021-12-19 14:09:53 - [TEST_STEP][PASSED] - setText(findTestObject("Page_PSTO webMessenger - Zalogowano/input_Magda Kowalska_messageInput"), "c"): Text 'c' is set on object 'Object Repository/Page_PSTO webMessenger - Zalogowano/input_Magda Kowalska_messageInput'

2021-12-19 14:09:54 - [MESSAGE][PASSED] - Text 'c' is set on object 'Object Repository/Page_PSTO webMessenger - Zalogowano/input_Magda Kowalska_messageInput'

2021-12-19 14:09:54 - [TEST_STEP][PASSED] - click(findTestObject("Page_PSTO webMessenger - Zalogowano/img_Magda Kowalska_sendButton")): Object: 'Object Repository/Page_PSTO webMessenger - Zalogowano/img_Magda Kowalska_sendButton' is clicked on

2021-12-19 14:09:54 - [MESSAGE][PASSED] - Object: 'Object Repository/Page_PSTO webMessenger - Zalogowano/img_Magda Kowalska_sendButton' is clicked on

2021-12-19 14:09:54 - [TEST_STEP][PASSED] - setText(findTestObject("Page_PSTO webMessenger - Zalogowano/input_Magda Kowalska_messageInput"), "c"): Text 'c' is set on object 'Object Repository/Page_PSTO webMessenger - Zalogowano/input_Magda Kowalska_messageInput'

2021-12-19 14:09:55 - [MESSAGE][PASSED] - Text 'c' is set on object 'Object Repository/Page_PSTO webMessenger - Zalogowano/input_Magda Kowalska_messageInput'

2021-12-19 14:09:55 - [TEST_STEP][PASSED] - click(findTestObject("Page_PSTO webMessenger - Zalogowano/img_Magda Kowalska_sendButton")): Object: 'Object Repository/Page_PSTO webMessenger - Zalogowano/img_Magda Kowalska_sendButton' is clicked on

2021-12-19 14:09:56 - [MESSAGE][PASSED] - Object: 'Object Repository/Page_PSTO webMessenger - Zalogowano/img_Magda Kowalska_sendButton' is clicked on

2021-12-19 14:09:56 - [TEST_STEP][PASSED] - setText(findTestObject("Page_PSTO webMessenger - Zalogowano/input_Magda Kowalska_messageInput"), "c"): Text 'c' is set on object 'Object Repository/Page_PSTO webMessenger - Zalogowano/input_Magda Kowalska_messageInput'

2021-12-19 14:09:56 - [MESSAGE][PASSED] - Text 'c' is set on object 'Object Repository/Page_PSTO webMessenger - Zalogowano/input_Magda Kowalska_messageInput'

2021-12-19 14:09:56 - [TEST_STEP][PASSED] - click(findTestObject("Page_PSTO webMessenger - Zalogowano/img_Magda Kowalska_sendButton")): Object: 'Object Repository/Page_PSTO webMessenger - Zalogowano/img_Magda Kowalska_sendButton' is clicked on

2021-12-19 14:09:57 - [MESSAGE][PASSED] - Object: 'Object Repository/Page_PSTO webMessenger - Zalogowano/img_Magda Kowalska_sendButton' is clicked on

2021-12-19 14:09:57 - [TEST_STEP][PASSED] - setText(findTestObject("Page_PSTO webMessenger - Zalogowano/input_Magda Kowalska_messageInput"), "c"): Text 'c' is set on object 'Object Repository/Page_PSTO webMessenger - Zalogowano/input_Magda Kowalska_messageInput'

2021-12-19 14:09:58 - [MESSAGE][PASSED] - Text 'c' is set on object 'Object Repository/Page_PSTO webMessenger - Zalogowano/input_Magda Kowalska_messageInput'

2021-12-19 14:09:58 - [TEST_STEP][PASSED] - click(findTestObject("Page_PSTO webMessenger - Zalogowano/img_Magda Kowalska_sendButton")): Object: 'Object Repository/Page_PSTO webMessenger - Zalogowano/img_Magda Kowalska_sendButton' is clicked on

2021-12-19 14:09:59 - [MESSAGE][PASSED] - Object: 'Object Repository/Page_PSTO webMessenger - Zalogowano/img_Magda Kowalska_sendButton' is clicked on

2021-12-19 14:09:59 - [TEST_STEP][PASSED] - setText(findTestObject("Page_PSTO webMessenger - Zalogowano/input_Magda Kowalska_messageInput"), "c"): Text 'c' is set on object 'Object Repository/Page_PSTO webMessenger - Zalogowano/input_Magda Kowalska_messageInput'

2021-12-19 14:09:59 - [MESSAGE][PASSED] - Text 'c' is set on object 'Object Repository/Page_PSTO webMessenger - Zalogowano/input_Magda Kowalska_messageInput'

2021-12-19 14:09:59 - [TEST_STEP][PASSED] - click(findTestObject("Page_PSTO webMessenger - Zalogowano/img_Magda Kowalska_sendButton")): Object: 'Object Repository/Page_PSTO webMessenger - Zalogowano/img_Magda Kowalska_sendButton' is clicked on

2021-12-19 14:10:00 - [MESSAGE][PASSED] - Object: 'Object Repository/Page_PSTO webMessenger - Zalogowano/img_Magda Kowalska_sendButton' is clicked on

2021-12-19 14:10:00 - [TEST_STEP][PASSED] - setText(findTestObject("Page_PSTO webMessenger - Zalogowano/input_Magda Kowalska_messageInput"), "c"): Text 'c' is set on object 'Object Repository/Page_PSTO webMessenger - Zalogowano/input_Magda Kowalska_messageInput'

2021-12-19 14:10:01 - [MESSAGE][PASSED] - Text 'c' is set on object 'Object Repository/Page_PSTO webMessenger - Zalogowano/input_Magda Kowalska_messageInput'

2021-12-19 14:10:01 - [TEST_STEP][PASSED] - click(findTestObject("Page_PSTO webMessenger - Zalogowano/img_Magda Kowalska_sendButton")): Object: 'Object Repository/Page_PSTO webMessenger - Zalogowano/img_Magda Kowalska_sendButton' is clicked on

2021-12-19 14:10:01 - [MESSAGE][PASSED] - Object: 'Object Repository/Page_PSTO webMessenger - Zalogowano/img_Magda Kowalska_sendButton' is clicked on

2021-12-19 14:10:01 - [TEST_STEP][PASSED] - setText(findTestObject("Page_PSTO webMessenger - Zalogowano/input_Magda Kowalska_messageInput"), "c"): Text 'c' is set on object 'Object Repository/Page_PSTO webMessenger - Zalogowano/input_Magda Kowalska_messageInput'

2021-12-19 14:10:02 - [MESSAGE][PASSED] - Text 'c' is set on object 'Object Repository/Page_PSTO webMessenger - Zalogowano/input_Magda Kowalska_messageInput'

2021-12-19 14:10:02 - [TEST_STEP][PASSED] - click(findTestObject("Page_PSTO webMessenger - Zalogowano/img_Magda Kowalska_sendButton")): Object: 'Object Repository/Page_PSTO webMessenger - Zalogowano/img_Magda Kowalska_sendButton' is clicked on

2021-12-19 14:10:03 - [MESSAGE][PASSED] - Object: 'Object Repository/Page_PSTO webMessenger - Zalogowano/img_Magda Kowalska_sendButton' is clicked on

2021-12-19 14:10:03 - [TEST_STEP][PASSED] - setText(findTestObject("Page_PSTO webMessenger - Zalogowano/input_Magda Kowalska_messageInput"), "c"): Text 'c' is set on object 'Object Repository/Page_PSTO webMessenger - Zalogowano/input_Magda Kowalska_messageInput'

2021-12-19 14:10:04 - [MESSAGE][PASSED] - Text 'c' is set on object 'Object Repository/Page_PSTO webMessenger - Zalogowano/input_Magda Kowalska_messageInput'

2021-12-19 14:10:04 - [TEST_STEP][PASSED] - click(findTestObject("Page_PSTO webMessenger - Zalogowano/img_Magda Kowalska_sendButton")): Object: 'Object Repository/Page_PSTO webMessenger - Zalogowano/img_Magda Kowalska_sendButton' is clicked on

2021-12-19 14:10:05 - [MESSAGE][PASSED] - Object: 'Object Repository/Page_PSTO webMessenger - Zalogowano/img_Magda Kowalska_sendButton' is clicked on

2021-12-19 14:10:05 - [TEST_STEP][PASSED] - setText(findTestObject("Page_PSTO webMessenger - Zalogowano/input_Magda Kowalska_messageInput"), "c"): Text 'c' is set on object 'Object Repository/Page_PSTO webMessenger - Zalogowano/input_Magda Kowalska_messageInput'

2021-12-19 14:10:05 - [MESSAGE][PASSED] - Text 'c' is set on object 'Object Repository/Page_PSTO webMessenger - Zalogowano/input_Magda Kowalska_messageInput'

2021-12-19 14:10:05 - [TEST_STEP][PASSED] - click(findTestObject("Page_PSTO webMessenger - Zalogowano/img_Magda Kowalska_sendButton")): Object: 'Object Repository/Page_PSTO webMessenger - Zalogowano/img_Magda Kowalska_sendButton' is clicked on

2021-12-19 14:10:06 - [MESSAGE][PASSED] - Object: 'Object Repository/Page_PSTO webMessenger - Zalogowano/img_Magda Kowalska_sendButton' is clicked on

2021-12-19 14:10:06 - [TEST_STEP][PASSED] - setText(findTestObject("Page_PSTO webMessenger - Zalogowano/input_Magda Kowalska_messageInput"), "c"): Text 'c' is set on object 'Object Repository/Page_PSTO webMessenger - Zalogowano/input_Magda Kowalska_messageInput'

2021-12-19 14:10:07 - [MESSAGE][PASSED] - Text 'c' is set on object 'Object Repository/Page_PSTO webMessenger - Zalogowano/input_Magda Kowalska_messageInput'

2021-12-19 14:10:07 - [TEST_STEP][PASSED] - click(findTestObject("Page_PSTO webMessenger - Zalogowano/img_Magda Kowalska_sendButton")): Object: 'Object Repository/Page_PSTO webMessenger - Zalogowano/img_Magda Kowalska_sendButton' is clicked on

2021-12-19 14:10:07 - [MESSAGE][PASSED] - Object: 'Object Repository/Page_PSTO webMessenger - Zalogowano/img_Magda Kowalska_sendButton' is clicked on

2021-12-19 14:10:07 - [TEST_STEP][PASSED] - setText(findTestObject("Page_PSTO webMessenger - Zalogowano/input_Magda Kowalska_messageInput"), "c"): Text 'c' is set on object 'Object Repository/Page_PSTO webMessenger - Zalogowano/input_Magda Kowalska_messageInput'

2021-12-19 14:10:08 - [MESSAGE][PASSED] - Text 'c' is set on object 'Object Repository/Page_PSTO webMessenger - Zalogowano/input_Magda Kowalska_messageInput'

2021-12-19 14:10:08 - [TEST_STEP][PASSED] - click(findTestObject("Page_PSTO webMessenger - Zalogowano/img_Magda Kowalska_sendButton")): Object: 'Object Repository/Page_PSTO webMessenger - Zalogowano/img_Magda Kowalska_sendButton' is clicked on

2021-12-19 14:10:09 - [MESSAGE][PASSED] - Object: 'Object Repository/Page_PSTO webMessenger - Zalogowano/img_Magda Kowalska_sendButton' is clicked on

2021-12-19 14:10:09 - [TEST_STEP][PASSED] - setText(findTestObject("Page_PSTO webMessenger - Zalogowano/input_Magda Kowalska_messageInput"), "c"): Text 'c' is set on object 'Object Repository/Page_PSTO webMessenger - Zalogowano/input_Magda Kowalska_messageInput'

2021-12-19 14:10:09 - [MESSAGE][PASSED] - Text 'c' is set on object 'Object Repository/Page_PSTO webMessenger - Zalogowano/input_Magda Kowalska_messageInput'

2021-12-19 14:10:09 - [TEST_STEP][PASSED] - click(findTestObject("Page_PSTO webMessenger - Zalogowano/img_Magda Kowalska_sendButton")): Object: 'Object Repository/Page_PSTO webMessenger - Zalogowano/img_Magda Kowalska_sendButton' is clicked on

2021-12-19 14:10:10 - [MESSAGE][PASSED] - Object: 'Object Repository/Page_PSTO webMessenger - Zalogowano/img_Magda Kowalska_sendButton' is clicked on

2021-12-19 14:10:10 - [TEST_STEP][PASSED] - setText(findTestObject("Page_PSTO webMessenger - Zalogowano/input_Magda Kowalska_messageInput"), "c"): Text 'c' is set on object 'Object Repository/Page_PSTO webMessenger - Zalogowano/input_Magda Kowalska_messageInput'

2021-12-19 14:10:11 - [MESSAGE][PASSED] - Text 'c' is set on object 'Object Repository/Page_PSTO webMessenger - Zalogowano/input_Magda Kowalska_messageInput'

2021-12-19 14:10:11 - [TEST_STEP][PASSED] - click(findTestObject("Page_PSTO webMessenger - Zalogowano/img_Magda Kowalska_sendButton")): Object: 'Object Repository/Page_PSTO webMessenger - Zalogowano/img_Magda Kowalska_sendButton' is clicked on

2021-12-19 14:10:11 - [MESSAGE][PASSED] - Object: 'Object Repository/Page_PSTO webMessenger - Zalogowano/img_Magda Kowalska_sendButton' is clicked on

2021-12-19 14:10:11 - [TEST_STEP][PASSED] - setText(findTestObject("Page_PSTO webMessenger - Zalogowano/input_Magda Kowalska_messageInput"), "c"): Text 'c' is set on object 'Object Repository/Page_PSTO webMessenger - Zalogowano/input_Magda Kowalska_messageInput'

2021-12-19 14:10:12 - [MESSAGE][PASSED] - Text 'c' is set on object 'Object Repository/Page_PSTO webMessenger - Zalogowano/input_Magda Kowalska_messageInput'

2021-12-19 14:10:12 - [TEST_STEP][PASSED] - click(findTestObject("Page_PSTO webMessenger - Zalogowano/img_Magda Kowalska_sendButton")): Object: 'Object Repository/Page_PSTO webMessenger - Zalogowano/img_Magda Kowalska_sendButton' is clicked on

2021-12-19 14:10:13 - [MESSAGE][PASSED] - Object: 'Object Repository/Page_PSTO webMessenger - Zalogowano/img_Magda Kowalska_sendButton' is clicked on

2021-12-19 14:10:13 - [TEST_STEP][PASSED] - setText(findTestObject("Page_PSTO webMessenger - Zalogowano/input_Magda Kowalska_messageInput"), "c"): Text 'c' is set on object 'Object Repository/Page_PSTO webMessenger - Zalogowano/input_Magda Kowalska_messageInput'

2021-12-19 14:10:14 - [MESSAGE][PASSED] - Text 'c' is set on object 'Object Repository/Page_PSTO webMessenger - Zalogowano/input_Magda Kowalska_messageInput'

2021-12-19 14:10:14 - [TEST_STEP][PASSED] - click(findTestObject("Page_PSTO webMessenger - Zalogowano/img_Magda Kowalska_sendButton")): Object: 'Object Repository/Page_PSTO webMessenger - Zalogowano/img_Magda Kowalska_sendButton' is clicked on

2021-12-19 14:10:14 - [MESSAGE][PASSED] - Object: 'Object Repository/Page_PSTO webMessenger - Zalogowano/img_Magda Kowalska_sendButton' is clicked on

2021-12-19 14:10:14 - [TEST_STEP][PASSED] - setText(findTestObject("Page_PSTO webMessenger - Zalogowano/input_Magda Kowalska_messageInput"), "c"): Text 'c' is set on object 'Object Repository/Page_PSTO webMessenger - Zalogowano/input_Magda Kowalska_messageInput'

2021-12-19 14:10:15 - [MESSAGE][PASSED] - Text 'c' is set on object 'Object Repository/Page_PSTO webMessenger - Zalogowano/input_Magda Kowalska_messageInput'

2021-12-19 14:10:15 - [TEST_STEP][PASSED] - click(findTestObject("Page_PSTO webMessenger - Zalogowano/img_Magda Kowalska_sendButton")): Object: 'Object Repository/Page_PSTO webMessenger - Zalogowano/img_Magda Kowalska_sendButton' is clicked on

2021-12-19 14:10:16 - [MESSAGE][PASSED] - Object: 'Object Repository/Page_PSTO webMessenger - Zalogowano/img_Magda Kowalska_sendButton' is clicked on

2021-12-19 14:10:16 - [TEST_STEP][PASSED] - setText(findTestObject("Page_PSTO webMessenger - Zalogowano/input_Magda Kowalska_messageInput"), "c"): Text 'c' is set on object 'Object Repository/Page_PSTO webMessenger - Zalogowano/input_Magda Kowalska_messageInput'

2021-12-19 14:10:16 - [MESSAGE][PASSED] - Text 'c' is set on object 'Object Repository/Page_PSTO webMessenger - Zalogowano/input_Magda Kowalska_messageInput'

2021-12-19 14:10:16 - [TEST_STEP][PASSED] - click(findTestObject("Page_PSTO webMessenger - Zalogowano/img_Magda Kowalska_sendButton")): Object: 'Object Repository/Page_PSTO webMessenger - Zalogowano/img_Magda Kowalska_sendButton' is clicked on

2021-12-19 14:10:17 - [MESSAGE][PASSED] - Object: 'Object Repository/Page_PSTO webMessenger - Zalogowano/img_Magda Kowalska_sendButton' is clicked on

2021-12-19 14:10:17 - [TEST_STEP][PASSED] - setText(findTestObject("Page_PSTO webMessenger - Zalogowano/input_Magda Kowalska_messageInput"), "c"): Text 'c' is set on object 'Object Repository/Page_PSTO webMessenger - Zalogowano/input_Magda Kowalska_messageInput'

2021-12-19 14:10:18 - [MESSAGE][PASSED] - Text 'c' is set on object 'Object Repository/Page_PSTO webMessenger - Zalogowano/input_Magda Kowalska_messageInput'

2021-12-19 14:10:18 - [TEST_STEP][PASSED] - click(findTestObject("Page_PSTO webMessenger - Zalogowano/img_Magda Kowalska_sendButton")): Object: 'Object Repository/Page_PSTO webMessenger - Zalogowano/img_Magda Kowalska_sendButton' is clicked on

2021-12-19 14:10:18 - [MESSAGE][PASSED] - Object: 'Object Repository/Page_PSTO webMessenger - Zalogowano/img_Magda Kowalska_sendButton' is clicked on

2021-12-19 14:10:18 - [TEST_STEP][PASSED] - setText(findTestObject("Page_PSTO webMessenger - Zalogowano/input_Magda Kowalska_messageInput"), "c"): Text 'c' is set on object 'Object Repository/Page_PSTO webMessenger - Zalogowano/input_Magda Kowalska_messageInput'

2021-12-19 14:10:19 - [MESSAGE][PASSED] - Text 'c' is set on object 'Object Repository/Page_PSTO webMessenger - Zalogowano/input_Magda Kowalska_messageInput'

2021-12-19 14:10:19 - [TEST_STEP][PASSED] - click(findTestObject("Page_PSTO webMessenger - Zalogowano/img_Magda Kowalska_sendButton")): Object: 'Object Repository/Page_PSTO webMessenger - Zalogowano/img_Magda Kowalska_sendButton' is clicked on

2021-12-19 14:10:20 - [MESSAGE][PASSED] - Object: 'Object Repository/Page_PSTO webMessenger - Zalogowano/img_Magda Kowalska_sendButton' is clicked on

2021-12-19 14:10:20 - [TEST_STEP][PASSED] - setText(findTestObject("Page_PSTO webMessenger - Zalogowano/input_Magda Kowalska_messageInput"), "c"): Text 'c' is set on object 'Object Repository/Page_PSTO webMessenger - Zalogowano/input_Magda Kowalska_messageInput'

2021-12-19 14:10:20 - [MESSAGE][PASSED] - Text 'c' is set on object 'Object Repository/Page_PSTO webMessenger - Zalogowano/input_Magda Kowalska_messageInput'

2021-12-19 14:10:20 - [TEST_STEP][PASSED] - click(findTestObject("Page_PSTO webMessenger - Zalogowano/img_Magda Kowalska_sendButton")): Object: 'Object Repository/Page_PSTO webMessenger - Zalogowano/img_Magda Kowalska_sendButton' is clicked on

2021-12-19 14:10:21 - [MESSAGE][PASSED] - Object: 'Object Repository/Page_PSTO webMessenger - Zalogowano/img_Magda Kowalska_sendButton' is clicked on

2021-12-19 14:10:21 - [TEST_STEP][PASSED] - setText(findTestObject("Page_PSTO webMessenger - Zalogowano/input_Magda Kowalska_messageInput"), "c"): Text 'c' is set on object 'Object Repository/Page_PSTO webMessenger - Zalogowano/input_Magda Kowalska_messageInput'

2021-12-19 14:10:22 - [MESSAGE][PASSED] - Text 'c' is set on object 'Object Repository/Page_PSTO webMessenger - Zalogowano/input_Magda Kowalska_messageInput'

2021-12-19 14:10:22 - [TEST_STEP][PASSED] - click(findTestObject("Page_PSTO webMessenger - Zalogowano/img_Magda Kowalska_sendButton")): Object: 'Object Repository/Page_PSTO webMessenger - Zalogowano/img_Magda Kowalska_sendButton' is clicked on

2021-12-19 14:10:22 - [MESSAGE][PASSED] - Object: 'Object Repository/Page_PSTO webMessenger - Zalogowano/img_Magda Kowalska_sendButton' is clicked on

2021-12-19 14:10:22 - [TEST_STEP][PASSED] - setText(findTestObject("Page_PSTO webMessenger - Zalogowano/input_Magda Kowalska_messageInput"), "c"): Text 'c' is set on object 'Object Repository/Page_PSTO webMessenger - Zalogowano/input_Magda Kowalska_messageInput'

2021-12-19 14:10:23 - [MESSAGE][PASSED] - Text 'c' is set on object 'Object Repository/Page_PSTO webMessenger - Zalogowano/input_Magda Kowalska_messageInput'

2021-12-19 14:10:23 - [TEST_STEP][PASSED] - click(findTestObject("Page_PSTO webMessenger - Zalogowano/img_Magda Kowalska_sendButton")): Object: 'Object Repository/Page_PSTO webMessenger - Zalogowano/img_Magda Kowalska_sendButton' is clicked on

2021-12-19 14:10:24 - [MESSAGE][PASSED] - Object: 'Object Repository/Page_PSTO webMessenger - Zalogowano/img_Magda Kowalska_sendButton' is clicked on

2021-12-19 14:10:24 - [TEST_STEP][PASSED] - setText(findTestObject("Page_PSTO webMessenger - Zalogowano/input_Magda Kowalska_messageInput"), "c"): Text 'c' is set on object 'Object Repository/Page_PSTO webMessenger - Zalogowano/input_Magda Kowalska_messageInput'

2021-12-19 14:10:25 - [MESSAGE][PASSED] - Text 'c' is set on object 'Object Repository/Page_PSTO webMessenger - Zalogowano/input_Magda Kowalska_messageInput'

2021-12-19 14:10:25 - [TEST_STEP][PASSED] - click(findTestObject("Page_PSTO webMessenger - Zalogowano/img_Magda Kowalska_sendButton")): Object: 'Object Repository/Page_PSTO webMessenger - Zalogowano/img_Magda Kowalska_sendButton' is clicked on

2021-12-19 14:10:25 - [MESSAGE][PASSED] - Object: 'Object Repository/Page_PSTO webMessenger - Zalogowano/img_Magda Kowalska_sendButton' is clicked on

2021-12-19 14:10:25 - [TEST_STEP][PASSED] - setText(findTestObject("Page_PSTO webMessenger - Zalogowano/input_Magda Kowalska_messageInput"), "c"): Text 'c' is set on object 'Object Repository/Page_PSTO webMessenger - Zalogowano/input_Magda Kowalska_messageInput'

2021-12-19 14:10:26 - [MESSAGE][PASSED] - Text 'c' is set on object 'Object Repository/Page_PSTO webMessenger - Zalogowano/input_Magda Kowalska_messageInput'

2021-12-19 14:10:26 - [TEST_STEP][PASSED] - click(findTestObject("Page_PSTO webMessenger - Zalogowano/img_Magda Kowalska_sendButton")): Object: 'Object Repository/Page_PSTO webMessenger - Zalogowano/img_Magda Kowalska_sendButton' is clicked on

2021-12-19 14:10:26 - [MESSAGE][PASSED] - Object: 'Object Repository/Page_PSTO webMessenger - Zalogowano/img_Magda Kowalska_sendButton' is clicked on

2021-12-19 14:10:26 - [TEST_STEP][PASSED] - setText(findTestObject("Page_PSTO webMessenger - Zalogowano/input_Magda Kowalska_messageInput"), "c"): Text 'c' is set on object 'Object Repository/Page_PSTO webMessenger - Zalogowano/input_Magda Kowalska_messageInput'

2021-12-19 14:10:27 - [MESSAGE][PASSED] - Text 'c' is set on object 'Object Repository/Page_PSTO webMessenger - Zalogowano/input_Magda Kowalska_messageInput'

2021-12-19 14:10:27 - [TEST_STEP][PASSED] - click(findTestObject("Page_PSTO webMessenger - Zalogowano/img_Magda Kowalska_sendButton")): Object: 'Object Repository/Page_PSTO webMessenger - Zalogowano/img_Magda Kowalska_sendButton' is clicked on

2021-12-19 14:10:28 - [MESSAGE][PASSED] - Object: 'Object Repository/Page_PSTO webMessenger - Zalogowano/img_Magda Kowalska_sendButton' is clicked on

2021-12-19 14:10:28 - [TEST_STEP][PASSED] - setText(findTestObject("Page_PSTO webMessenger - Zalogowano/input_Magda Kowalska_messageInput"), "c"): Text 'c' is set on object 'Object Repository/Page_PSTO webMessenger - Zalogowano/input_Magda Kowalska_messageInput'

2021-12-19 14:10:29 - [MESSAGE][PASSED] - Text 'c' is set on object 'Object Repository/Page_PSTO webMessenger - Zalogowano/input_Magda Kowalska_messageInput'

2021-12-19 14:10:29 - [TEST_STEP][PASSED] - click(findTestObject("Page_PSTO webMessenger - Zalogowano/img_Magda Kowalska_sendButton")): Object: 'Object Repository/Page_PSTO webMessenger - Zalogowano/img_Magda Kowalska_sendButton' is clicked on

2021-12-19 14:10:29 - [MESSAGE][PASSED] - Object: 'Object Repository/Page_PSTO webMessenger - Zalogowano/img_Magda Kowalska_sendButton' is clicked on

2021-12-19 14:10:29 - [TEST_STEP][PASSED] - setText(findTestObject("Page_PSTO webMessenger - Zalogowano/input_Magda Kowalska_messageInput"), "c"): Text 'c' is set on object 'Object Repository/Page_PSTO webMessenger - Zalogowano/input_Magda Kowalska_messageInput'

2021-12-19 14:10:30 - [MESSAGE][PASSED] - Text 'c' is set on object 'Object Repository/Page_PSTO webMessenger - Zalogowano/input_Magda Kowalska_messageInput'

2021-12-19 14:10:30 - [TEST_STEP][PASSED] - click(findTestObject("Page_PSTO webMessenger - Zalogowano/img_Magda Kowalska_sendButton")): Object: 'Object Repository/Page_PSTO webMessenger - Zalogowano/img_Magda Kowalska_sendButton' is clicked on

2021-12-19 14:10:31 - [MESSAGE][PASSED] - Object: 'Object Repository/Page_PSTO webMessenger - Zalogowano/img_Magda Kowalska_sendButton' is clicked on

2021-12-19 14:10:31 - [TEST_STEP][PASSED] - setText(findTestObject("Page_PSTO webMessenger - Zalogowano/input_Magda Kowalska_messageInput"), "c"): Text 'c' is set on object 'Object Repository/Page_PSTO webMessenger - Zalogowano/input_Magda Kowalska_messageInput'

2021-12-19 14:10:31 - [MESSAGE][PASSED] - Text 'c' is set on object 'Object Repository/Page_PSTO webMessenger - Zalogowano/input_Magda Kowalska_messageInput'

2021-12-19 14:10:31 - [TEST_STEP][PASSED] - click(findTestObject("Page_PSTO webMessenger - Zalogowano/img_Magda Kowalska_sendButton")): Object: 'Object Repository/Page_PSTO webMessenger - Zalogowano/img_Magda Kowalska_sendButton' is clicked on

2021-12-19 14:10:32 - [MESSAGE][PASSED] - Object: 'Object Repository/Page_PSTO webMessenger - Zalogowano/img_Magda Kowalska_sendButton' is clicked on

2021-12-19 14:10:32 - [TEST_STEP][PASSED] - setText(findTestObject("Page_PSTO webMessenger - Zalogowano/input_Magda Kowalska_messageInput"), "c"): Text 'c' is set on object 'Object Repository/Page_PSTO webMessenger - Zalogowano/input_Magda Kowalska_messageInput'

2021-12-19 14:10:33 - [MESSAGE][PASSED] - Text 'c' is set on object 'Object Repository/Page_PSTO webMessenger - Zalogowano/input_Magda Kowalska_messageInput'

2021-12-19 14:10:33 - [TEST_STEP][PASSED] - click(findTestObject("Page_PSTO webMessenger - Zalogowano/img_Magda Kowalska_sendButton")): Object: 'Object Repository/Page_PSTO webMessenger - Zalogowano/img_Magda Kowalska_sendButton' is clicked on

2021-12-19 14:10:33 - [MESSAGE][PASSED] - Object: 'Object Repository/Page_PSTO webMessenger - Zalogowano/img_Magda Kowalska_sendButton' is clicked on

2021-12-19 14:10:33 - [TEST_STEP][PASSED] - setText(findTestObject("Page_PSTO webMessenger - Zalogowano/input_Magda Kowalska_messageInput"), "c"): Text 'c' is set on object 'Object Repository/Page_PSTO webMessenger - Zalogowano/input_Magda Kowalska_messageInput'

2021-12-19 14:10:34 - [MESSAGE][PASSED] - Text 'c' is set on object 'Object Repository/Page_PSTO webMessenger - Zalogowano/input_Magda Kowalska_messageInput'

2021-12-19 14:10:34 - [TEST_STEP][PASSED] - click(findTestObject("Page_PSTO webMessenger - Zalogowano/img_Magda Kowalska_sendButton")): Object: 'Object Repository/Page_PSTO webMessenger - Zalogowano/img_Magda Kowalska_sendButton' is clicked on

2021-12-19 14:10:35 - [MESSAGE][PASSED] - Object: 'Object Repository/Page_PSTO webMessenger - Zalogowano/img_Magda Kowalska_sendButton' is clicked on

2021-12-19 14:10:35 - [TEST_STEP][PASSED] - setText(findTestObject("Page_PSTO webMessenger - Zalogowano/input_Magda Kowalska_messageInput"), "c"): Text 'c' is set on object 'Object Repository/Page_PSTO webMessenger - Zalogowano/input_Magda Kowalska_messageInput'

2021-12-19 14:10:35 - [MESSAGE][PASSED] - Text 'c' is set on object 'Object Repository/Page_PSTO webMessenger - Zalogowano/input_Magda Kowalska_messageInput'

2021-12-19 14:10:35 - [TEST_STEP][PASSED] - click(findTestObject("Page_PSTO webMessenger - Zalogowano/img_Magda Kowalska_sendButton")): Object: 'Object Repository/Page_PSTO webMessenger - Zalogowano/img_Magda Kowalska_sendButton' is clicked on

2021-12-19 14:10:36 - [MESSAGE][PASSED] - Object: 'Object Repository/Page_PSTO webMessenger - Zalogowano/img_Magda Kowalska_sendButton' is clicked on

2021-12-19 14:10:36 - [TEST_STEP][PASSED] - setText(findTestObject("Page_PSTO webMessenger - Zalogowano/input_Magda Kowalska_messageInput"), "c"): Text 'c' is set on object 'Object Repository/Page_PSTO webMessenger - Zalogowano/input_Magda Kowalska_messageInput'

2021-12-19 14:10:37 - [MESSAGE][PASSED] - Text 'c' is set on object 'Object Repository/Page_PSTO webMessenger - Zalogowano/input_Magda Kowalska_messageInput'

2021-12-19 14:10:37 - [TEST_STEP][PASSED] - click(findTestObject("Page_PSTO webMessenger - Zalogowano/img_Magda Kowalska_sendButton")): Object: 'Object Repository/Page_PSTO webMessenger - Zalogowano/img_Magda Kowalska_sendButton' is clicked on

2021-12-19 14:10:37 - [MESSAGE][PASSED] - Object: 'Object Repository/Page_PSTO webMessenger - Zalogowano/img_Magda Kowalska_sendButton' is clicked on

2021-12-19 14:10:37 - [TEST_STEP][PASSED] - setText(findTestObject("Page_PSTO webMessenger - Zalogowano/input_Magda Kowalska_messageInput"), "c"): Text 'c' is set on object 'Object Repository/Page_PSTO webMessenger - Zalogowano/input_Magda Kowalska_messageInput'

2021-12-19 14:10:38 - [MESSAGE][PASSED] - Text 'c' is set on object 'Object Repository/Page_PSTO webMessenger - Zalogowano/input_Magda Kowalska_messageInput'

2021-12-19 14:10:38 - [TEST_STEP][PASSED] - click(findTestObject("Page_PSTO webMessenger - Zalogowano/img_Magda Kowalska_sendButton")): Object: 'Object Repository/Page_PSTO webMessenger - Zalogowano/img_Magda Kowalska_sendButton' is clicked on

2021-12-19 14:10:39 - [MESSAGE][PASSED] - Object: 'Object Repository/Page_PSTO webMessenger - Zalogowano/img_Magda Kowalska_sendButton' is clicked on

2021-12-19 14:10:39 - [TEST_STEP][PASSED] - setText(findTestObject("Page_PSTO webMessenger - Zalogowano/input_Magda Kowalska_messageInput"), "c"): Text 'c' is set on object 'Object Repository/Page_PSTO webMessenger - Zalogowano/input_Magda Kowalska_messageInput'

2021-12-19 14:10:40 - [MESSAGE][PASSED] - Text 'c' is set on object 'Object Repository/Page_PSTO webMessenger - Zalogowano/input_Magda Kowalska_messageInput'

2021-12-19 14:10:40 - [TEST_STEP][PASSED] - click(findTestObject("Page_PSTO webMessenger - Zalogowano/img_Magda Kowalska_sendButton")): Object: 'Object Repository/Page_PSTO webMessenger - Zalogowano/img_Magda Kowalska_sendButton' is clicked on

2021-12-19 14:10:40 - [MESSAGE][PASSED] - Object: 'Object Repository/Page_PSTO webMessenger - Zalogowano/img_Magda Kowalska_sendButton' is clicked on

2021-12-19 14:10:40 - [TEST_STEP][PASSED] - setText(findTestObject("Page_PSTO webMessenger - Zalogowano/input_Magda Kowalska_messageInput"), "c"): Text 'c' is set on object 'Object Repository/Page_PSTO webMessenger - Zalogowano/input_Magda Kowalska_messageInput'

2021-12-19 14:10:41 - [MESSAGE][PASSED] - Text 'c' is set on object 'Object Repository/Page_PSTO webMessenger - Zalogowano/input_Magda Kowalska_messageInput'

2021-12-19 14:10:41 - [TEST_STEP][PASSED] - click(findTestObject("Page_PSTO webMessenger - Zalogowano/img_Magda Kowalska_sendButton")): Object: 'Object Repository/Page_PSTO webMessenger - Zalogowano/img_Magda Kowalska_sendButton' is clicked on

2021-12-19 14:10:42 - [MESSAGE][PASSED] - Object: 'Object Repository/Page_PSTO webMessenger - Zalogowano/img_Magda Kowalska_sendButton' is clicked on

2021-12-19 14:10:42 - [TEST_STEP][PASSED] - setText(findTestObject("Page_PSTO webMessenger - Zalogowano/input_Magda Kowalska_messageInput"), "c"): Text 'c' is set on object 'Object Repository/Page_PSTO webMessenger - Zalogowano/input_Magda Kowalska_messageInput'

2021-12-19 14:10:42 - [MESSAGE][PASSED] - Text 'c' is set on object 'Object Repository/Page_PSTO webMessenger - Zalogowano/input_Magda Kowalska_messageInput'

2021-12-19 14:10:42 - [TEST_STEP][PASSED] - click(findTestObject("Page_PSTO webMessenger - Zalogowano/img_Magda Kowalska_sendButton")): Object: 'Object Repository/Page_PSTO webMessenger - Zalogowano/img_Magda Kowalska_sendButton' is clicked on

2021-12-19 14:10:43 - [MESSAGE][PASSED] - Object: 'Object Repository/Page_PSTO webMessenger - Zalogowano/img_Magda Kowalska_sendButton' is clicked on

2021-12-19 14:10:43 - [TEST_STEP][PASSED] - setText(findTestObject("Page_PSTO webMessenger - Zalogowano/input_Magda Kowalska_messageInput"), "c"): Text 'c' is set on object 'Object Repository/Page_PSTO webMessenger - Zalogowano/input_Magda Kowalska_messageInput'

2021-12-19 14:10:44 - [MESSAGE][PASSED] - Text 'c' is set on object 'Object Repository/Page_PSTO webMessenger - Zalogowano/input_Magda Kowalska_messageInput'

2021-12-19 14:10:44 - [TEST_STEP][PASSED] - click(findTestObject("Page_PSTO webMessenger - Zalogowano/img_Magda Kowalska_sendButton")): Object: 'Object Repository/Page_PSTO webMessenger - Zalogowano/img_Magda Kowalska_sendButton' is clicked on

2021-12-19 14:10:45 - [MESSAGE][PASSED] - Object: 'Object Repository/Page_PSTO webMessenger - Zalogowano/img_Magda Kowalska_sendButton' is clicked on

2021-12-19 14:10:45 - [TEST_STEP][PASSED] - setText(findTestObject("Page_PSTO webMessenger - Zalogowano/input_Magda Kowalska_messageInput"), "c"): Text 'c' is set on object 'Object Repository/Page_PSTO webMessenger - Zalogowano/input_Magda Kowalska_messageInput'

2021-12-19 14:10:45 - [MESSAGE][PASSED] - Text 'c' is set on object 'Object Repository/Page_PSTO webMessenger - Zalogowano/input_Magda Kowalska_messageInput'

2021-12-19 14:10:45 - [TEST_STEP][PASSED] - click(findTestObject("Page_PSTO webMessenger - Zalogowano/img_Magda Kowalska_sendButton")): Object: 'Object Repository/Page_PSTO webMessenger - Zalogowano/img_Magda Kowalska_sendButton' is clicked on

2021-12-19 14:10:46 - [MESSAGE][PASSED] - Object: 'Object Repository/Page_PSTO webMessenger - Zalogowano/img_Magda Kowalska_sendButton' is clicked on

2021-12-19 14:10:46 - [TEST_STEP][PASSED] - setText(findTestObject("Page_PSTO webMessenger - Zalogowano/input_Magda Kowalska_messageInput"), "c"): Text 'c' is set on object 'Object Repository/Page_PSTO webMessenger - Zalogowano/input_Magda Kowalska_messageInput'

2021-12-19 14:10:47 - [MESSAGE][PASSED] - Text 'c' is set on object 'Object Repository/Page_PSTO webMessenger - Zalogowano/input_Magda Kowalska_messageInput'

2021-12-19 14:10:47 - [TEST_STEP][PASSED] - click(findTestObject("Page_PSTO webMessenger - Zalogowano/img_Magda Kowalska_sendButton")): Object: 'Object Repository/Page_PSTO webMessenger - Zalogowano/img_Magda Kowalska_sendButton' is clicked on

2021-12-19 14:10:47 - [MESSAGE][PASSED] - Object: 'Object Repository/Page_PSTO webMessenger - Zalogowano/img_Magda Kowalska_sendButton' is clicked on

2021-12-19 14:10:47 - [TEST_STEP][PASSED] - setText(findTestObject("Page_PSTO webMessenger - Zalogowano/input_Magda Kowalska_messageInput"), "c"): Text 'c' is set on object 'Object Repository/Page_PSTO webMessenger - Zalogowano/input_Magda Kowalska_messageInput'

2021-12-19 14:10:48 - [MESSAGE][PASSED] - Text 'c' is set on object 'Object Repository/Page_PSTO webMessenger - Zalogowano/input_Magda Kowalska_messageInput'

2021-12-19 14:10:48 - [TEST_STEP][PASSED] - click(findTestObject("Page_PSTO webMessenger - Zalogowano/img_Magda Kowalska_sendButton")): Object: 'Object Repository/Page_PSTO webMessenger - Zalogowano/img_Magda Kowalska_sendButton' is clicked on

2021-12-19 14:10:49 - [MESSAGE][PASSED] - Object: 'Object Repository/Page_PSTO webMessenger - Zalogowano/img_Magda Kowalska_sendButton' is clicked on

2021-12-19 14:10:49 - [TEST_STEP][PASSED] - setText(findTestObject("Page_PSTO webMessenger - Zalogowano/input_Magda Kowalska_messageInput"), "c"): Text 'c' is set on object 'Object Repository/Page_PSTO webMessenger - Zalogowano/input_Magda Kowalska_messageInput'

2021-12-19 14:10:50 - [MESSAGE][PASSED] - Text 'c' is set on object 'Object Repository/Page_PSTO webMessenger - Zalogowano/input_Magda Kowalska_messageInput'

2021-12-19 14:10:50 - [TEST_STEP][PASSED] - click(findTestObject("Page_PSTO webMessenger - Zalogowano/img_Magda Kowalska_sendButton")): Object: 'Object Repository/Page_PSTO webMessenger - Zalogowano/img_Magda Kowalska_sendButton' is clicked on

2021-12-19 14:10:50 - [MESSAGE][PASSED] - Object: 'Object Repository/Page_PSTO webMessenger - Zalogowano/img_Magda Kowalska_sendButton' is clicked on

2021-12-19 14:10:50 - [TEST_STEP][PASSED] - setText(findTestObject("Page_PSTO webMessenger - Zalogowano/input_Magda Kowalska_messageInput"), "c"): Text 'c' is set on object 'Object Repository/Page_PSTO webMessenger - Zalogowano/input_Magda Kowalska_messageInput'

2021-12-19 14:10:51 - [MESSAGE][PASSED] - Text 'c' is set on object 'Object Repository/Page_PSTO webMessenger - Zalogowano/input_Magda Kowalska_messageInput'

2021-12-19 14:10:51 - [TEST_STEP][PASSED] - click(findTestObject("Page_PSTO webMessenger - Zalogowano/img_Magda Kowalska_sendButton")): Object: 'Object Repository/Page_PSTO webMessenger - Zalogowano/img_Magda Kowalska_sendButton' is clicked on

2021-12-19 14:10:52 - [MESSAGE][PASSED] - Object: 'Object Repository/Page_PSTO webMessenger - Zalogowano/img_Magda Kowalska_sendButton' is clicked on

2021-12-19 14:10:52 - [TEST_STEP][PASSED] - setText(findTestObject("Page_PSTO webMessenger - Zalogowano/input_Magda Kowalska_messageInput"), "c"): Text 'c' is set on object 'Object Repository/Page_PSTO webMessenger - Zalogowano/input_Magda Kowalska_messageInput'

2021-12-19 14:10:52 - [MESSAGE][PASSED] - Text 'c' is set on object 'Object Repository/Page_PSTO webMessenger - Zalogowano/input_Magda Kowalska_messageInput'

2021-12-19 14:10:52 - [TEST_STEP][PASSED] - click(findTestObject("Page_PSTO webMessenger - Zalogowano/img_Magda Kowalska_sendButton")): Object: 'Object Repository/Page_PSTO webMessenger - Zalogowano/img_Magda Kowalska_sendButton' is clicked on

2021-12-19 14:10:53 - [MESSAGE][PASSED] - Object: 'Object Repository/Page_PSTO webMessenger - Zalogowano/img_Magda Kowalska_sendButton' is clicked on

2021-12-19 14:10:53 - [TEST_STEP][PASSED] - setText(findTestObject("Page_PSTO webMessenger - Zalogowano/input_Magda Kowalska_messageInput"), "c"): Text 'c' is set on object 'Object Repository/Page_PSTO webMessenger - Zalogowano/input_Magda Kowalska_messageInput'

2021-12-19 14:10:54 - [MESSAGE][PASSED] - Text 'c' is set on object 'Object Repository/Page_PSTO webMessenger - Zalogowano/input_Magda Kowalska_messageInput'

2021-12-19 14:10:54 - [TEST_STEP][PASSED] - click(findTestObject("Page_PSTO webMessenger - Zalogowano/img_Magda Kowalska_sendButton")): Object: 'Object Repository/Page_PSTO webMessenger - Zalogowano/img_Magda Kowalska_sendButton' is clicked on

2021-12-19 14:10:55 - [MESSAGE][PASSED] - Object: 'Object Repository/Page_PSTO webMessenger - Zalogowano/img_Magda Kowalska_sendButton' is clicked on

2021-12-19 14:10:55 - [TEST_STEP][PASSED] - setText(findTestObject("Page_PSTO webMessenger - Zalogowano/input_Magda Kowalska_messageInput"), "c"): Text 'c' is set on object 'Object Repository/Page_PSTO webMessenger - Zalogowano/input_Magda Kowalska_messageInput'

2021-12-19 14:10:55 - [MESSAGE][PASSED] - Text 'c' is set on object 'Object Repository/Page_PSTO webMessenger - Zalogowano/input_Magda Kowalska_messageInput'

2021-12-19 14:10:55 - [TEST_STEP][PASSED] - click(findTestObject("Page_PSTO webMessenger - Zalogowano/img_Magda Kowalska_sendButton")): Object: 'Object Repository/Page_PSTO webMessenger - Zalogowano/img_Magda Kowalska_sendButton' is clicked on

2021-12-19 14:10:56 - [MESSAGE][PASSED] - Object: 'Object Repository/Page_PSTO webMessenger - Zalogowano/img_Magda Kowalska_sendButton' is clicked on

2021-12-19 14:10:56 - [TEST_STEP][PASSED] - setText(findTestObject("Page_PSTO webMessenger - Zalogowano/input_Magda Kowalska_messageInput"), "c"): Text 'c' is set on object 'Object Repository/Page_PSTO webMessenger - Zalogowano/input_Magda Kowalska_messageInput'

2021-12-19 14:10:57 - [MESSAGE][PASSED] - Text 'c' is set on object 'Object Repository/Page_PSTO webMessenger - Zalogowano/input_Magda Kowalska_messageInput'

2021-12-19 14:10:57 - [TEST_STEP][PASSED] - click(findTestObject("Page_PSTO webMessenger - Zalogowano/img_Magda Kowalska_sendButton")): Object: 'Object Repository/Page_PSTO webMessenger - Zalogowano/img_Magda Kowalska_sendButton' is clicked on

2021-12-19 14:10:57 - [MESSAGE][PASSED] - Object: 'Object Repository/Page_PSTO webMessenger - Zalogowano/img_Magda Kowalska_sendButton' is clicked on

2021-12-19 14:10:57 - [TEST_STEP][PASSED] - setText(findTestObject("Page_PSTO webMessenger - Zalogowano/input_Magda Kowalska_messageInput"), "c"): Text 'c' is set on object 'Object Repository/Page_PSTO webMessenger - Zalogowano/input_Magda Kowalska_messageInput'

2021-12-19 14:10:58 - [MESSAGE][PASSED] - Text 'c' is set on object 'Object Repository/Page_PSTO webMessenger - Zalogowano/input_Magda Kowalska_messageInput'

2021-12-19 14:10:58 - [TEST_STEP][PASSED] - click(findTestObject("Page_PSTO webMessenger - Zalogowano/img_Magda Kowalska_sendButton")): Object: 'Object Repository/Page_PSTO webMessenger - Zalogowano/img_Magda Kowalska_sendButton' is clicked on

2021-12-19 14:10:59 - [MESSAGE][PASSED] - Object: 'Object Repository/Page_PSTO webMessenger - Zalogowano/img_Magda Kowalska_sendButton' is clicked on

2021-12-19 14:10:59 - [TEST_STEP][PASSED] - setText(findTestObject("Page_PSTO webMessenger - Zalogowano/input_Magda Kowalska_messageInput"), "c"): Text 'c' is set on object 'Object Repository/Page_PSTO webMessenger - Zalogowano/input_Magda Kowalska_messageInput'

2021-12-19 14:11:00 - [MESSAGE][PASSED] - Text 'c' is set on object 'Object Repository/Page_PSTO webMessenger - Zalogowano/input_Magda Kowalska_messageInput'

2021-12-19 14:11:00 - [TEST_STEP][PASSED] - click(findTestObject("Page_PSTO webMessenger - Zalogowano/img_Magda Kowalska_sendButton")): Object: 'Object Repository/Page_PSTO webMessenger - Zalogowano/img_Magda Kowalska_sendButton' is clicked on

2021-12-19 14:11:00 - [MESSAGE][PASSED] - Object: 'Object Repository/Page_PSTO webMessenger - Zalogowano/img_Magda Kowalska_sendButton' is clicked on

2021-12-19 14:11:00 - [TEST_STEP][PASSED] - setText(findTestObject("Page_PSTO webMessenger - Zalogowano/input_Magda Kowalska_messageInput"), "c"): Text 'c' is set on object 'Object Repository/Page_PSTO webMessenger - Zalogowano/input_Magda Kowalska_messageInput'

2021-12-19 14:11:01 - [MESSAGE][PASSED] - Text 'c' is set on object 'Object Repository/Page_PSTO webMessenger - Zalogowano/input_Magda Kowalska_messageInput'

2021-12-19 14:11:01 - [TEST_STEP][PASSED] - click(findTestObject("Page_PSTO webMessenger - Zalogowano/img_Magda Kowalska_sendButton")): Object: 'Object Repository/Page_PSTO webMessenger - Zalogowano/img_Magda Kowalska_sendButton' is clicked on

2021-12-19 14:11:02 - [MESSAGE][PASSED] - Object: 'Object Repository/Page_PSTO webMessenger - Zalogowano/img_Magda Kowalska_sendButton' is clicked on

2021-12-19 14:11:02 - [TEST_STEP][PASSED] - setText(findTestObject("Page_PSTO webMessenger - Zalogowano/input_Magda Kowalska_messageInput"), "c"): Text 'c' is set on object 'Object Repository/Page_PSTO webMessenger - Zalogowano/input_Magda Kowalska_messageInput'

2021-12-19 14:11:02 - [MESSAGE][PASSED] - Text 'c' is set on object 'Object Repository/Page_PSTO webMessenger - Zalogowano/input_Magda Kowalska_messageInput'

2021-12-19 14:11:02 - [TEST_STEP][PASSED] - click(findTestObject("Page_PSTO webMessenger - Zalogowano/img_Magda Kowalska_sendButton")): Object: 'Object Repository/Page_PSTO webMessenger - Zalogowano/img_Magda Kowalska_sendButton' is clicked on

2021-12-19 14:11:03 - [MESSAGE][PASSED] - Object: 'Object Repository/Page_PSTO webMessenger - Zalogowano/img_Magda Kowalska_sendButton' is clicked on

2021-12-19 14:11:03 - [TEST_STEP][PASSED] - setText(findTestObject("Page_PSTO webMessenger - Zalogowano/input_Magda Kowalska_messageInput"), "c"): Text 'c' is set on object 'Object Repository/Page_PSTO webMessenger - Zalogowano/input_Magda Kowalska_messageInput'

2021-12-19 14:11:04 - [MESSAGE][PASSED] - Text 'c' is set on object 'Object Repository/Page_PSTO webMessenger - Zalogowano/input_Magda Kowalska_messageInput'

2021-12-19 14:11:04 - [TEST_STEP][PASSED] - click(findTestObject("Page_PSTO webMessenger - Zalogowano/img_Magda Kowalska_sendButton")): Object: 'Object Repository/Page_PSTO webMessenger - Zalogowano/img_Magda Kowalska_sendButton' is clicked on

2021-12-19 14:11:05 - [MESSAGE][PASSED] - Object: 'Object Repository/Page_PSTO webMessenger - Zalogowano/img_Magda Kowalska_sendButton' is clicked on

2021-12-19 14:11:05 - [TEST_STEP][PASSED] - setText(findTestObject("Page_PSTO webMessenger - Zalogowano/input_Magda Kowalska_messageInput"), "c"): Text 'c' is set on object 'Object Repository/Page_PSTO webMessenger - Zalogowano/input_Magda Kowalska_messageInput'

2021-12-19 14:11:05 - [MESSAGE][PASSED] - Text 'c' is set on object 'Object Repository/Page_PSTO webMessenger - Zalogowano/input_Magda Kowalska_messageInput'

2021-12-19 14:11:05 - [TEST_STEP][PASSED] - click(findTestObject("Page_PSTO webMessenger - Zalogowano/img_Magda Kowalska_sendButton")): Object: 'Object Repository/Page_PSTO webMessenger - Zalogowano/img_Magda Kowalska_sendButton' is clicked on

2021-12-19 14:11:06 - [MESSAGE][PASSED] - Object: 'Object Repository/Page_PSTO webMessenger - Zalogowano/img_Magda Kowalska_sendButton' is clicked on

2021-12-19 14:11:06 - [TEST_STEP][PASSED] - setText(findTestObject("Page_PSTO webMessenger - Zalogowano/input_Magda Kowalska_messageInput"), "c"): Text 'c' is set on object 'Object Repository/Page_PSTO webMessenger - Zalogowano/input_Magda Kowalska_messageInput'

2021-12-19 14:11:07 - [MESSAGE][PASSED] - Text 'c' is set on object 'Object Repository/Page_PSTO webMessenger - Zalogowano/input_Magda Kowalska_messageInput'

2021-12-19 14:11:07 - [TEST_STEP][PASSED] - click(findTestObject("Page_PSTO webMessenger - Zalogowano/img_Magda Kowalska_sendButton")): Object: 'Object Repository/Page_PSTO webMessenger - Zalogowano/img_Magda Kowalska_sendButton' is clicked on

2021-12-19 14:11:07 - [MESSAGE][PASSED] - Object: 'Object Repository/Page_PSTO webMessenger - Zalogowano/img_Magda Kowalska_sendButton' is clicked on

2021-12-19 14:11:07 - [TEST_STEP][PASSED] - setText(findTestObject("Page_PSTO webMessenger - Zalogowano/input_Magda Kowalska_messageInput"), "c"): Text 'c' is set on object 'Object Repository/Page_PSTO webMessenger - Zalogowano/input_Magda Kowalska_messageInput'

2021-12-19 14:11:08 - [MESSAGE][PASSED] - Text 'c' is set on object 'Object Repository/Page_PSTO webMessenger - Zalogowano/input_Magda Kowalska_messageInput'

2021-12-19 14:11:08 - [TEST_STEP][PASSED] - click(findTestObject("Page_PSTO webMessenger - Zalogowano/img_Magda Kowalska_sendButton")): Object: 'Object Repository/Page_PSTO webMessenger - Zalogowano/img_Magda Kowalska_sendButton' is clicked on

2021-12-19 14:11:09 - [MESSAGE][PASSED] - Object: 'Object Repository/Page_PSTO webMessenger - Zalogowano/img_Magda Kowalska_sendButton' is clicked on

2021-12-19 14:11:09 - [TEST_STEP][PASSED] - setText(findTestObject("Page_PSTO webMessenger - Zalogowano/input_Magda Kowalska_messageInput"), "c"): Text 'c' is set on object 'Object Repository/Page_PSTO webMessenger - Zalogowano/input_Magda Kowalska_messageInput'

2021-12-19 14:11:10 - [MESSAGE][PASSED] - Text 'c' is set on object 'Object Repository/Page_PSTO webMessenger - Zalogowano/input_Magda Kowalska_messageInput'

2021-12-19 14:11:10 - [TEST_STEP][PASSED] - click(findTestObject("Page_PSTO webMessenger - Zalogowano/img_Magda Kowalska_sendButton")): Object: 'Object Repository/Page_PSTO webMessenger - Zalogowano/img_Magda Kowalska_sendButton' is clicked on

2021-12-19 14:11:10 - [MESSAGE][PASSED] - Object: 'Object Repository/Page_PSTO webMessenger - Zalogowano/img_Magda Kowalska_sendButton' is clicked on

2021-12-19 14:11:10 - [TEST_STEP][PASSED] - setText(findTestObject("Page_PSTO webMessenger - Zalogowano/input_Magda Kowalska_messageInput"), "c"): Text 'c' is set on object 'Object Repository/Page_PSTO webMessenger - Zalogowano/input_Magda Kowalska_messageInput'

2021-12-19 14:11:11 - [MESSAGE][PASSED] - Text 'c' is set on object 'Object Repository/Page_PSTO webMessenger - Zalogowano/input_Magda Kowalska_messageInput'

2021-12-19 14:11:11 - [TEST_STEP][PASSED] - click(findTestObject("Page_PSTO webMessenger - Zalogowano/img_Magda Kowalska_sendButton")): Object: 'Object Repository/Page_PSTO webMessenger - Zalogowano/img_Magda Kowalska_sendButton' is clicked on

2021-12-19 14:11:12 - [MESSAGE][PASSED] - Object: 'Object Repository/Page_PSTO webMessenger - Zalogowano/img_Magda Kowalska_sendButton' is clicked on

2021-12-19 14:11:12 - [TEST_STEP][PASSED] - setText(findTestObject("Page_PSTO webMessenger - Zalogowano/input_Magda Kowalska_messageInput"), "c"): Text 'c' is set on object 'Object Repository/Page_PSTO webMessenger - Zalogowano/input_Magda Kowalska_messageInput'

2021-12-19 14:11:12 - [MESSAGE][PASSED] - Text 'c' is set on object 'Object Repository/Page_PSTO webMessenger - Zalogowano/input_Magda Kowalska_messageInput'

2021-12-19 14:11:12 - [TEST_STEP][PASSED] - click(findTestObject("Page_PSTO webMessenger - Zalogowano/img_Magda Kowalska_sendButton")): Object: 'Object Repository/Page_PSTO webMessenger - Zalogowano/img_Magda Kowalska_sendButton' is clicked on

2021-12-19 14:11:13 - [MESSAGE][PASSED] - Object: 'Object Repository/Page_PSTO webMessenger - Zalogowano/img_Magda Kowalska_sendButton' is clicked on

2021-12-19 14:11:13 - [TEST_STEP][PASSED] - setText(findTestObject("Page_PSTO webMessenger - Zalogowano/input_Magda Kowalska_messageInput"), "c"): Text 'c' is set on object 'Object Repository/Page_PSTO webMessenger - Zalogowano/input_Magda Kowalska_messageInput'

2021-12-19 14:11:14 - [MESSAGE][PASSED] - Text 'c' is set on object 'Object Repository/Page_PSTO webMessenger - Zalogowano/input_Magda Kowalska_messageInput'

2021-12-19 14:11:14 - [TEST_STEP][PASSED] - click(findTestObject("Page_PSTO webMessenger - Zalogowano/img_Magda Kowalska_sendButton")): Object: 'Object Repository/Page_PSTO webMessenger - Zalogowano/img_Magda Kowalska_sendButton' is clicked on

2021-12-19 14:11:15 - [MESSAGE][PASSED] - Object: 'Object Repository/Page_PSTO webMessenger - Zalogowano/img_Magda Kowalska_sendButton' is clicked on

2021-12-19 14:11:15 - [TEST_STEP][PASSED] - setText(findTestObject("Page_PSTO webMessenger - Zalogowano/input_Magda Kowalska_messageInput"), "c"): Text 'c' is set on object 'Object Repository/Page_PSTO webMessenger - Zalogowano/input_Magda Kowalska_messageInput'

2021-12-19 14:11:15 - [MESSAGE][PASSED] - Text 'c' is set on object 'Object Repository/Page_PSTO webMessenger - Zalogowano/input_Magda Kowalska_messageInput'

2021-12-19 14:11:15 - [TEST_STEP][PASSED] - click(findTestObject("Page_PSTO webMessenger - Zalogowano/img_Magda Kowalska_sendButton")): Object: 'Object Repository/Page_PSTO webMessenger - Zalogowano/img_Magda Kowalska_sendButton' is clicked on

2021-12-19 14:11:16 - [MESSAGE][PASSED] - Object: 'Object Repository/Page_PSTO webMessenger - Zalogowano/img_Magda Kowalska_sendButton' is clicked on

2021-12-19 14:11:16 - [TEST_STEP][PASSED] - setText(findTestObject("Page_PSTO webMessenger - Zalogowano/input_Magda Kowalska_messageInput"), "c"): Text 'c' is set on object 'Object Repository/Page_PSTO webMessenger - Zalogowano/input_Magda Kowalska_messageInput'

2021-12-19 14:11:17 - [MESSAGE][PASSED] - Text 'c' is set on object 'Object Repository/Page_PSTO webMessenger - Zalogowano/input_Magda Kowalska_messageInput'

2021-12-19 14:11:17 - [TEST_STEP][PASSED] - click(findTestObject("Page_PSTO webMessenger - Zalogowano/img_Magda Kowalska_sendButton")): Object: 'Object Repository/Page_PSTO webMessenger - Zalogowano/img_Magda Kowalska_sendButton' is clicked on

2021-12-19 14:11:17 - [MESSAGE][PASSED] - Object: 'Object Repository/Page_PSTO webMessenger - Zalogowano/img_Magda Kowalska_sendButton' is clicked on

2021-12-19 14:11:17 - [TEST_STEP][PASSED] - setText(findTestObject("Page_PSTO webMessenger - Zalogowano/input_Magda Kowalska_messageInput"), "c"): Text 'c' is set on object 'Object Repository/Page_PSTO webMessenger - Zalogowano/input_Magda Kowalska_messageInput'

2021-12-19 14:11:18 - [MESSAGE][PASSED] - Text 'c' is set on object 'Object Repository/Page_PSTO webMessenger - Zalogowano/input_Magda Kowalska_messageInput'

2021-12-19 14:11:18 - [TEST_STEP][PASSED] - click(findTestObject("Page_PSTO webMessenger - Zalogowano/img_Magda Kowalska_sendButton")): Object: 'Object Repository/Page_PSTO webMessenger - Zalogowano/img_Magda Kowalska_sendButton' is clicked on

2021-12-19 14:11:19 - [MESSAGE][PASSED] - Object: 'Object Repository/Page_PSTO webMessenger - Zalogowano/img_Magda Kowalska_sendButton' is clicked on

2021-12-19 14:11:19 - [TEST_STEP][PASSED] - setText(findTestObject("Page_PSTO webMessenger - Zalogowano/input_Magda Kowalska_messageInput"), "c"): Text 'c' is set on object 'Object Repository/Page_PSTO webMessenger - Zalogowano/input_Magda Kowalska_messageInput'

2021-12-19 14:11:20 - [MESSAGE][PASSED] - Text 'c' is set on object 'Object Repository/Page_PSTO webMessenger - Zalogowano/input_Magda Kowalska_messageInput'

2021-12-19 14:11:20 - [TEST_STEP][PASSED] - click(findTestObject("Page_PSTO webMessenger - Zalogowano/img_Magda Kowalska_sendButton")): Object: 'Object Repository/Page_PSTO webMessenger - Zalogowano/img_Magda Kowalska_sendButton' is clicked on

2021-12-19 14:11:20 - [MESSAGE][PASSED] - Object: 'Object Repository/Page_PSTO webMessenger - Zalogowano/img_Magda Kowalska_sendButton' is clicked on

2021-12-19 14:11:20 - [TEST_STEP][PASSED] - setText(findTestObject("Page_PSTO webMessenger - Zalogowano/input_Magda Kowalska_messageInput"), "c"): Text 'c' is set on object 'Object Repository/Page_PSTO webMessenger - Zalogowano/input_Magda Kowalska_messageInput'

2021-12-19 14:11:21 - [MESSAGE][PASSED] - Text 'c' is set on object 'Object Repository/Page_PSTO webMessenger - Zalogowano/input_Magda Kowalska_messageInput'

2021-12-19 14:11:21 - [TEST_STEP][PASSED] - click(findTestObject("Page_PSTO webMessenger - Zalogowano/img_Magda Kowalska_sendButton")): Object: 'Object Repository/Page_PSTO webMessenger - Zalogowano/img_Magda Kowalska_sendButton' is clicked on

2021-12-19 14:11:22 - [MESSAGE][PASSED] - Object: 'Object Repository/Page_PSTO webMessenger - Zalogowano/img_Magda Kowalska_sendButton' is clicked on

2021-12-19 14:11:22 - [TEST_STEP][PASSED] - setText(findTestObject("Page_PSTO webMessenger - Zalogowano/input_Magda Kowalska_messageInput"), "c"): Text 'c' is set on object 'Object Repository/Page_PSTO webMessenger - Zalogowano/input_Magda Kowalska_messageInput'

2021-12-19 14:11:22 - [MESSAGE][PASSED] - Text 'c' is set on object 'Object Repository/Page_PSTO webMessenger - Zalogowano/input_Magda Kowalska_messageInput'

2021-12-19 14:11:22 - [TEST_STEP][PASSED] - click(findTestObject("Page_PSTO webMessenger - Zalogowano/img_Magda Kowalska_sendButton")): Object: 'Object Repository/Page_PSTO webMessenger - Zalogowano/img_Magda Kowalska_sendButton' is clicked on

2021-12-19 14:11:23 - [MESSAGE][PASSED] - Object: 'Object Repository/Page_PSTO webMessenger - Zalogowano/img_Magda Kowalska_sendButton' is clicked on

2021-12-19 14:11:23 - [TEST_STEP][PASSED] - setText(findTestObject("Page_PSTO webMessenger - Zalogowano/input_Magda Kowalska_messageInput"), "c"): Text 'c' is set on object 'Object Repository/Page_PSTO webMessenger - Zalogowano/input_Magda Kowalska_messageInput'

2021-12-19 14:11:24 - [MESSAGE][PASSED] - Text 'c' is set on object 'Object Repository/Page_PSTO webMessenger - Zalogowano/input_Magda Kowalska_messageInput'

2021-12-19 14:11:24 - [TEST_STEP][PASSED] - click(findTestObject("Page_PSTO webMessenger - Zalogowano/img_Magda Kowalska_sendButton")): Object: 'Object Repository/Page_PSTO webMessenger - Zalogowano/img_Magda Kowalska_sendButton' is clicked on

2021-12-19 14:11:25 - [MESSAGE][PASSED] - Object: 'Object Repository/Page_PSTO webMessenger - Zalogowano/img_Magda Kowalska_sendButton' is clicked on

2021-12-19 14:11:25 - [TEST_STEP][PASSED] - setText(findTestObject("Page_PSTO webMessenger - Zalogowano/input_Magda Kowalska_messageInput"), "c"): Text 'c' is set on object 'Object Repository/Page_PSTO webMessenger - Zalogowano/input_Magda Kowalska_messageInput'

2021-12-19 14:11:25 - [MESSAGE][PASSED] - Text 'c' is set on object 'Object Repository/Page_PSTO webMessenger - Zalogowano/input_Magda Kowalska_messageInput'

2021-12-19 14:11:25 - [TEST_STEP][PASSED] - click(findTestObject("Page_PSTO webMessenger - Zalogowano/img_Magda Kowalska_sendButton")): Object: 'Object Repository/Page_PSTO webMessenger - Zalogowano/img_Magda Kowalska_sendButton' is clicked on

2021-12-19 14:11:26 - [MESSAGE][PASSED] - Object: 'Object Repository/Page_PSTO webMessenger - Zalogowano/img_Magda Kowalska_sendButton' is clicked on

2021-12-19 14:11:26 - [TEST_STEP][PASSED] - setText(findTestObject("Page_PSTO webMessenger - Zalogowano/input_Magda Kowalska_messageInput"), "c"): Text 'c' is set on object 'Object Repository/Page_PSTO webMessenger - Zalogowano/input_Magda Kowalska_messageInput'

2021-12-19 14:11:27 - [MESSAGE][PASSED] - Text 'c' is set on object 'Object Repository/Page_PSTO webMessenger - Zalogowano/input_Magda Kowalska_messageInput'

2021-12-19 14:11:27 - [TEST_STEP][PASSED] - click(findTestObject("Page_PSTO webMessenger - Zalogowano/img_Magda Kowalska_sendButton")): Object: 'Object Repository/Page_PSTO webMessenger - Zalogowano/img_Magda Kowalska_sendButton' is clicked on

2021-12-19 14:11:27 - [MESSAGE][PASSED] - Object: 'Object Repository/Page_PSTO webMessenger - Zalogowano/img_Magda Kowalska_sendButton' is clicked on

2021-12-19 14:11:27 - [TEST_STEP][PASSED] - setText(findTestObject("Page_PSTO webMessenger - Zalogowano/input_Magda Kowalska_messageInput"), "c"): Text 'c' is set on object 'Object Repository/Page_PSTO webMessenger - Zalogowano/input_Magda Kowalska_messageInput'

2021-12-19 14:11:28 - [MESSAGE][PASSED] - Text 'c' is set on object 'Object Repository/Page_PSTO webMessenger - Zalogowano/input_Magda Kowalska_messageInput'

2021-12-19 14:11:28 - [TEST_STEP][PASSED] - click(findTestObject("Page_PSTO webMessenger - Zalogowano/img_Magda Kowalska_sendButton")): Object: 'Object Repository/Page_PSTO webMessenger - Zalogowano/img_Magda Kowalska_sendButton' is clicked on

2021-12-19 14:11:29 - [MESSAGE][PASSED] - Object: 'Object Repository/Page_PSTO webMessenger - Zalogowano/img_Magda Kowalska_sendButton' is clicked on

2021-12-19 14:11:29 - [TEST_STEP][PASSED] - setText(findTestObject("Page_PSTO webMessenger - Zalogowano/input_Magda Kowalska_messageInput"), "c"): Text 'c' is set on object 'Object Repository/Page_PSTO webMessenger - Zalogowano/input_Magda Kowalska_messageInput'

2021-12-19 14:11:30 - [MESSAGE][PASSED] - Text 'c' is set on object 'Object Repository/Page_PSTO webMessenger - Zalogowano/input_Magda Kowalska_messageInput'

2021-12-19 14:11:30 - [TEST_STEP][PASSED] - click(findTestObject("Page_PSTO webMessenger - Zalogowano/img_Magda Kowalska_sendButton")): Object: 'Object Repository/Page_PSTO webMessenger - Zalogowano/img_Magda Kowalska_sendButton' is clicked on

2021-12-19 14:11:30 - [MESSAGE][PASSED] - Object: 'Object Repository/Page_PSTO webMessenger - Zalogowano/img_Magda Kowalska_sendButton' is clicked on

2021-12-19 14:11:30 - [TEST_STEP][PASSED] - setText(findTestObject("Page_PSTO webMessenger - Zalogowano/input_Magda Kowalska_messageInput"), "c"): Text 'c' is set on object 'Object Repository/Page_PSTO webMessenger - Zalogowano/input_Magda Kowalska_messageInput'

2021-12-19 14:11:31 - [MESSAGE][PASSED] - Text 'c' is set on object 'Object Repository/Page_PSTO webMessenger - Zalogowano/input_Magda Kowalska_messageInput'

2021-12-19 14:11:31 - [TEST_STEP][PASSED] - click(findTestObject("Page_PSTO webMessenger - Zalogowano/img_Magda Kowalska_sendButton")): Object: 'Object Repository/Page_PSTO webMessenger - Zalogowano/img_Magda Kowalska_sendButton' is clicked on

2021-12-19 14:11:32 - [MESSAGE][PASSED] - Object: 'Object Repository/Page_PSTO webMessenger - Zalogowano/img_Magda Kowalska_sendButton' is clicked on

2021-12-19 14:11:32 - [TEST_STEP][PASSED] - setText(findTestObject("Page_PSTO webMessenger - Zalogowano/input_Magda Kowalska_messageInput"), "c"): Text 'c' is set on object 'Object Repository/Page_PSTO webMessenger - Zalogowano/input_Magda Kowalska_messageInput'

2021-12-19 14:11:32 - [MESSAGE][PASSED] - Text 'c' is set on object 'Object Repository/Page_PSTO webMessenger - Zalogowano/input_Magda Kowalska_messageInput'

2021-12-19 14:11:32 - [TEST_STEP][PASSED] - click(findTestObject("Page_PSTO webMessenger - Zalogowano/img_Magda Kowalska_sendButton")): Object: 'Object Repository/Page_PSTO webMessenger - Zalogowano/img_Magda Kowalska_sendButton' is clicked on

2021-12-19 14:11:33 - [MESSAGE][PASSED] - Object: 'Object Repository/Page_PSTO webMessenger - Zalogowano/img_Magda Kowalska_sendButton' is clicked on

2021-12-19 14:11:33 - [TEST_STEP][PASSED] - setText(findTestObject("Page_PSTO webMessenger - Zalogowano/input_Magda Kowalska_messageInput"), "c"): Text 'c' is set on object 'Object Repository/Page_PSTO webMessenger - Zalogowano/input_Magda Kowalska_messageInput'

2021-12-19 14:11:34 - [MESSAGE][PASSED] - Text 'c' is set on object 'Object Repository/Page_PSTO webMessenger - Zalogowano/input_Magda Kowalska_messageInput'

2021-12-19 14:11:34 - [TEST_STEP][PASSED] - click(findTestObject("Page_PSTO webMessenger - Zalogowano/img_Magda Kowalska_sendButton")): Object: 'Object Repository/Page_PSTO webMessenger - Zalogowano/img_Magda Kowalska_sendButton' is clicked on

2021-12-19 14:11:35 - [MESSAGE][PASSED] - Object: 'Object Repository/Page_PSTO webMessenger - Zalogowano/img_Magda Kowalska_sendButton' is clicked on

2021-12-19 14:11:35 - [TEST_STEP][PASSED] - setText(findTestObject("Page_PSTO webMessenger - Zalogowano/input_Magda Kowalska_messageInput"), "c"): Text 'c' is set on object 'Object Repository/Page_PSTO webMessenger - Zalogowano/input_Magda Kowalska_messageInput'

2021-12-19 14:11:35 - [MESSAGE][PASSED] - Text 'c' is set on object 'Object Repository/Page_PSTO webMessenger - Zalogowano/input_Magda Kowalska_messageInput'

2021-12-19 14:11:35 - [TEST_STEP][PASSED] - click(findTestObject("Page_PSTO webMessenger - Zalogowano/img_Magda Kowalska_sendButton")): Object: 'Object Repository/Page_PSTO webMessenger - Zalogowano/img_Magda Kowalska_sendButton' is clicked on

2021-12-19 14:11:36 - [MESSAGE][PASSED] - Object: 'Object Repository/Page_PSTO webMessenger - Zalogowano/img_Magda Kowalska_sendButton' is clicked on

2021-12-19 14:11:36 - [TEST_STEP][PASSED] - setText(findTestObject("Page_PSTO webMessenger - Zalogowano/input_Magda Kowalska_messageInput"), "c"): Text 'c' is set on object 'Object Repository/Page_PSTO webMessenger - Zalogowano/input_Magda Kowalska_messageInput'

2021-12-19 14:11:37 - [MESSAGE][PASSED] - Text 'c' is set on object 'Object Repository/Page_PSTO webMessenger - Zalogowano/input_Magda Kowalska_messageInput'

2021-12-19 14:11:37 - [TEST_STEP][PASSED] - click(findTestObject("Page_PSTO webMessenger - Zalogowano/img_Magda Kowalska_sendButton")): Object: 'Object Repository/Page_PSTO webMessenger - Zalogowano/img_Magda Kowalska_sendButton' is clicked on

2021-12-19 14:11:37 - [MESSAGE][PASSED] - Object: 'Object Repository/Page_PSTO webMessenger - Zalogowano/img_Magda Kowalska_sendButton' is clicked on

2021-12-19 14:11:37 - [TEST_STEP][PASSED] - setText(findTestObject("Page_PSTO webMessenger - Zalogowano/input_Magda Kowalska_messageInput"), "c"): Text 'c' is set on object 'Object Repository/Page_PSTO webMessenger - Zalogowano/input_Magda Kowalska_messageInput'

2021-12-19 14:11:38 - [MESSAGE][PASSED] - Text 'c' is set on object 'Object Repository/Page_PSTO webMessenger - Zalogowano/input_Magda Kowalska_messageInput'

2021-12-19 14:11:38 - [TEST_STEP][PASSED] - click(findTestObject("Page_PSTO webMessenger - Zalogowano/img_Magda Kowalska_sendButton")): Object: 'Object Repository/Page_PSTO webMessenger - Zalogowano/img_Magda Kowalska_sendButton' is clicked on

2021-12-19 14:11:39 - [MESSAGE][PASSED] - Object: 'Object Repository/Page_PSTO webMessenger - Zalogowano/img_Magda Kowalska_sendButton' is clicked on

2021-12-19 14:11:39 - [TEST_STEP][PASSED] - setText(findTestObject("Page_PSTO webMessenger - Zalogowano/input_Magda Kowalska_messageInput"), "c"): Text 'c' is set on object 'Object Repository/Page_PSTO webMessenger - Zalogowano/input_Magda Kowalska_messageInput'

2021-12-19 14:11:40 - [MESSAGE][PASSED] - Text 'c' is set on object 'Object Repository/Page_PSTO webMessenger - Zalogowano/input_Magda Kowalska_messageInput'

2021-12-19 14:11:40 - [TEST_STEP][PASSED] - click(findTestObject("Page_PSTO webMessenger - Zalogowano/img_Magda Kowalska_sendButton")): Object: 'Object Repository/Page_PSTO webMessenger - Zalogowano/img_Magda Kowalska_sendButton' is clicked on

2021-12-19 14:11:40 - [MESSAGE][PASSED] - Object: 'Object Repository/Page_PSTO webMessenger - Zalogowano/img_Magda Kowalska_sendButton' is clicked on

2021-12-19 14:11:40 - [TEST_STEP][PASSED] - setText(findTestObject("Page_PSTO webMessenger - Zalogowano/input_Magda Kowalska_messageInput"), "c"): Text 'c' is set on object 'Object Repository/Page_PSTO webMessenger - Zalogowano/input_Magda Kowalska_messageInput'

2021-12-19 14:11:41 - [MESSAGE][PASSED] - Text 'c' is set on object 'Object Repository/Page_PSTO webMessenger - Zalogowano/input_Magda Kowalska_messageInput'

2021-12-19 14:11:41 - [TEST_STEP][PASSED] - click(findTestObject("Page_PSTO webMessenger - Zalogowano/img_Magda Kowalska_sendButton")): Object: 'Object Repository/Page_PSTO webMessenger - Zalogowano/img_Magda Kowalska_sendButton' is clicked on

2021-12-19 14:11:42 - [MESSAGE][PASSED] - Object: 'Object Repository/Page_PSTO webMessenger - Zalogowano/img_Magda Kowalska_sendButton' is clicked on

2021-12-19 14:11:42 - [TEST_STEP][PASSED] - setText(findTestObject("Page_PSTO webMessenger - Zalogowano/input_Magda Kowalska_messageInput"), "c"): Text 'c' is set on object 'Object Repository/Page_PSTO webMessenger - Zalogowano/input_Magda Kowalska_messageInput'

2021-12-19 14:11:42 - [MESSAGE][PASSED] - Text 'c' is set on object 'Object Repository/Page_PSTO webMessenger - Zalogowano/input_Magda Kowalska_messageInput'

2021-12-19 14:11:42 - [TEST_STEP][PASSED] - click(findTestObject("Page_PSTO webMessenger - Zalogowano/img_Magda Kowalska_sendButton")): Object: 'Object Repository/Page_PSTO webMessenger - Zalogowano/img_Magda Kowalska_sendButton' is clicked on

2021-12-19 14:11:43 - [MESSAGE][PASSED] - Object: 'Object Repository/Page_PSTO webMessenger - Zalogowano/img_Magda Kowalska_sendButton' is clicked on

2021-12-19 14:11:43 - [TEST_STEP][PASSED] - setText(findTestObject("Page_PSTO webMessenger - Zalogowano/input_Magda Kowalska_messageInput"), "c"): Text 'c' is set on object 'Object Repository/Page_PSTO webMessenger - Zalogowano/input_Magda Kowalska_messageInput'

2021-12-19 14:11:45 - [MESSAGE][PASSED] - Text 'c' is set on object 'Object Repository/Page_PSTO webMessenger - Zalogowano/input_Magda Kowalska_messageInput'

2021-12-19 14:11:45 - [TEST_STEP][PASSED] - click(findTestObject("Page_PSTO webMessenger - Zalogowano/img_Magda Kowalska_sendButton")): Object: 'Object Repository/Page_PSTO webMessenger - Zalogowano/img_Magda Kowalska_sendButton' is clicked on

2021-12-19 14:11:46 - [MESSAGE][PASSED] - Object: 'Object Repository/Page_PSTO webMessenger - Zalogowano/img_Magda Kowalska_sendButton' is clicked on

2021-12-19 14:11:46 - [TEST_STEP][PASSED] - setText(findTestObject("Page_PSTO webMessenger - Zalogowano/input_Magda Kowalska_messageInput"), "c"): Text 'c' is set on object 'Object Repository/Page_PSTO webMessenger - Zalogowano/input_Magda Kowalska_messageInput'

2021-12-19 14:11:46 - [MESSAGE][PASSED] - Text 'c' is set on object 'Object Repository/Page_PSTO webMessenger - Zalogowano/input_Magda Kowalska_messageInput'

2021-12-19 14:11:46 - [TEST_STEP][PASSED] - click(findTestObject("Page_PSTO webMessenger - Zalogowano/img_Magda Kowalska_sendButton")): Object: 'Object Repository/Page_PSTO webMessenger - Zalogowano/img_Magda Kowalska_sendButton' is clicked on

2021-12-19 14:11:47 - [MESSAGE][PASSED] - Object: 'Object Repository/Page_PSTO webMessenger - Zalogowano/img_Magda Kowalska_sendButton' is clicked on

2021-12-19 14:11:47 - [TEST_STEP][PASSED] - setText(findTestObject("Page_PSTO webMessenger - Zalogowano/input_Magda Kowalska_messageInput"), "c"): Text 'c' is set on object 'Object Repository/Page_PSTO webMessenger - Zalogowano/input_Magda Kowalska_messageInput'

2021-12-19 14:11:48 - [MESSAGE][PASSED] - Text 'c' is set on object 'Object Repository/Page_PSTO webMessenger - Zalogowano/input_Magda Kowalska_messageInput'

2021-12-19 14:11:48 - [TEST_STEP][PASSED] - click(findTestObject("Page_PSTO webMessenger - Zalogowano/img_Magda Kowalska_sendButton")): Object: 'Object Repository/Page_PSTO webMessenger - Zalogowano/img_Magda Kowalska_sendButton' is clicked on

2021-12-19 14:11:48 - [MESSAGE][PASSED] - Object: 'Object Repository/Page_PSTO webMessenger - Zalogowano/img_Magda Kowalska_sendButton' is clicked on

2021-12-19 14:11:48 - [TEST_STEP][PASSED] - setText(findTestObject("Page_PSTO webMessenger - Zalogowano/input_Magda Kowalska_messageInput"), "c"): Text 'c' is set on object 'Object Repository/Page_PSTO webMessenger - Zalogowano/input_Magda Kowalska_messageInput'

2021-12-19 14:11:50 - [MESSAGE][PASSED] - Text 'c' is set on object 'Object Repository/Page_PSTO webMessenger - Zalogowano/input_Magda Kowalska_messageInput'

2021-12-19 14:11:50 - [TEST_STEP][PASSED] - click(findTestObject("Page_PSTO webMessenger - Zalogowano/img_Magda Kowalska_sendButton")): Object: 'Object Repository/Page_PSTO webMessenger - Zalogowano/img_Magda Kowalska_sendButton' is clicked on

2021-12-19 14:11:50 - [MESSAGE][PASSED] - Object: 'Object Repository/Page_PSTO webMessenger - Zalogowano/img_Magda Kowalska_sendButton' is clicked on

2021-12-19 14:11:50 - [TEST_STEP][PASSED] - setText(findTestObject("Page_PSTO webMessenger - Zalogowano/input_Magda Kowalska_messageInput"), "c"): Text 'c' is set on object 'Object Repository/Page_PSTO webMessenger - Zalogowano/input_Magda Kowalska_messageInput'

2021-12-19 14:11:51 - [MESSAGE][PASSED] - Text 'c' is set on object 'Object Repository/Page_PSTO webMessenger - Zalogowano/input_Magda Kowalska_messageInput'

2021-12-19 14:11:51 - [TEST_STEP][PASSED] - click(findTestObject("Page_PSTO webMessenger - Zalogowano/img_Magda Kowalska_sendButton")): Object: 'Object Repository/Page_PSTO webMessenger - Zalogowano/img_Magda Kowalska_sendButton' is clicked on

2021-12-19 14:11:52 - [MESSAGE][PASSED] - Object: 'Object Repository/Page_PSTO webMessenger - Zalogowano/img_Magda Kowalska_sendButton' is clicked on

2021-12-19 14:11:52 - [TEST_STEP][PASSED] - setText(findTestObject("Page_PSTO webMessenger - Zalogowano/input_Magda Kowalska_messageInput"), "c"): Text 'c' is set on object 'Object Repository/Page_PSTO webMessenger - Zalogowano/input_Magda Kowalska_messageInput'

2021-12-19 14:11:52 - [MESSAGE][PASSED] - Text 'c' is set on object 'Object Repository/Page_PSTO webMessenger - Zalogowano/input_Magda Kowalska_messageInput'

2021-12-19 14:11:52 - [TEST_STEP][PASSED] - click(findTestObject("Page_PSTO webMessenger - Zalogowano/img_Magda Kowalska_sendButton")): Object: 'Object Repository/Page_PSTO webMessenger - Zalogowano/img_Magda Kowalska_sendButton' is clicked on

2021-12-19 14:11:53 - [MESSAGE][PASSED] - Object: 'Object Repository/Page_PSTO webMessenger - Zalogowano/img_Magda Kowalska_sendButton' is clicked on

2021-12-19 14:11:53 - [TEST_STEP][PASSED] - setText(findTestObject("Page_PSTO webMessenger - Zalogowano/input_Magda Kowalska_messageInput"), "c"): Text 'c' is set on object 'Object Repository/Page_PSTO webMessenger - Zalogowano/input_Magda Kowalska_messageInput'

2021-12-19 14:11:55 - [MESSAGE][PASSED] - Text 'c' is set on object 'Object Repository/Page_PSTO webMessenger - Zalogowano/input_Magda Kowalska_messageInput'

2021-12-19 14:11:55 - [TEST_STEP][PASSED] - click(findTestObject("Page_PSTO webMessenger - Zalogowano/img_Magda Kowalska_sendButton")): Object: 'Object Repository/Page_PSTO webMessenger - Zalogowano/img_Magda Kowalska_sendButton' is clicked on

2021-12-19 14:11:56 - [MESSAGE][PASSED] - Object: 'Object Repository/Page_PSTO webMessenger - Zalogowano/img_Magda Kowalska_sendButton' is clicked on

2021-12-19 14:11:56 - [TEST_STEP][PASSED] - setText(findTestObject("Page_PSTO webMessenger - Zalogowano/input_Magda Kowalska_messageInput"), "c"): Text 'c' is set on object 'Object Repository/Page_PSTO webMessenger - Zalogowano/input_Magda Kowalska_messageInput'

2021-12-19 14:11:56 - [MESSAGE][PASSED] - Text 'c' is set on object 'Object Repository/Page_PSTO webMessenger - Zalogowano/input_Magda Kowalska_messageInput'

2021-12-19 14:11:56 - [TEST_STEP][PASSED] - click(findTestObject("Page_PSTO webMessenger - Zalogowano/img_Magda Kowalska_sendButton")): Object: 'Object Repository/Page_PSTO webMessenger - Zalogowano/img_Magda Kowalska_sendButton' is clicked on

2021-12-19 14:11:57 - [MESSAGE][PASSED] - Object: 'Object Repository/Page_PSTO webMessenger - Zalogowano/img_Magda Kowalska_sendButton' is clicked on

2021-12-19 14:11:57 - [TEST_STEP][PASSED] - setText(findTestObject("Page_PSTO webMessenger - Zalogowano/input_Magda Kowalska_messageInput"), "c"): Text 'c' is set on object 'Object Repository/Page_PSTO webMessenger - Zalogowano/input_Magda Kowalska_messageInput'

2021-12-19 14:11:58 - [MESSAGE][PASSED] - Text 'c' is set on object 'Object Repository/Page_PSTO webMessenger - Zalogowano/input_Magda Kowalska_messageInput'

2021-12-19 14:11:58 - [TEST_STEP][PASSED] - click(findTestObject("Page_PSTO webMessenger - Zalogowano/img_Magda Kowalska_sendButton")): Object: 'Object Repository/Page_PSTO webMessenger - Zalogowano/img_Magda Kowalska_sendButton' is clicked on

2021-12-19 14:11:58 - [MESSAGE][PASSED] - Object: 'Object Repository/Page_PSTO webMessenger - Zalogowano/img_Magda Kowalska_sendButton' is clicked on

2021-12-19 14:11:58 - [TEST_STEP][PASSED] - setText(findTestObject("Page_PSTO webMessenger - Zalogowano/input_Magda Kowalska_messageInput"), "c"): Text 'c' is set on object 'Object Repository/Page_PSTO webMessenger - Zalogowano/input_Magda Kowalska_messageInput'

2021-12-19 14:12:00 - [MESSAGE][PASSED] - Text 'c' is set on object 'Object Repository/Page_PSTO webMessenger - Zalogowano/input_Magda Kowalska_messageInput'

2021-12-19 14:12:00 - [TEST_STEP][PASSED] - click(findTestObject("Page_PSTO webMessenger - Zalogowano/img_Magda Kowalska_sendButton")): Object: 'Object Repository/Page_PSTO webMessenger - Zalogowano/img_Magda Kowalska_sendButton' is clicked on

2021-12-19 14:12:00 - [MESSAGE][PASSED] - Object: 'Object Repository/Page_PSTO webMessenger - Zalogowano/img_Magda Kowalska_sendButton' is clicked on

2021-12-19 14:12:01 - [TEST_STEP][PASSED] - setText(findTestObject("Page_PSTO webMessenger - Zalogowano/input_Magda Kowalska_messageInput"), "c"): Text 'c' is set on object 'Object Repository/Page_PSTO webMessenger - Zalogowano/input_Magda Kowalska_messageInput'

2021-12-19 14:12:01 - [MESSAGE][PASSED] - Text 'c' is set on object 'Object Repository/Page_PSTO webMessenger - Zalogowano/input_Magda Kowalska_messageInput'

2021-12-19 14:12:01 - [TEST_STEP][PASSED] - click(findTestObject("Page_PSTO webMessenger - Zalogowano/img_Magda Kowalska_sendButton")): Object: 'Object Repository/Page_PSTO webMessenger - Zalogowano/img_Magda Kowalska_sendButton' is clicked on

2021-12-19 14:12:02 - [MESSAGE][PASSED] - Object: 'Object Repository/Page_PSTO webMessenger - Zalogowano/img_Magda Kowalska_sendButton' is clicked on

2021-12-19 14:12:02 - [TEST_STEP][PASSED] - setText(findTestObject("Page_PSTO webMessenger - Zalogowano/input_Magda Kowalska_messageInput"), "c"): Text 'c' is set on object 'Object Repository/Page_PSTO webMessenger - Zalogowano/input_Magda Kowalska_messageInput'

2021-12-19 14:12:03 - [MESSAGE][PASSED] - Text 'c' is set on object 'Object Repository/Page_PSTO webMessenger - Zalogowano/input_Magda Kowalska_messageInput'

2021-12-19 14:12:03 - [TEST_STEP][PASSED] - click(findTestObject("Page_PSTO webMessenger - Zalogowano/img_Magda Kowalska_sendButton")): Object: 'Object Repository/Page_PSTO webMessenger - Zalogowano/img_Magda Kowalska_sendButton' is clicked on

2021-12-19 14:12:03 - [MESSAGE][PASSED] - Object: 'Object Repository/Page_PSTO webMessenger - Zalogowano/img_Magda Kowalska_sendButton' is clicked on

2021-12-19 14:12:03 - [TEST_STEP][PASSED] - setText(findTestObject("Page_PSTO webMessenger - Zalogowano/input_Magda Kowalska_messageInput"), "c"): Text 'c' is set on object 'Object Repository/Page_PSTO webMessenger - Zalogowano/input_Magda Kowalska_messageInput'

2021-12-19 14:12:04 - [MESSAGE][PASSED] - Text 'c' is set on object 'Object Repository/Page_PSTO webMessenger - Zalogowano/input_Magda Kowalska_messageInput'

2021-12-19 14:12:04 - [TEST_STEP][PASSED] - click(findTestObject("Page_PSTO webMessenger - Zalogowano/img_Magda Kowalska_sendButton")): Object: 'Object Repository/Page_PSTO webMessenger - Zalogowano/img_Magda Kowalska_sendButton' is clicked on

2021-12-19 14:12:05 - [MESSAGE][PASSED] - Object: 'Object Repository/Page_PSTO webMessenger - Zalogowano/img_Magda Kowalska_sendButton' is clicked on

2021-12-19 14:12:05 - [TEST_STEP][PASSED] - setText(findTestObject("Page_PSTO webMessenger - Zalogowano/input_Magda Kowalska_messageInput"), "c"): Text 'c' is set on object 'Object Repository/Page_PSTO webMessenger - Zalogowano/input_Magda Kowalska_messageInput'

2021-12-19 14:12:05 - [MESSAGE][PASSED] - Text 'c' is set on object 'Object Repository/Page_PSTO webMessenger - Zalogowano/input_Magda Kowalska_messageInput'

2021-12-19 14:12:05 - [TEST_STEP][PASSED] - click(findTestObject("Page_PSTO webMessenger - Zalogowano/img_Magda Kowalska_sendButton")): Object: 'Object Repository/Page_PSTO webMessenger - Zalogowano/img_Magda Kowalska_sendButton' is clicked on

2021-12-19 14:12:06 - [MESSAGE][PASSED] - Object: 'Object Repository/Page_PSTO webMessenger - Zalogowano/img_Magda Kowalska_sendButton' is clicked on

2021-12-19 14:12:06 - [TEST_STEP][PASSED] - setText(findTestObject("Page_PSTO webMessenger - Zalogowano/input_Magda Kowalska_messageInput"), "c"): Text 'c' is set on object 'Object Repository/Page_PSTO webMessenger - Zalogowano/input_Magda Kowalska_messageInput'

2021-12-19 14:12:07 - [MESSAGE][PASSED] - Text 'c' is set on object 'Object Repository/Page_PSTO webMessenger - Zalogowano/input_Magda Kowalska_messageInput'

2021-12-19 14:12:07 - [TEST_STEP][PASSED] - click(findTestObject("Page_PSTO webMessenger - Zalogowano/img_Magda Kowalska_sendButton")): Object: 'Object Repository/Page_PSTO webMessenger - Zalogowano/img_Magda Kowalska_sendButton' is clicked on

2021-12-19 14:12:07 - [MESSAGE][PASSED] - Object: 'Object Repository/Page_PSTO webMessenger - Zalogowano/img_Magda Kowalska_sendButton' is clicked on

2021-12-19 14:12:07 - [TEST_STEP][PASSED] - setText(findTestObject("Page_PSTO webMessenger - Zalogowano/input_Magda Kowalska_messageInput"), "c"): Text 'c' is set on object 'Object Repository/Page_PSTO webMessenger - Zalogowano/input_Magda Kowalska_messageInput'

2021-12-19 14:12:08 - [MESSAGE][PASSED] - Text 'c' is set on object 'Object Repository/Page_PSTO webMessenger - Zalogowano/input_Magda Kowalska_messageInput'

2021-12-19 14:12:08 - [TEST_STEP][PASSED] - click(findTestObject("Page_PSTO webMessenger - Zalogowano/img_Magda Kowalska_sendButton")): Object: 'Object Repository/Page_PSTO webMessenger - Zalogowano/img_Magda Kowalska_sendButton' is clicked on

2021-12-19 14:12:09 - [MESSAGE][PASSED] - Object: 'Object Repository/Page_PSTO webMessenger - Zalogowano/img_Magda Kowalska_sendButton' is clicked on

2021-12-19 14:12:09 - [TEST_STEP][PASSED] - setText(findTestObject("Page_PSTO webMessenger - Zalogowano/input_Magda Kowalska_messageInput"), "c"): Text 'c' is set on object 'Object Repository/Page_PSTO webMessenger - Zalogowano/input_Magda Kowalska_messageInput'

2021-12-19 14:12:10 - [MESSAGE][PASSED] - Text 'c' is set on object 'Object Repository/Page_PSTO webMessenger - Zalogowano/input_Magda Kowalska_messageInput'

2021-12-19 14:12:10 - [TEST_STEP][PASSED] - click(findTestObject("Page_PSTO webMessenger - Zalogowano/img_Magda Kowalska_sendButton")): Object: 'Object Repository/Page_PSTO webMessenger - Zalogowano/img_Magda Kowalska_sendButton' is clicked on

2021-12-19 14:12:10 - [MESSAGE][PASSED] - Object: 'Object Repository/Page_PSTO webMessenger - Zalogowano/img_Magda Kowalska_sendButton' is clicked on

2021-12-19 14:12:10 - [TEST_STEP][PASSED] - setText(findTestObject("Page_PSTO webMessenger - Zalogowano/input_Magda Kowalska_messageInput"), "c"): Text 'c' is set on object 'Object Repository/Page_PSTO webMessenger - Zalogowano/input_Magda Kowalska_messageInput'

2021-12-19 14:12:11 - [MESSAGE][PASSED] - Text 'c' is set on object 'Object Repository/Page_PSTO webMessenger - Zalogowano/input_Magda Kowalska_messageInput'

2021-12-19 14:12:11 - [TEST_STEP][PASSED] - click(findTestObject("Page_PSTO webMessenger - Zalogowano/img_Magda Kowalska_sendButton")): Object: 'Object Repository/Page_PSTO webMessenger - Zalogowano/img_Magda Kowalska_sendButton' is clicked on

2021-12-19 14:12:12 - [MESSAGE][PASSED] - Object: 'Object Repository/Page_PSTO webMessenger - Zalogowano/img_Magda Kowalska_sendButton' is clicked on

2021-12-19 14:12:12 - [TEST_STEP][PASSED] - setText(findTestObject("Page_PSTO webMessenger - Zalogowano/input_Magda Kowalska_messageInput"), "c"): Text 'c' is set on object 'Object Repository/Page_PSTO webMessenger - Zalogowano/input_Magda Kowalska_messageInput'

2021-12-19 14:12:12 - [MESSAGE][PASSED] - Text 'c' is set on object 'Object Repository/Page_PSTO webMessenger - Zalogowano/input_Magda Kowalska_messageInput'

2021-12-19 14:12:12 - [TEST_STEP][PASSED] - click(findTestObject("Page_PSTO webMessenger - Zalogowano/img_Magda Kowalska_sendButton")): Object: 'Object Repository/Page_PSTO webMessenger - Zalogowano/img_Magda Kowalska_sendButton' is clicked on

2021-12-19 14:12:13 - [MESSAGE][PASSED] - Object: 'Object Repository/Page_PSTO webMessenger - Zalogowano/img_Magda Kowalska_sendButton' is clicked on

2021-12-19 14:12:13 - [TEST_STEP][PASSED] - setText(findTestObject("Page_PSTO webMessenger - Zalogowano/input_Magda Kowalska_messageInput"), "c"): Text 'c' is set on object 'Object Repository/Page_PSTO webMessenger - Zalogowano/input_Magda Kowalska_messageInput'

2021-12-19 14:12:14 - [MESSAGE][PASSED] - Text 'c' is set on object 'Object Repository/Page_PSTO webMessenger - Zalogowano/input_Magda Kowalska_messageInput'

2021-12-19 14:12:14 - [TEST_STEP][PASSED] - click(findTestObject("Page_PSTO webMessenger - Zalogowano/img_Magda Kowalska_sendButton")): Object: 'Object Repository/Page_PSTO webMessenger - Zalogowano/img_Magda Kowalska_sendButton' is clicked on

2021-12-19 14:12:15 - [MESSAGE][PASSED] - Object: 'Object Repository/Page_PSTO webMessenger - Zalogowano/img_Magda Kowalska_sendButton' is clicked on

2021-12-19 14:12:15 - [TEST_STEP][PASSED] - setText(findTestObject("Page_PSTO webMessenger - Zalogowano/input_Magda Kowalska_messageInput"), "c"): Text 'c' is set on object 'Object Repository/Page_PSTO webMessenger - Zalogowano/input_Magda Kowalska_messageInput'

2021-12-19 14:12:15 - [MESSAGE][PASSED] - Text 'c' is set on object 'Object Repository/Page_PSTO webMessenger - Zalogowano/input_Magda Kowalska_messageInput'

2021-12-19 14:12:15 - [TEST_STEP][PASSED] - click(findTestObject("Page_PSTO webMessenger - Zalogowano/img_Magda Kowalska_sendButton")): Object: 'Object Repository/Page_PSTO webMessenger - Zalogowano/img_Magda Kowalska_sendButton' is clicked on

2021-12-19 14:12:16 - [MESSAGE][PASSED] - Object: 'Object Repository/Page_PSTO webMessenger - Zalogowano/img_Magda Kowalska_sendButton' is clicked on

2021-12-19 14:12:16 - [TEST_STEP][PASSED] - setText(findTestObject("Page_PSTO webMessenger - Zalogowano/input_Magda Kowalska_messageInput"), "c"): Text 'c' is set on object 'Object Repository/Page_PSTO webMessenger - Zalogowano/input_Magda Kowalska_messageInput'

2021-12-19 14:12:17 - [MESSAGE][PASSED] - Text 'c' is set on object 'Object Repository/Page_PSTO webMessenger - Zalogowano/input_Magda Kowalska_messageInput'

2021-12-19 14:12:17 - [TEST_STEP][PASSED] - click(findTestObject("Page_PSTO webMessenger - Zalogowano/img_Magda Kowalska_sendButton")): Object: 'Object Repository/Page_PSTO webMessenger - Zalogowano/img_Magda Kowalska_sendButton' is clicked on

2021-12-19 14:12:17 - [MESSAGE][PASSED] - Object: 'Object Repository/Page_PSTO webMessenger - Zalogowano/img_Magda Kowalska_sendButton' is clicked on

2021-12-19 14:12:17 - [TEST_STEP][PASSED] - setText(findTestObject("Page_PSTO webMessenger - Zalogowano/input_Magda Kowalska_messageInput"), "c"): Text 'c' is set on object 'Object Repository/Page_PSTO webMessenger - Zalogowano/input_Magda Kowalska_messageInput'

2021-12-19 14:12:18 - [MESSAGE][PASSED] - Text 'c' is set on object 'Object Repository/Page_PSTO webMessenger - Zalogowano/input_Magda Kowalska_messageInput'

2021-12-19 14:12:18 - [TEST_STEP][PASSED] - click(findTestObject("Page_PSTO webMessenger - Zalogowano/img_Magda Kowalska_sendButton")): Object: 'Object Repository/Page_PSTO webMessenger - Zalogowano/img_Magda Kowalska_sendButton' is clicked on

2021-12-19 14:12:19 - [MESSAGE][PASSED] - Object: 'Object Repository/Page_PSTO webMessenger - Zalogowano/img_Magda Kowalska_sendButton' is clicked on

2021-12-19 14:12:19 - [TEST_STEP][PASSED] - setText(findTestObject("Page_PSTO webMessenger - Zalogowano/input_Magda Kowalska_messageInput"), "c"): Text 'c' is set on object 'Object Repository/Page_PSTO webMessenger - Zalogowano/input_Magda Kowalska_messageInput'

2021-12-19 14:12:20 - [MESSAGE][PASSED] - Text 'c' is set on object 'Object Repository/Page_PSTO webMessenger - Zalogowano/input_Magda Kowalska_messageInput'

2021-12-19 14:12:20 - [TEST_STEP][PASSED] - click(findTestObject("Page_PSTO webMessenger - Zalogowano/img_Magda Kowalska_sendButton")): Object: 'Object Repository/Page_PSTO webMessenger - Zalogowano/img_Magda Kowalska_sendButton' is clicked on

2021-12-19 14:12:20 - [MESSAGE][PASSED] - Object: 'Object Repository/Page_PSTO webMessenger - Zalogowano/img_Magda Kowalska_sendButton' is clicked on

2021-12-19 14:12:20 - [TEST_STEP][PASSED] - setText(findTestObject("Page_PSTO webMessenger - Zalogowano/input_Magda Kowalska_messageInput"), "c"): Text 'c' is set on object 'Object Repository/Page_PSTO webMessenger - Zalogowano/input_Magda Kowalska_messageInput'

2021-12-19 14:12:21 - [MESSAGE][PASSED] - Text 'c' is set on object 'Object Repository/Page_PSTO webMessenger - Zalogowano/input_Magda Kowalska_messageInput'

2021-12-19 14:12:21 - [TEST_STEP][PASSED] - click(findTestObject("Page_PSTO webMessenger - Zalogowano/img_Magda Kowalska_sendButton")): Object: 'Object Repository/Page_PSTO webMessenger - Zalogowano/img_Magda Kowalska_sendButton' is clicked on

2021-12-19 14:12:22 - [MESSAGE][PASSED] - Object: 'Object Repository/Page_PSTO webMessenger - Zalogowano/img_Magda Kowalska_sendButton' is clicked on

2021-12-19 14:12:22 - [TEST_STEP][PASSED] - setText(findTestObject("Page_PSTO webMessenger - Zalogowano/input_Magda Kowalska_messageInput"), "c"): Text 'c' is set on object 'Object Repository/Page_PSTO webMessenger - Zalogowano/input_Magda Kowalska_messageInput'

2021-12-19 14:12:22 - [MESSAGE][PASSED] - Text 'c' is set on object 'Object Repository/Page_PSTO webMessenger - Zalogowano/input_Magda Kowalska_messageInput'

2021-12-19 14:12:22 - [TEST_STEP][PASSED] - click(findTestObject("Page_PSTO webMessenger - Zalogowano/img_Magda Kowalska_sendButton")): Object: 'Object Repository/Page_PSTO webMessenger - Zalogowano/img_Magda Kowalska_sendButton' is clicked on

2021-12-19 14:12:23 - [MESSAGE][PASSED] - Object: 'Object Repository/Page_PSTO webMessenger - Zalogowano/img_Magda Kowalska_sendButton' is clicked on

2021-12-19 14:12:23 - [TEST_STEP][PASSED] - setText(findTestObject("Page_PSTO webMessenger - Zalogowano/input_Magda Kowalska_messageInput"), "c"): Text 'c' is set on object 'Object Repository/Page_PSTO webMessenger - Zalogowano/input_Magda Kowalska_messageInput'

2021-12-19 14:12:24 - [MESSAGE][PASSED] - Text 'c' is set on object 'Object Repository/Page_PSTO webMessenger - Zalogowano/input_Magda Kowalska_messageInput'

2021-12-19 14:12:24 - [TEST_STEP][PASSED] - click(findTestObject("Page_PSTO webMessenger - Zalogowano/img_Magda Kowalska_sendButton")): Object: 'Object Repository/Page_PSTO webMessenger - Zalogowano/img_Magda Kowalska_sendButton' is clicked on

2021-12-19 14:12:25 - [MESSAGE][PASSED] - Object: 'Object Repository/Page_PSTO webMessenger - Zalogowano/img_Magda Kowalska_sendButton' is clicked on

2021-12-19 14:12:25 - [TEST_STEP][PASSED] - setText(findTestObject("Page_PSTO webMessenger - Zalogowano/input_Magda Kowalska_messageInput"), "c"): Text 'c' is set on object 'Object Repository/Page_PSTO webMessenger - Zalogowano/input_Magda Kowalska_messageInput'

2021-12-19 14:12:25 - [MESSAGE][PASSED] - Text 'c' is set on object 'Object Repository/Page_PSTO webMessenger - Zalogowano/input_Magda Kowalska_messageInput'

2021-12-19 14:12:25 - [TEST_STEP][PASSED] - click(findTestObject("Page_PSTO webMessenger - Zalogowano/img_Magda Kowalska_sendButton")): Object: 'Object Repository/Page_PSTO webMessenger - Zalogowano/img_Magda Kowalska_sendButton' is clicked on

2021-12-19 14:12:26 - [MESSAGE][PASSED] - Object: 'Object Repository/Page_PSTO webMessenger - Zalogowano/img_Magda Kowalska_sendButton' is clicked on

2021-12-19 14:12:26 - [TEST_STEP][PASSED] - setText(findTestObject("Page_PSTO webMessenger - Zalogowano/input_Magda Kowalska_messageInput"), "c"): Text 'c' is set on object 'Object Repository/Page_PSTO webMessenger - Zalogowano/input_Magda Kowalska_messageInput'

2021-12-19 14:12:27 - [MESSAGE][PASSED] - Text 'c' is set on object 'Object Repository/Page_PSTO webMessenger - Zalogowano/input_Magda Kowalska_messageInput'

2021-12-19 14:12:27 - [TEST_STEP][PASSED] - click(findTestObject("Page_PSTO webMessenger - Zalogowano/img_Magda Kowalska_sendButton")): Object: 'Object Repository/Page_PSTO webMessenger - Zalogowano/img_Magda Kowalska_sendButton' is clicked on

2021-12-19 14:12:27 - [MESSAGE][PASSED] - Object: 'Object Repository/Page_PSTO webMessenger - Zalogowano/img_Magda Kowalska_sendButton' is clicked on

2021-12-19 14:12:27 - [TEST_STEP][PASSED] - setText(findTestObject("Page_PSTO webMessenger - Zalogowano/input_Magda Kowalska_messageInput"), "c"): Text 'c' is set on object 'Object Repository/Page_PSTO webMessenger - Zalogowano/input_Magda Kowalska_messageInput'

2021-12-19 14:12:28 - [MESSAGE][PASSED] - Text 'c' is set on object 'Object Repository/Page_PSTO webMessenger - Zalogowano/input_Magda Kowalska_messageInput'

2021-12-19 14:12:28 - [TEST_STEP][PASSED] - click(findTestObject("Page_PSTO webMessenger - Zalogowano/img_Magda Kowalska_sendButton")): Object: 'Object Repository/Page_PSTO webMessenger - Zalogowano/img_Magda Kowalska_sendButton' is clicked on

2021-12-19 14:12:29 - [MESSAGE][PASSED] - Object: 'Object Repository/Page_PSTO webMessenger - Zalogowano/img_Magda Kowalska_sendButton' is clicked on

2021-12-19 14:12:29 - [TEST_STEP][PASSED] - setText(findTestObject("Page_PSTO webMessenger - Zalogowano/input_Magda Kowalska_messageInput"), "c"): Text 'c' is set on object 'Object Repository/Page_PSTO webMessenger - Zalogowano/input_Magda Kowalska_messageInput'

2021-12-19 14:12:30 - [MESSAGE][PASSED] - Text 'c' is set on object 'Object Repository/Page_PSTO webMessenger - Zalogowano/input_Magda Kowalska_messageInput'

2021-12-19 14:12:30 - [TEST_STEP][PASSED] - click(findTestObject("Page_PSTO webMessenger - Zalogowano/img_Magda Kowalska_sendButton")): Object: 'Object Repository/Page_PSTO webMessenger - Zalogowano/img_Magda Kowalska_sendButton' is clicked on

2021-12-19 14:12:30 - [MESSAGE][PASSED] - Object: 'Object Repository/Page_PSTO webMessenger - Zalogowano/img_Magda Kowalska_sendButton' is clicked on

2021-12-19 14:12:30 - [TEST_STEP][PASSED] - setText(findTestObject("Page_PSTO webMessenger - Zalogowano/input_Magda Kowalska_messageInput"), "c"): Text 'c' is set on object 'Object Repository/Page_PSTO webMessenger - Zalogowano/input_Magda Kowalska_messageInput'

2021-12-19 14:12:31 - [MESSAGE][PASSED] - Text 'c' is set on object 'Object Repository/Page_PSTO webMessenger - Zalogowano/input_Magda Kowalska_messageInput'

2021-12-19 14:12:31 - [TEST_STEP][PASSED] - click(findTestObject("Page_PSTO webMessenger - Zalogowano/img_Magda Kowalska_sendButton")): Object: 'Object Repository/Page_PSTO webMessenger - Zalogowano/img_Magda Kowalska_sendButton' is clicked on

2021-12-19 14:12:32 - [MESSAGE][PASSED] - Object: 'Object Repository/Page_PSTO webMessenger - Zalogowano/img_Magda Kowalska_sendButton' is clicked on

2021-12-19 14:12:32 - [TEST_STEP][PASSED] - setText(findTestObject("Page_PSTO webMessenger - Zalogowano/input_Magda Kowalska_messageInput"), "c"): Text 'c' is set on object 'Object Repository/Page_PSTO webMessenger - Zalogowano/input_Magda Kowalska_messageInput'

2021-12-19 14:12:32 - [MESSAGE][PASSED] - Text 'c' is set on object 'Object Repository/Page_PSTO webMessenger - Zalogowano/input_Magda Kowalska_messageInput'

2021-12-19 14:12:32 - [TEST_STEP][PASSED] - click(findTestObject("Page_PSTO webMessenger - Zalogowano/img_Magda Kowalska_sendButton")): Object: 'Object Repository/Page_PSTO webMessenger - Zalogowano/img_Magda Kowalska_sendButton' is clicked on

2021-12-19 14:12:33 - [MESSAGE][PASSED] - Object: 'Object Repository/Page_PSTO webMessenger - Zalogowano/img_Magda Kowalska_sendButton' is clicked on

2021-12-19 14:12:33 - [TEST_STEP][PASSED] - setText(findTestObject("Page_PSTO webMessenger - Zalogowano/input_Magda Kowalska_messageInput"), "c"): Text 'c' is set on object 'Object Repository/Page_PSTO webMessenger - Zalogowano/input_Magda Kowalska_messageInput'

2021-12-19 14:12:34 - [MESSAGE][PASSED] - Text 'c' is set on object 'Object Repository/Page_PSTO webMessenger - Zalogowano/input_Magda Kowalska_messageInput'

2021-12-19 14:12:34 - [TEST_STEP][PASSED] - click(findTestObject("Page_PSTO webMessenger - Zalogowano/img_Magda Kowalska_sendButton")): Object: 'Object Repository/Page_PSTO webMessenger - Zalogowano/img_Magda Kowalska_sendButton' is clicked on

2021-12-19 14:12:35 - [MESSAGE][PASSED] - Object: 'Object Repository/Page_PSTO webMessenger - Zalogowano/img_Magda Kowalska_sendButton' is clicked on

2021-12-19 14:12:35 - [TEST_STEP][PASSED] - setText(findTestObject("Page_PSTO webMessenger - Zalogowano/input_Magda Kowalska_messageInput"), "c"): Text 'c' is set on object 'Object Repository/Page_PSTO webMessenger - Zalogowano/input_Magda Kowalska_messageInput'

2021-12-19 14:12:35 - [MESSAGE][PASSED] - Text 'c' is set on object 'Object Repository/Page_PSTO webMessenger - Zalogowano/input_Magda Kowalska_messageInput'

2021-12-19 14:12:35 - [TEST_STEP][PASSED] - click(findTestObject("Page_PSTO webMessenger - Zalogowano/img_Magda Kowalska_sendButton")): Object: 'Object Repository/Page_PSTO webMessenger - Zalogowano/img_Magda Kowalska_sendButton' is clicked on

2021-12-19 14:12:36 - [MESSAGE][PASSED] - Object: 'Object Repository/Page_PSTO webMessenger - Zalogowano/img_Magda Kowalska_sendButton' is clicked on

2021-12-19 14:12:36 - [TEST_STEP][PASSED] - setText(findTestObject("Page_PSTO webMessenger - Zalogowano/input_Magda Kowalska_messageInput"), "c"): Text 'c' is set on object 'Object Repository/Page_PSTO webMessenger - Zalogowano/input_Magda Kowalska_messageInput'

2021-12-19 14:12:37 - [MESSAGE][PASSED] - Text 'c' is set on object 'Object Repository/Page_PSTO webMessenger - Zalogowano/input_Magda Kowalska_messageInput'

2021-12-19 14:12:37 - [TEST_STEP][PASSED] - click(findTestObject("Page_PSTO webMessenger - Zalogowano/img_Magda Kowalska_sendButton")): Object: 'Object Repository/Page_PSTO webMessenger - Zalogowano/img_Magda Kowalska_sendButton' is clicked on

2021-12-19 14:12:37 - [MESSAGE][PASSED] - Object: 'Object Repository/Page_PSTO webMessenger - Zalogowano/img_Magda Kowalska_sendButton' is clicked on

2021-12-19 14:12:37 - [TEST_STEP][PASSED] - setText(findTestObject("Page_PSTO webMessenger - Zalogowano/input_Magda Kowalska_messageInput"), "c"): Text 'c' is set on object 'Object Repository/Page_PSTO webMessenger - Zalogowano/input_Magda Kowalska_messageInput'

2021-12-19 14:12:38 - [MESSAGE][PASSED] - Text 'c' is set on object 'Object Repository/Page_PSTO webMessenger - Zalogowano/input_Magda Kowalska_messageInput'

2021-12-19 14:12:38 - [TEST_STEP][PASSED] - click(findTestObject("Page_PSTO webMessenger - Zalogowano/img_Magda Kowalska_sendButton")): Object: 'Object Repository/Page_PSTO webMessenger - Zalogowano/img_Magda Kowalska_sendButton' is clicked on

2021-12-19 14:12:39 - [MESSAGE][PASSED] - Object: 'Object Repository/Page_PSTO webMessenger - Zalogowano/img_Magda Kowalska_sendButton' is clicked on

2021-12-19 14:12:39 - [TEST_STEP][PASSED] - setText(findTestObject("Page_PSTO webMessenger - Zalogowano/input_Magda Kowalska_messageInput"), "c"): Text 'c' is set on object 'Object Repository/Page_PSTO webMessenger - Zalogowano/input_Magda Kowalska_messageInput'

2021-12-19 14:12:40 - [MESSAGE][PASSED] - Text 'c' is set on object 'Object Repository/Page_PSTO webMessenger - Zalogowano/input_Magda Kowalska_messageInput'

2021-12-19 14:12:40 - [TEST_STEP][PASSED] - click(findTestObject("Page_PSTO webMessenger - Zalogowano/img_Magda Kowalska_sendButton")): Object: 'Object Repository/Page_PSTO webMessenger - Zalogowano/img_Magda Kowalska_sendButton' is clicked on

2021-12-19 14:12:40 - [MESSAGE][PASSED] - Object: 'Object Repository/Page_PSTO webMessenger - Zalogowano/img_Magda Kowalska_sendButton' is clicked on

2021-12-19 14:12:40 - [TEST_STEP][PASSED] - setText(findTestObject("Page_PSTO webMessenger - Zalogowano/input_Magda Kowalska_messageInput"), "c"): Text 'c' is set on object 'Object Repository/Page_PSTO webMessenger - Zalogowano/input_Magda Kowalska_messageInput'

2021-12-19 14:12:41 - [MESSAGE][PASSED] - Text 'c' is set on object 'Object Repository/Page_PSTO webMessenger - Zalogowano/input_Magda Kowalska_messageInput'

2021-12-19 14:12:41 - [TEST_STEP][PASSED] - click(findTestObject("Page_PSTO webMessenger - Zalogowano/img_Magda Kowalska_sendButton")): Object: 'Object Repository/Page_PSTO webMessenger - Zalogowano/img_Magda Kowalska_sendButton' is clicked on

2021-12-19 14:12:42 - [MESSAGE][PASSED] - Object: 'Object Repository/Page_PSTO webMessenger - Zalogowano/img_Magda Kowalska_sendButton' is clicked on

2021-12-19 14:12:42 - [TEST_STEP][PASSED] - setText(findTestObject("Page_PSTO webMessenger - Zalogowano/input_Magda Kowalska_messageInput"), "c"): Text 'c' is set on object 'Object Repository/Page_PSTO webMessenger - Zalogowano/input_Magda Kowalska_messageInput'

2021-12-19 14:12:42 - [MESSAGE][PASSED] - Text 'c' is set on object 'Object Repository/Page_PSTO webMessenger - Zalogowano/input_Magda Kowalska_messageInput'

2021-12-19 14:12:42 - [TEST_STEP][PASSED] - click(findTestObject("Page_PSTO webMessenger - Zalogowano/img_Magda Kowalska_sendButton")): Object: 'Object Repository/Page_PSTO webMessenger - Zalogowano/img_Magda Kowalska_sendButton' is clicked on

2021-12-19 14:12:43 - [MESSAGE][PASSED] - Object: 'Object Repository/Page_PSTO webMessenger - Zalogowano/img_Magda Kowalska_sendButton' is clicked on

2021-12-19 14:12:43 - [TEST_STEP][PASSED] - setText(findTestObject("Page_PSTO webMessenger - Zalogowano/input_Magda Kowalska_messageInput"), "c"): Text 'c' is set on object 'Object Repository/Page_PSTO webMessenger - Zalogowano/input_Magda Kowalska_messageInput'

2021-12-19 14:12:44 - [MESSAGE][PASSED] - Text 'c' is set on object 'Object Repository/Page_PSTO webMessenger - Zalogowano/input_Magda Kowalska_messageInput'

2021-12-19 14:12:44 - [TEST_STEP][PASSED] - click(findTestObject("Page_PSTO webMessenger - Zalogowano/img_Magda Kowalska_sendButton")): Object: 'Object Repository/Page_PSTO webMessenger - Zalogowano/img_Magda Kowalska_sendButton' is clicked on

2021-12-19 14:12:45 - [MESSAGE][PASSED] - Object: 'Object Repository/Page_PSTO webMessenger - Zalogowano/img_Magda Kowalska_sendButton' is clicked on

2021-12-19 14:12:45 - [TEST_STEP][PASSED] - setText(findTestObject("Page_PSTO webMessenger - Zalogowano/input_Magda Kowalska_messageInput"), "c"): Text 'c' is set on object 'Object Repository/Page_PSTO webMessenger - Zalogowano/input_Magda Kowalska_messageInput'

2021-12-19 14:12:46 - [MESSAGE][PASSED] - Text 'c' is set on object 'Object Repository/Page_PSTO webMessenger - Zalogowano/input_Magda Kowalska_messageInput'

2021-12-19 14:12:46 - [TEST_STEP][PASSED] - click(findTestObject("Page_PSTO webMessenger - Zalogowano/img_Magda Kowalska_sendButton")): Object: 'Object Repository/Page_PSTO webMessenger - Zalogowano/img_Magda Kowalska_sendButton' is clicked on

2021-12-19 14:12:46 - [MESSAGE][PASSED] - Object: 'Object Repository/Page_PSTO webMessenger - Zalogowano/img_Magda Kowalska_sendButton' is clicked on

2021-12-19 14:12:46 - [TEST_STEP][PASSED] - setText(findTestObject("Page_PSTO webMessenger - Zalogowano/input_Magda Kowalska_messageInput"), "c"): Text 'c' is set on object 'Object Repository/Page_PSTO webMessenger - Zalogowano/input_Magda Kowalska_messageInput'

2021-12-19 14:12:47 - [MESSAGE][PASSED] - Text 'c' is set on object 'Object Repository/Page_PSTO webMessenger - Zalogowano/input_Magda Kowalska_messageInput'

2021-12-19 14:12:47 - [TEST_STEP][PASSED] - click(findTestObject("Page_PSTO webMessenger - Zalogowano/img_Magda Kowalska_sendButton")): Object: 'Object Repository/Page_PSTO webMessenger - Zalogowano/img_Magda Kowalska_sendButton' is clicked on

2021-12-19 14:12:47 - [MESSAGE][PASSED] - Object: 'Object Repository/Page_PSTO webMessenger - Zalogowano/img_Magda Kowalska_sendButton' is clicked on

2021-12-19 14:12:48 - [TEST_STEP][PASSED] - setText(findTestObject("Page_PSTO webMessenger - Zalogowano/input_Magda Kowalska_messageInput"), "c"): Text 'c' is set on object 'Object Repository/Page_PSTO webMessenger - Zalogowano/input_Magda Kowalska_messageInput'

2021-12-19 14:12:48 - [MESSAGE][PASSED] - Text 'c' is set on object 'Object Repository/Page_PSTO webMessenger - Zalogowano/input_Magda Kowalska_messageInput'

2021-12-19 14:12:48 - [TEST_STEP][PASSED] - click(findTestObject("Page_PSTO webMessenger - Zalogowano/img_Magda Kowalska_sendButton")): Object: 'Object Repository/Page_PSTO webMessenger - Zalogowano/img_Magda Kowalska_sendButton' is clicked on

2021-12-19 14:12:49 - [MESSAGE][PASSED] - Object: 'Object Repository/Page_PSTO webMessenger - Zalogowano/img_Magda Kowalska_sendButton' is clicked on

2021-12-19 14:12:49 - [TEST_STEP][PASSED] - setText(findTestObject("Page_PSTO webMessenger - Zalogowano/input_Magda Kowalska_messageInput"), "c"): Text 'c' is set on object 'Object Repository/Page_PSTO webMessenger - Zalogowano/input_Magda Kowalska_messageInput'

2021-12-19 14:12:50 - [MESSAGE][PASSED] - Text 'c' is set on object 'Object Repository/Page_PSTO webMessenger - Zalogowano/input_Magda Kowalska_messageInput'

2021-12-19 14:12:50 - [TEST_STEP][PASSED] - click(findTestObject("Page_PSTO webMessenger - Zalogowano/img_Magda Kowalska_sendButton")): Object: 'Object Repository/Page_PSTO webMessenger - Zalogowano/img_Magda Kowalska_sendButton' is clicked on

2021-12-19 14:12:50 - [MESSAGE][PASSED] - Object: 'Object Repository/Page_PSTO webMessenger - Zalogowano/img_Magda Kowalska_sendButton' is clicked on

2021-12-19 14:12:50 - [TEST_STEP][PASSED] - setText(findTestObject("Page_PSTO webMessenger - Zalogowano/input_Magda Kowalska_messageInput"), "c"): Text 'c' is set on object 'Object Repository/Page_PSTO webMessenger - Zalogowano/input_Magda Kowalska_messageInput'

2021-12-19 14:12:51 - [MESSAGE][PASSED] - Text 'c' is set on object 'Object Repository/Page_PSTO webMessenger - Zalogowano/input_Magda Kowalska_messageInput'

2021-12-19 14:12:51 - [TEST_STEP][PASSED] - click(findTestObject("Page_PSTO webMessenger - Zalogowano/img_Magda Kowalska_sendButton")): Object: 'Object Repository/Page_PSTO webMessenger - Zalogowano/img_Magda Kowalska_sendButton' is clicked on

2021-12-19 14:12:52 - [MESSAGE][PASSED] - Object: 'Object Repository/Page_PSTO webMessenger - Zalogowano/img_Magda Kowalska_sendButton' is clicked on

2021-12-19 14:12:52 - [TEST_STEP][PASSED] - setText(findTestObject("Page_PSTO webMessenger - Zalogowano/input_Magda Kowalska_messageInput"), "c"): Text 'c' is set on object 'Object Repository/Page_PSTO webMessenger - Zalogowano/input_Magda Kowalska_messageInput'

2021-12-19 14:12:52 - [MESSAGE][PASSED] - Text 'c' is set on object 'Object Repository/Page_PSTO webMessenger - Zalogowano/input_Magda Kowalska_messageInput'

2021-12-19 14:12:52 - [TEST_STEP][PASSED] - click(findTestObject("Page_PSTO webMessenger - Zalogowano/img_Magda Kowalska_sendButton")): Object: 'Object Repository/Page_PSTO webMessenger - Zalogowano/img_Magda Kowalska_sendButton' is clicked on

2021-12-19 14:12:53 - [MESSAGE][PASSED] - Object: 'Object Repository/Page_PSTO webMessenger - Zalogowano/img_Magda Kowalska_sendButton' is clicked on

2021-12-19 14:12:53 - [TEST_STEP][PASSED] - setText(findTestObject("Page_PSTO webMessenger - Zalogowano/input_Magda Kowalska_messageInput"), "c"): Text 'c' is set on object 'Object Repository/Page_PSTO webMessenger - Zalogowano/input_Magda Kowalska_messageInput'

2021-12-19 14:12:54 - [MESSAGE][PASSED] - Text 'c' is set on object 'Object Repository/Page_PSTO webMessenger - Zalogowano/input_Magda Kowalska_messageInput'

2021-12-19 14:12:54 - [TEST_STEP][PASSED] - click(findTestObject("Page_PSTO webMessenger - Zalogowano/img_Magda Kowalska_sendButton")): Object: 'Object Repository/Page_PSTO webMessenger - Zalogowano/img_Magda Kowalska_sendButton' is clicked on

2021-12-19 14:12:55 - [MESSAGE][PASSED] - Object: 'Object Repository/Page_PSTO webMessenger - Zalogowano/img_Magda Kowalska_sendButton' is clicked on

2021-12-19 14:12:55 - [TEST_STEP][PASSED] - setText(findTestObject("Page_PSTO webMessenger - Zalogowano/input_Magda Kowalska_messageInput"), "c"): Text 'c' is set on object 'Object Repository/Page_PSTO webMessenger - Zalogowano/input_Magda Kowalska_messageInput'

2021-12-19 14:12:56 - [MESSAGE][PASSED] - Text 'c' is set on object 'Object Repository/Page_PSTO webMessenger - Zalogowano/input_Magda Kowalska_messageInput'

2021-12-19 14:12:56 - [TEST_STEP][PASSED] - click(findTestObject("Page_PSTO webMessenger - Zalogowano/img_Magda Kowalska_sendButton")): Object: 'Object Repository/Page_PSTO webMessenger - Zalogowano/img_Magda Kowalska_sendButton' is clicked on

2021-12-19 14:12:56 - [MESSAGE][PASSED] - Object: 'Object Repository/Page_PSTO webMessenger - Zalogowano/img_Magda Kowalska_sendButton' is clicked on

2021-12-19 14:12:56 - [TEST_STEP][PASSED] - setText(findTestObject("Page_PSTO webMessenger - Zalogowano/input_Magda Kowalska_messageInput"), "c"): Text 'c' is set on object 'Object Repository/Page_PSTO webMessenger - Zalogowano/input_Magda Kowalska_messageInput'

2021-12-19 14:12:57 - [MESSAGE][PASSED] - Text 'c' is set on object 'Object Repository/Page_PSTO webMessenger - Zalogowano/input_Magda Kowalska_messageInput'

2021-12-19 14:12:57 - [TEST_STEP][PASSED] - click(findTestObject("Page_PSTO webMessenger - Zalogowano/img_Magda Kowalska_sendButton")): Object: 'Object Repository/Page_PSTO webMessenger - Zalogowano/img_Magda Kowalska_sendButton' is clicked on

2021-12-19 14:12:57 - [MESSAGE][PASSED] - Object: 'Object Repository/Page_PSTO webMessenger - Zalogowano/img_Magda Kowalska_sendButton' is clicked on

2021-12-19 14:12:57 - [TEST_STEP][PASSED] - setText(findTestObject("Page_PSTO webMessenger - Zalogowano/input_Magda Kowalska_messageInput"), "c"): Text 'c' is set on object 'Object Repository/Page_PSTO webMessenger - Zalogowano/input_Magda Kowalska_messageInput'

2021-12-19 14:12:58 - [MESSAGE][PASSED] - Text 'c' is set on object 'Object Repository/Page_PSTO webMessenger - Zalogowano/input_Magda Kowalska_messageInput'

2021-12-19 14:12:58 - [TEST_STEP][PASSED] - click(findTestObject("Page_PSTO webMessenger - Zalogowano/img_Magda Kowalska_sendButton")): Object: 'Object Repository/Page_PSTO webMessenger - Zalogowano/img_Magda Kowalska_sendButton' is clicked on

2021-12-19 14:12:59 - [MESSAGE][PASSED] - Object: 'Object Repository/Page_PSTO webMessenger - Zalogowano/img_Magda Kowalska_sendButton' is clicked on

2021-12-19 14:12:59 - [TEST_STEP][PASSED] - setText(findTestObject("Page_PSTO webMessenger - Zalogowano/input_Magda Kowalska_messageInput"), "c"): Text 'c' is set on object 'Object Repository/Page_PSTO webMessenger - Zalogowano/input_Magda Kowalska_messageInput'

2021-12-19 14:13:00 - [MESSAGE][PASSED] - Text 'c' is set on object 'Object Repository/Page_PSTO webMessenger - Zalogowano/input_Magda Kowalska_messageInput'

2021-12-19 14:13:00 - [TEST_STEP][PASSED] - click(findTestObject("Page_PSTO webMessenger - Zalogowano/img_Magda Kowalska_sendButton")): Object: 'Object Repository/Page_PSTO webMessenger - Zalogowano/img_Magda Kowalska_sendButton' is clicked on

2021-12-19 14:13:01 - [MESSAGE][PASSED] - Object: 'Object Repository/Page_PSTO webMessenger - Zalogowano/img_Magda Kowalska_sendButton' is clicked on

2021-12-19 14:13:01 - [TEST_STEP][PASSED] - setText(findTestObject("Page_PSTO webMessenger - Zalogowano/input_Magda Kowalska_messageInput"), "c"): Text 'c' is set on object 'Object Repository/Page_PSTO webMessenger - Zalogowano/input_Magda Kowalska_messageInput'

2021-12-19 14:13:01 - [MESSAGE][PASSED] - Text 'c' is set on object 'Object Repository/Page_PSTO webMessenger - Zalogowano/input_Magda Kowalska_messageInput'

2021-12-19 14:13:01 - [TEST_STEP][PASSED] - click(findTestObject("Page_PSTO webMessenger - Zalogowano/img_Magda Kowalska_sendButton")): Object: 'Object Repository/Page_PSTO webMessenger - Zalogowano/img_Magda Kowalska_sendButton' is clicked on

2021-12-19 14:13:02 - [MESSAGE][PASSED] - Object: 'Object Repository/Page_PSTO webMessenger - Zalogowano/img_Magda Kowalska_sendButton' is clicked on

2021-12-19 14:13:02 - [TEST_STEP][PASSED] - setText(findTestObject("Page_PSTO webMessenger - Zalogowano/input_Magda Kowalska_messageInput"), "c"): Text 'c' is set on object 'Object Repository/Page_PSTO webMessenger - Zalogowano/input_Magda Kowalska_messageInput'

2021-12-19 14:13:03 - [MESSAGE][PASSED] - Text 'c' is set on object 'Object Repository/Page_PSTO webMessenger - Zalogowano/input_Magda Kowalska_messageInput'

2021-12-19 14:13:03 - [TEST_STEP][PASSED] - click(findTestObject("Page_PSTO webMessenger - Zalogowano/img_Magda Kowalska_sendButton")): Object: 'Object Repository/Page_PSTO webMessenger - Zalogowano/img_Magda Kowalska_sendButton' is clicked on

2021-12-19 14:13:03 - [MESSAGE][PASSED] - Object: 'Object Repository/Page_PSTO webMessenger - Zalogowano/img_Magda Kowalska_sendButton' is clicked on

2021-12-19 14:13:03 - [TEST_STEP][PASSED] - setText(findTestObject("Page_PSTO webMessenger - Zalogowano/input_Magda Kowalska_messageInput"), "c"): Text 'c' is set on object 'Object Repository/Page_PSTO webMessenger - Zalogowano/input_Magda Kowalska_messageInput'

2021-12-19 14:13:04 - [MESSAGE][PASSED] - Text 'c' is set on object 'Object Repository/Page_PSTO webMessenger - Zalogowano/input_Magda Kowalska_messageInput'

2021-12-19 14:13:04 - [TEST_STEP][PASSED] - click(findTestObject("Page_PSTO webMessenger - Zalogowano/img_Magda Kowalska_sendButton")): Object: 'Object Repository/Page_PSTO webMessenger - Zalogowano/img_Magda Kowalska_sendButton' is clicked on

2021-12-19 14:13:05 - [MESSAGE][PASSED] - Object: 'Object Repository/Page_PSTO webMessenger - Zalogowano/img_Magda Kowalska_sendButton' is clicked on

2021-12-19 14:13:05 - [TEST_STEP][PASSED] - setText(findTestObject("Page_PSTO webMessenger - Zalogowano/input_Magda Kowalska_messageInput"), "c"): Text 'c' is set on object 'Object Repository/Page_PSTO webMessenger - Zalogowano/input_Magda Kowalska_messageInput'

2021-12-19 14:13:06 - [MESSAGE][PASSED] - Text 'c' is set on object 'Object Repository/Page_PSTO webMessenger - Zalogowano/input_Magda Kowalska_messageInput'

2021-12-19 14:13:06 - [TEST_STEP][PASSED] - click(findTestObject("Page_PSTO webMessenger - Zalogowano/img_Magda Kowalska_sendButton")): Object: 'Object Repository/Page_PSTO webMessenger - Zalogowano/img_Magda Kowalska_sendButton' is clicked on

2021-12-19 14:13:06 - [MESSAGE][PASSED] - Object: 'Object Repository/Page_PSTO webMessenger - Zalogowano/img_Magda Kowalska_sendButton' is clicked on

2021-12-19 14:13:06 - [TEST_STEP][PASSED] - setText(findTestObject("Page_PSTO webMessenger - Zalogowano/input_Magda Kowalska_messageInput"), "c"): Text 'c' is set on object 'Object Repository/Page_PSTO webMessenger - Zalogowano/input_Magda Kowalska_messageInput'

2021-12-19 14:13:07 - [MESSAGE][PASSED] - Text 'c' is set on object 'Object Repository/Page_PSTO webMessenger - Zalogowano/input_Magda Kowalska_messageInput'

2021-12-19 14:13:07 - [TEST_STEP][PASSED] - click(findTestObject("Page_PSTO webMessenger - Zalogowano/img_Magda Kowalska_sendButton")): Object: 'Object Repository/Page_PSTO webMessenger - Zalogowano/img_Magda Kowalska_sendButton' is clicked on

2021-12-19 14:13:08 - [MESSAGE][PASSED] - Object: 'Object Repository/Page_PSTO webMessenger - Zalogowano/img_Magda Kowalska_sendButton' is clicked on

2021-12-19 14:13:08 - [TEST_STEP][PASSED] - setText(findTestObject("Page_PSTO webMessenger - Zalogowano/input_Magda Kowalska_messageInput"), "c"): Text 'c' is set on object 'Object Repository/Page_PSTO webMessenger - Zalogowano/input_Magda Kowalska_messageInput'

2021-12-19 14:13:08 - [MESSAGE][PASSED] - Text 'c' is set on object 'Object Repository/Page_PSTO webMessenger - Zalogowano/input_Magda Kowalska_messageInput'

2021-12-19 14:13:08 - [TEST_STEP][PASSED] - click(findTestObject("Page_PSTO webMessenger - Zalogowano/img_Magda Kowalska_sendButton")): Object: 'Object Repository/Page_PSTO webMessenger - Zalogowano/img_Magda Kowalska_sendButton' is clicked on

2021-12-19 14:13:09 - [MESSAGE][PASSED] - Object: 'Object Repository/Page_PSTO webMessenger - Zalogowano/img_Magda Kowalska_sendButton' is clicked on

2021-12-19 14:13:09 - [TEST_STEP][PASSED] - setText(findTestObject("Page_PSTO webMessenger - Zalogowano/input_Magda Kowalska_messageInput"), "c"): Text 'c' is set on object 'Object Repository/Page_PSTO webMessenger - Zalogowano/input_Magda Kowalska_messageInput'

2021-12-19 14:13:10 - [MESSAGE][PASSED] - Text 'c' is set on object 'Object Repository/Page_PSTO webMessenger - Zalogowano/input_Magda Kowalska_messageInput'

2021-12-19 14:13:10 - [TEST_STEP][PASSED] - click(findTestObject("Page_PSTO webMessenger - Zalogowano/img_Magda Kowalska_sendButton")): Object: 'Object Repository/Page_PSTO webMessenger - Zalogowano/img_Magda Kowalska_sendButton' is clicked on

2021-12-19 14:13:10 - [MESSAGE][PASSED] - Object: 'Object Repository/Page_PSTO webMessenger - Zalogowano/img_Magda Kowalska_sendButton' is clicked on

2021-12-19 14:13:10 - [TEST_STEP][PASSED] - setText(findTestObject("Page_PSTO webMessenger - Zalogowano/input_Magda Kowalska_messageInput"), "c"): Text 'c' is set on object 'Object Repository/Page_PSTO webMessenger - Zalogowano/input_Magda Kowalska_messageInput'

2021-12-19 14:13:11 - [MESSAGE][PASSED] - Text 'c' is set on object 'Object Repository/Page_PSTO webMessenger - Zalogowano/input_Magda Kowalska_messageInput'

2021-12-19 14:13:11 - [TEST_STEP][PASSED] - click(findTestObject("Page_PSTO webMessenger - Zalogowano/img_Magda Kowalska_sendButton")): Object: 'Object Repository/Page_PSTO webMessenger - Zalogowano/img_Magda Kowalska_sendButton' is clicked on

2021-12-19 14:13:12 - [MESSAGE][PASSED] - Object: 'Object Repository/Page_PSTO webMessenger - Zalogowano/img_Magda Kowalska_sendButton' is clicked on

2021-12-19 14:13:12 - [TEST_STEP][PASSED] - setText(findTestObject("Page_PSTO webMessenger - Zalogowano/input_Magda Kowalska_messageInput"), "c"): Text 'c' is set on object 'Object Repository/Page_PSTO webMessenger - Zalogowano/input_Magda Kowalska_messageInput'

2021-12-19 14:13:13 - [MESSAGE][PASSED] - Text 'c' is set on object 'Object Repository/Page_PSTO webMessenger - Zalogowano/input_Magda Kowalska_messageInput'

2021-12-19 14:13:13 - [TEST_STEP][PASSED] - click(findTestObject("Page_PSTO webMessenger - Zalogowano/img_Magda Kowalska_sendButton")): Object: 'Object Repository/Page_PSTO webMessenger - Zalogowano/img_Magda Kowalska_sendButton' is clicked on

2021-12-19 14:13:13 - [MESSAGE][PASSED] - Object: 'Object Repository/Page_PSTO webMessenger - Zalogowano/img_Magda Kowalska_sendButton' is clicked on

2021-12-19 14:13:13 - [TEST_STEP][PASSED] - setText(findTestObject("Page_PSTO webMessenger - Zalogowano/input_Magda Kowalska_messageInput"), "c"): Text 'c' is set on object 'Object Repository/Page_PSTO webMessenger - Zalogowano/input_Magda Kowalska_messageInput'

2021-12-19 14:13:14 - [MESSAGE][PASSED] - Text 'c' is set on object 'Object Repository/Page_PSTO webMessenger - Zalogowano/input_Magda Kowalska_messageInput'

2021-12-19 14:13:14 - [TEST_STEP][PASSED] - click(findTestObject("Page_PSTO webMessenger - Zalogowano/img_Magda Kowalska_sendButton")): Object: 'Object Repository/Page_PSTO webMessenger - Zalogowano/img_Magda Kowalska_sendButton' is clicked on

2021-12-19 14:13:15 - [MESSAGE][PASSED] - Object: 'Object Repository/Page_PSTO webMessenger - Zalogowano/img_Magda Kowalska_sendButton' is clicked on

2021-12-19 14:13:15 - [TEST_STEP][PASSED] - setText(findTestObject("Page_PSTO webMessenger - Zalogowano/input_Magda Kowalska_messageInput"), "c"): Text 'c' is set on object 'Object Repository/Page_PSTO webMessenger - Zalogowano/input_Magda Kowalska_messageInput'

2021-12-19 14:13:15 - [MESSAGE][PASSED] - Text 'c' is set on object 'Object Repository/Page_PSTO webMessenger - Zalogowano/input_Magda Kowalska_messageInput'

2021-12-19 14:13:15 - [TEST_STEP][PASSED] - click(findTestObject("Page_PSTO webMessenger - Zalogowano/img_Magda Kowalska_sendButton")): Object: 'Object Repository/Page_PSTO webMessenger - Zalogowano/img_Magda Kowalska_sendButton' is clicked on

2021-12-19 14:13:16 - [MESSAGE][PASSED] - Object: 'Object Repository/Page_PSTO webMessenger - Zalogowano/img_Magda Kowalska_sendButton' is clicked on

2021-12-19 14:13:16 - [TEST_STEP][PASSED] - setText(findTestObject("Page_PSTO webMessenger - Zalogowano/input_Magda Kowalska_messageInput"), "c"): Text 'c' is set on object 'Object Repository/Page_PSTO webMessenger - Zalogowano/input_Magda Kowalska_messageInput'

2021-12-19 14:13:17 - [MESSAGE][PASSED] - Text 'c' is set on object 'Object Repository/Page_PSTO webMessenger - Zalogowano/input_Magda Kowalska_messageInput'

2021-12-19 14:13:17 - [TEST_STEP][PASSED] - click(findTestObject("Page_PSTO webMessenger - Zalogowano/img_Magda Kowalska_sendButton")): Object: 'Object Repository/Page_PSTO webMessenger - Zalogowano/img_Magda Kowalska_sendButton' is clicked on

2021-12-19 14:13:17 - [MESSAGE][PASSED] - Object: 'Object Repository/Page_PSTO webMessenger - Zalogowano/img_Magda Kowalska_sendButton' is clicked on

2021-12-19 14:13:18 - [TEST_STEP][PASSED] - setText(findTestObject("Page_PSTO webMessenger - Zalogowano/input_Magda Kowalska_messageInput"), "c"): Text 'c' is set on object 'Object Repository/Page_PSTO webMessenger - Zalogowano/input_Magda Kowalska_messageInput'

2021-12-19 14:13:18 - [MESSAGE][PASSED] - Text 'c' is set on object 'Object Repository/Page_PSTO webMessenger - Zalogowano/input_Magda Kowalska_messageInput'

2021-12-19 14:13:18 - [TEST_STEP][PASSED] - click(findTestObject("Page_PSTO webMessenger - Zalogowano/img_Magda Kowalska_sendButton")): Object: 'Object Repository/Page_PSTO webMessenger - Zalogowano/img_Magda Kowalska_sendButton' is clicked on

2021-12-19 14:13:19 - [MESSAGE][PASSED] - Object: 'Object Repository/Page_PSTO webMessenger - Zalogowano/img_Magda Kowalska_sendButton' is clicked on

2021-12-19 14:13:19 - [TEST_STEP][PASSED] - setText(findTestObject("Page_PSTO webMessenger - Zalogowano/input_Magda Kowalska_messageInput"), "c"): Text 'c' is set on object 'Object Repository/Page_PSTO webMessenger - Zalogowano/input_Magda Kowalska_messageInput'

2021-12-19 14:13:20 - [MESSAGE][PASSED] - Text 'c' is set on object 'Object Repository/Page_PSTO webMessenger - Zalogowano/input_Magda Kowalska_messageInput'

2021-12-19 14:13:20 - [TEST_STEP][PASSED] - click(findTestObject("Page_PSTO webMessenger - Zalogowano/img_Magda Kowalska_sendButton")): Object: 'Object Repository/Page_PSTO webMessenger - Zalogowano/img_Magda Kowalska_sendButton' is clicked on

2021-12-19 14:13:21 - [MESSAGE][PASSED] - Object: 'Object Repository/Page_PSTO webMessenger - Zalogowano/img_Magda Kowalska_sendButton' is clicked on

2021-12-19 14:13:21 - [TEST_STEP][PASSED] - setText(findTestObject("Page_PSTO webMessenger - Zalogowano/input_Magda Kowalska_messageInput"), "c"): Text 'c' is set on object 'Object Repository/Page_PSTO webMessenger - Zalogowano/input_Magda Kowalska_messageInput'

2021-12-19 14:13:21 - [MESSAGE][PASSED] - Text 'c' is set on object 'Object Repository/Page_PSTO webMessenger - Zalogowano/input_Magda Kowalska_messageInput'

2021-12-19 14:13:21 - [TEST_STEP][PASSED] - click(findTestObject("Page_PSTO webMessenger - Zalogowano/img_Magda Kowalska_sendButton")): Object: 'Object Repository/Page_PSTO webMessenger - Zalogowano/img_Magda Kowalska_sendButton' is clicked on

2021-12-19 14:13:22 - [MESSAGE][PASSED] - Object: 'Object Repository/Page_PSTO webMessenger - Zalogowano/img_Magda Kowalska_sendButton' is clicked on

2021-12-19 14:13:22 - [TEST_STEP][PASSED] - setText(findTestObject("Page_PSTO webMessenger - Zalogowano/input_Magda Kowalska_messageInput"), "c"): Text 'c' is set on object 'Object Repository/Page_PSTO webMessenger - Zalogowano/input_Magda Kowalska_messageInput'

2021-12-19 14:13:23 - [MESSAGE][PASSED] - Text 'c' is set on object 'Object Repository/Page_PSTO webMessenger - Zalogowano/input_Magda Kowalska_messageInput'

2021-12-19 14:13:23 - [TEST_STEP][PASSED] - click(findTestObject("Page_PSTO webMessenger - Zalogowano/img_Magda Kowalska_sendButton")): Object: 'Object Repository/Page_PSTO webMessenger - Zalogowano/img_Magda Kowalska_sendButton' is clicked on

2021-12-19 14:13:23 - [MESSAGE][PASSED] - Object: 'Object Repository/Page_PSTO webMessenger - Zalogowano/img_Magda Kowalska_sendButton' is clicked on

2021-12-19 14:13:23 - [TEST_STEP][PASSED] - setText(findTestObject("Page_PSTO webMessenger - Zalogowano/input_Magda Kowalska_messageInput"), "c"): Text 'c' is set on object 'Object Repository/Page_PSTO webMessenger - Zalogowano/input_Magda Kowalska_messageInput'

2021-12-19 14:13:24 - [MESSAGE][PASSED] - Text 'c' is set on object 'Object Repository/Page_PSTO webMessenger - Zalogowano/input_Magda Kowalska_messageInput'

2021-12-19 14:13:24 - [TEST_STEP][PASSED] - click(findTestObject("Page_PSTO webMessenger - Zalogowano/img_Magda Kowalska_sendButton")): Object: 'Object Repository/Page_PSTO webMessenger - Zalogowano/img_Magda Kowalska_sendButton' is clicked on

2021-12-19 14:13:25 - [MESSAGE][PASSED] - Object: 'Object Repository/Page_PSTO webMessenger - Zalogowano/img_Magda Kowalska_sendButton' is clicked on

2021-12-19 14:13:25 - [TEST_STEP][PASSED] - setText(findTestObject("Page_PSTO webMessenger - Zalogowano/input_Magda Kowalska_messageInput"), "c"): Text 'c' is set on object 'Object Repository/Page_PSTO webMessenger - Zalogowano/input_Magda Kowalska_messageInput'

2021-12-19 14:13:26 - [MESSAGE][PASSED] - Text 'c' is set on object 'Object Repository/Page_PSTO webMessenger - Zalogowano/input_Magda Kowalska_messageInput'

2021-12-19 14:13:26 - [TEST_STEP][PASSED] - click(findTestObject("Page_PSTO webMessenger - Zalogowano/img_Magda Kowalska_sendButton")): Object: 'Object Repository/Page_PSTO webMessenger - Zalogowano/img_Magda Kowalska_sendButton' is clicked on

2021-12-19 14:13:26 - [MESSAGE][PASSED] - Object: 'Object Repository/Page_PSTO webMessenger - Zalogowano/img_Magda Kowalska_sendButton' is clicked on

2021-12-19 14:13:26 - [TEST_STEP][PASSED] - setText(findTestObject("Page_PSTO webMessenger - Zalogowano/input_Magda Kowalska_messageInput"), "c"): Text 'c' is set on object 'Object Repository/Page_PSTO webMessenger - Zalogowano/input_Magda Kowalska_messageInput'

2021-12-19 14:13:27 - [MESSAGE][PASSED] - Text 'c' is set on object 'Object Repository/Page_PSTO webMessenger - Zalogowano/input_Magda Kowalska_messageInput'

2021-12-19 14:13:27 - [TEST_STEP][PASSED] - click(findTestObject("Page_PSTO webMessenger - Zalogowano/img_Magda Kowalska_sendButton")): Object: 'Object Repository/Page_PSTO webMessenger - Zalogowano/img_Magda Kowalska_sendButton' is clicked on

2021-12-19 14:13:28 - [MESSAGE][PASSED] - Object: 'Object Repository/Page_PSTO webMessenger - Zalogowano/img_Magda Kowalska_sendButton' is clicked on

2021-12-19 14:13:28 - [TEST_STEP][PASSED] - setText(findTestObject("Page_PSTO webMessenger - Zalogowano/input_Magda Kowalska_messageInput"), "c"): Text 'c' is set on object 'Object Repository/Page_PSTO webMessenger - Zalogowano/input_Magda Kowalska_messageInput'

2021-12-19 14:13:28 - [MESSAGE][PASSED] - Text 'c' is set on object 'Object Repository/Page_PSTO webMessenger - Zalogowano/input_Magda Kowalska_messageInput'

2021-12-19 14:13:28 - [TEST_STEP][PASSED] - click(findTestObject("Page_PSTO webMessenger - Zalogowano/img_Magda Kowalska_sendButton")): Object: 'Object Repository/Page_PSTO webMessenger - Zalogowano/img_Magda Kowalska_sendButton' is clicked on

2021-12-19 14:13:29 - [MESSAGE][PASSED] - Object: 'Object Repository/Page_PSTO webMessenger - Zalogowano/img_Magda Kowalska_sendButton' is clicked on

2021-12-19 14:13:29 - [TEST_STEP][PASSED] - setText(findTestObject("Page_PSTO webMessenger - Zalogowano/input_Magda Kowalska_messageInput"), "c"): Text 'c' is set on object 'Object Repository/Page_PSTO webMessenger - Zalogowano/input_Magda Kowalska_messageInput'

2021-12-19 14:13:30 - [MESSAGE][PASSED] - Text 'c' is set on object 'Object Repository/Page_PSTO webMessenger - Zalogowano/input_Magda Kowalska_messageInput'

2021-12-19 14:13:30 - [TEST_STEP][PASSED] - click(findTestObject("Page_PSTO webMessenger - Zalogowano/img_Magda Kowalska_sendButton")): Object: 'Object Repository/Page_PSTO webMessenger - Zalogowano/img_Magda Kowalska_sendButton' is clicked on

2021-12-19 14:13:31 - [MESSAGE][PASSED] - Object: 'Object Repository/Page_PSTO webMessenger - Zalogowano/img_Magda Kowalska_sendButton' is clicked on

2021-12-19 14:13:31 - [TEST_STEP][PASSED] - setText(findTestObject("Page_PSTO webMessenger - Zalogowano/input_Magda Kowalska_messageInput"), "c"): Text 'c' is set on object 'Object Repository/Page_PSTO webMessenger - Zalogowano/input_Magda Kowalska_messageInput'

2021-12-19 14:13:31 - [MESSAGE][PASSED] - Text 'c' is set on object 'Object Repository/Page_PSTO webMessenger - Zalogowano/input_Magda Kowalska_messageInput'

2021-12-19 14:13:31 - [TEST_STEP][PASSED] - click(findTestObject("Page_PSTO webMessenger - Zalogowano/img_Magda Kowalska_sendButton")): Object: 'Object Repository/Page_PSTO webMessenger - Zalogowano/img_Magda Kowalska_sendButton' is clicked on

2021-12-19 14:13:32 - [MESSAGE][PASSED] - Object: 'Object Repository/Page_PSTO webMessenger - Zalogowano/img_Magda Kowalska_sendButton' is clicked on

2021-12-19 14:13:32 - [TEST_STEP][PASSED] - setText(findTestObject("Page_PSTO webMessenger - Zalogowano/input_Magda Kowalska_messageInput"), "c"): Text 'c' is set on object 'Object Repository/Page_PSTO webMessenger - Zalogowano/input_Magda Kowalska_messageInput'

2021-12-19 14:13:33 - [MESSAGE][PASSED] - Text 'c' is set on object 'Object Repository/Page_PSTO webMessenger - Zalogowano/input_Magda Kowalska_messageInput'

2021-12-19 14:13:33 - [TEST_STEP][PASSED] - click(findTestObject("Page_PSTO webMessenger - Zalogowano/img_Magda Kowalska_sendButton")): Object: 'Object Repository/Page_PSTO webMessenger - Zalogowano/img_Magda Kowalska_sendButton' is clicked on

2021-12-19 14:13:33 - [MESSAGE][PASSED] - Object: 'Object Repository/Page_PSTO webMessenger - Zalogowano/img_Magda Kowalska_sendButton' is clicked on

2021-12-19 14:13:33 - [TEST_STEP][PASSED] - setText(findTestObject("Page_PSTO webMessenger - Zalogowano/input_Magda Kowalska_messageInput"), "c"): Text 'c' is set on object 'Object Repository/Page_PSTO webMessenger - Zalogowano/input_Magda Kowalska_messageInput'

2021-12-19 14:13:34 - [MESSAGE][PASSED] - Text 'c' is set on object 'Object Repository/Page_PSTO webMessenger - Zalogowano/input_Magda Kowalska_messageInput'

2021-12-19 14:13:34 - [TEST_STEP][PASSED] - click(findTestObject("Page_PSTO webMessenger - Zalogowano/img_Magda Kowalska_sendButton")): Object: 'Object Repository/Page_PSTO webMessenger - Zalogowano/img_Magda Kowalska_sendButton' is clicked on

2021-12-19 14:13:35 - [MESSAGE][PASSED] - Object: 'Object Repository/Page_PSTO webMessenger - Zalogowano/img_Magda Kowalska_sendButton' is clicked on

2021-12-19 14:13:35 - [TEST_STEP][PASSED] - setText(findTestObject("Page_PSTO webMessenger - Zalogowano/input_Magda Kowalska_messageInput"), "c"): Text 'c' is set on object 'Object Repository/Page_PSTO webMessenger - Zalogowano/input_Magda Kowalska_messageInput'

2021-12-19 14:13:36 - [MESSAGE][PASSED] - Text 'c' is set on object 'Object Repository/Page_PSTO webMessenger - Zalogowano/input_Magda Kowalska_messageInput'

2021-12-19 14:13:36 - [TEST_STEP][PASSED] - click(findTestObject("Page_PSTO webMessenger - Zalogowano/img_Magda Kowalska_sendButton")): Object: 'Object Repository/Page_PSTO webMessenger - Zalogowano/img_Magda Kowalska_sendButton' is clicked on

2021-12-19 14:13:36 - [MESSAGE][PASSED] - Object: 'Object Repository/Page_PSTO webMessenger - Zalogowano/img_Magda Kowalska_sendButton' is clicked on

2021-12-19 14:13:36 - [TEST_STEP][PASSED] - setText(findTestObject("Page_PSTO webMessenger - Zalogowano/input_Magda Kowalska_messageInput"), "c"): Text 'c' is set on object 'Object Repository/Page_PSTO webMessenger - Zalogowano/input_Magda Kowalska_messageInput'

2021-12-19 14:13:37 - [MESSAGE][PASSED] - Text 'c' is set on object 'Object Repository/Page_PSTO webMessenger - Zalogowano/input_Magda Kowalska_messageInput'

2021-12-19 14:13:37 - [TEST_STEP][PASSED] - click(findTestObject("Page_PSTO webMessenger - Zalogowano/img_Magda Kowalska_sendButton")): Object: 'Object Repository/Page_PSTO webMessenger - Zalogowano/img_Magda Kowalska_sendButton' is clicked on

2021-12-19 14:13:38 - [MESSAGE][PASSED] - Object: 'Object Repository/Page_PSTO webMessenger - Zalogowano/img_Magda Kowalska_sendButton' is clicked on

2021-12-19 14:13:38 - [TEST_STEP][PASSED] - setText(findTestObject("Page_PSTO webMessenger - Zalogowano/input_Magda Kowalska_messageInput"), "c"): Text 'c' is set on object 'Object Repository/Page_PSTO webMessenger - Zalogowano/input_Magda Kowalska_messageInput'

2021-12-19 14:13:38 - [MESSAGE][PASSED] - Text 'c' is set on object 'Object Repository/Page_PSTO webMessenger - Zalogowano/input_Magda Kowalska_messageInput'

2021-12-19 14:13:38 - [TEST_STEP][PASSED] - click(findTestObject("Page_PSTO webMessenger - Zalogowano/img_Magda Kowalska_sendButton")): Object: 'Object Repository/Page_PSTO webMessenger - Zalogowano/img_Magda Kowalska_sendButton' is clicked on

2021-12-19 14:13:39 - [MESSAGE][PASSED] - Object: 'Object Repository/Page_PSTO webMessenger - Zalogowano/img_Magda Kowalska_sendButton' is clicked on

2021-12-19 14:13:39 - [TEST_STEP][PASSED] - setText(findTestObject("Page_PSTO webMessenger - Zalogowano/input_Magda Kowalska_messageInput"), "c"): Text 'c' is set on object 'Object Repository/Page_PSTO webMessenger - Zalogowano/input_Magda Kowalska_messageInput'

2021-12-19 14:13:40 - [MESSAGE][PASSED] - Text 'c' is set on object 'Object Repository/Page_PSTO webMessenger - Zalogowano/input_Magda Kowalska_messageInput'

2021-12-19 14:13:40 - [TEST_STEP][PASSED] - click(findTestObject("Page_PSTO webMessenger - Zalogowano/img_Magda Kowalska_sendButton")): Object: 'Object Repository/Page_PSTO webMessenger - Zalogowano/img_Magda Kowalska_sendButton' is clicked on

2021-12-19 14:13:41 - [MESSAGE][PASSED] - Object: 'Object Repository/Page_PSTO webMessenger - Zalogowano/img_Magda Kowalska_sendButton' is clicked on

2021-12-19 14:13:41 - [TEST_STEP][PASSED] - setText(findTestObject("Page_PSTO webMessenger - Zalogowano/input_Magda Kowalska_messageInput"), "c"): Text 'c' is set on object 'Object Repository/Page_PSTO webMessenger - Zalogowano/input_Magda Kowalska_messageInput'

2021-12-19 14:13:41 - [MESSAGE][PASSED] - Text 'c' is set on object 'Object Repository/Page_PSTO webMessenger - Zalogowano/input_Magda Kowalska_messageInput'

2021-12-19 14:13:41 - [TEST_STEP][PASSED] - click(findTestObject("Page_PSTO webMessenger - Zalogowano/img_Magda Kowalska_sendButton")): Object: 'Object Repository/Page_PSTO webMessenger - Zalogowano/img_Magda Kowalska_sendButton' is clicked on

2021-12-19 14:13:42 - [MESSAGE][PASSED] - Object: 'Object Repository/Page_PSTO webMessenger - Zalogowano/img_Magda Kowalska_sendButton' is clicked on

2021-12-19 14:13:42 - [TEST_STEP][PASSED] - setText(findTestObject("Page_PSTO webMessenger - Zalogowano/input_Magda Kowalska_messageInput"), "c"): Text 'c' is set on object 'Object Repository/Page_PSTO webMessenger - Zalogowano/input_Magda Kowalska_messageInput'

2021-12-19 14:13:43 - [MESSAGE][PASSED] - Text 'c' is set on object 'Object Repository/Page_PSTO webMessenger - Zalogowano/input_Magda Kowalska_messageInput'

2021-12-19 14:13:43 - [TEST_STEP][PASSED] - click(findTestObject("Page_PSTO webMessenger - Zalogowano/img_Magda Kowalska_sendButton")): Object: 'Object Repository/Page_PSTO webMessenger - Zalogowano/img_Magda Kowalska_sendButton' is clicked on

2021-12-19 14:13:43 - [MESSAGE][PASSED] - Object: 'Object Repository/Page_PSTO webMessenger - Zalogowano/img_Magda Kowalska_sendButton' is clicked on

2021-12-19 14:13:43 - [TEST_STEP][PASSED] - setText(findTestObject("Page_PSTO webMessenger - Zalogowano/input_Magda Kowalska_messageInput"), "c"): Text 'c' is set on object 'Object Repository/Page_PSTO webMessenger - Zalogowano/input_Magda Kowalska_messageInput'

2021-12-19 14:13:44 - [MESSAGE][PASSED] - Text 'c' is set on object 'Object Repository/Page_PSTO webMessenger - Zalogowano/input_Magda Kowalska_messageInput'

2021-12-19 14:13:44 - [TEST_STEP][PASSED] - click(findTestObject("Page_PSTO webMessenger - Zalogowano/img_Magda Kowalska_sendButton")): Object: 'Object Repository/Page_PSTO webMessenger - Zalogowano/img_Magda Kowalska_sendButton' is clicked on

2021-12-19 14:13:45 - [MESSAGE][PASSED] - Object: 'Object Repository/Page_PSTO webMessenger - Zalogowano/img_Magda Kowalska_sendButton' is clicked on

2021-12-19 14:13:45 - [TEST_STEP][PASSED] - setText(findTestObject("Page_PSTO webMessenger - Zalogowano/input_Magda Kowalska_messageInput"), "c"): Text 'c' is set on object 'Object Repository/Page_PSTO webMessenger - Zalogowano/input_Magda Kowalska_messageInput'

2021-12-19 14:13:46 - [MESSAGE][PASSED] - Text 'c' is set on object 'Object Repository/Page_PSTO webMessenger - Zalogowano/input_Magda Kowalska_messageInput'

2021-12-19 14:13:46 - [TEST_STEP][PASSED] - click(findTestObject("Page_PSTO webMessenger - Zalogowano/img_Magda Kowalska_sendButton")): Object: 'Object Repository/Page_PSTO webMessenger - Zalogowano/img_Magda Kowalska_sendButton' is clicked on

2021-12-19 14:13:46 - [MESSAGE][PASSED] - Object: 'Object Repository/Page_PSTO webMessenger - Zalogowano/img_Magda Kowalska_sendButton' is clicked on

2021-12-19 14:13:46 - [TEST_STEP][PASSED] - setText(findTestObject("Page_PSTO webMessenger - Zalogowano/input_Magda Kowalska_messageInput"), "c"): Text 'c' is set on object 'Object Repository/Page_PSTO webMessenger - Zalogowano/input_Magda Kowalska_messageInput'

2021-12-19 14:13:47 - [MESSAGE][PASSED] - Text 'c' is set on object 'Object Repository/Page_PSTO webMessenger - Zalogowano/input_Magda Kowalska_messageInput'

2021-12-19 14:13:47 - [TEST_STEP][PASSED] - click(findTestObject("Page_PSTO webMessenger - Zalogowano/img_Magda Kowalska_sendButton")): Object: 'Object Repository/Page_PSTO webMessenger - Zalogowano/img_Magda Kowalska_sendButton' is clicked on

2021-12-19 14:13:48 - [MESSAGE][PASSED] - Object: 'Object Repository/Page_PSTO webMessenger - Zalogowano/img_Magda Kowalska_sendButton' is clicked on

2021-12-19 14:13:48 - [TEST_STEP][PASSED] - setText(findTestObject("Page_PSTO webMessenger - Zalogowano/input_Magda Kowalska_messageInput"), "c"): Text 'c' is set on object 'Object Repository/Page_PSTO webMessenger - Zalogowano/input_Magda Kowalska_messageInput'

2021-12-19 14:13:48 - [MESSAGE][PASSED] - Text 'c' is set on object 'Object Repository/Page_PSTO webMessenger - Zalogowano/input_Magda Kowalska_messageInput'

2021-12-19 14:13:48 - [TEST_STEP][PASSED] - click(findTestObject("Page_PSTO webMessenger - Zalogowano/img_Magda Kowalska_sendButton")): Object: 'Object Repository/Page_PSTO webMessenger - Zalogowano/img_Magda Kowalska_sendButton' is clicked on

2021-12-19 14:13:49 - [MESSAGE][PASSED] - Object: 'Object Repository/Page_PSTO webMessenger - Zalogowano/img_Magda Kowalska_sendButton' is clicked on

2021-12-19 14:13:49 - [TEST_STEP][PASSED] - setText(findTestObject("Page_PSTO webMessenger - Zalogowano/input_Magda Kowalska_messageInput"), "c"): Text 'c' is set on object 'Object Repository/Page_PSTO webMessenger - Zalogowano/input_Magda Kowalska_messageInput'

2021-12-19 14:13:50 - [MESSAGE][PASSED] - Text 'c' is set on object 'Object Repository/Page_PSTO webMessenger - Zalogowano/input_Magda Kowalska_messageInput'

2021-12-19 14:13:50 - [TEST_STEP][PASSED] - click(findTestObject("Page_PSTO webMessenger - Zalogowano/img_Magda Kowalska_sendButton")): Object: 'Object Repository/Page_PSTO webMessenger - Zalogowano/img_Magda Kowalska_sendButton' is clicked on

2021-12-19 14:13:51 - [MESSAGE][PASSED] - Object: 'Object Repository/Page_PSTO webMessenger - Zalogowano/img_Magda Kowalska_sendButton' is clicked on

2021-12-19 14:13:51 - [TEST_STEP][PASSED] - setText(findTestObject("Page_PSTO webMessenger - Zalogowano/input_Magda Kowalska_messageInput"), "c"): Text 'c' is set on object 'Object Repository/Page_PSTO webMessenger - Zalogowano/input_Magda Kowalska_messageInput'

2021-12-19 14:13:51 - [MESSAGE][PASSED] - Text 'c' is set on object 'Object Repository/Page_PSTO webMessenger - Zalogowano/input_Magda Kowalska_messageInput'

2021-12-19 14:13:51 - [TEST_STEP][PASSED] - click(findTestObject("Page_PSTO webMessenger - Zalogowano/img_Magda Kowalska_sendButton")): Object: 'Object Repository/Page_PSTO webMessenger - Zalogowano/img_Magda Kowalska_sendButton' is clicked on

2021-12-19 14:13:52 - [MESSAGE][PASSED] - Object: 'Object Repository/Page_PSTO webMessenger - Zalogowano/img_Magda Kowalska_sendButton' is clicked on

2021-12-19 14:13:52 - [TEST_STEP][PASSED] - setText(findTestObject("Page_PSTO webMessenger - Zalogowano/input_Magda Kowalska_messageInput"), "c"): Text 'c' is set on object 'Object Repository/Page_PSTO webMessenger - Zalogowano/input_Magda Kowalska_messageInput'

2021-12-19 14:13:53 - [MESSAGE][PASSED] - Text 'c' is set on object 'Object Repository/Page_PSTO webMessenger - Zalogowano/input_Magda Kowalska_messageInput'

2021-12-19 14:13:53 - [TEST_STEP][PASSED] - click(findTestObject("Page_PSTO webMessenger - Zalogowano/img_Magda Kowalska_sendButton")): Object: 'Object Repository/Page_PSTO webMessenger - Zalogowano/img_Magda Kowalska_sendButton' is clicked on

2021-12-19 14:13:53 - [MESSAGE][PASSED] - Object: 'Object Repository/Page_PSTO webMessenger - Zalogowano/img_Magda Kowalska_sendButton' is clicked on

2021-12-19 14:13:53 - [TEST_STEP][PASSED] - setText(findTestObject("Page_PSTO webMessenger - Zalogowano/input_Magda Kowalska_messageInput"), "c"): Text 'c' is set on object 'Object Repository/Page_PSTO webMessenger - Zalogowano/input_Magda Kowalska_messageInput'

2021-12-19 14:13:54 - [MESSAGE][PASSED] - Text 'c' is set on object 'Object Repository/Page_PSTO webMessenger - Zalogowano/input_Magda Kowalska_messageInput'

2021-12-19 14:13:54 - [TEST_STEP][PASSED] - click(findTestObject("Page_PSTO webMessenger - Zalogowano/img_Magda Kowalska_sendButton")): Object: 'Object Repository/Page_PSTO webMessenger - Zalogowano/img_Magda Kowalska_sendButton' is clicked on

2021-12-19 14:13:55 - [MESSAGE][PASSED] - Object: 'Object Repository/Page_PSTO webMessenger - Zalogowano/img_Magda Kowalska_sendButton' is clicked on

2021-12-19 14:13:55 - [TEST_STEP][PASSED] - setText(findTestObject("Page_PSTO webMessenger - Zalogowano/input_Magda Kowalska_messageInput"), "c"): Text 'c' is set on object 'Object Repository/Page_PSTO webMessenger - Zalogowano/input_Magda Kowalska_messageInput'

2021-12-19 14:13:56 - [MESSAGE][PASSED] - Text 'c' is set on object 'Object Repository/Page_PSTO webMessenger - Zalogowano/input_Magda Kowalska_messageInput'

2021-12-19 14:13:56 - [TEST_STEP][PASSED] - click(findTestObject("Page_PSTO webMessenger - Zalogowano/img_Magda Kowalska_sendButton")): Object: 'Object Repository/Page_PSTO webMessenger - Zalogowano/img_Magda Kowalska_sendButton' is clicked on

2021-12-19 14:13:56 - [MESSAGE][PASSED] - Object: 'Object Repository/Page_PSTO webMessenger - Zalogowano/img_Magda Kowalska_sendButton' is clicked on

2021-12-19 14:13:56 - [TEST_STEP][PASSED] - setText(findTestObject("Page_PSTO webMessenger - Zalogowano/input_Magda Kowalska_messageInput"), "c"): Text 'c' is set on object 'Object Repository/Page_PSTO webMessenger - Zalogowano/input_Magda Kowalska_messageInput'

2021-12-19 14:13:57 - [MESSAGE][PASSED] - Text 'c' is set on object 'Object Repository/Page_PSTO webMessenger - Zalogowano/input_Magda Kowalska_messageInput'

2021-12-19 14:13:57 - [TEST_STEP][PASSED] - click(findTestObject("Page_PSTO webMessenger - Zalogowano/img_Magda Kowalska_sendButton")): Object: 'Object Repository/Page_PSTO webMessenger - Zalogowano/img_Magda Kowalska_sendButton' is clicked on

2021-12-19 14:13:58 - [MESSAGE][PASSED] - Object: 'Object Repository/Page_PSTO webMessenger - Zalogowano/img_Magda Kowalska_sendButton' is clicked on

2021-12-19 14:13:58 - [TEST_STEP][PASSED] - setText(findTestObject("Page_PSTO webMessenger - Zalogowano/input_Magda Kowalska_messageInput"), "c"): Text 'c' is set on object 'Object Repository/Page_PSTO webMessenger - Zalogowano/input_Magda Kowalska_messageInput'

2021-12-19 14:13:58 - [MESSAGE][PASSED] - Text 'c' is set on object 'Object Repository/Page_PSTO webMessenger - Zalogowano/input_Magda Kowalska_messageInput'

2021-12-19 14:13:58 - [TEST_STEP][PASSED] - click(findTestObject("Page_PSTO webMessenger - Zalogowano/img_Magda Kowalska_sendButton")): Object: 'Object Repository/Page_PSTO webMessenger - Zalogowano/img_Magda Kowalska_sendButton' is clicked on

2021-12-19 14:14:00 - [MESSAGE][PASSED] - Object: 'Object Repository/Page_PSTO webMessenger - Zalogowano/img_Magda Kowalska_sendButton' is clicked on

2021-12-19 14:14:00 - [TEST_STEP][PASSED] - setText(findTestObject("Page_PSTO webMessenger - Zalogowano/input_Magda Kowalska_messageInput"), "c"): Text 'c' is set on object 'Object Repository/Page_PSTO webMessenger - Zalogowano/input_Magda Kowalska_messageInput'

2021-12-19 14:14:01 - [MESSAGE][PASSED] - Text 'c' is set on object 'Object Repository/Page_PSTO webMessenger - Zalogowano/input_Magda Kowalska_messageInput'

2021-12-19 14:14:01 - [TEST_STEP][PASSED] - click(findTestObject("Page_PSTO webMessenger - Zalogowano/img_Magda Kowalska_sendButton")): Object: 'Object Repository/Page_PSTO webMessenger - Zalogowano/img_Magda Kowalska_sendButton' is clicked on

2021-12-19 14:14:01 - [MESSAGE][PASSED] - Object: 'Object Repository/Page_PSTO webMessenger - Zalogowano/img_Magda Kowalska_sendButton' is clicked on

2021-12-19 14:14:01 - [TEST_STEP][PASSED] - setText(findTestObject("Page_PSTO webMessenger - Zalogowano/input_Magda Kowalska_messageInput"), "c"): Text 'c' is set on object 'Object Repository/Page_PSTO webMessenger - Zalogowano/input_Magda Kowalska_messageInput'

2021-12-19 14:14:02 - [MESSAGE][PASSED] - Text 'c' is set on object 'Object Repository/Page_PSTO webMessenger - Zalogowano/input_Magda Kowalska_messageInput'

2021-12-19 14:14:02 - [TEST_STEP][PASSED] - click(findTestObject("Page_PSTO webMessenger - Zalogowano/img_Magda Kowalska_sendButton")): Object: 'Object Repository/Page_PSTO webMessenger - Zalogowano/img_Magda Kowalska_sendButton' is clicked on

2021-12-19 14:14:03 - [MESSAGE][PASSED] - Object: 'Object Repository/Page_PSTO webMessenger - Zalogowano/img_Magda Kowalska_sendButton' is clicked on

2021-12-19 14:14:03 - [TEST_STEP][PASSED] - setText(findTestObject("Page_PSTO webMessenger - Zalogowano/input_Magda Kowalska_messageInput"), "c"): Text 'c' is set on object 'Object Repository/Page_PSTO webMessenger - Zalogowano/input_Magda Kowalska_messageInput'

2021-12-19 14:14:03 - [MESSAGE][PASSED] - Text 'c' is set on object 'Object Repository/Page_PSTO webMessenger - Zalogowano/input_Magda Kowalska_messageInput'

2021-12-19 14:14:03 - [TEST_STEP][PASSED] - click(findTestObject("Page_PSTO webMessenger - Zalogowano/img_Magda Kowalska_sendButton")): Object: 'Object Repository/Page_PSTO webMessenger - Zalogowano/img_Magda Kowalska_sendButton' is clicked on

2021-12-19 14:14:04 - [MESSAGE][PASSED] - Object: 'Object Repository/Page_PSTO webMessenger - Zalogowano/img_Magda Kowalska_sendButton' is clicked on

2021-12-19 14:14:04 - [TEST_STEP][PASSED] - setText(findTestObject("Page_PSTO webMessenger - Zalogowano/input_Magda Kowalska_messageInput"), "c"): Text 'c' is set on object 'Object Repository/Page_PSTO webMessenger - Zalogowano/input_Magda Kowalska_messageInput'

2021-12-19 14:14:05 - [MESSAGE][PASSED] - Text 'c' is set on object 'Object Repository/Page_PSTO webMessenger - Zalogowano/input_Magda Kowalska_messageInput'

2021-12-19 14:14:05 - [TEST_STEP][PASSED] - click(findTestObject("Page_PSTO webMessenger - Zalogowano/img_Magda Kowalska_sendButton")): Object: 'Object Repository/Page_PSTO webMessenger - Zalogowano/img_Magda Kowalska_sendButton' is clicked on

2021-12-19 14:14:06 - [MESSAGE][PASSED] - Object: 'Object Repository/Page_PSTO webMessenger - Zalogowano/img_Magda Kowalska_sendButton' is clicked on

2021-12-19 14:14:06 - [TEST_STEP][PASSED] - setText(findTestObject("Page_PSTO webMessenger - Zalogowano/input_Magda Kowalska_messageInput"), "c"): Text 'c' is set on object 'Object Repository/Page_PSTO webMessenger - Zalogowano/input_Magda Kowalska_messageInput'

2021-12-19 14:14:06 - [MESSAGE][PASSED] - Text 'c' is set on object 'Object Repository/Page_PSTO webMessenger - Zalogowano/input_Magda Kowalska_messageInput'

2021-12-19 14:14:06 - [TEST_STEP][PASSED] - click(findTestObject("Page_PSTO webMessenger - Zalogowano/img_Magda Kowalska_sendButton")): Object: 'Object Repository/Page_PSTO webMessenger - Zalogowano/img_Magda Kowalska_sendButton' is clicked on

2021-12-19 14:14:07 - [MESSAGE][PASSED] - Object: 'Object Repository/Page_PSTO webMessenger - Zalogowano/img_Magda Kowalska_sendButton' is clicked on

2021-12-19 14:14:07 - [TEST_STEP][PASSED] - setText(findTestObject("Page_PSTO webMessenger - Zalogowano/input_Magda Kowalska_messageInput"), "c"): Text 'c' is set on object 'Object Repository/Page_PSTO webMessenger - Zalogowano/input_Magda Kowalska_messageInput'

2021-12-19 14:14:08 - [MESSAGE][PASSED] - Text 'c' is set on object 'Object Repository/Page_PSTO webMessenger - Zalogowano/input_Magda Kowalska_messageInput'

2021-12-19 14:14:08 - [TEST_STEP][PASSED] - click(findTestObject("Page_PSTO webMessenger - Zalogowano/img_Magda Kowalska_sendButton")): Object: 'Object Repository/Page_PSTO webMessenger - Zalogowano/img_Magda Kowalska_sendButton' is clicked on

2021-12-19 14:14:08 - [MESSAGE][PASSED] - Object: 'Object Repository/Page_PSTO webMessenger - Zalogowano/img_Magda Kowalska_sendButton' is clicked on

2021-12-19 14:14:08 - [TEST_STEP][PASSED] - setText(findTestObject("Page_PSTO webMessenger - Zalogowano/input_Magda Kowalska_messageInput"), "c"): Text 'c' is set on object 'Object Repository/Page_PSTO webMessenger - Zalogowano/input_Magda Kowalska_messageInput'

2021-12-19 14:14:09 - [MESSAGE][PASSED] - Text 'c' is set on object 'Object Repository/Page_PSTO webMessenger - Zalogowano/input_Magda Kowalska_messageInput'

2021-12-19 14:14:09 - [TEST_STEP][PASSED] - click(findTestObject("Page_PSTO webMessenger - Zalogowano/img_Magda Kowalska_sendButton")): Object: 'Object Repository/Page_PSTO webMessenger - Zalogowano/img_Magda Kowalska_sendButton' is clicked on

2021-12-19 14:14:10 - [MESSAGE][PASSED] - Object: 'Object Repository/Page_PSTO webMessenger - Zalogowano/img_Magda Kowalska_sendButton' is clicked on

2021-12-19 14:14:10 - [TEST_STEP][PASSED] - setText(findTestObject("Page_PSTO webMessenger - Zalogowano/input_Magda Kowalska_messageInput"), "c"): Text 'c' is set on object 'Object Repository/Page_PSTO webMessenger - Zalogowano/input_Magda Kowalska_messageInput'

2021-12-19 14:14:11 - [MESSAGE][PASSED] - Text 'c' is set on object 'Object Repository/Page_PSTO webMessenger - Zalogowano/input_Magda Kowalska_messageInput'

2021-12-19 14:14:11 - [TEST_STEP][PASSED] - click(findTestObject("Page_PSTO webMessenger - Zalogowano/img_Magda Kowalska_sendButton")): Object: 'Object Repository/Page_PSTO webMessenger - Zalogowano/img_Magda Kowalska_sendButton' is clicked on

2021-12-19 14:14:11 - [MESSAGE][PASSED] - Object: 'Object Repository/Page_PSTO webMessenger - Zalogowano/img_Magda Kowalska_sendButton' is clicked on

2021-12-19 14:14:11 - [TEST_STEP][PASSED] - setText(findTestObject("Page_PSTO webMessenger - Zalogowano/input_Magda Kowalska_messageInput"), "c"): Text 'c' is set on object 'Object Repository/Page_PSTO webMessenger - Zalogowano/input_Magda Kowalska_messageInput'

2021-12-19 14:14:12 - [MESSAGE][PASSED] - Text 'c' is set on object 'Object Repository/Page_PSTO webMessenger - Zalogowano/input_Magda Kowalska_messageInput'

2021-12-19 14:14:12 - [TEST_STEP][PASSED] - click(findTestObject("Page_PSTO webMessenger - Zalogowano/img_Magda Kowalska_sendButton")): Object: 'Object Repository/Page_PSTO webMessenger - Zalogowano/img_Magda Kowalska_sendButton' is clicked on

2021-12-19 14:14:13 - [MESSAGE][PASSED] - Object: 'Object Repository/Page_PSTO webMessenger - Zalogowano/img_Magda Kowalska_sendButton' is clicked on

2021-12-19 14:14:13 - [TEST_STEP][PASSED] - setText(findTestObject("Page_PSTO webMessenger - Zalogowano/input_Magda Kowalska_messageInput"), "c"): Text 'c' is set on object 'Object Repository/Page_PSTO webMessenger - Zalogowano/input_Magda Kowalska_messageInput'

2021-12-19 14:14:13 - [MESSAGE][PASSED] - Text 'c' is set on object 'Object Repository/Page_PSTO webMessenger - Zalogowano/input_Magda Kowalska_messageInput'

2021-12-19 14:14:13 - [TEST_STEP][PASSED] - click(findTestObject("Page_PSTO webMessenger - Zalogowano/img_Magda Kowalska_sendButton")): Object: 'Object Repository/Page_PSTO webMessenger - Zalogowano/img_Magda Kowalska_sendButton' is clicked on

2021-12-19 14:14:14 - [MESSAGE][PASSED] - Object: 'Object Repository/Page_PSTO webMessenger - Zalogowano/img_Magda Kowalska_sendButton' is clicked on

2021-12-19 14:14:14 - [TEST_STEP][PASSED] - setText(findTestObject("Page_PSTO webMessenger - Zalogowano/input_Magda Kowalska_messageInput"), "c"): Text 'c' is set on object 'Object Repository/Page_PSTO webMessenger - Zalogowano/input_Magda Kowalska_messageInput'

2021-12-19 14:14:15 - [MESSAGE][PASSED] - Text 'c' is set on object 'Object Repository/Page_PSTO webMessenger - Zalogowano/input_Magda Kowalska_messageInput'

2021-12-19 14:14:15 - [TEST_STEP][PASSED] - click(findTestObject("Page_PSTO webMessenger - Zalogowano/img_Magda Kowalska_sendButton")): Object: 'Object Repository/Page_PSTO webMessenger - Zalogowano/img_Magda Kowalska_sendButton' is clicked on

2021-12-19 14:14:16 - [MESSAGE][PASSED] - Object: 'Object Repository/Page_PSTO webMessenger - Zalogowano/img_Magda Kowalska_sendButton' is clicked on

2021-12-19 14:14:16 - [TEST_STEP][PASSED] - setText(findTestObject("Page_PSTO webMessenger - Zalogowano/input_Magda Kowalska_messageInput"), "c"): Text 'c' is set on object 'Object Repository/Page_PSTO webMessenger - Zalogowano/input_Magda Kowalska_messageInput'

2021-12-19 14:14:16 - [MESSAGE][PASSED] - Text 'c' is set on object 'Object Repository/Page_PSTO webMessenger - Zalogowano/input_Magda Kowalska_messageInput'

2021-12-19 14:14:16 - [TEST_STEP][PASSED] - click(findTestObject("Page_PSTO webMessenger - Zalogowano/img_Magda Kowalska_sendButton")): Object: 'Object Repository/Page_PSTO webMessenger - Zalogowano/img_Magda Kowalska_sendButton' is clicked on

2021-12-19 14:14:17 - [MESSAGE][PASSED] - Object: 'Object Repository/Page_PSTO webMessenger - Zalogowano/img_Magda Kowalska_sendButton' is clicked on

2021-12-19 14:14:17 - [TEST_STEP][PASSED] - setText(findTestObject("Page_PSTO webMessenger - Zalogowano/input_Magda Kowalska_messageInput"), "c"): Text 'c' is set on object 'Object Repository/Page_PSTO webMessenger - Zalogowano/input_Magda Kowalska_messageInput'

2021-12-19 14:14:18 - [MESSAGE][PASSED] - Text 'c' is set on object 'Object Repository/Page_PSTO webMessenger - Zalogowano/input_Magda Kowalska_messageInput'

2021-12-19 14:14:18 - [TEST_STEP][PASSED] - click(findTestObject("Page_PSTO webMessenger - Zalogowano/img_Magda Kowalska_sendButton")): Object: 'Object Repository/Page_PSTO webMessenger - Zalogowano/img_Magda Kowalska_sendButton' is clicked on

2021-12-19 14:14:18 - [MESSAGE][PASSED] - Object: 'Object Repository/Page_PSTO webMessenger - Zalogowano/img_Magda Kowalska_sendButton' is clicked on

2021-12-19 14:14:18 - [TEST_STEP][PASSED] - setText(findTestObject("Page_PSTO webMessenger - Zalogowano/input_Magda Kowalska_messageInput"), "c"): Text 'c' is set on object 'Object Repository/Page_PSTO webMessenger - Zalogowano/input_Magda Kowalska_messageInput'

2021-12-19 14:14:19 - [MESSAGE][PASSED] - Text 'c' is set on object 'Object Repository/Page_PSTO webMessenger - Zalogowano/input_Magda Kowalska_messageInput'

2021-12-19 14:14:19 - [TEST_STEP][PASSED] - click(findTestObject("Page_PSTO webMessenger - Zalogowano/img_Magda Kowalska_sendButton")): Object: 'Object Repository/Page_PSTO webMessenger - Zalogowano/img_Magda Kowalska_sendButton' is clicked on

2021-12-19 14:14:20 - [MESSAGE][PASSED] - Object: 'Object Repository/Page_PSTO webMessenger - Zalogowano/img_Magda Kowalska_sendButton' is clicked on

2021-12-19 14:14:20 - [TEST_STEP][PASSED] - setText(findTestObject("Page_PSTO webMessenger - Zalogowano/input_Magda Kowalska_messageInput"), "c"): Text 'c' is set on object 'Object Repository/Page_PSTO webMessenger - Zalogowano/input_Magda Kowalska_messageInput'

2021-12-19 14:14:21 - [MESSAGE][PASSED] - Text 'c' is set on object 'Object Repository/Page_PSTO webMessenger - Zalogowano/input_Magda Kowalska_messageInput'

2021-12-19 14:14:21 - [TEST_STEP][PASSED] - click(findTestObject("Page_PSTO webMessenger - Zalogowano/img_Magda Kowalska_sendButton")): Object: 'Object Repository/Page_PSTO webMessenger - Zalogowano/img_Magda Kowalska_sendButton' is clicked on

2021-12-19 14:14:21 - [MESSAGE][PASSED] - Object: 'Object Repository/Page_PSTO webMessenger - Zalogowano/img_Magda Kowalska_sendButton' is clicked on

2021-12-19 14:14:21 - [TEST_STEP][PASSED] - setText(findTestObject("Page_PSTO webMessenger - Zalogowano/input_Magda Kowalska_messageInput"), "c"): Text 'c' is set on object 'Object Repository/Page_PSTO webMessenger - Zalogowano/input_Magda Kowalska_messageInput'

2021-12-19 14:14:22 - [MESSAGE][PASSED] - Text 'c' is set on object 'Object Repository/Page_PSTO webMessenger - Zalogowano/input_Magda Kowalska_messageInput'

2021-12-19 14:14:22 - [TEST_STEP][PASSED] - click(findTestObject("Page_PSTO webMessenger - Zalogowano/img_Magda Kowalska_sendButton")): Object: 'Object Repository/Page_PSTO webMessenger - Zalogowano/img_Magda Kowalska_sendButton' is clicked on

2021-12-19 14:14:23 - [MESSAGE][PASSED] - Object: 'Object Repository/Page_PSTO webMessenger - Zalogowano/img_Magda Kowalska_sendButton' is clicked on

2021-12-19 14:14:23 - [TEST_STEP][PASSED] - setText(findTestObject("Page_PSTO webMessenger - Zalogowano/input_Magda Kowalska_messageInput"), "c"): Text 'c' is set on object 'Object Repository/Page_PSTO webMessenger - Zalogowano/input_Magda Kowalska_messageInput'

2021-12-19 14:14:23 - [MESSAGE][PASSED] - Text 'c' is set on object 'Object Repository/Page_PSTO webMessenger - Zalogowano/input_Magda Kowalska_messageInput'

2021-12-19 14:14:23 - [TEST_STEP][PASSED] - click(findTestObject("Page_PSTO webMessenger - Zalogowano/img_Magda Kowalska_sendButton")): Object: 'Object Repository/Page_PSTO webMessenger - Zalogowano/img_Magda Kowalska_sendButton' is clicked on

2021-12-19 14:14:24 - [MESSAGE][PASSED] - Object: 'Object Repository/Page_PSTO webMessenger - Zalogowano/img_Magda Kowalska_sendButton' is clicked on

2021-12-19 14:14:24 - [TEST_STEP][PASSED] - setText(findTestObject("Page_PSTO webMessenger - Zalogowano/input_Magda Kowalska_messageInput"), "c"): Text 'c' is set on object 'Object Repository/Page_PSTO webMessenger - Zalogowano/input_Magda Kowalska_messageInput'

2021-12-19 14:14:25 - [MESSAGE][PASSED] - Text 'c' is set on object 'Object Repository/Page_PSTO webMessenger - Zalogowano/input_Magda Kowalska_messageInput'

2021-12-19 14:14:25 - [TEST_STEP][PASSED] - click(findTestObject("Page_PSTO webMessenger - Zalogowano/img_Magda Kowalska_sendButton")): Object: 'Object Repository/Page_PSTO webMessenger - Zalogowano/img_Magda Kowalska_sendButton' is clicked on

2021-12-19 14:14:26 - [MESSAGE][PASSED] - Object: 'Object Repository/Page_PSTO webMessenger - Zalogowano/img_Magda Kowalska_sendButton' is clicked on

2021-12-19 14:14:26 - [TEST_STEP][PASSED] - setText(findTestObject("Page_PSTO webMessenger - Zalogowano/input_Magda Kowalska_messageInput"), "c"): Text 'c' is set on object 'Object Repository/Page_PSTO webMessenger - Zalogowano/input_Magda Kowalska_messageInput'

2021-12-19 14:14:26 - [MESSAGE][PASSED] - Text 'c' is set on object 'Object Repository/Page_PSTO webMessenger - Zalogowano/input_Magda Kowalska_messageInput'

2021-12-19 14:14:26 - [TEST_STEP][PASSED] - click(findTestObject("Page_PSTO webMessenger - Zalogowano/img_Magda Kowalska_sendButton")): Object: 'Object Repository/Page_PSTO webMessenger - Zalogowano/img_Magda Kowalska_sendButton' is clicked on

2021-12-19 14:14:27 - [MESSAGE][PASSED] - Object: 'Object Repository/Page_PSTO webMessenger - Zalogowano/img_Magda Kowalska_sendButton' is clicked on

2021-12-19 14:14:27 - [TEST_STEP][PASSED] - setText(findTestObject("Page_PSTO webMessenger - Zalogowano/input_Magda Kowalska_messageInput"), "c"): Text 'c' is set on object 'Object Repository/Page_PSTO webMessenger - Zalogowano/input_Magda Kowalska_messageInput'

2021-12-19 14:14:28 - [MESSAGE][PASSED] - Text 'c' is set on object 'Object Repository/Page_PSTO webMessenger - Zalogowano/input_Magda Kowalska_messageInput'

2021-12-19 14:14:28 - [TEST_STEP][PASSED] - click(findTestObject("Page_PSTO webMessenger - Zalogowano/img_Magda Kowalska_sendButton")): Object: 'Object Repository/Page_PSTO webMessenger - Zalogowano/img_Magda Kowalska_sendButton' is clicked on

2021-12-19 14:14:28 - [MESSAGE][PASSED] - Object: 'Object Repository/Page_PSTO webMessenger - Zalogowano/img_Magda Kowalska_sendButton' is clicked on

2021-12-19 14:14:28 - [TEST_STEP][PASSED] - setText(findTestObject("Page_PSTO webMessenger - Zalogowano/input_Magda Kowalska_messageInput"), "c"): Text 'c' is set on object 'Object Repository/Page_PSTO webMessenger - Zalogowano/input_Magda Kowalska_messageInput'

2021-12-19 14:14:29 - [MESSAGE][PASSED] - Text 'c' is set on object 'Object Repository/Page_PSTO webMessenger - Zalogowano/input_Magda Kowalska_messageInput'

2021-12-19 14:14:29 - [TEST_STEP][PASSED] - click(findTestObject("Page_PSTO webMessenger - Zalogowano/img_Magda Kowalska_sendButton")): Object: 'Object Repository/Page_PSTO webMessenger - Zalogowano/img_Magda Kowalska_sendButton' is clicked on

2021-12-19 14:14:30 - [MESSAGE][PASSED] - Object: 'Object Repository/Page_PSTO webMessenger - Zalogowano/img_Magda Kowalska_sendButton' is clicked on

2021-12-19 14:14:30 - [TEST_STEP][PASSED] - setText(findTestObject("Page_PSTO webMessenger - Zalogowano/input_Magda Kowalska_messageInput"), "c"): Text 'c' is set on object 'Object Repository/Page_PSTO webMessenger - Zalogowano/input_Magda Kowalska_messageInput'

2021-12-19 14:14:31 - [MESSAGE][PASSED] - Text 'c' is set on object 'Object Repository/Page_PSTO webMessenger - Zalogowano/input_Magda Kowalska_messageInput'

2021-12-19 14:14:31 - [TEST_STEP][PASSED] - click(findTestObject("Page_PSTO webMessenger - Zalogowano/img_Magda Kowalska_sendButton")): Object: 'Object Repository/Page_PSTO webMessenger - Zalogowano/img_Magda Kowalska_sendButton' is clicked on

2021-12-19 14:14:31 - [MESSAGE][PASSED] - Object: 'Object Repository/Page_PSTO webMessenger - Zalogowano/img_Magda Kowalska_sendButton' is clicked on

2021-12-19 14:14:31 - [TEST_STEP][PASSED] - setText(findTestObject("Page_PSTO webMessenger - Zalogowano/input_Magda Kowalska_messageInput"), "c"): Text 'c' is set on object 'Object Repository/Page_PSTO webMessenger - Zalogowano/input_Magda Kowalska_messageInput'

2021-12-19 14:14:32 - [MESSAGE][PASSED] - Text 'c' is set on object 'Object Repository/Page_PSTO webMessenger - Zalogowano/input_Magda Kowalska_messageInput'

2021-12-19 14:14:32 - [TEST_STEP][PASSED] - click(findTestObject("Page_PSTO webMessenger - Zalogowano/img_Magda Kowalska_sendButton")): Object: 'Object Repository/Page_PSTO webMessenger - Zalogowano/img_Magda Kowalska_sendButton' is clicked on

2021-12-19 14:14:33 - [MESSAGE][PASSED] - Object: 'Object Repository/Page_PSTO webMessenger - Zalogowano/img_Magda Kowalska_sendButton' is clicked on

2021-12-19 14:14:33 - [TEST_STEP][PASSED] - setText(findTestObject("Page_PSTO webMessenger - Zalogowano/input_Magda Kowalska_messageInput"), "c"): Text 'c' is set on object 'Object Repository/Page_PSTO webMessenger - Zalogowano/input_Magda Kowalska_messageInput'

2021-12-19 14:14:33 - [MESSAGE][PASSED] - Text 'c' is set on object 'Object Repository/Page_PSTO webMessenger - Zalogowano/input_Magda Kowalska_messageInput'

2021-12-19 14:14:33 - [TEST_STEP][PASSED] - click(findTestObject("Page_PSTO webMessenger - Zalogowano/img_Magda Kowalska_sendButton")): Object: 'Object Repository/Page_PSTO webMessenger - Zalogowano/img_Magda Kowalska_sendButton' is clicked on

2021-12-19 14:14:35 - [MESSAGE][PASSED] - Object: 'Object Repository/Page_PSTO webMessenger - Zalogowano/img_Magda Kowalska_sendButton' is clicked on

2021-12-19 14:14:35 - [TEST_STEP][PASSED] - setText(findTestObject("Page_PSTO webMessenger - Zalogowano/input_Magda Kowalska_messageInput"), "c"): Text 'c' is set on object 'Object Repository/Page_PSTO webMessenger - Zalogowano/input_Magda Kowalska_messageInput'

2021-12-19 14:14:36 - [MESSAGE][PASSED] - Text 'c' is set on object 'Object Repository/Page_PSTO webMessenger - Zalogowano/input_Magda Kowalska_messageInput'

2021-12-19 14:14:36 - [TEST_STEP][PASSED] - click(findTestObject("Page_PSTO webMessenger - Zalogowano/img_Magda Kowalska_sendButton")): Object: 'Object Repository/Page_PSTO webMessenger - Zalogowano/img_Magda Kowalska_sendButton' is clicked on

2021-12-19 14:14:36 - [MESSAGE][PASSED] - Object: 'Object Repository/Page_PSTO webMessenger - Zalogowano/img_Magda Kowalska_sendButton' is clicked on

2021-12-19 14:14:36 - [TEST_STEP][PASSED] - setText(findTestObject("Page_PSTO webMessenger - Zalogowano/input_Magda Kowalska_messageInput"), "c"): Text 'c' is set on object 'Object Repository/Page_PSTO webMessenger - Zalogowano/input_Magda Kowalska_messageInput'

2021-12-19 14:14:37 - [MESSAGE][PASSED] - Text 'c' is set on object 'Object Repository/Page_PSTO webMessenger - Zalogowano/input_Magda Kowalska_messageInput'

2021-12-19 14:14:37 - [TEST_STEP][PASSED] - click(findTestObject("Page_PSTO webMessenger - Zalogowano/img_Magda Kowalska_sendButton")): Object: 'Object Repository/Page_PSTO webMessenger - Zalogowano/img_Magda Kowalska_sendButton' is clicked on

2021-12-19 14:14:38 - [MESSAGE][PASSED] - Object: 'Object Repository/Page_PSTO webMessenger - Zalogowano/img_Magda Kowalska_sendButton' is clicked on

2021-12-19 14:14:38 - [TEST_STEP][PASSED] - setText(findTestObject("Page_PSTO webMessenger - Zalogowano/input_Magda Kowalska_messageInput"), "c"): Text 'c' is set on object 'Object Repository/Page_PSTO webMessenger - Zalogowano/input_Magda Kowalska_messageInput'

2021-12-19 14:14:38 - [MESSAGE][PASSED] - Text 'c' is set on object 'Object Repository/Page_PSTO webMessenger - Zalogowano/input_Magda Kowalska_messageInput'

2021-12-19 14:14:38 - [TEST_STEP][PASSED] - click(findTestObject("Page_PSTO webMessenger - Zalogowano/img_Magda Kowalska_sendButton")): Object: 'Object Repository/Page_PSTO webMessenger - Zalogowano/img_Magda Kowalska_sendButton' is clicked on

2021-12-19 14:14:40 - [MESSAGE][PASSED] - Object: 'Object Repository/Page_PSTO webMessenger - Zalogowano/img_Magda Kowalska_sendButton' is clicked on

2021-12-19 14:14:40 - [TEST_STEP][PASSED] - setText(findTestObject("Page_PSTO webMessenger - Zalogowano/input_Magda Kowalska_messageInput"), "c"): Text 'c' is set on object 'Object Repository/Page_PSTO webMessenger - Zalogowano/input_Magda Kowalska_messageInput'

2021-12-19 14:14:41 - [MESSAGE][PASSED] - Text 'c' is set on object 'Object Repository/Page_PSTO webMessenger - Zalogowano/input_Magda Kowalska_messageInput'

2021-12-19 14:14:41 - [TEST_STEP][PASSED] - click(findTestObject("Page_PSTO webMessenger - Zalogowano/img_Magda Kowalska_sendButton")): Object: 'Object Repository/Page_PSTO webMessenger - Zalogowano/img_Magda Kowalska_sendButton' is clicked on

2021-12-19 14:14:41 - [MESSAGE][PASSED] - Object: 'Object Repository/Page_PSTO webMessenger - Zalogowano/img_Magda Kowalska_sendButton' is clicked on

2021-12-19 14:14:41 - [TEST_STEP][PASSED] - setText(findTestObject("Page_PSTO webMessenger - Zalogowano/input_Magda Kowalska_messageInput"), "c"): Text 'c' is set on object 'Object Repository/Page_PSTO webMessenger - Zalogowano/input_Magda Kowalska_messageInput'

2021-12-19 14:14:42 - [MESSAGE][PASSED] - Text 'c' is set on object 'Object Repository/Page_PSTO webMessenger - Zalogowano/input_Magda Kowalska_messageInput'

2021-12-19 14:14:42 - [TEST_STEP][PASSED] - click(findTestObject("Page_PSTO webMessenger - Zalogowano/img_Magda Kowalska_sendButton")): Object: 'Object Repository/Page_PSTO webMessenger - Zalogowano/img_Magda Kowalska_sendButton' is clicked on

2021-12-19 14:14:43 - [MESSAGE][PASSED] - Object: 'Object Repository/Page_PSTO webMessenger - Zalogowano/img_Magda Kowalska_sendButton' is clicked on

2021-12-19 14:14:43 - [TEST_STEP][PASSED] - setText(findTestObject("Page_PSTO webMessenger - Zalogowano/input_Magda Kowalska_messageInput"), "c"): Text 'c' is set on object 'Object Repository/Page_PSTO webMessenger - Zalogowano/input_Magda Kowalska_messageInput'

2021-12-19 14:14:43 - [MESSAGE][PASSED] - Text 'c' is set on object 'Object Repository/Page_PSTO webMessenger - Zalogowano/input_Magda Kowalska_messageInput'

2021-12-19 14:14:43 - [TEST_STEP][PASSED] - click(findTestObject("Page_PSTO webMessenger - Zalogowano/img_Magda Kowalska_sendButton")): Object: 'Object Repository/Page_PSTO webMessenger - Zalogowano/img_Magda Kowalska_sendButton' is clicked on

2021-12-19 14:14:45 - [MESSAGE][PASSED] - Object: 'Object Repository/Page_PSTO webMessenger - Zalogowano/img_Magda Kowalska_sendButton' is clicked on

2021-12-19 14:14:45 - [TEST_STEP][PASSED] - setText(findTestObject("Page_PSTO webMessenger - Zalogowano/input_Magda Kowalska_messageInput"), "c"): Text 'c' is set on object 'Object Repository/Page_PSTO webMessenger - Zalogowano/input_Magda Kowalska_messageInput'

2021-12-19 14:14:46 - [MESSAGE][PASSED] - Text 'c' is set on object 'Object Repository/Page_PSTO webMessenger - Zalogowano/input_Magda Kowalska_messageInput'

2021-12-19 14:14:46 - [TEST_STEP][PASSED] - click(findTestObject("Page_PSTO webMessenger - Zalogowano/img_Magda Kowalska_sendButton")): Object: 'Object Repository/Page_PSTO webMessenger - Zalogowano/img_Magda Kowalska_sendButton' is clicked on

2021-12-19 14:14:46 - [MESSAGE][PASSED] - Object: 'Object Repository/Page_PSTO webMessenger - Zalogowano/img_Magda Kowalska_sendButton' is clicked on

2021-12-19 14:14:46 - [TEST_STEP][PASSED] - setText(findTestObject("Page_PSTO webMessenger - Zalogowano/input_Magda Kowalska_messageInput"), "c"): Text 'c' is set on object 'Object Repository/Page_PSTO webMessenger - Zalogowano/input_Magda Kowalska_messageInput'

2021-12-19 14:14:47 - [MESSAGE][PASSED] - Text 'c' is set on object 'Object Repository/Page_PSTO webMessenger - Zalogowano/input_Magda Kowalska_messageInput'

2021-12-19 14:14:47 - [TEST_STEP][PASSED] - click(findTestObject("Page_PSTO webMessenger - Zalogowano/img_Magda Kowalska_sendButton")): Object: 'Object Repository/Page_PSTO webMessenger - Zalogowano/img_Magda Kowalska_sendButton' is clicked on

2021-12-19 14:14:48 - [MESSAGE][PASSED] - Object: 'Object Repository/Page_PSTO webMessenger - Zalogowano/img_Magda Kowalska_sendButton' is clicked on

2021-12-19 14:14:48 - [TEST_STEP][PASSED] - setText(findTestObject("Page_PSTO webMessenger - Zalogowano/input_Magda Kowalska_messageInput"), "c"): Text 'c' is set on object 'Object Repository/Page_PSTO webMessenger - Zalogowano/input_Magda Kowalska_messageInput'

2021-12-19 14:14:48 - [MESSAGE][PASSED] - Text 'c' is set on object 'Object Repository/Page_PSTO webMessenger - Zalogowano/input_Magda Kowalska_messageInput'

2021-12-19 14:14:48 - [TEST_STEP][PASSED] - click(findTestObject("Page_PSTO webMessenger - Zalogowano/img_Magda Kowalska_sendButton")): Object: 'Object Repository/Page_PSTO webMessenger - Zalogowano/img_Magda Kowalska_sendButton' is clicked on

2021-12-19 14:14:49 - [MESSAGE][PASSED] - Object: 'Object Repository/Page_PSTO webMessenger - Zalogowano/img_Magda Kowalska_sendButton' is clicked on

2021-12-19 14:14:49 - [TEST_STEP][PASSED] - setText(findTestObject("Page_PSTO webMessenger - Zalogowano/input_Magda Kowalska_messageInput"), "c"): Text 'c' is set on object 'Object Repository/Page_PSTO webMessenger - Zalogowano/input_Magda Kowalska_messageInput'

2021-12-19 14:14:50 - [MESSAGE][PASSED] - Text 'c' is set on object 'Object Repository/Page_PSTO webMessenger - Zalogowano/input_Magda Kowalska_messageInput'

2021-12-19 14:14:50 - [TEST_STEP][PASSED] - click(findTestObject("Page_PSTO webMessenger - Zalogowano/img_Magda Kowalska_sendButton")): Object: 'Object Repository/Page_PSTO webMessenger - Zalogowano/img_Magda Kowalska_sendButton' is clicked on

2021-12-19 14:14:51 - [MESSAGE][PASSED] - Object: 'Object Repository/Page_PSTO webMessenger - Zalogowano/img_Magda Kowalska_sendButton' is clicked on

2021-12-19 14:14:51 - [TEST_STEP][PASSED] - setText(findTestObject("Page_PSTO webMessenger - Zalogowano/input_Magda Kowalska_messageInput"), "c"): Text 'c' is set on object 'Object Repository/Page_PSTO webMessenger - Zalogowano/input_Magda Kowalska_messageInput'

2021-12-19 14:14:51 - [MESSAGE][PASSED] - Text 'c' is set on object 'Object Repository/Page_PSTO webMessenger - Zalogowano/input_Magda Kowalska_messageInput'

2021-12-19 14:14:51 - [TEST_STEP][PASSED] - click(findTestObject("Page_PSTO webMessenger - Zalogowano/img_Magda Kowalska_sendButton")): Object: 'Object Repository/Page_PSTO webMessenger - Zalogowano/img_Magda Kowalska_sendButton' is clicked on

2021-12-19 14:14:52 - [MESSAGE][PASSED] - Object: 'Object Repository/Page_PSTO webMessenger - Zalogowano/img_Magda Kowalska_sendButton' is clicked on

2021-12-19 14:14:52 - [TEST_STEP][PASSED] - setText(findTestObject("Page_PSTO webMessenger - Zalogowano/input_Magda Kowalska_messageInput"), "c"): Text 'c' is set on object 'Object Repository/Page_PSTO webMessenger - Zalogowano/input_Magda Kowalska_messageInput'

2021-12-19 14:14:53 - [MESSAGE][PASSED] - Text 'c' is set on object 'Object Repository/Page_PSTO webMessenger - Zalogowano/input_Magda Kowalska_messageInput'

2021-12-19 14:14:53 - [TEST_STEP][PASSED] - click(findTestObject("Page_PSTO webMessenger - Zalogowano/img_Magda Kowalska_sendButton")): Object: 'Object Repository/Page_PSTO webMessenger - Zalogowano/img_Magda Kowalska_sendButton' is clicked on

2021-12-19 14:14:53 - [MESSAGE][PASSED] - Object: 'Object Repository/Page_PSTO webMessenger - Zalogowano/img_Magda Kowalska_sendButton' is clicked on

2021-12-19 14:14:53 - [TEST_STEP][PASSED] - setText(findTestObject("Page_PSTO webMessenger - Zalogowano/input_Magda Kowalska_messageInput"), "c"): Text 'c' is set on object 'Object Repository/Page_PSTO webMessenger - Zalogowano/input_Magda Kowalska_messageInput'

2021-12-19 14:14:54 - [MESSAGE][PASSED] - Text 'c' is set on object 'Object Repository/Page_PSTO webMessenger - Zalogowano/input_Magda Kowalska_messageInput'

2021-12-19 14:14:54 - [TEST_STEP][PASSED] - click(findTestObject("Page_PSTO webMessenger - Zalogowano/img_Magda Kowalska_sendButton")): Object: 'Object Repository/Page_PSTO webMessenger - Zalogowano/img_Magda Kowalska_sendButton' is clicked on

2021-12-19 14:14:55 - [MESSAGE][PASSED] - Object: 'Object Repository/Page_PSTO webMessenger - Zalogowano/img_Magda Kowalska_sendButton' is clicked on

2021-12-19 14:14:55 - [TEST_STEP][PASSED] - setText(findTestObject("Page_PSTO webMessenger - Zalogowano/input_Magda Kowalska_messageInput"), "c"): Text 'c' is set on object 'Object Repository/Page_PSTO webMessenger - Zalogowano/input_Magda Kowalska_messageInput'

2021-12-19 14:14:55 - [MESSAGE][PASSED] - Text 'c' is set on object 'Object Repository/Page_PSTO webMessenger - Zalogowano/input_Magda Kowalska_messageInput'

2021-12-19 14:14:55 - [TEST_STEP][PASSED] - click(findTestObject("Page_PSTO webMessenger - Zalogowano/img_Magda Kowalska_sendButton")): Object: 'Object Repository/Page_PSTO webMessenger - Zalogowano/img_Magda Kowalska_sendButton' is clicked on

2021-12-19 14:14:56 - [MESSAGE][PASSED] - Object: 'Object Repository/Page_PSTO webMessenger - Zalogowano/img_Magda Kowalska_sendButton' is clicked on

2021-12-19 14:14:56 - [TEST_STEP][PASSED] - setText(findTestObject("Page_PSTO webMessenger - Zalogowano/input_Magda Kowalska_messageInput"), "c"): Text 'c' is set on object 'Object Repository/Page_PSTO webMessenger - Zalogowano/input_Magda Kowalska_messageInput'

2021-12-19 14:14:57 - [MESSAGE][PASSED] - Text 'c' is set on object 'Object Repository/Page_PSTO webMessenger - Zalogowano/input_Magda Kowalska_messageInput'

2021-12-19 14:14:57 - [TEST_STEP][PASSED] - click(findTestObject("Page_PSTO webMessenger - Zalogowano/img_Magda Kowalska_sendButton")): Object: 'Object Repository/Page_PSTO webMessenger - Zalogowano/img_Magda Kowalska_sendButton' is clicked on

2021-12-19 14:14:57 - [MESSAGE][PASSED] - Object: 'Object Repository/Page_PSTO webMessenger - Zalogowano/img_Magda Kowalska_sendButton' is clicked on

2021-12-19 14:14:57 - [TEST_STEP][PASSED] - setText(findTestObject("Page_PSTO webMessenger - Zalogowano/input_Magda Kowalska_messageInput"), "c"): Text 'c' is set on object 'Object Repository/Page_PSTO webMessenger - Zalogowano/input_Magda Kowalska_messageInput'

2021-12-19 14:14:58 - [MESSAGE][PASSED] - Text 'c' is set on object 'Object Repository/Page_PSTO webMessenger - Zalogowano/input_Magda Kowalska_messageInput'

2021-12-19 14:14:58 - [TEST_STEP][PASSED] - click(findTestObject("Page_PSTO webMessenger - Zalogowano/img_Magda Kowalska_sendButton")): Object: 'Object Repository/Page_PSTO webMessenger - Zalogowano/img_Magda Kowalska_sendButton' is clicked on

2021-12-19 14:14:59 - [MESSAGE][PASSED] - Object: 'Object Repository/Page_PSTO webMessenger - Zalogowano/img_Magda Kowalska_sendButton' is clicked on

2021-12-19 14:14:59 - [TEST_STEP][PASSED] - setText(findTestObject("Page_PSTO webMessenger - Zalogowano/input_Magda Kowalska_messageInput"), "c"): Text 'c' is set on object 'Object Repository/Page_PSTO webMessenger - Zalogowano/input_Magda Kowalska_messageInput'

2021-12-19 14:14:59 - [MESSAGE][PASSED] - Text 'c' is set on object 'Object Repository/Page_PSTO webMessenger - Zalogowano/input_Magda Kowalska_messageInput'

2021-12-19 14:14:59 - [TEST_STEP][PASSED] - click(findTestObject("Page_PSTO webMessenger - Zalogowano/img_Magda Kowalska_sendButton")): Object: 'Object Repository/Page_PSTO webMessenger - Zalogowano/img_Magda Kowalska_sendButton' is clicked on

2021-12-19 14:15:00 - [MESSAGE][PASSED] - Object: 'Object Repository/Page_PSTO webMessenger - Zalogowano/img_Magda Kowalska_sendButton' is clicked on

2021-12-19 14:15:00 - [TEST_STEP][PASSED] - setText(findTestObject("Page_PSTO webMessenger - Zalogowano/input_Magda Kowalska_messageInput"), "c"): Text 'c' is set on object 'Object Repository/Page_PSTO webMessenger - Zalogowano/input_Magda Kowalska_messageInput'

2021-12-19 14:15:01 - [MESSAGE][PASSED] - Text 'c' is set on object 'Object Repository/Page_PSTO webMessenger - Zalogowano/input_Magda Kowalska_messageInput'

2021-12-19 14:15:01 - [TEST_STEP][PASSED] - click(findTestObject("Page_PSTO webMessenger - Zalogowano/img_Magda Kowalska_sendButton")): Object: 'Object Repository/Page_PSTO webMessenger - Zalogowano/img_Magda Kowalska_sendButton' is clicked on

2021-12-19 14:15:01 - [MESSAGE][PASSED] - Object: 'Object Repository/Page_PSTO webMessenger - Zalogowano/img_Magda Kowalska_sendButton' is clicked on

2021-12-19 14:15:01 - [TEST_STEP][PASSED] - setText(findTestObject("Page_PSTO webMessenger - Zalogowano/input_Magda Kowalska_messageInput"), "c"): Text 'c' is set on object 'Object Repository/Page_PSTO webMessenger - Zalogowano/input_Magda Kowalska_messageInput'

2021-12-19 14:15:02 - [MESSAGE][PASSED] - Text 'c' is set on object 'Object Repository/Page_PSTO webMessenger - Zalogowano/input_Magda Kowalska_messageInput'

2021-12-19 14:15:02 - [TEST_STEP][PASSED] - click(findTestObject("Page_PSTO webMessenger - Zalogowano/img_Magda Kowalska_sendButton")): Object: 'Object Repository/Page_PSTO webMessenger - Zalogowano/img_Magda Kowalska_sendButton' is clicked on

2021-12-19 14:15:03 - [MESSAGE][PASSED] - Object: 'Object Repository/Page_PSTO webMessenger - Zalogowano/img_Magda Kowalska_sendButton' is clicked on

2021-12-19 14:15:03 - [TEST_STEP][PASSED] - setText(findTestObject("Page_PSTO webMessenger - Zalogowano/input_Magda Kowalska_messageInput"), "c"): Text 'c' is set on object 'Object Repository/Page_PSTO webMessenger - Zalogowano/input_Magda Kowalska_messageInput'

2021-12-19 14:15:03 - [MESSAGE][PASSED] - Text 'c' is set on object 'Object Repository/Page_PSTO webMessenger - Zalogowano/input_Magda Kowalska_messageInput'

2021-12-19 14:15:03 - [TEST_STEP][PASSED] - click(findTestObject("Page_PSTO webMessenger - Zalogowano/img_Magda Kowalska_sendButton")): Object: 'Object Repository/Page_PSTO webMessenger - Zalogowano/img_Magda Kowalska_sendButton' is clicked on

2021-12-19 14:15:05 - [MESSAGE][PASSED] - Object: 'Object Repository/Page_PSTO webMessenger - Zalogowano/img_Magda Kowalska_sendButton' is clicked on

2021-12-19 14:15:05 - [TEST_STEP][PASSED] - setText(findTestObject("Page_PSTO webMessenger - Zalogowano/input_Magda Kowalska_messageInput"), "c"): Text 'c' is set on object 'Object Repository/Page_PSTO webMessenger - Zalogowano/input_Magda Kowalska_messageInput'

2021-12-19 14:15:06 - [MESSAGE][PASSED] - Text 'c' is set on object 'Object Repository/Page_PSTO webMessenger - Zalogowano/input_Magda Kowalska_messageInput'

2021-12-19 14:15:06 - [TEST_STEP][PASSED] - click(findTestObject("Page_PSTO webMessenger - Zalogowano/img_Magda Kowalska_sendButton")): Object: 'Object Repository/Page_PSTO webMessenger - Zalogowano/img_Magda Kowalska_sendButton' is clicked on

2021-12-19 14:15:06 - [MESSAGE][PASSED] - Object: 'Object Repository/Page_PSTO webMessenger - Zalogowano/img_Magda Kowalska_sendButton' is clicked on

2021-12-19 14:15:06 - [TEST_STEP][PASSED] - setText(findTestObject("Page_PSTO webMessenger - Zalogowano/input_Magda Kowalska_messageInput"), "c"): Text 'c' is set on object 'Object Repository/Page_PSTO webMessenger - Zalogowano/input_Magda Kowalska_messageInput'

2021-12-19 14:15:07 - [MESSAGE][PASSED] - Text 'c' is set on object 'Object Repository/Page_PSTO webMessenger - Zalogowano/input_Magda Kowalska_messageInput'

2021-12-19 14:15:07 - [TEST_STEP][PASSED] - click(findTestObject("Page_PSTO webMessenger - Zalogowano/img_Magda Kowalska_sendButton")): Object: 'Object Repository/Page_PSTO webMessenger - Zalogowano/img_Magda Kowalska_sendButton' is clicked on

2021-12-19 14:15:08 - [MESSAGE][PASSED] - Object: 'Object Repository/Page_PSTO webMessenger - Zalogowano/img_Magda Kowalska_sendButton' is clicked on

2021-12-19 14:15:08 - [TEST_STEP][PASSED] - setText(findTestObject("Page_PSTO webMessenger - Zalogowano/input_Magda Kowalska_messageInput"), "c"): Text 'c' is set on object 'Object Repository/Page_PSTO webMessenger - Zalogowano/input_Magda Kowalska_messageInput'

2021-12-19 14:15:08 - [MESSAGE][PASSED] - Text 'c' is set on object 'Object Repository/Page_PSTO webMessenger - Zalogowano/input_Magda Kowalska_messageInput'

2021-12-19 14:15:08 - [TEST_STEP][PASSED] - click(findTestObject("Page_PSTO webMessenger - Zalogowano/img_Magda Kowalska_sendButton")): Object: 'Object Repository/Page_PSTO webMessenger - Zalogowano/img_Magda Kowalska_sendButton' is clicked on

2021-12-19 14:15:09 - [MESSAGE][PASSED] - Object: 'Object Repository/Page_PSTO webMessenger - Zalogowano/img_Magda Kowalska_sendButton' is clicked on

2021-12-19 14:15:09 - [TEST_STEP][PASSED] - setText(findTestObject("Page_PSTO webMessenger - Zalogowano/input_Magda Kowalska_messageInput"), "c"): Text 'c' is set on object 'Object Repository/Page_PSTO webMessenger - Zalogowano/input_Magda Kowalska_messageInput'

2021-12-19 14:15:10 - [MESSAGE][PASSED] - Text 'c' is set on object 'Object Repository/Page_PSTO webMessenger - Zalogowano/input_Magda Kowalska_messageInput'

2021-12-19 14:15:10 - [TEST_STEP][PASSED] - click(findTestObject("Page_PSTO webMessenger - Zalogowano/img_Magda Kowalska_sendButton")): Object: 'Object Repository/Page_PSTO webMessenger - Zalogowano/img_Magda Kowalska_sendButton' is clicked on

2021-12-19 14:15:11 - [MESSAGE][PASSED] - Object: 'Object Repository/Page_PSTO webMessenger - Zalogowano/img_Magda Kowalska_sendButton' is clicked on

2021-12-19 14:15:11 - [TEST_STEP][PASSED] - setText(findTestObject("Page_PSTO webMessenger - Zalogowano/input_Magda Kowalska_messageInput"), "c"): Text 'c' is set on object 'Object Repository/Page_PSTO webMessenger - Zalogowano/input_Magda Kowalska_messageInput'

2021-12-19 14:15:11 - [MESSAGE][PASSED] - Text 'c' is set on object 'Object Repository/Page_PSTO webMessenger - Zalogowano/input_Magda Kowalska_messageInput'

2021-12-19 14:15:11 - [TEST_STEP][PASSED] - click(findTestObject("Page_PSTO webMessenger - Zalogowano/img_Magda Kowalska_sendButton")): Object: 'Object Repository/Page_PSTO webMessenger - Zalogowano/img_Magda Kowalska_sendButton' is clicked on

2021-12-19 14:15:12 - [MESSAGE][PASSED] - Object: 'Object Repository/Page_PSTO webMessenger - Zalogowano/img_Magda Kowalska_sendButton' is clicked on

2021-12-19 14:15:12 - [TEST_STEP][PASSED] - setText(findTestObject("Page_PSTO webMessenger - Zalogowano/input_Magda Kowalska_messageInput"), "c"): Text 'c' is set on object 'Object Repository/Page_PSTO webMessenger - Zalogowano/input_Magda Kowalska_messageInput'

2021-12-19 14:15:13 - [MESSAGE][PASSED] - Text 'c' is set on object 'Object Repository/Page_PSTO webMessenger - Zalogowano/input_Magda Kowalska_messageInput'

2021-12-19 14:15:13 - [TEST_STEP][PASSED] - click(findTestObject("Page_PSTO webMessenger - Zalogowano/img_Magda Kowalska_sendButton")): Object: 'Object Repository/Page_PSTO webMessenger - Zalogowano/img_Magda Kowalska_sendButton' is clicked on

2021-12-19 14:15:13 - [MESSAGE][PASSED] - Object: 'Object Repository/Page_PSTO webMessenger - Zalogowano/img_Magda Kowalska_sendButton' is clicked on

2021-12-19 14:15:13 - [TEST_STEP][PASSED] - setText(findTestObject("Page_PSTO webMessenger - Zalogowano/input_Magda Kowalska_messageInput"), "c"): Text 'c' is set on object 'Object Repository/Page_PSTO webMessenger - Zalogowano/input_Magda Kowalska_messageInput'

2021-12-19 14:15:14 - [MESSAGE][PASSED] - Text 'c' is set on object 'Object Repository/Page_PSTO webMessenger - Zalogowano/input_Magda Kowalska_messageInput'

2021-12-19 14:15:14 - [TEST_STEP][PASSED] - click(findTestObject("Page_PSTO webMessenger - Zalogowano/img_Magda Kowalska_sendButton")): Object: 'Object Repository/Page_PSTO webMessenger - Zalogowano/img_Magda Kowalska_sendButton' is clicked on

2021-12-19 14:15:15 - [MESSAGE][PASSED] - Object: 'Object Repository/Page_PSTO webMessenger - Zalogowano/img_Magda Kowalska_sendButton' is clicked on

2021-12-19 14:15:15 - [TEST_STEP][PASSED] - setText(findTestObject("Page_PSTO webMessenger - Zalogowano/input_Magda Kowalska_messageInput"), "c"): Text 'c' is set on object 'Object Repository/Page_PSTO webMessenger - Zalogowano/input_Magda Kowalska_messageInput'

2021-12-19 14:15:15 - [MESSAGE][PASSED] - Text 'c' is set on object 'Object Repository/Page_PSTO webMessenger - Zalogowano/input_Magda Kowalska_messageInput'

2021-12-19 14:15:15 - [TEST_STEP][PASSED] - click(findTestObject("Page_PSTO webMessenger - Zalogowano/img_Magda Kowalska_sendButton")): Object: 'Object Repository/Page_PSTO webMessenger - Zalogowano/img_Magda Kowalska_sendButton' is clicked on

2021-12-19 14:15:16 - [MESSAGE][PASSED] - Object: 'Object Repository/Page_PSTO webMessenger - Zalogowano/img_Magda Kowalska_sendButton' is clicked on

2021-12-19 14:15:16 - [TEST_STEP][PASSED] - setText(findTestObject("Page_PSTO webMessenger - Zalogowano/input_Magda Kowalska_messageInput"), "c"): Text 'c' is set on object 'Object Repository/Page_PSTO webMessenger - Zalogowano/input_Magda Kowalska_messageInput'

2021-12-19 14:15:17 - [MESSAGE][PASSED] - Text 'c' is set on object 'Object Repository/Page_PSTO webMessenger - Zalogowano/input_Magda Kowalska_messageInput'

2021-12-19 14:15:17 - [TEST_STEP][PASSED] - click(findTestObject("Page_PSTO webMessenger - Zalogowano/img_Magda Kowalska_sendButton")): Object: 'Object Repository/Page_PSTO webMessenger - Zalogowano/img_Magda Kowalska_sendButton' is clicked on

2021-12-19 14:15:17 - [MESSAGE][PASSED] - Object: 'Object Repository/Page_PSTO webMessenger - Zalogowano/img_Magda Kowalska_sendButton' is clicked on

2021-12-19 14:15:17 - [TEST_STEP][PASSED] - setText(findTestObject("Page_PSTO webMessenger - Zalogowano/input_Magda Kowalska_messageInput"), "c"): Text 'c' is set on object 'Object Repository/Page_PSTO webMessenger - Zalogowano/input_Magda Kowalska_messageInput'

2021-12-19 14:15:18 - [MESSAGE][PASSED] - Text 'c' is set on object 'Object Repository/Page_PSTO webMessenger - Zalogowano/input_Magda Kowalska_messageInput'

2021-12-19 14:15:18 - [TEST_STEP][PASSED] - click(findTestObject("Page_PSTO webMessenger - Zalogowano/img_Magda Kowalska_sendButton")): Object: 'Object Repository/Page_PSTO webMessenger - Zalogowano/img_Magda Kowalska_sendButton' is clicked on

2021-12-19 14:15:19 - [MESSAGE][PASSED] - Object: 'Object Repository/Page_PSTO webMessenger - Zalogowano/img_Magda Kowalska_sendButton' is clicked on

2021-12-19 14:15:19 - [TEST_STEP][PASSED] - click(findTestObject("Object Repository/Page_PSTO webMessenger - Zalogowano/img_Zarejestruj konto_iconImg")): Object: 'Object Repository/Page_PSTO webMessenger - Zalogowano/img_Zarejestruj konto_iconImg' is clicked on

2021-12-19 14:15:20 - [MESSAGE][PASSED] - Object: 'Object Repository/Page_PSTO webMessenger - Zalogowano/img_Zarejestruj konto_iconImg' is clicked on

2021-12-19 14:15:20 - [TEST_STEP][PASSED] - closeBrowser(): Browser is closed

2021-12-19 14:15:21 - [MESSAGE][PASSED] - Browser is closed]]></system-out>
         <system-err><![CDATA[]]></system-err>
      </testcase>
      <testcase name="Test Cases/Historia rozm贸w/HR20" time="158.744" classname="Test Cases/Historia rozm贸w/HR20" status="PASSED">
         <system-out><![CDATA[2021-12-19 14:15:21 - [TEST_CASE][PASSED] - Test Cases/Historia rozm贸w/HR20: Test Cases/Historia rozm贸w/HR20

2021-12-19 14:15:21 - [TEST_STEP][PASSED] - openBrowser(""): Browser is opened with url: ''

2021-12-19 14:15:21 - [MESSAGE][INFO] - Starting 'Firefox' driver

2021-12-19 14:15:21 - [MESSAGE][INFO] - Action delay is set to 0 milliseconds

2021-12-19 14:15:27 - [MESSAGE][PASSED] - Browser is opened with url: ''

2021-12-19 14:15:27 - [TEST_STEP][PASSED] - navigateToUrl("http://kmg.hcm.pl/testowanie/index.html"): Navigate to 'http://kmg.hcm.pl/testowanie/index.html' successfully

2021-12-19 14:15:28 - [MESSAGE][PASSED] - Navigate to 'http://kmg.hcm.pl/testowanie/index.html' successfully

2021-12-19 14:15:28 - [TEST_STEP][PASSED] - setText(findTestObject("Object Repository/Page_PSTO webMessenger/input_Zarejestruj konto_userLogin"), "Tomasz Staszewski"): Text 'Tomasz Staszewski' is set on object 'Object Repository/Page_PSTO webMessenger/input_Zarejestruj konto_userLogin'

2021-12-19 14:15:29 - [MESSAGE][PASSED] - Text 'Tomasz Staszewski' is set on object 'Object Repository/Page_PSTO webMessenger/input_Zarejestruj konto_userLogin'

2021-12-19 14:15:29 - [TEST_STEP][PASSED] - setEncryptedText(findTestObject("Object Repository/Page_PSTO webMessenger/input_Zarejestruj konto_passwordLogin"), "wCo1vTKhcj4="): Text ****** has been set on object 'Object Repository/Page_PSTO webMessenger/input_Zarejestruj konto_passwordLogin'

2021-12-19 14:15:29 - [MESSAGE][PASSED] - Text ****** has been set on object 'Object Repository/Page_PSTO webMessenger/input_Zarejestruj konto_passwordLogin'

2021-12-19 14:15:29 - [TEST_STEP][PASSED] - click(findTestObject("Object Repository/Page_PSTO webMessenger/input_Zarejestruj konto_login")): Object: 'Object Repository/Page_PSTO webMessenger/input_Zarejestruj konto_login' is clicked on

2021-12-19 14:15:30 - [MESSAGE][PASSED] - Object: 'Object Repository/Page_PSTO webMessenger/input_Zarejestruj konto_login' is clicked on

2021-12-19 14:15:30 - [TEST_STEP][PASSED] - click(findTestObject("Page_PSTO webMessenger - Zalogowano/div_Joanna Kowalska")): Object: 'Object Repository/Page_PSTO webMessenger - Zalogowano/div_Joanna Kowalska' is clicked on

2021-12-19 14:15:30 - [MESSAGE][PASSED] - Object: 'Object Repository/Page_PSTO webMessenger - Zalogowano/div_Joanna Kowalska' is clicked on

2021-12-19 14:15:30 - [TEST_STEP][PASSED] - for (def index : (1..100)): Object: 'Object Repository/Page_PSTO webMessenger - Zalogowano/img_Joanna Kowalska_sendButton' is clicked on

2021-12-19 14:15:30 - [TEST_STEP][PASSED] - setText(findTestObject("Page_PSTO webMessenger - Zalogowano/input_Joanna Kowalska_messageInput"), "d"): Text 'd' is set on object 'Object Repository/Page_PSTO webMessenger - Zalogowano/input_Joanna Kowalska_messageInput'

2021-12-19 14:15:32 - [MESSAGE][PASSED] - Text 'd' is set on object 'Object Repository/Page_PSTO webMessenger - Zalogowano/input_Joanna Kowalska_messageInput'

2021-12-19 14:15:32 - [TEST_STEP][PASSED] - click(findTestObject("Page_PSTO webMessenger - Zalogowano/img_Joanna Kowalska_sendButton")): Object: 'Object Repository/Page_PSTO webMessenger - Zalogowano/img_Joanna Kowalska_sendButton' is clicked on

2021-12-19 14:15:33 - [MESSAGE][PASSED] - Object: 'Object Repository/Page_PSTO webMessenger - Zalogowano/img_Joanna Kowalska_sendButton' is clicked on

2021-12-19 14:15:33 - [TEST_STEP][PASSED] - setText(findTestObject("Page_PSTO webMessenger - Zalogowano/input_Joanna Kowalska_messageInput"), "d"): Text 'd' is set on object 'Object Repository/Page_PSTO webMessenger - Zalogowano/input_Joanna Kowalska_messageInput'

2021-12-19 14:15:35 - [MESSAGE][PASSED] - Text 'd' is set on object 'Object Repository/Page_PSTO webMessenger - Zalogowano/input_Joanna Kowalska_messageInput'

2021-12-19 14:15:35 - [TEST_STEP][PASSED] - click(findTestObject("Page_PSTO webMessenger - Zalogowano/img_Joanna Kowalska_sendButton")): Object: 'Object Repository/Page_PSTO webMessenger - Zalogowano/img_Joanna Kowalska_sendButton' is clicked on

2021-12-19 14:15:35 - [MESSAGE][PASSED] - Object: 'Object Repository/Page_PSTO webMessenger - Zalogowano/img_Joanna Kowalska_sendButton' is clicked on

2021-12-19 14:15:35 - [TEST_STEP][PASSED] - setText(findTestObject("Page_PSTO webMessenger - Zalogowano/input_Joanna Kowalska_messageInput"), "d"): Text 'd' is set on object 'Object Repository/Page_PSTO webMessenger - Zalogowano/input_Joanna Kowalska_messageInput'

2021-12-19 14:15:36 - [MESSAGE][PASSED] - Text 'd' is set on object 'Object Repository/Page_PSTO webMessenger - Zalogowano/input_Joanna Kowalska_messageInput'

2021-12-19 14:15:36 - [TEST_STEP][PASSED] - click(findTestObject("Page_PSTO webMessenger - Zalogowano/img_Joanna Kowalska_sendButton")): Object: 'Object Repository/Page_PSTO webMessenger - Zalogowano/img_Joanna Kowalska_sendButton' is clicked on

2021-12-19 14:15:37 - [MESSAGE][PASSED] - Object: 'Object Repository/Page_PSTO webMessenger - Zalogowano/img_Joanna Kowalska_sendButton' is clicked on

2021-12-19 14:15:37 - [TEST_STEP][PASSED] - setText(findTestObject("Page_PSTO webMessenger - Zalogowano/input_Joanna Kowalska_messageInput"), "d"): Text 'd' is set on object 'Object Repository/Page_PSTO webMessenger - Zalogowano/input_Joanna Kowalska_messageInput'

2021-12-19 14:15:37 - [MESSAGE][PASSED] - Text 'd' is set on object 'Object Repository/Page_PSTO webMessenger - Zalogowano/input_Joanna Kowalska_messageInput'

2021-12-19 14:15:37 - [TEST_STEP][PASSED] - click(findTestObject("Page_PSTO webMessenger - Zalogowano/img_Joanna Kowalska_sendButton")): Object: 'Object Repository/Page_PSTO webMessenger - Zalogowano/img_Joanna Kowalska_sendButton' is clicked on

2021-12-19 14:15:38 - [MESSAGE][PASSED] - Object: 'Object Repository/Page_PSTO webMessenger - Zalogowano/img_Joanna Kowalska_sendButton' is clicked on

2021-12-19 14:15:38 - [TEST_STEP][PASSED] - setText(findTestObject("Page_PSTO webMessenger - Zalogowano/input_Joanna Kowalska_messageInput"), "d"): Text 'd' is set on object 'Object Repository/Page_PSTO webMessenger - Zalogowano/input_Joanna Kowalska_messageInput'

2021-12-19 14:15:39 - [MESSAGE][PASSED] - Text 'd' is set on object 'Object Repository/Page_PSTO webMessenger - Zalogowano/input_Joanna Kowalska_messageInput'

2021-12-19 14:15:39 - [TEST_STEP][PASSED] - click(findTestObject("Page_PSTO webMessenger - Zalogowano/img_Joanna Kowalska_sendButton")): Object: 'Object Repository/Page_PSTO webMessenger - Zalogowano/img_Joanna Kowalska_sendButton' is clicked on

2021-12-19 14:15:40 - [MESSAGE][PASSED] - Object: 'Object Repository/Page_PSTO webMessenger - Zalogowano/img_Joanna Kowalska_sendButton' is clicked on

2021-12-19 14:15:40 - [TEST_STEP][PASSED] - setText(findTestObject("Page_PSTO webMessenger - Zalogowano/input_Joanna Kowalska_messageInput"), "d"): Text 'd' is set on object 'Object Repository/Page_PSTO webMessenger - Zalogowano/input_Joanna Kowalska_messageInput'

2021-12-19 14:15:41 - [MESSAGE][PASSED] - Text 'd' is set on object 'Object Repository/Page_PSTO webMessenger - Zalogowano/input_Joanna Kowalska_messageInput'

2021-12-19 14:15:41 - [TEST_STEP][PASSED] - click(findTestObject("Page_PSTO webMessenger - Zalogowano/img_Joanna Kowalska_sendButton")): Object: 'Object Repository/Page_PSTO webMessenger - Zalogowano/img_Joanna Kowalska_sendButton' is clicked on

2021-12-19 14:15:41 - [MESSAGE][PASSED] - Object: 'Object Repository/Page_PSTO webMessenger - Zalogowano/img_Joanna Kowalska_sendButton' is clicked on

2021-12-19 14:15:41 - [TEST_STEP][PASSED] - setText(findTestObject("Page_PSTO webMessenger - Zalogowano/input_Joanna Kowalska_messageInput"), "d"): Text 'd' is set on object 'Object Repository/Page_PSTO webMessenger - Zalogowano/input_Joanna Kowalska_messageInput'

2021-12-19 14:15:42 - [MESSAGE][PASSED] - Text 'd' is set on object 'Object Repository/Page_PSTO webMessenger - Zalogowano/input_Joanna Kowalska_messageInput'

2021-12-19 14:15:42 - [TEST_STEP][PASSED] - click(findTestObject("Page_PSTO webMessenger - Zalogowano/img_Joanna Kowalska_sendButton")): Object: 'Object Repository/Page_PSTO webMessenger - Zalogowano/img_Joanna Kowalska_sendButton' is clicked on

2021-12-19 14:15:42 - [MESSAGE][PASSED] - Object: 'Object Repository/Page_PSTO webMessenger - Zalogowano/img_Joanna Kowalska_sendButton' is clicked on

2021-12-19 14:15:42 - [TEST_STEP][PASSED] - setText(findTestObject("Page_PSTO webMessenger - Zalogowano/input_Joanna Kowalska_messageInput"), "d"): Text 'd' is set on object 'Object Repository/Page_PSTO webMessenger - Zalogowano/input_Joanna Kowalska_messageInput'

2021-12-19 14:15:44 - [MESSAGE][PASSED] - Text 'd' is set on object 'Object Repository/Page_PSTO webMessenger - Zalogowano/input_Joanna Kowalska_messageInput'

2021-12-19 14:15:44 - [TEST_STEP][PASSED] - click(findTestObject("Page_PSTO webMessenger - Zalogowano/img_Joanna Kowalska_sendButton")): Object: 'Object Repository/Page_PSTO webMessenger - Zalogowano/img_Joanna Kowalska_sendButton' is clicked on

2021-12-19 14:15:44 - [MESSAGE][PASSED] - Object: 'Object Repository/Page_PSTO webMessenger - Zalogowano/img_Joanna Kowalska_sendButton' is clicked on

2021-12-19 14:15:44 - [TEST_STEP][PASSED] - setText(findTestObject("Page_PSTO webMessenger - Zalogowano/input_Joanna Kowalska_messageInput"), "d"): Text 'd' is set on object 'Object Repository/Page_PSTO webMessenger - Zalogowano/input_Joanna Kowalska_messageInput'

2021-12-19 14:15:45 - [MESSAGE][PASSED] - Text 'd' is set on object 'Object Repository/Page_PSTO webMessenger - Zalogowano/input_Joanna Kowalska_messageInput'

2021-12-19 14:15:45 - [TEST_STEP][PASSED] - click(findTestObject("Page_PSTO webMessenger - Zalogowano/img_Joanna Kowalska_sendButton")): Object: 'Object Repository/Page_PSTO webMessenger - Zalogowano/img_Joanna Kowalska_sendButton' is clicked on

2021-12-19 14:15:45 - [MESSAGE][PASSED] - Object: 'Object Repository/Page_PSTO webMessenger - Zalogowano/img_Joanna Kowalska_sendButton' is clicked on

2021-12-19 14:15:45 - [TEST_STEP][PASSED] - setText(findTestObject("Page_PSTO webMessenger - Zalogowano/input_Joanna Kowalska_messageInput"), "d"): Text 'd' is set on object 'Object Repository/Page_PSTO webMessenger - Zalogowano/input_Joanna Kowalska_messageInput'

2021-12-19 14:15:46 - [MESSAGE][PASSED] - Text 'd' is set on object 'Object Repository/Page_PSTO webMessenger - Zalogowano/input_Joanna Kowalska_messageInput'

2021-12-19 14:15:46 - [TEST_STEP][PASSED] - click(findTestObject("Page_PSTO webMessenger - Zalogowano/img_Joanna Kowalska_sendButton")): Object: 'Object Repository/Page_PSTO webMessenger - Zalogowano/img_Joanna Kowalska_sendButton' is clicked on

2021-12-19 14:15:47 - [MESSAGE][PASSED] - Object: 'Object Repository/Page_PSTO webMessenger - Zalogowano/img_Joanna Kowalska_sendButton' is clicked on

2021-12-19 14:15:47 - [TEST_STEP][PASSED] - setText(findTestObject("Page_PSTO webMessenger - Zalogowano/input_Joanna Kowalska_messageInput"), "d"): Text 'd' is set on object 'Object Repository/Page_PSTO webMessenger - Zalogowano/input_Joanna Kowalska_messageInput'

2021-12-19 14:15:47 - [MESSAGE][PASSED] - Text 'd' is set on object 'Object Repository/Page_PSTO webMessenger - Zalogowano/input_Joanna Kowalska_messageInput'

2021-12-19 14:15:47 - [TEST_STEP][PASSED] - click(findTestObject("Page_PSTO webMessenger - Zalogowano/img_Joanna Kowalska_sendButton")): Object: 'Object Repository/Page_PSTO webMessenger - Zalogowano/img_Joanna Kowalska_sendButton' is clicked on

2021-12-19 14:15:48 - [MESSAGE][PASSED] - Object: 'Object Repository/Page_PSTO webMessenger - Zalogowano/img_Joanna Kowalska_sendButton' is clicked on

2021-12-19 14:15:48 - [TEST_STEP][PASSED] - setText(findTestObject("Page_PSTO webMessenger - Zalogowano/input_Joanna Kowalska_messageInput"), "d"): Text 'd' is set on object 'Object Repository/Page_PSTO webMessenger - Zalogowano/input_Joanna Kowalska_messageInput'

2021-12-19 14:15:49 - [MESSAGE][PASSED] - Text 'd' is set on object 'Object Repository/Page_PSTO webMessenger - Zalogowano/input_Joanna Kowalska_messageInput'

2021-12-19 14:15:49 - [TEST_STEP][PASSED] - click(findTestObject("Page_PSTO webMessenger - Zalogowano/img_Joanna Kowalska_sendButton")): Object: 'Object Repository/Page_PSTO webMessenger - Zalogowano/img_Joanna Kowalska_sendButton' is clicked on

2021-12-19 14:15:49 - [MESSAGE][PASSED] - Object: 'Object Repository/Page_PSTO webMessenger - Zalogowano/img_Joanna Kowalska_sendButton' is clicked on

2021-12-19 14:15:49 - [TEST_STEP][PASSED] - setText(findTestObject("Page_PSTO webMessenger - Zalogowano/input_Joanna Kowalska_messageInput"), "d"): Text 'd' is set on object 'Object Repository/Page_PSTO webMessenger - Zalogowano/input_Joanna Kowalska_messageInput'

2021-12-19 14:15:50 - [MESSAGE][PASSED] - Text 'd' is set on object 'Object Repository/Page_PSTO webMessenger - Zalogowano/input_Joanna Kowalska_messageInput'

2021-12-19 14:15:50 - [TEST_STEP][PASSED] - click(findTestObject("Page_PSTO webMessenger - Zalogowano/img_Joanna Kowalska_sendButton")): Object: 'Object Repository/Page_PSTO webMessenger - Zalogowano/img_Joanna Kowalska_sendButton' is clicked on

2021-12-19 14:15:51 - [MESSAGE][PASSED] - Object: 'Object Repository/Page_PSTO webMessenger - Zalogowano/img_Joanna Kowalska_sendButton' is clicked on

2021-12-19 14:15:51 - [TEST_STEP][PASSED] - setText(findTestObject("Page_PSTO webMessenger - Zalogowano/input_Joanna Kowalska_messageInput"), "d"): Text 'd' is set on object 'Object Repository/Page_PSTO webMessenger - Zalogowano/input_Joanna Kowalska_messageInput'

2021-12-19 14:15:51 - [MESSAGE][PASSED] - Text 'd' is set on object 'Object Repository/Page_PSTO webMessenger - Zalogowano/input_Joanna Kowalska_messageInput'

2021-12-19 14:15:51 - [TEST_STEP][PASSED] - click(findTestObject("Page_PSTO webMessenger - Zalogowano/img_Joanna Kowalska_sendButton")): Object: 'Object Repository/Page_PSTO webMessenger - Zalogowano/img_Joanna Kowalska_sendButton' is clicked on

2021-12-19 14:15:52 - [MESSAGE][PASSED] - Object: 'Object Repository/Page_PSTO webMessenger - Zalogowano/img_Joanna Kowalska_sendButton' is clicked on

2021-12-19 14:15:52 - [TEST_STEP][PASSED] - setText(findTestObject("Page_PSTO webMessenger - Zalogowano/input_Joanna Kowalska_messageInput"), "d"): Text 'd' is set on object 'Object Repository/Page_PSTO webMessenger - Zalogowano/input_Joanna Kowalska_messageInput'

2021-12-19 14:15:53 - [MESSAGE][PASSED] - Text 'd' is set on object 'Object Repository/Page_PSTO webMessenger - Zalogowano/input_Joanna Kowalska_messageInput'

2021-12-19 14:15:53 - [TEST_STEP][PASSED] - click(findTestObject("Page_PSTO webMessenger - Zalogowano/img_Joanna Kowalska_sendButton")): Object: 'Object Repository/Page_PSTO webMessenger - Zalogowano/img_Joanna Kowalska_sendButton' is clicked on

2021-12-19 14:15:54 - [MESSAGE][PASSED] - Object: 'Object Repository/Page_PSTO webMessenger - Zalogowano/img_Joanna Kowalska_sendButton' is clicked on

2021-12-19 14:15:54 - [TEST_STEP][PASSED] - setText(findTestObject("Page_PSTO webMessenger - Zalogowano/input_Joanna Kowalska_messageInput"), "d"): Text 'd' is set on object 'Object Repository/Page_PSTO webMessenger - Zalogowano/input_Joanna Kowalska_messageInput'

2021-12-19 14:15:54 - [MESSAGE][PASSED] - Text 'd' is set on object 'Object Repository/Page_PSTO webMessenger - Zalogowano/input_Joanna Kowalska_messageInput'

2021-12-19 14:15:54 - [TEST_STEP][PASSED] - click(findTestObject("Page_PSTO webMessenger - Zalogowano/img_Joanna Kowalska_sendButton")): Object: 'Object Repository/Page_PSTO webMessenger - Zalogowano/img_Joanna Kowalska_sendButton' is clicked on

2021-12-19 14:15:55 - [MESSAGE][PASSED] - Object: 'Object Repository/Page_PSTO webMessenger - Zalogowano/img_Joanna Kowalska_sendButton' is clicked on

2021-12-19 14:15:55 - [TEST_STEP][PASSED] - setText(findTestObject("Page_PSTO webMessenger - Zalogowano/input_Joanna Kowalska_messageInput"), "d"): Text 'd' is set on object 'Object Repository/Page_PSTO webMessenger - Zalogowano/input_Joanna Kowalska_messageInput'

2021-12-19 14:15:56 - [MESSAGE][PASSED] - Text 'd' is set on object 'Object Repository/Page_PSTO webMessenger - Zalogowano/input_Joanna Kowalska_messageInput'

2021-12-19 14:15:56 - [TEST_STEP][PASSED] - click(findTestObject("Page_PSTO webMessenger - Zalogowano/img_Joanna Kowalska_sendButton")): Object: 'Object Repository/Page_PSTO webMessenger - Zalogowano/img_Joanna Kowalska_sendButton' is clicked on

2021-12-19 14:15:56 - [MESSAGE][PASSED] - Object: 'Object Repository/Page_PSTO webMessenger - Zalogowano/img_Joanna Kowalska_sendButton' is clicked on

2021-12-19 14:15:56 - [TEST_STEP][PASSED] - setText(findTestObject("Page_PSTO webMessenger - Zalogowano/input_Joanna Kowalska_messageInput"), "d"): Text 'd' is set on object 'Object Repository/Page_PSTO webMessenger - Zalogowano/input_Joanna Kowalska_messageInput'

2021-12-19 14:15:57 - [MESSAGE][PASSED] - Text 'd' is set on object 'Object Repository/Page_PSTO webMessenger - Zalogowano/input_Joanna Kowalska_messageInput'

2021-12-19 14:15:57 - [TEST_STEP][PASSED] - click(findTestObject("Page_PSTO webMessenger - Zalogowano/img_Joanna Kowalska_sendButton")): Object: 'Object Repository/Page_PSTO webMessenger - Zalogowano/img_Joanna Kowalska_sendButton' is clicked on

2021-12-19 14:15:57 - [MESSAGE][PASSED] - Object: 'Object Repository/Page_PSTO webMessenger - Zalogowano/img_Joanna Kowalska_sendButton' is clicked on

2021-12-19 14:15:57 - [TEST_STEP][PASSED] - setText(findTestObject("Page_PSTO webMessenger - Zalogowano/input_Joanna Kowalska_messageInput"), "d"): Text 'd' is set on object 'Object Repository/Page_PSTO webMessenger - Zalogowano/input_Joanna Kowalska_messageInput'

2021-12-19 14:15:59 - [MESSAGE][PASSED] - Text 'd' is set on object 'Object Repository/Page_PSTO webMessenger - Zalogowano/input_Joanna Kowalska_messageInput'

2021-12-19 14:15:59 - [TEST_STEP][PASSED] - click(findTestObject("Page_PSTO webMessenger - Zalogowano/img_Joanna Kowalska_sendButton")): Object: 'Object Repository/Page_PSTO webMessenger - Zalogowano/img_Joanna Kowalska_sendButton' is clicked on

2021-12-19 14:16:00 - [MESSAGE][PASSED] - Object: 'Object Repository/Page_PSTO webMessenger - Zalogowano/img_Joanna Kowalska_sendButton' is clicked on

2021-12-19 14:16:00 - [TEST_STEP][PASSED] - setText(findTestObject("Page_PSTO webMessenger - Zalogowano/input_Joanna Kowalska_messageInput"), "d"): Text 'd' is set on object 'Object Repository/Page_PSTO webMessenger - Zalogowano/input_Joanna Kowalska_messageInput'

2021-12-19 14:16:01 - [MESSAGE][PASSED] - Text 'd' is set on object 'Object Repository/Page_PSTO webMessenger - Zalogowano/input_Joanna Kowalska_messageInput'

2021-12-19 14:16:01 - [TEST_STEP][PASSED] - click(findTestObject("Page_PSTO webMessenger - Zalogowano/img_Joanna Kowalska_sendButton")): Object: 'Object Repository/Page_PSTO webMessenger - Zalogowano/img_Joanna Kowalska_sendButton' is clicked on

2021-12-19 14:16:01 - [MESSAGE][PASSED] - Object: 'Object Repository/Page_PSTO webMessenger - Zalogowano/img_Joanna Kowalska_sendButton' is clicked on

2021-12-19 14:16:01 - [TEST_STEP][PASSED] - setText(findTestObject("Page_PSTO webMessenger - Zalogowano/input_Joanna Kowalska_messageInput"), "d"): Text 'd' is set on object 'Object Repository/Page_PSTO webMessenger - Zalogowano/input_Joanna Kowalska_messageInput'

2021-12-19 14:16:02 - [MESSAGE][PASSED] - Text 'd' is set on object 'Object Repository/Page_PSTO webMessenger - Zalogowano/input_Joanna Kowalska_messageInput'

2021-12-19 14:16:02 - [TEST_STEP][PASSED] - click(findTestObject("Page_PSTO webMessenger - Zalogowano/img_Joanna Kowalska_sendButton")): Object: 'Object Repository/Page_PSTO webMessenger - Zalogowano/img_Joanna Kowalska_sendButton' is clicked on

2021-12-19 14:16:03 - [MESSAGE][PASSED] - Object: 'Object Repository/Page_PSTO webMessenger - Zalogowano/img_Joanna Kowalska_sendButton' is clicked on

2021-12-19 14:16:03 - [TEST_STEP][PASSED] - setText(findTestObject("Page_PSTO webMessenger - Zalogowano/input_Joanna Kowalska_messageInput"), "d"): Text 'd' is set on object 'Object Repository/Page_PSTO webMessenger - Zalogowano/input_Joanna Kowalska_messageInput'

2021-12-19 14:16:04 - [MESSAGE][PASSED] - Text 'd' is set on object 'Object Repository/Page_PSTO webMessenger - Zalogowano/input_Joanna Kowalska_messageInput'

2021-12-19 14:16:04 - [TEST_STEP][PASSED] - click(findTestObject("Page_PSTO webMessenger - Zalogowano/img_Joanna Kowalska_sendButton")): Object: 'Object Repository/Page_PSTO webMessenger - Zalogowano/img_Joanna Kowalska_sendButton' is clicked on

2021-12-19 14:16:04 - [MESSAGE][PASSED] - Object: 'Object Repository/Page_PSTO webMessenger - Zalogowano/img_Joanna Kowalska_sendButton' is clicked on

2021-12-19 14:16:04 - [TEST_STEP][PASSED] - setText(findTestObject("Page_PSTO webMessenger - Zalogowano/input_Joanna Kowalska_messageInput"), "d"): Text 'd' is set on object 'Object Repository/Page_PSTO webMessenger - Zalogowano/input_Joanna Kowalska_messageInput'

2021-12-19 14:16:05 - [MESSAGE][PASSED] - Text 'd' is set on object 'Object Repository/Page_PSTO webMessenger - Zalogowano/input_Joanna Kowalska_messageInput'

2021-12-19 14:16:05 - [TEST_STEP][PASSED] - click(findTestObject("Page_PSTO webMessenger - Zalogowano/img_Joanna Kowalska_sendButton")): Object: 'Object Repository/Page_PSTO webMessenger - Zalogowano/img_Joanna Kowalska_sendButton' is clicked on

2021-12-19 14:16:05 - [MESSAGE][PASSED] - Object: 'Object Repository/Page_PSTO webMessenger - Zalogowano/img_Joanna Kowalska_sendButton' is clicked on

2021-12-19 14:16:05 - [TEST_STEP][PASSED] - setText(findTestObject("Page_PSTO webMessenger - Zalogowano/input_Joanna Kowalska_messageInput"), "d"): Text 'd' is set on object 'Object Repository/Page_PSTO webMessenger - Zalogowano/input_Joanna Kowalska_messageInput'

2021-12-19 14:16:06 - [MESSAGE][PASSED] - Text 'd' is set on object 'Object Repository/Page_PSTO webMessenger - Zalogowano/input_Joanna Kowalska_messageInput'

2021-12-19 14:16:06 - [TEST_STEP][PASSED] - click(findTestObject("Page_PSTO webMessenger - Zalogowano/img_Joanna Kowalska_sendButton")): Object: 'Object Repository/Page_PSTO webMessenger - Zalogowano/img_Joanna Kowalska_sendButton' is clicked on

2021-12-19 14:16:07 - [MESSAGE][PASSED] - Object: 'Object Repository/Page_PSTO webMessenger - Zalogowano/img_Joanna Kowalska_sendButton' is clicked on

2021-12-19 14:16:07 - [TEST_STEP][PASSED] - setText(findTestObject("Page_PSTO webMessenger - Zalogowano/input_Joanna Kowalska_messageInput"), "d"): Text 'd' is set on object 'Object Repository/Page_PSTO webMessenger - Zalogowano/input_Joanna Kowalska_messageInput'

2021-12-19 14:16:07 - [MESSAGE][PASSED] - Text 'd' is set on object 'Object Repository/Page_PSTO webMessenger - Zalogowano/input_Joanna Kowalska_messageInput'

2021-12-19 14:16:07 - [TEST_STEP][PASSED] - click(findTestObject("Page_PSTO webMessenger - Zalogowano/img_Joanna Kowalska_sendButton")): Object: 'Object Repository/Page_PSTO webMessenger - Zalogowano/img_Joanna Kowalska_sendButton' is clicked on

2021-12-19 14:16:09 - [MESSAGE][PASSED] - Object: 'Object Repository/Page_PSTO webMessenger - Zalogowano/img_Joanna Kowalska_sendButton' is clicked on

2021-12-19 14:16:09 - [TEST_STEP][PASSED] - setText(findTestObject("Page_PSTO webMessenger - Zalogowano/input_Joanna Kowalska_messageInput"), "d"): Text 'd' is set on object 'Object Repository/Page_PSTO webMessenger - Zalogowano/input_Joanna Kowalska_messageInput'

2021-12-19 14:16:09 - [MESSAGE][PASSED] - Text 'd' is set on object 'Object Repository/Page_PSTO webMessenger - Zalogowano/input_Joanna Kowalska_messageInput'

2021-12-19 14:16:09 - [TEST_STEP][PASSED] - click(findTestObject("Page_PSTO webMessenger - Zalogowano/img_Joanna Kowalska_sendButton")): Object: 'Object Repository/Page_PSTO webMessenger - Zalogowano/img_Joanna Kowalska_sendButton' is clicked on

2021-12-19 14:16:10 - [MESSAGE][PASSED] - Object: 'Object Repository/Page_PSTO webMessenger - Zalogowano/img_Joanna Kowalska_sendButton' is clicked on

2021-12-19 14:16:10 - [TEST_STEP][PASSED] - setText(findTestObject("Page_PSTO webMessenger - Zalogowano/input_Joanna Kowalska_messageInput"), "d"): Text 'd' is set on object 'Object Repository/Page_PSTO webMessenger - Zalogowano/input_Joanna Kowalska_messageInput'

2021-12-19 14:16:11 - [MESSAGE][PASSED] - Text 'd' is set on object 'Object Repository/Page_PSTO webMessenger - Zalogowano/input_Joanna Kowalska_messageInput'

2021-12-19 14:16:11 - [TEST_STEP][PASSED] - click(findTestObject("Page_PSTO webMessenger - Zalogowano/img_Joanna Kowalska_sendButton")): Object: 'Object Repository/Page_PSTO webMessenger - Zalogowano/img_Joanna Kowalska_sendButton' is clicked on

2021-12-19 14:16:11 - [MESSAGE][PASSED] - Object: 'Object Repository/Page_PSTO webMessenger - Zalogowano/img_Joanna Kowalska_sendButton' is clicked on

2021-12-19 14:16:11 - [TEST_STEP][PASSED] - setText(findTestObject("Page_PSTO webMessenger - Zalogowano/input_Joanna Kowalska_messageInput"), "d"): Text 'd' is set on object 'Object Repository/Page_PSTO webMessenger - Zalogowano/input_Joanna Kowalska_messageInput'

2021-12-19 14:16:12 - [MESSAGE][PASSED] - Text 'd' is set on object 'Object Repository/Page_PSTO webMessenger - Zalogowano/input_Joanna Kowalska_messageInput'

2021-12-19 14:16:12 - [TEST_STEP][PASSED] - click(findTestObject("Page_PSTO webMessenger - Zalogowano/img_Joanna Kowalska_sendButton")): Object: 'Object Repository/Page_PSTO webMessenger - Zalogowano/img_Joanna Kowalska_sendButton' is clicked on

2021-12-19 14:16:12 - [MESSAGE][PASSED] - Object: 'Object Repository/Page_PSTO webMessenger - Zalogowano/img_Joanna Kowalska_sendButton' is clicked on

2021-12-19 14:16:12 - [TEST_STEP][PASSED] - setText(findTestObject("Page_PSTO webMessenger - Zalogowano/input_Joanna Kowalska_messageInput"), "d"): Text 'd' is set on object 'Object Repository/Page_PSTO webMessenger - Zalogowano/input_Joanna Kowalska_messageInput'

2021-12-19 14:16:14 - [MESSAGE][PASSED] - Text 'd' is set on object 'Object Repository/Page_PSTO webMessenger - Zalogowano/input_Joanna Kowalska_messageInput'

2021-12-19 14:16:14 - [TEST_STEP][PASSED] - click(findTestObject("Page_PSTO webMessenger - Zalogowano/img_Joanna Kowalska_sendButton")): Object: 'Object Repository/Page_PSTO webMessenger - Zalogowano/img_Joanna Kowalska_sendButton' is clicked on

2021-12-19 14:16:14 - [MESSAGE][PASSED] - Object: 'Object Repository/Page_PSTO webMessenger - Zalogowano/img_Joanna Kowalska_sendButton' is clicked on

2021-12-19 14:16:14 - [TEST_STEP][PASSED] - setText(findTestObject("Page_PSTO webMessenger - Zalogowano/input_Joanna Kowalska_messageInput"), "d"): Text 'd' is set on object 'Object Repository/Page_PSTO webMessenger - Zalogowano/input_Joanna Kowalska_messageInput'

2021-12-19 14:16:15 - [MESSAGE][PASSED] - Text 'd' is set on object 'Object Repository/Page_PSTO webMessenger - Zalogowano/input_Joanna Kowalska_messageInput'

2021-12-19 14:16:15 - [TEST_STEP][PASSED] - click(findTestObject("Page_PSTO webMessenger - Zalogowano/img_Joanna Kowalska_sendButton")): Object: 'Object Repository/Page_PSTO webMessenger - Zalogowano/img_Joanna Kowalska_sendButton' is clicked on

2021-12-19 14:16:16 - [MESSAGE][PASSED] - Object: 'Object Repository/Page_PSTO webMessenger - Zalogowano/img_Joanna Kowalska_sendButton' is clicked on

2021-12-19 14:16:16 - [TEST_STEP][PASSED] - setText(findTestObject("Page_PSTO webMessenger - Zalogowano/input_Joanna Kowalska_messageInput"), "d"): Text 'd' is set on object 'Object Repository/Page_PSTO webMessenger - Zalogowano/input_Joanna Kowalska_messageInput'

2021-12-19 14:16:16 - [MESSAGE][PASSED] - Text 'd' is set on object 'Object Repository/Page_PSTO webMessenger - Zalogowano/input_Joanna Kowalska_messageInput'

2021-12-19 14:16:16 - [TEST_STEP][PASSED] - click(findTestObject("Page_PSTO webMessenger - Zalogowano/img_Joanna Kowalska_sendButton")): Object: 'Object Repository/Page_PSTO webMessenger - Zalogowano/img_Joanna Kowalska_sendButton' is clicked on

2021-12-19 14:16:17 - [MESSAGE][PASSED] - Object: 'Object Repository/Page_PSTO webMessenger - Zalogowano/img_Joanna Kowalska_sendButton' is clicked on

2021-12-19 14:16:17 - [TEST_STEP][PASSED] - setText(findTestObject("Page_PSTO webMessenger - Zalogowano/input_Joanna Kowalska_messageInput"), "d"): Text 'd' is set on object 'Object Repository/Page_PSTO webMessenger - Zalogowano/input_Joanna Kowalska_messageInput'

2021-12-19 14:16:18 - [MESSAGE][PASSED] - Text 'd' is set on object 'Object Repository/Page_PSTO webMessenger - Zalogowano/input_Joanna Kowalska_messageInput'

2021-12-19 14:16:18 - [TEST_STEP][PASSED] - click(findTestObject("Page_PSTO webMessenger - Zalogowano/img_Joanna Kowalska_sendButton")): Object: 'Object Repository/Page_PSTO webMessenger - Zalogowano/img_Joanna Kowalska_sendButton' is clicked on

2021-12-19 14:16:19 - [MESSAGE][PASSED] - Object: 'Object Repository/Page_PSTO webMessenger - Zalogowano/img_Joanna Kowalska_sendButton' is clicked on

2021-12-19 14:16:19 - [TEST_STEP][PASSED] - setText(findTestObject("Page_PSTO webMessenger - Zalogowano/input_Joanna Kowalska_messageInput"), "d"): Text 'd' is set on object 'Object Repository/Page_PSTO webMessenger - Zalogowano/input_Joanna Kowalska_messageInput'

2021-12-19 14:16:19 - [MESSAGE][PASSED] - Text 'd' is set on object 'Object Repository/Page_PSTO webMessenger - Zalogowano/input_Joanna Kowalska_messageInput'

2021-12-19 14:16:19 - [TEST_STEP][PASSED] - click(findTestObject("Page_PSTO webMessenger - Zalogowano/img_Joanna Kowalska_sendButton")): Object: 'Object Repository/Page_PSTO webMessenger - Zalogowano/img_Joanna Kowalska_sendButton' is clicked on

2021-12-19 14:16:20 - [MESSAGE][PASSED] - Object: 'Object Repository/Page_PSTO webMessenger - Zalogowano/img_Joanna Kowalska_sendButton' is clicked on

2021-12-19 14:16:20 - [TEST_STEP][PASSED] - setText(findTestObject("Page_PSTO webMessenger - Zalogowano/input_Joanna Kowalska_messageInput"), "d"): Text 'd' is set on object 'Object Repository/Page_PSTO webMessenger - Zalogowano/input_Joanna Kowalska_messageInput'

2021-12-19 14:16:21 - [MESSAGE][PASSED] - Text 'd' is set on object 'Object Repository/Page_PSTO webMessenger - Zalogowano/input_Joanna Kowalska_messageInput'

2021-12-19 14:16:21 - [TEST_STEP][PASSED] - click(findTestObject("Page_PSTO webMessenger - Zalogowano/img_Joanna Kowalska_sendButton")): Object: 'Object Repository/Page_PSTO webMessenger - Zalogowano/img_Joanna Kowalska_sendButton' is clicked on

2021-12-19 14:16:21 - [MESSAGE][PASSED] - Object: 'Object Repository/Page_PSTO webMessenger - Zalogowano/img_Joanna Kowalska_sendButton' is clicked on

2021-12-19 14:16:21 - [TEST_STEP][PASSED] - setText(findTestObject("Page_PSTO webMessenger - Zalogowano/input_Joanna Kowalska_messageInput"), "d"): Text 'd' is set on object 'Object Repository/Page_PSTO webMessenger - Zalogowano/input_Joanna Kowalska_messageInput'

2021-12-19 14:16:22 - [MESSAGE][PASSED] - Text 'd' is set on object 'Object Repository/Page_PSTO webMessenger - Zalogowano/input_Joanna Kowalska_messageInput'

2021-12-19 14:16:22 - [TEST_STEP][PASSED] - click(findTestObject("Page_PSTO webMessenger - Zalogowano/img_Joanna Kowalska_sendButton")): Object: 'Object Repository/Page_PSTO webMessenger - Zalogowano/img_Joanna Kowalska_sendButton' is clicked on

2021-12-19 14:16:23 - [MESSAGE][PASSED] - Object: 'Object Repository/Page_PSTO webMessenger - Zalogowano/img_Joanna Kowalska_sendButton' is clicked on

2021-12-19 14:16:23 - [TEST_STEP][PASSED] - setText(findTestObject("Page_PSTO webMessenger - Zalogowano/input_Joanna Kowalska_messageInput"), "d"): Text 'd' is set on object 'Object Repository/Page_PSTO webMessenger - Zalogowano/input_Joanna Kowalska_messageInput'

2021-12-19 14:16:24 - [MESSAGE][PASSED] - Text 'd' is set on object 'Object Repository/Page_PSTO webMessenger - Zalogowano/input_Joanna Kowalska_messageInput'

2021-12-19 14:16:24 - [TEST_STEP][PASSED] - click(findTestObject("Page_PSTO webMessenger - Zalogowano/img_Joanna Kowalska_sendButton")): Object: 'Object Repository/Page_PSTO webMessenger - Zalogowano/img_Joanna Kowalska_sendButton' is clicked on

2021-12-19 14:16:25 - [MESSAGE][PASSED] - Object: 'Object Repository/Page_PSTO webMessenger - Zalogowano/img_Joanna Kowalska_sendButton' is clicked on

2021-12-19 14:16:25 - [TEST_STEP][PASSED] - setText(findTestObject("Page_PSTO webMessenger - Zalogowano/input_Joanna Kowalska_messageInput"), "d"): Text 'd' is set on object 'Object Repository/Page_PSTO webMessenger - Zalogowano/input_Joanna Kowalska_messageInput'

2021-12-19 14:16:26 - [MESSAGE][PASSED] - Text 'd' is set on object 'Object Repository/Page_PSTO webMessenger - Zalogowano/input_Joanna Kowalska_messageInput'

2021-12-19 14:16:26 - [TEST_STEP][PASSED] - click(findTestObject("Page_PSTO webMessenger - Zalogowano/img_Joanna Kowalska_sendButton")): Object: 'Object Repository/Page_PSTO webMessenger - Zalogowano/img_Joanna Kowalska_sendButton' is clicked on

2021-12-19 14:16:26 - [MESSAGE][PASSED] - Object: 'Object Repository/Page_PSTO webMessenger - Zalogowano/img_Joanna Kowalska_sendButton' is clicked on

2021-12-19 14:16:26 - [TEST_STEP][PASSED] - setText(findTestObject("Page_PSTO webMessenger - Zalogowano/input_Joanna Kowalska_messageInput"), "d"): Text 'd' is set on object 'Object Repository/Page_PSTO webMessenger - Zalogowano/input_Joanna Kowalska_messageInput'

2021-12-19 14:16:27 - [MESSAGE][PASSED] - Text 'd' is set on object 'Object Repository/Page_PSTO webMessenger - Zalogowano/input_Joanna Kowalska_messageInput'

2021-12-19 14:16:27 - [TEST_STEP][PASSED] - click(findTestObject("Page_PSTO webMessenger - Zalogowano/img_Joanna Kowalska_sendButton")): Object: 'Object Repository/Page_PSTO webMessenger - Zalogowano/img_Joanna Kowalska_sendButton' is clicked on

2021-12-19 14:16:28 - [MESSAGE][PASSED] - Object: 'Object Repository/Page_PSTO webMessenger - Zalogowano/img_Joanna Kowalska_sendButton' is clicked on

2021-12-19 14:16:28 - [TEST_STEP][PASSED] - setText(findTestObject("Page_PSTO webMessenger - Zalogowano/input_Joanna Kowalska_messageInput"), "d"): Text 'd' is set on object 'Object Repository/Page_PSTO webMessenger - Zalogowano/input_Joanna Kowalska_messageInput'

2021-12-19 14:16:29 - [MESSAGE][PASSED] - Text 'd' is set on object 'Object Repository/Page_PSTO webMessenger - Zalogowano/input_Joanna Kowalska_messageInput'

2021-12-19 14:16:29 - [TEST_STEP][PASSED] - click(findTestObject("Page_PSTO webMessenger - Zalogowano/img_Joanna Kowalska_sendButton")): Object: 'Object Repository/Page_PSTO webMessenger - Zalogowano/img_Joanna Kowalska_sendButton' is clicked on

2021-12-19 14:16:30 - [MESSAGE][PASSED] - Object: 'Object Repository/Page_PSTO webMessenger - Zalogowano/img_Joanna Kowalska_sendButton' is clicked on

2021-12-19 14:16:30 - [TEST_STEP][PASSED] - setText(findTestObject("Page_PSTO webMessenger - Zalogowano/input_Joanna Kowalska_messageInput"), "d"): Text 'd' is set on object 'Object Repository/Page_PSTO webMessenger - Zalogowano/input_Joanna Kowalska_messageInput'

2021-12-19 14:16:31 - [MESSAGE][PASSED] - Text 'd' is set on object 'Object Repository/Page_PSTO webMessenger - Zalogowano/input_Joanna Kowalska_messageInput'

2021-12-19 14:16:31 - [TEST_STEP][PASSED] - click(findTestObject("Page_PSTO webMessenger - Zalogowano/img_Joanna Kowalska_sendButton")): Object: 'Object Repository/Page_PSTO webMessenger - Zalogowano/img_Joanna Kowalska_sendButton' is clicked on

2021-12-19 14:16:31 - [MESSAGE][PASSED] - Object: 'Object Repository/Page_PSTO webMessenger - Zalogowano/img_Joanna Kowalska_sendButton' is clicked on

2021-12-19 14:16:31 - [TEST_STEP][PASSED] - setText(findTestObject("Page_PSTO webMessenger - Zalogowano/input_Joanna Kowalska_messageInput"), "d"): Text 'd' is set on object 'Object Repository/Page_PSTO webMessenger - Zalogowano/input_Joanna Kowalska_messageInput'

2021-12-19 14:16:32 - [MESSAGE][PASSED] - Text 'd' is set on object 'Object Repository/Page_PSTO webMessenger - Zalogowano/input_Joanna Kowalska_messageInput'

2021-12-19 14:16:32 - [TEST_STEP][PASSED] - click(findTestObject("Page_PSTO webMessenger - Zalogowano/img_Joanna Kowalska_sendButton")): Object: 'Object Repository/Page_PSTO webMessenger - Zalogowano/img_Joanna Kowalska_sendButton' is clicked on

2021-12-19 14:16:33 - [MESSAGE][PASSED] - Object: 'Object Repository/Page_PSTO webMessenger - Zalogowano/img_Joanna Kowalska_sendButton' is clicked on

2021-12-19 14:16:33 - [TEST_STEP][PASSED] - setText(findTestObject("Page_PSTO webMessenger - Zalogowano/input_Joanna Kowalska_messageInput"), "d"): Text 'd' is set on object 'Object Repository/Page_PSTO webMessenger - Zalogowano/input_Joanna Kowalska_messageInput'

2021-12-19 14:16:34 - [MESSAGE][PASSED] - Text 'd' is set on object 'Object Repository/Page_PSTO webMessenger - Zalogowano/input_Joanna Kowalska_messageInput'

2021-12-19 14:16:34 - [TEST_STEP][PASSED] - click(findTestObject("Page_PSTO webMessenger - Zalogowano/img_Joanna Kowalska_sendButton")): Object: 'Object Repository/Page_PSTO webMessenger - Zalogowano/img_Joanna Kowalska_sendButton' is clicked on

2021-12-19 14:16:35 - [MESSAGE][PASSED] - Object: 'Object Repository/Page_PSTO webMessenger - Zalogowano/img_Joanna Kowalska_sendButton' is clicked on

2021-12-19 14:16:35 - [TEST_STEP][PASSED] - setText(findTestObject("Page_PSTO webMessenger - Zalogowano/input_Joanna Kowalska_messageInput"), "d"): Text 'd' is set on object 'Object Repository/Page_PSTO webMessenger - Zalogowano/input_Joanna Kowalska_messageInput'

2021-12-19 14:16:36 - [MESSAGE][PASSED] - Text 'd' is set on object 'Object Repository/Page_PSTO webMessenger - Zalogowano/input_Joanna Kowalska_messageInput'

2021-12-19 14:16:36 - [TEST_STEP][PASSED] - click(findTestObject("Page_PSTO webMessenger - Zalogowano/img_Joanna Kowalska_sendButton")): Object: 'Object Repository/Page_PSTO webMessenger - Zalogowano/img_Joanna Kowalska_sendButton' is clicked on

2021-12-19 14:16:36 - [MESSAGE][PASSED] - Object: 'Object Repository/Page_PSTO webMessenger - Zalogowano/img_Joanna Kowalska_sendButton' is clicked on

2021-12-19 14:16:36 - [TEST_STEP][PASSED] - setText(findTestObject("Page_PSTO webMessenger - Zalogowano/input_Joanna Kowalska_messageInput"), "d"): Text 'd' is set on object 'Object Repository/Page_PSTO webMessenger - Zalogowano/input_Joanna Kowalska_messageInput'

2021-12-19 14:16:37 - [MESSAGE][PASSED] - Text 'd' is set on object 'Object Repository/Page_PSTO webMessenger - Zalogowano/input_Joanna Kowalska_messageInput'

2021-12-19 14:16:37 - [TEST_STEP][PASSED] - click(findTestObject("Page_PSTO webMessenger - Zalogowano/img_Joanna Kowalska_sendButton")): Object: 'Object Repository/Page_PSTO webMessenger - Zalogowano/img_Joanna Kowalska_sendButton' is clicked on

2021-12-19 14:16:38 - [MESSAGE][PASSED] - Object: 'Object Repository/Page_PSTO webMessenger - Zalogowano/img_Joanna Kowalska_sendButton' is clicked on

2021-12-19 14:16:38 - [TEST_STEP][PASSED] - setText(findTestObject("Page_PSTO webMessenger - Zalogowano/input_Joanna Kowalska_messageInput"), "d"): Text 'd' is set on object 'Object Repository/Page_PSTO webMessenger - Zalogowano/input_Joanna Kowalska_messageInput'

2021-12-19 14:16:39 - [MESSAGE][PASSED] - Text 'd' is set on object 'Object Repository/Page_PSTO webMessenger - Zalogowano/input_Joanna Kowalska_messageInput'

2021-12-19 14:16:39 - [TEST_STEP][PASSED] - click(findTestObject("Page_PSTO webMessenger - Zalogowano/img_Joanna Kowalska_sendButton")): Object: 'Object Repository/Page_PSTO webMessenger - Zalogowano/img_Joanna Kowalska_sendButton' is clicked on

2021-12-19 14:16:40 - [MESSAGE][PASSED] - Object: 'Object Repository/Page_PSTO webMessenger - Zalogowano/img_Joanna Kowalska_sendButton' is clicked on

2021-12-19 14:16:40 - [TEST_STEP][PASSED] - setText(findTestObject("Page_PSTO webMessenger - Zalogowano/input_Joanna Kowalska_messageInput"), "d"): Text 'd' is set on object 'Object Repository/Page_PSTO webMessenger - Zalogowano/input_Joanna Kowalska_messageInput'

2021-12-19 14:16:41 - [MESSAGE][PASSED] - Text 'd' is set on object 'Object Repository/Page_PSTO webMessenger - Zalogowano/input_Joanna Kowalska_messageInput'

2021-12-19 14:16:41 - [TEST_STEP][PASSED] - click(findTestObject("Page_PSTO webMessenger - Zalogowano/img_Joanna Kowalska_sendButton")): Object: 'Object Repository/Page_PSTO webMessenger - Zalogowano/img_Joanna Kowalska_sendButton' is clicked on

2021-12-19 14:16:41 - [MESSAGE][PASSED] - Object: 'Object Repository/Page_PSTO webMessenger - Zalogowano/img_Joanna Kowalska_sendButton' is clicked on

2021-12-19 14:16:41 - [TEST_STEP][PASSED] - setText(findTestObject("Page_PSTO webMessenger - Zalogowano/input_Joanna Kowalska_messageInput"), "d"): Text 'd' is set on object 'Object Repository/Page_PSTO webMessenger - Zalogowano/input_Joanna Kowalska_messageInput'

2021-12-19 14:16:42 - [MESSAGE][PASSED] - Text 'd' is set on object 'Object Repository/Page_PSTO webMessenger - Zalogowano/input_Joanna Kowalska_messageInput'

2021-12-19 14:16:42 - [TEST_STEP][PASSED] - click(findTestObject("Page_PSTO webMessenger - Zalogowano/img_Joanna Kowalska_sendButton")): Object: 'Object Repository/Page_PSTO webMessenger - Zalogowano/img_Joanna Kowalska_sendButton' is clicked on

2021-12-19 14:16:43 - [MESSAGE][PASSED] - Object: 'Object Repository/Page_PSTO webMessenger - Zalogowano/img_Joanna Kowalska_sendButton' is clicked on

2021-12-19 14:16:43 - [TEST_STEP][PASSED] - setText(findTestObject("Page_PSTO webMessenger - Zalogowano/input_Joanna Kowalska_messageInput"), "d"): Text 'd' is set on object 'Object Repository/Page_PSTO webMessenger - Zalogowano/input_Joanna Kowalska_messageInput'

2021-12-19 14:16:44 - [MESSAGE][PASSED] - Text 'd' is set on object 'Object Repository/Page_PSTO webMessenger - Zalogowano/input_Joanna Kowalska_messageInput'

2021-12-19 14:16:44 - [TEST_STEP][PASSED] - click(findTestObject("Page_PSTO webMessenger - Zalogowano/img_Joanna Kowalska_sendButton")): Object: 'Object Repository/Page_PSTO webMessenger - Zalogowano/img_Joanna Kowalska_sendButton' is clicked on

2021-12-19 14:16:44 - [MESSAGE][PASSED] - Object: 'Object Repository/Page_PSTO webMessenger - Zalogowano/img_Joanna Kowalska_sendButton' is clicked on

2021-12-19 14:16:44 - [TEST_STEP][PASSED] - setText(findTestObject("Page_PSTO webMessenger - Zalogowano/input_Joanna Kowalska_messageInput"), "d"): Text 'd' is set on object 'Object Repository/Page_PSTO webMessenger - Zalogowano/input_Joanna Kowalska_messageInput'

2021-12-19 14:16:45 - [MESSAGE][PASSED] - Text 'd' is set on object 'Object Repository/Page_PSTO webMessenger - Zalogowano/input_Joanna Kowalska_messageInput'

2021-12-19 14:16:45 - [TEST_STEP][PASSED] - click(findTestObject("Page_PSTO webMessenger - Zalogowano/img_Joanna Kowalska_sendButton")): Object: 'Object Repository/Page_PSTO webMessenger - Zalogowano/img_Joanna Kowalska_sendButton' is clicked on

2021-12-19 14:16:46 - [MESSAGE][PASSED] - Object: 'Object Repository/Page_PSTO webMessenger - Zalogowano/img_Joanna Kowalska_sendButton' is clicked on

2021-12-19 14:16:46 - [TEST_STEP][PASSED] - setText(findTestObject("Page_PSTO webMessenger - Zalogowano/input_Joanna Kowalska_messageInput"), "d"): Text 'd' is set on object 'Object Repository/Page_PSTO webMessenger - Zalogowano/input_Joanna Kowalska_messageInput'

2021-12-19 14:16:46 - [MESSAGE][PASSED] - Text 'd' is set on object 'Object Repository/Page_PSTO webMessenger - Zalogowano/input_Joanna Kowalska_messageInput'

2021-12-19 14:16:46 - [TEST_STEP][PASSED] - click(findTestObject("Page_PSTO webMessenger - Zalogowano/img_Joanna Kowalska_sendButton")): Object: 'Object Repository/Page_PSTO webMessenger - Zalogowano/img_Joanna Kowalska_sendButton' is clicked on

2021-12-19 14:16:47 - [MESSAGE][PASSED] - Object: 'Object Repository/Page_PSTO webMessenger - Zalogowano/img_Joanna Kowalska_sendButton' is clicked on

2021-12-19 14:16:47 - [TEST_STEP][PASSED] - setText(findTestObject("Page_PSTO webMessenger - Zalogowano/input_Joanna Kowalska_messageInput"), "d"): Text 'd' is set on object 'Object Repository/Page_PSTO webMessenger - Zalogowano/input_Joanna Kowalska_messageInput'

2021-12-19 14:16:48 - [MESSAGE][PASSED] - Text 'd' is set on object 'Object Repository/Page_PSTO webMessenger - Zalogowano/input_Joanna Kowalska_messageInput'

2021-12-19 14:16:48 - [TEST_STEP][PASSED] - click(findTestObject("Page_PSTO webMessenger - Zalogowano/img_Joanna Kowalska_sendButton")): Object: 'Object Repository/Page_PSTO webMessenger - Zalogowano/img_Joanna Kowalska_sendButton' is clicked on

2021-12-19 14:16:49 - [MESSAGE][PASSED] - Object: 'Object Repository/Page_PSTO webMessenger - Zalogowano/img_Joanna Kowalska_sendButton' is clicked on

2021-12-19 14:16:49 - [TEST_STEP][PASSED] - setText(findTestObject("Page_PSTO webMessenger - Zalogowano/input_Joanna Kowalska_messageInput"), "d"): Text 'd' is set on object 'Object Repository/Page_PSTO webMessenger - Zalogowano/input_Joanna Kowalska_messageInput'

2021-12-19 14:16:49 - [MESSAGE][PASSED] - Text 'd' is set on object 'Object Repository/Page_PSTO webMessenger - Zalogowano/input_Joanna Kowalska_messageInput'

2021-12-19 14:16:49 - [TEST_STEP][PASSED] - click(findTestObject("Page_PSTO webMessenger - Zalogowano/img_Joanna Kowalska_sendButton")): Object: 'Object Repository/Page_PSTO webMessenger - Zalogowano/img_Joanna Kowalska_sendButton' is clicked on

2021-12-19 14:16:50 - [MESSAGE][PASSED] - Object: 'Object Repository/Page_PSTO webMessenger - Zalogowano/img_Joanna Kowalska_sendButton' is clicked on

2021-12-19 14:16:50 - [TEST_STEP][PASSED] - setText(findTestObject("Page_PSTO webMessenger - Zalogowano/input_Joanna Kowalska_messageInput"), "d"): Text 'd' is set on object 'Object Repository/Page_PSTO webMessenger - Zalogowano/input_Joanna Kowalska_messageInput'

2021-12-19 14:16:51 - [MESSAGE][PASSED] - Text 'd' is set on object 'Object Repository/Page_PSTO webMessenger - Zalogowano/input_Joanna Kowalska_messageInput'

2021-12-19 14:16:51 - [TEST_STEP][PASSED] - click(findTestObject("Page_PSTO webMessenger - Zalogowano/img_Joanna Kowalska_sendButton")): Object: 'Object Repository/Page_PSTO webMessenger - Zalogowano/img_Joanna Kowalska_sendButton' is clicked on

2021-12-19 14:16:51 - [MESSAGE][PASSED] - Object: 'Object Repository/Page_PSTO webMessenger - Zalogowano/img_Joanna Kowalska_sendButton' is clicked on

2021-12-19 14:16:51 - [TEST_STEP][PASSED] - setText(findTestObject("Page_PSTO webMessenger - Zalogowano/input_Joanna Kowalska_messageInput"), "d"): Text 'd' is set on object 'Object Repository/Page_PSTO webMessenger - Zalogowano/input_Joanna Kowalska_messageInput'

2021-12-19 14:16:52 - [MESSAGE][PASSED] - Text 'd' is set on object 'Object Repository/Page_PSTO webMessenger - Zalogowano/input_Joanna Kowalska_messageInput'

2021-12-19 14:16:52 - [TEST_STEP][PASSED] - click(findTestObject("Page_PSTO webMessenger - Zalogowano/img_Joanna Kowalska_sendButton")): Object: 'Object Repository/Page_PSTO webMessenger - Zalogowano/img_Joanna Kowalska_sendButton' is clicked on

2021-12-19 14:16:53 - [MESSAGE][PASSED] - Object: 'Object Repository/Page_PSTO webMessenger - Zalogowano/img_Joanna Kowalska_sendButton' is clicked on

2021-12-19 14:16:53 - [TEST_STEP][PASSED] - setText(findTestObject("Page_PSTO webMessenger - Zalogowano/input_Joanna Kowalska_messageInput"), "d"): Text 'd' is set on object 'Object Repository/Page_PSTO webMessenger - Zalogowano/input_Joanna Kowalska_messageInput'

2021-12-19 14:16:54 - [MESSAGE][PASSED] - Text 'd' is set on object 'Object Repository/Page_PSTO webMessenger - Zalogowano/input_Joanna Kowalska_messageInput'

2021-12-19 14:16:54 - [TEST_STEP][PASSED] - click(findTestObject("Page_PSTO webMessenger - Zalogowano/img_Joanna Kowalska_sendButton")): Object: 'Object Repository/Page_PSTO webMessenger - Zalogowano/img_Joanna Kowalska_sendButton' is clicked on

2021-12-19 14:16:54 - [MESSAGE][PASSED] - Object: 'Object Repository/Page_PSTO webMessenger - Zalogowano/img_Joanna Kowalska_sendButton' is clicked on

2021-12-19 14:16:54 - [TEST_STEP][PASSED] - setText(findTestObject("Page_PSTO webMessenger - Zalogowano/input_Joanna Kowalska_messageInput"), "d"): Text 'd' is set on object 'Object Repository/Page_PSTO webMessenger - Zalogowano/input_Joanna Kowalska_messageInput'

2021-12-19 14:16:55 - [MESSAGE][PASSED] - Text 'd' is set on object 'Object Repository/Page_PSTO webMessenger - Zalogowano/input_Joanna Kowalska_messageInput'

2021-12-19 14:16:55 - [TEST_STEP][PASSED] - click(findTestObject("Page_PSTO webMessenger - Zalogowano/img_Joanna Kowalska_sendButton")): Object: 'Object Repository/Page_PSTO webMessenger - Zalogowano/img_Joanna Kowalska_sendButton' is clicked on

2021-12-19 14:16:56 - [MESSAGE][PASSED] - Object: 'Object Repository/Page_PSTO webMessenger - Zalogowano/img_Joanna Kowalska_sendButton' is clicked on

2021-12-19 14:16:56 - [TEST_STEP][PASSED] - setText(findTestObject("Page_PSTO webMessenger - Zalogowano/input_Joanna Kowalska_messageInput"), "d"): Text 'd' is set on object 'Object Repository/Page_PSTO webMessenger - Zalogowano/input_Joanna Kowalska_messageInput'

2021-12-19 14:16:56 - [MESSAGE][PASSED] - Text 'd' is set on object 'Object Repository/Page_PSTO webMessenger - Zalogowano/input_Joanna Kowalska_messageInput'

2021-12-19 14:16:56 - [TEST_STEP][PASSED] - click(findTestObject("Page_PSTO webMessenger - Zalogowano/img_Joanna Kowalska_sendButton")): Object: 'Object Repository/Page_PSTO webMessenger - Zalogowano/img_Joanna Kowalska_sendButton' is clicked on

2021-12-19 14:16:57 - [MESSAGE][PASSED] - Object: 'Object Repository/Page_PSTO webMessenger - Zalogowano/img_Joanna Kowalska_sendButton' is clicked on

2021-12-19 14:16:57 - [TEST_STEP][PASSED] - setText(findTestObject("Page_PSTO webMessenger - Zalogowano/input_Joanna Kowalska_messageInput"), "d"): Text 'd' is set on object 'Object Repository/Page_PSTO webMessenger - Zalogowano/input_Joanna Kowalska_messageInput'

2021-12-19 14:16:58 - [MESSAGE][PASSED] - Text 'd' is set on object 'Object Repository/Page_PSTO webMessenger - Zalogowano/input_Joanna Kowalska_messageInput'

2021-12-19 14:16:58 - [TEST_STEP][PASSED] - click(findTestObject("Page_PSTO webMessenger - Zalogowano/img_Joanna Kowalska_sendButton")): Object: 'Object Repository/Page_PSTO webMessenger - Zalogowano/img_Joanna Kowalska_sendButton' is clicked on

2021-12-19 14:16:59 - [MESSAGE][PASSED] - Object: 'Object Repository/Page_PSTO webMessenger - Zalogowano/img_Joanna Kowalska_sendButton' is clicked on

2021-12-19 14:16:59 - [TEST_STEP][PASSED] - setText(findTestObject("Page_PSTO webMessenger - Zalogowano/input_Joanna Kowalska_messageInput"), "d"): Text 'd' is set on object 'Object Repository/Page_PSTO webMessenger - Zalogowano/input_Joanna Kowalska_messageInput'

2021-12-19 14:16:59 - [MESSAGE][PASSED] - Text 'd' is set on object 'Object Repository/Page_PSTO webMessenger - Zalogowano/input_Joanna Kowalska_messageInput'

2021-12-19 14:16:59 - [TEST_STEP][PASSED] - click(findTestObject("Page_PSTO webMessenger - Zalogowano/img_Joanna Kowalska_sendButton")): Object: 'Object Repository/Page_PSTO webMessenger - Zalogowano/img_Joanna Kowalska_sendButton' is clicked on

2021-12-19 14:17:00 - [MESSAGE][PASSED] - Object: 'Object Repository/Page_PSTO webMessenger - Zalogowano/img_Joanna Kowalska_sendButton' is clicked on

2021-12-19 14:17:00 - [TEST_STEP][PASSED] - setText(findTestObject("Page_PSTO webMessenger - Zalogowano/input_Joanna Kowalska_messageInput"), "d"): Text 'd' is set on object 'Object Repository/Page_PSTO webMessenger - Zalogowano/input_Joanna Kowalska_messageInput'

2021-12-19 14:17:01 - [MESSAGE][PASSED] - Text 'd' is set on object 'Object Repository/Page_PSTO webMessenger - Zalogowano/input_Joanna Kowalska_messageInput'

2021-12-19 14:17:01 - [TEST_STEP][PASSED] - click(findTestObject("Page_PSTO webMessenger - Zalogowano/img_Joanna Kowalska_sendButton")): Object: 'Object Repository/Page_PSTO webMessenger - Zalogowano/img_Joanna Kowalska_sendButton' is clicked on

2021-12-19 14:17:01 - [MESSAGE][PASSED] - Object: 'Object Repository/Page_PSTO webMessenger - Zalogowano/img_Joanna Kowalska_sendButton' is clicked on

2021-12-19 14:17:01 - [TEST_STEP][PASSED] - setText(findTestObject("Page_PSTO webMessenger - Zalogowano/input_Joanna Kowalska_messageInput"), "d"): Text 'd' is set on object 'Object Repository/Page_PSTO webMessenger - Zalogowano/input_Joanna Kowalska_messageInput'

2021-12-19 14:17:02 - [MESSAGE][PASSED] - Text 'd' is set on object 'Object Repository/Page_PSTO webMessenger - Zalogowano/input_Joanna Kowalska_messageInput'

2021-12-19 14:17:02 - [TEST_STEP][PASSED] - click(findTestObject("Page_PSTO webMessenger - Zalogowano/img_Joanna Kowalska_sendButton")): Object: 'Object Repository/Page_PSTO webMessenger - Zalogowano/img_Joanna Kowalska_sendButton' is clicked on

2021-12-19 14:17:03 - [MESSAGE][PASSED] - Object: 'Object Repository/Page_PSTO webMessenger - Zalogowano/img_Joanna Kowalska_sendButton' is clicked on

2021-12-19 14:17:03 - [TEST_STEP][PASSED] - setText(findTestObject("Page_PSTO webMessenger - Zalogowano/input_Joanna Kowalska_messageInput"), "d"): Text 'd' is set on object 'Object Repository/Page_PSTO webMessenger - Zalogowano/input_Joanna Kowalska_messageInput'

2021-12-19 14:17:04 - [MESSAGE][PASSED] - Text 'd' is set on object 'Object Repository/Page_PSTO webMessenger - Zalogowano/input_Joanna Kowalska_messageInput'

2021-12-19 14:17:04 - [TEST_STEP][PASSED] - click(findTestObject("Page_PSTO webMessenger - Zalogowano/img_Joanna Kowalska_sendButton")): Object: 'Object Repository/Page_PSTO webMessenger - Zalogowano/img_Joanna Kowalska_sendButton' is clicked on

2021-12-19 14:17:04 - [MESSAGE][PASSED] - Object: 'Object Repository/Page_PSTO webMessenger - Zalogowano/img_Joanna Kowalska_sendButton' is clicked on

2021-12-19 14:17:04 - [TEST_STEP][PASSED] - setText(findTestObject("Page_PSTO webMessenger - Zalogowano/input_Joanna Kowalska_messageInput"), "d"): Text 'd' is set on object 'Object Repository/Page_PSTO webMessenger - Zalogowano/input_Joanna Kowalska_messageInput'

2021-12-19 14:17:05 - [MESSAGE][PASSED] - Text 'd' is set on object 'Object Repository/Page_PSTO webMessenger - Zalogowano/input_Joanna Kowalska_messageInput'

2021-12-19 14:17:05 - [TEST_STEP][PASSED] - click(findTestObject("Page_PSTO webMessenger - Zalogowano/img_Joanna Kowalska_sendButton")): Object: 'Object Repository/Page_PSTO webMessenger - Zalogowano/img_Joanna Kowalska_sendButton' is clicked on

2021-12-19 14:17:06 - [MESSAGE][PASSED] - Object: 'Object Repository/Page_PSTO webMessenger - Zalogowano/img_Joanna Kowalska_sendButton' is clicked on

2021-12-19 14:17:06 - [TEST_STEP][PASSED] - setText(findTestObject("Page_PSTO webMessenger - Zalogowano/input_Joanna Kowalska_messageInput"), "d"): Text 'd' is set on object 'Object Repository/Page_PSTO webMessenger - Zalogowano/input_Joanna Kowalska_messageInput'

2021-12-19 14:17:06 - [MESSAGE][PASSED] - Text 'd' is set on object 'Object Repository/Page_PSTO webMessenger - Zalogowano/input_Joanna Kowalska_messageInput'

2021-12-19 14:17:06 - [TEST_STEP][PASSED] - click(findTestObject("Page_PSTO webMessenger - Zalogowano/img_Joanna Kowalska_sendButton")): Object: 'Object Repository/Page_PSTO webMessenger - Zalogowano/img_Joanna Kowalska_sendButton' is clicked on

2021-12-19 14:17:07 - [MESSAGE][PASSED] - Object: 'Object Repository/Page_PSTO webMessenger - Zalogowano/img_Joanna Kowalska_sendButton' is clicked on

2021-12-19 14:17:07 - [TEST_STEP][PASSED] - setText(findTestObject("Page_PSTO webMessenger - Zalogowano/input_Joanna Kowalska_messageInput"), "d"): Text 'd' is set on object 'Object Repository/Page_PSTO webMessenger - Zalogowano/input_Joanna Kowalska_messageInput'

2021-12-19 14:17:08 - [MESSAGE][PASSED] - Text 'd' is set on object 'Object Repository/Page_PSTO webMessenger - Zalogowano/input_Joanna Kowalska_messageInput'

2021-12-19 14:17:08 - [TEST_STEP][PASSED] - click(findTestObject("Page_PSTO webMessenger - Zalogowano/img_Joanna Kowalska_sendButton")): Object: 'Object Repository/Page_PSTO webMessenger - Zalogowano/img_Joanna Kowalska_sendButton' is clicked on

2021-12-19 14:17:09 - [MESSAGE][PASSED] - Object: 'Object Repository/Page_PSTO webMessenger - Zalogowano/img_Joanna Kowalska_sendButton' is clicked on

2021-12-19 14:17:09 - [TEST_STEP][PASSED] - setText(findTestObject("Page_PSTO webMessenger - Zalogowano/input_Joanna Kowalska_messageInput"), "d"): Text 'd' is set on object 'Object Repository/Page_PSTO webMessenger - Zalogowano/input_Joanna Kowalska_messageInput'

2021-12-19 14:17:09 - [MESSAGE][PASSED] - Text 'd' is set on object 'Object Repository/Page_PSTO webMessenger - Zalogowano/input_Joanna Kowalska_messageInput'

2021-12-19 14:17:09 - [TEST_STEP][PASSED] - click(findTestObject("Page_PSTO webMessenger - Zalogowano/img_Joanna Kowalska_sendButton")): Object: 'Object Repository/Page_PSTO webMessenger - Zalogowano/img_Joanna Kowalska_sendButton' is clicked on

2021-12-19 14:17:10 - [MESSAGE][PASSED] - Object: 'Object Repository/Page_PSTO webMessenger - Zalogowano/img_Joanna Kowalska_sendButton' is clicked on

2021-12-19 14:17:10 - [TEST_STEP][PASSED] - setText(findTestObject("Page_PSTO webMessenger - Zalogowano/input_Joanna Kowalska_messageInput"), "d"): Text 'd' is set on object 'Object Repository/Page_PSTO webMessenger - Zalogowano/input_Joanna Kowalska_messageInput'

2021-12-19 14:17:11 - [MESSAGE][PASSED] - Text 'd' is set on object 'Object Repository/Page_PSTO webMessenger - Zalogowano/input_Joanna Kowalska_messageInput'

2021-12-19 14:17:11 - [TEST_STEP][PASSED] - click(findTestObject("Page_PSTO webMessenger - Zalogowano/img_Joanna Kowalska_sendButton")): Object: 'Object Repository/Page_PSTO webMessenger - Zalogowano/img_Joanna Kowalska_sendButton' is clicked on

2021-12-19 14:17:11 - [MESSAGE][PASSED] - Object: 'Object Repository/Page_PSTO webMessenger - Zalogowano/img_Joanna Kowalska_sendButton' is clicked on

2021-12-19 14:17:11 - [TEST_STEP][PASSED] - setText(findTestObject("Page_PSTO webMessenger - Zalogowano/input_Joanna Kowalska_messageInput"), "d"): Text 'd' is set on object 'Object Repository/Page_PSTO webMessenger - Zalogowano/input_Joanna Kowalska_messageInput'

2021-12-19 14:17:12 - [MESSAGE][PASSED] - Text 'd' is set on object 'Object Repository/Page_PSTO webMessenger - Zalogowano/input_Joanna Kowalska_messageInput'

2021-12-19 14:17:12 - [TEST_STEP][PASSED] - click(findTestObject("Page_PSTO webMessenger - Zalogowano/img_Joanna Kowalska_sendButton")): Object: 'Object Repository/Page_PSTO webMessenger - Zalogowano/img_Joanna Kowalska_sendButton' is clicked on

2021-12-19 14:17:13 - [MESSAGE][PASSED] - Object: 'Object Repository/Page_PSTO webMessenger - Zalogowano/img_Joanna Kowalska_sendButton' is clicked on

2021-12-19 14:17:13 - [TEST_STEP][PASSED] - setText(findTestObject("Page_PSTO webMessenger - Zalogowano/input_Joanna Kowalska_messageInput"), "d"): Text 'd' is set on object 'Object Repository/Page_PSTO webMessenger - Zalogowano/input_Joanna Kowalska_messageInput'

2021-12-19 14:17:14 - [MESSAGE][PASSED] - Text 'd' is set on object 'Object Repository/Page_PSTO webMessenger - Zalogowano/input_Joanna Kowalska_messageInput'

2021-12-19 14:17:14 - [TEST_STEP][PASSED] - click(findTestObject("Page_PSTO webMessenger - Zalogowano/img_Joanna Kowalska_sendButton")): Object: 'Object Repository/Page_PSTO webMessenger - Zalogowano/img_Joanna Kowalska_sendButton' is clicked on

2021-12-19 14:17:14 - [MESSAGE][PASSED] - Object: 'Object Repository/Page_PSTO webMessenger - Zalogowano/img_Joanna Kowalska_sendButton' is clicked on

2021-12-19 14:17:14 - [TEST_STEP][PASSED] - setText(findTestObject("Page_PSTO webMessenger - Zalogowano/input_Joanna Kowalska_messageInput"), "d"): Text 'd' is set on object 'Object Repository/Page_PSTO webMessenger - Zalogowano/input_Joanna Kowalska_messageInput'

2021-12-19 14:17:15 - [MESSAGE][PASSED] - Text 'd' is set on object 'Object Repository/Page_PSTO webMessenger - Zalogowano/input_Joanna Kowalska_messageInput'

2021-12-19 14:17:15 - [TEST_STEP][PASSED] - click(findTestObject("Page_PSTO webMessenger - Zalogowano/img_Joanna Kowalska_sendButton")): Object: 'Object Repository/Page_PSTO webMessenger - Zalogowano/img_Joanna Kowalska_sendButton' is clicked on

2021-12-19 14:17:16 - [MESSAGE][PASSED] - Object: 'Object Repository/Page_PSTO webMessenger - Zalogowano/img_Joanna Kowalska_sendButton' is clicked on

2021-12-19 14:17:16 - [TEST_STEP][PASSED] - setText(findTestObject("Page_PSTO webMessenger - Zalogowano/input_Joanna Kowalska_messageInput"), "d"): Text 'd' is set on object 'Object Repository/Page_PSTO webMessenger - Zalogowano/input_Joanna Kowalska_messageInput'

2021-12-19 14:17:16 - [MESSAGE][PASSED] - Text 'd' is set on object 'Object Repository/Page_PSTO webMessenger - Zalogowano/input_Joanna Kowalska_messageInput'

2021-12-19 14:17:16 - [TEST_STEP][PASSED] - click(findTestObject("Page_PSTO webMessenger - Zalogowano/img_Joanna Kowalska_sendButton")): Object: 'Object Repository/Page_PSTO webMessenger - Zalogowano/img_Joanna Kowalska_sendButton' is clicked on

2021-12-19 14:17:17 - [MESSAGE][PASSED] - Object: 'Object Repository/Page_PSTO webMessenger - Zalogowano/img_Joanna Kowalska_sendButton' is clicked on

2021-12-19 14:17:17 - [TEST_STEP][PASSED] - setText(findTestObject("Page_PSTO webMessenger - Zalogowano/input_Joanna Kowalska_messageInput"), "d"): Text 'd' is set on object 'Object Repository/Page_PSTO webMessenger - Zalogowano/input_Joanna Kowalska_messageInput'

2021-12-19 14:17:18 - [MESSAGE][PASSED] - Text 'd' is set on object 'Object Repository/Page_PSTO webMessenger - Zalogowano/input_Joanna Kowalska_messageInput'

2021-12-19 14:17:18 - [TEST_STEP][PASSED] - click(findTestObject("Page_PSTO webMessenger - Zalogowano/img_Joanna Kowalska_sendButton")): Object: 'Object Repository/Page_PSTO webMessenger - Zalogowano/img_Joanna Kowalska_sendButton' is clicked on

2021-12-19 14:17:19 - [MESSAGE][PASSED] - Object: 'Object Repository/Page_PSTO webMessenger - Zalogowano/img_Joanna Kowalska_sendButton' is clicked on

2021-12-19 14:17:19 - [TEST_STEP][PASSED] - setText(findTestObject("Page_PSTO webMessenger - Zalogowano/input_Joanna Kowalska_messageInput"), "d"): Text 'd' is set on object 'Object Repository/Page_PSTO webMessenger - Zalogowano/input_Joanna Kowalska_messageInput'

2021-12-19 14:17:19 - [MESSAGE][PASSED] - Text 'd' is set on object 'Object Repository/Page_PSTO webMessenger - Zalogowano/input_Joanna Kowalska_messageInput'

2021-12-19 14:17:19 - [TEST_STEP][PASSED] - click(findTestObject("Page_PSTO webMessenger - Zalogowano/img_Joanna Kowalska_sendButton")): Object: 'Object Repository/Page_PSTO webMessenger - Zalogowano/img_Joanna Kowalska_sendButton' is clicked on

2021-12-19 14:17:20 - [MESSAGE][PASSED] - Object: 'Object Repository/Page_PSTO webMessenger - Zalogowano/img_Joanna Kowalska_sendButton' is clicked on

2021-12-19 14:17:20 - [TEST_STEP][PASSED] - setText(findTestObject("Page_PSTO webMessenger - Zalogowano/input_Joanna Kowalska_messageInput"), "d"): Text 'd' is set on object 'Object Repository/Page_PSTO webMessenger - Zalogowano/input_Joanna Kowalska_messageInput'

2021-12-19 14:17:21 - [MESSAGE][PASSED] - Text 'd' is set on object 'Object Repository/Page_PSTO webMessenger - Zalogowano/input_Joanna Kowalska_messageInput'

2021-12-19 14:17:21 - [TEST_STEP][PASSED] - click(findTestObject("Page_PSTO webMessenger - Zalogowano/img_Joanna Kowalska_sendButton")): Object: 'Object Repository/Page_PSTO webMessenger - Zalogowano/img_Joanna Kowalska_sendButton' is clicked on

2021-12-19 14:17:21 - [MESSAGE][PASSED] - Object: 'Object Repository/Page_PSTO webMessenger - Zalogowano/img_Joanna Kowalska_sendButton' is clicked on

2021-12-19 14:17:21 - [TEST_STEP][PASSED] - setText(findTestObject("Page_PSTO webMessenger - Zalogowano/input_Joanna Kowalska_messageInput"), "d"): Text 'd' is set on object 'Object Repository/Page_PSTO webMessenger - Zalogowano/input_Joanna Kowalska_messageInput'

2021-12-19 14:17:22 - [MESSAGE][PASSED] - Text 'd' is set on object 'Object Repository/Page_PSTO webMessenger - Zalogowano/input_Joanna Kowalska_messageInput'

2021-12-19 14:17:22 - [TEST_STEP][PASSED] - click(findTestObject("Page_PSTO webMessenger - Zalogowano/img_Joanna Kowalska_sendButton")): Object: 'Object Repository/Page_PSTO webMessenger - Zalogowano/img_Joanna Kowalska_sendButton' is clicked on

2021-12-19 14:17:23 - [MESSAGE][PASSED] - Object: 'Object Repository/Page_PSTO webMessenger - Zalogowano/img_Joanna Kowalska_sendButton' is clicked on

2021-12-19 14:17:23 - [TEST_STEP][PASSED] - setText(findTestObject("Page_PSTO webMessenger - Zalogowano/input_Joanna Kowalska_messageInput"), "d"): Text 'd' is set on object 'Object Repository/Page_PSTO webMessenger - Zalogowano/input_Joanna Kowalska_messageInput'

2021-12-19 14:17:24 - [MESSAGE][PASSED] - Text 'd' is set on object 'Object Repository/Page_PSTO webMessenger - Zalogowano/input_Joanna Kowalska_messageInput'

2021-12-19 14:17:24 - [TEST_STEP][PASSED] - click(findTestObject("Page_PSTO webMessenger - Zalogowano/img_Joanna Kowalska_sendButton")): Object: 'Object Repository/Page_PSTO webMessenger - Zalogowano/img_Joanna Kowalska_sendButton' is clicked on

2021-12-19 14:17:24 - [MESSAGE][PASSED] - Object: 'Object Repository/Page_PSTO webMessenger - Zalogowano/img_Joanna Kowalska_sendButton' is clicked on

2021-12-19 14:17:24 - [TEST_STEP][PASSED] - setText(findTestObject("Page_PSTO webMessenger - Zalogowano/input_Joanna Kowalska_messageInput"), "d"): Text 'd' is set on object 'Object Repository/Page_PSTO webMessenger - Zalogowano/input_Joanna Kowalska_messageInput'

2021-12-19 14:17:25 - [MESSAGE][PASSED] - Text 'd' is set on object 'Object Repository/Page_PSTO webMessenger - Zalogowano/input_Joanna Kowalska_messageInput'

2021-12-19 14:17:25 - [TEST_STEP][PASSED] - click(findTestObject("Page_PSTO webMessenger - Zalogowano/img_Joanna Kowalska_sendButton")): Object: 'Object Repository/Page_PSTO webMessenger - Zalogowano/img_Joanna Kowalska_sendButton' is clicked on

2021-12-19 14:17:26 - [MESSAGE][PASSED] - Object: 'Object Repository/Page_PSTO webMessenger - Zalogowano/img_Joanna Kowalska_sendButton' is clicked on

2021-12-19 14:17:26 - [TEST_STEP][PASSED] - setText(findTestObject("Page_PSTO webMessenger - Zalogowano/input_Joanna Kowalska_messageInput"), "d"): Text 'd' is set on object 'Object Repository/Page_PSTO webMessenger - Zalogowano/input_Joanna Kowalska_messageInput'

2021-12-19 14:17:26 - [MESSAGE][PASSED] - Text 'd' is set on object 'Object Repository/Page_PSTO webMessenger - Zalogowano/input_Joanna Kowalska_messageInput'

2021-12-19 14:17:26 - [TEST_STEP][PASSED] - click(findTestObject("Page_PSTO webMessenger - Zalogowano/img_Joanna Kowalska_sendButton")): Object: 'Object Repository/Page_PSTO webMessenger - Zalogowano/img_Joanna Kowalska_sendButton' is clicked on

2021-12-19 14:17:27 - [MESSAGE][PASSED] - Object: 'Object Repository/Page_PSTO webMessenger - Zalogowano/img_Joanna Kowalska_sendButton' is clicked on

2021-12-19 14:17:27 - [TEST_STEP][PASSED] - setText(findTestObject("Page_PSTO webMessenger - Zalogowano/input_Joanna Kowalska_messageInput"), "d"): Text 'd' is set on object 'Object Repository/Page_PSTO webMessenger - Zalogowano/input_Joanna Kowalska_messageInput'

2021-12-19 14:17:28 - [MESSAGE][PASSED] - Text 'd' is set on object 'Object Repository/Page_PSTO webMessenger - Zalogowano/input_Joanna Kowalska_messageInput'

2021-12-19 14:17:28 - [TEST_STEP][PASSED] - click(findTestObject("Page_PSTO webMessenger - Zalogowano/img_Joanna Kowalska_sendButton")): Object: 'Object Repository/Page_PSTO webMessenger - Zalogowano/img_Joanna Kowalska_sendButton' is clicked on

2021-12-19 14:17:29 - [MESSAGE][PASSED] - Object: 'Object Repository/Page_PSTO webMessenger - Zalogowano/img_Joanna Kowalska_sendButton' is clicked on

2021-12-19 14:17:29 - [TEST_STEP][PASSED] - setText(findTestObject("Page_PSTO webMessenger - Zalogowano/input_Joanna Kowalska_messageInput"), "d"): Text 'd' is set on object 'Object Repository/Page_PSTO webMessenger - Zalogowano/input_Joanna Kowalska_messageInput'

2021-12-19 14:17:29 - [MESSAGE][PASSED] - Text 'd' is set on object 'Object Repository/Page_PSTO webMessenger - Zalogowano/input_Joanna Kowalska_messageInput'

2021-12-19 14:17:29 - [TEST_STEP][PASSED] - click(findTestObject("Page_PSTO webMessenger - Zalogowano/img_Joanna Kowalska_sendButton")): Object: 'Object Repository/Page_PSTO webMessenger - Zalogowano/img_Joanna Kowalska_sendButton' is clicked on

2021-12-19 14:17:30 - [MESSAGE][PASSED] - Object: 'Object Repository/Page_PSTO webMessenger - Zalogowano/img_Joanna Kowalska_sendButton' is clicked on

2021-12-19 14:17:30 - [TEST_STEP][PASSED] - setText(findTestObject("Page_PSTO webMessenger - Zalogowano/input_Joanna Kowalska_messageInput"), "d"): Text 'd' is set on object 'Object Repository/Page_PSTO webMessenger - Zalogowano/input_Joanna Kowalska_messageInput'

2021-12-19 14:17:31 - [MESSAGE][PASSED] - Text 'd' is set on object 'Object Repository/Page_PSTO webMessenger - Zalogowano/input_Joanna Kowalska_messageInput'

2021-12-19 14:17:31 - [TEST_STEP][PASSED] - click(findTestObject("Page_PSTO webMessenger - Zalogowano/img_Joanna Kowalska_sendButton")): Object: 'Object Repository/Page_PSTO webMessenger - Zalogowano/img_Joanna Kowalska_sendButton' is clicked on

2021-12-19 14:17:31 - [MESSAGE][PASSED] - Object: 'Object Repository/Page_PSTO webMessenger - Zalogowano/img_Joanna Kowalska_sendButton' is clicked on

2021-12-19 14:17:31 - [TEST_STEP][PASSED] - setText(findTestObject("Page_PSTO webMessenger - Zalogowano/input_Joanna Kowalska_messageInput"), "d"): Text 'd' is set on object 'Object Repository/Page_PSTO webMessenger - Zalogowano/input_Joanna Kowalska_messageInput'

2021-12-19 14:17:32 - [MESSAGE][PASSED] - Text 'd' is set on object 'Object Repository/Page_PSTO webMessenger - Zalogowano/input_Joanna Kowalska_messageInput'

2021-12-19 14:17:32 - [TEST_STEP][PASSED] - click(findTestObject("Page_PSTO webMessenger - Zalogowano/img_Joanna Kowalska_sendButton")): Object: 'Object Repository/Page_PSTO webMessenger - Zalogowano/img_Joanna Kowalska_sendButton' is clicked on

2021-12-19 14:17:33 - [MESSAGE][PASSED] - Object: 'Object Repository/Page_PSTO webMessenger - Zalogowano/img_Joanna Kowalska_sendButton' is clicked on

2021-12-19 14:17:33 - [TEST_STEP][PASSED] - setText(findTestObject("Page_PSTO webMessenger - Zalogowano/input_Joanna Kowalska_messageInput"), "d"): Text 'd' is set on object 'Object Repository/Page_PSTO webMessenger - Zalogowano/input_Joanna Kowalska_messageInput'

2021-12-19 14:17:33 - [MESSAGE][PASSED] - Text 'd' is set on object 'Object Repository/Page_PSTO webMessenger - Zalogowano/input_Joanna Kowalska_messageInput'

2021-12-19 14:17:33 - [TEST_STEP][PASSED] - click(findTestObject("Page_PSTO webMessenger - Zalogowano/img_Joanna Kowalska_sendButton")): Object: 'Object Repository/Page_PSTO webMessenger - Zalogowano/img_Joanna Kowalska_sendButton' is clicked on

2021-12-19 14:17:34 - [MESSAGE][PASSED] - Object: 'Object Repository/Page_PSTO webMessenger - Zalogowano/img_Joanna Kowalska_sendButton' is clicked on

2021-12-19 14:17:34 - [TEST_STEP][PASSED] - setText(findTestObject("Page_PSTO webMessenger - Zalogowano/input_Joanna Kowalska_messageInput"), "d"): Text 'd' is set on object 'Object Repository/Page_PSTO webMessenger - Zalogowano/input_Joanna Kowalska_messageInput'

2021-12-19 14:17:35 - [MESSAGE][PASSED] - Text 'd' is set on object 'Object Repository/Page_PSTO webMessenger - Zalogowano/input_Joanna Kowalska_messageInput'

2021-12-19 14:17:35 - [TEST_STEP][PASSED] - click(findTestObject("Page_PSTO webMessenger - Zalogowano/img_Joanna Kowalska_sendButton")): Object: 'Object Repository/Page_PSTO webMessenger - Zalogowano/img_Joanna Kowalska_sendButton' is clicked on

2021-12-19 14:17:35 - [MESSAGE][PASSED] - Object: 'Object Repository/Page_PSTO webMessenger - Zalogowano/img_Joanna Kowalska_sendButton' is clicked on

2021-12-19 14:17:35 - [TEST_STEP][PASSED] - setText(findTestObject("Page_PSTO webMessenger - Zalogowano/input_Joanna Kowalska_messageInput"), "d"): Text 'd' is set on object 'Object Repository/Page_PSTO webMessenger - Zalogowano/input_Joanna Kowalska_messageInput'

2021-12-19 14:17:36 - [MESSAGE][PASSED] - Text 'd' is set on object 'Object Repository/Page_PSTO webMessenger - Zalogowano/input_Joanna Kowalska_messageInput'

2021-12-19 14:17:36 - [TEST_STEP][PASSED] - click(findTestObject("Page_PSTO webMessenger - Zalogowano/img_Joanna Kowalska_sendButton")): Object: 'Object Repository/Page_PSTO webMessenger - Zalogowano/img_Joanna Kowalska_sendButton' is clicked on

2021-12-19 14:17:37 - [MESSAGE][PASSED] - Object: 'Object Repository/Page_PSTO webMessenger - Zalogowano/img_Joanna Kowalska_sendButton' is clicked on

2021-12-19 14:17:37 - [TEST_STEP][PASSED] - setText(findTestObject("Page_PSTO webMessenger - Zalogowano/input_Joanna Kowalska_messageInput"), "d"): Text 'd' is set on object 'Object Repository/Page_PSTO webMessenger - Zalogowano/input_Joanna Kowalska_messageInput'

2021-12-19 14:17:37 - [MESSAGE][PASSED] - Text 'd' is set on object 'Object Repository/Page_PSTO webMessenger - Zalogowano/input_Joanna Kowalska_messageInput'

2021-12-19 14:17:37 - [TEST_STEP][PASSED] - click(findTestObject("Page_PSTO webMessenger - Zalogowano/img_Joanna Kowalska_sendButton")): Object: 'Object Repository/Page_PSTO webMessenger - Zalogowano/img_Joanna Kowalska_sendButton' is clicked on

2021-12-19 14:17:38 - [MESSAGE][PASSED] - Object: 'Object Repository/Page_PSTO webMessenger - Zalogowano/img_Joanna Kowalska_sendButton' is clicked on

2021-12-19 14:17:38 - [TEST_STEP][PASSED] - setText(findTestObject("Page_PSTO webMessenger - Zalogowano/input_Joanna Kowalska_messageInput"), "d"): Text 'd' is set on object 'Object Repository/Page_PSTO webMessenger - Zalogowano/input_Joanna Kowalska_messageInput'

2021-12-19 14:17:39 - [MESSAGE][PASSED] - Text 'd' is set on object 'Object Repository/Page_PSTO webMessenger - Zalogowano/input_Joanna Kowalska_messageInput'

2021-12-19 14:17:39 - [TEST_STEP][PASSED] - click(findTestObject("Page_PSTO webMessenger - Zalogowano/img_Joanna Kowalska_sendButton")): Object: 'Object Repository/Page_PSTO webMessenger - Zalogowano/img_Joanna Kowalska_sendButton' is clicked on

2021-12-19 14:17:39 - [MESSAGE][PASSED] - Object: 'Object Repository/Page_PSTO webMessenger - Zalogowano/img_Joanna Kowalska_sendButton' is clicked on

2021-12-19 14:17:39 - [TEST_STEP][PASSED] - setText(findTestObject("Page_PSTO webMessenger - Zalogowano/input_Joanna Kowalska_messageInput"), "d"): Text 'd' is set on object 'Object Repository/Page_PSTO webMessenger - Zalogowano/input_Joanna Kowalska_messageInput'

2021-12-19 14:17:40 - [MESSAGE][PASSED] - Text 'd' is set on object 'Object Repository/Page_PSTO webMessenger - Zalogowano/input_Joanna Kowalska_messageInput'

2021-12-19 14:17:40 - [TEST_STEP][PASSED] - click(findTestObject("Page_PSTO webMessenger - Zalogowano/img_Joanna Kowalska_sendButton")): Object: 'Object Repository/Page_PSTO webMessenger - Zalogowano/img_Joanna Kowalska_sendButton' is clicked on

2021-12-19 14:17:41 - [MESSAGE][PASSED] - Object: 'Object Repository/Page_PSTO webMessenger - Zalogowano/img_Joanna Kowalska_sendButton' is clicked on

2021-12-19 14:17:41 - [TEST_STEP][PASSED] - setText(findTestObject("Page_PSTO webMessenger - Zalogowano/input_Joanna Kowalska_messageInput"), "d"): Text 'd' is set on object 'Object Repository/Page_PSTO webMessenger - Zalogowano/input_Joanna Kowalska_messageInput'

2021-12-19 14:17:41 - [MESSAGE][PASSED] - Text 'd' is set on object 'Object Repository/Page_PSTO webMessenger - Zalogowano/input_Joanna Kowalska_messageInput'

2021-12-19 14:17:41 - [TEST_STEP][PASSED] - click(findTestObject("Page_PSTO webMessenger - Zalogowano/img_Joanna Kowalska_sendButton")): Object: 'Object Repository/Page_PSTO webMessenger - Zalogowano/img_Joanna Kowalska_sendButton' is clicked on

2021-12-19 14:17:42 - [MESSAGE][PASSED] - Object: 'Object Repository/Page_PSTO webMessenger - Zalogowano/img_Joanna Kowalska_sendButton' is clicked on

2021-12-19 14:17:42 - [TEST_STEP][PASSED] - setText(findTestObject("Page_PSTO webMessenger - Zalogowano/input_Joanna Kowalska_messageInput"), "d"): Text 'd' is set on object 'Object Repository/Page_PSTO webMessenger - Zalogowano/input_Joanna Kowalska_messageInput'

2021-12-19 14:17:43 - [MESSAGE][PASSED] - Text 'd' is set on object 'Object Repository/Page_PSTO webMessenger - Zalogowano/input_Joanna Kowalska_messageInput'

2021-12-19 14:17:43 - [TEST_STEP][PASSED] - click(findTestObject("Page_PSTO webMessenger - Zalogowano/img_Joanna Kowalska_sendButton")): Object: 'Object Repository/Page_PSTO webMessenger - Zalogowano/img_Joanna Kowalska_sendButton' is clicked on

2021-12-19 14:17:44 - [MESSAGE][PASSED] - Object: 'Object Repository/Page_PSTO webMessenger - Zalogowano/img_Joanna Kowalska_sendButton' is clicked on

2021-12-19 14:17:44 - [TEST_STEP][PASSED] - setText(findTestObject("Page_PSTO webMessenger - Zalogowano/input_Joanna Kowalska_messageInput"), "d"): Text 'd' is set on object 'Object Repository/Page_PSTO webMessenger - Zalogowano/input_Joanna Kowalska_messageInput'

2021-12-19 14:17:44 - [MESSAGE][PASSED] - Text 'd' is set on object 'Object Repository/Page_PSTO webMessenger - Zalogowano/input_Joanna Kowalska_messageInput'

2021-12-19 14:17:44 - [TEST_STEP][PASSED] - click(findTestObject("Page_PSTO webMessenger - Zalogowano/img_Joanna Kowalska_sendButton")): Object: 'Object Repository/Page_PSTO webMessenger - Zalogowano/img_Joanna Kowalska_sendButton' is clicked on

2021-12-19 14:17:45 - [MESSAGE][PASSED] - Object: 'Object Repository/Page_PSTO webMessenger - Zalogowano/img_Joanna Kowalska_sendButton' is clicked on

2021-12-19 14:17:45 - [TEST_STEP][PASSED] - setText(findTestObject("Page_PSTO webMessenger - Zalogowano/input_Joanna Kowalska_messageInput"), "d"): Text 'd' is set on object 'Object Repository/Page_PSTO webMessenger - Zalogowano/input_Joanna Kowalska_messageInput'

2021-12-19 14:17:46 - [MESSAGE][PASSED] - Text 'd' is set on object 'Object Repository/Page_PSTO webMessenger - Zalogowano/input_Joanna Kowalska_messageInput'

2021-12-19 14:17:46 - [TEST_STEP][PASSED] - click(findTestObject("Page_PSTO webMessenger - Zalogowano/img_Joanna Kowalska_sendButton")): Object: 'Object Repository/Page_PSTO webMessenger - Zalogowano/img_Joanna Kowalska_sendButton' is clicked on

2021-12-19 14:17:46 - [MESSAGE][PASSED] - Object: 'Object Repository/Page_PSTO webMessenger - Zalogowano/img_Joanna Kowalska_sendButton' is clicked on

2021-12-19 14:17:46 - [TEST_STEP][PASSED] - setText(findTestObject("Page_PSTO webMessenger - Zalogowano/input_Joanna Kowalska_messageInput"), "d"): Text 'd' is set on object 'Object Repository/Page_PSTO webMessenger - Zalogowano/input_Joanna Kowalska_messageInput'

2021-12-19 14:17:47 - [MESSAGE][PASSED] - Text 'd' is set on object 'Object Repository/Page_PSTO webMessenger - Zalogowano/input_Joanna Kowalska_messageInput'

2021-12-19 14:17:47 - [TEST_STEP][PASSED] - click(findTestObject("Page_PSTO webMessenger - Zalogowano/img_Joanna Kowalska_sendButton")): Object: 'Object Repository/Page_PSTO webMessenger - Zalogowano/img_Joanna Kowalska_sendButton' is clicked on

2021-12-19 14:17:48 - [MESSAGE][PASSED] - Object: 'Object Repository/Page_PSTO webMessenger - Zalogowano/img_Joanna Kowalska_sendButton' is clicked on

2021-12-19 14:17:48 - [TEST_STEP][PASSED] - setText(findTestObject("Page_PSTO webMessenger - Zalogowano/input_Joanna Kowalska_messageInput"), "d"): Text 'd' is set on object 'Object Repository/Page_PSTO webMessenger - Zalogowano/input_Joanna Kowalska_messageInput'

2021-12-19 14:17:49 - [MESSAGE][PASSED] - Text 'd' is set on object 'Object Repository/Page_PSTO webMessenger - Zalogowano/input_Joanna Kowalska_messageInput'

2021-12-19 14:17:49 - [TEST_STEP][PASSED] - click(findTestObject("Page_PSTO webMessenger - Zalogowano/img_Joanna Kowalska_sendButton")): Object: 'Object Repository/Page_PSTO webMessenger - Zalogowano/img_Joanna Kowalska_sendButton' is clicked on

2021-12-19 14:17:49 - [MESSAGE][PASSED] - Object: 'Object Repository/Page_PSTO webMessenger - Zalogowano/img_Joanna Kowalska_sendButton' is clicked on

2021-12-19 14:17:49 - [TEST_STEP][PASSED] - setText(findTestObject("Page_PSTO webMessenger - Zalogowano/input_Joanna Kowalska_messageInput"), "d"): Text 'd' is set on object 'Object Repository/Page_PSTO webMessenger - Zalogowano/input_Joanna Kowalska_messageInput'

2021-12-19 14:17:50 - [MESSAGE][PASSED] - Text 'd' is set on object 'Object Repository/Page_PSTO webMessenger - Zalogowano/input_Joanna Kowalska_messageInput'

2021-12-19 14:17:50 - [TEST_STEP][PASSED] - click(findTestObject("Page_PSTO webMessenger - Zalogowano/img_Joanna Kowalska_sendButton")): Object: 'Object Repository/Page_PSTO webMessenger - Zalogowano/img_Joanna Kowalska_sendButton' is clicked on

2021-12-19 14:17:51 - [MESSAGE][PASSED] - Object: 'Object Repository/Page_PSTO webMessenger - Zalogowano/img_Joanna Kowalska_sendButton' is clicked on

2021-12-19 14:17:51 - [TEST_STEP][PASSED] - setText(findTestObject("Page_PSTO webMessenger - Zalogowano/input_Joanna Kowalska_messageInput"), "d"): Text 'd' is set on object 'Object Repository/Page_PSTO webMessenger - Zalogowano/input_Joanna Kowalska_messageInput'

2021-12-19 14:17:51 - [MESSAGE][PASSED] - Text 'd' is set on object 'Object Repository/Page_PSTO webMessenger - Zalogowano/input_Joanna Kowalska_messageInput'

2021-12-19 14:17:51 - [TEST_STEP][PASSED] - click(findTestObject("Page_PSTO webMessenger - Zalogowano/img_Joanna Kowalska_sendButton")): Object: 'Object Repository/Page_PSTO webMessenger - Zalogowano/img_Joanna Kowalska_sendButton' is clicked on

2021-12-19 14:17:52 - [MESSAGE][PASSED] - Object: 'Object Repository/Page_PSTO webMessenger - Zalogowano/img_Joanna Kowalska_sendButton' is clicked on

2021-12-19 14:17:52 - [TEST_STEP][PASSED] - setText(findTestObject("Page_PSTO webMessenger - Zalogowano/input_Joanna Kowalska_messageInput"), "d"): Text 'd' is set on object 'Object Repository/Page_PSTO webMessenger - Zalogowano/input_Joanna Kowalska_messageInput'

2021-12-19 14:17:53 - [MESSAGE][PASSED] - Text 'd' is set on object 'Object Repository/Page_PSTO webMessenger - Zalogowano/input_Joanna Kowalska_messageInput'

2021-12-19 14:17:53 - [TEST_STEP][PASSED] - click(findTestObject("Page_PSTO webMessenger - Zalogowano/img_Joanna Kowalska_sendButton")): Object: 'Object Repository/Page_PSTO webMessenger - Zalogowano/img_Joanna Kowalska_sendButton' is clicked on

2021-12-19 14:17:54 - [MESSAGE][PASSED] - Object: 'Object Repository/Page_PSTO webMessenger - Zalogowano/img_Joanna Kowalska_sendButton' is clicked on

2021-12-19 14:17:54 - [TEST_STEP][PASSED] - setText(findTestObject("Page_PSTO webMessenger - Zalogowano/input_Joanna Kowalska_messageInput"), "d"): Text 'd' is set on object 'Object Repository/Page_PSTO webMessenger - Zalogowano/input_Joanna Kowalska_messageInput'

2021-12-19 14:17:54 - [MESSAGE][PASSED] - Text 'd' is set on object 'Object Repository/Page_PSTO webMessenger - Zalogowano/input_Joanna Kowalska_messageInput'

2021-12-19 14:17:54 - [TEST_STEP][PASSED] - click(findTestObject("Page_PSTO webMessenger - Zalogowano/img_Joanna Kowalska_sendButton")): Object: 'Object Repository/Page_PSTO webMessenger - Zalogowano/img_Joanna Kowalska_sendButton' is clicked on

2021-12-19 14:17:55 - [MESSAGE][PASSED] - Object: 'Object Repository/Page_PSTO webMessenger - Zalogowano/img_Joanna Kowalska_sendButton' is clicked on

2021-12-19 14:17:55 - [TEST_STEP][PASSED] - setText(findTestObject("Page_PSTO webMessenger - Zalogowano/input_Joanna Kowalska_messageInput"), "d"): Text 'd' is set on object 'Object Repository/Page_PSTO webMessenger - Zalogowano/input_Joanna Kowalska_messageInput'

2021-12-19 14:17:56 - [MESSAGE][PASSED] - Text 'd' is set on object 'Object Repository/Page_PSTO webMessenger - Zalogowano/input_Joanna Kowalska_messageInput'

2021-12-19 14:17:56 - [TEST_STEP][PASSED] - click(findTestObject("Page_PSTO webMessenger - Zalogowano/img_Joanna Kowalska_sendButton")): Object: 'Object Repository/Page_PSTO webMessenger - Zalogowano/img_Joanna Kowalska_sendButton' is clicked on

2021-12-19 14:17:56 - [MESSAGE][PASSED] - Object: 'Object Repository/Page_PSTO webMessenger - Zalogowano/img_Joanna Kowalska_sendButton' is clicked on

2021-12-19 14:17:56 - [TEST_STEP][PASSED] - setText(findTestObject("Page_PSTO webMessenger - Zalogowano/input_Joanna Kowalska_messageInput"), "d"): Text 'd' is set on object 'Object Repository/Page_PSTO webMessenger - Zalogowano/input_Joanna Kowalska_messageInput'

2021-12-19 14:17:57 - [MESSAGE][PASSED] - Text 'd' is set on object 'Object Repository/Page_PSTO webMessenger - Zalogowano/input_Joanna Kowalska_messageInput'

2021-12-19 14:17:57 - [TEST_STEP][PASSED] - click(findTestObject("Page_PSTO webMessenger - Zalogowano/img_Joanna Kowalska_sendButton")): Object: 'Object Repository/Page_PSTO webMessenger - Zalogowano/img_Joanna Kowalska_sendButton' is clicked on

2021-12-19 14:17:58 - [MESSAGE][PASSED] - Object: 'Object Repository/Page_PSTO webMessenger - Zalogowano/img_Joanna Kowalska_sendButton' is clicked on

2021-12-19 14:17:58 - [TEST_STEP][PASSED] - click(findTestObject("Object Repository/Page_PSTO webMessenger - Zalogowano/img_Zarejestruj konto_iconImg")): Object: 'Object Repository/Page_PSTO webMessenger - Zalogowano/img_Zarejestruj konto_iconImg' is clicked on

2021-12-19 14:17:58 - [MESSAGE][PASSED] - Object: 'Object Repository/Page_PSTO webMessenger - Zalogowano/img_Zarejestruj konto_iconImg' is clicked on

2021-12-19 14:17:58 - [TEST_STEP][PASSED] - closeBrowser(): Browser is closed

2021-12-19 14:17:59 - [MESSAGE][PASSED] - Browser is closed]]></system-out>
         <system-err><![CDATA[]]></system-err>
      </testcase>
      <testcase name="Test Cases/Historia rozm贸w/HR21" time="752.292" classname="Test Cases/Historia rozm贸w/HR21" status="PASSED">
         <system-out><![CDATA[2021-12-19 14:17:59 - [TEST_CASE][PASSED] - Test Cases/Historia rozm贸w/HR21: Test Cases/Historia rozm贸w/HR21

2021-12-19 14:18:00 - [TEST_STEP][PASSED] - openBrowser(""): Browser is opened with url: ''

2021-12-19 14:18:00 - [MESSAGE][INFO] - Starting 'Firefox' driver

2021-12-19 14:18:00 - [MESSAGE][INFO] - Action delay is set to 0 milliseconds

2021-12-19 14:18:06 - [MESSAGE][PASSED] - Browser is opened with url: ''

2021-12-19 14:18:06 - [TEST_STEP][PASSED] - navigateToUrl("http://kmg.hcm.pl/testowanie/index.html"): Navigate to 'http://kmg.hcm.pl/testowanie/index.html' successfully

2021-12-19 14:18:07 - [MESSAGE][PASSED] - Navigate to 'http://kmg.hcm.pl/testowanie/index.html' successfully

2021-12-19 14:18:07 - [TEST_STEP][PASSED] - setText(findTestObject("Object Repository/Page_PSTO webMessenger/input_Zarejestruj konto_userLogin"), "Tomasz Staszewski"): Text 'Tomasz Staszewski' is set on object 'Object Repository/Page_PSTO webMessenger/input_Zarejestruj konto_userLogin'

2021-12-19 14:18:07 - [MESSAGE][PASSED] - Text 'Tomasz Staszewski' is set on object 'Object Repository/Page_PSTO webMessenger/input_Zarejestruj konto_userLogin'

2021-12-19 14:18:07 - [TEST_STEP][PASSED] - setEncryptedText(findTestObject("Object Repository/Page_PSTO webMessenger/input_Zarejestruj konto_passwordLogin"), "wCo1vTKhcj4="): Text ****** has been set on object 'Object Repository/Page_PSTO webMessenger/input_Zarejestruj konto_passwordLogin'

2021-12-19 14:18:08 - [MESSAGE][PASSED] - Text ****** has been set on object 'Object Repository/Page_PSTO webMessenger/input_Zarejestruj konto_passwordLogin'

2021-12-19 14:18:08 - [TEST_STEP][PASSED] - click(findTestObject("Object Repository/Page_PSTO webMessenger/input_Zarejestruj konto_login")): Object: 'Object Repository/Page_PSTO webMessenger/input_Zarejestruj konto_login' is clicked on

2021-12-19 14:18:08 - [MESSAGE][PASSED] - Object: 'Object Repository/Page_PSTO webMessenger/input_Zarejestruj konto_login' is clicked on

2021-12-19 14:18:08 - [TEST_STEP][PASSED] - click(findTestObject("Page_PSTO webMessenger - Zalogowano/div_Leszek Kowalski")): Object: 'Object Repository/Page_PSTO webMessenger - Zalogowano/div_Leszek Kowalski' is clicked on

2021-12-19 14:18:09 - [MESSAGE][PASSED] - Object: 'Object Repository/Page_PSTO webMessenger - Zalogowano/div_Leszek Kowalski' is clicked on

2021-12-19 14:18:09 - [TEST_STEP][PASSED] - for (def index : (1..500)): Object: 'Object Repository/Page_PSTO webMessenger - Zalogowano/img_Leszek Kowalski_sendButton' is clicked on

2021-12-19 14:18:09 - [TEST_STEP][PASSED] - setText(findTestObject("Page_PSTO webMessenger - Zalogowano/input_Leszek Kowalski_messageInput"), "e"): Text 'e' is set on object 'Object Repository/Page_PSTO webMessenger - Zalogowano/input_Leszek Kowalski_messageInput'

2021-12-19 14:18:11 - [MESSAGE][PASSED] - Text 'e' is set on object 'Object Repository/Page_PSTO webMessenger - Zalogowano/input_Leszek Kowalski_messageInput'

2021-12-19 14:18:11 - [TEST_STEP][PASSED] - click(findTestObject("Page_PSTO webMessenger - Zalogowano/img_Leszek Kowalski_sendButton")): Object: 'Object Repository/Page_PSTO webMessenger - Zalogowano/img_Leszek Kowalski_sendButton' is clicked on

2021-12-19 14:18:12 - [MESSAGE][PASSED] - Object: 'Object Repository/Page_PSTO webMessenger - Zalogowano/img_Leszek Kowalski_sendButton' is clicked on

2021-12-19 14:18:12 - [TEST_STEP][PASSED] - setText(findTestObject("Page_PSTO webMessenger - Zalogowano/input_Leszek Kowalski_messageInput"), "e"): Text 'e' is set on object 'Object Repository/Page_PSTO webMessenger - Zalogowano/input_Leszek Kowalski_messageInput'

2021-12-19 14:18:13 - [MESSAGE][PASSED] - Text 'e' is set on object 'Object Repository/Page_PSTO webMessenger - Zalogowano/input_Leszek Kowalski_messageInput'

2021-12-19 14:18:13 - [TEST_STEP][PASSED] - click(findTestObject("Page_PSTO webMessenger - Zalogowano/img_Leszek Kowalski_sendButton")): Object: 'Object Repository/Page_PSTO webMessenger - Zalogowano/img_Leszek Kowalski_sendButton' is clicked on

2021-12-19 14:18:14 - [MESSAGE][PASSED] - Object: 'Object Repository/Page_PSTO webMessenger - Zalogowano/img_Leszek Kowalski_sendButton' is clicked on

2021-12-19 14:18:14 - [TEST_STEP][PASSED] - setText(findTestObject("Page_PSTO webMessenger - Zalogowano/input_Leszek Kowalski_messageInput"), "e"): Text 'e' is set on object 'Object Repository/Page_PSTO webMessenger - Zalogowano/input_Leszek Kowalski_messageInput'

2021-12-19 14:18:14 - [MESSAGE][PASSED] - Text 'e' is set on object 'Object Repository/Page_PSTO webMessenger - Zalogowano/input_Leszek Kowalski_messageInput'

2021-12-19 14:18:14 - [TEST_STEP][PASSED] - click(findTestObject("Page_PSTO webMessenger - Zalogowano/img_Leszek Kowalski_sendButton")): Object: 'Object Repository/Page_PSTO webMessenger - Zalogowano/img_Leszek Kowalski_sendButton' is clicked on

2021-12-19 14:18:15 - [MESSAGE][PASSED] - Object: 'Object Repository/Page_PSTO webMessenger - Zalogowano/img_Leszek Kowalski_sendButton' is clicked on

2021-12-19 14:18:15 - [TEST_STEP][PASSED] - setText(findTestObject("Page_PSTO webMessenger - Zalogowano/input_Leszek Kowalski_messageInput"), "e"): Text 'e' is set on object 'Object Repository/Page_PSTO webMessenger - Zalogowano/input_Leszek Kowalski_messageInput'

2021-12-19 14:18:15 - [MESSAGE][PASSED] - Text 'e' is set on object 'Object Repository/Page_PSTO webMessenger - Zalogowano/input_Leszek Kowalski_messageInput'

2021-12-19 14:18:15 - [TEST_STEP][PASSED] - click(findTestObject("Page_PSTO webMessenger - Zalogowano/img_Leszek Kowalski_sendButton")): Object: 'Object Repository/Page_PSTO webMessenger - Zalogowano/img_Leszek Kowalski_sendButton' is clicked on

2021-12-19 14:18:16 - [MESSAGE][PASSED] - Object: 'Object Repository/Page_PSTO webMessenger - Zalogowano/img_Leszek Kowalski_sendButton' is clicked on

2021-12-19 14:18:16 - [TEST_STEP][PASSED] - setText(findTestObject("Page_PSTO webMessenger - Zalogowano/input_Leszek Kowalski_messageInput"), "e"): Text 'e' is set on object 'Object Repository/Page_PSTO webMessenger - Zalogowano/input_Leszek Kowalski_messageInput'

2021-12-19 14:18:18 - [MESSAGE][PASSED] - Text 'e' is set on object 'Object Repository/Page_PSTO webMessenger - Zalogowano/input_Leszek Kowalski_messageInput'

2021-12-19 14:18:18 - [TEST_STEP][PASSED] - click(findTestObject("Page_PSTO webMessenger - Zalogowano/img_Leszek Kowalski_sendButton")): Object: 'Object Repository/Page_PSTO webMessenger - Zalogowano/img_Leszek Kowalski_sendButton' is clicked on

2021-12-19 14:18:18 - [MESSAGE][PASSED] - Object: 'Object Repository/Page_PSTO webMessenger - Zalogowano/img_Leszek Kowalski_sendButton' is clicked on

2021-12-19 14:18:18 - [TEST_STEP][PASSED] - setText(findTestObject("Page_PSTO webMessenger - Zalogowano/input_Leszek Kowalski_messageInput"), "e"): Text 'e' is set on object 'Object Repository/Page_PSTO webMessenger - Zalogowano/input_Leszek Kowalski_messageInput'

2021-12-19 14:18:19 - [MESSAGE][PASSED] - Text 'e' is set on object 'Object Repository/Page_PSTO webMessenger - Zalogowano/input_Leszek Kowalski_messageInput'

2021-12-19 14:18:19 - [TEST_STEP][PASSED] - click(findTestObject("Page_PSTO webMessenger - Zalogowano/img_Leszek Kowalski_sendButton")): Object: 'Object Repository/Page_PSTO webMessenger - Zalogowano/img_Leszek Kowalski_sendButton' is clicked on

2021-12-19 14:18:20 - [MESSAGE][PASSED] - Object: 'Object Repository/Page_PSTO webMessenger - Zalogowano/img_Leszek Kowalski_sendButton' is clicked on

2021-12-19 14:18:20 - [TEST_STEP][PASSED] - setText(findTestObject("Page_PSTO webMessenger - Zalogowano/input_Leszek Kowalski_messageInput"), "e"): Text 'e' is set on object 'Object Repository/Page_PSTO webMessenger - Zalogowano/input_Leszek Kowalski_messageInput'

2021-12-19 14:18:20 - [MESSAGE][PASSED] - Text 'e' is set on object 'Object Repository/Page_PSTO webMessenger - Zalogowano/input_Leszek Kowalski_messageInput'

2021-12-19 14:18:20 - [TEST_STEP][PASSED] - click(findTestObject("Page_PSTO webMessenger - Zalogowano/img_Leszek Kowalski_sendButton")): Object: 'Object Repository/Page_PSTO webMessenger - Zalogowano/img_Leszek Kowalski_sendButton' is clicked on

2021-12-19 14:18:21 - [MESSAGE][PASSED] - Object: 'Object Repository/Page_PSTO webMessenger - Zalogowano/img_Leszek Kowalski_sendButton' is clicked on

2021-12-19 14:18:21 - [TEST_STEP][PASSED] - setText(findTestObject("Page_PSTO webMessenger - Zalogowano/input_Leszek Kowalski_messageInput"), "e"): Text 'e' is set on object 'Object Repository/Page_PSTO webMessenger - Zalogowano/input_Leszek Kowalski_messageInput'

2021-12-19 14:18:22 - [MESSAGE][PASSED] - Text 'e' is set on object 'Object Repository/Page_PSTO webMessenger - Zalogowano/input_Leszek Kowalski_messageInput'

2021-12-19 14:18:22 - [TEST_STEP][PASSED] - click(findTestObject("Page_PSTO webMessenger - Zalogowano/img_Leszek Kowalski_sendButton")): Object: 'Object Repository/Page_PSTO webMessenger - Zalogowano/img_Leszek Kowalski_sendButton' is clicked on

2021-12-19 14:18:23 - [MESSAGE][PASSED] - Object: 'Object Repository/Page_PSTO webMessenger - Zalogowano/img_Leszek Kowalski_sendButton' is clicked on

2021-12-19 14:18:23 - [TEST_STEP][PASSED] - setText(findTestObject("Page_PSTO webMessenger - Zalogowano/input_Leszek Kowalski_messageInput"), "e"): Text 'e' is set on object 'Object Repository/Page_PSTO webMessenger - Zalogowano/input_Leszek Kowalski_messageInput'

2021-12-19 14:18:24 - [MESSAGE][PASSED] - Text 'e' is set on object 'Object Repository/Page_PSTO webMessenger - Zalogowano/input_Leszek Kowalski_messageInput'

2021-12-19 14:18:24 - [TEST_STEP][PASSED] - click(findTestObject("Page_PSTO webMessenger - Zalogowano/img_Leszek Kowalski_sendButton")): Object: 'Object Repository/Page_PSTO webMessenger - Zalogowano/img_Leszek Kowalski_sendButton' is clicked on

2021-12-19 14:18:24 - [MESSAGE][PASSED] - Object: 'Object Repository/Page_PSTO webMessenger - Zalogowano/img_Leszek Kowalski_sendButton' is clicked on

2021-12-19 14:18:24 - [TEST_STEP][PASSED] - setText(findTestObject("Page_PSTO webMessenger - Zalogowano/input_Leszek Kowalski_messageInput"), "e"): Text 'e' is set on object 'Object Repository/Page_PSTO webMessenger - Zalogowano/input_Leszek Kowalski_messageInput'

2021-12-19 14:18:25 - [MESSAGE][PASSED] - Text 'e' is set on object 'Object Repository/Page_PSTO webMessenger - Zalogowano/input_Leszek Kowalski_messageInput'

2021-12-19 14:18:25 - [TEST_STEP][PASSED] - click(findTestObject("Page_PSTO webMessenger - Zalogowano/img_Leszek Kowalski_sendButton")): Object: 'Object Repository/Page_PSTO webMessenger - Zalogowano/img_Leszek Kowalski_sendButton' is clicked on

2021-12-19 14:18:26 - [MESSAGE][PASSED] - Object: 'Object Repository/Page_PSTO webMessenger - Zalogowano/img_Leszek Kowalski_sendButton' is clicked on

2021-12-19 14:18:26 - [TEST_STEP][PASSED] - setText(findTestObject("Page_PSTO webMessenger - Zalogowano/input_Leszek Kowalski_messageInput"), "e"): Text 'e' is set on object 'Object Repository/Page_PSTO webMessenger - Zalogowano/input_Leszek Kowalski_messageInput'

2021-12-19 14:18:26 - [MESSAGE][PASSED] - Text 'e' is set on object 'Object Repository/Page_PSTO webMessenger - Zalogowano/input_Leszek Kowalski_messageInput'

2021-12-19 14:18:26 - [TEST_STEP][PASSED] - click(findTestObject("Page_PSTO webMessenger - Zalogowano/img_Leszek Kowalski_sendButton")): Object: 'Object Repository/Page_PSTO webMessenger - Zalogowano/img_Leszek Kowalski_sendButton' is clicked on

2021-12-19 14:18:28 - [MESSAGE][PASSED] - Object: 'Object Repository/Page_PSTO webMessenger - Zalogowano/img_Leszek Kowalski_sendButton' is clicked on

2021-12-19 14:18:28 - [TEST_STEP][PASSED] - setText(findTestObject("Page_PSTO webMessenger - Zalogowano/input_Leszek Kowalski_messageInput"), "e"): Text 'e' is set on object 'Object Repository/Page_PSTO webMessenger - Zalogowano/input_Leszek Kowalski_messageInput'

2021-12-19 14:18:29 - [MESSAGE][PASSED] - Text 'e' is set on object 'Object Repository/Page_PSTO webMessenger - Zalogowano/input_Leszek Kowalski_messageInput'

2021-12-19 14:18:29 - [TEST_STEP][PASSED] - click(findTestObject("Page_PSTO webMessenger - Zalogowano/img_Leszek Kowalski_sendButton")): Object: 'Object Repository/Page_PSTO webMessenger - Zalogowano/img_Leszek Kowalski_sendButton' is clicked on

2021-12-19 14:18:29 - [MESSAGE][PASSED] - Object: 'Object Repository/Page_PSTO webMessenger - Zalogowano/img_Leszek Kowalski_sendButton' is clicked on

2021-12-19 14:18:29 - [TEST_STEP][PASSED] - setText(findTestObject("Page_PSTO webMessenger - Zalogowano/input_Leszek Kowalski_messageInput"), "e"): Text 'e' is set on object 'Object Repository/Page_PSTO webMessenger - Zalogowano/input_Leszek Kowalski_messageInput'

2021-12-19 14:18:30 - [MESSAGE][PASSED] - Text 'e' is set on object 'Object Repository/Page_PSTO webMessenger - Zalogowano/input_Leszek Kowalski_messageInput'

2021-12-19 14:18:30 - [TEST_STEP][PASSED] - click(findTestObject("Page_PSTO webMessenger - Zalogowano/img_Leszek Kowalski_sendButton")): Object: 'Object Repository/Page_PSTO webMessenger - Zalogowano/img_Leszek Kowalski_sendButton' is clicked on

2021-12-19 14:18:31 - [MESSAGE][PASSED] - Object: 'Object Repository/Page_PSTO webMessenger - Zalogowano/img_Leszek Kowalski_sendButton' is clicked on

2021-12-19 14:18:31 - [TEST_STEP][PASSED] - setText(findTestObject("Page_PSTO webMessenger - Zalogowano/input_Leszek Kowalski_messageInput"), "e"): Text 'e' is set on object 'Object Repository/Page_PSTO webMessenger - Zalogowano/input_Leszek Kowalski_messageInput'

2021-12-19 14:18:31 - [MESSAGE][PASSED] - Text 'e' is set on object 'Object Repository/Page_PSTO webMessenger - Zalogowano/input_Leszek Kowalski_messageInput'

2021-12-19 14:18:31 - [TEST_STEP][PASSED] - click(findTestObject("Page_PSTO webMessenger - Zalogowano/img_Leszek Kowalski_sendButton")): Object: 'Object Repository/Page_PSTO webMessenger - Zalogowano/img_Leszek Kowalski_sendButton' is clicked on

2021-12-19 14:18:33 - [MESSAGE][PASSED] - Object: 'Object Repository/Page_PSTO webMessenger - Zalogowano/img_Leszek Kowalski_sendButton' is clicked on

2021-12-19 14:18:33 - [TEST_STEP][PASSED] - setText(findTestObject("Page_PSTO webMessenger - Zalogowano/input_Leszek Kowalski_messageInput"), "e"): Text 'e' is set on object 'Object Repository/Page_PSTO webMessenger - Zalogowano/input_Leszek Kowalski_messageInput'

2021-12-19 14:18:34 - [MESSAGE][PASSED] - Text 'e' is set on object 'Object Repository/Page_PSTO webMessenger - Zalogowano/input_Leszek Kowalski_messageInput'

2021-12-19 14:18:34 - [TEST_STEP][PASSED] - click(findTestObject("Page_PSTO webMessenger - Zalogowano/img_Leszek Kowalski_sendButton")): Object: 'Object Repository/Page_PSTO webMessenger - Zalogowano/img_Leszek Kowalski_sendButton' is clicked on

2021-12-19 14:18:34 - [MESSAGE][PASSED] - Object: 'Object Repository/Page_PSTO webMessenger - Zalogowano/img_Leszek Kowalski_sendButton' is clicked on

2021-12-19 14:18:34 - [TEST_STEP][PASSED] - setText(findTestObject("Page_PSTO webMessenger - Zalogowano/input_Leszek Kowalski_messageInput"), "e"): Text 'e' is set on object 'Object Repository/Page_PSTO webMessenger - Zalogowano/input_Leszek Kowalski_messageInput'

2021-12-19 14:18:35 - [MESSAGE][PASSED] - Text 'e' is set on object 'Object Repository/Page_PSTO webMessenger - Zalogowano/input_Leszek Kowalski_messageInput'

2021-12-19 14:18:35 - [TEST_STEP][PASSED] - click(findTestObject("Page_PSTO webMessenger - Zalogowano/img_Leszek Kowalski_sendButton")): Object: 'Object Repository/Page_PSTO webMessenger - Zalogowano/img_Leszek Kowalski_sendButton' is clicked on

2021-12-19 14:18:36 - [MESSAGE][PASSED] - Object: 'Object Repository/Page_PSTO webMessenger - Zalogowano/img_Leszek Kowalski_sendButton' is clicked on

2021-12-19 14:18:36 - [TEST_STEP][PASSED] - setText(findTestObject("Page_PSTO webMessenger - Zalogowano/input_Leszek Kowalski_messageInput"), "e"): Text 'e' is set on object 'Object Repository/Page_PSTO webMessenger - Zalogowano/input_Leszek Kowalski_messageInput'

2021-12-19 14:18:36 - [MESSAGE][PASSED] - Text 'e' is set on object 'Object Repository/Page_PSTO webMessenger - Zalogowano/input_Leszek Kowalski_messageInput'

2021-12-19 14:18:36 - [TEST_STEP][PASSED] - click(findTestObject("Page_PSTO webMessenger - Zalogowano/img_Leszek Kowalski_sendButton")): Object: 'Object Repository/Page_PSTO webMessenger - Zalogowano/img_Leszek Kowalski_sendButton' is clicked on

2021-12-19 14:18:37 - [MESSAGE][PASSED] - Object: 'Object Repository/Page_PSTO webMessenger - Zalogowano/img_Leszek Kowalski_sendButton' is clicked on

2021-12-19 14:18:37 - [TEST_STEP][PASSED] - setText(findTestObject("Page_PSTO webMessenger - Zalogowano/input_Leszek Kowalski_messageInput"), "e"): Text 'e' is set on object 'Object Repository/Page_PSTO webMessenger - Zalogowano/input_Leszek Kowalski_messageInput'

2021-12-19 14:18:38 - [MESSAGE][PASSED] - Text 'e' is set on object 'Object Repository/Page_PSTO webMessenger - Zalogowano/input_Leszek Kowalski_messageInput'

2021-12-19 14:18:38 - [TEST_STEP][PASSED] - click(findTestObject("Page_PSTO webMessenger - Zalogowano/img_Leszek Kowalski_sendButton")): Object: 'Object Repository/Page_PSTO webMessenger - Zalogowano/img_Leszek Kowalski_sendButton' is clicked on

2021-12-19 14:18:39 - [MESSAGE][PASSED] - Object: 'Object Repository/Page_PSTO webMessenger - Zalogowano/img_Leszek Kowalski_sendButton' is clicked on

2021-12-19 14:18:39 - [TEST_STEP][PASSED] - setText(findTestObject("Page_PSTO webMessenger - Zalogowano/input_Leszek Kowalski_messageInput"), "e"): Text 'e' is set on object 'Object Repository/Page_PSTO webMessenger - Zalogowano/input_Leszek Kowalski_messageInput'

2021-12-19 14:18:39 - [MESSAGE][PASSED] - Text 'e' is set on object 'Object Repository/Page_PSTO webMessenger - Zalogowano/input_Leszek Kowalski_messageInput'

2021-12-19 14:18:39 - [TEST_STEP][PASSED] - click(findTestObject("Page_PSTO webMessenger - Zalogowano/img_Leszek Kowalski_sendButton")): Object: 'Object Repository/Page_PSTO webMessenger - Zalogowano/img_Leszek Kowalski_sendButton' is clicked on

2021-12-19 14:18:40 - [MESSAGE][PASSED] - Object: 'Object Repository/Page_PSTO webMessenger - Zalogowano/img_Leszek Kowalski_sendButton' is clicked on

2021-12-19 14:18:40 - [TEST_STEP][PASSED] - setText(findTestObject("Page_PSTO webMessenger - Zalogowano/input_Leszek Kowalski_messageInput"), "e"): Text 'e' is set on object 'Object Repository/Page_PSTO webMessenger - Zalogowano/input_Leszek Kowalski_messageInput'

2021-12-19 14:18:41 - [MESSAGE][PASSED] - Text 'e' is set on object 'Object Repository/Page_PSTO webMessenger - Zalogowano/input_Leszek Kowalski_messageInput'

2021-12-19 14:18:41 - [TEST_STEP][PASSED] - click(findTestObject("Page_PSTO webMessenger - Zalogowano/img_Leszek Kowalski_sendButton")): Object: 'Object Repository/Page_PSTO webMessenger - Zalogowano/img_Leszek Kowalski_sendButton' is clicked on

2021-12-19 14:18:41 - [MESSAGE][PASSED] - Object: 'Object Repository/Page_PSTO webMessenger - Zalogowano/img_Leszek Kowalski_sendButton' is clicked on

2021-12-19 14:18:41 - [TEST_STEP][PASSED] - setText(findTestObject("Page_PSTO webMessenger - Zalogowano/input_Leszek Kowalski_messageInput"), "e"): Text 'e' is set on object 'Object Repository/Page_PSTO webMessenger - Zalogowano/input_Leszek Kowalski_messageInput'

2021-12-19 14:18:43 - [MESSAGE][PASSED] - Text 'e' is set on object 'Object Repository/Page_PSTO webMessenger - Zalogowano/input_Leszek Kowalski_messageInput'

2021-12-19 14:18:43 - [TEST_STEP][PASSED] - click(findTestObject("Page_PSTO webMessenger - Zalogowano/img_Leszek Kowalski_sendButton")): Object: 'Object Repository/Page_PSTO webMessenger - Zalogowano/img_Leszek Kowalski_sendButton' is clicked on

2021-12-19 14:18:44 - [MESSAGE][PASSED] - Object: 'Object Repository/Page_PSTO webMessenger - Zalogowano/img_Leszek Kowalski_sendButton' is clicked on

2021-12-19 14:18:44 - [TEST_STEP][PASSED] - setText(findTestObject("Page_PSTO webMessenger - Zalogowano/input_Leszek Kowalski_messageInput"), "e"): Text 'e' is set on object 'Object Repository/Page_PSTO webMessenger - Zalogowano/input_Leszek Kowalski_messageInput'

2021-12-19 14:18:44 - [MESSAGE][PASSED] - Text 'e' is set on object 'Object Repository/Page_PSTO webMessenger - Zalogowano/input_Leszek Kowalski_messageInput'

2021-12-19 14:18:44 - [TEST_STEP][PASSED] - click(findTestObject("Page_PSTO webMessenger - Zalogowano/img_Leszek Kowalski_sendButton")): Object: 'Object Repository/Page_PSTO webMessenger - Zalogowano/img_Leszek Kowalski_sendButton' is clicked on

2021-12-19 14:18:45 - [MESSAGE][PASSED] - Object: 'Object Repository/Page_PSTO webMessenger - Zalogowano/img_Leszek Kowalski_sendButton' is clicked on

2021-12-19 14:18:45 - [TEST_STEP][PASSED] - setText(findTestObject("Page_PSTO webMessenger - Zalogowano/input_Leszek Kowalski_messageInput"), "e"): Text 'e' is set on object 'Object Repository/Page_PSTO webMessenger - Zalogowano/input_Leszek Kowalski_messageInput'

2021-12-19 14:18:46 - [MESSAGE][PASSED] - Text 'e' is set on object 'Object Repository/Page_PSTO webMessenger - Zalogowano/input_Leszek Kowalski_messageInput'

2021-12-19 14:18:46 - [TEST_STEP][PASSED] - click(findTestObject("Page_PSTO webMessenger - Zalogowano/img_Leszek Kowalski_sendButton")): Object: 'Object Repository/Page_PSTO webMessenger - Zalogowano/img_Leszek Kowalski_sendButton' is clicked on

2021-12-19 14:18:46 - [MESSAGE][PASSED] - Object: 'Object Repository/Page_PSTO webMessenger - Zalogowano/img_Leszek Kowalski_sendButton' is clicked on

2021-12-19 14:18:46 - [TEST_STEP][PASSED] - setText(findTestObject("Page_PSTO webMessenger - Zalogowano/input_Leszek Kowalski_messageInput"), "e"): Text 'e' is set on object 'Object Repository/Page_PSTO webMessenger - Zalogowano/input_Leszek Kowalski_messageInput'

2021-12-19 14:18:48 - [MESSAGE][PASSED] - Text 'e' is set on object 'Object Repository/Page_PSTO webMessenger - Zalogowano/input_Leszek Kowalski_messageInput'

2021-12-19 14:18:48 - [TEST_STEP][PASSED] - click(findTestObject("Page_PSTO webMessenger - Zalogowano/img_Leszek Kowalski_sendButton")): Object: 'Object Repository/Page_PSTO webMessenger - Zalogowano/img_Leszek Kowalski_sendButton' is clicked on

2021-12-19 14:18:49 - [MESSAGE][PASSED] - Object: 'Object Repository/Page_PSTO webMessenger - Zalogowano/img_Leszek Kowalski_sendButton' is clicked on

2021-12-19 14:18:49 - [TEST_STEP][PASSED] - setText(findTestObject("Page_PSTO webMessenger - Zalogowano/input_Leszek Kowalski_messageInput"), "e"): Text 'e' is set on object 'Object Repository/Page_PSTO webMessenger - Zalogowano/input_Leszek Kowalski_messageInput'

2021-12-19 14:18:50 - [MESSAGE][PASSED] - Text 'e' is set on object 'Object Repository/Page_PSTO webMessenger - Zalogowano/input_Leszek Kowalski_messageInput'

2021-12-19 14:18:50 - [TEST_STEP][PASSED] - click(findTestObject("Page_PSTO webMessenger - Zalogowano/img_Leszek Kowalski_sendButton")): Object: 'Object Repository/Page_PSTO webMessenger - Zalogowano/img_Leszek Kowalski_sendButton' is clicked on

2021-12-19 14:18:50 - [MESSAGE][PASSED] - Object: 'Object Repository/Page_PSTO webMessenger - Zalogowano/img_Leszek Kowalski_sendButton' is clicked on

2021-12-19 14:18:50 - [TEST_STEP][PASSED] - setText(findTestObject("Page_PSTO webMessenger - Zalogowano/input_Leszek Kowalski_messageInput"), "e"): Text 'e' is set on object 'Object Repository/Page_PSTO webMessenger - Zalogowano/input_Leszek Kowalski_messageInput'

2021-12-19 14:18:51 - [MESSAGE][PASSED] - Text 'e' is set on object 'Object Repository/Page_PSTO webMessenger - Zalogowano/input_Leszek Kowalski_messageInput'

2021-12-19 14:18:51 - [TEST_STEP][PASSED] - click(findTestObject("Page_PSTO webMessenger - Zalogowano/img_Leszek Kowalski_sendButton")): Object: 'Object Repository/Page_PSTO webMessenger - Zalogowano/img_Leszek Kowalski_sendButton' is clicked on

2021-12-19 14:18:52 - [MESSAGE][PASSED] - Object: 'Object Repository/Page_PSTO webMessenger - Zalogowano/img_Leszek Kowalski_sendButton' is clicked on

2021-12-19 14:18:52 - [TEST_STEP][PASSED] - setText(findTestObject("Page_PSTO webMessenger - Zalogowano/input_Leszek Kowalski_messageInput"), "e"): Text 'e' is set on object 'Object Repository/Page_PSTO webMessenger - Zalogowano/input_Leszek Kowalski_messageInput'

2021-12-19 14:18:53 - [MESSAGE][PASSED] - Text 'e' is set on object 'Object Repository/Page_PSTO webMessenger - Zalogowano/input_Leszek Kowalski_messageInput'

2021-12-19 14:18:53 - [TEST_STEP][PASSED] - click(findTestObject("Page_PSTO webMessenger - Zalogowano/img_Leszek Kowalski_sendButton")): Object: 'Object Repository/Page_PSTO webMessenger - Zalogowano/img_Leszek Kowalski_sendButton' is clicked on

2021-12-19 14:18:54 - [MESSAGE][PASSED] - Object: 'Object Repository/Page_PSTO webMessenger - Zalogowano/img_Leszek Kowalski_sendButton' is clicked on

2021-12-19 14:18:54 - [TEST_STEP][PASSED] - setText(findTestObject("Page_PSTO webMessenger - Zalogowano/input_Leszek Kowalski_messageInput"), "e"): Text 'e' is set on object 'Object Repository/Page_PSTO webMessenger - Zalogowano/input_Leszek Kowalski_messageInput'

2021-12-19 14:18:54 - [MESSAGE][PASSED] - Text 'e' is set on object 'Object Repository/Page_PSTO webMessenger - Zalogowano/input_Leszek Kowalski_messageInput'

2021-12-19 14:18:54 - [TEST_STEP][PASSED] - click(findTestObject("Page_PSTO webMessenger - Zalogowano/img_Leszek Kowalski_sendButton")): Object: 'Object Repository/Page_PSTO webMessenger - Zalogowano/img_Leszek Kowalski_sendButton' is clicked on

2021-12-19 14:18:55 - [MESSAGE][PASSED] - Object: 'Object Repository/Page_PSTO webMessenger - Zalogowano/img_Leszek Kowalski_sendButton' is clicked on

2021-12-19 14:18:55 - [TEST_STEP][PASSED] - setText(findTestObject("Page_PSTO webMessenger - Zalogowano/input_Leszek Kowalski_messageInput"), "e"): Text 'e' is set on object 'Object Repository/Page_PSTO webMessenger - Zalogowano/input_Leszek Kowalski_messageInput'

2021-12-19 14:18:56 - [MESSAGE][PASSED] - Text 'e' is set on object 'Object Repository/Page_PSTO webMessenger - Zalogowano/input_Leszek Kowalski_messageInput'

2021-12-19 14:18:56 - [TEST_STEP][PASSED] - click(findTestObject("Page_PSTO webMessenger - Zalogowano/img_Leszek Kowalski_sendButton")): Object: 'Object Repository/Page_PSTO webMessenger - Zalogowano/img_Leszek Kowalski_sendButton' is clicked on

2021-12-19 14:18:56 - [MESSAGE][PASSED] - Object: 'Object Repository/Page_PSTO webMessenger - Zalogowano/img_Leszek Kowalski_sendButton' is clicked on

2021-12-19 14:18:56 - [TEST_STEP][PASSED] - setText(findTestObject("Page_PSTO webMessenger - Zalogowano/input_Leszek Kowalski_messageInput"), "e"): Text 'e' is set on object 'Object Repository/Page_PSTO webMessenger - Zalogowano/input_Leszek Kowalski_messageInput'

2021-12-19 14:18:58 - [MESSAGE][PASSED] - Text 'e' is set on object 'Object Repository/Page_PSTO webMessenger - Zalogowano/input_Leszek Kowalski_messageInput'

2021-12-19 14:18:58 - [TEST_STEP][PASSED] - click(findTestObject("Page_PSTO webMessenger - Zalogowano/img_Leszek Kowalski_sendButton")): Object: 'Object Repository/Page_PSTO webMessenger - Zalogowano/img_Leszek Kowalski_sendButton' is clicked on

2021-12-19 14:18:58 - [MESSAGE][PASSED] - Object: 'Object Repository/Page_PSTO webMessenger - Zalogowano/img_Leszek Kowalski_sendButton' is clicked on

2021-12-19 14:18:58 - [TEST_STEP][PASSED] - setText(findTestObject("Page_PSTO webMessenger - Zalogowano/input_Leszek Kowalski_messageInput"), "e"): Text 'e' is set on object 'Object Repository/Page_PSTO webMessenger - Zalogowano/input_Leszek Kowalski_messageInput'

2021-12-19 14:18:59 - [MESSAGE][PASSED] - Text 'e' is set on object 'Object Repository/Page_PSTO webMessenger - Zalogowano/input_Leszek Kowalski_messageInput'

2021-12-19 14:18:59 - [TEST_STEP][PASSED] - click(findTestObject("Page_PSTO webMessenger - Zalogowano/img_Leszek Kowalski_sendButton")): Object: 'Object Repository/Page_PSTO webMessenger - Zalogowano/img_Leszek Kowalski_sendButton' is clicked on

2021-12-19 14:19:00 - [MESSAGE][PASSED] - Object: 'Object Repository/Page_PSTO webMessenger - Zalogowano/img_Leszek Kowalski_sendButton' is clicked on

2021-12-19 14:19:00 - [TEST_STEP][PASSED] - setText(findTestObject("Page_PSTO webMessenger - Zalogowano/input_Leszek Kowalski_messageInput"), "e"): Text 'e' is set on object 'Object Repository/Page_PSTO webMessenger - Zalogowano/input_Leszek Kowalski_messageInput'

2021-12-19 14:19:00 - [MESSAGE][PASSED] - Text 'e' is set on object 'Object Repository/Page_PSTO webMessenger - Zalogowano/input_Leszek Kowalski_messageInput'

2021-12-19 14:19:00 - [TEST_STEP][PASSED] - click(findTestObject("Page_PSTO webMessenger - Zalogowano/img_Leszek Kowalski_sendButton")): Object: 'Object Repository/Page_PSTO webMessenger - Zalogowano/img_Leszek Kowalski_sendButton' is clicked on

2021-12-19 14:19:01 - [MESSAGE][PASSED] - Object: 'Object Repository/Page_PSTO webMessenger - Zalogowano/img_Leszek Kowalski_sendButton' is clicked on

2021-12-19 14:19:01 - [TEST_STEP][PASSED] - setText(findTestObject("Page_PSTO webMessenger - Zalogowano/input_Leszek Kowalski_messageInput"), "e"): Text 'e' is set on object 'Object Repository/Page_PSTO webMessenger - Zalogowano/input_Leszek Kowalski_messageInput'

2021-12-19 14:19:02 - [MESSAGE][PASSED] - Text 'e' is set on object 'Object Repository/Page_PSTO webMessenger - Zalogowano/input_Leszek Kowalski_messageInput'

2021-12-19 14:19:02 - [TEST_STEP][PASSED] - click(findTestObject("Page_PSTO webMessenger - Zalogowano/img_Leszek Kowalski_sendButton")): Object: 'Object Repository/Page_PSTO webMessenger - Zalogowano/img_Leszek Kowalski_sendButton' is clicked on

2021-12-19 14:19:03 - [MESSAGE][PASSED] - Object: 'Object Repository/Page_PSTO webMessenger - Zalogowano/img_Leszek Kowalski_sendButton' is clicked on

2021-12-19 14:19:03 - [TEST_STEP][PASSED] - setText(findTestObject("Page_PSTO webMessenger - Zalogowano/input_Leszek Kowalski_messageInput"), "e"): Text 'e' is set on object 'Object Repository/Page_PSTO webMessenger - Zalogowano/input_Leszek Kowalski_messageInput'

2021-12-19 14:19:03 - [MESSAGE][PASSED] - Text 'e' is set on object 'Object Repository/Page_PSTO webMessenger - Zalogowano/input_Leszek Kowalski_messageInput'

2021-12-19 14:19:03 - [TEST_STEP][PASSED] - click(findTestObject("Page_PSTO webMessenger - Zalogowano/img_Leszek Kowalski_sendButton")): Object: 'Object Repository/Page_PSTO webMessenger - Zalogowano/img_Leszek Kowalski_sendButton' is clicked on

2021-12-19 14:19:04 - [MESSAGE][PASSED] - Object: 'Object Repository/Page_PSTO webMessenger - Zalogowano/img_Leszek Kowalski_sendButton' is clicked on

2021-12-19 14:19:04 - [TEST_STEP][PASSED] - setText(findTestObject("Page_PSTO webMessenger - Zalogowano/input_Leszek Kowalski_messageInput"), "e"): Text 'e' is set on object 'Object Repository/Page_PSTO webMessenger - Zalogowano/input_Leszek Kowalski_messageInput'

2021-12-19 14:19:05 - [MESSAGE][PASSED] - Text 'e' is set on object 'Object Repository/Page_PSTO webMessenger - Zalogowano/input_Leszek Kowalski_messageInput'

2021-12-19 14:19:05 - [TEST_STEP][PASSED] - click(findTestObject("Page_PSTO webMessenger - Zalogowano/img_Leszek Kowalski_sendButton")): Object: 'Object Repository/Page_PSTO webMessenger - Zalogowano/img_Leszek Kowalski_sendButton' is clicked on

2021-12-19 14:19:05 - [MESSAGE][PASSED] - Object: 'Object Repository/Page_PSTO webMessenger - Zalogowano/img_Leszek Kowalski_sendButton' is clicked on

2021-12-19 14:19:05 - [TEST_STEP][PASSED] - setText(findTestObject("Page_PSTO webMessenger - Zalogowano/input_Leszek Kowalski_messageInput"), "e"): Text 'e' is set on object 'Object Repository/Page_PSTO webMessenger - Zalogowano/input_Leszek Kowalski_messageInput'

2021-12-19 14:19:06 - [MESSAGE][PASSED] - Text 'e' is set on object 'Object Repository/Page_PSTO webMessenger - Zalogowano/input_Leszek Kowalski_messageInput'

2021-12-19 14:19:06 - [TEST_STEP][PASSED] - click(findTestObject("Page_PSTO webMessenger - Zalogowano/img_Leszek Kowalski_sendButton")): Object: 'Object Repository/Page_PSTO webMessenger - Zalogowano/img_Leszek Kowalski_sendButton' is clicked on

2021-12-19 14:19:07 - [MESSAGE][PASSED] - Object: 'Object Repository/Page_PSTO webMessenger - Zalogowano/img_Leszek Kowalski_sendButton' is clicked on

2021-12-19 14:19:07 - [TEST_STEP][PASSED] - setText(findTestObject("Page_PSTO webMessenger - Zalogowano/input_Leszek Kowalski_messageInput"), "e"): Text 'e' is set on object 'Object Repository/Page_PSTO webMessenger - Zalogowano/input_Leszek Kowalski_messageInput'

2021-12-19 14:19:08 - [MESSAGE][PASSED] - Text 'e' is set on object 'Object Repository/Page_PSTO webMessenger - Zalogowano/input_Leszek Kowalski_messageInput'

2021-12-19 14:19:08 - [TEST_STEP][PASSED] - click(findTestObject("Page_PSTO webMessenger - Zalogowano/img_Leszek Kowalski_sendButton")): Object: 'Object Repository/Page_PSTO webMessenger - Zalogowano/img_Leszek Kowalski_sendButton' is clicked on

2021-12-19 14:19:09 - [MESSAGE][PASSED] - Object: 'Object Repository/Page_PSTO webMessenger - Zalogowano/img_Leszek Kowalski_sendButton' is clicked on

2021-12-19 14:19:09 - [TEST_STEP][PASSED] - setText(findTestObject("Page_PSTO webMessenger - Zalogowano/input_Leszek Kowalski_messageInput"), "e"): Text 'e' is set on object 'Object Repository/Page_PSTO webMessenger - Zalogowano/input_Leszek Kowalski_messageInput'

2021-12-19 14:19:10 - [MESSAGE][PASSED] - Text 'e' is set on object 'Object Repository/Page_PSTO webMessenger - Zalogowano/input_Leszek Kowalski_messageInput'

2021-12-19 14:19:10 - [TEST_STEP][PASSED] - click(findTestObject("Page_PSTO webMessenger - Zalogowano/img_Leszek Kowalski_sendButton")): Object: 'Object Repository/Page_PSTO webMessenger - Zalogowano/img_Leszek Kowalski_sendButton' is clicked on

2021-12-19 14:19:10 - [MESSAGE][PASSED] - Object: 'Object Repository/Page_PSTO webMessenger - Zalogowano/img_Leszek Kowalski_sendButton' is clicked on

2021-12-19 14:19:10 - [TEST_STEP][PASSED] - setText(findTestObject("Page_PSTO webMessenger - Zalogowano/input_Leszek Kowalski_messageInput"), "e"): Text 'e' is set on object 'Object Repository/Page_PSTO webMessenger - Zalogowano/input_Leszek Kowalski_messageInput'

2021-12-19 14:19:11 - [MESSAGE][PASSED] - Text 'e' is set on object 'Object Repository/Page_PSTO webMessenger - Zalogowano/input_Leszek Kowalski_messageInput'

2021-12-19 14:19:11 - [TEST_STEP][PASSED] - click(findTestObject("Page_PSTO webMessenger - Zalogowano/img_Leszek Kowalski_sendButton")): Object: 'Object Repository/Page_PSTO webMessenger - Zalogowano/img_Leszek Kowalski_sendButton' is clicked on

2021-12-19 14:19:12 - [MESSAGE][PASSED] - Object: 'Object Repository/Page_PSTO webMessenger - Zalogowano/img_Leszek Kowalski_sendButton' is clicked on

2021-12-19 14:19:12 - [TEST_STEP][PASSED] - setText(findTestObject("Page_PSTO webMessenger - Zalogowano/input_Leszek Kowalski_messageInput"), "e"): Text 'e' is set on object 'Object Repository/Page_PSTO webMessenger - Zalogowano/input_Leszek Kowalski_messageInput'

2021-12-19 14:19:12 - [MESSAGE][PASSED] - Text 'e' is set on object 'Object Repository/Page_PSTO webMessenger - Zalogowano/input_Leszek Kowalski_messageInput'

2021-12-19 14:19:12 - [TEST_STEP][PASSED] - click(findTestObject("Page_PSTO webMessenger - Zalogowano/img_Leszek Kowalski_sendButton")): Object: 'Object Repository/Page_PSTO webMessenger - Zalogowano/img_Leszek Kowalski_sendButton' is clicked on

2021-12-19 14:19:13 - [MESSAGE][PASSED] - Object: 'Object Repository/Page_PSTO webMessenger - Zalogowano/img_Leszek Kowalski_sendButton' is clicked on

2021-12-19 14:19:13 - [TEST_STEP][PASSED] - setText(findTestObject("Page_PSTO webMessenger - Zalogowano/input_Leszek Kowalski_messageInput"), "e"): Text 'e' is set on object 'Object Repository/Page_PSTO webMessenger - Zalogowano/input_Leszek Kowalski_messageInput'

2021-12-19 14:19:14 - [MESSAGE][PASSED] - Text 'e' is set on object 'Object Repository/Page_PSTO webMessenger - Zalogowano/input_Leszek Kowalski_messageInput'

2021-12-19 14:19:14 - [TEST_STEP][PASSED] - click(findTestObject("Page_PSTO webMessenger - Zalogowano/img_Leszek Kowalski_sendButton")): Object: 'Object Repository/Page_PSTO webMessenger - Zalogowano/img_Leszek Kowalski_sendButton' is clicked on

2021-12-19 14:19:14 - [MESSAGE][PASSED] - Object: 'Object Repository/Page_PSTO webMessenger - Zalogowano/img_Leszek Kowalski_sendButton' is clicked on

2021-12-19 14:19:14 - [TEST_STEP][PASSED] - setText(findTestObject("Page_PSTO webMessenger - Zalogowano/input_Leszek Kowalski_messageInput"), "e"): Text 'e' is set on object 'Object Repository/Page_PSTO webMessenger - Zalogowano/input_Leszek Kowalski_messageInput'

2021-12-19 14:19:15 - [MESSAGE][PASSED] - Text 'e' is set on object 'Object Repository/Page_PSTO webMessenger - Zalogowano/input_Leszek Kowalski_messageInput'

2021-12-19 14:19:15 - [TEST_STEP][PASSED] - click(findTestObject("Page_PSTO webMessenger - Zalogowano/img_Leszek Kowalski_sendButton")): Object: 'Object Repository/Page_PSTO webMessenger - Zalogowano/img_Leszek Kowalski_sendButton' is clicked on

2021-12-19 14:19:16 - [MESSAGE][PASSED] - Object: 'Object Repository/Page_PSTO webMessenger - Zalogowano/img_Leszek Kowalski_sendButton' is clicked on

2021-12-19 14:19:16 - [TEST_STEP][PASSED] - setText(findTestObject("Page_PSTO webMessenger - Zalogowano/input_Leszek Kowalski_messageInput"), "e"): Text 'e' is set on object 'Object Repository/Page_PSTO webMessenger - Zalogowano/input_Leszek Kowalski_messageInput'

2021-12-19 14:19:16 - [MESSAGE][PASSED] - Text 'e' is set on object 'Object Repository/Page_PSTO webMessenger - Zalogowano/input_Leszek Kowalski_messageInput'

2021-12-19 14:19:16 - [TEST_STEP][PASSED] - click(findTestObject("Page_PSTO webMessenger - Zalogowano/img_Leszek Kowalski_sendButton")): Object: 'Object Repository/Page_PSTO webMessenger - Zalogowano/img_Leszek Kowalski_sendButton' is clicked on

2021-12-19 14:19:17 - [MESSAGE][PASSED] - Object: 'Object Repository/Page_PSTO webMessenger - Zalogowano/img_Leszek Kowalski_sendButton' is clicked on

2021-12-19 14:19:17 - [TEST_STEP][PASSED] - setText(findTestObject("Page_PSTO webMessenger - Zalogowano/input_Leszek Kowalski_messageInput"), "e"): Text 'e' is set on object 'Object Repository/Page_PSTO webMessenger - Zalogowano/input_Leszek Kowalski_messageInput'

2021-12-19 14:19:18 - [MESSAGE][PASSED] - Text 'e' is set on object 'Object Repository/Page_PSTO webMessenger - Zalogowano/input_Leszek Kowalski_messageInput'

2021-12-19 14:19:18 - [TEST_STEP][PASSED] - click(findTestObject("Page_PSTO webMessenger - Zalogowano/img_Leszek Kowalski_sendButton")): Object: 'Object Repository/Page_PSTO webMessenger - Zalogowano/img_Leszek Kowalski_sendButton' is clicked on

2021-12-19 14:19:19 - [MESSAGE][PASSED] - Object: 'Object Repository/Page_PSTO webMessenger - Zalogowano/img_Leszek Kowalski_sendButton' is clicked on

2021-12-19 14:19:19 - [TEST_STEP][PASSED] - setText(findTestObject("Page_PSTO webMessenger - Zalogowano/input_Leszek Kowalski_messageInput"), "e"): Text 'e' is set on object 'Object Repository/Page_PSTO webMessenger - Zalogowano/input_Leszek Kowalski_messageInput'

2021-12-19 14:19:19 - [MESSAGE][PASSED] - Text 'e' is set on object 'Object Repository/Page_PSTO webMessenger - Zalogowano/input_Leszek Kowalski_messageInput'

2021-12-19 14:19:19 - [TEST_STEP][PASSED] - click(findTestObject("Page_PSTO webMessenger - Zalogowano/img_Leszek Kowalski_sendButton")): Object: 'Object Repository/Page_PSTO webMessenger - Zalogowano/img_Leszek Kowalski_sendButton' is clicked on

2021-12-19 14:19:20 - [MESSAGE][PASSED] - Object: 'Object Repository/Page_PSTO webMessenger - Zalogowano/img_Leszek Kowalski_sendButton' is clicked on

2021-12-19 14:19:20 - [TEST_STEP][PASSED] - setText(findTestObject("Page_PSTO webMessenger - Zalogowano/input_Leszek Kowalski_messageInput"), "e"): Text 'e' is set on object 'Object Repository/Page_PSTO webMessenger - Zalogowano/input_Leszek Kowalski_messageInput'

2021-12-19 14:19:21 - [MESSAGE][PASSED] - Text 'e' is set on object 'Object Repository/Page_PSTO webMessenger - Zalogowano/input_Leszek Kowalski_messageInput'

2021-12-19 14:19:21 - [TEST_STEP][PASSED] - click(findTestObject("Page_PSTO webMessenger - Zalogowano/img_Leszek Kowalski_sendButton")): Object: 'Object Repository/Page_PSTO webMessenger - Zalogowano/img_Leszek Kowalski_sendButton' is clicked on

2021-12-19 14:19:21 - [MESSAGE][PASSED] - Object: 'Object Repository/Page_PSTO webMessenger - Zalogowano/img_Leszek Kowalski_sendButton' is clicked on

2021-12-19 14:19:21 - [TEST_STEP][PASSED] - setText(findTestObject("Page_PSTO webMessenger - Zalogowano/input_Leszek Kowalski_messageInput"), "e"): Text 'e' is set on object 'Object Repository/Page_PSTO webMessenger - Zalogowano/input_Leszek Kowalski_messageInput'

2021-12-19 14:19:22 - [MESSAGE][PASSED] - Text 'e' is set on object 'Object Repository/Page_PSTO webMessenger - Zalogowano/input_Leszek Kowalski_messageInput'

2021-12-19 14:19:22 - [TEST_STEP][PASSED] - click(findTestObject("Page_PSTO webMessenger - Zalogowano/img_Leszek Kowalski_sendButton")): Object: 'Object Repository/Page_PSTO webMessenger - Zalogowano/img_Leszek Kowalski_sendButton' is clicked on

2021-12-19 14:19:23 - [MESSAGE][PASSED] - Object: 'Object Repository/Page_PSTO webMessenger - Zalogowano/img_Leszek Kowalski_sendButton' is clicked on

2021-12-19 14:19:23 - [TEST_STEP][PASSED] - setText(findTestObject("Page_PSTO webMessenger - Zalogowano/input_Leszek Kowalski_messageInput"), "e"): Text 'e' is set on object 'Object Repository/Page_PSTO webMessenger - Zalogowano/input_Leszek Kowalski_messageInput'

2021-12-19 14:19:24 - [MESSAGE][PASSED] - Text 'e' is set on object 'Object Repository/Page_PSTO webMessenger - Zalogowano/input_Leszek Kowalski_messageInput'

2021-12-19 14:19:24 - [TEST_STEP][PASSED] - click(findTestObject("Page_PSTO webMessenger - Zalogowano/img_Leszek Kowalski_sendButton")): Object: 'Object Repository/Page_PSTO webMessenger - Zalogowano/img_Leszek Kowalski_sendButton' is clicked on

2021-12-19 14:19:24 - [MESSAGE][PASSED] - Object: 'Object Repository/Page_PSTO webMessenger - Zalogowano/img_Leszek Kowalski_sendButton' is clicked on

2021-12-19 14:19:24 - [TEST_STEP][PASSED] - setText(findTestObject("Page_PSTO webMessenger - Zalogowano/input_Leszek Kowalski_messageInput"), "e"): Text 'e' is set on object 'Object Repository/Page_PSTO webMessenger - Zalogowano/input_Leszek Kowalski_messageInput'

2021-12-19 14:19:25 - [MESSAGE][PASSED] - Text 'e' is set on object 'Object Repository/Page_PSTO webMessenger - Zalogowano/input_Leszek Kowalski_messageInput'

2021-12-19 14:19:25 - [TEST_STEP][PASSED] - click(findTestObject("Page_PSTO webMessenger - Zalogowano/img_Leszek Kowalski_sendButton")): Object: 'Object Repository/Page_PSTO webMessenger - Zalogowano/img_Leszek Kowalski_sendButton' is clicked on

2021-12-19 14:19:26 - [MESSAGE][PASSED] - Object: 'Object Repository/Page_PSTO webMessenger - Zalogowano/img_Leszek Kowalski_sendButton' is clicked on

2021-12-19 14:19:26 - [TEST_STEP][PASSED] - setText(findTestObject("Page_PSTO webMessenger - Zalogowano/input_Leszek Kowalski_messageInput"), "e"): Text 'e' is set on object 'Object Repository/Page_PSTO webMessenger - Zalogowano/input_Leszek Kowalski_messageInput'

2021-12-19 14:19:26 - [MESSAGE][PASSED] - Text 'e' is set on object 'Object Repository/Page_PSTO webMessenger - Zalogowano/input_Leszek Kowalski_messageInput'

2021-12-19 14:19:26 - [TEST_STEP][PASSED] - click(findTestObject("Page_PSTO webMessenger - Zalogowano/img_Leszek Kowalski_sendButton")): Object: 'Object Repository/Page_PSTO webMessenger - Zalogowano/img_Leszek Kowalski_sendButton' is clicked on

2021-12-19 14:19:27 - [MESSAGE][PASSED] - Object: 'Object Repository/Page_PSTO webMessenger - Zalogowano/img_Leszek Kowalski_sendButton' is clicked on

2021-12-19 14:19:27 - [TEST_STEP][PASSED] - setText(findTestObject("Page_PSTO webMessenger - Zalogowano/input_Leszek Kowalski_messageInput"), "e"): Text 'e' is set on object 'Object Repository/Page_PSTO webMessenger - Zalogowano/input_Leszek Kowalski_messageInput'

2021-12-19 14:19:28 - [MESSAGE][PASSED] - Text 'e' is set on object 'Object Repository/Page_PSTO webMessenger - Zalogowano/input_Leszek Kowalski_messageInput'

2021-12-19 14:19:28 - [TEST_STEP][PASSED] - click(findTestObject("Page_PSTO webMessenger - Zalogowano/img_Leszek Kowalski_sendButton")): Object: 'Object Repository/Page_PSTO webMessenger - Zalogowano/img_Leszek Kowalski_sendButton' is clicked on

2021-12-19 14:19:29 - [MESSAGE][PASSED] - Object: 'Object Repository/Page_PSTO webMessenger - Zalogowano/img_Leszek Kowalski_sendButton' is clicked on

2021-12-19 14:19:29 - [TEST_STEP][PASSED] - setText(findTestObject("Page_PSTO webMessenger - Zalogowano/input_Leszek Kowalski_messageInput"), "e"): Text 'e' is set on object 'Object Repository/Page_PSTO webMessenger - Zalogowano/input_Leszek Kowalski_messageInput'

2021-12-19 14:19:29 - [MESSAGE][PASSED] - Text 'e' is set on object 'Object Repository/Page_PSTO webMessenger - Zalogowano/input_Leszek Kowalski_messageInput'

2021-12-19 14:19:29 - [TEST_STEP][PASSED] - click(findTestObject("Page_PSTO webMessenger - Zalogowano/img_Leszek Kowalski_sendButton")): Object: 'Object Repository/Page_PSTO webMessenger - Zalogowano/img_Leszek Kowalski_sendButton' is clicked on

2021-12-19 14:19:30 - [MESSAGE][PASSED] - Object: 'Object Repository/Page_PSTO webMessenger - Zalogowano/img_Leszek Kowalski_sendButton' is clicked on

2021-12-19 14:19:30 - [TEST_STEP][PASSED] - setText(findTestObject("Page_PSTO webMessenger - Zalogowano/input_Leszek Kowalski_messageInput"), "e"): Text 'e' is set on object 'Object Repository/Page_PSTO webMessenger - Zalogowano/input_Leszek Kowalski_messageInput'

2021-12-19 14:19:31 - [MESSAGE][PASSED] - Text 'e' is set on object 'Object Repository/Page_PSTO webMessenger - Zalogowano/input_Leszek Kowalski_messageInput'

2021-12-19 14:19:31 - [TEST_STEP][PASSED] - click(findTestObject("Page_PSTO webMessenger - Zalogowano/img_Leszek Kowalski_sendButton")): Object: 'Object Repository/Page_PSTO webMessenger - Zalogowano/img_Leszek Kowalski_sendButton' is clicked on

2021-12-19 14:19:31 - [MESSAGE][PASSED] - Object: 'Object Repository/Page_PSTO webMessenger - Zalogowano/img_Leszek Kowalski_sendButton' is clicked on

2021-12-19 14:19:31 - [TEST_STEP][PASSED] - setText(findTestObject("Page_PSTO webMessenger - Zalogowano/input_Leszek Kowalski_messageInput"), "e"): Text 'e' is set on object 'Object Repository/Page_PSTO webMessenger - Zalogowano/input_Leszek Kowalski_messageInput'

2021-12-19 14:19:32 - [MESSAGE][PASSED] - Text 'e' is set on object 'Object Repository/Page_PSTO webMessenger - Zalogowano/input_Leszek Kowalski_messageInput'

2021-12-19 14:19:32 - [TEST_STEP][PASSED] - click(findTestObject("Page_PSTO webMessenger - Zalogowano/img_Leszek Kowalski_sendButton")): Object: 'Object Repository/Page_PSTO webMessenger - Zalogowano/img_Leszek Kowalski_sendButton' is clicked on

2021-12-19 14:19:33 - [MESSAGE][PASSED] - Object: 'Object Repository/Page_PSTO webMessenger - Zalogowano/img_Leszek Kowalski_sendButton' is clicked on

2021-12-19 14:19:33 - [TEST_STEP][PASSED] - setText(findTestObject("Page_PSTO webMessenger - Zalogowano/input_Leszek Kowalski_messageInput"), "e"): Text 'e' is set on object 'Object Repository/Page_PSTO webMessenger - Zalogowano/input_Leszek Kowalski_messageInput'

2021-12-19 14:19:34 - [MESSAGE][PASSED] - Text 'e' is set on object 'Object Repository/Page_PSTO webMessenger - Zalogowano/input_Leszek Kowalski_messageInput'

2021-12-19 14:19:34 - [TEST_STEP][PASSED] - click(findTestObject("Page_PSTO webMessenger - Zalogowano/img_Leszek Kowalski_sendButton")): Object: 'Object Repository/Page_PSTO webMessenger - Zalogowano/img_Leszek Kowalski_sendButton' is clicked on

2021-12-19 14:19:34 - [MESSAGE][PASSED] - Object: 'Object Repository/Page_PSTO webMessenger - Zalogowano/img_Leszek Kowalski_sendButton' is clicked on

2021-12-19 14:19:34 - [TEST_STEP][PASSED] - setText(findTestObject("Page_PSTO webMessenger - Zalogowano/input_Leszek Kowalski_messageInput"), "e"): Text 'e' is set on object 'Object Repository/Page_PSTO webMessenger - Zalogowano/input_Leszek Kowalski_messageInput'

2021-12-19 14:19:35 - [MESSAGE][PASSED] - Text 'e' is set on object 'Object Repository/Page_PSTO webMessenger - Zalogowano/input_Leszek Kowalski_messageInput'

2021-12-19 14:19:35 - [TEST_STEP][PASSED] - click(findTestObject("Page_PSTO webMessenger - Zalogowano/img_Leszek Kowalski_sendButton")): Object: 'Object Repository/Page_PSTO webMessenger - Zalogowano/img_Leszek Kowalski_sendButton' is clicked on

2021-12-19 14:19:36 - [MESSAGE][PASSED] - Object: 'Object Repository/Page_PSTO webMessenger - Zalogowano/img_Leszek Kowalski_sendButton' is clicked on

2021-12-19 14:19:36 - [TEST_STEP][PASSED] - setText(findTestObject("Page_PSTO webMessenger - Zalogowano/input_Leszek Kowalski_messageInput"), "e"): Text 'e' is set on object 'Object Repository/Page_PSTO webMessenger - Zalogowano/input_Leszek Kowalski_messageInput'

2021-12-19 14:19:36 - [MESSAGE][PASSED] - Text 'e' is set on object 'Object Repository/Page_PSTO webMessenger - Zalogowano/input_Leszek Kowalski_messageInput'

2021-12-19 14:19:36 - [TEST_STEP][PASSED] - click(findTestObject("Page_PSTO webMessenger - Zalogowano/img_Leszek Kowalski_sendButton")): Object: 'Object Repository/Page_PSTO webMessenger - Zalogowano/img_Leszek Kowalski_sendButton' is clicked on

2021-12-19 14:19:37 - [MESSAGE][PASSED] - Object: 'Object Repository/Page_PSTO webMessenger - Zalogowano/img_Leszek Kowalski_sendButton' is clicked on

2021-12-19 14:19:37 - [TEST_STEP][PASSED] - setText(findTestObject("Page_PSTO webMessenger - Zalogowano/input_Leszek Kowalski_messageInput"), "e"): Text 'e' is set on object 'Object Repository/Page_PSTO webMessenger - Zalogowano/input_Leszek Kowalski_messageInput'

2021-12-19 14:19:38 - [MESSAGE][PASSED] - Text 'e' is set on object 'Object Repository/Page_PSTO webMessenger - Zalogowano/input_Leszek Kowalski_messageInput'

2021-12-19 14:19:38 - [TEST_STEP][PASSED] - click(findTestObject("Page_PSTO webMessenger - Zalogowano/img_Leszek Kowalski_sendButton")): Object: 'Object Repository/Page_PSTO webMessenger - Zalogowano/img_Leszek Kowalski_sendButton' is clicked on

2021-12-19 14:19:39 - [MESSAGE][PASSED] - Object: 'Object Repository/Page_PSTO webMessenger - Zalogowano/img_Leszek Kowalski_sendButton' is clicked on

2021-12-19 14:19:39 - [TEST_STEP][PASSED] - setText(findTestObject("Page_PSTO webMessenger - Zalogowano/input_Leszek Kowalski_messageInput"), "e"): Text 'e' is set on object 'Object Repository/Page_PSTO webMessenger - Zalogowano/input_Leszek Kowalski_messageInput'

2021-12-19 14:19:39 - [MESSAGE][PASSED] - Text 'e' is set on object 'Object Repository/Page_PSTO webMessenger - Zalogowano/input_Leszek Kowalski_messageInput'

2021-12-19 14:19:39 - [TEST_STEP][PASSED] - click(findTestObject("Page_PSTO webMessenger - Zalogowano/img_Leszek Kowalski_sendButton")): Object: 'Object Repository/Page_PSTO webMessenger - Zalogowano/img_Leszek Kowalski_sendButton' is clicked on

2021-12-19 14:19:40 - [MESSAGE][PASSED] - Object: 'Object Repository/Page_PSTO webMessenger - Zalogowano/img_Leszek Kowalski_sendButton' is clicked on

2021-12-19 14:19:40 - [TEST_STEP][PASSED] - setText(findTestObject("Page_PSTO webMessenger - Zalogowano/input_Leszek Kowalski_messageInput"), "e"): Text 'e' is set on object 'Object Repository/Page_PSTO webMessenger - Zalogowano/input_Leszek Kowalski_messageInput'

2021-12-19 14:19:41 - [MESSAGE][PASSED] - Text 'e' is set on object 'Object Repository/Page_PSTO webMessenger - Zalogowano/input_Leszek Kowalski_messageInput'

2021-12-19 14:19:41 - [TEST_STEP][PASSED] - click(findTestObject("Page_PSTO webMessenger - Zalogowano/img_Leszek Kowalski_sendButton")): Object: 'Object Repository/Page_PSTO webMessenger - Zalogowano/img_Leszek Kowalski_sendButton' is clicked on

2021-12-19 14:19:41 - [MESSAGE][PASSED] - Object: 'Object Repository/Page_PSTO webMessenger - Zalogowano/img_Leszek Kowalski_sendButton' is clicked on

2021-12-19 14:19:41 - [TEST_STEP][PASSED] - setText(findTestObject("Page_PSTO webMessenger - Zalogowano/input_Leszek Kowalski_messageInput"), "e"): Text 'e' is set on object 'Object Repository/Page_PSTO webMessenger - Zalogowano/input_Leszek Kowalski_messageInput'

2021-12-19 14:19:42 - [MESSAGE][PASSED] - Text 'e' is set on object 'Object Repository/Page_PSTO webMessenger - Zalogowano/input_Leszek Kowalski_messageInput'

2021-12-19 14:19:42 - [TEST_STEP][PASSED] - click(findTestObject("Page_PSTO webMessenger - Zalogowano/img_Leszek Kowalski_sendButton")): Object: 'Object Repository/Page_PSTO webMessenger - Zalogowano/img_Leszek Kowalski_sendButton' is clicked on

2021-12-19 14:19:43 - [MESSAGE][PASSED] - Object: 'Object Repository/Page_PSTO webMessenger - Zalogowano/img_Leszek Kowalski_sendButton' is clicked on

2021-12-19 14:19:43 - [TEST_STEP][PASSED] - setText(findTestObject("Page_PSTO webMessenger - Zalogowano/input_Leszek Kowalski_messageInput"), "e"): Text 'e' is set on object 'Object Repository/Page_PSTO webMessenger - Zalogowano/input_Leszek Kowalski_messageInput'

2021-12-19 14:19:44 - [MESSAGE][PASSED] - Text 'e' is set on object 'Object Repository/Page_PSTO webMessenger - Zalogowano/input_Leszek Kowalski_messageInput'

2021-12-19 14:19:44 - [TEST_STEP][PASSED] - click(findTestObject("Page_PSTO webMessenger - Zalogowano/img_Leszek Kowalski_sendButton")): Object: 'Object Repository/Page_PSTO webMessenger - Zalogowano/img_Leszek Kowalski_sendButton' is clicked on

2021-12-19 14:19:44 - [MESSAGE][PASSED] - Object: 'Object Repository/Page_PSTO webMessenger - Zalogowano/img_Leszek Kowalski_sendButton' is clicked on

2021-12-19 14:19:44 - [TEST_STEP][PASSED] - setText(findTestObject("Page_PSTO webMessenger - Zalogowano/input_Leszek Kowalski_messageInput"), "e"): Text 'e' is set on object 'Object Repository/Page_PSTO webMessenger - Zalogowano/input_Leszek Kowalski_messageInput'

2021-12-19 14:19:45 - [MESSAGE][PASSED] - Text 'e' is set on object 'Object Repository/Page_PSTO webMessenger - Zalogowano/input_Leszek Kowalski_messageInput'

2021-12-19 14:19:45 - [TEST_STEP][PASSED] - click(findTestObject("Page_PSTO webMessenger - Zalogowano/img_Leszek Kowalski_sendButton")): Object: 'Object Repository/Page_PSTO webMessenger - Zalogowano/img_Leszek Kowalski_sendButton' is clicked on

2021-12-19 14:19:46 - [MESSAGE][PASSED] - Object: 'Object Repository/Page_PSTO webMessenger - Zalogowano/img_Leszek Kowalski_sendButton' is clicked on

2021-12-19 14:19:46 - [TEST_STEP][PASSED] - setText(findTestObject("Page_PSTO webMessenger - Zalogowano/input_Leszek Kowalski_messageInput"), "e"): Text 'e' is set on object 'Object Repository/Page_PSTO webMessenger - Zalogowano/input_Leszek Kowalski_messageInput'

2021-12-19 14:19:46 - [MESSAGE][PASSED] - Text 'e' is set on object 'Object Repository/Page_PSTO webMessenger - Zalogowano/input_Leszek Kowalski_messageInput'

2021-12-19 14:19:46 - [TEST_STEP][PASSED] - click(findTestObject("Page_PSTO webMessenger - Zalogowano/img_Leszek Kowalski_sendButton")): Object: 'Object Repository/Page_PSTO webMessenger - Zalogowano/img_Leszek Kowalski_sendButton' is clicked on

2021-12-19 14:19:47 - [MESSAGE][PASSED] - Object: 'Object Repository/Page_PSTO webMessenger - Zalogowano/img_Leszek Kowalski_sendButton' is clicked on

2021-12-19 14:19:47 - [TEST_STEP][PASSED] - setText(findTestObject("Page_PSTO webMessenger - Zalogowano/input_Leszek Kowalski_messageInput"), "e"): Text 'e' is set on object 'Object Repository/Page_PSTO webMessenger - Zalogowano/input_Leszek Kowalski_messageInput'

2021-12-19 14:19:48 - [MESSAGE][PASSED] - Text 'e' is set on object 'Object Repository/Page_PSTO webMessenger - Zalogowano/input_Leszek Kowalski_messageInput'

2021-12-19 14:19:48 - [TEST_STEP][PASSED] - click(findTestObject("Page_PSTO webMessenger - Zalogowano/img_Leszek Kowalski_sendButton")): Object: 'Object Repository/Page_PSTO webMessenger - Zalogowano/img_Leszek Kowalski_sendButton' is clicked on

2021-12-19 14:19:49 - [MESSAGE][PASSED] - Object: 'Object Repository/Page_PSTO webMessenger - Zalogowano/img_Leszek Kowalski_sendButton' is clicked on

2021-12-19 14:19:49 - [TEST_STEP][PASSED] - setText(findTestObject("Page_PSTO webMessenger - Zalogowano/input_Leszek Kowalski_messageInput"), "e"): Text 'e' is set on object 'Object Repository/Page_PSTO webMessenger - Zalogowano/input_Leszek Kowalski_messageInput'

2021-12-19 14:19:49 - [MESSAGE][PASSED] - Text 'e' is set on object 'Object Repository/Page_PSTO webMessenger - Zalogowano/input_Leszek Kowalski_messageInput'

2021-12-19 14:19:49 - [TEST_STEP][PASSED] - click(findTestObject("Page_PSTO webMessenger - Zalogowano/img_Leszek Kowalski_sendButton")): Object: 'Object Repository/Page_PSTO webMessenger - Zalogowano/img_Leszek Kowalski_sendButton' is clicked on

2021-12-19 14:19:50 - [MESSAGE][PASSED] - Object: 'Object Repository/Page_PSTO webMessenger - Zalogowano/img_Leszek Kowalski_sendButton' is clicked on

2021-12-19 14:19:50 - [TEST_STEP][PASSED] - setText(findTestObject("Page_PSTO webMessenger - Zalogowano/input_Leszek Kowalski_messageInput"), "e"): Text 'e' is set on object 'Object Repository/Page_PSTO webMessenger - Zalogowano/input_Leszek Kowalski_messageInput'

2021-12-19 14:19:51 - [MESSAGE][PASSED] - Text 'e' is set on object 'Object Repository/Page_PSTO webMessenger - Zalogowano/input_Leszek Kowalski_messageInput'

2021-12-19 14:19:51 - [TEST_STEP][PASSED] - click(findTestObject("Page_PSTO webMessenger - Zalogowano/img_Leszek Kowalski_sendButton")): Object: 'Object Repository/Page_PSTO webMessenger - Zalogowano/img_Leszek Kowalski_sendButton' is clicked on

2021-12-19 14:19:51 - [MESSAGE][PASSED] - Object: 'Object Repository/Page_PSTO webMessenger - Zalogowano/img_Leszek Kowalski_sendButton' is clicked on

2021-12-19 14:19:51 - [TEST_STEP][PASSED] - setText(findTestObject("Page_PSTO webMessenger - Zalogowano/input_Leszek Kowalski_messageInput"), "e"): Text 'e' is set on object 'Object Repository/Page_PSTO webMessenger - Zalogowano/input_Leszek Kowalski_messageInput'

2021-12-19 14:19:53 - [MESSAGE][PASSED] - Text 'e' is set on object 'Object Repository/Page_PSTO webMessenger - Zalogowano/input_Leszek Kowalski_messageInput'

2021-12-19 14:19:53 - [TEST_STEP][PASSED] - click(findTestObject("Page_PSTO webMessenger - Zalogowano/img_Leszek Kowalski_sendButton")): Object: 'Object Repository/Page_PSTO webMessenger - Zalogowano/img_Leszek Kowalski_sendButton' is clicked on

2021-12-19 14:19:53 - [MESSAGE][PASSED] - Object: 'Object Repository/Page_PSTO webMessenger - Zalogowano/img_Leszek Kowalski_sendButton' is clicked on

2021-12-19 14:19:53 - [TEST_STEP][PASSED] - setText(findTestObject("Page_PSTO webMessenger - Zalogowano/input_Leszek Kowalski_messageInput"), "e"): Text 'e' is set on object 'Object Repository/Page_PSTO webMessenger - Zalogowano/input_Leszek Kowalski_messageInput'

2021-12-19 14:19:54 - [MESSAGE][PASSED] - Text 'e' is set on object 'Object Repository/Page_PSTO webMessenger - Zalogowano/input_Leszek Kowalski_messageInput'

2021-12-19 14:19:54 - [TEST_STEP][PASSED] - click(findTestObject("Page_PSTO webMessenger - Zalogowano/img_Leszek Kowalski_sendButton")): Object: 'Object Repository/Page_PSTO webMessenger - Zalogowano/img_Leszek Kowalski_sendButton' is clicked on

2021-12-19 14:19:55 - [MESSAGE][PASSED] - Object: 'Object Repository/Page_PSTO webMessenger - Zalogowano/img_Leszek Kowalski_sendButton' is clicked on

2021-12-19 14:19:55 - [TEST_STEP][PASSED] - setText(findTestObject("Page_PSTO webMessenger - Zalogowano/input_Leszek Kowalski_messageInput"), "e"): Text 'e' is set on object 'Object Repository/Page_PSTO webMessenger - Zalogowano/input_Leszek Kowalski_messageInput'

2021-12-19 14:19:56 - [MESSAGE][PASSED] - Text 'e' is set on object 'Object Repository/Page_PSTO webMessenger - Zalogowano/input_Leszek Kowalski_messageInput'

2021-12-19 14:19:56 - [TEST_STEP][PASSED] - click(findTestObject("Page_PSTO webMessenger - Zalogowano/img_Leszek Kowalski_sendButton")): Object: 'Object Repository/Page_PSTO webMessenger - Zalogowano/img_Leszek Kowalski_sendButton' is clicked on

2021-12-19 14:19:56 - [MESSAGE][PASSED] - Object: 'Object Repository/Page_PSTO webMessenger - Zalogowano/img_Leszek Kowalski_sendButton' is clicked on

2021-12-19 14:19:56 - [TEST_STEP][PASSED] - setText(findTestObject("Page_PSTO webMessenger - Zalogowano/input_Leszek Kowalski_messageInput"), "e"): Text 'e' is set on object 'Object Repository/Page_PSTO webMessenger - Zalogowano/input_Leszek Kowalski_messageInput'

2021-12-19 14:19:57 - [MESSAGE][PASSED] - Text 'e' is set on object 'Object Repository/Page_PSTO webMessenger - Zalogowano/input_Leszek Kowalski_messageInput'

2021-12-19 14:19:57 - [TEST_STEP][PASSED] - click(findTestObject("Page_PSTO webMessenger - Zalogowano/img_Leszek Kowalski_sendButton")): Object: 'Object Repository/Page_PSTO webMessenger - Zalogowano/img_Leszek Kowalski_sendButton' is clicked on

2021-12-19 14:19:58 - [MESSAGE][PASSED] - Object: 'Object Repository/Page_PSTO webMessenger - Zalogowano/img_Leszek Kowalski_sendButton' is clicked on

2021-12-19 14:19:58 - [TEST_STEP][PASSED] - setText(findTestObject("Page_PSTO webMessenger - Zalogowano/input_Leszek Kowalski_messageInput"), "e"): Text 'e' is set on object 'Object Repository/Page_PSTO webMessenger - Zalogowano/input_Leszek Kowalski_messageInput'

2021-12-19 14:19:58 - [MESSAGE][PASSED] - Text 'e' is set on object 'Object Repository/Page_PSTO webMessenger - Zalogowano/input_Leszek Kowalski_messageInput'

2021-12-19 14:19:58 - [TEST_STEP][PASSED] - click(findTestObject("Page_PSTO webMessenger - Zalogowano/img_Leszek Kowalski_sendButton")): Object: 'Object Repository/Page_PSTO webMessenger - Zalogowano/img_Leszek Kowalski_sendButton' is clicked on

2021-12-19 14:19:59 - [MESSAGE][PASSED] - Object: 'Object Repository/Page_PSTO webMessenger - Zalogowano/img_Leszek Kowalski_sendButton' is clicked on

2021-12-19 14:19:59 - [TEST_STEP][PASSED] - setText(findTestObject("Page_PSTO webMessenger - Zalogowano/input_Leszek Kowalski_messageInput"), "e"): Text 'e' is set on object 'Object Repository/Page_PSTO webMessenger - Zalogowano/input_Leszek Kowalski_messageInput'

2021-12-19 14:20:00 - [MESSAGE][PASSED] - Text 'e' is set on object 'Object Repository/Page_PSTO webMessenger - Zalogowano/input_Leszek Kowalski_messageInput'

2021-12-19 14:20:00 - [TEST_STEP][PASSED] - click(findTestObject("Page_PSTO webMessenger - Zalogowano/img_Leszek Kowalski_sendButton")): Object: 'Object Repository/Page_PSTO webMessenger - Zalogowano/img_Leszek Kowalski_sendButton' is clicked on

2021-12-19 14:20:00 - [MESSAGE][PASSED] - Object: 'Object Repository/Page_PSTO webMessenger - Zalogowano/img_Leszek Kowalski_sendButton' is clicked on

2021-12-19 14:20:00 - [TEST_STEP][PASSED] - setText(findTestObject("Page_PSTO webMessenger - Zalogowano/input_Leszek Kowalski_messageInput"), "e"): Text 'e' is set on object 'Object Repository/Page_PSTO webMessenger - Zalogowano/input_Leszek Kowalski_messageInput'

2021-12-19 14:20:01 - [MESSAGE][PASSED] - Text 'e' is set on object 'Object Repository/Page_PSTO webMessenger - Zalogowano/input_Leszek Kowalski_messageInput'

2021-12-19 14:20:01 - [TEST_STEP][PASSED] - click(findTestObject("Page_PSTO webMessenger - Zalogowano/img_Leszek Kowalski_sendButton")): Object: 'Object Repository/Page_PSTO webMessenger - Zalogowano/img_Leszek Kowalski_sendButton' is clicked on

2021-12-19 14:20:02 - [MESSAGE][PASSED] - Object: 'Object Repository/Page_PSTO webMessenger - Zalogowano/img_Leszek Kowalski_sendButton' is clicked on

2021-12-19 14:20:02 - [TEST_STEP][PASSED] - setText(findTestObject("Page_PSTO webMessenger - Zalogowano/input_Leszek Kowalski_messageInput"), "e"): Text 'e' is set on object 'Object Repository/Page_PSTO webMessenger - Zalogowano/input_Leszek Kowalski_messageInput'

2021-12-19 14:20:03 - [MESSAGE][PASSED] - Text 'e' is set on object 'Object Repository/Page_PSTO webMessenger - Zalogowano/input_Leszek Kowalski_messageInput'

2021-12-19 14:20:03 - [TEST_STEP][PASSED] - click(findTestObject("Page_PSTO webMessenger - Zalogowano/img_Leszek Kowalski_sendButton")): Object: 'Object Repository/Page_PSTO webMessenger - Zalogowano/img_Leszek Kowalski_sendButton' is clicked on

2021-12-19 14:20:03 - [MESSAGE][PASSED] - Object: 'Object Repository/Page_PSTO webMessenger - Zalogowano/img_Leszek Kowalski_sendButton' is clicked on

2021-12-19 14:20:03 - [TEST_STEP][PASSED] - setText(findTestObject("Page_PSTO webMessenger - Zalogowano/input_Leszek Kowalski_messageInput"), "e"): Text 'e' is set on object 'Object Repository/Page_PSTO webMessenger - Zalogowano/input_Leszek Kowalski_messageInput'

2021-12-19 14:20:04 - [MESSAGE][PASSED] - Text 'e' is set on object 'Object Repository/Page_PSTO webMessenger - Zalogowano/input_Leszek Kowalski_messageInput'

2021-12-19 14:20:04 - [TEST_STEP][PASSED] - click(findTestObject("Page_PSTO webMessenger - Zalogowano/img_Leszek Kowalski_sendButton")): Object: 'Object Repository/Page_PSTO webMessenger - Zalogowano/img_Leszek Kowalski_sendButton' is clicked on

2021-12-19 14:20:04 - [MESSAGE][PASSED] - Object: 'Object Repository/Page_PSTO webMessenger - Zalogowano/img_Leszek Kowalski_sendButton' is clicked on

2021-12-19 14:20:04 - [TEST_STEP][PASSED] - setText(findTestObject("Page_PSTO webMessenger - Zalogowano/input_Leszek Kowalski_messageInput"), "e"): Text 'e' is set on object 'Object Repository/Page_PSTO webMessenger - Zalogowano/input_Leszek Kowalski_messageInput'

2021-12-19 14:20:05 - [MESSAGE][PASSED] - Text 'e' is set on object 'Object Repository/Page_PSTO webMessenger - Zalogowano/input_Leszek Kowalski_messageInput'

2021-12-19 14:20:05 - [TEST_STEP][PASSED] - click(findTestObject("Page_PSTO webMessenger - Zalogowano/img_Leszek Kowalski_sendButton")): Object: 'Object Repository/Page_PSTO webMessenger - Zalogowano/img_Leszek Kowalski_sendButton' is clicked on

2021-12-19 14:20:06 - [MESSAGE][PASSED] - Object: 'Object Repository/Page_PSTO webMessenger - Zalogowano/img_Leszek Kowalski_sendButton' is clicked on

2021-12-19 14:20:06 - [TEST_STEP][PASSED] - setText(findTestObject("Page_PSTO webMessenger - Zalogowano/input_Leszek Kowalski_messageInput"), "e"): Text 'e' is set on object 'Object Repository/Page_PSTO webMessenger - Zalogowano/input_Leszek Kowalski_messageInput'

2021-12-19 14:20:06 - [MESSAGE][PASSED] - Text 'e' is set on object 'Object Repository/Page_PSTO webMessenger - Zalogowano/input_Leszek Kowalski_messageInput'

2021-12-19 14:20:06 - [TEST_STEP][PASSED] - click(findTestObject("Page_PSTO webMessenger - Zalogowano/img_Leszek Kowalski_sendButton")): Object: 'Object Repository/Page_PSTO webMessenger - Zalogowano/img_Leszek Kowalski_sendButton' is clicked on

2021-12-19 14:20:07 - [MESSAGE][PASSED] - Object: 'Object Repository/Page_PSTO webMessenger - Zalogowano/img_Leszek Kowalski_sendButton' is clicked on

2021-12-19 14:20:07 - [TEST_STEP][PASSED] - setText(findTestObject("Page_PSTO webMessenger - Zalogowano/input_Leszek Kowalski_messageInput"), "e"): Text 'e' is set on object 'Object Repository/Page_PSTO webMessenger - Zalogowano/input_Leszek Kowalski_messageInput'

2021-12-19 14:20:08 - [MESSAGE][PASSED] - Text 'e' is set on object 'Object Repository/Page_PSTO webMessenger - Zalogowano/input_Leszek Kowalski_messageInput'

2021-12-19 14:20:08 - [TEST_STEP][PASSED] - click(findTestObject("Page_PSTO webMessenger - Zalogowano/img_Leszek Kowalski_sendButton")): Object: 'Object Repository/Page_PSTO webMessenger - Zalogowano/img_Leszek Kowalski_sendButton' is clicked on

2021-12-19 14:20:09 - [MESSAGE][PASSED] - Object: 'Object Repository/Page_PSTO webMessenger - Zalogowano/img_Leszek Kowalski_sendButton' is clicked on

2021-12-19 14:20:09 - [TEST_STEP][PASSED] - setText(findTestObject("Page_PSTO webMessenger - Zalogowano/input_Leszek Kowalski_messageInput"), "e"): Text 'e' is set on object 'Object Repository/Page_PSTO webMessenger - Zalogowano/input_Leszek Kowalski_messageInput'

2021-12-19 14:20:09 - [MESSAGE][PASSED] - Text 'e' is set on object 'Object Repository/Page_PSTO webMessenger - Zalogowano/input_Leszek Kowalski_messageInput'

2021-12-19 14:20:09 - [TEST_STEP][PASSED] - click(findTestObject("Page_PSTO webMessenger - Zalogowano/img_Leszek Kowalski_sendButton")): Object: 'Object Repository/Page_PSTO webMessenger - Zalogowano/img_Leszek Kowalski_sendButton' is clicked on

2021-12-19 14:20:10 - [MESSAGE][PASSED] - Object: 'Object Repository/Page_PSTO webMessenger - Zalogowano/img_Leszek Kowalski_sendButton' is clicked on

2021-12-19 14:20:10 - [TEST_STEP][PASSED] - setText(findTestObject("Page_PSTO webMessenger - Zalogowano/input_Leszek Kowalski_messageInput"), "e"): Text 'e' is set on object 'Object Repository/Page_PSTO webMessenger - Zalogowano/input_Leszek Kowalski_messageInput'

2021-12-19 14:20:11 - [MESSAGE][PASSED] - Text 'e' is set on object 'Object Repository/Page_PSTO webMessenger - Zalogowano/input_Leszek Kowalski_messageInput'

2021-12-19 14:20:11 - [TEST_STEP][PASSED] - click(findTestObject("Page_PSTO webMessenger - Zalogowano/img_Leszek Kowalski_sendButton")): Object: 'Object Repository/Page_PSTO webMessenger - Zalogowano/img_Leszek Kowalski_sendButton' is clicked on

2021-12-19 14:20:11 - [MESSAGE][PASSED] - Object: 'Object Repository/Page_PSTO webMessenger - Zalogowano/img_Leszek Kowalski_sendButton' is clicked on

2021-12-19 14:20:11 - [TEST_STEP][PASSED] - setText(findTestObject("Page_PSTO webMessenger - Zalogowano/input_Leszek Kowalski_messageInput"), "e"): Text 'e' is set on object 'Object Repository/Page_PSTO webMessenger - Zalogowano/input_Leszek Kowalski_messageInput'

2021-12-19 14:20:12 - [MESSAGE][PASSED] - Text 'e' is set on object 'Object Repository/Page_PSTO webMessenger - Zalogowano/input_Leszek Kowalski_messageInput'

2021-12-19 14:20:12 - [TEST_STEP][PASSED] - click(findTestObject("Page_PSTO webMessenger - Zalogowano/img_Leszek Kowalski_sendButton")): Object: 'Object Repository/Page_PSTO webMessenger - Zalogowano/img_Leszek Kowalski_sendButton' is clicked on

2021-12-19 14:20:13 - [MESSAGE][PASSED] - Object: 'Object Repository/Page_PSTO webMessenger - Zalogowano/img_Leszek Kowalski_sendButton' is clicked on

2021-12-19 14:20:13 - [TEST_STEP][PASSED] - setText(findTestObject("Page_PSTO webMessenger - Zalogowano/input_Leszek Kowalski_messageInput"), "e"): Text 'e' is set on object 'Object Repository/Page_PSTO webMessenger - Zalogowano/input_Leszek Kowalski_messageInput'

2021-12-19 14:20:14 - [MESSAGE][PASSED] - Text 'e' is set on object 'Object Repository/Page_PSTO webMessenger - Zalogowano/input_Leszek Kowalski_messageInput'

2021-12-19 14:20:14 - [TEST_STEP][PASSED] - click(findTestObject("Page_PSTO webMessenger - Zalogowano/img_Leszek Kowalski_sendButton")): Object: 'Object Repository/Page_PSTO webMessenger - Zalogowano/img_Leszek Kowalski_sendButton' is clicked on

2021-12-19 14:20:14 - [MESSAGE][PASSED] - Object: 'Object Repository/Page_PSTO webMessenger - Zalogowano/img_Leszek Kowalski_sendButton' is clicked on

2021-12-19 14:20:14 - [TEST_STEP][PASSED] - setText(findTestObject("Page_PSTO webMessenger - Zalogowano/input_Leszek Kowalski_messageInput"), "e"): Text 'e' is set on object 'Object Repository/Page_PSTO webMessenger - Zalogowano/input_Leszek Kowalski_messageInput'

2021-12-19 14:20:15 - [MESSAGE][PASSED] - Text 'e' is set on object 'Object Repository/Page_PSTO webMessenger - Zalogowano/input_Leszek Kowalski_messageInput'

2021-12-19 14:20:15 - [TEST_STEP][PASSED] - click(findTestObject("Page_PSTO webMessenger - Zalogowano/img_Leszek Kowalski_sendButton")): Object: 'Object Repository/Page_PSTO webMessenger - Zalogowano/img_Leszek Kowalski_sendButton' is clicked on

2021-12-19 14:20:16 - [MESSAGE][PASSED] - Object: 'Object Repository/Page_PSTO webMessenger - Zalogowano/img_Leszek Kowalski_sendButton' is clicked on

2021-12-19 14:20:16 - [TEST_STEP][PASSED] - setText(findTestObject("Page_PSTO webMessenger - Zalogowano/input_Leszek Kowalski_messageInput"), "e"): Text 'e' is set on object 'Object Repository/Page_PSTO webMessenger - Zalogowano/input_Leszek Kowalski_messageInput'

2021-12-19 14:20:16 - [MESSAGE][PASSED] - Text 'e' is set on object 'Object Repository/Page_PSTO webMessenger - Zalogowano/input_Leszek Kowalski_messageInput'

2021-12-19 14:20:16 - [TEST_STEP][PASSED] - click(findTestObject("Page_PSTO webMessenger - Zalogowano/img_Leszek Kowalski_sendButton")): Object: 'Object Repository/Page_PSTO webMessenger - Zalogowano/img_Leszek Kowalski_sendButton' is clicked on

2021-12-19 14:20:17 - [MESSAGE][PASSED] - Object: 'Object Repository/Page_PSTO webMessenger - Zalogowano/img_Leszek Kowalski_sendButton' is clicked on

2021-12-19 14:20:17 - [TEST_STEP][PASSED] - setText(findTestObject("Page_PSTO webMessenger - Zalogowano/input_Leszek Kowalski_messageInput"), "e"): Text 'e' is set on object 'Object Repository/Page_PSTO webMessenger - Zalogowano/input_Leszek Kowalski_messageInput'

2021-12-19 14:20:18 - [MESSAGE][PASSED] - Text 'e' is set on object 'Object Repository/Page_PSTO webMessenger - Zalogowano/input_Leszek Kowalski_messageInput'

2021-12-19 14:20:18 - [TEST_STEP][PASSED] - click(findTestObject("Page_PSTO webMessenger - Zalogowano/img_Leszek Kowalski_sendButton")): Object: 'Object Repository/Page_PSTO webMessenger - Zalogowano/img_Leszek Kowalski_sendButton' is clicked on

2021-12-19 14:20:19 - [MESSAGE][PASSED] - Object: 'Object Repository/Page_PSTO webMessenger - Zalogowano/img_Leszek Kowalski_sendButton' is clicked on

2021-12-19 14:20:19 - [TEST_STEP][PASSED] - setText(findTestObject("Page_PSTO webMessenger - Zalogowano/input_Leszek Kowalski_messageInput"), "e"): Text 'e' is set on object 'Object Repository/Page_PSTO webMessenger - Zalogowano/input_Leszek Kowalski_messageInput'

2021-12-19 14:20:19 - [MESSAGE][PASSED] - Text 'e' is set on object 'Object Repository/Page_PSTO webMessenger - Zalogowano/input_Leszek Kowalski_messageInput'

2021-12-19 14:20:19 - [TEST_STEP][PASSED] - click(findTestObject("Page_PSTO webMessenger - Zalogowano/img_Leszek Kowalski_sendButton")): Object: 'Object Repository/Page_PSTO webMessenger - Zalogowano/img_Leszek Kowalski_sendButton' is clicked on

2021-12-19 14:20:20 - [MESSAGE][PASSED] - Object: 'Object Repository/Page_PSTO webMessenger - Zalogowano/img_Leszek Kowalski_sendButton' is clicked on

2021-12-19 14:20:20 - [TEST_STEP][PASSED] - setText(findTestObject("Page_PSTO webMessenger - Zalogowano/input_Leszek Kowalski_messageInput"), "e"): Text 'e' is set on object 'Object Repository/Page_PSTO webMessenger - Zalogowano/input_Leszek Kowalski_messageInput'

2021-12-19 14:20:21 - [MESSAGE][PASSED] - Text 'e' is set on object 'Object Repository/Page_PSTO webMessenger - Zalogowano/input_Leszek Kowalski_messageInput'

2021-12-19 14:20:21 - [TEST_STEP][PASSED] - click(findTestObject("Page_PSTO webMessenger - Zalogowano/img_Leszek Kowalski_sendButton")): Object: 'Object Repository/Page_PSTO webMessenger - Zalogowano/img_Leszek Kowalski_sendButton' is clicked on

2021-12-19 14:20:21 - [MESSAGE][PASSED] - Object: 'Object Repository/Page_PSTO webMessenger - Zalogowano/img_Leszek Kowalski_sendButton' is clicked on

2021-12-19 14:20:21 - [TEST_STEP][PASSED] - setText(findTestObject("Page_PSTO webMessenger - Zalogowano/input_Leszek Kowalski_messageInput"), "e"): Text 'e' is set on object 'Object Repository/Page_PSTO webMessenger - Zalogowano/input_Leszek Kowalski_messageInput'

2021-12-19 14:20:22 - [MESSAGE][PASSED] - Text 'e' is set on object 'Object Repository/Page_PSTO webMessenger - Zalogowano/input_Leszek Kowalski_messageInput'

2021-12-19 14:20:22 - [TEST_STEP][PASSED] - click(findTestObject("Page_PSTO webMessenger - Zalogowano/img_Leszek Kowalski_sendButton")): Object: 'Object Repository/Page_PSTO webMessenger - Zalogowano/img_Leszek Kowalski_sendButton' is clicked on

2021-12-19 14:20:23 - [MESSAGE][PASSED] - Object: 'Object Repository/Page_PSTO webMessenger - Zalogowano/img_Leszek Kowalski_sendButton' is clicked on

2021-12-19 14:20:23 - [TEST_STEP][PASSED] - setText(findTestObject("Page_PSTO webMessenger - Zalogowano/input_Leszek Kowalski_messageInput"), "e"): Text 'e' is set on object 'Object Repository/Page_PSTO webMessenger - Zalogowano/input_Leszek Kowalski_messageInput'

2021-12-19 14:20:24 - [MESSAGE][PASSED] - Text 'e' is set on object 'Object Repository/Page_PSTO webMessenger - Zalogowano/input_Leszek Kowalski_messageInput'

2021-12-19 14:20:24 - [TEST_STEP][PASSED] - click(findTestObject("Page_PSTO webMessenger - Zalogowano/img_Leszek Kowalski_sendButton")): Object: 'Object Repository/Page_PSTO webMessenger - Zalogowano/img_Leszek Kowalski_sendButton' is clicked on

2021-12-19 14:20:24 - [MESSAGE][PASSED] - Object: 'Object Repository/Page_PSTO webMessenger - Zalogowano/img_Leszek Kowalski_sendButton' is clicked on

2021-12-19 14:20:24 - [TEST_STEP][PASSED] - setText(findTestObject("Page_PSTO webMessenger - Zalogowano/input_Leszek Kowalski_messageInput"), "e"): Text 'e' is set on object 'Object Repository/Page_PSTO webMessenger - Zalogowano/input_Leszek Kowalski_messageInput'

2021-12-19 14:20:25 - [MESSAGE][PASSED] - Text 'e' is set on object 'Object Repository/Page_PSTO webMessenger - Zalogowano/input_Leszek Kowalski_messageInput'

2021-12-19 14:20:25 - [TEST_STEP][PASSED] - click(findTestObject("Page_PSTO webMessenger - Zalogowano/img_Leszek Kowalski_sendButton")): Object: 'Object Repository/Page_PSTO webMessenger - Zalogowano/img_Leszek Kowalski_sendButton' is clicked on

2021-12-19 14:20:26 - [MESSAGE][PASSED] - Object: 'Object Repository/Page_PSTO webMessenger - Zalogowano/img_Leszek Kowalski_sendButton' is clicked on

2021-12-19 14:20:26 - [TEST_STEP][PASSED] - setText(findTestObject("Page_PSTO webMessenger - Zalogowano/input_Leszek Kowalski_messageInput"), "e"): Text 'e' is set on object 'Object Repository/Page_PSTO webMessenger - Zalogowano/input_Leszek Kowalski_messageInput'

2021-12-19 14:20:26 - [MESSAGE][PASSED] - Text 'e' is set on object 'Object Repository/Page_PSTO webMessenger - Zalogowano/input_Leszek Kowalski_messageInput'

2021-12-19 14:20:26 - [TEST_STEP][PASSED] - click(findTestObject("Page_PSTO webMessenger - Zalogowano/img_Leszek Kowalski_sendButton")): Object: 'Object Repository/Page_PSTO webMessenger - Zalogowano/img_Leszek Kowalski_sendButton' is clicked on

2021-12-19 14:20:27 - [MESSAGE][PASSED] - Object: 'Object Repository/Page_PSTO webMessenger - Zalogowano/img_Leszek Kowalski_sendButton' is clicked on

2021-12-19 14:20:27 - [TEST_STEP][PASSED] - setText(findTestObject("Page_PSTO webMessenger - Zalogowano/input_Leszek Kowalski_messageInput"), "e"): Text 'e' is set on object 'Object Repository/Page_PSTO webMessenger - Zalogowano/input_Leszek Kowalski_messageInput'

2021-12-19 14:20:28 - [MESSAGE][PASSED] - Text 'e' is set on object 'Object Repository/Page_PSTO webMessenger - Zalogowano/input_Leszek Kowalski_messageInput'

2021-12-19 14:20:28 - [TEST_STEP][PASSED] - click(findTestObject("Page_PSTO webMessenger - Zalogowano/img_Leszek Kowalski_sendButton")): Object: 'Object Repository/Page_PSTO webMessenger - Zalogowano/img_Leszek Kowalski_sendButton' is clicked on

2021-12-19 14:20:29 - [MESSAGE][PASSED] - Object: 'Object Repository/Page_PSTO webMessenger - Zalogowano/img_Leszek Kowalski_sendButton' is clicked on

2021-12-19 14:20:29 - [TEST_STEP][PASSED] - setText(findTestObject("Page_PSTO webMessenger - Zalogowano/input_Leszek Kowalski_messageInput"), "e"): Text 'e' is set on object 'Object Repository/Page_PSTO webMessenger - Zalogowano/input_Leszek Kowalski_messageInput'

2021-12-19 14:20:29 - [MESSAGE][PASSED] - Text 'e' is set on object 'Object Repository/Page_PSTO webMessenger - Zalogowano/input_Leszek Kowalski_messageInput'

2021-12-19 14:20:29 - [TEST_STEP][PASSED] - click(findTestObject("Page_PSTO webMessenger - Zalogowano/img_Leszek Kowalski_sendButton")): Object: 'Object Repository/Page_PSTO webMessenger - Zalogowano/img_Leszek Kowalski_sendButton' is clicked on

2021-12-19 14:20:30 - [MESSAGE][PASSED] - Object: 'Object Repository/Page_PSTO webMessenger - Zalogowano/img_Leszek Kowalski_sendButton' is clicked on

2021-12-19 14:20:30 - [TEST_STEP][PASSED] - setText(findTestObject("Page_PSTO webMessenger - Zalogowano/input_Leszek Kowalski_messageInput"), "e"): Text 'e' is set on object 'Object Repository/Page_PSTO webMessenger - Zalogowano/input_Leszek Kowalski_messageInput'

2021-12-19 14:20:31 - [MESSAGE][PASSED] - Text 'e' is set on object 'Object Repository/Page_PSTO webMessenger - Zalogowano/input_Leszek Kowalski_messageInput'

2021-12-19 14:20:31 - [TEST_STEP][PASSED] - click(findTestObject("Page_PSTO webMessenger - Zalogowano/img_Leszek Kowalski_sendButton")): Object: 'Object Repository/Page_PSTO webMessenger - Zalogowano/img_Leszek Kowalski_sendButton' is clicked on

2021-12-19 14:20:31 - [MESSAGE][PASSED] - Object: 'Object Repository/Page_PSTO webMessenger - Zalogowano/img_Leszek Kowalski_sendButton' is clicked on

2021-12-19 14:20:31 - [TEST_STEP][PASSED] - setText(findTestObject("Page_PSTO webMessenger - Zalogowano/input_Leszek Kowalski_messageInput"), "e"): Text 'e' is set on object 'Object Repository/Page_PSTO webMessenger - Zalogowano/input_Leszek Kowalski_messageInput'

2021-12-19 14:20:33 - [MESSAGE][PASSED] - Text 'e' is set on object 'Object Repository/Page_PSTO webMessenger - Zalogowano/input_Leszek Kowalski_messageInput'

2021-12-19 14:20:33 - [TEST_STEP][PASSED] - click(findTestObject("Page_PSTO webMessenger - Zalogowano/img_Leszek Kowalski_sendButton")): Object: 'Object Repository/Page_PSTO webMessenger - Zalogowano/img_Leszek Kowalski_sendButton' is clicked on

2021-12-19 14:20:34 - [MESSAGE][PASSED] - Object: 'Object Repository/Page_PSTO webMessenger - Zalogowano/img_Leszek Kowalski_sendButton' is clicked on

2021-12-19 14:20:34 - [TEST_STEP][PASSED] - setText(findTestObject("Page_PSTO webMessenger - Zalogowano/input_Leszek Kowalski_messageInput"), "e"): Text 'e' is set on object 'Object Repository/Page_PSTO webMessenger - Zalogowano/input_Leszek Kowalski_messageInput'

2021-12-19 14:20:34 - [MESSAGE][PASSED] - Text 'e' is set on object 'Object Repository/Page_PSTO webMessenger - Zalogowano/input_Leszek Kowalski_messageInput'

2021-12-19 14:20:34 - [TEST_STEP][PASSED] - click(findTestObject("Page_PSTO webMessenger - Zalogowano/img_Leszek Kowalski_sendButton")): Object: 'Object Repository/Page_PSTO webMessenger - Zalogowano/img_Leszek Kowalski_sendButton' is clicked on

2021-12-19 14:20:35 - [MESSAGE][PASSED] - Object: 'Object Repository/Page_PSTO webMessenger - Zalogowano/img_Leszek Kowalski_sendButton' is clicked on

2021-12-19 14:20:35 - [TEST_STEP][PASSED] - setText(findTestObject("Page_PSTO webMessenger - Zalogowano/input_Leszek Kowalski_messageInput"), "e"): Text 'e' is set on object 'Object Repository/Page_PSTO webMessenger - Zalogowano/input_Leszek Kowalski_messageInput'

2021-12-19 14:20:36 - [MESSAGE][PASSED] - Text 'e' is set on object 'Object Repository/Page_PSTO webMessenger - Zalogowano/input_Leszek Kowalski_messageInput'

2021-12-19 14:20:36 - [TEST_STEP][PASSED] - click(findTestObject("Page_PSTO webMessenger - Zalogowano/img_Leszek Kowalski_sendButton")): Object: 'Object Repository/Page_PSTO webMessenger - Zalogowano/img_Leszek Kowalski_sendButton' is clicked on

2021-12-19 14:20:36 - [MESSAGE][PASSED] - Object: 'Object Repository/Page_PSTO webMessenger - Zalogowano/img_Leszek Kowalski_sendButton' is clicked on

2021-12-19 14:20:36 - [TEST_STEP][PASSED] - setText(findTestObject("Page_PSTO webMessenger - Zalogowano/input_Leszek Kowalski_messageInput"), "e"): Text 'e' is set on object 'Object Repository/Page_PSTO webMessenger - Zalogowano/input_Leszek Kowalski_messageInput'

2021-12-19 14:20:37 - [MESSAGE][PASSED] - Text 'e' is set on object 'Object Repository/Page_PSTO webMessenger - Zalogowano/input_Leszek Kowalski_messageInput'

2021-12-19 14:20:37 - [TEST_STEP][PASSED] - click(findTestObject("Page_PSTO webMessenger - Zalogowano/img_Leszek Kowalski_sendButton")): Object: 'Object Repository/Page_PSTO webMessenger - Zalogowano/img_Leszek Kowalski_sendButton' is clicked on

2021-12-19 14:20:39 - [MESSAGE][PASSED] - Object: 'Object Repository/Page_PSTO webMessenger - Zalogowano/img_Leszek Kowalski_sendButton' is clicked on

2021-12-19 14:20:39 - [TEST_STEP][PASSED] - setText(findTestObject("Page_PSTO webMessenger - Zalogowano/input_Leszek Kowalski_messageInput"), "e"): Text 'e' is set on object 'Object Repository/Page_PSTO webMessenger - Zalogowano/input_Leszek Kowalski_messageInput'

2021-12-19 14:20:39 - [MESSAGE][PASSED] - Text 'e' is set on object 'Object Repository/Page_PSTO webMessenger - Zalogowano/input_Leszek Kowalski_messageInput'

2021-12-19 14:20:39 - [TEST_STEP][PASSED] - click(findTestObject("Page_PSTO webMessenger - Zalogowano/img_Leszek Kowalski_sendButton")): Object: 'Object Repository/Page_PSTO webMessenger - Zalogowano/img_Leszek Kowalski_sendButton' is clicked on

2021-12-19 14:20:40 - [MESSAGE][PASSED] - Object: 'Object Repository/Page_PSTO webMessenger - Zalogowano/img_Leszek Kowalski_sendButton' is clicked on

2021-12-19 14:20:40 - [TEST_STEP][PASSED] - setText(findTestObject("Page_PSTO webMessenger - Zalogowano/input_Leszek Kowalski_messageInput"), "e"): Text 'e' is set on object 'Object Repository/Page_PSTO webMessenger - Zalogowano/input_Leszek Kowalski_messageInput'

2021-12-19 14:20:41 - [MESSAGE][PASSED] - Text 'e' is set on object 'Object Repository/Page_PSTO webMessenger - Zalogowano/input_Leszek Kowalski_messageInput'

2021-12-19 14:20:41 - [TEST_STEP][PASSED] - click(findTestObject("Page_PSTO webMessenger - Zalogowano/img_Leszek Kowalski_sendButton")): Object: 'Object Repository/Page_PSTO webMessenger - Zalogowano/img_Leszek Kowalski_sendButton' is clicked on

2021-12-19 14:20:41 - [MESSAGE][PASSED] - Object: 'Object Repository/Page_PSTO webMessenger - Zalogowano/img_Leszek Kowalski_sendButton' is clicked on

2021-12-19 14:20:41 - [TEST_STEP][PASSED] - setText(findTestObject("Page_PSTO webMessenger - Zalogowano/input_Leszek Kowalski_messageInput"), "e"): Text 'e' is set on object 'Object Repository/Page_PSTO webMessenger - Zalogowano/input_Leszek Kowalski_messageInput'

2021-12-19 14:20:42 - [MESSAGE][PASSED] - Text 'e' is set on object 'Object Repository/Page_PSTO webMessenger - Zalogowano/input_Leszek Kowalski_messageInput'

2021-12-19 14:20:42 - [TEST_STEP][PASSED] - click(findTestObject("Page_PSTO webMessenger - Zalogowano/img_Leszek Kowalski_sendButton")): Object: 'Object Repository/Page_PSTO webMessenger - Zalogowano/img_Leszek Kowalski_sendButton' is clicked on

2021-12-19 14:20:43 - [MESSAGE][PASSED] - Object: 'Object Repository/Page_PSTO webMessenger - Zalogowano/img_Leszek Kowalski_sendButton' is clicked on

2021-12-19 14:20:43 - [TEST_STEP][PASSED] - setText(findTestObject("Page_PSTO webMessenger - Zalogowano/input_Leszek Kowalski_messageInput"), "e"): Text 'e' is set on object 'Object Repository/Page_PSTO webMessenger - Zalogowano/input_Leszek Kowalski_messageInput'

2021-12-19 14:20:44 - [MESSAGE][PASSED] - Text 'e' is set on object 'Object Repository/Page_PSTO webMessenger - Zalogowano/input_Leszek Kowalski_messageInput'

2021-12-19 14:20:44 - [TEST_STEP][PASSED] - click(findTestObject("Page_PSTO webMessenger - Zalogowano/img_Leszek Kowalski_sendButton")): Object: 'Object Repository/Page_PSTO webMessenger - Zalogowano/img_Leszek Kowalski_sendButton' is clicked on

2021-12-19 14:20:45 - [MESSAGE][PASSED] - Object: 'Object Repository/Page_PSTO webMessenger - Zalogowano/img_Leszek Kowalski_sendButton' is clicked on

2021-12-19 14:20:45 - [TEST_STEP][PASSED] - setText(findTestObject("Page_PSTO webMessenger - Zalogowano/input_Leszek Kowalski_messageInput"), "e"): Text 'e' is set on object 'Object Repository/Page_PSTO webMessenger - Zalogowano/input_Leszek Kowalski_messageInput'

2021-12-19 14:20:45 - [MESSAGE][PASSED] - Text 'e' is set on object 'Object Repository/Page_PSTO webMessenger - Zalogowano/input_Leszek Kowalski_messageInput'

2021-12-19 14:20:45 - [TEST_STEP][PASSED] - click(findTestObject("Page_PSTO webMessenger - Zalogowano/img_Leszek Kowalski_sendButton")): Object: 'Object Repository/Page_PSTO webMessenger - Zalogowano/img_Leszek Kowalski_sendButton' is clicked on

2021-12-19 14:20:46 - [MESSAGE][PASSED] - Object: 'Object Repository/Page_PSTO webMessenger - Zalogowano/img_Leszek Kowalski_sendButton' is clicked on

2021-12-19 14:20:46 - [TEST_STEP][PASSED] - setText(findTestObject("Page_PSTO webMessenger - Zalogowano/input_Leszek Kowalski_messageInput"), "e"): Text 'e' is set on object 'Object Repository/Page_PSTO webMessenger - Zalogowano/input_Leszek Kowalski_messageInput'

2021-12-19 14:20:47 - [MESSAGE][PASSED] - Text 'e' is set on object 'Object Repository/Page_PSTO webMessenger - Zalogowano/input_Leszek Kowalski_messageInput'

2021-12-19 14:20:47 - [TEST_STEP][PASSED] - click(findTestObject("Page_PSTO webMessenger - Zalogowano/img_Leszek Kowalski_sendButton")): Object: 'Object Repository/Page_PSTO webMessenger - Zalogowano/img_Leszek Kowalski_sendButton' is clicked on

2021-12-19 14:20:48 - [MESSAGE][PASSED] - Object: 'Object Repository/Page_PSTO webMessenger - Zalogowano/img_Leszek Kowalski_sendButton' is clicked on

2021-12-19 14:20:48 - [TEST_STEP][PASSED] - setText(findTestObject("Page_PSTO webMessenger - Zalogowano/input_Leszek Kowalski_messageInput"), "e"): Text 'e' is set on object 'Object Repository/Page_PSTO webMessenger - Zalogowano/input_Leszek Kowalski_messageInput'

2021-12-19 14:20:48 - [MESSAGE][PASSED] - Text 'e' is set on object 'Object Repository/Page_PSTO webMessenger - Zalogowano/input_Leszek Kowalski_messageInput'

2021-12-19 14:20:48 - [TEST_STEP][PASSED] - click(findTestObject("Page_PSTO webMessenger - Zalogowano/img_Leszek Kowalski_sendButton")): Object: 'Object Repository/Page_PSTO webMessenger - Zalogowano/img_Leszek Kowalski_sendButton' is clicked on

2021-12-19 14:20:49 - [MESSAGE][PASSED] - Object: 'Object Repository/Page_PSTO webMessenger - Zalogowano/img_Leszek Kowalski_sendButton' is clicked on

2021-12-19 14:20:49 - [TEST_STEP][PASSED] - setText(findTestObject("Page_PSTO webMessenger - Zalogowano/input_Leszek Kowalski_messageInput"), "e"): Text 'e' is set on object 'Object Repository/Page_PSTO webMessenger - Zalogowano/input_Leszek Kowalski_messageInput'

2021-12-19 14:20:49 - [MESSAGE][PASSED] - Text 'e' is set on object 'Object Repository/Page_PSTO webMessenger - Zalogowano/input_Leszek Kowalski_messageInput'

2021-12-19 14:20:49 - [TEST_STEP][PASSED] - click(findTestObject("Page_PSTO webMessenger - Zalogowano/img_Leszek Kowalski_sendButton")): Object: 'Object Repository/Page_PSTO webMessenger - Zalogowano/img_Leszek Kowalski_sendButton' is clicked on

2021-12-19 14:20:50 - [MESSAGE][PASSED] - Object: 'Object Repository/Page_PSTO webMessenger - Zalogowano/img_Leszek Kowalski_sendButton' is clicked on

2021-12-19 14:20:50 - [TEST_STEP][PASSED] - setText(findTestObject("Page_PSTO webMessenger - Zalogowano/input_Leszek Kowalski_messageInput"), "e"): Text 'e' is set on object 'Object Repository/Page_PSTO webMessenger - Zalogowano/input_Leszek Kowalski_messageInput'

2021-12-19 14:20:51 - [MESSAGE][PASSED] - Text 'e' is set on object 'Object Repository/Page_PSTO webMessenger - Zalogowano/input_Leszek Kowalski_messageInput'

2021-12-19 14:20:51 - [TEST_STEP][PASSED] - click(findTestObject("Page_PSTO webMessenger - Zalogowano/img_Leszek Kowalski_sendButton")): Object: 'Object Repository/Page_PSTO webMessenger - Zalogowano/img_Leszek Kowalski_sendButton' is clicked on

2021-12-19 14:20:51 - [MESSAGE][PASSED] - Object: 'Object Repository/Page_PSTO webMessenger - Zalogowano/img_Leszek Kowalski_sendButton' is clicked on

2021-12-19 14:20:51 - [TEST_STEP][PASSED] - setText(findTestObject("Page_PSTO webMessenger - Zalogowano/input_Leszek Kowalski_messageInput"), "e"): Text 'e' is set on object 'Object Repository/Page_PSTO webMessenger - Zalogowano/input_Leszek Kowalski_messageInput'

2021-12-19 14:20:52 - [MESSAGE][PASSED] - Text 'e' is set on object 'Object Repository/Page_PSTO webMessenger - Zalogowano/input_Leszek Kowalski_messageInput'

2021-12-19 14:20:52 - [TEST_STEP][PASSED] - click(findTestObject("Page_PSTO webMessenger - Zalogowano/img_Leszek Kowalski_sendButton")): Object: 'Object Repository/Page_PSTO webMessenger - Zalogowano/img_Leszek Kowalski_sendButton' is clicked on

2021-12-19 14:20:53 - [MESSAGE][PASSED] - Object: 'Object Repository/Page_PSTO webMessenger - Zalogowano/img_Leszek Kowalski_sendButton' is clicked on

2021-12-19 14:20:53 - [TEST_STEP][PASSED] - setText(findTestObject("Page_PSTO webMessenger - Zalogowano/input_Leszek Kowalski_messageInput"), "e"): Text 'e' is set on object 'Object Repository/Page_PSTO webMessenger - Zalogowano/input_Leszek Kowalski_messageInput'

2021-12-19 14:20:54 - [MESSAGE][PASSED] - Text 'e' is set on object 'Object Repository/Page_PSTO webMessenger - Zalogowano/input_Leszek Kowalski_messageInput'

2021-12-19 14:20:54 - [TEST_STEP][PASSED] - click(findTestObject("Page_PSTO webMessenger - Zalogowano/img_Leszek Kowalski_sendButton")): Object: 'Object Repository/Page_PSTO webMessenger - Zalogowano/img_Leszek Kowalski_sendButton' is clicked on

2021-12-19 14:20:54 - [MESSAGE][PASSED] - Object: 'Object Repository/Page_PSTO webMessenger - Zalogowano/img_Leszek Kowalski_sendButton' is clicked on

2021-12-19 14:20:54 - [TEST_STEP][PASSED] - setText(findTestObject("Page_PSTO webMessenger - Zalogowano/input_Leszek Kowalski_messageInput"), "e"): Text 'e' is set on object 'Object Repository/Page_PSTO webMessenger - Zalogowano/input_Leszek Kowalski_messageInput'

2021-12-19 14:20:55 - [MESSAGE][PASSED] - Text 'e' is set on object 'Object Repository/Page_PSTO webMessenger - Zalogowano/input_Leszek Kowalski_messageInput'

2021-12-19 14:20:55 - [TEST_STEP][PASSED] - click(findTestObject("Page_PSTO webMessenger - Zalogowano/img_Leszek Kowalski_sendButton")): Object: 'Object Repository/Page_PSTO webMessenger - Zalogowano/img_Leszek Kowalski_sendButton' is clicked on

2021-12-19 14:20:56 - [MESSAGE][PASSED] - Object: 'Object Repository/Page_PSTO webMessenger - Zalogowano/img_Leszek Kowalski_sendButton' is clicked on

2021-12-19 14:20:56 - [TEST_STEP][PASSED] - setText(findTestObject("Page_PSTO webMessenger - Zalogowano/input_Leszek Kowalski_messageInput"), "e"): Text 'e' is set on object 'Object Repository/Page_PSTO webMessenger - Zalogowano/input_Leszek Kowalski_messageInput'

2021-12-19 14:20:56 - [MESSAGE][PASSED] - Text 'e' is set on object 'Object Repository/Page_PSTO webMessenger - Zalogowano/input_Leszek Kowalski_messageInput'

2021-12-19 14:20:56 - [TEST_STEP][PASSED] - click(findTestObject("Page_PSTO webMessenger - Zalogowano/img_Leszek Kowalski_sendButton")): Object: 'Object Repository/Page_PSTO webMessenger - Zalogowano/img_Leszek Kowalski_sendButton' is clicked on

2021-12-19 14:20:57 - [MESSAGE][PASSED] - Object: 'Object Repository/Page_PSTO webMessenger - Zalogowano/img_Leszek Kowalski_sendButton' is clicked on

2021-12-19 14:20:57 - [TEST_STEP][PASSED] - setText(findTestObject("Page_PSTO webMessenger - Zalogowano/input_Leszek Kowalski_messageInput"), "e"): Text 'e' is set on object 'Object Repository/Page_PSTO webMessenger - Zalogowano/input_Leszek Kowalski_messageInput'

2021-12-19 14:20:58 - [MESSAGE][PASSED] - Text 'e' is set on object 'Object Repository/Page_PSTO webMessenger - Zalogowano/input_Leszek Kowalski_messageInput'

2021-12-19 14:20:58 - [TEST_STEP][PASSED] - click(findTestObject("Page_PSTO webMessenger - Zalogowano/img_Leszek Kowalski_sendButton")): Object: 'Object Repository/Page_PSTO webMessenger - Zalogowano/img_Leszek Kowalski_sendButton' is clicked on

2021-12-19 14:20:58 - [MESSAGE][PASSED] - Object: 'Object Repository/Page_PSTO webMessenger - Zalogowano/img_Leszek Kowalski_sendButton' is clicked on

2021-12-19 14:20:58 - [TEST_STEP][PASSED] - setText(findTestObject("Page_PSTO webMessenger - Zalogowano/input_Leszek Kowalski_messageInput"), "e"): Text 'e' is set on object 'Object Repository/Page_PSTO webMessenger - Zalogowano/input_Leszek Kowalski_messageInput'

2021-12-19 14:20:59 - [MESSAGE][PASSED] - Text 'e' is set on object 'Object Repository/Page_PSTO webMessenger - Zalogowano/input_Leszek Kowalski_messageInput'

2021-12-19 14:20:59 - [TEST_STEP][PASSED] - click(findTestObject("Page_PSTO webMessenger - Zalogowano/img_Leszek Kowalski_sendButton")): Object: 'Object Repository/Page_PSTO webMessenger - Zalogowano/img_Leszek Kowalski_sendButton' is clicked on

2021-12-19 14:20:59 - [MESSAGE][PASSED] - Object: 'Object Repository/Page_PSTO webMessenger - Zalogowano/img_Leszek Kowalski_sendButton' is clicked on

2021-12-19 14:20:59 - [TEST_STEP][PASSED] - setText(findTestObject("Page_PSTO webMessenger - Zalogowano/input_Leszek Kowalski_messageInput"), "e"): Text 'e' is set on object 'Object Repository/Page_PSTO webMessenger - Zalogowano/input_Leszek Kowalski_messageInput'

2021-12-19 14:21:00 - [MESSAGE][PASSED] - Text 'e' is set on object 'Object Repository/Page_PSTO webMessenger - Zalogowano/input_Leszek Kowalski_messageInput'

2021-12-19 14:21:00 - [TEST_STEP][PASSED] - click(findTestObject("Page_PSTO webMessenger - Zalogowano/img_Leszek Kowalski_sendButton")): Object: 'Object Repository/Page_PSTO webMessenger - Zalogowano/img_Leszek Kowalski_sendButton' is clicked on

2021-12-19 14:21:01 - [MESSAGE][PASSED] - Object: 'Object Repository/Page_PSTO webMessenger - Zalogowano/img_Leszek Kowalski_sendButton' is clicked on

2021-12-19 14:21:01 - [TEST_STEP][PASSED] - setText(findTestObject("Page_PSTO webMessenger - Zalogowano/input_Leszek Kowalski_messageInput"), "e"): Text 'e' is set on object 'Object Repository/Page_PSTO webMessenger - Zalogowano/input_Leszek Kowalski_messageInput'

2021-12-19 14:21:01 - [MESSAGE][PASSED] - Text 'e' is set on object 'Object Repository/Page_PSTO webMessenger - Zalogowano/input_Leszek Kowalski_messageInput'

2021-12-19 14:21:01 - [TEST_STEP][PASSED] - click(findTestObject("Page_PSTO webMessenger - Zalogowano/img_Leszek Kowalski_sendButton")): Object: 'Object Repository/Page_PSTO webMessenger - Zalogowano/img_Leszek Kowalski_sendButton' is clicked on

2021-12-19 14:21:02 - [MESSAGE][PASSED] - Object: 'Object Repository/Page_PSTO webMessenger - Zalogowano/img_Leszek Kowalski_sendButton' is clicked on

2021-12-19 14:21:02 - [TEST_STEP][PASSED] - setText(findTestObject("Page_PSTO webMessenger - Zalogowano/input_Leszek Kowalski_messageInput"), "e"): Text 'e' is set on object 'Object Repository/Page_PSTO webMessenger - Zalogowano/input_Leszek Kowalski_messageInput'

2021-12-19 14:21:03 - [MESSAGE][PASSED] - Text 'e' is set on object 'Object Repository/Page_PSTO webMessenger - Zalogowano/input_Leszek Kowalski_messageInput'

2021-12-19 14:21:03 - [TEST_STEP][PASSED] - click(findTestObject("Page_PSTO webMessenger - Zalogowano/img_Leszek Kowalski_sendButton")): Object: 'Object Repository/Page_PSTO webMessenger - Zalogowano/img_Leszek Kowalski_sendButton' is clicked on

2021-12-19 14:21:04 - [MESSAGE][PASSED] - Object: 'Object Repository/Page_PSTO webMessenger - Zalogowano/img_Leszek Kowalski_sendButton' is clicked on

2021-12-19 14:21:04 - [TEST_STEP][PASSED] - setText(findTestObject("Page_PSTO webMessenger - Zalogowano/input_Leszek Kowalski_messageInput"), "e"): Text 'e' is set on object 'Object Repository/Page_PSTO webMessenger - Zalogowano/input_Leszek Kowalski_messageInput'

2021-12-19 14:21:04 - [MESSAGE][PASSED] - Text 'e' is set on object 'Object Repository/Page_PSTO webMessenger - Zalogowano/input_Leszek Kowalski_messageInput'

2021-12-19 14:21:04 - [TEST_STEP][PASSED] - click(findTestObject("Page_PSTO webMessenger - Zalogowano/img_Leszek Kowalski_sendButton")): Object: 'Object Repository/Page_PSTO webMessenger - Zalogowano/img_Leszek Kowalski_sendButton' is clicked on

2021-12-19 14:21:05 - [MESSAGE][PASSED] - Object: 'Object Repository/Page_PSTO webMessenger - Zalogowano/img_Leszek Kowalski_sendButton' is clicked on

2021-12-19 14:21:05 - [TEST_STEP][PASSED] - setText(findTestObject("Page_PSTO webMessenger - Zalogowano/input_Leszek Kowalski_messageInput"), "e"): Text 'e' is set on object 'Object Repository/Page_PSTO webMessenger - Zalogowano/input_Leszek Kowalski_messageInput'

2021-12-19 14:21:06 - [MESSAGE][PASSED] - Text 'e' is set on object 'Object Repository/Page_PSTO webMessenger - Zalogowano/input_Leszek Kowalski_messageInput'

2021-12-19 14:21:06 - [TEST_STEP][PASSED] - click(findTestObject("Page_PSTO webMessenger - Zalogowano/img_Leszek Kowalski_sendButton")): Object: 'Object Repository/Page_PSTO webMessenger - Zalogowano/img_Leszek Kowalski_sendButton' is clicked on

2021-12-19 14:21:06 - [MESSAGE][PASSED] - Object: 'Object Repository/Page_PSTO webMessenger - Zalogowano/img_Leszek Kowalski_sendButton' is clicked on

2021-12-19 14:21:06 - [TEST_STEP][PASSED] - setText(findTestObject("Page_PSTO webMessenger - Zalogowano/input_Leszek Kowalski_messageInput"), "e"): Text 'e' is set on object 'Object Repository/Page_PSTO webMessenger - Zalogowano/input_Leszek Kowalski_messageInput'

2021-12-19 14:21:07 - [MESSAGE][PASSED] - Text 'e' is set on object 'Object Repository/Page_PSTO webMessenger - Zalogowano/input_Leszek Kowalski_messageInput'

2021-12-19 14:21:07 - [TEST_STEP][PASSED] - click(findTestObject("Page_PSTO webMessenger - Zalogowano/img_Leszek Kowalski_sendButton")): Object: 'Object Repository/Page_PSTO webMessenger - Zalogowano/img_Leszek Kowalski_sendButton' is clicked on

2021-12-19 14:21:08 - [MESSAGE][PASSED] - Object: 'Object Repository/Page_PSTO webMessenger - Zalogowano/img_Leszek Kowalski_sendButton' is clicked on

2021-12-19 14:21:08 - [TEST_STEP][PASSED] - setText(findTestObject("Page_PSTO webMessenger - Zalogowano/input_Leszek Kowalski_messageInput"), "e"): Text 'e' is set on object 'Object Repository/Page_PSTO webMessenger - Zalogowano/input_Leszek Kowalski_messageInput'

2021-12-19 14:21:09 - [MESSAGE][PASSED] - Text 'e' is set on object 'Object Repository/Page_PSTO webMessenger - Zalogowano/input_Leszek Kowalski_messageInput'

2021-12-19 14:21:09 - [TEST_STEP][PASSED] - click(findTestObject("Page_PSTO webMessenger - Zalogowano/img_Leszek Kowalski_sendButton")): Object: 'Object Repository/Page_PSTO webMessenger - Zalogowano/img_Leszek Kowalski_sendButton' is clicked on

2021-12-19 14:21:09 - [MESSAGE][PASSED] - Object: 'Object Repository/Page_PSTO webMessenger - Zalogowano/img_Leszek Kowalski_sendButton' is clicked on

2021-12-19 14:21:09 - [TEST_STEP][PASSED] - setText(findTestObject("Page_PSTO webMessenger - Zalogowano/input_Leszek Kowalski_messageInput"), "e"): Text 'e' is set on object 'Object Repository/Page_PSTO webMessenger - Zalogowano/input_Leszek Kowalski_messageInput'

2021-12-19 14:21:10 - [MESSAGE][PASSED] - Text 'e' is set on object 'Object Repository/Page_PSTO webMessenger - Zalogowano/input_Leszek Kowalski_messageInput'

2021-12-19 14:21:10 - [TEST_STEP][PASSED] - click(findTestObject("Page_PSTO webMessenger - Zalogowano/img_Leszek Kowalski_sendButton")): Object: 'Object Repository/Page_PSTO webMessenger - Zalogowano/img_Leszek Kowalski_sendButton' is clicked on

2021-12-19 14:21:11 - [MESSAGE][PASSED] - Object: 'Object Repository/Page_PSTO webMessenger - Zalogowano/img_Leszek Kowalski_sendButton' is clicked on

2021-12-19 14:21:11 - [TEST_STEP][PASSED] - setText(findTestObject("Page_PSTO webMessenger - Zalogowano/input_Leszek Kowalski_messageInput"), "e"): Text 'e' is set on object 'Object Repository/Page_PSTO webMessenger - Zalogowano/input_Leszek Kowalski_messageInput'

2021-12-19 14:21:11 - [MESSAGE][PASSED] - Text 'e' is set on object 'Object Repository/Page_PSTO webMessenger - Zalogowano/input_Leszek Kowalski_messageInput'

2021-12-19 14:21:11 - [TEST_STEP][PASSED] - click(findTestObject("Page_PSTO webMessenger - Zalogowano/img_Leszek Kowalski_sendButton")): Object: 'Object Repository/Page_PSTO webMessenger - Zalogowano/img_Leszek Kowalski_sendButton' is clicked on

2021-12-19 14:21:12 - [MESSAGE][PASSED] - Object: 'Object Repository/Page_PSTO webMessenger - Zalogowano/img_Leszek Kowalski_sendButton' is clicked on

2021-12-19 14:21:12 - [TEST_STEP][PASSED] - setText(findTestObject("Page_PSTO webMessenger - Zalogowano/input_Leszek Kowalski_messageInput"), "e"): Text 'e' is set on object 'Object Repository/Page_PSTO webMessenger - Zalogowano/input_Leszek Kowalski_messageInput'

2021-12-19 14:21:13 - [MESSAGE][PASSED] - Text 'e' is set on object 'Object Repository/Page_PSTO webMessenger - Zalogowano/input_Leszek Kowalski_messageInput'

2021-12-19 14:21:13 - [TEST_STEP][PASSED] - click(findTestObject("Page_PSTO webMessenger - Zalogowano/img_Leszek Kowalski_sendButton")): Object: 'Object Repository/Page_PSTO webMessenger - Zalogowano/img_Leszek Kowalski_sendButton' is clicked on

2021-12-19 14:21:13 - [MESSAGE][PASSED] - Object: 'Object Repository/Page_PSTO webMessenger - Zalogowano/img_Leszek Kowalski_sendButton' is clicked on

2021-12-19 14:21:13 - [TEST_STEP][PASSED] - setText(findTestObject("Page_PSTO webMessenger - Zalogowano/input_Leszek Kowalski_messageInput"), "e"): Text 'e' is set on object 'Object Repository/Page_PSTO webMessenger - Zalogowano/input_Leszek Kowalski_messageInput'

2021-12-19 14:21:14 - [MESSAGE][PASSED] - Text 'e' is set on object 'Object Repository/Page_PSTO webMessenger - Zalogowano/input_Leszek Kowalski_messageInput'

2021-12-19 14:21:14 - [TEST_STEP][PASSED] - click(findTestObject("Page_PSTO webMessenger - Zalogowano/img_Leszek Kowalski_sendButton")): Object: 'Object Repository/Page_PSTO webMessenger - Zalogowano/img_Leszek Kowalski_sendButton' is clicked on

2021-12-19 14:21:15 - [MESSAGE][PASSED] - Object: 'Object Repository/Page_PSTO webMessenger - Zalogowano/img_Leszek Kowalski_sendButton' is clicked on

2021-12-19 14:21:15 - [TEST_STEP][PASSED] - setText(findTestObject("Page_PSTO webMessenger - Zalogowano/input_Leszek Kowalski_messageInput"), "e"): Text 'e' is set on object 'Object Repository/Page_PSTO webMessenger - Zalogowano/input_Leszek Kowalski_messageInput'

2021-12-19 14:21:15 - [MESSAGE][PASSED] - Text 'e' is set on object 'Object Repository/Page_PSTO webMessenger - Zalogowano/input_Leszek Kowalski_messageInput'

2021-12-19 14:21:15 - [TEST_STEP][PASSED] - click(findTestObject("Page_PSTO webMessenger - Zalogowano/img_Leszek Kowalski_sendButton")): Object: 'Object Repository/Page_PSTO webMessenger - Zalogowano/img_Leszek Kowalski_sendButton' is clicked on

2021-12-19 14:21:16 - [MESSAGE][PASSED] - Object: 'Object Repository/Page_PSTO webMessenger - Zalogowano/img_Leszek Kowalski_sendButton' is clicked on

2021-12-19 14:21:16 - [TEST_STEP][PASSED] - setText(findTestObject("Page_PSTO webMessenger - Zalogowano/input_Leszek Kowalski_messageInput"), "e"): Text 'e' is set on object 'Object Repository/Page_PSTO webMessenger - Zalogowano/input_Leszek Kowalski_messageInput'

2021-12-19 14:21:17 - [MESSAGE][PASSED] - Text 'e' is set on object 'Object Repository/Page_PSTO webMessenger - Zalogowano/input_Leszek Kowalski_messageInput'

2021-12-19 14:21:17 - [TEST_STEP][PASSED] - click(findTestObject("Page_PSTO webMessenger - Zalogowano/img_Leszek Kowalski_sendButton")): Object: 'Object Repository/Page_PSTO webMessenger - Zalogowano/img_Leszek Kowalski_sendButton' is clicked on

2021-12-19 14:21:18 - [MESSAGE][PASSED] - Object: 'Object Repository/Page_PSTO webMessenger - Zalogowano/img_Leszek Kowalski_sendButton' is clicked on

2021-12-19 14:21:18 - [TEST_STEP][PASSED] - setText(findTestObject("Page_PSTO webMessenger - Zalogowano/input_Leszek Kowalski_messageInput"), "e"): Text 'e' is set on object 'Object Repository/Page_PSTO webMessenger - Zalogowano/input_Leszek Kowalski_messageInput'

2021-12-19 14:21:18 - [MESSAGE][PASSED] - Text 'e' is set on object 'Object Repository/Page_PSTO webMessenger - Zalogowano/input_Leszek Kowalski_messageInput'

2021-12-19 14:21:18 - [TEST_STEP][PASSED] - click(findTestObject("Page_PSTO webMessenger - Zalogowano/img_Leszek Kowalski_sendButton")): Object: 'Object Repository/Page_PSTO webMessenger - Zalogowano/img_Leszek Kowalski_sendButton' is clicked on

2021-12-19 14:21:19 - [MESSAGE][PASSED] - Object: 'Object Repository/Page_PSTO webMessenger - Zalogowano/img_Leszek Kowalski_sendButton' is clicked on

2021-12-19 14:21:19 - [TEST_STEP][PASSED] - setText(findTestObject("Page_PSTO webMessenger - Zalogowano/input_Leszek Kowalski_messageInput"), "e"): Text 'e' is set on object 'Object Repository/Page_PSTO webMessenger - Zalogowano/input_Leszek Kowalski_messageInput'

2021-12-19 14:21:20 - [MESSAGE][PASSED] - Text 'e' is set on object 'Object Repository/Page_PSTO webMessenger - Zalogowano/input_Leszek Kowalski_messageInput'

2021-12-19 14:21:20 - [TEST_STEP][PASSED] - click(findTestObject("Page_PSTO webMessenger - Zalogowano/img_Leszek Kowalski_sendButton")): Object: 'Object Repository/Page_PSTO webMessenger - Zalogowano/img_Leszek Kowalski_sendButton' is clicked on

2021-12-19 14:21:20 - [MESSAGE][PASSED] - Object: 'Object Repository/Page_PSTO webMessenger - Zalogowano/img_Leszek Kowalski_sendButton' is clicked on

2021-12-19 14:21:20 - [TEST_STEP][PASSED] - setText(findTestObject("Page_PSTO webMessenger - Zalogowano/input_Leszek Kowalski_messageInput"), "e"): Text 'e' is set on object 'Object Repository/Page_PSTO webMessenger - Zalogowano/input_Leszek Kowalski_messageInput'

2021-12-19 14:21:21 - [MESSAGE][PASSED] - Text 'e' is set on object 'Object Repository/Page_PSTO webMessenger - Zalogowano/input_Leszek Kowalski_messageInput'

2021-12-19 14:21:21 - [TEST_STEP][PASSED] - click(findTestObject("Page_PSTO webMessenger - Zalogowano/img_Leszek Kowalski_sendButton")): Object: 'Object Repository/Page_PSTO webMessenger - Zalogowano/img_Leszek Kowalski_sendButton' is clicked on

2021-12-19 14:21:22 - [MESSAGE][PASSED] - Object: 'Object Repository/Page_PSTO webMessenger - Zalogowano/img_Leszek Kowalski_sendButton' is clicked on

2021-12-19 14:21:22 - [TEST_STEP][PASSED] - setText(findTestObject("Page_PSTO webMessenger - Zalogowano/input_Leszek Kowalski_messageInput"), "e"): Text 'e' is set on object 'Object Repository/Page_PSTO webMessenger - Zalogowano/input_Leszek Kowalski_messageInput'

2021-12-19 14:21:23 - [MESSAGE][PASSED] - Text 'e' is set on object 'Object Repository/Page_PSTO webMessenger - Zalogowano/input_Leszek Kowalski_messageInput'

2021-12-19 14:21:23 - [TEST_STEP][PASSED] - click(findTestObject("Page_PSTO webMessenger - Zalogowano/img_Leszek Kowalski_sendButton")): Object: 'Object Repository/Page_PSTO webMessenger - Zalogowano/img_Leszek Kowalski_sendButton' is clicked on

2021-12-19 14:21:23 - [MESSAGE][PASSED] - Object: 'Object Repository/Page_PSTO webMessenger - Zalogowano/img_Leszek Kowalski_sendButton' is clicked on

2021-12-19 14:21:23 - [TEST_STEP][PASSED] - setText(findTestObject("Page_PSTO webMessenger - Zalogowano/input_Leszek Kowalski_messageInput"), "e"): Text 'e' is set on object 'Object Repository/Page_PSTO webMessenger - Zalogowano/input_Leszek Kowalski_messageInput'

2021-12-19 14:21:24 - [MESSAGE][PASSED] - Text 'e' is set on object 'Object Repository/Page_PSTO webMessenger - Zalogowano/input_Leszek Kowalski_messageInput'

2021-12-19 14:21:24 - [TEST_STEP][PASSED] - click(findTestObject("Page_PSTO webMessenger - Zalogowano/img_Leszek Kowalski_sendButton")): Object: 'Object Repository/Page_PSTO webMessenger - Zalogowano/img_Leszek Kowalski_sendButton' is clicked on

2021-12-19 14:21:24 - [MESSAGE][PASSED] - Object: 'Object Repository/Page_PSTO webMessenger - Zalogowano/img_Leszek Kowalski_sendButton' is clicked on

2021-12-19 14:21:24 - [TEST_STEP][PASSED] - setText(findTestObject("Page_PSTO webMessenger - Zalogowano/input_Leszek Kowalski_messageInput"), "e"): Text 'e' is set on object 'Object Repository/Page_PSTO webMessenger - Zalogowano/input_Leszek Kowalski_messageInput'

2021-12-19 14:21:25 - [MESSAGE][PASSED] - Text 'e' is set on object 'Object Repository/Page_PSTO webMessenger - Zalogowano/input_Leszek Kowalski_messageInput'

2021-12-19 14:21:25 - [TEST_STEP][PASSED] - click(findTestObject("Page_PSTO webMessenger - Zalogowano/img_Leszek Kowalski_sendButton")): Object: 'Object Repository/Page_PSTO webMessenger - Zalogowano/img_Leszek Kowalski_sendButton' is clicked on

2021-12-19 14:21:26 - [MESSAGE][PASSED] - Object: 'Object Repository/Page_PSTO webMessenger - Zalogowano/img_Leszek Kowalski_sendButton' is clicked on

2021-12-19 14:21:26 - [TEST_STEP][PASSED] - setText(findTestObject("Page_PSTO webMessenger - Zalogowano/input_Leszek Kowalski_messageInput"), "e"): Text 'e' is set on object 'Object Repository/Page_PSTO webMessenger - Zalogowano/input_Leszek Kowalski_messageInput'

2021-12-19 14:21:26 - [MESSAGE][PASSED] - Text 'e' is set on object 'Object Repository/Page_PSTO webMessenger - Zalogowano/input_Leszek Kowalski_messageInput'

2021-12-19 14:21:26 - [TEST_STEP][PASSED] - click(findTestObject("Page_PSTO webMessenger - Zalogowano/img_Leszek Kowalski_sendButton")): Object: 'Object Repository/Page_PSTO webMessenger - Zalogowano/img_Leszek Kowalski_sendButton' is clicked on

2021-12-19 14:21:27 - [MESSAGE][PASSED] - Object: 'Object Repository/Page_PSTO webMessenger - Zalogowano/img_Leszek Kowalski_sendButton' is clicked on

2021-12-19 14:21:27 - [TEST_STEP][PASSED] - setText(findTestObject("Page_PSTO webMessenger - Zalogowano/input_Leszek Kowalski_messageInput"), "e"): Text 'e' is set on object 'Object Repository/Page_PSTO webMessenger - Zalogowano/input_Leszek Kowalski_messageInput'

2021-12-19 14:21:28 - [MESSAGE][PASSED] - Text 'e' is set on object 'Object Repository/Page_PSTO webMessenger - Zalogowano/input_Leszek Kowalski_messageInput'

2021-12-19 14:21:28 - [TEST_STEP][PASSED] - click(findTestObject("Page_PSTO webMessenger - Zalogowano/img_Leszek Kowalski_sendButton")): Object: 'Object Repository/Page_PSTO webMessenger - Zalogowano/img_Leszek Kowalski_sendButton' is clicked on

2021-12-19 14:21:28 - [MESSAGE][PASSED] - Object: 'Object Repository/Page_PSTO webMessenger - Zalogowano/img_Leszek Kowalski_sendButton' is clicked on

2021-12-19 14:21:28 - [TEST_STEP][PASSED] - setText(findTestObject("Page_PSTO webMessenger - Zalogowano/input_Leszek Kowalski_messageInput"), "e"): Text 'e' is set on object 'Object Repository/Page_PSTO webMessenger - Zalogowano/input_Leszek Kowalski_messageInput'

2021-12-19 14:21:29 - [MESSAGE][PASSED] - Text 'e' is set on object 'Object Repository/Page_PSTO webMessenger - Zalogowano/input_Leszek Kowalski_messageInput'

2021-12-19 14:21:29 - [TEST_STEP][PASSED] - click(findTestObject("Page_PSTO webMessenger - Zalogowano/img_Leszek Kowalski_sendButton")): Object: 'Object Repository/Page_PSTO webMessenger - Zalogowano/img_Leszek Kowalski_sendButton' is clicked on

2021-12-19 14:21:30 - [MESSAGE][PASSED] - Object: 'Object Repository/Page_PSTO webMessenger - Zalogowano/img_Leszek Kowalski_sendButton' is clicked on

2021-12-19 14:21:30 - [TEST_STEP][PASSED] - setText(findTestObject("Page_PSTO webMessenger - Zalogowano/input_Leszek Kowalski_messageInput"), "e"): Text 'e' is set on object 'Object Repository/Page_PSTO webMessenger - Zalogowano/input_Leszek Kowalski_messageInput'

2021-12-19 14:21:30 - [MESSAGE][PASSED] - Text 'e' is set on object 'Object Repository/Page_PSTO webMessenger - Zalogowano/input_Leszek Kowalski_messageInput'

2021-12-19 14:21:30 - [TEST_STEP][PASSED] - click(findTestObject("Page_PSTO webMessenger - Zalogowano/img_Leszek Kowalski_sendButton")): Object: 'Object Repository/Page_PSTO webMessenger - Zalogowano/img_Leszek Kowalski_sendButton' is clicked on

2021-12-19 14:21:31 - [MESSAGE][PASSED] - Object: 'Object Repository/Page_PSTO webMessenger - Zalogowano/img_Leszek Kowalski_sendButton' is clicked on

2021-12-19 14:21:31 - [TEST_STEP][PASSED] - setText(findTestObject("Page_PSTO webMessenger - Zalogowano/input_Leszek Kowalski_messageInput"), "e"): Text 'e' is set on object 'Object Repository/Page_PSTO webMessenger - Zalogowano/input_Leszek Kowalski_messageInput'

2021-12-19 14:21:32 - [MESSAGE][PASSED] - Text 'e' is set on object 'Object Repository/Page_PSTO webMessenger - Zalogowano/input_Leszek Kowalski_messageInput'

2021-12-19 14:21:32 - [TEST_STEP][PASSED] - click(findTestObject("Page_PSTO webMessenger - Zalogowano/img_Leszek Kowalski_sendButton")): Object: 'Object Repository/Page_PSTO webMessenger - Zalogowano/img_Leszek Kowalski_sendButton' is clicked on

2021-12-19 14:21:33 - [MESSAGE][PASSED] - Object: 'Object Repository/Page_PSTO webMessenger - Zalogowano/img_Leszek Kowalski_sendButton' is clicked on

2021-12-19 14:21:33 - [TEST_STEP][PASSED] - setText(findTestObject("Page_PSTO webMessenger - Zalogowano/input_Leszek Kowalski_messageInput"), "e"): Text 'e' is set on object 'Object Repository/Page_PSTO webMessenger - Zalogowano/input_Leszek Kowalski_messageInput'

2021-12-19 14:21:34 - [MESSAGE][PASSED] - Text 'e' is set on object 'Object Repository/Page_PSTO webMessenger - Zalogowano/input_Leszek Kowalski_messageInput'

2021-12-19 14:21:34 - [TEST_STEP][PASSED] - click(findTestObject("Page_PSTO webMessenger - Zalogowano/img_Leszek Kowalski_sendButton")): Object: 'Object Repository/Page_PSTO webMessenger - Zalogowano/img_Leszek Kowalski_sendButton' is clicked on

2021-12-19 14:21:35 - [MESSAGE][PASSED] - Object: 'Object Repository/Page_PSTO webMessenger - Zalogowano/img_Leszek Kowalski_sendButton' is clicked on

2021-12-19 14:21:35 - [TEST_STEP][PASSED] - setText(findTestObject("Page_PSTO webMessenger - Zalogowano/input_Leszek Kowalski_messageInput"), "e"): Text 'e' is set on object 'Object Repository/Page_PSTO webMessenger - Zalogowano/input_Leszek Kowalski_messageInput'

2021-12-19 14:21:35 - [MESSAGE][PASSED] - Text 'e' is set on object 'Object Repository/Page_PSTO webMessenger - Zalogowano/input_Leszek Kowalski_messageInput'

2021-12-19 14:21:35 - [TEST_STEP][PASSED] - click(findTestObject("Page_PSTO webMessenger - Zalogowano/img_Leszek Kowalski_sendButton")): Object: 'Object Repository/Page_PSTO webMessenger - Zalogowano/img_Leszek Kowalski_sendButton' is clicked on

2021-12-19 14:21:36 - [MESSAGE][PASSED] - Object: 'Object Repository/Page_PSTO webMessenger - Zalogowano/img_Leszek Kowalski_sendButton' is clicked on

2021-12-19 14:21:36 - [TEST_STEP][PASSED] - setText(findTestObject("Page_PSTO webMessenger - Zalogowano/input_Leszek Kowalski_messageInput"), "e"): Text 'e' is set on object 'Object Repository/Page_PSTO webMessenger - Zalogowano/input_Leszek Kowalski_messageInput'

2021-12-19 14:21:37 - [MESSAGE][PASSED] - Text 'e' is set on object 'Object Repository/Page_PSTO webMessenger - Zalogowano/input_Leszek Kowalski_messageInput'

2021-12-19 14:21:37 - [TEST_STEP][PASSED] - click(findTestObject("Page_PSTO webMessenger - Zalogowano/img_Leszek Kowalski_sendButton")): Object: 'Object Repository/Page_PSTO webMessenger - Zalogowano/img_Leszek Kowalski_sendButton' is clicked on

2021-12-19 14:21:38 - [MESSAGE][PASSED] - Object: 'Object Repository/Page_PSTO webMessenger - Zalogowano/img_Leszek Kowalski_sendButton' is clicked on

2021-12-19 14:21:38 - [TEST_STEP][PASSED] - setText(findTestObject("Page_PSTO webMessenger - Zalogowano/input_Leszek Kowalski_messageInput"), "e"): Text 'e' is set on object 'Object Repository/Page_PSTO webMessenger - Zalogowano/input_Leszek Kowalski_messageInput'

2021-12-19 14:21:39 - [MESSAGE][PASSED] - Text 'e' is set on object 'Object Repository/Page_PSTO webMessenger - Zalogowano/input_Leszek Kowalski_messageInput'

2021-12-19 14:21:39 - [TEST_STEP][PASSED] - click(findTestObject("Page_PSTO webMessenger - Zalogowano/img_Leszek Kowalski_sendButton")): Object: 'Object Repository/Page_PSTO webMessenger - Zalogowano/img_Leszek Kowalski_sendButton' is clicked on

2021-12-19 14:21:40 - [MESSAGE][PASSED] - Object: 'Object Repository/Page_PSTO webMessenger - Zalogowano/img_Leszek Kowalski_sendButton' is clicked on

2021-12-19 14:21:40 - [TEST_STEP][PASSED] - setText(findTestObject("Page_PSTO webMessenger - Zalogowano/input_Leszek Kowalski_messageInput"), "e"): Text 'e' is set on object 'Object Repository/Page_PSTO webMessenger - Zalogowano/input_Leszek Kowalski_messageInput'

2021-12-19 14:21:40 - [MESSAGE][PASSED] - Text 'e' is set on object 'Object Repository/Page_PSTO webMessenger - Zalogowano/input_Leszek Kowalski_messageInput'

2021-12-19 14:21:40 - [TEST_STEP][PASSED] - click(findTestObject("Page_PSTO webMessenger - Zalogowano/img_Leszek Kowalski_sendButton")): Object: 'Object Repository/Page_PSTO webMessenger - Zalogowano/img_Leszek Kowalski_sendButton' is clicked on

2021-12-19 14:21:41 - [MESSAGE][PASSED] - Object: 'Object Repository/Page_PSTO webMessenger - Zalogowano/img_Leszek Kowalski_sendButton' is clicked on

2021-12-19 14:21:41 - [TEST_STEP][PASSED] - setText(findTestObject("Page_PSTO webMessenger - Zalogowano/input_Leszek Kowalski_messageInput"), "e"): Text 'e' is set on object 'Object Repository/Page_PSTO webMessenger - Zalogowano/input_Leszek Kowalski_messageInput'

2021-12-19 14:21:42 - [MESSAGE][PASSED] - Text 'e' is set on object 'Object Repository/Page_PSTO webMessenger - Zalogowano/input_Leszek Kowalski_messageInput'

2021-12-19 14:21:42 - [TEST_STEP][PASSED] - click(findTestObject("Page_PSTO webMessenger - Zalogowano/img_Leszek Kowalski_sendButton")): Object: 'Object Repository/Page_PSTO webMessenger - Zalogowano/img_Leszek Kowalski_sendButton' is clicked on

2021-12-19 14:21:43 - [MESSAGE][PASSED] - Object: 'Object Repository/Page_PSTO webMessenger - Zalogowano/img_Leszek Kowalski_sendButton' is clicked on

2021-12-19 14:21:43 - [TEST_STEP][PASSED] - setText(findTestObject("Page_PSTO webMessenger - Zalogowano/input_Leszek Kowalski_messageInput"), "e"): Text 'e' is set on object 'Object Repository/Page_PSTO webMessenger - Zalogowano/input_Leszek Kowalski_messageInput'

2021-12-19 14:21:43 - [MESSAGE][PASSED] - Text 'e' is set on object 'Object Repository/Page_PSTO webMessenger - Zalogowano/input_Leszek Kowalski_messageInput'

2021-12-19 14:21:43 - [TEST_STEP][PASSED] - click(findTestObject("Page_PSTO webMessenger - Zalogowano/img_Leszek Kowalski_sendButton")): Object: 'Object Repository/Page_PSTO webMessenger - Zalogowano/img_Leszek Kowalski_sendButton' is clicked on

2021-12-19 14:21:44 - [MESSAGE][PASSED] - Object: 'Object Repository/Page_PSTO webMessenger - Zalogowano/img_Leszek Kowalski_sendButton' is clicked on

2021-12-19 14:21:44 - [TEST_STEP][PASSED] - setText(findTestObject("Page_PSTO webMessenger - Zalogowano/input_Leszek Kowalski_messageInput"), "e"): Text 'e' is set on object 'Object Repository/Page_PSTO webMessenger - Zalogowano/input_Leszek Kowalski_messageInput'

2021-12-19 14:21:45 - [MESSAGE][PASSED] - Text 'e' is set on object 'Object Repository/Page_PSTO webMessenger - Zalogowano/input_Leszek Kowalski_messageInput'

2021-12-19 14:21:45 - [TEST_STEP][PASSED] - click(findTestObject("Page_PSTO webMessenger - Zalogowano/img_Leszek Kowalski_sendButton")): Object: 'Object Repository/Page_PSTO webMessenger - Zalogowano/img_Leszek Kowalski_sendButton' is clicked on

2021-12-19 14:21:45 - [MESSAGE][PASSED] - Object: 'Object Repository/Page_PSTO webMessenger - Zalogowano/img_Leszek Kowalski_sendButton' is clicked on

2021-12-19 14:21:45 - [TEST_STEP][PASSED] - setText(findTestObject("Page_PSTO webMessenger - Zalogowano/input_Leszek Kowalski_messageInput"), "e"): Text 'e' is set on object 'Object Repository/Page_PSTO webMessenger - Zalogowano/input_Leszek Kowalski_messageInput'

2021-12-19 14:21:46 - [MESSAGE][PASSED] - Text 'e' is set on object 'Object Repository/Page_PSTO webMessenger - Zalogowano/input_Leszek Kowalski_messageInput'

2021-12-19 14:21:46 - [TEST_STEP][PASSED] - click(findTestObject("Page_PSTO webMessenger - Zalogowano/img_Leszek Kowalski_sendButton")): Object: 'Object Repository/Page_PSTO webMessenger - Zalogowano/img_Leszek Kowalski_sendButton' is clicked on

2021-12-19 14:21:47 - [MESSAGE][PASSED] - Object: 'Object Repository/Page_PSTO webMessenger - Zalogowano/img_Leszek Kowalski_sendButton' is clicked on

2021-12-19 14:21:47 - [TEST_STEP][PASSED] - setText(findTestObject("Page_PSTO webMessenger - Zalogowano/input_Leszek Kowalski_messageInput"), "e"): Text 'e' is set on object 'Object Repository/Page_PSTO webMessenger - Zalogowano/input_Leszek Kowalski_messageInput'

2021-12-19 14:21:48 - [MESSAGE][PASSED] - Text 'e' is set on object 'Object Repository/Page_PSTO webMessenger - Zalogowano/input_Leszek Kowalski_messageInput'

2021-12-19 14:21:48 - [TEST_STEP][PASSED] - click(findTestObject("Page_PSTO webMessenger - Zalogowano/img_Leszek Kowalski_sendButton")): Object: 'Object Repository/Page_PSTO webMessenger - Zalogowano/img_Leszek Kowalski_sendButton' is clicked on

2021-12-19 14:21:48 - [MESSAGE][PASSED] - Object: 'Object Repository/Page_PSTO webMessenger - Zalogowano/img_Leszek Kowalski_sendButton' is clicked on

2021-12-19 14:21:48 - [TEST_STEP][PASSED] - setText(findTestObject("Page_PSTO webMessenger - Zalogowano/input_Leszek Kowalski_messageInput"), "e"): Text 'e' is set on object 'Object Repository/Page_PSTO webMessenger - Zalogowano/input_Leszek Kowalski_messageInput'

2021-12-19 14:21:49 - [MESSAGE][PASSED] - Text 'e' is set on object 'Object Repository/Page_PSTO webMessenger - Zalogowano/input_Leszek Kowalski_messageInput'

2021-12-19 14:21:49 - [TEST_STEP][PASSED] - click(findTestObject("Page_PSTO webMessenger - Zalogowano/img_Leszek Kowalski_sendButton")): Object: 'Object Repository/Page_PSTO webMessenger - Zalogowano/img_Leszek Kowalski_sendButton' is clicked on

2021-12-19 14:21:50 - [MESSAGE][PASSED] - Object: 'Object Repository/Page_PSTO webMessenger - Zalogowano/img_Leszek Kowalski_sendButton' is clicked on

2021-12-19 14:21:50 - [TEST_STEP][PASSED] - setText(findTestObject("Page_PSTO webMessenger - Zalogowano/input_Leszek Kowalski_messageInput"), "e"): Text 'e' is set on object 'Object Repository/Page_PSTO webMessenger - Zalogowano/input_Leszek Kowalski_messageInput'

2021-12-19 14:21:50 - [MESSAGE][PASSED] - Text 'e' is set on object 'Object Repository/Page_PSTO webMessenger - Zalogowano/input_Leszek Kowalski_messageInput'

2021-12-19 14:21:50 - [TEST_STEP][PASSED] - click(findTestObject("Page_PSTO webMessenger - Zalogowano/img_Leszek Kowalski_sendButton")): Object: 'Object Repository/Page_PSTO webMessenger - Zalogowano/img_Leszek Kowalski_sendButton' is clicked on

2021-12-19 14:21:51 - [MESSAGE][PASSED] - Object: 'Object Repository/Page_PSTO webMessenger - Zalogowano/img_Leszek Kowalski_sendButton' is clicked on

2021-12-19 14:21:51 - [TEST_STEP][PASSED] - setText(findTestObject("Page_PSTO webMessenger - Zalogowano/input_Leszek Kowalski_messageInput"), "e"): Text 'e' is set on object 'Object Repository/Page_PSTO webMessenger - Zalogowano/input_Leszek Kowalski_messageInput'

2021-12-19 14:21:52 - [MESSAGE][PASSED] - Text 'e' is set on object 'Object Repository/Page_PSTO webMessenger - Zalogowano/input_Leszek Kowalski_messageInput'

2021-12-19 14:21:52 - [TEST_STEP][PASSED] - click(findTestObject("Page_PSTO webMessenger - Zalogowano/img_Leszek Kowalski_sendButton")): Object: 'Object Repository/Page_PSTO webMessenger - Zalogowano/img_Leszek Kowalski_sendButton' is clicked on

2021-12-19 14:21:53 - [MESSAGE][PASSED] - Object: 'Object Repository/Page_PSTO webMessenger - Zalogowano/img_Leszek Kowalski_sendButton' is clicked on

2021-12-19 14:21:53 - [TEST_STEP][PASSED] - setText(findTestObject("Page_PSTO webMessenger - Zalogowano/input_Leszek Kowalski_messageInput"), "e"): Text 'e' is set on object 'Object Repository/Page_PSTO webMessenger - Zalogowano/input_Leszek Kowalski_messageInput'

2021-12-19 14:21:53 - [MESSAGE][PASSED] - Text 'e' is set on object 'Object Repository/Page_PSTO webMessenger - Zalogowano/input_Leszek Kowalski_messageInput'

2021-12-19 14:21:53 - [TEST_STEP][PASSED] - click(findTestObject("Page_PSTO webMessenger - Zalogowano/img_Leszek Kowalski_sendButton")): Object: 'Object Repository/Page_PSTO webMessenger - Zalogowano/img_Leszek Kowalski_sendButton' is clicked on

2021-12-19 14:21:54 - [MESSAGE][PASSED] - Object: 'Object Repository/Page_PSTO webMessenger - Zalogowano/img_Leszek Kowalski_sendButton' is clicked on

2021-12-19 14:21:54 - [TEST_STEP][PASSED] - setText(findTestObject("Page_PSTO webMessenger - Zalogowano/input_Leszek Kowalski_messageInput"), "e"): Text 'e' is set on object 'Object Repository/Page_PSTO webMessenger - Zalogowano/input_Leszek Kowalski_messageInput'

2021-12-19 14:21:55 - [MESSAGE][PASSED] - Text 'e' is set on object 'Object Repository/Page_PSTO webMessenger - Zalogowano/input_Leszek Kowalski_messageInput'

2021-12-19 14:21:55 - [TEST_STEP][PASSED] - click(findTestObject("Page_PSTO webMessenger - Zalogowano/img_Leszek Kowalski_sendButton")): Object: 'Object Repository/Page_PSTO webMessenger - Zalogowano/img_Leszek Kowalski_sendButton' is clicked on

2021-12-19 14:21:55 - [MESSAGE][PASSED] - Object: 'Object Repository/Page_PSTO webMessenger - Zalogowano/img_Leszek Kowalski_sendButton' is clicked on

2021-12-19 14:21:55 - [TEST_STEP][PASSED] - setText(findTestObject("Page_PSTO webMessenger - Zalogowano/input_Leszek Kowalski_messageInput"), "e"): Text 'e' is set on object 'Object Repository/Page_PSTO webMessenger - Zalogowano/input_Leszek Kowalski_messageInput'

2021-12-19 14:21:56 - [MESSAGE][PASSED] - Text 'e' is set on object 'Object Repository/Page_PSTO webMessenger - Zalogowano/input_Leszek Kowalski_messageInput'

2021-12-19 14:21:56 - [TEST_STEP][PASSED] - click(findTestObject("Page_PSTO webMessenger - Zalogowano/img_Leszek Kowalski_sendButton")): Object: 'Object Repository/Page_PSTO webMessenger - Zalogowano/img_Leszek Kowalski_sendButton' is clicked on

2021-12-19 14:21:57 - [MESSAGE][PASSED] - Object: 'Object Repository/Page_PSTO webMessenger - Zalogowano/img_Leszek Kowalski_sendButton' is clicked on

2021-12-19 14:21:57 - [TEST_STEP][PASSED] - setText(findTestObject("Page_PSTO webMessenger - Zalogowano/input_Leszek Kowalski_messageInput"), "e"): Text 'e' is set on object 'Object Repository/Page_PSTO webMessenger - Zalogowano/input_Leszek Kowalski_messageInput'

2021-12-19 14:21:58 - [MESSAGE][PASSED] - Text 'e' is set on object 'Object Repository/Page_PSTO webMessenger - Zalogowano/input_Leszek Kowalski_messageInput'

2021-12-19 14:21:58 - [TEST_STEP][PASSED] - click(findTestObject("Page_PSTO webMessenger - Zalogowano/img_Leszek Kowalski_sendButton")): Object: 'Object Repository/Page_PSTO webMessenger - Zalogowano/img_Leszek Kowalski_sendButton' is clicked on

2021-12-19 14:21:59 - [MESSAGE][PASSED] - Object: 'Object Repository/Page_PSTO webMessenger - Zalogowano/img_Leszek Kowalski_sendButton' is clicked on

2021-12-19 14:21:59 - [TEST_STEP][PASSED] - setText(findTestObject("Page_PSTO webMessenger - Zalogowano/input_Leszek Kowalski_messageInput"), "e"): Text 'e' is set on object 'Object Repository/Page_PSTO webMessenger - Zalogowano/input_Leszek Kowalski_messageInput'

2021-12-19 14:21:59 - [MESSAGE][PASSED] - Text 'e' is set on object 'Object Repository/Page_PSTO webMessenger - Zalogowano/input_Leszek Kowalski_messageInput'

2021-12-19 14:21:59 - [TEST_STEP][PASSED] - click(findTestObject("Page_PSTO webMessenger - Zalogowano/img_Leszek Kowalski_sendButton")): Object: 'Object Repository/Page_PSTO webMessenger - Zalogowano/img_Leszek Kowalski_sendButton' is clicked on

2021-12-19 14:22:00 - [MESSAGE][PASSED] - Object: 'Object Repository/Page_PSTO webMessenger - Zalogowano/img_Leszek Kowalski_sendButton' is clicked on

2021-12-19 14:22:00 - [TEST_STEP][PASSED] - setText(findTestObject("Page_PSTO webMessenger - Zalogowano/input_Leszek Kowalski_messageInput"), "e"): Text 'e' is set on object 'Object Repository/Page_PSTO webMessenger - Zalogowano/input_Leszek Kowalski_messageInput'

2021-12-19 14:22:01 - [MESSAGE][PASSED] - Text 'e' is set on object 'Object Repository/Page_PSTO webMessenger - Zalogowano/input_Leszek Kowalski_messageInput'

2021-12-19 14:22:01 - [TEST_STEP][PASSED] - click(findTestObject("Page_PSTO webMessenger - Zalogowano/img_Leszek Kowalski_sendButton")): Object: 'Object Repository/Page_PSTO webMessenger - Zalogowano/img_Leszek Kowalski_sendButton' is clicked on

2021-12-19 14:22:01 - [MESSAGE][PASSED] - Object: 'Object Repository/Page_PSTO webMessenger - Zalogowano/img_Leszek Kowalski_sendButton' is clicked on

2021-12-19 14:22:01 - [TEST_STEP][PASSED] - setText(findTestObject("Page_PSTO webMessenger - Zalogowano/input_Leszek Kowalski_messageInput"), "e"): Text 'e' is set on object 'Object Repository/Page_PSTO webMessenger - Zalogowano/input_Leszek Kowalski_messageInput'

2021-12-19 14:22:03 - [MESSAGE][PASSED] - Text 'e' is set on object 'Object Repository/Page_PSTO webMessenger - Zalogowano/input_Leszek Kowalski_messageInput'

2021-12-19 14:22:03 - [TEST_STEP][PASSED] - click(findTestObject("Page_PSTO webMessenger - Zalogowano/img_Leszek Kowalski_sendButton")): Object: 'Object Repository/Page_PSTO webMessenger - Zalogowano/img_Leszek Kowalski_sendButton' is clicked on

2021-12-19 14:22:04 - [MESSAGE][PASSED] - Object: 'Object Repository/Page_PSTO webMessenger - Zalogowano/img_Leszek Kowalski_sendButton' is clicked on

2021-12-19 14:22:04 - [TEST_STEP][PASSED] - setText(findTestObject("Page_PSTO webMessenger - Zalogowano/input_Leszek Kowalski_messageInput"), "e"): Text 'e' is set on object 'Object Repository/Page_PSTO webMessenger - Zalogowano/input_Leszek Kowalski_messageInput'

2021-12-19 14:22:05 - [MESSAGE][PASSED] - Text 'e' is set on object 'Object Repository/Page_PSTO webMessenger - Zalogowano/input_Leszek Kowalski_messageInput'

2021-12-19 14:22:05 - [TEST_STEP][PASSED] - click(findTestObject("Page_PSTO webMessenger - Zalogowano/img_Leszek Kowalski_sendButton")): Object: 'Object Repository/Page_PSTO webMessenger - Zalogowano/img_Leszek Kowalski_sendButton' is clicked on

2021-12-19 14:22:05 - [MESSAGE][PASSED] - Object: 'Object Repository/Page_PSTO webMessenger - Zalogowano/img_Leszek Kowalski_sendButton' is clicked on

2021-12-19 14:22:05 - [TEST_STEP][PASSED] - setText(findTestObject("Page_PSTO webMessenger - Zalogowano/input_Leszek Kowalski_messageInput"), "e"): Text 'e' is set on object 'Object Repository/Page_PSTO webMessenger - Zalogowano/input_Leszek Kowalski_messageInput'

2021-12-19 14:22:06 - [MESSAGE][PASSED] - Text 'e' is set on object 'Object Repository/Page_PSTO webMessenger - Zalogowano/input_Leszek Kowalski_messageInput'

2021-12-19 14:22:06 - [TEST_STEP][PASSED] - click(findTestObject("Page_PSTO webMessenger - Zalogowano/img_Leszek Kowalski_sendButton")): Object: 'Object Repository/Page_PSTO webMessenger - Zalogowano/img_Leszek Kowalski_sendButton' is clicked on

2021-12-19 14:22:07 - [MESSAGE][PASSED] - Object: 'Object Repository/Page_PSTO webMessenger - Zalogowano/img_Leszek Kowalski_sendButton' is clicked on

2021-12-19 14:22:07 - [TEST_STEP][PASSED] - setText(findTestObject("Page_PSTO webMessenger - Zalogowano/input_Leszek Kowalski_messageInput"), "e"): Text 'e' is set on object 'Object Repository/Page_PSTO webMessenger - Zalogowano/input_Leszek Kowalski_messageInput'

2021-12-19 14:22:08 - [MESSAGE][PASSED] - Text 'e' is set on object 'Object Repository/Page_PSTO webMessenger - Zalogowano/input_Leszek Kowalski_messageInput'

2021-12-19 14:22:08 - [TEST_STEP][PASSED] - click(findTestObject("Page_PSTO webMessenger - Zalogowano/img_Leszek Kowalski_sendButton")): Object: 'Object Repository/Page_PSTO webMessenger - Zalogowano/img_Leszek Kowalski_sendButton' is clicked on

2021-12-19 14:22:09 - [MESSAGE][PASSED] - Object: 'Object Repository/Page_PSTO webMessenger - Zalogowano/img_Leszek Kowalski_sendButton' is clicked on

2021-12-19 14:22:09 - [TEST_STEP][PASSED] - setText(findTestObject("Page_PSTO webMessenger - Zalogowano/input_Leszek Kowalski_messageInput"), "e"): Text 'e' is set on object 'Object Repository/Page_PSTO webMessenger - Zalogowano/input_Leszek Kowalski_messageInput'

2021-12-19 14:22:09 - [MESSAGE][PASSED] - Text 'e' is set on object 'Object Repository/Page_PSTO webMessenger - Zalogowano/input_Leszek Kowalski_messageInput'

2021-12-19 14:22:09 - [TEST_STEP][PASSED] - click(findTestObject("Page_PSTO webMessenger - Zalogowano/img_Leszek Kowalski_sendButton")): Object: 'Object Repository/Page_PSTO webMessenger - Zalogowano/img_Leszek Kowalski_sendButton' is clicked on

2021-12-19 14:22:10 - [MESSAGE][PASSED] - Object: 'Object Repository/Page_PSTO webMessenger - Zalogowano/img_Leszek Kowalski_sendButton' is clicked on

2021-12-19 14:22:10 - [TEST_STEP][PASSED] - setText(findTestObject("Page_PSTO webMessenger - Zalogowano/input_Leszek Kowalski_messageInput"), "e"): Text 'e' is set on object 'Object Repository/Page_PSTO webMessenger - Zalogowano/input_Leszek Kowalski_messageInput'

2021-12-19 14:22:11 - [MESSAGE][PASSED] - Text 'e' is set on object 'Object Repository/Page_PSTO webMessenger - Zalogowano/input_Leszek Kowalski_messageInput'

2021-12-19 14:22:11 - [TEST_STEP][PASSED] - click(findTestObject("Page_PSTO webMessenger - Zalogowano/img_Leszek Kowalski_sendButton")): Object: 'Object Repository/Page_PSTO webMessenger - Zalogowano/img_Leszek Kowalski_sendButton' is clicked on

2021-12-19 14:22:11 - [MESSAGE][PASSED] - Object: 'Object Repository/Page_PSTO webMessenger - Zalogowano/img_Leszek Kowalski_sendButton' is clicked on

2021-12-19 14:22:11 - [TEST_STEP][PASSED] - setText(findTestObject("Page_PSTO webMessenger - Zalogowano/input_Leszek Kowalski_messageInput"), "e"): Text 'e' is set on object 'Object Repository/Page_PSTO webMessenger - Zalogowano/input_Leszek Kowalski_messageInput'

2021-12-19 14:22:13 - [MESSAGE][PASSED] - Text 'e' is set on object 'Object Repository/Page_PSTO webMessenger - Zalogowano/input_Leszek Kowalski_messageInput'

2021-12-19 14:22:13 - [TEST_STEP][PASSED] - click(findTestObject("Page_PSTO webMessenger - Zalogowano/img_Leszek Kowalski_sendButton")): Object: 'Object Repository/Page_PSTO webMessenger - Zalogowano/img_Leszek Kowalski_sendButton' is clicked on

2021-12-19 14:22:14 - [MESSAGE][PASSED] - Object: 'Object Repository/Page_PSTO webMessenger - Zalogowano/img_Leszek Kowalski_sendButton' is clicked on

2021-12-19 14:22:14 - [TEST_STEP][PASSED] - setText(findTestObject("Page_PSTO webMessenger - Zalogowano/input_Leszek Kowalski_messageInput"), "e"): Text 'e' is set on object 'Object Repository/Page_PSTO webMessenger - Zalogowano/input_Leszek Kowalski_messageInput'

2021-12-19 14:22:14 - [MESSAGE][PASSED] - Text 'e' is set on object 'Object Repository/Page_PSTO webMessenger - Zalogowano/input_Leszek Kowalski_messageInput'

2021-12-19 14:22:14 - [TEST_STEP][PASSED] - click(findTestObject("Page_PSTO webMessenger - Zalogowano/img_Leszek Kowalski_sendButton")): Object: 'Object Repository/Page_PSTO webMessenger - Zalogowano/img_Leszek Kowalski_sendButton' is clicked on

2021-12-19 14:22:15 - [MESSAGE][PASSED] - Object: 'Object Repository/Page_PSTO webMessenger - Zalogowano/img_Leszek Kowalski_sendButton' is clicked on

2021-12-19 14:22:15 - [TEST_STEP][PASSED] - setText(findTestObject("Page_PSTO webMessenger - Zalogowano/input_Leszek Kowalski_messageInput"), "e"): Text 'e' is set on object 'Object Repository/Page_PSTO webMessenger - Zalogowano/input_Leszek Kowalski_messageInput'

2021-12-19 14:22:16 - [MESSAGE][PASSED] - Text 'e' is set on object 'Object Repository/Page_PSTO webMessenger - Zalogowano/input_Leszek Kowalski_messageInput'

2021-12-19 14:22:16 - [TEST_STEP][PASSED] - click(findTestObject("Page_PSTO webMessenger - Zalogowano/img_Leszek Kowalski_sendButton")): Object: 'Object Repository/Page_PSTO webMessenger - Zalogowano/img_Leszek Kowalski_sendButton' is clicked on

2021-12-19 14:22:16 - [MESSAGE][PASSED] - Object: 'Object Repository/Page_PSTO webMessenger - Zalogowano/img_Leszek Kowalski_sendButton' is clicked on

2021-12-19 14:22:16 - [TEST_STEP][PASSED] - setText(findTestObject("Page_PSTO webMessenger - Zalogowano/input_Leszek Kowalski_messageInput"), "e"): Text 'e' is set on object 'Object Repository/Page_PSTO webMessenger - Zalogowano/input_Leszek Kowalski_messageInput'

2021-12-19 14:22:17 - [MESSAGE][PASSED] - Text 'e' is set on object 'Object Repository/Page_PSTO webMessenger - Zalogowano/input_Leszek Kowalski_messageInput'

2021-12-19 14:22:17 - [TEST_STEP][PASSED] - click(findTestObject("Page_PSTO webMessenger - Zalogowano/img_Leszek Kowalski_sendButton")): Object: 'Object Repository/Page_PSTO webMessenger - Zalogowano/img_Leszek Kowalski_sendButton' is clicked on

2021-12-19 14:22:18 - [MESSAGE][PASSED] - Object: 'Object Repository/Page_PSTO webMessenger - Zalogowano/img_Leszek Kowalski_sendButton' is clicked on

2021-12-19 14:22:18 - [TEST_STEP][PASSED] - setText(findTestObject("Page_PSTO webMessenger - Zalogowano/input_Leszek Kowalski_messageInput"), "e"): Text 'e' is set on object 'Object Repository/Page_PSTO webMessenger - Zalogowano/input_Leszek Kowalski_messageInput'

2021-12-19 14:22:19 - [MESSAGE][PASSED] - Text 'e' is set on object 'Object Repository/Page_PSTO webMessenger - Zalogowano/input_Leszek Kowalski_messageInput'

2021-12-19 14:22:19 - [TEST_STEP][PASSED] - click(findTestObject("Page_PSTO webMessenger - Zalogowano/img_Leszek Kowalski_sendButton")): Object: 'Object Repository/Page_PSTO webMessenger - Zalogowano/img_Leszek Kowalski_sendButton' is clicked on

2021-12-19 14:22:20 - [MESSAGE][PASSED] - Object: 'Object Repository/Page_PSTO webMessenger - Zalogowano/img_Leszek Kowalski_sendButton' is clicked on

2021-12-19 14:22:20 - [TEST_STEP][PASSED] - setText(findTestObject("Page_PSTO webMessenger - Zalogowano/input_Leszek Kowalski_messageInput"), "e"): Text 'e' is set on object 'Object Repository/Page_PSTO webMessenger - Zalogowano/input_Leszek Kowalski_messageInput'

2021-12-19 14:22:20 - [MESSAGE][PASSED] - Text 'e' is set on object 'Object Repository/Page_PSTO webMessenger - Zalogowano/input_Leszek Kowalski_messageInput'

2021-12-19 14:22:20 - [TEST_STEP][PASSED] - click(findTestObject("Page_PSTO webMessenger - Zalogowano/img_Leszek Kowalski_sendButton")): Object: 'Object Repository/Page_PSTO webMessenger - Zalogowano/img_Leszek Kowalski_sendButton' is clicked on

2021-12-19 14:22:21 - [MESSAGE][PASSED] - Object: 'Object Repository/Page_PSTO webMessenger - Zalogowano/img_Leszek Kowalski_sendButton' is clicked on

2021-12-19 14:22:21 - [TEST_STEP][PASSED] - setText(findTestObject("Page_PSTO webMessenger - Zalogowano/input_Leszek Kowalski_messageInput"), "e"): Text 'e' is set on object 'Object Repository/Page_PSTO webMessenger - Zalogowano/input_Leszek Kowalski_messageInput'

2021-12-19 14:22:22 - [MESSAGE][PASSED] - Text 'e' is set on object 'Object Repository/Page_PSTO webMessenger - Zalogowano/input_Leszek Kowalski_messageInput'

2021-12-19 14:22:22 - [TEST_STEP][PASSED] - click(findTestObject("Page_PSTO webMessenger - Zalogowano/img_Leszek Kowalski_sendButton")): Object: 'Object Repository/Page_PSTO webMessenger - Zalogowano/img_Leszek Kowalski_sendButton' is clicked on

2021-12-19 14:22:23 - [MESSAGE][PASSED] - Object: 'Object Repository/Page_PSTO webMessenger - Zalogowano/img_Leszek Kowalski_sendButton' is clicked on

2021-12-19 14:22:23 - [TEST_STEP][PASSED] - setText(findTestObject("Page_PSTO webMessenger - Zalogowano/input_Leszek Kowalski_messageInput"), "e"): Text 'e' is set on object 'Object Repository/Page_PSTO webMessenger - Zalogowano/input_Leszek Kowalski_messageInput'

2021-12-19 14:22:24 - [MESSAGE][PASSED] - Text 'e' is set on object 'Object Repository/Page_PSTO webMessenger - Zalogowano/input_Leszek Kowalski_messageInput'

2021-12-19 14:22:24 - [TEST_STEP][PASSED] - click(findTestObject("Page_PSTO webMessenger - Zalogowano/img_Leszek Kowalski_sendButton")): Object: 'Object Repository/Page_PSTO webMessenger - Zalogowano/img_Leszek Kowalski_sendButton' is clicked on

2021-12-19 14:22:25 - [MESSAGE][PASSED] - Object: 'Object Repository/Page_PSTO webMessenger - Zalogowano/img_Leszek Kowalski_sendButton' is clicked on

2021-12-19 14:22:25 - [TEST_STEP][PASSED] - setText(findTestObject("Page_PSTO webMessenger - Zalogowano/input_Leszek Kowalski_messageInput"), "e"): Text 'e' is set on object 'Object Repository/Page_PSTO webMessenger - Zalogowano/input_Leszek Kowalski_messageInput'

2021-12-19 14:22:25 - [MESSAGE][PASSED] - Text 'e' is set on object 'Object Repository/Page_PSTO webMessenger - Zalogowano/input_Leszek Kowalski_messageInput'

2021-12-19 14:22:25 - [TEST_STEP][PASSED] - click(findTestObject("Page_PSTO webMessenger - Zalogowano/img_Leszek Kowalski_sendButton")): Object: 'Object Repository/Page_PSTO webMessenger - Zalogowano/img_Leszek Kowalski_sendButton' is clicked on

2021-12-19 14:22:26 - [MESSAGE][PASSED] - Object: 'Object Repository/Page_PSTO webMessenger - Zalogowano/img_Leszek Kowalski_sendButton' is clicked on

2021-12-19 14:22:26 - [TEST_STEP][PASSED] - setText(findTestObject("Page_PSTO webMessenger - Zalogowano/input_Leszek Kowalski_messageInput"), "e"): Text 'e' is set on object 'Object Repository/Page_PSTO webMessenger - Zalogowano/input_Leszek Kowalski_messageInput'

2021-12-19 14:22:27 - [MESSAGE][PASSED] - Text 'e' is set on object 'Object Repository/Page_PSTO webMessenger - Zalogowano/input_Leszek Kowalski_messageInput'

2021-12-19 14:22:27 - [TEST_STEP][PASSED] - click(findTestObject("Page_PSTO webMessenger - Zalogowano/img_Leszek Kowalski_sendButton")): Object: 'Object Repository/Page_PSTO webMessenger - Zalogowano/img_Leszek Kowalski_sendButton' is clicked on

2021-12-19 14:22:28 - [MESSAGE][PASSED] - Object: 'Object Repository/Page_PSTO webMessenger - Zalogowano/img_Leszek Kowalski_sendButton' is clicked on

2021-12-19 14:22:28 - [TEST_STEP][PASSED] - setText(findTestObject("Page_PSTO webMessenger - Zalogowano/input_Leszek Kowalski_messageInput"), "e"): Text 'e' is set on object 'Object Repository/Page_PSTO webMessenger - Zalogowano/input_Leszek Kowalski_messageInput'

2021-12-19 14:22:29 - [MESSAGE][PASSED] - Text 'e' is set on object 'Object Repository/Page_PSTO webMessenger - Zalogowano/input_Leszek Kowalski_messageInput'

2021-12-19 14:22:29 - [TEST_STEP][PASSED] - click(findTestObject("Page_PSTO webMessenger - Zalogowano/img_Leszek Kowalski_sendButton")): Object: 'Object Repository/Page_PSTO webMessenger - Zalogowano/img_Leszek Kowalski_sendButton' is clicked on

2021-12-19 14:22:30 - [MESSAGE][PASSED] - Object: 'Object Repository/Page_PSTO webMessenger - Zalogowano/img_Leszek Kowalski_sendButton' is clicked on

2021-12-19 14:22:30 - [TEST_STEP][PASSED] - setText(findTestObject("Page_PSTO webMessenger - Zalogowano/input_Leszek Kowalski_messageInput"), "e"): Text 'e' is set on object 'Object Repository/Page_PSTO webMessenger - Zalogowano/input_Leszek Kowalski_messageInput'

2021-12-19 14:22:30 - [MESSAGE][PASSED] - Text 'e' is set on object 'Object Repository/Page_PSTO webMessenger - Zalogowano/input_Leszek Kowalski_messageInput'

2021-12-19 14:22:30 - [TEST_STEP][PASSED] - click(findTestObject("Page_PSTO webMessenger - Zalogowano/img_Leszek Kowalski_sendButton")): Object: 'Object Repository/Page_PSTO webMessenger - Zalogowano/img_Leszek Kowalski_sendButton' is clicked on

2021-12-19 14:22:31 - [MESSAGE][PASSED] - Object: 'Object Repository/Page_PSTO webMessenger - Zalogowano/img_Leszek Kowalski_sendButton' is clicked on

2021-12-19 14:22:31 - [TEST_STEP][PASSED] - setText(findTestObject("Page_PSTO webMessenger - Zalogowano/input_Leszek Kowalski_messageInput"), "e"): Text 'e' is set on object 'Object Repository/Page_PSTO webMessenger - Zalogowano/input_Leszek Kowalski_messageInput'

2021-12-19 14:22:32 - [MESSAGE][PASSED] - Text 'e' is set on object 'Object Repository/Page_PSTO webMessenger - Zalogowano/input_Leszek Kowalski_messageInput'

2021-12-19 14:22:32 - [TEST_STEP][PASSED] - click(findTestObject("Page_PSTO webMessenger - Zalogowano/img_Leszek Kowalski_sendButton")): Object: 'Object Repository/Page_PSTO webMessenger - Zalogowano/img_Leszek Kowalski_sendButton' is clicked on

2021-12-19 14:22:33 - [MESSAGE][PASSED] - Object: 'Object Repository/Page_PSTO webMessenger - Zalogowano/img_Leszek Kowalski_sendButton' is clicked on

2021-12-19 14:22:33 - [TEST_STEP][PASSED] - setText(findTestObject("Page_PSTO webMessenger - Zalogowano/input_Leszek Kowalski_messageInput"), "e"): Text 'e' is set on object 'Object Repository/Page_PSTO webMessenger - Zalogowano/input_Leszek Kowalski_messageInput'

2021-12-19 14:22:34 - [MESSAGE][PASSED] - Text 'e' is set on object 'Object Repository/Page_PSTO webMessenger - Zalogowano/input_Leszek Kowalski_messageInput'

2021-12-19 14:22:34 - [TEST_STEP][PASSED] - click(findTestObject("Page_PSTO webMessenger - Zalogowano/img_Leszek Kowalski_sendButton")): Object: 'Object Repository/Page_PSTO webMessenger - Zalogowano/img_Leszek Kowalski_sendButton' is clicked on

2021-12-19 14:22:35 - [MESSAGE][PASSED] - Object: 'Object Repository/Page_PSTO webMessenger - Zalogowano/img_Leszek Kowalski_sendButton' is clicked on

2021-12-19 14:22:35 - [TEST_STEP][PASSED] - setText(findTestObject("Page_PSTO webMessenger - Zalogowano/input_Leszek Kowalski_messageInput"), "e"): Text 'e' is set on object 'Object Repository/Page_PSTO webMessenger - Zalogowano/input_Leszek Kowalski_messageInput'

2021-12-19 14:22:35 - [MESSAGE][PASSED] - Text 'e' is set on object 'Object Repository/Page_PSTO webMessenger - Zalogowano/input_Leszek Kowalski_messageInput'

2021-12-19 14:22:35 - [TEST_STEP][PASSED] - click(findTestObject("Page_PSTO webMessenger - Zalogowano/img_Leszek Kowalski_sendButton")): Object: 'Object Repository/Page_PSTO webMessenger - Zalogowano/img_Leszek Kowalski_sendButton' is clicked on

2021-12-19 14:22:36 - [MESSAGE][PASSED] - Object: 'Object Repository/Page_PSTO webMessenger - Zalogowano/img_Leszek Kowalski_sendButton' is clicked on

2021-12-19 14:22:36 - [TEST_STEP][PASSED] - setText(findTestObject("Page_PSTO webMessenger - Zalogowano/input_Leszek Kowalski_messageInput"), "e"): Text 'e' is set on object 'Object Repository/Page_PSTO webMessenger - Zalogowano/input_Leszek Kowalski_messageInput'

2021-12-19 14:22:37 - [MESSAGE][PASSED] - Text 'e' is set on object 'Object Repository/Page_PSTO webMessenger - Zalogowano/input_Leszek Kowalski_messageInput'

2021-12-19 14:22:37 - [TEST_STEP][PASSED] - click(findTestObject("Page_PSTO webMessenger - Zalogowano/img_Leszek Kowalski_sendButton")): Object: 'Object Repository/Page_PSTO webMessenger - Zalogowano/img_Leszek Kowalski_sendButton' is clicked on

2021-12-19 14:22:38 - [MESSAGE][PASSED] - Object: 'Object Repository/Page_PSTO webMessenger - Zalogowano/img_Leszek Kowalski_sendButton' is clicked on

2021-12-19 14:22:38 - [TEST_STEP][PASSED] - setText(findTestObject("Page_PSTO webMessenger - Zalogowano/input_Leszek Kowalski_messageInput"), "e"): Text 'e' is set on object 'Object Repository/Page_PSTO webMessenger - Zalogowano/input_Leszek Kowalski_messageInput'

2021-12-19 14:22:39 - [MESSAGE][PASSED] - Text 'e' is set on object 'Object Repository/Page_PSTO webMessenger - Zalogowano/input_Leszek Kowalski_messageInput'

2021-12-19 14:22:39 - [TEST_STEP][PASSED] - click(findTestObject("Page_PSTO webMessenger - Zalogowano/img_Leszek Kowalski_sendButton")): Object: 'Object Repository/Page_PSTO webMessenger - Zalogowano/img_Leszek Kowalski_sendButton' is clicked on

2021-12-19 14:22:40 - [MESSAGE][PASSED] - Object: 'Object Repository/Page_PSTO webMessenger - Zalogowano/img_Leszek Kowalski_sendButton' is clicked on

2021-12-19 14:22:40 - [TEST_STEP][PASSED] - setText(findTestObject("Page_PSTO webMessenger - Zalogowano/input_Leszek Kowalski_messageInput"), "e"): Text 'e' is set on object 'Object Repository/Page_PSTO webMessenger - Zalogowano/input_Leszek Kowalski_messageInput'

2021-12-19 14:22:40 - [MESSAGE][PASSED] - Text 'e' is set on object 'Object Repository/Page_PSTO webMessenger - Zalogowano/input_Leszek Kowalski_messageInput'

2021-12-19 14:22:40 - [TEST_STEP][PASSED] - click(findTestObject("Page_PSTO webMessenger - Zalogowano/img_Leszek Kowalski_sendButton")): Object: 'Object Repository/Page_PSTO webMessenger - Zalogowano/img_Leszek Kowalski_sendButton' is clicked on

2021-12-19 14:22:41 - [MESSAGE][PASSED] - Object: 'Object Repository/Page_PSTO webMessenger - Zalogowano/img_Leszek Kowalski_sendButton' is clicked on

2021-12-19 14:22:41 - [TEST_STEP][PASSED] - setText(findTestObject("Page_PSTO webMessenger - Zalogowano/input_Leszek Kowalski_messageInput"), "e"): Text 'e' is set on object 'Object Repository/Page_PSTO webMessenger - Zalogowano/input_Leszek Kowalski_messageInput'

2021-12-19 14:22:42 - [MESSAGE][PASSED] - Text 'e' is set on object 'Object Repository/Page_PSTO webMessenger - Zalogowano/input_Leszek Kowalski_messageInput'

2021-12-19 14:22:42 - [TEST_STEP][PASSED] - click(findTestObject("Page_PSTO webMessenger - Zalogowano/img_Leszek Kowalski_sendButton")): Object: 'Object Repository/Page_PSTO webMessenger - Zalogowano/img_Leszek Kowalski_sendButton' is clicked on

2021-12-19 14:22:43 - [MESSAGE][PASSED] - Object: 'Object Repository/Page_PSTO webMessenger - Zalogowano/img_Leszek Kowalski_sendButton' is clicked on

2021-12-19 14:22:43 - [TEST_STEP][PASSED] - setText(findTestObject("Page_PSTO webMessenger - Zalogowano/input_Leszek Kowalski_messageInput"), "e"): Text 'e' is set on object 'Object Repository/Page_PSTO webMessenger - Zalogowano/input_Leszek Kowalski_messageInput'

2021-12-19 14:22:44 - [MESSAGE][PASSED] - Text 'e' is set on object 'Object Repository/Page_PSTO webMessenger - Zalogowano/input_Leszek Kowalski_messageInput'

2021-12-19 14:22:44 - [TEST_STEP][PASSED] - click(findTestObject("Page_PSTO webMessenger - Zalogowano/img_Leszek Kowalski_sendButton")): Object: 'Object Repository/Page_PSTO webMessenger - Zalogowano/img_Leszek Kowalski_sendButton' is clicked on

2021-12-19 14:22:45 - [MESSAGE][PASSED] - Object: 'Object Repository/Page_PSTO webMessenger - Zalogowano/img_Leszek Kowalski_sendButton' is clicked on

2021-12-19 14:22:45 - [TEST_STEP][PASSED] - setText(findTestObject("Page_PSTO webMessenger - Zalogowano/input_Leszek Kowalski_messageInput"), "e"): Text 'e' is set on object 'Object Repository/Page_PSTO webMessenger - Zalogowano/input_Leszek Kowalski_messageInput'

2021-12-19 14:22:45 - [MESSAGE][PASSED] - Text 'e' is set on object 'Object Repository/Page_PSTO webMessenger - Zalogowano/input_Leszek Kowalski_messageInput'

2021-12-19 14:22:45 - [TEST_STEP][PASSED] - click(findTestObject("Page_PSTO webMessenger - Zalogowano/img_Leszek Kowalski_sendButton")): Object: 'Object Repository/Page_PSTO webMessenger - Zalogowano/img_Leszek Kowalski_sendButton' is clicked on

2021-12-19 14:22:46 - [MESSAGE][PASSED] - Object: 'Object Repository/Page_PSTO webMessenger - Zalogowano/img_Leszek Kowalski_sendButton' is clicked on

2021-12-19 14:22:46 - [TEST_STEP][PASSED] - setText(findTestObject("Page_PSTO webMessenger - Zalogowano/input_Leszek Kowalski_messageInput"), "e"): Text 'e' is set on object 'Object Repository/Page_PSTO webMessenger - Zalogowano/input_Leszek Kowalski_messageInput'

2021-12-19 14:22:47 - [MESSAGE][PASSED] - Text 'e' is set on object 'Object Repository/Page_PSTO webMessenger - Zalogowano/input_Leszek Kowalski_messageInput'

2021-12-19 14:22:47 - [TEST_STEP][PASSED] - click(findTestObject("Page_PSTO webMessenger - Zalogowano/img_Leszek Kowalski_sendButton")): Object: 'Object Repository/Page_PSTO webMessenger - Zalogowano/img_Leszek Kowalski_sendButton' is clicked on

2021-12-19 14:22:48 - [MESSAGE][PASSED] - Object: 'Object Repository/Page_PSTO webMessenger - Zalogowano/img_Leszek Kowalski_sendButton' is clicked on

2021-12-19 14:22:48 - [TEST_STEP][PASSED] - setText(findTestObject("Page_PSTO webMessenger - Zalogowano/input_Leszek Kowalski_messageInput"), "e"): Text 'e' is set on object 'Object Repository/Page_PSTO webMessenger - Zalogowano/input_Leszek Kowalski_messageInput'

2021-12-19 14:22:49 - [MESSAGE][PASSED] - Text 'e' is set on object 'Object Repository/Page_PSTO webMessenger - Zalogowano/input_Leszek Kowalski_messageInput'

2021-12-19 14:22:49 - [TEST_STEP][PASSED] - click(findTestObject("Page_PSTO webMessenger - Zalogowano/img_Leszek Kowalski_sendButton")): Object: 'Object Repository/Page_PSTO webMessenger - Zalogowano/img_Leszek Kowalski_sendButton' is clicked on

2021-12-19 14:22:50 - [MESSAGE][PASSED] - Object: 'Object Repository/Page_PSTO webMessenger - Zalogowano/img_Leszek Kowalski_sendButton' is clicked on

2021-12-19 14:22:50 - [TEST_STEP][PASSED] - setText(findTestObject("Page_PSTO webMessenger - Zalogowano/input_Leszek Kowalski_messageInput"), "e"): Text 'e' is set on object 'Object Repository/Page_PSTO webMessenger - Zalogowano/input_Leszek Kowalski_messageInput'

2021-12-19 14:22:50 - [MESSAGE][PASSED] - Text 'e' is set on object 'Object Repository/Page_PSTO webMessenger - Zalogowano/input_Leszek Kowalski_messageInput'

2021-12-19 14:22:50 - [TEST_STEP][PASSED] - click(findTestObject("Page_PSTO webMessenger - Zalogowano/img_Leszek Kowalski_sendButton")): Object: 'Object Repository/Page_PSTO webMessenger - Zalogowano/img_Leszek Kowalski_sendButton' is clicked on

2021-12-19 14:22:51 - [MESSAGE][PASSED] - Object: 'Object Repository/Page_PSTO webMessenger - Zalogowano/img_Leszek Kowalski_sendButton' is clicked on

2021-12-19 14:22:51 - [TEST_STEP][PASSED] - setText(findTestObject("Page_PSTO webMessenger - Zalogowano/input_Leszek Kowalski_messageInput"), "e"): Text 'e' is set on object 'Object Repository/Page_PSTO webMessenger - Zalogowano/input_Leszek Kowalski_messageInput'

2021-12-19 14:22:52 - [MESSAGE][PASSED] - Text 'e' is set on object 'Object Repository/Page_PSTO webMessenger - Zalogowano/input_Leszek Kowalski_messageInput'

2021-12-19 14:22:52 - [TEST_STEP][PASSED] - click(findTestObject("Page_PSTO webMessenger - Zalogowano/img_Leszek Kowalski_sendButton")): Object: 'Object Repository/Page_PSTO webMessenger - Zalogowano/img_Leszek Kowalski_sendButton' is clicked on

2021-12-19 14:22:53 - [MESSAGE][PASSED] - Object: 'Object Repository/Page_PSTO webMessenger - Zalogowano/img_Leszek Kowalski_sendButton' is clicked on

2021-12-19 14:22:53 - [TEST_STEP][PASSED] - setText(findTestObject("Page_PSTO webMessenger - Zalogowano/input_Leszek Kowalski_messageInput"), "e"): Text 'e' is set on object 'Object Repository/Page_PSTO webMessenger - Zalogowano/input_Leszek Kowalski_messageInput'

2021-12-19 14:22:54 - [MESSAGE][PASSED] - Text 'e' is set on object 'Object Repository/Page_PSTO webMessenger - Zalogowano/input_Leszek Kowalski_messageInput'

2021-12-19 14:22:54 - [TEST_STEP][PASSED] - click(findTestObject("Page_PSTO webMessenger - Zalogowano/img_Leszek Kowalski_sendButton")): Object: 'Object Repository/Page_PSTO webMessenger - Zalogowano/img_Leszek Kowalski_sendButton' is clicked on

2021-12-19 14:22:55 - [MESSAGE][PASSED] - Object: 'Object Repository/Page_PSTO webMessenger - Zalogowano/img_Leszek Kowalski_sendButton' is clicked on

2021-12-19 14:22:55 - [TEST_STEP][PASSED] - setText(findTestObject("Page_PSTO webMessenger - Zalogowano/input_Leszek Kowalski_messageInput"), "e"): Text 'e' is set on object 'Object Repository/Page_PSTO webMessenger - Zalogowano/input_Leszek Kowalski_messageInput'

2021-12-19 14:22:55 - [MESSAGE][PASSED] - Text 'e' is set on object 'Object Repository/Page_PSTO webMessenger - Zalogowano/input_Leszek Kowalski_messageInput'

2021-12-19 14:22:55 - [TEST_STEP][PASSED] - click(findTestObject("Page_PSTO webMessenger - Zalogowano/img_Leszek Kowalski_sendButton")): Object: 'Object Repository/Page_PSTO webMessenger - Zalogowano/img_Leszek Kowalski_sendButton' is clicked on

2021-12-19 14:22:56 - [MESSAGE][PASSED] - Object: 'Object Repository/Page_PSTO webMessenger - Zalogowano/img_Leszek Kowalski_sendButton' is clicked on

2021-12-19 14:22:56 - [TEST_STEP][PASSED] - setText(findTestObject("Page_PSTO webMessenger - Zalogowano/input_Leszek Kowalski_messageInput"), "e"): Text 'e' is set on object 'Object Repository/Page_PSTO webMessenger - Zalogowano/input_Leszek Kowalski_messageInput'

2021-12-19 14:22:57 - [MESSAGE][PASSED] - Text 'e' is set on object 'Object Repository/Page_PSTO webMessenger - Zalogowano/input_Leszek Kowalski_messageInput'

2021-12-19 14:22:57 - [TEST_STEP][PASSED] - click(findTestObject("Page_PSTO webMessenger - Zalogowano/img_Leszek Kowalski_sendButton")): Object: 'Object Repository/Page_PSTO webMessenger - Zalogowano/img_Leszek Kowalski_sendButton' is clicked on

2021-12-19 14:22:58 - [MESSAGE][PASSED] - Object: 'Object Repository/Page_PSTO webMessenger - Zalogowano/img_Leszek Kowalski_sendButton' is clicked on

2021-12-19 14:22:58 - [TEST_STEP][PASSED] - setText(findTestObject("Page_PSTO webMessenger - Zalogowano/input_Leszek Kowalski_messageInput"), "e"): Text 'e' is set on object 'Object Repository/Page_PSTO webMessenger - Zalogowano/input_Leszek Kowalski_messageInput'

2021-12-19 14:22:59 - [MESSAGE][PASSED] - Text 'e' is set on object 'Object Repository/Page_PSTO webMessenger - Zalogowano/input_Leszek Kowalski_messageInput'

2021-12-19 14:22:59 - [TEST_STEP][PASSED] - click(findTestObject("Page_PSTO webMessenger - Zalogowano/img_Leszek Kowalski_sendButton")): Object: 'Object Repository/Page_PSTO webMessenger - Zalogowano/img_Leszek Kowalski_sendButton' is clicked on

2021-12-19 14:23:00 - [MESSAGE][PASSED] - Object: 'Object Repository/Page_PSTO webMessenger - Zalogowano/img_Leszek Kowalski_sendButton' is clicked on

2021-12-19 14:23:00 - [TEST_STEP][PASSED] - setText(findTestObject("Page_PSTO webMessenger - Zalogowano/input_Leszek Kowalski_messageInput"), "e"): Text 'e' is set on object 'Object Repository/Page_PSTO webMessenger - Zalogowano/input_Leszek Kowalski_messageInput'

2021-12-19 14:23:00 - [MESSAGE][PASSED] - Text 'e' is set on object 'Object Repository/Page_PSTO webMessenger - Zalogowano/input_Leszek Kowalski_messageInput'

2021-12-19 14:23:00 - [TEST_STEP][PASSED] - click(findTestObject("Page_PSTO webMessenger - Zalogowano/img_Leszek Kowalski_sendButton")): Object: 'Object Repository/Page_PSTO webMessenger - Zalogowano/img_Leszek Kowalski_sendButton' is clicked on

2021-12-19 14:23:01 - [MESSAGE][PASSED] - Object: 'Object Repository/Page_PSTO webMessenger - Zalogowano/img_Leszek Kowalski_sendButton' is clicked on

2021-12-19 14:23:01 - [TEST_STEP][PASSED] - setText(findTestObject("Page_PSTO webMessenger - Zalogowano/input_Leszek Kowalski_messageInput"), "e"): Text 'e' is set on object 'Object Repository/Page_PSTO webMessenger - Zalogowano/input_Leszek Kowalski_messageInput'

2021-12-19 14:23:02 - [MESSAGE][PASSED] - Text 'e' is set on object 'Object Repository/Page_PSTO webMessenger - Zalogowano/input_Leszek Kowalski_messageInput'

2021-12-19 14:23:02 - [TEST_STEP][PASSED] - click(findTestObject("Page_PSTO webMessenger - Zalogowano/img_Leszek Kowalski_sendButton")): Object: 'Object Repository/Page_PSTO webMessenger - Zalogowano/img_Leszek Kowalski_sendButton' is clicked on

2021-12-19 14:23:04 - [MESSAGE][PASSED] - Object: 'Object Repository/Page_PSTO webMessenger - Zalogowano/img_Leszek Kowalski_sendButton' is clicked on

2021-12-19 14:23:04 - [TEST_STEP][PASSED] - setText(findTestObject("Page_PSTO webMessenger - Zalogowano/input_Leszek Kowalski_messageInput"), "e"): Text 'e' is set on object 'Object Repository/Page_PSTO webMessenger - Zalogowano/input_Leszek Kowalski_messageInput'

2021-12-19 14:23:04 - [MESSAGE][PASSED] - Text 'e' is set on object 'Object Repository/Page_PSTO webMessenger - Zalogowano/input_Leszek Kowalski_messageInput'

2021-12-19 14:23:04 - [TEST_STEP][PASSED] - click(findTestObject("Page_PSTO webMessenger - Zalogowano/img_Leszek Kowalski_sendButton")): Object: 'Object Repository/Page_PSTO webMessenger - Zalogowano/img_Leszek Kowalski_sendButton' is clicked on

2021-12-19 14:23:05 - [MESSAGE][PASSED] - Object: 'Object Repository/Page_PSTO webMessenger - Zalogowano/img_Leszek Kowalski_sendButton' is clicked on

2021-12-19 14:23:05 - [TEST_STEP][PASSED] - setText(findTestObject("Page_PSTO webMessenger - Zalogowano/input_Leszek Kowalski_messageInput"), "e"): Text 'e' is set on object 'Object Repository/Page_PSTO webMessenger - Zalogowano/input_Leszek Kowalski_messageInput'

2021-12-19 14:23:06 - [MESSAGE][PASSED] - Text 'e' is set on object 'Object Repository/Page_PSTO webMessenger - Zalogowano/input_Leszek Kowalski_messageInput'

2021-12-19 14:23:06 - [TEST_STEP][PASSED] - click(findTestObject("Page_PSTO webMessenger - Zalogowano/img_Leszek Kowalski_sendButton")): Object: 'Object Repository/Page_PSTO webMessenger - Zalogowano/img_Leszek Kowalski_sendButton' is clicked on

2021-12-19 14:23:06 - [MESSAGE][PASSED] - Object: 'Object Repository/Page_PSTO webMessenger - Zalogowano/img_Leszek Kowalski_sendButton' is clicked on

2021-12-19 14:23:06 - [TEST_STEP][PASSED] - setText(findTestObject("Page_PSTO webMessenger - Zalogowano/input_Leszek Kowalski_messageInput"), "e"): Text 'e' is set on object 'Object Repository/Page_PSTO webMessenger - Zalogowano/input_Leszek Kowalski_messageInput'

2021-12-19 14:23:08 - [MESSAGE][PASSED] - Text 'e' is set on object 'Object Repository/Page_PSTO webMessenger - Zalogowano/input_Leszek Kowalski_messageInput'

2021-12-19 14:23:08 - [TEST_STEP][PASSED] - click(findTestObject("Page_PSTO webMessenger - Zalogowano/img_Leszek Kowalski_sendButton")): Object: 'Object Repository/Page_PSTO webMessenger - Zalogowano/img_Leszek Kowalski_sendButton' is clicked on

2021-12-19 14:23:08 - [MESSAGE][PASSED] - Object: 'Object Repository/Page_PSTO webMessenger - Zalogowano/img_Leszek Kowalski_sendButton' is clicked on

2021-12-19 14:23:08 - [TEST_STEP][PASSED] - setText(findTestObject("Page_PSTO webMessenger - Zalogowano/input_Leszek Kowalski_messageInput"), "e"): Text 'e' is set on object 'Object Repository/Page_PSTO webMessenger - Zalogowano/input_Leszek Kowalski_messageInput'

2021-12-19 14:23:09 - [MESSAGE][PASSED] - Text 'e' is set on object 'Object Repository/Page_PSTO webMessenger - Zalogowano/input_Leszek Kowalski_messageInput'

2021-12-19 14:23:09 - [TEST_STEP][PASSED] - click(findTestObject("Page_PSTO webMessenger - Zalogowano/img_Leszek Kowalski_sendButton")): Object: 'Object Repository/Page_PSTO webMessenger - Zalogowano/img_Leszek Kowalski_sendButton' is clicked on

2021-12-19 14:23:10 - [MESSAGE][PASSED] - Object: 'Object Repository/Page_PSTO webMessenger - Zalogowano/img_Leszek Kowalski_sendButton' is clicked on

2021-12-19 14:23:10 - [TEST_STEP][PASSED] - setText(findTestObject("Page_PSTO webMessenger - Zalogowano/input_Leszek Kowalski_messageInput"), "e"): Text 'e' is set on object 'Object Repository/Page_PSTO webMessenger - Zalogowano/input_Leszek Kowalski_messageInput'

2021-12-19 14:23:10 - [MESSAGE][PASSED] - Text 'e' is set on object 'Object Repository/Page_PSTO webMessenger - Zalogowano/input_Leszek Kowalski_messageInput'

2021-12-19 14:23:10 - [TEST_STEP][PASSED] - click(findTestObject("Page_PSTO webMessenger - Zalogowano/img_Leszek Kowalski_sendButton")): Object: 'Object Repository/Page_PSTO webMessenger - Zalogowano/img_Leszek Kowalski_sendButton' is clicked on

2021-12-19 14:23:11 - [MESSAGE][PASSED] - Object: 'Object Repository/Page_PSTO webMessenger - Zalogowano/img_Leszek Kowalski_sendButton' is clicked on

2021-12-19 14:23:11 - [TEST_STEP][PASSED] - setText(findTestObject("Page_PSTO webMessenger - Zalogowano/input_Leszek Kowalski_messageInput"), "e"): Text 'e' is set on object 'Object Repository/Page_PSTO webMessenger - Zalogowano/input_Leszek Kowalski_messageInput'

2021-12-19 14:23:12 - [MESSAGE][PASSED] - Text 'e' is set on object 'Object Repository/Page_PSTO webMessenger - Zalogowano/input_Leszek Kowalski_messageInput'

2021-12-19 14:23:12 - [TEST_STEP][PASSED] - click(findTestObject("Page_PSTO webMessenger - Zalogowano/img_Leszek Kowalski_sendButton")): Object: 'Object Repository/Page_PSTO webMessenger - Zalogowano/img_Leszek Kowalski_sendButton' is clicked on

2021-12-19 14:23:13 - [MESSAGE][PASSED] - Object: 'Object Repository/Page_PSTO webMessenger - Zalogowano/img_Leszek Kowalski_sendButton' is clicked on

2021-12-19 14:23:13 - [TEST_STEP][PASSED] - setText(findTestObject("Page_PSTO webMessenger - Zalogowano/input_Leszek Kowalski_messageInput"), "e"): Text 'e' is set on object 'Object Repository/Page_PSTO webMessenger - Zalogowano/input_Leszek Kowalski_messageInput'

2021-12-19 14:23:14 - [MESSAGE][PASSED] - Text 'e' is set on object 'Object Repository/Page_PSTO webMessenger - Zalogowano/input_Leszek Kowalski_messageInput'

2021-12-19 14:23:14 - [TEST_STEP][PASSED] - click(findTestObject("Page_PSTO webMessenger - Zalogowano/img_Leszek Kowalski_sendButton")): Object: 'Object Repository/Page_PSTO webMessenger - Zalogowano/img_Leszek Kowalski_sendButton' is clicked on

2021-12-19 14:23:15 - [MESSAGE][PASSED] - Object: 'Object Repository/Page_PSTO webMessenger - Zalogowano/img_Leszek Kowalski_sendButton' is clicked on

2021-12-19 14:23:15 - [TEST_STEP][PASSED] - setText(findTestObject("Page_PSTO webMessenger - Zalogowano/input_Leszek Kowalski_messageInput"), "e"): Text 'e' is set on object 'Object Repository/Page_PSTO webMessenger - Zalogowano/input_Leszek Kowalski_messageInput'

2021-12-19 14:23:15 - [MESSAGE][PASSED] - Text 'e' is set on object 'Object Repository/Page_PSTO webMessenger - Zalogowano/input_Leszek Kowalski_messageInput'

2021-12-19 14:23:15 - [TEST_STEP][PASSED] - click(findTestObject("Page_PSTO webMessenger - Zalogowano/img_Leszek Kowalski_sendButton")): Object: 'Object Repository/Page_PSTO webMessenger - Zalogowano/img_Leszek Kowalski_sendButton' is clicked on

2021-12-19 14:23:16 - [MESSAGE][PASSED] - Object: 'Object Repository/Page_PSTO webMessenger - Zalogowano/img_Leszek Kowalski_sendButton' is clicked on

2021-12-19 14:23:16 - [TEST_STEP][PASSED] - setText(findTestObject("Page_PSTO webMessenger - Zalogowano/input_Leszek Kowalski_messageInput"), "e"): Text 'e' is set on object 'Object Repository/Page_PSTO webMessenger - Zalogowano/input_Leszek Kowalski_messageInput'

2021-12-19 14:23:17 - [MESSAGE][PASSED] - Text 'e' is set on object 'Object Repository/Page_PSTO webMessenger - Zalogowano/input_Leszek Kowalski_messageInput'

2021-12-19 14:23:17 - [TEST_STEP][PASSED] - click(findTestObject("Page_PSTO webMessenger - Zalogowano/img_Leszek Kowalski_sendButton")): Object: 'Object Repository/Page_PSTO webMessenger - Zalogowano/img_Leszek Kowalski_sendButton' is clicked on

2021-12-19 14:23:20 - [MESSAGE][PASSED] - Object: 'Object Repository/Page_PSTO webMessenger - Zalogowano/img_Leszek Kowalski_sendButton' is clicked on

2021-12-19 14:23:20 - [TEST_STEP][PASSED] - setText(findTestObject("Page_PSTO webMessenger - Zalogowano/input_Leszek Kowalski_messageInput"), "e"): Text 'e' is set on object 'Object Repository/Page_PSTO webMessenger - Zalogowano/input_Leszek Kowalski_messageInput'

2021-12-19 14:23:20 - [MESSAGE][PASSED] - Text 'e' is set on object 'Object Repository/Page_PSTO webMessenger - Zalogowano/input_Leszek Kowalski_messageInput'

2021-12-19 14:23:20 - [TEST_STEP][PASSED] - click(findTestObject("Page_PSTO webMessenger - Zalogowano/img_Leszek Kowalski_sendButton")): Object: 'Object Repository/Page_PSTO webMessenger - Zalogowano/img_Leszek Kowalski_sendButton' is clicked on

2021-12-19 14:23:21 - [MESSAGE][PASSED] - Object: 'Object Repository/Page_PSTO webMessenger - Zalogowano/img_Leszek Kowalski_sendButton' is clicked on

2021-12-19 14:23:21 - [TEST_STEP][PASSED] - setText(findTestObject("Page_PSTO webMessenger - Zalogowano/input_Leszek Kowalski_messageInput"), "e"): Text 'e' is set on object 'Object Repository/Page_PSTO webMessenger - Zalogowano/input_Leszek Kowalski_messageInput'

2021-12-19 14:23:22 - [MESSAGE][PASSED] - Text 'e' is set on object 'Object Repository/Page_PSTO webMessenger - Zalogowano/input_Leszek Kowalski_messageInput'

2021-12-19 14:23:22 - [TEST_STEP][PASSED] - click(findTestObject("Page_PSTO webMessenger - Zalogowano/img_Leszek Kowalski_sendButton")): Object: 'Object Repository/Page_PSTO webMessenger - Zalogowano/img_Leszek Kowalski_sendButton' is clicked on

2021-12-19 14:23:23 - [MESSAGE][PASSED] - Object: 'Object Repository/Page_PSTO webMessenger - Zalogowano/img_Leszek Kowalski_sendButton' is clicked on

2021-12-19 14:23:23 - [TEST_STEP][PASSED] - setText(findTestObject("Page_PSTO webMessenger - Zalogowano/input_Leszek Kowalski_messageInput"), "e"): Text 'e' is set on object 'Object Repository/Page_PSTO webMessenger - Zalogowano/input_Leszek Kowalski_messageInput'

2021-12-19 14:23:24 - [MESSAGE][PASSED] - Text 'e' is set on object 'Object Repository/Page_PSTO webMessenger - Zalogowano/input_Leszek Kowalski_messageInput'

2021-12-19 14:23:24 - [TEST_STEP][PASSED] - click(findTestObject("Page_PSTO webMessenger - Zalogowano/img_Leszek Kowalski_sendButton")): Object: 'Object Repository/Page_PSTO webMessenger - Zalogowano/img_Leszek Kowalski_sendButton' is clicked on

2021-12-19 14:23:25 - [MESSAGE][PASSED] - Object: 'Object Repository/Page_PSTO webMessenger - Zalogowano/img_Leszek Kowalski_sendButton' is clicked on

2021-12-19 14:23:25 - [TEST_STEP][PASSED] - setText(findTestObject("Page_PSTO webMessenger - Zalogowano/input_Leszek Kowalski_messageInput"), "e"): Text 'e' is set on object 'Object Repository/Page_PSTO webMessenger - Zalogowano/input_Leszek Kowalski_messageInput'

2021-12-19 14:23:25 - [MESSAGE][PASSED] - Text 'e' is set on object 'Object Repository/Page_PSTO webMessenger - Zalogowano/input_Leszek Kowalski_messageInput'

2021-12-19 14:23:25 - [TEST_STEP][PASSED] - click(findTestObject("Page_PSTO webMessenger - Zalogowano/img_Leszek Kowalski_sendButton")): Object: 'Object Repository/Page_PSTO webMessenger - Zalogowano/img_Leszek Kowalski_sendButton' is clicked on

2021-12-19 14:23:26 - [MESSAGE][PASSED] - Object: 'Object Repository/Page_PSTO webMessenger - Zalogowano/img_Leszek Kowalski_sendButton' is clicked on

2021-12-19 14:23:26 - [TEST_STEP][PASSED] - setText(findTestObject("Page_PSTO webMessenger - Zalogowano/input_Leszek Kowalski_messageInput"), "e"): Text 'e' is set on object 'Object Repository/Page_PSTO webMessenger - Zalogowano/input_Leszek Kowalski_messageInput'

2021-12-19 14:23:27 - [MESSAGE][PASSED] - Text 'e' is set on object 'Object Repository/Page_PSTO webMessenger - Zalogowano/input_Leszek Kowalski_messageInput'

2021-12-19 14:23:27 - [TEST_STEP][PASSED] - click(findTestObject("Page_PSTO webMessenger - Zalogowano/img_Leszek Kowalski_sendButton")): Object: 'Object Repository/Page_PSTO webMessenger - Zalogowano/img_Leszek Kowalski_sendButton' is clicked on

2021-12-19 14:23:28 - [MESSAGE][PASSED] - Object: 'Object Repository/Page_PSTO webMessenger - Zalogowano/img_Leszek Kowalski_sendButton' is clicked on

2021-12-19 14:23:28 - [TEST_STEP][PASSED] - setText(findTestObject("Page_PSTO webMessenger - Zalogowano/input_Leszek Kowalski_messageInput"), "e"): Text 'e' is set on object 'Object Repository/Page_PSTO webMessenger - Zalogowano/input_Leszek Kowalski_messageInput'

2021-12-19 14:23:29 - [MESSAGE][PASSED] - Text 'e' is set on object 'Object Repository/Page_PSTO webMessenger - Zalogowano/input_Leszek Kowalski_messageInput'

2021-12-19 14:23:29 - [TEST_STEP][PASSED] - click(findTestObject("Page_PSTO webMessenger - Zalogowano/img_Leszek Kowalski_sendButton")): Object: 'Object Repository/Page_PSTO webMessenger - Zalogowano/img_Leszek Kowalski_sendButton' is clicked on

2021-12-19 14:23:30 - [MESSAGE][PASSED] - Object: 'Object Repository/Page_PSTO webMessenger - Zalogowano/img_Leszek Kowalski_sendButton' is clicked on

2021-12-19 14:23:30 - [TEST_STEP][PASSED] - setText(findTestObject("Page_PSTO webMessenger - Zalogowano/input_Leszek Kowalski_messageInput"), "e"): Text 'e' is set on object 'Object Repository/Page_PSTO webMessenger - Zalogowano/input_Leszek Kowalski_messageInput'

2021-12-19 14:23:30 - [MESSAGE][PASSED] - Text 'e' is set on object 'Object Repository/Page_PSTO webMessenger - Zalogowano/input_Leszek Kowalski_messageInput'

2021-12-19 14:23:30 - [TEST_STEP][PASSED] - click(findTestObject("Page_PSTO webMessenger - Zalogowano/img_Leszek Kowalski_sendButton")): Object: 'Object Repository/Page_PSTO webMessenger - Zalogowano/img_Leszek Kowalski_sendButton' is clicked on

2021-12-19 14:23:31 - [MESSAGE][PASSED] - Object: 'Object Repository/Page_PSTO webMessenger - Zalogowano/img_Leszek Kowalski_sendButton' is clicked on

2021-12-19 14:23:31 - [TEST_STEP][PASSED] - setText(findTestObject("Page_PSTO webMessenger - Zalogowano/input_Leszek Kowalski_messageInput"), "e"): Text 'e' is set on object 'Object Repository/Page_PSTO webMessenger - Zalogowano/input_Leszek Kowalski_messageInput'

2021-12-19 14:23:32 - [MESSAGE][PASSED] - Text 'e' is set on object 'Object Repository/Page_PSTO webMessenger - Zalogowano/input_Leszek Kowalski_messageInput'

2021-12-19 14:23:32 - [TEST_STEP][PASSED] - click(findTestObject("Page_PSTO webMessenger - Zalogowano/img_Leszek Kowalski_sendButton")): Object: 'Object Repository/Page_PSTO webMessenger - Zalogowano/img_Leszek Kowalski_sendButton' is clicked on

2021-12-19 14:23:33 - [MESSAGE][PASSED] - Object: 'Object Repository/Page_PSTO webMessenger - Zalogowano/img_Leszek Kowalski_sendButton' is clicked on

2021-12-19 14:23:33 - [TEST_STEP][PASSED] - setText(findTestObject("Page_PSTO webMessenger - Zalogowano/input_Leszek Kowalski_messageInput"), "e"): Text 'e' is set on object 'Object Repository/Page_PSTO webMessenger - Zalogowano/input_Leszek Kowalski_messageInput'

2021-12-19 14:23:34 - [MESSAGE][PASSED] - Text 'e' is set on object 'Object Repository/Page_PSTO webMessenger - Zalogowano/input_Leszek Kowalski_messageInput'

2021-12-19 14:23:34 - [TEST_STEP][PASSED] - click(findTestObject("Page_PSTO webMessenger - Zalogowano/img_Leszek Kowalski_sendButton")): Object: 'Object Repository/Page_PSTO webMessenger - Zalogowano/img_Leszek Kowalski_sendButton' is clicked on

2021-12-19 14:23:35 - [MESSAGE][PASSED] - Object: 'Object Repository/Page_PSTO webMessenger - Zalogowano/img_Leszek Kowalski_sendButton' is clicked on

2021-12-19 14:23:35 - [TEST_STEP][PASSED] - setText(findTestObject("Page_PSTO webMessenger - Zalogowano/input_Leszek Kowalski_messageInput"), "e"): Text 'e' is set on object 'Object Repository/Page_PSTO webMessenger - Zalogowano/input_Leszek Kowalski_messageInput'

2021-12-19 14:23:35 - [MESSAGE][PASSED] - Text 'e' is set on object 'Object Repository/Page_PSTO webMessenger - Zalogowano/input_Leszek Kowalski_messageInput'

2021-12-19 14:23:35 - [TEST_STEP][PASSED] - click(findTestObject("Page_PSTO webMessenger - Zalogowano/img_Leszek Kowalski_sendButton")): Object: 'Object Repository/Page_PSTO webMessenger - Zalogowano/img_Leszek Kowalski_sendButton' is clicked on

2021-12-19 14:23:36 - [MESSAGE][PASSED] - Object: 'Object Repository/Page_PSTO webMessenger - Zalogowano/img_Leszek Kowalski_sendButton' is clicked on

2021-12-19 14:23:36 - [TEST_STEP][PASSED] - setText(findTestObject("Page_PSTO webMessenger - Zalogowano/input_Leszek Kowalski_messageInput"), "e"): Text 'e' is set on object 'Object Repository/Page_PSTO webMessenger - Zalogowano/input_Leszek Kowalski_messageInput'

2021-12-19 14:23:37 - [MESSAGE][PASSED] - Text 'e' is set on object 'Object Repository/Page_PSTO webMessenger - Zalogowano/input_Leszek Kowalski_messageInput'

2021-12-19 14:23:37 - [TEST_STEP][PASSED] - click(findTestObject("Page_PSTO webMessenger - Zalogowano/img_Leszek Kowalski_sendButton")): Object: 'Object Repository/Page_PSTO webMessenger - Zalogowano/img_Leszek Kowalski_sendButton' is clicked on

2021-12-19 14:23:38 - [MESSAGE][PASSED] - Object: 'Object Repository/Page_PSTO webMessenger - Zalogowano/img_Leszek Kowalski_sendButton' is clicked on

2021-12-19 14:23:38 - [TEST_STEP][PASSED] - setText(findTestObject("Page_PSTO webMessenger - Zalogowano/input_Leszek Kowalski_messageInput"), "e"): Text 'e' is set on object 'Object Repository/Page_PSTO webMessenger - Zalogowano/input_Leszek Kowalski_messageInput'

2021-12-19 14:23:39 - [MESSAGE][PASSED] - Text 'e' is set on object 'Object Repository/Page_PSTO webMessenger - Zalogowano/input_Leszek Kowalski_messageInput'

2021-12-19 14:23:39 - [TEST_STEP][PASSED] - click(findTestObject("Page_PSTO webMessenger - Zalogowano/img_Leszek Kowalski_sendButton")): Object: 'Object Repository/Page_PSTO webMessenger - Zalogowano/img_Leszek Kowalski_sendButton' is clicked on

2021-12-19 14:23:40 - [MESSAGE][PASSED] - Object: 'Object Repository/Page_PSTO webMessenger - Zalogowano/img_Leszek Kowalski_sendButton' is clicked on

2021-12-19 14:23:40 - [TEST_STEP][PASSED] - setText(findTestObject("Page_PSTO webMessenger - Zalogowano/input_Leszek Kowalski_messageInput"), "e"): Text 'e' is set on object 'Object Repository/Page_PSTO webMessenger - Zalogowano/input_Leszek Kowalski_messageInput'

2021-12-19 14:23:40 - [MESSAGE][PASSED] - Text 'e' is set on object 'Object Repository/Page_PSTO webMessenger - Zalogowano/input_Leszek Kowalski_messageInput'

2021-12-19 14:23:40 - [TEST_STEP][PASSED] - click(findTestObject("Page_PSTO webMessenger - Zalogowano/img_Leszek Kowalski_sendButton")): Object: 'Object Repository/Page_PSTO webMessenger - Zalogowano/img_Leszek Kowalski_sendButton' is clicked on

2021-12-19 14:23:41 - [MESSAGE][PASSED] - Object: 'Object Repository/Page_PSTO webMessenger - Zalogowano/img_Leszek Kowalski_sendButton' is clicked on

2021-12-19 14:23:41 - [TEST_STEP][PASSED] - setText(findTestObject("Page_PSTO webMessenger - Zalogowano/input_Leszek Kowalski_messageInput"), "e"): Text 'e' is set on object 'Object Repository/Page_PSTO webMessenger - Zalogowano/input_Leszek Kowalski_messageInput'

2021-12-19 14:23:42 - [MESSAGE][PASSED] - Text 'e' is set on object 'Object Repository/Page_PSTO webMessenger - Zalogowano/input_Leszek Kowalski_messageInput'

2021-12-19 14:23:42 - [TEST_STEP][PASSED] - click(findTestObject("Page_PSTO webMessenger - Zalogowano/img_Leszek Kowalski_sendButton")): Object: 'Object Repository/Page_PSTO webMessenger - Zalogowano/img_Leszek Kowalski_sendButton' is clicked on

2021-12-19 14:23:44 - [MESSAGE][PASSED] - Object: 'Object Repository/Page_PSTO webMessenger - Zalogowano/img_Leszek Kowalski_sendButton' is clicked on

2021-12-19 14:23:44 - [TEST_STEP][PASSED] - setText(findTestObject("Page_PSTO webMessenger - Zalogowano/input_Leszek Kowalski_messageInput"), "e"): Text 'e' is set on object 'Object Repository/Page_PSTO webMessenger - Zalogowano/input_Leszek Kowalski_messageInput'

2021-12-19 14:23:44 - [MESSAGE][PASSED] - Text 'e' is set on object 'Object Repository/Page_PSTO webMessenger - Zalogowano/input_Leszek Kowalski_messageInput'

2021-12-19 14:23:44 - [TEST_STEP][PASSED] - click(findTestObject("Page_PSTO webMessenger - Zalogowano/img_Leszek Kowalski_sendButton")): Object: 'Object Repository/Page_PSTO webMessenger - Zalogowano/img_Leszek Kowalski_sendButton' is clicked on

2021-12-19 14:23:45 - [MESSAGE][PASSED] - Object: 'Object Repository/Page_PSTO webMessenger - Zalogowano/img_Leszek Kowalski_sendButton' is clicked on

2021-12-19 14:23:45 - [TEST_STEP][PASSED] - setText(findTestObject("Page_PSTO webMessenger - Zalogowano/input_Leszek Kowalski_messageInput"), "e"): Text 'e' is set on object 'Object Repository/Page_PSTO webMessenger - Zalogowano/input_Leszek Kowalski_messageInput'

2021-12-19 14:23:46 - [MESSAGE][PASSED] - Text 'e' is set on object 'Object Repository/Page_PSTO webMessenger - Zalogowano/input_Leszek Kowalski_messageInput'

2021-12-19 14:23:46 - [TEST_STEP][PASSED] - click(findTestObject("Page_PSTO webMessenger - Zalogowano/img_Leszek Kowalski_sendButton")): Object: 'Object Repository/Page_PSTO webMessenger - Zalogowano/img_Leszek Kowalski_sendButton' is clicked on

2021-12-19 14:23:46 - [MESSAGE][PASSED] - Object: 'Object Repository/Page_PSTO webMessenger - Zalogowano/img_Leszek Kowalski_sendButton' is clicked on

2021-12-19 14:23:46 - [TEST_STEP][PASSED] - setText(findTestObject("Page_PSTO webMessenger - Zalogowano/input_Leszek Kowalski_messageInput"), "e"): Text 'e' is set on object 'Object Repository/Page_PSTO webMessenger - Zalogowano/input_Leszek Kowalski_messageInput'

2021-12-19 14:23:47 - [MESSAGE][PASSED] - Text 'e' is set on object 'Object Repository/Page_PSTO webMessenger - Zalogowano/input_Leszek Kowalski_messageInput'

2021-12-19 14:23:47 - [TEST_STEP][PASSED] - click(findTestObject("Page_PSTO webMessenger - Zalogowano/img_Leszek Kowalski_sendButton")): Object: 'Object Repository/Page_PSTO webMessenger - Zalogowano/img_Leszek Kowalski_sendButton' is clicked on

2021-12-19 14:23:49 - [MESSAGE][PASSED] - Object: 'Object Repository/Page_PSTO webMessenger - Zalogowano/img_Leszek Kowalski_sendButton' is clicked on

2021-12-19 14:23:49 - [TEST_STEP][PASSED] - setText(findTestObject("Page_PSTO webMessenger - Zalogowano/input_Leszek Kowalski_messageInput"), "e"): Text 'e' is set on object 'Object Repository/Page_PSTO webMessenger - Zalogowano/input_Leszek Kowalski_messageInput'

2021-12-19 14:23:49 - [MESSAGE][PASSED] - Text 'e' is set on object 'Object Repository/Page_PSTO webMessenger - Zalogowano/input_Leszek Kowalski_messageInput'

2021-12-19 14:23:49 - [TEST_STEP][PASSED] - click(findTestObject("Page_PSTO webMessenger - Zalogowano/img_Leszek Kowalski_sendButton")): Object: 'Object Repository/Page_PSTO webMessenger - Zalogowano/img_Leszek Kowalski_sendButton' is clicked on

2021-12-19 14:23:50 - [MESSAGE][PASSED] - Object: 'Object Repository/Page_PSTO webMessenger - Zalogowano/img_Leszek Kowalski_sendButton' is clicked on

2021-12-19 14:23:50 - [TEST_STEP][PASSED] - setText(findTestObject("Page_PSTO webMessenger - Zalogowano/input_Leszek Kowalski_messageInput"), "e"): Text 'e' is set on object 'Object Repository/Page_PSTO webMessenger - Zalogowano/input_Leszek Kowalski_messageInput'

2021-12-19 14:23:51 - [MESSAGE][PASSED] - Text 'e' is set on object 'Object Repository/Page_PSTO webMessenger - Zalogowano/input_Leszek Kowalski_messageInput'

2021-12-19 14:23:51 - [TEST_STEP][PASSED] - click(findTestObject("Page_PSTO webMessenger - Zalogowano/img_Leszek Kowalski_sendButton")): Object: 'Object Repository/Page_PSTO webMessenger - Zalogowano/img_Leszek Kowalski_sendButton' is clicked on

2021-12-19 14:23:51 - [MESSAGE][PASSED] - Object: 'Object Repository/Page_PSTO webMessenger - Zalogowano/img_Leszek Kowalski_sendButton' is clicked on

2021-12-19 14:23:51 - [TEST_STEP][PASSED] - setText(findTestObject("Page_PSTO webMessenger - Zalogowano/input_Leszek Kowalski_messageInput"), "e"): Text 'e' is set on object 'Object Repository/Page_PSTO webMessenger - Zalogowano/input_Leszek Kowalski_messageInput'

2021-12-19 14:23:52 - [MESSAGE][PASSED] - Text 'e' is set on object 'Object Repository/Page_PSTO webMessenger - Zalogowano/input_Leszek Kowalski_messageInput'

2021-12-19 14:23:52 - [TEST_STEP][PASSED] - click(findTestObject("Page_PSTO webMessenger - Zalogowano/img_Leszek Kowalski_sendButton")): Object: 'Object Repository/Page_PSTO webMessenger - Zalogowano/img_Leszek Kowalski_sendButton' is clicked on

2021-12-19 14:23:53 - [MESSAGE][PASSED] - Object: 'Object Repository/Page_PSTO webMessenger - Zalogowano/img_Leszek Kowalski_sendButton' is clicked on

2021-12-19 14:23:53 - [TEST_STEP][PASSED] - setText(findTestObject("Page_PSTO webMessenger - Zalogowano/input_Leszek Kowalski_messageInput"), "e"): Text 'e' is set on object 'Object Repository/Page_PSTO webMessenger - Zalogowano/input_Leszek Kowalski_messageInput'

2021-12-19 14:23:54 - [MESSAGE][PASSED] - Text 'e' is set on object 'Object Repository/Page_PSTO webMessenger - Zalogowano/input_Leszek Kowalski_messageInput'

2021-12-19 14:23:54 - [TEST_STEP][PASSED] - click(findTestObject("Page_PSTO webMessenger - Zalogowano/img_Leszek Kowalski_sendButton")): Object: 'Object Repository/Page_PSTO webMessenger - Zalogowano/img_Leszek Kowalski_sendButton' is clicked on

2021-12-19 14:23:55 - [MESSAGE][PASSED] - Object: 'Object Repository/Page_PSTO webMessenger - Zalogowano/img_Leszek Kowalski_sendButton' is clicked on

2021-12-19 14:23:55 - [TEST_STEP][PASSED] - setText(findTestObject("Page_PSTO webMessenger - Zalogowano/input_Leszek Kowalski_messageInput"), "e"): Text 'e' is set on object 'Object Repository/Page_PSTO webMessenger - Zalogowano/input_Leszek Kowalski_messageInput'

2021-12-19 14:23:55 - [MESSAGE][PASSED] - Text 'e' is set on object 'Object Repository/Page_PSTO webMessenger - Zalogowano/input_Leszek Kowalski_messageInput'

2021-12-19 14:23:55 - [TEST_STEP][PASSED] - click(findTestObject("Page_PSTO webMessenger - Zalogowano/img_Leszek Kowalski_sendButton")): Object: 'Object Repository/Page_PSTO webMessenger - Zalogowano/img_Leszek Kowalski_sendButton' is clicked on

2021-12-19 14:23:56 - [MESSAGE][PASSED] - Object: 'Object Repository/Page_PSTO webMessenger - Zalogowano/img_Leszek Kowalski_sendButton' is clicked on

2021-12-19 14:23:56 - [TEST_STEP][PASSED] - setText(findTestObject("Page_PSTO webMessenger - Zalogowano/input_Leszek Kowalski_messageInput"), "e"): Text 'e' is set on object 'Object Repository/Page_PSTO webMessenger - Zalogowano/input_Leszek Kowalski_messageInput'

2021-12-19 14:23:57 - [MESSAGE][PASSED] - Text 'e' is set on object 'Object Repository/Page_PSTO webMessenger - Zalogowano/input_Leszek Kowalski_messageInput'

2021-12-19 14:23:57 - [TEST_STEP][PASSED] - click(findTestObject("Page_PSTO webMessenger - Zalogowano/img_Leszek Kowalski_sendButton")): Object: 'Object Repository/Page_PSTO webMessenger - Zalogowano/img_Leszek Kowalski_sendButton' is clicked on

2021-12-19 14:23:58 - [MESSAGE][PASSED] - Object: 'Object Repository/Page_PSTO webMessenger - Zalogowano/img_Leszek Kowalski_sendButton' is clicked on

2021-12-19 14:23:58 - [TEST_STEP][PASSED] - setText(findTestObject("Page_PSTO webMessenger - Zalogowano/input_Leszek Kowalski_messageInput"), "e"): Text 'e' is set on object 'Object Repository/Page_PSTO webMessenger - Zalogowano/input_Leszek Kowalski_messageInput'

2021-12-19 14:23:58 - [MESSAGE][PASSED] - Text 'e' is set on object 'Object Repository/Page_PSTO webMessenger - Zalogowano/input_Leszek Kowalski_messageInput'

2021-12-19 14:23:58 - [TEST_STEP][PASSED] - click(findTestObject("Page_PSTO webMessenger - Zalogowano/img_Leszek Kowalski_sendButton")): Object: 'Object Repository/Page_PSTO webMessenger - Zalogowano/img_Leszek Kowalski_sendButton' is clicked on

2021-12-19 14:23:59 - [MESSAGE][PASSED] - Object: 'Object Repository/Page_PSTO webMessenger - Zalogowano/img_Leszek Kowalski_sendButton' is clicked on

2021-12-19 14:23:59 - [TEST_STEP][PASSED] - setText(findTestObject("Page_PSTO webMessenger - Zalogowano/input_Leszek Kowalski_messageInput"), "e"): Text 'e' is set on object 'Object Repository/Page_PSTO webMessenger - Zalogowano/input_Leszek Kowalski_messageInput'

2021-12-19 14:24:00 - [MESSAGE][PASSED] - Text 'e' is set on object 'Object Repository/Page_PSTO webMessenger - Zalogowano/input_Leszek Kowalski_messageInput'

2021-12-19 14:24:00 - [TEST_STEP][PASSED] - click(findTestObject("Page_PSTO webMessenger - Zalogowano/img_Leszek Kowalski_sendButton")): Object: 'Object Repository/Page_PSTO webMessenger - Zalogowano/img_Leszek Kowalski_sendButton' is clicked on

2021-12-19 14:24:00 - [MESSAGE][PASSED] - Object: 'Object Repository/Page_PSTO webMessenger - Zalogowano/img_Leszek Kowalski_sendButton' is clicked on

2021-12-19 14:24:00 - [TEST_STEP][PASSED] - setText(findTestObject("Page_PSTO webMessenger - Zalogowano/input_Leszek Kowalski_messageInput"), "e"): Text 'e' is set on object 'Object Repository/Page_PSTO webMessenger - Zalogowano/input_Leszek Kowalski_messageInput'

2021-12-19 14:24:01 - [MESSAGE][PASSED] - Text 'e' is set on object 'Object Repository/Page_PSTO webMessenger - Zalogowano/input_Leszek Kowalski_messageInput'

2021-12-19 14:24:01 - [TEST_STEP][PASSED] - click(findTestObject("Page_PSTO webMessenger - Zalogowano/img_Leszek Kowalski_sendButton")): Object: 'Object Repository/Page_PSTO webMessenger - Zalogowano/img_Leszek Kowalski_sendButton' is clicked on

2021-12-19 14:24:02 - [MESSAGE][PASSED] - Object: 'Object Repository/Page_PSTO webMessenger - Zalogowano/img_Leszek Kowalski_sendButton' is clicked on

2021-12-19 14:24:02 - [TEST_STEP][PASSED] - setText(findTestObject("Page_PSTO webMessenger - Zalogowano/input_Leszek Kowalski_messageInput"), "e"): Text 'e' is set on object 'Object Repository/Page_PSTO webMessenger - Zalogowano/input_Leszek Kowalski_messageInput'

2021-12-19 14:24:03 - [MESSAGE][PASSED] - Text 'e' is set on object 'Object Repository/Page_PSTO webMessenger - Zalogowano/input_Leszek Kowalski_messageInput'

2021-12-19 14:24:03 - [TEST_STEP][PASSED] - click(findTestObject("Page_PSTO webMessenger - Zalogowano/img_Leszek Kowalski_sendButton")): Object: 'Object Repository/Page_PSTO webMessenger - Zalogowano/img_Leszek Kowalski_sendButton' is clicked on

2021-12-19 14:24:03 - [MESSAGE][PASSED] - Object: 'Object Repository/Page_PSTO webMessenger - Zalogowano/img_Leszek Kowalski_sendButton' is clicked on

2021-12-19 14:24:03 - [TEST_STEP][PASSED] - setText(findTestObject("Page_PSTO webMessenger - Zalogowano/input_Leszek Kowalski_messageInput"), "e"): Text 'e' is set on object 'Object Repository/Page_PSTO webMessenger - Zalogowano/input_Leszek Kowalski_messageInput'

2021-12-19 14:24:04 - [MESSAGE][PASSED] - Text 'e' is set on object 'Object Repository/Page_PSTO webMessenger - Zalogowano/input_Leszek Kowalski_messageInput'

2021-12-19 14:24:04 - [TEST_STEP][PASSED] - click(findTestObject("Page_PSTO webMessenger - Zalogowano/img_Leszek Kowalski_sendButton")): Object: 'Object Repository/Page_PSTO webMessenger - Zalogowano/img_Leszek Kowalski_sendButton' is clicked on

2021-12-19 14:24:05 - [MESSAGE][PASSED] - Object: 'Object Repository/Page_PSTO webMessenger - Zalogowano/img_Leszek Kowalski_sendButton' is clicked on

2021-12-19 14:24:05 - [TEST_STEP][PASSED] - setText(findTestObject("Page_PSTO webMessenger - Zalogowano/input_Leszek Kowalski_messageInput"), "e"): Text 'e' is set on object 'Object Repository/Page_PSTO webMessenger - Zalogowano/input_Leszek Kowalski_messageInput'

2021-12-19 14:24:05 - [MESSAGE][PASSED] - Text 'e' is set on object 'Object Repository/Page_PSTO webMessenger - Zalogowano/input_Leszek Kowalski_messageInput'

2021-12-19 14:24:05 - [TEST_STEP][PASSED] - click(findTestObject("Page_PSTO webMessenger - Zalogowano/img_Leszek Kowalski_sendButton")): Object: 'Object Repository/Page_PSTO webMessenger - Zalogowano/img_Leszek Kowalski_sendButton' is clicked on

2021-12-19 14:24:06 - [MESSAGE][PASSED] - Object: 'Object Repository/Page_PSTO webMessenger - Zalogowano/img_Leszek Kowalski_sendButton' is clicked on

2021-12-19 14:24:06 - [TEST_STEP][PASSED] - setText(findTestObject("Page_PSTO webMessenger - Zalogowano/input_Leszek Kowalski_messageInput"), "e"): Text 'e' is set on object 'Object Repository/Page_PSTO webMessenger - Zalogowano/input_Leszek Kowalski_messageInput'

2021-12-19 14:24:07 - [MESSAGE][PASSED] - Text 'e' is set on object 'Object Repository/Page_PSTO webMessenger - Zalogowano/input_Leszek Kowalski_messageInput'

2021-12-19 14:24:07 - [TEST_STEP][PASSED] - click(findTestObject("Page_PSTO webMessenger - Zalogowano/img_Leszek Kowalski_sendButton")): Object: 'Object Repository/Page_PSTO webMessenger - Zalogowano/img_Leszek Kowalski_sendButton' is clicked on

2021-12-19 14:24:08 - [MESSAGE][PASSED] - Object: 'Object Repository/Page_PSTO webMessenger - Zalogowano/img_Leszek Kowalski_sendButton' is clicked on

2021-12-19 14:24:08 - [TEST_STEP][PASSED] - setText(findTestObject("Page_PSTO webMessenger - Zalogowano/input_Leszek Kowalski_messageInput"), "e"): Text 'e' is set on object 'Object Repository/Page_PSTO webMessenger - Zalogowano/input_Leszek Kowalski_messageInput'

2021-12-19 14:24:08 - [MESSAGE][PASSED] - Text 'e' is set on object 'Object Repository/Page_PSTO webMessenger - Zalogowano/input_Leszek Kowalski_messageInput'

2021-12-19 14:24:08 - [TEST_STEP][PASSED] - click(findTestObject("Page_PSTO webMessenger - Zalogowano/img_Leszek Kowalski_sendButton")): Object: 'Object Repository/Page_PSTO webMessenger - Zalogowano/img_Leszek Kowalski_sendButton' is clicked on

2021-12-19 14:24:09 - [MESSAGE][PASSED] - Object: 'Object Repository/Page_PSTO webMessenger - Zalogowano/img_Leszek Kowalski_sendButton' is clicked on

2021-12-19 14:24:09 - [TEST_STEP][PASSED] - setText(findTestObject("Page_PSTO webMessenger - Zalogowano/input_Leszek Kowalski_messageInput"), "e"): Text 'e' is set on object 'Object Repository/Page_PSTO webMessenger - Zalogowano/input_Leszek Kowalski_messageInput'

2021-12-19 14:24:10 - [MESSAGE][PASSED] - Text 'e' is set on object 'Object Repository/Page_PSTO webMessenger - Zalogowano/input_Leszek Kowalski_messageInput'

2021-12-19 14:24:10 - [TEST_STEP][PASSED] - click(findTestObject("Page_PSTO webMessenger - Zalogowano/img_Leszek Kowalski_sendButton")): Object: 'Object Repository/Page_PSTO webMessenger - Zalogowano/img_Leszek Kowalski_sendButton' is clicked on

2021-12-19 14:24:10 - [MESSAGE][PASSED] - Object: 'Object Repository/Page_PSTO webMessenger - Zalogowano/img_Leszek Kowalski_sendButton' is clicked on

2021-12-19 14:24:10 - [TEST_STEP][PASSED] - setText(findTestObject("Page_PSTO webMessenger - Zalogowano/input_Leszek Kowalski_messageInput"), "e"): Text 'e' is set on object 'Object Repository/Page_PSTO webMessenger - Zalogowano/input_Leszek Kowalski_messageInput'

2021-12-19 14:24:11 - [MESSAGE][PASSED] - Text 'e' is set on object 'Object Repository/Page_PSTO webMessenger - Zalogowano/input_Leszek Kowalski_messageInput'

2021-12-19 14:24:11 - [TEST_STEP][PASSED] - click(findTestObject("Page_PSTO webMessenger - Zalogowano/img_Leszek Kowalski_sendButton")): Object: 'Object Repository/Page_PSTO webMessenger - Zalogowano/img_Leszek Kowalski_sendButton' is clicked on

2021-12-19 14:24:12 - [MESSAGE][PASSED] - Object: 'Object Repository/Page_PSTO webMessenger - Zalogowano/img_Leszek Kowalski_sendButton' is clicked on

2021-12-19 14:24:12 - [TEST_STEP][PASSED] - setText(findTestObject("Page_PSTO webMessenger - Zalogowano/input_Leszek Kowalski_messageInput"), "e"): Text 'e' is set on object 'Object Repository/Page_PSTO webMessenger - Zalogowano/input_Leszek Kowalski_messageInput'

2021-12-19 14:24:13 - [MESSAGE][PASSED] - Text 'e' is set on object 'Object Repository/Page_PSTO webMessenger - Zalogowano/input_Leszek Kowalski_messageInput'

2021-12-19 14:24:13 - [TEST_STEP][PASSED] - click(findTestObject("Page_PSTO webMessenger - Zalogowano/img_Leszek Kowalski_sendButton")): Object: 'Object Repository/Page_PSTO webMessenger - Zalogowano/img_Leszek Kowalski_sendButton' is clicked on

2021-12-19 14:24:13 - [MESSAGE][PASSED] - Object: 'Object Repository/Page_PSTO webMessenger - Zalogowano/img_Leszek Kowalski_sendButton' is clicked on

2021-12-19 14:24:13 - [TEST_STEP][PASSED] - setText(findTestObject("Page_PSTO webMessenger - Zalogowano/input_Leszek Kowalski_messageInput"), "e"): Text 'e' is set on object 'Object Repository/Page_PSTO webMessenger - Zalogowano/input_Leszek Kowalski_messageInput'

2021-12-19 14:24:14 - [MESSAGE][PASSED] - Text 'e' is set on object 'Object Repository/Page_PSTO webMessenger - Zalogowano/input_Leszek Kowalski_messageInput'

2021-12-19 14:24:14 - [TEST_STEP][PASSED] - click(findTestObject("Page_PSTO webMessenger - Zalogowano/img_Leszek Kowalski_sendButton")): Object: 'Object Repository/Page_PSTO webMessenger - Zalogowano/img_Leszek Kowalski_sendButton' is clicked on

2021-12-19 14:24:15 - [MESSAGE][PASSED] - Object: 'Object Repository/Page_PSTO webMessenger - Zalogowano/img_Leszek Kowalski_sendButton' is clicked on

2021-12-19 14:24:15 - [TEST_STEP][PASSED] - setText(findTestObject("Page_PSTO webMessenger - Zalogowano/input_Leszek Kowalski_messageInput"), "e"): Text 'e' is set on object 'Object Repository/Page_PSTO webMessenger - Zalogowano/input_Leszek Kowalski_messageInput'

2021-12-19 14:24:15 - [MESSAGE][PASSED] - Text 'e' is set on object 'Object Repository/Page_PSTO webMessenger - Zalogowano/input_Leszek Kowalski_messageInput'

2021-12-19 14:24:15 - [TEST_STEP][PASSED] - click(findTestObject("Page_PSTO webMessenger - Zalogowano/img_Leszek Kowalski_sendButton")): Object: 'Object Repository/Page_PSTO webMessenger - Zalogowano/img_Leszek Kowalski_sendButton' is clicked on

2021-12-19 14:24:16 - [MESSAGE][PASSED] - Object: 'Object Repository/Page_PSTO webMessenger - Zalogowano/img_Leszek Kowalski_sendButton' is clicked on

2021-12-19 14:24:16 - [TEST_STEP][PASSED] - setText(findTestObject("Page_PSTO webMessenger - Zalogowano/input_Leszek Kowalski_messageInput"), "e"): Text 'e' is set on object 'Object Repository/Page_PSTO webMessenger - Zalogowano/input_Leszek Kowalski_messageInput'

2021-12-19 14:24:17 - [MESSAGE][PASSED] - Text 'e' is set on object 'Object Repository/Page_PSTO webMessenger - Zalogowano/input_Leszek Kowalski_messageInput'

2021-12-19 14:24:17 - [TEST_STEP][PASSED] - click(findTestObject("Page_PSTO webMessenger - Zalogowano/img_Leszek Kowalski_sendButton")): Object: 'Object Repository/Page_PSTO webMessenger - Zalogowano/img_Leszek Kowalski_sendButton' is clicked on

2021-12-19 14:24:18 - [MESSAGE][PASSED] - Object: 'Object Repository/Page_PSTO webMessenger - Zalogowano/img_Leszek Kowalski_sendButton' is clicked on

2021-12-19 14:24:18 - [TEST_STEP][PASSED] - setText(findTestObject("Page_PSTO webMessenger - Zalogowano/input_Leszek Kowalski_messageInput"), "e"): Text 'e' is set on object 'Object Repository/Page_PSTO webMessenger - Zalogowano/input_Leszek Kowalski_messageInput'

2021-12-19 14:24:18 - [MESSAGE][PASSED] - Text 'e' is set on object 'Object Repository/Page_PSTO webMessenger - Zalogowano/input_Leszek Kowalski_messageInput'

2021-12-19 14:24:18 - [TEST_STEP][PASSED] - click(findTestObject("Page_PSTO webMessenger - Zalogowano/img_Leszek Kowalski_sendButton")): Object: 'Object Repository/Page_PSTO webMessenger - Zalogowano/img_Leszek Kowalski_sendButton' is clicked on

2021-12-19 14:24:19 - [MESSAGE][PASSED] - Object: 'Object Repository/Page_PSTO webMessenger - Zalogowano/img_Leszek Kowalski_sendButton' is clicked on

2021-12-19 14:24:19 - [TEST_STEP][PASSED] - setText(findTestObject("Page_PSTO webMessenger - Zalogowano/input_Leszek Kowalski_messageInput"), "e"): Text 'e' is set on object 'Object Repository/Page_PSTO webMessenger - Zalogowano/input_Leszek Kowalski_messageInput'

2021-12-19 14:24:20 - [MESSAGE][PASSED] - Text 'e' is set on object 'Object Repository/Page_PSTO webMessenger - Zalogowano/input_Leszek Kowalski_messageInput'

2021-12-19 14:24:20 - [TEST_STEP][PASSED] - click(findTestObject("Page_PSTO webMessenger - Zalogowano/img_Leszek Kowalski_sendButton")): Object: 'Object Repository/Page_PSTO webMessenger - Zalogowano/img_Leszek Kowalski_sendButton' is clicked on

2021-12-19 14:24:20 - [MESSAGE][PASSED] - Object: 'Object Repository/Page_PSTO webMessenger - Zalogowano/img_Leszek Kowalski_sendButton' is clicked on

2021-12-19 14:24:20 - [TEST_STEP][PASSED] - setText(findTestObject("Page_PSTO webMessenger - Zalogowano/input_Leszek Kowalski_messageInput"), "e"): Text 'e' is set on object 'Object Repository/Page_PSTO webMessenger - Zalogowano/input_Leszek Kowalski_messageInput'

2021-12-19 14:24:21 - [MESSAGE][PASSED] - Text 'e' is set on object 'Object Repository/Page_PSTO webMessenger - Zalogowano/input_Leszek Kowalski_messageInput'

2021-12-19 14:24:21 - [TEST_STEP][PASSED] - click(findTestObject("Page_PSTO webMessenger - Zalogowano/img_Leszek Kowalski_sendButton")): Object: 'Object Repository/Page_PSTO webMessenger - Zalogowano/img_Leszek Kowalski_sendButton' is clicked on

2021-12-19 14:24:22 - [MESSAGE][PASSED] - Object: 'Object Repository/Page_PSTO webMessenger - Zalogowano/img_Leszek Kowalski_sendButton' is clicked on

2021-12-19 14:24:22 - [TEST_STEP][PASSED] - setText(findTestObject("Page_PSTO webMessenger - Zalogowano/input_Leszek Kowalski_messageInput"), "e"): Text 'e' is set on object 'Object Repository/Page_PSTO webMessenger - Zalogowano/input_Leszek Kowalski_messageInput'

2021-12-19 14:24:23 - [MESSAGE][PASSED] - Text 'e' is set on object 'Object Repository/Page_PSTO webMessenger - Zalogowano/input_Leszek Kowalski_messageInput'

2021-12-19 14:24:23 - [TEST_STEP][PASSED] - click(findTestObject("Page_PSTO webMessenger - Zalogowano/img_Leszek Kowalski_sendButton")): Object: 'Object Repository/Page_PSTO webMessenger - Zalogowano/img_Leszek Kowalski_sendButton' is clicked on

2021-12-19 14:24:23 - [MESSAGE][PASSED] - Object: 'Object Repository/Page_PSTO webMessenger - Zalogowano/img_Leszek Kowalski_sendButton' is clicked on

2021-12-19 14:24:23 - [TEST_STEP][PASSED] - setText(findTestObject("Page_PSTO webMessenger - Zalogowano/input_Leszek Kowalski_messageInput"), "e"): Text 'e' is set on object 'Object Repository/Page_PSTO webMessenger - Zalogowano/input_Leszek Kowalski_messageInput'

2021-12-19 14:24:24 - [MESSAGE][PASSED] - Text 'e' is set on object 'Object Repository/Page_PSTO webMessenger - Zalogowano/input_Leszek Kowalski_messageInput'

2021-12-19 14:24:24 - [TEST_STEP][PASSED] - click(findTestObject("Page_PSTO webMessenger - Zalogowano/img_Leszek Kowalski_sendButton")): Object: 'Object Repository/Page_PSTO webMessenger - Zalogowano/img_Leszek Kowalski_sendButton' is clicked on

2021-12-19 14:24:25 - [MESSAGE][PASSED] - Object: 'Object Repository/Page_PSTO webMessenger - Zalogowano/img_Leszek Kowalski_sendButton' is clicked on

2021-12-19 14:24:25 - [TEST_STEP][PASSED] - setText(findTestObject("Page_PSTO webMessenger - Zalogowano/input_Leszek Kowalski_messageInput"), "e"): Text 'e' is set on object 'Object Repository/Page_PSTO webMessenger - Zalogowano/input_Leszek Kowalski_messageInput'

2021-12-19 14:24:25 - [MESSAGE][PASSED] - Text 'e' is set on object 'Object Repository/Page_PSTO webMessenger - Zalogowano/input_Leszek Kowalski_messageInput'

2021-12-19 14:24:25 - [TEST_STEP][PASSED] - click(findTestObject("Page_PSTO webMessenger - Zalogowano/img_Leszek Kowalski_sendButton")): Object: 'Object Repository/Page_PSTO webMessenger - Zalogowano/img_Leszek Kowalski_sendButton' is clicked on

2021-12-19 14:24:26 - [MESSAGE][PASSED] - Object: 'Object Repository/Page_PSTO webMessenger - Zalogowano/img_Leszek Kowalski_sendButton' is clicked on

2021-12-19 14:24:26 - [TEST_STEP][PASSED] - setText(findTestObject("Page_PSTO webMessenger - Zalogowano/input_Leszek Kowalski_messageInput"), "e"): Text 'e' is set on object 'Object Repository/Page_PSTO webMessenger - Zalogowano/input_Leszek Kowalski_messageInput'

2021-12-19 14:24:27 - [MESSAGE][PASSED] - Text 'e' is set on object 'Object Repository/Page_PSTO webMessenger - Zalogowano/input_Leszek Kowalski_messageInput'

2021-12-19 14:24:27 - [TEST_STEP][PASSED] - click(findTestObject("Page_PSTO webMessenger - Zalogowano/img_Leszek Kowalski_sendButton")): Object: 'Object Repository/Page_PSTO webMessenger - Zalogowano/img_Leszek Kowalski_sendButton' is clicked on

2021-12-19 14:24:28 - [MESSAGE][PASSED] - Object: 'Object Repository/Page_PSTO webMessenger - Zalogowano/img_Leszek Kowalski_sendButton' is clicked on

2021-12-19 14:24:28 - [TEST_STEP][PASSED] - setText(findTestObject("Page_PSTO webMessenger - Zalogowano/input_Leszek Kowalski_messageInput"), "e"): Text 'e' is set on object 'Object Repository/Page_PSTO webMessenger - Zalogowano/input_Leszek Kowalski_messageInput'

2021-12-19 14:24:28 - [MESSAGE][PASSED] - Text 'e' is set on object 'Object Repository/Page_PSTO webMessenger - Zalogowano/input_Leszek Kowalski_messageInput'

2021-12-19 14:24:28 - [TEST_STEP][PASSED] - click(findTestObject("Page_PSTO webMessenger - Zalogowano/img_Leszek Kowalski_sendButton")): Object: 'Object Repository/Page_PSTO webMessenger - Zalogowano/img_Leszek Kowalski_sendButton' is clicked on

2021-12-19 14:24:29 - [MESSAGE][PASSED] - Object: 'Object Repository/Page_PSTO webMessenger - Zalogowano/img_Leszek Kowalski_sendButton' is clicked on

2021-12-19 14:24:29 - [TEST_STEP][PASSED] - setText(findTestObject("Page_PSTO webMessenger - Zalogowano/input_Leszek Kowalski_messageInput"), "e"): Text 'e' is set on object 'Object Repository/Page_PSTO webMessenger - Zalogowano/input_Leszek Kowalski_messageInput'

2021-12-19 14:24:30 - [MESSAGE][PASSED] - Text 'e' is set on object 'Object Repository/Page_PSTO webMessenger - Zalogowano/input_Leszek Kowalski_messageInput'

2021-12-19 14:24:30 - [TEST_STEP][PASSED] - click(findTestObject("Page_PSTO webMessenger - Zalogowano/img_Leszek Kowalski_sendButton")): Object: 'Object Repository/Page_PSTO webMessenger - Zalogowano/img_Leszek Kowalski_sendButton' is clicked on

2021-12-19 14:24:30 - [MESSAGE][PASSED] - Object: 'Object Repository/Page_PSTO webMessenger - Zalogowano/img_Leszek Kowalski_sendButton' is clicked on

2021-12-19 14:24:30 - [TEST_STEP][PASSED] - setText(findTestObject("Page_PSTO webMessenger - Zalogowano/input_Leszek Kowalski_messageInput"), "e"): Text 'e' is set on object 'Object Repository/Page_PSTO webMessenger - Zalogowano/input_Leszek Kowalski_messageInput'

2021-12-19 14:24:31 - [MESSAGE][PASSED] - Text 'e' is set on object 'Object Repository/Page_PSTO webMessenger - Zalogowano/input_Leszek Kowalski_messageInput'

2021-12-19 14:24:31 - [TEST_STEP][PASSED] - click(findTestObject("Page_PSTO webMessenger - Zalogowano/img_Leszek Kowalski_sendButton")): Object: 'Object Repository/Page_PSTO webMessenger - Zalogowano/img_Leszek Kowalski_sendButton' is clicked on

2021-12-19 14:24:32 - [MESSAGE][PASSED] - Object: 'Object Repository/Page_PSTO webMessenger - Zalogowano/img_Leszek Kowalski_sendButton' is clicked on

2021-12-19 14:24:32 - [TEST_STEP][PASSED] - setText(findTestObject("Page_PSTO webMessenger - Zalogowano/input_Leszek Kowalski_messageInput"), "e"): Text 'e' is set on object 'Object Repository/Page_PSTO webMessenger - Zalogowano/input_Leszek Kowalski_messageInput'

2021-12-19 14:24:33 - [MESSAGE][PASSED] - Text 'e' is set on object 'Object Repository/Page_PSTO webMessenger - Zalogowano/input_Leszek Kowalski_messageInput'

2021-12-19 14:24:33 - [TEST_STEP][PASSED] - click(findTestObject("Page_PSTO webMessenger - Zalogowano/img_Leszek Kowalski_sendButton")): Object: 'Object Repository/Page_PSTO webMessenger - Zalogowano/img_Leszek Kowalski_sendButton' is clicked on

2021-12-19 14:24:34 - [MESSAGE][PASSED] - Object: 'Object Repository/Page_PSTO webMessenger - Zalogowano/img_Leszek Kowalski_sendButton' is clicked on

2021-12-19 14:24:34 - [TEST_STEP][PASSED] - setText(findTestObject("Page_PSTO webMessenger - Zalogowano/input_Leszek Kowalski_messageInput"), "e"): Text 'e' is set on object 'Object Repository/Page_PSTO webMessenger - Zalogowano/input_Leszek Kowalski_messageInput'

2021-12-19 14:24:34 - [MESSAGE][PASSED] - Text 'e' is set on object 'Object Repository/Page_PSTO webMessenger - Zalogowano/input_Leszek Kowalski_messageInput'

2021-12-19 14:24:34 - [TEST_STEP][PASSED] - click(findTestObject("Page_PSTO webMessenger - Zalogowano/img_Leszek Kowalski_sendButton")): Object: 'Object Repository/Page_PSTO webMessenger - Zalogowano/img_Leszek Kowalski_sendButton' is clicked on

2021-12-19 14:24:35 - [MESSAGE][PASSED] - Object: 'Object Repository/Page_PSTO webMessenger - Zalogowano/img_Leszek Kowalski_sendButton' is clicked on

2021-12-19 14:24:35 - [TEST_STEP][PASSED] - setText(findTestObject("Page_PSTO webMessenger - Zalogowano/input_Leszek Kowalski_messageInput"), "e"): Text 'e' is set on object 'Object Repository/Page_PSTO webMessenger - Zalogowano/input_Leszek Kowalski_messageInput'

2021-12-19 14:24:36 - [MESSAGE][PASSED] - Text 'e' is set on object 'Object Repository/Page_PSTO webMessenger - Zalogowano/input_Leszek Kowalski_messageInput'

2021-12-19 14:24:36 - [TEST_STEP][PASSED] - click(findTestObject("Page_PSTO webMessenger - Zalogowano/img_Leszek Kowalski_sendButton")): Object: 'Object Repository/Page_PSTO webMessenger - Zalogowano/img_Leszek Kowalski_sendButton' is clicked on

2021-12-19 14:24:36 - [MESSAGE][PASSED] - Object: 'Object Repository/Page_PSTO webMessenger - Zalogowano/img_Leszek Kowalski_sendButton' is clicked on

2021-12-19 14:24:36 - [TEST_STEP][PASSED] - setText(findTestObject("Page_PSTO webMessenger - Zalogowano/input_Leszek Kowalski_messageInput"), "e"): Text 'e' is set on object 'Object Repository/Page_PSTO webMessenger - Zalogowano/input_Leszek Kowalski_messageInput'

2021-12-19 14:24:37 - [MESSAGE][PASSED] - Text 'e' is set on object 'Object Repository/Page_PSTO webMessenger - Zalogowano/input_Leszek Kowalski_messageInput'

2021-12-19 14:24:37 - [TEST_STEP][PASSED] - click(findTestObject("Page_PSTO webMessenger - Zalogowano/img_Leszek Kowalski_sendButton")): Object: 'Object Repository/Page_PSTO webMessenger - Zalogowano/img_Leszek Kowalski_sendButton' is clicked on

2021-12-19 14:24:38 - [MESSAGE][PASSED] - Object: 'Object Repository/Page_PSTO webMessenger - Zalogowano/img_Leszek Kowalski_sendButton' is clicked on

2021-12-19 14:24:38 - [TEST_STEP][PASSED] - setText(findTestObject("Page_PSTO webMessenger - Zalogowano/input_Leszek Kowalski_messageInput"), "e"): Text 'e' is set on object 'Object Repository/Page_PSTO webMessenger - Zalogowano/input_Leszek Kowalski_messageInput'

2021-12-19 14:24:38 - [MESSAGE][PASSED] - Text 'e' is set on object 'Object Repository/Page_PSTO webMessenger - Zalogowano/input_Leszek Kowalski_messageInput'

2021-12-19 14:24:38 - [TEST_STEP][PASSED] - click(findTestObject("Page_PSTO webMessenger - Zalogowano/img_Leszek Kowalski_sendButton")): Object: 'Object Repository/Page_PSTO webMessenger - Zalogowano/img_Leszek Kowalski_sendButton' is clicked on

2021-12-19 14:24:39 - [MESSAGE][PASSED] - Object: 'Object Repository/Page_PSTO webMessenger - Zalogowano/img_Leszek Kowalski_sendButton' is clicked on

2021-12-19 14:24:39 - [TEST_STEP][PASSED] - setText(findTestObject("Page_PSTO webMessenger - Zalogowano/input_Leszek Kowalski_messageInput"), "e"): Text 'e' is set on object 'Object Repository/Page_PSTO webMessenger - Zalogowano/input_Leszek Kowalski_messageInput'

2021-12-19 14:24:40 - [MESSAGE][PASSED] - Text 'e' is set on object 'Object Repository/Page_PSTO webMessenger - Zalogowano/input_Leszek Kowalski_messageInput'

2021-12-19 14:24:40 - [TEST_STEP][PASSED] - click(findTestObject("Page_PSTO webMessenger - Zalogowano/img_Leszek Kowalski_sendButton")): Object: 'Object Repository/Page_PSTO webMessenger - Zalogowano/img_Leszek Kowalski_sendButton' is clicked on

2021-12-19 14:24:40 - [MESSAGE][PASSED] - Object: 'Object Repository/Page_PSTO webMessenger - Zalogowano/img_Leszek Kowalski_sendButton' is clicked on

2021-12-19 14:24:40 - [TEST_STEP][PASSED] - setText(findTestObject("Page_PSTO webMessenger - Zalogowano/input_Leszek Kowalski_messageInput"), "e"): Text 'e' is set on object 'Object Repository/Page_PSTO webMessenger - Zalogowano/input_Leszek Kowalski_messageInput'

2021-12-19 14:24:41 - [MESSAGE][PASSED] - Text 'e' is set on object 'Object Repository/Page_PSTO webMessenger - Zalogowano/input_Leszek Kowalski_messageInput'

2021-12-19 14:24:41 - [TEST_STEP][PASSED] - click(findTestObject("Page_PSTO webMessenger - Zalogowano/img_Leszek Kowalski_sendButton")): Object: 'Object Repository/Page_PSTO webMessenger - Zalogowano/img_Leszek Kowalski_sendButton' is clicked on

2021-12-19 14:24:42 - [MESSAGE][PASSED] - Object: 'Object Repository/Page_PSTO webMessenger - Zalogowano/img_Leszek Kowalski_sendButton' is clicked on

2021-12-19 14:24:42 - [TEST_STEP][PASSED] - setText(findTestObject("Page_PSTO webMessenger - Zalogowano/input_Leszek Kowalski_messageInput"), "e"): Text 'e' is set on object 'Object Repository/Page_PSTO webMessenger - Zalogowano/input_Leszek Kowalski_messageInput'

2021-12-19 14:24:43 - [MESSAGE][PASSED] - Text 'e' is set on object 'Object Repository/Page_PSTO webMessenger - Zalogowano/input_Leszek Kowalski_messageInput'

2021-12-19 14:24:43 - [TEST_STEP][PASSED] - click(findTestObject("Page_PSTO webMessenger - Zalogowano/img_Leszek Kowalski_sendButton")): Object: 'Object Repository/Page_PSTO webMessenger - Zalogowano/img_Leszek Kowalski_sendButton' is clicked on

2021-12-19 14:24:43 - [MESSAGE][PASSED] - Object: 'Object Repository/Page_PSTO webMessenger - Zalogowano/img_Leszek Kowalski_sendButton' is clicked on

2021-12-19 14:24:43 - [TEST_STEP][PASSED] - setText(findTestObject("Page_PSTO webMessenger - Zalogowano/input_Leszek Kowalski_messageInput"), "e"): Text 'e' is set on object 'Object Repository/Page_PSTO webMessenger - Zalogowano/input_Leszek Kowalski_messageInput'

2021-12-19 14:24:44 - [MESSAGE][PASSED] - Text 'e' is set on object 'Object Repository/Page_PSTO webMessenger - Zalogowano/input_Leszek Kowalski_messageInput'

2021-12-19 14:24:44 - [TEST_STEP][PASSED] - click(findTestObject("Page_PSTO webMessenger - Zalogowano/img_Leszek Kowalski_sendButton")): Object: 'Object Repository/Page_PSTO webMessenger - Zalogowano/img_Leszek Kowalski_sendButton' is clicked on

2021-12-19 14:24:45 - [MESSAGE][PASSED] - Object: 'Object Repository/Page_PSTO webMessenger - Zalogowano/img_Leszek Kowalski_sendButton' is clicked on

2021-12-19 14:24:45 - [TEST_STEP][PASSED] - setText(findTestObject("Page_PSTO webMessenger - Zalogowano/input_Leszek Kowalski_messageInput"), "e"): Text 'e' is set on object 'Object Repository/Page_PSTO webMessenger - Zalogowano/input_Leszek Kowalski_messageInput'

2021-12-19 14:24:45 - [MESSAGE][PASSED] - Text 'e' is set on object 'Object Repository/Page_PSTO webMessenger - Zalogowano/input_Leszek Kowalski_messageInput'

2021-12-19 14:24:45 - [TEST_STEP][PASSED] - click(findTestObject("Page_PSTO webMessenger - Zalogowano/img_Leszek Kowalski_sendButton")): Object: 'Object Repository/Page_PSTO webMessenger - Zalogowano/img_Leszek Kowalski_sendButton' is clicked on

2021-12-19 14:24:46 - [MESSAGE][PASSED] - Object: 'Object Repository/Page_PSTO webMessenger - Zalogowano/img_Leszek Kowalski_sendButton' is clicked on

2021-12-19 14:24:46 - [TEST_STEP][PASSED] - setText(findTestObject("Page_PSTO webMessenger - Zalogowano/input_Leszek Kowalski_messageInput"), "e"): Text 'e' is set on object 'Object Repository/Page_PSTO webMessenger - Zalogowano/input_Leszek Kowalski_messageInput'

2021-12-19 14:24:47 - [MESSAGE][PASSED] - Text 'e' is set on object 'Object Repository/Page_PSTO webMessenger - Zalogowano/input_Leszek Kowalski_messageInput'

2021-12-19 14:24:47 - [TEST_STEP][PASSED] - click(findTestObject("Page_PSTO webMessenger - Zalogowano/img_Leszek Kowalski_sendButton")): Object: 'Object Repository/Page_PSTO webMessenger - Zalogowano/img_Leszek Kowalski_sendButton' is clicked on

2021-12-19 14:24:48 - [MESSAGE][PASSED] - Object: 'Object Repository/Page_PSTO webMessenger - Zalogowano/img_Leszek Kowalski_sendButton' is clicked on

2021-12-19 14:24:48 - [TEST_STEP][PASSED] - setText(findTestObject("Page_PSTO webMessenger - Zalogowano/input_Leszek Kowalski_messageInput"), "e"): Text 'e' is set on object 'Object Repository/Page_PSTO webMessenger - Zalogowano/input_Leszek Kowalski_messageInput'

2021-12-19 14:24:48 - [MESSAGE][PASSED] - Text 'e' is set on object 'Object Repository/Page_PSTO webMessenger - Zalogowano/input_Leszek Kowalski_messageInput'

2021-12-19 14:24:48 - [TEST_STEP][PASSED] - click(findTestObject("Page_PSTO webMessenger - Zalogowano/img_Leszek Kowalski_sendButton")): Object: 'Object Repository/Page_PSTO webMessenger - Zalogowano/img_Leszek Kowalski_sendButton' is clicked on

2021-12-19 14:24:50 - [MESSAGE][PASSED] - Object: 'Object Repository/Page_PSTO webMessenger - Zalogowano/img_Leszek Kowalski_sendButton' is clicked on

2021-12-19 14:24:50 - [TEST_STEP][PASSED] - setText(findTestObject("Page_PSTO webMessenger - Zalogowano/input_Leszek Kowalski_messageInput"), "e"): Text 'e' is set on object 'Object Repository/Page_PSTO webMessenger - Zalogowano/input_Leszek Kowalski_messageInput'

2021-12-19 14:24:50 - [MESSAGE][PASSED] - Text 'e' is set on object 'Object Repository/Page_PSTO webMessenger - Zalogowano/input_Leszek Kowalski_messageInput'

2021-12-19 14:24:50 - [TEST_STEP][PASSED] - click(findTestObject("Page_PSTO webMessenger - Zalogowano/img_Leszek Kowalski_sendButton")): Object: 'Object Repository/Page_PSTO webMessenger - Zalogowano/img_Leszek Kowalski_sendButton' is clicked on

2021-12-19 14:24:51 - [MESSAGE][PASSED] - Object: 'Object Repository/Page_PSTO webMessenger - Zalogowano/img_Leszek Kowalski_sendButton' is clicked on

2021-12-19 14:24:51 - [TEST_STEP][PASSED] - setText(findTestObject("Page_PSTO webMessenger - Zalogowano/input_Leszek Kowalski_messageInput"), "e"): Text 'e' is set on object 'Object Repository/Page_PSTO webMessenger - Zalogowano/input_Leszek Kowalski_messageInput'

2021-12-19 14:24:52 - [MESSAGE][PASSED] - Text 'e' is set on object 'Object Repository/Page_PSTO webMessenger - Zalogowano/input_Leszek Kowalski_messageInput'

2021-12-19 14:24:52 - [TEST_STEP][PASSED] - click(findTestObject("Page_PSTO webMessenger - Zalogowano/img_Leszek Kowalski_sendButton")): Object: 'Object Repository/Page_PSTO webMessenger - Zalogowano/img_Leszek Kowalski_sendButton' is clicked on

2021-12-19 14:24:52 - [MESSAGE][PASSED] - Object: 'Object Repository/Page_PSTO webMessenger - Zalogowano/img_Leszek Kowalski_sendButton' is clicked on

2021-12-19 14:24:52 - [TEST_STEP][PASSED] - setText(findTestObject("Page_PSTO webMessenger - Zalogowano/input_Leszek Kowalski_messageInput"), "e"): Text 'e' is set on object 'Object Repository/Page_PSTO webMessenger - Zalogowano/input_Leszek Kowalski_messageInput'

2021-12-19 14:24:53 - [MESSAGE][PASSED] - Text 'e' is set on object 'Object Repository/Page_PSTO webMessenger - Zalogowano/input_Leszek Kowalski_messageInput'

2021-12-19 14:24:53 - [TEST_STEP][PASSED] - click(findTestObject("Page_PSTO webMessenger - Zalogowano/img_Leszek Kowalski_sendButton")): Object: 'Object Repository/Page_PSTO webMessenger - Zalogowano/img_Leszek Kowalski_sendButton' is clicked on

2021-12-19 14:24:54 - [MESSAGE][PASSED] - Object: 'Object Repository/Page_PSTO webMessenger - Zalogowano/img_Leszek Kowalski_sendButton' is clicked on

2021-12-19 14:24:54 - [TEST_STEP][PASSED] - setText(findTestObject("Page_PSTO webMessenger - Zalogowano/input_Leszek Kowalski_messageInput"), "e"): Text 'e' is set on object 'Object Repository/Page_PSTO webMessenger - Zalogowano/input_Leszek Kowalski_messageInput'

2021-12-19 14:24:54 - [MESSAGE][PASSED] - Text 'e' is set on object 'Object Repository/Page_PSTO webMessenger - Zalogowano/input_Leszek Kowalski_messageInput'

2021-12-19 14:24:54 - [TEST_STEP][PASSED] - click(findTestObject("Page_PSTO webMessenger - Zalogowano/img_Leszek Kowalski_sendButton")): Object: 'Object Repository/Page_PSTO webMessenger - Zalogowano/img_Leszek Kowalski_sendButton' is clicked on

2021-12-19 14:24:55 - [MESSAGE][PASSED] - Object: 'Object Repository/Page_PSTO webMessenger - Zalogowano/img_Leszek Kowalski_sendButton' is clicked on

2021-12-19 14:24:55 - [TEST_STEP][PASSED] - setText(findTestObject("Page_PSTO webMessenger - Zalogowano/input_Leszek Kowalski_messageInput"), "e"): Text 'e' is set on object 'Object Repository/Page_PSTO webMessenger - Zalogowano/input_Leszek Kowalski_messageInput'

2021-12-19 14:24:56 - [MESSAGE][PASSED] - Text 'e' is set on object 'Object Repository/Page_PSTO webMessenger - Zalogowano/input_Leszek Kowalski_messageInput'

2021-12-19 14:24:56 - [TEST_STEP][PASSED] - click(findTestObject("Page_PSTO webMessenger - Zalogowano/img_Leszek Kowalski_sendButton")): Object: 'Object Repository/Page_PSTO webMessenger - Zalogowano/img_Leszek Kowalski_sendButton' is clicked on

2021-12-19 14:24:56 - [MESSAGE][PASSED] - Object: 'Object Repository/Page_PSTO webMessenger - Zalogowano/img_Leszek Kowalski_sendButton' is clicked on

2021-12-19 14:24:56 - [TEST_STEP][PASSED] - setText(findTestObject("Page_PSTO webMessenger - Zalogowano/input_Leszek Kowalski_messageInput"), "e"): Text 'e' is set on object 'Object Repository/Page_PSTO webMessenger - Zalogowano/input_Leszek Kowalski_messageInput'

2021-12-19 14:24:57 - [MESSAGE][PASSED] - Text 'e' is set on object 'Object Repository/Page_PSTO webMessenger - Zalogowano/input_Leszek Kowalski_messageInput'

2021-12-19 14:24:57 - [TEST_STEP][PASSED] - click(findTestObject("Page_PSTO webMessenger - Zalogowano/img_Leszek Kowalski_sendButton")): Object: 'Object Repository/Page_PSTO webMessenger - Zalogowano/img_Leszek Kowalski_sendButton' is clicked on

2021-12-19 14:24:58 - [MESSAGE][PASSED] - Object: 'Object Repository/Page_PSTO webMessenger - Zalogowano/img_Leszek Kowalski_sendButton' is clicked on

2021-12-19 14:24:58 - [TEST_STEP][PASSED] - setText(findTestObject("Page_PSTO webMessenger - Zalogowano/input_Leszek Kowalski_messageInput"), "e"): Text 'e' is set on object 'Object Repository/Page_PSTO webMessenger - Zalogowano/input_Leszek Kowalski_messageInput'

2021-12-19 14:24:59 - [MESSAGE][PASSED] - Text 'e' is set on object 'Object Repository/Page_PSTO webMessenger - Zalogowano/input_Leszek Kowalski_messageInput'

2021-12-19 14:24:59 - [TEST_STEP][PASSED] - click(findTestObject("Page_PSTO webMessenger - Zalogowano/img_Leszek Kowalski_sendButton")): Object: 'Object Repository/Page_PSTO webMessenger - Zalogowano/img_Leszek Kowalski_sendButton' is clicked on

2021-12-19 14:24:59 - [MESSAGE][PASSED] - Object: 'Object Repository/Page_PSTO webMessenger - Zalogowano/img_Leszek Kowalski_sendButton' is clicked on

2021-12-19 14:24:59 - [TEST_STEP][PASSED] - setText(findTestObject("Page_PSTO webMessenger - Zalogowano/input_Leszek Kowalski_messageInput"), "e"): Text 'e' is set on object 'Object Repository/Page_PSTO webMessenger - Zalogowano/input_Leszek Kowalski_messageInput'

2021-12-19 14:25:00 - [MESSAGE][PASSED] - Text 'e' is set on object 'Object Repository/Page_PSTO webMessenger - Zalogowano/input_Leszek Kowalski_messageInput'

2021-12-19 14:25:00 - [TEST_STEP][PASSED] - click(findTestObject("Page_PSTO webMessenger - Zalogowano/img_Leszek Kowalski_sendButton")): Object: 'Object Repository/Page_PSTO webMessenger - Zalogowano/img_Leszek Kowalski_sendButton' is clicked on

2021-12-19 14:25:01 - [MESSAGE][PASSED] - Object: 'Object Repository/Page_PSTO webMessenger - Zalogowano/img_Leszek Kowalski_sendButton' is clicked on

2021-12-19 14:25:01 - [TEST_STEP][PASSED] - setText(findTestObject("Page_PSTO webMessenger - Zalogowano/input_Leszek Kowalski_messageInput"), "e"): Text 'e' is set on object 'Object Repository/Page_PSTO webMessenger - Zalogowano/input_Leszek Kowalski_messageInput'

2021-12-19 14:25:01 - [MESSAGE][PASSED] - Text 'e' is set on object 'Object Repository/Page_PSTO webMessenger - Zalogowano/input_Leszek Kowalski_messageInput'

2021-12-19 14:25:01 - [TEST_STEP][PASSED] - click(findTestObject("Page_PSTO webMessenger - Zalogowano/img_Leszek Kowalski_sendButton")): Object: 'Object Repository/Page_PSTO webMessenger - Zalogowano/img_Leszek Kowalski_sendButton' is clicked on

2021-12-19 14:25:02 - [MESSAGE][PASSED] - Object: 'Object Repository/Page_PSTO webMessenger - Zalogowano/img_Leszek Kowalski_sendButton' is clicked on

2021-12-19 14:25:02 - [TEST_STEP][PASSED] - setText(findTestObject("Page_PSTO webMessenger - Zalogowano/input_Leszek Kowalski_messageInput"), "e"): Text 'e' is set on object 'Object Repository/Page_PSTO webMessenger - Zalogowano/input_Leszek Kowalski_messageInput'

2021-12-19 14:25:03 - [MESSAGE][PASSED] - Text 'e' is set on object 'Object Repository/Page_PSTO webMessenger - Zalogowano/input_Leszek Kowalski_messageInput'

2021-12-19 14:25:03 - [TEST_STEP][PASSED] - click(findTestObject("Page_PSTO webMessenger - Zalogowano/img_Leszek Kowalski_sendButton")): Object: 'Object Repository/Page_PSTO webMessenger - Zalogowano/img_Leszek Kowalski_sendButton' is clicked on

2021-12-19 14:25:04 - [MESSAGE][PASSED] - Object: 'Object Repository/Page_PSTO webMessenger - Zalogowano/img_Leszek Kowalski_sendButton' is clicked on

2021-12-19 14:25:04 - [TEST_STEP][PASSED] - setText(findTestObject("Page_PSTO webMessenger - Zalogowano/input_Leszek Kowalski_messageInput"), "e"): Text 'e' is set on object 'Object Repository/Page_PSTO webMessenger - Zalogowano/input_Leszek Kowalski_messageInput'

2021-12-19 14:25:04 - [MESSAGE][PASSED] - Text 'e' is set on object 'Object Repository/Page_PSTO webMessenger - Zalogowano/input_Leszek Kowalski_messageInput'

2021-12-19 14:25:04 - [TEST_STEP][PASSED] - click(findTestObject("Page_PSTO webMessenger - Zalogowano/img_Leszek Kowalski_sendButton")): Object: 'Object Repository/Page_PSTO webMessenger - Zalogowano/img_Leszek Kowalski_sendButton' is clicked on

2021-12-19 14:25:05 - [MESSAGE][PASSED] - Object: 'Object Repository/Page_PSTO webMessenger - Zalogowano/img_Leszek Kowalski_sendButton' is clicked on

2021-12-19 14:25:05 - [TEST_STEP][PASSED] - setText(findTestObject("Page_PSTO webMessenger - Zalogowano/input_Leszek Kowalski_messageInput"), "e"): Text 'e' is set on object 'Object Repository/Page_PSTO webMessenger - Zalogowano/input_Leszek Kowalski_messageInput'

2021-12-19 14:25:06 - [MESSAGE][PASSED] - Text 'e' is set on object 'Object Repository/Page_PSTO webMessenger - Zalogowano/input_Leszek Kowalski_messageInput'

2021-12-19 14:25:06 - [TEST_STEP][PASSED] - click(findTestObject("Page_PSTO webMessenger - Zalogowano/img_Leszek Kowalski_sendButton")): Object: 'Object Repository/Page_PSTO webMessenger - Zalogowano/img_Leszek Kowalski_sendButton' is clicked on

2021-12-19 14:25:06 - [MESSAGE][PASSED] - Object: 'Object Repository/Page_PSTO webMessenger - Zalogowano/img_Leszek Kowalski_sendButton' is clicked on

2021-12-19 14:25:06 - [TEST_STEP][PASSED] - setText(findTestObject("Page_PSTO webMessenger - Zalogowano/input_Leszek Kowalski_messageInput"), "e"): Text 'e' is set on object 'Object Repository/Page_PSTO webMessenger - Zalogowano/input_Leszek Kowalski_messageInput'

2021-12-19 14:25:07 - [MESSAGE][PASSED] - Text 'e' is set on object 'Object Repository/Page_PSTO webMessenger - Zalogowano/input_Leszek Kowalski_messageInput'

2021-12-19 14:25:07 - [TEST_STEP][PASSED] - click(findTestObject("Page_PSTO webMessenger - Zalogowano/img_Leszek Kowalski_sendButton")): Object: 'Object Repository/Page_PSTO webMessenger - Zalogowano/img_Leszek Kowalski_sendButton' is clicked on

2021-12-19 14:25:08 - [MESSAGE][PASSED] - Object: 'Object Repository/Page_PSTO webMessenger - Zalogowano/img_Leszek Kowalski_sendButton' is clicked on

2021-12-19 14:25:08 - [TEST_STEP][PASSED] - setText(findTestObject("Page_PSTO webMessenger - Zalogowano/input_Leszek Kowalski_messageInput"), "e"): Text 'e' is set on object 'Object Repository/Page_PSTO webMessenger - Zalogowano/input_Leszek Kowalski_messageInput'

2021-12-19 14:25:09 - [MESSAGE][PASSED] - Text 'e' is set on object 'Object Repository/Page_PSTO webMessenger - Zalogowano/input_Leszek Kowalski_messageInput'

2021-12-19 14:25:09 - [TEST_STEP][PASSED] - click(findTestObject("Page_PSTO webMessenger - Zalogowano/img_Leszek Kowalski_sendButton")): Object: 'Object Repository/Page_PSTO webMessenger - Zalogowano/img_Leszek Kowalski_sendButton' is clicked on

2021-12-19 14:25:09 - [MESSAGE][PASSED] - Object: 'Object Repository/Page_PSTO webMessenger - Zalogowano/img_Leszek Kowalski_sendButton' is clicked on

2021-12-19 14:25:09 - [TEST_STEP][PASSED] - setText(findTestObject("Page_PSTO webMessenger - Zalogowano/input_Leszek Kowalski_messageInput"), "e"): Text 'e' is set on object 'Object Repository/Page_PSTO webMessenger - Zalogowano/input_Leszek Kowalski_messageInput'

2021-12-19 14:25:10 - [MESSAGE][PASSED] - Text 'e' is set on object 'Object Repository/Page_PSTO webMessenger - Zalogowano/input_Leszek Kowalski_messageInput'

2021-12-19 14:25:10 - [TEST_STEP][PASSED] - click(findTestObject("Page_PSTO webMessenger - Zalogowano/img_Leszek Kowalski_sendButton")): Object: 'Object Repository/Page_PSTO webMessenger - Zalogowano/img_Leszek Kowalski_sendButton' is clicked on

2021-12-19 14:25:11 - [MESSAGE][PASSED] - Object: 'Object Repository/Page_PSTO webMessenger - Zalogowano/img_Leszek Kowalski_sendButton' is clicked on

2021-12-19 14:25:11 - [TEST_STEP][PASSED] - setText(findTestObject("Page_PSTO webMessenger - Zalogowano/input_Leszek Kowalski_messageInput"), "e"): Text 'e' is set on object 'Object Repository/Page_PSTO webMessenger - Zalogowano/input_Leszek Kowalski_messageInput'

2021-12-19 14:25:11 - [MESSAGE][PASSED] - Text 'e' is set on object 'Object Repository/Page_PSTO webMessenger - Zalogowano/input_Leszek Kowalski_messageInput'

2021-12-19 14:25:11 - [TEST_STEP][PASSED] - click(findTestObject("Page_PSTO webMessenger - Zalogowano/img_Leszek Kowalski_sendButton")): Object: 'Object Repository/Page_PSTO webMessenger - Zalogowano/img_Leszek Kowalski_sendButton' is clicked on

2021-12-19 14:25:12 - [MESSAGE][PASSED] - Object: 'Object Repository/Page_PSTO webMessenger - Zalogowano/img_Leszek Kowalski_sendButton' is clicked on

2021-12-19 14:25:12 - [TEST_STEP][PASSED] - setText(findTestObject("Page_PSTO webMessenger - Zalogowano/input_Leszek Kowalski_messageInput"), "e"): Text 'e' is set on object 'Object Repository/Page_PSTO webMessenger - Zalogowano/input_Leszek Kowalski_messageInput'

2021-12-19 14:25:13 - [MESSAGE][PASSED] - Text 'e' is set on object 'Object Repository/Page_PSTO webMessenger - Zalogowano/input_Leszek Kowalski_messageInput'

2021-12-19 14:25:13 - [TEST_STEP][PASSED] - click(findTestObject("Page_PSTO webMessenger - Zalogowano/img_Leszek Kowalski_sendButton")): Object: 'Object Repository/Page_PSTO webMessenger - Zalogowano/img_Leszek Kowalski_sendButton' is clicked on

2021-12-19 14:25:14 - [MESSAGE][PASSED] - Object: 'Object Repository/Page_PSTO webMessenger - Zalogowano/img_Leszek Kowalski_sendButton' is clicked on

2021-12-19 14:25:14 - [TEST_STEP][PASSED] - setText(findTestObject("Page_PSTO webMessenger - Zalogowano/input_Leszek Kowalski_messageInput"), "e"): Text 'e' is set on object 'Object Repository/Page_PSTO webMessenger - Zalogowano/input_Leszek Kowalski_messageInput'

2021-12-19 14:25:14 - [MESSAGE][PASSED] - Text 'e' is set on object 'Object Repository/Page_PSTO webMessenger - Zalogowano/input_Leszek Kowalski_messageInput'

2021-12-19 14:25:14 - [TEST_STEP][PASSED] - click(findTestObject("Page_PSTO webMessenger - Zalogowano/img_Leszek Kowalski_sendButton")): Object: 'Object Repository/Page_PSTO webMessenger - Zalogowano/img_Leszek Kowalski_sendButton' is clicked on

2021-12-19 14:25:15 - [MESSAGE][PASSED] - Object: 'Object Repository/Page_PSTO webMessenger - Zalogowano/img_Leszek Kowalski_sendButton' is clicked on

2021-12-19 14:25:15 - [TEST_STEP][PASSED] - setText(findTestObject("Page_PSTO webMessenger - Zalogowano/input_Leszek Kowalski_messageInput"), "e"): Text 'e' is set on object 'Object Repository/Page_PSTO webMessenger - Zalogowano/input_Leszek Kowalski_messageInput'

2021-12-19 14:25:16 - [MESSAGE][PASSED] - Text 'e' is set on object 'Object Repository/Page_PSTO webMessenger - Zalogowano/input_Leszek Kowalski_messageInput'

2021-12-19 14:25:16 - [TEST_STEP][PASSED] - click(findTestObject("Page_PSTO webMessenger - Zalogowano/img_Leszek Kowalski_sendButton")): Object: 'Object Repository/Page_PSTO webMessenger - Zalogowano/img_Leszek Kowalski_sendButton' is clicked on

2021-12-19 14:25:16 - [MESSAGE][PASSED] - Object: 'Object Repository/Page_PSTO webMessenger - Zalogowano/img_Leszek Kowalski_sendButton' is clicked on

2021-12-19 14:25:16 - [TEST_STEP][PASSED] - setText(findTestObject("Page_PSTO webMessenger - Zalogowano/input_Leszek Kowalski_messageInput"), "e"): Text 'e' is set on object 'Object Repository/Page_PSTO webMessenger - Zalogowano/input_Leszek Kowalski_messageInput'

2021-12-19 14:25:17 - [MESSAGE][PASSED] - Text 'e' is set on object 'Object Repository/Page_PSTO webMessenger - Zalogowano/input_Leszek Kowalski_messageInput'

2021-12-19 14:25:17 - [TEST_STEP][PASSED] - click(findTestObject("Page_PSTO webMessenger - Zalogowano/img_Leszek Kowalski_sendButton")): Object: 'Object Repository/Page_PSTO webMessenger - Zalogowano/img_Leszek Kowalski_sendButton' is clicked on

2021-12-19 14:25:18 - [MESSAGE][PASSED] - Object: 'Object Repository/Page_PSTO webMessenger - Zalogowano/img_Leszek Kowalski_sendButton' is clicked on

2021-12-19 14:25:18 - [TEST_STEP][PASSED] - setText(findTestObject("Page_PSTO webMessenger - Zalogowano/input_Leszek Kowalski_messageInput"), "e"): Text 'e' is set on object 'Object Repository/Page_PSTO webMessenger - Zalogowano/input_Leszek Kowalski_messageInput'

2021-12-19 14:25:19 - [MESSAGE][PASSED] - Text 'e' is set on object 'Object Repository/Page_PSTO webMessenger - Zalogowano/input_Leszek Kowalski_messageInput'

2021-12-19 14:25:19 - [TEST_STEP][PASSED] - click(findTestObject("Page_PSTO webMessenger - Zalogowano/img_Leszek Kowalski_sendButton")): Object: 'Object Repository/Page_PSTO webMessenger - Zalogowano/img_Leszek Kowalski_sendButton' is clicked on

2021-12-19 14:25:19 - [MESSAGE][PASSED] - Object: 'Object Repository/Page_PSTO webMessenger - Zalogowano/img_Leszek Kowalski_sendButton' is clicked on

2021-12-19 14:25:19 - [TEST_STEP][PASSED] - setText(findTestObject("Page_PSTO webMessenger - Zalogowano/input_Leszek Kowalski_messageInput"), "e"): Text 'e' is set on object 'Object Repository/Page_PSTO webMessenger - Zalogowano/input_Leszek Kowalski_messageInput'

2021-12-19 14:25:20 - [MESSAGE][PASSED] - Text 'e' is set on object 'Object Repository/Page_PSTO webMessenger - Zalogowano/input_Leszek Kowalski_messageInput'

2021-12-19 14:25:20 - [TEST_STEP][PASSED] - click(findTestObject("Page_PSTO webMessenger - Zalogowano/img_Leszek Kowalski_sendButton")): Object: 'Object Repository/Page_PSTO webMessenger - Zalogowano/img_Leszek Kowalski_sendButton' is clicked on

2021-12-19 14:25:21 - [MESSAGE][PASSED] - Object: 'Object Repository/Page_PSTO webMessenger - Zalogowano/img_Leszek Kowalski_sendButton' is clicked on

2021-12-19 14:25:21 - [TEST_STEP][PASSED] - setText(findTestObject("Page_PSTO webMessenger - Zalogowano/input_Leszek Kowalski_messageInput"), "e"): Text 'e' is set on object 'Object Repository/Page_PSTO webMessenger - Zalogowano/input_Leszek Kowalski_messageInput'

2021-12-19 14:25:21 - [MESSAGE][PASSED] - Text 'e' is set on object 'Object Repository/Page_PSTO webMessenger - Zalogowano/input_Leszek Kowalski_messageInput'

2021-12-19 14:25:21 - [TEST_STEP][PASSED] - click(findTestObject("Page_PSTO webMessenger - Zalogowano/img_Leszek Kowalski_sendButton")): Object: 'Object Repository/Page_PSTO webMessenger - Zalogowano/img_Leszek Kowalski_sendButton' is clicked on

2021-12-19 14:25:22 - [MESSAGE][PASSED] - Object: 'Object Repository/Page_PSTO webMessenger - Zalogowano/img_Leszek Kowalski_sendButton' is clicked on

2021-12-19 14:25:22 - [TEST_STEP][PASSED] - setText(findTestObject("Page_PSTO webMessenger - Zalogowano/input_Leszek Kowalski_messageInput"), "e"): Text 'e' is set on object 'Object Repository/Page_PSTO webMessenger - Zalogowano/input_Leszek Kowalski_messageInput'

2021-12-19 14:25:23 - [MESSAGE][PASSED] - Text 'e' is set on object 'Object Repository/Page_PSTO webMessenger - Zalogowano/input_Leszek Kowalski_messageInput'

2021-12-19 14:25:23 - [TEST_STEP][PASSED] - click(findTestObject("Page_PSTO webMessenger - Zalogowano/img_Leszek Kowalski_sendButton")): Object: 'Object Repository/Page_PSTO webMessenger - Zalogowano/img_Leszek Kowalski_sendButton' is clicked on

2021-12-19 14:25:24 - [MESSAGE][PASSED] - Object: 'Object Repository/Page_PSTO webMessenger - Zalogowano/img_Leszek Kowalski_sendButton' is clicked on

2021-12-19 14:25:24 - [TEST_STEP][PASSED] - setText(findTestObject("Page_PSTO webMessenger - Zalogowano/input_Leszek Kowalski_messageInput"), "e"): Text 'e' is set on object 'Object Repository/Page_PSTO webMessenger - Zalogowano/input_Leszek Kowalski_messageInput'

2021-12-19 14:25:24 - [MESSAGE][PASSED] - Text 'e' is set on object 'Object Repository/Page_PSTO webMessenger - Zalogowano/input_Leszek Kowalski_messageInput'

2021-12-19 14:25:24 - [TEST_STEP][PASSED] - click(findTestObject("Page_PSTO webMessenger - Zalogowano/img_Leszek Kowalski_sendButton")): Object: 'Object Repository/Page_PSTO webMessenger - Zalogowano/img_Leszek Kowalski_sendButton' is clicked on

2021-12-19 14:25:25 - [MESSAGE][PASSED] - Object: 'Object Repository/Page_PSTO webMessenger - Zalogowano/img_Leszek Kowalski_sendButton' is clicked on

2021-12-19 14:25:25 - [TEST_STEP][PASSED] - setText(findTestObject("Page_PSTO webMessenger - Zalogowano/input_Leszek Kowalski_messageInput"), "e"): Text 'e' is set on object 'Object Repository/Page_PSTO webMessenger - Zalogowano/input_Leszek Kowalski_messageInput'

2021-12-19 14:25:26 - [MESSAGE][PASSED] - Text 'e' is set on object 'Object Repository/Page_PSTO webMessenger - Zalogowano/input_Leszek Kowalski_messageInput'

2021-12-19 14:25:26 - [TEST_STEP][PASSED] - click(findTestObject("Page_PSTO webMessenger - Zalogowano/img_Leszek Kowalski_sendButton")): Object: 'Object Repository/Page_PSTO webMessenger - Zalogowano/img_Leszek Kowalski_sendButton' is clicked on

2021-12-19 14:25:26 - [MESSAGE][PASSED] - Object: 'Object Repository/Page_PSTO webMessenger - Zalogowano/img_Leszek Kowalski_sendButton' is clicked on

2021-12-19 14:25:26 - [TEST_STEP][PASSED] - setText(findTestObject("Page_PSTO webMessenger - Zalogowano/input_Leszek Kowalski_messageInput"), "e"): Text 'e' is set on object 'Object Repository/Page_PSTO webMessenger - Zalogowano/input_Leszek Kowalski_messageInput'

2021-12-19 14:25:27 - [MESSAGE][PASSED] - Text 'e' is set on object 'Object Repository/Page_PSTO webMessenger - Zalogowano/input_Leszek Kowalski_messageInput'

2021-12-19 14:25:27 - [TEST_STEP][PASSED] - click(findTestObject("Page_PSTO webMessenger - Zalogowano/img_Leszek Kowalski_sendButton")): Object: 'Object Repository/Page_PSTO webMessenger - Zalogowano/img_Leszek Kowalski_sendButton' is clicked on

2021-12-19 14:25:28 - [MESSAGE][PASSED] - Object: 'Object Repository/Page_PSTO webMessenger - Zalogowano/img_Leszek Kowalski_sendButton' is clicked on

2021-12-19 14:25:28 - [TEST_STEP][PASSED] - setText(findTestObject("Page_PSTO webMessenger - Zalogowano/input_Leszek Kowalski_messageInput"), "e"): Text 'e' is set on object 'Object Repository/Page_PSTO webMessenger - Zalogowano/input_Leszek Kowalski_messageInput'

2021-12-19 14:25:29 - [MESSAGE][PASSED] - Text 'e' is set on object 'Object Repository/Page_PSTO webMessenger - Zalogowano/input_Leszek Kowalski_messageInput'

2021-12-19 14:25:29 - [TEST_STEP][PASSED] - click(findTestObject("Page_PSTO webMessenger - Zalogowano/img_Leszek Kowalski_sendButton")): Object: 'Object Repository/Page_PSTO webMessenger - Zalogowano/img_Leszek Kowalski_sendButton' is clicked on

2021-12-19 14:25:29 - [MESSAGE][PASSED] - Object: 'Object Repository/Page_PSTO webMessenger - Zalogowano/img_Leszek Kowalski_sendButton' is clicked on

2021-12-19 14:25:29 - [TEST_STEP][PASSED] - setText(findTestObject("Page_PSTO webMessenger - Zalogowano/input_Leszek Kowalski_messageInput"), "e"): Text 'e' is set on object 'Object Repository/Page_PSTO webMessenger - Zalogowano/input_Leszek Kowalski_messageInput'

2021-12-19 14:25:30 - [MESSAGE][PASSED] - Text 'e' is set on object 'Object Repository/Page_PSTO webMessenger - Zalogowano/input_Leszek Kowalski_messageInput'

2021-12-19 14:25:30 - [TEST_STEP][PASSED] - click(findTestObject("Page_PSTO webMessenger - Zalogowano/img_Leszek Kowalski_sendButton")): Object: 'Object Repository/Page_PSTO webMessenger - Zalogowano/img_Leszek Kowalski_sendButton' is clicked on

2021-12-19 14:25:31 - [MESSAGE][PASSED] - Object: 'Object Repository/Page_PSTO webMessenger - Zalogowano/img_Leszek Kowalski_sendButton' is clicked on

2021-12-19 14:25:31 - [TEST_STEP][PASSED] - setText(findTestObject("Page_PSTO webMessenger - Zalogowano/input_Leszek Kowalski_messageInput"), "e"): Text 'e' is set on object 'Object Repository/Page_PSTO webMessenger - Zalogowano/input_Leszek Kowalski_messageInput'

2021-12-19 14:25:31 - [MESSAGE][PASSED] - Text 'e' is set on object 'Object Repository/Page_PSTO webMessenger - Zalogowano/input_Leszek Kowalski_messageInput'

2021-12-19 14:25:31 - [TEST_STEP][PASSED] - click(findTestObject("Page_PSTO webMessenger - Zalogowano/img_Leszek Kowalski_sendButton")): Object: 'Object Repository/Page_PSTO webMessenger - Zalogowano/img_Leszek Kowalski_sendButton' is clicked on

2021-12-19 14:25:32 - [MESSAGE][PASSED] - Object: 'Object Repository/Page_PSTO webMessenger - Zalogowano/img_Leszek Kowalski_sendButton' is clicked on

2021-12-19 14:25:32 - [TEST_STEP][PASSED] - setText(findTestObject("Page_PSTO webMessenger - Zalogowano/input_Leszek Kowalski_messageInput"), "e"): Text 'e' is set on object 'Object Repository/Page_PSTO webMessenger - Zalogowano/input_Leszek Kowalski_messageInput'

2021-12-19 14:25:33 - [MESSAGE][PASSED] - Text 'e' is set on object 'Object Repository/Page_PSTO webMessenger - Zalogowano/input_Leszek Kowalski_messageInput'

2021-12-19 14:25:33 - [TEST_STEP][PASSED] - click(findTestObject("Page_PSTO webMessenger - Zalogowano/img_Leszek Kowalski_sendButton")): Object: 'Object Repository/Page_PSTO webMessenger - Zalogowano/img_Leszek Kowalski_sendButton' is clicked on

2021-12-19 14:25:34 - [MESSAGE][PASSED] - Object: 'Object Repository/Page_PSTO webMessenger - Zalogowano/img_Leszek Kowalski_sendButton' is clicked on

2021-12-19 14:25:34 - [TEST_STEP][PASSED] - setText(findTestObject("Page_PSTO webMessenger - Zalogowano/input_Leszek Kowalski_messageInput"), "e"): Text 'e' is set on object 'Object Repository/Page_PSTO webMessenger - Zalogowano/input_Leszek Kowalski_messageInput'

2021-12-19 14:25:34 - [MESSAGE][PASSED] - Text 'e' is set on object 'Object Repository/Page_PSTO webMessenger - Zalogowano/input_Leszek Kowalski_messageInput'

2021-12-19 14:25:34 - [TEST_STEP][PASSED] - click(findTestObject("Page_PSTO webMessenger - Zalogowano/img_Leszek Kowalski_sendButton")): Object: 'Object Repository/Page_PSTO webMessenger - Zalogowano/img_Leszek Kowalski_sendButton' is clicked on

2021-12-19 14:25:35 - [MESSAGE][PASSED] - Object: 'Object Repository/Page_PSTO webMessenger - Zalogowano/img_Leszek Kowalski_sendButton' is clicked on

2021-12-19 14:25:35 - [TEST_STEP][PASSED] - setText(findTestObject("Page_PSTO webMessenger - Zalogowano/input_Leszek Kowalski_messageInput"), "e"): Text 'e' is set on object 'Object Repository/Page_PSTO webMessenger - Zalogowano/input_Leszek Kowalski_messageInput'

2021-12-19 14:25:36 - [MESSAGE][PASSED] - Text 'e' is set on object 'Object Repository/Page_PSTO webMessenger - Zalogowano/input_Leszek Kowalski_messageInput'

2021-12-19 14:25:36 - [TEST_STEP][PASSED] - click(findTestObject("Page_PSTO webMessenger - Zalogowano/img_Leszek Kowalski_sendButton")): Object: 'Object Repository/Page_PSTO webMessenger - Zalogowano/img_Leszek Kowalski_sendButton' is clicked on

2021-12-19 14:25:36 - [MESSAGE][PASSED] - Object: 'Object Repository/Page_PSTO webMessenger - Zalogowano/img_Leszek Kowalski_sendButton' is clicked on

2021-12-19 14:25:36 - [TEST_STEP][PASSED] - setText(findTestObject("Page_PSTO webMessenger - Zalogowano/input_Leszek Kowalski_messageInput"), "e"): Text 'e' is set on object 'Object Repository/Page_PSTO webMessenger - Zalogowano/input_Leszek Kowalski_messageInput'

2021-12-19 14:25:37 - [MESSAGE][PASSED] - Text 'e' is set on object 'Object Repository/Page_PSTO webMessenger - Zalogowano/input_Leszek Kowalski_messageInput'

2021-12-19 14:25:37 - [TEST_STEP][PASSED] - click(findTestObject("Page_PSTO webMessenger - Zalogowano/img_Leszek Kowalski_sendButton")): Object: 'Object Repository/Page_PSTO webMessenger - Zalogowano/img_Leszek Kowalski_sendButton' is clicked on

2021-12-19 14:25:38 - [MESSAGE][PASSED] - Object: 'Object Repository/Page_PSTO webMessenger - Zalogowano/img_Leszek Kowalski_sendButton' is clicked on

2021-12-19 14:25:38 - [TEST_STEP][PASSED] - setText(findTestObject("Page_PSTO webMessenger - Zalogowano/input_Leszek Kowalski_messageInput"), "e"): Text 'e' is set on object 'Object Repository/Page_PSTO webMessenger - Zalogowano/input_Leszek Kowalski_messageInput'

2021-12-19 14:25:39 - [MESSAGE][PASSED] - Text 'e' is set on object 'Object Repository/Page_PSTO webMessenger - Zalogowano/input_Leszek Kowalski_messageInput'

2021-12-19 14:25:39 - [TEST_STEP][PASSED] - click(findTestObject("Page_PSTO webMessenger - Zalogowano/img_Leszek Kowalski_sendButton")): Object: 'Object Repository/Page_PSTO webMessenger - Zalogowano/img_Leszek Kowalski_sendButton' is clicked on

2021-12-19 14:25:39 - [MESSAGE][PASSED] - Object: 'Object Repository/Page_PSTO webMessenger - Zalogowano/img_Leszek Kowalski_sendButton' is clicked on

2021-12-19 14:25:39 - [TEST_STEP][PASSED] - setText(findTestObject("Page_PSTO webMessenger - Zalogowano/input_Leszek Kowalski_messageInput"), "e"): Text 'e' is set on object 'Object Repository/Page_PSTO webMessenger - Zalogowano/input_Leszek Kowalski_messageInput'

2021-12-19 14:25:40 - [MESSAGE][PASSED] - Text 'e' is set on object 'Object Repository/Page_PSTO webMessenger - Zalogowano/input_Leszek Kowalski_messageInput'

2021-12-19 14:25:40 - [TEST_STEP][PASSED] - click(findTestObject("Page_PSTO webMessenger - Zalogowano/img_Leszek Kowalski_sendButton")): Object: 'Object Repository/Page_PSTO webMessenger - Zalogowano/img_Leszek Kowalski_sendButton' is clicked on

2021-12-19 14:25:41 - [MESSAGE][PASSED] - Object: 'Object Repository/Page_PSTO webMessenger - Zalogowano/img_Leszek Kowalski_sendButton' is clicked on

2021-12-19 14:25:41 - [TEST_STEP][PASSED] - setText(findTestObject("Page_PSTO webMessenger - Zalogowano/input_Leszek Kowalski_messageInput"), "e"): Text 'e' is set on object 'Object Repository/Page_PSTO webMessenger - Zalogowano/input_Leszek Kowalski_messageInput'

2021-12-19 14:25:41 - [MESSAGE][PASSED] - Text 'e' is set on object 'Object Repository/Page_PSTO webMessenger - Zalogowano/input_Leszek Kowalski_messageInput'

2021-12-19 14:25:41 - [TEST_STEP][PASSED] - click(findTestObject("Page_PSTO webMessenger - Zalogowano/img_Leszek Kowalski_sendButton")): Object: 'Object Repository/Page_PSTO webMessenger - Zalogowano/img_Leszek Kowalski_sendButton' is clicked on

2021-12-19 14:25:42 - [MESSAGE][PASSED] - Object: 'Object Repository/Page_PSTO webMessenger - Zalogowano/img_Leszek Kowalski_sendButton' is clicked on

2021-12-19 14:25:42 - [TEST_STEP][PASSED] - setText(findTestObject("Page_PSTO webMessenger - Zalogowano/input_Leszek Kowalski_messageInput"), "e"): Text 'e' is set on object 'Object Repository/Page_PSTO webMessenger - Zalogowano/input_Leszek Kowalski_messageInput'

2021-12-19 14:25:43 - [MESSAGE][PASSED] - Text 'e' is set on object 'Object Repository/Page_PSTO webMessenger - Zalogowano/input_Leszek Kowalski_messageInput'

2021-12-19 14:25:43 - [TEST_STEP][PASSED] - click(findTestObject("Page_PSTO webMessenger - Zalogowano/img_Leszek Kowalski_sendButton")): Object: 'Object Repository/Page_PSTO webMessenger - Zalogowano/img_Leszek Kowalski_sendButton' is clicked on

2021-12-19 14:25:44 - [MESSAGE][PASSED] - Object: 'Object Repository/Page_PSTO webMessenger - Zalogowano/img_Leszek Kowalski_sendButton' is clicked on

2021-12-19 14:25:44 - [TEST_STEP][PASSED] - setText(findTestObject("Page_PSTO webMessenger - Zalogowano/input_Leszek Kowalski_messageInput"), "e"): Text 'e' is set on object 'Object Repository/Page_PSTO webMessenger - Zalogowano/input_Leszek Kowalski_messageInput'

2021-12-19 14:25:44 - [MESSAGE][PASSED] - Text 'e' is set on object 'Object Repository/Page_PSTO webMessenger - Zalogowano/input_Leszek Kowalski_messageInput'

2021-12-19 14:25:44 - [TEST_STEP][PASSED] - click(findTestObject("Page_PSTO webMessenger - Zalogowano/img_Leszek Kowalski_sendButton")): Object: 'Object Repository/Page_PSTO webMessenger - Zalogowano/img_Leszek Kowalski_sendButton' is clicked on

2021-12-19 14:25:45 - [MESSAGE][PASSED] - Object: 'Object Repository/Page_PSTO webMessenger - Zalogowano/img_Leszek Kowalski_sendButton' is clicked on

2021-12-19 14:25:45 - [TEST_STEP][PASSED] - setText(findTestObject("Page_PSTO webMessenger - Zalogowano/input_Leszek Kowalski_messageInput"), "e"): Text 'e' is set on object 'Object Repository/Page_PSTO webMessenger - Zalogowano/input_Leszek Kowalski_messageInput'

2021-12-19 14:25:46 - [MESSAGE][PASSED] - Text 'e' is set on object 'Object Repository/Page_PSTO webMessenger - Zalogowano/input_Leszek Kowalski_messageInput'

2021-12-19 14:25:46 - [TEST_STEP][PASSED] - click(findTestObject("Page_PSTO webMessenger - Zalogowano/img_Leszek Kowalski_sendButton")): Object: 'Object Repository/Page_PSTO webMessenger - Zalogowano/img_Leszek Kowalski_sendButton' is clicked on

2021-12-19 14:25:46 - [MESSAGE][PASSED] - Object: 'Object Repository/Page_PSTO webMessenger - Zalogowano/img_Leszek Kowalski_sendButton' is clicked on

2021-12-19 14:25:46 - [TEST_STEP][PASSED] - setText(findTestObject("Page_PSTO webMessenger - Zalogowano/input_Leszek Kowalski_messageInput"), "e"): Text 'e' is set on object 'Object Repository/Page_PSTO webMessenger - Zalogowano/input_Leszek Kowalski_messageInput'

2021-12-19 14:25:47 - [MESSAGE][PASSED] - Text 'e' is set on object 'Object Repository/Page_PSTO webMessenger - Zalogowano/input_Leszek Kowalski_messageInput'

2021-12-19 14:25:47 - [TEST_STEP][PASSED] - click(findTestObject("Page_PSTO webMessenger - Zalogowano/img_Leszek Kowalski_sendButton")): Object: 'Object Repository/Page_PSTO webMessenger - Zalogowano/img_Leszek Kowalski_sendButton' is clicked on

2021-12-19 14:25:48 - [MESSAGE][PASSED] - Object: 'Object Repository/Page_PSTO webMessenger - Zalogowano/img_Leszek Kowalski_sendButton' is clicked on

2021-12-19 14:25:48 - [TEST_STEP][PASSED] - setText(findTestObject("Page_PSTO webMessenger - Zalogowano/input_Leszek Kowalski_messageInput"), "e"): Text 'e' is set on object 'Object Repository/Page_PSTO webMessenger - Zalogowano/input_Leszek Kowalski_messageInput'

2021-12-19 14:25:49 - [MESSAGE][PASSED] - Text 'e' is set on object 'Object Repository/Page_PSTO webMessenger - Zalogowano/input_Leszek Kowalski_messageInput'

2021-12-19 14:25:49 - [TEST_STEP][PASSED] - click(findTestObject("Page_PSTO webMessenger - Zalogowano/img_Leszek Kowalski_sendButton")): Object: 'Object Repository/Page_PSTO webMessenger - Zalogowano/img_Leszek Kowalski_sendButton' is clicked on

2021-12-19 14:25:49 - [MESSAGE][PASSED] - Object: 'Object Repository/Page_PSTO webMessenger - Zalogowano/img_Leszek Kowalski_sendButton' is clicked on

2021-12-19 14:25:49 - [TEST_STEP][PASSED] - setText(findTestObject("Page_PSTO webMessenger - Zalogowano/input_Leszek Kowalski_messageInput"), "e"): Text 'e' is set on object 'Object Repository/Page_PSTO webMessenger - Zalogowano/input_Leszek Kowalski_messageInput'

2021-12-19 14:25:50 - [MESSAGE][PASSED] - Text 'e' is set on object 'Object Repository/Page_PSTO webMessenger - Zalogowano/input_Leszek Kowalski_messageInput'

2021-12-19 14:25:50 - [TEST_STEP][PASSED] - click(findTestObject("Page_PSTO webMessenger - Zalogowano/img_Leszek Kowalski_sendButton")): Object: 'Object Repository/Page_PSTO webMessenger - Zalogowano/img_Leszek Kowalski_sendButton' is clicked on

2021-12-19 14:25:51 - [MESSAGE][PASSED] - Object: 'Object Repository/Page_PSTO webMessenger - Zalogowano/img_Leszek Kowalski_sendButton' is clicked on

2021-12-19 14:25:51 - [TEST_STEP][PASSED] - setText(findTestObject("Page_PSTO webMessenger - Zalogowano/input_Leszek Kowalski_messageInput"), "e"): Text 'e' is set on object 'Object Repository/Page_PSTO webMessenger - Zalogowano/input_Leszek Kowalski_messageInput'

2021-12-19 14:25:51 - [MESSAGE][PASSED] - Text 'e' is set on object 'Object Repository/Page_PSTO webMessenger - Zalogowano/input_Leszek Kowalski_messageInput'

2021-12-19 14:25:51 - [TEST_STEP][PASSED] - click(findTestObject("Page_PSTO webMessenger - Zalogowano/img_Leszek Kowalski_sendButton")): Object: 'Object Repository/Page_PSTO webMessenger - Zalogowano/img_Leszek Kowalski_sendButton' is clicked on

2021-12-19 14:25:52 - [MESSAGE][PASSED] - Object: 'Object Repository/Page_PSTO webMessenger - Zalogowano/img_Leszek Kowalski_sendButton' is clicked on

2021-12-19 14:25:52 - [TEST_STEP][PASSED] - setText(findTestObject("Page_PSTO webMessenger - Zalogowano/input_Leszek Kowalski_messageInput"), "e"): Text 'e' is set on object 'Object Repository/Page_PSTO webMessenger - Zalogowano/input_Leszek Kowalski_messageInput'

2021-12-19 14:25:53 - [MESSAGE][PASSED] - Text 'e' is set on object 'Object Repository/Page_PSTO webMessenger - Zalogowano/input_Leszek Kowalski_messageInput'

2021-12-19 14:25:53 - [TEST_STEP][PASSED] - click(findTestObject("Page_PSTO webMessenger - Zalogowano/img_Leszek Kowalski_sendButton")): Object: 'Object Repository/Page_PSTO webMessenger - Zalogowano/img_Leszek Kowalski_sendButton' is clicked on

2021-12-19 14:25:54 - [MESSAGE][PASSED] - Object: 'Object Repository/Page_PSTO webMessenger - Zalogowano/img_Leszek Kowalski_sendButton' is clicked on

2021-12-19 14:25:54 - [TEST_STEP][PASSED] - setText(findTestObject("Page_PSTO webMessenger - Zalogowano/input_Leszek Kowalski_messageInput"), "e"): Text 'e' is set on object 'Object Repository/Page_PSTO webMessenger - Zalogowano/input_Leszek Kowalski_messageInput'

2021-12-19 14:25:54 - [MESSAGE][PASSED] - Text 'e' is set on object 'Object Repository/Page_PSTO webMessenger - Zalogowano/input_Leszek Kowalski_messageInput'

2021-12-19 14:25:54 - [TEST_STEP][PASSED] - click(findTestObject("Page_PSTO webMessenger - Zalogowano/img_Leszek Kowalski_sendButton")): Object: 'Object Repository/Page_PSTO webMessenger - Zalogowano/img_Leszek Kowalski_sendButton' is clicked on

2021-12-19 14:25:55 - [MESSAGE][PASSED] - Object: 'Object Repository/Page_PSTO webMessenger - Zalogowano/img_Leszek Kowalski_sendButton' is clicked on

2021-12-19 14:25:55 - [TEST_STEP][PASSED] - setText(findTestObject("Page_PSTO webMessenger - Zalogowano/input_Leszek Kowalski_messageInput"), "e"): Text 'e' is set on object 'Object Repository/Page_PSTO webMessenger - Zalogowano/input_Leszek Kowalski_messageInput'

2021-12-19 14:25:56 - [MESSAGE][PASSED] - Text 'e' is set on object 'Object Repository/Page_PSTO webMessenger - Zalogowano/input_Leszek Kowalski_messageInput'

2021-12-19 14:25:56 - [TEST_STEP][PASSED] - click(findTestObject("Page_PSTO webMessenger - Zalogowano/img_Leszek Kowalski_sendButton")): Object: 'Object Repository/Page_PSTO webMessenger - Zalogowano/img_Leszek Kowalski_sendButton' is clicked on

2021-12-19 14:25:56 - [MESSAGE][PASSED] - Object: 'Object Repository/Page_PSTO webMessenger - Zalogowano/img_Leszek Kowalski_sendButton' is clicked on

2021-12-19 14:25:56 - [TEST_STEP][PASSED] - setText(findTestObject("Page_PSTO webMessenger - Zalogowano/input_Leszek Kowalski_messageInput"), "e"): Text 'e' is set on object 'Object Repository/Page_PSTO webMessenger - Zalogowano/input_Leszek Kowalski_messageInput'

2021-12-19 14:25:57 - [MESSAGE][PASSED] - Text 'e' is set on object 'Object Repository/Page_PSTO webMessenger - Zalogowano/input_Leszek Kowalski_messageInput'

2021-12-19 14:25:57 - [TEST_STEP][PASSED] - click(findTestObject("Page_PSTO webMessenger - Zalogowano/img_Leszek Kowalski_sendButton")): Object: 'Object Repository/Page_PSTO webMessenger - Zalogowano/img_Leszek Kowalski_sendButton' is clicked on

2021-12-19 14:25:58 - [MESSAGE][PASSED] - Object: 'Object Repository/Page_PSTO webMessenger - Zalogowano/img_Leszek Kowalski_sendButton' is clicked on

2021-12-19 14:25:58 - [TEST_STEP][PASSED] - setText(findTestObject("Page_PSTO webMessenger - Zalogowano/input_Leszek Kowalski_messageInput"), "e"): Text 'e' is set on object 'Object Repository/Page_PSTO webMessenger - Zalogowano/input_Leszek Kowalski_messageInput'

2021-12-19 14:25:59 - [MESSAGE][PASSED] - Text 'e' is set on object 'Object Repository/Page_PSTO webMessenger - Zalogowano/input_Leszek Kowalski_messageInput'

2021-12-19 14:25:59 - [TEST_STEP][PASSED] - click(findTestObject("Page_PSTO webMessenger - Zalogowano/img_Leszek Kowalski_sendButton")): Object: 'Object Repository/Page_PSTO webMessenger - Zalogowano/img_Leszek Kowalski_sendButton' is clicked on

2021-12-19 14:25:59 - [MESSAGE][PASSED] - Object: 'Object Repository/Page_PSTO webMessenger - Zalogowano/img_Leszek Kowalski_sendButton' is clicked on

2021-12-19 14:25:59 - [TEST_STEP][PASSED] - setText(findTestObject("Page_PSTO webMessenger - Zalogowano/input_Leszek Kowalski_messageInput"), "e"): Text 'e' is set on object 'Object Repository/Page_PSTO webMessenger - Zalogowano/input_Leszek Kowalski_messageInput'

2021-12-19 14:26:00 - [MESSAGE][PASSED] - Text 'e' is set on object 'Object Repository/Page_PSTO webMessenger - Zalogowano/input_Leszek Kowalski_messageInput'

2021-12-19 14:26:00 - [TEST_STEP][PASSED] - click(findTestObject("Page_PSTO webMessenger - Zalogowano/img_Leszek Kowalski_sendButton")): Object: 'Object Repository/Page_PSTO webMessenger - Zalogowano/img_Leszek Kowalski_sendButton' is clicked on

2021-12-19 14:26:01 - [MESSAGE][PASSED] - Object: 'Object Repository/Page_PSTO webMessenger - Zalogowano/img_Leszek Kowalski_sendButton' is clicked on

2021-12-19 14:26:01 - [TEST_STEP][PASSED] - setText(findTestObject("Page_PSTO webMessenger - Zalogowano/input_Leszek Kowalski_messageInput"), "e"): Text 'e' is set on object 'Object Repository/Page_PSTO webMessenger - Zalogowano/input_Leszek Kowalski_messageInput'

2021-12-19 14:26:01 - [MESSAGE][PASSED] - Text 'e' is set on object 'Object Repository/Page_PSTO webMessenger - Zalogowano/input_Leszek Kowalski_messageInput'

2021-12-19 14:26:01 - [TEST_STEP][PASSED] - click(findTestObject("Page_PSTO webMessenger - Zalogowano/img_Leszek Kowalski_sendButton")): Object: 'Object Repository/Page_PSTO webMessenger - Zalogowano/img_Leszek Kowalski_sendButton' is clicked on

2021-12-19 14:26:02 - [MESSAGE][PASSED] - Object: 'Object Repository/Page_PSTO webMessenger - Zalogowano/img_Leszek Kowalski_sendButton' is clicked on

2021-12-19 14:26:02 - [TEST_STEP][PASSED] - setText(findTestObject("Page_PSTO webMessenger - Zalogowano/input_Leszek Kowalski_messageInput"), "e"): Text 'e' is set on object 'Object Repository/Page_PSTO webMessenger - Zalogowano/input_Leszek Kowalski_messageInput'

2021-12-19 14:26:03 - [MESSAGE][PASSED] - Text 'e' is set on object 'Object Repository/Page_PSTO webMessenger - Zalogowano/input_Leszek Kowalski_messageInput'

2021-12-19 14:26:03 - [TEST_STEP][PASSED] - click(findTestObject("Page_PSTO webMessenger - Zalogowano/img_Leszek Kowalski_sendButton")): Object: 'Object Repository/Page_PSTO webMessenger - Zalogowano/img_Leszek Kowalski_sendButton' is clicked on

2021-12-19 14:26:04 - [MESSAGE][PASSED] - Object: 'Object Repository/Page_PSTO webMessenger - Zalogowano/img_Leszek Kowalski_sendButton' is clicked on

2021-12-19 14:26:04 - [TEST_STEP][PASSED] - setText(findTestObject("Page_PSTO webMessenger - Zalogowano/input_Leszek Kowalski_messageInput"), "e"): Text 'e' is set on object 'Object Repository/Page_PSTO webMessenger - Zalogowano/input_Leszek Kowalski_messageInput'

2021-12-19 14:26:04 - [MESSAGE][PASSED] - Text 'e' is set on object 'Object Repository/Page_PSTO webMessenger - Zalogowano/input_Leszek Kowalski_messageInput'

2021-12-19 14:26:04 - [TEST_STEP][PASSED] - click(findTestObject("Page_PSTO webMessenger - Zalogowano/img_Leszek Kowalski_sendButton")): Object: 'Object Repository/Page_PSTO webMessenger - Zalogowano/img_Leszek Kowalski_sendButton' is clicked on

2021-12-19 14:26:05 - [MESSAGE][PASSED] - Object: 'Object Repository/Page_PSTO webMessenger - Zalogowano/img_Leszek Kowalski_sendButton' is clicked on

2021-12-19 14:26:05 - [TEST_STEP][PASSED] - setText(findTestObject("Page_PSTO webMessenger - Zalogowano/input_Leszek Kowalski_messageInput"), "e"): Text 'e' is set on object 'Object Repository/Page_PSTO webMessenger - Zalogowano/input_Leszek Kowalski_messageInput'

2021-12-19 14:26:06 - [MESSAGE][PASSED] - Text 'e' is set on object 'Object Repository/Page_PSTO webMessenger - Zalogowano/input_Leszek Kowalski_messageInput'

2021-12-19 14:26:06 - [TEST_STEP][PASSED] - click(findTestObject("Page_PSTO webMessenger - Zalogowano/img_Leszek Kowalski_sendButton")): Object: 'Object Repository/Page_PSTO webMessenger - Zalogowano/img_Leszek Kowalski_sendButton' is clicked on

2021-12-19 14:26:06 - [MESSAGE][PASSED] - Object: 'Object Repository/Page_PSTO webMessenger - Zalogowano/img_Leszek Kowalski_sendButton' is clicked on

2021-12-19 14:26:06 - [TEST_STEP][PASSED] - setText(findTestObject("Page_PSTO webMessenger - Zalogowano/input_Leszek Kowalski_messageInput"), "e"): Text 'e' is set on object 'Object Repository/Page_PSTO webMessenger - Zalogowano/input_Leszek Kowalski_messageInput'

2021-12-19 14:26:07 - [MESSAGE][PASSED] - Text 'e' is set on object 'Object Repository/Page_PSTO webMessenger - Zalogowano/input_Leszek Kowalski_messageInput'

2021-12-19 14:26:07 - [TEST_STEP][PASSED] - click(findTestObject("Page_PSTO webMessenger - Zalogowano/img_Leszek Kowalski_sendButton")): Object: 'Object Repository/Page_PSTO webMessenger - Zalogowano/img_Leszek Kowalski_sendButton' is clicked on

2021-12-19 14:26:08 - [MESSAGE][PASSED] - Object: 'Object Repository/Page_PSTO webMessenger - Zalogowano/img_Leszek Kowalski_sendButton' is clicked on

2021-12-19 14:26:08 - [TEST_STEP][PASSED] - setText(findTestObject("Page_PSTO webMessenger - Zalogowano/input_Leszek Kowalski_messageInput"), "e"): Text 'e' is set on object 'Object Repository/Page_PSTO webMessenger - Zalogowano/input_Leszek Kowalski_messageInput'

2021-12-19 14:26:09 - [MESSAGE][PASSED] - Text 'e' is set on object 'Object Repository/Page_PSTO webMessenger - Zalogowano/input_Leszek Kowalski_messageInput'

2021-12-19 14:26:09 - [TEST_STEP][PASSED] - click(findTestObject("Page_PSTO webMessenger - Zalogowano/img_Leszek Kowalski_sendButton")): Object: 'Object Repository/Page_PSTO webMessenger - Zalogowano/img_Leszek Kowalski_sendButton' is clicked on

2021-12-19 14:26:09 - [MESSAGE][PASSED] - Object: 'Object Repository/Page_PSTO webMessenger - Zalogowano/img_Leszek Kowalski_sendButton' is clicked on

2021-12-19 14:26:09 - [TEST_STEP][PASSED] - setText(findTestObject("Page_PSTO webMessenger - Zalogowano/input_Leszek Kowalski_messageInput"), "e"): Text 'e' is set on object 'Object Repository/Page_PSTO webMessenger - Zalogowano/input_Leszek Kowalski_messageInput'

2021-12-19 14:26:10 - [MESSAGE][PASSED] - Text 'e' is set on object 'Object Repository/Page_PSTO webMessenger - Zalogowano/input_Leszek Kowalski_messageInput'

2021-12-19 14:26:10 - [TEST_STEP][PASSED] - click(findTestObject("Page_PSTO webMessenger - Zalogowano/img_Leszek Kowalski_sendButton")): Object: 'Object Repository/Page_PSTO webMessenger - Zalogowano/img_Leszek Kowalski_sendButton' is clicked on

2021-12-19 14:26:11 - [MESSAGE][PASSED] - Object: 'Object Repository/Page_PSTO webMessenger - Zalogowano/img_Leszek Kowalski_sendButton' is clicked on

2021-12-19 14:26:11 - [TEST_STEP][PASSED] - setText(findTestObject("Page_PSTO webMessenger - Zalogowano/input_Leszek Kowalski_messageInput"), "e"): Text 'e' is set on object 'Object Repository/Page_PSTO webMessenger - Zalogowano/input_Leszek Kowalski_messageInput'

2021-12-19 14:26:11 - [MESSAGE][PASSED] - Text 'e' is set on object 'Object Repository/Page_PSTO webMessenger - Zalogowano/input_Leszek Kowalski_messageInput'

2021-12-19 14:26:11 - [TEST_STEP][PASSED] - click(findTestObject("Page_PSTO webMessenger - Zalogowano/img_Leszek Kowalski_sendButton")): Object: 'Object Repository/Page_PSTO webMessenger - Zalogowano/img_Leszek Kowalski_sendButton' is clicked on

2021-12-19 14:26:12 - [MESSAGE][PASSED] - Object: 'Object Repository/Page_PSTO webMessenger - Zalogowano/img_Leszek Kowalski_sendButton' is clicked on

2021-12-19 14:26:12 - [TEST_STEP][PASSED] - setText(findTestObject("Page_PSTO webMessenger - Zalogowano/input_Leszek Kowalski_messageInput"), "e"): Text 'e' is set on object 'Object Repository/Page_PSTO webMessenger - Zalogowano/input_Leszek Kowalski_messageInput'

2021-12-19 14:26:13 - [MESSAGE][PASSED] - Text 'e' is set on object 'Object Repository/Page_PSTO webMessenger - Zalogowano/input_Leszek Kowalski_messageInput'

2021-12-19 14:26:13 - [TEST_STEP][PASSED] - click(findTestObject("Page_PSTO webMessenger - Zalogowano/img_Leszek Kowalski_sendButton")): Object: 'Object Repository/Page_PSTO webMessenger - Zalogowano/img_Leszek Kowalski_sendButton' is clicked on

2021-12-19 14:26:14 - [MESSAGE][PASSED] - Object: 'Object Repository/Page_PSTO webMessenger - Zalogowano/img_Leszek Kowalski_sendButton' is clicked on

2021-12-19 14:26:14 - [TEST_STEP][PASSED] - setText(findTestObject("Page_PSTO webMessenger - Zalogowano/input_Leszek Kowalski_messageInput"), "e"): Text 'e' is set on object 'Object Repository/Page_PSTO webMessenger - Zalogowano/input_Leszek Kowalski_messageInput'

2021-12-19 14:26:14 - [MESSAGE][PASSED] - Text 'e' is set on object 'Object Repository/Page_PSTO webMessenger - Zalogowano/input_Leszek Kowalski_messageInput'

2021-12-19 14:26:14 - [TEST_STEP][PASSED] - click(findTestObject("Page_PSTO webMessenger - Zalogowano/img_Leszek Kowalski_sendButton")): Object: 'Object Repository/Page_PSTO webMessenger - Zalogowano/img_Leszek Kowalski_sendButton' is clicked on

2021-12-19 14:26:15 - [MESSAGE][PASSED] - Object: 'Object Repository/Page_PSTO webMessenger - Zalogowano/img_Leszek Kowalski_sendButton' is clicked on

2021-12-19 14:26:15 - [TEST_STEP][PASSED] - setText(findTestObject("Page_PSTO webMessenger - Zalogowano/input_Leszek Kowalski_messageInput"), "e"): Text 'e' is set on object 'Object Repository/Page_PSTO webMessenger - Zalogowano/input_Leszek Kowalski_messageInput'

2021-12-19 14:26:16 - [MESSAGE][PASSED] - Text 'e' is set on object 'Object Repository/Page_PSTO webMessenger - Zalogowano/input_Leszek Kowalski_messageInput'

2021-12-19 14:26:16 - [TEST_STEP][PASSED] - click(findTestObject("Page_PSTO webMessenger - Zalogowano/img_Leszek Kowalski_sendButton")): Object: 'Object Repository/Page_PSTO webMessenger - Zalogowano/img_Leszek Kowalski_sendButton' is clicked on

2021-12-19 14:26:16 - [MESSAGE][PASSED] - Object: 'Object Repository/Page_PSTO webMessenger - Zalogowano/img_Leszek Kowalski_sendButton' is clicked on

2021-12-19 14:26:16 - [TEST_STEP][PASSED] - setText(findTestObject("Page_PSTO webMessenger - Zalogowano/input_Leszek Kowalski_messageInput"), "e"): Text 'e' is set on object 'Object Repository/Page_PSTO webMessenger - Zalogowano/input_Leszek Kowalski_messageInput'

2021-12-19 14:26:17 - [MESSAGE][PASSED] - Text 'e' is set on object 'Object Repository/Page_PSTO webMessenger - Zalogowano/input_Leszek Kowalski_messageInput'

2021-12-19 14:26:17 - [TEST_STEP][PASSED] - click(findTestObject("Page_PSTO webMessenger - Zalogowano/img_Leszek Kowalski_sendButton")): Object: 'Object Repository/Page_PSTO webMessenger - Zalogowano/img_Leszek Kowalski_sendButton' is clicked on

2021-12-19 14:26:18 - [MESSAGE][PASSED] - Object: 'Object Repository/Page_PSTO webMessenger - Zalogowano/img_Leszek Kowalski_sendButton' is clicked on

2021-12-19 14:26:18 - [TEST_STEP][PASSED] - setText(findTestObject("Page_PSTO webMessenger - Zalogowano/input_Leszek Kowalski_messageInput"), "e"): Text 'e' is set on object 'Object Repository/Page_PSTO webMessenger - Zalogowano/input_Leszek Kowalski_messageInput'

2021-12-19 14:26:19 - [MESSAGE][PASSED] - Text 'e' is set on object 'Object Repository/Page_PSTO webMessenger - Zalogowano/input_Leszek Kowalski_messageInput'

2021-12-19 14:26:19 - [TEST_STEP][PASSED] - click(findTestObject("Page_PSTO webMessenger - Zalogowano/img_Leszek Kowalski_sendButton")): Object: 'Object Repository/Page_PSTO webMessenger - Zalogowano/img_Leszek Kowalski_sendButton' is clicked on

2021-12-19 14:26:19 - [MESSAGE][PASSED] - Object: 'Object Repository/Page_PSTO webMessenger - Zalogowano/img_Leszek Kowalski_sendButton' is clicked on

2021-12-19 14:26:19 - [TEST_STEP][PASSED] - setText(findTestObject("Page_PSTO webMessenger - Zalogowano/input_Leszek Kowalski_messageInput"), "e"): Text 'e' is set on object 'Object Repository/Page_PSTO webMessenger - Zalogowano/input_Leszek Kowalski_messageInput'

2021-12-19 14:26:20 - [MESSAGE][PASSED] - Text 'e' is set on object 'Object Repository/Page_PSTO webMessenger - Zalogowano/input_Leszek Kowalski_messageInput'

2021-12-19 14:26:20 - [TEST_STEP][PASSED] - click(findTestObject("Page_PSTO webMessenger - Zalogowano/img_Leszek Kowalski_sendButton")): Object: 'Object Repository/Page_PSTO webMessenger - Zalogowano/img_Leszek Kowalski_sendButton' is clicked on

2021-12-19 14:26:21 - [MESSAGE][PASSED] - Object: 'Object Repository/Page_PSTO webMessenger - Zalogowano/img_Leszek Kowalski_sendButton' is clicked on

2021-12-19 14:26:21 - [TEST_STEP][PASSED] - setText(findTestObject("Page_PSTO webMessenger - Zalogowano/input_Leszek Kowalski_messageInput"), "e"): Text 'e' is set on object 'Object Repository/Page_PSTO webMessenger - Zalogowano/input_Leszek Kowalski_messageInput'

2021-12-19 14:26:21 - [MESSAGE][PASSED] - Text 'e' is set on object 'Object Repository/Page_PSTO webMessenger - Zalogowano/input_Leszek Kowalski_messageInput'

2021-12-19 14:26:21 - [TEST_STEP][PASSED] - click(findTestObject("Page_PSTO webMessenger - Zalogowano/img_Leszek Kowalski_sendButton")): Object: 'Object Repository/Page_PSTO webMessenger - Zalogowano/img_Leszek Kowalski_sendButton' is clicked on

2021-12-19 14:26:22 - [MESSAGE][PASSED] - Object: 'Object Repository/Page_PSTO webMessenger - Zalogowano/img_Leszek Kowalski_sendButton' is clicked on

2021-12-19 14:26:22 - [TEST_STEP][PASSED] - setText(findTestObject("Page_PSTO webMessenger - Zalogowano/input_Leszek Kowalski_messageInput"), "e"): Text 'e' is set on object 'Object Repository/Page_PSTO webMessenger - Zalogowano/input_Leszek Kowalski_messageInput'

2021-12-19 14:26:23 - [MESSAGE][PASSED] - Text 'e' is set on object 'Object Repository/Page_PSTO webMessenger - Zalogowano/input_Leszek Kowalski_messageInput'

2021-12-19 14:26:23 - [TEST_STEP][PASSED] - click(findTestObject("Page_PSTO webMessenger - Zalogowano/img_Leszek Kowalski_sendButton")): Object: 'Object Repository/Page_PSTO webMessenger - Zalogowano/img_Leszek Kowalski_sendButton' is clicked on

2021-12-19 14:26:24 - [MESSAGE][PASSED] - Object: 'Object Repository/Page_PSTO webMessenger - Zalogowano/img_Leszek Kowalski_sendButton' is clicked on

2021-12-19 14:26:24 - [TEST_STEP][PASSED] - setText(findTestObject("Page_PSTO webMessenger - Zalogowano/input_Leszek Kowalski_messageInput"), "e"): Text 'e' is set on object 'Object Repository/Page_PSTO webMessenger - Zalogowano/input_Leszek Kowalski_messageInput'

2021-12-19 14:26:24 - [MESSAGE][PASSED] - Text 'e' is set on object 'Object Repository/Page_PSTO webMessenger - Zalogowano/input_Leszek Kowalski_messageInput'

2021-12-19 14:26:24 - [TEST_STEP][PASSED] - click(findTestObject("Page_PSTO webMessenger - Zalogowano/img_Leszek Kowalski_sendButton")): Object: 'Object Repository/Page_PSTO webMessenger - Zalogowano/img_Leszek Kowalski_sendButton' is clicked on

2021-12-19 14:26:25 - [MESSAGE][PASSED] - Object: 'Object Repository/Page_PSTO webMessenger - Zalogowano/img_Leszek Kowalski_sendButton' is clicked on

2021-12-19 14:26:25 - [TEST_STEP][PASSED] - setText(findTestObject("Page_PSTO webMessenger - Zalogowano/input_Leszek Kowalski_messageInput"), "e"): Text 'e' is set on object 'Object Repository/Page_PSTO webMessenger - Zalogowano/input_Leszek Kowalski_messageInput'

2021-12-19 14:26:26 - [MESSAGE][PASSED] - Text 'e' is set on object 'Object Repository/Page_PSTO webMessenger - Zalogowano/input_Leszek Kowalski_messageInput'

2021-12-19 14:26:26 - [TEST_STEP][PASSED] - click(findTestObject("Page_PSTO webMessenger - Zalogowano/img_Leszek Kowalski_sendButton")): Object: 'Object Repository/Page_PSTO webMessenger - Zalogowano/img_Leszek Kowalski_sendButton' is clicked on

2021-12-19 14:26:26 - [MESSAGE][PASSED] - Object: 'Object Repository/Page_PSTO webMessenger - Zalogowano/img_Leszek Kowalski_sendButton' is clicked on

2021-12-19 14:26:26 - [TEST_STEP][PASSED] - setText(findTestObject("Page_PSTO webMessenger - Zalogowano/input_Leszek Kowalski_messageInput"), "e"): Text 'e' is set on object 'Object Repository/Page_PSTO webMessenger - Zalogowano/input_Leszek Kowalski_messageInput'

2021-12-19 14:26:27 - [MESSAGE][PASSED] - Text 'e' is set on object 'Object Repository/Page_PSTO webMessenger - Zalogowano/input_Leszek Kowalski_messageInput'

2021-12-19 14:26:27 - [TEST_STEP][PASSED] - click(findTestObject("Page_PSTO webMessenger - Zalogowano/img_Leszek Kowalski_sendButton")): Object: 'Object Repository/Page_PSTO webMessenger - Zalogowano/img_Leszek Kowalski_sendButton' is clicked on

2021-12-19 14:26:28 - [MESSAGE][PASSED] - Object: 'Object Repository/Page_PSTO webMessenger - Zalogowano/img_Leszek Kowalski_sendButton' is clicked on

2021-12-19 14:26:28 - [TEST_STEP][PASSED] - setText(findTestObject("Page_PSTO webMessenger - Zalogowano/input_Leszek Kowalski_messageInput"), "e"): Text 'e' is set on object 'Object Repository/Page_PSTO webMessenger - Zalogowano/input_Leszek Kowalski_messageInput'

2021-12-19 14:26:29 - [MESSAGE][PASSED] - Text 'e' is set on object 'Object Repository/Page_PSTO webMessenger - Zalogowano/input_Leszek Kowalski_messageInput'

2021-12-19 14:26:29 - [TEST_STEP][PASSED] - click(findTestObject("Page_PSTO webMessenger - Zalogowano/img_Leszek Kowalski_sendButton")): Object: 'Object Repository/Page_PSTO webMessenger - Zalogowano/img_Leszek Kowalski_sendButton' is clicked on

2021-12-19 14:26:29 - [MESSAGE][PASSED] - Object: 'Object Repository/Page_PSTO webMessenger - Zalogowano/img_Leszek Kowalski_sendButton' is clicked on

2021-12-19 14:26:29 - [TEST_STEP][PASSED] - setText(findTestObject("Page_PSTO webMessenger - Zalogowano/input_Leszek Kowalski_messageInput"), "e"): Text 'e' is set on object 'Object Repository/Page_PSTO webMessenger - Zalogowano/input_Leszek Kowalski_messageInput'

2021-12-19 14:26:30 - [MESSAGE][PASSED] - Text 'e' is set on object 'Object Repository/Page_PSTO webMessenger - Zalogowano/input_Leszek Kowalski_messageInput'

2021-12-19 14:26:30 - [TEST_STEP][PASSED] - click(findTestObject("Page_PSTO webMessenger - Zalogowano/img_Leszek Kowalski_sendButton")): Object: 'Object Repository/Page_PSTO webMessenger - Zalogowano/img_Leszek Kowalski_sendButton' is clicked on

2021-12-19 14:26:31 - [MESSAGE][PASSED] - Object: 'Object Repository/Page_PSTO webMessenger - Zalogowano/img_Leszek Kowalski_sendButton' is clicked on

2021-12-19 14:26:31 - [TEST_STEP][PASSED] - setText(findTestObject("Page_PSTO webMessenger - Zalogowano/input_Leszek Kowalski_messageInput"), "e"): Text 'e' is set on object 'Object Repository/Page_PSTO webMessenger - Zalogowano/input_Leszek Kowalski_messageInput'

2021-12-19 14:26:31 - [MESSAGE][PASSED] - Text 'e' is set on object 'Object Repository/Page_PSTO webMessenger - Zalogowano/input_Leszek Kowalski_messageInput'

2021-12-19 14:26:31 - [TEST_STEP][PASSED] - click(findTestObject("Page_PSTO webMessenger - Zalogowano/img_Leszek Kowalski_sendButton")): Object: 'Object Repository/Page_PSTO webMessenger - Zalogowano/img_Leszek Kowalski_sendButton' is clicked on

2021-12-19 14:26:32 - [MESSAGE][PASSED] - Object: 'Object Repository/Page_PSTO webMessenger - Zalogowano/img_Leszek Kowalski_sendButton' is clicked on

2021-12-19 14:26:32 - [TEST_STEP][PASSED] - setText(findTestObject("Page_PSTO webMessenger - Zalogowano/input_Leszek Kowalski_messageInput"), "e"): Text 'e' is set on object 'Object Repository/Page_PSTO webMessenger - Zalogowano/input_Leszek Kowalski_messageInput'

2021-12-19 14:26:33 - [MESSAGE][PASSED] - Text 'e' is set on object 'Object Repository/Page_PSTO webMessenger - Zalogowano/input_Leszek Kowalski_messageInput'

2021-12-19 14:26:33 - [TEST_STEP][PASSED] - click(findTestObject("Page_PSTO webMessenger - Zalogowano/img_Leszek Kowalski_sendButton")): Object: 'Object Repository/Page_PSTO webMessenger - Zalogowano/img_Leszek Kowalski_sendButton' is clicked on

2021-12-19 14:26:34 - [MESSAGE][PASSED] - Object: 'Object Repository/Page_PSTO webMessenger - Zalogowano/img_Leszek Kowalski_sendButton' is clicked on

2021-12-19 14:26:34 - [TEST_STEP][PASSED] - setText(findTestObject("Page_PSTO webMessenger - Zalogowano/input_Leszek Kowalski_messageInput"), "e"): Text 'e' is set on object 'Object Repository/Page_PSTO webMessenger - Zalogowano/input_Leszek Kowalski_messageInput'

2021-12-19 14:26:34 - [MESSAGE][PASSED] - Text 'e' is set on object 'Object Repository/Page_PSTO webMessenger - Zalogowano/input_Leszek Kowalski_messageInput'

2021-12-19 14:26:34 - [TEST_STEP][PASSED] - click(findTestObject("Page_PSTO webMessenger - Zalogowano/img_Leszek Kowalski_sendButton")): Object: 'Object Repository/Page_PSTO webMessenger - Zalogowano/img_Leszek Kowalski_sendButton' is clicked on

2021-12-19 14:26:35 - [MESSAGE][PASSED] - Object: 'Object Repository/Page_PSTO webMessenger - Zalogowano/img_Leszek Kowalski_sendButton' is clicked on

2021-12-19 14:26:35 - [TEST_STEP][PASSED] - setText(findTestObject("Page_PSTO webMessenger - Zalogowano/input_Leszek Kowalski_messageInput"), "e"): Text 'e' is set on object 'Object Repository/Page_PSTO webMessenger - Zalogowano/input_Leszek Kowalski_messageInput'

2021-12-19 14:26:36 - [MESSAGE][PASSED] - Text 'e' is set on object 'Object Repository/Page_PSTO webMessenger - Zalogowano/input_Leszek Kowalski_messageInput'

2021-12-19 14:26:36 - [TEST_STEP][PASSED] - click(findTestObject("Page_PSTO webMessenger - Zalogowano/img_Leszek Kowalski_sendButton")): Object: 'Object Repository/Page_PSTO webMessenger - Zalogowano/img_Leszek Kowalski_sendButton' is clicked on

2021-12-19 14:26:36 - [MESSAGE][PASSED] - Object: 'Object Repository/Page_PSTO webMessenger - Zalogowano/img_Leszek Kowalski_sendButton' is clicked on

2021-12-19 14:26:36 - [TEST_STEP][PASSED] - setText(findTestObject("Page_PSTO webMessenger - Zalogowano/input_Leszek Kowalski_messageInput"), "e"): Text 'e' is set on object 'Object Repository/Page_PSTO webMessenger - Zalogowano/input_Leszek Kowalski_messageInput'

2021-12-19 14:26:37 - [MESSAGE][PASSED] - Text 'e' is set on object 'Object Repository/Page_PSTO webMessenger - Zalogowano/input_Leszek Kowalski_messageInput'

2021-12-19 14:26:37 - [TEST_STEP][PASSED] - click(findTestObject("Page_PSTO webMessenger - Zalogowano/img_Leszek Kowalski_sendButton")): Object: 'Object Repository/Page_PSTO webMessenger - Zalogowano/img_Leszek Kowalski_sendButton' is clicked on

2021-12-19 14:26:38 - [MESSAGE][PASSED] - Object: 'Object Repository/Page_PSTO webMessenger - Zalogowano/img_Leszek Kowalski_sendButton' is clicked on

2021-12-19 14:26:38 - [TEST_STEP][PASSED] - setText(findTestObject("Page_PSTO webMessenger - Zalogowano/input_Leszek Kowalski_messageInput"), "e"): Text 'e' is set on object 'Object Repository/Page_PSTO webMessenger - Zalogowano/input_Leszek Kowalski_messageInput'

2021-12-19 14:26:39 - [MESSAGE][PASSED] - Text 'e' is set on object 'Object Repository/Page_PSTO webMessenger - Zalogowano/input_Leszek Kowalski_messageInput'

2021-12-19 14:26:39 - [TEST_STEP][PASSED] - click(findTestObject("Page_PSTO webMessenger - Zalogowano/img_Leszek Kowalski_sendButton")): Object: 'Object Repository/Page_PSTO webMessenger - Zalogowano/img_Leszek Kowalski_sendButton' is clicked on

2021-12-19 14:26:39 - [MESSAGE][PASSED] - Object: 'Object Repository/Page_PSTO webMessenger - Zalogowano/img_Leszek Kowalski_sendButton' is clicked on

2021-12-19 14:26:39 - [TEST_STEP][PASSED] - setText(findTestObject("Page_PSTO webMessenger - Zalogowano/input_Leszek Kowalski_messageInput"), "e"): Text 'e' is set on object 'Object Repository/Page_PSTO webMessenger - Zalogowano/input_Leszek Kowalski_messageInput'

2021-12-19 14:26:40 - [MESSAGE][PASSED] - Text 'e' is set on object 'Object Repository/Page_PSTO webMessenger - Zalogowano/input_Leszek Kowalski_messageInput'

2021-12-19 14:26:40 - [TEST_STEP][PASSED] - click(findTestObject("Page_PSTO webMessenger - Zalogowano/img_Leszek Kowalski_sendButton")): Object: 'Object Repository/Page_PSTO webMessenger - Zalogowano/img_Leszek Kowalski_sendButton' is clicked on

2021-12-19 14:26:41 - [MESSAGE][PASSED] - Object: 'Object Repository/Page_PSTO webMessenger - Zalogowano/img_Leszek Kowalski_sendButton' is clicked on

2021-12-19 14:26:41 - [TEST_STEP][PASSED] - setText(findTestObject("Page_PSTO webMessenger - Zalogowano/input_Leszek Kowalski_messageInput"), "e"): Text 'e' is set on object 'Object Repository/Page_PSTO webMessenger - Zalogowano/input_Leszek Kowalski_messageInput'

2021-12-19 14:26:41 - [MESSAGE][PASSED] - Text 'e' is set on object 'Object Repository/Page_PSTO webMessenger - Zalogowano/input_Leszek Kowalski_messageInput'

2021-12-19 14:26:41 - [TEST_STEP][PASSED] - click(findTestObject("Page_PSTO webMessenger - Zalogowano/img_Leszek Kowalski_sendButton")): Object: 'Object Repository/Page_PSTO webMessenger - Zalogowano/img_Leszek Kowalski_sendButton' is clicked on

2021-12-19 14:26:42 - [MESSAGE][PASSED] - Object: 'Object Repository/Page_PSTO webMessenger - Zalogowano/img_Leszek Kowalski_sendButton' is clicked on

2021-12-19 14:26:42 - [TEST_STEP][PASSED] - setText(findTestObject("Page_PSTO webMessenger - Zalogowano/input_Leszek Kowalski_messageInput"), "e"): Text 'e' is set on object 'Object Repository/Page_PSTO webMessenger - Zalogowano/input_Leszek Kowalski_messageInput'

2021-12-19 14:26:43 - [MESSAGE][PASSED] - Text 'e' is set on object 'Object Repository/Page_PSTO webMessenger - Zalogowano/input_Leszek Kowalski_messageInput'

2021-12-19 14:26:43 - [TEST_STEP][PASSED] - click(findTestObject("Page_PSTO webMessenger - Zalogowano/img_Leszek Kowalski_sendButton")): Object: 'Object Repository/Page_PSTO webMessenger - Zalogowano/img_Leszek Kowalski_sendButton' is clicked on

2021-12-19 14:26:44 - [MESSAGE][PASSED] - Object: 'Object Repository/Page_PSTO webMessenger - Zalogowano/img_Leszek Kowalski_sendButton' is clicked on

2021-12-19 14:26:44 - [TEST_STEP][PASSED] - setText(findTestObject("Page_PSTO webMessenger - Zalogowano/input_Leszek Kowalski_messageInput"), "e"): Text 'e' is set on object 'Object Repository/Page_PSTO webMessenger - Zalogowano/input_Leszek Kowalski_messageInput'

2021-12-19 14:26:44 - [MESSAGE][PASSED] - Text 'e' is set on object 'Object Repository/Page_PSTO webMessenger - Zalogowano/input_Leszek Kowalski_messageInput'

2021-12-19 14:26:44 - [TEST_STEP][PASSED] - click(findTestObject("Page_PSTO webMessenger - Zalogowano/img_Leszek Kowalski_sendButton")): Object: 'Object Repository/Page_PSTO webMessenger - Zalogowano/img_Leszek Kowalski_sendButton' is clicked on

2021-12-19 14:26:45 - [MESSAGE][PASSED] - Object: 'Object Repository/Page_PSTO webMessenger - Zalogowano/img_Leszek Kowalski_sendButton' is clicked on

2021-12-19 14:26:45 - [TEST_STEP][PASSED] - setText(findTestObject("Page_PSTO webMessenger - Zalogowano/input_Leszek Kowalski_messageInput"), "e"): Text 'e' is set on object 'Object Repository/Page_PSTO webMessenger - Zalogowano/input_Leszek Kowalski_messageInput'

2021-12-19 14:26:46 - [MESSAGE][PASSED] - Text 'e' is set on object 'Object Repository/Page_PSTO webMessenger - Zalogowano/input_Leszek Kowalski_messageInput'

2021-12-19 14:26:46 - [TEST_STEP][PASSED] - click(findTestObject("Page_PSTO webMessenger - Zalogowano/img_Leszek Kowalski_sendButton")): Object: 'Object Repository/Page_PSTO webMessenger - Zalogowano/img_Leszek Kowalski_sendButton' is clicked on

2021-12-19 14:26:46 - [MESSAGE][PASSED] - Object: 'Object Repository/Page_PSTO webMessenger - Zalogowano/img_Leszek Kowalski_sendButton' is clicked on

2021-12-19 14:26:46 - [TEST_STEP][PASSED] - setText(findTestObject("Page_PSTO webMessenger - Zalogowano/input_Leszek Kowalski_messageInput"), "e"): Text 'e' is set on object 'Object Repository/Page_PSTO webMessenger - Zalogowano/input_Leszek Kowalski_messageInput'

2021-12-19 14:26:47 - [MESSAGE][PASSED] - Text 'e' is set on object 'Object Repository/Page_PSTO webMessenger - Zalogowano/input_Leszek Kowalski_messageInput'

2021-12-19 14:26:47 - [TEST_STEP][PASSED] - click(findTestObject("Page_PSTO webMessenger - Zalogowano/img_Leszek Kowalski_sendButton")): Object: 'Object Repository/Page_PSTO webMessenger - Zalogowano/img_Leszek Kowalski_sendButton' is clicked on

2021-12-19 14:26:48 - [MESSAGE][PASSED] - Object: 'Object Repository/Page_PSTO webMessenger - Zalogowano/img_Leszek Kowalski_sendButton' is clicked on

2021-12-19 14:26:48 - [TEST_STEP][PASSED] - setText(findTestObject("Page_PSTO webMessenger - Zalogowano/input_Leszek Kowalski_messageInput"), "e"): Text 'e' is set on object 'Object Repository/Page_PSTO webMessenger - Zalogowano/input_Leszek Kowalski_messageInput'

2021-12-19 14:26:49 - [MESSAGE][PASSED] - Text 'e' is set on object 'Object Repository/Page_PSTO webMessenger - Zalogowano/input_Leszek Kowalski_messageInput'

2021-12-19 14:26:49 - [TEST_STEP][PASSED] - click(findTestObject("Page_PSTO webMessenger - Zalogowano/img_Leszek Kowalski_sendButton")): Object: 'Object Repository/Page_PSTO webMessenger - Zalogowano/img_Leszek Kowalski_sendButton' is clicked on

2021-12-19 14:26:49 - [MESSAGE][PASSED] - Object: 'Object Repository/Page_PSTO webMessenger - Zalogowano/img_Leszek Kowalski_sendButton' is clicked on

2021-12-19 14:26:49 - [TEST_STEP][PASSED] - setText(findTestObject("Page_PSTO webMessenger - Zalogowano/input_Leszek Kowalski_messageInput"), "e"): Text 'e' is set on object 'Object Repository/Page_PSTO webMessenger - Zalogowano/input_Leszek Kowalski_messageInput'

2021-12-19 14:26:50 - [MESSAGE][PASSED] - Text 'e' is set on object 'Object Repository/Page_PSTO webMessenger - Zalogowano/input_Leszek Kowalski_messageInput'

2021-12-19 14:26:50 - [TEST_STEP][PASSED] - click(findTestObject("Page_PSTO webMessenger - Zalogowano/img_Leszek Kowalski_sendButton")): Object: 'Object Repository/Page_PSTO webMessenger - Zalogowano/img_Leszek Kowalski_sendButton' is clicked on

2021-12-19 14:26:51 - [MESSAGE][PASSED] - Object: 'Object Repository/Page_PSTO webMessenger - Zalogowano/img_Leszek Kowalski_sendButton' is clicked on

2021-12-19 14:26:51 - [TEST_STEP][PASSED] - setText(findTestObject("Page_PSTO webMessenger - Zalogowano/input_Leszek Kowalski_messageInput"), "e"): Text 'e' is set on object 'Object Repository/Page_PSTO webMessenger - Zalogowano/input_Leszek Kowalski_messageInput'

2021-12-19 14:26:51 - [MESSAGE][PASSED] - Text 'e' is set on object 'Object Repository/Page_PSTO webMessenger - Zalogowano/input_Leszek Kowalski_messageInput'

2021-12-19 14:26:51 - [TEST_STEP][PASSED] - click(findTestObject("Page_PSTO webMessenger - Zalogowano/img_Leszek Kowalski_sendButton")): Object: 'Object Repository/Page_PSTO webMessenger - Zalogowano/img_Leszek Kowalski_sendButton' is clicked on

2021-12-19 14:26:52 - [MESSAGE][PASSED] - Object: 'Object Repository/Page_PSTO webMessenger - Zalogowano/img_Leszek Kowalski_sendButton' is clicked on

2021-12-19 14:26:52 - [TEST_STEP][PASSED] - setText(findTestObject("Page_PSTO webMessenger - Zalogowano/input_Leszek Kowalski_messageInput"), "e"): Text 'e' is set on object 'Object Repository/Page_PSTO webMessenger - Zalogowano/input_Leszek Kowalski_messageInput'

2021-12-19 14:26:53 - [MESSAGE][PASSED] - Text 'e' is set on object 'Object Repository/Page_PSTO webMessenger - Zalogowano/input_Leszek Kowalski_messageInput'

2021-12-19 14:26:53 - [TEST_STEP][PASSED] - click(findTestObject("Page_PSTO webMessenger - Zalogowano/img_Leszek Kowalski_sendButton")): Object: 'Object Repository/Page_PSTO webMessenger - Zalogowano/img_Leszek Kowalski_sendButton' is clicked on

2021-12-19 14:26:54 - [MESSAGE][PASSED] - Object: 'Object Repository/Page_PSTO webMessenger - Zalogowano/img_Leszek Kowalski_sendButton' is clicked on

2021-12-19 14:26:54 - [TEST_STEP][PASSED] - setText(findTestObject("Page_PSTO webMessenger - Zalogowano/input_Leszek Kowalski_messageInput"), "e"): Text 'e' is set on object 'Object Repository/Page_PSTO webMessenger - Zalogowano/input_Leszek Kowalski_messageInput'

2021-12-19 14:26:54 - [MESSAGE][PASSED] - Text 'e' is set on object 'Object Repository/Page_PSTO webMessenger - Zalogowano/input_Leszek Kowalski_messageInput'

2021-12-19 14:26:54 - [TEST_STEP][PASSED] - click(findTestObject("Page_PSTO webMessenger - Zalogowano/img_Leszek Kowalski_sendButton")): Object: 'Object Repository/Page_PSTO webMessenger - Zalogowano/img_Leszek Kowalski_sendButton' is clicked on

2021-12-19 14:26:55 - [MESSAGE][PASSED] - Object: 'Object Repository/Page_PSTO webMessenger - Zalogowano/img_Leszek Kowalski_sendButton' is clicked on

2021-12-19 14:26:55 - [TEST_STEP][PASSED] - setText(findTestObject("Page_PSTO webMessenger - Zalogowano/input_Leszek Kowalski_messageInput"), "e"): Text 'e' is set on object 'Object Repository/Page_PSTO webMessenger - Zalogowano/input_Leszek Kowalski_messageInput'

2021-12-19 14:26:56 - [MESSAGE][PASSED] - Text 'e' is set on object 'Object Repository/Page_PSTO webMessenger - Zalogowano/input_Leszek Kowalski_messageInput'

2021-12-19 14:26:56 - [TEST_STEP][PASSED] - click(findTestObject("Page_PSTO webMessenger - Zalogowano/img_Leszek Kowalski_sendButton")): Object: 'Object Repository/Page_PSTO webMessenger - Zalogowano/img_Leszek Kowalski_sendButton' is clicked on

2021-12-19 14:26:56 - [MESSAGE][PASSED] - Object: 'Object Repository/Page_PSTO webMessenger - Zalogowano/img_Leszek Kowalski_sendButton' is clicked on

2021-12-19 14:26:56 - [TEST_STEP][PASSED] - setText(findTestObject("Page_PSTO webMessenger - Zalogowano/input_Leszek Kowalski_messageInput"), "e"): Text 'e' is set on object 'Object Repository/Page_PSTO webMessenger - Zalogowano/input_Leszek Kowalski_messageInput'

2021-12-19 14:26:57 - [MESSAGE][PASSED] - Text 'e' is set on object 'Object Repository/Page_PSTO webMessenger - Zalogowano/input_Leszek Kowalski_messageInput'

2021-12-19 14:26:57 - [TEST_STEP][PASSED] - click(findTestObject("Page_PSTO webMessenger - Zalogowano/img_Leszek Kowalski_sendButton")): Object: 'Object Repository/Page_PSTO webMessenger - Zalogowano/img_Leszek Kowalski_sendButton' is clicked on

2021-12-19 14:26:58 - [MESSAGE][PASSED] - Object: 'Object Repository/Page_PSTO webMessenger - Zalogowano/img_Leszek Kowalski_sendButton' is clicked on

2021-12-19 14:26:58 - [TEST_STEP][PASSED] - setText(findTestObject("Page_PSTO webMessenger - Zalogowano/input_Leszek Kowalski_messageInput"), "e"): Text 'e' is set on object 'Object Repository/Page_PSTO webMessenger - Zalogowano/input_Leszek Kowalski_messageInput'

2021-12-19 14:26:59 - [MESSAGE][PASSED] - Text 'e' is set on object 'Object Repository/Page_PSTO webMessenger - Zalogowano/input_Leszek Kowalski_messageInput'

2021-12-19 14:26:59 - [TEST_STEP][PASSED] - click(findTestObject("Page_PSTO webMessenger - Zalogowano/img_Leszek Kowalski_sendButton")): Object: 'Object Repository/Page_PSTO webMessenger - Zalogowano/img_Leszek Kowalski_sendButton' is clicked on

2021-12-19 14:26:59 - [MESSAGE][PASSED] - Object: 'Object Repository/Page_PSTO webMessenger - Zalogowano/img_Leszek Kowalski_sendButton' is clicked on

2021-12-19 14:26:59 - [TEST_STEP][PASSED] - setText(findTestObject("Page_PSTO webMessenger - Zalogowano/input_Leszek Kowalski_messageInput"), "e"): Text 'e' is set on object 'Object Repository/Page_PSTO webMessenger - Zalogowano/input_Leszek Kowalski_messageInput'

2021-12-19 14:27:00 - [MESSAGE][PASSED] - Text 'e' is set on object 'Object Repository/Page_PSTO webMessenger - Zalogowano/input_Leszek Kowalski_messageInput'

2021-12-19 14:27:00 - [TEST_STEP][PASSED] - click(findTestObject("Page_PSTO webMessenger - Zalogowano/img_Leszek Kowalski_sendButton")): Object: 'Object Repository/Page_PSTO webMessenger - Zalogowano/img_Leszek Kowalski_sendButton' is clicked on

2021-12-19 14:27:01 - [MESSAGE][PASSED] - Object: 'Object Repository/Page_PSTO webMessenger - Zalogowano/img_Leszek Kowalski_sendButton' is clicked on

2021-12-19 14:27:01 - [TEST_STEP][PASSED] - setText(findTestObject("Page_PSTO webMessenger - Zalogowano/input_Leszek Kowalski_messageInput"), "e"): Text 'e' is set on object 'Object Repository/Page_PSTO webMessenger - Zalogowano/input_Leszek Kowalski_messageInput'

2021-12-19 14:27:01 - [MESSAGE][PASSED] - Text 'e' is set on object 'Object Repository/Page_PSTO webMessenger - Zalogowano/input_Leszek Kowalski_messageInput'

2021-12-19 14:27:01 - [TEST_STEP][PASSED] - click(findTestObject("Page_PSTO webMessenger - Zalogowano/img_Leszek Kowalski_sendButton")): Object: 'Object Repository/Page_PSTO webMessenger - Zalogowano/img_Leszek Kowalski_sendButton' is clicked on

2021-12-19 14:27:02 - [MESSAGE][PASSED] - Object: 'Object Repository/Page_PSTO webMessenger - Zalogowano/img_Leszek Kowalski_sendButton' is clicked on

2021-12-19 14:27:02 - [TEST_STEP][PASSED] - setText(findTestObject("Page_PSTO webMessenger - Zalogowano/input_Leszek Kowalski_messageInput"), "e"): Text 'e' is set on object 'Object Repository/Page_PSTO webMessenger - Zalogowano/input_Leszek Kowalski_messageInput'

2021-12-19 14:27:03 - [MESSAGE][PASSED] - Text 'e' is set on object 'Object Repository/Page_PSTO webMessenger - Zalogowano/input_Leszek Kowalski_messageInput'

2021-12-19 14:27:03 - [TEST_STEP][PASSED] - click(findTestObject("Page_PSTO webMessenger - Zalogowano/img_Leszek Kowalski_sendButton")): Object: 'Object Repository/Page_PSTO webMessenger - Zalogowano/img_Leszek Kowalski_sendButton' is clicked on

2021-12-19 14:27:04 - [MESSAGE][PASSED] - Object: 'Object Repository/Page_PSTO webMessenger - Zalogowano/img_Leszek Kowalski_sendButton' is clicked on

2021-12-19 14:27:04 - [TEST_STEP][PASSED] - setText(findTestObject("Page_PSTO webMessenger - Zalogowano/input_Leszek Kowalski_messageInput"), "e"): Text 'e' is set on object 'Object Repository/Page_PSTO webMessenger - Zalogowano/input_Leszek Kowalski_messageInput'

2021-12-19 14:27:04 - [MESSAGE][PASSED] - Text 'e' is set on object 'Object Repository/Page_PSTO webMessenger - Zalogowano/input_Leszek Kowalski_messageInput'

2021-12-19 14:27:04 - [TEST_STEP][PASSED] - click(findTestObject("Page_PSTO webMessenger - Zalogowano/img_Leszek Kowalski_sendButton")): Object: 'Object Repository/Page_PSTO webMessenger - Zalogowano/img_Leszek Kowalski_sendButton' is clicked on

2021-12-19 14:27:05 - [MESSAGE][PASSED] - Object: 'Object Repository/Page_PSTO webMessenger - Zalogowano/img_Leszek Kowalski_sendButton' is clicked on

2021-12-19 14:27:05 - [TEST_STEP][PASSED] - setText(findTestObject("Page_PSTO webMessenger - Zalogowano/input_Leszek Kowalski_messageInput"), "e"): Text 'e' is set on object 'Object Repository/Page_PSTO webMessenger - Zalogowano/input_Leszek Kowalski_messageInput'

2021-12-19 14:27:06 - [MESSAGE][PASSED] - Text 'e' is set on object 'Object Repository/Page_PSTO webMessenger - Zalogowano/input_Leszek Kowalski_messageInput'

2021-12-19 14:27:06 - [TEST_STEP][PASSED] - click(findTestObject("Page_PSTO webMessenger - Zalogowano/img_Leszek Kowalski_sendButton")): Object: 'Object Repository/Page_PSTO webMessenger - Zalogowano/img_Leszek Kowalski_sendButton' is clicked on

2021-12-19 14:27:06 - [MESSAGE][PASSED] - Object: 'Object Repository/Page_PSTO webMessenger - Zalogowano/img_Leszek Kowalski_sendButton' is clicked on

2021-12-19 14:27:06 - [TEST_STEP][PASSED] - setText(findTestObject("Page_PSTO webMessenger - Zalogowano/input_Leszek Kowalski_messageInput"), "e"): Text 'e' is set on object 'Object Repository/Page_PSTO webMessenger - Zalogowano/input_Leszek Kowalski_messageInput'

2021-12-19 14:27:07 - [MESSAGE][PASSED] - Text 'e' is set on object 'Object Repository/Page_PSTO webMessenger - Zalogowano/input_Leszek Kowalski_messageInput'

2021-12-19 14:27:07 - [TEST_STEP][PASSED] - click(findTestObject("Page_PSTO webMessenger - Zalogowano/img_Leszek Kowalski_sendButton")): Object: 'Object Repository/Page_PSTO webMessenger - Zalogowano/img_Leszek Kowalski_sendButton' is clicked on

2021-12-19 14:27:08 - [MESSAGE][PASSED] - Object: 'Object Repository/Page_PSTO webMessenger - Zalogowano/img_Leszek Kowalski_sendButton' is clicked on

2021-12-19 14:27:08 - [TEST_STEP][PASSED] - setText(findTestObject("Page_PSTO webMessenger - Zalogowano/input_Leszek Kowalski_messageInput"), "e"): Text 'e' is set on object 'Object Repository/Page_PSTO webMessenger - Zalogowano/input_Leszek Kowalski_messageInput'

2021-12-19 14:27:09 - [MESSAGE][PASSED] - Text 'e' is set on object 'Object Repository/Page_PSTO webMessenger - Zalogowano/input_Leszek Kowalski_messageInput'

2021-12-19 14:27:09 - [TEST_STEP][PASSED] - click(findTestObject("Page_PSTO webMessenger - Zalogowano/img_Leszek Kowalski_sendButton")): Object: 'Object Repository/Page_PSTO webMessenger - Zalogowano/img_Leszek Kowalski_sendButton' is clicked on

2021-12-19 14:27:09 - [MESSAGE][PASSED] - Object: 'Object Repository/Page_PSTO webMessenger - Zalogowano/img_Leszek Kowalski_sendButton' is clicked on

2021-12-19 14:27:09 - [TEST_STEP][PASSED] - setText(findTestObject("Page_PSTO webMessenger - Zalogowano/input_Leszek Kowalski_messageInput"), "e"): Text 'e' is set on object 'Object Repository/Page_PSTO webMessenger - Zalogowano/input_Leszek Kowalski_messageInput'

2021-12-19 14:27:10 - [MESSAGE][PASSED] - Text 'e' is set on object 'Object Repository/Page_PSTO webMessenger - Zalogowano/input_Leszek Kowalski_messageInput'

2021-12-19 14:27:10 - [TEST_STEP][PASSED] - click(findTestObject("Page_PSTO webMessenger - Zalogowano/img_Leszek Kowalski_sendButton")): Object: 'Object Repository/Page_PSTO webMessenger - Zalogowano/img_Leszek Kowalski_sendButton' is clicked on

2021-12-19 14:27:11 - [MESSAGE][PASSED] - Object: 'Object Repository/Page_PSTO webMessenger - Zalogowano/img_Leszek Kowalski_sendButton' is clicked on

2021-12-19 14:27:11 - [TEST_STEP][PASSED] - setText(findTestObject("Page_PSTO webMessenger - Zalogowano/input_Leszek Kowalski_messageInput"), "e"): Text 'e' is set on object 'Object Repository/Page_PSTO webMessenger - Zalogowano/input_Leszek Kowalski_messageInput'

2021-12-19 14:27:12 - [MESSAGE][PASSED] - Text 'e' is set on object 'Object Repository/Page_PSTO webMessenger - Zalogowano/input_Leszek Kowalski_messageInput'

2021-12-19 14:27:12 - [TEST_STEP][PASSED] - click(findTestObject("Page_PSTO webMessenger - Zalogowano/img_Leszek Kowalski_sendButton")): Object: 'Object Repository/Page_PSTO webMessenger - Zalogowano/img_Leszek Kowalski_sendButton' is clicked on

2021-12-19 14:27:12 - [MESSAGE][PASSED] - Object: 'Object Repository/Page_PSTO webMessenger - Zalogowano/img_Leszek Kowalski_sendButton' is clicked on

2021-12-19 14:27:12 - [TEST_STEP][PASSED] - setText(findTestObject("Page_PSTO webMessenger - Zalogowano/input_Leszek Kowalski_messageInput"), "e"): Text 'e' is set on object 'Object Repository/Page_PSTO webMessenger - Zalogowano/input_Leszek Kowalski_messageInput'

2021-12-19 14:27:13 - [MESSAGE][PASSED] - Text 'e' is set on object 'Object Repository/Page_PSTO webMessenger - Zalogowano/input_Leszek Kowalski_messageInput'

2021-12-19 14:27:13 - [TEST_STEP][PASSED] - click(findTestObject("Page_PSTO webMessenger - Zalogowano/img_Leszek Kowalski_sendButton")): Object: 'Object Repository/Page_PSTO webMessenger - Zalogowano/img_Leszek Kowalski_sendButton' is clicked on

2021-12-19 14:27:14 - [MESSAGE][PASSED] - Object: 'Object Repository/Page_PSTO webMessenger - Zalogowano/img_Leszek Kowalski_sendButton' is clicked on

2021-12-19 14:27:14 - [TEST_STEP][PASSED] - setText(findTestObject("Page_PSTO webMessenger - Zalogowano/input_Leszek Kowalski_messageInput"), "e"): Text 'e' is set on object 'Object Repository/Page_PSTO webMessenger - Zalogowano/input_Leszek Kowalski_messageInput'

2021-12-19 14:27:14 - [MESSAGE][PASSED] - Text 'e' is set on object 'Object Repository/Page_PSTO webMessenger - Zalogowano/input_Leszek Kowalski_messageInput'

2021-12-19 14:27:14 - [TEST_STEP][PASSED] - click(findTestObject("Page_PSTO webMessenger - Zalogowano/img_Leszek Kowalski_sendButton")): Object: 'Object Repository/Page_PSTO webMessenger - Zalogowano/img_Leszek Kowalski_sendButton' is clicked on

2021-12-19 14:27:15 - [MESSAGE][PASSED] - Object: 'Object Repository/Page_PSTO webMessenger - Zalogowano/img_Leszek Kowalski_sendButton' is clicked on

2021-12-19 14:27:15 - [TEST_STEP][PASSED] - setText(findTestObject("Page_PSTO webMessenger - Zalogowano/input_Leszek Kowalski_messageInput"), "e"): Text 'e' is set on object 'Object Repository/Page_PSTO webMessenger - Zalogowano/input_Leszek Kowalski_messageInput'

2021-12-19 14:27:16 - [MESSAGE][PASSED] - Text 'e' is set on object 'Object Repository/Page_PSTO webMessenger - Zalogowano/input_Leszek Kowalski_messageInput'

2021-12-19 14:27:16 - [TEST_STEP][PASSED] - click(findTestObject("Page_PSTO webMessenger - Zalogowano/img_Leszek Kowalski_sendButton")): Object: 'Object Repository/Page_PSTO webMessenger - Zalogowano/img_Leszek Kowalski_sendButton' is clicked on

2021-12-19 14:27:16 - [MESSAGE][PASSED] - Object: 'Object Repository/Page_PSTO webMessenger - Zalogowano/img_Leszek Kowalski_sendButton' is clicked on

2021-12-19 14:27:16 - [TEST_STEP][PASSED] - setText(findTestObject("Page_PSTO webMessenger - Zalogowano/input_Leszek Kowalski_messageInput"), "e"): Text 'e' is set on object 'Object Repository/Page_PSTO webMessenger - Zalogowano/input_Leszek Kowalski_messageInput'

2021-12-19 14:27:17 - [MESSAGE][PASSED] - Text 'e' is set on object 'Object Repository/Page_PSTO webMessenger - Zalogowano/input_Leszek Kowalski_messageInput'

2021-12-19 14:27:17 - [TEST_STEP][PASSED] - click(findTestObject("Page_PSTO webMessenger - Zalogowano/img_Leszek Kowalski_sendButton")): Object: 'Object Repository/Page_PSTO webMessenger - Zalogowano/img_Leszek Kowalski_sendButton' is clicked on

2021-12-19 14:27:18 - [MESSAGE][PASSED] - Object: 'Object Repository/Page_PSTO webMessenger - Zalogowano/img_Leszek Kowalski_sendButton' is clicked on

2021-12-19 14:27:18 - [TEST_STEP][PASSED] - setText(findTestObject("Page_PSTO webMessenger - Zalogowano/input_Leszek Kowalski_messageInput"), "e"): Text 'e' is set on object 'Object Repository/Page_PSTO webMessenger - Zalogowano/input_Leszek Kowalski_messageInput'

2021-12-19 14:27:19 - [MESSAGE][PASSED] - Text 'e' is set on object 'Object Repository/Page_PSTO webMessenger - Zalogowano/input_Leszek Kowalski_messageInput'

2021-12-19 14:27:19 - [TEST_STEP][PASSED] - click(findTestObject("Page_PSTO webMessenger - Zalogowano/img_Leszek Kowalski_sendButton")): Object: 'Object Repository/Page_PSTO webMessenger - Zalogowano/img_Leszek Kowalski_sendButton' is clicked on

2021-12-19 14:27:19 - [MESSAGE][PASSED] - Object: 'Object Repository/Page_PSTO webMessenger - Zalogowano/img_Leszek Kowalski_sendButton' is clicked on

2021-12-19 14:27:19 - [TEST_STEP][PASSED] - setText(findTestObject("Page_PSTO webMessenger - Zalogowano/input_Leszek Kowalski_messageInput"), "e"): Text 'e' is set on object 'Object Repository/Page_PSTO webMessenger - Zalogowano/input_Leszek Kowalski_messageInput'

2021-12-19 14:27:20 - [MESSAGE][PASSED] - Text 'e' is set on object 'Object Repository/Page_PSTO webMessenger - Zalogowano/input_Leszek Kowalski_messageInput'

2021-12-19 14:27:20 - [TEST_STEP][PASSED] - click(findTestObject("Page_PSTO webMessenger - Zalogowano/img_Leszek Kowalski_sendButton")): Object: 'Object Repository/Page_PSTO webMessenger - Zalogowano/img_Leszek Kowalski_sendButton' is clicked on

2021-12-19 14:27:21 - [MESSAGE][PASSED] - Object: 'Object Repository/Page_PSTO webMessenger - Zalogowano/img_Leszek Kowalski_sendButton' is clicked on

2021-12-19 14:27:21 - [TEST_STEP][PASSED] - setText(findTestObject("Page_PSTO webMessenger - Zalogowano/input_Leszek Kowalski_messageInput"), "e"): Text 'e' is set on object 'Object Repository/Page_PSTO webMessenger - Zalogowano/input_Leszek Kowalski_messageInput'

2021-12-19 14:27:21 - [MESSAGE][PASSED] - Text 'e' is set on object 'Object Repository/Page_PSTO webMessenger - Zalogowano/input_Leszek Kowalski_messageInput'

2021-12-19 14:27:21 - [TEST_STEP][PASSED] - click(findTestObject("Page_PSTO webMessenger - Zalogowano/img_Leszek Kowalski_sendButton")): Object: 'Object Repository/Page_PSTO webMessenger - Zalogowano/img_Leszek Kowalski_sendButton' is clicked on

2021-12-19 14:27:22 - [MESSAGE][PASSED] - Object: 'Object Repository/Page_PSTO webMessenger - Zalogowano/img_Leszek Kowalski_sendButton' is clicked on

2021-12-19 14:27:22 - [TEST_STEP][PASSED] - setText(findTestObject("Page_PSTO webMessenger - Zalogowano/input_Leszek Kowalski_messageInput"), "e"): Text 'e' is set on object 'Object Repository/Page_PSTO webMessenger - Zalogowano/input_Leszek Kowalski_messageInput'

2021-12-19 14:27:23 - [MESSAGE][PASSED] - Text 'e' is set on object 'Object Repository/Page_PSTO webMessenger - Zalogowano/input_Leszek Kowalski_messageInput'

2021-12-19 14:27:23 - [TEST_STEP][PASSED] - click(findTestObject("Page_PSTO webMessenger - Zalogowano/img_Leszek Kowalski_sendButton")): Object: 'Object Repository/Page_PSTO webMessenger - Zalogowano/img_Leszek Kowalski_sendButton' is clicked on

2021-12-19 14:27:24 - [MESSAGE][PASSED] - Object: 'Object Repository/Page_PSTO webMessenger - Zalogowano/img_Leszek Kowalski_sendButton' is clicked on

2021-12-19 14:27:24 - [TEST_STEP][PASSED] - setText(findTestObject("Page_PSTO webMessenger - Zalogowano/input_Leszek Kowalski_messageInput"), "e"): Text 'e' is set on object 'Object Repository/Page_PSTO webMessenger - Zalogowano/input_Leszek Kowalski_messageInput'

2021-12-19 14:27:24 - [MESSAGE][PASSED] - Text 'e' is set on object 'Object Repository/Page_PSTO webMessenger - Zalogowano/input_Leszek Kowalski_messageInput'

2021-12-19 14:27:24 - [TEST_STEP][PASSED] - click(findTestObject("Page_PSTO webMessenger - Zalogowano/img_Leszek Kowalski_sendButton")): Object: 'Object Repository/Page_PSTO webMessenger - Zalogowano/img_Leszek Kowalski_sendButton' is clicked on

2021-12-19 14:27:25 - [MESSAGE][PASSED] - Object: 'Object Repository/Page_PSTO webMessenger - Zalogowano/img_Leszek Kowalski_sendButton' is clicked on

2021-12-19 14:27:25 - [TEST_STEP][PASSED] - setText(findTestObject("Page_PSTO webMessenger - Zalogowano/input_Leszek Kowalski_messageInput"), "e"): Text 'e' is set on object 'Object Repository/Page_PSTO webMessenger - Zalogowano/input_Leszek Kowalski_messageInput'

2021-12-19 14:27:26 - [MESSAGE][PASSED] - Text 'e' is set on object 'Object Repository/Page_PSTO webMessenger - Zalogowano/input_Leszek Kowalski_messageInput'

2021-12-19 14:27:26 - [TEST_STEP][PASSED] - click(findTestObject("Page_PSTO webMessenger - Zalogowano/img_Leszek Kowalski_sendButton")): Object: 'Object Repository/Page_PSTO webMessenger - Zalogowano/img_Leszek Kowalski_sendButton' is clicked on

2021-12-19 14:27:26 - [MESSAGE][PASSED] - Object: 'Object Repository/Page_PSTO webMessenger - Zalogowano/img_Leszek Kowalski_sendButton' is clicked on

2021-12-19 14:27:26 - [TEST_STEP][PASSED] - setText(findTestObject("Page_PSTO webMessenger - Zalogowano/input_Leszek Kowalski_messageInput"), "e"): Text 'e' is set on object 'Object Repository/Page_PSTO webMessenger - Zalogowano/input_Leszek Kowalski_messageInput'

2021-12-19 14:27:27 - [MESSAGE][PASSED] - Text 'e' is set on object 'Object Repository/Page_PSTO webMessenger - Zalogowano/input_Leszek Kowalski_messageInput'

2021-12-19 14:27:27 - [TEST_STEP][PASSED] - click(findTestObject("Page_PSTO webMessenger - Zalogowano/img_Leszek Kowalski_sendButton")): Object: 'Object Repository/Page_PSTO webMessenger - Zalogowano/img_Leszek Kowalski_sendButton' is clicked on

2021-12-19 14:27:28 - [MESSAGE][PASSED] - Object: 'Object Repository/Page_PSTO webMessenger - Zalogowano/img_Leszek Kowalski_sendButton' is clicked on

2021-12-19 14:27:28 - [TEST_STEP][PASSED] - setText(findTestObject("Page_PSTO webMessenger - Zalogowano/input_Leszek Kowalski_messageInput"), "e"): Text 'e' is set on object 'Object Repository/Page_PSTO webMessenger - Zalogowano/input_Leszek Kowalski_messageInput'

2021-12-19 14:27:29 - [MESSAGE][PASSED] - Text 'e' is set on object 'Object Repository/Page_PSTO webMessenger - Zalogowano/input_Leszek Kowalski_messageInput'

2021-12-19 14:27:29 - [TEST_STEP][PASSED] - click(findTestObject("Page_PSTO webMessenger - Zalogowano/img_Leszek Kowalski_sendButton")): Object: 'Object Repository/Page_PSTO webMessenger - Zalogowano/img_Leszek Kowalski_sendButton' is clicked on

2021-12-19 14:27:29 - [MESSAGE][PASSED] - Object: 'Object Repository/Page_PSTO webMessenger - Zalogowano/img_Leszek Kowalski_sendButton' is clicked on

2021-12-19 14:27:29 - [TEST_STEP][PASSED] - setText(findTestObject("Page_PSTO webMessenger - Zalogowano/input_Leszek Kowalski_messageInput"), "e"): Text 'e' is set on object 'Object Repository/Page_PSTO webMessenger - Zalogowano/input_Leszek Kowalski_messageInput'

2021-12-19 14:27:30 - [MESSAGE][PASSED] - Text 'e' is set on object 'Object Repository/Page_PSTO webMessenger - Zalogowano/input_Leszek Kowalski_messageInput'

2021-12-19 14:27:30 - [TEST_STEP][PASSED] - click(findTestObject("Page_PSTO webMessenger - Zalogowano/img_Leszek Kowalski_sendButton")): Object: 'Object Repository/Page_PSTO webMessenger - Zalogowano/img_Leszek Kowalski_sendButton' is clicked on

2021-12-19 14:27:31 - [MESSAGE][PASSED] - Object: 'Object Repository/Page_PSTO webMessenger - Zalogowano/img_Leszek Kowalski_sendButton' is clicked on

2021-12-19 14:27:31 - [TEST_STEP][PASSED] - setText(findTestObject("Page_PSTO webMessenger - Zalogowano/input_Leszek Kowalski_messageInput"), "e"): Text 'e' is set on object 'Object Repository/Page_PSTO webMessenger - Zalogowano/input_Leszek Kowalski_messageInput'

2021-12-19 14:27:31 - [MESSAGE][PASSED] - Text 'e' is set on object 'Object Repository/Page_PSTO webMessenger - Zalogowano/input_Leszek Kowalski_messageInput'

2021-12-19 14:27:31 - [TEST_STEP][PASSED] - click(findTestObject("Page_PSTO webMessenger - Zalogowano/img_Leszek Kowalski_sendButton")): Object: 'Object Repository/Page_PSTO webMessenger - Zalogowano/img_Leszek Kowalski_sendButton' is clicked on

2021-12-19 14:27:32 - [MESSAGE][PASSED] - Object: 'Object Repository/Page_PSTO webMessenger - Zalogowano/img_Leszek Kowalski_sendButton' is clicked on

2021-12-19 14:27:32 - [TEST_STEP][PASSED] - setText(findTestObject("Page_PSTO webMessenger - Zalogowano/input_Leszek Kowalski_messageInput"), "e"): Text 'e' is set on object 'Object Repository/Page_PSTO webMessenger - Zalogowano/input_Leszek Kowalski_messageInput'

2021-12-19 14:27:33 - [MESSAGE][PASSED] - Text 'e' is set on object 'Object Repository/Page_PSTO webMessenger - Zalogowano/input_Leszek Kowalski_messageInput'

2021-12-19 14:27:33 - [TEST_STEP][PASSED] - click(findTestObject("Page_PSTO webMessenger - Zalogowano/img_Leszek Kowalski_sendButton")): Object: 'Object Repository/Page_PSTO webMessenger - Zalogowano/img_Leszek Kowalski_sendButton' is clicked on

2021-12-19 14:27:34 - [MESSAGE][PASSED] - Object: 'Object Repository/Page_PSTO webMessenger - Zalogowano/img_Leszek Kowalski_sendButton' is clicked on

2021-12-19 14:27:34 - [TEST_STEP][PASSED] - setText(findTestObject("Page_PSTO webMessenger - Zalogowano/input_Leszek Kowalski_messageInput"), "e"): Text 'e' is set on object 'Object Repository/Page_PSTO webMessenger - Zalogowano/input_Leszek Kowalski_messageInput'

2021-12-19 14:27:34 - [MESSAGE][PASSED] - Text 'e' is set on object 'Object Repository/Page_PSTO webMessenger - Zalogowano/input_Leszek Kowalski_messageInput'

2021-12-19 14:27:34 - [TEST_STEP][PASSED] - click(findTestObject("Page_PSTO webMessenger - Zalogowano/img_Leszek Kowalski_sendButton")): Object: 'Object Repository/Page_PSTO webMessenger - Zalogowano/img_Leszek Kowalski_sendButton' is clicked on

2021-12-19 14:27:35 - [MESSAGE][PASSED] - Object: 'Object Repository/Page_PSTO webMessenger - Zalogowano/img_Leszek Kowalski_sendButton' is clicked on

2021-12-19 14:27:35 - [TEST_STEP][PASSED] - setText(findTestObject("Page_PSTO webMessenger - Zalogowano/input_Leszek Kowalski_messageInput"), "e"): Text 'e' is set on object 'Object Repository/Page_PSTO webMessenger - Zalogowano/input_Leszek Kowalski_messageInput'

2021-12-19 14:27:36 - [MESSAGE][PASSED] - Text 'e' is set on object 'Object Repository/Page_PSTO webMessenger - Zalogowano/input_Leszek Kowalski_messageInput'

2021-12-19 14:27:36 - [TEST_STEP][PASSED] - click(findTestObject("Page_PSTO webMessenger - Zalogowano/img_Leszek Kowalski_sendButton")): Object: 'Object Repository/Page_PSTO webMessenger - Zalogowano/img_Leszek Kowalski_sendButton' is clicked on

2021-12-19 14:27:36 - [MESSAGE][PASSED] - Object: 'Object Repository/Page_PSTO webMessenger - Zalogowano/img_Leszek Kowalski_sendButton' is clicked on

2021-12-19 14:27:36 - [TEST_STEP][PASSED] - setText(findTestObject("Page_PSTO webMessenger - Zalogowano/input_Leszek Kowalski_messageInput"), "e"): Text 'e' is set on object 'Object Repository/Page_PSTO webMessenger - Zalogowano/input_Leszek Kowalski_messageInput'

2021-12-19 14:27:37 - [MESSAGE][PASSED] - Text 'e' is set on object 'Object Repository/Page_PSTO webMessenger - Zalogowano/input_Leszek Kowalski_messageInput'

2021-12-19 14:27:37 - [TEST_STEP][PASSED] - click(findTestObject("Page_PSTO webMessenger - Zalogowano/img_Leszek Kowalski_sendButton")): Object: 'Object Repository/Page_PSTO webMessenger - Zalogowano/img_Leszek Kowalski_sendButton' is clicked on

2021-12-19 14:27:38 - [MESSAGE][PASSED] - Object: 'Object Repository/Page_PSTO webMessenger - Zalogowano/img_Leszek Kowalski_sendButton' is clicked on

2021-12-19 14:27:38 - [TEST_STEP][PASSED] - setText(findTestObject("Page_PSTO webMessenger - Zalogowano/input_Leszek Kowalski_messageInput"), "e"): Text 'e' is set on object 'Object Repository/Page_PSTO webMessenger - Zalogowano/input_Leszek Kowalski_messageInput'

2021-12-19 14:27:39 - [MESSAGE][PASSED] - Text 'e' is set on object 'Object Repository/Page_PSTO webMessenger - Zalogowano/input_Leszek Kowalski_messageInput'

2021-12-19 14:27:39 - [TEST_STEP][PASSED] - click(findTestObject("Page_PSTO webMessenger - Zalogowano/img_Leszek Kowalski_sendButton")): Object: 'Object Repository/Page_PSTO webMessenger - Zalogowano/img_Leszek Kowalski_sendButton' is clicked on

2021-12-19 14:27:39 - [MESSAGE][PASSED] - Object: 'Object Repository/Page_PSTO webMessenger - Zalogowano/img_Leszek Kowalski_sendButton' is clicked on

2021-12-19 14:27:39 - [TEST_STEP][PASSED] - setText(findTestObject("Page_PSTO webMessenger - Zalogowano/input_Leszek Kowalski_messageInput"), "e"): Text 'e' is set on object 'Object Repository/Page_PSTO webMessenger - Zalogowano/input_Leszek Kowalski_messageInput'

2021-12-19 14:27:40 - [MESSAGE][PASSED] - Text 'e' is set on object 'Object Repository/Page_PSTO webMessenger - Zalogowano/input_Leszek Kowalski_messageInput'

2021-12-19 14:27:40 - [TEST_STEP][PASSED] - click(findTestObject("Page_PSTO webMessenger - Zalogowano/img_Leszek Kowalski_sendButton")): Object: 'Object Repository/Page_PSTO webMessenger - Zalogowano/img_Leszek Kowalski_sendButton' is clicked on

2021-12-19 14:27:41 - [MESSAGE][PASSED] - Object: 'Object Repository/Page_PSTO webMessenger - Zalogowano/img_Leszek Kowalski_sendButton' is clicked on

2021-12-19 14:27:41 - [TEST_STEP][PASSED] - setText(findTestObject("Page_PSTO webMessenger - Zalogowano/input_Leszek Kowalski_messageInput"), "e"): Text 'e' is set on object 'Object Repository/Page_PSTO webMessenger - Zalogowano/input_Leszek Kowalski_messageInput'

2021-12-19 14:27:41 - [MESSAGE][PASSED] - Text 'e' is set on object 'Object Repository/Page_PSTO webMessenger - Zalogowano/input_Leszek Kowalski_messageInput'

2021-12-19 14:27:41 - [TEST_STEP][PASSED] - click(findTestObject("Page_PSTO webMessenger - Zalogowano/img_Leszek Kowalski_sendButton")): Object: 'Object Repository/Page_PSTO webMessenger - Zalogowano/img_Leszek Kowalski_sendButton' is clicked on

2021-12-19 14:27:42 - [MESSAGE][PASSED] - Object: 'Object Repository/Page_PSTO webMessenger - Zalogowano/img_Leszek Kowalski_sendButton' is clicked on

2021-12-19 14:27:42 - [TEST_STEP][PASSED] - setText(findTestObject("Page_PSTO webMessenger - Zalogowano/input_Leszek Kowalski_messageInput"), "e"): Text 'e' is set on object 'Object Repository/Page_PSTO webMessenger - Zalogowano/input_Leszek Kowalski_messageInput'

2021-12-19 14:27:43 - [MESSAGE][PASSED] - Text 'e' is set on object 'Object Repository/Page_PSTO webMessenger - Zalogowano/input_Leszek Kowalski_messageInput'

2021-12-19 14:27:43 - [TEST_STEP][PASSED] - click(findTestObject("Page_PSTO webMessenger - Zalogowano/img_Leszek Kowalski_sendButton")): Object: 'Object Repository/Page_PSTO webMessenger - Zalogowano/img_Leszek Kowalski_sendButton' is clicked on

2021-12-19 14:27:44 - [MESSAGE][PASSED] - Object: 'Object Repository/Page_PSTO webMessenger - Zalogowano/img_Leszek Kowalski_sendButton' is clicked on

2021-12-19 14:27:44 - [TEST_STEP][PASSED] - setText(findTestObject("Page_PSTO webMessenger - Zalogowano/input_Leszek Kowalski_messageInput"), "e"): Text 'e' is set on object 'Object Repository/Page_PSTO webMessenger - Zalogowano/input_Leszek Kowalski_messageInput'

2021-12-19 14:27:44 - [MESSAGE][PASSED] - Text 'e' is set on object 'Object Repository/Page_PSTO webMessenger - Zalogowano/input_Leszek Kowalski_messageInput'

2021-12-19 14:27:44 - [TEST_STEP][PASSED] - click(findTestObject("Page_PSTO webMessenger - Zalogowano/img_Leszek Kowalski_sendButton")): Object: 'Object Repository/Page_PSTO webMessenger - Zalogowano/img_Leszek Kowalski_sendButton' is clicked on

2021-12-19 14:27:45 - [MESSAGE][PASSED] - Object: 'Object Repository/Page_PSTO webMessenger - Zalogowano/img_Leszek Kowalski_sendButton' is clicked on

2021-12-19 14:27:45 - [TEST_STEP][PASSED] - setText(findTestObject("Page_PSTO webMessenger - Zalogowano/input_Leszek Kowalski_messageInput"), "e"): Text 'e' is set on object 'Object Repository/Page_PSTO webMessenger - Zalogowano/input_Leszek Kowalski_messageInput'

2021-12-19 14:27:46 - [MESSAGE][PASSED] - Text 'e' is set on object 'Object Repository/Page_PSTO webMessenger - Zalogowano/input_Leszek Kowalski_messageInput'

2021-12-19 14:27:46 - [TEST_STEP][PASSED] - click(findTestObject("Page_PSTO webMessenger - Zalogowano/img_Leszek Kowalski_sendButton")): Object: 'Object Repository/Page_PSTO webMessenger - Zalogowano/img_Leszek Kowalski_sendButton' is clicked on

2021-12-19 14:27:46 - [MESSAGE][PASSED] - Object: 'Object Repository/Page_PSTO webMessenger - Zalogowano/img_Leszek Kowalski_sendButton' is clicked on

2021-12-19 14:27:46 - [TEST_STEP][PASSED] - setText(findTestObject("Page_PSTO webMessenger - Zalogowano/input_Leszek Kowalski_messageInput"), "e"): Text 'e' is set on object 'Object Repository/Page_PSTO webMessenger - Zalogowano/input_Leszek Kowalski_messageInput'

2021-12-19 14:27:47 - [MESSAGE][PASSED] - Text 'e' is set on object 'Object Repository/Page_PSTO webMessenger - Zalogowano/input_Leszek Kowalski_messageInput'

2021-12-19 14:27:47 - [TEST_STEP][PASSED] - click(findTestObject("Page_PSTO webMessenger - Zalogowano/img_Leszek Kowalski_sendButton")): Object: 'Object Repository/Page_PSTO webMessenger - Zalogowano/img_Leszek Kowalski_sendButton' is clicked on

2021-12-19 14:27:48 - [MESSAGE][PASSED] - Object: 'Object Repository/Page_PSTO webMessenger - Zalogowano/img_Leszek Kowalski_sendButton' is clicked on

2021-12-19 14:27:48 - [TEST_STEP][PASSED] - setText(findTestObject("Page_PSTO webMessenger - Zalogowano/input_Leszek Kowalski_messageInput"), "e"): Text 'e' is set on object 'Object Repository/Page_PSTO webMessenger - Zalogowano/input_Leszek Kowalski_messageInput'

2021-12-19 14:27:49 - [MESSAGE][PASSED] - Text 'e' is set on object 'Object Repository/Page_PSTO webMessenger - Zalogowano/input_Leszek Kowalski_messageInput'

2021-12-19 14:27:49 - [TEST_STEP][PASSED] - click(findTestObject("Page_PSTO webMessenger - Zalogowano/img_Leszek Kowalski_sendButton")): Object: 'Object Repository/Page_PSTO webMessenger - Zalogowano/img_Leszek Kowalski_sendButton' is clicked on

2021-12-19 14:27:49 - [MESSAGE][PASSED] - Object: 'Object Repository/Page_PSTO webMessenger - Zalogowano/img_Leszek Kowalski_sendButton' is clicked on

2021-12-19 14:27:49 - [TEST_STEP][PASSED] - setText(findTestObject("Page_PSTO webMessenger - Zalogowano/input_Leszek Kowalski_messageInput"), "e"): Text 'e' is set on object 'Object Repository/Page_PSTO webMessenger - Zalogowano/input_Leszek Kowalski_messageInput'

2021-12-19 14:27:50 - [MESSAGE][PASSED] - Text 'e' is set on object 'Object Repository/Page_PSTO webMessenger - Zalogowano/input_Leszek Kowalski_messageInput'

2021-12-19 14:27:50 - [TEST_STEP][PASSED] - click(findTestObject("Page_PSTO webMessenger - Zalogowano/img_Leszek Kowalski_sendButton")): Object: 'Object Repository/Page_PSTO webMessenger - Zalogowano/img_Leszek Kowalski_sendButton' is clicked on

2021-12-19 14:27:51 - [MESSAGE][PASSED] - Object: 'Object Repository/Page_PSTO webMessenger - Zalogowano/img_Leszek Kowalski_sendButton' is clicked on

2021-12-19 14:27:51 - [TEST_STEP][PASSED] - setText(findTestObject("Page_PSTO webMessenger - Zalogowano/input_Leszek Kowalski_messageInput"), "e"): Text 'e' is set on object 'Object Repository/Page_PSTO webMessenger - Zalogowano/input_Leszek Kowalski_messageInput'

2021-12-19 14:27:51 - [MESSAGE][PASSED] - Text 'e' is set on object 'Object Repository/Page_PSTO webMessenger - Zalogowano/input_Leszek Kowalski_messageInput'

2021-12-19 14:27:51 - [TEST_STEP][PASSED] - click(findTestObject("Page_PSTO webMessenger - Zalogowano/img_Leszek Kowalski_sendButton")): Object: 'Object Repository/Page_PSTO webMessenger - Zalogowano/img_Leszek Kowalski_sendButton' is clicked on

2021-12-19 14:27:52 - [MESSAGE][PASSED] - Object: 'Object Repository/Page_PSTO webMessenger - Zalogowano/img_Leszek Kowalski_sendButton' is clicked on

2021-12-19 14:27:52 - [TEST_STEP][PASSED] - setText(findTestObject("Page_PSTO webMessenger - Zalogowano/input_Leszek Kowalski_messageInput"), "e"): Text 'e' is set on object 'Object Repository/Page_PSTO webMessenger - Zalogowano/input_Leszek Kowalski_messageInput'

2021-12-19 14:27:53 - [MESSAGE][PASSED] - Text 'e' is set on object 'Object Repository/Page_PSTO webMessenger - Zalogowano/input_Leszek Kowalski_messageInput'

2021-12-19 14:27:53 - [TEST_STEP][PASSED] - click(findTestObject("Page_PSTO webMessenger - Zalogowano/img_Leszek Kowalski_sendButton")): Object: 'Object Repository/Page_PSTO webMessenger - Zalogowano/img_Leszek Kowalski_sendButton' is clicked on

2021-12-19 14:27:54 - [MESSAGE][PASSED] - Object: 'Object Repository/Page_PSTO webMessenger - Zalogowano/img_Leszek Kowalski_sendButton' is clicked on

2021-12-19 14:27:54 - [TEST_STEP][PASSED] - setText(findTestObject("Page_PSTO webMessenger - Zalogowano/input_Leszek Kowalski_messageInput"), "e"): Text 'e' is set on object 'Object Repository/Page_PSTO webMessenger - Zalogowano/input_Leszek Kowalski_messageInput'

2021-12-19 14:27:54 - [MESSAGE][PASSED] - Text 'e' is set on object 'Object Repository/Page_PSTO webMessenger - Zalogowano/input_Leszek Kowalski_messageInput'

2021-12-19 14:27:54 - [TEST_STEP][PASSED] - click(findTestObject("Page_PSTO webMessenger - Zalogowano/img_Leszek Kowalski_sendButton")): Object: 'Object Repository/Page_PSTO webMessenger - Zalogowano/img_Leszek Kowalski_sendButton' is clicked on

2021-12-19 14:27:55 - [MESSAGE][PASSED] - Object: 'Object Repository/Page_PSTO webMessenger - Zalogowano/img_Leszek Kowalski_sendButton' is clicked on

2021-12-19 14:27:55 - [TEST_STEP][PASSED] - setText(findTestObject("Page_PSTO webMessenger - Zalogowano/input_Leszek Kowalski_messageInput"), "e"): Text 'e' is set on object 'Object Repository/Page_PSTO webMessenger - Zalogowano/input_Leszek Kowalski_messageInput'

2021-12-19 14:27:56 - [MESSAGE][PASSED] - Text 'e' is set on object 'Object Repository/Page_PSTO webMessenger - Zalogowano/input_Leszek Kowalski_messageInput'

2021-12-19 14:27:56 - [TEST_STEP][PASSED] - click(findTestObject("Page_PSTO webMessenger - Zalogowano/img_Leszek Kowalski_sendButton")): Object: 'Object Repository/Page_PSTO webMessenger - Zalogowano/img_Leszek Kowalski_sendButton' is clicked on

2021-12-19 14:27:57 - [MESSAGE][PASSED] - Object: 'Object Repository/Page_PSTO webMessenger - Zalogowano/img_Leszek Kowalski_sendButton' is clicked on

2021-12-19 14:27:57 - [TEST_STEP][PASSED] - setText(findTestObject("Page_PSTO webMessenger - Zalogowano/input_Leszek Kowalski_messageInput"), "e"): Text 'e' is set on object 'Object Repository/Page_PSTO webMessenger - Zalogowano/input_Leszek Kowalski_messageInput'

2021-12-19 14:27:57 - [MESSAGE][PASSED] - Text 'e' is set on object 'Object Repository/Page_PSTO webMessenger - Zalogowano/input_Leszek Kowalski_messageInput'

2021-12-19 14:27:57 - [TEST_STEP][PASSED] - click(findTestObject("Page_PSTO webMessenger - Zalogowano/img_Leszek Kowalski_sendButton")): Object: 'Object Repository/Page_PSTO webMessenger - Zalogowano/img_Leszek Kowalski_sendButton' is clicked on

2021-12-19 14:27:58 - [MESSAGE][PASSED] - Object: 'Object Repository/Page_PSTO webMessenger - Zalogowano/img_Leszek Kowalski_sendButton' is clicked on

2021-12-19 14:27:58 - [TEST_STEP][PASSED] - setText(findTestObject("Page_PSTO webMessenger - Zalogowano/input_Leszek Kowalski_messageInput"), "e"): Text 'e' is set on object 'Object Repository/Page_PSTO webMessenger - Zalogowano/input_Leszek Kowalski_messageInput'

2021-12-19 14:27:59 - [MESSAGE][PASSED] - Text 'e' is set on object 'Object Repository/Page_PSTO webMessenger - Zalogowano/input_Leszek Kowalski_messageInput'

2021-12-19 14:27:59 - [TEST_STEP][PASSED] - click(findTestObject("Page_PSTO webMessenger - Zalogowano/img_Leszek Kowalski_sendButton")): Object: 'Object Repository/Page_PSTO webMessenger - Zalogowano/img_Leszek Kowalski_sendButton' is clicked on

2021-12-19 14:27:59 - [MESSAGE][PASSED] - Object: 'Object Repository/Page_PSTO webMessenger - Zalogowano/img_Leszek Kowalski_sendButton' is clicked on

2021-12-19 14:27:59 - [TEST_STEP][PASSED] - setText(findTestObject("Page_PSTO webMessenger - Zalogowano/input_Leszek Kowalski_messageInput"), "e"): Text 'e' is set on object 'Object Repository/Page_PSTO webMessenger - Zalogowano/input_Leszek Kowalski_messageInput'

2021-12-19 14:28:00 - [MESSAGE][PASSED] - Text 'e' is set on object 'Object Repository/Page_PSTO webMessenger - Zalogowano/input_Leszek Kowalski_messageInput'

2021-12-19 14:28:00 - [TEST_STEP][PASSED] - click(findTestObject("Page_PSTO webMessenger - Zalogowano/img_Leszek Kowalski_sendButton")): Object: 'Object Repository/Page_PSTO webMessenger - Zalogowano/img_Leszek Kowalski_sendButton' is clicked on

2021-12-19 14:28:01 - [MESSAGE][PASSED] - Object: 'Object Repository/Page_PSTO webMessenger - Zalogowano/img_Leszek Kowalski_sendButton' is clicked on

2021-12-19 14:28:01 - [TEST_STEP][PASSED] - setText(findTestObject("Page_PSTO webMessenger - Zalogowano/input_Leszek Kowalski_messageInput"), "e"): Text 'e' is set on object 'Object Repository/Page_PSTO webMessenger - Zalogowano/input_Leszek Kowalski_messageInput'

2021-12-19 14:28:01 - [MESSAGE][PASSED] - Text 'e' is set on object 'Object Repository/Page_PSTO webMessenger - Zalogowano/input_Leszek Kowalski_messageInput'

2021-12-19 14:28:01 - [TEST_STEP][PASSED] - click(findTestObject("Page_PSTO webMessenger - Zalogowano/img_Leszek Kowalski_sendButton")): Object: 'Object Repository/Page_PSTO webMessenger - Zalogowano/img_Leszek Kowalski_sendButton' is clicked on

2021-12-19 14:28:02 - [MESSAGE][PASSED] - Object: 'Object Repository/Page_PSTO webMessenger - Zalogowano/img_Leszek Kowalski_sendButton' is clicked on

2021-12-19 14:28:02 - [TEST_STEP][PASSED] - setText(findTestObject("Page_PSTO webMessenger - Zalogowano/input_Leszek Kowalski_messageInput"), "e"): Text 'e' is set on object 'Object Repository/Page_PSTO webMessenger - Zalogowano/input_Leszek Kowalski_messageInput'

2021-12-19 14:28:03 - [MESSAGE][PASSED] - Text 'e' is set on object 'Object Repository/Page_PSTO webMessenger - Zalogowano/input_Leszek Kowalski_messageInput'

2021-12-19 14:28:03 - [TEST_STEP][PASSED] - click(findTestObject("Page_PSTO webMessenger - Zalogowano/img_Leszek Kowalski_sendButton")): Object: 'Object Repository/Page_PSTO webMessenger - Zalogowano/img_Leszek Kowalski_sendButton' is clicked on

2021-12-19 14:28:04 - [MESSAGE][PASSED] - Object: 'Object Repository/Page_PSTO webMessenger - Zalogowano/img_Leszek Kowalski_sendButton' is clicked on

2021-12-19 14:28:04 - [TEST_STEP][PASSED] - setText(findTestObject("Page_PSTO webMessenger - Zalogowano/input_Leszek Kowalski_messageInput"), "e"): Text 'e' is set on object 'Object Repository/Page_PSTO webMessenger - Zalogowano/input_Leszek Kowalski_messageInput'

2021-12-19 14:28:04 - [MESSAGE][PASSED] - Text 'e' is set on object 'Object Repository/Page_PSTO webMessenger - Zalogowano/input_Leszek Kowalski_messageInput'

2021-12-19 14:28:04 - [TEST_STEP][PASSED] - click(findTestObject("Page_PSTO webMessenger - Zalogowano/img_Leszek Kowalski_sendButton")): Object: 'Object Repository/Page_PSTO webMessenger - Zalogowano/img_Leszek Kowalski_sendButton' is clicked on

2021-12-19 14:28:05 - [MESSAGE][PASSED] - Object: 'Object Repository/Page_PSTO webMessenger - Zalogowano/img_Leszek Kowalski_sendButton' is clicked on

2021-12-19 14:28:05 - [TEST_STEP][PASSED] - setText(findTestObject("Page_PSTO webMessenger - Zalogowano/input_Leszek Kowalski_messageInput"), "e"): Text 'e' is set on object 'Object Repository/Page_PSTO webMessenger - Zalogowano/input_Leszek Kowalski_messageInput'

2021-12-19 14:28:06 - [MESSAGE][PASSED] - Text 'e' is set on object 'Object Repository/Page_PSTO webMessenger - Zalogowano/input_Leszek Kowalski_messageInput'

2021-12-19 14:28:06 - [TEST_STEP][PASSED] - click(findTestObject("Page_PSTO webMessenger - Zalogowano/img_Leszek Kowalski_sendButton")): Object: 'Object Repository/Page_PSTO webMessenger - Zalogowano/img_Leszek Kowalski_sendButton' is clicked on

2021-12-19 14:28:07 - [MESSAGE][PASSED] - Object: 'Object Repository/Page_PSTO webMessenger - Zalogowano/img_Leszek Kowalski_sendButton' is clicked on

2021-12-19 14:28:07 - [TEST_STEP][PASSED] - setText(findTestObject("Page_PSTO webMessenger - Zalogowano/input_Leszek Kowalski_messageInput"), "e"): Text 'e' is set on object 'Object Repository/Page_PSTO webMessenger - Zalogowano/input_Leszek Kowalski_messageInput'

2021-12-19 14:28:07 - [MESSAGE][PASSED] - Text 'e' is set on object 'Object Repository/Page_PSTO webMessenger - Zalogowano/input_Leszek Kowalski_messageInput'

2021-12-19 14:28:07 - [TEST_STEP][PASSED] - click(findTestObject("Page_PSTO webMessenger - Zalogowano/img_Leszek Kowalski_sendButton")): Object: 'Object Repository/Page_PSTO webMessenger - Zalogowano/img_Leszek Kowalski_sendButton' is clicked on

2021-12-19 14:28:08 - [MESSAGE][PASSED] - Object: 'Object Repository/Page_PSTO webMessenger - Zalogowano/img_Leszek Kowalski_sendButton' is clicked on

2021-12-19 14:28:08 - [TEST_STEP][PASSED] - setText(findTestObject("Page_PSTO webMessenger - Zalogowano/input_Leszek Kowalski_messageInput"), "e"): Text 'e' is set on object 'Object Repository/Page_PSTO webMessenger - Zalogowano/input_Leszek Kowalski_messageInput'

2021-12-19 14:28:09 - [MESSAGE][PASSED] - Text 'e' is set on object 'Object Repository/Page_PSTO webMessenger - Zalogowano/input_Leszek Kowalski_messageInput'

2021-12-19 14:28:09 - [TEST_STEP][PASSED] - click(findTestObject("Page_PSTO webMessenger - Zalogowano/img_Leszek Kowalski_sendButton")): Object: 'Object Repository/Page_PSTO webMessenger - Zalogowano/img_Leszek Kowalski_sendButton' is clicked on

2021-12-19 14:28:10 - [MESSAGE][PASSED] - Object: 'Object Repository/Page_PSTO webMessenger - Zalogowano/img_Leszek Kowalski_sendButton' is clicked on

2021-12-19 14:28:10 - [TEST_STEP][PASSED] - setText(findTestObject("Page_PSTO webMessenger - Zalogowano/input_Leszek Kowalski_messageInput"), "e"): Text 'e' is set on object 'Object Repository/Page_PSTO webMessenger - Zalogowano/input_Leszek Kowalski_messageInput'

2021-12-19 14:28:10 - [MESSAGE][PASSED] - Text 'e' is set on object 'Object Repository/Page_PSTO webMessenger - Zalogowano/input_Leszek Kowalski_messageInput'

2021-12-19 14:28:10 - [TEST_STEP][PASSED] - click(findTestObject("Page_PSTO webMessenger - Zalogowano/img_Leszek Kowalski_sendButton")): Object: 'Object Repository/Page_PSTO webMessenger - Zalogowano/img_Leszek Kowalski_sendButton' is clicked on

2021-12-19 14:28:11 - [MESSAGE][PASSED] - Object: 'Object Repository/Page_PSTO webMessenger - Zalogowano/img_Leszek Kowalski_sendButton' is clicked on

2021-12-19 14:28:11 - [TEST_STEP][PASSED] - setText(findTestObject("Page_PSTO webMessenger - Zalogowano/input_Leszek Kowalski_messageInput"), "e"): Text 'e' is set on object 'Object Repository/Page_PSTO webMessenger - Zalogowano/input_Leszek Kowalski_messageInput'

2021-12-19 14:28:12 - [MESSAGE][PASSED] - Text 'e' is set on object 'Object Repository/Page_PSTO webMessenger - Zalogowano/input_Leszek Kowalski_messageInput'

2021-12-19 14:28:12 - [TEST_STEP][PASSED] - click(findTestObject("Page_PSTO webMessenger - Zalogowano/img_Leszek Kowalski_sendButton")): Object: 'Object Repository/Page_PSTO webMessenger - Zalogowano/img_Leszek Kowalski_sendButton' is clicked on

2021-12-19 14:28:12 - [MESSAGE][PASSED] - Object: 'Object Repository/Page_PSTO webMessenger - Zalogowano/img_Leszek Kowalski_sendButton' is clicked on

2021-12-19 14:28:12 - [TEST_STEP][PASSED] - setText(findTestObject("Page_PSTO webMessenger - Zalogowano/input_Leszek Kowalski_messageInput"), "e"): Text 'e' is set on object 'Object Repository/Page_PSTO webMessenger - Zalogowano/input_Leszek Kowalski_messageInput'

2021-12-19 14:28:13 - [MESSAGE][PASSED] - Text 'e' is set on object 'Object Repository/Page_PSTO webMessenger - Zalogowano/input_Leszek Kowalski_messageInput'

2021-12-19 14:28:13 - [TEST_STEP][PASSED] - click(findTestObject("Page_PSTO webMessenger - Zalogowano/img_Leszek Kowalski_sendButton")): Object: 'Object Repository/Page_PSTO webMessenger - Zalogowano/img_Leszek Kowalski_sendButton' is clicked on

2021-12-19 14:28:14 - [MESSAGE][PASSED] - Object: 'Object Repository/Page_PSTO webMessenger - Zalogowano/img_Leszek Kowalski_sendButton' is clicked on

2021-12-19 14:28:14 - [TEST_STEP][PASSED] - setText(findTestObject("Page_PSTO webMessenger - Zalogowano/input_Leszek Kowalski_messageInput"), "e"): Text 'e' is set on object 'Object Repository/Page_PSTO webMessenger - Zalogowano/input_Leszek Kowalski_messageInput'

2021-12-19 14:28:14 - [MESSAGE][PASSED] - Text 'e' is set on object 'Object Repository/Page_PSTO webMessenger - Zalogowano/input_Leszek Kowalski_messageInput'

2021-12-19 14:28:14 - [TEST_STEP][PASSED] - click(findTestObject("Page_PSTO webMessenger - Zalogowano/img_Leszek Kowalski_sendButton")): Object: 'Object Repository/Page_PSTO webMessenger - Zalogowano/img_Leszek Kowalski_sendButton' is clicked on

2021-12-19 14:28:15 - [MESSAGE][PASSED] - Object: 'Object Repository/Page_PSTO webMessenger - Zalogowano/img_Leszek Kowalski_sendButton' is clicked on

2021-12-19 14:28:15 - [TEST_STEP][PASSED] - setText(findTestObject("Page_PSTO webMessenger - Zalogowano/input_Leszek Kowalski_messageInput"), "e"): Text 'e' is set on object 'Object Repository/Page_PSTO webMessenger - Zalogowano/input_Leszek Kowalski_messageInput'

2021-12-19 14:28:16 - [MESSAGE][PASSED] - Text 'e' is set on object 'Object Repository/Page_PSTO webMessenger - Zalogowano/input_Leszek Kowalski_messageInput'

2021-12-19 14:28:16 - [TEST_STEP][PASSED] - click(findTestObject("Page_PSTO webMessenger - Zalogowano/img_Leszek Kowalski_sendButton")): Object: 'Object Repository/Page_PSTO webMessenger - Zalogowano/img_Leszek Kowalski_sendButton' is clicked on

2021-12-19 14:28:17 - [MESSAGE][PASSED] - Object: 'Object Repository/Page_PSTO webMessenger - Zalogowano/img_Leszek Kowalski_sendButton' is clicked on

2021-12-19 14:28:17 - [TEST_STEP][PASSED] - setText(findTestObject("Page_PSTO webMessenger - Zalogowano/input_Leszek Kowalski_messageInput"), "e"): Text 'e' is set on object 'Object Repository/Page_PSTO webMessenger - Zalogowano/input_Leszek Kowalski_messageInput'

2021-12-19 14:28:17 - [MESSAGE][PASSED] - Text 'e' is set on object 'Object Repository/Page_PSTO webMessenger - Zalogowano/input_Leszek Kowalski_messageInput'

2021-12-19 14:28:17 - [TEST_STEP][PASSED] - click(findTestObject("Page_PSTO webMessenger - Zalogowano/img_Leszek Kowalski_sendButton")): Object: 'Object Repository/Page_PSTO webMessenger - Zalogowano/img_Leszek Kowalski_sendButton' is clicked on

2021-12-19 14:28:18 - [MESSAGE][PASSED] - Object: 'Object Repository/Page_PSTO webMessenger - Zalogowano/img_Leszek Kowalski_sendButton' is clicked on

2021-12-19 14:28:18 - [TEST_STEP][PASSED] - setText(findTestObject("Page_PSTO webMessenger - Zalogowano/input_Leszek Kowalski_messageInput"), "e"): Text 'e' is set on object 'Object Repository/Page_PSTO webMessenger - Zalogowano/input_Leszek Kowalski_messageInput'

2021-12-19 14:28:19 - [MESSAGE][PASSED] - Text 'e' is set on object 'Object Repository/Page_PSTO webMessenger - Zalogowano/input_Leszek Kowalski_messageInput'

2021-12-19 14:28:19 - [TEST_STEP][PASSED] - click(findTestObject("Page_PSTO webMessenger - Zalogowano/img_Leszek Kowalski_sendButton")): Object: 'Object Repository/Page_PSTO webMessenger - Zalogowano/img_Leszek Kowalski_sendButton' is clicked on

2021-12-19 14:28:20 - [MESSAGE][PASSED] - Object: 'Object Repository/Page_PSTO webMessenger - Zalogowano/img_Leszek Kowalski_sendButton' is clicked on

2021-12-19 14:28:20 - [TEST_STEP][PASSED] - setText(findTestObject("Page_PSTO webMessenger - Zalogowano/input_Leszek Kowalski_messageInput"), "e"): Text 'e' is set on object 'Object Repository/Page_PSTO webMessenger - Zalogowano/input_Leszek Kowalski_messageInput'

2021-12-19 14:28:20 - [MESSAGE][PASSED] - Text 'e' is set on object 'Object Repository/Page_PSTO webMessenger - Zalogowano/input_Leszek Kowalski_messageInput'

2021-12-19 14:28:20 - [TEST_STEP][PASSED] - click(findTestObject("Page_PSTO webMessenger - Zalogowano/img_Leszek Kowalski_sendButton")): Object: 'Object Repository/Page_PSTO webMessenger - Zalogowano/img_Leszek Kowalski_sendButton' is clicked on

2021-12-19 14:28:21 - [MESSAGE][PASSED] - Object: 'Object Repository/Page_PSTO webMessenger - Zalogowano/img_Leszek Kowalski_sendButton' is clicked on

2021-12-19 14:28:21 - [TEST_STEP][PASSED] - setText(findTestObject("Page_PSTO webMessenger - Zalogowano/input_Leszek Kowalski_messageInput"), "e"): Text 'e' is set on object 'Object Repository/Page_PSTO webMessenger - Zalogowano/input_Leszek Kowalski_messageInput'

2021-12-19 14:28:22 - [MESSAGE][PASSED] - Text 'e' is set on object 'Object Repository/Page_PSTO webMessenger - Zalogowano/input_Leszek Kowalski_messageInput'

2021-12-19 14:28:22 - [TEST_STEP][PASSED] - click(findTestObject("Page_PSTO webMessenger - Zalogowano/img_Leszek Kowalski_sendButton")): Object: 'Object Repository/Page_PSTO webMessenger - Zalogowano/img_Leszek Kowalski_sendButton' is clicked on

2021-12-19 14:28:22 - [MESSAGE][PASSED] - Object: 'Object Repository/Page_PSTO webMessenger - Zalogowano/img_Leszek Kowalski_sendButton' is clicked on

2021-12-19 14:28:22 - [TEST_STEP][PASSED] - setText(findTestObject("Page_PSTO webMessenger - Zalogowano/input_Leszek Kowalski_messageInput"), "e"): Text 'e' is set on object 'Object Repository/Page_PSTO webMessenger - Zalogowano/input_Leszek Kowalski_messageInput'

2021-12-19 14:28:23 - [MESSAGE][PASSED] - Text 'e' is set on object 'Object Repository/Page_PSTO webMessenger - Zalogowano/input_Leszek Kowalski_messageInput'

2021-12-19 14:28:23 - [TEST_STEP][PASSED] - click(findTestObject("Page_PSTO webMessenger - Zalogowano/img_Leszek Kowalski_sendButton")): Object: 'Object Repository/Page_PSTO webMessenger - Zalogowano/img_Leszek Kowalski_sendButton' is clicked on

2021-12-19 14:28:24 - [MESSAGE][PASSED] - Object: 'Object Repository/Page_PSTO webMessenger - Zalogowano/img_Leszek Kowalski_sendButton' is clicked on

2021-12-19 14:28:24 - [TEST_STEP][PASSED] - setText(findTestObject("Page_PSTO webMessenger - Zalogowano/input_Leszek Kowalski_messageInput"), "e"): Text 'e' is set on object 'Object Repository/Page_PSTO webMessenger - Zalogowano/input_Leszek Kowalski_messageInput'

2021-12-19 14:28:24 - [MESSAGE][PASSED] - Text 'e' is set on object 'Object Repository/Page_PSTO webMessenger - Zalogowano/input_Leszek Kowalski_messageInput'

2021-12-19 14:28:24 - [TEST_STEP][PASSED] - click(findTestObject("Page_PSTO webMessenger - Zalogowano/img_Leszek Kowalski_sendButton")): Object: 'Object Repository/Page_PSTO webMessenger - Zalogowano/img_Leszek Kowalski_sendButton' is clicked on

2021-12-19 14:28:25 - [MESSAGE][PASSED] - Object: 'Object Repository/Page_PSTO webMessenger - Zalogowano/img_Leszek Kowalski_sendButton' is clicked on

2021-12-19 14:28:25 - [TEST_STEP][PASSED] - setText(findTestObject("Page_PSTO webMessenger - Zalogowano/input_Leszek Kowalski_messageInput"), "e"): Text 'e' is set on object 'Object Repository/Page_PSTO webMessenger - Zalogowano/input_Leszek Kowalski_messageInput'

2021-12-19 14:28:26 - [MESSAGE][PASSED] - Text 'e' is set on object 'Object Repository/Page_PSTO webMessenger - Zalogowano/input_Leszek Kowalski_messageInput'

2021-12-19 14:28:26 - [TEST_STEP][PASSED] - click(findTestObject("Page_PSTO webMessenger - Zalogowano/img_Leszek Kowalski_sendButton")): Object: 'Object Repository/Page_PSTO webMessenger - Zalogowano/img_Leszek Kowalski_sendButton' is clicked on

2021-12-19 14:28:27 - [MESSAGE][PASSED] - Object: 'Object Repository/Page_PSTO webMessenger - Zalogowano/img_Leszek Kowalski_sendButton' is clicked on

2021-12-19 14:28:27 - [TEST_STEP][PASSED] - setText(findTestObject("Page_PSTO webMessenger - Zalogowano/input_Leszek Kowalski_messageInput"), "e"): Text 'e' is set on object 'Object Repository/Page_PSTO webMessenger - Zalogowano/input_Leszek Kowalski_messageInput'

2021-12-19 14:28:27 - [MESSAGE][PASSED] - Text 'e' is set on object 'Object Repository/Page_PSTO webMessenger - Zalogowano/input_Leszek Kowalski_messageInput'

2021-12-19 14:28:27 - [TEST_STEP][PASSED] - click(findTestObject("Page_PSTO webMessenger - Zalogowano/img_Leszek Kowalski_sendButton")): Object: 'Object Repository/Page_PSTO webMessenger - Zalogowano/img_Leszek Kowalski_sendButton' is clicked on

2021-12-19 14:28:28 - [MESSAGE][PASSED] - Object: 'Object Repository/Page_PSTO webMessenger - Zalogowano/img_Leszek Kowalski_sendButton' is clicked on

2021-12-19 14:28:28 - [TEST_STEP][PASSED] - setText(findTestObject("Page_PSTO webMessenger - Zalogowano/input_Leszek Kowalski_messageInput"), "e"): Text 'e' is set on object 'Object Repository/Page_PSTO webMessenger - Zalogowano/input_Leszek Kowalski_messageInput'

2021-12-19 14:28:29 - [MESSAGE][PASSED] - Text 'e' is set on object 'Object Repository/Page_PSTO webMessenger - Zalogowano/input_Leszek Kowalski_messageInput'

2021-12-19 14:28:29 - [TEST_STEP][PASSED] - click(findTestObject("Page_PSTO webMessenger - Zalogowano/img_Leszek Kowalski_sendButton")): Object: 'Object Repository/Page_PSTO webMessenger - Zalogowano/img_Leszek Kowalski_sendButton' is clicked on

2021-12-19 14:28:30 - [MESSAGE][PASSED] - Object: 'Object Repository/Page_PSTO webMessenger - Zalogowano/img_Leszek Kowalski_sendButton' is clicked on

2021-12-19 14:28:30 - [TEST_STEP][PASSED] - setText(findTestObject("Page_PSTO webMessenger - Zalogowano/input_Leszek Kowalski_messageInput"), "e"): Text 'e' is set on object 'Object Repository/Page_PSTO webMessenger - Zalogowano/input_Leszek Kowalski_messageInput'

2021-12-19 14:28:30 - [MESSAGE][PASSED] - Text 'e' is set on object 'Object Repository/Page_PSTO webMessenger - Zalogowano/input_Leszek Kowalski_messageInput'

2021-12-19 14:28:30 - [TEST_STEP][PASSED] - click(findTestObject("Page_PSTO webMessenger - Zalogowano/img_Leszek Kowalski_sendButton")): Object: 'Object Repository/Page_PSTO webMessenger - Zalogowano/img_Leszek Kowalski_sendButton' is clicked on

2021-12-19 14:28:31 - [MESSAGE][PASSED] - Object: 'Object Repository/Page_PSTO webMessenger - Zalogowano/img_Leszek Kowalski_sendButton' is clicked on

2021-12-19 14:28:31 - [TEST_STEP][PASSED] - setText(findTestObject("Page_PSTO webMessenger - Zalogowano/input_Leszek Kowalski_messageInput"), "e"): Text 'e' is set on object 'Object Repository/Page_PSTO webMessenger - Zalogowano/input_Leszek Kowalski_messageInput'

2021-12-19 14:28:32 - [MESSAGE][PASSED] - Text 'e' is set on object 'Object Repository/Page_PSTO webMessenger - Zalogowano/input_Leszek Kowalski_messageInput'

2021-12-19 14:28:32 - [TEST_STEP][PASSED] - click(findTestObject("Page_PSTO webMessenger - Zalogowano/img_Leszek Kowalski_sendButton")): Object: 'Object Repository/Page_PSTO webMessenger - Zalogowano/img_Leszek Kowalski_sendButton' is clicked on

2021-12-19 14:28:32 - [MESSAGE][PASSED] - Object: 'Object Repository/Page_PSTO webMessenger - Zalogowano/img_Leszek Kowalski_sendButton' is clicked on

2021-12-19 14:28:32 - [TEST_STEP][PASSED] - setText(findTestObject("Page_PSTO webMessenger - Zalogowano/input_Leszek Kowalski_messageInput"), "e"): Text 'e' is set on object 'Object Repository/Page_PSTO webMessenger - Zalogowano/input_Leszek Kowalski_messageInput'

2021-12-19 14:28:33 - [MESSAGE][PASSED] - Text 'e' is set on object 'Object Repository/Page_PSTO webMessenger - Zalogowano/input_Leszek Kowalski_messageInput'

2021-12-19 14:28:33 - [TEST_STEP][PASSED] - click(findTestObject("Page_PSTO webMessenger - Zalogowano/img_Leszek Kowalski_sendButton")): Object: 'Object Repository/Page_PSTO webMessenger - Zalogowano/img_Leszek Kowalski_sendButton' is clicked on

2021-12-19 14:28:34 - [MESSAGE][PASSED] - Object: 'Object Repository/Page_PSTO webMessenger - Zalogowano/img_Leszek Kowalski_sendButton' is clicked on

2021-12-19 14:28:34 - [TEST_STEP][PASSED] - setText(findTestObject("Page_PSTO webMessenger - Zalogowano/input_Leszek Kowalski_messageInput"), "e"): Text 'e' is set on object 'Object Repository/Page_PSTO webMessenger - Zalogowano/input_Leszek Kowalski_messageInput'

2021-12-19 14:28:35 - [MESSAGE][PASSED] - Text 'e' is set on object 'Object Repository/Page_PSTO webMessenger - Zalogowano/input_Leszek Kowalski_messageInput'

2021-12-19 14:28:35 - [TEST_STEP][PASSED] - click(findTestObject("Page_PSTO webMessenger - Zalogowano/img_Leszek Kowalski_sendButton")): Object: 'Object Repository/Page_PSTO webMessenger - Zalogowano/img_Leszek Kowalski_sendButton' is clicked on

2021-12-19 14:28:35 - [MESSAGE][PASSED] - Object: 'Object Repository/Page_PSTO webMessenger - Zalogowano/img_Leszek Kowalski_sendButton' is clicked on

2021-12-19 14:28:35 - [TEST_STEP][PASSED] - setText(findTestObject("Page_PSTO webMessenger - Zalogowano/input_Leszek Kowalski_messageInput"), "e"): Text 'e' is set on object 'Object Repository/Page_PSTO webMessenger - Zalogowano/input_Leszek Kowalski_messageInput'

2021-12-19 14:28:36 - [MESSAGE][PASSED] - Text 'e' is set on object 'Object Repository/Page_PSTO webMessenger - Zalogowano/input_Leszek Kowalski_messageInput'

2021-12-19 14:28:36 - [TEST_STEP][PASSED] - click(findTestObject("Page_PSTO webMessenger - Zalogowano/img_Leszek Kowalski_sendButton")): Object: 'Object Repository/Page_PSTO webMessenger - Zalogowano/img_Leszek Kowalski_sendButton' is clicked on

2021-12-19 14:28:37 - [MESSAGE][PASSED] - Object: 'Object Repository/Page_PSTO webMessenger - Zalogowano/img_Leszek Kowalski_sendButton' is clicked on

2021-12-19 14:28:37 - [TEST_STEP][PASSED] - setText(findTestObject("Page_PSTO webMessenger - Zalogowano/input_Leszek Kowalski_messageInput"), "e"): Text 'e' is set on object 'Object Repository/Page_PSTO webMessenger - Zalogowano/input_Leszek Kowalski_messageInput'

2021-12-19 14:28:37 - [MESSAGE][PASSED] - Text 'e' is set on object 'Object Repository/Page_PSTO webMessenger - Zalogowano/input_Leszek Kowalski_messageInput'

2021-12-19 14:28:37 - [TEST_STEP][PASSED] - click(findTestObject("Page_PSTO webMessenger - Zalogowano/img_Leszek Kowalski_sendButton")): Object: 'Object Repository/Page_PSTO webMessenger - Zalogowano/img_Leszek Kowalski_sendButton' is clicked on

2021-12-19 14:28:38 - [MESSAGE][PASSED] - Object: 'Object Repository/Page_PSTO webMessenger - Zalogowano/img_Leszek Kowalski_sendButton' is clicked on

2021-12-19 14:28:38 - [TEST_STEP][PASSED] - setText(findTestObject("Page_PSTO webMessenger - Zalogowano/input_Leszek Kowalski_messageInput"), "e"): Text 'e' is set on object 'Object Repository/Page_PSTO webMessenger - Zalogowano/input_Leszek Kowalski_messageInput'

2021-12-19 14:28:39 - [MESSAGE][PASSED] - Text 'e' is set on object 'Object Repository/Page_PSTO webMessenger - Zalogowano/input_Leszek Kowalski_messageInput'

2021-12-19 14:28:39 - [TEST_STEP][PASSED] - click(findTestObject("Page_PSTO webMessenger - Zalogowano/img_Leszek Kowalski_sendButton")): Object: 'Object Repository/Page_PSTO webMessenger - Zalogowano/img_Leszek Kowalski_sendButton' is clicked on

2021-12-19 14:28:40 - [MESSAGE][PASSED] - Object: 'Object Repository/Page_PSTO webMessenger - Zalogowano/img_Leszek Kowalski_sendButton' is clicked on

2021-12-19 14:28:40 - [TEST_STEP][PASSED] - setText(findTestObject("Page_PSTO webMessenger - Zalogowano/input_Leszek Kowalski_messageInput"), "e"): Text 'e' is set on object 'Object Repository/Page_PSTO webMessenger - Zalogowano/input_Leszek Kowalski_messageInput'

2021-12-19 14:28:40 - [MESSAGE][PASSED] - Text 'e' is set on object 'Object Repository/Page_PSTO webMessenger - Zalogowano/input_Leszek Kowalski_messageInput'

2021-12-19 14:28:40 - [TEST_STEP][PASSED] - click(findTestObject("Page_PSTO webMessenger - Zalogowano/img_Leszek Kowalski_sendButton")): Object: 'Object Repository/Page_PSTO webMessenger - Zalogowano/img_Leszek Kowalski_sendButton' is clicked on

2021-12-19 14:28:41 - [MESSAGE][PASSED] - Object: 'Object Repository/Page_PSTO webMessenger - Zalogowano/img_Leszek Kowalski_sendButton' is clicked on

2021-12-19 14:28:41 - [TEST_STEP][PASSED] - setText(findTestObject("Page_PSTO webMessenger - Zalogowano/input_Leszek Kowalski_messageInput"), "e"): Text 'e' is set on object 'Object Repository/Page_PSTO webMessenger - Zalogowano/input_Leszek Kowalski_messageInput'

2021-12-19 14:28:42 - [MESSAGE][PASSED] - Text 'e' is set on object 'Object Repository/Page_PSTO webMessenger - Zalogowano/input_Leszek Kowalski_messageInput'

2021-12-19 14:28:42 - [TEST_STEP][PASSED] - click(findTestObject("Page_PSTO webMessenger - Zalogowano/img_Leszek Kowalski_sendButton")): Object: 'Object Repository/Page_PSTO webMessenger - Zalogowano/img_Leszek Kowalski_sendButton' is clicked on

2021-12-19 14:28:42 - [MESSAGE][PASSED] - Object: 'Object Repository/Page_PSTO webMessenger - Zalogowano/img_Leszek Kowalski_sendButton' is clicked on

2021-12-19 14:28:42 - [TEST_STEP][PASSED] - setText(findTestObject("Page_PSTO webMessenger - Zalogowano/input_Leszek Kowalski_messageInput"), "e"): Text 'e' is set on object 'Object Repository/Page_PSTO webMessenger - Zalogowano/input_Leszek Kowalski_messageInput'

2021-12-19 14:28:43 - [MESSAGE][PASSED] - Text 'e' is set on object 'Object Repository/Page_PSTO webMessenger - Zalogowano/input_Leszek Kowalski_messageInput'

2021-12-19 14:28:43 - [TEST_STEP][PASSED] - click(findTestObject("Page_PSTO webMessenger - Zalogowano/img_Leszek Kowalski_sendButton")): Object: 'Object Repository/Page_PSTO webMessenger - Zalogowano/img_Leszek Kowalski_sendButton' is clicked on

2021-12-19 14:28:44 - [MESSAGE][PASSED] - Object: 'Object Repository/Page_PSTO webMessenger - Zalogowano/img_Leszek Kowalski_sendButton' is clicked on

2021-12-19 14:28:44 - [TEST_STEP][PASSED] - setText(findTestObject("Page_PSTO webMessenger - Zalogowano/input_Leszek Kowalski_messageInput"), "e"): Text 'e' is set on object 'Object Repository/Page_PSTO webMessenger - Zalogowano/input_Leszek Kowalski_messageInput'

2021-12-19 14:28:45 - [MESSAGE][PASSED] - Text 'e' is set on object 'Object Repository/Page_PSTO webMessenger - Zalogowano/input_Leszek Kowalski_messageInput'

2021-12-19 14:28:45 - [TEST_STEP][PASSED] - click(findTestObject("Page_PSTO webMessenger - Zalogowano/img_Leszek Kowalski_sendButton")): Object: 'Object Repository/Page_PSTO webMessenger - Zalogowano/img_Leszek Kowalski_sendButton' is clicked on

2021-12-19 14:28:45 - [MESSAGE][PASSED] - Object: 'Object Repository/Page_PSTO webMessenger - Zalogowano/img_Leszek Kowalski_sendButton' is clicked on

2021-12-19 14:28:45 - [TEST_STEP][PASSED] - setText(findTestObject("Page_PSTO webMessenger - Zalogowano/input_Leszek Kowalski_messageInput"), "e"): Text 'e' is set on object 'Object Repository/Page_PSTO webMessenger - Zalogowano/input_Leszek Kowalski_messageInput'

2021-12-19 14:28:46 - [MESSAGE][PASSED] - Text 'e' is set on object 'Object Repository/Page_PSTO webMessenger - Zalogowano/input_Leszek Kowalski_messageInput'

2021-12-19 14:28:46 - [TEST_STEP][PASSED] - click(findTestObject("Page_PSTO webMessenger - Zalogowano/img_Leszek Kowalski_sendButton")): Object: 'Object Repository/Page_PSTO webMessenger - Zalogowano/img_Leszek Kowalski_sendButton' is clicked on

2021-12-19 14:28:47 - [MESSAGE][PASSED] - Object: 'Object Repository/Page_PSTO webMessenger - Zalogowano/img_Leszek Kowalski_sendButton' is clicked on

2021-12-19 14:28:47 - [TEST_STEP][PASSED] - setText(findTestObject("Page_PSTO webMessenger - Zalogowano/input_Leszek Kowalski_messageInput"), "e"): Text 'e' is set on object 'Object Repository/Page_PSTO webMessenger - Zalogowano/input_Leszek Kowalski_messageInput'

2021-12-19 14:28:47 - [MESSAGE][PASSED] - Text 'e' is set on object 'Object Repository/Page_PSTO webMessenger - Zalogowano/input_Leszek Kowalski_messageInput'

2021-12-19 14:28:47 - [TEST_STEP][PASSED] - click(findTestObject("Page_PSTO webMessenger - Zalogowano/img_Leszek Kowalski_sendButton")): Object: 'Object Repository/Page_PSTO webMessenger - Zalogowano/img_Leszek Kowalski_sendButton' is clicked on

2021-12-19 14:28:48 - [MESSAGE][PASSED] - Object: 'Object Repository/Page_PSTO webMessenger - Zalogowano/img_Leszek Kowalski_sendButton' is clicked on

2021-12-19 14:28:48 - [TEST_STEP][PASSED] - setText(findTestObject("Page_PSTO webMessenger - Zalogowano/input_Leszek Kowalski_messageInput"), "e"): Text 'e' is set on object 'Object Repository/Page_PSTO webMessenger - Zalogowano/input_Leszek Kowalski_messageInput'

2021-12-19 14:28:49 - [MESSAGE][PASSED] - Text 'e' is set on object 'Object Repository/Page_PSTO webMessenger - Zalogowano/input_Leszek Kowalski_messageInput'

2021-12-19 14:28:49 - [TEST_STEP][PASSED] - click(findTestObject("Page_PSTO webMessenger - Zalogowano/img_Leszek Kowalski_sendButton")): Object: 'Object Repository/Page_PSTO webMessenger - Zalogowano/img_Leszek Kowalski_sendButton' is clicked on

2021-12-19 14:28:49 - [MESSAGE][PASSED] - Object: 'Object Repository/Page_PSTO webMessenger - Zalogowano/img_Leszek Kowalski_sendButton' is clicked on

2021-12-19 14:28:49 - [TEST_STEP][PASSED] - setText(findTestObject("Page_PSTO webMessenger - Zalogowano/input_Leszek Kowalski_messageInput"), "e"): Text 'e' is set on object 'Object Repository/Page_PSTO webMessenger - Zalogowano/input_Leszek Kowalski_messageInput'

2021-12-19 14:28:50 - [MESSAGE][PASSED] - Text 'e' is set on object 'Object Repository/Page_PSTO webMessenger - Zalogowano/input_Leszek Kowalski_messageInput'

2021-12-19 14:28:50 - [TEST_STEP][PASSED] - click(findTestObject("Page_PSTO webMessenger - Zalogowano/img_Leszek Kowalski_sendButton")): Object: 'Object Repository/Page_PSTO webMessenger - Zalogowano/img_Leszek Kowalski_sendButton' is clicked on

2021-12-19 14:28:51 - [MESSAGE][PASSED] - Object: 'Object Repository/Page_PSTO webMessenger - Zalogowano/img_Leszek Kowalski_sendButton' is clicked on

2021-12-19 14:28:51 - [TEST_STEP][PASSED] - setText(findTestObject("Page_PSTO webMessenger - Zalogowano/input_Leszek Kowalski_messageInput"), "e"): Text 'e' is set on object 'Object Repository/Page_PSTO webMessenger - Zalogowano/input_Leszek Kowalski_messageInput'

2021-12-19 14:28:52 - [MESSAGE][PASSED] - Text 'e' is set on object 'Object Repository/Page_PSTO webMessenger - Zalogowano/input_Leszek Kowalski_messageInput'

2021-12-19 14:28:52 - [TEST_STEP][PASSED] - click(findTestObject("Page_PSTO webMessenger - Zalogowano/img_Leszek Kowalski_sendButton")): Object: 'Object Repository/Page_PSTO webMessenger - Zalogowano/img_Leszek Kowalski_sendButton' is clicked on

2021-12-19 14:28:52 - [MESSAGE][PASSED] - Object: 'Object Repository/Page_PSTO webMessenger - Zalogowano/img_Leszek Kowalski_sendButton' is clicked on

2021-12-19 14:28:52 - [TEST_STEP][PASSED] - setText(findTestObject("Page_PSTO webMessenger - Zalogowano/input_Leszek Kowalski_messageInput"), "e"): Text 'e' is set on object 'Object Repository/Page_PSTO webMessenger - Zalogowano/input_Leszek Kowalski_messageInput'

2021-12-19 14:28:53 - [MESSAGE][PASSED] - Text 'e' is set on object 'Object Repository/Page_PSTO webMessenger - Zalogowano/input_Leszek Kowalski_messageInput'

2021-12-19 14:28:53 - [TEST_STEP][PASSED] - click(findTestObject("Page_PSTO webMessenger - Zalogowano/img_Leszek Kowalski_sendButton")): Object: 'Object Repository/Page_PSTO webMessenger - Zalogowano/img_Leszek Kowalski_sendButton' is clicked on

2021-12-19 14:28:54 - [MESSAGE][PASSED] - Object: 'Object Repository/Page_PSTO webMessenger - Zalogowano/img_Leszek Kowalski_sendButton' is clicked on

2021-12-19 14:28:54 - [TEST_STEP][PASSED] - setText(findTestObject("Page_PSTO webMessenger - Zalogowano/input_Leszek Kowalski_messageInput"), "e"): Text 'e' is set on object 'Object Repository/Page_PSTO webMessenger - Zalogowano/input_Leszek Kowalski_messageInput'

2021-12-19 14:28:54 - [MESSAGE][PASSED] - Text 'e' is set on object 'Object Repository/Page_PSTO webMessenger - Zalogowano/input_Leszek Kowalski_messageInput'

2021-12-19 14:28:54 - [TEST_STEP][PASSED] - click(findTestObject("Page_PSTO webMessenger - Zalogowano/img_Leszek Kowalski_sendButton")): Object: 'Object Repository/Page_PSTO webMessenger - Zalogowano/img_Leszek Kowalski_sendButton' is clicked on

2021-12-19 14:28:55 - [MESSAGE][PASSED] - Object: 'Object Repository/Page_PSTO webMessenger - Zalogowano/img_Leszek Kowalski_sendButton' is clicked on

2021-12-19 14:28:55 - [TEST_STEP][PASSED] - setText(findTestObject("Page_PSTO webMessenger - Zalogowano/input_Leszek Kowalski_messageInput"), "e"): Text 'e' is set on object 'Object Repository/Page_PSTO webMessenger - Zalogowano/input_Leszek Kowalski_messageInput'

2021-12-19 14:28:56 - [MESSAGE][PASSED] - Text 'e' is set on object 'Object Repository/Page_PSTO webMessenger - Zalogowano/input_Leszek Kowalski_messageInput'

2021-12-19 14:28:56 - [TEST_STEP][PASSED] - click(findTestObject("Page_PSTO webMessenger - Zalogowano/img_Leszek Kowalski_sendButton")): Object: 'Object Repository/Page_PSTO webMessenger - Zalogowano/img_Leszek Kowalski_sendButton' is clicked on

2021-12-19 14:28:57 - [MESSAGE][PASSED] - Object: 'Object Repository/Page_PSTO webMessenger - Zalogowano/img_Leszek Kowalski_sendButton' is clicked on

2021-12-19 14:28:57 - [TEST_STEP][PASSED] - setText(findTestObject("Page_PSTO webMessenger - Zalogowano/input_Leszek Kowalski_messageInput"), "e"): Text 'e' is set on object 'Object Repository/Page_PSTO webMessenger - Zalogowano/input_Leszek Kowalski_messageInput'

2021-12-19 14:28:57 - [MESSAGE][PASSED] - Text 'e' is set on object 'Object Repository/Page_PSTO webMessenger - Zalogowano/input_Leszek Kowalski_messageInput'

2021-12-19 14:28:57 - [TEST_STEP][PASSED] - click(findTestObject("Page_PSTO webMessenger - Zalogowano/img_Leszek Kowalski_sendButton")): Object: 'Object Repository/Page_PSTO webMessenger - Zalogowano/img_Leszek Kowalski_sendButton' is clicked on

2021-12-19 14:28:58 - [MESSAGE][PASSED] - Object: 'Object Repository/Page_PSTO webMessenger - Zalogowano/img_Leszek Kowalski_sendButton' is clicked on

2021-12-19 14:28:58 - [TEST_STEP][PASSED] - setText(findTestObject("Page_PSTO webMessenger - Zalogowano/input_Leszek Kowalski_messageInput"), "e"): Text 'e' is set on object 'Object Repository/Page_PSTO webMessenger - Zalogowano/input_Leszek Kowalski_messageInput'

2021-12-19 14:28:59 - [MESSAGE][PASSED] - Text 'e' is set on object 'Object Repository/Page_PSTO webMessenger - Zalogowano/input_Leszek Kowalski_messageInput'

2021-12-19 14:28:59 - [TEST_STEP][PASSED] - click(findTestObject("Page_PSTO webMessenger - Zalogowano/img_Leszek Kowalski_sendButton")): Object: 'Object Repository/Page_PSTO webMessenger - Zalogowano/img_Leszek Kowalski_sendButton' is clicked on

2021-12-19 14:29:00 - [MESSAGE][PASSED] - Object: 'Object Repository/Page_PSTO webMessenger - Zalogowano/img_Leszek Kowalski_sendButton' is clicked on

2021-12-19 14:29:00 - [TEST_STEP][PASSED] - setText(findTestObject("Page_PSTO webMessenger - Zalogowano/input_Leszek Kowalski_messageInput"), "e"): Text 'e' is set on object 'Object Repository/Page_PSTO webMessenger - Zalogowano/input_Leszek Kowalski_messageInput'

2021-12-19 14:29:00 - [MESSAGE][PASSED] - Text 'e' is set on object 'Object Repository/Page_PSTO webMessenger - Zalogowano/input_Leszek Kowalski_messageInput'

2021-12-19 14:29:00 - [TEST_STEP][PASSED] - click(findTestObject("Page_PSTO webMessenger - Zalogowano/img_Leszek Kowalski_sendButton")): Object: 'Object Repository/Page_PSTO webMessenger - Zalogowano/img_Leszek Kowalski_sendButton' is clicked on

2021-12-19 14:29:01 - [MESSAGE][PASSED] - Object: 'Object Repository/Page_PSTO webMessenger - Zalogowano/img_Leszek Kowalski_sendButton' is clicked on

2021-12-19 14:29:01 - [TEST_STEP][PASSED] - setText(findTestObject("Page_PSTO webMessenger - Zalogowano/input_Leszek Kowalski_messageInput"), "e"): Text 'e' is set on object 'Object Repository/Page_PSTO webMessenger - Zalogowano/input_Leszek Kowalski_messageInput'

2021-12-19 14:29:02 - [MESSAGE][PASSED] - Text 'e' is set on object 'Object Repository/Page_PSTO webMessenger - Zalogowano/input_Leszek Kowalski_messageInput'

2021-12-19 14:29:02 - [TEST_STEP][PASSED] - click(findTestObject("Page_PSTO webMessenger - Zalogowano/img_Leszek Kowalski_sendButton")): Object: 'Object Repository/Page_PSTO webMessenger - Zalogowano/img_Leszek Kowalski_sendButton' is clicked on

2021-12-19 14:29:02 - [MESSAGE][PASSED] - Object: 'Object Repository/Page_PSTO webMessenger - Zalogowano/img_Leszek Kowalski_sendButton' is clicked on

2021-12-19 14:29:02 - [TEST_STEP][PASSED] - setText(findTestObject("Page_PSTO webMessenger - Zalogowano/input_Leszek Kowalski_messageInput"), "e"): Text 'e' is set on object 'Object Repository/Page_PSTO webMessenger - Zalogowano/input_Leszek Kowalski_messageInput'

2021-12-19 14:29:03 - [MESSAGE][PASSED] - Text 'e' is set on object 'Object Repository/Page_PSTO webMessenger - Zalogowano/input_Leszek Kowalski_messageInput'

2021-12-19 14:29:03 - [TEST_STEP][PASSED] - click(findTestObject("Page_PSTO webMessenger - Zalogowano/img_Leszek Kowalski_sendButton")): Object: 'Object Repository/Page_PSTO webMessenger - Zalogowano/img_Leszek Kowalski_sendButton' is clicked on

2021-12-19 14:29:04 - [MESSAGE][PASSED] - Object: 'Object Repository/Page_PSTO webMessenger - Zalogowano/img_Leszek Kowalski_sendButton' is clicked on

2021-12-19 14:29:04 - [TEST_STEP][PASSED] - setText(findTestObject("Page_PSTO webMessenger - Zalogowano/input_Leszek Kowalski_messageInput"), "e"): Text 'e' is set on object 'Object Repository/Page_PSTO webMessenger - Zalogowano/input_Leszek Kowalski_messageInput'

2021-12-19 14:29:05 - [MESSAGE][PASSED] - Text 'e' is set on object 'Object Repository/Page_PSTO webMessenger - Zalogowano/input_Leszek Kowalski_messageInput'

2021-12-19 14:29:05 - [TEST_STEP][PASSED] - click(findTestObject("Page_PSTO webMessenger - Zalogowano/img_Leszek Kowalski_sendButton")): Object: 'Object Repository/Page_PSTO webMessenger - Zalogowano/img_Leszek Kowalski_sendButton' is clicked on

2021-12-19 14:29:05 - [MESSAGE][PASSED] - Object: 'Object Repository/Page_PSTO webMessenger - Zalogowano/img_Leszek Kowalski_sendButton' is clicked on

2021-12-19 14:29:05 - [TEST_STEP][PASSED] - setText(findTestObject("Page_PSTO webMessenger - Zalogowano/input_Leszek Kowalski_messageInput"), "e"): Text 'e' is set on object 'Object Repository/Page_PSTO webMessenger - Zalogowano/input_Leszek Kowalski_messageInput'

2021-12-19 14:29:06 - [MESSAGE][PASSED] - Text 'e' is set on object 'Object Repository/Page_PSTO webMessenger - Zalogowano/input_Leszek Kowalski_messageInput'

2021-12-19 14:29:06 - [TEST_STEP][PASSED] - click(findTestObject("Page_PSTO webMessenger - Zalogowano/img_Leszek Kowalski_sendButton")): Object: 'Object Repository/Page_PSTO webMessenger - Zalogowano/img_Leszek Kowalski_sendButton' is clicked on

2021-12-19 14:29:07 - [MESSAGE][PASSED] - Object: 'Object Repository/Page_PSTO webMessenger - Zalogowano/img_Leszek Kowalski_sendButton' is clicked on

2021-12-19 14:29:07 - [TEST_STEP][PASSED] - setText(findTestObject("Page_PSTO webMessenger - Zalogowano/input_Leszek Kowalski_messageInput"), "e"): Text 'e' is set on object 'Object Repository/Page_PSTO webMessenger - Zalogowano/input_Leszek Kowalski_messageInput'

2021-12-19 14:29:07 - [MESSAGE][PASSED] - Text 'e' is set on object 'Object Repository/Page_PSTO webMessenger - Zalogowano/input_Leszek Kowalski_messageInput'

2021-12-19 14:29:07 - [TEST_STEP][PASSED] - click(findTestObject("Page_PSTO webMessenger - Zalogowano/img_Leszek Kowalski_sendButton")): Object: 'Object Repository/Page_PSTO webMessenger - Zalogowano/img_Leszek Kowalski_sendButton' is clicked on

2021-12-19 14:29:08 - [MESSAGE][PASSED] - Object: 'Object Repository/Page_PSTO webMessenger - Zalogowano/img_Leszek Kowalski_sendButton' is clicked on

2021-12-19 14:29:08 - [TEST_STEP][PASSED] - setText(findTestObject("Page_PSTO webMessenger - Zalogowano/input_Leszek Kowalski_messageInput"), "e"): Text 'e' is set on object 'Object Repository/Page_PSTO webMessenger - Zalogowano/input_Leszek Kowalski_messageInput'

2021-12-19 14:29:09 - [MESSAGE][PASSED] - Text 'e' is set on object 'Object Repository/Page_PSTO webMessenger - Zalogowano/input_Leszek Kowalski_messageInput'

2021-12-19 14:29:09 - [TEST_STEP][PASSED] - click(findTestObject("Page_PSTO webMessenger - Zalogowano/img_Leszek Kowalski_sendButton")): Object: 'Object Repository/Page_PSTO webMessenger - Zalogowano/img_Leszek Kowalski_sendButton' is clicked on

2021-12-19 14:29:10 - [MESSAGE][PASSED] - Object: 'Object Repository/Page_PSTO webMessenger - Zalogowano/img_Leszek Kowalski_sendButton' is clicked on

2021-12-19 14:29:10 - [TEST_STEP][PASSED] - setText(findTestObject("Page_PSTO webMessenger - Zalogowano/input_Leszek Kowalski_messageInput"), "e"): Text 'e' is set on object 'Object Repository/Page_PSTO webMessenger - Zalogowano/input_Leszek Kowalski_messageInput'

2021-12-19 14:29:10 - [MESSAGE][PASSED] - Text 'e' is set on object 'Object Repository/Page_PSTO webMessenger - Zalogowano/input_Leszek Kowalski_messageInput'

2021-12-19 14:29:10 - [TEST_STEP][PASSED] - click(findTestObject("Page_PSTO webMessenger - Zalogowano/img_Leszek Kowalski_sendButton")): Object: 'Object Repository/Page_PSTO webMessenger - Zalogowano/img_Leszek Kowalski_sendButton' is clicked on

2021-12-19 14:29:11 - [MESSAGE][PASSED] - Object: 'Object Repository/Page_PSTO webMessenger - Zalogowano/img_Leszek Kowalski_sendButton' is clicked on

2021-12-19 14:29:11 - [TEST_STEP][PASSED] - setText(findTestObject("Page_PSTO webMessenger - Zalogowano/input_Leszek Kowalski_messageInput"), "e"): Text 'e' is set on object 'Object Repository/Page_PSTO webMessenger - Zalogowano/input_Leszek Kowalski_messageInput'

2021-12-19 14:29:12 - [MESSAGE][PASSED] - Text 'e' is set on object 'Object Repository/Page_PSTO webMessenger - Zalogowano/input_Leszek Kowalski_messageInput'

2021-12-19 14:29:12 - [TEST_STEP][PASSED] - click(findTestObject("Page_PSTO webMessenger - Zalogowano/img_Leszek Kowalski_sendButton")): Object: 'Object Repository/Page_PSTO webMessenger - Zalogowano/img_Leszek Kowalski_sendButton' is clicked on

2021-12-19 14:29:12 - [MESSAGE][PASSED] - Object: 'Object Repository/Page_PSTO webMessenger - Zalogowano/img_Leszek Kowalski_sendButton' is clicked on

2021-12-19 14:29:12 - [TEST_STEP][PASSED] - setText(findTestObject("Page_PSTO webMessenger - Zalogowano/input_Leszek Kowalski_messageInput"), "e"): Text 'e' is set on object 'Object Repository/Page_PSTO webMessenger - Zalogowano/input_Leszek Kowalski_messageInput'

2021-12-19 14:29:13 - [MESSAGE][PASSED] - Text 'e' is set on object 'Object Repository/Page_PSTO webMessenger - Zalogowano/input_Leszek Kowalski_messageInput'

2021-12-19 14:29:13 - [TEST_STEP][PASSED] - click(findTestObject("Page_PSTO webMessenger - Zalogowano/img_Leszek Kowalski_sendButton")): Object: 'Object Repository/Page_PSTO webMessenger - Zalogowano/img_Leszek Kowalski_sendButton' is clicked on

2021-12-19 14:29:14 - [MESSAGE][PASSED] - Object: 'Object Repository/Page_PSTO webMessenger - Zalogowano/img_Leszek Kowalski_sendButton' is clicked on

2021-12-19 14:29:14 - [TEST_STEP][PASSED] - setText(findTestObject("Page_PSTO webMessenger - Zalogowano/input_Leszek Kowalski_messageInput"), "e"): Text 'e' is set on object 'Object Repository/Page_PSTO webMessenger - Zalogowano/input_Leszek Kowalski_messageInput'

2021-12-19 14:29:15 - [MESSAGE][PASSED] - Text 'e' is set on object 'Object Repository/Page_PSTO webMessenger - Zalogowano/input_Leszek Kowalski_messageInput'

2021-12-19 14:29:15 - [TEST_STEP][PASSED] - click(findTestObject("Page_PSTO webMessenger - Zalogowano/img_Leszek Kowalski_sendButton")): Object: 'Object Repository/Page_PSTO webMessenger - Zalogowano/img_Leszek Kowalski_sendButton' is clicked on

2021-12-19 14:29:15 - [MESSAGE][PASSED] - Object: 'Object Repository/Page_PSTO webMessenger - Zalogowano/img_Leszek Kowalski_sendButton' is clicked on

2021-12-19 14:29:15 - [TEST_STEP][PASSED] - setText(findTestObject("Page_PSTO webMessenger - Zalogowano/input_Leszek Kowalski_messageInput"), "e"): Text 'e' is set on object 'Object Repository/Page_PSTO webMessenger - Zalogowano/input_Leszek Kowalski_messageInput'

2021-12-19 14:29:16 - [MESSAGE][PASSED] - Text 'e' is set on object 'Object Repository/Page_PSTO webMessenger - Zalogowano/input_Leszek Kowalski_messageInput'

2021-12-19 14:29:16 - [TEST_STEP][PASSED] - click(findTestObject("Page_PSTO webMessenger - Zalogowano/img_Leszek Kowalski_sendButton")): Object: 'Object Repository/Page_PSTO webMessenger - Zalogowano/img_Leszek Kowalski_sendButton' is clicked on

2021-12-19 14:29:17 - [MESSAGE][PASSED] - Object: 'Object Repository/Page_PSTO webMessenger - Zalogowano/img_Leszek Kowalski_sendButton' is clicked on

2021-12-19 14:29:17 - [TEST_STEP][PASSED] - setText(findTestObject("Page_PSTO webMessenger - Zalogowano/input_Leszek Kowalski_messageInput"), "e"): Text 'e' is set on object 'Object Repository/Page_PSTO webMessenger - Zalogowano/input_Leszek Kowalski_messageInput'

2021-12-19 14:29:17 - [MESSAGE][PASSED] - Text 'e' is set on object 'Object Repository/Page_PSTO webMessenger - Zalogowano/input_Leszek Kowalski_messageInput'

2021-12-19 14:29:17 - [TEST_STEP][PASSED] - click(findTestObject("Page_PSTO webMessenger - Zalogowano/img_Leszek Kowalski_sendButton")): Object: 'Object Repository/Page_PSTO webMessenger - Zalogowano/img_Leszek Kowalski_sendButton' is clicked on

2021-12-19 14:29:18 - [MESSAGE][PASSED] - Object: 'Object Repository/Page_PSTO webMessenger - Zalogowano/img_Leszek Kowalski_sendButton' is clicked on

2021-12-19 14:29:18 - [TEST_STEP][PASSED] - setText(findTestObject("Page_PSTO webMessenger - Zalogowano/input_Leszek Kowalski_messageInput"), "e"): Text 'e' is set on object 'Object Repository/Page_PSTO webMessenger - Zalogowano/input_Leszek Kowalski_messageInput'

2021-12-19 14:29:19 - [MESSAGE][PASSED] - Text 'e' is set on object 'Object Repository/Page_PSTO webMessenger - Zalogowano/input_Leszek Kowalski_messageInput'

2021-12-19 14:29:19 - [TEST_STEP][PASSED] - click(findTestObject("Page_PSTO webMessenger - Zalogowano/img_Leszek Kowalski_sendButton")): Object: 'Object Repository/Page_PSTO webMessenger - Zalogowano/img_Leszek Kowalski_sendButton' is clicked on

2021-12-19 14:29:20 - [MESSAGE][PASSED] - Object: 'Object Repository/Page_PSTO webMessenger - Zalogowano/img_Leszek Kowalski_sendButton' is clicked on

2021-12-19 14:29:20 - [TEST_STEP][PASSED] - setText(findTestObject("Page_PSTO webMessenger - Zalogowano/input_Leszek Kowalski_messageInput"), "e"): Text 'e' is set on object 'Object Repository/Page_PSTO webMessenger - Zalogowano/input_Leszek Kowalski_messageInput'

2021-12-19 14:29:20 - [MESSAGE][PASSED] - Text 'e' is set on object 'Object Repository/Page_PSTO webMessenger - Zalogowano/input_Leszek Kowalski_messageInput'

2021-12-19 14:29:20 - [TEST_STEP][PASSED] - click(findTestObject("Page_PSTO webMessenger - Zalogowano/img_Leszek Kowalski_sendButton")): Object: 'Object Repository/Page_PSTO webMessenger - Zalogowano/img_Leszek Kowalski_sendButton' is clicked on

2021-12-19 14:29:21 - [MESSAGE][PASSED] - Object: 'Object Repository/Page_PSTO webMessenger - Zalogowano/img_Leszek Kowalski_sendButton' is clicked on

2021-12-19 14:29:21 - [TEST_STEP][PASSED] - setText(findTestObject("Page_PSTO webMessenger - Zalogowano/input_Leszek Kowalski_messageInput"), "e"): Text 'e' is set on object 'Object Repository/Page_PSTO webMessenger - Zalogowano/input_Leszek Kowalski_messageInput'

2021-12-19 14:29:22 - [MESSAGE][PASSED] - Text 'e' is set on object 'Object Repository/Page_PSTO webMessenger - Zalogowano/input_Leszek Kowalski_messageInput'

2021-12-19 14:29:22 - [TEST_STEP][PASSED] - click(findTestObject("Page_PSTO webMessenger - Zalogowano/img_Leszek Kowalski_sendButton")): Object: 'Object Repository/Page_PSTO webMessenger - Zalogowano/img_Leszek Kowalski_sendButton' is clicked on

2021-12-19 14:29:22 - [MESSAGE][PASSED] - Object: 'Object Repository/Page_PSTO webMessenger - Zalogowano/img_Leszek Kowalski_sendButton' is clicked on

2021-12-19 14:29:22 - [TEST_STEP][PASSED] - setText(findTestObject("Page_PSTO webMessenger - Zalogowano/input_Leszek Kowalski_messageInput"), "e"): Text 'e' is set on object 'Object Repository/Page_PSTO webMessenger - Zalogowano/input_Leszek Kowalski_messageInput'

2021-12-19 14:29:23 - [MESSAGE][PASSED] - Text 'e' is set on object 'Object Repository/Page_PSTO webMessenger - Zalogowano/input_Leszek Kowalski_messageInput'

2021-12-19 14:29:23 - [TEST_STEP][PASSED] - click(findTestObject("Page_PSTO webMessenger - Zalogowano/img_Leszek Kowalski_sendButton")): Object: 'Object Repository/Page_PSTO webMessenger - Zalogowano/img_Leszek Kowalski_sendButton' is clicked on

2021-12-19 14:29:24 - [MESSAGE][PASSED] - Object: 'Object Repository/Page_PSTO webMessenger - Zalogowano/img_Leszek Kowalski_sendButton' is clicked on

2021-12-19 14:29:24 - [TEST_STEP][PASSED] - setText(findTestObject("Page_PSTO webMessenger - Zalogowano/input_Leszek Kowalski_messageInput"), "e"): Text 'e' is set on object 'Object Repository/Page_PSTO webMessenger - Zalogowano/input_Leszek Kowalski_messageInput'

2021-12-19 14:29:25 - [MESSAGE][PASSED] - Text 'e' is set on object 'Object Repository/Page_PSTO webMessenger - Zalogowano/input_Leszek Kowalski_messageInput'

2021-12-19 14:29:25 - [TEST_STEP][PASSED] - click(findTestObject("Page_PSTO webMessenger - Zalogowano/img_Leszek Kowalski_sendButton")): Object: 'Object Repository/Page_PSTO webMessenger - Zalogowano/img_Leszek Kowalski_sendButton' is clicked on

2021-12-19 14:29:25 - [MESSAGE][PASSED] - Object: 'Object Repository/Page_PSTO webMessenger - Zalogowano/img_Leszek Kowalski_sendButton' is clicked on

2021-12-19 14:29:25 - [TEST_STEP][PASSED] - setText(findTestObject("Page_PSTO webMessenger - Zalogowano/input_Leszek Kowalski_messageInput"), "e"): Text 'e' is set on object 'Object Repository/Page_PSTO webMessenger - Zalogowano/input_Leszek Kowalski_messageInput'

2021-12-19 14:29:26 - [MESSAGE][PASSED] - Text 'e' is set on object 'Object Repository/Page_PSTO webMessenger - Zalogowano/input_Leszek Kowalski_messageInput'

2021-12-19 14:29:26 - [TEST_STEP][PASSED] - click(findTestObject("Page_PSTO webMessenger - Zalogowano/img_Leszek Kowalski_sendButton")): Object: 'Object Repository/Page_PSTO webMessenger - Zalogowano/img_Leszek Kowalski_sendButton' is clicked on

2021-12-19 14:29:27 - [MESSAGE][PASSED] - Object: 'Object Repository/Page_PSTO webMessenger - Zalogowano/img_Leszek Kowalski_sendButton' is clicked on

2021-12-19 14:29:27 - [TEST_STEP][PASSED] - setText(findTestObject("Page_PSTO webMessenger - Zalogowano/input_Leszek Kowalski_messageInput"), "e"): Text 'e' is set on object 'Object Repository/Page_PSTO webMessenger - Zalogowano/input_Leszek Kowalski_messageInput'

2021-12-19 14:29:27 - [MESSAGE][PASSED] - Text 'e' is set on object 'Object Repository/Page_PSTO webMessenger - Zalogowano/input_Leszek Kowalski_messageInput'

2021-12-19 14:29:27 - [TEST_STEP][PASSED] - click(findTestObject("Page_PSTO webMessenger - Zalogowano/img_Leszek Kowalski_sendButton")): Object: 'Object Repository/Page_PSTO webMessenger - Zalogowano/img_Leszek Kowalski_sendButton' is clicked on

2021-12-19 14:29:28 - [MESSAGE][PASSED] - Object: 'Object Repository/Page_PSTO webMessenger - Zalogowano/img_Leszek Kowalski_sendButton' is clicked on

2021-12-19 14:29:28 - [TEST_STEP][PASSED] - setText(findTestObject("Page_PSTO webMessenger - Zalogowano/input_Leszek Kowalski_messageInput"), "e"): Text 'e' is set on object 'Object Repository/Page_PSTO webMessenger - Zalogowano/input_Leszek Kowalski_messageInput'

2021-12-19 14:29:29 - [MESSAGE][PASSED] - Text 'e' is set on object 'Object Repository/Page_PSTO webMessenger - Zalogowano/input_Leszek Kowalski_messageInput'

2021-12-19 14:29:29 - [TEST_STEP][PASSED] - click(findTestObject("Page_PSTO webMessenger - Zalogowano/img_Leszek Kowalski_sendButton")): Object: 'Object Repository/Page_PSTO webMessenger - Zalogowano/img_Leszek Kowalski_sendButton' is clicked on

2021-12-19 14:29:30 - [MESSAGE][PASSED] - Object: 'Object Repository/Page_PSTO webMessenger - Zalogowano/img_Leszek Kowalski_sendButton' is clicked on

2021-12-19 14:29:30 - [TEST_STEP][PASSED] - setText(findTestObject("Page_PSTO webMessenger - Zalogowano/input_Leszek Kowalski_messageInput"), "e"): Text 'e' is set on object 'Object Repository/Page_PSTO webMessenger - Zalogowano/input_Leszek Kowalski_messageInput'

2021-12-19 14:29:30 - [MESSAGE][PASSED] - Text 'e' is set on object 'Object Repository/Page_PSTO webMessenger - Zalogowano/input_Leszek Kowalski_messageInput'

2021-12-19 14:29:30 - [TEST_STEP][PASSED] - click(findTestObject("Page_PSTO webMessenger - Zalogowano/img_Leszek Kowalski_sendButton")): Object: 'Object Repository/Page_PSTO webMessenger - Zalogowano/img_Leszek Kowalski_sendButton' is clicked on

2021-12-19 14:29:31 - [MESSAGE][PASSED] - Object: 'Object Repository/Page_PSTO webMessenger - Zalogowano/img_Leszek Kowalski_sendButton' is clicked on

2021-12-19 14:29:31 - [TEST_STEP][PASSED] - setText(findTestObject("Page_PSTO webMessenger - Zalogowano/input_Leszek Kowalski_messageInput"), "e"): Text 'e' is set on object 'Object Repository/Page_PSTO webMessenger - Zalogowano/input_Leszek Kowalski_messageInput'

2021-12-19 14:29:32 - [MESSAGE][PASSED] - Text 'e' is set on object 'Object Repository/Page_PSTO webMessenger - Zalogowano/input_Leszek Kowalski_messageInput'

2021-12-19 14:29:32 - [TEST_STEP][PASSED] - click(findTestObject("Page_PSTO webMessenger - Zalogowano/img_Leszek Kowalski_sendButton")): Object: 'Object Repository/Page_PSTO webMessenger - Zalogowano/img_Leszek Kowalski_sendButton' is clicked on

2021-12-19 14:29:32 - [MESSAGE][PASSED] - Object: 'Object Repository/Page_PSTO webMessenger - Zalogowano/img_Leszek Kowalski_sendButton' is clicked on

2021-12-19 14:29:32 - [TEST_STEP][PASSED] - setText(findTestObject("Page_PSTO webMessenger - Zalogowano/input_Leszek Kowalski_messageInput"), "e"): Text 'e' is set on object 'Object Repository/Page_PSTO webMessenger - Zalogowano/input_Leszek Kowalski_messageInput'

2021-12-19 14:29:33 - [MESSAGE][PASSED] - Text 'e' is set on object 'Object Repository/Page_PSTO webMessenger - Zalogowano/input_Leszek Kowalski_messageInput'

2021-12-19 14:29:33 - [TEST_STEP][PASSED] - click(findTestObject("Page_PSTO webMessenger - Zalogowano/img_Leszek Kowalski_sendButton")): Object: 'Object Repository/Page_PSTO webMessenger - Zalogowano/img_Leszek Kowalski_sendButton' is clicked on

2021-12-19 14:29:34 - [MESSAGE][PASSED] - Object: 'Object Repository/Page_PSTO webMessenger - Zalogowano/img_Leszek Kowalski_sendButton' is clicked on

2021-12-19 14:29:34 - [TEST_STEP][PASSED] - setText(findTestObject("Page_PSTO webMessenger - Zalogowano/input_Leszek Kowalski_messageInput"), "e"): Text 'e' is set on object 'Object Repository/Page_PSTO webMessenger - Zalogowano/input_Leszek Kowalski_messageInput'

2021-12-19 14:29:35 - [MESSAGE][PASSED] - Text 'e' is set on object 'Object Repository/Page_PSTO webMessenger - Zalogowano/input_Leszek Kowalski_messageInput'

2021-12-19 14:29:35 - [TEST_STEP][PASSED] - click(findTestObject("Page_PSTO webMessenger - Zalogowano/img_Leszek Kowalski_sendButton")): Object: 'Object Repository/Page_PSTO webMessenger - Zalogowano/img_Leszek Kowalski_sendButton' is clicked on

2021-12-19 14:29:35 - [MESSAGE][PASSED] - Object: 'Object Repository/Page_PSTO webMessenger - Zalogowano/img_Leszek Kowalski_sendButton' is clicked on

2021-12-19 14:29:35 - [TEST_STEP][PASSED] - setText(findTestObject("Page_PSTO webMessenger - Zalogowano/input_Leszek Kowalski_messageInput"), "e"): Text 'e' is set on object 'Object Repository/Page_PSTO webMessenger - Zalogowano/input_Leszek Kowalski_messageInput'

2021-12-19 14:29:36 - [MESSAGE][PASSED] - Text 'e' is set on object 'Object Repository/Page_PSTO webMessenger - Zalogowano/input_Leszek Kowalski_messageInput'

2021-12-19 14:29:36 - [TEST_STEP][PASSED] - click(findTestObject("Page_PSTO webMessenger - Zalogowano/img_Leszek Kowalski_sendButton")): Object: 'Object Repository/Page_PSTO webMessenger - Zalogowano/img_Leszek Kowalski_sendButton' is clicked on

2021-12-19 14:29:37 - [MESSAGE][PASSED] - Object: 'Object Repository/Page_PSTO webMessenger - Zalogowano/img_Leszek Kowalski_sendButton' is clicked on

2021-12-19 14:29:37 - [TEST_STEP][PASSED] - setText(findTestObject("Page_PSTO webMessenger - Zalogowano/input_Leszek Kowalski_messageInput"), "e"): Text 'e' is set on object 'Object Repository/Page_PSTO webMessenger - Zalogowano/input_Leszek Kowalski_messageInput'

2021-12-19 14:29:37 - [MESSAGE][PASSED] - Text 'e' is set on object 'Object Repository/Page_PSTO webMessenger - Zalogowano/input_Leszek Kowalski_messageInput'

2021-12-19 14:29:37 - [TEST_STEP][PASSED] - click(findTestObject("Page_PSTO webMessenger - Zalogowano/img_Leszek Kowalski_sendButton")): Object: 'Object Repository/Page_PSTO webMessenger - Zalogowano/img_Leszek Kowalski_sendButton' is clicked on

2021-12-19 14:29:38 - [MESSAGE][PASSED] - Object: 'Object Repository/Page_PSTO webMessenger - Zalogowano/img_Leszek Kowalski_sendButton' is clicked on

2021-12-19 14:29:38 - [TEST_STEP][PASSED] - setText(findTestObject("Page_PSTO webMessenger - Zalogowano/input_Leszek Kowalski_messageInput"), "e"): Text 'e' is set on object 'Object Repository/Page_PSTO webMessenger - Zalogowano/input_Leszek Kowalski_messageInput'

2021-12-19 14:29:39 - [MESSAGE][PASSED] - Text 'e' is set on object 'Object Repository/Page_PSTO webMessenger - Zalogowano/input_Leszek Kowalski_messageInput'

2021-12-19 14:29:39 - [TEST_STEP][PASSED] - click(findTestObject("Page_PSTO webMessenger - Zalogowano/img_Leszek Kowalski_sendButton")): Object: 'Object Repository/Page_PSTO webMessenger - Zalogowano/img_Leszek Kowalski_sendButton' is clicked on

2021-12-19 14:29:40 - [MESSAGE][PASSED] - Object: 'Object Repository/Page_PSTO webMessenger - Zalogowano/img_Leszek Kowalski_sendButton' is clicked on

2021-12-19 14:29:40 - [TEST_STEP][PASSED] - setText(findTestObject("Page_PSTO webMessenger - Zalogowano/input_Leszek Kowalski_messageInput"), "e"): Text 'e' is set on object 'Object Repository/Page_PSTO webMessenger - Zalogowano/input_Leszek Kowalski_messageInput'

2021-12-19 14:29:40 - [MESSAGE][PASSED] - Text 'e' is set on object 'Object Repository/Page_PSTO webMessenger - Zalogowano/input_Leszek Kowalski_messageInput'

2021-12-19 14:29:40 - [TEST_STEP][PASSED] - click(findTestObject("Page_PSTO webMessenger - Zalogowano/img_Leszek Kowalski_sendButton")): Object: 'Object Repository/Page_PSTO webMessenger - Zalogowano/img_Leszek Kowalski_sendButton' is clicked on

2021-12-19 14:29:41 - [MESSAGE][PASSED] - Object: 'Object Repository/Page_PSTO webMessenger - Zalogowano/img_Leszek Kowalski_sendButton' is clicked on

2021-12-19 14:29:41 - [TEST_STEP][PASSED] - setText(findTestObject("Page_PSTO webMessenger - Zalogowano/input_Leszek Kowalski_messageInput"), "e"): Text 'e' is set on object 'Object Repository/Page_PSTO webMessenger - Zalogowano/input_Leszek Kowalski_messageInput'

2021-12-19 14:29:42 - [MESSAGE][PASSED] - Text 'e' is set on object 'Object Repository/Page_PSTO webMessenger - Zalogowano/input_Leszek Kowalski_messageInput'

2021-12-19 14:29:42 - [TEST_STEP][PASSED] - click(findTestObject("Page_PSTO webMessenger - Zalogowano/img_Leszek Kowalski_sendButton")): Object: 'Object Repository/Page_PSTO webMessenger - Zalogowano/img_Leszek Kowalski_sendButton' is clicked on

2021-12-19 14:29:42 - [MESSAGE][PASSED] - Object: 'Object Repository/Page_PSTO webMessenger - Zalogowano/img_Leszek Kowalski_sendButton' is clicked on

2021-12-19 14:29:42 - [TEST_STEP][PASSED] - setText(findTestObject("Page_PSTO webMessenger - Zalogowano/input_Leszek Kowalski_messageInput"), "e"): Text 'e' is set on object 'Object Repository/Page_PSTO webMessenger - Zalogowano/input_Leszek Kowalski_messageInput'

2021-12-19 14:29:43 - [MESSAGE][PASSED] - Text 'e' is set on object 'Object Repository/Page_PSTO webMessenger - Zalogowano/input_Leszek Kowalski_messageInput'

2021-12-19 14:29:43 - [TEST_STEP][PASSED] - click(findTestObject("Page_PSTO webMessenger - Zalogowano/img_Leszek Kowalski_sendButton")): Object: 'Object Repository/Page_PSTO webMessenger - Zalogowano/img_Leszek Kowalski_sendButton' is clicked on

2021-12-19 14:29:44 - [MESSAGE][PASSED] - Object: 'Object Repository/Page_PSTO webMessenger - Zalogowano/img_Leszek Kowalski_sendButton' is clicked on

2021-12-19 14:29:44 - [TEST_STEP][PASSED] - setText(findTestObject("Page_PSTO webMessenger - Zalogowano/input_Leszek Kowalski_messageInput"), "e"): Text 'e' is set on object 'Object Repository/Page_PSTO webMessenger - Zalogowano/input_Leszek Kowalski_messageInput'

2021-12-19 14:29:45 - [MESSAGE][PASSED] - Text 'e' is set on object 'Object Repository/Page_PSTO webMessenger - Zalogowano/input_Leszek Kowalski_messageInput'

2021-12-19 14:29:45 - [TEST_STEP][PASSED] - click(findTestObject("Page_PSTO webMessenger - Zalogowano/img_Leszek Kowalski_sendButton")): Object: 'Object Repository/Page_PSTO webMessenger - Zalogowano/img_Leszek Kowalski_sendButton' is clicked on

2021-12-19 14:29:45 - [MESSAGE][PASSED] - Object: 'Object Repository/Page_PSTO webMessenger - Zalogowano/img_Leszek Kowalski_sendButton' is clicked on

2021-12-19 14:29:45 - [TEST_STEP][PASSED] - setText(findTestObject("Page_PSTO webMessenger - Zalogowano/input_Leszek Kowalski_messageInput"), "e"): Text 'e' is set on object 'Object Repository/Page_PSTO webMessenger - Zalogowano/input_Leszek Kowalski_messageInput'

2021-12-19 14:29:46 - [MESSAGE][PASSED] - Text 'e' is set on object 'Object Repository/Page_PSTO webMessenger - Zalogowano/input_Leszek Kowalski_messageInput'

2021-12-19 14:29:46 - [TEST_STEP][PASSED] - click(findTestObject("Page_PSTO webMessenger - Zalogowano/img_Leszek Kowalski_sendButton")): Object: 'Object Repository/Page_PSTO webMessenger - Zalogowano/img_Leszek Kowalski_sendButton' is clicked on

2021-12-19 14:29:47 - [MESSAGE][PASSED] - Object: 'Object Repository/Page_PSTO webMessenger - Zalogowano/img_Leszek Kowalski_sendButton' is clicked on

2021-12-19 14:29:47 - [TEST_STEP][PASSED] - setText(findTestObject("Page_PSTO webMessenger - Zalogowano/input_Leszek Kowalski_messageInput"), "e"): Text 'e' is set on object 'Object Repository/Page_PSTO webMessenger - Zalogowano/input_Leszek Kowalski_messageInput'

2021-12-19 14:29:47 - [MESSAGE][PASSED] - Text 'e' is set on object 'Object Repository/Page_PSTO webMessenger - Zalogowano/input_Leszek Kowalski_messageInput'

2021-12-19 14:29:47 - [TEST_STEP][PASSED] - click(findTestObject("Page_PSTO webMessenger - Zalogowano/img_Leszek Kowalski_sendButton")): Object: 'Object Repository/Page_PSTO webMessenger - Zalogowano/img_Leszek Kowalski_sendButton' is clicked on

2021-12-19 14:29:48 - [MESSAGE][PASSED] - Object: 'Object Repository/Page_PSTO webMessenger - Zalogowano/img_Leszek Kowalski_sendButton' is clicked on

2021-12-19 14:29:48 - [TEST_STEP][PASSED] - setText(findTestObject("Page_PSTO webMessenger - Zalogowano/input_Leszek Kowalski_messageInput"), "e"): Text 'e' is set on object 'Object Repository/Page_PSTO webMessenger - Zalogowano/input_Leszek Kowalski_messageInput'

2021-12-19 14:29:49 - [MESSAGE][PASSED] - Text 'e' is set on object 'Object Repository/Page_PSTO webMessenger - Zalogowano/input_Leszek Kowalski_messageInput'

2021-12-19 14:29:49 - [TEST_STEP][PASSED] - click(findTestObject("Page_PSTO webMessenger - Zalogowano/img_Leszek Kowalski_sendButton")): Object: 'Object Repository/Page_PSTO webMessenger - Zalogowano/img_Leszek Kowalski_sendButton' is clicked on

2021-12-19 14:29:50 - [MESSAGE][PASSED] - Object: 'Object Repository/Page_PSTO webMessenger - Zalogowano/img_Leszek Kowalski_sendButton' is clicked on

2021-12-19 14:29:50 - [TEST_STEP][PASSED] - setText(findTestObject("Page_PSTO webMessenger - Zalogowano/input_Leszek Kowalski_messageInput"), "e"): Text 'e' is set on object 'Object Repository/Page_PSTO webMessenger - Zalogowano/input_Leszek Kowalski_messageInput'

2021-12-19 14:29:50 - [MESSAGE][PASSED] - Text 'e' is set on object 'Object Repository/Page_PSTO webMessenger - Zalogowano/input_Leszek Kowalski_messageInput'

2021-12-19 14:29:50 - [TEST_STEP][PASSED] - click(findTestObject("Page_PSTO webMessenger - Zalogowano/img_Leszek Kowalski_sendButton")): Object: 'Object Repository/Page_PSTO webMessenger - Zalogowano/img_Leszek Kowalski_sendButton' is clicked on

2021-12-19 14:29:51 - [MESSAGE][PASSED] - Object: 'Object Repository/Page_PSTO webMessenger - Zalogowano/img_Leszek Kowalski_sendButton' is clicked on

2021-12-19 14:29:51 - [TEST_STEP][PASSED] - setText(findTestObject("Page_PSTO webMessenger - Zalogowano/input_Leszek Kowalski_messageInput"), "e"): Text 'e' is set on object 'Object Repository/Page_PSTO webMessenger - Zalogowano/input_Leszek Kowalski_messageInput'

2021-12-19 14:29:52 - [MESSAGE][PASSED] - Text 'e' is set on object 'Object Repository/Page_PSTO webMessenger - Zalogowano/input_Leszek Kowalski_messageInput'

2021-12-19 14:29:52 - [TEST_STEP][PASSED] - click(findTestObject("Page_PSTO webMessenger - Zalogowano/img_Leszek Kowalski_sendButton")): Object: 'Object Repository/Page_PSTO webMessenger - Zalogowano/img_Leszek Kowalski_sendButton' is clicked on

2021-12-19 14:29:52 - [MESSAGE][PASSED] - Object: 'Object Repository/Page_PSTO webMessenger - Zalogowano/img_Leszek Kowalski_sendButton' is clicked on

2021-12-19 14:29:52 - [TEST_STEP][PASSED] - setText(findTestObject("Page_PSTO webMessenger - Zalogowano/input_Leszek Kowalski_messageInput"), "e"): Text 'e' is set on object 'Object Repository/Page_PSTO webMessenger - Zalogowano/input_Leszek Kowalski_messageInput'

2021-12-19 14:29:53 - [MESSAGE][PASSED] - Text 'e' is set on object 'Object Repository/Page_PSTO webMessenger - Zalogowano/input_Leszek Kowalski_messageInput'

2021-12-19 14:29:53 - [TEST_STEP][PASSED] - click(findTestObject("Page_PSTO webMessenger - Zalogowano/img_Leszek Kowalski_sendButton")): Object: 'Object Repository/Page_PSTO webMessenger - Zalogowano/img_Leszek Kowalski_sendButton' is clicked on

2021-12-19 14:29:54 - [MESSAGE][PASSED] - Object: 'Object Repository/Page_PSTO webMessenger - Zalogowano/img_Leszek Kowalski_sendButton' is clicked on

2021-12-19 14:29:54 - [TEST_STEP][PASSED] - setText(findTestObject("Page_PSTO webMessenger - Zalogowano/input_Leszek Kowalski_messageInput"), "e"): Text 'e' is set on object 'Object Repository/Page_PSTO webMessenger - Zalogowano/input_Leszek Kowalski_messageInput'

2021-12-19 14:29:55 - [MESSAGE][PASSED] - Text 'e' is set on object 'Object Repository/Page_PSTO webMessenger - Zalogowano/input_Leszek Kowalski_messageInput'

2021-12-19 14:29:55 - [TEST_STEP][PASSED] - click(findTestObject("Page_PSTO webMessenger - Zalogowano/img_Leszek Kowalski_sendButton")): Object: 'Object Repository/Page_PSTO webMessenger - Zalogowano/img_Leszek Kowalski_sendButton' is clicked on

2021-12-19 14:29:55 - [MESSAGE][PASSED] - Object: 'Object Repository/Page_PSTO webMessenger - Zalogowano/img_Leszek Kowalski_sendButton' is clicked on

2021-12-19 14:29:55 - [TEST_STEP][PASSED] - setText(findTestObject("Page_PSTO webMessenger - Zalogowano/input_Leszek Kowalski_messageInput"), "e"): Text 'e' is set on object 'Object Repository/Page_PSTO webMessenger - Zalogowano/input_Leszek Kowalski_messageInput'

2021-12-19 14:29:56 - [MESSAGE][PASSED] - Text 'e' is set on object 'Object Repository/Page_PSTO webMessenger - Zalogowano/input_Leszek Kowalski_messageInput'

2021-12-19 14:29:56 - [TEST_STEP][PASSED] - click(findTestObject("Page_PSTO webMessenger - Zalogowano/img_Leszek Kowalski_sendButton")): Object: 'Object Repository/Page_PSTO webMessenger - Zalogowano/img_Leszek Kowalski_sendButton' is clicked on

2021-12-19 14:29:57 - [MESSAGE][PASSED] - Object: 'Object Repository/Page_PSTO webMessenger - Zalogowano/img_Leszek Kowalski_sendButton' is clicked on

2021-12-19 14:29:57 - [TEST_STEP][PASSED] - setText(findTestObject("Page_PSTO webMessenger - Zalogowano/input_Leszek Kowalski_messageInput"), "e"): Text 'e' is set on object 'Object Repository/Page_PSTO webMessenger - Zalogowano/input_Leszek Kowalski_messageInput'

2021-12-19 14:29:57 - [MESSAGE][PASSED] - Text 'e' is set on object 'Object Repository/Page_PSTO webMessenger - Zalogowano/input_Leszek Kowalski_messageInput'

2021-12-19 14:29:57 - [TEST_STEP][PASSED] - click(findTestObject("Page_PSTO webMessenger - Zalogowano/img_Leszek Kowalski_sendButton")): Object: 'Object Repository/Page_PSTO webMessenger - Zalogowano/img_Leszek Kowalski_sendButton' is clicked on

2021-12-19 14:29:58 - [MESSAGE][PASSED] - Object: 'Object Repository/Page_PSTO webMessenger - Zalogowano/img_Leszek Kowalski_sendButton' is clicked on

2021-12-19 14:29:58 - [TEST_STEP][PASSED] - setText(findTestObject("Page_PSTO webMessenger - Zalogowano/input_Leszek Kowalski_messageInput"), "e"): Text 'e' is set on object 'Object Repository/Page_PSTO webMessenger - Zalogowano/input_Leszek Kowalski_messageInput'

2021-12-19 14:29:59 - [MESSAGE][PASSED] - Text 'e' is set on object 'Object Repository/Page_PSTO webMessenger - Zalogowano/input_Leszek Kowalski_messageInput'

2021-12-19 14:29:59 - [TEST_STEP][PASSED] - click(findTestObject("Page_PSTO webMessenger - Zalogowano/img_Leszek Kowalski_sendButton")): Object: 'Object Repository/Page_PSTO webMessenger - Zalogowano/img_Leszek Kowalski_sendButton' is clicked on

2021-12-19 14:30:00 - [MESSAGE][PASSED] - Object: 'Object Repository/Page_PSTO webMessenger - Zalogowano/img_Leszek Kowalski_sendButton' is clicked on

2021-12-19 14:30:00 - [TEST_STEP][PASSED] - setText(findTestObject("Page_PSTO webMessenger - Zalogowano/input_Leszek Kowalski_messageInput"), "e"): Text 'e' is set on object 'Object Repository/Page_PSTO webMessenger - Zalogowano/input_Leszek Kowalski_messageInput'

2021-12-19 14:30:00 - [MESSAGE][PASSED] - Text 'e' is set on object 'Object Repository/Page_PSTO webMessenger - Zalogowano/input_Leszek Kowalski_messageInput'

2021-12-19 14:30:00 - [TEST_STEP][PASSED] - click(findTestObject("Page_PSTO webMessenger - Zalogowano/img_Leszek Kowalski_sendButton")): Object: 'Object Repository/Page_PSTO webMessenger - Zalogowano/img_Leszek Kowalski_sendButton' is clicked on

2021-12-19 14:30:01 - [MESSAGE][PASSED] - Object: 'Object Repository/Page_PSTO webMessenger - Zalogowano/img_Leszek Kowalski_sendButton' is clicked on

2021-12-19 14:30:01 - [TEST_STEP][PASSED] - setText(findTestObject("Page_PSTO webMessenger - Zalogowano/input_Leszek Kowalski_messageInput"), "e"): Text 'e' is set on object 'Object Repository/Page_PSTO webMessenger - Zalogowano/input_Leszek Kowalski_messageInput'

2021-12-19 14:30:02 - [MESSAGE][PASSED] - Text 'e' is set on object 'Object Repository/Page_PSTO webMessenger - Zalogowano/input_Leszek Kowalski_messageInput'

2021-12-19 14:30:02 - [TEST_STEP][PASSED] - click(findTestObject("Page_PSTO webMessenger - Zalogowano/img_Leszek Kowalski_sendButton")): Object: 'Object Repository/Page_PSTO webMessenger - Zalogowano/img_Leszek Kowalski_sendButton' is clicked on

2021-12-19 14:30:02 - [MESSAGE][PASSED] - Object: 'Object Repository/Page_PSTO webMessenger - Zalogowano/img_Leszek Kowalski_sendButton' is clicked on

2021-12-19 14:30:02 - [TEST_STEP][PASSED] - setText(findTestObject("Page_PSTO webMessenger - Zalogowano/input_Leszek Kowalski_messageInput"), "e"): Text 'e' is set on object 'Object Repository/Page_PSTO webMessenger - Zalogowano/input_Leszek Kowalski_messageInput'

2021-12-19 14:30:03 - [MESSAGE][PASSED] - Text 'e' is set on object 'Object Repository/Page_PSTO webMessenger - Zalogowano/input_Leszek Kowalski_messageInput'

2021-12-19 14:30:03 - [TEST_STEP][PASSED] - click(findTestObject("Page_PSTO webMessenger - Zalogowano/img_Leszek Kowalski_sendButton")): Object: 'Object Repository/Page_PSTO webMessenger - Zalogowano/img_Leszek Kowalski_sendButton' is clicked on

2021-12-19 14:30:04 - [MESSAGE][PASSED] - Object: 'Object Repository/Page_PSTO webMessenger - Zalogowano/img_Leszek Kowalski_sendButton' is clicked on

2021-12-19 14:30:04 - [TEST_STEP][PASSED] - setText(findTestObject("Page_PSTO webMessenger - Zalogowano/input_Leszek Kowalski_messageInput"), "e"): Text 'e' is set on object 'Object Repository/Page_PSTO webMessenger - Zalogowano/input_Leszek Kowalski_messageInput'

2021-12-19 14:30:05 - [MESSAGE][PASSED] - Text 'e' is set on object 'Object Repository/Page_PSTO webMessenger - Zalogowano/input_Leszek Kowalski_messageInput'

2021-12-19 14:30:05 - [TEST_STEP][PASSED] - click(findTestObject("Page_PSTO webMessenger - Zalogowano/img_Leszek Kowalski_sendButton")): Object: 'Object Repository/Page_PSTO webMessenger - Zalogowano/img_Leszek Kowalski_sendButton' is clicked on

2021-12-19 14:30:05 - [MESSAGE][PASSED] - Object: 'Object Repository/Page_PSTO webMessenger - Zalogowano/img_Leszek Kowalski_sendButton' is clicked on

2021-12-19 14:30:05 - [TEST_STEP][PASSED] - setText(findTestObject("Page_PSTO webMessenger - Zalogowano/input_Leszek Kowalski_messageInput"), "e"): Text 'e' is set on object 'Object Repository/Page_PSTO webMessenger - Zalogowano/input_Leszek Kowalski_messageInput'

2021-12-19 14:30:06 - [MESSAGE][PASSED] - Text 'e' is set on object 'Object Repository/Page_PSTO webMessenger - Zalogowano/input_Leszek Kowalski_messageInput'

2021-12-19 14:30:06 - [TEST_STEP][PASSED] - click(findTestObject("Page_PSTO webMessenger - Zalogowano/img_Leszek Kowalski_sendButton")): Object: 'Object Repository/Page_PSTO webMessenger - Zalogowano/img_Leszek Kowalski_sendButton' is clicked on

2021-12-19 14:30:07 - [MESSAGE][PASSED] - Object: 'Object Repository/Page_PSTO webMessenger - Zalogowano/img_Leszek Kowalski_sendButton' is clicked on

2021-12-19 14:30:07 - [TEST_STEP][PASSED] - setText(findTestObject("Page_PSTO webMessenger - Zalogowano/input_Leszek Kowalski_messageInput"), "e"): Text 'e' is set on object 'Object Repository/Page_PSTO webMessenger - Zalogowano/input_Leszek Kowalski_messageInput'

2021-12-19 14:30:07 - [MESSAGE][PASSED] - Text 'e' is set on object 'Object Repository/Page_PSTO webMessenger - Zalogowano/input_Leszek Kowalski_messageInput'

2021-12-19 14:30:07 - [TEST_STEP][PASSED] - click(findTestObject("Page_PSTO webMessenger - Zalogowano/img_Leszek Kowalski_sendButton")): Object: 'Object Repository/Page_PSTO webMessenger - Zalogowano/img_Leszek Kowalski_sendButton' is clicked on

2021-12-19 14:30:08 - [MESSAGE][PASSED] - Object: 'Object Repository/Page_PSTO webMessenger - Zalogowano/img_Leszek Kowalski_sendButton' is clicked on

2021-12-19 14:30:08 - [TEST_STEP][PASSED] - setText(findTestObject("Page_PSTO webMessenger - Zalogowano/input_Leszek Kowalski_messageInput"), "e"): Text 'e' is set on object 'Object Repository/Page_PSTO webMessenger - Zalogowano/input_Leszek Kowalski_messageInput'

2021-12-19 14:30:09 - [MESSAGE][PASSED] - Text 'e' is set on object 'Object Repository/Page_PSTO webMessenger - Zalogowano/input_Leszek Kowalski_messageInput'

2021-12-19 14:30:09 - [TEST_STEP][PASSED] - click(findTestObject("Page_PSTO webMessenger - Zalogowano/img_Leszek Kowalski_sendButton")): Object: 'Object Repository/Page_PSTO webMessenger - Zalogowano/img_Leszek Kowalski_sendButton' is clicked on

2021-12-19 14:30:10 - [MESSAGE][PASSED] - Object: 'Object Repository/Page_PSTO webMessenger - Zalogowano/img_Leszek Kowalski_sendButton' is clicked on

2021-12-19 14:30:10 - [TEST_STEP][PASSED] - setText(findTestObject("Page_PSTO webMessenger - Zalogowano/input_Leszek Kowalski_messageInput"), "e"): Text 'e' is set on object 'Object Repository/Page_PSTO webMessenger - Zalogowano/input_Leszek Kowalski_messageInput'

2021-12-19 14:30:10 - [MESSAGE][PASSED] - Text 'e' is set on object 'Object Repository/Page_PSTO webMessenger - Zalogowano/input_Leszek Kowalski_messageInput'

2021-12-19 14:30:10 - [TEST_STEP][PASSED] - click(findTestObject("Page_PSTO webMessenger - Zalogowano/img_Leszek Kowalski_sendButton")): Object: 'Object Repository/Page_PSTO webMessenger - Zalogowano/img_Leszek Kowalski_sendButton' is clicked on

2021-12-19 14:30:11 - [MESSAGE][PASSED] - Object: 'Object Repository/Page_PSTO webMessenger - Zalogowano/img_Leszek Kowalski_sendButton' is clicked on

2021-12-19 14:30:11 - [TEST_STEP][PASSED] - setText(findTestObject("Page_PSTO webMessenger - Zalogowano/input_Leszek Kowalski_messageInput"), "e"): Text 'e' is set on object 'Object Repository/Page_PSTO webMessenger - Zalogowano/input_Leszek Kowalski_messageInput'

2021-12-19 14:30:12 - [MESSAGE][PASSED] - Text 'e' is set on object 'Object Repository/Page_PSTO webMessenger - Zalogowano/input_Leszek Kowalski_messageInput'

2021-12-19 14:30:12 - [TEST_STEP][PASSED] - click(findTestObject("Page_PSTO webMessenger - Zalogowano/img_Leszek Kowalski_sendButton")): Object: 'Object Repository/Page_PSTO webMessenger - Zalogowano/img_Leszek Kowalski_sendButton' is clicked on

2021-12-19 14:30:12 - [MESSAGE][PASSED] - Object: 'Object Repository/Page_PSTO webMessenger - Zalogowano/img_Leszek Kowalski_sendButton' is clicked on

2021-12-19 14:30:12 - [TEST_STEP][PASSED] - setText(findTestObject("Page_PSTO webMessenger - Zalogowano/input_Leszek Kowalski_messageInput"), "e"): Text 'e' is set on object 'Object Repository/Page_PSTO webMessenger - Zalogowano/input_Leszek Kowalski_messageInput'

2021-12-19 14:30:13 - [MESSAGE][PASSED] - Text 'e' is set on object 'Object Repository/Page_PSTO webMessenger - Zalogowano/input_Leszek Kowalski_messageInput'

2021-12-19 14:30:13 - [TEST_STEP][PASSED] - click(findTestObject("Page_PSTO webMessenger - Zalogowano/img_Leszek Kowalski_sendButton")): Object: 'Object Repository/Page_PSTO webMessenger - Zalogowano/img_Leszek Kowalski_sendButton' is clicked on

2021-12-19 14:30:14 - [MESSAGE][PASSED] - Object: 'Object Repository/Page_PSTO webMessenger - Zalogowano/img_Leszek Kowalski_sendButton' is clicked on

2021-12-19 14:30:14 - [TEST_STEP][PASSED] - setText(findTestObject("Page_PSTO webMessenger - Zalogowano/input_Leszek Kowalski_messageInput"), "e"): Text 'e' is set on object 'Object Repository/Page_PSTO webMessenger - Zalogowano/input_Leszek Kowalski_messageInput'

2021-12-19 14:30:15 - [MESSAGE][PASSED] - Text 'e' is set on object 'Object Repository/Page_PSTO webMessenger - Zalogowano/input_Leszek Kowalski_messageInput'

2021-12-19 14:30:15 - [TEST_STEP][PASSED] - click(findTestObject("Page_PSTO webMessenger - Zalogowano/img_Leszek Kowalski_sendButton")): Object: 'Object Repository/Page_PSTO webMessenger - Zalogowano/img_Leszek Kowalski_sendButton' is clicked on

2021-12-19 14:30:15 - [MESSAGE][PASSED] - Object: 'Object Repository/Page_PSTO webMessenger - Zalogowano/img_Leszek Kowalski_sendButton' is clicked on

2021-12-19 14:30:15 - [TEST_STEP][PASSED] - setText(findTestObject("Page_PSTO webMessenger - Zalogowano/input_Leszek Kowalski_messageInput"), "e"): Text 'e' is set on object 'Object Repository/Page_PSTO webMessenger - Zalogowano/input_Leszek Kowalski_messageInput'

2021-12-19 14:30:16 - [MESSAGE][PASSED] - Text 'e' is set on object 'Object Repository/Page_PSTO webMessenger - Zalogowano/input_Leszek Kowalski_messageInput'

2021-12-19 14:30:16 - [TEST_STEP][PASSED] - click(findTestObject("Page_PSTO webMessenger - Zalogowano/img_Leszek Kowalski_sendButton")): Object: 'Object Repository/Page_PSTO webMessenger - Zalogowano/img_Leszek Kowalski_sendButton' is clicked on

2021-12-19 14:30:17 - [MESSAGE][PASSED] - Object: 'Object Repository/Page_PSTO webMessenger - Zalogowano/img_Leszek Kowalski_sendButton' is clicked on

2021-12-19 14:30:17 - [TEST_STEP][PASSED] - setText(findTestObject("Page_PSTO webMessenger - Zalogowano/input_Leszek Kowalski_messageInput"), "e"): Text 'e' is set on object 'Object Repository/Page_PSTO webMessenger - Zalogowano/input_Leszek Kowalski_messageInput'

2021-12-19 14:30:17 - [MESSAGE][PASSED] - Text 'e' is set on object 'Object Repository/Page_PSTO webMessenger - Zalogowano/input_Leszek Kowalski_messageInput'

2021-12-19 14:30:17 - [TEST_STEP][PASSED] - click(findTestObject("Page_PSTO webMessenger - Zalogowano/img_Leszek Kowalski_sendButton")): Object: 'Object Repository/Page_PSTO webMessenger - Zalogowano/img_Leszek Kowalski_sendButton' is clicked on

2021-12-19 14:30:18 - [MESSAGE][PASSED] - Object: 'Object Repository/Page_PSTO webMessenger - Zalogowano/img_Leszek Kowalski_sendButton' is clicked on

2021-12-19 14:30:18 - [TEST_STEP][PASSED] - setText(findTestObject("Page_PSTO webMessenger - Zalogowano/input_Leszek Kowalski_messageInput"), "e"): Text 'e' is set on object 'Object Repository/Page_PSTO webMessenger - Zalogowano/input_Leszek Kowalski_messageInput'

2021-12-19 14:30:19 - [MESSAGE][PASSED] - Text 'e' is set on object 'Object Repository/Page_PSTO webMessenger - Zalogowano/input_Leszek Kowalski_messageInput'

2021-12-19 14:30:19 - [TEST_STEP][PASSED] - click(findTestObject("Page_PSTO webMessenger - Zalogowano/img_Leszek Kowalski_sendButton")): Object: 'Object Repository/Page_PSTO webMessenger - Zalogowano/img_Leszek Kowalski_sendButton' is clicked on

2021-12-19 14:30:20 - [MESSAGE][PASSED] - Object: 'Object Repository/Page_PSTO webMessenger - Zalogowano/img_Leszek Kowalski_sendButton' is clicked on

2021-12-19 14:30:20 - [TEST_STEP][PASSED] - setText(findTestObject("Page_PSTO webMessenger - Zalogowano/input_Leszek Kowalski_messageInput"), "e"): Text 'e' is set on object 'Object Repository/Page_PSTO webMessenger - Zalogowano/input_Leszek Kowalski_messageInput'

2021-12-19 14:30:20 - [MESSAGE][PASSED] - Text 'e' is set on object 'Object Repository/Page_PSTO webMessenger - Zalogowano/input_Leszek Kowalski_messageInput'

2021-12-19 14:30:20 - [TEST_STEP][PASSED] - click(findTestObject("Page_PSTO webMessenger - Zalogowano/img_Leszek Kowalski_sendButton")): Object: 'Object Repository/Page_PSTO webMessenger - Zalogowano/img_Leszek Kowalski_sendButton' is clicked on

2021-12-19 14:30:21 - [MESSAGE][PASSED] - Object: 'Object Repository/Page_PSTO webMessenger - Zalogowano/img_Leszek Kowalski_sendButton' is clicked on

2021-12-19 14:30:21 - [TEST_STEP][PASSED] - setText(findTestObject("Page_PSTO webMessenger - Zalogowano/input_Leszek Kowalski_messageInput"), "e"): Text 'e' is set on object 'Object Repository/Page_PSTO webMessenger - Zalogowano/input_Leszek Kowalski_messageInput'

2021-12-19 14:30:22 - [MESSAGE][PASSED] - Text 'e' is set on object 'Object Repository/Page_PSTO webMessenger - Zalogowano/input_Leszek Kowalski_messageInput'

2021-12-19 14:30:22 - [TEST_STEP][PASSED] - click(findTestObject("Page_PSTO webMessenger - Zalogowano/img_Leszek Kowalski_sendButton")): Object: 'Object Repository/Page_PSTO webMessenger - Zalogowano/img_Leszek Kowalski_sendButton' is clicked on

2021-12-19 14:30:23 - [MESSAGE][PASSED] - Object: 'Object Repository/Page_PSTO webMessenger - Zalogowano/img_Leszek Kowalski_sendButton' is clicked on

2021-12-19 14:30:23 - [TEST_STEP][PASSED] - setText(findTestObject("Page_PSTO webMessenger - Zalogowano/input_Leszek Kowalski_messageInput"), "e"): Text 'e' is set on object 'Object Repository/Page_PSTO webMessenger - Zalogowano/input_Leszek Kowalski_messageInput'

2021-12-19 14:30:23 - [MESSAGE][PASSED] - Text 'e' is set on object 'Object Repository/Page_PSTO webMessenger - Zalogowano/input_Leszek Kowalski_messageInput'

2021-12-19 14:30:23 - [TEST_STEP][PASSED] - click(findTestObject("Page_PSTO webMessenger - Zalogowano/img_Leszek Kowalski_sendButton")): Object: 'Object Repository/Page_PSTO webMessenger - Zalogowano/img_Leszek Kowalski_sendButton' is clicked on

2021-12-19 14:30:24 - [MESSAGE][PASSED] - Object: 'Object Repository/Page_PSTO webMessenger - Zalogowano/img_Leszek Kowalski_sendButton' is clicked on

2021-12-19 14:30:24 - [TEST_STEP][PASSED] - setText(findTestObject("Page_PSTO webMessenger - Zalogowano/input_Leszek Kowalski_messageInput"), "e"): Text 'e' is set on object 'Object Repository/Page_PSTO webMessenger - Zalogowano/input_Leszek Kowalski_messageInput'

2021-12-19 14:30:25 - [MESSAGE][PASSED] - Text 'e' is set on object 'Object Repository/Page_PSTO webMessenger - Zalogowano/input_Leszek Kowalski_messageInput'

2021-12-19 14:30:25 - [TEST_STEP][PASSED] - click(findTestObject("Page_PSTO webMessenger - Zalogowano/img_Leszek Kowalski_sendButton")): Object: 'Object Repository/Page_PSTO webMessenger - Zalogowano/img_Leszek Kowalski_sendButton' is clicked on

2021-12-19 14:30:25 - [MESSAGE][PASSED] - Object: 'Object Repository/Page_PSTO webMessenger - Zalogowano/img_Leszek Kowalski_sendButton' is clicked on

2021-12-19 14:30:25 - [TEST_STEP][PASSED] - setText(findTestObject("Page_PSTO webMessenger - Zalogowano/input_Leszek Kowalski_messageInput"), "e"): Text 'e' is set on object 'Object Repository/Page_PSTO webMessenger - Zalogowano/input_Leszek Kowalski_messageInput'

2021-12-19 14:30:26 - [MESSAGE][PASSED] - Text 'e' is set on object 'Object Repository/Page_PSTO webMessenger - Zalogowano/input_Leszek Kowalski_messageInput'

2021-12-19 14:30:26 - [TEST_STEP][PASSED] - click(findTestObject("Page_PSTO webMessenger - Zalogowano/img_Leszek Kowalski_sendButton")): Object: 'Object Repository/Page_PSTO webMessenger - Zalogowano/img_Leszek Kowalski_sendButton' is clicked on

2021-12-19 14:30:27 - [MESSAGE][PASSED] - Object: 'Object Repository/Page_PSTO webMessenger - Zalogowano/img_Leszek Kowalski_sendButton' is clicked on

2021-12-19 14:30:27 - [TEST_STEP][PASSED] - setText(findTestObject("Page_PSTO webMessenger - Zalogowano/input_Leszek Kowalski_messageInput"), "e"): Text 'e' is set on object 'Object Repository/Page_PSTO webMessenger - Zalogowano/input_Leszek Kowalski_messageInput'

2021-12-19 14:30:27 - [MESSAGE][PASSED] - Text 'e' is set on object 'Object Repository/Page_PSTO webMessenger - Zalogowano/input_Leszek Kowalski_messageInput'

2021-12-19 14:30:27 - [TEST_STEP][PASSED] - click(findTestObject("Page_PSTO webMessenger - Zalogowano/img_Leszek Kowalski_sendButton")): Object: 'Object Repository/Page_PSTO webMessenger - Zalogowano/img_Leszek Kowalski_sendButton' is clicked on

2021-12-19 14:30:28 - [MESSAGE][PASSED] - Object: 'Object Repository/Page_PSTO webMessenger - Zalogowano/img_Leszek Kowalski_sendButton' is clicked on

2021-12-19 14:30:28 - [TEST_STEP][PASSED] - setText(findTestObject("Page_PSTO webMessenger - Zalogowano/input_Leszek Kowalski_messageInput"), "e"): Text 'e' is set on object 'Object Repository/Page_PSTO webMessenger - Zalogowano/input_Leszek Kowalski_messageInput'

2021-12-19 14:30:29 - [MESSAGE][PASSED] - Text 'e' is set on object 'Object Repository/Page_PSTO webMessenger - Zalogowano/input_Leszek Kowalski_messageInput'

2021-12-19 14:30:29 - [TEST_STEP][PASSED] - click(findTestObject("Page_PSTO webMessenger - Zalogowano/img_Leszek Kowalski_sendButton")): Object: 'Object Repository/Page_PSTO webMessenger - Zalogowano/img_Leszek Kowalski_sendButton' is clicked on

2021-12-19 14:30:30 - [MESSAGE][PASSED] - Object: 'Object Repository/Page_PSTO webMessenger - Zalogowano/img_Leszek Kowalski_sendButton' is clicked on

2021-12-19 14:30:30 - [TEST_STEP][PASSED] - click(findTestObject("Object Repository/Page_PSTO webMessenger - Zalogowano/img_Zarejestruj konto_iconImg")): Object: 'Object Repository/Page_PSTO webMessenger - Zalogowano/img_Zarejestruj konto_iconImg' is clicked on

2021-12-19 14:30:31 - [MESSAGE][PASSED] - Object: 'Object Repository/Page_PSTO webMessenger - Zalogowano/img_Zarejestruj konto_iconImg' is clicked on

2021-12-19 14:30:31 - [TEST_STEP][PASSED] - closeBrowser(): Browser is closed

2021-12-19 14:30:32 - [MESSAGE][PASSED] - Browser is closed]]></system-out>
         <system-err><![CDATA[]]></system-err>
      </testcase>
      <system-out><![CDATA[2021-12-19 14:00:14 - [TEST_SUITE][PASSED] - HR-test: Test Cases/Historia rozm贸w/HR21]]></system-out>
      <system-err><![CDATA[]]></system-err>
   </testsuite>
</testsuites>
