<?xml version="1.0" encoding="UTF-8"?>
<testsuites name="R-tests" time="1346.357" tests="18" failures="1" errors="0">
   <testsuite name="R-tests" tests="18" failures="1" errors="0" time="1346.357" skipped="0" timestamp="2021-12-21 17:54:33" hostname="agata - DESKTOP-KI9905I" id="Test Suites/R-tests">
      <properties>
         <property name="deviceName" value=""/>
         <property name="devicePlatform" value=""/>
         <property name="logFolder" value="C:\\Users\\agata\\git\\PTSOWebKounikator\\Reports\\20211221_175426\\R-tests\\20211221_175426"/>
         <property name="logFiles" value="C:\\Users\\agata\\git\\PTSOWebKounikator\\Reports\\20211221_175426\\R-tests\\20211221_175426\\execution0.log"/>
         <property name="attachments" value="C:\\Users\\agata\\git\\PTSOWebKounikator\\Reports\\20211221_175426\\R-tests\\20211221_175426\\1640105790375bugR11.png, C:\\Users\\agata\\git\\PTSOWebKounikator\\Reports\\20211221_175426\\R-tests\\20211221_175426\\1640105801679bugR11.png, C:\\Users\\agata\\git\\PTSOWebKounikator\\Reports\\20211221_175426\\R-tests\\20211221_175426\\1640105811811bugR11.png, C:\\Users\\agata\\git\\PTSOWebKounikator\\Reports\\20211221_175426\\R-tests\\20211221_175426\\1640105822075bugR11.png, C:\\Users\\agata\\git\\PTSOWebKounikator\\Reports\\20211221_175426\\R-tests\\20211221_175426\\1640105832337bugR11.png, C:\\Users\\agata\\git\\PTSOWebKounikator\\Reports\\20211221_175426\\R-tests\\20211221_175426\\1640105843599bugR11.png, C:\\Users\\agata\\git\\PTSOWebKounikator\\Reports\\20211221_175426\\R-tests\\20211221_175426\\1640105854753bugR11.png, C:\\Users\\agata\\git\\PTSOWebKounikator\\Reports\\20211221_175426\\R-tests\\20211221_175426\\1640105864866bugR11.png, C:\\Users\\agata\\git\\PTSOWebKounikator\\Reports\\20211221_175426\\R-tests\\20211221_175426\\1640105875094bugR11.png, C:\\Users\\agata\\git\\PTSOWebKounikator\\Reports\\20211221_175426\\R-tests\\20211221_175426\\1640105917287bugR12.png, C:\\Users\\agata\\git\\PTSOWebKounikator\\Reports\\20211221_175426\\R-tests\\20211221_175426\\1640105928619bugR12.png, C:\\Users\\agata\\git\\PTSOWebKounikator\\Reports\\20211221_175426\\R-tests\\20211221_175426\\1640105939423bugR12.png, C:\\Users\\agata\\git\\PTSOWebKounikator\\Reports\\20211221_175426\\R-tests\\20211221_175426\\1640105950188bugR12.png, C:\\Users\\agata\\git\\PTSOWebKounikator\\Reports\\20211221_175426\\R-tests\\20211221_175426\\1640105972994bugR12.png, C:\\Users\\agata\\git\\PTSOWebKounikator\\Reports\\20211221_175426\\R-tests\\20211221_175426\\1640106009988bugR12.png, C:\\Users\\agata\\git\\PTSOWebKounikator\\Reports\\20211221_175426\\R-tests\\20211221_175426\\1640106020273bugR12.png, C:\\Users\\agata\\git\\PTSOWebKounikator\\Reports\\20211221_175426\\R-tests\\20211221_175426\\1640106031545bugR12.png, C:\\Users\\agata\\git\\PTSOWebKounikator\\Reports\\20211221_175426\\R-tests\\20211221_175426\\1640106047843bugR13.png, C:\\Users\\agata\\git\\PTSOWebKounikator\\Reports\\20211221_175426\\R-tests\\20211221_175426\\1640106058594bugR13.png, C:\\Users\\agata\\git\\PTSOWebKounikator\\Reports\\20211221_175426\\R-tests\\20211221_175426\\1640106069053bugR13.png, C:\\Users\\agata\\git\\PTSOWebKounikator\\Reports\\20211221_175426\\R-tests\\20211221_175426\\1640106079829bugR13.png, C:\\Users\\agata\\git\\PTSOWebKounikator\\Reports\\20211221_175426\\R-tests\\20211221_175426\\1640106090222bugR13.png, C:\\Users\\agata\\git\\PTSOWebKounikator\\Reports\\20211221_175426\\R-tests\\20211221_175426\\1640106107256bugR14.png, C:\\Users\\agata\\git\\PTSOWebKounikator\\Reports\\20211221_175426\\R-tests\\20211221_175426\\1640106118493bugR14.png, C:\\Users\\agata\\git\\PTSOWebKounikator\\Reports\\20211221_175426\\R-tests\\20211221_175426\\1640106128000bugR14.png, C:\\Users\\agata\\git\\PTSOWebKounikator\\Reports\\20211221_175426\\R-tests\\20211221_175426\\1640106137085bugR14.png, C:\\Users\\agata\\git\\PTSOWebKounikator\\Reports\\20211221_175426\\R-tests\\20211221_175426\\1640106150489bugR15.png, C:\\Users\\agata\\git\\PTSOWebKounikator\\Reports\\20211221_175426\\R-tests\\20211221_175426\\1640106161882bugR15.png, C:\\Users\\agata\\git\\PTSOWebKounikator\\Reports\\20211221_175426\\R-tests\\20211221_175426\\1640106178334bugR16.png, C:\\Users\\agata\\git\\PTSOWebKounikator\\Reports\\20211221_175426\\R-tests\\20211221_175426\\1640106190520bugR16.png, C:\\Users\\agata\\git\\PTSOWebKounikator\\Reports\\20211221_175426\\R-tests\\20211221_175426\\1640106206473bugR17.jpg, C:\\Users\\agata\\git\\PTSOWebKounikator\\Reports\\20211221_175426\\R-tests\\20211221_175426\\1640106217618bugR17.jpg, C:\\Users\\agata\\git\\PTSOWebKounikator\\Reports\\20211221_175426\\R-tests\\20211221_175426\\1640106230023bugR17.jpg, C:\\Users\\agata\\git\\PTSOWebKounikator\\Reports\\20211221_175426\\R-tests\\20211221_175426\\1640106241602bugR17.jpg, C:\\Users\\agata\\git\\PTSOWebKounikator\\Reports\\20211221_175426\\R-tests\\20211221_175426\\1640106252483bugR17.jpg, C:\\Users\\agata\\git\\PTSOWebKounikator\\Reports\\20211221_175426\\R-tests\\20211221_175426\\1640106262671bugR17.jpg, C:\\Users\\agata\\git\\PTSOWebKounikator\\Reports\\20211221_175426\\R-tests\\20211221_175426\\1640106272951bugR17.jpg, C:\\Users\\agata\\git\\PTSOWebKounikator\\Reports\\20211221_175426\\R-tests\\20211221_175426\\1640106283137bugR17.jpg, C:\\Users\\agata\\git\\PTSOWebKounikator\\Reports\\20211221_175426\\R-tests\\20211221_175426\\1640106293245bugR17.jpg, C:\\Users\\agata\\git\\PTSOWebKounikator\\Reports\\20211221_175426\\R-tests\\20211221_175426\\1640106303513bugR17.jpg, C:\\Users\\agata\\git\\PTSOWebKounikator\\Reports\\20211221_175426\\R-tests\\20211221_175426\\1640106318205bugR18.jpg, C:\\Users\\agata\\git\\PTSOWebKounikator\\Reports\\20211221_175426\\R-tests\\20211221_175426\\1640106329277bugR18.jpg, C:\\Users\\agata\\git\\PTSOWebKounikator\\Reports\\20211221_175426\\R-tests\\20211221_175426\\1640106339691bugR18.jpg, C:\\Users\\agata\\git\\PTSOWebKounikator\\Reports\\20211221_175426\\R-tests\\20211221_175426\\1640106350198bugR18.jpg, C:\\Users\\agata\\git\\PTSOWebKounikator\\Reports\\20211221_175426\\R-tests\\20211221_175426\\1640106362883bugR18.jpg, C:\\Users\\agata\\git\\PTSOWebKounikator\\Reports\\20211221_175426\\R-tests\\20211221_175426\\1640106373649bugR18.jpg, C:\\Users\\agata\\git\\PTSOWebKounikator\\Reports\\20211221_175426\\R-tests\\20211221_175426\\1640106383648bugR18.jpg, C:\\Users\\agata\\git\\PTSOWebKounikator\\Reports\\20211221_175426\\R-tests\\20211221_175426\\1640106393812bugR18.jpg, C:\\Users\\agata\\git\\PTSOWebKounikator\\Reports\\20211221_175426\\R-tests\\20211221_175426\\1640106404803bugR18.jpg, C:\\Users\\agata\\git\\PTSOWebKounikator\\Reports\\20211221_175426\\R-tests\\20211221_175426\\1640106414641bugR18.jpg, C:\\Users\\agata\\git\\PTSOWebKounikator\\Reports\\20211221_175426\\R-tests\\20211221_175426\\1640106800527bug.png, C:\\Users\\agata\\git\\PTSOWebKounikator\\Reports\\20211221_175426\\R-tests\\20211221_175426\\1640106813233bug.png, C:\\Users\\agata\\git\\PTSOWebKounikator\\Reports\\20211221_175426\\R-tests\\20211221_175426\\1640106825582bug.png, C:\\Users\\agata\\git\\PTSOWebKounikator\\Reports\\20211221_175426\\R-tests\\20211221_175426\\1640106836039bug.png, C:\\Users\\agata\\git\\PTSOWebKounikator\\Reports\\20211221_175426\\R-tests\\20211221_175426\\1640106846104bug.png, C:\\Users\\agata\\git\\PTSOWebKounikator\\Reports\\20211221_175426\\R-tests\\20211221_175426\\1640106856813bug.png, C:\\Users\\agata\\git\\PTSOWebKounikator\\Reports\\20211221_175426\\R-tests\\20211221_175426\\1640106867246bug.png, C:\\Users\\agata\\git\\PTSOWebKounikator\\Reports\\20211221_175426\\R-tests\\20211221_175426\\1640106876044.png, C:\\Users\\agata\\git\\PTSOWebKounikator\\Reports\\20211221_175426\\R-tests\\20211221_175426\\1640106876758bug.png, C:\\Users\\agata\\git\\PTSOWebKounikator\\Reports\\20211221_175426\\R-tests\\20211221_175426\\1640106888273bug.png, C:\\Users\\agata\\git\\PTSOWebKounikator\\Reports\\20211221_175426\\R-tests\\20211221_175426\\1640106898688bug.png, C:\\Users\\agata\\git\\PTSOWebKounikator\\Reports\\20211221_175426\\R-tests\\20211221_175426\\1640106908961bug.png, C:\\Users\\agata\\git\\PTSOWebKounikator\\Reports\\20211221_175426\\R-tests\\20211221_175426\\1640106919471bug.png, C:\\Users\\agata\\git\\PTSOWebKounikator\\Reports\\20211221_175426\\R-tests\\20211221_175426\\1640106929891bug.png, C:\\Users\\agata\\git\\PTSOWebKounikator\\Reports\\20211221_175426\\R-tests\\20211221_175426\\1640106940475bug.png, C:\\Users\\agata\\git\\PTSOWebKounikator\\Reports\\20211221_175426\\R-tests\\20211221_175426\\1640106952718bug.png, C:\\Users\\agata\\git\\PTSOWebKounikator\\Reports\\20211221_175426\\R-tests\\20211221_175426\\1640106963606bug.png"/>
         <property name="hostName" value="agata - DESKTOP-KI9905I"/>
         <property name="os" value="Windows 10 64bit"/>
         <property name="katalonVersion" value="8.2.0.208"/>
         <property name="browser" value="Chrome 96.0.4664.110"/>
         <property name="hostAddress" value="192.168.3.3"/>
         <property name="sessionId" value="df3c28548c6ef428b952193afcd315a9"/>
         <property name="seleniumVersion" value="3.141.59"/>
         <property name="proxyInformation" value="ProxyInformation { proxyOption=NO_PROXY, proxyServerType=HTTP, username=, password=********, proxyServerAddress=, proxyServerPort=0, executionList=&quot;&quot;, isApplyToDesiredCapabilities=true }"/>
         <property name="platform" value="Windows 10"/>
      </properties>
      <testcase name="Test Cases/Rejestracja/R1" time="58.886" classname="Test Cases/Rejestracja/R1" status="PASSED">
         <system-out><![CDATA[2021-12-21 17:54:33 - [TEST_CASE][PASSED] - Test Cases/Rejestracja/R1: Test Cases/Rejestracja/R1

2021-12-21 17:54:34 - [TEST_STEP][PASSED] - openBrowser(""): Browser is opened with url: ''

2021-12-21 17:54:35 - [MESSAGE][INFO] - Starting 'Chrome' driver

2021-12-21 17:54:35 - [MESSAGE][INFO] - Action delay is set to 0 milliseconds

2021-12-21 17:54:39 - [MESSAGE][PASSED] - Browser is opened with url: ''

2021-12-21 17:54:39 - [TEST_STEP][PASSED] - navigateToUrl("http://kmg.hcm.pl/testowanie/index.html"): Navigate to 'http://kmg.hcm.pl/testowanie/index.html' successfully

2021-12-21 17:54:40 - [MESSAGE][PASSED] - Navigate to 'http://kmg.hcm.pl/testowanie/index.html' successfully

2021-12-21 17:54:40 - [TEST_STEP][PASSED] - for ([row = 1, row <= findTestData("Rejestracja/tabR1").getRowNumbers(), (row++)]): Object: 'Object Repository/Page_PSTO webMessenger - Zalogowano/img_Zarejestruj konto_iconImg' is clicked on

2021-12-21 17:54:40 - [TEST_STEP][PASSED] - data = Date().getTime(): null

2021-12-21 17:54:40 - [TEST_STEP][PASSED] - username = "Ameba" + data: null

2021-12-21 17:54:40 - [TEST_STEP][PASSED] - click(findTestObject("Page_PSTO webMessenger/a_Zarejestruj konto")): Object: 'Object Repository/Page_PSTO webMessenger/a_Zarejestruj konto' is clicked on

2021-12-21 17:54:41 - [MESSAGE][PASSED] - Object: 'Object Repository/Page_PSTO webMessenger/a_Zarejestruj konto' is clicked on

2021-12-21 17:54:41 - [TEST_STEP][PASSED] - setText(findTestObject("Object Repository/Page_PSTO webMessenger/input_Powrt do logowania_username"), username): Text 'Ameba1640105680958' is set on object 'Object Repository/Page_PSTO webMessenger/input_Powrt do logowania_username'

2021-12-21 17:54:42 - [MESSAGE][PASSED] - Text 'Ameba1640105680958' is set on object 'Object Repository/Page_PSTO webMessenger/input_Powrt do logowania_username'

2021-12-21 17:54:42 - [TEST_STEP][PASSED] - setText(findTestObject("Object Repository/Page_PSTO webMessenger/input_Powrt do logowania_pass1"), findTestData("Rejestracja/tabR1").getValue("password", row)): Text 'startStop1' is set on object 'Object Repository/Page_PSTO webMessenger/input_Powrt do logowania_pass1'

2021-12-21 17:54:43 - [MESSAGE][PASSED] - Text 'startStop1' is set on object 'Object Repository/Page_PSTO webMessenger/input_Powrt do logowania_pass1'

2021-12-21 17:54:43 - [TEST_STEP][PASSED] - setText(findTestObject("Object Repository/Page_PSTO webMessenger/input_Powrt do logowania_pass2"), findTestData("Rejestracja/tabR1").getValue("password2", row)): Text 'startStop1' is set on object 'Object Repository/Page_PSTO webMessenger/input_Powrt do logowania_pass2'

2021-12-21 17:54:44 - [MESSAGE][PASSED] - Text 'startStop1' is set on object 'Object Repository/Page_PSTO webMessenger/input_Powrt do logowania_pass2'

2021-12-21 17:54:44 - [TEST_STEP][PASSED] - setText(findTestObject("Object Repository/Page_PSTO webMessenger/input_Powrt do logowania_name"), findTestData("Rejestracja/tabR1").getValue("name", row)): Text 'Agata' is set on object 'Object Repository/Page_PSTO webMessenger/input_Powrt do logowania_name'

2021-12-21 17:54:45 - [MESSAGE][PASSED] - Text 'Agata' is set on object 'Object Repository/Page_PSTO webMessenger/input_Powrt do logowania_name'

2021-12-21 17:54:45 - [TEST_STEP][PASSED] - setText(findTestObject("Object Repository/Page_PSTO webMessenger/input_Powrt do logowania_surname"), findTestData("Rejestracja/tabR1").getValue("surname", row)): Text 'Pazur' is set on object 'Object Repository/Page_PSTO webMessenger/input_Powrt do logowania_surname'

2021-12-21 17:54:46 - [MESSAGE][PASSED] - Text 'Pazur' is set on object 'Object Repository/Page_PSTO webMessenger/input_Powrt do logowania_surname'

2021-12-21 17:54:46 - [TEST_STEP][PASSED] - setText(findTestObject("Object Repository/Page_PSTO webMessenger/input_Powrt do logowania_kodgrupy"), findTestData("Rejestracja/tabR1").getValue("group", row)): Text 'wsbgroup2ap' is set on object 'Object Repository/Page_PSTO webMessenger/input_Powrt do logowania_kodgrupy'

2021-12-21 17:54:47 - [MESSAGE][PASSED] - Text 'wsbgroup2ap' is set on object 'Object Repository/Page_PSTO webMessenger/input_Powrt do logowania_kodgrupy'

2021-12-21 17:54:47 - [TEST_STEP][PASSED] - click(findTestObject("Page_PSTO webMessenger/input_Powrt do logowania_register")): Object: 'Object Repository/Page_PSTO webMessenger/input_Powrt do logowania_register' is clicked on

2021-12-21 17:54:47 - [MESSAGE][PASSED] - Object: 'Object Repository/Page_PSTO webMessenger/input_Powrt do logowania_register' is clicked on

2021-12-21 17:54:47 - [TEST_STEP][PASSED] - click(findTestObject("Page_PSTO webMessenger/a_Kliknij, aby si zalogowa")): Object: 'Object Repository/Page_PSTO webMessenger/a_Kliknij, aby si zalogowa' is clicked on

2021-12-21 17:54:48 - [MESSAGE][PASSED] - Object: 'Object Repository/Page_PSTO webMessenger/a_Kliknij, aby si zalogowa' is clicked on

2021-12-21 17:54:48 - [TEST_STEP][PASSED] - setText(findTestObject("Page_PSTO webMessenger/input_Zarejestruj konto_userLogin"), username): Text 'Ameba1640105680958' is set on object 'Object Repository/Page_PSTO webMessenger/input_Zarejestruj konto_userLogin'

2021-12-21 17:54:49 - [MESSAGE][PASSED] - Text 'Ameba1640105680958' is set on object 'Object Repository/Page_PSTO webMessenger/input_Zarejestruj konto_userLogin'

2021-12-21 17:54:49 - [TEST_STEP][PASSED] - setText(findTestObject("Page_PSTO webMessenger/input_Zarejestruj konto_passwordLogin"), findTestData("Rejestracja/tabR1").getValue("password", row)): Text 'startStop1' is set on object 'Object Repository/Page_PSTO webMessenger/input_Zarejestruj konto_passwordLogin'

2021-12-21 17:54:50 - [MESSAGE][PASSED] - Text 'startStop1' is set on object 'Object Repository/Page_PSTO webMessenger/input_Zarejestruj konto_passwordLogin'

2021-12-21 17:54:50 - [TEST_STEP][PASSED] - click(findTestObject("Page_PSTO webMessenger/input_Zarejestruj konto_login")): Object: 'Object Repository/Page_PSTO webMessenger/input_Zarejestruj konto_login' is clicked on

2021-12-21 17:54:51 - [MESSAGE][PASSED] - Object: 'Object Repository/Page_PSTO webMessenger/input_Zarejestruj konto_login' is clicked on

2021-12-21 17:54:51 - [TEST_STEP][PASSED] - click(findTestObject("Page_PSTO webMessenger - Zalogowano/img_Zarejestruj konto_iconImg")): Object: 'Object Repository/Page_PSTO webMessenger - Zalogowano/img_Zarejestruj konto_iconImg' is clicked on

2021-12-21 17:54:52 - [MESSAGE][PASSED] - Object: 'Object Repository/Page_PSTO webMessenger - Zalogowano/img_Zarejestruj konto_iconImg' is clicked on

2021-12-21 17:54:52 - [TEST_STEP][PASSED] - data = Date().getTime(): null

2021-12-21 17:54:52 - [TEST_STEP][PASSED] - username = "Ameba" + data: null

2021-12-21 17:54:52 - [TEST_STEP][PASSED] - click(findTestObject("Page_PSTO webMessenger/a_Zarejestruj konto")): Object: 'Object Repository/Page_PSTO webMessenger/a_Zarejestruj konto' is clicked on

2021-12-21 17:54:52 - [MESSAGE][PASSED] - Object: 'Object Repository/Page_PSTO webMessenger/a_Zarejestruj konto' is clicked on

2021-12-21 17:54:52 - [TEST_STEP][PASSED] - setText(findTestObject("Object Repository/Page_PSTO webMessenger/input_Powrt do logowania_username"), username): Text 'Ameba1640105692145' is set on object 'Object Repository/Page_PSTO webMessenger/input_Powrt do logowania_username'

2021-12-21 17:54:53 - [MESSAGE][PASSED] - Text 'Ameba1640105692145' is set on object 'Object Repository/Page_PSTO webMessenger/input_Powrt do logowania_username'

2021-12-21 17:54:53 - [TEST_STEP][PASSED] - setText(findTestObject("Object Repository/Page_PSTO webMessenger/input_Powrt do logowania_pass1"), findTestData("Rejestracja/tabR1").getValue("password", row)): Text 'startStop2' is set on object 'Object Repository/Page_PSTO webMessenger/input_Powrt do logowania_pass1'

2021-12-21 17:54:54 - [MESSAGE][PASSED] - Text 'startStop2' is set on object 'Object Repository/Page_PSTO webMessenger/input_Powrt do logowania_pass1'

2021-12-21 17:54:54 - [TEST_STEP][PASSED] - setText(findTestObject("Object Repository/Page_PSTO webMessenger/input_Powrt do logowania_pass2"), findTestData("Rejestracja/tabR1").getValue("password2", row)): Text 'startStop2' is set on object 'Object Repository/Page_PSTO webMessenger/input_Powrt do logowania_pass2'

2021-12-21 17:54:55 - [MESSAGE][PASSED] - Text 'startStop2' is set on object 'Object Repository/Page_PSTO webMessenger/input_Powrt do logowania_pass2'

2021-12-21 17:54:55 - [TEST_STEP][PASSED] - setText(findTestObject("Object Repository/Page_PSTO webMessenger/input_Powrt do logowania_name"), findTestData("Rejestracja/tabR1").getValue("name", row)): Text 'Agata' is set on object 'Object Repository/Page_PSTO webMessenger/input_Powrt do logowania_name'

2021-12-21 17:54:56 - [MESSAGE][PASSED] - Text 'Agata' is set on object 'Object Repository/Page_PSTO webMessenger/input_Powrt do logowania_name'

2021-12-21 17:54:56 - [TEST_STEP][PASSED] - setText(findTestObject("Object Repository/Page_PSTO webMessenger/input_Powrt do logowania_surname"), findTestData("Rejestracja/tabR1").getValue("surname", row)): Text 'Lazur' is set on object 'Object Repository/Page_PSTO webMessenger/input_Powrt do logowania_surname'

2021-12-21 17:54:56 - [MESSAGE][PASSED] - Text 'Lazur' is set on object 'Object Repository/Page_PSTO webMessenger/input_Powrt do logowania_surname'

2021-12-21 17:54:56 - [TEST_STEP][PASSED] - setText(findTestObject("Object Repository/Page_PSTO webMessenger/input_Powrt do logowania_kodgrupy"), findTestData("Rejestracja/tabR1").getValue("group", row)): Text 'wsbgroup2ap' is set on object 'Object Repository/Page_PSTO webMessenger/input_Powrt do logowania_kodgrupy'

2021-12-21 17:54:57 - [MESSAGE][PASSED] - Text 'wsbgroup2ap' is set on object 'Object Repository/Page_PSTO webMessenger/input_Powrt do logowania_kodgrupy'

2021-12-21 17:54:57 - [TEST_STEP][PASSED] - click(findTestObject("Page_PSTO webMessenger/input_Powrt do logowania_register")): Object: 'Object Repository/Page_PSTO webMessenger/input_Powrt do logowania_register' is clicked on

2021-12-21 17:54:58 - [MESSAGE][PASSED] - Object: 'Object Repository/Page_PSTO webMessenger/input_Powrt do logowania_register' is clicked on

2021-12-21 17:54:58 - [TEST_STEP][PASSED] - click(findTestObject("Page_PSTO webMessenger/a_Kliknij, aby si zalogowa")): Object: 'Object Repository/Page_PSTO webMessenger/a_Kliknij, aby si zalogowa' is clicked on

2021-12-21 17:54:59 - [MESSAGE][PASSED] - Object: 'Object Repository/Page_PSTO webMessenger/a_Kliknij, aby si zalogowa' is clicked on

2021-12-21 17:54:59 - [TEST_STEP][PASSED] - setText(findTestObject("Page_PSTO webMessenger/input_Zarejestruj konto_userLogin"), username): Text 'Ameba1640105692145' is set on object 'Object Repository/Page_PSTO webMessenger/input_Zarejestruj konto_userLogin'

2021-12-21 17:54:59 - [MESSAGE][PASSED] - Text 'Ameba1640105692145' is set on object 'Object Repository/Page_PSTO webMessenger/input_Zarejestruj konto_userLogin'

2021-12-21 17:54:59 - [TEST_STEP][PASSED] - setText(findTestObject("Page_PSTO webMessenger/input_Zarejestruj konto_passwordLogin"), findTestData("Rejestracja/tabR1").getValue("password", row)): Text 'startStop2' is set on object 'Object Repository/Page_PSTO webMessenger/input_Zarejestruj konto_passwordLogin'

2021-12-21 17:55:00 - [MESSAGE][PASSED] - Text 'startStop2' is set on object 'Object Repository/Page_PSTO webMessenger/input_Zarejestruj konto_passwordLogin'

2021-12-21 17:55:00 - [TEST_STEP][PASSED] - click(findTestObject("Page_PSTO webMessenger/input_Zarejestruj konto_login")): Object: 'Object Repository/Page_PSTO webMessenger/input_Zarejestruj konto_login' is clicked on

2021-12-21 17:55:01 - [MESSAGE][PASSED] - Object: 'Object Repository/Page_PSTO webMessenger/input_Zarejestruj konto_login' is clicked on

2021-12-21 17:55:01 - [TEST_STEP][PASSED] - click(findTestObject("Page_PSTO webMessenger - Zalogowano/img_Zarejestruj konto_iconImg")): Object: 'Object Repository/Page_PSTO webMessenger - Zalogowano/img_Zarejestruj konto_iconImg' is clicked on

2021-12-21 17:55:02 - [MESSAGE][PASSED] - Object: 'Object Repository/Page_PSTO webMessenger - Zalogowano/img_Zarejestruj konto_iconImg' is clicked on

2021-12-21 17:55:02 - [TEST_STEP][PASSED] - data = Date().getTime(): null

2021-12-21 17:55:02 - [TEST_STEP][PASSED] - username = "Ameba" + data: null

2021-12-21 17:55:02 - [TEST_STEP][PASSED] - click(findTestObject("Page_PSTO webMessenger/a_Zarejestruj konto")): Object: 'Object Repository/Page_PSTO webMessenger/a_Zarejestruj konto' is clicked on

2021-12-21 17:55:02 - [MESSAGE][PASSED] - Object: 'Object Repository/Page_PSTO webMessenger/a_Zarejestruj konto' is clicked on

2021-12-21 17:55:02 - [TEST_STEP][PASSED] - setText(findTestObject("Object Repository/Page_PSTO webMessenger/input_Powrt do logowania_username"), username): Text 'Ameba1640105702249' is set on object 'Object Repository/Page_PSTO webMessenger/input_Powrt do logowania_username'

2021-12-21 17:55:03 - [MESSAGE][PASSED] - Text 'Ameba1640105702249' is set on object 'Object Repository/Page_PSTO webMessenger/input_Powrt do logowania_username'

2021-12-21 17:55:03 - [TEST_STEP][PASSED] - setText(findTestObject("Object Repository/Page_PSTO webMessenger/input_Powrt do logowania_pass1"), findTestData("Rejestracja/tabR1").getValue("password", row)): Text 'startStop3' is set on object 'Object Repository/Page_PSTO webMessenger/input_Powrt do logowania_pass1'

2021-12-21 17:55:04 - [MESSAGE][PASSED] - Text 'startStop3' is set on object 'Object Repository/Page_PSTO webMessenger/input_Powrt do logowania_pass1'

2021-12-21 17:55:04 - [TEST_STEP][PASSED] - setText(findTestObject("Object Repository/Page_PSTO webMessenger/input_Powrt do logowania_pass2"), findTestData("Rejestracja/tabR1").getValue("password2", row)): Text 'startStop3' is set on object 'Object Repository/Page_PSTO webMessenger/input_Powrt do logowania_pass2'

2021-12-21 17:55:05 - [MESSAGE][PASSED] - Text 'startStop3' is set on object 'Object Repository/Page_PSTO webMessenger/input_Powrt do logowania_pass2'

2021-12-21 17:55:05 - [TEST_STEP][PASSED] - setText(findTestObject("Object Repository/Page_PSTO webMessenger/input_Powrt do logowania_name"), findTestData("Rejestracja/tabR1").getValue("name", row)): Text 'Agata' is set on object 'Object Repository/Page_PSTO webMessenger/input_Powrt do logowania_name'

2021-12-21 17:55:06 - [MESSAGE][PASSED] - Text 'Agata' is set on object 'Object Repository/Page_PSTO webMessenger/input_Powrt do logowania_name'

2021-12-21 17:55:06 - [TEST_STEP][PASSED] - setText(findTestObject("Object Repository/Page_PSTO webMessenger/input_Powrt do logowania_surname"), findTestData("Rejestracja/tabR1").getValue("surname", row)): Text 'Mazur' is set on object 'Object Repository/Page_PSTO webMessenger/input_Powrt do logowania_surname'

2021-12-21 17:55:06 - [MESSAGE][PASSED] - Text 'Mazur' is set on object 'Object Repository/Page_PSTO webMessenger/input_Powrt do logowania_surname'

2021-12-21 17:55:06 - [TEST_STEP][PASSED] - setText(findTestObject("Object Repository/Page_PSTO webMessenger/input_Powrt do logowania_kodgrupy"), findTestData("Rejestracja/tabR1").getValue("group", row)): Text 'wsbgroup2ap' is set on object 'Object Repository/Page_PSTO webMessenger/input_Powrt do logowania_kodgrupy'

2021-12-21 17:55:07 - [MESSAGE][PASSED] - Text 'wsbgroup2ap' is set on object 'Object Repository/Page_PSTO webMessenger/input_Powrt do logowania_kodgrupy'

2021-12-21 17:55:07 - [TEST_STEP][PASSED] - click(findTestObject("Page_PSTO webMessenger/input_Powrt do logowania_register")): Object: 'Object Repository/Page_PSTO webMessenger/input_Powrt do logowania_register' is clicked on

2021-12-21 17:55:08 - [MESSAGE][PASSED] - Object: 'Object Repository/Page_PSTO webMessenger/input_Powrt do logowania_register' is clicked on

2021-12-21 17:55:08 - [TEST_STEP][PASSED] - click(findTestObject("Page_PSTO webMessenger/a_Kliknij, aby si zalogowa")): Object: 'Object Repository/Page_PSTO webMessenger/a_Kliknij, aby si zalogowa' is clicked on

2021-12-21 17:55:09 - [MESSAGE][PASSED] - Object: 'Object Repository/Page_PSTO webMessenger/a_Kliknij, aby si zalogowa' is clicked on

2021-12-21 17:55:09 - [TEST_STEP][PASSED] - setText(findTestObject("Page_PSTO webMessenger/input_Zarejestruj konto_userLogin"), username): Text 'Ameba1640105702249' is set on object 'Object Repository/Page_PSTO webMessenger/input_Zarejestruj konto_userLogin'

2021-12-21 17:55:09 - [MESSAGE][PASSED] - Text 'Ameba1640105702249' is set on object 'Object Repository/Page_PSTO webMessenger/input_Zarejestruj konto_userLogin'

2021-12-21 17:55:09 - [TEST_STEP][PASSED] - setText(findTestObject("Page_PSTO webMessenger/input_Zarejestruj konto_passwordLogin"), findTestData("Rejestracja/tabR1").getValue("password", row)): Text 'startStop3' is set on object 'Object Repository/Page_PSTO webMessenger/input_Zarejestruj konto_passwordLogin'

2021-12-21 17:55:10 - [MESSAGE][PASSED] - Text 'startStop3' is set on object 'Object Repository/Page_PSTO webMessenger/input_Zarejestruj konto_passwordLogin'

2021-12-21 17:55:10 - [TEST_STEP][PASSED] - click(findTestObject("Page_PSTO webMessenger/input_Zarejestruj konto_login")): Object: 'Object Repository/Page_PSTO webMessenger/input_Zarejestruj konto_login' is clicked on

2021-12-21 17:55:11 - [MESSAGE][PASSED] - Object: 'Object Repository/Page_PSTO webMessenger/input_Zarejestruj konto_login' is clicked on

2021-12-21 17:55:11 - [TEST_STEP][PASSED] - click(findTestObject("Page_PSTO webMessenger - Zalogowano/img_Zarejestruj konto_iconImg")): Object: 'Object Repository/Page_PSTO webMessenger - Zalogowano/img_Zarejestruj konto_iconImg' is clicked on

2021-12-21 17:55:12 - [MESSAGE][PASSED] - Object: 'Object Repository/Page_PSTO webMessenger - Zalogowano/img_Zarejestruj konto_iconImg' is clicked on

2021-12-21 17:55:12 - [TEST_STEP][PASSED] - data = Date().getTime(): null

2021-12-21 17:55:12 - [TEST_STEP][PASSED] - username = "Ameba" + data: null

2021-12-21 17:55:12 - [TEST_STEP][PASSED] - click(findTestObject("Page_PSTO webMessenger/a_Zarejestruj konto")): Object: 'Object Repository/Page_PSTO webMessenger/a_Zarejestruj konto' is clicked on

2021-12-21 17:55:12 - [MESSAGE][PASSED] - Object: 'Object Repository/Page_PSTO webMessenger/a_Zarejestruj konto' is clicked on

2021-12-21 17:55:12 - [TEST_STEP][PASSED] - setText(findTestObject("Object Repository/Page_PSTO webMessenger/input_Powrt do logowania_username"), username): Text 'Ameba1640105712148' is set on object 'Object Repository/Page_PSTO webMessenger/input_Powrt do logowania_username'

2021-12-21 17:55:13 - [MESSAGE][PASSED] - Text 'Ameba1640105712148' is set on object 'Object Repository/Page_PSTO webMessenger/input_Powrt do logowania_username'

2021-12-21 17:55:13 - [TEST_STEP][PASSED] - setText(findTestObject("Object Repository/Page_PSTO webMessenger/input_Powrt do logowania_pass1"), findTestData("Rejestracja/tabR1").getValue("password", row)): Text 'startStop4' is set on object 'Object Repository/Page_PSTO webMessenger/input_Powrt do logowania_pass1'

2021-12-21 17:55:14 - [MESSAGE][PASSED] - Text 'startStop4' is set on object 'Object Repository/Page_PSTO webMessenger/input_Powrt do logowania_pass1'

2021-12-21 17:55:14 - [TEST_STEP][PASSED] - setText(findTestObject("Object Repository/Page_PSTO webMessenger/input_Powrt do logowania_pass2"), findTestData("Rejestracja/tabR1").getValue("password2", row)): Text 'startStop4' is set on object 'Object Repository/Page_PSTO webMessenger/input_Powrt do logowania_pass2'

2021-12-21 17:55:15 - [MESSAGE][PASSED] - Text 'startStop4' is set on object 'Object Repository/Page_PSTO webMessenger/input_Powrt do logowania_pass2'

2021-12-21 17:55:15 - [TEST_STEP][PASSED] - setText(findTestObject("Object Repository/Page_PSTO webMessenger/input_Powrt do logowania_name"), findTestData("Rejestracja/tabR1").getValue("name", row)): Text 'Agata' is set on object 'Object Repository/Page_PSTO webMessenger/input_Powrt do logowania_name'

2021-12-21 17:55:15 - [MESSAGE][PASSED] - Text 'Agata' is set on object 'Object Repository/Page_PSTO webMessenger/input_Powrt do logowania_name'

2021-12-21 17:55:15 - [TEST_STEP][PASSED] - setText(findTestObject("Object Repository/Page_PSTO webMessenger/input_Powrt do logowania_surname"), findTestData("Rejestracja/tabR1").getValue("surname", row)): Text 'Kazur' is set on object 'Object Repository/Page_PSTO webMessenger/input_Powrt do logowania_surname'

2021-12-21 17:55:16 - [MESSAGE][PASSED] - Text 'Kazur' is set on object 'Object Repository/Page_PSTO webMessenger/input_Powrt do logowania_surname'

2021-12-21 17:55:16 - [TEST_STEP][PASSED] - setText(findTestObject("Object Repository/Page_PSTO webMessenger/input_Powrt do logowania_kodgrupy"), findTestData("Rejestracja/tabR1").getValue("group", row)): Text 'wsbgroup2ap' is set on object 'Object Repository/Page_PSTO webMessenger/input_Powrt do logowania_kodgrupy'

2021-12-21 17:55:17 - [MESSAGE][PASSED] - Text 'wsbgroup2ap' is set on object 'Object Repository/Page_PSTO webMessenger/input_Powrt do logowania_kodgrupy'

2021-12-21 17:55:17 - [TEST_STEP][PASSED] - click(findTestObject("Page_PSTO webMessenger/input_Powrt do logowania_register")): Object: 'Object Repository/Page_PSTO webMessenger/input_Powrt do logowania_register' is clicked on

2021-12-21 17:55:18 - [MESSAGE][PASSED] - Object: 'Object Repository/Page_PSTO webMessenger/input_Powrt do logowania_register' is clicked on

2021-12-21 17:55:18 - [TEST_STEP][PASSED] - click(findTestObject("Page_PSTO webMessenger/a_Kliknij, aby si zalogowa")): Object: 'Object Repository/Page_PSTO webMessenger/a_Kliknij, aby si zalogowa' is clicked on

2021-12-21 17:55:18 - [MESSAGE][PASSED] - Object: 'Object Repository/Page_PSTO webMessenger/a_Kliknij, aby si zalogowa' is clicked on

2021-12-21 17:55:18 - [TEST_STEP][PASSED] - setText(findTestObject("Page_PSTO webMessenger/input_Zarejestruj konto_userLogin"), username): Text 'Ameba1640105712148' is set on object 'Object Repository/Page_PSTO webMessenger/input_Zarejestruj konto_userLogin'

2021-12-21 17:55:19 - [MESSAGE][PASSED] - Text 'Ameba1640105712148' is set on object 'Object Repository/Page_PSTO webMessenger/input_Zarejestruj konto_userLogin'

2021-12-21 17:55:19 - [TEST_STEP][PASSED] - setText(findTestObject("Page_PSTO webMessenger/input_Zarejestruj konto_passwordLogin"), findTestData("Rejestracja/tabR1").getValue("password", row)): Text 'startStop4' is set on object 'Object Repository/Page_PSTO webMessenger/input_Zarejestruj konto_passwordLogin'

2021-12-21 17:55:20 - [MESSAGE][PASSED] - Text 'startStop4' is set on object 'Object Repository/Page_PSTO webMessenger/input_Zarejestruj konto_passwordLogin'

2021-12-21 17:55:20 - [TEST_STEP][PASSED] - click(findTestObject("Page_PSTO webMessenger/input_Zarejestruj konto_login")): Object: 'Object Repository/Page_PSTO webMessenger/input_Zarejestruj konto_login' is clicked on

2021-12-21 17:55:21 - [MESSAGE][PASSED] - Object: 'Object Repository/Page_PSTO webMessenger/input_Zarejestruj konto_login' is clicked on

2021-12-21 17:55:21 - [TEST_STEP][PASSED] - click(findTestObject("Page_PSTO webMessenger - Zalogowano/img_Zarejestruj konto_iconImg")): Object: 'Object Repository/Page_PSTO webMessenger - Zalogowano/img_Zarejestruj konto_iconImg' is clicked on

2021-12-21 17:55:22 - [MESSAGE][PASSED] - Object: 'Object Repository/Page_PSTO webMessenger - Zalogowano/img_Zarejestruj konto_iconImg' is clicked on

2021-12-21 17:55:22 - [TEST_STEP][PASSED] - data = Date().getTime(): null

2021-12-21 17:55:22 - [TEST_STEP][PASSED] - username = "Ameba" + data: null

2021-12-21 17:55:22 - [TEST_STEP][PASSED] - click(findTestObject("Page_PSTO webMessenger/a_Zarejestruj konto")): Object: 'Object Repository/Page_PSTO webMessenger/a_Zarejestruj konto' is clicked on

2021-12-21 17:55:22 - [MESSAGE][PASSED] - Object: 'Object Repository/Page_PSTO webMessenger/a_Zarejestruj konto' is clicked on

2021-12-21 17:55:22 - [TEST_STEP][PASSED] - setText(findTestObject("Object Repository/Page_PSTO webMessenger/input_Powrt do logowania_username"), username): Text 'Ameba1640105722029' is set on object 'Object Repository/Page_PSTO webMessenger/input_Powrt do logowania_username'

2021-12-21 17:55:23 - [MESSAGE][PASSED] - Text 'Ameba1640105722029' is set on object 'Object Repository/Page_PSTO webMessenger/input_Powrt do logowania_username'

2021-12-21 17:55:23 - [TEST_STEP][PASSED] - setText(findTestObject("Object Repository/Page_PSTO webMessenger/input_Powrt do logowania_pass1"), findTestData("Rejestracja/tabR1").getValue("password", row)): Text 'startStop5' is set on object 'Object Repository/Page_PSTO webMessenger/input_Powrt do logowania_pass1'

2021-12-21 17:55:24 - [MESSAGE][PASSED] - Text 'startStop5' is set on object 'Object Repository/Page_PSTO webMessenger/input_Powrt do logowania_pass1'

2021-12-21 17:55:24 - [TEST_STEP][PASSED] - setText(findTestObject("Object Repository/Page_PSTO webMessenger/input_Powrt do logowania_pass2"), findTestData("Rejestracja/tabR1").getValue("password2", row)): Text 'startStop5' is set on object 'Object Repository/Page_PSTO webMessenger/input_Powrt do logowania_pass2'

2021-12-21 17:55:24 - [MESSAGE][PASSED] - Text 'startStop5' is set on object 'Object Repository/Page_PSTO webMessenger/input_Powrt do logowania_pass2'

2021-12-21 17:55:24 - [TEST_STEP][PASSED] - setText(findTestObject("Object Repository/Page_PSTO webMessenger/input_Powrt do logowania_name"), findTestData("Rejestracja/tabR1").getValue("name", row)): Text 'Agata' is set on object 'Object Repository/Page_PSTO webMessenger/input_Powrt do logowania_name'

2021-12-21 17:55:25 - [MESSAGE][PASSED] - Text 'Agata' is set on object 'Object Repository/Page_PSTO webMessenger/input_Powrt do logowania_name'

2021-12-21 17:55:25 - [TEST_STEP][PASSED] - setText(findTestObject("Object Repository/Page_PSTO webMessenger/input_Powrt do logowania_surname"), findTestData("Rejestracja/tabR1").getValue("surname", row)): Text 'Gazur' is set on object 'Object Repository/Page_PSTO webMessenger/input_Powrt do logowania_surname'

2021-12-21 17:55:26 - [MESSAGE][PASSED] - Text 'Gazur' is set on object 'Object Repository/Page_PSTO webMessenger/input_Powrt do logowania_surname'

2021-12-21 17:55:26 - [TEST_STEP][PASSED] - setText(findTestObject("Object Repository/Page_PSTO webMessenger/input_Powrt do logowania_kodgrupy"), findTestData("Rejestracja/tabR1").getValue("group", row)): Text 'wsbgroup2ap' is set on object 'Object Repository/Page_PSTO webMessenger/input_Powrt do logowania_kodgrupy'

2021-12-21 17:55:27 - [MESSAGE][PASSED] - Text 'wsbgroup2ap' is set on object 'Object Repository/Page_PSTO webMessenger/input_Powrt do logowania_kodgrupy'

2021-12-21 17:55:27 - [TEST_STEP][PASSED] - click(findTestObject("Page_PSTO webMessenger/input_Powrt do logowania_register")): Object: 'Object Repository/Page_PSTO webMessenger/input_Powrt do logowania_register' is clicked on

2021-12-21 17:55:27 - [MESSAGE][PASSED] - Object: 'Object Repository/Page_PSTO webMessenger/input_Powrt do logowania_register' is clicked on

2021-12-21 17:55:27 - [TEST_STEP][PASSED] - click(findTestObject("Page_PSTO webMessenger/a_Kliknij, aby si zalogowa")): Object: 'Object Repository/Page_PSTO webMessenger/a_Kliknij, aby si zalogowa' is clicked on

2021-12-21 17:55:28 - [MESSAGE][PASSED] - Object: 'Object Repository/Page_PSTO webMessenger/a_Kliknij, aby si zalogowa' is clicked on

2021-12-21 17:55:28 - [TEST_STEP][PASSED] - setText(findTestObject("Page_PSTO webMessenger/input_Zarejestruj konto_userLogin"), username): Text 'Ameba1640105722029' is set on object 'Object Repository/Page_PSTO webMessenger/input_Zarejestruj konto_userLogin'

2021-12-21 17:55:29 - [MESSAGE][PASSED] - Text 'Ameba1640105722029' is set on object 'Object Repository/Page_PSTO webMessenger/input_Zarejestruj konto_userLogin'

2021-12-21 17:55:29 - [TEST_STEP][PASSED] - setText(findTestObject("Page_PSTO webMessenger/input_Zarejestruj konto_passwordLogin"), findTestData("Rejestracja/tabR1").getValue("password", row)): Text 'startStop5' is set on object 'Object Repository/Page_PSTO webMessenger/input_Zarejestruj konto_passwordLogin'

2021-12-21 17:55:30 - [MESSAGE][PASSED] - Text 'startStop5' is set on object 'Object Repository/Page_PSTO webMessenger/input_Zarejestruj konto_passwordLogin'

2021-12-21 17:55:30 - [TEST_STEP][PASSED] - click(findTestObject("Page_PSTO webMessenger/input_Zarejestruj konto_login")): Object: 'Object Repository/Page_PSTO webMessenger/input_Zarejestruj konto_login' is clicked on

2021-12-21 17:55:30 - [MESSAGE][PASSED] - Object: 'Object Repository/Page_PSTO webMessenger/input_Zarejestruj konto_login' is clicked on

2021-12-21 17:55:30 - [TEST_STEP][PASSED] - click(findTestObject("Page_PSTO webMessenger - Zalogowano/img_Zarejestruj konto_iconImg")): Object: 'Object Repository/Page_PSTO webMessenger - Zalogowano/img_Zarejestruj konto_iconImg' is clicked on

2021-12-21 17:55:31 - [MESSAGE][PASSED] - Object: 'Object Repository/Page_PSTO webMessenger - Zalogowano/img_Zarejestruj konto_iconImg' is clicked on

2021-12-21 17:55:31 - [TEST_STEP][PASSED] - closeBrowser(): Browser is closed

2021-12-21 17:55:32 - [MESSAGE][PASSED] - Browser is closed]]></system-out>
         <system-err><![CDATA[]]></system-err>
      </testcase>
      <testcase name="Test Cases/Rejestracja/R10" time="54.244" classname="Test Cases/Rejestracja/R10" status="PASSED">
         <system-out><![CDATA[2021-12-21 17:55:32 - [TEST_CASE][PASSED] - Test Cases/Rejestracja/R10: Test Cases/Rejestracja/R10

2021-12-21 17:55:33 - [TEST_STEP][PASSED] - openBrowser(""): Browser is opened with url: ''

2021-12-21 17:55:33 - [MESSAGE][INFO] - Starting 'Chrome' driver

2021-12-21 17:55:33 - [MESSAGE][INFO] - Action delay is set to 0 milliseconds

2021-12-21 17:55:35 - [MESSAGE][PASSED] - Browser is opened with url: ''

2021-12-21 17:55:35 - [TEST_STEP][PASSED] - navigateToUrl("http://kmg.hcm.pl/testowanie/index.html"): Navigate to 'http://kmg.hcm.pl/testowanie/index.html' successfully

2021-12-21 17:55:36 - [MESSAGE][PASSED] - Navigate to 'http://kmg.hcm.pl/testowanie/index.html' successfully

2021-12-21 17:55:36 - [TEST_STEP][PASSED] - for ([row = 1, row <= findTestData("Rejestracja/tabR10").getRowNumbers(), (row++)]): Object: 'Object Repository/Page_PSTO webMessenger - Zalogowano/img_Zarejestruj konto_iconImg' is clicked on

2021-12-21 17:55:36 - [TEST_STEP][PASSED] - data = Date().getTime(): null

2021-12-21 17:55:36 - [TEST_STEP][PASSED] - username = "Ameba" + data: null

2021-12-21 17:55:36 - [TEST_STEP][PASSED] - click(findTestObject("Object Repository/Page_PSTO webMessenger/a_Zarejestruj konto")): Object: 'Object Repository/Page_PSTO webMessenger/a_Zarejestruj konto' is clicked on

2021-12-21 17:55:36 - [MESSAGE][PASSED] - Object: 'Object Repository/Page_PSTO webMessenger/a_Zarejestruj konto' is clicked on

2021-12-21 17:55:36 - [TEST_STEP][PASSED] - setText(findTestObject("Object Repository/Page_PSTO webMessenger/input_Powrt do logowania_username"), username): Text 'Ameba1640105736297' is set on object 'Object Repository/Page_PSTO webMessenger/input_Powrt do logowania_username'

2021-12-21 17:55:37 - [MESSAGE][PASSED] - Text 'Ameba1640105736297' is set on object 'Object Repository/Page_PSTO webMessenger/input_Powrt do logowania_username'

2021-12-21 17:55:37 - [TEST_STEP][PASSED] - setText(findTestObject("Object Repository/Page_PSTO webMessenger/input_Powrt do logowania_pass1"), findTestData("Rejestracja/tabR10").getValue("password", row)): Text 'startStop1' is set on object 'Object Repository/Page_PSTO webMessenger/input_Powrt do logowania_pass1'

2021-12-21 17:55:38 - [MESSAGE][PASSED] - Text 'startStop1' is set on object 'Object Repository/Page_PSTO webMessenger/input_Powrt do logowania_pass1'

2021-12-21 17:55:38 - [TEST_STEP][PASSED] - setText(findTestObject("Object Repository/Page_PSTO webMessenger/input_Powrt do logowania_pass2"), findTestData("Rejestracja/tabR10").getValue("password2", row)): Text 'startStop1' is set on object 'Object Repository/Page_PSTO webMessenger/input_Powrt do logowania_pass2'

2021-12-21 17:55:39 - [MESSAGE][PASSED] - Text 'startStop1' is set on object 'Object Repository/Page_PSTO webMessenger/input_Powrt do logowania_pass2'

2021-12-21 17:55:39 - [TEST_STEP][PASSED] - setText(findTestObject("Object Repository/Page_PSTO webMessenger/input_Powrt do logowania_name"), findTestData("Rejestracja/tabR10").getValue("name", row)): Text 'Agata' is set on object 'Object Repository/Page_PSTO webMessenger/input_Powrt do logowania_name'

2021-12-21 17:55:40 - [MESSAGE][PASSED] - Text 'Agata' is set on object 'Object Repository/Page_PSTO webMessenger/input_Powrt do logowania_name'

2021-12-21 17:55:40 - [TEST_STEP][PASSED] - setText(findTestObject("Object Repository/Page_PSTO webMessenger/input_Powrt do logowania_surname"), findTestData("Rejestracja/tabR10").getValue("surname", row)): Text 'Pazur' is set on object 'Object Repository/Page_PSTO webMessenger/input_Powrt do logowania_surname'

2021-12-21 17:55:41 - [MESSAGE][PASSED] - Text 'Pazur' is set on object 'Object Repository/Page_PSTO webMessenger/input_Powrt do logowania_surname'

2021-12-21 17:55:41 - [TEST_STEP][PASSED] - setText(findTestObject("Object Repository/Page_PSTO webMessenger/input_Powrt do logowania_kodgrupy"), findTestData("Rejestracja/tabR10").getValue("group", row)): Text 'wsbgroup2ap' is set on object 'Object Repository/Page_PSTO webMessenger/input_Powrt do logowania_kodgrupy'

2021-12-21 17:55:42 - [MESSAGE][PASSED] - Text 'wsbgroup2ap' is set on object 'Object Repository/Page_PSTO webMessenger/input_Powrt do logowania_kodgrupy'

2021-12-21 17:55:42 - [TEST_STEP][PASSED] - click(findTestObject("Page_PSTO webMessenger/input_Powrt do logowania_register")): Object: 'Object Repository/Page_PSTO webMessenger/input_Powrt do logowania_register' is clicked on

2021-12-21 17:55:42 - [MESSAGE][PASSED] - Object: 'Object Repository/Page_PSTO webMessenger/input_Powrt do logowania_register' is clicked on

2021-12-21 17:55:42 - [TEST_STEP][PASSED] - click(findTestObject("Page_PSTO webMessenger/a_Kliknij, aby si zalogowa")): Object: 'Object Repository/Page_PSTO webMessenger/a_Kliknij, aby si zalogowa' is clicked on

2021-12-21 17:55:43 - [MESSAGE][PASSED] - Object: 'Object Repository/Page_PSTO webMessenger/a_Kliknij, aby si zalogowa' is clicked on

2021-12-21 17:55:43 - [TEST_STEP][PASSED] - setText(findTestObject("Page_PSTO webMessenger/input_Zarejestruj konto_userLogin"), username): Text 'Ameba1640105736297' is set on object 'Object Repository/Page_PSTO webMessenger/input_Zarejestruj konto_userLogin'

2021-12-21 17:55:44 - [MESSAGE][PASSED] - Text 'Ameba1640105736297' is set on object 'Object Repository/Page_PSTO webMessenger/input_Zarejestruj konto_userLogin'

2021-12-21 17:55:44 - [TEST_STEP][PASSED] - setText(findTestObject("Page_PSTO webMessenger/input_Zarejestruj konto_passwordLogin"), findTestData("Rejestracja/tabR10").getValue("password", row)): Text 'startStop1' is set on object 'Object Repository/Page_PSTO webMessenger/input_Zarejestruj konto_passwordLogin'

2021-12-21 17:55:45 - [MESSAGE][PASSED] - Text 'startStop1' is set on object 'Object Repository/Page_PSTO webMessenger/input_Zarejestruj konto_passwordLogin'

2021-12-21 17:55:45 - [TEST_STEP][PASSED] - click(findTestObject("Page_PSTO webMessenger/input_Zarejestruj konto_login")): Object: 'Object Repository/Page_PSTO webMessenger/input_Zarejestruj konto_login' is clicked on

2021-12-21 17:55:45 - [MESSAGE][PASSED] - Object: 'Object Repository/Page_PSTO webMessenger/input_Zarejestruj konto_login' is clicked on

2021-12-21 17:55:45 - [TEST_STEP][PASSED] - click(findTestObject("Page_PSTO webMessenger - Zalogowano/img_Zarejestruj konto_iconImg")): Object: 'Object Repository/Page_PSTO webMessenger - Zalogowano/img_Zarejestruj konto_iconImg' is clicked on

2021-12-21 17:55:46 - [MESSAGE][PASSED] - Object: 'Object Repository/Page_PSTO webMessenger - Zalogowano/img_Zarejestruj konto_iconImg' is clicked on

2021-12-21 17:55:46 - [TEST_STEP][PASSED] - data = Date().getTime(): null

2021-12-21 17:55:46 - [TEST_STEP][PASSED] - username = "Ameba" + data: null

2021-12-21 17:55:46 - [TEST_STEP][PASSED] - click(findTestObject("Object Repository/Page_PSTO webMessenger/a_Zarejestruj konto")): Object: 'Object Repository/Page_PSTO webMessenger/a_Zarejestruj konto' is clicked on

2021-12-21 17:55:47 - [MESSAGE][PASSED] - Object: 'Object Repository/Page_PSTO webMessenger/a_Zarejestruj konto' is clicked on

2021-12-21 17:55:47 - [TEST_STEP][PASSED] - setText(findTestObject("Object Repository/Page_PSTO webMessenger/input_Powrt do logowania_username"), username): Text 'Ameba1640105746979' is set on object 'Object Repository/Page_PSTO webMessenger/input_Powrt do logowania_username'

2021-12-21 17:55:48 - [MESSAGE][PASSED] - Text 'Ameba1640105746979' is set on object 'Object Repository/Page_PSTO webMessenger/input_Powrt do logowania_username'

2021-12-21 17:55:48 - [TEST_STEP][PASSED] - setText(findTestObject("Object Repository/Page_PSTO webMessenger/input_Powrt do logowania_pass1"), findTestData("Rejestracja/tabR10").getValue("password", row)): Text 'startStop2' is set on object 'Object Repository/Page_PSTO webMessenger/input_Powrt do logowania_pass1'

2021-12-21 17:55:49 - [MESSAGE][PASSED] - Text 'startStop2' is set on object 'Object Repository/Page_PSTO webMessenger/input_Powrt do logowania_pass1'

2021-12-21 17:55:49 - [TEST_STEP][PASSED] - setText(findTestObject("Object Repository/Page_PSTO webMessenger/input_Powrt do logowania_pass2"), findTestData("Rejestracja/tabR10").getValue("password2", row)): Text 'startStop2' is set on object 'Object Repository/Page_PSTO webMessenger/input_Powrt do logowania_pass2'

2021-12-21 17:55:50 - [MESSAGE][PASSED] - Text 'startStop2' is set on object 'Object Repository/Page_PSTO webMessenger/input_Powrt do logowania_pass2'

2021-12-21 17:55:50 - [TEST_STEP][PASSED] - setText(findTestObject("Object Repository/Page_PSTO webMessenger/input_Powrt do logowania_name"), findTestData("Rejestracja/tabR10").getValue("name", row)): Text 'Agata' is set on object 'Object Repository/Page_PSTO webMessenger/input_Powrt do logowania_name'

2021-12-21 17:55:50 - [MESSAGE][PASSED] - Text 'Agata' is set on object 'Object Repository/Page_PSTO webMessenger/input_Powrt do logowania_name'

2021-12-21 17:55:50 - [TEST_STEP][PASSED] - setText(findTestObject("Object Repository/Page_PSTO webMessenger/input_Powrt do logowania_surname"), findTestData("Rejestracja/tabR10").getValue("surname", row)): Text 'Lazur' is set on object 'Object Repository/Page_PSTO webMessenger/input_Powrt do logowania_surname'

2021-12-21 17:55:51 - [MESSAGE][PASSED] - Text 'Lazur' is set on object 'Object Repository/Page_PSTO webMessenger/input_Powrt do logowania_surname'

2021-12-21 17:55:51 - [TEST_STEP][PASSED] - setText(findTestObject("Object Repository/Page_PSTO webMessenger/input_Powrt do logowania_kodgrupy"), findTestData("Rejestracja/tabR10").getValue("group", row)): Text 'wsbgroup2ap' is set on object 'Object Repository/Page_PSTO webMessenger/input_Powrt do logowania_kodgrupy'

2021-12-21 17:55:52 - [MESSAGE][PASSED] - Text 'wsbgroup2ap' is set on object 'Object Repository/Page_PSTO webMessenger/input_Powrt do logowania_kodgrupy'

2021-12-21 17:55:52 - [TEST_STEP][PASSED] - click(findTestObject("Page_PSTO webMessenger/input_Powrt do logowania_register")): Object: 'Object Repository/Page_PSTO webMessenger/input_Powrt do logowania_register' is clicked on

2021-12-21 17:55:52 - [MESSAGE][PASSED] - Object: 'Object Repository/Page_PSTO webMessenger/input_Powrt do logowania_register' is clicked on

2021-12-21 17:55:52 - [TEST_STEP][PASSED] - click(findTestObject("Page_PSTO webMessenger/a_Kliknij, aby si zalogowa")): Object: 'Object Repository/Page_PSTO webMessenger/a_Kliknij, aby si zalogowa' is clicked on

2021-12-21 17:55:53 - [MESSAGE][PASSED] - Object: 'Object Repository/Page_PSTO webMessenger/a_Kliknij, aby si zalogowa' is clicked on

2021-12-21 17:55:53 - [TEST_STEP][PASSED] - setText(findTestObject("Page_PSTO webMessenger/input_Zarejestruj konto_userLogin"), username): Text 'Ameba1640105746979' is set on object 'Object Repository/Page_PSTO webMessenger/input_Zarejestruj konto_userLogin'

2021-12-21 17:55:54 - [MESSAGE][PASSED] - Text 'Ameba1640105746979' is set on object 'Object Repository/Page_PSTO webMessenger/input_Zarejestruj konto_userLogin'

2021-12-21 17:55:54 - [TEST_STEP][PASSED] - setText(findTestObject("Page_PSTO webMessenger/input_Zarejestruj konto_passwordLogin"), findTestData("Rejestracja/tabR10").getValue("password", row)): Text 'startStop2' is set on object 'Object Repository/Page_PSTO webMessenger/input_Zarejestruj konto_passwordLogin'

2021-12-21 17:55:55 - [MESSAGE][PASSED] - Text 'startStop2' is set on object 'Object Repository/Page_PSTO webMessenger/input_Zarejestruj konto_passwordLogin'

2021-12-21 17:55:55 - [TEST_STEP][PASSED] - click(findTestObject("Page_PSTO webMessenger/input_Zarejestruj konto_login")): Object: 'Object Repository/Page_PSTO webMessenger/input_Zarejestruj konto_login' is clicked on

2021-12-21 17:55:55 - [MESSAGE][PASSED] - Object: 'Object Repository/Page_PSTO webMessenger/input_Zarejestruj konto_login' is clicked on

2021-12-21 17:55:55 - [TEST_STEP][PASSED] - click(findTestObject("Page_PSTO webMessenger - Zalogowano/img_Zarejestruj konto_iconImg")): Object: 'Object Repository/Page_PSTO webMessenger - Zalogowano/img_Zarejestruj konto_iconImg' is clicked on

2021-12-21 17:55:56 - [MESSAGE][PASSED] - Object: 'Object Repository/Page_PSTO webMessenger - Zalogowano/img_Zarejestruj konto_iconImg' is clicked on

2021-12-21 17:55:56 - [TEST_STEP][PASSED] - data = Date().getTime(): null

2021-12-21 17:55:56 - [TEST_STEP][PASSED] - username = "Ameba" + data: null

2021-12-21 17:55:56 - [TEST_STEP][PASSED] - click(findTestObject("Object Repository/Page_PSTO webMessenger/a_Zarejestruj konto")): Object: 'Object Repository/Page_PSTO webMessenger/a_Zarejestruj konto' is clicked on

2021-12-21 17:55:57 - [MESSAGE][PASSED] - Object: 'Object Repository/Page_PSTO webMessenger/a_Zarejestruj konto' is clicked on

2021-12-21 17:55:57 - [TEST_STEP][PASSED] - setText(findTestObject("Object Repository/Page_PSTO webMessenger/input_Powrt do logowania_username"), username): Text 'Ameba1640105756783' is set on object 'Object Repository/Page_PSTO webMessenger/input_Powrt do logowania_username'

2021-12-21 17:55:58 - [MESSAGE][PASSED] - Text 'Ameba1640105756783' is set on object 'Object Repository/Page_PSTO webMessenger/input_Powrt do logowania_username'

2021-12-21 17:55:58 - [TEST_STEP][PASSED] - setText(findTestObject("Object Repository/Page_PSTO webMessenger/input_Powrt do logowania_pass1"), findTestData("Rejestracja/tabR10").getValue("password", row)): Text 'startStop3' is set on object 'Object Repository/Page_PSTO webMessenger/input_Powrt do logowania_pass1'

2021-12-21 17:55:58 - [MESSAGE][PASSED] - Text 'startStop3' is set on object 'Object Repository/Page_PSTO webMessenger/input_Powrt do logowania_pass1'

2021-12-21 17:55:58 - [TEST_STEP][PASSED] - setText(findTestObject("Object Repository/Page_PSTO webMessenger/input_Powrt do logowania_pass2"), findTestData("Rejestracja/tabR10").getValue("password2", row)): Text 'startStop3' is set on object 'Object Repository/Page_PSTO webMessenger/input_Powrt do logowania_pass2'

2021-12-21 17:55:59 - [MESSAGE][PASSED] - Text 'startStop3' is set on object 'Object Repository/Page_PSTO webMessenger/input_Powrt do logowania_pass2'

2021-12-21 17:55:59 - [TEST_STEP][PASSED] - setText(findTestObject("Object Repository/Page_PSTO webMessenger/input_Powrt do logowania_name"), findTestData("Rejestracja/tabR10").getValue("name", row)): Text 'Agata' is set on object 'Object Repository/Page_PSTO webMessenger/input_Powrt do logowania_name'

2021-12-21 17:56:00 - [MESSAGE][PASSED] - Text 'Agata' is set on object 'Object Repository/Page_PSTO webMessenger/input_Powrt do logowania_name'

2021-12-21 17:56:00 - [TEST_STEP][PASSED] - setText(findTestObject("Object Repository/Page_PSTO webMessenger/input_Powrt do logowania_surname"), findTestData("Rejestracja/tabR10").getValue("surname", row)): Text 'Mazur' is set on object 'Object Repository/Page_PSTO webMessenger/input_Powrt do logowania_surname'

2021-12-21 17:56:01 - [MESSAGE][PASSED] - Text 'Mazur' is set on object 'Object Repository/Page_PSTO webMessenger/input_Powrt do logowania_surname'

2021-12-21 17:56:01 - [TEST_STEP][PASSED] - setText(findTestObject("Object Repository/Page_PSTO webMessenger/input_Powrt do logowania_kodgrupy"), findTestData("Rejestracja/tabR10").getValue("group", row)): Text 'wsbgroup2ap' is set on object 'Object Repository/Page_PSTO webMessenger/input_Powrt do logowania_kodgrupy'

2021-12-21 17:56:02 - [MESSAGE][PASSED] - Text 'wsbgroup2ap' is set on object 'Object Repository/Page_PSTO webMessenger/input_Powrt do logowania_kodgrupy'

2021-12-21 17:56:02 - [TEST_STEP][PASSED] - click(findTestObject("Page_PSTO webMessenger/input_Powrt do logowania_register")): Object: 'Object Repository/Page_PSTO webMessenger/input_Powrt do logowania_register' is clicked on

2021-12-21 17:56:02 - [MESSAGE][PASSED] - Object: 'Object Repository/Page_PSTO webMessenger/input_Powrt do logowania_register' is clicked on

2021-12-21 17:56:02 - [TEST_STEP][PASSED] - click(findTestObject("Page_PSTO webMessenger/a_Kliknij, aby si zalogowa")): Object: 'Object Repository/Page_PSTO webMessenger/a_Kliknij, aby si zalogowa' is clicked on

2021-12-21 17:56:03 - [MESSAGE][PASSED] - Object: 'Object Repository/Page_PSTO webMessenger/a_Kliknij, aby si zalogowa' is clicked on

2021-12-21 17:56:03 - [TEST_STEP][PASSED] - setText(findTestObject("Page_PSTO webMessenger/input_Zarejestruj konto_userLogin"), username): Text 'Ameba1640105756783' is set on object 'Object Repository/Page_PSTO webMessenger/input_Zarejestruj konto_userLogin'

2021-12-21 17:56:04 - [MESSAGE][PASSED] - Text 'Ameba1640105756783' is set on object 'Object Repository/Page_PSTO webMessenger/input_Zarejestruj konto_userLogin'

2021-12-21 17:56:04 - [TEST_STEP][PASSED] - setText(findTestObject("Page_PSTO webMessenger/input_Zarejestruj konto_passwordLogin"), findTestData("Rejestracja/tabR10").getValue("password", row)): Text 'startStop3' is set on object 'Object Repository/Page_PSTO webMessenger/input_Zarejestruj konto_passwordLogin'

2021-12-21 17:56:05 - [MESSAGE][PASSED] - Text 'startStop3' is set on object 'Object Repository/Page_PSTO webMessenger/input_Zarejestruj konto_passwordLogin'

2021-12-21 17:56:05 - [TEST_STEP][PASSED] - click(findTestObject("Page_PSTO webMessenger/input_Zarejestruj konto_login")): Object: 'Object Repository/Page_PSTO webMessenger/input_Zarejestruj konto_login' is clicked on

2021-12-21 17:56:05 - [MESSAGE][PASSED] - Object: 'Object Repository/Page_PSTO webMessenger/input_Zarejestruj konto_login' is clicked on

2021-12-21 17:56:05 - [TEST_STEP][PASSED] - click(findTestObject("Page_PSTO webMessenger - Zalogowano/img_Zarejestruj konto_iconImg")): Object: 'Object Repository/Page_PSTO webMessenger - Zalogowano/img_Zarejestruj konto_iconImg' is clicked on

2021-12-21 17:56:06 - [MESSAGE][PASSED] - Object: 'Object Repository/Page_PSTO webMessenger - Zalogowano/img_Zarejestruj konto_iconImg' is clicked on

2021-12-21 17:56:06 - [TEST_STEP][PASSED] - data = Date().getTime(): null

2021-12-21 17:56:06 - [TEST_STEP][PASSED] - username = "Ameba" + data: null

2021-12-21 17:56:06 - [TEST_STEP][PASSED] - click(findTestObject("Object Repository/Page_PSTO webMessenger/a_Zarejestruj konto")): Object: 'Object Repository/Page_PSTO webMessenger/a_Zarejestruj konto' is clicked on

2021-12-21 17:56:07 - [MESSAGE][PASSED] - Object: 'Object Repository/Page_PSTO webMessenger/a_Zarejestruj konto' is clicked on

2021-12-21 17:56:07 - [TEST_STEP][PASSED] - setText(findTestObject("Object Repository/Page_PSTO webMessenger/input_Powrt do logowania_username"), username): Text 'Ameba1640105766597' is set on object 'Object Repository/Page_PSTO webMessenger/input_Powrt do logowania_username'

2021-12-21 17:56:07 - [MESSAGE][PASSED] - Text 'Ameba1640105766597' is set on object 'Object Repository/Page_PSTO webMessenger/input_Powrt do logowania_username'

2021-12-21 17:56:07 - [TEST_STEP][PASSED] - setText(findTestObject("Object Repository/Page_PSTO webMessenger/input_Powrt do logowania_pass1"), findTestData("Rejestracja/tabR10").getValue("password", row)): Text 'startStop4' is set on object 'Object Repository/Page_PSTO webMessenger/input_Powrt do logowania_pass1'

2021-12-21 17:56:08 - [MESSAGE][PASSED] - Text 'startStop4' is set on object 'Object Repository/Page_PSTO webMessenger/input_Powrt do logowania_pass1'

2021-12-21 17:56:08 - [TEST_STEP][PASSED] - setText(findTestObject("Object Repository/Page_PSTO webMessenger/input_Powrt do logowania_pass2"), findTestData("Rejestracja/tabR10").getValue("password2", row)): Text 'startStop4' is set on object 'Object Repository/Page_PSTO webMessenger/input_Powrt do logowania_pass2'

2021-12-21 17:56:09 - [MESSAGE][PASSED] - Text 'startStop4' is set on object 'Object Repository/Page_PSTO webMessenger/input_Powrt do logowania_pass2'

2021-12-21 17:56:09 - [TEST_STEP][PASSED] - setText(findTestObject("Object Repository/Page_PSTO webMessenger/input_Powrt do logowania_name"), findTestData("Rejestracja/tabR10").getValue("name", row)): Text 'Agata' is set on object 'Object Repository/Page_PSTO webMessenger/input_Powrt do logowania_name'

2021-12-21 17:56:10 - [MESSAGE][PASSED] - Text 'Agata' is set on object 'Object Repository/Page_PSTO webMessenger/input_Powrt do logowania_name'

2021-12-21 17:56:10 - [TEST_STEP][PASSED] - setText(findTestObject("Object Repository/Page_PSTO webMessenger/input_Powrt do logowania_surname"), findTestData("Rejestracja/tabR10").getValue("surname", row)): Text 'Kazur' is set on object 'Object Repository/Page_PSTO webMessenger/input_Powrt do logowania_surname'

2021-12-21 17:56:11 - [MESSAGE][PASSED] - Text 'Kazur' is set on object 'Object Repository/Page_PSTO webMessenger/input_Powrt do logowania_surname'

2021-12-21 17:56:11 - [TEST_STEP][PASSED] - setText(findTestObject("Object Repository/Page_PSTO webMessenger/input_Powrt do logowania_kodgrupy"), findTestData("Rejestracja/tabR10").getValue("group", row)): Text 'wsbgroup2ap' is set on object 'Object Repository/Page_PSTO webMessenger/input_Powrt do logowania_kodgrupy'

2021-12-21 17:56:11 - [MESSAGE][PASSED] - Text 'wsbgroup2ap' is set on object 'Object Repository/Page_PSTO webMessenger/input_Powrt do logowania_kodgrupy'

2021-12-21 17:56:11 - [TEST_STEP][PASSED] - click(findTestObject("Page_PSTO webMessenger/input_Powrt do logowania_register")): Object: 'Object Repository/Page_PSTO webMessenger/input_Powrt do logowania_register' is clicked on

2021-12-21 17:56:12 - [MESSAGE][PASSED] - Object: 'Object Repository/Page_PSTO webMessenger/input_Powrt do logowania_register' is clicked on

2021-12-21 17:56:12 - [TEST_STEP][PASSED] - click(findTestObject("Page_PSTO webMessenger/a_Kliknij, aby si zalogowa")): Object: 'Object Repository/Page_PSTO webMessenger/a_Kliknij, aby si zalogowa' is clicked on

2021-12-21 17:56:13 - [MESSAGE][PASSED] - Object: 'Object Repository/Page_PSTO webMessenger/a_Kliknij, aby si zalogowa' is clicked on

2021-12-21 17:56:13 - [TEST_STEP][PASSED] - setText(findTestObject("Page_PSTO webMessenger/input_Zarejestruj konto_userLogin"), username): Text 'Ameba1640105766597' is set on object 'Object Repository/Page_PSTO webMessenger/input_Zarejestruj konto_userLogin'

2021-12-21 17:56:14 - [MESSAGE][PASSED] - Text 'Ameba1640105766597' is set on object 'Object Repository/Page_PSTO webMessenger/input_Zarejestruj konto_userLogin'

2021-12-21 17:56:14 - [TEST_STEP][PASSED] - setText(findTestObject("Page_PSTO webMessenger/input_Zarejestruj konto_passwordLogin"), findTestData("Rejestracja/tabR10").getValue("password", row)): Text 'startStop4' is set on object 'Object Repository/Page_PSTO webMessenger/input_Zarejestruj konto_passwordLogin'

2021-12-21 17:56:14 - [MESSAGE][PASSED] - Text 'startStop4' is set on object 'Object Repository/Page_PSTO webMessenger/input_Zarejestruj konto_passwordLogin'

2021-12-21 17:56:14 - [TEST_STEP][PASSED] - click(findTestObject("Page_PSTO webMessenger/input_Zarejestruj konto_login")): Object: 'Object Repository/Page_PSTO webMessenger/input_Zarejestruj konto_login' is clicked on

2021-12-21 17:56:15 - [MESSAGE][PASSED] - Object: 'Object Repository/Page_PSTO webMessenger/input_Zarejestruj konto_login' is clicked on

2021-12-21 17:56:15 - [TEST_STEP][PASSED] - click(findTestObject("Page_PSTO webMessenger - Zalogowano/img_Zarejestruj konto_iconImg")): Object: 'Object Repository/Page_PSTO webMessenger - Zalogowano/img_Zarejestruj konto_iconImg' is clicked on

2021-12-21 17:56:16 - [MESSAGE][PASSED] - Object: 'Object Repository/Page_PSTO webMessenger - Zalogowano/img_Zarejestruj konto_iconImg' is clicked on

2021-12-21 17:56:16 - [TEST_STEP][PASSED] - data = Date().getTime(): null

2021-12-21 17:56:16 - [TEST_STEP][PASSED] - username = "Ameba" + data: null

2021-12-21 17:56:16 - [TEST_STEP][PASSED] - click(findTestObject("Object Repository/Page_PSTO webMessenger/a_Zarejestruj konto")): Object: 'Object Repository/Page_PSTO webMessenger/a_Zarejestruj konto' is clicked on

2021-12-21 17:56:16 - [MESSAGE][PASSED] - Object: 'Object Repository/Page_PSTO webMessenger/a_Zarejestruj konto' is clicked on

2021-12-21 17:56:16 - [TEST_STEP][PASSED] - setText(findTestObject("Object Repository/Page_PSTO webMessenger/input_Powrt do logowania_username"), username): Text 'Ameba1640105776228' is set on object 'Object Repository/Page_PSTO webMessenger/input_Powrt do logowania_username'

2021-12-21 17:56:17 - [MESSAGE][PASSED] - Text 'Ameba1640105776228' is set on object 'Object Repository/Page_PSTO webMessenger/input_Powrt do logowania_username'

2021-12-21 17:56:17 - [TEST_STEP][PASSED] - setText(findTestObject("Object Repository/Page_PSTO webMessenger/input_Powrt do logowania_pass1"), findTestData("Rejestracja/tabR10").getValue("password", row)): Text 'startStop5' is set on object 'Object Repository/Page_PSTO webMessenger/input_Powrt do logowania_pass1'

2021-12-21 17:56:18 - [MESSAGE][PASSED] - Text 'startStop5' is set on object 'Object Repository/Page_PSTO webMessenger/input_Powrt do logowania_pass1'

2021-12-21 17:56:18 - [TEST_STEP][PASSED] - setText(findTestObject("Object Repository/Page_PSTO webMessenger/input_Powrt do logowania_pass2"), findTestData("Rejestracja/tabR10").getValue("password2", row)): Text 'startStop5' is set on object 'Object Repository/Page_PSTO webMessenger/input_Powrt do logowania_pass2'

2021-12-21 17:56:19 - [MESSAGE][PASSED] - Text 'startStop5' is set on object 'Object Repository/Page_PSTO webMessenger/input_Powrt do logowania_pass2'

2021-12-21 17:56:19 - [TEST_STEP][PASSED] - setText(findTestObject("Object Repository/Page_PSTO webMessenger/input_Powrt do logowania_name"), findTestData("Rejestracja/tabR10").getValue("name", row)): Text 'Agata' is set on object 'Object Repository/Page_PSTO webMessenger/input_Powrt do logowania_name'

2021-12-21 17:56:20 - [MESSAGE][PASSED] - Text 'Agata' is set on object 'Object Repository/Page_PSTO webMessenger/input_Powrt do logowania_name'

2021-12-21 17:56:20 - [TEST_STEP][PASSED] - setText(findTestObject("Object Repository/Page_PSTO webMessenger/input_Powrt do logowania_surname"), findTestData("Rejestracja/tabR10").getValue("surname", row)): Text 'Gazur' is set on object 'Object Repository/Page_PSTO webMessenger/input_Powrt do logowania_surname'

2021-12-21 17:56:20 - [MESSAGE][PASSED] - Text 'Gazur' is set on object 'Object Repository/Page_PSTO webMessenger/input_Powrt do logowania_surname'

2021-12-21 17:56:20 - [TEST_STEP][PASSED] - setText(findTestObject("Object Repository/Page_PSTO webMessenger/input_Powrt do logowania_kodgrupy"), findTestData("Rejestracja/tabR10").getValue("group", row)): Text 'wsbgroup2ap' is set on object 'Object Repository/Page_PSTO webMessenger/input_Powrt do logowania_kodgrupy'

2021-12-21 17:56:21 - [MESSAGE][PASSED] - Text 'wsbgroup2ap' is set on object 'Object Repository/Page_PSTO webMessenger/input_Powrt do logowania_kodgrupy'

2021-12-21 17:56:21 - [TEST_STEP][PASSED] - click(findTestObject("Page_PSTO webMessenger/input_Powrt do logowania_register")): Object: 'Object Repository/Page_PSTO webMessenger/input_Powrt do logowania_register' is clicked on

2021-12-21 17:56:22 - [MESSAGE][PASSED] - Object: 'Object Repository/Page_PSTO webMessenger/input_Powrt do logowania_register' is clicked on

2021-12-21 17:56:22 - [TEST_STEP][PASSED] - click(findTestObject("Page_PSTO webMessenger/a_Kliknij, aby si zalogowa")): Object: 'Object Repository/Page_PSTO webMessenger/a_Kliknij, aby si zalogowa' is clicked on

2021-12-21 17:56:22 - [MESSAGE][PASSED] - Object: 'Object Repository/Page_PSTO webMessenger/a_Kliknij, aby si zalogowa' is clicked on

2021-12-21 17:56:22 - [TEST_STEP][PASSED] - setText(findTestObject("Page_PSTO webMessenger/input_Zarejestruj konto_userLogin"), username): Text 'Ameba1640105776228' is set on object 'Object Repository/Page_PSTO webMessenger/input_Zarejestruj konto_userLogin'

2021-12-21 17:56:23 - [MESSAGE][PASSED] - Text 'Ameba1640105776228' is set on object 'Object Repository/Page_PSTO webMessenger/input_Zarejestruj konto_userLogin'

2021-12-21 17:56:23 - [TEST_STEP][PASSED] - setText(findTestObject("Page_PSTO webMessenger/input_Zarejestruj konto_passwordLogin"), findTestData("Rejestracja/tabR10").getValue("password", row)): Text 'startStop5' is set on object 'Object Repository/Page_PSTO webMessenger/input_Zarejestruj konto_passwordLogin'

2021-12-21 17:56:24 - [MESSAGE][PASSED] - Text 'startStop5' is set on object 'Object Repository/Page_PSTO webMessenger/input_Zarejestruj konto_passwordLogin'

2021-12-21 17:56:24 - [TEST_STEP][PASSED] - click(findTestObject("Page_PSTO webMessenger/input_Zarejestruj konto_login")): Object: 'Object Repository/Page_PSTO webMessenger/input_Zarejestruj konto_login' is clicked on

2021-12-21 17:56:25 - [MESSAGE][PASSED] - Object: 'Object Repository/Page_PSTO webMessenger/input_Zarejestruj konto_login' is clicked on

2021-12-21 17:56:25 - [TEST_STEP][PASSED] - click(findTestObject("Page_PSTO webMessenger - Zalogowano/img_Zarejestruj konto_iconImg")): Object: 'Object Repository/Page_PSTO webMessenger - Zalogowano/img_Zarejestruj konto_iconImg' is clicked on

2021-12-21 17:56:26 - [MESSAGE][PASSED] - Object: 'Object Repository/Page_PSTO webMessenger - Zalogowano/img_Zarejestruj konto_iconImg' is clicked on

2021-12-21 17:56:26 - [TEST_STEP][PASSED] - closeBrowser(): Browser is closed

2021-12-21 17:56:26 - [MESSAGE][PASSED] - Browser is closed]]></system-out>
         <system-err><![CDATA[]]></system-err>
      </testcase>
      <testcase name="Test Cases/Rejestracja/R11" time="126.932" classname="Test Cases/Rejestracja/R11" status="PASSED">
         <system-out><![CDATA[2021-12-21 17:56:26 - [TEST_CASE][PASSED] - Test Cases/Rejestracja/R11: Test Cases/Rejestracja/R11

2021-12-21 17:56:27 - [TEST_STEP][PASSED] - openBrowser(""): Browser is opened with url: ''

2021-12-21 17:56:27 - [MESSAGE][INFO] - Starting 'Chrome' driver

2021-12-21 17:56:27 - [MESSAGE][INFO] - Action delay is set to 0 milliseconds

2021-12-21 17:56:29 - [MESSAGE][PASSED] - Browser is opened with url: ''

2021-12-21 17:56:29 - [TEST_STEP][PASSED] - navigateToUrl("http://kmg.hcm.pl/testowanie/index.html"): Navigate to 'http://kmg.hcm.pl/testowanie/index.html' successfully

2021-12-21 17:56:30 - [MESSAGE][PASSED] - Navigate to 'http://kmg.hcm.pl/testowanie/index.html' successfully

2021-12-21 17:56:30 - [TEST_STEP][PASSED] - for ([row = 1, row <= findTestData("Rejestracja/tabR11").getRowNumbers(), (row++)]): Object: 'Object Repository/Page_PSTO webMessenger - Zalogowano/img_Zarejestruj konto_iconImg' is clicked on

2021-12-21 17:56:30 - [TEST_STEP][PASSED] - data = Date().getTime(): null

2021-12-21 17:56:30 - [TEST_STEP][PASSED] - username = "Ameba" + data: null

2021-12-21 17:56:30 - [TEST_STEP][PASSED] - click(findTestObject("Object Repository/Page_PSTO webMessenger/a_Zarejestruj konto")): Object: 'Object Repository/Page_PSTO webMessenger/a_Zarejestruj konto' is clicked on

2021-12-21 17:56:31 - [MESSAGE][PASSED] - Object: 'Object Repository/Page_PSTO webMessenger/a_Zarejestruj konto' is clicked on

2021-12-21 17:56:31 - [TEST_STEP][PASSED] - setText(findTestObject("Object Repository/Page_PSTO webMessenger/input_Powrt do logowania_username"), username): Text 'Ameba1640105790375' is set on object 'Object Repository/Page_PSTO webMessenger/input_Powrt do logowania_username'

2021-12-21 17:56:31 - [MESSAGE][PASSED] - Text 'Ameba1640105790375' is set on object 'Object Repository/Page_PSTO webMessenger/input_Powrt do logowania_username'

2021-12-21 17:56:31 - [TEST_STEP][PASSED] - setText(findTestObject("Object Repository/Page_PSTO webMessenger/input_Powrt do logowania_pass1"), findTestData("Rejestracja/tabR11").getValue("password", row)): Text 'startStop1' is set on object 'Object Repository/Page_PSTO webMessenger/input_Powrt do logowania_pass1'

2021-12-21 17:56:32 - [MESSAGE][PASSED] - Text 'startStop1' is set on object 'Object Repository/Page_PSTO webMessenger/input_Powrt do logowania_pass1'

2021-12-21 17:56:32 - [TEST_STEP][PASSED] - setText(findTestObject("Object Repository/Page_PSTO webMessenger/input_Powrt do logowania_pass2"), findTestData("Rejestracja/tabR11").getValue("password2", row)): Text 'startStop1' is set on object 'Object Repository/Page_PSTO webMessenger/input_Powrt do logowania_pass2'

2021-12-21 17:56:33 - [MESSAGE][PASSED] - Text 'startStop1' is set on object 'Object Repository/Page_PSTO webMessenger/input_Powrt do logowania_pass2'

2021-12-21 17:56:33 - [TEST_STEP][PASSED] - setText(findTestObject("Object Repository/Page_PSTO webMessenger/input_Powrt do logowania_name"), findTestData("Rejestracja/tabR11").getValue("name", row)): Text 'Agataś' is set on object 'Object Repository/Page_PSTO webMessenger/input_Powrt do logowania_name'

2021-12-21 17:56:34 - [MESSAGE][PASSED] - Text 'Agataś' is set on object 'Object Repository/Page_PSTO webMessenger/input_Powrt do logowania_name'

2021-12-21 17:56:34 - [TEST_STEP][PASSED] - setText(findTestObject("Object Repository/Page_PSTO webMessenger/input_Powrt do logowania_surname"), findTestData("Rejestracja/tabR11").getValue("surname", row)): Text 'Pazur' is set on object 'Object Repository/Page_PSTO webMessenger/input_Powrt do logowania_surname'

2021-12-21 17:56:35 - [MESSAGE][PASSED] - Text 'Pazur' is set on object 'Object Repository/Page_PSTO webMessenger/input_Powrt do logowania_surname'

2021-12-21 17:56:35 - [TEST_STEP][PASSED] - setText(findTestObject("Object Repository/Page_PSTO webMessenger/input_Powrt do logowania_kodgrupy"), findTestData("Rejestracja/tabR11").getValue("group", row)): Text 'wsbgroup2ap' is set on object 'Object Repository/Page_PSTO webMessenger/input_Powrt do logowania_kodgrupy'

2021-12-21 17:56:36 - [MESSAGE][PASSED] - Text 'wsbgroup2ap' is set on object 'Object Repository/Page_PSTO webMessenger/input_Powrt do logowania_kodgrupy'

2021-12-21 17:56:36 - [TEST_STEP][PASSED] - click(findTestObject("Page_PSTO webMessenger/input_Powrt do logowania_register"), CONTINUE_ON_FAILURE): Object: 'Object Repository/Page_PSTO webMessenger/input_Powrt do logowania_register' is clicked on

2021-12-21 17:56:36 - [MESSAGE][PASSED] - Object: 'Object Repository/Page_PSTO webMessenger/input_Powrt do logowania_register' is clicked on

2021-12-21 17:56:36 - [TEST_STEP][PASSED] - click(findTestObject("Page_PSTO webMessenger/a_Kliknij, aby si zalogowa"), CONTINUE_ON_FAILURE): Object: 'Object Repository/Page_PSTO webMessenger/a_Kliknij, aby si zalogowa' is clicked on

2021-12-21 17:56:37 - [MESSAGE][PASSED] - Object: 'Object Repository/Page_PSTO webMessenger/a_Kliknij, aby si zalogowa' is clicked on

2021-12-21 17:56:37 - [TEST_STEP][PASSED] - setText(findTestObject("Page_PSTO webMessenger/input_Zarejestruj konto_userLogin"), username): Text 'Ameba1640105790375' is set on object 'Object Repository/Page_PSTO webMessenger/input_Zarejestruj konto_userLogin'

2021-12-21 17:56:38 - [MESSAGE][PASSED] - Text 'Ameba1640105790375' is set on object 'Object Repository/Page_PSTO webMessenger/input_Zarejestruj konto_userLogin'

2021-12-21 17:56:38 - [TEST_STEP][PASSED] - setText(findTestObject("Page_PSTO webMessenger/input_Zarejestruj konto_passwordLogin"), findTestData("Rejestracja/tabR11").getValue("password", row)): Text 'startStop1' is set on object 'Object Repository/Page_PSTO webMessenger/input_Zarejestruj konto_passwordLogin'

2021-12-21 17:56:39 - [MESSAGE][PASSED] - Text 'startStop1' is set on object 'Object Repository/Page_PSTO webMessenger/input_Zarejestruj konto_passwordLogin'

2021-12-21 17:56:39 - [TEST_STEP][PASSED] - click(findTestObject("Page_PSTO webMessenger/input_Zarejestruj konto_login"), CONTINUE_ON_FAILURE): Object: 'Object Repository/Page_PSTO webMessenger/input_Zarejestruj konto_login' is clicked on

2021-12-21 17:56:40 - [MESSAGE][PASSED] - Object: 'Object Repository/Page_PSTO webMessenger/input_Zarejestruj konto_login' is clicked on

2021-12-21 17:56:40 - [TEST_STEP][PASSED] - takeScreenshot(data + "bugR11.png"): Taking screenshot successfully

2021-12-21 17:56:41 - [MESSAGE][PASSED] - Taking screenshot successfully
[[ATTACHMENT|C:\\Users\\agata\\git\\PTSOWebKounikator\\Reports\\20211221_175426\\R-tests\\20211221_175426\\1640105790375bugR11.png]]

2021-12-21 17:56:41 - [TEST_STEP][PASSED] - click(findTestObject("Page_PSTO webMessenger - Zalogowano/img_Zarejestruj konto_iconImg"), CONTINUE_ON_FAILURE): Object: 'Object Repository/Page_PSTO webMessenger - Zalogowano/img_Zarejestruj konto_iconImg' is clicked on

2021-12-21 17:56:41 - [MESSAGE][PASSED] - Object: 'Object Repository/Page_PSTO webMessenger - Zalogowano/img_Zarejestruj konto_iconImg' is clicked on

2021-12-21 17:56:41 - [TEST_STEP][PASSED] - data = Date().getTime(): null

2021-12-21 17:56:41 - [TEST_STEP][PASSED] - username = "Ameba" + data: null

2021-12-21 17:56:41 - [TEST_STEP][PASSED] - click(findTestObject("Object Repository/Page_PSTO webMessenger/a_Zarejestruj konto")): Object: 'Object Repository/Page_PSTO webMessenger/a_Zarejestruj konto' is clicked on

2021-12-21 17:56:42 - [MESSAGE][PASSED] - Object: 'Object Repository/Page_PSTO webMessenger/a_Zarejestruj konto' is clicked on

2021-12-21 17:56:42 - [TEST_STEP][PASSED] - setText(findTestObject("Object Repository/Page_PSTO webMessenger/input_Powrt do logowania_username"), username): Text 'Ameba1640105801679' is set on object 'Object Repository/Page_PSTO webMessenger/input_Powrt do logowania_username'

2021-12-21 17:56:43 - [MESSAGE][PASSED] - Text 'Ameba1640105801679' is set on object 'Object Repository/Page_PSTO webMessenger/input_Powrt do logowania_username'

2021-12-21 17:56:43 - [TEST_STEP][PASSED] - setText(findTestObject("Object Repository/Page_PSTO webMessenger/input_Powrt do logowania_pass1"), findTestData("Rejestracja/tabR11").getValue("password", row)): Text 'startStop2' is set on object 'Object Repository/Page_PSTO webMessenger/input_Powrt do logowania_pass1'

2021-12-21 17:56:43 - [MESSAGE][PASSED] - Text 'startStop2' is set on object 'Object Repository/Page_PSTO webMessenger/input_Powrt do logowania_pass1'

2021-12-21 17:56:43 - [TEST_STEP][PASSED] - setText(findTestObject("Object Repository/Page_PSTO webMessenger/input_Powrt do logowania_pass2"), findTestData("Rejestracja/tabR11").getValue("password2", row)): Text 'startStop2' is set on object 'Object Repository/Page_PSTO webMessenger/input_Powrt do logowania_pass2'

2021-12-21 17:56:44 - [MESSAGE][PASSED] - Text 'startStop2' is set on object 'Object Repository/Page_PSTO webMessenger/input_Powrt do logowania_pass2'

2021-12-21 17:56:44 - [TEST_STEP][PASSED] - setText(findTestObject("Object Repository/Page_PSTO webMessenger/input_Powrt do logowania_name"), findTestData("Rejestracja/tabR11").getValue("name", row)): Text 'Agatań' is set on object 'Object Repository/Page_PSTO webMessenger/input_Powrt do logowania_name'

2021-12-21 17:56:45 - [MESSAGE][PASSED] - Text 'Agatań' is set on object 'Object Repository/Page_PSTO webMessenger/input_Powrt do logowania_name'

2021-12-21 17:56:45 - [TEST_STEP][PASSED] - setText(findTestObject("Object Repository/Page_PSTO webMessenger/input_Powrt do logowania_surname"), findTestData("Rejestracja/tabR11").getValue("surname", row)): Text 'Lazur' is set on object 'Object Repository/Page_PSTO webMessenger/input_Powrt do logowania_surname'

2021-12-21 17:56:46 - [MESSAGE][PASSED] - Text 'Lazur' is set on object 'Object Repository/Page_PSTO webMessenger/input_Powrt do logowania_surname'

2021-12-21 17:56:46 - [TEST_STEP][PASSED] - setText(findTestObject("Object Repository/Page_PSTO webMessenger/input_Powrt do logowania_kodgrupy"), findTestData("Rejestracja/tabR11").getValue("group", row)): Text 'wsbgroup2ap' is set on object 'Object Repository/Page_PSTO webMessenger/input_Powrt do logowania_kodgrupy'

2021-12-21 17:56:46 - [MESSAGE][PASSED] - Text 'wsbgroup2ap' is set on object 'Object Repository/Page_PSTO webMessenger/input_Powrt do logowania_kodgrupy'

2021-12-21 17:56:46 - [TEST_STEP][PASSED] - click(findTestObject("Page_PSTO webMessenger/input_Powrt do logowania_register"), CONTINUE_ON_FAILURE): Object: 'Object Repository/Page_PSTO webMessenger/input_Powrt do logowania_register' is clicked on

2021-12-21 17:56:47 - [MESSAGE][PASSED] - Object: 'Object Repository/Page_PSTO webMessenger/input_Powrt do logowania_register' is clicked on

2021-12-21 17:56:47 - [TEST_STEP][PASSED] - click(findTestObject("Page_PSTO webMessenger/a_Kliknij, aby si zalogowa"), CONTINUE_ON_FAILURE): Object: 'Object Repository/Page_PSTO webMessenger/a_Kliknij, aby si zalogowa' is clicked on

2021-12-21 17:56:48 - [MESSAGE][PASSED] - Object: 'Object Repository/Page_PSTO webMessenger/a_Kliknij, aby si zalogowa' is clicked on

2021-12-21 17:56:48 - [TEST_STEP][PASSED] - setText(findTestObject("Page_PSTO webMessenger/input_Zarejestruj konto_userLogin"), username): Text 'Ameba1640105801679' is set on object 'Object Repository/Page_PSTO webMessenger/input_Zarejestruj konto_userLogin'

2021-12-21 17:56:49 - [MESSAGE][PASSED] - Text 'Ameba1640105801679' is set on object 'Object Repository/Page_PSTO webMessenger/input_Zarejestruj konto_userLogin'

2021-12-21 17:56:49 - [TEST_STEP][PASSED] - setText(findTestObject("Page_PSTO webMessenger/input_Zarejestruj konto_passwordLogin"), findTestData("Rejestracja/tabR11").getValue("password", row)): Text 'startStop2' is set on object 'Object Repository/Page_PSTO webMessenger/input_Zarejestruj konto_passwordLogin'

2021-12-21 17:56:49 - [MESSAGE][PASSED] - Text 'startStop2' is set on object 'Object Repository/Page_PSTO webMessenger/input_Zarejestruj konto_passwordLogin'

2021-12-21 17:56:49 - [TEST_STEP][PASSED] - click(findTestObject("Page_PSTO webMessenger/input_Zarejestruj konto_login"), CONTINUE_ON_FAILURE): Object: 'Object Repository/Page_PSTO webMessenger/input_Zarejestruj konto_login' is clicked on

2021-12-21 17:56:50 - [MESSAGE][PASSED] - Object: 'Object Repository/Page_PSTO webMessenger/input_Zarejestruj konto_login' is clicked on

2021-12-21 17:56:50 - [TEST_STEP][PASSED] - takeScreenshot(data + "bugR11.png"): Taking screenshot successfully

2021-12-21 17:56:51 - [MESSAGE][PASSED] - Taking screenshot successfully
[[ATTACHMENT|C:\\Users\\agata\\git\\PTSOWebKounikator\\Reports\\20211221_175426\\R-tests\\20211221_175426\\1640105801679bugR11.png]]

2021-12-21 17:56:51 - [TEST_STEP][PASSED] - click(findTestObject("Page_PSTO webMessenger - Zalogowano/img_Zarejestruj konto_iconImg"), CONTINUE_ON_FAILURE): Object: 'Object Repository/Page_PSTO webMessenger - Zalogowano/img_Zarejestruj konto_iconImg' is clicked on

2021-12-21 17:56:51 - [MESSAGE][PASSED] - Object: 'Object Repository/Page_PSTO webMessenger - Zalogowano/img_Zarejestruj konto_iconImg' is clicked on

2021-12-21 17:56:51 - [TEST_STEP][PASSED] - data = Date().getTime(): null

2021-12-21 17:56:51 - [TEST_STEP][PASSED] - username = "Ameba" + data: null

2021-12-21 17:56:51 - [TEST_STEP][PASSED] - click(findTestObject("Object Repository/Page_PSTO webMessenger/a_Zarejestruj konto")): Object: 'Object Repository/Page_PSTO webMessenger/a_Zarejestruj konto' is clicked on

2021-12-21 17:56:52 - [MESSAGE][PASSED] - Object: 'Object Repository/Page_PSTO webMessenger/a_Zarejestruj konto' is clicked on

2021-12-21 17:56:52 - [TEST_STEP][PASSED] - setText(findTestObject("Object Repository/Page_PSTO webMessenger/input_Powrt do logowania_username"), username): Text 'Ameba1640105811811' is set on object 'Object Repository/Page_PSTO webMessenger/input_Powrt do logowania_username'

2021-12-21 17:56:53 - [MESSAGE][PASSED] - Text 'Ameba1640105811811' is set on object 'Object Repository/Page_PSTO webMessenger/input_Powrt do logowania_username'

2021-12-21 17:56:53 - [TEST_STEP][PASSED] - setText(findTestObject("Object Repository/Page_PSTO webMessenger/input_Powrt do logowania_pass1"), findTestData("Rejestracja/tabR11").getValue("password", row)): Text 'startStop3' is set on object 'Object Repository/Page_PSTO webMessenger/input_Powrt do logowania_pass1'

2021-12-21 17:56:53 - [MESSAGE][PASSED] - Text 'startStop3' is set on object 'Object Repository/Page_PSTO webMessenger/input_Powrt do logowania_pass1'

2021-12-21 17:56:53 - [TEST_STEP][PASSED] - setText(findTestObject("Object Repository/Page_PSTO webMessenger/input_Powrt do logowania_pass2"), findTestData("Rejestracja/tabR11").getValue("password2", row)): Text 'startStop3' is set on object 'Object Repository/Page_PSTO webMessenger/input_Powrt do logowania_pass2'

2021-12-21 17:56:54 - [MESSAGE][PASSED] - Text 'startStop3' is set on object 'Object Repository/Page_PSTO webMessenger/input_Powrt do logowania_pass2'

2021-12-21 17:56:54 - [TEST_STEP][PASSED] - setText(findTestObject("Object Repository/Page_PSTO webMessenger/input_Powrt do logowania_name"), findTestData("Rejestracja/tabR11").getValue("name", row)): Text 'Agatą' is set on object 'Object Repository/Page_PSTO webMessenger/input_Powrt do logowania_name'

2021-12-21 17:56:55 - [MESSAGE][PASSED] - Text 'Agatą' is set on object 'Object Repository/Page_PSTO webMessenger/input_Powrt do logowania_name'

2021-12-21 17:56:55 - [TEST_STEP][PASSED] - setText(findTestObject("Object Repository/Page_PSTO webMessenger/input_Powrt do logowania_surname"), findTestData("Rejestracja/tabR11").getValue("surname", row)): Text 'Mazur' is set on object 'Object Repository/Page_PSTO webMessenger/input_Powrt do logowania_surname'

2021-12-21 17:56:56 - [MESSAGE][PASSED] - Text 'Mazur' is set on object 'Object Repository/Page_PSTO webMessenger/input_Powrt do logowania_surname'

2021-12-21 17:56:56 - [TEST_STEP][PASSED] - setText(findTestObject("Object Repository/Page_PSTO webMessenger/input_Powrt do logowania_kodgrupy"), findTestData("Rejestracja/tabR11").getValue("group", row)): Text 'wsbgroup2ap' is set on object 'Object Repository/Page_PSTO webMessenger/input_Powrt do logowania_kodgrupy'

2021-12-21 17:56:57 - [MESSAGE][PASSED] - Text 'wsbgroup2ap' is set on object 'Object Repository/Page_PSTO webMessenger/input_Powrt do logowania_kodgrupy'

2021-12-21 17:56:57 - [TEST_STEP][PASSED] - click(findTestObject("Page_PSTO webMessenger/input_Powrt do logowania_register"), CONTINUE_ON_FAILURE): Object: 'Object Repository/Page_PSTO webMessenger/input_Powrt do logowania_register' is clicked on

2021-12-21 17:56:57 - [MESSAGE][PASSED] - Object: 'Object Repository/Page_PSTO webMessenger/input_Powrt do logowania_register' is clicked on

2021-12-21 17:56:57 - [TEST_STEP][PASSED] - click(findTestObject("Page_PSTO webMessenger/a_Kliknij, aby si zalogowa"), CONTINUE_ON_FAILURE): Object: 'Object Repository/Page_PSTO webMessenger/a_Kliknij, aby si zalogowa' is clicked on

2021-12-21 17:56:58 - [MESSAGE][PASSED] - Object: 'Object Repository/Page_PSTO webMessenger/a_Kliknij, aby si zalogowa' is clicked on

2021-12-21 17:56:58 - [TEST_STEP][PASSED] - setText(findTestObject("Page_PSTO webMessenger/input_Zarejestruj konto_userLogin"), username): Text 'Ameba1640105811811' is set on object 'Object Repository/Page_PSTO webMessenger/input_Zarejestruj konto_userLogin'

2021-12-21 17:56:59 - [MESSAGE][PASSED] - Text 'Ameba1640105811811' is set on object 'Object Repository/Page_PSTO webMessenger/input_Zarejestruj konto_userLogin'

2021-12-21 17:56:59 - [TEST_STEP][PASSED] - setText(findTestObject("Page_PSTO webMessenger/input_Zarejestruj konto_passwordLogin"), findTestData("Rejestracja/tabR11").getValue("password", row)): Text 'startStop3' is set on object 'Object Repository/Page_PSTO webMessenger/input_Zarejestruj konto_passwordLogin'

2021-12-21 17:57:00 - [MESSAGE][PASSED] - Text 'startStop3' is set on object 'Object Repository/Page_PSTO webMessenger/input_Zarejestruj konto_passwordLogin'

2021-12-21 17:57:00 - [TEST_STEP][PASSED] - click(findTestObject("Page_PSTO webMessenger/input_Zarejestruj konto_login"), CONTINUE_ON_FAILURE): Object: 'Object Repository/Page_PSTO webMessenger/input_Zarejestruj konto_login' is clicked on

2021-12-21 17:57:00 - [MESSAGE][PASSED] - Object: 'Object Repository/Page_PSTO webMessenger/input_Zarejestruj konto_login' is clicked on

2021-12-21 17:57:00 - [TEST_STEP][PASSED] - takeScreenshot(data + "bugR11.png"): Taking screenshot successfully

2021-12-21 17:57:01 - [MESSAGE][PASSED] - Taking screenshot successfully
[[ATTACHMENT|C:\\Users\\agata\\git\\PTSOWebKounikator\\Reports\\20211221_175426\\R-tests\\20211221_175426\\1640105811811bugR11.png]]

2021-12-21 17:57:01 - [TEST_STEP][PASSED] - click(findTestObject("Page_PSTO webMessenger - Zalogowano/img_Zarejestruj konto_iconImg"), CONTINUE_ON_FAILURE): Object: 'Object Repository/Page_PSTO webMessenger - Zalogowano/img_Zarejestruj konto_iconImg' is clicked on

2021-12-21 17:57:02 - [MESSAGE][PASSED] - Object: 'Object Repository/Page_PSTO webMessenger - Zalogowano/img_Zarejestruj konto_iconImg' is clicked on

2021-12-21 17:57:02 - [TEST_STEP][PASSED] - data = Date().getTime(): null

2021-12-21 17:57:02 - [TEST_STEP][PASSED] - username = "Ameba" + data: null

2021-12-21 17:57:02 - [TEST_STEP][PASSED] - click(findTestObject("Object Repository/Page_PSTO webMessenger/a_Zarejestruj konto")): Object: 'Object Repository/Page_PSTO webMessenger/a_Zarejestruj konto' is clicked on

2021-12-21 17:57:02 - [MESSAGE][PASSED] - Object: 'Object Repository/Page_PSTO webMessenger/a_Zarejestruj konto' is clicked on

2021-12-21 17:57:02 - [TEST_STEP][PASSED] - setText(findTestObject("Object Repository/Page_PSTO webMessenger/input_Powrt do logowania_username"), username): Text 'Ameba1640105822075' is set on object 'Object Repository/Page_PSTO webMessenger/input_Powrt do logowania_username'

2021-12-21 17:57:03 - [MESSAGE][PASSED] - Text 'Ameba1640105822075' is set on object 'Object Repository/Page_PSTO webMessenger/input_Powrt do logowania_username'

2021-12-21 17:57:03 - [TEST_STEP][PASSED] - setText(findTestObject("Object Repository/Page_PSTO webMessenger/input_Powrt do logowania_pass1"), findTestData("Rejestracja/tabR11").getValue("password", row)): Text 'startStop4' is set on object 'Object Repository/Page_PSTO webMessenger/input_Powrt do logowania_pass1'

2021-12-21 17:57:04 - [MESSAGE][PASSED] - Text 'startStop4' is set on object 'Object Repository/Page_PSTO webMessenger/input_Powrt do logowania_pass1'

2021-12-21 17:57:04 - [TEST_STEP][PASSED] - setText(findTestObject("Object Repository/Page_PSTO webMessenger/input_Powrt do logowania_pass2"), findTestData("Rejestracja/tabR11").getValue("password2", row)): Text 'startStop4' is set on object 'Object Repository/Page_PSTO webMessenger/input_Powrt do logowania_pass2'

2021-12-21 17:57:05 - [MESSAGE][PASSED] - Text 'startStop4' is set on object 'Object Repository/Page_PSTO webMessenger/input_Powrt do logowania_pass2'

2021-12-21 17:57:05 - [TEST_STEP][PASSED] - setText(findTestObject("Object Repository/Page_PSTO webMessenger/input_Powrt do logowania_name"), findTestData("Rejestracja/tabR11").getValue("name", row)): Text 'Agatę' is set on object 'Object Repository/Page_PSTO webMessenger/input_Powrt do logowania_name'

2021-12-21 17:57:05 - [MESSAGE][PASSED] - Text 'Agatę' is set on object 'Object Repository/Page_PSTO webMessenger/input_Powrt do logowania_name'

2021-12-21 17:57:05 - [TEST_STEP][PASSED] - setText(findTestObject("Object Repository/Page_PSTO webMessenger/input_Powrt do logowania_surname"), findTestData("Rejestracja/tabR11").getValue("surname", row)): Text 'Kazur' is set on object 'Object Repository/Page_PSTO webMessenger/input_Powrt do logowania_surname'

2021-12-21 17:57:06 - [MESSAGE][PASSED] - Text 'Kazur' is set on object 'Object Repository/Page_PSTO webMessenger/input_Powrt do logowania_surname'

2021-12-21 17:57:06 - [TEST_STEP][PASSED] - setText(findTestObject("Object Repository/Page_PSTO webMessenger/input_Powrt do logowania_kodgrupy"), findTestData("Rejestracja/tabR11").getValue("group", row)): Text 'wsbgroup2ap' is set on object 'Object Repository/Page_PSTO webMessenger/input_Powrt do logowania_kodgrupy'

2021-12-21 17:57:07 - [MESSAGE][PASSED] - Text 'wsbgroup2ap' is set on object 'Object Repository/Page_PSTO webMessenger/input_Powrt do logowania_kodgrupy'

2021-12-21 17:57:07 - [TEST_STEP][PASSED] - click(findTestObject("Page_PSTO webMessenger/input_Powrt do logowania_register"), CONTINUE_ON_FAILURE): Object: 'Object Repository/Page_PSTO webMessenger/input_Powrt do logowania_register' is clicked on

2021-12-21 17:57:07 - [MESSAGE][PASSED] - Object: 'Object Repository/Page_PSTO webMessenger/input_Powrt do logowania_register' is clicked on

2021-12-21 17:57:07 - [TEST_STEP][PASSED] - click(findTestObject("Page_PSTO webMessenger/a_Kliknij, aby si zalogowa"), CONTINUE_ON_FAILURE): Object: 'Object Repository/Page_PSTO webMessenger/a_Kliknij, aby si zalogowa' is clicked on

2021-12-21 17:57:08 - [MESSAGE][PASSED] - Object: 'Object Repository/Page_PSTO webMessenger/a_Kliknij, aby si zalogowa' is clicked on

2021-12-21 17:57:08 - [TEST_STEP][PASSED] - setText(findTestObject("Page_PSTO webMessenger/input_Zarejestruj konto_userLogin"), username): Text 'Ameba1640105822075' is set on object 'Object Repository/Page_PSTO webMessenger/input_Zarejestruj konto_userLogin'

2021-12-21 17:57:09 - [MESSAGE][PASSED] - Text 'Ameba1640105822075' is set on object 'Object Repository/Page_PSTO webMessenger/input_Zarejestruj konto_userLogin'

2021-12-21 17:57:09 - [TEST_STEP][PASSED] - setText(findTestObject("Page_PSTO webMessenger/input_Zarejestruj konto_passwordLogin"), findTestData("Rejestracja/tabR11").getValue("password", row)): Text 'startStop4' is set on object 'Object Repository/Page_PSTO webMessenger/input_Zarejestruj konto_passwordLogin'

2021-12-21 17:57:10 - [MESSAGE][PASSED] - Text 'startStop4' is set on object 'Object Repository/Page_PSTO webMessenger/input_Zarejestruj konto_passwordLogin'

2021-12-21 17:57:10 - [TEST_STEP][PASSED] - click(findTestObject("Page_PSTO webMessenger/input_Zarejestruj konto_login"), CONTINUE_ON_FAILURE): Object: 'Object Repository/Page_PSTO webMessenger/input_Zarejestruj konto_login' is clicked on

2021-12-21 17:57:10 - [MESSAGE][PASSED] - Object: 'Object Repository/Page_PSTO webMessenger/input_Zarejestruj konto_login' is clicked on

2021-12-21 17:57:10 - [TEST_STEP][PASSED] - takeScreenshot(data + "bugR11.png"): Taking screenshot successfully

2021-12-21 17:57:11 - [MESSAGE][PASSED] - Taking screenshot successfully
[[ATTACHMENT|C:\\Users\\agata\\git\\PTSOWebKounikator\\Reports\\20211221_175426\\R-tests\\20211221_175426\\1640105822075bugR11.png]]

2021-12-21 17:57:11 - [TEST_STEP][PASSED] - click(findTestObject("Page_PSTO webMessenger - Zalogowano/img_Zarejestruj konto_iconImg"), CONTINUE_ON_FAILURE): Object: 'Object Repository/Page_PSTO webMessenger - Zalogowano/img_Zarejestruj konto_iconImg' is clicked on

2021-12-21 17:57:12 - [MESSAGE][PASSED] - Object: 'Object Repository/Page_PSTO webMessenger - Zalogowano/img_Zarejestruj konto_iconImg' is clicked on

2021-12-21 17:57:12 - [TEST_STEP][PASSED] - data = Date().getTime(): null

2021-12-21 17:57:12 - [TEST_STEP][PASSED] - username = "Ameba" + data: null

2021-12-21 17:57:12 - [TEST_STEP][PASSED] - click(findTestObject("Object Repository/Page_PSTO webMessenger/a_Zarejestruj konto")): Object: 'Object Repository/Page_PSTO webMessenger/a_Zarejestruj konto' is clicked on

2021-12-21 17:57:12 - [MESSAGE][PASSED] - Object: 'Object Repository/Page_PSTO webMessenger/a_Zarejestruj konto' is clicked on

2021-12-21 17:57:12 - [TEST_STEP][PASSED] - setText(findTestObject("Object Repository/Page_PSTO webMessenger/input_Powrt do logowania_username"), username): Text 'Ameba1640105832337' is set on object 'Object Repository/Page_PSTO webMessenger/input_Powrt do logowania_username'

2021-12-21 17:57:13 - [MESSAGE][PASSED] - Text 'Ameba1640105832337' is set on object 'Object Repository/Page_PSTO webMessenger/input_Powrt do logowania_username'

2021-12-21 17:57:13 - [TEST_STEP][PASSED] - setText(findTestObject("Object Repository/Page_PSTO webMessenger/input_Powrt do logowania_pass1"), findTestData("Rejestracja/tabR11").getValue("password", row)): Text 'startStop5' is set on object 'Object Repository/Page_PSTO webMessenger/input_Powrt do logowania_pass1'

2021-12-21 17:57:14 - [MESSAGE][PASSED] - Text 'startStop5' is set on object 'Object Repository/Page_PSTO webMessenger/input_Powrt do logowania_pass1'

2021-12-21 17:57:14 - [TEST_STEP][PASSED] - setText(findTestObject("Object Repository/Page_PSTO webMessenger/input_Powrt do logowania_pass2"), findTestData("Rejestracja/tabR11").getValue("password2", row)): Text 'startStop5' is set on object 'Object Repository/Page_PSTO webMessenger/input_Powrt do logowania_pass2'

2021-12-21 17:57:15 - [MESSAGE][PASSED] - Text 'startStop5' is set on object 'Object Repository/Page_PSTO webMessenger/input_Powrt do logowania_pass2'

2021-12-21 17:57:15 - [TEST_STEP][PASSED] - setText(findTestObject("Object Repository/Page_PSTO webMessenger/input_Powrt do logowania_name"), findTestData("Rejestracja/tabR11").getValue("name", row)): Text 'Agatał' is set on object 'Object Repository/Page_PSTO webMessenger/input_Powrt do logowania_name'

2021-12-21 17:57:16 - [MESSAGE][PASSED] - Text 'Agatał' is set on object 'Object Repository/Page_PSTO webMessenger/input_Powrt do logowania_name'

2021-12-21 17:57:16 - [TEST_STEP][PASSED] - setText(findTestObject("Object Repository/Page_PSTO webMessenger/input_Powrt do logowania_surname"), findTestData("Rejestracja/tabR11").getValue("surname", row)): Text 'Gazur' is set on object 'Object Repository/Page_PSTO webMessenger/input_Powrt do logowania_surname'

2021-12-21 17:57:16 - [MESSAGE][PASSED] - Text 'Gazur' is set on object 'Object Repository/Page_PSTO webMessenger/input_Powrt do logowania_surname'

2021-12-21 17:57:16 - [TEST_STEP][PASSED] - setText(findTestObject("Object Repository/Page_PSTO webMessenger/input_Powrt do logowania_kodgrupy"), findTestData("Rejestracja/tabR11").getValue("group", row)): Text 'wsbgroup2ap' is set on object 'Object Repository/Page_PSTO webMessenger/input_Powrt do logowania_kodgrupy'

2021-12-21 17:57:17 - [MESSAGE][PASSED] - Text 'wsbgroup2ap' is set on object 'Object Repository/Page_PSTO webMessenger/input_Powrt do logowania_kodgrupy'

2021-12-21 17:57:17 - [TEST_STEP][PASSED] - click(findTestObject("Page_PSTO webMessenger/input_Powrt do logowania_register"), CONTINUE_ON_FAILURE): Object: 'Object Repository/Page_PSTO webMessenger/input_Powrt do logowania_register' is clicked on

2021-12-21 17:57:18 - [MESSAGE][PASSED] - Object: 'Object Repository/Page_PSTO webMessenger/input_Powrt do logowania_register' is clicked on

2021-12-21 17:57:18 - [TEST_STEP][PASSED] - click(findTestObject("Page_PSTO webMessenger/a_Kliknij, aby si zalogowa"), CONTINUE_ON_FAILURE): Object: 'Object Repository/Page_PSTO webMessenger/a_Kliknij, aby si zalogowa' is clicked on

2021-12-21 17:57:18 - [MESSAGE][PASSED] - Object: 'Object Repository/Page_PSTO webMessenger/a_Kliknij, aby si zalogowa' is clicked on

2021-12-21 17:57:18 - [TEST_STEP][PASSED] - setText(findTestObject("Page_PSTO webMessenger/input_Zarejestruj konto_userLogin"), username): Text 'Ameba1640105832337' is set on object 'Object Repository/Page_PSTO webMessenger/input_Zarejestruj konto_userLogin'

2021-12-21 17:57:19 - [MESSAGE][PASSED] - Text 'Ameba1640105832337' is set on object 'Object Repository/Page_PSTO webMessenger/input_Zarejestruj konto_userLogin'

2021-12-21 17:57:19 - [TEST_STEP][PASSED] - setText(findTestObject("Page_PSTO webMessenger/input_Zarejestruj konto_passwordLogin"), findTestData("Rejestracja/tabR11").getValue("password", row)): Text 'startStop5' is set on object 'Object Repository/Page_PSTO webMessenger/input_Zarejestruj konto_passwordLogin'

2021-12-21 17:57:20 - [MESSAGE][PASSED] - Text 'startStop5' is set on object 'Object Repository/Page_PSTO webMessenger/input_Zarejestruj konto_passwordLogin'

2021-12-21 17:57:20 - [TEST_STEP][PASSED] - click(findTestObject("Page_PSTO webMessenger/input_Zarejestruj konto_login"), CONTINUE_ON_FAILURE): Object: 'Object Repository/Page_PSTO webMessenger/input_Zarejestruj konto_login' is clicked on

2021-12-21 17:57:21 - [MESSAGE][PASSED] - Object: 'Object Repository/Page_PSTO webMessenger/input_Zarejestruj konto_login' is clicked on

2021-12-21 17:57:21 - [TEST_STEP][PASSED] - takeScreenshot(data + "bugR11.png"): Taking screenshot successfully

2021-12-21 17:57:22 - [MESSAGE][PASSED] - Taking screenshot successfully
[[ATTACHMENT|C:\\Users\\agata\\git\\PTSOWebKounikator\\Reports\\20211221_175426\\R-tests\\20211221_175426\\1640105832337bugR11.png]]

2021-12-21 17:57:22 - [TEST_STEP][PASSED] - click(findTestObject("Page_PSTO webMessenger - Zalogowano/img_Zarejestruj konto_iconImg"), CONTINUE_ON_FAILURE): Object: 'Object Repository/Page_PSTO webMessenger - Zalogowano/img_Zarejestruj konto_iconImg' is clicked on

2021-12-21 17:57:23 - [MESSAGE][PASSED] - Object: 'Object Repository/Page_PSTO webMessenger - Zalogowano/img_Zarejestruj konto_iconImg' is clicked on

2021-12-21 17:57:23 - [TEST_STEP][PASSED] - data = Date().getTime(): null

2021-12-21 17:57:23 - [TEST_STEP][PASSED] - username = "Ameba" + data: null

2021-12-21 17:57:23 - [TEST_STEP][PASSED] - click(findTestObject("Object Repository/Page_PSTO webMessenger/a_Zarejestruj konto")): Object: 'Object Repository/Page_PSTO webMessenger/a_Zarejestruj konto' is clicked on

2021-12-21 17:57:24 - [MESSAGE][PASSED] - Object: 'Object Repository/Page_PSTO webMessenger/a_Zarejestruj konto' is clicked on

2021-12-21 17:57:24 - [TEST_STEP][PASSED] - setText(findTestObject("Object Repository/Page_PSTO webMessenger/input_Powrt do logowania_username"), username): Text 'Ameba1640105843599' is set on object 'Object Repository/Page_PSTO webMessenger/input_Powrt do logowania_username'

2021-12-21 17:57:25 - [MESSAGE][PASSED] - Text 'Ameba1640105843599' is set on object 'Object Repository/Page_PSTO webMessenger/input_Powrt do logowania_username'

2021-12-21 17:57:25 - [TEST_STEP][PASSED] - setText(findTestObject("Object Repository/Page_PSTO webMessenger/input_Powrt do logowania_pass1"), findTestData("Rejestracja/tabR11").getValue("password", row)): Text 'startStop1' is set on object 'Object Repository/Page_PSTO webMessenger/input_Powrt do logowania_pass1'

2021-12-21 17:57:25 - [MESSAGE][PASSED] - Text 'startStop1' is set on object 'Object Repository/Page_PSTO webMessenger/input_Powrt do logowania_pass1'

2021-12-21 17:57:25 - [TEST_STEP][PASSED] - setText(findTestObject("Object Repository/Page_PSTO webMessenger/input_Powrt do logowania_pass2"), findTestData("Rejestracja/tabR11").getValue("password2", row)): Text 'startStop1' is set on object 'Object Repository/Page_PSTO webMessenger/input_Powrt do logowania_pass2'

2021-12-21 17:57:26 - [MESSAGE][PASSED] - Text 'startStop1' is set on object 'Object Repository/Page_PSTO webMessenger/input_Powrt do logowania_pass2'

2021-12-21 17:57:26 - [TEST_STEP][PASSED] - setText(findTestObject("Object Repository/Page_PSTO webMessenger/input_Powrt do logowania_name"), findTestData("Rejestracja/tabR11").getValue("name", row)): Text 'Agataó' is set on object 'Object Repository/Page_PSTO webMessenger/input_Powrt do logowania_name'

2021-12-21 17:57:27 - [MESSAGE][PASSED] - Text 'Agataó' is set on object 'Object Repository/Page_PSTO webMessenger/input_Powrt do logowania_name'

2021-12-21 17:57:27 - [TEST_STEP][PASSED] - setText(findTestObject("Object Repository/Page_PSTO webMessenger/input_Powrt do logowania_surname"), findTestData("Rejestracja/tabR11").getValue("surname", row)): Text 'Pazur' is set on object 'Object Repository/Page_PSTO webMessenger/input_Powrt do logowania_surname'

2021-12-21 17:57:28 - [MESSAGE][PASSED] - Text 'Pazur' is set on object 'Object Repository/Page_PSTO webMessenger/input_Powrt do logowania_surname'

2021-12-21 17:57:28 - [TEST_STEP][PASSED] - setText(findTestObject("Object Repository/Page_PSTO webMessenger/input_Powrt do logowania_kodgrupy"), findTestData("Rejestracja/tabR11").getValue("group", row)): Text 'wsbgroup2ap' is set on object 'Object Repository/Page_PSTO webMessenger/input_Powrt do logowania_kodgrupy'

2021-12-21 17:57:28 - [MESSAGE][PASSED] - Text 'wsbgroup2ap' is set on object 'Object Repository/Page_PSTO webMessenger/input_Powrt do logowania_kodgrupy'

2021-12-21 17:57:28 - [TEST_STEP][PASSED] - click(findTestObject("Page_PSTO webMessenger/input_Powrt do logowania_register"), CONTINUE_ON_FAILURE): Object: 'Object Repository/Page_PSTO webMessenger/input_Powrt do logowania_register' is clicked on

2021-12-21 17:57:29 - [MESSAGE][PASSED] - Object: 'Object Repository/Page_PSTO webMessenger/input_Powrt do logowania_register' is clicked on

2021-12-21 17:57:29 - [TEST_STEP][PASSED] - click(findTestObject("Page_PSTO webMessenger/a_Kliknij, aby si zalogowa"), CONTINUE_ON_FAILURE): Object: 'Object Repository/Page_PSTO webMessenger/a_Kliknij, aby si zalogowa' is clicked on

2021-12-21 17:57:30 - [MESSAGE][PASSED] - Object: 'Object Repository/Page_PSTO webMessenger/a_Kliknij, aby si zalogowa' is clicked on

2021-12-21 17:57:30 - [TEST_STEP][PASSED] - setText(findTestObject("Page_PSTO webMessenger/input_Zarejestruj konto_userLogin"), username): Text 'Ameba1640105843599' is set on object 'Object Repository/Page_PSTO webMessenger/input_Zarejestruj konto_userLogin'

2021-12-21 17:57:31 - [MESSAGE][PASSED] - Text 'Ameba1640105843599' is set on object 'Object Repository/Page_PSTO webMessenger/input_Zarejestruj konto_userLogin'

2021-12-21 17:57:31 - [TEST_STEP][PASSED] - setText(findTestObject("Page_PSTO webMessenger/input_Zarejestruj konto_passwordLogin"), findTestData("Rejestracja/tabR11").getValue("password", row)): Text 'startStop1' is set on object 'Object Repository/Page_PSTO webMessenger/input_Zarejestruj konto_passwordLogin'

2021-12-21 17:57:32 - [MESSAGE][PASSED] - Text 'startStop1' is set on object 'Object Repository/Page_PSTO webMessenger/input_Zarejestruj konto_passwordLogin'

2021-12-21 17:57:32 - [TEST_STEP][PASSED] - click(findTestObject("Page_PSTO webMessenger/input_Zarejestruj konto_login"), CONTINUE_ON_FAILURE): Object: 'Object Repository/Page_PSTO webMessenger/input_Zarejestruj konto_login' is clicked on

2021-12-21 17:57:33 - [MESSAGE][PASSED] - Object: 'Object Repository/Page_PSTO webMessenger/input_Zarejestruj konto_login' is clicked on

2021-12-21 17:57:33 - [TEST_STEP][PASSED] - takeScreenshot(data + "bugR11.png"): Taking screenshot successfully

2021-12-21 17:57:34 - [MESSAGE][PASSED] - Taking screenshot successfully
[[ATTACHMENT|C:\\Users\\agata\\git\\PTSOWebKounikator\\Reports\\20211221_175426\\R-tests\\20211221_175426\\1640105843599bugR11.png]]

2021-12-21 17:57:34 - [TEST_STEP][PASSED] - click(findTestObject("Page_PSTO webMessenger - Zalogowano/img_Zarejestruj konto_iconImg"), CONTINUE_ON_FAILURE): Object: 'Object Repository/Page_PSTO webMessenger - Zalogowano/img_Zarejestruj konto_iconImg' is clicked on

2021-12-21 17:57:34 - [MESSAGE][PASSED] - Object: 'Object Repository/Page_PSTO webMessenger - Zalogowano/img_Zarejestruj konto_iconImg' is clicked on

2021-12-21 17:57:34 - [TEST_STEP][PASSED] - data = Date().getTime(): null

2021-12-21 17:57:34 - [TEST_STEP][PASSED] - username = "Ameba" + data: null

2021-12-21 17:57:34 - [TEST_STEP][PASSED] - click(findTestObject("Object Repository/Page_PSTO webMessenger/a_Zarejestruj konto")): Object: 'Object Repository/Page_PSTO webMessenger/a_Zarejestruj konto' is clicked on

2021-12-21 17:57:35 - [MESSAGE][PASSED] - Object: 'Object Repository/Page_PSTO webMessenger/a_Zarejestruj konto' is clicked on

2021-12-21 17:57:35 - [TEST_STEP][PASSED] - setText(findTestObject("Object Repository/Page_PSTO webMessenger/input_Powrt do logowania_username"), username): Text 'Ameba1640105854753' is set on object 'Object Repository/Page_PSTO webMessenger/input_Powrt do logowania_username'

2021-12-21 17:57:36 - [MESSAGE][PASSED] - Text 'Ameba1640105854753' is set on object 'Object Repository/Page_PSTO webMessenger/input_Powrt do logowania_username'

2021-12-21 17:57:36 - [TEST_STEP][PASSED] - setText(findTestObject("Object Repository/Page_PSTO webMessenger/input_Powrt do logowania_pass1"), findTestData("Rejestracja/tabR11").getValue("password", row)): Text 'startStop2' is set on object 'Object Repository/Page_PSTO webMessenger/input_Powrt do logowania_pass1'

2021-12-21 17:57:36 - [MESSAGE][PASSED] - Text 'startStop2' is set on object 'Object Repository/Page_PSTO webMessenger/input_Powrt do logowania_pass1'

2021-12-21 17:57:36 - [TEST_STEP][PASSED] - setText(findTestObject("Object Repository/Page_PSTO webMessenger/input_Powrt do logowania_pass2"), findTestData("Rejestracja/tabR11").getValue("password2", row)): Text 'startStop2' is set on object 'Object Repository/Page_PSTO webMessenger/input_Powrt do logowania_pass2'

2021-12-21 17:57:37 - [MESSAGE][PASSED] - Text 'startStop2' is set on object 'Object Repository/Page_PSTO webMessenger/input_Powrt do logowania_pass2'

2021-12-21 17:57:37 - [TEST_STEP][PASSED] - setText(findTestObject("Object Repository/Page_PSTO webMessenger/input_Powrt do logowania_name"), findTestData("Rejestracja/tabR11").getValue("name", row)): Text 'Agatać' is set on object 'Object Repository/Page_PSTO webMessenger/input_Powrt do logowania_name'

2021-12-21 17:57:38 - [MESSAGE][PASSED] - Text 'Agatać' is set on object 'Object Repository/Page_PSTO webMessenger/input_Powrt do logowania_name'

2021-12-21 17:57:38 - [TEST_STEP][PASSED] - setText(findTestObject("Object Repository/Page_PSTO webMessenger/input_Powrt do logowania_surname"), findTestData("Rejestracja/tabR11").getValue("surname", row)): Text 'Lazur' is set on object 'Object Repository/Page_PSTO webMessenger/input_Powrt do logowania_surname'

2021-12-21 17:57:39 - [MESSAGE][PASSED] - Text 'Lazur' is set on object 'Object Repository/Page_PSTO webMessenger/input_Powrt do logowania_surname'

2021-12-21 17:57:39 - [TEST_STEP][PASSED] - setText(findTestObject("Object Repository/Page_PSTO webMessenger/input_Powrt do logowania_kodgrupy"), findTestData("Rejestracja/tabR11").getValue("group", row)): Text 'wsbgroup2ap' is set on object 'Object Repository/Page_PSTO webMessenger/input_Powrt do logowania_kodgrupy'

2021-12-21 17:57:40 - [MESSAGE][PASSED] - Text 'wsbgroup2ap' is set on object 'Object Repository/Page_PSTO webMessenger/input_Powrt do logowania_kodgrupy'

2021-12-21 17:57:40 - [TEST_STEP][PASSED] - click(findTestObject("Page_PSTO webMessenger/input_Powrt do logowania_register"), CONTINUE_ON_FAILURE): Object: 'Object Repository/Page_PSTO webMessenger/input_Powrt do logowania_register' is clicked on

2021-12-21 17:57:40 - [MESSAGE][PASSED] - Object: 'Object Repository/Page_PSTO webMessenger/input_Powrt do logowania_register' is clicked on

2021-12-21 17:57:40 - [TEST_STEP][PASSED] - click(findTestObject("Page_PSTO webMessenger/a_Kliknij, aby si zalogowa"), CONTINUE_ON_FAILURE): Object: 'Object Repository/Page_PSTO webMessenger/a_Kliknij, aby si zalogowa' is clicked on

2021-12-21 17:57:41 - [MESSAGE][PASSED] - Object: 'Object Repository/Page_PSTO webMessenger/a_Kliknij, aby si zalogowa' is clicked on

2021-12-21 17:57:41 - [TEST_STEP][PASSED] - setText(findTestObject("Page_PSTO webMessenger/input_Zarejestruj konto_userLogin"), username): Text 'Ameba1640105854753' is set on object 'Object Repository/Page_PSTO webMessenger/input_Zarejestruj konto_userLogin'

2021-12-21 17:57:42 - [MESSAGE][PASSED] - Text 'Ameba1640105854753' is set on object 'Object Repository/Page_PSTO webMessenger/input_Zarejestruj konto_userLogin'

2021-12-21 17:57:42 - [TEST_STEP][PASSED] - setText(findTestObject("Page_PSTO webMessenger/input_Zarejestruj konto_passwordLogin"), findTestData("Rejestracja/tabR11").getValue("password", row)): Text 'startStop2' is set on object 'Object Repository/Page_PSTO webMessenger/input_Zarejestruj konto_passwordLogin'

2021-12-21 17:57:42 - [MESSAGE][PASSED] - Text 'startStop2' is set on object 'Object Repository/Page_PSTO webMessenger/input_Zarejestruj konto_passwordLogin'

2021-12-21 17:57:42 - [TEST_STEP][PASSED] - click(findTestObject("Page_PSTO webMessenger/input_Zarejestruj konto_login"), CONTINUE_ON_FAILURE): Object: 'Object Repository/Page_PSTO webMessenger/input_Zarejestruj konto_login' is clicked on

2021-12-21 17:57:43 - [MESSAGE][PASSED] - Object: 'Object Repository/Page_PSTO webMessenger/input_Zarejestruj konto_login' is clicked on

2021-12-21 17:57:43 - [TEST_STEP][PASSED] - takeScreenshot(data + "bugR11.png"): Taking screenshot successfully

2021-12-21 17:57:44 - [MESSAGE][PASSED] - Taking screenshot successfully
[[ATTACHMENT|C:\\Users\\agata\\git\\PTSOWebKounikator\\Reports\\20211221_175426\\R-tests\\20211221_175426\\1640105854753bugR11.png]]

2021-12-21 17:57:44 - [TEST_STEP][PASSED] - click(findTestObject("Page_PSTO webMessenger - Zalogowano/img_Zarejestruj konto_iconImg"), CONTINUE_ON_FAILURE): Object: 'Object Repository/Page_PSTO webMessenger - Zalogowano/img_Zarejestruj konto_iconImg' is clicked on

2021-12-21 17:57:44 - [MESSAGE][PASSED] - Object: 'Object Repository/Page_PSTO webMessenger - Zalogowano/img_Zarejestruj konto_iconImg' is clicked on

2021-12-21 17:57:44 - [TEST_STEP][PASSED] - data = Date().getTime(): null

2021-12-21 17:57:44 - [TEST_STEP][PASSED] - username = "Ameba" + data: null

2021-12-21 17:57:44 - [TEST_STEP][PASSED] - click(findTestObject("Object Repository/Page_PSTO webMessenger/a_Zarejestruj konto")): Object: 'Object Repository/Page_PSTO webMessenger/a_Zarejestruj konto' is clicked on

2021-12-21 17:57:45 - [MESSAGE][PASSED] - Object: 'Object Repository/Page_PSTO webMessenger/a_Zarejestruj konto' is clicked on

2021-12-21 17:57:45 - [TEST_STEP][PASSED] - setText(findTestObject("Object Repository/Page_PSTO webMessenger/input_Powrt do logowania_username"), username): Text 'Ameba1640105864866' is set on object 'Object Repository/Page_PSTO webMessenger/input_Powrt do logowania_username'

2021-12-21 17:57:46 - [MESSAGE][PASSED] - Text 'Ameba1640105864866' is set on object 'Object Repository/Page_PSTO webMessenger/input_Powrt do logowania_username'

2021-12-21 17:57:46 - [TEST_STEP][PASSED] - setText(findTestObject("Object Repository/Page_PSTO webMessenger/input_Powrt do logowania_pass1"), findTestData("Rejestracja/tabR11").getValue("password", row)): Text 'startStop3' is set on object 'Object Repository/Page_PSTO webMessenger/input_Powrt do logowania_pass1'

2021-12-21 17:57:47 - [MESSAGE][PASSED] - Text 'startStop3' is set on object 'Object Repository/Page_PSTO webMessenger/input_Powrt do logowania_pass1'

2021-12-21 17:57:47 - [TEST_STEP][PASSED] - setText(findTestObject("Object Repository/Page_PSTO webMessenger/input_Powrt do logowania_pass2"), findTestData("Rejestracja/tabR11").getValue("password2", row)): Text 'startStop3' is set on object 'Object Repository/Page_PSTO webMessenger/input_Powrt do logowania_pass2'

2021-12-21 17:57:47 - [MESSAGE][PASSED] - Text 'startStop3' is set on object 'Object Repository/Page_PSTO webMessenger/input_Powrt do logowania_pass2'

2021-12-21 17:57:47 - [TEST_STEP][PASSED] - setText(findTestObject("Object Repository/Page_PSTO webMessenger/input_Powrt do logowania_name"), findTestData("Rejestracja/tabR11").getValue("name", row)): Text 'Agatź' is set on object 'Object Repository/Page_PSTO webMessenger/input_Powrt do logowania_name'

2021-12-21 17:57:48 - [MESSAGE][PASSED] - Text 'Agatź' is set on object 'Object Repository/Page_PSTO webMessenger/input_Powrt do logowania_name'

2021-12-21 17:57:48 - [TEST_STEP][PASSED] - setText(findTestObject("Object Repository/Page_PSTO webMessenger/input_Powrt do logowania_surname"), findTestData("Rejestracja/tabR11").getValue("surname", row)): Text 'Mazur' is set on object 'Object Repository/Page_PSTO webMessenger/input_Powrt do logowania_surname'

2021-12-21 17:57:49 - [MESSAGE][PASSED] - Text 'Mazur' is set on object 'Object Repository/Page_PSTO webMessenger/input_Powrt do logowania_surname'

2021-12-21 17:57:49 - [TEST_STEP][PASSED] - setText(findTestObject("Object Repository/Page_PSTO webMessenger/input_Powrt do logowania_kodgrupy"), findTestData("Rejestracja/tabR11").getValue("group", row)): Text 'wsbgroup2ap' is set on object 'Object Repository/Page_PSTO webMessenger/input_Powrt do logowania_kodgrupy'

2021-12-21 17:57:50 - [MESSAGE][PASSED] - Text 'wsbgroup2ap' is set on object 'Object Repository/Page_PSTO webMessenger/input_Powrt do logowania_kodgrupy'

2021-12-21 17:57:50 - [TEST_STEP][PASSED] - click(findTestObject("Page_PSTO webMessenger/input_Powrt do logowania_register"), CONTINUE_ON_FAILURE): Object: 'Object Repository/Page_PSTO webMessenger/input_Powrt do logowania_register' is clicked on

2021-12-21 17:57:50 - [MESSAGE][PASSED] - Object: 'Object Repository/Page_PSTO webMessenger/input_Powrt do logowania_register' is clicked on

2021-12-21 17:57:50 - [TEST_STEP][PASSED] - click(findTestObject("Page_PSTO webMessenger/a_Kliknij, aby si zalogowa"), CONTINUE_ON_FAILURE): Object: 'Object Repository/Page_PSTO webMessenger/a_Kliknij, aby si zalogowa' is clicked on

2021-12-21 17:57:51 - [MESSAGE][PASSED] - Object: 'Object Repository/Page_PSTO webMessenger/a_Kliknij, aby si zalogowa' is clicked on

2021-12-21 17:57:51 - [TEST_STEP][PASSED] - setText(findTestObject("Page_PSTO webMessenger/input_Zarejestruj konto_userLogin"), username): Text 'Ameba1640105864866' is set on object 'Object Repository/Page_PSTO webMessenger/input_Zarejestruj konto_userLogin'

2021-12-21 17:57:52 - [MESSAGE][PASSED] - Text 'Ameba1640105864866' is set on object 'Object Repository/Page_PSTO webMessenger/input_Zarejestruj konto_userLogin'

2021-12-21 17:57:52 - [TEST_STEP][PASSED] - setText(findTestObject("Page_PSTO webMessenger/input_Zarejestruj konto_passwordLogin"), findTestData("Rejestracja/tabR11").getValue("password", row)): Text 'startStop3' is set on object 'Object Repository/Page_PSTO webMessenger/input_Zarejestruj konto_passwordLogin'

2021-12-21 17:57:53 - [MESSAGE][PASSED] - Text 'startStop3' is set on object 'Object Repository/Page_PSTO webMessenger/input_Zarejestruj konto_passwordLogin'

2021-12-21 17:57:53 - [TEST_STEP][PASSED] - click(findTestObject("Page_PSTO webMessenger/input_Zarejestruj konto_login"), CONTINUE_ON_FAILURE): Object: 'Object Repository/Page_PSTO webMessenger/input_Zarejestruj konto_login' is clicked on

2021-12-21 17:57:53 - [MESSAGE][PASSED] - Object: 'Object Repository/Page_PSTO webMessenger/input_Zarejestruj konto_login' is clicked on

2021-12-21 17:57:53 - [TEST_STEP][PASSED] - takeScreenshot(data + "bugR11.png"): Taking screenshot successfully

2021-12-21 17:57:54 - [MESSAGE][PASSED] - Taking screenshot successfully
[[ATTACHMENT|C:\\Users\\agata\\git\\PTSOWebKounikator\\Reports\\20211221_175426\\R-tests\\20211221_175426\\1640105864866bugR11.png]]

2021-12-21 17:57:54 - [TEST_STEP][PASSED] - click(findTestObject("Page_PSTO webMessenger - Zalogowano/img_Zarejestruj konto_iconImg"), CONTINUE_ON_FAILURE): Object: 'Object Repository/Page_PSTO webMessenger - Zalogowano/img_Zarejestruj konto_iconImg' is clicked on

2021-12-21 17:57:55 - [MESSAGE][PASSED] - Object: 'Object Repository/Page_PSTO webMessenger - Zalogowano/img_Zarejestruj konto_iconImg' is clicked on

2021-12-21 17:57:55 - [TEST_STEP][PASSED] - data = Date().getTime(): null

2021-12-21 17:57:55 - [TEST_STEP][PASSED] - username = "Ameba" + data: null

2021-12-21 17:57:55 - [TEST_STEP][PASSED] - click(findTestObject("Object Repository/Page_PSTO webMessenger/a_Zarejestruj konto")): Object: 'Object Repository/Page_PSTO webMessenger/a_Zarejestruj konto' is clicked on

2021-12-21 17:57:55 - [MESSAGE][PASSED] - Object: 'Object Repository/Page_PSTO webMessenger/a_Zarejestruj konto' is clicked on

2021-12-21 17:57:55 - [TEST_STEP][PASSED] - setText(findTestObject("Object Repository/Page_PSTO webMessenger/input_Powrt do logowania_username"), username): Text 'Ameba1640105875094' is set on object 'Object Repository/Page_PSTO webMessenger/input_Powrt do logowania_username'

2021-12-21 17:57:56 - [MESSAGE][PASSED] - Text 'Ameba1640105875094' is set on object 'Object Repository/Page_PSTO webMessenger/input_Powrt do logowania_username'

2021-12-21 17:57:56 - [TEST_STEP][PASSED] - setText(findTestObject("Object Repository/Page_PSTO webMessenger/input_Powrt do logowania_pass1"), findTestData("Rejestracja/tabR11").getValue("password", row)): Text 'startStop4' is set on object 'Object Repository/Page_PSTO webMessenger/input_Powrt do logowania_pass1'

2021-12-21 17:57:59 - [MESSAGE][PASSED] - Text 'startStop4' is set on object 'Object Repository/Page_PSTO webMessenger/input_Powrt do logowania_pass1'

2021-12-21 17:57:59 - [TEST_STEP][PASSED] - setText(findTestObject("Object Repository/Page_PSTO webMessenger/input_Powrt do logowania_pass2"), findTestData("Rejestracja/tabR11").getValue("password2", row)): Text 'startStop4' is set on object 'Object Repository/Page_PSTO webMessenger/input_Powrt do logowania_pass2'

2021-12-21 17:58:03 - [MESSAGE][PASSED] - Text 'startStop4' is set on object 'Object Repository/Page_PSTO webMessenger/input_Powrt do logowania_pass2'

2021-12-21 17:58:03 - [TEST_STEP][PASSED] - setText(findTestObject("Object Repository/Page_PSTO webMessenger/input_Powrt do logowania_name"), findTestData("Rejestracja/tabR11").getValue("name", row)): Text 'Agatż' is set on object 'Object Repository/Page_PSTO webMessenger/input_Powrt do logowania_name'

2021-12-21 17:58:07 - [MESSAGE][PASSED] - Text 'Agatż' is set on object 'Object Repository/Page_PSTO webMessenger/input_Powrt do logowania_name'

2021-12-21 17:58:07 - [TEST_STEP][PASSED] - setText(findTestObject("Object Repository/Page_PSTO webMessenger/input_Powrt do logowania_surname"), findTestData("Rejestracja/tabR11").getValue("surname", row)): Text 'Kazur' is set on object 'Object Repository/Page_PSTO webMessenger/input_Powrt do logowania_surname'

2021-12-21 17:58:11 - [MESSAGE][PASSED] - Text 'Kazur' is set on object 'Object Repository/Page_PSTO webMessenger/input_Powrt do logowania_surname'

2021-12-21 17:58:11 - [TEST_STEP][PASSED] - setText(findTestObject("Object Repository/Page_PSTO webMessenger/input_Powrt do logowania_kodgrupy"), findTestData("Rejestracja/tabR11").getValue("group", row)): Text 'wsbgroup2ap' is set on object 'Object Repository/Page_PSTO webMessenger/input_Powrt do logowania_kodgrupy'

2021-12-21 17:58:15 - [MESSAGE][PASSED] - Text 'wsbgroup2ap' is set on object 'Object Repository/Page_PSTO webMessenger/input_Powrt do logowania_kodgrupy'

2021-12-21 17:58:15 - [TEST_STEP][PASSED] - click(findTestObject("Page_PSTO webMessenger/input_Powrt do logowania_register"), CONTINUE_ON_FAILURE): Object: 'Object Repository/Page_PSTO webMessenger/input_Powrt do logowania_register' is clicked on

2021-12-21 17:58:17 - [MESSAGE][PASSED] - Object: 'Object Repository/Page_PSTO webMessenger/input_Powrt do logowania_register' is clicked on

2021-12-21 17:58:17 - [TEST_STEP][PASSED] - click(findTestObject("Page_PSTO webMessenger/a_Kliknij, aby si zalogowa"), CONTINUE_ON_FAILURE): Object: 'Object Repository/Page_PSTO webMessenger/a_Kliknij, aby si zalogowa' is clicked on

2021-12-21 17:58:19 - [MESSAGE][PASSED] - Object: 'Object Repository/Page_PSTO webMessenger/a_Kliknij, aby si zalogowa' is clicked on

2021-12-21 17:58:19 - [TEST_STEP][PASSED] - setText(findTestObject("Page_PSTO webMessenger/input_Zarejestruj konto_userLogin"), username): Text 'Ameba1640105875094' is set on object 'Object Repository/Page_PSTO webMessenger/input_Zarejestruj konto_userLogin'

2021-12-21 17:58:23 - [MESSAGE][PASSED] - Text 'Ameba1640105875094' is set on object 'Object Repository/Page_PSTO webMessenger/input_Zarejestruj konto_userLogin'

2021-12-21 17:58:23 - [TEST_STEP][PASSED] - setText(findTestObject("Page_PSTO webMessenger/input_Zarejestruj konto_passwordLogin"), findTestData("Rejestracja/tabR11").getValue("password", row)): Text 'startStop4' is set on object 'Object Repository/Page_PSTO webMessenger/input_Zarejestruj konto_passwordLogin'

2021-12-21 17:58:27 - [MESSAGE][PASSED] - Text 'startStop4' is set on object 'Object Repository/Page_PSTO webMessenger/input_Zarejestruj konto_passwordLogin'

2021-12-21 17:58:27 - [TEST_STEP][PASSED] - click(findTestObject("Page_PSTO webMessenger/input_Zarejestruj konto_login"), CONTINUE_ON_FAILURE): Object: 'Object Repository/Page_PSTO webMessenger/input_Zarejestruj konto_login' is clicked on

2021-12-21 17:58:29 - [MESSAGE][PASSED] - Object: 'Object Repository/Page_PSTO webMessenger/input_Zarejestruj konto_login' is clicked on

2021-12-21 17:58:29 - [TEST_STEP][PASSED] - takeScreenshot(data + "bugR11.png"): Taking screenshot successfully

2021-12-21 17:58:32 - [MESSAGE][PASSED] - Taking screenshot successfully
[[ATTACHMENT|C:\\Users\\agata\\git\\PTSOWebKounikator\\Reports\\20211221_175426\\R-tests\\20211221_175426\\1640105875094bugR11.png]]

2021-12-21 17:58:32 - [TEST_STEP][PASSED] - click(findTestObject("Page_PSTO webMessenger - Zalogowano/img_Zarejestruj konto_iconImg"), CONTINUE_ON_FAILURE): Object: 'Object Repository/Page_PSTO webMessenger - Zalogowano/img_Zarejestruj konto_iconImg' is clicked on

2021-12-21 17:58:32 - [MESSAGE][PASSED] - Object: 'Object Repository/Page_PSTO webMessenger - Zalogowano/img_Zarejestruj konto_iconImg' is clicked on

2021-12-21 17:58:32 - [TEST_STEP][PASSED] - closeBrowser(): Browser is closed

2021-12-21 17:58:33 - [MESSAGE][PASSED] - Browser is closed]]></system-out>
         <system-err><![CDATA[]]></system-err>
      </testcase>
      <testcase name="Test Cases/Rejestracja/R12" time="130.453" classname="Test Cases/Rejestracja/R12" status="PASSED">
         <system-out><![CDATA[2021-12-21 17:58:33 - [TEST_CASE][PASSED] - Test Cases/Rejestracja/R12: Test Cases/Rejestracja/R12

2021-12-21 17:58:34 - [TEST_STEP][PASSED] - openBrowser(""): Browser is opened with url: ''

2021-12-21 17:58:34 - [MESSAGE][INFO] - Starting 'Chrome' driver

2021-12-21 17:58:34 - [MESSAGE][INFO] - Action delay is set to 0 milliseconds

2021-12-21 17:58:36 - [MESSAGE][PASSED] - Browser is opened with url: ''

2021-12-21 17:58:36 - [TEST_STEP][PASSED] - navigateToUrl("http://kmg.hcm.pl/testowanie/index.html"): Navigate to 'http://kmg.hcm.pl/testowanie/index.html' successfully

2021-12-21 17:58:37 - [MESSAGE][PASSED] - Navigate to 'http://kmg.hcm.pl/testowanie/index.html' successfully

2021-12-21 17:58:37 - [TEST_STEP][PASSED] - for ([row = 1, row <= findTestData("Rejestracja/tabR12").getRowNumbers(), (row++)]): Object: 'Object Repository/Page_PSTO webMessenger - Zalogowano/img_Zarejestruj konto_iconImg' is clicked on

2021-12-21 17:58:37 - [TEST_STEP][PASSED] - data = Date().getTime(): null

2021-12-21 17:58:37 - [TEST_STEP][PASSED] - username = "Ameba" + data: null

2021-12-21 17:58:37 - [TEST_STEP][PASSED] - click(findTestObject("Object Repository/Page_PSTO webMessenger/a_Zarejestruj konto")): Object: 'Object Repository/Page_PSTO webMessenger/a_Zarejestruj konto' is clicked on

2021-12-21 17:58:37 - [MESSAGE][PASSED] - Object: 'Object Repository/Page_PSTO webMessenger/a_Zarejestruj konto' is clicked on

2021-12-21 17:58:37 - [TEST_STEP][PASSED] - setText(findTestObject("Object Repository/Page_PSTO webMessenger/input_Powrt do logowania_username"), username): Text 'Ameba1640105917287' is set on object 'Object Repository/Page_PSTO webMessenger/input_Powrt do logowania_username'

2021-12-21 17:58:38 - [MESSAGE][PASSED] - Text 'Ameba1640105917287' is set on object 'Object Repository/Page_PSTO webMessenger/input_Powrt do logowania_username'

2021-12-21 17:58:38 - [TEST_STEP][PASSED] - setText(findTestObject("Object Repository/Page_PSTO webMessenger/input_Powrt do logowania_pass1"), findTestData("Rejestracja/tabR12").getValue("password", row)): Text 'startStop1' is set on object 'Object Repository/Page_PSTO webMessenger/input_Powrt do logowania_pass1'

2021-12-21 17:58:39 - [MESSAGE][PASSED] - Text 'startStop1' is set on object 'Object Repository/Page_PSTO webMessenger/input_Powrt do logowania_pass1'

2021-12-21 17:58:39 - [TEST_STEP][PASSED] - setText(findTestObject("Object Repository/Page_PSTO webMessenger/input_Powrt do logowania_pass2"), findTestData("Rejestracja/tabR12").getValue("password2", row)): Text 'startStop1' is set on object 'Object Repository/Page_PSTO webMessenger/input_Powrt do logowania_pass2'

2021-12-21 17:58:40 - [MESSAGE][PASSED] - Text 'startStop1' is set on object 'Object Repository/Page_PSTO webMessenger/input_Powrt do logowania_pass2'

2021-12-21 17:58:40 - [TEST_STEP][PASSED] - setText(findTestObject("Object Repository/Page_PSTO webMessenger/input_Powrt do logowania_name"), findTestData("Rejestracja/tabR12").getValue("name", row)): Text 'Agata' is set on object 'Object Repository/Page_PSTO webMessenger/input_Powrt do logowania_name'

2021-12-21 17:58:41 - [MESSAGE][PASSED] - Text 'Agata' is set on object 'Object Repository/Page_PSTO webMessenger/input_Powrt do logowania_name'

2021-12-21 17:58:41 - [TEST_STEP][PASSED] - setText(findTestObject("Object Repository/Page_PSTO webMessenger/input_Powrt do logowania_surname"), findTestData("Rejestracja/tabR12").getValue("surname", row)): Text 'Pazurą' is set on object 'Object Repository/Page_PSTO webMessenger/input_Powrt do logowania_surname'

2021-12-21 17:58:42 - [MESSAGE][PASSED] - Text 'Pazurą' is set on object 'Object Repository/Page_PSTO webMessenger/input_Powrt do logowania_surname'

2021-12-21 17:58:42 - [TEST_STEP][PASSED] - setText(findTestObject("Object Repository/Page_PSTO webMessenger/input_Powrt do logowania_kodgrupy"), findTestData("Rejestracja/tabR12").getValue("group", row)): Text 'wsbgroup2ap' is set on object 'Object Repository/Page_PSTO webMessenger/input_Powrt do logowania_kodgrupy'

2021-12-21 17:58:42 - [MESSAGE][PASSED] - Text 'wsbgroup2ap' is set on object 'Object Repository/Page_PSTO webMessenger/input_Powrt do logowania_kodgrupy'

2021-12-21 17:58:42 - [TEST_STEP][PASSED] - click(findTestObject("Page_PSTO webMessenger/input_Powrt do logowania_register")): Object: 'Object Repository/Page_PSTO webMessenger/input_Powrt do logowania_register' is clicked on

2021-12-21 17:58:43 - [MESSAGE][PASSED] - Object: 'Object Repository/Page_PSTO webMessenger/input_Powrt do logowania_register' is clicked on

2021-12-21 17:58:43 - [TEST_STEP][PASSED] - click(findTestObject("Page_PSTO webMessenger/a_Kliknij, aby si zalogowa"), CONTINUE_ON_FAILURE): Object: 'Object Repository/Page_PSTO webMessenger/a_Kliknij, aby si zalogowa' is clicked on

2021-12-21 17:58:44 - [MESSAGE][PASSED] - Object: 'Object Repository/Page_PSTO webMessenger/a_Kliknij, aby si zalogowa' is clicked on

2021-12-21 17:58:44 - [TEST_STEP][PASSED] - setText(findTestObject("Page_PSTO webMessenger/input_Zarejestruj konto_userLogin"), username): Text 'Ameba1640105917287' is set on object 'Object Repository/Page_PSTO webMessenger/input_Zarejestruj konto_userLogin'

2021-12-21 17:58:45 - [MESSAGE][PASSED] - Text 'Ameba1640105917287' is set on object 'Object Repository/Page_PSTO webMessenger/input_Zarejestruj konto_userLogin'

2021-12-21 17:58:45 - [TEST_STEP][PASSED] - setText(findTestObject("Page_PSTO webMessenger/input_Zarejestruj konto_passwordLogin"), findTestData("Rejestracja/tabR12").getValue("password", row)): Text 'startStop1' is set on object 'Object Repository/Page_PSTO webMessenger/input_Zarejestruj konto_passwordLogin'

2021-12-21 17:58:46 - [MESSAGE][PASSED] - Text 'startStop1' is set on object 'Object Repository/Page_PSTO webMessenger/input_Zarejestruj konto_passwordLogin'

2021-12-21 17:58:46 - [TEST_STEP][PASSED] - click(findTestObject("Page_PSTO webMessenger/input_Zarejestruj konto_login"), CONTINUE_ON_FAILURE): Object: 'Object Repository/Page_PSTO webMessenger/input_Zarejestruj konto_login' is clicked on

2021-12-21 17:58:46 - [MESSAGE][PASSED] - Object: 'Object Repository/Page_PSTO webMessenger/input_Zarejestruj konto_login' is clicked on

2021-12-21 17:58:46 - [TEST_STEP][PASSED] - takeScreenshot(data + "bugR12.png"): Taking screenshot successfully

2021-12-21 17:58:47 - [MESSAGE][PASSED] - Taking screenshot successfully
[[ATTACHMENT|C:\\Users\\agata\\git\\PTSOWebKounikator\\Reports\\20211221_175426\\R-tests\\20211221_175426\\1640105917287bugR12.png]]

2021-12-21 17:58:47 - [TEST_STEP][PASSED] - click(findTestObject("Page_PSTO webMessenger - Zalogowano/img_Zarejestruj konto_iconImg"), CONTINUE_ON_FAILURE): Object: 'Object Repository/Page_PSTO webMessenger - Zalogowano/img_Zarejestruj konto_iconImg' is clicked on

2021-12-21 17:58:48 - [MESSAGE][PASSED] - Object: 'Object Repository/Page_PSTO webMessenger - Zalogowano/img_Zarejestruj konto_iconImg' is clicked on

2021-12-21 17:58:48 - [TEST_STEP][PASSED] - data = Date().getTime(): null

2021-12-21 17:58:48 - [TEST_STEP][PASSED] - username = "Ameba" + data: null

2021-12-21 17:58:48 - [TEST_STEP][PASSED] - click(findTestObject("Object Repository/Page_PSTO webMessenger/a_Zarejestruj konto")): Object: 'Object Repository/Page_PSTO webMessenger/a_Zarejestruj konto' is clicked on

2021-12-21 17:58:49 - [MESSAGE][PASSED] - Object: 'Object Repository/Page_PSTO webMessenger/a_Zarejestruj konto' is clicked on

2021-12-21 17:58:49 - [TEST_STEP][PASSED] - setText(findTestObject("Object Repository/Page_PSTO webMessenger/input_Powrt do logowania_username"), username): Text 'Ameba1640105928619' is set on object 'Object Repository/Page_PSTO webMessenger/input_Powrt do logowania_username'

2021-12-21 17:58:50 - [MESSAGE][PASSED] - Text 'Ameba1640105928619' is set on object 'Object Repository/Page_PSTO webMessenger/input_Powrt do logowania_username'

2021-12-21 17:58:50 - [TEST_STEP][PASSED] - setText(findTestObject("Object Repository/Page_PSTO webMessenger/input_Powrt do logowania_pass1"), findTestData("Rejestracja/tabR12").getValue("password", row)): Text 'startStop2' is set on object 'Object Repository/Page_PSTO webMessenger/input_Powrt do logowania_pass1'

2021-12-21 17:58:51 - [MESSAGE][PASSED] - Text 'startStop2' is set on object 'Object Repository/Page_PSTO webMessenger/input_Powrt do logowania_pass1'

2021-12-21 17:58:51 - [TEST_STEP][PASSED] - setText(findTestObject("Object Repository/Page_PSTO webMessenger/input_Powrt do logowania_pass2"), findTestData("Rejestracja/tabR12").getValue("password2", row)): Text 'startStop2' is set on object 'Object Repository/Page_PSTO webMessenger/input_Powrt do logowania_pass2'

2021-12-21 17:58:52 - [MESSAGE][PASSED] - Text 'startStop2' is set on object 'Object Repository/Page_PSTO webMessenger/input_Powrt do logowania_pass2'

2021-12-21 17:58:52 - [TEST_STEP][PASSED] - setText(findTestObject("Object Repository/Page_PSTO webMessenger/input_Powrt do logowania_name"), findTestData("Rejestracja/tabR12").getValue("name", row)): Text 'Agata' is set on object 'Object Repository/Page_PSTO webMessenger/input_Powrt do logowania_name'

2021-12-21 17:58:52 - [MESSAGE][PASSED] - Text 'Agata' is set on object 'Object Repository/Page_PSTO webMessenger/input_Powrt do logowania_name'

2021-12-21 17:58:52 - [TEST_STEP][PASSED] - setText(findTestObject("Object Repository/Page_PSTO webMessenger/input_Powrt do logowania_surname"), findTestData("Rejestracja/tabR12").getValue("surname", row)): Text 'Lazuró' is set on object 'Object Repository/Page_PSTO webMessenger/input_Powrt do logowania_surname'

2021-12-21 17:58:53 - [MESSAGE][PASSED] - Text 'Lazuró' is set on object 'Object Repository/Page_PSTO webMessenger/input_Powrt do logowania_surname'

2021-12-21 17:58:53 - [TEST_STEP][PASSED] - setText(findTestObject("Object Repository/Page_PSTO webMessenger/input_Powrt do logowania_kodgrupy"), findTestData("Rejestracja/tabR12").getValue("group", row)): Text 'wsbgroup2ap' is set on object 'Object Repository/Page_PSTO webMessenger/input_Powrt do logowania_kodgrupy'

2021-12-21 17:58:54 - [MESSAGE][PASSED] - Text 'wsbgroup2ap' is set on object 'Object Repository/Page_PSTO webMessenger/input_Powrt do logowania_kodgrupy'

2021-12-21 17:58:54 - [TEST_STEP][PASSED] - click(findTestObject("Page_PSTO webMessenger/input_Powrt do logowania_register")): Object: 'Object Repository/Page_PSTO webMessenger/input_Powrt do logowania_register' is clicked on

2021-12-21 17:58:54 - [MESSAGE][PASSED] - Object: 'Object Repository/Page_PSTO webMessenger/input_Powrt do logowania_register' is clicked on

2021-12-21 17:58:54 - [TEST_STEP][PASSED] - click(findTestObject("Page_PSTO webMessenger/a_Kliknij, aby si zalogowa"), CONTINUE_ON_FAILURE): Object: 'Object Repository/Page_PSTO webMessenger/a_Kliknij, aby si zalogowa' is clicked on

2021-12-21 17:58:55 - [MESSAGE][PASSED] - Object: 'Object Repository/Page_PSTO webMessenger/a_Kliknij, aby si zalogowa' is clicked on

2021-12-21 17:58:55 - [TEST_STEP][PASSED] - setText(findTestObject("Page_PSTO webMessenger/input_Zarejestruj konto_userLogin"), username): Text 'Ameba1640105928619' is set on object 'Object Repository/Page_PSTO webMessenger/input_Zarejestruj konto_userLogin'

2021-12-21 17:58:56 - [MESSAGE][PASSED] - Text 'Ameba1640105928619' is set on object 'Object Repository/Page_PSTO webMessenger/input_Zarejestruj konto_userLogin'

2021-12-21 17:58:56 - [TEST_STEP][PASSED] - setText(findTestObject("Page_PSTO webMessenger/input_Zarejestruj konto_passwordLogin"), findTestData("Rejestracja/tabR12").getValue("password", row)): Text 'startStop2' is set on object 'Object Repository/Page_PSTO webMessenger/input_Zarejestruj konto_passwordLogin'

2021-12-21 17:58:57 - [MESSAGE][PASSED] - Text 'startStop2' is set on object 'Object Repository/Page_PSTO webMessenger/input_Zarejestruj konto_passwordLogin'

2021-12-21 17:58:57 - [TEST_STEP][PASSED] - click(findTestObject("Page_PSTO webMessenger/input_Zarejestruj konto_login"), CONTINUE_ON_FAILURE): Object: 'Object Repository/Page_PSTO webMessenger/input_Zarejestruj konto_login' is clicked on

2021-12-21 17:58:57 - [MESSAGE][PASSED] - Object: 'Object Repository/Page_PSTO webMessenger/input_Zarejestruj konto_login' is clicked on

2021-12-21 17:58:57 - [TEST_STEP][PASSED] - takeScreenshot(data + "bugR12.png"): Taking screenshot successfully

2021-12-21 17:58:58 - [MESSAGE][PASSED] - Taking screenshot successfully
[[ATTACHMENT|C:\\Users\\agata\\git\\PTSOWebKounikator\\Reports\\20211221_175426\\R-tests\\20211221_175426\\1640105928619bugR12.png]]

2021-12-21 17:58:58 - [TEST_STEP][PASSED] - click(findTestObject("Page_PSTO webMessenger - Zalogowano/img_Zarejestruj konto_iconImg"), CONTINUE_ON_FAILURE): Object: 'Object Repository/Page_PSTO webMessenger - Zalogowano/img_Zarejestruj konto_iconImg' is clicked on

2021-12-21 17:58:59 - [MESSAGE][PASSED] - Object: 'Object Repository/Page_PSTO webMessenger - Zalogowano/img_Zarejestruj konto_iconImg' is clicked on

2021-12-21 17:58:59 - [TEST_STEP][PASSED] - data = Date().getTime(): null

2021-12-21 17:58:59 - [TEST_STEP][PASSED] - username = "Ameba" + data: null

2021-12-21 17:58:59 - [TEST_STEP][PASSED] - click(findTestObject("Object Repository/Page_PSTO webMessenger/a_Zarejestruj konto")): Object: 'Object Repository/Page_PSTO webMessenger/a_Zarejestruj konto' is clicked on

2021-12-21 17:58:59 - [MESSAGE][PASSED] - Object: 'Object Repository/Page_PSTO webMessenger/a_Zarejestruj konto' is clicked on

2021-12-21 17:58:59 - [TEST_STEP][PASSED] - setText(findTestObject("Object Repository/Page_PSTO webMessenger/input_Powrt do logowania_username"), username): Text 'Ameba1640105939423' is set on object 'Object Repository/Page_PSTO webMessenger/input_Powrt do logowania_username'

2021-12-21 17:59:00 - [MESSAGE][PASSED] - Text 'Ameba1640105939423' is set on object 'Object Repository/Page_PSTO webMessenger/input_Powrt do logowania_username'

2021-12-21 17:59:00 - [TEST_STEP][PASSED] - setText(findTestObject("Object Repository/Page_PSTO webMessenger/input_Powrt do logowania_pass1"), findTestData("Rejestracja/tabR12").getValue("password", row)): Text 'startStop3' is set on object 'Object Repository/Page_PSTO webMessenger/input_Powrt do logowania_pass1'

2021-12-21 17:59:01 - [MESSAGE][PASSED] - Text 'startStop3' is set on object 'Object Repository/Page_PSTO webMessenger/input_Powrt do logowania_pass1'

2021-12-21 17:59:01 - [TEST_STEP][PASSED] - setText(findTestObject("Object Repository/Page_PSTO webMessenger/input_Powrt do logowania_pass2"), findTestData("Rejestracja/tabR12").getValue("password2", row)): Text 'startStop3' is set on object 'Object Repository/Page_PSTO webMessenger/input_Powrt do logowania_pass2'

2021-12-21 17:59:02 - [MESSAGE][PASSED] - Text 'startStop3' is set on object 'Object Repository/Page_PSTO webMessenger/input_Powrt do logowania_pass2'

2021-12-21 17:59:02 - [TEST_STEP][PASSED] - setText(findTestObject("Object Repository/Page_PSTO webMessenger/input_Powrt do logowania_name"), findTestData("Rejestracja/tabR12").getValue("name", row)): Text 'Agata' is set on object 'Object Repository/Page_PSTO webMessenger/input_Powrt do logowania_name'

2021-12-21 17:59:03 - [MESSAGE][PASSED] - Text 'Agata' is set on object 'Object Repository/Page_PSTO webMessenger/input_Powrt do logowania_name'

2021-12-21 17:59:03 - [TEST_STEP][PASSED] - setText(findTestObject("Object Repository/Page_PSTO webMessenger/input_Powrt do logowania_surname"), findTestData("Rejestracja/tabR12").getValue("surname", row)): Text 'Mazurń' is set on object 'Object Repository/Page_PSTO webMessenger/input_Powrt do logowania_surname'

2021-12-21 17:59:03 - [MESSAGE][PASSED] - Text 'Mazurń' is set on object 'Object Repository/Page_PSTO webMessenger/input_Powrt do logowania_surname'

2021-12-21 17:59:03 - [TEST_STEP][PASSED] - setText(findTestObject("Object Repository/Page_PSTO webMessenger/input_Powrt do logowania_kodgrupy"), findTestData("Rejestracja/tabR12").getValue("group", row)): Text 'wsbgroup2ap' is set on object 'Object Repository/Page_PSTO webMessenger/input_Powrt do logowania_kodgrupy'

2021-12-21 17:59:04 - [MESSAGE][PASSED] - Text 'wsbgroup2ap' is set on object 'Object Repository/Page_PSTO webMessenger/input_Powrt do logowania_kodgrupy'

2021-12-21 17:59:04 - [TEST_STEP][PASSED] - click(findTestObject("Page_PSTO webMessenger/input_Powrt do logowania_register")): Object: 'Object Repository/Page_PSTO webMessenger/input_Powrt do logowania_register' is clicked on

2021-12-21 17:59:05 - [MESSAGE][PASSED] - Object: 'Object Repository/Page_PSTO webMessenger/input_Powrt do logowania_register' is clicked on

2021-12-21 17:59:05 - [TEST_STEP][PASSED] - click(findTestObject("Page_PSTO webMessenger/a_Kliknij, aby si zalogowa"), CONTINUE_ON_FAILURE): Object: 'Object Repository/Page_PSTO webMessenger/a_Kliknij, aby si zalogowa' is clicked on

2021-12-21 17:59:06 - [MESSAGE][PASSED] - Object: 'Object Repository/Page_PSTO webMessenger/a_Kliknij, aby si zalogowa' is clicked on

2021-12-21 17:59:06 - [TEST_STEP][PASSED] - setText(findTestObject("Page_PSTO webMessenger/input_Zarejestruj konto_userLogin"), username): Text 'Ameba1640105939423' is set on object 'Object Repository/Page_PSTO webMessenger/input_Zarejestruj konto_userLogin'

2021-12-21 17:59:07 - [MESSAGE][PASSED] - Text 'Ameba1640105939423' is set on object 'Object Repository/Page_PSTO webMessenger/input_Zarejestruj konto_userLogin'

2021-12-21 17:59:07 - [TEST_STEP][PASSED] - setText(findTestObject("Page_PSTO webMessenger/input_Zarejestruj konto_passwordLogin"), findTestData("Rejestracja/tabR12").getValue("password", row)): Text 'startStop3' is set on object 'Object Repository/Page_PSTO webMessenger/input_Zarejestruj konto_passwordLogin'

2021-12-21 17:59:08 - [MESSAGE][PASSED] - Text 'startStop3' is set on object 'Object Repository/Page_PSTO webMessenger/input_Zarejestruj konto_passwordLogin'

2021-12-21 17:59:08 - [TEST_STEP][PASSED] - click(findTestObject("Page_PSTO webMessenger/input_Zarejestruj konto_login"), CONTINUE_ON_FAILURE): Object: 'Object Repository/Page_PSTO webMessenger/input_Zarejestruj konto_login' is clicked on

2021-12-21 17:59:08 - [MESSAGE][PASSED] - Object: 'Object Repository/Page_PSTO webMessenger/input_Zarejestruj konto_login' is clicked on

2021-12-21 17:59:08 - [TEST_STEP][PASSED] - takeScreenshot(data + "bugR12.png"): Taking screenshot successfully

2021-12-21 17:59:09 - [MESSAGE][PASSED] - Taking screenshot successfully
[[ATTACHMENT|C:\\Users\\agata\\git\\PTSOWebKounikator\\Reports\\20211221_175426\\R-tests\\20211221_175426\\1640105939423bugR12.png]]

2021-12-21 17:59:09 - [TEST_STEP][PASSED] - click(findTestObject("Page_PSTO webMessenger - Zalogowano/img_Zarejestruj konto_iconImg"), CONTINUE_ON_FAILURE): Object: 'Object Repository/Page_PSTO webMessenger - Zalogowano/img_Zarejestruj konto_iconImg' is clicked on

2021-12-21 17:59:10 - [MESSAGE][PASSED] - Object: 'Object Repository/Page_PSTO webMessenger - Zalogowano/img_Zarejestruj konto_iconImg' is clicked on

2021-12-21 17:59:10 - [TEST_STEP][PASSED] - data = Date().getTime(): null

2021-12-21 17:59:10 - [TEST_STEP][PASSED] - username = "Ameba" + data: null

2021-12-21 17:59:10 - [TEST_STEP][PASSED] - click(findTestObject("Object Repository/Page_PSTO webMessenger/a_Zarejestruj konto")): Object: 'Object Repository/Page_PSTO webMessenger/a_Zarejestruj konto' is clicked on

2021-12-21 17:59:10 - [MESSAGE][PASSED] - Object: 'Object Repository/Page_PSTO webMessenger/a_Zarejestruj konto' is clicked on

2021-12-21 17:59:10 - [TEST_STEP][PASSED] - setText(findTestObject("Object Repository/Page_PSTO webMessenger/input_Powrt do logowania_username"), username): Text 'Ameba1640105950188' is set on object 'Object Repository/Page_PSTO webMessenger/input_Powrt do logowania_username'

2021-12-21 17:59:11 - [MESSAGE][PASSED] - Text 'Ameba1640105950188' is set on object 'Object Repository/Page_PSTO webMessenger/input_Powrt do logowania_username'

2021-12-21 17:59:11 - [TEST_STEP][PASSED] - setText(findTestObject("Object Repository/Page_PSTO webMessenger/input_Powrt do logowania_pass1"), findTestData("Rejestracja/tabR12").getValue("password", row)): Text 'startStop4' is set on object 'Object Repository/Page_PSTO webMessenger/input_Powrt do logowania_pass1'

2021-12-21 17:59:12 - [MESSAGE][PASSED] - Text 'startStop4' is set on object 'Object Repository/Page_PSTO webMessenger/input_Powrt do logowania_pass1'

2021-12-21 17:59:12 - [TEST_STEP][PASSED] - setText(findTestObject("Object Repository/Page_PSTO webMessenger/input_Powrt do logowania_pass2"), findTestData("Rejestracja/tabR12").getValue("password2", row)): Text 'startStop4' is set on object 'Object Repository/Page_PSTO webMessenger/input_Powrt do logowania_pass2'

2021-12-21 17:59:13 - [MESSAGE][PASSED] - Text 'startStop4' is set on object 'Object Repository/Page_PSTO webMessenger/input_Powrt do logowania_pass2'

2021-12-21 17:59:13 - [TEST_STEP][PASSED] - setText(findTestObject("Object Repository/Page_PSTO webMessenger/input_Powrt do logowania_name"), findTestData("Rejestracja/tabR12").getValue("name", row)): Text 'Agata' is set on object 'Object Repository/Page_PSTO webMessenger/input_Powrt do logowania_name'

2021-12-21 17:59:14 - [MESSAGE][PASSED] - Text 'Agata' is set on object 'Object Repository/Page_PSTO webMessenger/input_Powrt do logowania_name'

2021-12-21 17:59:14 - [TEST_STEP][PASSED] - setText(findTestObject("Object Repository/Page_PSTO webMessenger/input_Powrt do logowania_surname"), findTestData("Rejestracja/tabR12").getValue("surname", row)): Text 'Kazurł' is set on object 'Object Repository/Page_PSTO webMessenger/input_Powrt do logowania_surname'

2021-12-21 17:59:14 - [MESSAGE][PASSED] - Text 'Kazurł' is set on object 'Object Repository/Page_PSTO webMessenger/input_Powrt do logowania_surname'

2021-12-21 17:59:14 - [TEST_STEP][PASSED] - setText(findTestObject("Object Repository/Page_PSTO webMessenger/input_Powrt do logowania_kodgrupy"), findTestData("Rejestracja/tabR12").getValue("group", row)): Text 'wsbgroup2ap' is set on object 'Object Repository/Page_PSTO webMessenger/input_Powrt do logowania_kodgrupy'

2021-12-21 17:59:15 - [MESSAGE][PASSED] - Text 'wsbgroup2ap' is set on object 'Object Repository/Page_PSTO webMessenger/input_Powrt do logowania_kodgrupy'

2021-12-21 17:59:15 - [TEST_STEP][PASSED] - click(findTestObject("Page_PSTO webMessenger/input_Powrt do logowania_register")): Object: 'Object Repository/Page_PSTO webMessenger/input_Powrt do logowania_register' is clicked on

2021-12-21 17:59:16 - [MESSAGE][PASSED] - Object: 'Object Repository/Page_PSTO webMessenger/input_Powrt do logowania_register' is clicked on

2021-12-21 17:59:16 - [TEST_STEP][PASSED] - click(findTestObject("Page_PSTO webMessenger/a_Kliknij, aby si zalogowa"), CONTINUE_ON_FAILURE): Object: 'Object Repository/Page_PSTO webMessenger/a_Kliknij, aby si zalogowa' is clicked on

2021-12-21 17:59:17 - [MESSAGE][PASSED] - Object: 'Object Repository/Page_PSTO webMessenger/a_Kliknij, aby si zalogowa' is clicked on

2021-12-21 17:59:17 - [TEST_STEP][PASSED] - setText(findTestObject("Page_PSTO webMessenger/input_Zarejestruj konto_userLogin"), username): Text 'Ameba1640105950188' is set on object 'Object Repository/Page_PSTO webMessenger/input_Zarejestruj konto_userLogin'

2021-12-21 17:59:22 - [MESSAGE][PASSED] - Text 'Ameba1640105950188' is set on object 'Object Repository/Page_PSTO webMessenger/input_Zarejestruj konto_userLogin'

2021-12-21 17:59:22 - [TEST_STEP][PASSED] - setText(findTestObject("Page_PSTO webMessenger/input_Zarejestruj konto_passwordLogin"), findTestData("Rejestracja/tabR12").getValue("password", row)): Text 'startStop4' is set on object 'Object Repository/Page_PSTO webMessenger/input_Zarejestruj konto_passwordLogin'

2021-12-21 17:59:27 - [MESSAGE][PASSED] - Text 'startStop4' is set on object 'Object Repository/Page_PSTO webMessenger/input_Zarejestruj konto_passwordLogin'

2021-12-21 17:59:27 - [TEST_STEP][PASSED] - click(findTestObject("Page_PSTO webMessenger/input_Zarejestruj konto_login"), CONTINUE_ON_FAILURE): Object: 'Object Repository/Page_PSTO webMessenger/input_Zarejestruj konto_login' is clicked on

2021-12-21 17:59:30 - [MESSAGE][PASSED] - Object: 'Object Repository/Page_PSTO webMessenger/input_Zarejestruj konto_login' is clicked on

2021-12-21 17:59:30 - [TEST_STEP][PASSED] - takeScreenshot(data + "bugR12.png"): Taking screenshot successfully

2021-12-21 17:59:32 - [MESSAGE][PASSED] - Taking screenshot successfully
[[ATTACHMENT|C:\\Users\\agata\\git\\PTSOWebKounikator\\Reports\\20211221_175426\\R-tests\\20211221_175426\\1640105950188bugR12.png]]

2021-12-21 17:59:32 - [TEST_STEP][PASSED] - click(findTestObject("Page_PSTO webMessenger - Zalogowano/img_Zarejestruj konto_iconImg"), CONTINUE_ON_FAILURE): Object: 'Object Repository/Page_PSTO webMessenger - Zalogowano/img_Zarejestruj konto_iconImg' is clicked on

2021-12-21 17:59:32 - [MESSAGE][PASSED] - Object: 'Object Repository/Page_PSTO webMessenger - Zalogowano/img_Zarejestruj konto_iconImg' is clicked on

2021-12-21 17:59:32 - [TEST_STEP][PASSED] - data = Date().getTime(): null

2021-12-21 17:59:32 - [TEST_STEP][PASSED] - username = "Ameba" + data: null

2021-12-21 17:59:32 - [TEST_STEP][PASSED] - click(findTestObject("Object Repository/Page_PSTO webMessenger/a_Zarejestruj konto")): Object: 'Object Repository/Page_PSTO webMessenger/a_Zarejestruj konto' is clicked on

2021-12-21 17:59:33 - [MESSAGE][PASSED] - Object: 'Object Repository/Page_PSTO webMessenger/a_Zarejestruj konto' is clicked on

2021-12-21 17:59:33 - [TEST_STEP][PASSED] - setText(findTestObject("Object Repository/Page_PSTO webMessenger/input_Powrt do logowania_username"), username): Text 'Ameba1640105972994' is set on object 'Object Repository/Page_PSTO webMessenger/input_Powrt do logowania_username'

2021-12-21 17:59:34 - [MESSAGE][PASSED] - Text 'Ameba1640105972994' is set on object 'Object Repository/Page_PSTO webMessenger/input_Powrt do logowania_username'

2021-12-21 17:59:34 - [TEST_STEP][PASSED] - setText(findTestObject("Object Repository/Page_PSTO webMessenger/input_Powrt do logowania_pass1"), findTestData("Rejestracja/tabR12").getValue("password", row)): Text 'startStop5' is set on object 'Object Repository/Page_PSTO webMessenger/input_Powrt do logowania_pass1'

2021-12-21 17:59:37 - [MESSAGE][PASSED] - Text 'startStop5' is set on object 'Object Repository/Page_PSTO webMessenger/input_Powrt do logowania_pass1'

2021-12-21 17:59:37 - [TEST_STEP][PASSED] - setText(findTestObject("Object Repository/Page_PSTO webMessenger/input_Powrt do logowania_pass2"), findTestData("Rejestracja/tabR12").getValue("password2", row)): Text 'startStop5' is set on object 'Object Repository/Page_PSTO webMessenger/input_Powrt do logowania_pass2'

2021-12-21 17:59:41 - [MESSAGE][PASSED] - Text 'startStop5' is set on object 'Object Repository/Page_PSTO webMessenger/input_Powrt do logowania_pass2'

2021-12-21 17:59:41 - [TEST_STEP][PASSED] - setText(findTestObject("Object Repository/Page_PSTO webMessenger/input_Powrt do logowania_name"), findTestData("Rejestracja/tabR12").getValue("name", row)): Text 'Agata' is set on object 'Object Repository/Page_PSTO webMessenger/input_Powrt do logowania_name'

2021-12-21 17:59:45 - [MESSAGE][PASSED] - Text 'Agata' is set on object 'Object Repository/Page_PSTO webMessenger/input_Powrt do logowania_name'

2021-12-21 17:59:45 - [TEST_STEP][PASSED] - setText(findTestObject("Object Repository/Page_PSTO webMessenger/input_Powrt do logowania_surname"), findTestData("Rejestracja/tabR12").getValue("surname", row)): Text 'Gazurź' is set on object 'Object Repository/Page_PSTO webMessenger/input_Powrt do logowania_surname'

2021-12-21 17:59:49 - [MESSAGE][PASSED] - Text 'Gazurź' is set on object 'Object Repository/Page_PSTO webMessenger/input_Powrt do logowania_surname'

2021-12-21 17:59:49 - [TEST_STEP][PASSED] - setText(findTestObject("Object Repository/Page_PSTO webMessenger/input_Powrt do logowania_kodgrupy"), findTestData("Rejestracja/tabR12").getValue("group", row)): Text 'wsbgroup2ap' is set on object 'Object Repository/Page_PSTO webMessenger/input_Powrt do logowania_kodgrupy'

2021-12-21 17:59:53 - [MESSAGE][PASSED] - Text 'wsbgroup2ap' is set on object 'Object Repository/Page_PSTO webMessenger/input_Powrt do logowania_kodgrupy'

2021-12-21 17:59:53 - [TEST_STEP][PASSED] - click(findTestObject("Page_PSTO webMessenger/input_Powrt do logowania_register")): Object: 'Object Repository/Page_PSTO webMessenger/input_Powrt do logowania_register' is clicked on

2021-12-21 17:59:55 - [MESSAGE][PASSED] - Object: 'Object Repository/Page_PSTO webMessenger/input_Powrt do logowania_register' is clicked on

2021-12-21 17:59:55 - [TEST_STEP][PASSED] - click(findTestObject("Page_PSTO webMessenger/a_Kliknij, aby si zalogowa"), CONTINUE_ON_FAILURE): Object: 'Object Repository/Page_PSTO webMessenger/a_Kliknij, aby si zalogowa' is clicked on

2021-12-21 17:59:57 - [MESSAGE][PASSED] - Object: 'Object Repository/Page_PSTO webMessenger/a_Kliknij, aby si zalogowa' is clicked on

2021-12-21 17:59:57 - [TEST_STEP][PASSED] - setText(findTestObject("Page_PSTO webMessenger/input_Zarejestruj konto_userLogin"), username): Text 'Ameba1640105972994' is set on object 'Object Repository/Page_PSTO webMessenger/input_Zarejestruj konto_userLogin'

2021-12-21 18:00:01 - [MESSAGE][PASSED] - Text 'Ameba1640105972994' is set on object 'Object Repository/Page_PSTO webMessenger/input_Zarejestruj konto_userLogin'

2021-12-21 18:00:01 - [TEST_STEP][PASSED] - setText(findTestObject("Page_PSTO webMessenger/input_Zarejestruj konto_passwordLogin"), findTestData("Rejestracja/tabR12").getValue("password", row)): Text 'startStop5' is set on object 'Object Repository/Page_PSTO webMessenger/input_Zarejestruj konto_passwordLogin'

2021-12-21 18:00:05 - [MESSAGE][PASSED] - Text 'startStop5' is set on object 'Object Repository/Page_PSTO webMessenger/input_Zarejestruj konto_passwordLogin'

2021-12-21 18:00:05 - [TEST_STEP][PASSED] - click(findTestObject("Page_PSTO webMessenger/input_Zarejestruj konto_login"), CONTINUE_ON_FAILURE): Object: 'Object Repository/Page_PSTO webMessenger/input_Zarejestruj konto_login' is clicked on

2021-12-21 18:00:07 - [MESSAGE][PASSED] - Object: 'Object Repository/Page_PSTO webMessenger/input_Zarejestruj konto_login' is clicked on

2021-12-21 18:00:07 - [TEST_STEP][PASSED] - takeScreenshot(data + "bugR12.png"): Taking screenshot successfully

2021-12-21 18:00:09 - [MESSAGE][PASSED] - Taking screenshot successfully
[[ATTACHMENT|C:\\Users\\agata\\git\\PTSOWebKounikator\\Reports\\20211221_175426\\R-tests\\20211221_175426\\1640105972994bugR12.png]]

2021-12-21 18:00:09 - [TEST_STEP][PASSED] - click(findTestObject("Page_PSTO webMessenger - Zalogowano/img_Zarejestruj konto_iconImg"), CONTINUE_ON_FAILURE): Object: 'Object Repository/Page_PSTO webMessenger - Zalogowano/img_Zarejestruj konto_iconImg' is clicked on

2021-12-21 18:00:09 - [MESSAGE][PASSED] - Object: 'Object Repository/Page_PSTO webMessenger - Zalogowano/img_Zarejestruj konto_iconImg' is clicked on

2021-12-21 18:00:09 - [TEST_STEP][PASSED] - data = Date().getTime(): null

2021-12-21 18:00:09 - [TEST_STEP][PASSED] - username = "Ameba" + data: null

2021-12-21 18:00:09 - [TEST_STEP][PASSED] - click(findTestObject("Object Repository/Page_PSTO webMessenger/a_Zarejestruj konto")): Object: 'Object Repository/Page_PSTO webMessenger/a_Zarejestruj konto' is clicked on

2021-12-21 18:00:10 - [MESSAGE][PASSED] - Object: 'Object Repository/Page_PSTO webMessenger/a_Zarejestruj konto' is clicked on

2021-12-21 18:00:10 - [TEST_STEP][PASSED] - setText(findTestObject("Object Repository/Page_PSTO webMessenger/input_Powrt do logowania_username"), username): Text 'Ameba1640106009988' is set on object 'Object Repository/Page_PSTO webMessenger/input_Powrt do logowania_username'

2021-12-21 18:00:11 - [MESSAGE][PASSED] - Text 'Ameba1640106009988' is set on object 'Object Repository/Page_PSTO webMessenger/input_Powrt do logowania_username'

2021-12-21 18:00:11 - [TEST_STEP][PASSED] - setText(findTestObject("Object Repository/Page_PSTO webMessenger/input_Powrt do logowania_pass1"), findTestData("Rejestracja/tabR12").getValue("password", row)): Text 'startStop3' is set on object 'Object Repository/Page_PSTO webMessenger/input_Powrt do logowania_pass1'

2021-12-21 18:00:12 - [MESSAGE][PASSED] - Text 'startStop3' is set on object 'Object Repository/Page_PSTO webMessenger/input_Powrt do logowania_pass1'

2021-12-21 18:00:12 - [TEST_STEP][PASSED] - setText(findTestObject("Object Repository/Page_PSTO webMessenger/input_Powrt do logowania_pass2"), findTestData("Rejestracja/tabR12").getValue("password2", row)): Text 'startStop3' is set on object 'Object Repository/Page_PSTO webMessenger/input_Powrt do logowania_pass2'

2021-12-21 18:00:12 - [MESSAGE][PASSED] - Text 'startStop3' is set on object 'Object Repository/Page_PSTO webMessenger/input_Powrt do logowania_pass2'

2021-12-21 18:00:12 - [TEST_STEP][PASSED] - setText(findTestObject("Object Repository/Page_PSTO webMessenger/input_Powrt do logowania_name"), findTestData("Rejestracja/tabR12").getValue("name", row)): Text 'Agata' is set on object 'Object Repository/Page_PSTO webMessenger/input_Powrt do logowania_name'

2021-12-21 18:00:13 - [MESSAGE][PASSED] - Text 'Agata' is set on object 'Object Repository/Page_PSTO webMessenger/input_Powrt do logowania_name'

2021-12-21 18:00:13 - [TEST_STEP][PASSED] - setText(findTestObject("Object Repository/Page_PSTO webMessenger/input_Powrt do logowania_surname"), findTestData("Rejestracja/tabR12").getValue("surname", row)): Text 'Łazuróć' is set on object 'Object Repository/Page_PSTO webMessenger/input_Powrt do logowania_surname'

2021-12-21 18:00:14 - [MESSAGE][PASSED] - Text 'Łazuróć' is set on object 'Object Repository/Page_PSTO webMessenger/input_Powrt do logowania_surname'

2021-12-21 18:00:14 - [TEST_STEP][PASSED] - setText(findTestObject("Object Repository/Page_PSTO webMessenger/input_Powrt do logowania_kodgrupy"), findTestData("Rejestracja/tabR12").getValue("group", row)): Text 'wsbgroup2ap' is set on object 'Object Repository/Page_PSTO webMessenger/input_Powrt do logowania_kodgrupy'

2021-12-21 18:00:15 - [MESSAGE][PASSED] - Text 'wsbgroup2ap' is set on object 'Object Repository/Page_PSTO webMessenger/input_Powrt do logowania_kodgrupy'

2021-12-21 18:00:15 - [TEST_STEP][PASSED] - click(findTestObject("Page_PSTO webMessenger/input_Powrt do logowania_register")): Object: 'Object Repository/Page_PSTO webMessenger/input_Powrt do logowania_register' is clicked on

2021-12-21 18:00:15 - [MESSAGE][PASSED] - Object: 'Object Repository/Page_PSTO webMessenger/input_Powrt do logowania_register' is clicked on

2021-12-21 18:00:15 - [TEST_STEP][PASSED] - click(findTestObject("Page_PSTO webMessenger/a_Kliknij, aby si zalogowa"), CONTINUE_ON_FAILURE): Object: 'Object Repository/Page_PSTO webMessenger/a_Kliknij, aby si zalogowa' is clicked on

2021-12-21 18:00:16 - [MESSAGE][PASSED] - Object: 'Object Repository/Page_PSTO webMessenger/a_Kliknij, aby si zalogowa' is clicked on

2021-12-21 18:00:16 - [TEST_STEP][PASSED] - setText(findTestObject("Page_PSTO webMessenger/input_Zarejestruj konto_userLogin"), username): Text 'Ameba1640106009988' is set on object 'Object Repository/Page_PSTO webMessenger/input_Zarejestruj konto_userLogin'

2021-12-21 18:00:17 - [MESSAGE][PASSED] - Text 'Ameba1640106009988' is set on object 'Object Repository/Page_PSTO webMessenger/input_Zarejestruj konto_userLogin'

2021-12-21 18:00:17 - [TEST_STEP][PASSED] - setText(findTestObject("Page_PSTO webMessenger/input_Zarejestruj konto_passwordLogin"), findTestData("Rejestracja/tabR12").getValue("password", row)): Text 'startStop3' is set on object 'Object Repository/Page_PSTO webMessenger/input_Zarejestruj konto_passwordLogin'

2021-12-21 18:00:18 - [MESSAGE][PASSED] - Text 'startStop3' is set on object 'Object Repository/Page_PSTO webMessenger/input_Zarejestruj konto_passwordLogin'

2021-12-21 18:00:18 - [TEST_STEP][PASSED] - click(findTestObject("Page_PSTO webMessenger/input_Zarejestruj konto_login"), CONTINUE_ON_FAILURE): Object: 'Object Repository/Page_PSTO webMessenger/input_Zarejestruj konto_login' is clicked on

2021-12-21 18:00:18 - [MESSAGE][PASSED] - Object: 'Object Repository/Page_PSTO webMessenger/input_Zarejestruj konto_login' is clicked on

2021-12-21 18:00:18 - [TEST_STEP][PASSED] - takeScreenshot(data + "bugR12.png"): Taking screenshot successfully

2021-12-21 18:00:19 - [MESSAGE][PASSED] - Taking screenshot successfully
[[ATTACHMENT|C:\\Users\\agata\\git\\PTSOWebKounikator\\Reports\\20211221_175426\\R-tests\\20211221_175426\\1640106009988bugR12.png]]

2021-12-21 18:00:19 - [TEST_STEP][PASSED] - click(findTestObject("Page_PSTO webMessenger - Zalogowano/img_Zarejestruj konto_iconImg"), CONTINUE_ON_FAILURE): Object: 'Object Repository/Page_PSTO webMessenger - Zalogowano/img_Zarejestruj konto_iconImg' is clicked on

2021-12-21 18:00:20 - [MESSAGE][PASSED] - Object: 'Object Repository/Page_PSTO webMessenger - Zalogowano/img_Zarejestruj konto_iconImg' is clicked on

2021-12-21 18:00:20 - [TEST_STEP][PASSED] - data = Date().getTime(): null

2021-12-21 18:00:20 - [TEST_STEP][PASSED] - username = "Ameba" + data: null

2021-12-21 18:00:20 - [TEST_STEP][PASSED] - click(findTestObject("Object Repository/Page_PSTO webMessenger/a_Zarejestruj konto")): Object: 'Object Repository/Page_PSTO webMessenger/a_Zarejestruj konto' is clicked on

2021-12-21 18:00:20 - [MESSAGE][PASSED] - Object: 'Object Repository/Page_PSTO webMessenger/a_Zarejestruj konto' is clicked on

2021-12-21 18:00:20 - [TEST_STEP][PASSED] - setText(findTestObject("Object Repository/Page_PSTO webMessenger/input_Powrt do logowania_username"), username): Text 'Ameba1640106020273' is set on object 'Object Repository/Page_PSTO webMessenger/input_Powrt do logowania_username'

2021-12-21 18:00:21 - [MESSAGE][PASSED] - Text 'Ameba1640106020273' is set on object 'Object Repository/Page_PSTO webMessenger/input_Powrt do logowania_username'

2021-12-21 18:00:21 - [TEST_STEP][PASSED] - setText(findTestObject("Object Repository/Page_PSTO webMessenger/input_Powrt do logowania_pass1"), findTestData("Rejestracja/tabR12").getValue("password", row)): Text 'startStop4' is set on object 'Object Repository/Page_PSTO webMessenger/input_Powrt do logowania_pass1'

2021-12-21 18:00:22 - [MESSAGE][PASSED] - Text 'startStop4' is set on object 'Object Repository/Page_PSTO webMessenger/input_Powrt do logowania_pass1'

2021-12-21 18:00:22 - [TEST_STEP][PASSED] - setText(findTestObject("Object Repository/Page_PSTO webMessenger/input_Powrt do logowania_pass2"), findTestData("Rejestracja/tabR12").getValue("password2", row)): Text 'startStop4' is set on object 'Object Repository/Page_PSTO webMessenger/input_Powrt do logowania_pass2'

2021-12-21 18:00:23 - [MESSAGE][PASSED] - Text 'startStop4' is set on object 'Object Repository/Page_PSTO webMessenger/input_Powrt do logowania_pass2'

2021-12-21 18:00:23 - [TEST_STEP][PASSED] - setText(findTestObject("Object Repository/Page_PSTO webMessenger/input_Powrt do logowania_name"), findTestData("Rejestracja/tabR12").getValue("name", row)): Text 'Agata' is set on object 'Object Repository/Page_PSTO webMessenger/input_Powrt do logowania_name'

2021-12-21 18:00:24 - [MESSAGE][PASSED] - Text 'Agata' is set on object 'Object Repository/Page_PSTO webMessenger/input_Powrt do logowania_name'

2021-12-21 18:00:24 - [TEST_STEP][PASSED] - setText(findTestObject("Object Repository/Page_PSTO webMessenger/input_Powrt do logowania_surname"), findTestData("Rejestracja/tabR12").getValue("surname", row)): Text 'Hazuś' is set on object 'Object Repository/Page_PSTO webMessenger/input_Powrt do logowania_surname'

2021-12-21 18:00:25 - [MESSAGE][PASSED] - Text 'Hazuś' is set on object 'Object Repository/Page_PSTO webMessenger/input_Powrt do logowania_surname'

2021-12-21 18:00:25 - [TEST_STEP][PASSED] - setText(findTestObject("Object Repository/Page_PSTO webMessenger/input_Powrt do logowania_kodgrupy"), findTestData("Rejestracja/tabR12").getValue("group", row)): Text 'wsbgroup2ap' is set on object 'Object Repository/Page_PSTO webMessenger/input_Powrt do logowania_kodgrupy'

2021-12-21 18:00:26 - [MESSAGE][PASSED] - Text 'wsbgroup2ap' is set on object 'Object Repository/Page_PSTO webMessenger/input_Powrt do logowania_kodgrupy'

2021-12-21 18:00:26 - [TEST_STEP][PASSED] - click(findTestObject("Page_PSTO webMessenger/input_Powrt do logowania_register")): Object: 'Object Repository/Page_PSTO webMessenger/input_Powrt do logowania_register' is clicked on

2021-12-21 18:00:26 - [MESSAGE][PASSED] - Object: 'Object Repository/Page_PSTO webMessenger/input_Powrt do logowania_register' is clicked on

2021-12-21 18:00:26 - [TEST_STEP][PASSED] - click(findTestObject("Page_PSTO webMessenger/a_Kliknij, aby si zalogowa"), CONTINUE_ON_FAILURE): Object: 'Object Repository/Page_PSTO webMessenger/a_Kliknij, aby si zalogowa' is clicked on

2021-12-21 18:00:27 - [MESSAGE][PASSED] - Object: 'Object Repository/Page_PSTO webMessenger/a_Kliknij, aby si zalogowa' is clicked on

2021-12-21 18:00:27 - [TEST_STEP][PASSED] - setText(findTestObject("Page_PSTO webMessenger/input_Zarejestruj konto_userLogin"), username): Text 'Ameba1640106020273' is set on object 'Object Repository/Page_PSTO webMessenger/input_Zarejestruj konto_userLogin'

2021-12-21 18:00:28 - [MESSAGE][PASSED] - Text 'Ameba1640106020273' is set on object 'Object Repository/Page_PSTO webMessenger/input_Zarejestruj konto_userLogin'

2021-12-21 18:00:28 - [TEST_STEP][PASSED] - setText(findTestObject("Page_PSTO webMessenger/input_Zarejestruj konto_passwordLogin"), findTestData("Rejestracja/tabR12").getValue("password", row)): Text 'startStop4' is set on object 'Object Repository/Page_PSTO webMessenger/input_Zarejestruj konto_passwordLogin'

2021-12-21 18:00:29 - [MESSAGE][PASSED] - Text 'startStop4' is set on object 'Object Repository/Page_PSTO webMessenger/input_Zarejestruj konto_passwordLogin'

2021-12-21 18:00:29 - [TEST_STEP][PASSED] - click(findTestObject("Page_PSTO webMessenger/input_Zarejestruj konto_login"), CONTINUE_ON_FAILURE): Object: 'Object Repository/Page_PSTO webMessenger/input_Zarejestruj konto_login' is clicked on

2021-12-21 18:00:29 - [MESSAGE][PASSED] - Object: 'Object Repository/Page_PSTO webMessenger/input_Zarejestruj konto_login' is clicked on

2021-12-21 18:00:29 - [TEST_STEP][PASSED] - takeScreenshot(data + "bugR12.png"): Taking screenshot successfully

2021-12-21 18:00:30 - [MESSAGE][PASSED] - Taking screenshot successfully
[[ATTACHMENT|C:\\Users\\agata\\git\\PTSOWebKounikator\\Reports\\20211221_175426\\R-tests\\20211221_175426\\1640106020273bugR12.png]]

2021-12-21 18:00:30 - [TEST_STEP][PASSED] - click(findTestObject("Page_PSTO webMessenger - Zalogowano/img_Zarejestruj konto_iconImg"), CONTINUE_ON_FAILURE): Object: 'Object Repository/Page_PSTO webMessenger - Zalogowano/img_Zarejestruj konto_iconImg' is clicked on

2021-12-21 18:00:31 - [MESSAGE][PASSED] - Object: 'Object Repository/Page_PSTO webMessenger - Zalogowano/img_Zarejestruj konto_iconImg' is clicked on

2021-12-21 18:00:31 - [TEST_STEP][PASSED] - data = Date().getTime(): null

2021-12-21 18:00:31 - [TEST_STEP][PASSED] - username = "Ameba" + data: null

2021-12-21 18:00:31 - [TEST_STEP][PASSED] - click(findTestObject("Object Repository/Page_PSTO webMessenger/a_Zarejestruj konto")): Object: 'Object Repository/Page_PSTO webMessenger/a_Zarejestruj konto' is clicked on

2021-12-21 18:00:32 - [MESSAGE][PASSED] - Object: 'Object Repository/Page_PSTO webMessenger/a_Zarejestruj konto' is clicked on

2021-12-21 18:00:32 - [TEST_STEP][PASSED] - setText(findTestObject("Object Repository/Page_PSTO webMessenger/input_Powrt do logowania_username"), username): Text 'Ameba1640106031545' is set on object 'Object Repository/Page_PSTO webMessenger/input_Powrt do logowania_username'

2021-12-21 18:00:33 - [MESSAGE][PASSED] - Text 'Ameba1640106031545' is set on object 'Object Repository/Page_PSTO webMessenger/input_Powrt do logowania_username'

2021-12-21 18:00:33 - [TEST_STEP][PASSED] - setText(findTestObject("Object Repository/Page_PSTO webMessenger/input_Powrt do logowania_pass1"), findTestData("Rejestracja/tabR12").getValue("password", row)): Text 'startStop5' is set on object 'Object Repository/Page_PSTO webMessenger/input_Powrt do logowania_pass1'

2021-12-21 18:00:33 - [MESSAGE][PASSED] - Text 'startStop5' is set on object 'Object Repository/Page_PSTO webMessenger/input_Powrt do logowania_pass1'

2021-12-21 18:00:33 - [TEST_STEP][PASSED] - setText(findTestObject("Object Repository/Page_PSTO webMessenger/input_Powrt do logowania_pass2"), findTestData("Rejestracja/tabR12").getValue("password2", row)): Text 'startStop5' is set on object 'Object Repository/Page_PSTO webMessenger/input_Powrt do logowania_pass2'

2021-12-21 18:00:34 - [MESSAGE][PASSED] - Text 'startStop5' is set on object 'Object Repository/Page_PSTO webMessenger/input_Powrt do logowania_pass2'

2021-12-21 18:00:34 - [TEST_STEP][PASSED] - setText(findTestObject("Object Repository/Page_PSTO webMessenger/input_Powrt do logowania_name"), findTestData("Rejestracja/tabR12").getValue("name", row)): Text 'Agata' is set on object 'Object Repository/Page_PSTO webMessenger/input_Powrt do logowania_name'

2021-12-21 18:00:35 - [MESSAGE][PASSED] - Text 'Agata' is set on object 'Object Repository/Page_PSTO webMessenger/input_Powrt do logowania_name'

2021-12-21 18:00:35 - [TEST_STEP][PASSED] - setText(findTestObject("Object Repository/Page_PSTO webMessenger/input_Powrt do logowania_surname"), findTestData("Rejestracja/tabR12").getValue("surname", row)): Text 'Pazurę' is set on object 'Object Repository/Page_PSTO webMessenger/input_Powrt do logowania_surname'

2021-12-21 18:00:36 - [MESSAGE][PASSED] - Text 'Pazurę' is set on object 'Object Repository/Page_PSTO webMessenger/input_Powrt do logowania_surname'

2021-12-21 18:00:36 - [TEST_STEP][PASSED] - setText(findTestObject("Object Repository/Page_PSTO webMessenger/input_Powrt do logowania_kodgrupy"), findTestData("Rejestracja/tabR12").getValue("group", row)): Text 'wsbgroup2ap' is set on object 'Object Repository/Page_PSTO webMessenger/input_Powrt do logowania_kodgrupy'

2021-12-21 18:00:37 - [MESSAGE][PASSED] - Text 'wsbgroup2ap' is set on object 'Object Repository/Page_PSTO webMessenger/input_Powrt do logowania_kodgrupy'

2021-12-21 18:00:37 - [TEST_STEP][PASSED] - click(findTestObject("Page_PSTO webMessenger/input_Powrt do logowania_register")): Object: 'Object Repository/Page_PSTO webMessenger/input_Powrt do logowania_register' is clicked on

2021-12-21 18:00:37 - [MESSAGE][PASSED] - Object: 'Object Repository/Page_PSTO webMessenger/input_Powrt do logowania_register' is clicked on

2021-12-21 18:00:37 - [TEST_STEP][PASSED] - click(findTestObject("Page_PSTO webMessenger/a_Kliknij, aby si zalogowa"), CONTINUE_ON_FAILURE): Object: 'Object Repository/Page_PSTO webMessenger/a_Kliknij, aby si zalogowa' is clicked on

2021-12-21 18:00:38 - [MESSAGE][PASSED] - Object: 'Object Repository/Page_PSTO webMessenger/a_Kliknij, aby si zalogowa' is clicked on

2021-12-21 18:00:38 - [TEST_STEP][PASSED] - setText(findTestObject("Page_PSTO webMessenger/input_Zarejestruj konto_userLogin"), username): Text 'Ameba1640106031545' is set on object 'Object Repository/Page_PSTO webMessenger/input_Zarejestruj konto_userLogin'

2021-12-21 18:00:39 - [MESSAGE][PASSED] - Text 'Ameba1640106031545' is set on object 'Object Repository/Page_PSTO webMessenger/input_Zarejestruj konto_userLogin'

2021-12-21 18:00:39 - [TEST_STEP][PASSED] - setText(findTestObject("Page_PSTO webMessenger/input_Zarejestruj konto_passwordLogin"), findTestData("Rejestracja/tabR12").getValue("password", row)): Text 'startStop5' is set on object 'Object Repository/Page_PSTO webMessenger/input_Zarejestruj konto_passwordLogin'

2021-12-21 18:00:40 - [MESSAGE][PASSED] - Text 'startStop5' is set on object 'Object Repository/Page_PSTO webMessenger/input_Zarejestruj konto_passwordLogin'

2021-12-21 18:00:40 - [TEST_STEP][PASSED] - click(findTestObject("Page_PSTO webMessenger/input_Zarejestruj konto_login"), CONTINUE_ON_FAILURE): Object: 'Object Repository/Page_PSTO webMessenger/input_Zarejestruj konto_login' is clicked on

2021-12-21 18:00:40 - [MESSAGE][PASSED] - Object: 'Object Repository/Page_PSTO webMessenger/input_Zarejestruj konto_login' is clicked on

2021-12-21 18:00:40 - [TEST_STEP][PASSED] - takeScreenshot(data + "bugR12.png"): Taking screenshot successfully

2021-12-21 18:00:42 - [MESSAGE][PASSED] - Taking screenshot successfully
[[ATTACHMENT|C:\\Users\\agata\\git\\PTSOWebKounikator\\Reports\\20211221_175426\\R-tests\\20211221_175426\\1640106031545bugR12.png]]

2021-12-21 18:00:42 - [TEST_STEP][PASSED] - click(findTestObject("Page_PSTO webMessenger - Zalogowano/img_Zarejestruj konto_iconImg"), CONTINUE_ON_FAILURE): Object: 'Object Repository/Page_PSTO webMessenger - Zalogowano/img_Zarejestruj konto_iconImg' is clicked on

2021-12-21 18:00:43 - [MESSAGE][PASSED] - Object: 'Object Repository/Page_PSTO webMessenger - Zalogowano/img_Zarejestruj konto_iconImg' is clicked on

2021-12-21 18:00:43 - [TEST_STEP][PASSED] - closeBrowser(): Browser is closed

2021-12-21 18:00:44 - [MESSAGE][PASSED] - Browser is closed]]></system-out>
         <system-err><![CDATA[]]></system-err>
      </testcase>
      <testcase name="Test Cases/Rejestracja/R13" time="57.833" classname="Test Cases/Rejestracja/R13" status="PASSED">
         <system-out><![CDATA[2021-12-21 18:00:44 - [TEST_CASE][PASSED] - Test Cases/Rejestracja/R13: Test Cases/Rejestracja/R13

2021-12-21 18:00:45 - [TEST_STEP][PASSED] - openBrowser(""): Browser is opened with url: ''

2021-12-21 18:00:45 - [MESSAGE][INFO] - Starting 'Chrome' driver

2021-12-21 18:00:45 - [MESSAGE][INFO] - Action delay is set to 0 milliseconds

2021-12-21 18:00:46 - [MESSAGE][PASSED] - Browser is opened with url: ''

2021-12-21 18:00:46 - [TEST_STEP][PASSED] - navigateToUrl("http://kmg.hcm.pl/testowanie/index.html"): Navigate to 'http://kmg.hcm.pl/testowanie/index.html' successfully

2021-12-21 18:00:47 - [MESSAGE][PASSED] - Navigate to 'http://kmg.hcm.pl/testowanie/index.html' successfully

2021-12-21 18:00:47 - [TEST_STEP][PASSED] - for ([row = 1, row <= findTestData("Rejestracja/tabR13").getRowNumbers(), (row++)]): Taking screenshot successfully

2021-12-21 18:00:47 - [TEST_STEP][PASSED] - data = Date().getTime(): null

2021-12-21 18:00:47 - [TEST_STEP][PASSED] - username = "Ameba" + data: null

2021-12-21 18:00:47 - [TEST_STEP][PASSED] - click(findTestObject("Object Repository/Page_PSTO webMessenger/a_Zarejestruj konto")): Object: 'Object Repository/Page_PSTO webMessenger/a_Zarejestruj konto' is clicked on

2021-12-21 18:00:48 - [MESSAGE][PASSED] - Object: 'Object Repository/Page_PSTO webMessenger/a_Zarejestruj konto' is clicked on

2021-12-21 18:00:48 - [TEST_STEP][PASSED] - setText(findTestObject("Object Repository/Page_PSTO webMessenger/input_Powrt do logowania_username"), username): Text 'Ameba1640106047843' is set on object 'Object Repository/Page_PSTO webMessenger/input_Powrt do logowania_username'

2021-12-21 18:00:49 - [MESSAGE][PASSED] - Text 'Ameba1640106047843' is set on object 'Object Repository/Page_PSTO webMessenger/input_Powrt do logowania_username'

2021-12-21 18:00:49 - [TEST_STEP][PASSED] - setText(findTestObject("Object Repository/Page_PSTO webMessenger/input_Powrt do logowania_pass1"), findTestData("Rejestracja/tabR13").getValue("password", row)): Text 'startStop1' is set on object 'Object Repository/Page_PSTO webMessenger/input_Powrt do logowania_pass1'

2021-12-21 18:00:49 - [MESSAGE][PASSED] - Text 'startStop1' is set on object 'Object Repository/Page_PSTO webMessenger/input_Powrt do logowania_pass1'

2021-12-21 18:00:49 - [TEST_STEP][PASSED] - setText(findTestObject("Object Repository/Page_PSTO webMessenger/input_Powrt do logowania_pass2"), findTestData("Rejestracja/tabR13").getValue("password2", row)): Text 'startStop1' is set on object 'Object Repository/Page_PSTO webMessenger/input_Powrt do logowania_pass2'

2021-12-21 18:00:50 - [MESSAGE][PASSED] - Text 'startStop1' is set on object 'Object Repository/Page_PSTO webMessenger/input_Powrt do logowania_pass2'

2021-12-21 18:00:50 - [TEST_STEP][PASSED] - setText(findTestObject("Object Repository/Page_PSTO webMessenger/input_Powrt do logowania_name"), findTestData("Rejestracja/tabR13").getValue("name", row)): Text 'Agata' is set on object 'Object Repository/Page_PSTO webMessenger/input_Powrt do logowania_name'

2021-12-21 18:00:51 - [MESSAGE][PASSED] - Text 'Agata' is set on object 'Object Repository/Page_PSTO webMessenger/input_Powrt do logowania_name'

2021-12-21 18:00:51 - [TEST_STEP][PASSED] - setText(findTestObject("Object Repository/Page_PSTO webMessenger/input_Powrt do logowania_surname"), findTestData("Rejestracja/tabR13").getValue("surname", row)): Text '' is set on object 'Object Repository/Page_PSTO webMessenger/input_Powrt do logowania_surname'

2021-12-21 18:00:52 - [MESSAGE][PASSED] - Text '' is set on object 'Object Repository/Page_PSTO webMessenger/input_Powrt do logowania_surname'

2021-12-21 18:00:52 - [TEST_STEP][PASSED] - setText(findTestObject("Object Repository/Page_PSTO webMessenger/input_Powrt do logowania_kodgrupy"), findTestData("Rejestracja/tabR13").getValue("group", row)): Text 'wsbgroup2ap' is set on object 'Object Repository/Page_PSTO webMessenger/input_Powrt do logowania_kodgrupy'

2021-12-21 18:00:53 - [MESSAGE][PASSED] - Text 'wsbgroup2ap' is set on object 'Object Repository/Page_PSTO webMessenger/input_Powrt do logowania_kodgrupy'

2021-12-21 18:00:53 - [TEST_STEP][PASSED] - click(findTestObject("Page_PSTO webMessenger/input_Powrt do logowania_register")): Object: 'Object Repository/Page_PSTO webMessenger/input_Powrt do logowania_register' is clicked on

2021-12-21 18:00:54 - [MESSAGE][PASSED] - Object: 'Object Repository/Page_PSTO webMessenger/input_Powrt do logowania_register' is clicked on

2021-12-21 18:00:54 - [TEST_STEP][PASSED] - verifyElementVisible(findTestObject("Page_PSTO webMessenger/div_Nie wypeniono wszystkich pl")): Object 'Object Repository/Page_PSTO webMessenger/div_Nie wypeniono wszystkich pl' is visible

2021-12-21 18:00:54 - [MESSAGE][PASSED] - Object 'Object Repository/Page_PSTO webMessenger/div_Nie wypeniono wszystkich pl' is visible

2021-12-21 18:00:54 - [TEST_STEP][PASSED] - click(findTestObject("Page_PSTO webMessenger/a_Powrt do logowania"), CONTINUE_ON_FAILURE): Object: 'Object Repository/Page_PSTO webMessenger/a_Powrt do logowania' is clicked on

2021-12-21 18:00:55 - [MESSAGE][PASSED] - Object: 'Object Repository/Page_PSTO webMessenger/a_Powrt do logowania' is clicked on

2021-12-21 18:00:55 - [TEST_STEP][PASSED] - setText(findTestObject("Page_PSTO webMessenger/input_Zarejestruj konto_userLogin"), username): Text 'Ameba1640106047843' is set on object 'Object Repository/Page_PSTO webMessenger/input_Zarejestruj konto_userLogin'

2021-12-21 18:00:56 - [MESSAGE][PASSED] - Text 'Ameba1640106047843' is set on object 'Object Repository/Page_PSTO webMessenger/input_Zarejestruj konto_userLogin'

2021-12-21 18:00:56 - [TEST_STEP][PASSED] - setText(findTestObject("Page_PSTO webMessenger/input_Zarejestruj konto_passwordLogin"), findTestData("Rejestracja/tabR13").getValue("password", row)): Text 'startStop1' is set on object 'Object Repository/Page_PSTO webMessenger/input_Zarejestruj konto_passwordLogin'

2021-12-21 18:00:57 - [MESSAGE][PASSED] - Text 'startStop1' is set on object 'Object Repository/Page_PSTO webMessenger/input_Zarejestruj konto_passwordLogin'

2021-12-21 18:00:57 - [TEST_STEP][PASSED] - click(findTestObject("Page_PSTO webMessenger/input_Zarejestruj konto_login"), CONTINUE_ON_FAILURE): Object: 'Object Repository/Page_PSTO webMessenger/input_Zarejestruj konto_login' is clicked on

2021-12-21 18:00:58 - [MESSAGE][PASSED] - Object: 'Object Repository/Page_PSTO webMessenger/input_Zarejestruj konto_login' is clicked on

2021-12-21 18:00:58 - [TEST_STEP][PASSED] - takeScreenshot(data + "bugR13.png"): Taking screenshot successfully

2021-12-21 18:00:58 - [MESSAGE][PASSED] - Taking screenshot successfully
[[ATTACHMENT|C:\\Users\\agata\\git\\PTSOWebKounikator\\Reports\\20211221_175426\\R-tests\\20211221_175426\\1640106047843bugR13.png]]

2021-12-21 18:00:58 - [TEST_STEP][PASSED] - data = Date().getTime(): null

2021-12-21 18:00:58 - [TEST_STEP][PASSED] - username = "Ameba" + data: null

2021-12-21 18:00:58 - [TEST_STEP][PASSED] - click(findTestObject("Object Repository/Page_PSTO webMessenger/a_Zarejestruj konto")): Object: 'Object Repository/Page_PSTO webMessenger/a_Zarejestruj konto' is clicked on

2021-12-21 18:00:59 - [MESSAGE][PASSED] - Object: 'Object Repository/Page_PSTO webMessenger/a_Zarejestruj konto' is clicked on

2021-12-21 18:00:59 - [TEST_STEP][PASSED] - setText(findTestObject("Object Repository/Page_PSTO webMessenger/input_Powrt do logowania_username"), username): Text 'Ameba1640106058594' is set on object 'Object Repository/Page_PSTO webMessenger/input_Powrt do logowania_username'

2021-12-21 18:01:00 - [MESSAGE][PASSED] - Text 'Ameba1640106058594' is set on object 'Object Repository/Page_PSTO webMessenger/input_Powrt do logowania_username'

2021-12-21 18:01:00 - [TEST_STEP][PASSED] - setText(findTestObject("Object Repository/Page_PSTO webMessenger/input_Powrt do logowania_pass1"), findTestData("Rejestracja/tabR13").getValue("password", row)): Text 'startStop2' is set on object 'Object Repository/Page_PSTO webMessenger/input_Powrt do logowania_pass1'

2021-12-21 18:01:01 - [MESSAGE][PASSED] - Text 'startStop2' is set on object 'Object Repository/Page_PSTO webMessenger/input_Powrt do logowania_pass1'

2021-12-21 18:01:01 - [TEST_STEP][PASSED] - setText(findTestObject("Object Repository/Page_PSTO webMessenger/input_Powrt do logowania_pass2"), findTestData("Rejestracja/tabR13").getValue("password2", row)): Text 'startStop2' is set on object 'Object Repository/Page_PSTO webMessenger/input_Powrt do logowania_pass2'

2021-12-21 18:01:01 - [MESSAGE][PASSED] - Text 'startStop2' is set on object 'Object Repository/Page_PSTO webMessenger/input_Powrt do logowania_pass2'

2021-12-21 18:01:01 - [TEST_STEP][PASSED] - setText(findTestObject("Object Repository/Page_PSTO webMessenger/input_Powrt do logowania_name"), findTestData("Rejestracja/tabR13").getValue("name", row)): Text 'Agata' is set on object 'Object Repository/Page_PSTO webMessenger/input_Powrt do logowania_name'

2021-12-21 18:01:02 - [MESSAGE][PASSED] - Text 'Agata' is set on object 'Object Repository/Page_PSTO webMessenger/input_Powrt do logowania_name'

2021-12-21 18:01:02 - [TEST_STEP][PASSED] - setText(findTestObject("Object Repository/Page_PSTO webMessenger/input_Powrt do logowania_surname"), findTestData("Rejestracja/tabR13").getValue("surname", row)): Text '' is set on object 'Object Repository/Page_PSTO webMessenger/input_Powrt do logowania_surname'

2021-12-21 18:01:03 - [MESSAGE][PASSED] - Text '' is set on object 'Object Repository/Page_PSTO webMessenger/input_Powrt do logowania_surname'

2021-12-21 18:01:03 - [TEST_STEP][PASSED] - setText(findTestObject("Object Repository/Page_PSTO webMessenger/input_Powrt do logowania_kodgrupy"), findTestData("Rejestracja/tabR13").getValue("group", row)): Text 'wsbgroup2ap' is set on object 'Object Repository/Page_PSTO webMessenger/input_Powrt do logowania_kodgrupy'

2021-12-21 18:01:04 - [MESSAGE][PASSED] - Text 'wsbgroup2ap' is set on object 'Object Repository/Page_PSTO webMessenger/input_Powrt do logowania_kodgrupy'

2021-12-21 18:01:04 - [TEST_STEP][PASSED] - click(findTestObject("Page_PSTO webMessenger/input_Powrt do logowania_register")): Object: 'Object Repository/Page_PSTO webMessenger/input_Powrt do logowania_register' is clicked on

2021-12-21 18:01:05 - [MESSAGE][PASSED] - Object: 'Object Repository/Page_PSTO webMessenger/input_Powrt do logowania_register' is clicked on

2021-12-21 18:01:05 - [TEST_STEP][PASSED] - verifyElementVisible(findTestObject("Page_PSTO webMessenger/div_Nie wypeniono wszystkich pl")): Object 'Object Repository/Page_PSTO webMessenger/div_Nie wypeniono wszystkich pl' is visible

2021-12-21 18:01:05 - [MESSAGE][PASSED] - Object 'Object Repository/Page_PSTO webMessenger/div_Nie wypeniono wszystkich pl' is visible

2021-12-21 18:01:05 - [TEST_STEP][PASSED] - click(findTestObject("Page_PSTO webMessenger/a_Powrt do logowania"), CONTINUE_ON_FAILURE): Object: 'Object Repository/Page_PSTO webMessenger/a_Powrt do logowania' is clicked on

2021-12-21 18:01:06 - [MESSAGE][PASSED] - Object: 'Object Repository/Page_PSTO webMessenger/a_Powrt do logowania' is clicked on

2021-12-21 18:01:06 - [TEST_STEP][PASSED] - setText(findTestObject("Page_PSTO webMessenger/input_Zarejestruj konto_userLogin"), username): Text 'Ameba1640106058594' is set on object 'Object Repository/Page_PSTO webMessenger/input_Zarejestruj konto_userLogin'

2021-12-21 18:01:07 - [MESSAGE][PASSED] - Text 'Ameba1640106058594' is set on object 'Object Repository/Page_PSTO webMessenger/input_Zarejestruj konto_userLogin'

2021-12-21 18:01:07 - [TEST_STEP][PASSED] - setText(findTestObject("Page_PSTO webMessenger/input_Zarejestruj konto_passwordLogin"), findTestData("Rejestracja/tabR13").getValue("password", row)): Text 'startStop2' is set on object 'Object Repository/Page_PSTO webMessenger/input_Zarejestruj konto_passwordLogin'

2021-12-21 18:01:08 - [MESSAGE][PASSED] - Text 'startStop2' is set on object 'Object Repository/Page_PSTO webMessenger/input_Zarejestruj konto_passwordLogin'

2021-12-21 18:01:08 - [TEST_STEP][PASSED] - click(findTestObject("Page_PSTO webMessenger/input_Zarejestruj konto_login"), CONTINUE_ON_FAILURE): Object: 'Object Repository/Page_PSTO webMessenger/input_Zarejestruj konto_login' is clicked on

2021-12-21 18:01:08 - [MESSAGE][PASSED] - Object: 'Object Repository/Page_PSTO webMessenger/input_Zarejestruj konto_login' is clicked on

2021-12-21 18:01:08 - [TEST_STEP][PASSED] - takeScreenshot(data + "bugR13.png"): Taking screenshot successfully

2021-12-21 18:01:09 - [MESSAGE][PASSED] - Taking screenshot successfully
[[ATTACHMENT|C:\\Users\\agata\\git\\PTSOWebKounikator\\Reports\\20211221_175426\\R-tests\\20211221_175426\\1640106058594bugR13.png]]

2021-12-21 18:01:09 - [TEST_STEP][PASSED] - data = Date().getTime(): null

2021-12-21 18:01:09 - [TEST_STEP][PASSED] - username = "Ameba" + data: null

2021-12-21 18:01:09 - [TEST_STEP][PASSED] - click(findTestObject("Object Repository/Page_PSTO webMessenger/a_Zarejestruj konto")): Object: 'Object Repository/Page_PSTO webMessenger/a_Zarejestruj konto' is clicked on

2021-12-21 18:01:09 - [MESSAGE][PASSED] - Object: 'Object Repository/Page_PSTO webMessenger/a_Zarejestruj konto' is clicked on

2021-12-21 18:01:09 - [TEST_STEP][PASSED] - setText(findTestObject("Object Repository/Page_PSTO webMessenger/input_Powrt do logowania_username"), username): Text 'Ameba1640106069053' is set on object 'Object Repository/Page_PSTO webMessenger/input_Powrt do logowania_username'

2021-12-21 18:01:10 - [MESSAGE][PASSED] - Text 'Ameba1640106069053' is set on object 'Object Repository/Page_PSTO webMessenger/input_Powrt do logowania_username'

2021-12-21 18:01:10 - [TEST_STEP][PASSED] - setText(findTestObject("Object Repository/Page_PSTO webMessenger/input_Powrt do logowania_pass1"), findTestData("Rejestracja/tabR13").getValue("password", row)): Text 'startStop3' is set on object 'Object Repository/Page_PSTO webMessenger/input_Powrt do logowania_pass1'

2021-12-21 18:01:11 - [MESSAGE][PASSED] - Text 'startStop3' is set on object 'Object Repository/Page_PSTO webMessenger/input_Powrt do logowania_pass1'

2021-12-21 18:01:11 - [TEST_STEP][PASSED] - setText(findTestObject("Object Repository/Page_PSTO webMessenger/input_Powrt do logowania_pass2"), findTestData("Rejestracja/tabR13").getValue("password2", row)): Text 'startStop3' is set on object 'Object Repository/Page_PSTO webMessenger/input_Powrt do logowania_pass2'

2021-12-21 18:01:12 - [MESSAGE][PASSED] - Text 'startStop3' is set on object 'Object Repository/Page_PSTO webMessenger/input_Powrt do logowania_pass2'

2021-12-21 18:01:12 - [TEST_STEP][PASSED] - setText(findTestObject("Object Repository/Page_PSTO webMessenger/input_Powrt do logowania_name"), findTestData("Rejestracja/tabR13").getValue("name", row)): Text 'Agata' is set on object 'Object Repository/Page_PSTO webMessenger/input_Powrt do logowania_name'

2021-12-21 18:01:13 - [MESSAGE][PASSED] - Text 'Agata' is set on object 'Object Repository/Page_PSTO webMessenger/input_Powrt do logowania_name'

2021-12-21 18:01:13 - [TEST_STEP][PASSED] - setText(findTestObject("Object Repository/Page_PSTO webMessenger/input_Powrt do logowania_surname"), findTestData("Rejestracja/tabR13").getValue("surname", row)): Text '' is set on object 'Object Repository/Page_PSTO webMessenger/input_Powrt do logowania_surname'

2021-12-21 18:01:14 - [MESSAGE][PASSED] - Text '' is set on object 'Object Repository/Page_PSTO webMessenger/input_Powrt do logowania_surname'

2021-12-21 18:01:14 - [TEST_STEP][PASSED] - setText(findTestObject("Object Repository/Page_PSTO webMessenger/input_Powrt do logowania_kodgrupy"), findTestData("Rejestracja/tabR13").getValue("group", row)): Text 'wsbgroup2ap' is set on object 'Object Repository/Page_PSTO webMessenger/input_Powrt do logowania_kodgrupy'

2021-12-21 18:01:14 - [MESSAGE][PASSED] - Text 'wsbgroup2ap' is set on object 'Object Repository/Page_PSTO webMessenger/input_Powrt do logowania_kodgrupy'

2021-12-21 18:01:14 - [TEST_STEP][PASSED] - click(findTestObject("Page_PSTO webMessenger/input_Powrt do logowania_register")): Object: 'Object Repository/Page_PSTO webMessenger/input_Powrt do logowania_register' is clicked on

2021-12-21 18:01:15 - [MESSAGE][PASSED] - Object: 'Object Repository/Page_PSTO webMessenger/input_Powrt do logowania_register' is clicked on

2021-12-21 18:01:15 - [TEST_STEP][PASSED] - verifyElementVisible(findTestObject("Page_PSTO webMessenger/div_Nie wypeniono wszystkich pl")): Object 'Object Repository/Page_PSTO webMessenger/div_Nie wypeniono wszystkich pl' is visible

2021-12-21 18:01:16 - [MESSAGE][PASSED] - Object 'Object Repository/Page_PSTO webMessenger/div_Nie wypeniono wszystkich pl' is visible

2021-12-21 18:01:16 - [TEST_STEP][PASSED] - click(findTestObject("Page_PSTO webMessenger/a_Powrt do logowania"), CONTINUE_ON_FAILURE): Object: 'Object Repository/Page_PSTO webMessenger/a_Powrt do logowania' is clicked on

2021-12-21 18:01:17 - [MESSAGE][PASSED] - Object: 'Object Repository/Page_PSTO webMessenger/a_Powrt do logowania' is clicked on

2021-12-21 18:01:17 - [TEST_STEP][PASSED] - setText(findTestObject("Page_PSTO webMessenger/input_Zarejestruj konto_userLogin"), username): Text 'Ameba1640106069053' is set on object 'Object Repository/Page_PSTO webMessenger/input_Zarejestruj konto_userLogin'

2021-12-21 18:01:17 - [MESSAGE][PASSED] - Text 'Ameba1640106069053' is set on object 'Object Repository/Page_PSTO webMessenger/input_Zarejestruj konto_userLogin'

2021-12-21 18:01:17 - [TEST_STEP][PASSED] - setText(findTestObject("Page_PSTO webMessenger/input_Zarejestruj konto_passwordLogin"), findTestData("Rejestracja/tabR13").getValue("password", row)): Text 'startStop3' is set on object 'Object Repository/Page_PSTO webMessenger/input_Zarejestruj konto_passwordLogin'

2021-12-21 18:01:18 - [MESSAGE][PASSED] - Text 'startStop3' is set on object 'Object Repository/Page_PSTO webMessenger/input_Zarejestruj konto_passwordLogin'

2021-12-21 18:01:18 - [TEST_STEP][PASSED] - click(findTestObject("Page_PSTO webMessenger/input_Zarejestruj konto_login"), CONTINUE_ON_FAILURE): Object: 'Object Repository/Page_PSTO webMessenger/input_Zarejestruj konto_login' is clicked on

2021-12-21 18:01:19 - [MESSAGE][PASSED] - Object: 'Object Repository/Page_PSTO webMessenger/input_Zarejestruj konto_login' is clicked on

2021-12-21 18:01:19 - [TEST_STEP][PASSED] - takeScreenshot(data + "bugR13.png"): Taking screenshot successfully

2021-12-21 18:01:19 - [MESSAGE][PASSED] - Taking screenshot successfully
[[ATTACHMENT|C:\\Users\\agata\\git\\PTSOWebKounikator\\Reports\\20211221_175426\\R-tests\\20211221_175426\\1640106069053bugR13.png]]

2021-12-21 18:01:19 - [TEST_STEP][PASSED] - data = Date().getTime(): null

2021-12-21 18:01:19 - [TEST_STEP][PASSED] - username = "Ameba" + data: null

2021-12-21 18:01:19 - [TEST_STEP][PASSED] - click(findTestObject("Object Repository/Page_PSTO webMessenger/a_Zarejestruj konto")): Object: 'Object Repository/Page_PSTO webMessenger/a_Zarejestruj konto' is clicked on

2021-12-21 18:01:20 - [MESSAGE][PASSED] - Object: 'Object Repository/Page_PSTO webMessenger/a_Zarejestruj konto' is clicked on

2021-12-21 18:01:20 - [TEST_STEP][PASSED] - setText(findTestObject("Object Repository/Page_PSTO webMessenger/input_Powrt do logowania_username"), username): Text 'Ameba1640106079829' is set on object 'Object Repository/Page_PSTO webMessenger/input_Powrt do logowania_username'

2021-12-21 18:01:21 - [MESSAGE][PASSED] - Text 'Ameba1640106079829' is set on object 'Object Repository/Page_PSTO webMessenger/input_Powrt do logowania_username'

2021-12-21 18:01:21 - [TEST_STEP][PASSED] - setText(findTestObject("Object Repository/Page_PSTO webMessenger/input_Powrt do logowania_pass1"), findTestData("Rejestracja/tabR13").getValue("password", row)): Text 'startStop4' is set on object 'Object Repository/Page_PSTO webMessenger/input_Powrt do logowania_pass1'

2021-12-21 18:01:22 - [MESSAGE][PASSED] - Text 'startStop4' is set on object 'Object Repository/Page_PSTO webMessenger/input_Powrt do logowania_pass1'

2021-12-21 18:01:22 - [TEST_STEP][PASSED] - setText(findTestObject("Object Repository/Page_PSTO webMessenger/input_Powrt do logowania_pass2"), findTestData("Rejestracja/tabR13").getValue("password2", row)): Text 'startStop4' is set on object 'Object Repository/Page_PSTO webMessenger/input_Powrt do logowania_pass2'

2021-12-21 18:01:23 - [MESSAGE][PASSED] - Text 'startStop4' is set on object 'Object Repository/Page_PSTO webMessenger/input_Powrt do logowania_pass2'

2021-12-21 18:01:23 - [TEST_STEP][PASSED] - setText(findTestObject("Object Repository/Page_PSTO webMessenger/input_Powrt do logowania_name"), findTestData("Rejestracja/tabR13").getValue("name", row)): Text 'Agata' is set on object 'Object Repository/Page_PSTO webMessenger/input_Powrt do logowania_name'

2021-12-21 18:01:24 - [MESSAGE][PASSED] - Text 'Agata' is set on object 'Object Repository/Page_PSTO webMessenger/input_Powrt do logowania_name'

2021-12-21 18:01:24 - [TEST_STEP][PASSED] - setText(findTestObject("Object Repository/Page_PSTO webMessenger/input_Powrt do logowania_surname"), findTestData("Rejestracja/tabR13").getValue("surname", row)): Text '' is set on object 'Object Repository/Page_PSTO webMessenger/input_Powrt do logowania_surname'

2021-12-21 18:01:24 - [MESSAGE][PASSED] - Text '' is set on object 'Object Repository/Page_PSTO webMessenger/input_Powrt do logowania_surname'

2021-12-21 18:01:24 - [TEST_STEP][PASSED] - setText(findTestObject("Object Repository/Page_PSTO webMessenger/input_Powrt do logowania_kodgrupy"), findTestData("Rejestracja/tabR13").getValue("group", row)): Text 'wsbgroup2ap' is set on object 'Object Repository/Page_PSTO webMessenger/input_Powrt do logowania_kodgrupy'

2021-12-21 18:01:25 - [MESSAGE][PASSED] - Text 'wsbgroup2ap' is set on object 'Object Repository/Page_PSTO webMessenger/input_Powrt do logowania_kodgrupy'

2021-12-21 18:01:25 - [TEST_STEP][PASSED] - click(findTestObject("Page_PSTO webMessenger/input_Powrt do logowania_register")): Object: 'Object Repository/Page_PSTO webMessenger/input_Powrt do logowania_register' is clicked on

2021-12-21 18:01:26 - [MESSAGE][PASSED] - Object: 'Object Repository/Page_PSTO webMessenger/input_Powrt do logowania_register' is clicked on

2021-12-21 18:01:26 - [TEST_STEP][PASSED] - verifyElementVisible(findTestObject("Page_PSTO webMessenger/div_Nie wypeniono wszystkich pl")): Object 'Object Repository/Page_PSTO webMessenger/div_Nie wypeniono wszystkich pl' is visible

2021-12-21 18:01:26 - [MESSAGE][PASSED] - Object 'Object Repository/Page_PSTO webMessenger/div_Nie wypeniono wszystkich pl' is visible

2021-12-21 18:01:26 - [TEST_STEP][PASSED] - click(findTestObject("Page_PSTO webMessenger/a_Powrt do logowania"), CONTINUE_ON_FAILURE): Object: 'Object Repository/Page_PSTO webMessenger/a_Powrt do logowania' is clicked on

2021-12-21 18:01:27 - [MESSAGE][PASSED] - Object: 'Object Repository/Page_PSTO webMessenger/a_Powrt do logowania' is clicked on

2021-12-21 18:01:27 - [TEST_STEP][PASSED] - setText(findTestObject("Page_PSTO webMessenger/input_Zarejestruj konto_userLogin"), username): Text 'Ameba1640106079829' is set on object 'Object Repository/Page_PSTO webMessenger/input_Zarejestruj konto_userLogin'

2021-12-21 18:01:28 - [MESSAGE][PASSED] - Text 'Ameba1640106079829' is set on object 'Object Repository/Page_PSTO webMessenger/input_Zarejestruj konto_userLogin'

2021-12-21 18:01:28 - [TEST_STEP][PASSED] - setText(findTestObject("Page_PSTO webMessenger/input_Zarejestruj konto_passwordLogin"), findTestData("Rejestracja/tabR13").getValue("password", row)): Text 'startStop4' is set on object 'Object Repository/Page_PSTO webMessenger/input_Zarejestruj konto_passwordLogin'

2021-12-21 18:01:29 - [MESSAGE][PASSED] - Text 'startStop4' is set on object 'Object Repository/Page_PSTO webMessenger/input_Zarejestruj konto_passwordLogin'

2021-12-21 18:01:29 - [TEST_STEP][PASSED] - click(findTestObject("Page_PSTO webMessenger/input_Zarejestruj konto_login"), CONTINUE_ON_FAILURE): Object: 'Object Repository/Page_PSTO webMessenger/input_Zarejestruj konto_login' is clicked on

2021-12-21 18:01:29 - [MESSAGE][PASSED] - Object: 'Object Repository/Page_PSTO webMessenger/input_Zarejestruj konto_login' is clicked on

2021-12-21 18:01:29 - [TEST_STEP][PASSED] - takeScreenshot(data + "bugR13.png"): Taking screenshot successfully

2021-12-21 18:01:30 - [MESSAGE][PASSED] - Taking screenshot successfully
[[ATTACHMENT|C:\\Users\\agata\\git\\PTSOWebKounikator\\Reports\\20211221_175426\\R-tests\\20211221_175426\\1640106079829bugR13.png]]

2021-12-21 18:01:30 - [TEST_STEP][PASSED] - data = Date().getTime(): null

2021-12-21 18:01:30 - [TEST_STEP][PASSED] - username = "Ameba" + data: null

2021-12-21 18:01:30 - [TEST_STEP][PASSED] - click(findTestObject("Object Repository/Page_PSTO webMessenger/a_Zarejestruj konto")): Object: 'Object Repository/Page_PSTO webMessenger/a_Zarejestruj konto' is clicked on

2021-12-21 18:01:30 - [MESSAGE][PASSED] - Object: 'Object Repository/Page_PSTO webMessenger/a_Zarejestruj konto' is clicked on

2021-12-21 18:01:30 - [TEST_STEP][PASSED] - setText(findTestObject("Object Repository/Page_PSTO webMessenger/input_Powrt do logowania_username"), username): Text 'Ameba1640106090222' is set on object 'Object Repository/Page_PSTO webMessenger/input_Powrt do logowania_username'

2021-12-21 18:01:32 - [MESSAGE][PASSED] - Text 'Ameba1640106090222' is set on object 'Object Repository/Page_PSTO webMessenger/input_Powrt do logowania_username'

2021-12-21 18:01:32 - [TEST_STEP][PASSED] - setText(findTestObject("Object Repository/Page_PSTO webMessenger/input_Powrt do logowania_pass1"), findTestData("Rejestracja/tabR13").getValue("password", row)): Text 'startStop5' is set on object 'Object Repository/Page_PSTO webMessenger/input_Powrt do logowania_pass1'

2021-12-21 18:01:32 - [MESSAGE][PASSED] - Text 'startStop5' is set on object 'Object Repository/Page_PSTO webMessenger/input_Powrt do logowania_pass1'

2021-12-21 18:01:32 - [TEST_STEP][PASSED] - setText(findTestObject("Object Repository/Page_PSTO webMessenger/input_Powrt do logowania_pass2"), findTestData("Rejestracja/tabR13").getValue("password2", row)): Text 'startStop5' is set on object 'Object Repository/Page_PSTO webMessenger/input_Powrt do logowania_pass2'

2021-12-21 18:01:33 - [MESSAGE][PASSED] - Text 'startStop5' is set on object 'Object Repository/Page_PSTO webMessenger/input_Powrt do logowania_pass2'

2021-12-21 18:01:33 - [TEST_STEP][PASSED] - setText(findTestObject("Object Repository/Page_PSTO webMessenger/input_Powrt do logowania_name"), findTestData("Rejestracja/tabR13").getValue("name", row)): Text 'Agata' is set on object 'Object Repository/Page_PSTO webMessenger/input_Powrt do logowania_name'

2021-12-21 18:01:34 - [MESSAGE][PASSED] - Text 'Agata' is set on object 'Object Repository/Page_PSTO webMessenger/input_Powrt do logowania_name'

2021-12-21 18:01:34 - [TEST_STEP][PASSED] - setText(findTestObject("Object Repository/Page_PSTO webMessenger/input_Powrt do logowania_surname"), findTestData("Rejestracja/tabR13").getValue("surname", row)): Text '' is set on object 'Object Repository/Page_PSTO webMessenger/input_Powrt do logowania_surname'

2021-12-21 18:01:35 - [MESSAGE][PASSED] - Text '' is set on object 'Object Repository/Page_PSTO webMessenger/input_Powrt do logowania_surname'

2021-12-21 18:01:35 - [TEST_STEP][PASSED] - setText(findTestObject("Object Repository/Page_PSTO webMessenger/input_Powrt do logowania_kodgrupy"), findTestData("Rejestracja/tabR13").getValue("group", row)): Text 'wsbgroup2ap' is set on object 'Object Repository/Page_PSTO webMessenger/input_Powrt do logowania_kodgrupy'

2021-12-21 18:01:36 - [MESSAGE][PASSED] - Text 'wsbgroup2ap' is set on object 'Object Repository/Page_PSTO webMessenger/input_Powrt do logowania_kodgrupy'

2021-12-21 18:01:36 - [TEST_STEP][PASSED] - click(findTestObject("Page_PSTO webMessenger/input_Powrt do logowania_register")): Object: 'Object Repository/Page_PSTO webMessenger/input_Powrt do logowania_register' is clicked on

2021-12-21 18:01:37 - [MESSAGE][PASSED] - Object: 'Object Repository/Page_PSTO webMessenger/input_Powrt do logowania_register' is clicked on

2021-12-21 18:01:37 - [TEST_STEP][PASSED] - verifyElementVisible(findTestObject("Page_PSTO webMessenger/div_Nie wypeniono wszystkich pl")): Object 'Object Repository/Page_PSTO webMessenger/div_Nie wypeniono wszystkich pl' is visible

2021-12-21 18:01:37 - [MESSAGE][PASSED] - Object 'Object Repository/Page_PSTO webMessenger/div_Nie wypeniono wszystkich pl' is visible

2021-12-21 18:01:37 - [TEST_STEP][PASSED] - click(findTestObject("Page_PSTO webMessenger/a_Powrt do logowania"), CONTINUE_ON_FAILURE): Object: 'Object Repository/Page_PSTO webMessenger/a_Powrt do logowania' is clicked on

2021-12-21 18:01:38 - [MESSAGE][PASSED] - Object: 'Object Repository/Page_PSTO webMessenger/a_Powrt do logowania' is clicked on

2021-12-21 18:01:38 - [TEST_STEP][PASSED] - setText(findTestObject("Page_PSTO webMessenger/input_Zarejestruj konto_userLogin"), username): Text 'Ameba1640106090222' is set on object 'Object Repository/Page_PSTO webMessenger/input_Zarejestruj konto_userLogin'

2021-12-21 18:01:39 - [MESSAGE][PASSED] - Text 'Ameba1640106090222' is set on object 'Object Repository/Page_PSTO webMessenger/input_Zarejestruj konto_userLogin'

2021-12-21 18:01:39 - [TEST_STEP][PASSED] - setText(findTestObject("Page_PSTO webMessenger/input_Zarejestruj konto_passwordLogin"), findTestData("Rejestracja/tabR13").getValue("password", row)): Text 'startStop5' is set on object 'Object Repository/Page_PSTO webMessenger/input_Zarejestruj konto_passwordLogin'

2021-12-21 18:01:40 - [MESSAGE][PASSED] - Text 'startStop5' is set on object 'Object Repository/Page_PSTO webMessenger/input_Zarejestruj konto_passwordLogin'

2021-12-21 18:01:40 - [TEST_STEP][PASSED] - click(findTestObject("Page_PSTO webMessenger/input_Zarejestruj konto_login"), CONTINUE_ON_FAILURE): Object: 'Object Repository/Page_PSTO webMessenger/input_Zarejestruj konto_login' is clicked on

2021-12-21 18:01:40 - [MESSAGE][PASSED] - Object: 'Object Repository/Page_PSTO webMessenger/input_Zarejestruj konto_login' is clicked on

2021-12-21 18:01:40 - [TEST_STEP][PASSED] - takeScreenshot(data + "bugR13.png"): Taking screenshot successfully

2021-12-21 18:01:41 - [MESSAGE][PASSED] - Taking screenshot successfully
[[ATTACHMENT|C:\\Users\\agata\\git\\PTSOWebKounikator\\Reports\\20211221_175426\\R-tests\\20211221_175426\\1640106090222bugR13.png]]

2021-12-21 18:01:41 - [TEST_STEP][PASSED] - closeBrowser(): Browser is closed

2021-12-21 18:01:42 - [MESSAGE][PASSED] - Browser is closed]]></system-out>
         <system-err><![CDATA[]]></system-err>
      </testcase>
      <testcase name="Test Cases/Rejestracja/R14" time="44.812" classname="Test Cases/Rejestracja/R14" status="PASSED">
         <system-out><![CDATA[2021-12-21 18:01:42 - [TEST_CASE][PASSED] - Test Cases/Rejestracja/R14: Test Cases/Rejestracja/R14

2021-12-21 18:01:43 - [TEST_STEP][PASSED] - openBrowser(""): Browser is opened with url: ''

2021-12-21 18:01:43 - [MESSAGE][INFO] - Starting 'Chrome' driver

2021-12-21 18:01:43 - [MESSAGE][INFO] - Action delay is set to 0 milliseconds

2021-12-21 18:01:45 - [MESSAGE][PASSED] - Browser is opened with url: ''

2021-12-21 18:01:45 - [TEST_STEP][PASSED] - navigateToUrl("http://kmg.hcm.pl/testowanie/index.html"): Navigate to 'http://kmg.hcm.pl/testowanie/index.html' successfully

2021-12-21 18:01:47 - [MESSAGE][PASSED] - Navigate to 'http://kmg.hcm.pl/testowanie/index.html' successfully

2021-12-21 18:01:47 - [TEST_STEP][PASSED] - for ([row = 1, row <= findTestData("Rejestracja/tabR14").getRowNumbers(), (row++)]): Taking screenshot successfully

2021-12-21 18:01:47 - [TEST_STEP][PASSED] - data = Date().getTime(): null

2021-12-21 18:01:47 - [TEST_STEP][PASSED] - username = "Ameba" + data: null

2021-12-21 18:01:47 - [TEST_STEP][PASSED] - click(findTestObject("Object Repository/Page_PSTO webMessenger/a_Zarejestruj konto")): Object: 'Object Repository/Page_PSTO webMessenger/a_Zarejestruj konto' is clicked on

2021-12-21 18:01:48 - [MESSAGE][PASSED] - Object: 'Object Repository/Page_PSTO webMessenger/a_Zarejestruj konto' is clicked on

2021-12-21 18:01:48 - [TEST_STEP][PASSED] - setText(findTestObject("Object Repository/Page_PSTO webMessenger/input_Powrt do logowania_username"), username): Text 'Ameba1640106107256' is set on object 'Object Repository/Page_PSTO webMessenger/input_Powrt do logowania_username'

2021-12-21 18:01:49 - [MESSAGE][PASSED] - Text 'Ameba1640106107256' is set on object 'Object Repository/Page_PSTO webMessenger/input_Powrt do logowania_username'

2021-12-21 18:01:49 - [TEST_STEP][PASSED] - setText(findTestObject("Object Repository/Page_PSTO webMessenger/input_Powrt do logowania_pass1"), findTestData("Rejestracja/tabR14").getValue("password", row)): Text 'startStop1' is set on object 'Object Repository/Page_PSTO webMessenger/input_Powrt do logowania_pass1'

2021-12-21 18:01:50 - [MESSAGE][PASSED] - Text 'startStop1' is set on object 'Object Repository/Page_PSTO webMessenger/input_Powrt do logowania_pass1'

2021-12-21 18:01:50 - [TEST_STEP][PASSED] - setText(findTestObject("Object Repository/Page_PSTO webMessenger/input_Powrt do logowania_pass2"), findTestData("Rejestracja/tabR14").getValue("password2", row)): Text 'startStop1' is set on object 'Object Repository/Page_PSTO webMessenger/input_Powrt do logowania_pass2'

2021-12-21 18:01:51 - [MESSAGE][PASSED] - Text 'startStop1' is set on object 'Object Repository/Page_PSTO webMessenger/input_Powrt do logowania_pass2'

2021-12-21 18:01:51 - [TEST_STEP][PASSED] - setText(findTestObject("Object Repository/Page_PSTO webMessenger/input_Powrt do logowania_name"), findTestData("Rejestracja/tabR14").getValue("name", row)): Text '' is set on object 'Object Repository/Page_PSTO webMessenger/input_Powrt do logowania_name'

2021-12-21 18:01:52 - [MESSAGE][PASSED] - Text '' is set on object 'Object Repository/Page_PSTO webMessenger/input_Powrt do logowania_name'

2021-12-21 18:01:52 - [TEST_STEP][PASSED] - setText(findTestObject("Object Repository/Page_PSTO webMessenger/input_Powrt do logowania_surname"), findTestData("Rejestracja/tabR14").getValue("surname", row)): Text 'Bober' is set on object 'Object Repository/Page_PSTO webMessenger/input_Powrt do logowania_surname'

2021-12-21 18:01:53 - [MESSAGE][PASSED] - Text 'Bober' is set on object 'Object Repository/Page_PSTO webMessenger/input_Powrt do logowania_surname'

2021-12-21 18:01:53 - [TEST_STEP][PASSED] - setText(findTestObject("Object Repository/Page_PSTO webMessenger/input_Powrt do logowania_kodgrupy"), findTestData("Rejestracja/tabR14").getValue("group", row)): Text 'wsbgroup2ap' is set on object 'Object Repository/Page_PSTO webMessenger/input_Powrt do logowania_kodgrupy'

2021-12-21 18:01:54 - [MESSAGE][PASSED] - Text 'wsbgroup2ap' is set on object 'Object Repository/Page_PSTO webMessenger/input_Powrt do logowania_kodgrupy'

2021-12-21 18:01:54 - [TEST_STEP][PASSED] - click(findTestObject("Page_PSTO webMessenger/input_Powrt do logowania_register")): Object: 'Object Repository/Page_PSTO webMessenger/input_Powrt do logowania_register' is clicked on

2021-12-21 18:01:54 - [MESSAGE][PASSED] - Object: 'Object Repository/Page_PSTO webMessenger/input_Powrt do logowania_register' is clicked on

2021-12-21 18:01:54 - [TEST_STEP][PASSED] - verifyElementVisible(findTestObject("Page_PSTO webMessenger/div_Nie wypeniono wszystkich pl")): Object 'Object Repository/Page_PSTO webMessenger/div_Nie wypeniono wszystkich pl' is visible

2021-12-21 18:01:55 - [MESSAGE][PASSED] - Object 'Object Repository/Page_PSTO webMessenger/div_Nie wypeniono wszystkich pl' is visible

2021-12-21 18:01:55 - [TEST_STEP][PASSED] - click(findTestObject("Page_PSTO webMessenger/a_Powrt do logowania"), CONTINUE_ON_FAILURE): Object: 'Object Repository/Page_PSTO webMessenger/a_Powrt do logowania' is clicked on

2021-12-21 18:01:55 - [MESSAGE][PASSED] - Object: 'Object Repository/Page_PSTO webMessenger/a_Powrt do logowania' is clicked on

2021-12-21 18:01:55 - [TEST_STEP][PASSED] - setText(findTestObject("Page_PSTO webMessenger/input_Zarejestruj konto_userLogin"), username): Text 'Ameba1640106107256' is set on object 'Object Repository/Page_PSTO webMessenger/input_Zarejestruj konto_userLogin'

2021-12-21 18:01:56 - [MESSAGE][PASSED] - Text 'Ameba1640106107256' is set on object 'Object Repository/Page_PSTO webMessenger/input_Zarejestruj konto_userLogin'

2021-12-21 18:01:56 - [TEST_STEP][PASSED] - setText(findTestObject("Page_PSTO webMessenger/input_Zarejestruj konto_passwordLogin"), findTestData("Rejestracja/tabR14").getValue("password", row)): Text 'startStop1' is set on object 'Object Repository/Page_PSTO webMessenger/input_Zarejestruj konto_passwordLogin'

2021-12-21 18:01:57 - [MESSAGE][PASSED] - Text 'startStop1' is set on object 'Object Repository/Page_PSTO webMessenger/input_Zarejestruj konto_passwordLogin'

2021-12-21 18:01:57 - [TEST_STEP][PASSED] - click(findTestObject("Page_PSTO webMessenger/input_Zarejestruj konto_login"), CONTINUE_ON_FAILURE): Object: 'Object Repository/Page_PSTO webMessenger/input_Zarejestruj konto_login' is clicked on

2021-12-21 18:01:58 - [MESSAGE][PASSED] - Object: 'Object Repository/Page_PSTO webMessenger/input_Zarejestruj konto_login' is clicked on

2021-12-21 18:01:58 - [TEST_STEP][PASSED] - takeScreenshot(data + "bugR14.png"): Taking screenshot successfully

2021-12-21 18:01:58 - [MESSAGE][PASSED] - Taking screenshot successfully
[[ATTACHMENT|C:\\Users\\agata\\git\\PTSOWebKounikator\\Reports\\20211221_175426\\R-tests\\20211221_175426\\1640106107256bugR14.png]]

2021-12-21 18:01:58 - [TEST_STEP][PASSED] - data = Date().getTime(): null

2021-12-21 18:01:58 - [TEST_STEP][PASSED] - username = "Ameba" + data: null

2021-12-21 18:01:58 - [TEST_STEP][PASSED] - click(findTestObject("Object Repository/Page_PSTO webMessenger/a_Zarejestruj konto")): Object: 'Object Repository/Page_PSTO webMessenger/a_Zarejestruj konto' is clicked on

2021-12-21 18:01:59 - [MESSAGE][PASSED] - Object: 'Object Repository/Page_PSTO webMessenger/a_Zarejestruj konto' is clicked on

2021-12-21 18:01:59 - [TEST_STEP][PASSED] - setText(findTestObject("Object Repository/Page_PSTO webMessenger/input_Powrt do logowania_username"), username): Text 'Ameba1640106118493' is set on object 'Object Repository/Page_PSTO webMessenger/input_Powrt do logowania_username'

2021-12-21 18:01:59 - [MESSAGE][PASSED] - Text 'Ameba1640106118493' is set on object 'Object Repository/Page_PSTO webMessenger/input_Powrt do logowania_username'

2021-12-21 18:01:59 - [TEST_STEP][PASSED] - setText(findTestObject("Object Repository/Page_PSTO webMessenger/input_Powrt do logowania_pass1"), findTestData("Rejestracja/tabR14").getValue("password", row)): Text 'startStop2' is set on object 'Object Repository/Page_PSTO webMessenger/input_Powrt do logowania_pass1'

2021-12-21 18:02:00 - [MESSAGE][PASSED] - Text 'startStop2' is set on object 'Object Repository/Page_PSTO webMessenger/input_Powrt do logowania_pass1'

2021-12-21 18:02:00 - [TEST_STEP][PASSED] - setText(findTestObject("Object Repository/Page_PSTO webMessenger/input_Powrt do logowania_pass2"), findTestData("Rejestracja/tabR14").getValue("password2", row)): Text 'startStop2' is set on object 'Object Repository/Page_PSTO webMessenger/input_Powrt do logowania_pass2'

2021-12-21 18:02:01 - [MESSAGE][PASSED] - Text 'startStop2' is set on object 'Object Repository/Page_PSTO webMessenger/input_Powrt do logowania_pass2'

2021-12-21 18:02:01 - [TEST_STEP][PASSED] - setText(findTestObject("Object Repository/Page_PSTO webMessenger/input_Powrt do logowania_name"), findTestData("Rejestracja/tabR14").getValue("name", row)): Text '' is set on object 'Object Repository/Page_PSTO webMessenger/input_Powrt do logowania_name'

2021-12-21 18:02:02 - [MESSAGE][PASSED] - Text '' is set on object 'Object Repository/Page_PSTO webMessenger/input_Powrt do logowania_name'

2021-12-21 18:02:02 - [TEST_STEP][PASSED] - setText(findTestObject("Object Repository/Page_PSTO webMessenger/input_Powrt do logowania_surname"), findTestData("Rejestracja/tabR14").getValue("surname", row)): Text 'Dober' is set on object 'Object Repository/Page_PSTO webMessenger/input_Powrt do logowania_surname'

2021-12-21 18:02:03 - [MESSAGE][PASSED] - Text 'Dober' is set on object 'Object Repository/Page_PSTO webMessenger/input_Powrt do logowania_surname'

2021-12-21 18:02:03 - [TEST_STEP][PASSED] - setText(findTestObject("Object Repository/Page_PSTO webMessenger/input_Powrt do logowania_kodgrupy"), findTestData("Rejestracja/tabR14").getValue("group", row)): Text 'wsbgroup2ap' is set on object 'Object Repository/Page_PSTO webMessenger/input_Powrt do logowania_kodgrupy'

2021-12-21 18:02:03 - [MESSAGE][PASSED] - Text 'wsbgroup2ap' is set on object 'Object Repository/Page_PSTO webMessenger/input_Powrt do logowania_kodgrupy'

2021-12-21 18:02:03 - [TEST_STEP][PASSED] - click(findTestObject("Page_PSTO webMessenger/input_Powrt do logowania_register")): Object: 'Object Repository/Page_PSTO webMessenger/input_Powrt do logowania_register' is clicked on

2021-12-21 18:02:04 - [MESSAGE][PASSED] - Object: 'Object Repository/Page_PSTO webMessenger/input_Powrt do logowania_register' is clicked on

2021-12-21 18:02:04 - [TEST_STEP][PASSED] - verifyElementVisible(findTestObject("Page_PSTO webMessenger/div_Nie wypeniono wszystkich pl")): Object 'Object Repository/Page_PSTO webMessenger/div_Nie wypeniono wszystkich pl' is visible

2021-12-21 18:02:04 - [MESSAGE][PASSED] - Object 'Object Repository/Page_PSTO webMessenger/div_Nie wypeniono wszystkich pl' is visible

2021-12-21 18:02:04 - [TEST_STEP][PASSED] - click(findTestObject("Page_PSTO webMessenger/a_Powrt do logowania"), CONTINUE_ON_FAILURE): Object: 'Object Repository/Page_PSTO webMessenger/a_Powrt do logowania' is clicked on

2021-12-21 18:02:05 - [MESSAGE][PASSED] - Object: 'Object Repository/Page_PSTO webMessenger/a_Powrt do logowania' is clicked on

2021-12-21 18:02:05 - [TEST_STEP][PASSED] - setText(findTestObject("Page_PSTO webMessenger/input_Zarejestruj konto_userLogin"), username): Text 'Ameba1640106118493' is set on object 'Object Repository/Page_PSTO webMessenger/input_Zarejestruj konto_userLogin'

2021-12-21 18:02:06 - [MESSAGE][PASSED] - Text 'Ameba1640106118493' is set on object 'Object Repository/Page_PSTO webMessenger/input_Zarejestruj konto_userLogin'

2021-12-21 18:02:06 - [TEST_STEP][PASSED] - setText(findTestObject("Page_PSTO webMessenger/input_Zarejestruj konto_passwordLogin"), findTestData("Rejestracja/tabR14").getValue("password", row)): Text 'startStop2' is set on object 'Object Repository/Page_PSTO webMessenger/input_Zarejestruj konto_passwordLogin'

2021-12-21 18:02:07 - [MESSAGE][PASSED] - Text 'startStop2' is set on object 'Object Repository/Page_PSTO webMessenger/input_Zarejestruj konto_passwordLogin'

2021-12-21 18:02:07 - [TEST_STEP][PASSED] - click(findTestObject("Page_PSTO webMessenger/input_Zarejestruj konto_login"), CONTINUE_ON_FAILURE): Object: 'Object Repository/Page_PSTO webMessenger/input_Zarejestruj konto_login' is clicked on

2021-12-21 18:02:07 - [MESSAGE][PASSED] - Object: 'Object Repository/Page_PSTO webMessenger/input_Zarejestruj konto_login' is clicked on

2021-12-21 18:02:07 - [TEST_STEP][PASSED] - takeScreenshot(data + "bugR14.png"): Taking screenshot successfully

2021-12-21 18:02:07 - [MESSAGE][PASSED] - Taking screenshot successfully
[[ATTACHMENT|C:\\Users\\agata\\git\\PTSOWebKounikator\\Reports\\20211221_175426\\R-tests\\20211221_175426\\1640106118493bugR14.png]]

2021-12-21 18:02:07 - [TEST_STEP][PASSED] - data = Date().getTime(): null

2021-12-21 18:02:08 - [TEST_STEP][PASSED] - username = "Ameba" + data: null

2021-12-21 18:02:08 - [TEST_STEP][PASSED] - click(findTestObject("Object Repository/Page_PSTO webMessenger/a_Zarejestruj konto")): Object: 'Object Repository/Page_PSTO webMessenger/a_Zarejestruj konto' is clicked on

2021-12-21 18:02:08 - [MESSAGE][PASSED] - Object: 'Object Repository/Page_PSTO webMessenger/a_Zarejestruj konto' is clicked on

2021-12-21 18:02:08 - [TEST_STEP][PASSED] - setText(findTestObject("Object Repository/Page_PSTO webMessenger/input_Powrt do logowania_username"), username): Text 'Ameba1640106128000' is set on object 'Object Repository/Page_PSTO webMessenger/input_Powrt do logowania_username'

2021-12-21 18:02:09 - [MESSAGE][PASSED] - Text 'Ameba1640106128000' is set on object 'Object Repository/Page_PSTO webMessenger/input_Powrt do logowania_username'

2021-12-21 18:02:09 - [TEST_STEP][PASSED] - setText(findTestObject("Object Repository/Page_PSTO webMessenger/input_Powrt do logowania_pass1"), findTestData("Rejestracja/tabR14").getValue("password", row)): Text 'startStop3' is set on object 'Object Repository/Page_PSTO webMessenger/input_Powrt do logowania_pass1'

2021-12-21 18:02:10 - [MESSAGE][PASSED] - Text 'startStop3' is set on object 'Object Repository/Page_PSTO webMessenger/input_Powrt do logowania_pass1'

2021-12-21 18:02:10 - [TEST_STEP][PASSED] - setText(findTestObject("Object Repository/Page_PSTO webMessenger/input_Powrt do logowania_pass2"), findTestData("Rejestracja/tabR14").getValue("password2", row)): Text 'startStop3' is set on object 'Object Repository/Page_PSTO webMessenger/input_Powrt do logowania_pass2'

2021-12-21 18:02:10 - [MESSAGE][PASSED] - Text 'startStop3' is set on object 'Object Repository/Page_PSTO webMessenger/input_Powrt do logowania_pass2'

2021-12-21 18:02:10 - [TEST_STEP][PASSED] - setText(findTestObject("Object Repository/Page_PSTO webMessenger/input_Powrt do logowania_name"), findTestData("Rejestracja/tabR14").getValue("name", row)): Text '' is set on object 'Object Repository/Page_PSTO webMessenger/input_Powrt do logowania_name'

2021-12-21 18:02:11 - [MESSAGE][PASSED] - Text '' is set on object 'Object Repository/Page_PSTO webMessenger/input_Powrt do logowania_name'

2021-12-21 18:02:11 - [TEST_STEP][PASSED] - setText(findTestObject("Object Repository/Page_PSTO webMessenger/input_Powrt do logowania_surname"), findTestData("Rejestracja/tabR14").getValue("surname", row)): Text 'Mober' is set on object 'Object Repository/Page_PSTO webMessenger/input_Powrt do logowania_surname'

2021-12-21 18:02:12 - [MESSAGE][PASSED] - Text 'Mober' is set on object 'Object Repository/Page_PSTO webMessenger/input_Powrt do logowania_surname'

2021-12-21 18:02:12 - [TEST_STEP][PASSED] - setText(findTestObject("Object Repository/Page_PSTO webMessenger/input_Powrt do logowania_kodgrupy"), findTestData("Rejestracja/tabR14").getValue("group", row)): Text 'wsbgroup2ap' is set on object 'Object Repository/Page_PSTO webMessenger/input_Powrt do logowania_kodgrupy'

2021-12-21 18:02:13 - [MESSAGE][PASSED] - Text 'wsbgroup2ap' is set on object 'Object Repository/Page_PSTO webMessenger/input_Powrt do logowania_kodgrupy'

2021-12-21 18:02:13 - [TEST_STEP][PASSED] - click(findTestObject("Page_PSTO webMessenger/input_Powrt do logowania_register")): Object: 'Object Repository/Page_PSTO webMessenger/input_Powrt do logowania_register' is clicked on

2021-12-21 18:02:13 - [MESSAGE][PASSED] - Object: 'Object Repository/Page_PSTO webMessenger/input_Powrt do logowania_register' is clicked on

2021-12-21 18:02:13 - [TEST_STEP][PASSED] - verifyElementVisible(findTestObject("Page_PSTO webMessenger/div_Nie wypeniono wszystkich pl")): Object 'Object Repository/Page_PSTO webMessenger/div_Nie wypeniono wszystkich pl' is visible

2021-12-21 18:02:14 - [MESSAGE][PASSED] - Object 'Object Repository/Page_PSTO webMessenger/div_Nie wypeniono wszystkich pl' is visible

2021-12-21 18:02:14 - [TEST_STEP][PASSED] - click(findTestObject("Page_PSTO webMessenger/a_Powrt do logowania"), CONTINUE_ON_FAILURE): Object: 'Object Repository/Page_PSTO webMessenger/a_Powrt do logowania' is clicked on

2021-12-21 18:02:14 - [MESSAGE][PASSED] - Object: 'Object Repository/Page_PSTO webMessenger/a_Powrt do logowania' is clicked on

2021-12-21 18:02:14 - [TEST_STEP][PASSED] - setText(findTestObject("Page_PSTO webMessenger/input_Zarejestruj konto_userLogin"), username): Text 'Ameba1640106128000' is set on object 'Object Repository/Page_PSTO webMessenger/input_Zarejestruj konto_userLogin'

2021-12-21 18:02:15 - [MESSAGE][PASSED] - Text 'Ameba1640106128000' is set on object 'Object Repository/Page_PSTO webMessenger/input_Zarejestruj konto_userLogin'

2021-12-21 18:02:15 - [TEST_STEP][PASSED] - setText(findTestObject("Page_PSTO webMessenger/input_Zarejestruj konto_passwordLogin"), findTestData("Rejestracja/tabR14").getValue("password", row)): Text 'startStop3' is set on object 'Object Repository/Page_PSTO webMessenger/input_Zarejestruj konto_passwordLogin'

2021-12-21 18:02:16 - [MESSAGE][PASSED] - Text 'startStop3' is set on object 'Object Repository/Page_PSTO webMessenger/input_Zarejestruj konto_passwordLogin'

2021-12-21 18:02:16 - [TEST_STEP][PASSED] - click(findTestObject("Page_PSTO webMessenger/input_Zarejestruj konto_login"), CONTINUE_ON_FAILURE): Object: 'Object Repository/Page_PSTO webMessenger/input_Zarejestruj konto_login' is clicked on

2021-12-21 18:02:16 - [MESSAGE][PASSED] - Object: 'Object Repository/Page_PSTO webMessenger/input_Zarejestruj konto_login' is clicked on

2021-12-21 18:02:16 - [TEST_STEP][PASSED] - takeScreenshot(data + "bugR14.png"): Taking screenshot successfully

2021-12-21 18:02:17 - [MESSAGE][PASSED] - Taking screenshot successfully
[[ATTACHMENT|C:\\Users\\agata\\git\\PTSOWebKounikator\\Reports\\20211221_175426\\R-tests\\20211221_175426\\1640106128000bugR14.png]]

2021-12-21 18:02:17 - [TEST_STEP][PASSED] - data = Date().getTime(): null

2021-12-21 18:02:17 - [TEST_STEP][PASSED] - username = "Ameba" + data: null

2021-12-21 18:02:17 - [TEST_STEP][PASSED] - click(findTestObject("Object Repository/Page_PSTO webMessenger/a_Zarejestruj konto")): Object: 'Object Repository/Page_PSTO webMessenger/a_Zarejestruj konto' is clicked on

2021-12-21 18:02:17 - [MESSAGE][PASSED] - Object: 'Object Repository/Page_PSTO webMessenger/a_Zarejestruj konto' is clicked on

2021-12-21 18:02:17 - [TEST_STEP][PASSED] - setText(findTestObject("Object Repository/Page_PSTO webMessenger/input_Powrt do logowania_username"), username): Text 'Ameba1640106137085' is set on object 'Object Repository/Page_PSTO webMessenger/input_Powrt do logowania_username'

2021-12-21 18:02:18 - [MESSAGE][PASSED] - Text 'Ameba1640106137085' is set on object 'Object Repository/Page_PSTO webMessenger/input_Powrt do logowania_username'

2021-12-21 18:02:18 - [TEST_STEP][PASSED] - setText(findTestObject("Object Repository/Page_PSTO webMessenger/input_Powrt do logowania_pass1"), findTestData("Rejestracja/tabR14").getValue("password", row)): Text 'startStop5' is set on object 'Object Repository/Page_PSTO webMessenger/input_Powrt do logowania_pass1'

2021-12-21 18:02:19 - [MESSAGE][PASSED] - Text 'startStop5' is set on object 'Object Repository/Page_PSTO webMessenger/input_Powrt do logowania_pass1'

2021-12-21 18:02:19 - [TEST_STEP][PASSED] - setText(findTestObject("Object Repository/Page_PSTO webMessenger/input_Powrt do logowania_pass2"), findTestData("Rejestracja/tabR14").getValue("password2", row)): Text 'startStop5' is set on object 'Object Repository/Page_PSTO webMessenger/input_Powrt do logowania_pass2'

2021-12-21 18:02:19 - [MESSAGE][PASSED] - Text 'startStop5' is set on object 'Object Repository/Page_PSTO webMessenger/input_Powrt do logowania_pass2'

2021-12-21 18:02:19 - [TEST_STEP][PASSED] - setText(findTestObject("Object Repository/Page_PSTO webMessenger/input_Powrt do logowania_name"), findTestData("Rejestracja/tabR14").getValue("name", row)): Text '' is set on object 'Object Repository/Page_PSTO webMessenger/input_Powrt do logowania_name'

2021-12-21 18:02:20 - [MESSAGE][PASSED] - Text '' is set on object 'Object Repository/Page_PSTO webMessenger/input_Powrt do logowania_name'

2021-12-21 18:02:20 - [TEST_STEP][PASSED] - setText(findTestObject("Object Repository/Page_PSTO webMessenger/input_Powrt do logowania_surname"), findTestData("Rejestracja/tabR14").getValue("surname", row)): Text 'Lober' is set on object 'Object Repository/Page_PSTO webMessenger/input_Powrt do logowania_surname'

2021-12-21 18:02:21 - [MESSAGE][PASSED] - Text 'Lober' is set on object 'Object Repository/Page_PSTO webMessenger/input_Powrt do logowania_surname'

2021-12-21 18:02:21 - [TEST_STEP][PASSED] - setText(findTestObject("Object Repository/Page_PSTO webMessenger/input_Powrt do logowania_kodgrupy"), findTestData("Rejestracja/tabR14").getValue("group", row)): Text 'wsbgroup2ap' is set on object 'Object Repository/Page_PSTO webMessenger/input_Powrt do logowania_kodgrupy'

2021-12-21 18:02:22 - [MESSAGE][PASSED] - Text 'wsbgroup2ap' is set on object 'Object Repository/Page_PSTO webMessenger/input_Powrt do logowania_kodgrupy'

2021-12-21 18:02:22 - [TEST_STEP][PASSED] - click(findTestObject("Page_PSTO webMessenger/input_Powrt do logowania_register")): Object: 'Object Repository/Page_PSTO webMessenger/input_Powrt do logowania_register' is clicked on

2021-12-21 18:02:22 - [MESSAGE][PASSED] - Object: 'Object Repository/Page_PSTO webMessenger/input_Powrt do logowania_register' is clicked on

2021-12-21 18:02:22 - [TEST_STEP][PASSED] - verifyElementVisible(findTestObject("Page_PSTO webMessenger/div_Nie wypeniono wszystkich pl")): Object 'Object Repository/Page_PSTO webMessenger/div_Nie wypeniono wszystkich pl' is visible

2021-12-21 18:02:23 - [MESSAGE][PASSED] - Object 'Object Repository/Page_PSTO webMessenger/div_Nie wypeniono wszystkich pl' is visible

2021-12-21 18:02:23 - [TEST_STEP][PASSED] - click(findTestObject("Page_PSTO webMessenger/a_Powrt do logowania"), CONTINUE_ON_FAILURE): Object: 'Object Repository/Page_PSTO webMessenger/a_Powrt do logowania' is clicked on

2021-12-21 18:02:23 - [MESSAGE][PASSED] - Object: 'Object Repository/Page_PSTO webMessenger/a_Powrt do logowania' is clicked on

2021-12-21 18:02:23 - [TEST_STEP][PASSED] - setText(findTestObject("Page_PSTO webMessenger/input_Zarejestruj konto_userLogin"), username): Text 'Ameba1640106137085' is set on object 'Object Repository/Page_PSTO webMessenger/input_Zarejestruj konto_userLogin'

2021-12-21 18:02:24 - [MESSAGE][PASSED] - Text 'Ameba1640106137085' is set on object 'Object Repository/Page_PSTO webMessenger/input_Zarejestruj konto_userLogin'

2021-12-21 18:02:24 - [TEST_STEP][PASSED] - setText(findTestObject("Page_PSTO webMessenger/input_Zarejestruj konto_passwordLogin"), findTestData("Rejestracja/tabR14").getValue("password", row)): Text 'startStop5' is set on object 'Object Repository/Page_PSTO webMessenger/input_Zarejestruj konto_passwordLogin'

2021-12-21 18:02:25 - [MESSAGE][PASSED] - Text 'startStop5' is set on object 'Object Repository/Page_PSTO webMessenger/input_Zarejestruj konto_passwordLogin'

2021-12-21 18:02:25 - [TEST_STEP][PASSED] - click(findTestObject("Page_PSTO webMessenger/input_Zarejestruj konto_login"), CONTINUE_ON_FAILURE): Object: 'Object Repository/Page_PSTO webMessenger/input_Zarejestruj konto_login' is clicked on

2021-12-21 18:02:25 - [MESSAGE][PASSED] - Object: 'Object Repository/Page_PSTO webMessenger/input_Zarejestruj konto_login' is clicked on

2021-12-21 18:02:25 - [TEST_STEP][PASSED] - takeScreenshot(data + "bugR14.png"): Taking screenshot successfully

2021-12-21 18:02:26 - [MESSAGE][PASSED] - Taking screenshot successfully
[[ATTACHMENT|C:\\Users\\agata\\git\\PTSOWebKounikator\\Reports\\20211221_175426\\R-tests\\20211221_175426\\1640106137085bugR14.png]]

2021-12-21 18:02:26 - [TEST_STEP][PASSED] - closeBrowser(): Browser is closed

2021-12-21 18:02:27 - [MESSAGE][PASSED] - Browser is closed]]></system-out>
         <system-err><![CDATA[]]></system-err>
      </testcase>
      <testcase name="Test Cases/Rejestracja/R15" time="27.51" classname="Test Cases/Rejestracja/R15" status="PASSED">
         <system-out><![CDATA[2021-12-21 18:02:27 - [TEST_CASE][PASSED] - Test Cases/Rejestracja/R15: Test Cases/Rejestracja/R15

2021-12-21 18:02:27 - [TEST_STEP][PASSED] - openBrowser(""): Browser is opened with url: ''

2021-12-21 18:02:27 - [MESSAGE][INFO] - Starting 'Chrome' driver

2021-12-21 18:02:27 - [MESSAGE][INFO] - Action delay is set to 0 milliseconds

2021-12-21 18:02:29 - [MESSAGE][PASSED] - Browser is opened with url: ''

2021-12-21 18:02:29 - [TEST_STEP][PASSED] - navigateToUrl("http://kmg.hcm.pl/testowanie/index.html"): Navigate to 'http://kmg.hcm.pl/testowanie/index.html' successfully

2021-12-21 18:02:30 - [MESSAGE][PASSED] - Navigate to 'http://kmg.hcm.pl/testowanie/index.html' successfully

2021-12-21 18:02:30 - [TEST_STEP][PASSED] - for ([row = 1, row <= findTestData("Rejestracja/tabR15").getRowNumbers(), (row++)]): Object: 'Object Repository/Page_PSTO webMessenger - Zalogowano/img_Zarejestruj konto_iconImg' is clicked on

2021-12-21 18:02:30 - [TEST_STEP][PASSED] - data = Date().getTime(): null

2021-12-21 18:02:30 - [TEST_STEP][PASSED] - username = "Ameba" + data: null

2021-12-21 18:02:30 - [TEST_STEP][PASSED] - newname = "Agata" + data: null

2021-12-21 18:02:30 - [TEST_STEP][PASSED] - click(findTestObject("Object Repository/Page_PSTO webMessenger/a_Zarejestruj konto")): Object: 'Object Repository/Page_PSTO webMessenger/a_Zarejestruj konto' is clicked on

2021-12-21 18:02:31 - [MESSAGE][PASSED] - Object: 'Object Repository/Page_PSTO webMessenger/a_Zarejestruj konto' is clicked on

2021-12-21 18:02:31 - [TEST_STEP][PASSED] - setText(findTestObject("Object Repository/Page_PSTO webMessenger/input_Powrt do logowania_username"), username): Text 'Ameba1640106150489' is set on object 'Object Repository/Page_PSTO webMessenger/input_Powrt do logowania_username'

2021-12-21 18:02:31 - [MESSAGE][PASSED] - Text 'Ameba1640106150489' is set on object 'Object Repository/Page_PSTO webMessenger/input_Powrt do logowania_username'

2021-12-21 18:02:31 - [TEST_STEP][PASSED] - setText(findTestObject("Object Repository/Page_PSTO webMessenger/input_Powrt do logowania_pass1"), findTestData("Rejestracja/tabR15").getValue("password", row)): Text 'startStop1' is set on object 'Object Repository/Page_PSTO webMessenger/input_Powrt do logowania_pass1'

2021-12-21 18:02:32 - [MESSAGE][PASSED] - Text 'startStop1' is set on object 'Object Repository/Page_PSTO webMessenger/input_Powrt do logowania_pass1'

2021-12-21 18:02:32 - [TEST_STEP][PASSED] - setText(findTestObject("Object Repository/Page_PSTO webMessenger/input_Powrt do logowania_pass2"), findTestData("Rejestracja/tabR15").getValue("password2", row)): Text 'startStop1' is set on object 'Object Repository/Page_PSTO webMessenger/input_Powrt do logowania_pass2'

2021-12-21 18:02:33 - [MESSAGE][PASSED] - Text 'startStop1' is set on object 'Object Repository/Page_PSTO webMessenger/input_Powrt do logowania_pass2'

2021-12-21 18:02:33 - [TEST_STEP][PASSED] - setText(findTestObject("Object Repository/Page_PSTO webMessenger/input_Powrt do logowania_name"), newname): Text 'Agata1640106150489' is set on object 'Object Repository/Page_PSTO webMessenger/input_Powrt do logowania_name'

2021-12-21 18:02:34 - [MESSAGE][PASSED] - Text 'Agata1640106150489' is set on object 'Object Repository/Page_PSTO webMessenger/input_Powrt do logowania_name'

2021-12-21 18:02:34 - [TEST_STEP][PASSED] - setText(findTestObject("Object Repository/Page_PSTO webMessenger/input_Powrt do logowania_surname"), findTestData("Rejestracja/tabR15").getValue("surname", row)): Text 'Bober' is set on object 'Object Repository/Page_PSTO webMessenger/input_Powrt do logowania_surname'

2021-12-21 18:02:35 - [MESSAGE][PASSED] - Text 'Bober' is set on object 'Object Repository/Page_PSTO webMessenger/input_Powrt do logowania_surname'

2021-12-21 18:02:35 - [TEST_STEP][PASSED] - setText(findTestObject("Object Repository/Page_PSTO webMessenger/input_Powrt do logowania_kodgrupy"), findTestData("Rejestracja/tabR15").getValue("group", row)): Text 'wsbgroup2ap' is set on object 'Object Repository/Page_PSTO webMessenger/input_Powrt do logowania_kodgrupy'

2021-12-21 18:02:36 - [MESSAGE][PASSED] - Text 'wsbgroup2ap' is set on object 'Object Repository/Page_PSTO webMessenger/input_Powrt do logowania_kodgrupy'

2021-12-21 18:02:36 - [TEST_STEP][PASSED] - click(findTestObject("Page_PSTO webMessenger/input_Powrt do logowania_register")): Object: 'Object Repository/Page_PSTO webMessenger/input_Powrt do logowania_register' is clicked on

2021-12-21 18:02:36 - [MESSAGE][PASSED] - Object: 'Object Repository/Page_PSTO webMessenger/input_Powrt do logowania_register' is clicked on

2021-12-21 18:02:36 - [TEST_STEP][PASSED] - click(findTestObject("Page_PSTO webMessenger/a_Kliknij, aby si zalogowa"), CONTINUE_ON_FAILURE): Object: 'Object Repository/Page_PSTO webMessenger/a_Kliknij, aby si zalogowa' is clicked on

2021-12-21 18:02:37 - [MESSAGE][PASSED] - Object: 'Object Repository/Page_PSTO webMessenger/a_Kliknij, aby si zalogowa' is clicked on

2021-12-21 18:02:37 - [TEST_STEP][PASSED] - setText(findTestObject("Page_PSTO webMessenger/input_Zarejestruj konto_userLogin"), username): Text 'Ameba1640106150489' is set on object 'Object Repository/Page_PSTO webMessenger/input_Zarejestruj konto_userLogin'

2021-12-21 18:02:38 - [MESSAGE][PASSED] - Text 'Ameba1640106150489' is set on object 'Object Repository/Page_PSTO webMessenger/input_Zarejestruj konto_userLogin'

2021-12-21 18:02:38 - [TEST_STEP][PASSED] - setText(findTestObject("Page_PSTO webMessenger/input_Zarejestruj konto_passwordLogin"), findTestData("Rejestracja/tabR15").getValue("password", row)): Text 'startStop1' is set on object 'Object Repository/Page_PSTO webMessenger/input_Zarejestruj konto_passwordLogin'

2021-12-21 18:02:39 - [MESSAGE][PASSED] - Text 'startStop1' is set on object 'Object Repository/Page_PSTO webMessenger/input_Zarejestruj konto_passwordLogin'

2021-12-21 18:02:39 - [TEST_STEP][PASSED] - click(findTestObject("Page_PSTO webMessenger/input_Zarejestruj konto_login"), CONTINUE_ON_FAILURE): Object: 'Object Repository/Page_PSTO webMessenger/input_Zarejestruj konto_login' is clicked on

2021-12-21 18:02:40 - [MESSAGE][PASSED] - Object: 'Object Repository/Page_PSTO webMessenger/input_Zarejestruj konto_login' is clicked on

2021-12-21 18:02:40 - [TEST_STEP][PASSED] - takeScreenshot(data + "bugR15.png"): Taking screenshot successfully

2021-12-21 18:02:41 - [MESSAGE][PASSED] - Taking screenshot successfully
[[ATTACHMENT|C:\\Users\\agata\\git\\PTSOWebKounikator\\Reports\\20211221_175426\\R-tests\\20211221_175426\\1640106150489bugR15.png]]

2021-12-21 18:02:41 - [TEST_STEP][PASSED] - click(findTestObject("Page_PSTO webMessenger - Zalogowano/img_Zarejestruj konto_iconImg"), CONTINUE_ON_FAILURE): Object: 'Object Repository/Page_PSTO webMessenger - Zalogowano/img_Zarejestruj konto_iconImg' is clicked on

2021-12-21 18:02:41 - [MESSAGE][PASSED] - Object: 'Object Repository/Page_PSTO webMessenger - Zalogowano/img_Zarejestruj konto_iconImg' is clicked on

2021-12-21 18:02:41 - [TEST_STEP][PASSED] - data = Date().getTime(): null

2021-12-21 18:02:41 - [TEST_STEP][PASSED] - username = "Ameba" + data: null

2021-12-21 18:02:41 - [TEST_STEP][PASSED] - newname = "Agata" + data: null

2021-12-21 18:02:41 - [TEST_STEP][PASSED] - click(findTestObject("Object Repository/Page_PSTO webMessenger/a_Zarejestruj konto")): Object: 'Object Repository/Page_PSTO webMessenger/a_Zarejestruj konto' is clicked on

2021-12-21 18:02:42 - [MESSAGE][PASSED] - Object: 'Object Repository/Page_PSTO webMessenger/a_Zarejestruj konto' is clicked on

2021-12-21 18:02:42 - [TEST_STEP][PASSED] - setText(findTestObject("Object Repository/Page_PSTO webMessenger/input_Powrt do logowania_username"), username): Text 'Ameba1640106161882' is set on object 'Object Repository/Page_PSTO webMessenger/input_Powrt do logowania_username'

2021-12-21 18:02:43 - [MESSAGE][PASSED] - Text 'Ameba1640106161882' is set on object 'Object Repository/Page_PSTO webMessenger/input_Powrt do logowania_username'

2021-12-21 18:02:43 - [TEST_STEP][PASSED] - setText(findTestObject("Object Repository/Page_PSTO webMessenger/input_Powrt do logowania_pass1"), findTestData("Rejestracja/tabR15").getValue("password", row)): Text 'startStop2' is set on object 'Object Repository/Page_PSTO webMessenger/input_Powrt do logowania_pass1'

2021-12-21 18:02:44 - [MESSAGE][PASSED] - Text 'startStop2' is set on object 'Object Repository/Page_PSTO webMessenger/input_Powrt do logowania_pass1'

2021-12-21 18:02:44 - [TEST_STEP][PASSED] - setText(findTestObject("Object Repository/Page_PSTO webMessenger/input_Powrt do logowania_pass2"), findTestData("Rejestracja/tabR15").getValue("password2", row)): Text 'startStop2' is set on object 'Object Repository/Page_PSTO webMessenger/input_Powrt do logowania_pass2'

2021-12-21 18:02:44 - [MESSAGE][PASSED] - Text 'startStop2' is set on object 'Object Repository/Page_PSTO webMessenger/input_Powrt do logowania_pass2'

2021-12-21 18:02:44 - [TEST_STEP][PASSED] - setText(findTestObject("Object Repository/Page_PSTO webMessenger/input_Powrt do logowania_name"), newname): Text 'Agata1640106161882' is set on object 'Object Repository/Page_PSTO webMessenger/input_Powrt do logowania_name'

2021-12-21 18:02:45 - [MESSAGE][PASSED] - Text 'Agata1640106161882' is set on object 'Object Repository/Page_PSTO webMessenger/input_Powrt do logowania_name'

2021-12-21 18:02:45 - [TEST_STEP][PASSED] - setText(findTestObject("Object Repository/Page_PSTO webMessenger/input_Powrt do logowania_surname"), findTestData("Rejestracja/tabR15").getValue("surname", row)): Text 'Dober' is set on object 'Object Repository/Page_PSTO webMessenger/input_Powrt do logowania_surname'

2021-12-21 18:02:46 - [MESSAGE][PASSED] - Text 'Dober' is set on object 'Object Repository/Page_PSTO webMessenger/input_Powrt do logowania_surname'

2021-12-21 18:02:46 - [TEST_STEP][PASSED] - setText(findTestObject("Object Repository/Page_PSTO webMessenger/input_Powrt do logowania_kodgrupy"), findTestData("Rejestracja/tabR15").getValue("group", row)): Text 'wsbgroup2ap' is set on object 'Object Repository/Page_PSTO webMessenger/input_Powrt do logowania_kodgrupy'

2021-12-21 18:02:47 - [MESSAGE][PASSED] - Text 'wsbgroup2ap' is set on object 'Object Repository/Page_PSTO webMessenger/input_Powrt do logowania_kodgrupy'

2021-12-21 18:02:47 - [TEST_STEP][PASSED] - click(findTestObject("Page_PSTO webMessenger/input_Powrt do logowania_register")): Object: 'Object Repository/Page_PSTO webMessenger/input_Powrt do logowania_register' is clicked on

2021-12-21 18:02:48 - [MESSAGE][PASSED] - Object: 'Object Repository/Page_PSTO webMessenger/input_Powrt do logowania_register' is clicked on

2021-12-21 18:02:48 - [TEST_STEP][PASSED] - click(findTestObject("Page_PSTO webMessenger/a_Kliknij, aby si zalogowa"), CONTINUE_ON_FAILURE): Object: 'Object Repository/Page_PSTO webMessenger/a_Kliknij, aby si zalogowa' is clicked on

2021-12-21 18:02:49 - [MESSAGE][PASSED] - Object: 'Object Repository/Page_PSTO webMessenger/a_Kliknij, aby si zalogowa' is clicked on

2021-12-21 18:02:49 - [TEST_STEP][PASSED] - setText(findTestObject("Page_PSTO webMessenger/input_Zarejestruj konto_userLogin"), username): Text 'Ameba1640106161882' is set on object 'Object Repository/Page_PSTO webMessenger/input_Zarejestruj konto_userLogin'

2021-12-21 18:02:50 - [MESSAGE][PASSED] - Text 'Ameba1640106161882' is set on object 'Object Repository/Page_PSTO webMessenger/input_Zarejestruj konto_userLogin'

2021-12-21 18:02:50 - [TEST_STEP][PASSED] - setText(findTestObject("Page_PSTO webMessenger/input_Zarejestruj konto_passwordLogin"), findTestData("Rejestracja/tabR15").getValue("password", row)): Text 'startStop2' is set on object 'Object Repository/Page_PSTO webMessenger/input_Zarejestruj konto_passwordLogin'

2021-12-21 18:02:51 - [MESSAGE][PASSED] - Text 'startStop2' is set on object 'Object Repository/Page_PSTO webMessenger/input_Zarejestruj konto_passwordLogin'

2021-12-21 18:02:51 - [TEST_STEP][PASSED] - click(findTestObject("Page_PSTO webMessenger/input_Zarejestruj konto_login"), CONTINUE_ON_FAILURE): Object: 'Object Repository/Page_PSTO webMessenger/input_Zarejestruj konto_login' is clicked on

2021-12-21 18:02:51 - [MESSAGE][PASSED] - Object: 'Object Repository/Page_PSTO webMessenger/input_Zarejestruj konto_login' is clicked on

2021-12-21 18:02:51 - [TEST_STEP][PASSED] - takeScreenshot(data + "bugR15.png"): Taking screenshot successfully

2021-12-21 18:02:52 - [MESSAGE][PASSED] - Taking screenshot successfully
[[ATTACHMENT|C:\\Users\\agata\\git\\PTSOWebKounikator\\Reports\\20211221_175426\\R-tests\\20211221_175426\\1640106161882bugR15.png]]

2021-12-21 18:02:52 - [TEST_STEP][PASSED] - click(findTestObject("Page_PSTO webMessenger - Zalogowano/img_Zarejestruj konto_iconImg"), CONTINUE_ON_FAILURE): Object: 'Object Repository/Page_PSTO webMessenger - Zalogowano/img_Zarejestruj konto_iconImg' is clicked on

2021-12-21 18:02:53 - [MESSAGE][PASSED] - Object: 'Object Repository/Page_PSTO webMessenger - Zalogowano/img_Zarejestruj konto_iconImg' is clicked on

2021-12-21 18:02:53 - [TEST_STEP][PASSED] - closeBrowser(): Browser is closed

2021-12-21 18:02:54 - [MESSAGE][PASSED] - Browser is closed]]></system-out>
         <system-err><![CDATA[]]></system-err>
      </testcase>
      <testcase name="Test Cases/Rejestracja/R16" time="27.471" classname="Test Cases/Rejestracja/R16" status="PASSED">
         <system-out><![CDATA[2021-12-21 18:02:54 - [TEST_CASE][PASSED] - Test Cases/Rejestracja/R16: Test Cases/Rejestracja/R16

2021-12-21 18:02:55 - [TEST_STEP][PASSED] - openBrowser(""): Browser is opened with url: ''

2021-12-21 18:02:55 - [MESSAGE][INFO] - Starting 'Chrome' driver

2021-12-21 18:02:55 - [MESSAGE][INFO] - Action delay is set to 0 milliseconds

2021-12-21 18:02:57 - [MESSAGE][PASSED] - Browser is opened with url: ''

2021-12-21 18:02:57 - [TEST_STEP][PASSED] - navigateToUrl("http://kmg.hcm.pl/testowanie/index.html"): Navigate to 'http://kmg.hcm.pl/testowanie/index.html' successfully

2021-12-21 18:02:58 - [MESSAGE][PASSED] - Navigate to 'http://kmg.hcm.pl/testowanie/index.html' successfully

2021-12-21 18:02:58 - [TEST_STEP][PASSED] - for ([row = 1, row <= findTestData("Rejestracja/tabR16").getRowNumbers(), (row++)]): Object: 'Object Repository/Page_PSTO webMessenger - Zalogowano/img_Zarejestruj konto_iconImg' is clicked on

2021-12-21 18:02:58 - [TEST_STEP][PASSED] - data = Date().getTime(): null

2021-12-21 18:02:58 - [TEST_STEP][PASSED] - username = "Ameba" + data: null

2021-12-21 18:02:58 - [TEST_STEP][PASSED] - surname = "Bober" + data: null

2021-12-21 18:02:58 - [TEST_STEP][PASSED] - click(findTestObject("Object Repository/Page_PSTO webMessenger/a_Zarejestruj konto")): Object: 'Object Repository/Page_PSTO webMessenger/a_Zarejestruj konto' is clicked on

2021-12-21 18:02:59 - [MESSAGE][PASSED] - Object: 'Object Repository/Page_PSTO webMessenger/a_Zarejestruj konto' is clicked on

2021-12-21 18:02:59 - [TEST_STEP][PASSED] - setText(findTestObject("Object Repository/Page_PSTO webMessenger/input_Powrt do logowania_username"), username): Text 'Ameba1640106178334' is set on object 'Object Repository/Page_PSTO webMessenger/input_Powrt do logowania_username'

2021-12-21 18:03:00 - [MESSAGE][PASSED] - Text 'Ameba1640106178334' is set on object 'Object Repository/Page_PSTO webMessenger/input_Powrt do logowania_username'

2021-12-21 18:03:00 - [TEST_STEP][PASSED] - setText(findTestObject("Object Repository/Page_PSTO webMessenger/input_Powrt do logowania_pass1"), findTestData("Rejestracja/tabR16").getValue("password", row)): Text 'startStop1' is set on object 'Object Repository/Page_PSTO webMessenger/input_Powrt do logowania_pass1'

2021-12-21 18:03:01 - [MESSAGE][PASSED] - Text 'startStop1' is set on object 'Object Repository/Page_PSTO webMessenger/input_Powrt do logowania_pass1'

2021-12-21 18:03:01 - [TEST_STEP][PASSED] - setText(findTestObject("Object Repository/Page_PSTO webMessenger/input_Powrt do logowania_pass2"), findTestData("Rejestracja/tabR16").getValue("password2", row)): Text 'startStop1' is set on object 'Object Repository/Page_PSTO webMessenger/input_Powrt do logowania_pass2'

2021-12-21 18:03:01 - [MESSAGE][PASSED] - Text 'startStop1' is set on object 'Object Repository/Page_PSTO webMessenger/input_Powrt do logowania_pass2'

2021-12-21 18:03:01 - [TEST_STEP][PASSED] - setText(findTestObject("Object Repository/Page_PSTO webMessenger/input_Powrt do logowania_name"), findTestData("Rejestracja/tabR16").getValue("name", row)): Text 'Bober' is set on object 'Object Repository/Page_PSTO webMessenger/input_Powrt do logowania_name'

2021-12-21 18:03:02 - [MESSAGE][PASSED] - Text 'Bober' is set on object 'Object Repository/Page_PSTO webMessenger/input_Powrt do logowania_name'

2021-12-21 18:03:02 - [TEST_STEP][PASSED] - setText(findTestObject("Object Repository/Page_PSTO webMessenger/input_Powrt do logowania_surname"), surname): Text 'Bober1640106178334' is set on object 'Object Repository/Page_PSTO webMessenger/input_Powrt do logowania_surname'

2021-12-21 18:03:03 - [MESSAGE][PASSED] - Text 'Bober1640106178334' is set on object 'Object Repository/Page_PSTO webMessenger/input_Powrt do logowania_surname'

2021-12-21 18:03:03 - [TEST_STEP][PASSED] - setText(findTestObject("Object Repository/Page_PSTO webMessenger/input_Powrt do logowania_kodgrupy"), findTestData("Rejestracja/tabR16").getValue("group", row)): Text 'wsbgroup2ap' is set on object 'Object Repository/Page_PSTO webMessenger/input_Powrt do logowania_kodgrupy'

2021-12-21 18:03:04 - [MESSAGE][PASSED] - Text 'wsbgroup2ap' is set on object 'Object Repository/Page_PSTO webMessenger/input_Powrt do logowania_kodgrupy'

2021-12-21 18:03:04 - [TEST_STEP][PASSED] - click(findTestObject("Page_PSTO webMessenger/input_Powrt do logowania_register")): Object: 'Object Repository/Page_PSTO webMessenger/input_Powrt do logowania_register' is clicked on

2021-12-21 18:03:05 - [MESSAGE][PASSED] - Object: 'Object Repository/Page_PSTO webMessenger/input_Powrt do logowania_register' is clicked on

2021-12-21 18:03:05 - [TEST_STEP][PASSED] - click(findTestObject("Page_PSTO webMessenger/a_Kliknij, aby si zalogowa"), CONTINUE_ON_FAILURE): Object: 'Object Repository/Page_PSTO webMessenger/a_Kliknij, aby si zalogowa' is clicked on

2021-12-21 18:03:06 - [MESSAGE][PASSED] - Object: 'Object Repository/Page_PSTO webMessenger/a_Kliknij, aby si zalogowa' is clicked on

2021-12-21 18:03:06 - [TEST_STEP][PASSED] - setText(findTestObject("Page_PSTO webMessenger/input_Zarejestruj konto_userLogin"), username): Text 'Ameba1640106178334' is set on object 'Object Repository/Page_PSTO webMessenger/input_Zarejestruj konto_userLogin'

2021-12-21 18:03:07 - [MESSAGE][PASSED] - Text 'Ameba1640106178334' is set on object 'Object Repository/Page_PSTO webMessenger/input_Zarejestruj konto_userLogin'

2021-12-21 18:03:07 - [TEST_STEP][PASSED] - setText(findTestObject("Page_PSTO webMessenger/input_Zarejestruj konto_passwordLogin"), findTestData("Rejestracja/tabR16").getValue("password", row)): Text 'startStop1' is set on object 'Object Repository/Page_PSTO webMessenger/input_Zarejestruj konto_passwordLogin'

2021-12-21 18:03:08 - [MESSAGE][PASSED] - Text 'startStop1' is set on object 'Object Repository/Page_PSTO webMessenger/input_Zarejestruj konto_passwordLogin'

2021-12-21 18:03:08 - [TEST_STEP][PASSED] - click(findTestObject("Page_PSTO webMessenger/input_Zarejestruj konto_login"), CONTINUE_ON_FAILURE): Object: 'Object Repository/Page_PSTO webMessenger/input_Zarejestruj konto_login' is clicked on

2021-12-21 18:03:08 - [MESSAGE][PASSED] - Object: 'Object Repository/Page_PSTO webMessenger/input_Zarejestruj konto_login' is clicked on

2021-12-21 18:03:08 - [TEST_STEP][PASSED] - takeScreenshot(data + "bugR16.png"): Taking screenshot successfully

2021-12-21 18:03:09 - [MESSAGE][PASSED] - Taking screenshot successfully
[[ATTACHMENT|C:\\Users\\agata\\git\\PTSOWebKounikator\\Reports\\20211221_175426\\R-tests\\20211221_175426\\1640106178334bugR16.png]]

2021-12-21 18:03:09 - [TEST_STEP][PASSED] - click(findTestObject("Page_PSTO webMessenger - Zalogowano/img_Zarejestruj konto_iconImg"), CONTINUE_ON_FAILURE): Object: 'Object Repository/Page_PSTO webMessenger - Zalogowano/img_Zarejestruj konto_iconImg' is clicked on

2021-12-21 18:03:10 - [MESSAGE][PASSED] - Object: 'Object Repository/Page_PSTO webMessenger - Zalogowano/img_Zarejestruj konto_iconImg' is clicked on

2021-12-21 18:03:10 - [TEST_STEP][PASSED] - data = Date().getTime(): null

2021-12-21 18:03:10 - [TEST_STEP][PASSED] - username = "Ameba" + data: null

2021-12-21 18:03:10 - [TEST_STEP][PASSED] - surname = "Bober" + data: null

2021-12-21 18:03:10 - [TEST_STEP][PASSED] - click(findTestObject("Object Repository/Page_PSTO webMessenger/a_Zarejestruj konto")): Object: 'Object Repository/Page_PSTO webMessenger/a_Zarejestruj konto' is clicked on

2021-12-21 18:03:11 - [MESSAGE][PASSED] - Object: 'Object Repository/Page_PSTO webMessenger/a_Zarejestruj konto' is clicked on

2021-12-21 18:03:11 - [TEST_STEP][PASSED] - setText(findTestObject("Object Repository/Page_PSTO webMessenger/input_Powrt do logowania_username"), username): Text 'Ameba1640106190520' is set on object 'Object Repository/Page_PSTO webMessenger/input_Powrt do logowania_username'

2021-12-21 18:03:12 - [MESSAGE][PASSED] - Text 'Ameba1640106190520' is set on object 'Object Repository/Page_PSTO webMessenger/input_Powrt do logowania_username'

2021-12-21 18:03:12 - [TEST_STEP][PASSED] - setText(findTestObject("Object Repository/Page_PSTO webMessenger/input_Powrt do logowania_pass1"), findTestData("Rejestracja/tabR16").getValue("password", row)): Text 'startStop2' is set on object 'Object Repository/Page_PSTO webMessenger/input_Powrt do logowania_pass1'

2021-12-21 18:03:12 - [MESSAGE][PASSED] - Text 'startStop2' is set on object 'Object Repository/Page_PSTO webMessenger/input_Powrt do logowania_pass1'

2021-12-21 18:03:12 - [TEST_STEP][PASSED] - setText(findTestObject("Object Repository/Page_PSTO webMessenger/input_Powrt do logowania_pass2"), findTestData("Rejestracja/tabR16").getValue("password2", row)): Text 'startStop2' is set on object 'Object Repository/Page_PSTO webMessenger/input_Powrt do logowania_pass2'

2021-12-21 18:03:13 - [MESSAGE][PASSED] - Text 'startStop2' is set on object 'Object Repository/Page_PSTO webMessenger/input_Powrt do logowania_pass2'

2021-12-21 18:03:13 - [TEST_STEP][PASSED] - setText(findTestObject("Object Repository/Page_PSTO webMessenger/input_Powrt do logowania_name"), findTestData("Rejestracja/tabR16").getValue("name", row)): Text 'Dober' is set on object 'Object Repository/Page_PSTO webMessenger/input_Powrt do logowania_name'

2021-12-21 18:03:14 - [MESSAGE][PASSED] - Text 'Dober' is set on object 'Object Repository/Page_PSTO webMessenger/input_Powrt do logowania_name'

2021-12-21 18:03:14 - [TEST_STEP][PASSED] - setText(findTestObject("Object Repository/Page_PSTO webMessenger/input_Powrt do logowania_surname"), surname): Text 'Bober1640106190520' is set on object 'Object Repository/Page_PSTO webMessenger/input_Powrt do logowania_surname'

2021-12-21 18:03:15 - [MESSAGE][PASSED] - Text 'Bober1640106190520' is set on object 'Object Repository/Page_PSTO webMessenger/input_Powrt do logowania_surname'

2021-12-21 18:03:15 - [TEST_STEP][PASSED] - setText(findTestObject("Object Repository/Page_PSTO webMessenger/input_Powrt do logowania_kodgrupy"), findTestData("Rejestracja/tabR16").getValue("group", row)): Text 'wsbgroup2ap' is set on object 'Object Repository/Page_PSTO webMessenger/input_Powrt do logowania_kodgrupy'

2021-12-21 18:03:15 - [MESSAGE][PASSED] - Text 'wsbgroup2ap' is set on object 'Object Repository/Page_PSTO webMessenger/input_Powrt do logowania_kodgrupy'

2021-12-21 18:03:15 - [TEST_STEP][PASSED] - click(findTestObject("Page_PSTO webMessenger/input_Powrt do logowania_register")): Object: 'Object Repository/Page_PSTO webMessenger/input_Powrt do logowania_register' is clicked on

2021-12-21 18:03:16 - [MESSAGE][PASSED] - Object: 'Object Repository/Page_PSTO webMessenger/input_Powrt do logowania_register' is clicked on

2021-12-21 18:03:16 - [TEST_STEP][PASSED] - click(findTestObject("Page_PSTO webMessenger/a_Kliknij, aby si zalogowa"), CONTINUE_ON_FAILURE): Object: 'Object Repository/Page_PSTO webMessenger/a_Kliknij, aby si zalogowa' is clicked on

2021-12-21 18:03:17 - [MESSAGE][PASSED] - Object: 'Object Repository/Page_PSTO webMessenger/a_Kliknij, aby si zalogowa' is clicked on

2021-12-21 18:03:17 - [TEST_STEP][PASSED] - setText(findTestObject("Page_PSTO webMessenger/input_Zarejestruj konto_userLogin"), username): Text 'Ameba1640106190520' is set on object 'Object Repository/Page_PSTO webMessenger/input_Zarejestruj konto_userLogin'

2021-12-21 18:03:18 - [MESSAGE][PASSED] - Text 'Ameba1640106190520' is set on object 'Object Repository/Page_PSTO webMessenger/input_Zarejestruj konto_userLogin'

2021-12-21 18:03:18 - [TEST_STEP][PASSED] - setText(findTestObject("Page_PSTO webMessenger/input_Zarejestruj konto_passwordLogin"), findTestData("Rejestracja/tabR16").getValue("password", row)): Text 'startStop2' is set on object 'Object Repository/Page_PSTO webMessenger/input_Zarejestruj konto_passwordLogin'

2021-12-21 18:03:18 - [MESSAGE][PASSED] - Text 'startStop2' is set on object 'Object Repository/Page_PSTO webMessenger/input_Zarejestruj konto_passwordLogin'

2021-12-21 18:03:18 - [TEST_STEP][PASSED] - click(findTestObject("Page_PSTO webMessenger/input_Zarejestruj konto_login"), CONTINUE_ON_FAILURE): Object: 'Object Repository/Page_PSTO webMessenger/input_Zarejestruj konto_login' is clicked on

2021-12-21 18:03:19 - [MESSAGE][PASSED] - Object: 'Object Repository/Page_PSTO webMessenger/input_Zarejestruj konto_login' is clicked on

2021-12-21 18:03:19 - [TEST_STEP][PASSED] - takeScreenshot(data + "bugR16.png"): Taking screenshot successfully

2021-12-21 18:03:20 - [MESSAGE][PASSED] - Taking screenshot successfully
[[ATTACHMENT|C:\\Users\\agata\\git\\PTSOWebKounikator\\Reports\\20211221_175426\\R-tests\\20211221_175426\\1640106190520bugR16.png]]

2021-12-21 18:03:20 - [TEST_STEP][PASSED] - click(findTestObject("Page_PSTO webMessenger - Zalogowano/img_Zarejestruj konto_iconImg"), CONTINUE_ON_FAILURE): Object: 'Object Repository/Page_PSTO webMessenger - Zalogowano/img_Zarejestruj konto_iconImg' is clicked on

2021-12-21 18:03:21 - [MESSAGE][PASSED] - Object: 'Object Repository/Page_PSTO webMessenger - Zalogowano/img_Zarejestruj konto_iconImg' is clicked on

2021-12-21 18:03:21 - [TEST_STEP][PASSED] - closeBrowser(): Browser is closed

2021-12-21 18:03:22 - [MESSAGE][PASSED] - Browser is closed]]></system-out>
         <system-err><![CDATA[]]></system-err>
      </testcase>
      <testcase name="Test Cases/Rejestracja/R17" time="112.707" classname="Test Cases/Rejestracja/R17" status="PASSED">
         <system-out><![CDATA[2021-12-21 18:03:22 - [TEST_CASE][PASSED] - Test Cases/Rejestracja/R17: Test Cases/Rejestracja/R17

2021-12-21 18:03:23 - [TEST_STEP][PASSED] - openBrowser(""): Browser is opened with url: ''

2021-12-21 18:03:23 - [MESSAGE][INFO] - Starting 'Chrome' driver

2021-12-21 18:03:23 - [MESSAGE][INFO] - Action delay is set to 0 milliseconds

2021-12-21 18:03:25 - [MESSAGE][PASSED] - Browser is opened with url: ''

2021-12-21 18:03:25 - [TEST_STEP][PASSED] - navigateToUrl("http://kmg.hcm.pl/testowanie/index.html"): Navigate to 'http://kmg.hcm.pl/testowanie/index.html' successfully

2021-12-21 18:03:26 - [MESSAGE][PASSED] - Navigate to 'http://kmg.hcm.pl/testowanie/index.html' successfully

2021-12-21 18:03:26 - [TEST_STEP][PASSED] - for ([row = 1, row <= findTestData("Rejestracja/tabR17").getRowNumbers(), (row++)]): Object: 'Object Repository/Page_PSTO webMessenger - Zalogowano/img_Zarejestruj konto_iconImg' is clicked on

2021-12-21 18:03:26 - [TEST_STEP][PASSED] - data = Date().getTime(): null

2021-12-21 18:03:26 - [TEST_STEP][PASSED] - username = "Ameba" + data: null

2021-12-21 18:03:26 - [TEST_STEP][PASSED] - click(findTestObject("Object Repository/Page_PSTO webMessenger/a_Zarejestruj konto")): Object: 'Object Repository/Page_PSTO webMessenger/a_Zarejestruj konto' is clicked on

2021-12-21 18:03:27 - [MESSAGE][PASSED] - Object: 'Object Repository/Page_PSTO webMessenger/a_Zarejestruj konto' is clicked on

2021-12-21 18:03:27 - [TEST_STEP][PASSED] - setText(findTestObject("Object Repository/Page_PSTO webMessenger/input_Powrt do logowania_username"), username): Text 'Ameba1640106206473' is set on object 'Object Repository/Page_PSTO webMessenger/input_Powrt do logowania_username'

2021-12-21 18:03:28 - [MESSAGE][PASSED] - Text 'Ameba1640106206473' is set on object 'Object Repository/Page_PSTO webMessenger/input_Powrt do logowania_username'

2021-12-21 18:03:28 - [TEST_STEP][PASSED] - setText(findTestObject("Object Repository/Page_PSTO webMessenger/input_Powrt do logowania_pass1"), findTestData("Rejestracja/tabR17").getValue("password", row)): Text 'startStop1' is set on object 'Object Repository/Page_PSTO webMessenger/input_Powrt do logowania_pass1'

2021-12-21 18:03:28 - [MESSAGE][PASSED] - Text 'startStop1' is set on object 'Object Repository/Page_PSTO webMessenger/input_Powrt do logowania_pass1'

2021-12-21 18:03:28 - [TEST_STEP][PASSED] - setText(findTestObject("Object Repository/Page_PSTO webMessenger/input_Powrt do logowania_pass2"), findTestData("Rejestracja/tabR17").getValue("password2", row)): Text 'startStop1' is set on object 'Object Repository/Page_PSTO webMessenger/input_Powrt do logowania_pass2'

2021-12-21 18:03:29 - [MESSAGE][PASSED] - Text 'startStop1' is set on object 'Object Repository/Page_PSTO webMessenger/input_Powrt do logowania_pass2'

2021-12-21 18:03:29 - [TEST_STEP][PASSED] - setText(findTestObject("Object Repository/Page_PSTO webMessenger/input_Powrt do logowania_name"), findTestData("Rejestracja/tabR17").getValue("name", row)): Text 'Agata!' is set on object 'Object Repository/Page_PSTO webMessenger/input_Powrt do logowania_name'

2021-12-21 18:03:30 - [MESSAGE][PASSED] - Text 'Agata!' is set on object 'Object Repository/Page_PSTO webMessenger/input_Powrt do logowania_name'

2021-12-21 18:03:30 - [TEST_STEP][PASSED] - setText(findTestObject("Object Repository/Page_PSTO webMessenger/input_Powrt do logowania_surname"), findTestData("Rejestracja/tabR17").getValue("surname", row)): Text 'Bober' is set on object 'Object Repository/Page_PSTO webMessenger/input_Powrt do logowania_surname'

2021-12-21 18:03:31 - [MESSAGE][PASSED] - Text 'Bober' is set on object 'Object Repository/Page_PSTO webMessenger/input_Powrt do logowania_surname'

2021-12-21 18:03:31 - [TEST_STEP][PASSED] - setText(findTestObject("Object Repository/Page_PSTO webMessenger/input_Powrt do logowania_kodgrupy"), findTestData("Rejestracja/tabR17").getValue("group", row)): Text 'wsbgroup2ap' is set on object 'Object Repository/Page_PSTO webMessenger/input_Powrt do logowania_kodgrupy'

2021-12-21 18:03:32 - [MESSAGE][PASSED] - Text 'wsbgroup2ap' is set on object 'Object Repository/Page_PSTO webMessenger/input_Powrt do logowania_kodgrupy'

2021-12-21 18:03:32 - [TEST_STEP][PASSED] - click(findTestObject("Page_PSTO webMessenger/input_Powrt do logowania_register")): Object: 'Object Repository/Page_PSTO webMessenger/input_Powrt do logowania_register' is clicked on

2021-12-21 18:03:32 - [MESSAGE][PASSED] - Object: 'Object Repository/Page_PSTO webMessenger/input_Powrt do logowania_register' is clicked on

2021-12-21 18:03:32 - [TEST_STEP][PASSED] - click(findTestObject("Page_PSTO webMessenger/a_Kliknij, aby si zalogowa"), CONTINUE_ON_FAILURE): Object: 'Object Repository/Page_PSTO webMessenger/a_Kliknij, aby si zalogowa' is clicked on

2021-12-21 18:03:33 - [MESSAGE][PASSED] - Object: 'Object Repository/Page_PSTO webMessenger/a_Kliknij, aby si zalogowa' is clicked on

2021-12-21 18:03:33 - [TEST_STEP][PASSED] - setText(findTestObject("Page_PSTO webMessenger/input_Zarejestruj konto_userLogin"), username): Text 'Ameba1640106206473' is set on object 'Object Repository/Page_PSTO webMessenger/input_Zarejestruj konto_userLogin'

2021-12-21 18:03:34 - [MESSAGE][PASSED] - Text 'Ameba1640106206473' is set on object 'Object Repository/Page_PSTO webMessenger/input_Zarejestruj konto_userLogin'

2021-12-21 18:03:34 - [TEST_STEP][PASSED] - setText(findTestObject("Page_PSTO webMessenger/input_Zarejestruj konto_passwordLogin"), findTestData("Rejestracja/tabR17").getValue("password", row)): Text 'startStop1' is set on object 'Object Repository/Page_PSTO webMessenger/input_Zarejestruj konto_passwordLogin'

2021-12-21 18:03:35 - [MESSAGE][PASSED] - Text 'startStop1' is set on object 'Object Repository/Page_PSTO webMessenger/input_Zarejestruj konto_passwordLogin'

2021-12-21 18:03:35 - [TEST_STEP][PASSED] - click(findTestObject("Page_PSTO webMessenger/input_Zarejestruj konto_login"), CONTINUE_ON_FAILURE): Object: 'Object Repository/Page_PSTO webMessenger/input_Zarejestruj konto_login' is clicked on

2021-12-21 18:03:35 - [MESSAGE][PASSED] - Object: 'Object Repository/Page_PSTO webMessenger/input_Zarejestruj konto_login' is clicked on

2021-12-21 18:03:35 - [TEST_STEP][PASSED] - takeScreenshot(data + "bugR17.jpg"): Taking screenshot successfully

2021-12-21 18:03:36 - [MESSAGE][PASSED] - Taking screenshot successfully
[[ATTACHMENT|C:\\Users\\agata\\git\\PTSOWebKounikator\\Reports\\20211221_175426\\R-tests\\20211221_175426\\1640106206473bugR17.jpg]]

2021-12-21 18:03:36 - [TEST_STEP][PASSED] - click(findTestObject("Page_PSTO webMessenger - Zalogowano/img_Zarejestruj konto_iconImg"), CONTINUE_ON_FAILURE): Object: 'Object Repository/Page_PSTO webMessenger - Zalogowano/img_Zarejestruj konto_iconImg' is clicked on

2021-12-21 18:03:37 - [MESSAGE][PASSED] - Object: 'Object Repository/Page_PSTO webMessenger - Zalogowano/img_Zarejestruj konto_iconImg' is clicked on

2021-12-21 18:03:37 - [TEST_STEP][PASSED] - data = Date().getTime(): null

2021-12-21 18:03:37 - [TEST_STEP][PASSED] - username = "Ameba" + data: null

2021-12-21 18:03:37 - [TEST_STEP][PASSED] - click(findTestObject("Object Repository/Page_PSTO webMessenger/a_Zarejestruj konto")): Object: 'Object Repository/Page_PSTO webMessenger/a_Zarejestruj konto' is clicked on

2021-12-21 18:03:38 - [MESSAGE][PASSED] - Object: 'Object Repository/Page_PSTO webMessenger/a_Zarejestruj konto' is clicked on

2021-12-21 18:03:38 - [TEST_STEP][PASSED] - setText(findTestObject("Object Repository/Page_PSTO webMessenger/input_Powrt do logowania_username"), username): Text 'Ameba1640106217618' is set on object 'Object Repository/Page_PSTO webMessenger/input_Powrt do logowania_username'

2021-12-21 18:03:39 - [MESSAGE][PASSED] - Text 'Ameba1640106217618' is set on object 'Object Repository/Page_PSTO webMessenger/input_Powrt do logowania_username'

2021-12-21 18:03:39 - [TEST_STEP][PASSED] - setText(findTestObject("Object Repository/Page_PSTO webMessenger/input_Powrt do logowania_pass1"), findTestData("Rejestracja/tabR17").getValue("password", row)): Text 'startStop2' is set on object 'Object Repository/Page_PSTO webMessenger/input_Powrt do logowania_pass1'

2021-12-21 18:03:40 - [MESSAGE][PASSED] - Text 'startStop2' is set on object 'Object Repository/Page_PSTO webMessenger/input_Powrt do logowania_pass1'

2021-12-21 18:03:40 - [TEST_STEP][PASSED] - setText(findTestObject("Object Repository/Page_PSTO webMessenger/input_Powrt do logowania_pass2"), findTestData("Rejestracja/tabR17").getValue("password2", row)): Text 'startStop2' is set on object 'Object Repository/Page_PSTO webMessenger/input_Powrt do logowania_pass2'

2021-12-21 18:03:41 - [MESSAGE][PASSED] - Text 'startStop2' is set on object 'Object Repository/Page_PSTO webMessenger/input_Powrt do logowania_pass2'

2021-12-21 18:03:41 - [TEST_STEP][PASSED] - setText(findTestObject("Object Repository/Page_PSTO webMessenger/input_Powrt do logowania_name"), findTestData("Rejestracja/tabR17").getValue("name", row)): Text 'Agata@' is set on object 'Object Repository/Page_PSTO webMessenger/input_Powrt do logowania_name'

2021-12-21 18:03:42 - [MESSAGE][PASSED] - Text 'Agata@' is set on object 'Object Repository/Page_PSTO webMessenger/input_Powrt do logowania_name'

2021-12-21 18:03:42 - [TEST_STEP][PASSED] - setText(findTestObject("Object Repository/Page_PSTO webMessenger/input_Powrt do logowania_surname"), findTestData("Rejestracja/tabR17").getValue("surname", row)): Text 'Dober' is set on object 'Object Repository/Page_PSTO webMessenger/input_Powrt do logowania_surname'

2021-12-21 18:03:43 - [MESSAGE][PASSED] - Text 'Dober' is set on object 'Object Repository/Page_PSTO webMessenger/input_Powrt do logowania_surname'

2021-12-21 18:03:43 - [TEST_STEP][PASSED] - setText(findTestObject("Object Repository/Page_PSTO webMessenger/input_Powrt do logowania_kodgrupy"), findTestData("Rejestracja/tabR17").getValue("group", row)): Text 'wsbgroup2ap' is set on object 'Object Repository/Page_PSTO webMessenger/input_Powrt do logowania_kodgrupy'

2021-12-21 18:03:44 - [MESSAGE][PASSED] - Text 'wsbgroup2ap' is set on object 'Object Repository/Page_PSTO webMessenger/input_Powrt do logowania_kodgrupy'

2021-12-21 18:03:44 - [TEST_STEP][PASSED] - click(findTestObject("Page_PSTO webMessenger/input_Powrt do logowania_register")): Object: 'Object Repository/Page_PSTO webMessenger/input_Powrt do logowania_register' is clicked on

2021-12-21 18:03:44 - [MESSAGE][PASSED] - Object: 'Object Repository/Page_PSTO webMessenger/input_Powrt do logowania_register' is clicked on

2021-12-21 18:03:44 - [TEST_STEP][PASSED] - click(findTestObject("Page_PSTO webMessenger/a_Kliknij, aby si zalogowa"), CONTINUE_ON_FAILURE): Object: 'Object Repository/Page_PSTO webMessenger/a_Kliknij, aby si zalogowa' is clicked on

2021-12-21 18:03:45 - [MESSAGE][PASSED] - Object: 'Object Repository/Page_PSTO webMessenger/a_Kliknij, aby si zalogowa' is clicked on

2021-12-21 18:03:45 - [TEST_STEP][PASSED] - setText(findTestObject("Page_PSTO webMessenger/input_Zarejestruj konto_userLogin"), username): Text 'Ameba1640106217618' is set on object 'Object Repository/Page_PSTO webMessenger/input_Zarejestruj konto_userLogin'

2021-12-21 18:03:46 - [MESSAGE][PASSED] - Text 'Ameba1640106217618' is set on object 'Object Repository/Page_PSTO webMessenger/input_Zarejestruj konto_userLogin'

2021-12-21 18:03:46 - [TEST_STEP][PASSED] - setText(findTestObject("Page_PSTO webMessenger/input_Zarejestruj konto_passwordLogin"), findTestData("Rejestracja/tabR17").getValue("password", row)): Text 'startStop2' is set on object 'Object Repository/Page_PSTO webMessenger/input_Zarejestruj konto_passwordLogin'

2021-12-21 18:03:47 - [MESSAGE][PASSED] - Text 'startStop2' is set on object 'Object Repository/Page_PSTO webMessenger/input_Zarejestruj konto_passwordLogin'

2021-12-21 18:03:47 - [TEST_STEP][PASSED] - click(findTestObject("Page_PSTO webMessenger/input_Zarejestruj konto_login"), CONTINUE_ON_FAILURE): Object: 'Object Repository/Page_PSTO webMessenger/input_Zarejestruj konto_login' is clicked on

2021-12-21 18:03:48 - [MESSAGE][PASSED] - Object: 'Object Repository/Page_PSTO webMessenger/input_Zarejestruj konto_login' is clicked on

2021-12-21 18:03:48 - [TEST_STEP][PASSED] - takeScreenshot(data + "bugR17.jpg"): Taking screenshot successfully

2021-12-21 18:03:49 - [MESSAGE][PASSED] - Taking screenshot successfully
[[ATTACHMENT|C:\\Users\\agata\\git\\PTSOWebKounikator\\Reports\\20211221_175426\\R-tests\\20211221_175426\\1640106217618bugR17.jpg]]

2021-12-21 18:03:49 - [TEST_STEP][PASSED] - click(findTestObject("Page_PSTO webMessenger - Zalogowano/img_Zarejestruj konto_iconImg"), CONTINUE_ON_FAILURE): Object: 'Object Repository/Page_PSTO webMessenger - Zalogowano/img_Zarejestruj konto_iconImg' is clicked on

2021-12-21 18:03:50 - [MESSAGE][PASSED] - Object: 'Object Repository/Page_PSTO webMessenger - Zalogowano/img_Zarejestruj konto_iconImg' is clicked on

2021-12-21 18:03:50 - [TEST_STEP][PASSED] - data = Date().getTime(): null

2021-12-21 18:03:50 - [TEST_STEP][PASSED] - username = "Ameba" + data: null

2021-12-21 18:03:50 - [TEST_STEP][PASSED] - click(findTestObject("Object Repository/Page_PSTO webMessenger/a_Zarejestruj konto")): Object: 'Object Repository/Page_PSTO webMessenger/a_Zarejestruj konto' is clicked on

2021-12-21 18:03:50 - [MESSAGE][PASSED] - Object: 'Object Repository/Page_PSTO webMessenger/a_Zarejestruj konto' is clicked on

2021-12-21 18:03:50 - [TEST_STEP][PASSED] - setText(findTestObject("Object Repository/Page_PSTO webMessenger/input_Powrt do logowania_username"), username): Text 'Ameba1640106230023' is set on object 'Object Repository/Page_PSTO webMessenger/input_Powrt do logowania_username'

2021-12-21 18:03:51 - [MESSAGE][PASSED] - Text 'Ameba1640106230023' is set on object 'Object Repository/Page_PSTO webMessenger/input_Powrt do logowania_username'

2021-12-21 18:03:51 - [TEST_STEP][PASSED] - setText(findTestObject("Object Repository/Page_PSTO webMessenger/input_Powrt do logowania_pass1"), findTestData("Rejestracja/tabR17").getValue("password", row)): Text 'startStop3' is set on object 'Object Repository/Page_PSTO webMessenger/input_Powrt do logowania_pass1'

2021-12-21 18:03:52 - [MESSAGE][PASSED] - Text 'startStop3' is set on object 'Object Repository/Page_PSTO webMessenger/input_Powrt do logowania_pass1'

2021-12-21 18:03:52 - [TEST_STEP][PASSED] - setText(findTestObject("Object Repository/Page_PSTO webMessenger/input_Powrt do logowania_pass2"), findTestData("Rejestracja/tabR17").getValue("password2", row)): Text 'startStop3' is set on object 'Object Repository/Page_PSTO webMessenger/input_Powrt do logowania_pass2'

2021-12-21 18:03:52 - [MESSAGE][PASSED] - Text 'startStop3' is set on object 'Object Repository/Page_PSTO webMessenger/input_Powrt do logowania_pass2'

2021-12-21 18:03:52 - [TEST_STEP][PASSED] - setText(findTestObject("Object Repository/Page_PSTO webMessenger/input_Powrt do logowania_name"), findTestData("Rejestracja/tabR17").getValue("name", row)): Text 'Agata#' is set on object 'Object Repository/Page_PSTO webMessenger/input_Powrt do logowania_name'

2021-12-21 18:03:53 - [MESSAGE][PASSED] - Text 'Agata#' is set on object 'Object Repository/Page_PSTO webMessenger/input_Powrt do logowania_name'

2021-12-21 18:03:53 - [TEST_STEP][PASSED] - setText(findTestObject("Object Repository/Page_PSTO webMessenger/input_Powrt do logowania_surname"), findTestData("Rejestracja/tabR17").getValue("surname", row)): Text 'Mober' is set on object 'Object Repository/Page_PSTO webMessenger/input_Powrt do logowania_surname'

2021-12-21 18:03:55 - [MESSAGE][PASSED] - Text 'Mober' is set on object 'Object Repository/Page_PSTO webMessenger/input_Powrt do logowania_surname'

2021-12-21 18:03:55 - [TEST_STEP][PASSED] - setText(findTestObject("Object Repository/Page_PSTO webMessenger/input_Powrt do logowania_kodgrupy"), findTestData("Rejestracja/tabR17").getValue("group", row)): Text 'wsbgroup2ap' is set on object 'Object Repository/Page_PSTO webMessenger/input_Powrt do logowania_kodgrupy'

2021-12-21 18:03:56 - [MESSAGE][PASSED] - Text 'wsbgroup2ap' is set on object 'Object Repository/Page_PSTO webMessenger/input_Powrt do logowania_kodgrupy'

2021-12-21 18:03:56 - [TEST_STEP][PASSED] - click(findTestObject("Page_PSTO webMessenger/input_Powrt do logowania_register")): Object: 'Object Repository/Page_PSTO webMessenger/input_Powrt do logowania_register' is clicked on

2021-12-21 18:03:57 - [MESSAGE][PASSED] - Object: 'Object Repository/Page_PSTO webMessenger/input_Powrt do logowania_register' is clicked on

2021-12-21 18:03:57 - [TEST_STEP][PASSED] - click(findTestObject("Page_PSTO webMessenger/a_Kliknij, aby si zalogowa"), CONTINUE_ON_FAILURE): Object: 'Object Repository/Page_PSTO webMessenger/a_Kliknij, aby si zalogowa' is clicked on

2021-12-21 18:03:57 - [MESSAGE][PASSED] - Object: 'Object Repository/Page_PSTO webMessenger/a_Kliknij, aby si zalogowa' is clicked on

2021-12-21 18:03:57 - [TEST_STEP][PASSED] - setText(findTestObject("Page_PSTO webMessenger/input_Zarejestruj konto_userLogin"), username): Text 'Ameba1640106230023' is set on object 'Object Repository/Page_PSTO webMessenger/input_Zarejestruj konto_userLogin'

2021-12-21 18:03:58 - [MESSAGE][PASSED] - Text 'Ameba1640106230023' is set on object 'Object Repository/Page_PSTO webMessenger/input_Zarejestruj konto_userLogin'

2021-12-21 18:03:58 - [TEST_STEP][PASSED] - setText(findTestObject("Page_PSTO webMessenger/input_Zarejestruj konto_passwordLogin"), findTestData("Rejestracja/tabR17").getValue("password", row)): Text 'startStop3' is set on object 'Object Repository/Page_PSTO webMessenger/input_Zarejestruj konto_passwordLogin'

2021-12-21 18:03:59 - [MESSAGE][PASSED] - Text 'startStop3' is set on object 'Object Repository/Page_PSTO webMessenger/input_Zarejestruj konto_passwordLogin'

2021-12-21 18:03:59 - [TEST_STEP][PASSED] - click(findTestObject("Page_PSTO webMessenger/input_Zarejestruj konto_login"), CONTINUE_ON_FAILURE): Object: 'Object Repository/Page_PSTO webMessenger/input_Zarejestruj konto_login' is clicked on

2021-12-21 18:04:00 - [MESSAGE][PASSED] - Object: 'Object Repository/Page_PSTO webMessenger/input_Zarejestruj konto_login' is clicked on

2021-12-21 18:04:00 - [TEST_STEP][PASSED] - takeScreenshot(data + "bugR17.jpg"): Taking screenshot successfully

2021-12-21 18:04:00 - [MESSAGE][PASSED] - Taking screenshot successfully
[[ATTACHMENT|C:\\Users\\agata\\git\\PTSOWebKounikator\\Reports\\20211221_175426\\R-tests\\20211221_175426\\1640106230023bugR17.jpg]]

2021-12-21 18:04:00 - [TEST_STEP][PASSED] - click(findTestObject("Page_PSTO webMessenger - Zalogowano/img_Zarejestruj konto_iconImg"), CONTINUE_ON_FAILURE): Object: 'Object Repository/Page_PSTO webMessenger - Zalogowano/img_Zarejestruj konto_iconImg' is clicked on

2021-12-21 18:04:01 - [MESSAGE][PASSED] - Object: 'Object Repository/Page_PSTO webMessenger - Zalogowano/img_Zarejestruj konto_iconImg' is clicked on

2021-12-21 18:04:01 - [TEST_STEP][PASSED] - data = Date().getTime(): null

2021-12-21 18:04:01 - [TEST_STEP][PASSED] - username = "Ameba" + data: null

2021-12-21 18:04:01 - [TEST_STEP][PASSED] - click(findTestObject("Object Repository/Page_PSTO webMessenger/a_Zarejestruj konto")): Object: 'Object Repository/Page_PSTO webMessenger/a_Zarejestruj konto' is clicked on

2021-12-21 18:04:02 - [MESSAGE][PASSED] - Object: 'Object Repository/Page_PSTO webMessenger/a_Zarejestruj konto' is clicked on

2021-12-21 18:04:02 - [TEST_STEP][PASSED] - setText(findTestObject("Object Repository/Page_PSTO webMessenger/input_Powrt do logowania_username"), username): Text 'Ameba1640106241602' is set on object 'Object Repository/Page_PSTO webMessenger/input_Powrt do logowania_username'

2021-12-21 18:04:03 - [MESSAGE][PASSED] - Text 'Ameba1640106241602' is set on object 'Object Repository/Page_PSTO webMessenger/input_Powrt do logowania_username'

2021-12-21 18:04:03 - [TEST_STEP][PASSED] - setText(findTestObject("Object Repository/Page_PSTO webMessenger/input_Powrt do logowania_pass1"), findTestData("Rejestracja/tabR17").getValue("password", row)): Text 'startStop4' is set on object 'Object Repository/Page_PSTO webMessenger/input_Powrt do logowania_pass1'

2021-12-21 18:04:03 - [MESSAGE][PASSED] - Text 'startStop4' is set on object 'Object Repository/Page_PSTO webMessenger/input_Powrt do logowania_pass1'

2021-12-21 18:04:03 - [TEST_STEP][PASSED] - setText(findTestObject("Object Repository/Page_PSTO webMessenger/input_Powrt do logowania_pass2"), findTestData("Rejestracja/tabR17").getValue("password2", row)): Text 'startStop4' is set on object 'Object Repository/Page_PSTO webMessenger/input_Powrt do logowania_pass2'

2021-12-21 18:04:04 - [MESSAGE][PASSED] - Text 'startStop4' is set on object 'Object Repository/Page_PSTO webMessenger/input_Powrt do logowania_pass2'

2021-12-21 18:04:04 - [TEST_STEP][PASSED] - setText(findTestObject("Object Repository/Page_PSTO webMessenger/input_Powrt do logowania_name"), findTestData("Rejestracja/tabR17").getValue("name", row)): Text 'Agata$' is set on object 'Object Repository/Page_PSTO webMessenger/input_Powrt do logowania_name'

2021-12-21 18:04:05 - [MESSAGE][PASSED] - Text 'Agata$' is set on object 'Object Repository/Page_PSTO webMessenger/input_Powrt do logowania_name'

2021-12-21 18:04:05 - [TEST_STEP][PASSED] - setText(findTestObject("Object Repository/Page_PSTO webMessenger/input_Powrt do logowania_surname"), findTestData("Rejestracja/tabR17").getValue("surname", row)): Text 'Kober' is set on object 'Object Repository/Page_PSTO webMessenger/input_Powrt do logowania_surname'

2021-12-21 18:04:06 - [MESSAGE][PASSED] - Text 'Kober' is set on object 'Object Repository/Page_PSTO webMessenger/input_Powrt do logowania_surname'

2021-12-21 18:04:06 - [TEST_STEP][PASSED] - setText(findTestObject("Object Repository/Page_PSTO webMessenger/input_Powrt do logowania_kodgrupy"), findTestData("Rejestracja/tabR17").getValue("group", row)): Text 'wsbgroup2ap' is set on object 'Object Repository/Page_PSTO webMessenger/input_Powrt do logowania_kodgrupy'

2021-12-21 18:04:07 - [MESSAGE][PASSED] - Text 'wsbgroup2ap' is set on object 'Object Repository/Page_PSTO webMessenger/input_Powrt do logowania_kodgrupy'

2021-12-21 18:04:07 - [TEST_STEP][PASSED] - click(findTestObject("Page_PSTO webMessenger/input_Powrt do logowania_register")): Object: 'Object Repository/Page_PSTO webMessenger/input_Powrt do logowania_register' is clicked on

2021-12-21 18:04:07 - [MESSAGE][PASSED] - Object: 'Object Repository/Page_PSTO webMessenger/input_Powrt do logowania_register' is clicked on

2021-12-21 18:04:07 - [TEST_STEP][PASSED] - click(findTestObject("Page_PSTO webMessenger/a_Kliknij, aby si zalogowa"), CONTINUE_ON_FAILURE): Object: 'Object Repository/Page_PSTO webMessenger/a_Kliknij, aby si zalogowa' is clicked on

2021-12-21 18:04:08 - [MESSAGE][PASSED] - Object: 'Object Repository/Page_PSTO webMessenger/a_Kliknij, aby si zalogowa' is clicked on

2021-12-21 18:04:08 - [TEST_STEP][PASSED] - setText(findTestObject("Page_PSTO webMessenger/input_Zarejestruj konto_userLogin"), username): Text 'Ameba1640106241602' is set on object 'Object Repository/Page_PSTO webMessenger/input_Zarejestruj konto_userLogin'

2021-12-21 18:04:09 - [MESSAGE][PASSED] - Text 'Ameba1640106241602' is set on object 'Object Repository/Page_PSTO webMessenger/input_Zarejestruj konto_userLogin'

2021-12-21 18:04:09 - [TEST_STEP][PASSED] - setText(findTestObject("Page_PSTO webMessenger/input_Zarejestruj konto_passwordLogin"), findTestData("Rejestracja/tabR17").getValue("password", row)): Text 'startStop4' is set on object 'Object Repository/Page_PSTO webMessenger/input_Zarejestruj konto_passwordLogin'

2021-12-21 18:04:10 - [MESSAGE][PASSED] - Text 'startStop4' is set on object 'Object Repository/Page_PSTO webMessenger/input_Zarejestruj konto_passwordLogin'

2021-12-21 18:04:10 - [TEST_STEP][PASSED] - click(findTestObject("Page_PSTO webMessenger/input_Zarejestruj konto_login"), CONTINUE_ON_FAILURE): Object: 'Object Repository/Page_PSTO webMessenger/input_Zarejestruj konto_login' is clicked on

2021-12-21 18:04:10 - [MESSAGE][PASSED] - Object: 'Object Repository/Page_PSTO webMessenger/input_Zarejestruj konto_login' is clicked on

2021-12-21 18:04:10 - [TEST_STEP][PASSED] - takeScreenshot(data + "bugR17.jpg"): Taking screenshot successfully

2021-12-21 18:04:11 - [MESSAGE][PASSED] - Taking screenshot successfully
[[ATTACHMENT|C:\\Users\\agata\\git\\PTSOWebKounikator\\Reports\\20211221_175426\\R-tests\\20211221_175426\\1640106241602bugR17.jpg]]

2021-12-21 18:04:11 - [TEST_STEP][PASSED] - click(findTestObject("Page_PSTO webMessenger - Zalogowano/img_Zarejestruj konto_iconImg"), CONTINUE_ON_FAILURE): Object: 'Object Repository/Page_PSTO webMessenger - Zalogowano/img_Zarejestruj konto_iconImg' is clicked on

2021-12-21 18:04:12 - [MESSAGE][PASSED] - Object: 'Object Repository/Page_PSTO webMessenger - Zalogowano/img_Zarejestruj konto_iconImg' is clicked on

2021-12-21 18:04:12 - [TEST_STEP][PASSED] - data = Date().getTime(): null

2021-12-21 18:04:12 - [TEST_STEP][PASSED] - username = "Ameba" + data: null

2021-12-21 18:04:12 - [TEST_STEP][PASSED] - click(findTestObject("Object Repository/Page_PSTO webMessenger/a_Zarejestruj konto")): Object: 'Object Repository/Page_PSTO webMessenger/a_Zarejestruj konto' is clicked on

2021-12-21 18:04:13 - [MESSAGE][PASSED] - Object: 'Object Repository/Page_PSTO webMessenger/a_Zarejestruj konto' is clicked on

2021-12-21 18:04:13 - [TEST_STEP][PASSED] - setText(findTestObject("Object Repository/Page_PSTO webMessenger/input_Powrt do logowania_username"), username): Text 'Ameba1640106252483' is set on object 'Object Repository/Page_PSTO webMessenger/input_Powrt do logowania_username'

2021-12-21 18:04:13 - [MESSAGE][PASSED] - Text 'Ameba1640106252483' is set on object 'Object Repository/Page_PSTO webMessenger/input_Powrt do logowania_username'

2021-12-21 18:04:13 - [TEST_STEP][PASSED] - setText(findTestObject("Object Repository/Page_PSTO webMessenger/input_Powrt do logowania_pass1"), findTestData("Rejestracja/tabR17").getValue("password", row)): Text 'startStop5' is set on object 'Object Repository/Page_PSTO webMessenger/input_Powrt do logowania_pass1'

2021-12-21 18:04:14 - [MESSAGE][PASSED] - Text 'startStop5' is set on object 'Object Repository/Page_PSTO webMessenger/input_Powrt do logowania_pass1'

2021-12-21 18:04:14 - [TEST_STEP][PASSED] - setText(findTestObject("Object Repository/Page_PSTO webMessenger/input_Powrt do logowania_pass2"), findTestData("Rejestracja/tabR17").getValue("password2", row)): Text 'startStop5' is set on object 'Object Repository/Page_PSTO webMessenger/input_Powrt do logowania_pass2'

2021-12-21 18:04:15 - [MESSAGE][PASSED] - Text 'startStop5' is set on object 'Object Repository/Page_PSTO webMessenger/input_Powrt do logowania_pass2'

2021-12-21 18:04:15 - [TEST_STEP][PASSED] - setText(findTestObject("Object Repository/Page_PSTO webMessenger/input_Powrt do logowania_name"), findTestData("Rejestracja/tabR17").getValue("name", row)): Text 'Agata%' is set on object 'Object Repository/Page_PSTO webMessenger/input_Powrt do logowania_name'

2021-12-21 18:04:16 - [MESSAGE][PASSED] - Text 'Agata%' is set on object 'Object Repository/Page_PSTO webMessenger/input_Powrt do logowania_name'

2021-12-21 18:04:16 - [TEST_STEP][PASSED] - setText(findTestObject("Object Repository/Page_PSTO webMessenger/input_Powrt do logowania_surname"), findTestData("Rejestracja/tabR17").getValue("surname", row)): Text 'Lober' is set on object 'Object Repository/Page_PSTO webMessenger/input_Powrt do logowania_surname'

2021-12-21 18:04:17 - [MESSAGE][PASSED] - Text 'Lober' is set on object 'Object Repository/Page_PSTO webMessenger/input_Powrt do logowania_surname'

2021-12-21 18:04:17 - [TEST_STEP][PASSED] - setText(findTestObject("Object Repository/Page_PSTO webMessenger/input_Powrt do logowania_kodgrupy"), findTestData("Rejestracja/tabR17").getValue("group", row)): Text 'wsbgroup2ap' is set on object 'Object Repository/Page_PSTO webMessenger/input_Powrt do logowania_kodgrupy'

2021-12-21 18:04:17 - [MESSAGE][PASSED] - Text 'wsbgroup2ap' is set on object 'Object Repository/Page_PSTO webMessenger/input_Powrt do logowania_kodgrupy'

2021-12-21 18:04:17 - [TEST_STEP][PASSED] - click(findTestObject("Page_PSTO webMessenger/input_Powrt do logowania_register")): Object: 'Object Repository/Page_PSTO webMessenger/input_Powrt do logowania_register' is clicked on

2021-12-21 18:04:18 - [MESSAGE][PASSED] - Object: 'Object Repository/Page_PSTO webMessenger/input_Powrt do logowania_register' is clicked on

2021-12-21 18:04:18 - [TEST_STEP][PASSED] - click(findTestObject("Page_PSTO webMessenger/a_Kliknij, aby si zalogowa"), CONTINUE_ON_FAILURE): Object: 'Object Repository/Page_PSTO webMessenger/a_Kliknij, aby si zalogowa' is clicked on

2021-12-21 18:04:19 - [MESSAGE][PASSED] - Object: 'Object Repository/Page_PSTO webMessenger/a_Kliknij, aby si zalogowa' is clicked on

2021-12-21 18:04:19 - [TEST_STEP][PASSED] - setText(findTestObject("Page_PSTO webMessenger/input_Zarejestruj konto_userLogin"), username): Text 'Ameba1640106252483' is set on object 'Object Repository/Page_PSTO webMessenger/input_Zarejestruj konto_userLogin'

2021-12-21 18:04:19 - [MESSAGE][PASSED] - Text 'Ameba1640106252483' is set on object 'Object Repository/Page_PSTO webMessenger/input_Zarejestruj konto_userLogin'

2021-12-21 18:04:19 - [TEST_STEP][PASSED] - setText(findTestObject("Page_PSTO webMessenger/input_Zarejestruj konto_passwordLogin"), findTestData("Rejestracja/tabR17").getValue("password", row)): Text 'startStop5' is set on object 'Object Repository/Page_PSTO webMessenger/input_Zarejestruj konto_passwordLogin'

2021-12-21 18:04:20 - [MESSAGE][PASSED] - Text 'startStop5' is set on object 'Object Repository/Page_PSTO webMessenger/input_Zarejestruj konto_passwordLogin'

2021-12-21 18:04:20 - [TEST_STEP][PASSED] - click(findTestObject("Page_PSTO webMessenger/input_Zarejestruj konto_login"), CONTINUE_ON_FAILURE): Object: 'Object Repository/Page_PSTO webMessenger/input_Zarejestruj konto_login' is clicked on

2021-12-21 18:04:21 - [MESSAGE][PASSED] - Object: 'Object Repository/Page_PSTO webMessenger/input_Zarejestruj konto_login' is clicked on

2021-12-21 18:04:21 - [TEST_STEP][PASSED] - takeScreenshot(data + "bugR17.jpg"): Taking screenshot successfully

2021-12-21 18:04:22 - [MESSAGE][PASSED] - Taking screenshot successfully
[[ATTACHMENT|C:\\Users\\agata\\git\\PTSOWebKounikator\\Reports\\20211221_175426\\R-tests\\20211221_175426\\1640106252483bugR17.jpg]]

2021-12-21 18:04:22 - [TEST_STEP][PASSED] - click(findTestObject("Page_PSTO webMessenger - Zalogowano/img_Zarejestruj konto_iconImg"), CONTINUE_ON_FAILURE): Object: 'Object Repository/Page_PSTO webMessenger - Zalogowano/img_Zarejestruj konto_iconImg' is clicked on

2021-12-21 18:04:22 - [MESSAGE][PASSED] - Object: 'Object Repository/Page_PSTO webMessenger - Zalogowano/img_Zarejestruj konto_iconImg' is clicked on

2021-12-21 18:04:22 - [TEST_STEP][PASSED] - data = Date().getTime(): null

2021-12-21 18:04:22 - [TEST_STEP][PASSED] - username = "Ameba" + data: null

2021-12-21 18:04:22 - [TEST_STEP][PASSED] - click(findTestObject("Object Repository/Page_PSTO webMessenger/a_Zarejestruj konto")): Object: 'Object Repository/Page_PSTO webMessenger/a_Zarejestruj konto' is clicked on

2021-12-21 18:04:23 - [MESSAGE][PASSED] - Object: 'Object Repository/Page_PSTO webMessenger/a_Zarejestruj konto' is clicked on

2021-12-21 18:04:23 - [TEST_STEP][PASSED] - setText(findTestObject("Object Repository/Page_PSTO webMessenger/input_Powrt do logowania_username"), username): Text 'Ameba1640106262671' is set on object 'Object Repository/Page_PSTO webMessenger/input_Powrt do logowania_username'

2021-12-21 18:04:24 - [MESSAGE][PASSED] - Text 'Ameba1640106262671' is set on object 'Object Repository/Page_PSTO webMessenger/input_Powrt do logowania_username'

2021-12-21 18:04:24 - [TEST_STEP][PASSED] - setText(findTestObject("Object Repository/Page_PSTO webMessenger/input_Powrt do logowania_pass1"), findTestData("Rejestracja/tabR17").getValue("password", row)): Text 'startStop1' is set on object 'Object Repository/Page_PSTO webMessenger/input_Powrt do logowania_pass1'

2021-12-21 18:04:24 - [MESSAGE][PASSED] - Text 'startStop1' is set on object 'Object Repository/Page_PSTO webMessenger/input_Powrt do logowania_pass1'

2021-12-21 18:04:24 - [TEST_STEP][PASSED] - setText(findTestObject("Object Repository/Page_PSTO webMessenger/input_Powrt do logowania_pass2"), findTestData("Rejestracja/tabR17").getValue("password2", row)): Text 'startStop1' is set on object 'Object Repository/Page_PSTO webMessenger/input_Powrt do logowania_pass2'

2021-12-21 18:04:25 - [MESSAGE][PASSED] - Text 'startStop1' is set on object 'Object Repository/Page_PSTO webMessenger/input_Powrt do logowania_pass2'

2021-12-21 18:04:25 - [TEST_STEP][PASSED] - setText(findTestObject("Object Repository/Page_PSTO webMessenger/input_Powrt do logowania_name"), findTestData("Rejestracja/tabR17").getValue("name", row)): Text 'Agata^' is set on object 'Object Repository/Page_PSTO webMessenger/input_Powrt do logowania_name'

2021-12-21 18:04:26 - [MESSAGE][PASSED] - Text 'Agata^' is set on object 'Object Repository/Page_PSTO webMessenger/input_Powrt do logowania_name'

2021-12-21 18:04:26 - [TEST_STEP][PASSED] - setText(findTestObject("Object Repository/Page_PSTO webMessenger/input_Powrt do logowania_surname"), findTestData("Rejestracja/tabR17").getValue("surname", row)): Text 'Bober' is set on object 'Object Repository/Page_PSTO webMessenger/input_Powrt do logowania_surname'

2021-12-21 18:04:27 - [MESSAGE][PASSED] - Text 'Bober' is set on object 'Object Repository/Page_PSTO webMessenger/input_Powrt do logowania_surname'

2021-12-21 18:04:27 - [TEST_STEP][PASSED] - setText(findTestObject("Object Repository/Page_PSTO webMessenger/input_Powrt do logowania_kodgrupy"), findTestData("Rejestracja/tabR17").getValue("group", row)): Text 'wsbgroup2ap' is set on object 'Object Repository/Page_PSTO webMessenger/input_Powrt do logowania_kodgrupy'

2021-12-21 18:04:28 - [MESSAGE][PASSED] - Text 'wsbgroup2ap' is set on object 'Object Repository/Page_PSTO webMessenger/input_Powrt do logowania_kodgrupy'

2021-12-21 18:04:28 - [TEST_STEP][PASSED] - click(findTestObject("Page_PSTO webMessenger/input_Powrt do logowania_register")): Object: 'Object Repository/Page_PSTO webMessenger/input_Powrt do logowania_register' is clicked on

2021-12-21 18:04:28 - [MESSAGE][PASSED] - Object: 'Object Repository/Page_PSTO webMessenger/input_Powrt do logowania_register' is clicked on

2021-12-21 18:04:28 - [TEST_STEP][PASSED] - click(findTestObject("Page_PSTO webMessenger/a_Kliknij, aby si zalogowa"), CONTINUE_ON_FAILURE): Object: 'Object Repository/Page_PSTO webMessenger/a_Kliknij, aby si zalogowa' is clicked on

2021-12-21 18:04:29 - [MESSAGE][PASSED] - Object: 'Object Repository/Page_PSTO webMessenger/a_Kliknij, aby si zalogowa' is clicked on

2021-12-21 18:04:29 - [TEST_STEP][PASSED] - setText(findTestObject("Page_PSTO webMessenger/input_Zarejestruj konto_userLogin"), username): Text 'Ameba1640106262671' is set on object 'Object Repository/Page_PSTO webMessenger/input_Zarejestruj konto_userLogin'

2021-12-21 18:04:30 - [MESSAGE][PASSED] - Text 'Ameba1640106262671' is set on object 'Object Repository/Page_PSTO webMessenger/input_Zarejestruj konto_userLogin'

2021-12-21 18:04:30 - [TEST_STEP][PASSED] - setText(findTestObject("Page_PSTO webMessenger/input_Zarejestruj konto_passwordLogin"), findTestData("Rejestracja/tabR17").getValue("password", row)): Text 'startStop1' is set on object 'Object Repository/Page_PSTO webMessenger/input_Zarejestruj konto_passwordLogin'

2021-12-21 18:04:30 - [MESSAGE][PASSED] - Text 'startStop1' is set on object 'Object Repository/Page_PSTO webMessenger/input_Zarejestruj konto_passwordLogin'

2021-12-21 18:04:30 - [TEST_STEP][PASSED] - click(findTestObject("Page_PSTO webMessenger/input_Zarejestruj konto_login"), CONTINUE_ON_FAILURE): Object: 'Object Repository/Page_PSTO webMessenger/input_Zarejestruj konto_login' is clicked on

2021-12-21 18:04:31 - [MESSAGE][PASSED] - Object: 'Object Repository/Page_PSTO webMessenger/input_Zarejestruj konto_login' is clicked on

2021-12-21 18:04:31 - [TEST_STEP][PASSED] - takeScreenshot(data + "bugR17.jpg"): Taking screenshot successfully

2021-12-21 18:04:32 - [MESSAGE][PASSED] - Taking screenshot successfully
[[ATTACHMENT|C:\\Users\\agata\\git\\PTSOWebKounikator\\Reports\\20211221_175426\\R-tests\\20211221_175426\\1640106262671bugR17.jpg]]

2021-12-21 18:04:32 - [TEST_STEP][PASSED] - click(findTestObject("Page_PSTO webMessenger - Zalogowano/img_Zarejestruj konto_iconImg"), CONTINUE_ON_FAILURE): Object: 'Object Repository/Page_PSTO webMessenger - Zalogowano/img_Zarejestruj konto_iconImg' is clicked on

2021-12-21 18:04:32 - [MESSAGE][PASSED] - Object: 'Object Repository/Page_PSTO webMessenger - Zalogowano/img_Zarejestruj konto_iconImg' is clicked on

2021-12-21 18:04:32 - [TEST_STEP][PASSED] - data = Date().getTime(): null

2021-12-21 18:04:32 - [TEST_STEP][PASSED] - username = "Ameba" + data: null

2021-12-21 18:04:32 - [TEST_STEP][PASSED] - click(findTestObject("Object Repository/Page_PSTO webMessenger/a_Zarejestruj konto")): Object: 'Object Repository/Page_PSTO webMessenger/a_Zarejestruj konto' is clicked on

2021-12-21 18:04:33 - [MESSAGE][PASSED] - Object: 'Object Repository/Page_PSTO webMessenger/a_Zarejestruj konto' is clicked on

2021-12-21 18:04:33 - [TEST_STEP][PASSED] - setText(findTestObject("Object Repository/Page_PSTO webMessenger/input_Powrt do logowania_username"), username): Text 'Ameba1640106272951' is set on object 'Object Repository/Page_PSTO webMessenger/input_Powrt do logowania_username'

2021-12-21 18:04:34 - [MESSAGE][PASSED] - Text 'Ameba1640106272951' is set on object 'Object Repository/Page_PSTO webMessenger/input_Powrt do logowania_username'

2021-12-21 18:04:34 - [TEST_STEP][PASSED] - setText(findTestObject("Object Repository/Page_PSTO webMessenger/input_Powrt do logowania_pass1"), findTestData("Rejestracja/tabR17").getValue("password", row)): Text 'startStop2' is set on object 'Object Repository/Page_PSTO webMessenger/input_Powrt do logowania_pass1'

2021-12-21 18:04:35 - [MESSAGE][PASSED] - Text 'startStop2' is set on object 'Object Repository/Page_PSTO webMessenger/input_Powrt do logowania_pass1'

2021-12-21 18:04:35 - [TEST_STEP][PASSED] - setText(findTestObject("Object Repository/Page_PSTO webMessenger/input_Powrt do logowania_pass2"), findTestData("Rejestracja/tabR17").getValue("password2", row)): Text 'startStop2' is set on object 'Object Repository/Page_PSTO webMessenger/input_Powrt do logowania_pass2'

2021-12-21 18:04:35 - [MESSAGE][PASSED] - Text 'startStop2' is set on object 'Object Repository/Page_PSTO webMessenger/input_Powrt do logowania_pass2'

2021-12-21 18:04:35 - [TEST_STEP][PASSED] - setText(findTestObject("Object Repository/Page_PSTO webMessenger/input_Powrt do logowania_name"), findTestData("Rejestracja/tabR17").getValue("name", row)): Text 'Agata&' is set on object 'Object Repository/Page_PSTO webMessenger/input_Powrt do logowania_name'

2021-12-21 18:04:36 - [MESSAGE][PASSED] - Text 'Agata&' is set on object 'Object Repository/Page_PSTO webMessenger/input_Powrt do logowania_name'

2021-12-21 18:04:36 - [TEST_STEP][PASSED] - setText(findTestObject("Object Repository/Page_PSTO webMessenger/input_Powrt do logowania_surname"), findTestData("Rejestracja/tabR17").getValue("surname", row)): Text 'Dober' is set on object 'Object Repository/Page_PSTO webMessenger/input_Powrt do logowania_surname'

2021-12-21 18:04:37 - [MESSAGE][PASSED] - Text 'Dober' is set on object 'Object Repository/Page_PSTO webMessenger/input_Powrt do logowania_surname'

2021-12-21 18:04:37 - [TEST_STEP][PASSED] - setText(findTestObject("Object Repository/Page_PSTO webMessenger/input_Powrt do logowania_kodgrupy"), findTestData("Rejestracja/tabR17").getValue("group", row)): Text 'wsbgroup2ap' is set on object 'Object Repository/Page_PSTO webMessenger/input_Powrt do logowania_kodgrupy'

2021-12-21 18:04:38 - [MESSAGE][PASSED] - Text 'wsbgroup2ap' is set on object 'Object Repository/Page_PSTO webMessenger/input_Powrt do logowania_kodgrupy'

2021-12-21 18:04:38 - [TEST_STEP][PASSED] - click(findTestObject("Page_PSTO webMessenger/input_Powrt do logowania_register")): Object: 'Object Repository/Page_PSTO webMessenger/input_Powrt do logowania_register' is clicked on

2021-12-21 18:04:38 - [MESSAGE][PASSED] - Object: 'Object Repository/Page_PSTO webMessenger/input_Powrt do logowania_register' is clicked on

2021-12-21 18:04:38 - [TEST_STEP][PASSED] - click(findTestObject("Page_PSTO webMessenger/a_Kliknij, aby si zalogowa"), CONTINUE_ON_FAILURE): Object: 'Object Repository/Page_PSTO webMessenger/a_Kliknij, aby si zalogowa' is clicked on

2021-12-21 18:04:39 - [MESSAGE][PASSED] - Object: 'Object Repository/Page_PSTO webMessenger/a_Kliknij, aby si zalogowa' is clicked on

2021-12-21 18:04:39 - [TEST_STEP][PASSED] - setText(findTestObject("Page_PSTO webMessenger/input_Zarejestruj konto_userLogin"), username): Text 'Ameba1640106272951' is set on object 'Object Repository/Page_PSTO webMessenger/input_Zarejestruj konto_userLogin'

2021-12-21 18:04:40 - [MESSAGE][PASSED] - Text 'Ameba1640106272951' is set on object 'Object Repository/Page_PSTO webMessenger/input_Zarejestruj konto_userLogin'

2021-12-21 18:04:40 - [TEST_STEP][PASSED] - setText(findTestObject("Page_PSTO webMessenger/input_Zarejestruj konto_passwordLogin"), findTestData("Rejestracja/tabR17").getValue("password", row)): Text 'startStop2' is set on object 'Object Repository/Page_PSTO webMessenger/input_Zarejestruj konto_passwordLogin'

2021-12-21 18:04:41 - [MESSAGE][PASSED] - Text 'startStop2' is set on object 'Object Repository/Page_PSTO webMessenger/input_Zarejestruj konto_passwordLogin'

2021-12-21 18:04:41 - [TEST_STEP][PASSED] - click(findTestObject("Page_PSTO webMessenger/input_Zarejestruj konto_login"), CONTINUE_ON_FAILURE): Object: 'Object Repository/Page_PSTO webMessenger/input_Zarejestruj konto_login' is clicked on

2021-12-21 18:04:41 - [MESSAGE][PASSED] - Object: 'Object Repository/Page_PSTO webMessenger/input_Zarejestruj konto_login' is clicked on

2021-12-21 18:04:41 - [TEST_STEP][PASSED] - takeScreenshot(data + "bugR17.jpg"): Taking screenshot successfully

2021-12-21 18:04:42 - [MESSAGE][PASSED] - Taking screenshot successfully
[[ATTACHMENT|C:\\Users\\agata\\git\\PTSOWebKounikator\\Reports\\20211221_175426\\R-tests\\20211221_175426\\1640106272951bugR17.jpg]]

2021-12-21 18:04:42 - [TEST_STEP][PASSED] - click(findTestObject("Page_PSTO webMessenger - Zalogowano/img_Zarejestruj konto_iconImg"), CONTINUE_ON_FAILURE): Object: 'Object Repository/Page_PSTO webMessenger - Zalogowano/img_Zarejestruj konto_iconImg' is clicked on

2021-12-21 18:04:43 - [MESSAGE][PASSED] - Object: 'Object Repository/Page_PSTO webMessenger - Zalogowano/img_Zarejestruj konto_iconImg' is clicked on

2021-12-21 18:04:43 - [TEST_STEP][PASSED] - data = Date().getTime(): null

2021-12-21 18:04:43 - [TEST_STEP][PASSED] - username = "Ameba" + data: null

2021-12-21 18:04:43 - [TEST_STEP][PASSED] - click(findTestObject("Object Repository/Page_PSTO webMessenger/a_Zarejestruj konto")): Object: 'Object Repository/Page_PSTO webMessenger/a_Zarejestruj konto' is clicked on

2021-12-21 18:04:43 - [MESSAGE][PASSED] - Object: 'Object Repository/Page_PSTO webMessenger/a_Zarejestruj konto' is clicked on

2021-12-21 18:04:43 - [TEST_STEP][PASSED] - setText(findTestObject("Object Repository/Page_PSTO webMessenger/input_Powrt do logowania_username"), username): Text 'Ameba1640106283137' is set on object 'Object Repository/Page_PSTO webMessenger/input_Powrt do logowania_username'

2021-12-21 18:04:44 - [MESSAGE][PASSED] - Text 'Ameba1640106283137' is set on object 'Object Repository/Page_PSTO webMessenger/input_Powrt do logowania_username'

2021-12-21 18:04:44 - [TEST_STEP][PASSED] - setText(findTestObject("Object Repository/Page_PSTO webMessenger/input_Powrt do logowania_pass1"), findTestData("Rejestracja/tabR17").getValue("password", row)): Text 'startStop3' is set on object 'Object Repository/Page_PSTO webMessenger/input_Powrt do logowania_pass1'

2021-12-21 18:04:45 - [MESSAGE][PASSED] - Text 'startStop3' is set on object 'Object Repository/Page_PSTO webMessenger/input_Powrt do logowania_pass1'

2021-12-21 18:04:45 - [TEST_STEP][PASSED] - setText(findTestObject("Object Repository/Page_PSTO webMessenger/input_Powrt do logowania_pass2"), findTestData("Rejestracja/tabR17").getValue("password2", row)): Text 'startStop3' is set on object 'Object Repository/Page_PSTO webMessenger/input_Powrt do logowania_pass2'

2021-12-21 18:04:46 - [MESSAGE][PASSED] - Text 'startStop3' is set on object 'Object Repository/Page_PSTO webMessenger/input_Powrt do logowania_pass2'

2021-12-21 18:04:46 - [TEST_STEP][PASSED] - setText(findTestObject("Object Repository/Page_PSTO webMessenger/input_Powrt do logowania_name"), findTestData("Rejestracja/tabR17").getValue("name", row)): Text 'Agata*' is set on object 'Object Repository/Page_PSTO webMessenger/input_Powrt do logowania_name'

2021-12-21 18:04:46 - [MESSAGE][PASSED] - Text 'Agata*' is set on object 'Object Repository/Page_PSTO webMessenger/input_Powrt do logowania_name'

2021-12-21 18:04:46 - [TEST_STEP][PASSED] - setText(findTestObject("Object Repository/Page_PSTO webMessenger/input_Powrt do logowania_surname"), findTestData("Rejestracja/tabR17").getValue("surname", row)): Text 'Mober' is set on object 'Object Repository/Page_PSTO webMessenger/input_Powrt do logowania_surname'

2021-12-21 18:04:47 - [MESSAGE][PASSED] - Text 'Mober' is set on object 'Object Repository/Page_PSTO webMessenger/input_Powrt do logowania_surname'

2021-12-21 18:04:47 - [TEST_STEP][PASSED] - setText(findTestObject("Object Repository/Page_PSTO webMessenger/input_Powrt do logowania_kodgrupy"), findTestData("Rejestracja/tabR17").getValue("group", row)): Text 'wsbgroup2ap' is set on object 'Object Repository/Page_PSTO webMessenger/input_Powrt do logowania_kodgrupy'

2021-12-21 18:04:48 - [MESSAGE][PASSED] - Text 'wsbgroup2ap' is set on object 'Object Repository/Page_PSTO webMessenger/input_Powrt do logowania_kodgrupy'

2021-12-21 18:04:48 - [TEST_STEP][PASSED] - click(findTestObject("Page_PSTO webMessenger/input_Powrt do logowania_register")): Object: 'Object Repository/Page_PSTO webMessenger/input_Powrt do logowania_register' is clicked on

2021-12-21 18:04:48 - [MESSAGE][PASSED] - Object: 'Object Repository/Page_PSTO webMessenger/input_Powrt do logowania_register' is clicked on

2021-12-21 18:04:48 - [TEST_STEP][PASSED] - click(findTestObject("Page_PSTO webMessenger/a_Kliknij, aby si zalogowa"), CONTINUE_ON_FAILURE): Object: 'Object Repository/Page_PSTO webMessenger/a_Kliknij, aby si zalogowa' is clicked on

2021-12-21 18:04:49 - [MESSAGE][PASSED] - Object: 'Object Repository/Page_PSTO webMessenger/a_Kliknij, aby si zalogowa' is clicked on

2021-12-21 18:04:49 - [TEST_STEP][PASSED] - setText(findTestObject("Page_PSTO webMessenger/input_Zarejestruj konto_userLogin"), username): Text 'Ameba1640106283137' is set on object 'Object Repository/Page_PSTO webMessenger/input_Zarejestruj konto_userLogin'

2021-12-21 18:04:50 - [MESSAGE][PASSED] - Text 'Ameba1640106283137' is set on object 'Object Repository/Page_PSTO webMessenger/input_Zarejestruj konto_userLogin'

2021-12-21 18:04:50 - [TEST_STEP][PASSED] - setText(findTestObject("Page_PSTO webMessenger/input_Zarejestruj konto_passwordLogin"), findTestData("Rejestracja/tabR17").getValue("password", row)): Text 'startStop3' is set on object 'Object Repository/Page_PSTO webMessenger/input_Zarejestruj konto_passwordLogin'

2021-12-21 18:04:51 - [MESSAGE][PASSED] - Text 'startStop3' is set on object 'Object Repository/Page_PSTO webMessenger/input_Zarejestruj konto_passwordLogin'

2021-12-21 18:04:51 - [TEST_STEP][PASSED] - click(findTestObject("Page_PSTO webMessenger/input_Zarejestruj konto_login"), CONTINUE_ON_FAILURE): Object: 'Object Repository/Page_PSTO webMessenger/input_Zarejestruj konto_login' is clicked on

2021-12-21 18:04:51 - [MESSAGE][PASSED] - Object: 'Object Repository/Page_PSTO webMessenger/input_Zarejestruj konto_login' is clicked on

2021-12-21 18:04:51 - [TEST_STEP][PASSED] - takeScreenshot(data + "bugR17.jpg"): Taking screenshot successfully

2021-12-21 18:04:52 - [MESSAGE][PASSED] - Taking screenshot successfully
[[ATTACHMENT|C:\\Users\\agata\\git\\PTSOWebKounikator\\Reports\\20211221_175426\\R-tests\\20211221_175426\\1640106283137bugR17.jpg]]

2021-12-21 18:04:52 - [TEST_STEP][PASSED] - click(findTestObject("Page_PSTO webMessenger - Zalogowano/img_Zarejestruj konto_iconImg"), CONTINUE_ON_FAILURE): Object: 'Object Repository/Page_PSTO webMessenger - Zalogowano/img_Zarejestruj konto_iconImg' is clicked on

2021-12-21 18:04:53 - [MESSAGE][PASSED] - Object: 'Object Repository/Page_PSTO webMessenger - Zalogowano/img_Zarejestruj konto_iconImg' is clicked on

2021-12-21 18:04:53 - [TEST_STEP][PASSED] - data = Date().getTime(): null

2021-12-21 18:04:53 - [TEST_STEP][PASSED] - username = "Ameba" + data: null

2021-12-21 18:04:53 - [TEST_STEP][PASSED] - click(findTestObject("Object Repository/Page_PSTO webMessenger/a_Zarejestruj konto")): Object: 'Object Repository/Page_PSTO webMessenger/a_Zarejestruj konto' is clicked on

2021-12-21 18:04:53 - [MESSAGE][PASSED] - Object: 'Object Repository/Page_PSTO webMessenger/a_Zarejestruj konto' is clicked on

2021-12-21 18:04:53 - [TEST_STEP][PASSED] - setText(findTestObject("Object Repository/Page_PSTO webMessenger/input_Powrt do logowania_username"), username): Text 'Ameba1640106293245' is set on object 'Object Repository/Page_PSTO webMessenger/input_Powrt do logowania_username'

2021-12-21 18:04:54 - [MESSAGE][PASSED] - Text 'Ameba1640106293245' is set on object 'Object Repository/Page_PSTO webMessenger/input_Powrt do logowania_username'

2021-12-21 18:04:54 - [TEST_STEP][PASSED] - setText(findTestObject("Object Repository/Page_PSTO webMessenger/input_Powrt do logowania_pass1"), findTestData("Rejestracja/tabR17").getValue("password", row)): Text 'startStop4' is set on object 'Object Repository/Page_PSTO webMessenger/input_Powrt do logowania_pass1'

2021-12-21 18:04:55 - [MESSAGE][PASSED] - Text 'startStop4' is set on object 'Object Repository/Page_PSTO webMessenger/input_Powrt do logowania_pass1'

2021-12-21 18:04:55 - [TEST_STEP][PASSED] - setText(findTestObject("Object Repository/Page_PSTO webMessenger/input_Powrt do logowania_pass2"), findTestData("Rejestracja/tabR17").getValue("password2", row)): Text 'startStop4' is set on object 'Object Repository/Page_PSTO webMessenger/input_Powrt do logowania_pass2'

2021-12-21 18:04:56 - [MESSAGE][PASSED] - Text 'startStop4' is set on object 'Object Repository/Page_PSTO webMessenger/input_Powrt do logowania_pass2'

2021-12-21 18:04:56 - [TEST_STEP][PASSED] - setText(findTestObject("Object Repository/Page_PSTO webMessenger/input_Powrt do logowania_name"), findTestData("Rejestracja/tabR17").getValue("name", row)): Text 'Agata(' is set on object 'Object Repository/Page_PSTO webMessenger/input_Powrt do logowania_name'

2021-12-21 18:04:57 - [MESSAGE][PASSED] - Text 'Agata(' is set on object 'Object Repository/Page_PSTO webMessenger/input_Powrt do logowania_name'

2021-12-21 18:04:57 - [TEST_STEP][PASSED] - setText(findTestObject("Object Repository/Page_PSTO webMessenger/input_Powrt do logowania_surname"), findTestData("Rejestracja/tabR17").getValue("surname", row)): Text 'Kober' is set on object 'Object Repository/Page_PSTO webMessenger/input_Powrt do logowania_surname'

2021-12-21 18:04:57 - [MESSAGE][PASSED] - Text 'Kober' is set on object 'Object Repository/Page_PSTO webMessenger/input_Powrt do logowania_surname'

2021-12-21 18:04:57 - [TEST_STEP][PASSED] - setText(findTestObject("Object Repository/Page_PSTO webMessenger/input_Powrt do logowania_kodgrupy"), findTestData("Rejestracja/tabR17").getValue("group", row)): Text 'wsbgroup2ap' is set on object 'Object Repository/Page_PSTO webMessenger/input_Powrt do logowania_kodgrupy'

2021-12-21 18:04:58 - [MESSAGE][PASSED] - Text 'wsbgroup2ap' is set on object 'Object Repository/Page_PSTO webMessenger/input_Powrt do logowania_kodgrupy'

2021-12-21 18:04:58 - [TEST_STEP][PASSED] - click(findTestObject("Page_PSTO webMessenger/input_Powrt do logowania_register")): Object: 'Object Repository/Page_PSTO webMessenger/input_Powrt do logowania_register' is clicked on

2021-12-21 18:04:59 - [MESSAGE][PASSED] - Object: 'Object Repository/Page_PSTO webMessenger/input_Powrt do logowania_register' is clicked on

2021-12-21 18:04:59 - [TEST_STEP][PASSED] - click(findTestObject("Page_PSTO webMessenger/a_Kliknij, aby si zalogowa"), CONTINUE_ON_FAILURE): Object: 'Object Repository/Page_PSTO webMessenger/a_Kliknij, aby si zalogowa' is clicked on

2021-12-21 18:04:59 - [MESSAGE][PASSED] - Object: 'Object Repository/Page_PSTO webMessenger/a_Kliknij, aby si zalogowa' is clicked on

2021-12-21 18:04:59 - [TEST_STEP][PASSED] - setText(findTestObject("Page_PSTO webMessenger/input_Zarejestruj konto_userLogin"), username): Text 'Ameba1640106293245' is set on object 'Object Repository/Page_PSTO webMessenger/input_Zarejestruj konto_userLogin'

2021-12-21 18:05:00 - [MESSAGE][PASSED] - Text 'Ameba1640106293245' is set on object 'Object Repository/Page_PSTO webMessenger/input_Zarejestruj konto_userLogin'

2021-12-21 18:05:00 - [TEST_STEP][PASSED] - setText(findTestObject("Page_PSTO webMessenger/input_Zarejestruj konto_passwordLogin"), findTestData("Rejestracja/tabR17").getValue("password", row)): Text 'startStop4' is set on object 'Object Repository/Page_PSTO webMessenger/input_Zarejestruj konto_passwordLogin'

2021-12-21 18:05:01 - [MESSAGE][PASSED] - Text 'startStop4' is set on object 'Object Repository/Page_PSTO webMessenger/input_Zarejestruj konto_passwordLogin'

2021-12-21 18:05:01 - [TEST_STEP][PASSED] - click(findTestObject("Page_PSTO webMessenger/input_Zarejestruj konto_login"), CONTINUE_ON_FAILURE): Object: 'Object Repository/Page_PSTO webMessenger/input_Zarejestruj konto_login' is clicked on

2021-12-21 18:05:01 - [MESSAGE][PASSED] - Object: 'Object Repository/Page_PSTO webMessenger/input_Zarejestruj konto_login' is clicked on

2021-12-21 18:05:01 - [TEST_STEP][PASSED] - takeScreenshot(data + "bugR17.jpg"): Taking screenshot successfully

2021-12-21 18:05:02 - [MESSAGE][PASSED] - Taking screenshot successfully
[[ATTACHMENT|C:\\Users\\agata\\git\\PTSOWebKounikator\\Reports\\20211221_175426\\R-tests\\20211221_175426\\1640106293245bugR17.jpg]]

2021-12-21 18:05:02 - [TEST_STEP][PASSED] - click(findTestObject("Page_PSTO webMessenger - Zalogowano/img_Zarejestruj konto_iconImg"), CONTINUE_ON_FAILURE): Object: 'Object Repository/Page_PSTO webMessenger - Zalogowano/img_Zarejestruj konto_iconImg' is clicked on

2021-12-21 18:05:03 - [MESSAGE][PASSED] - Object: 'Object Repository/Page_PSTO webMessenger - Zalogowano/img_Zarejestruj konto_iconImg' is clicked on

2021-12-21 18:05:03 - [TEST_STEP][PASSED] - data = Date().getTime(): null

2021-12-21 18:05:03 - [TEST_STEP][PASSED] - username = "Ameba" + data: null

2021-12-21 18:05:03 - [TEST_STEP][PASSED] - click(findTestObject("Object Repository/Page_PSTO webMessenger/a_Zarejestruj konto")): Object: 'Object Repository/Page_PSTO webMessenger/a_Zarejestruj konto' is clicked on

2021-12-21 18:05:04 - [MESSAGE][PASSED] - Object: 'Object Repository/Page_PSTO webMessenger/a_Zarejestruj konto' is clicked on

2021-12-21 18:05:04 - [TEST_STEP][PASSED] - setText(findTestObject("Object Repository/Page_PSTO webMessenger/input_Powrt do logowania_username"), username): Text 'Ameba1640106303513' is set on object 'Object Repository/Page_PSTO webMessenger/input_Powrt do logowania_username'

2021-12-21 18:05:05 - [MESSAGE][PASSED] - Text 'Ameba1640106303513' is set on object 'Object Repository/Page_PSTO webMessenger/input_Powrt do logowania_username'

2021-12-21 18:05:05 - [TEST_STEP][PASSED] - setText(findTestObject("Object Repository/Page_PSTO webMessenger/input_Powrt do logowania_pass1"), findTestData("Rejestracja/tabR17").getValue("password", row)): Text 'startStop5' is set on object 'Object Repository/Page_PSTO webMessenger/input_Powrt do logowania_pass1'

2021-12-21 18:05:05 - [MESSAGE][PASSED] - Text 'startStop5' is set on object 'Object Repository/Page_PSTO webMessenger/input_Powrt do logowania_pass1'

2021-12-21 18:05:05 - [TEST_STEP][PASSED] - setText(findTestObject("Object Repository/Page_PSTO webMessenger/input_Powrt do logowania_pass2"), findTestData("Rejestracja/tabR17").getValue("password2", row)): Text 'startStop5' is set on object 'Object Repository/Page_PSTO webMessenger/input_Powrt do logowania_pass2'

2021-12-21 18:05:06 - [MESSAGE][PASSED] - Text 'startStop5' is set on object 'Object Repository/Page_PSTO webMessenger/input_Powrt do logowania_pass2'

2021-12-21 18:05:06 - [TEST_STEP][PASSED] - setText(findTestObject("Object Repository/Page_PSTO webMessenger/input_Powrt do logowania_name"), findTestData("Rejestracja/tabR17").getValue("name", row)): Text 'Agata?' is set on object 'Object Repository/Page_PSTO webMessenger/input_Powrt do logowania_name'

2021-12-21 18:05:07 - [MESSAGE][PASSED] - Text 'Agata?' is set on object 'Object Repository/Page_PSTO webMessenger/input_Powrt do logowania_name'

2021-12-21 18:05:07 - [TEST_STEP][PASSED] - setText(findTestObject("Object Repository/Page_PSTO webMessenger/input_Powrt do logowania_surname"), findTestData("Rejestracja/tabR17").getValue("surname", row)): Text 'Lober' is set on object 'Object Repository/Page_PSTO webMessenger/input_Powrt do logowania_surname'

2021-12-21 18:05:08 - [MESSAGE][PASSED] - Text 'Lober' is set on object 'Object Repository/Page_PSTO webMessenger/input_Powrt do logowania_surname'

2021-12-21 18:05:08 - [TEST_STEP][PASSED] - setText(findTestObject("Object Repository/Page_PSTO webMessenger/input_Powrt do logowania_kodgrupy"), findTestData("Rejestracja/tabR17").getValue("group", row)): Text 'wsbgroup2ap' is set on object 'Object Repository/Page_PSTO webMessenger/input_Powrt do logowania_kodgrupy'

2021-12-21 18:05:08 - [MESSAGE][PASSED] - Text 'wsbgroup2ap' is set on object 'Object Repository/Page_PSTO webMessenger/input_Powrt do logowania_kodgrupy'

2021-12-21 18:05:08 - [TEST_STEP][PASSED] - click(findTestObject("Page_PSTO webMessenger/input_Powrt do logowania_register")): Object: 'Object Repository/Page_PSTO webMessenger/input_Powrt do logowania_register' is clicked on

2021-12-21 18:05:09 - [MESSAGE][PASSED] - Object: 'Object Repository/Page_PSTO webMessenger/input_Powrt do logowania_register' is clicked on

2021-12-21 18:05:09 - [TEST_STEP][PASSED] - click(findTestObject("Page_PSTO webMessenger/a_Kliknij, aby si zalogowa"), CONTINUE_ON_FAILURE): Object: 'Object Repository/Page_PSTO webMessenger/a_Kliknij, aby si zalogowa' is clicked on

2021-12-21 18:05:10 - [MESSAGE][PASSED] - Object: 'Object Repository/Page_PSTO webMessenger/a_Kliknij, aby si zalogowa' is clicked on

2021-12-21 18:05:10 - [TEST_STEP][PASSED] - setText(findTestObject("Page_PSTO webMessenger/input_Zarejestruj konto_userLogin"), username): Text 'Ameba1640106303513' is set on object 'Object Repository/Page_PSTO webMessenger/input_Zarejestruj konto_userLogin'

2021-12-21 18:05:11 - [MESSAGE][PASSED] - Text 'Ameba1640106303513' is set on object 'Object Repository/Page_PSTO webMessenger/input_Zarejestruj konto_userLogin'

2021-12-21 18:05:11 - [TEST_STEP][PASSED] - setText(findTestObject("Page_PSTO webMessenger/input_Zarejestruj konto_passwordLogin"), findTestData("Rejestracja/tabR17").getValue("password", row)): Text 'startStop5' is set on object 'Object Repository/Page_PSTO webMessenger/input_Zarejestruj konto_passwordLogin'

2021-12-21 18:05:11 - [MESSAGE][PASSED] - Text 'startStop5' is set on object 'Object Repository/Page_PSTO webMessenger/input_Zarejestruj konto_passwordLogin'

2021-12-21 18:05:11 - [TEST_STEP][PASSED] - click(findTestObject("Page_PSTO webMessenger/input_Zarejestruj konto_login"), CONTINUE_ON_FAILURE): Object: 'Object Repository/Page_PSTO webMessenger/input_Zarejestruj konto_login' is clicked on

2021-12-21 18:05:12 - [MESSAGE][PASSED] - Object: 'Object Repository/Page_PSTO webMessenger/input_Zarejestruj konto_login' is clicked on

2021-12-21 18:05:12 - [TEST_STEP][PASSED] - takeScreenshot(data + "bugR17.jpg"): Taking screenshot successfully

2021-12-21 18:05:13 - [MESSAGE][PASSED] - Taking screenshot successfully
[[ATTACHMENT|C:\\Users\\agata\\git\\PTSOWebKounikator\\Reports\\20211221_175426\\R-tests\\20211221_175426\\1640106303513bugR17.jpg]]

2021-12-21 18:05:13 - [TEST_STEP][PASSED] - click(findTestObject("Page_PSTO webMessenger - Zalogowano/img_Zarejestruj konto_iconImg"), CONTINUE_ON_FAILURE): Object: 'Object Repository/Page_PSTO webMessenger - Zalogowano/img_Zarejestruj konto_iconImg' is clicked on

2021-12-21 18:05:13 - [MESSAGE][PASSED] - Object: 'Object Repository/Page_PSTO webMessenger - Zalogowano/img_Zarejestruj konto_iconImg' is clicked on

2021-12-21 18:05:13 - [TEST_STEP][PASSED] - closeBrowser(): Browser is closed

2021-12-21 18:05:14 - [MESSAGE][PASSED] - Browser is closed]]></system-out>
         <system-err><![CDATA[]]></system-err>
      </testcase>
      <testcase name="Test Cases/Rejestracja/R18" time="110.715" classname="Test Cases/Rejestracja/R18" status="PASSED">
         <system-out><![CDATA[2021-12-21 18:05:14 - [TEST_CASE][PASSED] - Test Cases/Rejestracja/R18: Test Cases/Rejestracja/R18

2021-12-21 18:05:15 - [TEST_STEP][PASSED] - openBrowser(""): Browser is opened with url: ''

2021-12-21 18:05:15 - [MESSAGE][INFO] - Starting 'Chrome' driver

2021-12-21 18:05:15 - [MESSAGE][INFO] - Action delay is set to 0 milliseconds

2021-12-21 18:05:17 - [MESSAGE][PASSED] - Browser is opened with url: ''

2021-12-21 18:05:17 - [TEST_STEP][PASSED] - navigateToUrl("http://kmg.hcm.pl/testowanie/index.html"): Navigate to 'http://kmg.hcm.pl/testowanie/index.html' successfully

2021-12-21 18:05:18 - [MESSAGE][PASSED] - Navigate to 'http://kmg.hcm.pl/testowanie/index.html' successfully

2021-12-21 18:05:18 - [TEST_STEP][PASSED] - for ([row = 1, row <= findTestData("Rejestracja/tabR18").getRowNumbers(), (row++)]): Object: 'Object Repository/Page_PSTO webMessenger - Zalogowano/img_Zarejestruj konto_iconImg' is clicked on

2021-12-21 18:05:18 - [TEST_STEP][PASSED] - data = Date().getTime(): null

2021-12-21 18:05:18 - [TEST_STEP][PASSED] - username = "Ameba" + data: null

2021-12-21 18:05:18 - [TEST_STEP][PASSED] - click(findTestObject("Object Repository/Page_PSTO webMessenger/a_Zarejestruj konto")): Object: 'Object Repository/Page_PSTO webMessenger/a_Zarejestruj konto' is clicked on

2021-12-21 18:05:18 - [MESSAGE][PASSED] - Object: 'Object Repository/Page_PSTO webMessenger/a_Zarejestruj konto' is clicked on

2021-12-21 18:05:18 - [TEST_STEP][PASSED] - setText(findTestObject("Object Repository/Page_PSTO webMessenger/input_Powrt do logowania_username"), username): Text 'Ameba1640106318205' is set on object 'Object Repository/Page_PSTO webMessenger/input_Powrt do logowania_username'

2021-12-21 18:05:19 - [MESSAGE][PASSED] - Text 'Ameba1640106318205' is set on object 'Object Repository/Page_PSTO webMessenger/input_Powrt do logowania_username'

2021-12-21 18:05:19 - [TEST_STEP][PASSED] - setText(findTestObject("Object Repository/Page_PSTO webMessenger/input_Powrt do logowania_pass1"), findTestData("Rejestracja/tabR18").getValue("password", row)): Text 'startStop1' is set on object 'Object Repository/Page_PSTO webMessenger/input_Powrt do logowania_pass1'

2021-12-21 18:05:20 - [MESSAGE][PASSED] - Text 'startStop1' is set on object 'Object Repository/Page_PSTO webMessenger/input_Powrt do logowania_pass1'

2021-12-21 18:05:20 - [TEST_STEP][PASSED] - setText(findTestObject("Object Repository/Page_PSTO webMessenger/input_Powrt do logowania_pass2"), findTestData("Rejestracja/tabR18").getValue("password2", row)): Text 'startStop1' is set on object 'Object Repository/Page_PSTO webMessenger/input_Powrt do logowania_pass2'

2021-12-21 18:05:21 - [MESSAGE][PASSED] - Text 'startStop1' is set on object 'Object Repository/Page_PSTO webMessenger/input_Powrt do logowania_pass2'

2021-12-21 18:05:21 - [TEST_STEP][PASSED] - setText(findTestObject("Object Repository/Page_PSTO webMessenger/input_Powrt do logowania_name"), findTestData("Rejestracja/tabR18").getValue("name", row)): Text 'Agata' is set on object 'Object Repository/Page_PSTO webMessenger/input_Powrt do logowania_name'

2021-12-21 18:05:22 - [MESSAGE][PASSED] - Text 'Agata' is set on object 'Object Repository/Page_PSTO webMessenger/input_Powrt do logowania_name'

2021-12-21 18:05:22 - [TEST_STEP][PASSED] - setText(findTestObject("Object Repository/Page_PSTO webMessenger/input_Powrt do logowania_surname"), findTestData("Rejestracja/tabR18").getValue("surname", row)): Text 'Bober!' is set on object 'Object Repository/Page_PSTO webMessenger/input_Powrt do logowania_surname'

2021-12-21 18:05:22 - [MESSAGE][PASSED] - Text 'Bober!' is set on object 'Object Repository/Page_PSTO webMessenger/input_Powrt do logowania_surname'

2021-12-21 18:05:22 - [TEST_STEP][PASSED] - setText(findTestObject("Object Repository/Page_PSTO webMessenger/input_Powrt do logowania_kodgrupy"), findTestData("Rejestracja/tabR18").getValue("group", row)): Text 'wsbgroup2ap' is set on object 'Object Repository/Page_PSTO webMessenger/input_Powrt do logowania_kodgrupy'

2021-12-21 18:05:23 - [MESSAGE][PASSED] - Text 'wsbgroup2ap' is set on object 'Object Repository/Page_PSTO webMessenger/input_Powrt do logowania_kodgrupy'

2021-12-21 18:05:23 - [TEST_STEP][PASSED] - click(findTestObject("Page_PSTO webMessenger/input_Powrt do logowania_register")): Object: 'Object Repository/Page_PSTO webMessenger/input_Powrt do logowania_register' is clicked on

2021-12-21 18:05:24 - [MESSAGE][PASSED] - Object: 'Object Repository/Page_PSTO webMessenger/input_Powrt do logowania_register' is clicked on

2021-12-21 18:05:24 - [TEST_STEP][PASSED] - click(findTestObject("Page_PSTO webMessenger/a_Kliknij, aby si zalogowa"), CONTINUE_ON_FAILURE): Object: 'Object Repository/Page_PSTO webMessenger/a_Kliknij, aby si zalogowa' is clicked on

2021-12-21 18:05:25 - [MESSAGE][PASSED] - Object: 'Object Repository/Page_PSTO webMessenger/a_Kliknij, aby si zalogowa' is clicked on

2021-12-21 18:05:25 - [TEST_STEP][PASSED] - setText(findTestObject("Page_PSTO webMessenger/input_Zarejestruj konto_userLogin"), username): Text 'Ameba1640106318205' is set on object 'Object Repository/Page_PSTO webMessenger/input_Zarejestruj konto_userLogin'

2021-12-21 18:05:26 - [MESSAGE][PASSED] - Text 'Ameba1640106318205' is set on object 'Object Repository/Page_PSTO webMessenger/input_Zarejestruj konto_userLogin'

2021-12-21 18:05:26 - [TEST_STEP][PASSED] - setText(findTestObject("Page_PSTO webMessenger/input_Zarejestruj konto_passwordLogin"), findTestData("Rejestracja/tabR18").getValue("password", row)): Text 'startStop1' is set on object 'Object Repository/Page_PSTO webMessenger/input_Zarejestruj konto_passwordLogin'

2021-12-21 18:05:26 - [MESSAGE][PASSED] - Text 'startStop1' is set on object 'Object Repository/Page_PSTO webMessenger/input_Zarejestruj konto_passwordLogin'

2021-12-21 18:05:26 - [TEST_STEP][PASSED] - click(findTestObject("Page_PSTO webMessenger/input_Zarejestruj konto_login"), CONTINUE_ON_FAILURE): Object: 'Object Repository/Page_PSTO webMessenger/input_Zarejestruj konto_login' is clicked on

2021-12-21 18:05:27 - [MESSAGE][PASSED] - Object: 'Object Repository/Page_PSTO webMessenger/input_Zarejestruj konto_login' is clicked on

2021-12-21 18:05:27 - [TEST_STEP][PASSED] - takeScreenshot(data + "bugR18.jpg"): Taking screenshot successfully

2021-12-21 18:05:28 - [MESSAGE][PASSED] - Taking screenshot successfully
[[ATTACHMENT|C:\\Users\\agata\\git\\PTSOWebKounikator\\Reports\\20211221_175426\\R-tests\\20211221_175426\\1640106318205bugR18.jpg]]

2021-12-21 18:05:28 - [TEST_STEP][PASSED] - click(findTestObject("Page_PSTO webMessenger - Zalogowano/img_Zarejestruj konto_iconImg"), CONTINUE_ON_FAILURE): Object: 'Object Repository/Page_PSTO webMessenger - Zalogowano/img_Zarejestruj konto_iconImg' is clicked on

2021-12-21 18:05:29 - [MESSAGE][PASSED] - Object: 'Object Repository/Page_PSTO webMessenger - Zalogowano/img_Zarejestruj konto_iconImg' is clicked on

2021-12-21 18:05:29 - [TEST_STEP][PASSED] - data = Date().getTime(): null

2021-12-21 18:05:29 - [TEST_STEP][PASSED] - username = "Ameba" + data: null

2021-12-21 18:05:29 - [TEST_STEP][PASSED] - click(findTestObject("Object Repository/Page_PSTO webMessenger/a_Zarejestruj konto")): Object: 'Object Repository/Page_PSTO webMessenger/a_Zarejestruj konto' is clicked on

2021-12-21 18:05:29 - [MESSAGE][PASSED] - Object: 'Object Repository/Page_PSTO webMessenger/a_Zarejestruj konto' is clicked on

2021-12-21 18:05:29 - [TEST_STEP][PASSED] - setText(findTestObject("Object Repository/Page_PSTO webMessenger/input_Powrt do logowania_username"), username): Text 'Ameba1640106329277' is set on object 'Object Repository/Page_PSTO webMessenger/input_Powrt do logowania_username'

2021-12-21 18:05:30 - [MESSAGE][PASSED] - Text 'Ameba1640106329277' is set on object 'Object Repository/Page_PSTO webMessenger/input_Powrt do logowania_username'

2021-12-21 18:05:30 - [TEST_STEP][PASSED] - setText(findTestObject("Object Repository/Page_PSTO webMessenger/input_Powrt do logowania_pass1"), findTestData("Rejestracja/tabR18").getValue("password", row)): Text 'startStop2' is set on object 'Object Repository/Page_PSTO webMessenger/input_Powrt do logowania_pass1'

2021-12-21 18:05:31 - [MESSAGE][PASSED] - Text 'startStop2' is set on object 'Object Repository/Page_PSTO webMessenger/input_Powrt do logowania_pass1'

2021-12-21 18:05:31 - [TEST_STEP][PASSED] - setText(findTestObject("Object Repository/Page_PSTO webMessenger/input_Powrt do logowania_pass2"), findTestData("Rejestracja/tabR18").getValue("password2", row)): Text 'startStop2' is set on object 'Object Repository/Page_PSTO webMessenger/input_Powrt do logowania_pass2'

2021-12-21 18:05:32 - [MESSAGE][PASSED] - Text 'startStop2' is set on object 'Object Repository/Page_PSTO webMessenger/input_Powrt do logowania_pass2'

2021-12-21 18:05:32 - [TEST_STEP][PASSED] - setText(findTestObject("Object Repository/Page_PSTO webMessenger/input_Powrt do logowania_name"), findTestData("Rejestracja/tabR18").getValue("name", row)): Text 'Agata' is set on object 'Object Repository/Page_PSTO webMessenger/input_Powrt do logowania_name'

2021-12-21 18:05:33 - [MESSAGE][PASSED] - Text 'Agata' is set on object 'Object Repository/Page_PSTO webMessenger/input_Powrt do logowania_name'

2021-12-21 18:05:33 - [TEST_STEP][PASSED] - setText(findTestObject("Object Repository/Page_PSTO webMessenger/input_Powrt do logowania_surname"), findTestData("Rejestracja/tabR18").getValue("surname", row)): Text 'Dober@' is set on object 'Object Repository/Page_PSTO webMessenger/input_Powrt do logowania_surname'

2021-12-21 18:05:33 - [MESSAGE][PASSED] - Text 'Dober@' is set on object 'Object Repository/Page_PSTO webMessenger/input_Powrt do logowania_surname'

2021-12-21 18:05:33 - [TEST_STEP][PASSED] - setText(findTestObject("Object Repository/Page_PSTO webMessenger/input_Powrt do logowania_kodgrupy"), findTestData("Rejestracja/tabR18").getValue("group", row)): Text 'wsbgroup2ap' is set on object 'Object Repository/Page_PSTO webMessenger/input_Powrt do logowania_kodgrupy'

2021-12-21 18:05:34 - [MESSAGE][PASSED] - Text 'wsbgroup2ap' is set on object 'Object Repository/Page_PSTO webMessenger/input_Powrt do logowania_kodgrupy'

2021-12-21 18:05:34 - [TEST_STEP][PASSED] - click(findTestObject("Page_PSTO webMessenger/input_Powrt do logowania_register")): Object: 'Object Repository/Page_PSTO webMessenger/input_Powrt do logowania_register' is clicked on

2021-12-21 18:05:35 - [MESSAGE][PASSED] - Object: 'Object Repository/Page_PSTO webMessenger/input_Powrt do logowania_register' is clicked on

2021-12-21 18:05:35 - [TEST_STEP][PASSED] - click(findTestObject("Page_PSTO webMessenger/a_Kliknij, aby si zalogowa"), CONTINUE_ON_FAILURE): Object: 'Object Repository/Page_PSTO webMessenger/a_Kliknij, aby si zalogowa' is clicked on

2021-12-21 18:05:35 - [MESSAGE][PASSED] - Object: 'Object Repository/Page_PSTO webMessenger/a_Kliknij, aby si zalogowa' is clicked on

2021-12-21 18:05:35 - [TEST_STEP][PASSED] - setText(findTestObject("Page_PSTO webMessenger/input_Zarejestruj konto_userLogin"), username): Text 'Ameba1640106329277' is set on object 'Object Repository/Page_PSTO webMessenger/input_Zarejestruj konto_userLogin'

2021-12-21 18:05:36 - [MESSAGE][PASSED] - Text 'Ameba1640106329277' is set on object 'Object Repository/Page_PSTO webMessenger/input_Zarejestruj konto_userLogin'

2021-12-21 18:05:36 - [TEST_STEP][PASSED] - setText(findTestObject("Page_PSTO webMessenger/input_Zarejestruj konto_passwordLogin"), findTestData("Rejestracja/tabR18").getValue("password", row)): Text 'startStop2' is set on object 'Object Repository/Page_PSTO webMessenger/input_Zarejestruj konto_passwordLogin'

2021-12-21 18:05:37 - [MESSAGE][PASSED] - Text 'startStop2' is set on object 'Object Repository/Page_PSTO webMessenger/input_Zarejestruj konto_passwordLogin'

2021-12-21 18:05:37 - [TEST_STEP][PASSED] - click(findTestObject("Page_PSTO webMessenger/input_Zarejestruj konto_login"), CONTINUE_ON_FAILURE): Object: 'Object Repository/Page_PSTO webMessenger/input_Zarejestruj konto_login' is clicked on

2021-12-21 18:05:38 - [MESSAGE][PASSED] - Object: 'Object Repository/Page_PSTO webMessenger/input_Zarejestruj konto_login' is clicked on

2021-12-21 18:05:38 - [TEST_STEP][PASSED] - takeScreenshot(data + "bugR18.jpg"): Taking screenshot successfully

2021-12-21 18:05:39 - [MESSAGE][PASSED] - Taking screenshot successfully
[[ATTACHMENT|C:\\Users\\agata\\git\\PTSOWebKounikator\\Reports\\20211221_175426\\R-tests\\20211221_175426\\1640106329277bugR18.jpg]]

2021-12-21 18:05:39 - [TEST_STEP][PASSED] - click(findTestObject("Page_PSTO webMessenger - Zalogowano/img_Zarejestruj konto_iconImg"), CONTINUE_ON_FAILURE): Object: 'Object Repository/Page_PSTO webMessenger - Zalogowano/img_Zarejestruj konto_iconImg' is clicked on

2021-12-21 18:05:39 - [MESSAGE][PASSED] - Object: 'Object Repository/Page_PSTO webMessenger - Zalogowano/img_Zarejestruj konto_iconImg' is clicked on

2021-12-21 18:05:39 - [TEST_STEP][PASSED] - data = Date().getTime(): null

2021-12-21 18:05:39 - [TEST_STEP][PASSED] - username = "Ameba" + data: null

2021-12-21 18:05:39 - [TEST_STEP][PASSED] - click(findTestObject("Object Repository/Page_PSTO webMessenger/a_Zarejestruj konto")): Object: 'Object Repository/Page_PSTO webMessenger/a_Zarejestruj konto' is clicked on

2021-12-21 18:05:40 - [MESSAGE][PASSED] - Object: 'Object Repository/Page_PSTO webMessenger/a_Zarejestruj konto' is clicked on

2021-12-21 18:05:40 - [TEST_STEP][PASSED] - setText(findTestObject("Object Repository/Page_PSTO webMessenger/input_Powrt do logowania_username"), username): Text 'Ameba1640106339691' is set on object 'Object Repository/Page_PSTO webMessenger/input_Powrt do logowania_username'

2021-12-21 18:05:41 - [MESSAGE][PASSED] - Text 'Ameba1640106339691' is set on object 'Object Repository/Page_PSTO webMessenger/input_Powrt do logowania_username'

2021-12-21 18:05:41 - [TEST_STEP][PASSED] - setText(findTestObject("Object Repository/Page_PSTO webMessenger/input_Powrt do logowania_pass1"), findTestData("Rejestracja/tabR18").getValue("password", row)): Text 'startStop3' is set on object 'Object Repository/Page_PSTO webMessenger/input_Powrt do logowania_pass1'

2021-12-21 18:05:41 - [MESSAGE][PASSED] - Text 'startStop3' is set on object 'Object Repository/Page_PSTO webMessenger/input_Powrt do logowania_pass1'

2021-12-21 18:05:41 - [TEST_STEP][PASSED] - setText(findTestObject("Object Repository/Page_PSTO webMessenger/input_Powrt do logowania_pass2"), findTestData("Rejestracja/tabR18").getValue("password2", row)): Text 'startStop3' is set on object 'Object Repository/Page_PSTO webMessenger/input_Powrt do logowania_pass2'

2021-12-21 18:05:42 - [MESSAGE][PASSED] - Text 'startStop3' is set on object 'Object Repository/Page_PSTO webMessenger/input_Powrt do logowania_pass2'

2021-12-21 18:05:42 - [TEST_STEP][PASSED] - setText(findTestObject("Object Repository/Page_PSTO webMessenger/input_Powrt do logowania_name"), findTestData("Rejestracja/tabR18").getValue("name", row)): Text 'Agata' is set on object 'Object Repository/Page_PSTO webMessenger/input_Powrt do logowania_name'

2021-12-21 18:05:43 - [MESSAGE][PASSED] - Text 'Agata' is set on object 'Object Repository/Page_PSTO webMessenger/input_Powrt do logowania_name'

2021-12-21 18:05:43 - [TEST_STEP][PASSED] - setText(findTestObject("Object Repository/Page_PSTO webMessenger/input_Powrt do logowania_surname"), findTestData("Rejestracja/tabR18").getValue("surname", row)): Text 'Mober#' is set on object 'Object Repository/Page_PSTO webMessenger/input_Powrt do logowania_surname'

2021-12-21 18:05:44 - [MESSAGE][PASSED] - Text 'Mober#' is set on object 'Object Repository/Page_PSTO webMessenger/input_Powrt do logowania_surname'

2021-12-21 18:05:44 - [TEST_STEP][PASSED] - setText(findTestObject("Object Repository/Page_PSTO webMessenger/input_Powrt do logowania_kodgrupy"), findTestData("Rejestracja/tabR18").getValue("group", row)): Text 'wsbgroup2ap' is set on object 'Object Repository/Page_PSTO webMessenger/input_Powrt do logowania_kodgrupy'

2021-12-21 18:05:45 - [MESSAGE][PASSED] - Text 'wsbgroup2ap' is set on object 'Object Repository/Page_PSTO webMessenger/input_Powrt do logowania_kodgrupy'

2021-12-21 18:05:45 - [TEST_STEP][PASSED] - click(findTestObject("Page_PSTO webMessenger/input_Powrt do logowania_register")): Object: 'Object Repository/Page_PSTO webMessenger/input_Powrt do logowania_register' is clicked on

2021-12-21 18:05:45 - [MESSAGE][PASSED] - Object: 'Object Repository/Page_PSTO webMessenger/input_Powrt do logowania_register' is clicked on

2021-12-21 18:05:45 - [TEST_STEP][PASSED] - click(findTestObject("Page_PSTO webMessenger/a_Kliknij, aby si zalogowa"), CONTINUE_ON_FAILURE): Object: 'Object Repository/Page_PSTO webMessenger/a_Kliknij, aby si zalogowa' is clicked on

2021-12-21 18:05:46 - [MESSAGE][PASSED] - Object: 'Object Repository/Page_PSTO webMessenger/a_Kliknij, aby si zalogowa' is clicked on

2021-12-21 18:05:46 - [TEST_STEP][PASSED] - setText(findTestObject("Page_PSTO webMessenger/input_Zarejestruj konto_userLogin"), username): Text 'Ameba1640106339691' is set on object 'Object Repository/Page_PSTO webMessenger/input_Zarejestruj konto_userLogin'

2021-12-21 18:05:47 - [MESSAGE][PASSED] - Text 'Ameba1640106339691' is set on object 'Object Repository/Page_PSTO webMessenger/input_Zarejestruj konto_userLogin'

2021-12-21 18:05:47 - [TEST_STEP][PASSED] - setText(findTestObject("Page_PSTO webMessenger/input_Zarejestruj konto_passwordLogin"), findTestData("Rejestracja/tabR18").getValue("password", row)): Text 'startStop3' is set on object 'Object Repository/Page_PSTO webMessenger/input_Zarejestruj konto_passwordLogin'

2021-12-21 18:05:48 - [MESSAGE][PASSED] - Text 'startStop3' is set on object 'Object Repository/Page_PSTO webMessenger/input_Zarejestruj konto_passwordLogin'

2021-12-21 18:05:48 - [TEST_STEP][PASSED] - click(findTestObject("Page_PSTO webMessenger/input_Zarejestruj konto_login"), CONTINUE_ON_FAILURE): Object: 'Object Repository/Page_PSTO webMessenger/input_Zarejestruj konto_login' is clicked on

2021-12-21 18:05:48 - [MESSAGE][PASSED] - Object: 'Object Repository/Page_PSTO webMessenger/input_Zarejestruj konto_login' is clicked on

2021-12-21 18:05:48 - [TEST_STEP][PASSED] - takeScreenshot(data + "bugR18.jpg"): Taking screenshot successfully

2021-12-21 18:05:49 - [MESSAGE][PASSED] - Taking screenshot successfully
[[ATTACHMENT|C:\\Users\\agata\\git\\PTSOWebKounikator\\Reports\\20211221_175426\\R-tests\\20211221_175426\\1640106339691bugR18.jpg]]

2021-12-21 18:05:49 - [TEST_STEP][PASSED] - click(findTestObject("Page_PSTO webMessenger - Zalogowano/img_Zarejestruj konto_iconImg"), CONTINUE_ON_FAILURE): Object: 'Object Repository/Page_PSTO webMessenger - Zalogowano/img_Zarejestruj konto_iconImg' is clicked on

2021-12-21 18:05:50 - [MESSAGE][PASSED] - Object: 'Object Repository/Page_PSTO webMessenger - Zalogowano/img_Zarejestruj konto_iconImg' is clicked on

2021-12-21 18:05:50 - [TEST_STEP][PASSED] - data = Date().getTime(): null

2021-12-21 18:05:50 - [TEST_STEP][PASSED] - username = "Ameba" + data: null

2021-12-21 18:05:50 - [TEST_STEP][PASSED] - click(findTestObject("Object Repository/Page_PSTO webMessenger/a_Zarejestruj konto")): Object: 'Object Repository/Page_PSTO webMessenger/a_Zarejestruj konto' is clicked on

2021-12-21 18:05:50 - [MESSAGE][PASSED] - Object: 'Object Repository/Page_PSTO webMessenger/a_Zarejestruj konto' is clicked on

2021-12-21 18:05:50 - [TEST_STEP][PASSED] - setText(findTestObject("Object Repository/Page_PSTO webMessenger/input_Powrt do logowania_username"), username): Text 'Ameba1640106350198' is set on object 'Object Repository/Page_PSTO webMessenger/input_Powrt do logowania_username'

2021-12-21 18:05:51 - [MESSAGE][PASSED] - Text 'Ameba1640106350198' is set on object 'Object Repository/Page_PSTO webMessenger/input_Powrt do logowania_username'

2021-12-21 18:05:51 - [TEST_STEP][PASSED] - setText(findTestObject("Object Repository/Page_PSTO webMessenger/input_Powrt do logowania_pass1"), findTestData("Rejestracja/tabR18").getValue("password", row)): Text 'startStop4' is set on object 'Object Repository/Page_PSTO webMessenger/input_Powrt do logowania_pass1'

2021-12-21 18:05:52 - [MESSAGE][PASSED] - Text 'startStop4' is set on object 'Object Repository/Page_PSTO webMessenger/input_Powrt do logowania_pass1'

2021-12-21 18:05:52 - [TEST_STEP][PASSED] - setText(findTestObject("Object Repository/Page_PSTO webMessenger/input_Powrt do logowania_pass2"), findTestData("Rejestracja/tabR18").getValue("password2", row)): Text 'startStop4' is set on object 'Object Repository/Page_PSTO webMessenger/input_Powrt do logowania_pass2'

2021-12-21 18:05:53 - [MESSAGE][PASSED] - Text 'startStop4' is set on object 'Object Repository/Page_PSTO webMessenger/input_Powrt do logowania_pass2'

2021-12-21 18:05:53 - [TEST_STEP][PASSED] - setText(findTestObject("Object Repository/Page_PSTO webMessenger/input_Powrt do logowania_name"), findTestData("Rejestracja/tabR18").getValue("name", row)): Text 'Agata' is set on object 'Object Repository/Page_PSTO webMessenger/input_Powrt do logowania_name'

2021-12-21 18:05:54 - [MESSAGE][PASSED] - Text 'Agata' is set on object 'Object Repository/Page_PSTO webMessenger/input_Powrt do logowania_name'

2021-12-21 18:05:54 - [TEST_STEP][PASSED] - setText(findTestObject("Object Repository/Page_PSTO webMessenger/input_Powrt do logowania_surname"), findTestData("Rejestracja/tabR18").getValue("surname", row)): Text 'Kober$' is set on object 'Object Repository/Page_PSTO webMessenger/input_Powrt do logowania_surname'

2021-12-21 18:05:55 - [MESSAGE][PASSED] - Text 'Kober$' is set on object 'Object Repository/Page_PSTO webMessenger/input_Powrt do logowania_surname'

2021-12-21 18:05:55 - [TEST_STEP][PASSED] - setText(findTestObject("Object Repository/Page_PSTO webMessenger/input_Powrt do logowania_kodgrupy"), findTestData("Rejestracja/tabR18").getValue("group", row)): Text 'wsbgroup2ap' is set on object 'Object Repository/Page_PSTO webMessenger/input_Powrt do logowania_kodgrupy'

2021-12-21 18:05:55 - [MESSAGE][PASSED] - Text 'wsbgroup2ap' is set on object 'Object Repository/Page_PSTO webMessenger/input_Powrt do logowania_kodgrupy'

2021-12-21 18:05:55 - [TEST_STEP][PASSED] - click(findTestObject("Page_PSTO webMessenger/input_Powrt do logowania_register")): Object: 'Object Repository/Page_PSTO webMessenger/input_Powrt do logowania_register' is clicked on

2021-12-21 18:05:56 - [MESSAGE][PASSED] - Object: 'Object Repository/Page_PSTO webMessenger/input_Powrt do logowania_register' is clicked on

2021-12-21 18:05:56 - [TEST_STEP][PASSED] - click(findTestObject("Page_PSTO webMessenger/a_Kliknij, aby si zalogowa"), CONTINUE_ON_FAILURE): Object: 'Object Repository/Page_PSTO webMessenger/a_Kliknij, aby si zalogowa' is clicked on

2021-12-21 18:05:57 - [MESSAGE][PASSED] - Object: 'Object Repository/Page_PSTO webMessenger/a_Kliknij, aby si zalogowa' is clicked on

2021-12-21 18:05:57 - [TEST_STEP][PASSED] - setText(findTestObject("Page_PSTO webMessenger/input_Zarejestruj konto_userLogin"), username): Text 'Ameba1640106350198' is set on object 'Object Repository/Page_PSTO webMessenger/input_Zarejestruj konto_userLogin'

2021-12-21 18:05:57 - [MESSAGE][PASSED] - Text 'Ameba1640106350198' is set on object 'Object Repository/Page_PSTO webMessenger/input_Zarejestruj konto_userLogin'

2021-12-21 18:05:57 - [TEST_STEP][PASSED] - setText(findTestObject("Page_PSTO webMessenger/input_Zarejestruj konto_passwordLogin"), findTestData("Rejestracja/tabR18").getValue("password", row)): Text 'startStop4' is set on object 'Object Repository/Page_PSTO webMessenger/input_Zarejestruj konto_passwordLogin'

2021-12-21 18:05:59 - [MESSAGE][PASSED] - Text 'startStop4' is set on object 'Object Repository/Page_PSTO webMessenger/input_Zarejestruj konto_passwordLogin'

2021-12-21 18:05:59 - [TEST_STEP][PASSED] - click(findTestObject("Page_PSTO webMessenger/input_Zarejestruj konto_login"), CONTINUE_ON_FAILURE): Object: 'Object Repository/Page_PSTO webMessenger/input_Zarejestruj konto_login' is clicked on

2021-12-21 18:05:59 - [MESSAGE][PASSED] - Object: 'Object Repository/Page_PSTO webMessenger/input_Zarejestruj konto_login' is clicked on

2021-12-21 18:05:59 - [TEST_STEP][PASSED] - takeScreenshot(data + "bugR18.jpg"): Taking screenshot successfully

2021-12-21 18:06:01 - [MESSAGE][PASSED] - Taking screenshot successfully
[[ATTACHMENT|C:\\Users\\agata\\git\\PTSOWebKounikator\\Reports\\20211221_175426\\R-tests\\20211221_175426\\1640106350198bugR18.jpg]]

2021-12-21 18:06:01 - [TEST_STEP][PASSED] - click(findTestObject("Page_PSTO webMessenger - Zalogowano/img_Zarejestruj konto_iconImg"), CONTINUE_ON_FAILURE): Object: 'Object Repository/Page_PSTO webMessenger - Zalogowano/img_Zarejestruj konto_iconImg' is clicked on

2021-12-21 18:06:02 - [MESSAGE][PASSED] - Object: 'Object Repository/Page_PSTO webMessenger - Zalogowano/img_Zarejestruj konto_iconImg' is clicked on

2021-12-21 18:06:02 - [TEST_STEP][PASSED] - data = Date().getTime(): null

2021-12-21 18:06:02 - [TEST_STEP][PASSED] - username = "Ameba" + data: null

2021-12-21 18:06:02 - [TEST_STEP][PASSED] - click(findTestObject("Object Repository/Page_PSTO webMessenger/a_Zarejestruj konto")): Object: 'Object Repository/Page_PSTO webMessenger/a_Zarejestruj konto' is clicked on

2021-12-21 18:06:03 - [MESSAGE][PASSED] - Object: 'Object Repository/Page_PSTO webMessenger/a_Zarejestruj konto' is clicked on

2021-12-21 18:06:03 - [TEST_STEP][PASSED] - setText(findTestObject("Object Repository/Page_PSTO webMessenger/input_Powrt do logowania_username"), username): Text 'Ameba1640106362883' is set on object 'Object Repository/Page_PSTO webMessenger/input_Powrt do logowania_username'

2021-12-21 18:06:04 - [MESSAGE][PASSED] - Text 'Ameba1640106362883' is set on object 'Object Repository/Page_PSTO webMessenger/input_Powrt do logowania_username'

2021-12-21 18:06:04 - [TEST_STEP][PASSED] - setText(findTestObject("Object Repository/Page_PSTO webMessenger/input_Powrt do logowania_pass1"), findTestData("Rejestracja/tabR18").getValue("password", row)): Text 'startStop5' is set on object 'Object Repository/Page_PSTO webMessenger/input_Powrt do logowania_pass1'

2021-12-21 18:06:05 - [MESSAGE][PASSED] - Text 'startStop5' is set on object 'Object Repository/Page_PSTO webMessenger/input_Powrt do logowania_pass1'

2021-12-21 18:06:05 - [TEST_STEP][PASSED] - setText(findTestObject("Object Repository/Page_PSTO webMessenger/input_Powrt do logowania_pass2"), findTestData("Rejestracja/tabR18").getValue("password2", row)): Text 'startStop5' is set on object 'Object Repository/Page_PSTO webMessenger/input_Powrt do logowania_pass2'

2021-12-21 18:06:06 - [MESSAGE][PASSED] - Text 'startStop5' is set on object 'Object Repository/Page_PSTO webMessenger/input_Powrt do logowania_pass2'

2021-12-21 18:06:06 - [TEST_STEP][PASSED] - setText(findTestObject("Object Repository/Page_PSTO webMessenger/input_Powrt do logowania_name"), findTestData("Rejestracja/tabR18").getValue("name", row)): Text 'Agata' is set on object 'Object Repository/Page_PSTO webMessenger/input_Powrt do logowania_name'

2021-12-21 18:06:07 - [MESSAGE][PASSED] - Text 'Agata' is set on object 'Object Repository/Page_PSTO webMessenger/input_Powrt do logowania_name'

2021-12-21 18:06:07 - [TEST_STEP][PASSED] - setText(findTestObject("Object Repository/Page_PSTO webMessenger/input_Powrt do logowania_surname"), findTestData("Rejestracja/tabR18").getValue("surname", row)): Text 'Lober%' is set on object 'Object Repository/Page_PSTO webMessenger/input_Powrt do logowania_surname'

2021-12-21 18:06:08 - [MESSAGE][PASSED] - Text 'Lober%' is set on object 'Object Repository/Page_PSTO webMessenger/input_Powrt do logowania_surname'

2021-12-21 18:06:08 - [TEST_STEP][PASSED] - setText(findTestObject("Object Repository/Page_PSTO webMessenger/input_Powrt do logowania_kodgrupy"), findTestData("Rejestracja/tabR18").getValue("group", row)): Text 'wsbgroup2ap' is set on object 'Object Repository/Page_PSTO webMessenger/input_Powrt do logowania_kodgrupy'

2021-12-21 18:06:08 - [MESSAGE][PASSED] - Text 'wsbgroup2ap' is set on object 'Object Repository/Page_PSTO webMessenger/input_Powrt do logowania_kodgrupy'

2021-12-21 18:06:08 - [TEST_STEP][PASSED] - click(findTestObject("Page_PSTO webMessenger/input_Powrt do logowania_register")): Object: 'Object Repository/Page_PSTO webMessenger/input_Powrt do logowania_register' is clicked on

2021-12-21 18:06:09 - [MESSAGE][PASSED] - Object: 'Object Repository/Page_PSTO webMessenger/input_Powrt do logowania_register' is clicked on

2021-12-21 18:06:09 - [TEST_STEP][PASSED] - click(findTestObject("Page_PSTO webMessenger/a_Kliknij, aby si zalogowa"), CONTINUE_ON_FAILURE): Object: 'Object Repository/Page_PSTO webMessenger/a_Kliknij, aby si zalogowa' is clicked on

2021-12-21 18:06:10 - [MESSAGE][PASSED] - Object: 'Object Repository/Page_PSTO webMessenger/a_Kliknij, aby si zalogowa' is clicked on

2021-12-21 18:06:10 - [TEST_STEP][PASSED] - setText(findTestObject("Page_PSTO webMessenger/input_Zarejestruj konto_userLogin"), username): Text 'Ameba1640106362883' is set on object 'Object Repository/Page_PSTO webMessenger/input_Zarejestruj konto_userLogin'

2021-12-21 18:06:10 - [MESSAGE][PASSED] - Text 'Ameba1640106362883' is set on object 'Object Repository/Page_PSTO webMessenger/input_Zarejestruj konto_userLogin'

2021-12-21 18:06:10 - [TEST_STEP][PASSED] - setText(findTestObject("Page_PSTO webMessenger/input_Zarejestruj konto_passwordLogin"), findTestData("Rejestracja/tabR18").getValue("password", row)): Text 'startStop5' is set on object 'Object Repository/Page_PSTO webMessenger/input_Zarejestruj konto_passwordLogin'

2021-12-21 18:06:11 - [MESSAGE][PASSED] - Text 'startStop5' is set on object 'Object Repository/Page_PSTO webMessenger/input_Zarejestruj konto_passwordLogin'

2021-12-21 18:06:11 - [TEST_STEP][PASSED] - click(findTestObject("Page_PSTO webMessenger/input_Zarejestruj konto_login"), CONTINUE_ON_FAILURE): Object: 'Object Repository/Page_PSTO webMessenger/input_Zarejestruj konto_login' is clicked on

2021-12-21 18:06:12 - [MESSAGE][PASSED] - Object: 'Object Repository/Page_PSTO webMessenger/input_Zarejestruj konto_login' is clicked on

2021-12-21 18:06:12 - [TEST_STEP][PASSED] - takeScreenshot(data + "bugR18.jpg"): Taking screenshot successfully

2021-12-21 18:06:13 - [MESSAGE][PASSED] - Taking screenshot successfully
[[ATTACHMENT|C:\\Users\\agata\\git\\PTSOWebKounikator\\Reports\\20211221_175426\\R-tests\\20211221_175426\\1640106362883bugR18.jpg]]

2021-12-21 18:06:13 - [TEST_STEP][PASSED] - click(findTestObject("Page_PSTO webMessenger - Zalogowano/img_Zarejestruj konto_iconImg"), CONTINUE_ON_FAILURE): Object: 'Object Repository/Page_PSTO webMessenger - Zalogowano/img_Zarejestruj konto_iconImg' is clicked on

2021-12-21 18:06:13 - [MESSAGE][PASSED] - Object: 'Object Repository/Page_PSTO webMessenger - Zalogowano/img_Zarejestruj konto_iconImg' is clicked on

2021-12-21 18:06:13 - [TEST_STEP][PASSED] - data = Date().getTime(): null

2021-12-21 18:06:13 - [TEST_STEP][PASSED] - username = "Ameba" + data: null

2021-12-21 18:06:13 - [TEST_STEP][PASSED] - click(findTestObject("Object Repository/Page_PSTO webMessenger/a_Zarejestruj konto")): Object: 'Object Repository/Page_PSTO webMessenger/a_Zarejestruj konto' is clicked on

2021-12-21 18:06:14 - [MESSAGE][PASSED] - Object: 'Object Repository/Page_PSTO webMessenger/a_Zarejestruj konto' is clicked on

2021-12-21 18:06:14 - [TEST_STEP][PASSED] - setText(findTestObject("Object Repository/Page_PSTO webMessenger/input_Powrt do logowania_username"), username): Text 'Ameba1640106373649' is set on object 'Object Repository/Page_PSTO webMessenger/input_Powrt do logowania_username'

2021-12-21 18:06:14 - [MESSAGE][PASSED] - Text 'Ameba1640106373649' is set on object 'Object Repository/Page_PSTO webMessenger/input_Powrt do logowania_username'

2021-12-21 18:06:14 - [TEST_STEP][PASSED] - setText(findTestObject("Object Repository/Page_PSTO webMessenger/input_Powrt do logowania_pass1"), findTestData("Rejestracja/tabR18").getValue("password", row)): Text 'startStop1' is set on object 'Object Repository/Page_PSTO webMessenger/input_Powrt do logowania_pass1'

2021-12-21 18:06:15 - [MESSAGE][PASSED] - Text 'startStop1' is set on object 'Object Repository/Page_PSTO webMessenger/input_Powrt do logowania_pass1'

2021-12-21 18:06:15 - [TEST_STEP][PASSED] - setText(findTestObject("Object Repository/Page_PSTO webMessenger/input_Powrt do logowania_pass2"), findTestData("Rejestracja/tabR18").getValue("password2", row)): Text 'startStop1' is set on object 'Object Repository/Page_PSTO webMessenger/input_Powrt do logowania_pass2'

2021-12-21 18:06:16 - [MESSAGE][PASSED] - Text 'startStop1' is set on object 'Object Repository/Page_PSTO webMessenger/input_Powrt do logowania_pass2'

2021-12-21 18:06:16 - [TEST_STEP][PASSED] - setText(findTestObject("Object Repository/Page_PSTO webMessenger/input_Powrt do logowania_name"), findTestData("Rejestracja/tabR18").getValue("name", row)): Text 'Agata' is set on object 'Object Repository/Page_PSTO webMessenger/input_Powrt do logowania_name'

2021-12-21 18:06:17 - [MESSAGE][PASSED] - Text 'Agata' is set on object 'Object Repository/Page_PSTO webMessenger/input_Powrt do logowania_name'

2021-12-21 18:06:17 - [TEST_STEP][PASSED] - setText(findTestObject("Object Repository/Page_PSTO webMessenger/input_Powrt do logowania_surname"), findTestData("Rejestracja/tabR18").getValue("surname", row)): Text 'Bober^' is set on object 'Object Repository/Page_PSTO webMessenger/input_Powrt do logowania_surname'

2021-12-21 18:06:18 - [MESSAGE][PASSED] - Text 'Bober^' is set on object 'Object Repository/Page_PSTO webMessenger/input_Powrt do logowania_surname'

2021-12-21 18:06:18 - [TEST_STEP][PASSED] - setText(findTestObject("Object Repository/Page_PSTO webMessenger/input_Powrt do logowania_kodgrupy"), findTestData("Rejestracja/tabR18").getValue("group", row)): Text 'wsbgroup2ap' is set on object 'Object Repository/Page_PSTO webMessenger/input_Powrt do logowania_kodgrupy'

2021-12-21 18:06:18 - [MESSAGE][PASSED] - Text 'wsbgroup2ap' is set on object 'Object Repository/Page_PSTO webMessenger/input_Powrt do logowania_kodgrupy'

2021-12-21 18:06:18 - [TEST_STEP][PASSED] - click(findTestObject("Page_PSTO webMessenger/input_Powrt do logowania_register")): Object: 'Object Repository/Page_PSTO webMessenger/input_Powrt do logowania_register' is clicked on

2021-12-21 18:06:19 - [MESSAGE][PASSED] - Object: 'Object Repository/Page_PSTO webMessenger/input_Powrt do logowania_register' is clicked on

2021-12-21 18:06:19 - [TEST_STEP][PASSED] - click(findTestObject("Page_PSTO webMessenger/a_Kliknij, aby si zalogowa"), CONTINUE_ON_FAILURE): Object: 'Object Repository/Page_PSTO webMessenger/a_Kliknij, aby si zalogowa' is clicked on

2021-12-21 18:06:20 - [MESSAGE][PASSED] - Object: 'Object Repository/Page_PSTO webMessenger/a_Kliknij, aby si zalogowa' is clicked on

2021-12-21 18:06:20 - [TEST_STEP][PASSED] - setText(findTestObject("Page_PSTO webMessenger/input_Zarejestruj konto_userLogin"), username): Text 'Ameba1640106373649' is set on object 'Object Repository/Page_PSTO webMessenger/input_Zarejestruj konto_userLogin'

2021-12-21 18:06:20 - [MESSAGE][PASSED] - Text 'Ameba1640106373649' is set on object 'Object Repository/Page_PSTO webMessenger/input_Zarejestruj konto_userLogin'

2021-12-21 18:06:20 - [TEST_STEP][PASSED] - setText(findTestObject("Page_PSTO webMessenger/input_Zarejestruj konto_passwordLogin"), findTestData("Rejestracja/tabR18").getValue("password", row)): Text 'startStop1' is set on object 'Object Repository/Page_PSTO webMessenger/input_Zarejestruj konto_passwordLogin'

2021-12-21 18:06:21 - [MESSAGE][PASSED] - Text 'startStop1' is set on object 'Object Repository/Page_PSTO webMessenger/input_Zarejestruj konto_passwordLogin'

2021-12-21 18:06:21 - [TEST_STEP][PASSED] - click(findTestObject("Page_PSTO webMessenger/input_Zarejestruj konto_login"), CONTINUE_ON_FAILURE): Object: 'Object Repository/Page_PSTO webMessenger/input_Zarejestruj konto_login' is clicked on

2021-12-21 18:06:22 - [MESSAGE][PASSED] - Object: 'Object Repository/Page_PSTO webMessenger/input_Zarejestruj konto_login' is clicked on

2021-12-21 18:06:22 - [TEST_STEP][PASSED] - takeScreenshot(data + "bugR18.jpg"): Taking screenshot successfully

2021-12-21 18:06:23 - [MESSAGE][PASSED] - Taking screenshot successfully
[[ATTACHMENT|C:\\Users\\agata\\git\\PTSOWebKounikator\\Reports\\20211221_175426\\R-tests\\20211221_175426\\1640106373649bugR18.jpg]]

2021-12-21 18:06:23 - [TEST_STEP][PASSED] - click(findTestObject("Page_PSTO webMessenger - Zalogowano/img_Zarejestruj konto_iconImg"), CONTINUE_ON_FAILURE): Object: 'Object Repository/Page_PSTO webMessenger - Zalogowano/img_Zarejestruj konto_iconImg' is clicked on

2021-12-21 18:06:23 - [MESSAGE][PASSED] - Object: 'Object Repository/Page_PSTO webMessenger - Zalogowano/img_Zarejestruj konto_iconImg' is clicked on

2021-12-21 18:06:23 - [TEST_STEP][PASSED] - data = Date().getTime(): null

2021-12-21 18:06:23 - [TEST_STEP][PASSED] - username = "Ameba" + data: null

2021-12-21 18:06:23 - [TEST_STEP][PASSED] - click(findTestObject("Object Repository/Page_PSTO webMessenger/a_Zarejestruj konto")): Object: 'Object Repository/Page_PSTO webMessenger/a_Zarejestruj konto' is clicked on

2021-12-21 18:06:24 - [MESSAGE][PASSED] - Object: 'Object Repository/Page_PSTO webMessenger/a_Zarejestruj konto' is clicked on

2021-12-21 18:06:24 - [TEST_STEP][PASSED] - setText(findTestObject("Object Repository/Page_PSTO webMessenger/input_Powrt do logowania_username"), username): Text 'Ameba1640106383648' is set on object 'Object Repository/Page_PSTO webMessenger/input_Powrt do logowania_username'

2021-12-21 18:06:24 - [MESSAGE][PASSED] - Text 'Ameba1640106383648' is set on object 'Object Repository/Page_PSTO webMessenger/input_Powrt do logowania_username'

2021-12-21 18:06:24 - [TEST_STEP][PASSED] - setText(findTestObject("Object Repository/Page_PSTO webMessenger/input_Powrt do logowania_pass1"), findTestData("Rejestracja/tabR18").getValue("password", row)): Text 'startStop2' is set on object 'Object Repository/Page_PSTO webMessenger/input_Powrt do logowania_pass1'

2021-12-21 18:06:25 - [MESSAGE][PASSED] - Text 'startStop2' is set on object 'Object Repository/Page_PSTO webMessenger/input_Powrt do logowania_pass1'

2021-12-21 18:06:25 - [TEST_STEP][PASSED] - setText(findTestObject("Object Repository/Page_PSTO webMessenger/input_Powrt do logowania_pass2"), findTestData("Rejestracja/tabR18").getValue("password2", row)): Text 'startStop2' is set on object 'Object Repository/Page_PSTO webMessenger/input_Powrt do logowania_pass2'

2021-12-21 18:06:26 - [MESSAGE][PASSED] - Text 'startStop2' is set on object 'Object Repository/Page_PSTO webMessenger/input_Powrt do logowania_pass2'

2021-12-21 18:06:26 - [TEST_STEP][PASSED] - setText(findTestObject("Object Repository/Page_PSTO webMessenger/input_Powrt do logowania_name"), findTestData("Rejestracja/tabR18").getValue("name", row)): Text 'Agata' is set on object 'Object Repository/Page_PSTO webMessenger/input_Powrt do logowania_name'

2021-12-21 18:06:27 - [MESSAGE][PASSED] - Text 'Agata' is set on object 'Object Repository/Page_PSTO webMessenger/input_Powrt do logowania_name'

2021-12-21 18:06:27 - [TEST_STEP][PASSED] - setText(findTestObject("Object Repository/Page_PSTO webMessenger/input_Powrt do logowania_surname"), findTestData("Rejestracja/tabR18").getValue("surname", row)): Text 'Dober&' is set on object 'Object Repository/Page_PSTO webMessenger/input_Powrt do logowania_surname'

2021-12-21 18:06:28 - [MESSAGE][PASSED] - Text 'Dober&' is set on object 'Object Repository/Page_PSTO webMessenger/input_Powrt do logowania_surname'

2021-12-21 18:06:28 - [TEST_STEP][PASSED] - setText(findTestObject("Object Repository/Page_PSTO webMessenger/input_Powrt do logowania_kodgrupy"), findTestData("Rejestracja/tabR18").getValue("group", row)): Text 'wsbgroup2ap' is set on object 'Object Repository/Page_PSTO webMessenger/input_Powrt do logowania_kodgrupy'

2021-12-21 18:06:28 - [MESSAGE][PASSED] - Text 'wsbgroup2ap' is set on object 'Object Repository/Page_PSTO webMessenger/input_Powrt do logowania_kodgrupy'

2021-12-21 18:06:28 - [TEST_STEP][PASSED] - click(findTestObject("Page_PSTO webMessenger/input_Powrt do logowania_register")): Object: 'Object Repository/Page_PSTO webMessenger/input_Powrt do logowania_register' is clicked on

2021-12-21 18:06:29 - [MESSAGE][PASSED] - Object: 'Object Repository/Page_PSTO webMessenger/input_Powrt do logowania_register' is clicked on

2021-12-21 18:06:29 - [TEST_STEP][PASSED] - click(findTestObject("Page_PSTO webMessenger/a_Kliknij, aby si zalogowa"), CONTINUE_ON_FAILURE): Object: 'Object Repository/Page_PSTO webMessenger/a_Kliknij, aby si zalogowa' is clicked on

2021-12-21 18:06:30 - [MESSAGE][PASSED] - Object: 'Object Repository/Page_PSTO webMessenger/a_Kliknij, aby si zalogowa' is clicked on

2021-12-21 18:06:30 - [TEST_STEP][PASSED] - setText(findTestObject("Page_PSTO webMessenger/input_Zarejestruj konto_userLogin"), username): Text 'Ameba1640106383648' is set on object 'Object Repository/Page_PSTO webMessenger/input_Zarejestruj konto_userLogin'

2021-12-21 18:06:30 - [MESSAGE][PASSED] - Text 'Ameba1640106383648' is set on object 'Object Repository/Page_PSTO webMessenger/input_Zarejestruj konto_userLogin'

2021-12-21 18:06:30 - [TEST_STEP][PASSED] - setText(findTestObject("Page_PSTO webMessenger/input_Zarejestruj konto_passwordLogin"), findTestData("Rejestracja/tabR18").getValue("password", row)): Text 'startStop2' is set on object 'Object Repository/Page_PSTO webMessenger/input_Zarejestruj konto_passwordLogin'

2021-12-21 18:06:31 - [MESSAGE][PASSED] - Text 'startStop2' is set on object 'Object Repository/Page_PSTO webMessenger/input_Zarejestruj konto_passwordLogin'

2021-12-21 18:06:31 - [TEST_STEP][PASSED] - click(findTestObject("Page_PSTO webMessenger/input_Zarejestruj konto_login"), CONTINUE_ON_FAILURE): Object: 'Object Repository/Page_PSTO webMessenger/input_Zarejestruj konto_login' is clicked on

2021-12-21 18:06:32 - [MESSAGE][PASSED] - Object: 'Object Repository/Page_PSTO webMessenger/input_Zarejestruj konto_login' is clicked on

2021-12-21 18:06:32 - [TEST_STEP][PASSED] - takeScreenshot(data + "bugR18.jpg"): Taking screenshot successfully

2021-12-21 18:06:33 - [MESSAGE][PASSED] - Taking screenshot successfully
[[ATTACHMENT|C:\\Users\\agata\\git\\PTSOWebKounikator\\Reports\\20211221_175426\\R-tests\\20211221_175426\\1640106383648bugR18.jpg]]

2021-12-21 18:06:33 - [TEST_STEP][PASSED] - click(findTestObject("Page_PSTO webMessenger - Zalogowano/img_Zarejestruj konto_iconImg"), CONTINUE_ON_FAILURE): Object: 'Object Repository/Page_PSTO webMessenger - Zalogowano/img_Zarejestruj konto_iconImg' is clicked on

2021-12-21 18:06:33 - [MESSAGE][PASSED] - Object: 'Object Repository/Page_PSTO webMessenger - Zalogowano/img_Zarejestruj konto_iconImg' is clicked on

2021-12-21 18:06:33 - [TEST_STEP][PASSED] - data = Date().getTime(): null

2021-12-21 18:06:33 - [TEST_STEP][PASSED] - username = "Ameba" + data: null

2021-12-21 18:06:33 - [TEST_STEP][PASSED] - click(findTestObject("Object Repository/Page_PSTO webMessenger/a_Zarejestruj konto")): Object: 'Object Repository/Page_PSTO webMessenger/a_Zarejestruj konto' is clicked on

2021-12-21 18:06:34 - [MESSAGE][PASSED] - Object: 'Object Repository/Page_PSTO webMessenger/a_Zarejestruj konto' is clicked on

2021-12-21 18:06:34 - [TEST_STEP][PASSED] - setText(findTestObject("Object Repository/Page_PSTO webMessenger/input_Powrt do logowania_username"), username): Text 'Ameba1640106393812' is set on object 'Object Repository/Page_PSTO webMessenger/input_Powrt do logowania_username'

2021-12-21 18:06:35 - [MESSAGE][PASSED] - Text 'Ameba1640106393812' is set on object 'Object Repository/Page_PSTO webMessenger/input_Powrt do logowania_username'

2021-12-21 18:06:35 - [TEST_STEP][PASSED] - setText(findTestObject("Object Repository/Page_PSTO webMessenger/input_Powrt do logowania_pass1"), findTestData("Rejestracja/tabR18").getValue("password", row)): Text 'startStop3' is set on object 'Object Repository/Page_PSTO webMessenger/input_Powrt do logowania_pass1'

2021-12-21 18:06:35 - [MESSAGE][PASSED] - Text 'startStop3' is set on object 'Object Repository/Page_PSTO webMessenger/input_Powrt do logowania_pass1'

2021-12-21 18:06:35 - [TEST_STEP][PASSED] - setText(findTestObject("Object Repository/Page_PSTO webMessenger/input_Powrt do logowania_pass2"), findTestData("Rejestracja/tabR18").getValue("password2", row)): Text 'startStop3' is set on object 'Object Repository/Page_PSTO webMessenger/input_Powrt do logowania_pass2'

2021-12-21 18:06:36 - [MESSAGE][PASSED] - Text 'startStop3' is set on object 'Object Repository/Page_PSTO webMessenger/input_Powrt do logowania_pass2'

2021-12-21 18:06:36 - [TEST_STEP][PASSED] - setText(findTestObject("Object Repository/Page_PSTO webMessenger/input_Powrt do logowania_name"), findTestData("Rejestracja/tabR18").getValue("name", row)): Text 'Agata' is set on object 'Object Repository/Page_PSTO webMessenger/input_Powrt do logowania_name'

2021-12-21 18:06:37 - [MESSAGE][PASSED] - Text 'Agata' is set on object 'Object Repository/Page_PSTO webMessenger/input_Powrt do logowania_name'

2021-12-21 18:06:37 - [TEST_STEP][PASSED] - setText(findTestObject("Object Repository/Page_PSTO webMessenger/input_Powrt do logowania_surname"), findTestData("Rejestracja/tabR18").getValue("surname", row)): Text 'Mober*' is set on object 'Object Repository/Page_PSTO webMessenger/input_Powrt do logowania_surname'

2021-12-21 18:06:38 - [MESSAGE][PASSED] - Text 'Mober*' is set on object 'Object Repository/Page_PSTO webMessenger/input_Powrt do logowania_surname'

2021-12-21 18:06:38 - [TEST_STEP][PASSED] - setText(findTestObject("Object Repository/Page_PSTO webMessenger/input_Powrt do logowania_kodgrupy"), findTestData("Rejestracja/tabR18").getValue("group", row)): Text 'wsbgroup2ap' is set on object 'Object Repository/Page_PSTO webMessenger/input_Powrt do logowania_kodgrupy'

2021-12-21 18:06:38 - [MESSAGE][PASSED] - Text 'wsbgroup2ap' is set on object 'Object Repository/Page_PSTO webMessenger/input_Powrt do logowania_kodgrupy'

2021-12-21 18:06:38 - [TEST_STEP][PASSED] - click(findTestObject("Page_PSTO webMessenger/input_Powrt do logowania_register")): Object: 'Object Repository/Page_PSTO webMessenger/input_Powrt do logowania_register' is clicked on

2021-12-21 18:06:39 - [MESSAGE][PASSED] - Object: 'Object Repository/Page_PSTO webMessenger/input_Powrt do logowania_register' is clicked on

2021-12-21 18:06:39 - [TEST_STEP][PASSED] - click(findTestObject("Page_PSTO webMessenger/a_Kliknij, aby si zalogowa"), CONTINUE_ON_FAILURE): Object: 'Object Repository/Page_PSTO webMessenger/a_Kliknij, aby si zalogowa' is clicked on

2021-12-21 18:06:41 - [MESSAGE][PASSED] - Object: 'Object Repository/Page_PSTO webMessenger/a_Kliknij, aby si zalogowa' is clicked on

2021-12-21 18:06:41 - [TEST_STEP][PASSED] - setText(findTestObject("Page_PSTO webMessenger/input_Zarejestruj konto_userLogin"), username): Text 'Ameba1640106393812' is set on object 'Object Repository/Page_PSTO webMessenger/input_Zarejestruj konto_userLogin'

2021-12-21 18:06:42 - [MESSAGE][PASSED] - Text 'Ameba1640106393812' is set on object 'Object Repository/Page_PSTO webMessenger/input_Zarejestruj konto_userLogin'

2021-12-21 18:06:42 - [TEST_STEP][PASSED] - setText(findTestObject("Page_PSTO webMessenger/input_Zarejestruj konto_passwordLogin"), findTestData("Rejestracja/tabR18").getValue("password", row)): Text 'startStop3' is set on object 'Object Repository/Page_PSTO webMessenger/input_Zarejestruj konto_passwordLogin'

2021-12-21 18:06:42 - [MESSAGE][PASSED] - Text 'startStop3' is set on object 'Object Repository/Page_PSTO webMessenger/input_Zarejestruj konto_passwordLogin'

2021-12-21 18:06:42 - [TEST_STEP][PASSED] - click(findTestObject("Page_PSTO webMessenger/input_Zarejestruj konto_login"), CONTINUE_ON_FAILURE): Object: 'Object Repository/Page_PSTO webMessenger/input_Zarejestruj konto_login' is clicked on

2021-12-21 18:06:43 - [MESSAGE][PASSED] - Object: 'Object Repository/Page_PSTO webMessenger/input_Zarejestruj konto_login' is clicked on

2021-12-21 18:06:43 - [TEST_STEP][PASSED] - takeScreenshot(data + "bugR18.jpg"): Taking screenshot successfully

2021-12-21 18:06:44 - [MESSAGE][PASSED] - Taking screenshot successfully
[[ATTACHMENT|C:\\Users\\agata\\git\\PTSOWebKounikator\\Reports\\20211221_175426\\R-tests\\20211221_175426\\1640106393812bugR18.jpg]]

2021-12-21 18:06:44 - [TEST_STEP][PASSED] - click(findTestObject("Page_PSTO webMessenger - Zalogowano/img_Zarejestruj konto_iconImg"), CONTINUE_ON_FAILURE): Object: 'Object Repository/Page_PSTO webMessenger - Zalogowano/img_Zarejestruj konto_iconImg' is clicked on

2021-12-21 18:06:44 - [MESSAGE][PASSED] - Object: 'Object Repository/Page_PSTO webMessenger - Zalogowano/img_Zarejestruj konto_iconImg' is clicked on

2021-12-21 18:06:44 - [TEST_STEP][PASSED] - data = Date().getTime(): null

2021-12-21 18:06:44 - [TEST_STEP][PASSED] - username = "Ameba" + data: null

2021-12-21 18:06:44 - [TEST_STEP][PASSED] - click(findTestObject("Object Repository/Page_PSTO webMessenger/a_Zarejestruj konto")): Object: 'Object Repository/Page_PSTO webMessenger/a_Zarejestruj konto' is clicked on

2021-12-21 18:06:45 - [MESSAGE][PASSED] - Object: 'Object Repository/Page_PSTO webMessenger/a_Zarejestruj konto' is clicked on

2021-12-21 18:06:45 - [TEST_STEP][PASSED] - setText(findTestObject("Object Repository/Page_PSTO webMessenger/input_Powrt do logowania_username"), username): Text 'Ameba1640106404803' is set on object 'Object Repository/Page_PSTO webMessenger/input_Powrt do logowania_username'

2021-12-21 18:06:46 - [MESSAGE][PASSED] - Text 'Ameba1640106404803' is set on object 'Object Repository/Page_PSTO webMessenger/input_Powrt do logowania_username'

2021-12-21 18:06:46 - [TEST_STEP][PASSED] - setText(findTestObject("Object Repository/Page_PSTO webMessenger/input_Powrt do logowania_pass1"), findTestData("Rejestracja/tabR18").getValue("password", row)): Text 'startStop4' is set on object 'Object Repository/Page_PSTO webMessenger/input_Powrt do logowania_pass1'

2021-12-21 18:06:46 - [MESSAGE][PASSED] - Text 'startStop4' is set on object 'Object Repository/Page_PSTO webMessenger/input_Powrt do logowania_pass1'

2021-12-21 18:06:46 - [TEST_STEP][PASSED] - setText(findTestObject("Object Repository/Page_PSTO webMessenger/input_Powrt do logowania_pass2"), findTestData("Rejestracja/tabR18").getValue("password2", row)): Text 'startStop4' is set on object 'Object Repository/Page_PSTO webMessenger/input_Powrt do logowania_pass2'

2021-12-21 18:06:47 - [MESSAGE][PASSED] - Text 'startStop4' is set on object 'Object Repository/Page_PSTO webMessenger/input_Powrt do logowania_pass2'

2021-12-21 18:06:47 - [TEST_STEP][PASSED] - setText(findTestObject("Object Repository/Page_PSTO webMessenger/input_Powrt do logowania_name"), findTestData("Rejestracja/tabR18").getValue("name", row)): Text 'Agata' is set on object 'Object Repository/Page_PSTO webMessenger/input_Powrt do logowania_name'

2021-12-21 18:06:48 - [MESSAGE][PASSED] - Text 'Agata' is set on object 'Object Repository/Page_PSTO webMessenger/input_Powrt do logowania_name'

2021-12-21 18:06:48 - [TEST_STEP][PASSED] - setText(findTestObject("Object Repository/Page_PSTO webMessenger/input_Powrt do logowania_surname"), findTestData("Rejestracja/tabR18").getValue("surname", row)): Text 'Kober(' is set on object 'Object Repository/Page_PSTO webMessenger/input_Powrt do logowania_surname'

2021-12-21 18:06:49 - [MESSAGE][PASSED] - Text 'Kober(' is set on object 'Object Repository/Page_PSTO webMessenger/input_Powrt do logowania_surname'

2021-12-21 18:06:49 - [TEST_STEP][PASSED] - setText(findTestObject("Object Repository/Page_PSTO webMessenger/input_Powrt do logowania_kodgrupy"), findTestData("Rejestracja/tabR18").getValue("group", row)): Text 'wsbgroup2ap' is set on object 'Object Repository/Page_PSTO webMessenger/input_Powrt do logowania_kodgrupy'

2021-12-21 18:06:49 - [MESSAGE][PASSED] - Text 'wsbgroup2ap' is set on object 'Object Repository/Page_PSTO webMessenger/input_Powrt do logowania_kodgrupy'

2021-12-21 18:06:49 - [TEST_STEP][PASSED] - click(findTestObject("Page_PSTO webMessenger/input_Powrt do logowania_register")): Object: 'Object Repository/Page_PSTO webMessenger/input_Powrt do logowania_register' is clicked on

2021-12-21 18:06:50 - [MESSAGE][PASSED] - Object: 'Object Repository/Page_PSTO webMessenger/input_Powrt do logowania_register' is clicked on

2021-12-21 18:06:50 - [TEST_STEP][PASSED] - click(findTestObject("Page_PSTO webMessenger/a_Kliknij, aby si zalogowa"), CONTINUE_ON_FAILURE): Object: 'Object Repository/Page_PSTO webMessenger/a_Kliknij, aby si zalogowa' is clicked on

2021-12-21 18:06:51 - [MESSAGE][PASSED] - Object: 'Object Repository/Page_PSTO webMessenger/a_Kliknij, aby si zalogowa' is clicked on

2021-12-21 18:06:51 - [TEST_STEP][PASSED] - setText(findTestObject("Page_PSTO webMessenger/input_Zarejestruj konto_userLogin"), username): Text 'Ameba1640106404803' is set on object 'Object Repository/Page_PSTO webMessenger/input_Zarejestruj konto_userLogin'

2021-12-21 18:06:51 - [MESSAGE][PASSED] - Text 'Ameba1640106404803' is set on object 'Object Repository/Page_PSTO webMessenger/input_Zarejestruj konto_userLogin'

2021-12-21 18:06:51 - [TEST_STEP][PASSED] - setText(findTestObject("Page_PSTO webMessenger/input_Zarejestruj konto_passwordLogin"), findTestData("Rejestracja/tabR18").getValue("password", row)): Text 'startStop4' is set on object 'Object Repository/Page_PSTO webMessenger/input_Zarejestruj konto_passwordLogin'

2021-12-21 18:06:52 - [MESSAGE][PASSED] - Text 'startStop4' is set on object 'Object Repository/Page_PSTO webMessenger/input_Zarejestruj konto_passwordLogin'

2021-12-21 18:06:52 - [TEST_STEP][PASSED] - click(findTestObject("Page_PSTO webMessenger/input_Zarejestruj konto_login"), CONTINUE_ON_FAILURE): Object: 'Object Repository/Page_PSTO webMessenger/input_Zarejestruj konto_login' is clicked on

2021-12-21 18:06:53 - [MESSAGE][PASSED] - Object: 'Object Repository/Page_PSTO webMessenger/input_Zarejestruj konto_login' is clicked on

2021-12-21 18:06:53 - [TEST_STEP][PASSED] - takeScreenshot(data + "bugR18.jpg"): Taking screenshot successfully

2021-12-21 18:06:54 - [MESSAGE][PASSED] - Taking screenshot successfully
[[ATTACHMENT|C:\\Users\\agata\\git\\PTSOWebKounikator\\Reports\\20211221_175426\\R-tests\\20211221_175426\\1640106404803bugR18.jpg]]

2021-12-21 18:06:54 - [TEST_STEP][PASSED] - click(findTestObject("Page_PSTO webMessenger - Zalogowano/img_Zarejestruj konto_iconImg"), CONTINUE_ON_FAILURE): Object: 'Object Repository/Page_PSTO webMessenger - Zalogowano/img_Zarejestruj konto_iconImg' is clicked on

2021-12-21 18:06:54 - [MESSAGE][PASSED] - Object: 'Object Repository/Page_PSTO webMessenger - Zalogowano/img_Zarejestruj konto_iconImg' is clicked on

2021-12-21 18:06:54 - [TEST_STEP][PASSED] - data = Date().getTime(): null

2021-12-21 18:06:54 - [TEST_STEP][PASSED] - username = "Ameba" + data: null

2021-12-21 18:06:54 - [TEST_STEP][PASSED] - click(findTestObject("Object Repository/Page_PSTO webMessenger/a_Zarejestruj konto")): Object: 'Object Repository/Page_PSTO webMessenger/a_Zarejestruj konto' is clicked on

2021-12-21 18:06:55 - [MESSAGE][PASSED] - Object: 'Object Repository/Page_PSTO webMessenger/a_Zarejestruj konto' is clicked on

2021-12-21 18:06:55 - [TEST_STEP][PASSED] - setText(findTestObject("Object Repository/Page_PSTO webMessenger/input_Powrt do logowania_username"), username): Text 'Ameba1640106414641' is set on object 'Object Repository/Page_PSTO webMessenger/input_Powrt do logowania_username'

2021-12-21 18:06:55 - [MESSAGE][PASSED] - Text 'Ameba1640106414641' is set on object 'Object Repository/Page_PSTO webMessenger/input_Powrt do logowania_username'

2021-12-21 18:06:55 - [TEST_STEP][PASSED] - setText(findTestObject("Object Repository/Page_PSTO webMessenger/input_Powrt do logowania_pass1"), findTestData("Rejestracja/tabR18").getValue("password", row)): Text 'startStop5' is set on object 'Object Repository/Page_PSTO webMessenger/input_Powrt do logowania_pass1'

2021-12-21 18:06:56 - [MESSAGE][PASSED] - Text 'startStop5' is set on object 'Object Repository/Page_PSTO webMessenger/input_Powrt do logowania_pass1'

2021-12-21 18:06:56 - [TEST_STEP][PASSED] - setText(findTestObject("Object Repository/Page_PSTO webMessenger/input_Powrt do logowania_pass2"), findTestData("Rejestracja/tabR18").getValue("password2", row)): Text 'startStop5' is set on object 'Object Repository/Page_PSTO webMessenger/input_Powrt do logowania_pass2'

2021-12-21 18:06:57 - [MESSAGE][PASSED] - Text 'startStop5' is set on object 'Object Repository/Page_PSTO webMessenger/input_Powrt do logowania_pass2'

2021-12-21 18:06:57 - [TEST_STEP][PASSED] - setText(findTestObject("Object Repository/Page_PSTO webMessenger/input_Powrt do logowania_name"), findTestData("Rejestracja/tabR18").getValue("name", row)): Text 'Agata' is set on object 'Object Repository/Page_PSTO webMessenger/input_Powrt do logowania_name'

2021-12-21 18:06:58 - [MESSAGE][PASSED] - Text 'Agata' is set on object 'Object Repository/Page_PSTO webMessenger/input_Powrt do logowania_name'

2021-12-21 18:06:58 - [TEST_STEP][PASSED] - setText(findTestObject("Object Repository/Page_PSTO webMessenger/input_Powrt do logowania_surname"), findTestData("Rejestracja/tabR18").getValue("surname", row)): Text 'Lober?' is set on object 'Object Repository/Page_PSTO webMessenger/input_Powrt do logowania_surname'

2021-12-21 18:06:59 - [MESSAGE][PASSED] - Text 'Lober?' is set on object 'Object Repository/Page_PSTO webMessenger/input_Powrt do logowania_surname'

2021-12-21 18:06:59 - [TEST_STEP][PASSED] - setText(findTestObject("Object Repository/Page_PSTO webMessenger/input_Powrt do logowania_kodgrupy"), findTestData("Rejestracja/tabR18").getValue("group", row)): Text 'wsbgroup2ap' is set on object 'Object Repository/Page_PSTO webMessenger/input_Powrt do logowania_kodgrupy'

2021-12-21 18:06:59 - [MESSAGE][PASSED] - Text 'wsbgroup2ap' is set on object 'Object Repository/Page_PSTO webMessenger/input_Powrt do logowania_kodgrupy'

2021-12-21 18:06:59 - [TEST_STEP][PASSED] - click(findTestObject("Page_PSTO webMessenger/input_Powrt do logowania_register")): Object: 'Object Repository/Page_PSTO webMessenger/input_Powrt do logowania_register' is clicked on

2021-12-21 18:07:00 - [MESSAGE][PASSED] - Object: 'Object Repository/Page_PSTO webMessenger/input_Powrt do logowania_register' is clicked on

2021-12-21 18:07:00 - [TEST_STEP][PASSED] - click(findTestObject("Page_PSTO webMessenger/a_Kliknij, aby si zalogowa"), CONTINUE_ON_FAILURE): Object: 'Object Repository/Page_PSTO webMessenger/a_Kliknij, aby si zalogowa' is clicked on

2021-12-21 18:07:01 - [MESSAGE][PASSED] - Object: 'Object Repository/Page_PSTO webMessenger/a_Kliknij, aby si zalogowa' is clicked on

2021-12-21 18:07:01 - [TEST_STEP][PASSED] - setText(findTestObject("Page_PSTO webMessenger/input_Zarejestruj konto_userLogin"), username): Text 'Ameba1640106414641' is set on object 'Object Repository/Page_PSTO webMessenger/input_Zarejestruj konto_userLogin'

2021-12-21 18:07:01 - [MESSAGE][PASSED] - Text 'Ameba1640106414641' is set on object 'Object Repository/Page_PSTO webMessenger/input_Zarejestruj konto_userLogin'

2021-12-21 18:07:01 - [TEST_STEP][PASSED] - setText(findTestObject("Page_PSTO webMessenger/input_Zarejestruj konto_passwordLogin"), findTestData("Rejestracja/tabR18").getValue("password", row)): Text 'startStop5' is set on object 'Object Repository/Page_PSTO webMessenger/input_Zarejestruj konto_passwordLogin'

2021-12-21 18:07:02 - [MESSAGE][PASSED] - Text 'startStop5' is set on object 'Object Repository/Page_PSTO webMessenger/input_Zarejestruj konto_passwordLogin'

2021-12-21 18:07:02 - [TEST_STEP][PASSED] - click(findTestObject("Page_PSTO webMessenger/input_Zarejestruj konto_login"), CONTINUE_ON_FAILURE): Object: 'Object Repository/Page_PSTO webMessenger/input_Zarejestruj konto_login' is clicked on

2021-12-21 18:07:03 - [MESSAGE][PASSED] - Object: 'Object Repository/Page_PSTO webMessenger/input_Zarejestruj konto_login' is clicked on

2021-12-21 18:07:03 - [TEST_STEP][PASSED] - takeScreenshot(data + "bugR18.jpg"): Taking screenshot successfully

2021-12-21 18:07:04 - [MESSAGE][PASSED] - Taking screenshot successfully
[[ATTACHMENT|C:\\Users\\agata\\git\\PTSOWebKounikator\\Reports\\20211221_175426\\R-tests\\20211221_175426\\1640106414641bugR18.jpg]]

2021-12-21 18:07:04 - [TEST_STEP][PASSED] - click(findTestObject("Page_PSTO webMessenger - Zalogowano/img_Zarejestruj konto_iconImg"), CONTINUE_ON_FAILURE): Object: 'Object Repository/Page_PSTO webMessenger - Zalogowano/img_Zarejestruj konto_iconImg' is clicked on

2021-12-21 18:07:04 - [MESSAGE][PASSED] - Object: 'Object Repository/Page_PSTO webMessenger - Zalogowano/img_Zarejestruj konto_iconImg' is clicked on

2021-12-21 18:07:04 - [TEST_STEP][PASSED] - closeBrowser(): Browser is closed

2021-12-21 18:07:05 - [MESSAGE][PASSED] - Browser is closed]]></system-out>
         <system-err><![CDATA[]]></system-err>
      </testcase>
      <testcase name="Test Cases/Rejestracja/R2" time="58.266" classname="Test Cases/Rejestracja/R2" status="PASSED">
         <system-out><![CDATA[2021-12-21 18:07:05 - [TEST_CASE][PASSED] - Test Cases/Rejestracja/R2: Test Cases/Rejestracja/R2

2021-12-21 18:07:06 - [TEST_STEP][PASSED] - openBrowser(""): Browser is opened with url: ''

2021-12-21 18:07:06 - [MESSAGE][INFO] - Starting 'Chrome' driver

2021-12-21 18:07:06 - [MESSAGE][INFO] - Action delay is set to 0 milliseconds

2021-12-21 18:07:07 - [MESSAGE][PASSED] - Browser is opened with url: ''

2021-12-21 18:07:07 - [TEST_STEP][PASSED] - navigateToUrl("http://kmg.hcm.pl/testowanie/index.html"): Navigate to 'http://kmg.hcm.pl/testowanie/index.html' successfully

2021-12-21 18:07:08 - [MESSAGE][PASSED] - Navigate to 'http://kmg.hcm.pl/testowanie/index.html' successfully

2021-12-21 18:07:08 - [TEST_STEP][PASSED] - for ([row = 1, row <= findTestData("Rejestracja/tabR2").getRowNumbers(), (row++)]): Object: 'Object Repository/Page_PSTO webMessenger/a_Zarejestruj konto' is clicked on

2021-12-21 18:07:08 - [TEST_STEP][PASSED] - data = Date().getTime(): null

2021-12-21 18:07:08 - [TEST_STEP][PASSED] - username = "Ameba" + data: null

2021-12-21 18:07:08 - [TEST_STEP][PASSED] - click(findTestObject("Object Repository/Page_PSTO webMessenger/a_Zarejestruj konto")): Object: 'Object Repository/Page_PSTO webMessenger/a_Zarejestruj konto' is clicked on

2021-12-21 18:07:09 - [MESSAGE][PASSED] - Object: 'Object Repository/Page_PSTO webMessenger/a_Zarejestruj konto' is clicked on

2021-12-21 18:07:09 - [TEST_STEP][PASSED] - setText(findTestObject("Object Repository/Page_PSTO webMessenger/input_Powrt do logowania_username"), username): Text 'Ameba1640106428590' is set on object 'Object Repository/Page_PSTO webMessenger/input_Powrt do logowania_username'

2021-12-21 18:07:09 - [MESSAGE][PASSED] - Text 'Ameba1640106428590' is set on object 'Object Repository/Page_PSTO webMessenger/input_Powrt do logowania_username'

2021-12-21 18:07:09 - [TEST_STEP][PASSED] - setText(findTestObject("Object Repository/Page_PSTO webMessenger/input_Powrt do logowania_pass1"), findTestData("Rejestracja/tabR2").getValue("password", row)): Text 'syk1' is set on object 'Object Repository/Page_PSTO webMessenger/input_Powrt do logowania_pass1'

2021-12-21 18:07:10 - [MESSAGE][PASSED] - Text 'syk1' is set on object 'Object Repository/Page_PSTO webMessenger/input_Powrt do logowania_pass1'

2021-12-21 18:07:10 - [TEST_STEP][PASSED] - setText(findTestObject("Object Repository/Page_PSTO webMessenger/input_Powrt do logowania_pass2"), findTestData("Rejestracja/tabR2").getValue("password2", row)): Text 'syk1' is set on object 'Object Repository/Page_PSTO webMessenger/input_Powrt do logowania_pass2'

2021-12-21 18:07:11 - [MESSAGE][PASSED] - Text 'syk1' is set on object 'Object Repository/Page_PSTO webMessenger/input_Powrt do logowania_pass2'

2021-12-21 18:07:11 - [TEST_STEP][PASSED] - setText(findTestObject("Object Repository/Page_PSTO webMessenger/input_Powrt do logowania_name"), findTestData("Rejestracja/tabR2").getValue("name", row)): Text 'Agata' is set on object 'Object Repository/Page_PSTO webMessenger/input_Powrt do logowania_name'

2021-12-21 18:07:12 - [MESSAGE][PASSED] - Text 'Agata' is set on object 'Object Repository/Page_PSTO webMessenger/input_Powrt do logowania_name'

2021-12-21 18:07:12 - [TEST_STEP][PASSED] - setText(findTestObject("Object Repository/Page_PSTO webMessenger/input_Powrt do logowania_surname"), findTestData("Rejestracja/tabR2").getValue("surname", row)): Text 'Łazur' is set on object 'Object Repository/Page_PSTO webMessenger/input_Powrt do logowania_surname'

2021-12-21 18:07:13 - [MESSAGE][PASSED] - Text 'Łazur' is set on object 'Object Repository/Page_PSTO webMessenger/input_Powrt do logowania_surname'

2021-12-21 18:07:13 - [TEST_STEP][PASSED] - setText(findTestObject("Object Repository/Page_PSTO webMessenger/input_Powrt do logowania_kodgrupy"), findTestData("Rejestracja/tabR2").getValue("group", row)): Text 'wsbgroup2ap' is set on object 'Object Repository/Page_PSTO webMessenger/input_Powrt do logowania_kodgrupy'

2021-12-21 18:07:14 - [MESSAGE][PASSED] - Text 'wsbgroup2ap' is set on object 'Object Repository/Page_PSTO webMessenger/input_Powrt do logowania_kodgrupy'

2021-12-21 18:07:14 - [TEST_STEP][PASSED] - click(findTestObject("Page_PSTO webMessenger/input_Powrt do logowania_register")): Object: 'Object Repository/Page_PSTO webMessenger/input_Powrt do logowania_register' is clicked on

2021-12-21 18:07:14 - [MESSAGE][PASSED] - Object: 'Object Repository/Page_PSTO webMessenger/input_Powrt do logowania_register' is clicked on

2021-12-21 18:07:14 - [TEST_STEP][PASSED] - delay(4): Delayed 4 second(s)

2021-12-21 18:07:18 - [MESSAGE][PASSED] - Delayed 4 second(s)

2021-12-21 18:07:18 - [TEST_STEP][PASSED] - verifyElementVisible(findTestObject("Page_PSTO webMessenger/div_Haso musi mie przynajmniej 5 znakw")): Object 'Object Repository/Page_PSTO webMessenger/div_Haso musi mie przynajmniej 5 znakw' is visible

2021-12-21 18:07:19 - [MESSAGE][PASSED] - Object 'Object Repository/Page_PSTO webMessenger/div_Haso musi mie przynajmniej 5 znakw' is visible

2021-12-21 18:07:19 - [TEST_STEP][PASSED] - click(findTestObject("Object Repository/Page_PSTO webMessenger/a_Zarejestruj konto")): Object: 'Object Repository/Page_PSTO webMessenger/a_Zarejestruj konto' is clicked on

2021-12-21 18:07:19 - [MESSAGE][PASSED] - Object: 'Object Repository/Page_PSTO webMessenger/a_Zarejestruj konto' is clicked on

2021-12-21 18:07:19 - [TEST_STEP][PASSED] - data = Date().getTime(): null

2021-12-21 18:07:19 - [TEST_STEP][PASSED] - username = "Ameba" + data: null

2021-12-21 18:07:19 - [TEST_STEP][PASSED] - click(findTestObject("Object Repository/Page_PSTO webMessenger/a_Zarejestruj konto")): Object: 'Object Repository/Page_PSTO webMessenger/a_Zarejestruj konto' is clicked on

2021-12-21 18:07:20 - [MESSAGE][PASSED] - Object: 'Object Repository/Page_PSTO webMessenger/a_Zarejestruj konto' is clicked on

2021-12-21 18:07:20 - [TEST_STEP][PASSED] - setText(findTestObject("Object Repository/Page_PSTO webMessenger/input_Powrt do logowania_username"), username): Text 'Ameba1640106439685' is set on object 'Object Repository/Page_PSTO webMessenger/input_Powrt do logowania_username'

2021-12-21 18:07:21 - [MESSAGE][PASSED] - Text 'Ameba1640106439685' is set on object 'Object Repository/Page_PSTO webMessenger/input_Powrt do logowania_username'

2021-12-21 18:07:21 - [TEST_STEP][PASSED] - setText(findTestObject("Object Repository/Page_PSTO webMessenger/input_Powrt do logowania_pass1"), findTestData("Rejestracja/tabR2").getValue("password", row)): Text 'sy2' is set on object 'Object Repository/Page_PSTO webMessenger/input_Powrt do logowania_pass1'

2021-12-21 18:07:21 - [MESSAGE][PASSED] - Text 'sy2' is set on object 'Object Repository/Page_PSTO webMessenger/input_Powrt do logowania_pass1'

2021-12-21 18:07:21 - [TEST_STEP][PASSED] - setText(findTestObject("Object Repository/Page_PSTO webMessenger/input_Powrt do logowania_pass2"), findTestData("Rejestracja/tabR2").getValue("password2", row)): Text 'sy2' is set on object 'Object Repository/Page_PSTO webMessenger/input_Powrt do logowania_pass2'

2021-12-21 18:07:22 - [MESSAGE][PASSED] - Text 'sy2' is set on object 'Object Repository/Page_PSTO webMessenger/input_Powrt do logowania_pass2'

2021-12-21 18:07:22 - [TEST_STEP][PASSED] - setText(findTestObject("Object Repository/Page_PSTO webMessenger/input_Powrt do logowania_name"), findTestData("Rejestracja/tabR2").getValue("name", row)): Text 'Agata' is set on object 'Object Repository/Page_PSTO webMessenger/input_Powrt do logowania_name'

2021-12-21 18:07:23 - [MESSAGE][PASSED] - Text 'Agata' is set on object 'Object Repository/Page_PSTO webMessenger/input_Powrt do logowania_name'

2021-12-21 18:07:23 - [TEST_STEP][PASSED] - setText(findTestObject("Object Repository/Page_PSTO webMessenger/input_Powrt do logowania_surname"), findTestData("Rejestracja/tabR2").getValue("surname", row)): Text 'Razur' is set on object 'Object Repository/Page_PSTO webMessenger/input_Powrt do logowania_surname'

2021-12-21 18:07:24 - [MESSAGE][PASSED] - Text 'Razur' is set on object 'Object Repository/Page_PSTO webMessenger/input_Powrt do logowania_surname'

2021-12-21 18:07:24 - [TEST_STEP][PASSED] - setText(findTestObject("Object Repository/Page_PSTO webMessenger/input_Powrt do logowania_kodgrupy"), findTestData("Rejestracja/tabR2").getValue("group", row)): Text 'wsbgroup2ap' is set on object 'Object Repository/Page_PSTO webMessenger/input_Powrt do logowania_kodgrupy'

2021-12-21 18:07:24 - [MESSAGE][PASSED] - Text 'wsbgroup2ap' is set on object 'Object Repository/Page_PSTO webMessenger/input_Powrt do logowania_kodgrupy'

2021-12-21 18:07:24 - [TEST_STEP][PASSED] - click(findTestObject("Page_PSTO webMessenger/input_Powrt do logowania_register")): Object: 'Object Repository/Page_PSTO webMessenger/input_Powrt do logowania_register' is clicked on

2021-12-21 18:07:25 - [MESSAGE][PASSED] - Object: 'Object Repository/Page_PSTO webMessenger/input_Powrt do logowania_register' is clicked on

2021-12-21 18:07:25 - [TEST_STEP][PASSED] - delay(4): Delayed 4 second(s)

2021-12-21 18:07:29 - [MESSAGE][PASSED] - Delayed 4 second(s)

2021-12-21 18:07:29 - [TEST_STEP][PASSED] - verifyElementVisible(findTestObject("Page_PSTO webMessenger/div_Haso musi mie przynajmniej 5 znakw")): Object 'Object Repository/Page_PSTO webMessenger/div_Haso musi mie przynajmniej 5 znakw' is visible

2021-12-21 18:07:29 - [MESSAGE][PASSED] - Object 'Object Repository/Page_PSTO webMessenger/div_Haso musi mie przynajmniej 5 znakw' is visible

2021-12-21 18:07:29 - [TEST_STEP][PASSED] - click(findTestObject("Object Repository/Page_PSTO webMessenger/a_Zarejestruj konto")): Object: 'Object Repository/Page_PSTO webMessenger/a_Zarejestruj konto' is clicked on

2021-12-21 18:07:30 - [MESSAGE][PASSED] - Object: 'Object Repository/Page_PSTO webMessenger/a_Zarejestruj konto' is clicked on

2021-12-21 18:07:30 - [TEST_STEP][PASSED] - data = Date().getTime(): null

2021-12-21 18:07:30 - [TEST_STEP][PASSED] - username = "Ameba" + data: null

2021-12-21 18:07:30 - [TEST_STEP][PASSED] - click(findTestObject("Object Repository/Page_PSTO webMessenger/a_Zarejestruj konto")): Object: 'Object Repository/Page_PSTO webMessenger/a_Zarejestruj konto' is clicked on

2021-12-21 18:07:30 - [MESSAGE][PASSED] - Object: 'Object Repository/Page_PSTO webMessenger/a_Zarejestruj konto' is clicked on

2021-12-21 18:07:30 - [TEST_STEP][PASSED] - setText(findTestObject("Object Repository/Page_PSTO webMessenger/input_Powrt do logowania_username"), username): Text 'Ameba1640106450167' is set on object 'Object Repository/Page_PSTO webMessenger/input_Powrt do logowania_username'

2021-12-21 18:07:31 - [MESSAGE][PASSED] - Text 'Ameba1640106450167' is set on object 'Object Repository/Page_PSTO webMessenger/input_Powrt do logowania_username'

2021-12-21 18:07:31 - [TEST_STEP][PASSED] - setText(findTestObject("Object Repository/Page_PSTO webMessenger/input_Powrt do logowania_pass1"), findTestData("Rejestracja/tabR2").getValue("password", row)): Text 's5' is set on object 'Object Repository/Page_PSTO webMessenger/input_Powrt do logowania_pass1'

2021-12-21 18:07:32 - [MESSAGE][PASSED] - Text 's5' is set on object 'Object Repository/Page_PSTO webMessenger/input_Powrt do logowania_pass1'

2021-12-21 18:07:32 - [TEST_STEP][PASSED] - setText(findTestObject("Object Repository/Page_PSTO webMessenger/input_Powrt do logowania_pass2"), findTestData("Rejestracja/tabR2").getValue("password2", row)): Text 's5' is set on object 'Object Repository/Page_PSTO webMessenger/input_Powrt do logowania_pass2'

2021-12-21 18:07:32 - [MESSAGE][PASSED] - Text 's5' is set on object 'Object Repository/Page_PSTO webMessenger/input_Powrt do logowania_pass2'

2021-12-21 18:07:32 - [TEST_STEP][PASSED] - setText(findTestObject("Object Repository/Page_PSTO webMessenger/input_Powrt do logowania_name"), findTestData("Rejestracja/tabR2").getValue("name", row)): Text 'Agata' is set on object 'Object Repository/Page_PSTO webMessenger/input_Powrt do logowania_name'

2021-12-21 18:07:33 - [MESSAGE][PASSED] - Text 'Agata' is set on object 'Object Repository/Page_PSTO webMessenger/input_Powrt do logowania_name'

2021-12-21 18:07:33 - [TEST_STEP][PASSED] - setText(findTestObject("Object Repository/Page_PSTO webMessenger/input_Powrt do logowania_surname"), findTestData("Rejestracja/tabR2").getValue("surname", row)): Text 'Fazur' is set on object 'Object Repository/Page_PSTO webMessenger/input_Powrt do logowania_surname'

2021-12-21 18:07:34 - [MESSAGE][PASSED] - Text 'Fazur' is set on object 'Object Repository/Page_PSTO webMessenger/input_Powrt do logowania_surname'

2021-12-21 18:07:34 - [TEST_STEP][PASSED] - setText(findTestObject("Object Repository/Page_PSTO webMessenger/input_Powrt do logowania_kodgrupy"), findTestData("Rejestracja/tabR2").getValue("group", row)): Text 'wsbgroup2ap' is set on object 'Object Repository/Page_PSTO webMessenger/input_Powrt do logowania_kodgrupy'

2021-12-21 18:07:35 - [MESSAGE][PASSED] - Text 'wsbgroup2ap' is set on object 'Object Repository/Page_PSTO webMessenger/input_Powrt do logowania_kodgrupy'

2021-12-21 18:07:35 - [TEST_STEP][PASSED] - click(findTestObject("Page_PSTO webMessenger/input_Powrt do logowania_register")): Object: 'Object Repository/Page_PSTO webMessenger/input_Powrt do logowania_register' is clicked on

2021-12-21 18:07:36 - [MESSAGE][PASSED] - Object: 'Object Repository/Page_PSTO webMessenger/input_Powrt do logowania_register' is clicked on

2021-12-21 18:07:36 - [TEST_STEP][PASSED] - delay(4): Delayed 4 second(s)

2021-12-21 18:07:40 - [MESSAGE][PASSED] - Delayed 4 second(s)

2021-12-21 18:07:40 - [TEST_STEP][PASSED] - verifyElementVisible(findTestObject("Page_PSTO webMessenger/div_Haso musi mie przynajmniej 5 znakw")): Object 'Object Repository/Page_PSTO webMessenger/div_Haso musi mie przynajmniej 5 znakw' is visible

2021-12-21 18:07:40 - [MESSAGE][PASSED] - Object 'Object Repository/Page_PSTO webMessenger/div_Haso musi mie przynajmniej 5 znakw' is visible

2021-12-21 18:07:40 - [TEST_STEP][PASSED] - click(findTestObject("Object Repository/Page_PSTO webMessenger/a_Zarejestruj konto")): Object: 'Object Repository/Page_PSTO webMessenger/a_Zarejestruj konto' is clicked on

2021-12-21 18:07:41 - [MESSAGE][PASSED] - Object: 'Object Repository/Page_PSTO webMessenger/a_Zarejestruj konto' is clicked on

2021-12-21 18:07:41 - [TEST_STEP][PASSED] - data = Date().getTime(): null

2021-12-21 18:07:41 - [TEST_STEP][PASSED] - username = "Ameba" + data: null

2021-12-21 18:07:41 - [TEST_STEP][PASSED] - click(findTestObject("Object Repository/Page_PSTO webMessenger/a_Zarejestruj konto")): Object: 'Object Repository/Page_PSTO webMessenger/a_Zarejestruj konto' is clicked on

2021-12-21 18:07:41 - [MESSAGE][PASSED] - Object: 'Object Repository/Page_PSTO webMessenger/a_Zarejestruj konto' is clicked on

2021-12-21 18:07:41 - [TEST_STEP][PASSED] - setText(findTestObject("Object Repository/Page_PSTO webMessenger/input_Powrt do logowania_username"), username): Text 'Ameba1640106461129' is set on object 'Object Repository/Page_PSTO webMessenger/input_Powrt do logowania_username'

2021-12-21 18:07:42 - [MESSAGE][PASSED] - Text 'Ameba1640106461129' is set on object 'Object Repository/Page_PSTO webMessenger/input_Powrt do logowania_username'

2021-12-21 18:07:42 - [TEST_STEP][PASSED] - setText(findTestObject("Object Repository/Page_PSTO webMessenger/input_Powrt do logowania_pass1"), findTestData("Rejestracja/tabR2").getValue("password", row)): Text 'SYK1' is set on object 'Object Repository/Page_PSTO webMessenger/input_Powrt do logowania_pass1'

2021-12-21 18:07:43 - [MESSAGE][PASSED] - Text 'SYK1' is set on object 'Object Repository/Page_PSTO webMessenger/input_Powrt do logowania_pass1'

2021-12-21 18:07:43 - [TEST_STEP][PASSED] - setText(findTestObject("Object Repository/Page_PSTO webMessenger/input_Powrt do logowania_pass2"), findTestData("Rejestracja/tabR2").getValue("password2", row)): Text 'SYK1' is set on object 'Object Repository/Page_PSTO webMessenger/input_Powrt do logowania_pass2'

2021-12-21 18:07:44 - [MESSAGE][PASSED] - Text 'SYK1' is set on object 'Object Repository/Page_PSTO webMessenger/input_Powrt do logowania_pass2'

2021-12-21 18:07:44 - [TEST_STEP][PASSED] - setText(findTestObject("Object Repository/Page_PSTO webMessenger/input_Powrt do logowania_name"), findTestData("Rejestracja/tabR2").getValue("name", row)): Text 'Agata' is set on object 'Object Repository/Page_PSTO webMessenger/input_Powrt do logowania_name'

2021-12-21 18:07:44 - [MESSAGE][PASSED] - Text 'Agata' is set on object 'Object Repository/Page_PSTO webMessenger/input_Powrt do logowania_name'

2021-12-21 18:07:44 - [TEST_STEP][PASSED] - setText(findTestObject("Object Repository/Page_PSTO webMessenger/input_Powrt do logowania_surname"), findTestData("Rejestracja/tabR2").getValue("surname", row)): Text 'Sazur' is set on object 'Object Repository/Page_PSTO webMessenger/input_Powrt do logowania_surname'

2021-12-21 18:07:45 - [MESSAGE][PASSED] - Text 'Sazur' is set on object 'Object Repository/Page_PSTO webMessenger/input_Powrt do logowania_surname'

2021-12-21 18:07:45 - [TEST_STEP][PASSED] - setText(findTestObject("Object Repository/Page_PSTO webMessenger/input_Powrt do logowania_kodgrupy"), findTestData("Rejestracja/tabR2").getValue("group", row)): Text 'wsbgroup2ap' is set on object 'Object Repository/Page_PSTO webMessenger/input_Powrt do logowania_kodgrupy'

2021-12-21 18:07:46 - [MESSAGE][PASSED] - Text 'wsbgroup2ap' is set on object 'Object Repository/Page_PSTO webMessenger/input_Powrt do logowania_kodgrupy'

2021-12-21 18:07:46 - [TEST_STEP][PASSED] - click(findTestObject("Page_PSTO webMessenger/input_Powrt do logowania_register")): Object: 'Object Repository/Page_PSTO webMessenger/input_Powrt do logowania_register' is clicked on

2021-12-21 18:07:46 - [MESSAGE][PASSED] - Object: 'Object Repository/Page_PSTO webMessenger/input_Powrt do logowania_register' is clicked on

2021-12-21 18:07:46 - [TEST_STEP][PASSED] - delay(4): Delayed 4 second(s)

2021-12-21 18:07:50 - [MESSAGE][PASSED] - Delayed 4 second(s)

2021-12-21 18:07:50 - [TEST_STEP][PASSED] - verifyElementVisible(findTestObject("Page_PSTO webMessenger/div_Haso musi mie przynajmniej 5 znakw")): Object 'Object Repository/Page_PSTO webMessenger/div_Haso musi mie przynajmniej 5 znakw' is visible

2021-12-21 18:07:51 - [MESSAGE][PASSED] - Object 'Object Repository/Page_PSTO webMessenger/div_Haso musi mie przynajmniej 5 znakw' is visible

2021-12-21 18:07:51 - [TEST_STEP][PASSED] - click(findTestObject("Object Repository/Page_PSTO webMessenger/a_Zarejestruj konto")): Object: 'Object Repository/Page_PSTO webMessenger/a_Zarejestruj konto' is clicked on

2021-12-21 18:07:51 - [MESSAGE][PASSED] - Object: 'Object Repository/Page_PSTO webMessenger/a_Zarejestruj konto' is clicked on

2021-12-21 18:07:51 - [TEST_STEP][PASSED] - data = Date().getTime(): null

2021-12-21 18:07:51 - [TEST_STEP][PASSED] - username = "Ameba" + data: null

2021-12-21 18:07:51 - [TEST_STEP][PASSED] - click(findTestObject("Object Repository/Page_PSTO webMessenger/a_Zarejestruj konto")): Object: 'Object Repository/Page_PSTO webMessenger/a_Zarejestruj konto' is clicked on

2021-12-21 18:07:52 - [MESSAGE][PASSED] - Object: 'Object Repository/Page_PSTO webMessenger/a_Zarejestruj konto' is clicked on

2021-12-21 18:07:52 - [TEST_STEP][PASSED] - setText(findTestObject("Object Repository/Page_PSTO webMessenger/input_Powrt do logowania_username"), username): Text 'Ameba1640106471864' is set on object 'Object Repository/Page_PSTO webMessenger/input_Powrt do logowania_username'

2021-12-21 18:07:53 - [MESSAGE][PASSED] - Text 'Ameba1640106471864' is set on object 'Object Repository/Page_PSTO webMessenger/input_Powrt do logowania_username'

2021-12-21 18:07:53 - [TEST_STEP][PASSED] - setText(findTestObject("Object Repository/Page_PSTO webMessenger/input_Powrt do logowania_pass1"), findTestData("Rejestracja/tabR2").getValue("password", row)): Text 'sYk1' is set on object 'Object Repository/Page_PSTO webMessenger/input_Powrt do logowania_pass1'

2021-12-21 18:07:54 - [MESSAGE][PASSED] - Text 'sYk1' is set on object 'Object Repository/Page_PSTO webMessenger/input_Powrt do logowania_pass1'

2021-12-21 18:07:54 - [TEST_STEP][PASSED] - setText(findTestObject("Object Repository/Page_PSTO webMessenger/input_Powrt do logowania_pass2"), findTestData("Rejestracja/tabR2").getValue("password2", row)): Text 'sYk1' is set on object 'Object Repository/Page_PSTO webMessenger/input_Powrt do logowania_pass2'

2021-12-21 18:07:54 - [MESSAGE][PASSED] - Text 'sYk1' is set on object 'Object Repository/Page_PSTO webMessenger/input_Powrt do logowania_pass2'

2021-12-21 18:07:54 - [TEST_STEP][PASSED] - setText(findTestObject("Object Repository/Page_PSTO webMessenger/input_Powrt do logowania_name"), findTestData("Rejestracja/tabR2").getValue("name", row)): Text 'Agata' is set on object 'Object Repository/Page_PSTO webMessenger/input_Powrt do logowania_name'

2021-12-21 18:07:55 - [MESSAGE][PASSED] - Text 'Agata' is set on object 'Object Repository/Page_PSTO webMessenger/input_Powrt do logowania_name'

2021-12-21 18:07:55 - [TEST_STEP][PASSED] - setText(findTestObject("Object Repository/Page_PSTO webMessenger/input_Powrt do logowania_surname"), findTestData("Rejestracja/tabR2").getValue("surname", row)): Text 'Tazur' is set on object 'Object Repository/Page_PSTO webMessenger/input_Powrt do logowania_surname'

2021-12-21 18:07:56 - [MESSAGE][PASSED] - Text 'Tazur' is set on object 'Object Repository/Page_PSTO webMessenger/input_Powrt do logowania_surname'

2021-12-21 18:07:56 - [TEST_STEP][PASSED] - setText(findTestObject("Object Repository/Page_PSTO webMessenger/input_Powrt do logowania_kodgrupy"), findTestData("Rejestracja/tabR2").getValue("group", row)): Text 'wsbgroup2ap' is set on object 'Object Repository/Page_PSTO webMessenger/input_Powrt do logowania_kodgrupy'

2021-12-21 18:07:57 - [MESSAGE][PASSED] - Text 'wsbgroup2ap' is set on object 'Object Repository/Page_PSTO webMessenger/input_Powrt do logowania_kodgrupy'

2021-12-21 18:07:57 - [TEST_STEP][PASSED] - click(findTestObject("Page_PSTO webMessenger/input_Powrt do logowania_register")): Object: 'Object Repository/Page_PSTO webMessenger/input_Powrt do logowania_register' is clicked on

2021-12-21 18:07:57 - [MESSAGE][PASSED] - Object: 'Object Repository/Page_PSTO webMessenger/input_Powrt do logowania_register' is clicked on

2021-12-21 18:07:57 - [TEST_STEP][PASSED] - delay(4): Delayed 4 second(s)

2021-12-21 18:08:01 - [MESSAGE][PASSED] - Delayed 4 second(s)

2021-12-21 18:08:01 - [TEST_STEP][PASSED] - verifyElementVisible(findTestObject("Page_PSTO webMessenger/div_Haso musi mie przynajmniej 5 znakw")): Object 'Object Repository/Page_PSTO webMessenger/div_Haso musi mie przynajmniej 5 znakw' is visible

2021-12-21 18:08:02 - [MESSAGE][PASSED] - Object 'Object Repository/Page_PSTO webMessenger/div_Haso musi mie przynajmniej 5 znakw' is visible

2021-12-21 18:08:02 - [TEST_STEP][PASSED] - click(findTestObject("Object Repository/Page_PSTO webMessenger/a_Zarejestruj konto")): Object: 'Object Repository/Page_PSTO webMessenger/a_Zarejestruj konto' is clicked on

2021-12-21 18:08:02 - [MESSAGE][PASSED] - Object: 'Object Repository/Page_PSTO webMessenger/a_Zarejestruj konto' is clicked on

2021-12-21 18:08:02 - [TEST_STEP][PASSED] - closeBrowser(): Browser is closed

2021-12-21 18:08:03 - [MESSAGE][PASSED] - Browser is closed]]></system-out>
         <system-err><![CDATA[]]></system-err>
      </testcase>
      <testcase name="Test Cases/Rejestracja/R3" time="59.448" classname="Test Cases/Rejestracja/R3" status="PASSED">
         <system-out><![CDATA[2021-12-21 18:08:03 - [TEST_CASE][PASSED] - Test Cases/Rejestracja/R3: Test Cases/Rejestracja/R3

2021-12-21 18:08:04 - [TEST_STEP][PASSED] - openBrowser(""): Browser is opened with url: ''

2021-12-21 18:08:04 - [MESSAGE][INFO] - Starting 'Chrome' driver

2021-12-21 18:08:04 - [MESSAGE][INFO] - Action delay is set to 0 milliseconds

2021-12-21 18:08:06 - [MESSAGE][PASSED] - Browser is opened with url: ''

2021-12-21 18:08:06 - [TEST_STEP][PASSED] - navigateToUrl("http://kmg.hcm.pl/testowanie/index.html"): Navigate to 'http://kmg.hcm.pl/testowanie/index.html' successfully

2021-12-21 18:08:07 - [MESSAGE][PASSED] - Navigate to 'http://kmg.hcm.pl/testowanie/index.html' successfully

2021-12-21 18:08:07 - [TEST_STEP][PASSED] - for ([row = 1, row <= findTestData("Rejestracja/tabR3").getRowNumbers(), (row++)]): Object: 'Object Repository/Page_PSTO webMessenger/a_Zarejestruj konto' is clicked on

2021-12-21 18:08:07 - [TEST_STEP][PASSED] - data = Date().getTime(): null

2021-12-21 18:08:07 - [TEST_STEP][PASSED] - username = "Ameba" + data: null

2021-12-21 18:08:07 - [TEST_STEP][PASSED] - click(findTestObject("Object Repository/Page_PSTO webMessenger/a_Zarejestruj konto")): Object: 'Object Repository/Page_PSTO webMessenger/a_Zarejestruj konto' is clicked on

2021-12-21 18:08:08 - [MESSAGE][PASSED] - Object: 'Object Repository/Page_PSTO webMessenger/a_Zarejestruj konto' is clicked on

2021-12-21 18:08:08 - [TEST_STEP][PASSED] - setText(findTestObject("Object Repository/Page_PSTO webMessenger/input_Powrt do logowania_username"), username): Text 'Ameba1640106487328' is set on object 'Object Repository/Page_PSTO webMessenger/input_Powrt do logowania_username'

2021-12-21 18:08:08 - [MESSAGE][PASSED] - Text 'Ameba1640106487328' is set on object 'Object Repository/Page_PSTO webMessenger/input_Powrt do logowania_username'

2021-12-21 18:08:08 - [TEST_STEP][PASSED] - setText(findTestObject("Object Repository/Page_PSTO webMessenger/input_Powrt do logowania_pass1"), findTestData("Rejestracja/tabR3").getValue("password", row)): Text '' is set on object 'Object Repository/Page_PSTO webMessenger/input_Powrt do logowania_pass1'

2021-12-21 18:08:09 - [MESSAGE][PASSED] - Text '' is set on object 'Object Repository/Page_PSTO webMessenger/input_Powrt do logowania_pass1'

2021-12-21 18:08:09 - [TEST_STEP][PASSED] - setText(findTestObject("Object Repository/Page_PSTO webMessenger/input_Powrt do logowania_pass2"), findTestData("Rejestracja/tabR3").getValue("password2", row)): Text '' is set on object 'Object Repository/Page_PSTO webMessenger/input_Powrt do logowania_pass2'

2021-12-21 18:08:10 - [MESSAGE][PASSED] - Text '' is set on object 'Object Repository/Page_PSTO webMessenger/input_Powrt do logowania_pass2'

2021-12-21 18:08:10 - [TEST_STEP][PASSED] - setText(findTestObject("Object Repository/Page_PSTO webMessenger/input_Powrt do logowania_name"), findTestData("Rejestracja/tabR3").getValue("name", row)): Text 'Agata' is set on object 'Object Repository/Page_PSTO webMessenger/input_Powrt do logowania_name'

2021-12-21 18:08:11 - [MESSAGE][PASSED] - Text 'Agata' is set on object 'Object Repository/Page_PSTO webMessenger/input_Powrt do logowania_name'

2021-12-21 18:08:11 - [TEST_STEP][PASSED] - setText(findTestObject("Object Repository/Page_PSTO webMessenger/input_Powrt do logowania_surname"), findTestData("Rejestracja/tabR3").getValue("surname", row)): Text 'Łazur' is set on object 'Object Repository/Page_PSTO webMessenger/input_Powrt do logowania_surname'

2021-12-21 18:08:12 - [MESSAGE][PASSED] - Text 'Łazur' is set on object 'Object Repository/Page_PSTO webMessenger/input_Powrt do logowania_surname'

2021-12-21 18:08:12 - [TEST_STEP][PASSED] - setText(findTestObject("Object Repository/Page_PSTO webMessenger/input_Powrt do logowania_kodgrupy"), findTestData("Rejestracja/tabR3").getValue("group", row)): Text 'wsbgroup2ap' is set on object 'Object Repository/Page_PSTO webMessenger/input_Powrt do logowania_kodgrupy'

2021-12-21 18:08:13 - [MESSAGE][PASSED] - Text 'wsbgroup2ap' is set on object 'Object Repository/Page_PSTO webMessenger/input_Powrt do logowania_kodgrupy'

2021-12-21 18:08:13 - [TEST_STEP][PASSED] - click(findTestObject("Page_PSTO webMessenger/input_Powrt do logowania_register")): Object: 'Object Repository/Page_PSTO webMessenger/input_Powrt do logowania_register' is clicked on

2021-12-21 18:08:13 - [MESSAGE][PASSED] - Object: 'Object Repository/Page_PSTO webMessenger/input_Powrt do logowania_register' is clicked on

2021-12-21 18:08:13 - [TEST_STEP][PASSED] - delay(4): Delayed 4 second(s)

2021-12-21 18:08:17 - [MESSAGE][PASSED] - Delayed 4 second(s)

2021-12-21 18:08:17 - [TEST_STEP][PASSED] - verifyElementVisible(findTestObject("Page_PSTO webMessenger/div_Nie wypeniono wszystkich pl")): Object 'Object Repository/Page_PSTO webMessenger/div_Nie wypeniono wszystkich pl' is visible

2021-12-21 18:08:18 - [MESSAGE][PASSED] - Object 'Object Repository/Page_PSTO webMessenger/div_Nie wypeniono wszystkich pl' is visible

2021-12-21 18:08:18 - [TEST_STEP][PASSED] - click(findTestObject("Object Repository/Page_PSTO webMessenger/a_Zarejestruj konto")): Object: 'Object Repository/Page_PSTO webMessenger/a_Zarejestruj konto' is clicked on

2021-12-21 18:08:18 - [MESSAGE][PASSED] - Object: 'Object Repository/Page_PSTO webMessenger/a_Zarejestruj konto' is clicked on

2021-12-21 18:08:18 - [TEST_STEP][PASSED] - data = Date().getTime(): null

2021-12-21 18:08:18 - [TEST_STEP][PASSED] - username = "Ameba" + data: null

2021-12-21 18:08:18 - [TEST_STEP][PASSED] - click(findTestObject("Object Repository/Page_PSTO webMessenger/a_Zarejestruj konto")): Object: 'Object Repository/Page_PSTO webMessenger/a_Zarejestruj konto' is clicked on

2021-12-21 18:08:19 - [MESSAGE][PASSED] - Object: 'Object Repository/Page_PSTO webMessenger/a_Zarejestruj konto' is clicked on

2021-12-21 18:08:19 - [TEST_STEP][PASSED] - setText(findTestObject("Object Repository/Page_PSTO webMessenger/input_Powrt do logowania_username"), username): Text 'Ameba1640106498769' is set on object 'Object Repository/Page_PSTO webMessenger/input_Powrt do logowania_username'

2021-12-21 18:08:20 - [MESSAGE][PASSED] - Text 'Ameba1640106498769' is set on object 'Object Repository/Page_PSTO webMessenger/input_Powrt do logowania_username'

2021-12-21 18:08:20 - [TEST_STEP][PASSED] - setText(findTestObject("Object Repository/Page_PSTO webMessenger/input_Powrt do logowania_pass1"), findTestData("Rejestracja/tabR3").getValue("password", row)): Text '' is set on object 'Object Repository/Page_PSTO webMessenger/input_Powrt do logowania_pass1'

2021-12-21 18:08:20 - [MESSAGE][PASSED] - Text '' is set on object 'Object Repository/Page_PSTO webMessenger/input_Powrt do logowania_pass1'

2021-12-21 18:08:20 - [TEST_STEP][PASSED] - setText(findTestObject("Object Repository/Page_PSTO webMessenger/input_Powrt do logowania_pass2"), findTestData("Rejestracja/tabR3").getValue("password2", row)): Text '' is set on object 'Object Repository/Page_PSTO webMessenger/input_Powrt do logowania_pass2'

2021-12-21 18:08:21 - [MESSAGE][PASSED] - Text '' is set on object 'Object Repository/Page_PSTO webMessenger/input_Powrt do logowania_pass2'

2021-12-21 18:08:21 - [TEST_STEP][PASSED] - setText(findTestObject("Object Repository/Page_PSTO webMessenger/input_Powrt do logowania_name"), findTestData("Rejestracja/tabR3").getValue("name", row)): Text 'Agata' is set on object 'Object Repository/Page_PSTO webMessenger/input_Powrt do logowania_name'

2021-12-21 18:08:22 - [MESSAGE][PASSED] - Text 'Agata' is set on object 'Object Repository/Page_PSTO webMessenger/input_Powrt do logowania_name'

2021-12-21 18:08:22 - [TEST_STEP][PASSED] - setText(findTestObject("Object Repository/Page_PSTO webMessenger/input_Powrt do logowania_surname"), findTestData("Rejestracja/tabR3").getValue("surname", row)): Text 'Razur' is set on object 'Object Repository/Page_PSTO webMessenger/input_Powrt do logowania_surname'

2021-12-21 18:08:23 - [MESSAGE][PASSED] - Text 'Razur' is set on object 'Object Repository/Page_PSTO webMessenger/input_Powrt do logowania_surname'

2021-12-21 18:08:23 - [TEST_STEP][PASSED] - setText(findTestObject("Object Repository/Page_PSTO webMessenger/input_Powrt do logowania_kodgrupy"), findTestData("Rejestracja/tabR3").getValue("group", row)): Text 'wsbgroup2ap' is set on object 'Object Repository/Page_PSTO webMessenger/input_Powrt do logowania_kodgrupy'

2021-12-21 18:08:24 - [MESSAGE][PASSED] - Text 'wsbgroup2ap' is set on object 'Object Repository/Page_PSTO webMessenger/input_Powrt do logowania_kodgrupy'

2021-12-21 18:08:24 - [TEST_STEP][PASSED] - click(findTestObject("Page_PSTO webMessenger/input_Powrt do logowania_register")): Object: 'Object Repository/Page_PSTO webMessenger/input_Powrt do logowania_register' is clicked on

2021-12-21 18:08:24 - [MESSAGE][PASSED] - Object: 'Object Repository/Page_PSTO webMessenger/input_Powrt do logowania_register' is clicked on

2021-12-21 18:08:24 - [TEST_STEP][PASSED] - delay(4): Delayed 4 second(s)

2021-12-21 18:08:28 - [MESSAGE][PASSED] - Delayed 4 second(s)

2021-12-21 18:08:28 - [TEST_STEP][PASSED] - verifyElementVisible(findTestObject("Page_PSTO webMessenger/div_Nie wypeniono wszystkich pl")): Object 'Object Repository/Page_PSTO webMessenger/div_Nie wypeniono wszystkich pl' is visible

2021-12-21 18:08:29 - [MESSAGE][PASSED] - Object 'Object Repository/Page_PSTO webMessenger/div_Nie wypeniono wszystkich pl' is visible

2021-12-21 18:08:29 - [TEST_STEP][PASSED] - click(findTestObject("Object Repository/Page_PSTO webMessenger/a_Zarejestruj konto")): Object: 'Object Repository/Page_PSTO webMessenger/a_Zarejestruj konto' is clicked on

2021-12-21 18:08:29 - [MESSAGE][PASSED] - Object: 'Object Repository/Page_PSTO webMessenger/a_Zarejestruj konto' is clicked on

2021-12-21 18:08:29 - [TEST_STEP][PASSED] - data = Date().getTime(): null

2021-12-21 18:08:29 - [TEST_STEP][PASSED] - username = "Ameba" + data: null

2021-12-21 18:08:29 - [TEST_STEP][PASSED] - click(findTestObject("Object Repository/Page_PSTO webMessenger/a_Zarejestruj konto")): Object: 'Object Repository/Page_PSTO webMessenger/a_Zarejestruj konto' is clicked on

2021-12-21 18:08:30 - [MESSAGE][PASSED] - Object: 'Object Repository/Page_PSTO webMessenger/a_Zarejestruj konto' is clicked on

2021-12-21 18:08:30 - [TEST_STEP][PASSED] - setText(findTestObject("Object Repository/Page_PSTO webMessenger/input_Powrt do logowania_username"), username): Text 'Ameba1640106509692' is set on object 'Object Repository/Page_PSTO webMessenger/input_Powrt do logowania_username'

2021-12-21 18:08:31 - [MESSAGE][PASSED] - Text 'Ameba1640106509692' is set on object 'Object Repository/Page_PSTO webMessenger/input_Powrt do logowania_username'

2021-12-21 18:08:31 - [TEST_STEP][PASSED] - setText(findTestObject("Object Repository/Page_PSTO webMessenger/input_Powrt do logowania_pass1"), findTestData("Rejestracja/tabR3").getValue("password", row)): Text '' is set on object 'Object Repository/Page_PSTO webMessenger/input_Powrt do logowania_pass1'

2021-12-21 18:08:31 - [MESSAGE][PASSED] - Text '' is set on object 'Object Repository/Page_PSTO webMessenger/input_Powrt do logowania_pass1'

2021-12-21 18:08:31 - [TEST_STEP][PASSED] - setText(findTestObject("Object Repository/Page_PSTO webMessenger/input_Powrt do logowania_pass2"), findTestData("Rejestracja/tabR3").getValue("password2", row)): Text '' is set on object 'Object Repository/Page_PSTO webMessenger/input_Powrt do logowania_pass2'

2021-12-21 18:08:32 - [MESSAGE][PASSED] - Text '' is set on object 'Object Repository/Page_PSTO webMessenger/input_Powrt do logowania_pass2'

2021-12-21 18:08:32 - [TEST_STEP][PASSED] - setText(findTestObject("Object Repository/Page_PSTO webMessenger/input_Powrt do logowania_name"), findTestData("Rejestracja/tabR3").getValue("name", row)): Text 'Agata' is set on object 'Object Repository/Page_PSTO webMessenger/input_Powrt do logowania_name'

2021-12-21 18:08:33 - [MESSAGE][PASSED] - Text 'Agata' is set on object 'Object Repository/Page_PSTO webMessenger/input_Powrt do logowania_name'

2021-12-21 18:08:33 - [TEST_STEP][PASSED] - setText(findTestObject("Object Repository/Page_PSTO webMessenger/input_Powrt do logowania_surname"), findTestData("Rejestracja/tabR3").getValue("surname", row)): Text 'Fazur' is set on object 'Object Repository/Page_PSTO webMessenger/input_Powrt do logowania_surname'

2021-12-21 18:08:34 - [MESSAGE][PASSED] - Text 'Fazur' is set on object 'Object Repository/Page_PSTO webMessenger/input_Powrt do logowania_surname'

2021-12-21 18:08:34 - [TEST_STEP][PASSED] - setText(findTestObject("Object Repository/Page_PSTO webMessenger/input_Powrt do logowania_kodgrupy"), findTestData("Rejestracja/tabR3").getValue("group", row)): Text 'wsbgroup2ap' is set on object 'Object Repository/Page_PSTO webMessenger/input_Powrt do logowania_kodgrupy'

2021-12-21 18:08:34 - [MESSAGE][PASSED] - Text 'wsbgroup2ap' is set on object 'Object Repository/Page_PSTO webMessenger/input_Powrt do logowania_kodgrupy'

2021-12-21 18:08:34 - [TEST_STEP][PASSED] - click(findTestObject("Page_PSTO webMessenger/input_Powrt do logowania_register")): Object: 'Object Repository/Page_PSTO webMessenger/input_Powrt do logowania_register' is clicked on

2021-12-21 18:08:35 - [MESSAGE][PASSED] - Object: 'Object Repository/Page_PSTO webMessenger/input_Powrt do logowania_register' is clicked on

2021-12-21 18:08:35 - [TEST_STEP][PASSED] - delay(4): Delayed 4 second(s)

2021-12-21 18:08:39 - [MESSAGE][PASSED] - Delayed 4 second(s)

2021-12-21 18:08:39 - [TEST_STEP][PASSED] - verifyElementVisible(findTestObject("Page_PSTO webMessenger/div_Nie wypeniono wszystkich pl")): Object 'Object Repository/Page_PSTO webMessenger/div_Nie wypeniono wszystkich pl' is visible

2021-12-21 18:08:39 - [MESSAGE][PASSED] - Object 'Object Repository/Page_PSTO webMessenger/div_Nie wypeniono wszystkich pl' is visible

2021-12-21 18:08:39 - [TEST_STEP][PASSED] - click(findTestObject("Object Repository/Page_PSTO webMessenger/a_Zarejestruj konto")): Object: 'Object Repository/Page_PSTO webMessenger/a_Zarejestruj konto' is clicked on

2021-12-21 18:08:40 - [MESSAGE][PASSED] - Object: 'Object Repository/Page_PSTO webMessenger/a_Zarejestruj konto' is clicked on

2021-12-21 18:08:40 - [TEST_STEP][PASSED] - data = Date().getTime(): null

2021-12-21 18:08:40 - [TEST_STEP][PASSED] - username = "Ameba" + data: null

2021-12-21 18:08:40 - [TEST_STEP][PASSED] - click(findTestObject("Object Repository/Page_PSTO webMessenger/a_Zarejestruj konto")): Object: 'Object Repository/Page_PSTO webMessenger/a_Zarejestruj konto' is clicked on

2021-12-21 18:08:41 - [MESSAGE][PASSED] - Object: 'Object Repository/Page_PSTO webMessenger/a_Zarejestruj konto' is clicked on

2021-12-21 18:08:41 - [TEST_STEP][PASSED] - setText(findTestObject("Object Repository/Page_PSTO webMessenger/input_Powrt do logowania_username"), username): Text 'Ameba1640106520549' is set on object 'Object Repository/Page_PSTO webMessenger/input_Powrt do logowania_username'

2021-12-21 18:08:41 - [MESSAGE][PASSED] - Text 'Ameba1640106520549' is set on object 'Object Repository/Page_PSTO webMessenger/input_Powrt do logowania_username'

2021-12-21 18:08:41 - [TEST_STEP][PASSED] - setText(findTestObject("Object Repository/Page_PSTO webMessenger/input_Powrt do logowania_pass1"), findTestData("Rejestracja/tabR3").getValue("password", row)): Text '' is set on object 'Object Repository/Page_PSTO webMessenger/input_Powrt do logowania_pass1'

2021-12-21 18:08:42 - [MESSAGE][PASSED] - Text '' is set on object 'Object Repository/Page_PSTO webMessenger/input_Powrt do logowania_pass1'

2021-12-21 18:08:42 - [TEST_STEP][PASSED] - setText(findTestObject("Object Repository/Page_PSTO webMessenger/input_Powrt do logowania_pass2"), findTestData("Rejestracja/tabR3").getValue("password2", row)): Text '' is set on object 'Object Repository/Page_PSTO webMessenger/input_Powrt do logowania_pass2'

2021-12-21 18:08:43 - [MESSAGE][PASSED] - Text '' is set on object 'Object Repository/Page_PSTO webMessenger/input_Powrt do logowania_pass2'

2021-12-21 18:08:43 - [TEST_STEP][PASSED] - setText(findTestObject("Object Repository/Page_PSTO webMessenger/input_Powrt do logowania_name"), findTestData("Rejestracja/tabR3").getValue("name", row)): Text 'Agata' is set on object 'Object Repository/Page_PSTO webMessenger/input_Powrt do logowania_name'

2021-12-21 18:08:44 - [MESSAGE][PASSED] - Text 'Agata' is set on object 'Object Repository/Page_PSTO webMessenger/input_Powrt do logowania_name'

2021-12-21 18:08:44 - [TEST_STEP][PASSED] - setText(findTestObject("Object Repository/Page_PSTO webMessenger/input_Powrt do logowania_surname"), findTestData("Rejestracja/tabR3").getValue("surname", row)): Text 'Sazur' is set on object 'Object Repository/Page_PSTO webMessenger/input_Powrt do logowania_surname'

2021-12-21 18:08:45 - [MESSAGE][PASSED] - Text 'Sazur' is set on object 'Object Repository/Page_PSTO webMessenger/input_Powrt do logowania_surname'

2021-12-21 18:08:45 - [TEST_STEP][PASSED] - setText(findTestObject("Object Repository/Page_PSTO webMessenger/input_Powrt do logowania_kodgrupy"), findTestData("Rejestracja/tabR3").getValue("group", row)): Text 'wsbgroup2ap' is set on object 'Object Repository/Page_PSTO webMessenger/input_Powrt do logowania_kodgrupy'

2021-12-21 18:08:46 - [MESSAGE][PASSED] - Text 'wsbgroup2ap' is set on object 'Object Repository/Page_PSTO webMessenger/input_Powrt do logowania_kodgrupy'

2021-12-21 18:08:46 - [TEST_STEP][PASSED] - click(findTestObject("Page_PSTO webMessenger/input_Powrt do logowania_register")): Object: 'Object Repository/Page_PSTO webMessenger/input_Powrt do logowania_register' is clicked on

2021-12-21 18:08:46 - [MESSAGE][PASSED] - Object: 'Object Repository/Page_PSTO webMessenger/input_Powrt do logowania_register' is clicked on

2021-12-21 18:08:46 - [TEST_STEP][PASSED] - delay(4): Delayed 4 second(s)

2021-12-21 18:08:50 - [MESSAGE][PASSED] - Delayed 4 second(s)

2021-12-21 18:08:50 - [TEST_STEP][PASSED] - verifyElementVisible(findTestObject("Page_PSTO webMessenger/div_Nie wypeniono wszystkich pl")): Object 'Object Repository/Page_PSTO webMessenger/div_Nie wypeniono wszystkich pl' is visible

2021-12-21 18:08:50 - [MESSAGE][PASSED] - Object 'Object Repository/Page_PSTO webMessenger/div_Nie wypeniono wszystkich pl' is visible

2021-12-21 18:08:50 - [TEST_STEP][PASSED] - click(findTestObject("Object Repository/Page_PSTO webMessenger/a_Zarejestruj konto")): Object: 'Object Repository/Page_PSTO webMessenger/a_Zarejestruj konto' is clicked on

2021-12-21 18:08:51 - [MESSAGE][PASSED] - Object: 'Object Repository/Page_PSTO webMessenger/a_Zarejestruj konto' is clicked on

2021-12-21 18:08:51 - [TEST_STEP][PASSED] - data = Date().getTime(): null

2021-12-21 18:08:51 - [TEST_STEP][PASSED] - username = "Ameba" + data: null

2021-12-21 18:08:51 - [TEST_STEP][PASSED] - click(findTestObject("Object Repository/Page_PSTO webMessenger/a_Zarejestruj konto")): Object: 'Object Repository/Page_PSTO webMessenger/a_Zarejestruj konto' is clicked on

2021-12-21 18:08:52 - [MESSAGE][PASSED] - Object: 'Object Repository/Page_PSTO webMessenger/a_Zarejestruj konto' is clicked on

2021-12-21 18:08:52 - [TEST_STEP][PASSED] - setText(findTestObject("Object Repository/Page_PSTO webMessenger/input_Powrt do logowania_username"), username): Text 'Ameba1640106531602' is set on object 'Object Repository/Page_PSTO webMessenger/input_Powrt do logowania_username'

2021-12-21 18:08:52 - [MESSAGE][PASSED] - Text 'Ameba1640106531602' is set on object 'Object Repository/Page_PSTO webMessenger/input_Powrt do logowania_username'

2021-12-21 18:08:52 - [TEST_STEP][PASSED] - setText(findTestObject("Object Repository/Page_PSTO webMessenger/input_Powrt do logowania_pass1"), findTestData("Rejestracja/tabR3").getValue("password", row)): Text '' is set on object 'Object Repository/Page_PSTO webMessenger/input_Powrt do logowania_pass1'

2021-12-21 18:08:53 - [MESSAGE][PASSED] - Text '' is set on object 'Object Repository/Page_PSTO webMessenger/input_Powrt do logowania_pass1'

2021-12-21 18:08:53 - [TEST_STEP][PASSED] - setText(findTestObject("Object Repository/Page_PSTO webMessenger/input_Powrt do logowania_pass2"), findTestData("Rejestracja/tabR3").getValue("password2", row)): Text '' is set on object 'Object Repository/Page_PSTO webMessenger/input_Powrt do logowania_pass2'

2021-12-21 18:08:54 - [MESSAGE][PASSED] - Text '' is set on object 'Object Repository/Page_PSTO webMessenger/input_Powrt do logowania_pass2'

2021-12-21 18:08:54 - [TEST_STEP][PASSED] - setText(findTestObject("Object Repository/Page_PSTO webMessenger/input_Powrt do logowania_name"), findTestData("Rejestracja/tabR3").getValue("name", row)): Text 'Agata' is set on object 'Object Repository/Page_PSTO webMessenger/input_Powrt do logowania_name'

2021-12-21 18:08:55 - [MESSAGE][PASSED] - Text 'Agata' is set on object 'Object Repository/Page_PSTO webMessenger/input_Powrt do logowania_name'

2021-12-21 18:08:55 - [TEST_STEP][PASSED] - setText(findTestObject("Object Repository/Page_PSTO webMessenger/input_Powrt do logowania_surname"), findTestData("Rejestracja/tabR3").getValue("surname", row)): Text 'Tazur' is set on object 'Object Repository/Page_PSTO webMessenger/input_Powrt do logowania_surname'

2021-12-21 18:08:56 - [MESSAGE][PASSED] - Text 'Tazur' is set on object 'Object Repository/Page_PSTO webMessenger/input_Powrt do logowania_surname'

2021-12-21 18:08:56 - [TEST_STEP][PASSED] - setText(findTestObject("Object Repository/Page_PSTO webMessenger/input_Powrt do logowania_kodgrupy"), findTestData("Rejestracja/tabR3").getValue("group", row)): Text 'wsbgroup2ap' is set on object 'Object Repository/Page_PSTO webMessenger/input_Powrt do logowania_kodgrupy'

2021-12-21 18:08:56 - [MESSAGE][PASSED] - Text 'wsbgroup2ap' is set on object 'Object Repository/Page_PSTO webMessenger/input_Powrt do logowania_kodgrupy'

2021-12-21 18:08:56 - [TEST_STEP][PASSED] - click(findTestObject("Page_PSTO webMessenger/input_Powrt do logowania_register")): Object: 'Object Repository/Page_PSTO webMessenger/input_Powrt do logowania_register' is clicked on

2021-12-21 18:08:57 - [MESSAGE][PASSED] - Object: 'Object Repository/Page_PSTO webMessenger/input_Powrt do logowania_register' is clicked on

2021-12-21 18:08:57 - [TEST_STEP][PASSED] - delay(4): Delayed 4 second(s)

2021-12-21 18:09:01 - [MESSAGE][PASSED] - Delayed 4 second(s)

2021-12-21 18:09:01 - [TEST_STEP][PASSED] - verifyElementVisible(findTestObject("Page_PSTO webMessenger/div_Nie wypeniono wszystkich pl")): Object 'Object Repository/Page_PSTO webMessenger/div_Nie wypeniono wszystkich pl' is visible

2021-12-21 18:09:01 - [MESSAGE][PASSED] - Object 'Object Repository/Page_PSTO webMessenger/div_Nie wypeniono wszystkich pl' is visible

2021-12-21 18:09:01 - [TEST_STEP][PASSED] - click(findTestObject("Object Repository/Page_PSTO webMessenger/a_Zarejestruj konto")): Object: 'Object Repository/Page_PSTO webMessenger/a_Zarejestruj konto' is clicked on

2021-12-21 18:09:02 - [MESSAGE][PASSED] - Object: 'Object Repository/Page_PSTO webMessenger/a_Zarejestruj konto' is clicked on

2021-12-21 18:09:02 - [TEST_STEP][PASSED] - closeBrowser(): Browser is closed

2021-12-21 18:09:03 - [MESSAGE][PASSED] - Browser is closed]]></system-out>
         <system-err><![CDATA[]]></system-err>
      </testcase>
      <testcase name="Test Cases/Rejestracja/R4" time="61.697" classname="Test Cases/Rejestracja/R4" status="PASSED">
         <system-out><![CDATA[2021-12-21 18:09:03 - [TEST_CASE][PASSED] - Test Cases/Rejestracja/R4: Test Cases/Rejestracja/R4

2021-12-21 18:09:03 - [TEST_STEP][PASSED] - openBrowser(""): Browser is opened with url: ''

2021-12-21 18:09:03 - [MESSAGE][INFO] - Starting 'Chrome' driver

2021-12-21 18:09:03 - [MESSAGE][INFO] - Action delay is set to 0 milliseconds

2021-12-21 18:09:05 - [MESSAGE][PASSED] - Browser is opened with url: ''

2021-12-21 18:09:05 - [TEST_STEP][PASSED] - navigateToUrl("http://kmg.hcm.pl/testowanie/index.html"): Navigate to 'http://kmg.hcm.pl/testowanie/index.html' successfully

2021-12-21 18:09:06 - [MESSAGE][PASSED] - Navigate to 'http://kmg.hcm.pl/testowanie/index.html' successfully

2021-12-21 18:09:06 - [TEST_STEP][PASSED] - for ([row = 1, row <= findTestData("Rejestracja/tabR4").getRowNumbers(), (row++)]): Object: 'Object Repository/Page_PSTO webMessenger/a_Zarejestruj konto' is clicked on

2021-12-21 18:09:06 - [TEST_STEP][PASSED] - data = Date().getTime(): null

2021-12-21 18:09:06 - [TEST_STEP][PASSED] - username = "Ameba" + data: null

2021-12-21 18:09:06 - [TEST_STEP][PASSED] - click(findTestObject("Object Repository/Page_PSTO webMessenger/a_Zarejestruj konto")): Object: 'Object Repository/Page_PSTO webMessenger/a_Zarejestruj konto' is clicked on

2021-12-21 18:09:07 - [MESSAGE][PASSED] - Object: 'Object Repository/Page_PSTO webMessenger/a_Zarejestruj konto' is clicked on

2021-12-21 18:09:07 - [TEST_STEP][PASSED] - setText(findTestObject("Object Repository/Page_PSTO webMessenger/input_Powrt do logowania_username"), username): Text 'Ameba1640106546931' is set on object 'Object Repository/Page_PSTO webMessenger/input_Powrt do logowania_username'

2021-12-21 18:09:08 - [MESSAGE][PASSED] - Text 'Ameba1640106546931' is set on object 'Object Repository/Page_PSTO webMessenger/input_Powrt do logowania_username'

2021-12-21 18:09:08 - [TEST_STEP][PASSED] - setText(findTestObject("Object Repository/Page_PSTO webMessenger/input_Powrt do logowania_pass1"), findTestData("Rejestracja/tabR4").getValue("password", row)): Text 'startStop1' is set on object 'Object Repository/Page_PSTO webMessenger/input_Powrt do logowania_pass1'

2021-12-21 18:09:09 - [MESSAGE][PASSED] - Text 'startStop1' is set on object 'Object Repository/Page_PSTO webMessenger/input_Powrt do logowania_pass1'

2021-12-21 18:09:09 - [TEST_STEP][PASSED] - setText(findTestObject("Object Repository/Page_PSTO webMessenger/input_Powrt do logowania_pass2"), findTestData("Rejestracja/tabR4").getValue("password2", row)): Text '' is set on object 'Object Repository/Page_PSTO webMessenger/input_Powrt do logowania_pass2'

2021-12-21 18:09:10 - [MESSAGE][PASSED] - Text '' is set on object 'Object Repository/Page_PSTO webMessenger/input_Powrt do logowania_pass2'

2021-12-21 18:09:10 - [TEST_STEP][PASSED] - setText(findTestObject("Object Repository/Page_PSTO webMessenger/input_Powrt do logowania_name"), findTestData("Rejestracja/tabR4").getValue("name", row)): Text 'Agata' is set on object 'Object Repository/Page_PSTO webMessenger/input_Powrt do logowania_name'

2021-12-21 18:09:10 - [MESSAGE][PASSED] - Text 'Agata' is set on object 'Object Repository/Page_PSTO webMessenger/input_Powrt do logowania_name'

2021-12-21 18:09:10 - [TEST_STEP][PASSED] - setText(findTestObject("Object Repository/Page_PSTO webMessenger/input_Powrt do logowania_surname"), findTestData("Rejestracja/tabR4").getValue("surname", row)): Text 'Łazur' is set on object 'Object Repository/Page_PSTO webMessenger/input_Powrt do logowania_surname'

2021-12-21 18:09:11 - [MESSAGE][PASSED] - Text 'Łazur' is set on object 'Object Repository/Page_PSTO webMessenger/input_Powrt do logowania_surname'

2021-12-21 18:09:11 - [TEST_STEP][PASSED] - setText(findTestObject("Object Repository/Page_PSTO webMessenger/input_Powrt do logowania_kodgrupy"), findTestData("Rejestracja/tabR4").getValue("group", row)): Text 'wsbgroup2ap' is set on object 'Object Repository/Page_PSTO webMessenger/input_Powrt do logowania_kodgrupy'

2021-12-21 18:09:12 - [MESSAGE][PASSED] - Text 'wsbgroup2ap' is set on object 'Object Repository/Page_PSTO webMessenger/input_Powrt do logowania_kodgrupy'

2021-12-21 18:09:12 - [TEST_STEP][PASSED] - click(findTestObject("Page_PSTO webMessenger/input_Powrt do logowania_register")): Object: 'Object Repository/Page_PSTO webMessenger/input_Powrt do logowania_register' is clicked on

2021-12-21 18:09:13 - [MESSAGE][PASSED] - Object: 'Object Repository/Page_PSTO webMessenger/input_Powrt do logowania_register' is clicked on

2021-12-21 18:09:13 - [TEST_STEP][PASSED] - delay(4): Delayed 4 second(s)

2021-12-21 18:09:17 - [MESSAGE][PASSED] - Delayed 4 second(s)

2021-12-21 18:09:17 - [TEST_STEP][PASSED] - verifyElementVisible(findTestObject("Page_PSTO webMessenger/p_Nie wypeniono wszystkich plPodane Hasa rni si")): Object 'Object Repository/Page_PSTO webMessenger/p_Nie wypeniono wszystkich plPodane Hasa rni si' is visible

2021-12-21 18:09:17 - [MESSAGE][PASSED] - Object 'Object Repository/Page_PSTO webMessenger/p_Nie wypeniono wszystkich plPodane Hasa rni si' is visible

2021-12-21 18:09:17 - [TEST_STEP][PASSED] - click(findTestObject("Object Repository/Page_PSTO webMessenger/a_Zarejestruj konto")): Object: 'Object Repository/Page_PSTO webMessenger/a_Zarejestruj konto' is clicked on

2021-12-21 18:09:18 - [MESSAGE][PASSED] - Object: 'Object Repository/Page_PSTO webMessenger/a_Zarejestruj konto' is clicked on

2021-12-21 18:09:18 - [TEST_STEP][PASSED] - data = Date().getTime(): null

2021-12-21 18:09:18 - [TEST_STEP][PASSED] - username = "Ameba" + data: null

2021-12-21 18:09:18 - [TEST_STEP][PASSED] - click(findTestObject("Object Repository/Page_PSTO webMessenger/a_Zarejestruj konto")): Object: 'Object Repository/Page_PSTO webMessenger/a_Zarejestruj konto' is clicked on

2021-12-21 18:09:18 - [MESSAGE][PASSED] - Object: 'Object Repository/Page_PSTO webMessenger/a_Zarejestruj konto' is clicked on

2021-12-21 18:09:18 - [TEST_STEP][PASSED] - setText(findTestObject("Object Repository/Page_PSTO webMessenger/input_Powrt do logowania_username"), username): Text 'Ameba1640106558309' is set on object 'Object Repository/Page_PSTO webMessenger/input_Powrt do logowania_username'

2021-12-21 18:09:19 - [MESSAGE][PASSED] - Text 'Ameba1640106558309' is set on object 'Object Repository/Page_PSTO webMessenger/input_Powrt do logowania_username'

2021-12-21 18:09:19 - [TEST_STEP][PASSED] - setText(findTestObject("Object Repository/Page_PSTO webMessenger/input_Powrt do logowania_pass1"), findTestData("Rejestracja/tabR4").getValue("password", row)): Text 'startStop2' is set on object 'Object Repository/Page_PSTO webMessenger/input_Powrt do logowania_pass1'

2021-12-21 18:09:20 - [MESSAGE][PASSED] - Text 'startStop2' is set on object 'Object Repository/Page_PSTO webMessenger/input_Powrt do logowania_pass1'

2021-12-21 18:09:20 - [TEST_STEP][PASSED] - setText(findTestObject("Object Repository/Page_PSTO webMessenger/input_Powrt do logowania_pass2"), findTestData("Rejestracja/tabR4").getValue("password2", row)): Text '' is set on object 'Object Repository/Page_PSTO webMessenger/input_Powrt do logowania_pass2'

2021-12-21 18:09:21 - [MESSAGE][PASSED] - Text '' is set on object 'Object Repository/Page_PSTO webMessenger/input_Powrt do logowania_pass2'

2021-12-21 18:09:21 - [TEST_STEP][PASSED] - setText(findTestObject("Object Repository/Page_PSTO webMessenger/input_Powrt do logowania_name"), findTestData("Rejestracja/tabR4").getValue("name", row)): Text 'Agata' is set on object 'Object Repository/Page_PSTO webMessenger/input_Powrt do logowania_name'

2021-12-21 18:09:22 - [MESSAGE][PASSED] - Text 'Agata' is set on object 'Object Repository/Page_PSTO webMessenger/input_Powrt do logowania_name'

2021-12-21 18:09:22 - [TEST_STEP][PASSED] - setText(findTestObject("Object Repository/Page_PSTO webMessenger/input_Powrt do logowania_surname"), findTestData("Rejestracja/tabR4").getValue("surname", row)): Text 'Razur' is set on object 'Object Repository/Page_PSTO webMessenger/input_Powrt do logowania_surname'

2021-12-21 18:09:22 - [MESSAGE][PASSED] - Text 'Razur' is set on object 'Object Repository/Page_PSTO webMessenger/input_Powrt do logowania_surname'

2021-12-21 18:09:22 - [TEST_STEP][PASSED] - setText(findTestObject("Object Repository/Page_PSTO webMessenger/input_Powrt do logowania_kodgrupy"), findTestData("Rejestracja/tabR4").getValue("group", row)): Text 'wsbgroup2ap' is set on object 'Object Repository/Page_PSTO webMessenger/input_Powrt do logowania_kodgrupy'

2021-12-21 18:09:23 - [MESSAGE][PASSED] - Text 'wsbgroup2ap' is set on object 'Object Repository/Page_PSTO webMessenger/input_Powrt do logowania_kodgrupy'

2021-12-21 18:09:23 - [TEST_STEP][PASSED] - click(findTestObject("Page_PSTO webMessenger/input_Powrt do logowania_register")): Object: 'Object Repository/Page_PSTO webMessenger/input_Powrt do logowania_register' is clicked on

2021-12-21 18:09:24 - [MESSAGE][PASSED] - Object: 'Object Repository/Page_PSTO webMessenger/input_Powrt do logowania_register' is clicked on

2021-12-21 18:09:24 - [TEST_STEP][PASSED] - delay(4): Delayed 4 second(s)

2021-12-21 18:09:28 - [MESSAGE][PASSED] - Delayed 4 second(s)

2021-12-21 18:09:28 - [TEST_STEP][PASSED] - verifyElementVisible(findTestObject("Page_PSTO webMessenger/p_Nie wypeniono wszystkich plPodane Hasa rni si")): Object 'Object Repository/Page_PSTO webMessenger/p_Nie wypeniono wszystkich plPodane Hasa rni si' is visible

2021-12-21 18:09:28 - [MESSAGE][PASSED] - Object 'Object Repository/Page_PSTO webMessenger/p_Nie wypeniono wszystkich plPodane Hasa rni si' is visible

2021-12-21 18:09:28 - [TEST_STEP][PASSED] - click(findTestObject("Object Repository/Page_PSTO webMessenger/a_Zarejestruj konto")): Object: 'Object Repository/Page_PSTO webMessenger/a_Zarejestruj konto' is clicked on

2021-12-21 18:09:29 - [MESSAGE][PASSED] - Object: 'Object Repository/Page_PSTO webMessenger/a_Zarejestruj konto' is clicked on

2021-12-21 18:09:29 - [TEST_STEP][PASSED] - data = Date().getTime(): null

2021-12-21 18:09:29 - [TEST_STEP][PASSED] - username = "Ameba" + data: null

2021-12-21 18:09:29 - [TEST_STEP][PASSED] - click(findTestObject("Object Repository/Page_PSTO webMessenger/a_Zarejestruj konto")): Object: 'Object Repository/Page_PSTO webMessenger/a_Zarejestruj konto' is clicked on

2021-12-21 18:09:29 - [MESSAGE][PASSED] - Object: 'Object Repository/Page_PSTO webMessenger/a_Zarejestruj konto' is clicked on

2021-12-21 18:09:29 - [TEST_STEP][PASSED] - setText(findTestObject("Object Repository/Page_PSTO webMessenger/input_Powrt do logowania_username"), username): Text 'Ameba1640106569142' is set on object 'Object Repository/Page_PSTO webMessenger/input_Powrt do logowania_username'

2021-12-21 18:09:30 - [MESSAGE][PASSED] - Text 'Ameba1640106569142' is set on object 'Object Repository/Page_PSTO webMessenger/input_Powrt do logowania_username'

2021-12-21 18:09:30 - [TEST_STEP][PASSED] - setText(findTestObject("Object Repository/Page_PSTO webMessenger/input_Powrt do logowania_pass1"), findTestData("Rejestracja/tabR4").getValue("password", row)): Text 'startStop3' is set on object 'Object Repository/Page_PSTO webMessenger/input_Powrt do logowania_pass1'

2021-12-21 18:09:31 - [MESSAGE][PASSED] - Text 'startStop3' is set on object 'Object Repository/Page_PSTO webMessenger/input_Powrt do logowania_pass1'

2021-12-21 18:09:31 - [TEST_STEP][PASSED] - setText(findTestObject("Object Repository/Page_PSTO webMessenger/input_Powrt do logowania_pass2"), findTestData("Rejestracja/tabR4").getValue("password2", row)): Text '' is set on object 'Object Repository/Page_PSTO webMessenger/input_Powrt do logowania_pass2'

2021-12-21 18:09:32 - [MESSAGE][PASSED] - Text '' is set on object 'Object Repository/Page_PSTO webMessenger/input_Powrt do logowania_pass2'

2021-12-21 18:09:32 - [TEST_STEP][PASSED] - setText(findTestObject("Object Repository/Page_PSTO webMessenger/input_Powrt do logowania_name"), findTestData("Rejestracja/tabR4").getValue("name", row)): Text 'Agata' is set on object 'Object Repository/Page_PSTO webMessenger/input_Powrt do logowania_name'

2021-12-21 18:09:32 - [MESSAGE][PASSED] - Text 'Agata' is set on object 'Object Repository/Page_PSTO webMessenger/input_Powrt do logowania_name'

2021-12-21 18:09:32 - [TEST_STEP][PASSED] - setText(findTestObject("Object Repository/Page_PSTO webMessenger/input_Powrt do logowania_surname"), findTestData("Rejestracja/tabR4").getValue("surname", row)): Text 'Fazur' is set on object 'Object Repository/Page_PSTO webMessenger/input_Powrt do logowania_surname'

2021-12-21 18:09:33 - [MESSAGE][PASSED] - Text 'Fazur' is set on object 'Object Repository/Page_PSTO webMessenger/input_Powrt do logowania_surname'

2021-12-21 18:09:33 - [TEST_STEP][PASSED] - setText(findTestObject("Object Repository/Page_PSTO webMessenger/input_Powrt do logowania_kodgrupy"), findTestData("Rejestracja/tabR4").getValue("group", row)): Text 'wsbgroup2ap' is set on object 'Object Repository/Page_PSTO webMessenger/input_Powrt do logowania_kodgrupy'

2021-12-21 18:09:34 - [MESSAGE][PASSED] - Text 'wsbgroup2ap' is set on object 'Object Repository/Page_PSTO webMessenger/input_Powrt do logowania_kodgrupy'

2021-12-21 18:09:34 - [TEST_STEP][PASSED] - click(findTestObject("Page_PSTO webMessenger/input_Powrt do logowania_register")): Object: 'Object Repository/Page_PSTO webMessenger/input_Powrt do logowania_register' is clicked on

2021-12-21 18:09:34 - [MESSAGE][PASSED] - Object: 'Object Repository/Page_PSTO webMessenger/input_Powrt do logowania_register' is clicked on

2021-12-21 18:09:34 - [TEST_STEP][PASSED] - delay(4): Delayed 4 second(s)

2021-12-21 18:09:38 - [MESSAGE][PASSED] - Delayed 4 second(s)

2021-12-21 18:09:38 - [TEST_STEP][PASSED] - verifyElementVisible(findTestObject("Page_PSTO webMessenger/p_Nie wypeniono wszystkich plPodane Hasa rni si")): Object 'Object Repository/Page_PSTO webMessenger/p_Nie wypeniono wszystkich plPodane Hasa rni si' is visible

2021-12-21 18:09:39 - [MESSAGE][PASSED] - Object 'Object Repository/Page_PSTO webMessenger/p_Nie wypeniono wszystkich plPodane Hasa rni si' is visible

2021-12-21 18:09:39 - [TEST_STEP][PASSED] - click(findTestObject("Object Repository/Page_PSTO webMessenger/a_Zarejestruj konto")): Object: 'Object Repository/Page_PSTO webMessenger/a_Zarejestruj konto' is clicked on

2021-12-21 18:09:39 - [MESSAGE][PASSED] - Object: 'Object Repository/Page_PSTO webMessenger/a_Zarejestruj konto' is clicked on

2021-12-21 18:09:39 - [TEST_STEP][PASSED] - data = Date().getTime(): null

2021-12-21 18:09:39 - [TEST_STEP][PASSED] - username = "Ameba" + data: null

2021-12-21 18:09:39 - [TEST_STEP][PASSED] - click(findTestObject("Object Repository/Page_PSTO webMessenger/a_Zarejestruj konto")): Object: 'Object Repository/Page_PSTO webMessenger/a_Zarejestruj konto' is clicked on

2021-12-21 18:09:40 - [MESSAGE][PASSED] - Object: 'Object Repository/Page_PSTO webMessenger/a_Zarejestruj konto' is clicked on

2021-12-21 18:09:40 - [TEST_STEP][PASSED] - setText(findTestObject("Object Repository/Page_PSTO webMessenger/input_Powrt do logowania_username"), username): Text 'Ameba1640106579942' is set on object 'Object Repository/Page_PSTO webMessenger/input_Powrt do logowania_username'

2021-12-21 18:09:41 - [MESSAGE][PASSED] - Text 'Ameba1640106579942' is set on object 'Object Repository/Page_PSTO webMessenger/input_Powrt do logowania_username'

2021-12-21 18:09:41 - [TEST_STEP][PASSED] - setText(findTestObject("Object Repository/Page_PSTO webMessenger/input_Powrt do logowania_pass1"), findTestData("Rejestracja/tabR4").getValue("password", row)): Text 'startStop4' is set on object 'Object Repository/Page_PSTO webMessenger/input_Powrt do logowania_pass1'

2021-12-21 18:09:42 - [MESSAGE][PASSED] - Text 'startStop4' is set on object 'Object Repository/Page_PSTO webMessenger/input_Powrt do logowania_pass1'

2021-12-21 18:09:42 - [TEST_STEP][PASSED] - setText(findTestObject("Object Repository/Page_PSTO webMessenger/input_Powrt do logowania_pass2"), findTestData("Rejestracja/tabR4").getValue("password2", row)): Text '' is set on object 'Object Repository/Page_PSTO webMessenger/input_Powrt do logowania_pass2'

2021-12-21 18:09:42 - [MESSAGE][PASSED] - Text '' is set on object 'Object Repository/Page_PSTO webMessenger/input_Powrt do logowania_pass2'

2021-12-21 18:09:42 - [TEST_STEP][PASSED] - setText(findTestObject("Object Repository/Page_PSTO webMessenger/input_Powrt do logowania_name"), findTestData("Rejestracja/tabR4").getValue("name", row)): Text 'Agata' is set on object 'Object Repository/Page_PSTO webMessenger/input_Powrt do logowania_name'

2021-12-21 18:09:43 - [MESSAGE][PASSED] - Text 'Agata' is set on object 'Object Repository/Page_PSTO webMessenger/input_Powrt do logowania_name'

2021-12-21 18:09:43 - [TEST_STEP][PASSED] - setText(findTestObject("Object Repository/Page_PSTO webMessenger/input_Powrt do logowania_surname"), findTestData("Rejestracja/tabR4").getValue("surname", row)): Text 'Sazur' is set on object 'Object Repository/Page_PSTO webMessenger/input_Powrt do logowania_surname'

2021-12-21 18:09:44 - [MESSAGE][PASSED] - Text 'Sazur' is set on object 'Object Repository/Page_PSTO webMessenger/input_Powrt do logowania_surname'

2021-12-21 18:09:44 - [TEST_STEP][PASSED] - setText(findTestObject("Object Repository/Page_PSTO webMessenger/input_Powrt do logowania_kodgrupy"), findTestData("Rejestracja/tabR4").getValue("group", row)): Text 'wsbgroup2ap' is set on object 'Object Repository/Page_PSTO webMessenger/input_Powrt do logowania_kodgrupy'

2021-12-21 18:09:45 - [MESSAGE][PASSED] - Text 'wsbgroup2ap' is set on object 'Object Repository/Page_PSTO webMessenger/input_Powrt do logowania_kodgrupy'

2021-12-21 18:09:45 - [TEST_STEP][PASSED] - click(findTestObject("Page_PSTO webMessenger/input_Powrt do logowania_register")): Object: 'Object Repository/Page_PSTO webMessenger/input_Powrt do logowania_register' is clicked on

2021-12-21 18:09:45 - [MESSAGE][PASSED] - Object: 'Object Repository/Page_PSTO webMessenger/input_Powrt do logowania_register' is clicked on

2021-12-21 18:09:45 - [TEST_STEP][PASSED] - delay(4): Delayed 4 second(s)

2021-12-21 18:09:49 - [MESSAGE][PASSED] - Delayed 4 second(s)

2021-12-21 18:09:49 - [TEST_STEP][PASSED] - verifyElementVisible(findTestObject("Page_PSTO webMessenger/p_Nie wypeniono wszystkich plPodane Hasa rni si")): Object 'Object Repository/Page_PSTO webMessenger/p_Nie wypeniono wszystkich plPodane Hasa rni si' is visible

2021-12-21 18:09:50 - [MESSAGE][PASSED] - Object 'Object Repository/Page_PSTO webMessenger/p_Nie wypeniono wszystkich plPodane Hasa rni si' is visible

2021-12-21 18:09:50 - [TEST_STEP][PASSED] - click(findTestObject("Object Repository/Page_PSTO webMessenger/a_Zarejestruj konto")): Object: 'Object Repository/Page_PSTO webMessenger/a_Zarejestruj konto' is clicked on

2021-12-21 18:09:50 - [MESSAGE][PASSED] - Object: 'Object Repository/Page_PSTO webMessenger/a_Zarejestruj konto' is clicked on

2021-12-21 18:09:50 - [TEST_STEP][PASSED] - data = Date().getTime(): null

2021-12-21 18:09:50 - [TEST_STEP][PASSED] - username = "Ameba" + data: null

2021-12-21 18:09:50 - [TEST_STEP][PASSED] - click(findTestObject("Object Repository/Page_PSTO webMessenger/a_Zarejestruj konto")): Object: 'Object Repository/Page_PSTO webMessenger/a_Zarejestruj konto' is clicked on

2021-12-21 18:09:51 - [MESSAGE][PASSED] - Object: 'Object Repository/Page_PSTO webMessenger/a_Zarejestruj konto' is clicked on

2021-12-21 18:09:51 - [TEST_STEP][PASSED] - setText(findTestObject("Object Repository/Page_PSTO webMessenger/input_Powrt do logowania_username"), username): Text 'Ameba1640106590776' is set on object 'Object Repository/Page_PSTO webMessenger/input_Powrt do logowania_username'

2021-12-21 18:09:52 - [MESSAGE][PASSED] - Text 'Ameba1640106590776' is set on object 'Object Repository/Page_PSTO webMessenger/input_Powrt do logowania_username'

2021-12-21 18:09:52 - [TEST_STEP][PASSED] - setText(findTestObject("Object Repository/Page_PSTO webMessenger/input_Powrt do logowania_pass1"), findTestData("Rejestracja/tabR4").getValue("password", row)): Text 'startStop5' is set on object 'Object Repository/Page_PSTO webMessenger/input_Powrt do logowania_pass1'

2021-12-21 18:09:53 - [MESSAGE][PASSED] - Text 'startStop5' is set on object 'Object Repository/Page_PSTO webMessenger/input_Powrt do logowania_pass1'

2021-12-21 18:09:53 - [TEST_STEP][PASSED] - setText(findTestObject("Object Repository/Page_PSTO webMessenger/input_Powrt do logowania_pass2"), findTestData("Rejestracja/tabR4").getValue("password2", row)): Text '' is set on object 'Object Repository/Page_PSTO webMessenger/input_Powrt do logowania_pass2'

2021-12-21 18:09:53 - [MESSAGE][PASSED] - Text '' is set on object 'Object Repository/Page_PSTO webMessenger/input_Powrt do logowania_pass2'

2021-12-21 18:09:53 - [TEST_STEP][PASSED] - setText(findTestObject("Object Repository/Page_PSTO webMessenger/input_Powrt do logowania_name"), findTestData("Rejestracja/tabR4").getValue("name", row)): Text 'Agata' is set on object 'Object Repository/Page_PSTO webMessenger/input_Powrt do logowania_name'

2021-12-21 18:09:54 - [MESSAGE][PASSED] - Text 'Agata' is set on object 'Object Repository/Page_PSTO webMessenger/input_Powrt do logowania_name'

2021-12-21 18:09:54 - [TEST_STEP][PASSED] - setText(findTestObject("Object Repository/Page_PSTO webMessenger/input_Powrt do logowania_surname"), findTestData("Rejestracja/tabR4").getValue("surname", row)): Text 'Tazur' is set on object 'Object Repository/Page_PSTO webMessenger/input_Powrt do logowania_surname'

2021-12-21 18:09:55 - [MESSAGE][PASSED] - Text 'Tazur' is set on object 'Object Repository/Page_PSTO webMessenger/input_Powrt do logowania_surname'

2021-12-21 18:09:55 - [TEST_STEP][PASSED] - setText(findTestObject("Object Repository/Page_PSTO webMessenger/input_Powrt do logowania_kodgrupy"), findTestData("Rejestracja/tabR4").getValue("group", row)): Text 'wsbgroup2ap' is set on object 'Object Repository/Page_PSTO webMessenger/input_Powrt do logowania_kodgrupy'

2021-12-21 18:09:56 - [MESSAGE][PASSED] - Text 'wsbgroup2ap' is set on object 'Object Repository/Page_PSTO webMessenger/input_Powrt do logowania_kodgrupy'

2021-12-21 18:09:56 - [TEST_STEP][PASSED] - click(findTestObject("Page_PSTO webMessenger/input_Powrt do logowania_register")): Object: 'Object Repository/Page_PSTO webMessenger/input_Powrt do logowania_register' is clicked on

2021-12-21 18:09:56 - [MESSAGE][PASSED] - Object: 'Object Repository/Page_PSTO webMessenger/input_Powrt do logowania_register' is clicked on

2021-12-21 18:09:56 - [TEST_STEP][PASSED] - delay(4): Delayed 4 second(s)

2021-12-21 18:10:00 - [MESSAGE][PASSED] - Delayed 4 second(s)

2021-12-21 18:10:00 - [TEST_STEP][PASSED] - verifyElementVisible(findTestObject("Page_PSTO webMessenger/p_Nie wypeniono wszystkich plPodane Hasa rni si")): Object 'Object Repository/Page_PSTO webMessenger/p_Nie wypeniono wszystkich plPodane Hasa rni si' is visible

2021-12-21 18:10:01 - [MESSAGE][PASSED] - Object 'Object Repository/Page_PSTO webMessenger/p_Nie wypeniono wszystkich plPodane Hasa rni si' is visible

2021-12-21 18:10:01 - [TEST_STEP][PASSED] - click(findTestObject("Object Repository/Page_PSTO webMessenger/a_Zarejestruj konto")): Object: 'Object Repository/Page_PSTO webMessenger/a_Zarejestruj konto' is clicked on

2021-12-21 18:10:02 - [MESSAGE][PASSED] - Object: 'Object Repository/Page_PSTO webMessenger/a_Zarejestruj konto' is clicked on

2021-12-21 18:10:02 - [TEST_STEP][PASSED] - closeBrowser(): Browser is closed

2021-12-21 18:10:05 - [MESSAGE][PASSED] - Browser is closed]]></system-out>
         <system-err><![CDATA[]]></system-err>
      </testcase>
      <testcase name="Test Cases/Rejestracja/R5" time="54.83" classname="Test Cases/Rejestracja/R5" status="PASSED">
         <system-out><![CDATA[2021-12-21 18:10:05 - [TEST_CASE][PASSED] - Test Cases/Rejestracja/R5: Test Cases/Rejestracja/R5

2021-12-21 18:10:06 - [TEST_STEP][PASSED] - openBrowser(""): Browser is opened with url: ''

2021-12-21 18:10:06 - [MESSAGE][INFO] - Starting 'Chrome' driver

2021-12-21 18:10:06 - [MESSAGE][INFO] - Action delay is set to 0 milliseconds

2021-12-21 18:10:10 - [MESSAGE][PASSED] - Browser is opened with url: ''

2021-12-21 18:10:10 - [TEST_STEP][PASSED] - navigateToUrl("http://kmg.hcm.pl/testowanie/index.html"): Navigate to 'http://kmg.hcm.pl/testowanie/index.html' successfully

2021-12-21 18:10:12 - [MESSAGE][PASSED] - Navigate to 'http://kmg.hcm.pl/testowanie/index.html' successfully

2021-12-21 18:10:12 - [TEST_STEP][PASSED] - for ([row = 1, row <= findTestData("Rejestracja/tabR5").getRowNumbers(), (row++)]): Object: 'Object Repository/Page_PSTO webMessenger/a_Zarejestruj konto' is clicked on

2021-12-21 18:10:12 - [TEST_STEP][PASSED] - data = Date().getTime(): null

2021-12-21 18:10:12 - [TEST_STEP][PASSED] - username = "Ameba" + data: null

2021-12-21 18:10:12 - [TEST_STEP][PASSED] - click(findTestObject("Object Repository/Page_PSTO webMessenger/a_Zarejestruj konto")): Object: 'Object Repository/Page_PSTO webMessenger/a_Zarejestruj konto' is clicked on

2021-12-21 18:10:15 - [MESSAGE][PASSED] - Object: 'Object Repository/Page_PSTO webMessenger/a_Zarejestruj konto' is clicked on

2021-12-21 18:10:15 - [TEST_STEP][PASSED] - setText(findTestObject("Object Repository/Page_PSTO webMessenger/input_Powrt do logowania_username"), username): Text 'Ameba1640106612352' is set on object 'Object Repository/Page_PSTO webMessenger/input_Powrt do logowania_username'

2021-12-21 18:10:16 - [MESSAGE][PASSED] - Text 'Ameba1640106612352' is set on object 'Object Repository/Page_PSTO webMessenger/input_Powrt do logowania_username'

2021-12-21 18:10:16 - [TEST_STEP][PASSED] - setText(findTestObject("Object Repository/Page_PSTO webMessenger/input_Powrt do logowania_pass1"), findTestData("Rejestracja/tabR5").getValue("password", row)): Text 'startStop1' is set on object 'Object Repository/Page_PSTO webMessenger/input_Powrt do logowania_pass1'

2021-12-21 18:10:18 - [MESSAGE][PASSED] - Text 'startStop1' is set on object 'Object Repository/Page_PSTO webMessenger/input_Powrt do logowania_pass1'

2021-12-21 18:10:18 - [TEST_STEP][PASSED] - setText(findTestObject("Object Repository/Page_PSTO webMessenger/input_Powrt do logowania_pass2"), findTestData("Rejestracja/tabR5").getValue("password2", row)): Text 'startstop1' is set on object 'Object Repository/Page_PSTO webMessenger/input_Powrt do logowania_pass2'

2021-12-21 18:10:20 - [MESSAGE][PASSED] - Text 'startstop1' is set on object 'Object Repository/Page_PSTO webMessenger/input_Powrt do logowania_pass2'

2021-12-21 18:10:20 - [TEST_STEP][PASSED] - setText(findTestObject("Object Repository/Page_PSTO webMessenger/input_Powrt do logowania_name"), findTestData("Rejestracja/tabR5").getValue("name", row)): Text 'Agata' is set on object 'Object Repository/Page_PSTO webMessenger/input_Powrt do logowania_name'

2021-12-21 18:10:22 - [MESSAGE][PASSED] - Text 'Agata' is set on object 'Object Repository/Page_PSTO webMessenger/input_Powrt do logowania_name'

2021-12-21 18:10:22 - [TEST_STEP][PASSED] - setText(findTestObject("Object Repository/Page_PSTO webMessenger/input_Powrt do logowania_surname"), findTestData("Rejestracja/tabR5").getValue("surname", row)): Text 'Łazur' is set on object 'Object Repository/Page_PSTO webMessenger/input_Powrt do logowania_surname'

2021-12-21 18:10:23 - [MESSAGE][PASSED] - Text 'Łazur' is set on object 'Object Repository/Page_PSTO webMessenger/input_Powrt do logowania_surname'

2021-12-21 18:10:23 - [TEST_STEP][PASSED] - setText(findTestObject("Object Repository/Page_PSTO webMessenger/input_Powrt do logowania_kodgrupy"), findTestData("Rejestracja/tabR5").getValue("group", row)): Text 'wsbgroup2ap' is set on object 'Object Repository/Page_PSTO webMessenger/input_Powrt do logowania_kodgrupy'

2021-12-21 18:10:24 - [MESSAGE][PASSED] - Text 'wsbgroup2ap' is set on object 'Object Repository/Page_PSTO webMessenger/input_Powrt do logowania_kodgrupy'

2021-12-21 18:10:24 - [TEST_STEP][PASSED] - click(findTestObject("Page_PSTO webMessenger/input_Powrt do logowania_register")): Object: 'Object Repository/Page_PSTO webMessenger/input_Powrt do logowania_register' is clicked on

2021-12-21 18:10:25 - [MESSAGE][PASSED] - Object: 'Object Repository/Page_PSTO webMessenger/input_Powrt do logowania_register' is clicked on

2021-12-21 18:10:25 - [TEST_STEP][PASSED] - verifyElementPresent(findTestObject("Page_PSTO webMessenger/div_Podane Hasa rni si"), 0): Object 'Object Repository/Page_PSTO webMessenger/div_Podane Hasa rni si' is present

2021-12-21 18:10:25 - [MESSAGE][WARNING] - Timeout '0' is invalid. Using default page load timeout: '30'

2021-12-21 18:10:25 - [MESSAGE][PASSED] - Object 'Object Repository/Page_PSTO webMessenger/div_Podane Hasa rni si' is present

2021-12-21 18:10:25 - [TEST_STEP][PASSED] - verifyElementVisible(findTestObject("Page_PSTO webMessenger/p_Podane Hasa rni si")): Object 'Object Repository/Page_PSTO webMessenger/p_Podane Hasa rni si' is visible

2021-12-21 18:10:26 - [MESSAGE][PASSED] - Object 'Object Repository/Page_PSTO webMessenger/p_Podane Hasa rni si' is visible

2021-12-21 18:10:26 - [TEST_STEP][PASSED] - click(findTestObject("Object Repository/Page_PSTO webMessenger/a_Zarejestruj konto")): Object: 'Object Repository/Page_PSTO webMessenger/a_Zarejestruj konto' is clicked on

2021-12-21 18:10:27 - [MESSAGE][PASSED] - Object: 'Object Repository/Page_PSTO webMessenger/a_Zarejestruj konto' is clicked on

2021-12-21 18:10:27 - [TEST_STEP][PASSED] - data = Date().getTime(): null

2021-12-21 18:10:27 - [TEST_STEP][PASSED] - username = "Ameba" + data: null

2021-12-21 18:10:27 - [TEST_STEP][PASSED] - click(findTestObject("Object Repository/Page_PSTO webMessenger/a_Zarejestruj konto")): Object: 'Object Repository/Page_PSTO webMessenger/a_Zarejestruj konto' is clicked on

2021-12-21 18:10:27 - [MESSAGE][PASSED] - Object: 'Object Repository/Page_PSTO webMessenger/a_Zarejestruj konto' is clicked on

2021-12-21 18:10:27 - [TEST_STEP][PASSED] - setText(findTestObject("Object Repository/Page_PSTO webMessenger/input_Powrt do logowania_username"), username): Text 'Ameba1640106627174' is set on object 'Object Repository/Page_PSTO webMessenger/input_Powrt do logowania_username'

2021-12-21 18:10:28 - [MESSAGE][PASSED] - Text 'Ameba1640106627174' is set on object 'Object Repository/Page_PSTO webMessenger/input_Powrt do logowania_username'

2021-12-21 18:10:28 - [TEST_STEP][PASSED] - setText(findTestObject("Object Repository/Page_PSTO webMessenger/input_Powrt do logowania_pass1"), findTestData("Rejestracja/tabR5").getValue("password", row)): Text 'startStop2' is set on object 'Object Repository/Page_PSTO webMessenger/input_Powrt do logowania_pass1'

2021-12-21 18:10:29 - [MESSAGE][PASSED] - Text 'startStop2' is set on object 'Object Repository/Page_PSTO webMessenger/input_Powrt do logowania_pass1'

2021-12-21 18:10:29 - [TEST_STEP][PASSED] - setText(findTestObject("Object Repository/Page_PSTO webMessenger/input_Powrt do logowania_pass2"), findTestData("Rejestracja/tabR5").getValue("password2", row)): Text 'startstop1' is set on object 'Object Repository/Page_PSTO webMessenger/input_Powrt do logowania_pass2'

2021-12-21 18:10:30 - [MESSAGE][PASSED] - Text 'startstop1' is set on object 'Object Repository/Page_PSTO webMessenger/input_Powrt do logowania_pass2'

2021-12-21 18:10:30 - [TEST_STEP][PASSED] - setText(findTestObject("Object Repository/Page_PSTO webMessenger/input_Powrt do logowania_name"), findTestData("Rejestracja/tabR5").getValue("name", row)): Text 'Agata' is set on object 'Object Repository/Page_PSTO webMessenger/input_Powrt do logowania_name'

2021-12-21 18:10:31 - [MESSAGE][PASSED] - Text 'Agata' is set on object 'Object Repository/Page_PSTO webMessenger/input_Powrt do logowania_name'

2021-12-21 18:10:31 - [TEST_STEP][PASSED] - setText(findTestObject("Object Repository/Page_PSTO webMessenger/input_Powrt do logowania_surname"), findTestData("Rejestracja/tabR5").getValue("surname", row)): Text 'Razur' is set on object 'Object Repository/Page_PSTO webMessenger/input_Powrt do logowania_surname'

2021-12-21 18:10:32 - [MESSAGE][PASSED] - Text 'Razur' is set on object 'Object Repository/Page_PSTO webMessenger/input_Powrt do logowania_surname'

2021-12-21 18:10:32 - [TEST_STEP][PASSED] - setText(findTestObject("Object Repository/Page_PSTO webMessenger/input_Powrt do logowania_kodgrupy"), findTestData("Rejestracja/tabR5").getValue("group", row)): Text 'wsbgroup2ap' is set on object 'Object Repository/Page_PSTO webMessenger/input_Powrt do logowania_kodgrupy'

2021-12-21 18:10:33 - [MESSAGE][PASSED] - Text 'wsbgroup2ap' is set on object 'Object Repository/Page_PSTO webMessenger/input_Powrt do logowania_kodgrupy'

2021-12-21 18:10:33 - [TEST_STEP][PASSED] - click(findTestObject("Page_PSTO webMessenger/input_Powrt do logowania_register")): Object: 'Object Repository/Page_PSTO webMessenger/input_Powrt do logowania_register' is clicked on

2021-12-21 18:10:33 - [MESSAGE][PASSED] - Object: 'Object Repository/Page_PSTO webMessenger/input_Powrt do logowania_register' is clicked on

2021-12-21 18:10:33 - [TEST_STEP][PASSED] - verifyElementPresent(findTestObject("Page_PSTO webMessenger/div_Podane Hasa rni si"), 0): Object 'Object Repository/Page_PSTO webMessenger/div_Podane Hasa rni si' is present

2021-12-21 18:10:33 - [MESSAGE][WARNING] - Timeout '0' is invalid. Using default page load timeout: '30'

2021-12-21 18:10:34 - [MESSAGE][PASSED] - Object 'Object Repository/Page_PSTO webMessenger/div_Podane Hasa rni si' is present

2021-12-21 18:10:34 - [TEST_STEP][PASSED] - verifyElementVisible(findTestObject("Page_PSTO webMessenger/p_Podane Hasa rni si")): Object 'Object Repository/Page_PSTO webMessenger/p_Podane Hasa rni si' is visible

2021-12-21 18:10:34 - [MESSAGE][PASSED] - Object 'Object Repository/Page_PSTO webMessenger/p_Podane Hasa rni si' is visible

2021-12-21 18:10:34 - [TEST_STEP][PASSED] - click(findTestObject("Object Repository/Page_PSTO webMessenger/a_Zarejestruj konto")): Object: 'Object Repository/Page_PSTO webMessenger/a_Zarejestruj konto' is clicked on

2021-12-21 18:10:35 - [MESSAGE][PASSED] - Object: 'Object Repository/Page_PSTO webMessenger/a_Zarejestruj konto' is clicked on

2021-12-21 18:10:35 - [TEST_STEP][PASSED] - data = Date().getTime(): null

2021-12-21 18:10:35 - [TEST_STEP][PASSED] - username = "Ameba" + data: null

2021-12-21 18:10:35 - [TEST_STEP][PASSED] - click(findTestObject("Object Repository/Page_PSTO webMessenger/a_Zarejestruj konto")): Object: 'Object Repository/Page_PSTO webMessenger/a_Zarejestruj konto' is clicked on

2021-12-21 18:10:35 - [MESSAGE][PASSED] - Object: 'Object Repository/Page_PSTO webMessenger/a_Zarejestruj konto' is clicked on

2021-12-21 18:10:35 - [TEST_STEP][PASSED] - setText(findTestObject("Object Repository/Page_PSTO webMessenger/input_Powrt do logowania_username"), username): Text 'Ameba1640106635400' is set on object 'Object Repository/Page_PSTO webMessenger/input_Powrt do logowania_username'

2021-12-21 18:10:36 - [MESSAGE][PASSED] - Text 'Ameba1640106635400' is set on object 'Object Repository/Page_PSTO webMessenger/input_Powrt do logowania_username'

2021-12-21 18:10:36 - [TEST_STEP][PASSED] - setText(findTestObject("Object Repository/Page_PSTO webMessenger/input_Powrt do logowania_pass1"), findTestData("Rejestracja/tabR5").getValue("password", row)): Text 'startStop3' is set on object 'Object Repository/Page_PSTO webMessenger/input_Powrt do logowania_pass1'

2021-12-21 18:10:37 - [MESSAGE][PASSED] - Text 'startStop3' is set on object 'Object Repository/Page_PSTO webMessenger/input_Powrt do logowania_pass1'

2021-12-21 18:10:37 - [TEST_STEP][PASSED] - setText(findTestObject("Object Repository/Page_PSTO webMessenger/input_Powrt do logowania_pass2"), findTestData("Rejestracja/tabR5").getValue("password2", row)): Text 'startstop1' is set on object 'Object Repository/Page_PSTO webMessenger/input_Powrt do logowania_pass2'

2021-12-21 18:10:38 - [MESSAGE][PASSED] - Text 'startstop1' is set on object 'Object Repository/Page_PSTO webMessenger/input_Powrt do logowania_pass2'

2021-12-21 18:10:38 - [TEST_STEP][PASSED] - setText(findTestObject("Object Repository/Page_PSTO webMessenger/input_Powrt do logowania_name"), findTestData("Rejestracja/tabR5").getValue("name", row)): Text 'Agata' is set on object 'Object Repository/Page_PSTO webMessenger/input_Powrt do logowania_name'

2021-12-21 18:10:39 - [MESSAGE][PASSED] - Text 'Agata' is set on object 'Object Repository/Page_PSTO webMessenger/input_Powrt do logowania_name'

2021-12-21 18:10:39 - [TEST_STEP][PASSED] - setText(findTestObject("Object Repository/Page_PSTO webMessenger/input_Powrt do logowania_surname"), findTestData("Rejestracja/tabR5").getValue("surname", row)): Text 'Fazur' is set on object 'Object Repository/Page_PSTO webMessenger/input_Powrt do logowania_surname'

2021-12-21 18:10:40 - [MESSAGE][PASSED] - Text 'Fazur' is set on object 'Object Repository/Page_PSTO webMessenger/input_Powrt do logowania_surname'

2021-12-21 18:10:40 - [TEST_STEP][PASSED] - setText(findTestObject("Object Repository/Page_PSTO webMessenger/input_Powrt do logowania_kodgrupy"), findTestData("Rejestracja/tabR5").getValue("group", row)): Text 'wsbgroup2ap' is set on object 'Object Repository/Page_PSTO webMessenger/input_Powrt do logowania_kodgrupy'

2021-12-21 18:10:41 - [MESSAGE][PASSED] - Text 'wsbgroup2ap' is set on object 'Object Repository/Page_PSTO webMessenger/input_Powrt do logowania_kodgrupy'

2021-12-21 18:10:41 - [TEST_STEP][PASSED] - click(findTestObject("Page_PSTO webMessenger/input_Powrt do logowania_register")): Object: 'Object Repository/Page_PSTO webMessenger/input_Powrt do logowania_register' is clicked on

2021-12-21 18:10:41 - [MESSAGE][PASSED] - Object: 'Object Repository/Page_PSTO webMessenger/input_Powrt do logowania_register' is clicked on

2021-12-21 18:10:41 - [TEST_STEP][PASSED] - verifyElementPresent(findTestObject("Page_PSTO webMessenger/div_Podane Hasa rni si"), 0): Object 'Object Repository/Page_PSTO webMessenger/div_Podane Hasa rni si' is present

2021-12-21 18:10:41 - [MESSAGE][WARNING] - Timeout '0' is invalid. Using default page load timeout: '30'

2021-12-21 18:10:41 - [MESSAGE][PASSED] - Object 'Object Repository/Page_PSTO webMessenger/div_Podane Hasa rni si' is present

2021-12-21 18:10:41 - [TEST_STEP][PASSED] - verifyElementVisible(findTestObject("Page_PSTO webMessenger/p_Podane Hasa rni si")): Object 'Object Repository/Page_PSTO webMessenger/p_Podane Hasa rni si' is visible

2021-12-21 18:10:42 - [MESSAGE][PASSED] - Object 'Object Repository/Page_PSTO webMessenger/p_Podane Hasa rni si' is visible

2021-12-21 18:10:42 - [TEST_STEP][PASSED] - click(findTestObject("Object Repository/Page_PSTO webMessenger/a_Zarejestruj konto")): Object: 'Object Repository/Page_PSTO webMessenger/a_Zarejestruj konto' is clicked on

2021-12-21 18:10:43 - [MESSAGE][PASSED] - Object: 'Object Repository/Page_PSTO webMessenger/a_Zarejestruj konto' is clicked on

2021-12-21 18:10:43 - [TEST_STEP][PASSED] - data = Date().getTime(): null

2021-12-21 18:10:43 - [TEST_STEP][PASSED] - username = "Ameba" + data: null

2021-12-21 18:10:43 - [TEST_STEP][PASSED] - click(findTestObject("Object Repository/Page_PSTO webMessenger/a_Zarejestruj konto")): Object: 'Object Repository/Page_PSTO webMessenger/a_Zarejestruj konto' is clicked on

2021-12-21 18:10:43 - [MESSAGE][PASSED] - Object: 'Object Repository/Page_PSTO webMessenger/a_Zarejestruj konto' is clicked on

2021-12-21 18:10:43 - [TEST_STEP][PASSED] - setText(findTestObject("Object Repository/Page_PSTO webMessenger/input_Powrt do logowania_username"), username): Text 'Ameba1640106643091' is set on object 'Object Repository/Page_PSTO webMessenger/input_Powrt do logowania_username'

2021-12-21 18:10:44 - [MESSAGE][PASSED] - Text 'Ameba1640106643091' is set on object 'Object Repository/Page_PSTO webMessenger/input_Powrt do logowania_username'

2021-12-21 18:10:44 - [TEST_STEP][PASSED] - setText(findTestObject("Object Repository/Page_PSTO webMessenger/input_Powrt do logowania_pass1"), findTestData("Rejestracja/tabR5").getValue("password", row)): Text 'startStop4' is set on object 'Object Repository/Page_PSTO webMessenger/input_Powrt do logowania_pass1'

2021-12-21 18:10:45 - [MESSAGE][PASSED] - Text 'startStop4' is set on object 'Object Repository/Page_PSTO webMessenger/input_Powrt do logowania_pass1'

2021-12-21 18:10:45 - [TEST_STEP][PASSED] - setText(findTestObject("Object Repository/Page_PSTO webMessenger/input_Powrt do logowania_pass2"), findTestData("Rejestracja/tabR5").getValue("password2", row)): Text 'startstop1' is set on object 'Object Repository/Page_PSTO webMessenger/input_Powrt do logowania_pass2'

2021-12-21 18:10:46 - [MESSAGE][PASSED] - Text 'startstop1' is set on object 'Object Repository/Page_PSTO webMessenger/input_Powrt do logowania_pass2'

2021-12-21 18:10:46 - [TEST_STEP][PASSED] - setText(findTestObject("Object Repository/Page_PSTO webMessenger/input_Powrt do logowania_name"), findTestData("Rejestracja/tabR5").getValue("name", row)): Text 'Agata' is set on object 'Object Repository/Page_PSTO webMessenger/input_Powrt do logowania_name'

2021-12-21 18:10:46 - [MESSAGE][PASSED] - Text 'Agata' is set on object 'Object Repository/Page_PSTO webMessenger/input_Powrt do logowania_name'

2021-12-21 18:10:46 - [TEST_STEP][PASSED] - setText(findTestObject("Object Repository/Page_PSTO webMessenger/input_Powrt do logowania_surname"), findTestData("Rejestracja/tabR5").getValue("surname", row)): Text 'Sazur' is set on object 'Object Repository/Page_PSTO webMessenger/input_Powrt do logowania_surname'

2021-12-21 18:10:47 - [MESSAGE][PASSED] - Text 'Sazur' is set on object 'Object Repository/Page_PSTO webMessenger/input_Powrt do logowania_surname'

2021-12-21 18:10:47 - [TEST_STEP][PASSED] - setText(findTestObject("Object Repository/Page_PSTO webMessenger/input_Powrt do logowania_kodgrupy"), findTestData("Rejestracja/tabR5").getValue("group", row)): Text 'wsbgroup2ap' is set on object 'Object Repository/Page_PSTO webMessenger/input_Powrt do logowania_kodgrupy'

2021-12-21 18:10:48 - [MESSAGE][PASSED] - Text 'wsbgroup2ap' is set on object 'Object Repository/Page_PSTO webMessenger/input_Powrt do logowania_kodgrupy'

2021-12-21 18:10:48 - [TEST_STEP][PASSED] - click(findTestObject("Page_PSTO webMessenger/input_Powrt do logowania_register")): Object: 'Object Repository/Page_PSTO webMessenger/input_Powrt do logowania_register' is clicked on

2021-12-21 18:10:49 - [MESSAGE][PASSED] - Object: 'Object Repository/Page_PSTO webMessenger/input_Powrt do logowania_register' is clicked on

2021-12-21 18:10:49 - [TEST_STEP][PASSED] - verifyElementPresent(findTestObject("Page_PSTO webMessenger/div_Podane Hasa rni si"), 0): Object 'Object Repository/Page_PSTO webMessenger/div_Podane Hasa rni si' is present

2021-12-21 18:10:49 - [MESSAGE][WARNING] - Timeout '0' is invalid. Using default page load timeout: '30'

2021-12-21 18:10:49 - [MESSAGE][PASSED] - Object 'Object Repository/Page_PSTO webMessenger/div_Podane Hasa rni si' is present

2021-12-21 18:10:49 - [TEST_STEP][PASSED] - verifyElementVisible(findTestObject("Page_PSTO webMessenger/p_Podane Hasa rni si")): Object 'Object Repository/Page_PSTO webMessenger/p_Podane Hasa rni si' is visible

2021-12-21 18:10:49 - [MESSAGE][PASSED] - Object 'Object Repository/Page_PSTO webMessenger/p_Podane Hasa rni si' is visible

2021-12-21 18:10:49 - [TEST_STEP][PASSED] - click(findTestObject("Object Repository/Page_PSTO webMessenger/a_Zarejestruj konto")): Object: 'Object Repository/Page_PSTO webMessenger/a_Zarejestruj konto' is clicked on

2021-12-21 18:10:50 - [MESSAGE][PASSED] - Object: 'Object Repository/Page_PSTO webMessenger/a_Zarejestruj konto' is clicked on

2021-12-21 18:10:50 - [TEST_STEP][PASSED] - data = Date().getTime(): null

2021-12-21 18:10:50 - [TEST_STEP][PASSED] - username = "Ameba" + data: null

2021-12-21 18:10:50 - [TEST_STEP][PASSED] - click(findTestObject("Object Repository/Page_PSTO webMessenger/a_Zarejestruj konto")): Object: 'Object Repository/Page_PSTO webMessenger/a_Zarejestruj konto' is clicked on

2021-12-21 18:10:51 - [MESSAGE][PASSED] - Object: 'Object Repository/Page_PSTO webMessenger/a_Zarejestruj konto' is clicked on

2021-12-21 18:10:51 - [TEST_STEP][PASSED] - setText(findTestObject("Object Repository/Page_PSTO webMessenger/input_Powrt do logowania_username"), username): Text 'Ameba1640106650612' is set on object 'Object Repository/Page_PSTO webMessenger/input_Powrt do logowania_username'

2021-12-21 18:10:52 - [MESSAGE][PASSED] - Text 'Ameba1640106650612' is set on object 'Object Repository/Page_PSTO webMessenger/input_Powrt do logowania_username'

2021-12-21 18:10:52 - [TEST_STEP][PASSED] - setText(findTestObject("Object Repository/Page_PSTO webMessenger/input_Powrt do logowania_pass1"), findTestData("Rejestracja/tabR5").getValue("password", row)): Text 'startStop5' is set on object 'Object Repository/Page_PSTO webMessenger/input_Powrt do logowania_pass1'

2021-12-21 18:10:52 - [MESSAGE][PASSED] - Text 'startStop5' is set on object 'Object Repository/Page_PSTO webMessenger/input_Powrt do logowania_pass1'

2021-12-21 18:10:52 - [TEST_STEP][PASSED] - setText(findTestObject("Object Repository/Page_PSTO webMessenger/input_Powrt do logowania_pass2"), findTestData("Rejestracja/tabR5").getValue("password2", row)): Text 'startstop1' is set on object 'Object Repository/Page_PSTO webMessenger/input_Powrt do logowania_pass2'

2021-12-21 18:10:54 - [MESSAGE][PASSED] - Text 'startstop1' is set on object 'Object Repository/Page_PSTO webMessenger/input_Powrt do logowania_pass2'

2021-12-21 18:10:54 - [TEST_STEP][PASSED] - setText(findTestObject("Object Repository/Page_PSTO webMessenger/input_Powrt do logowania_name"), findTestData("Rejestracja/tabR5").getValue("name", row)): Text 'Agata' is set on object 'Object Repository/Page_PSTO webMessenger/input_Powrt do logowania_name'

2021-12-21 18:10:54 - [MESSAGE][PASSED] - Text 'Agata' is set on object 'Object Repository/Page_PSTO webMessenger/input_Powrt do logowania_name'

2021-12-21 18:10:54 - [TEST_STEP][PASSED] - setText(findTestObject("Object Repository/Page_PSTO webMessenger/input_Powrt do logowania_surname"), findTestData("Rejestracja/tabR5").getValue("surname", row)): Text 'Tazur' is set on object 'Object Repository/Page_PSTO webMessenger/input_Powrt do logowania_surname'

2021-12-21 18:10:55 - [MESSAGE][PASSED] - Text 'Tazur' is set on object 'Object Repository/Page_PSTO webMessenger/input_Powrt do logowania_surname'

2021-12-21 18:10:55 - [TEST_STEP][PASSED] - setText(findTestObject("Object Repository/Page_PSTO webMessenger/input_Powrt do logowania_kodgrupy"), findTestData("Rejestracja/tabR5").getValue("group", row)): Text 'wsbgroup2ap' is set on object 'Object Repository/Page_PSTO webMessenger/input_Powrt do logowania_kodgrupy'

2021-12-21 18:10:56 - [MESSAGE][PASSED] - Text 'wsbgroup2ap' is set on object 'Object Repository/Page_PSTO webMessenger/input_Powrt do logowania_kodgrupy'

2021-12-21 18:10:56 - [TEST_STEP][PASSED] - click(findTestObject("Page_PSTO webMessenger/input_Powrt do logowania_register")): Object: 'Object Repository/Page_PSTO webMessenger/input_Powrt do logowania_register' is clicked on

2021-12-21 18:10:57 - [MESSAGE][PASSED] - Object: 'Object Repository/Page_PSTO webMessenger/input_Powrt do logowania_register' is clicked on

2021-12-21 18:10:57 - [TEST_STEP][PASSED] - verifyElementPresent(findTestObject("Page_PSTO webMessenger/div_Podane Hasa rni si"), 0): Object 'Object Repository/Page_PSTO webMessenger/div_Podane Hasa rni si' is present

2021-12-21 18:10:57 - [MESSAGE][WARNING] - Timeout '0' is invalid. Using default page load timeout: '30'

2021-12-21 18:10:57 - [MESSAGE][PASSED] - Object 'Object Repository/Page_PSTO webMessenger/div_Podane Hasa rni si' is present

2021-12-21 18:10:57 - [TEST_STEP][PASSED] - verifyElementVisible(findTestObject("Page_PSTO webMessenger/p_Podane Hasa rni si")): Object 'Object Repository/Page_PSTO webMessenger/p_Podane Hasa rni si' is visible

2021-12-21 18:10:58 - [MESSAGE][PASSED] - Object 'Object Repository/Page_PSTO webMessenger/p_Podane Hasa rni si' is visible

2021-12-21 18:10:58 - [TEST_STEP][PASSED] - click(findTestObject("Object Repository/Page_PSTO webMessenger/a_Zarejestruj konto")): Object: 'Object Repository/Page_PSTO webMessenger/a_Zarejestruj konto' is clicked on

2021-12-21 18:10:58 - [MESSAGE][PASSED] - Object: 'Object Repository/Page_PSTO webMessenger/a_Zarejestruj konto' is clicked on

2021-12-21 18:10:58 - [TEST_STEP][PASSED] - closeBrowser(): Browser is closed

2021-12-21 18:10:59 - [MESSAGE][PASSED] - Browser is closed]]></system-out>
         <system-err><![CDATA[]]></system-err>
      </testcase>
      <testcase name="Test Cases/Rejestracja/R6" time="45.028" classname="Test Cases/Rejestracja/R6" status="PASSED">
         <system-out><![CDATA[2021-12-21 18:10:59 - [TEST_CASE][PASSED] - Test Cases/Rejestracja/R6: Test Cases/Rejestracja/R6

2021-12-21 18:11:01 - [TEST_STEP][PASSED] - openBrowser(""): Browser is opened with url: ''

2021-12-21 18:11:01 - [MESSAGE][INFO] - Starting 'Chrome' driver

2021-12-21 18:11:01 - [MESSAGE][INFO] - Action delay is set to 0 milliseconds

2021-12-21 18:11:02 - [MESSAGE][PASSED] - Browser is opened with url: ''

2021-12-21 18:11:02 - [TEST_STEP][PASSED] - navigateToUrl("http://kmg.hcm.pl/testowanie/index.html"): Navigate to 'http://kmg.hcm.pl/testowanie/index.html' successfully

2021-12-21 18:11:04 - [MESSAGE][PASSED] - Navigate to 'http://kmg.hcm.pl/testowanie/index.html' successfully

2021-12-21 18:11:04 - [TEST_STEP][PASSED] - for ([row = 1, row <= findTestData("Rejestracja/tabR6").getRowNumbers(), (row++)]): Object: 'Object Repository/Page_PSTO webMessenger/a_Zarejestruj konto' is clicked on

2021-12-21 18:11:04 - [TEST_STEP][PASSED] - data = Date().getTime(): null

2021-12-21 18:11:04 - [TEST_STEP][PASSED] - username = "Ameba" + data: null

2021-12-21 18:11:04 - [TEST_STEP][PASSED] - click(findTestObject("Object Repository/Page_PSTO webMessenger/a_Zarejestruj konto")): Object: 'Object Repository/Page_PSTO webMessenger/a_Zarejestruj konto' is clicked on

2021-12-21 18:11:05 - [MESSAGE][PASSED] - Object: 'Object Repository/Page_PSTO webMessenger/a_Zarejestruj konto' is clicked on

2021-12-21 18:11:05 - [TEST_STEP][PASSED] - setText(findTestObject("Object Repository/Page_PSTO webMessenger/input_Powrt do logowania_username"), username): Text 'Ameba1640106664259' is set on object 'Object Repository/Page_PSTO webMessenger/input_Powrt do logowania_username'

2021-12-21 18:11:06 - [MESSAGE][PASSED] - Text 'Ameba1640106664259' is set on object 'Object Repository/Page_PSTO webMessenger/input_Powrt do logowania_username'

2021-12-21 18:11:06 - [TEST_STEP][PASSED] - setText(findTestObject("Object Repository/Page_PSTO webMessenger/input_Powrt do logowania_pass1"), findTestData("Rejestracja/tabR6").getValue("password", row)): Text 'sy1' is set on object 'Object Repository/Page_PSTO webMessenger/input_Powrt do logowania_pass1'

2021-12-21 18:11:07 - [MESSAGE][PASSED] - Text 'sy1' is set on object 'Object Repository/Page_PSTO webMessenger/input_Powrt do logowania_pass1'

2021-12-21 18:11:07 - [TEST_STEP][PASSED] - setText(findTestObject("Object Repository/Page_PSTO webMessenger/input_Powrt do logowania_pass2"), findTestData("Rejestracja/tabR6").getValue("password2", row)): Text '' is set on object 'Object Repository/Page_PSTO webMessenger/input_Powrt do logowania_pass2'

2021-12-21 18:11:08 - [MESSAGE][PASSED] - Text '' is set on object 'Object Repository/Page_PSTO webMessenger/input_Powrt do logowania_pass2'

2021-12-21 18:11:08 - [TEST_STEP][PASSED] - setText(findTestObject("Object Repository/Page_PSTO webMessenger/input_Powrt do logowania_name"), findTestData("Rejestracja/tabR6").getValue("name", row)): Text 'Agata' is set on object 'Object Repository/Page_PSTO webMessenger/input_Powrt do logowania_name'

2021-12-21 18:11:09 - [MESSAGE][PASSED] - Text 'Agata' is set on object 'Object Repository/Page_PSTO webMessenger/input_Powrt do logowania_name'

2021-12-21 18:11:09 - [TEST_STEP][PASSED] - setText(findTestObject("Object Repository/Page_PSTO webMessenger/input_Powrt do logowania_surname"), findTestData("Rejestracja/tabR6").getValue("surname", row)): Text 'Łazur' is set on object 'Object Repository/Page_PSTO webMessenger/input_Powrt do logowania_surname'

2021-12-21 18:11:10 - [MESSAGE][PASSED] - Text 'Łazur' is set on object 'Object Repository/Page_PSTO webMessenger/input_Powrt do logowania_surname'

2021-12-21 18:11:10 - [TEST_STEP][PASSED] - setText(findTestObject("Object Repository/Page_PSTO webMessenger/input_Powrt do logowania_kodgrupy"), findTestData("Rejestracja/tabR6").getValue("group", row)): Text 'wsbgroup2ap' is set on object 'Object Repository/Page_PSTO webMessenger/input_Powrt do logowania_kodgrupy'

2021-12-21 18:11:11 - [MESSAGE][PASSED] - Text 'wsbgroup2ap' is set on object 'Object Repository/Page_PSTO webMessenger/input_Powrt do logowania_kodgrupy'

2021-12-21 18:11:11 - [TEST_STEP][PASSED] - click(findTestObject("Page_PSTO webMessenger/input_Powrt do logowania_register")): Object: 'Object Repository/Page_PSTO webMessenger/input_Powrt do logowania_register' is clicked on

2021-12-21 18:11:11 - [MESSAGE][PASSED] - Object: 'Object Repository/Page_PSTO webMessenger/input_Powrt do logowania_register' is clicked on

2021-12-21 18:11:11 - [TEST_STEP][PASSED] - verifyElementPresent(findTestObject("Page_PSTO webMessenger/div_Nie wypeniono wszystkich pl"), 0): Object 'Object Repository/Page_PSTO webMessenger/div_Nie wypeniono wszystkich pl' is present

2021-12-21 18:11:12 - [MESSAGE][WARNING] - Timeout '0' is invalid. Using default page load timeout: '30'

2021-12-21 18:11:12 - [MESSAGE][PASSED] - Object 'Object Repository/Page_PSTO webMessenger/div_Nie wypeniono wszystkich pl' is present

2021-12-21 18:11:12 - [TEST_STEP][PASSED] - verifyElementVisible(findTestObject("Page_PSTO webMessenger/p_Nie wypeniono wszystkich plPodane Hasa rni si")): Object 'Object Repository/Page_PSTO webMessenger/p_Nie wypeniono wszystkich plPodane Hasa rni si' is visible

2021-12-21 18:11:13 - [MESSAGE][PASSED] - Object 'Object Repository/Page_PSTO webMessenger/p_Nie wypeniono wszystkich plPodane Hasa rni si' is visible

2021-12-21 18:11:13 - [TEST_STEP][PASSED] - click(findTestObject("Object Repository/Page_PSTO webMessenger/a_Zarejestruj konto")): Object: 'Object Repository/Page_PSTO webMessenger/a_Zarejestruj konto' is clicked on

2021-12-21 18:11:13 - [MESSAGE][PASSED] - Object: 'Object Repository/Page_PSTO webMessenger/a_Zarejestruj konto' is clicked on

2021-12-21 18:11:13 - [TEST_STEP][PASSED] - data = Date().getTime(): null

2021-12-21 18:11:13 - [TEST_STEP][PASSED] - username = "Ameba" + data: null

2021-12-21 18:11:13 - [TEST_STEP][PASSED] - click(findTestObject("Object Repository/Page_PSTO webMessenger/a_Zarejestruj konto")): Object: 'Object Repository/Page_PSTO webMessenger/a_Zarejestruj konto' is clicked on

2021-12-21 18:11:14 - [MESSAGE][PASSED] - Object: 'Object Repository/Page_PSTO webMessenger/a_Zarejestruj konto' is clicked on

2021-12-21 18:11:14 - [TEST_STEP][PASSED] - setText(findTestObject("Object Repository/Page_PSTO webMessenger/input_Powrt do logowania_username"), username): Text 'Ameba1640106673894' is set on object 'Object Repository/Page_PSTO webMessenger/input_Powrt do logowania_username'

2021-12-21 18:11:15 - [MESSAGE][PASSED] - Text 'Ameba1640106673894' is set on object 'Object Repository/Page_PSTO webMessenger/input_Powrt do logowania_username'

2021-12-21 18:11:15 - [TEST_STEP][PASSED] - setText(findTestObject("Object Repository/Page_PSTO webMessenger/input_Powrt do logowania_pass1"), findTestData("Rejestracja/tabR6").getValue("password", row)): Text 'SY1' is set on object 'Object Repository/Page_PSTO webMessenger/input_Powrt do logowania_pass1'

2021-12-21 18:11:16 - [MESSAGE][PASSED] - Text 'SY1' is set on object 'Object Repository/Page_PSTO webMessenger/input_Powrt do logowania_pass1'

2021-12-21 18:11:16 - [TEST_STEP][PASSED] - setText(findTestObject("Object Repository/Page_PSTO webMessenger/input_Powrt do logowania_pass2"), findTestData("Rejestracja/tabR6").getValue("password2", row)): Text '' is set on object 'Object Repository/Page_PSTO webMessenger/input_Powrt do logowania_pass2'

2021-12-21 18:11:17 - [MESSAGE][PASSED] - Text '' is set on object 'Object Repository/Page_PSTO webMessenger/input_Powrt do logowania_pass2'

2021-12-21 18:11:17 - [TEST_STEP][PASSED] - setText(findTestObject("Object Repository/Page_PSTO webMessenger/input_Powrt do logowania_name"), findTestData("Rejestracja/tabR6").getValue("name", row)): Text 'Agata' is set on object 'Object Repository/Page_PSTO webMessenger/input_Powrt do logowania_name'

2021-12-21 18:11:17 - [MESSAGE][PASSED] - Text 'Agata' is set on object 'Object Repository/Page_PSTO webMessenger/input_Powrt do logowania_name'

2021-12-21 18:11:17 - [TEST_STEP][PASSED] - setText(findTestObject("Object Repository/Page_PSTO webMessenger/input_Powrt do logowania_surname"), findTestData("Rejestracja/tabR6").getValue("surname", row)): Text 'Razur' is set on object 'Object Repository/Page_PSTO webMessenger/input_Powrt do logowania_surname'

2021-12-21 18:11:18 - [MESSAGE][PASSED] - Text 'Razur' is set on object 'Object Repository/Page_PSTO webMessenger/input_Powrt do logowania_surname'

2021-12-21 18:11:18 - [TEST_STEP][PASSED] - setText(findTestObject("Object Repository/Page_PSTO webMessenger/input_Powrt do logowania_kodgrupy"), findTestData("Rejestracja/tabR6").getValue("group", row)): Text 'wsbgroup2ap' is set on object 'Object Repository/Page_PSTO webMessenger/input_Powrt do logowania_kodgrupy'

2021-12-21 18:11:19 - [MESSAGE][PASSED] - Text 'wsbgroup2ap' is set on object 'Object Repository/Page_PSTO webMessenger/input_Powrt do logowania_kodgrupy'

2021-12-21 18:11:19 - [TEST_STEP][PASSED] - click(findTestObject("Page_PSTO webMessenger/input_Powrt do logowania_register")): Object: 'Object Repository/Page_PSTO webMessenger/input_Powrt do logowania_register' is clicked on

2021-12-21 18:11:20 - [MESSAGE][PASSED] - Object: 'Object Repository/Page_PSTO webMessenger/input_Powrt do logowania_register' is clicked on

2021-12-21 18:11:20 - [TEST_STEP][PASSED] - verifyElementPresent(findTestObject("Page_PSTO webMessenger/div_Nie wypeniono wszystkich pl"), 0): Object 'Object Repository/Page_PSTO webMessenger/div_Nie wypeniono wszystkich pl' is present

2021-12-21 18:11:20 - [MESSAGE][WARNING] - Timeout '0' is invalid. Using default page load timeout: '30'

2021-12-21 18:11:20 - [MESSAGE][PASSED] - Object 'Object Repository/Page_PSTO webMessenger/div_Nie wypeniono wszystkich pl' is present

2021-12-21 18:11:20 - [TEST_STEP][PASSED] - verifyElementVisible(findTestObject("Page_PSTO webMessenger/p_Nie wypeniono wszystkich plPodane Hasa rni si")): Object 'Object Repository/Page_PSTO webMessenger/p_Nie wypeniono wszystkich plPodane Hasa rni si' is visible

2021-12-21 18:11:21 - [MESSAGE][PASSED] - Object 'Object Repository/Page_PSTO webMessenger/p_Nie wypeniono wszystkich plPodane Hasa rni si' is visible

2021-12-21 18:11:21 - [TEST_STEP][PASSED] - click(findTestObject("Object Repository/Page_PSTO webMessenger/a_Zarejestruj konto")): Object: 'Object Repository/Page_PSTO webMessenger/a_Zarejestruj konto' is clicked on

2021-12-21 18:11:21 - [MESSAGE][PASSED] - Object: 'Object Repository/Page_PSTO webMessenger/a_Zarejestruj konto' is clicked on

2021-12-21 18:11:21 - [TEST_STEP][PASSED] - data = Date().getTime(): null

2021-12-21 18:11:21 - [TEST_STEP][PASSED] - username = "Ameba" + data: null

2021-12-21 18:11:21 - [TEST_STEP][PASSED] - click(findTestObject("Object Repository/Page_PSTO webMessenger/a_Zarejestruj konto")): Object: 'Object Repository/Page_PSTO webMessenger/a_Zarejestruj konto' is clicked on

2021-12-21 18:11:22 - [MESSAGE][PASSED] - Object: 'Object Repository/Page_PSTO webMessenger/a_Zarejestruj konto' is clicked on

2021-12-21 18:11:22 - [TEST_STEP][PASSED] - setText(findTestObject("Object Repository/Page_PSTO webMessenger/input_Powrt do logowania_username"), username): Text 'Ameba1640106681825' is set on object 'Object Repository/Page_PSTO webMessenger/input_Powrt do logowania_username'

2021-12-21 18:11:23 - [MESSAGE][PASSED] - Text 'Ameba1640106681825' is set on object 'Object Repository/Page_PSTO webMessenger/input_Powrt do logowania_username'

2021-12-21 18:11:23 - [TEST_STEP][PASSED] - setText(findTestObject("Object Repository/Page_PSTO webMessenger/input_Powrt do logowania_pass1"), findTestData("Rejestracja/tabR6").getValue("password", row)): Text 'sY1' is set on object 'Object Repository/Page_PSTO webMessenger/input_Powrt do logowania_pass1'

2021-12-21 18:11:24 - [MESSAGE][PASSED] - Text 'sY1' is set on object 'Object Repository/Page_PSTO webMessenger/input_Powrt do logowania_pass1'

2021-12-21 18:11:24 - [TEST_STEP][PASSED] - setText(findTestObject("Object Repository/Page_PSTO webMessenger/input_Powrt do logowania_pass2"), findTestData("Rejestracja/tabR6").getValue("password2", row)): Text '' is set on object 'Object Repository/Page_PSTO webMessenger/input_Powrt do logowania_pass2'

2021-12-21 18:11:24 - [MESSAGE][PASSED] - Text '' is set on object 'Object Repository/Page_PSTO webMessenger/input_Powrt do logowania_pass2'

2021-12-21 18:11:24 - [TEST_STEP][PASSED] - setText(findTestObject("Object Repository/Page_PSTO webMessenger/input_Powrt do logowania_name"), findTestData("Rejestracja/tabR6").getValue("name", row)): Text 'Agata' is set on object 'Object Repository/Page_PSTO webMessenger/input_Powrt do logowania_name'

2021-12-21 18:11:25 - [MESSAGE][PASSED] - Text 'Agata' is set on object 'Object Repository/Page_PSTO webMessenger/input_Powrt do logowania_name'

2021-12-21 18:11:25 - [TEST_STEP][PASSED] - setText(findTestObject("Object Repository/Page_PSTO webMessenger/input_Powrt do logowania_surname"), findTestData("Rejestracja/tabR6").getValue("surname", row)): Text 'Fazur' is set on object 'Object Repository/Page_PSTO webMessenger/input_Powrt do logowania_surname'

2021-12-21 18:11:26 - [MESSAGE][PASSED] - Text 'Fazur' is set on object 'Object Repository/Page_PSTO webMessenger/input_Powrt do logowania_surname'

2021-12-21 18:11:26 - [TEST_STEP][PASSED] - setText(findTestObject("Object Repository/Page_PSTO webMessenger/input_Powrt do logowania_kodgrupy"), findTestData("Rejestracja/tabR6").getValue("group", row)): Text 'wsbgroup2ap' is set on object 'Object Repository/Page_PSTO webMessenger/input_Powrt do logowania_kodgrupy'

2021-12-21 18:11:27 - [MESSAGE][PASSED] - Text 'wsbgroup2ap' is set on object 'Object Repository/Page_PSTO webMessenger/input_Powrt do logowania_kodgrupy'

2021-12-21 18:11:27 - [TEST_STEP][PASSED] - click(findTestObject("Page_PSTO webMessenger/input_Powrt do logowania_register")): Object: 'Object Repository/Page_PSTO webMessenger/input_Powrt do logowania_register' is clicked on

2021-12-21 18:11:27 - [MESSAGE][PASSED] - Object: 'Object Repository/Page_PSTO webMessenger/input_Powrt do logowania_register' is clicked on

2021-12-21 18:11:27 - [TEST_STEP][PASSED] - verifyElementPresent(findTestObject("Page_PSTO webMessenger/div_Nie wypeniono wszystkich pl"), 0): Object 'Object Repository/Page_PSTO webMessenger/div_Nie wypeniono wszystkich pl' is present

2021-12-21 18:11:27 - [MESSAGE][WARNING] - Timeout '0' is invalid. Using default page load timeout: '30'

2021-12-21 18:11:28 - [MESSAGE][PASSED] - Object 'Object Repository/Page_PSTO webMessenger/div_Nie wypeniono wszystkich pl' is present

2021-12-21 18:11:28 - [TEST_STEP][PASSED] - verifyElementVisible(findTestObject("Page_PSTO webMessenger/p_Nie wypeniono wszystkich plPodane Hasa rni si")): Object 'Object Repository/Page_PSTO webMessenger/p_Nie wypeniono wszystkich plPodane Hasa rni si' is visible

2021-12-21 18:11:28 - [MESSAGE][PASSED] - Object 'Object Repository/Page_PSTO webMessenger/p_Nie wypeniono wszystkich plPodane Hasa rni si' is visible

2021-12-21 18:11:28 - [TEST_STEP][PASSED] - click(findTestObject("Object Repository/Page_PSTO webMessenger/a_Zarejestruj konto")): Object: 'Object Repository/Page_PSTO webMessenger/a_Zarejestruj konto' is clicked on

2021-12-21 18:11:29 - [MESSAGE][PASSED] - Object: 'Object Repository/Page_PSTO webMessenger/a_Zarejestruj konto' is clicked on

2021-12-21 18:11:29 - [TEST_STEP][PASSED] - data = Date().getTime(): null

2021-12-21 18:11:29 - [TEST_STEP][PASSED] - username = "Ameba" + data: null

2021-12-21 18:11:29 - [TEST_STEP][PASSED] - click(findTestObject("Object Repository/Page_PSTO webMessenger/a_Zarejestruj konto")): Object: 'Object Repository/Page_PSTO webMessenger/a_Zarejestruj konto' is clicked on

2021-12-21 18:11:29 - [MESSAGE][PASSED] - Object: 'Object Repository/Page_PSTO webMessenger/a_Zarejestruj konto' is clicked on

2021-12-21 18:11:29 - [TEST_STEP][PASSED] - setText(findTestObject("Object Repository/Page_PSTO webMessenger/input_Powrt do logowania_username"), username): Text 'Ameba1640106689127' is set on object 'Object Repository/Page_PSTO webMessenger/input_Powrt do logowania_username'

2021-12-21 18:11:30 - [MESSAGE][PASSED] - Text 'Ameba1640106689127' is set on object 'Object Repository/Page_PSTO webMessenger/input_Powrt do logowania_username'

2021-12-21 18:11:30 - [TEST_STEP][PASSED] - setText(findTestObject("Object Repository/Page_PSTO webMessenger/input_Powrt do logowania_pass1"), findTestData("Rejestracja/tabR6").getValue("password", row)): Text 'Sy1' is set on object 'Object Repository/Page_PSTO webMessenger/input_Powrt do logowania_pass1'

2021-12-21 18:11:31 - [MESSAGE][PASSED] - Text 'Sy1' is set on object 'Object Repository/Page_PSTO webMessenger/input_Powrt do logowania_pass1'

2021-12-21 18:11:31 - [TEST_STEP][PASSED] - setText(findTestObject("Object Repository/Page_PSTO webMessenger/input_Powrt do logowania_pass2"), findTestData("Rejestracja/tabR6").getValue("password2", row)): Text '' is set on object 'Object Repository/Page_PSTO webMessenger/input_Powrt do logowania_pass2'

2021-12-21 18:11:32 - [MESSAGE][PASSED] - Text '' is set on object 'Object Repository/Page_PSTO webMessenger/input_Powrt do logowania_pass2'

2021-12-21 18:11:32 - [TEST_STEP][PASSED] - setText(findTestObject("Object Repository/Page_PSTO webMessenger/input_Powrt do logowania_name"), findTestData("Rejestracja/tabR6").getValue("name", row)): Text 'Agata' is set on object 'Object Repository/Page_PSTO webMessenger/input_Powrt do logowania_name'

2021-12-21 18:11:32 - [MESSAGE][PASSED] - Text 'Agata' is set on object 'Object Repository/Page_PSTO webMessenger/input_Powrt do logowania_name'

2021-12-21 18:11:32 - [TEST_STEP][PASSED] - setText(findTestObject("Object Repository/Page_PSTO webMessenger/input_Powrt do logowania_surname"), findTestData("Rejestracja/tabR6").getValue("surname", row)): Text 'Sazur' is set on object 'Object Repository/Page_PSTO webMessenger/input_Powrt do logowania_surname'

2021-12-21 18:11:33 - [MESSAGE][PASSED] - Text 'Sazur' is set on object 'Object Repository/Page_PSTO webMessenger/input_Powrt do logowania_surname'

2021-12-21 18:11:33 - [TEST_STEP][PASSED] - setText(findTestObject("Object Repository/Page_PSTO webMessenger/input_Powrt do logowania_kodgrupy"), findTestData("Rejestracja/tabR6").getValue("group", row)): Text 'wsbgroup2ap' is set on object 'Object Repository/Page_PSTO webMessenger/input_Powrt do logowania_kodgrupy'

2021-12-21 18:11:34 - [MESSAGE][PASSED] - Text 'wsbgroup2ap' is set on object 'Object Repository/Page_PSTO webMessenger/input_Powrt do logowania_kodgrupy'

2021-12-21 18:11:34 - [TEST_STEP][PASSED] - click(findTestObject("Page_PSTO webMessenger/input_Powrt do logowania_register")): Object: 'Object Repository/Page_PSTO webMessenger/input_Powrt do logowania_register' is clicked on

2021-12-21 18:11:34 - [MESSAGE][PASSED] - Object: 'Object Repository/Page_PSTO webMessenger/input_Powrt do logowania_register' is clicked on

2021-12-21 18:11:34 - [TEST_STEP][PASSED] - verifyElementPresent(findTestObject("Page_PSTO webMessenger/div_Nie wypeniono wszystkich pl"), 0): Object 'Object Repository/Page_PSTO webMessenger/div_Nie wypeniono wszystkich pl' is present

2021-12-21 18:11:35 - [MESSAGE][WARNING] - Timeout '0' is invalid. Using default page load timeout: '30'

2021-12-21 18:11:35 - [MESSAGE][PASSED] - Object 'Object Repository/Page_PSTO webMessenger/div_Nie wypeniono wszystkich pl' is present

2021-12-21 18:11:35 - [TEST_STEP][PASSED] - verifyElementVisible(findTestObject("Page_PSTO webMessenger/p_Nie wypeniono wszystkich plPodane Hasa rni si")): Object 'Object Repository/Page_PSTO webMessenger/p_Nie wypeniono wszystkich plPodane Hasa rni si' is visible

2021-12-21 18:11:35 - [MESSAGE][PASSED] - Object 'Object Repository/Page_PSTO webMessenger/p_Nie wypeniono wszystkich plPodane Hasa rni si' is visible

2021-12-21 18:11:35 - [TEST_STEP][PASSED] - click(findTestObject("Object Repository/Page_PSTO webMessenger/a_Zarejestruj konto")): Object: 'Object Repository/Page_PSTO webMessenger/a_Zarejestruj konto' is clicked on

2021-12-21 18:11:36 - [MESSAGE][PASSED] - Object: 'Object Repository/Page_PSTO webMessenger/a_Zarejestruj konto' is clicked on

2021-12-21 18:11:36 - [TEST_STEP][PASSED] - data = Date().getTime(): null

2021-12-21 18:11:36 - [TEST_STEP][PASSED] - username = "Ameba" + data: null

2021-12-21 18:11:36 - [TEST_STEP][PASSED] - click(findTestObject("Object Repository/Page_PSTO webMessenger/a_Zarejestruj konto")): Object: 'Object Repository/Page_PSTO webMessenger/a_Zarejestruj konto' is clicked on

2021-12-21 18:11:37 - [MESSAGE][PASSED] - Object: 'Object Repository/Page_PSTO webMessenger/a_Zarejestruj konto' is clicked on

2021-12-21 18:11:37 - [TEST_STEP][PASSED] - setText(findTestObject("Object Repository/Page_PSTO webMessenger/input_Powrt do logowania_username"), username): Text 'Ameba1640106696549' is set on object 'Object Repository/Page_PSTO webMessenger/input_Powrt do logowania_username'

2021-12-21 18:11:37 - [MESSAGE][PASSED] - Text 'Ameba1640106696549' is set on object 'Object Repository/Page_PSTO webMessenger/input_Powrt do logowania_username'

2021-12-21 18:11:37 - [TEST_STEP][PASSED] - setText(findTestObject("Object Repository/Page_PSTO webMessenger/input_Powrt do logowania_pass1"), findTestData("Rejestracja/tabR6").getValue("password", row)): Text 'Ssyy' is set on object 'Object Repository/Page_PSTO webMessenger/input_Powrt do logowania_pass1'

2021-12-21 18:11:38 - [MESSAGE][PASSED] - Text 'Ssyy' is set on object 'Object Repository/Page_PSTO webMessenger/input_Powrt do logowania_pass1'

2021-12-21 18:11:38 - [TEST_STEP][PASSED] - setText(findTestObject("Object Repository/Page_PSTO webMessenger/input_Powrt do logowania_pass2"), findTestData("Rejestracja/tabR6").getValue("password2", row)): Text '' is set on object 'Object Repository/Page_PSTO webMessenger/input_Powrt do logowania_pass2'

2021-12-21 18:11:39 - [MESSAGE][PASSED] - Text '' is set on object 'Object Repository/Page_PSTO webMessenger/input_Powrt do logowania_pass2'

2021-12-21 18:11:39 - [TEST_STEP][PASSED] - setText(findTestObject("Object Repository/Page_PSTO webMessenger/input_Powrt do logowania_name"), findTestData("Rejestracja/tabR6").getValue("name", row)): Text 'Agata' is set on object 'Object Repository/Page_PSTO webMessenger/input_Powrt do logowania_name'

2021-12-21 18:11:40 - [MESSAGE][PASSED] - Text 'Agata' is set on object 'Object Repository/Page_PSTO webMessenger/input_Powrt do logowania_name'

2021-12-21 18:11:40 - [TEST_STEP][PASSED] - setText(findTestObject("Object Repository/Page_PSTO webMessenger/input_Powrt do logowania_surname"), findTestData("Rejestracja/tabR6").getValue("surname", row)): Text 'Tazur' is set on object 'Object Repository/Page_PSTO webMessenger/input_Powrt do logowania_surname'

2021-12-21 18:11:41 - [MESSAGE][PASSED] - Text 'Tazur' is set on object 'Object Repository/Page_PSTO webMessenger/input_Powrt do logowania_surname'

2021-12-21 18:11:41 - [TEST_STEP][PASSED] - setText(findTestObject("Object Repository/Page_PSTO webMessenger/input_Powrt do logowania_kodgrupy"), findTestData("Rejestracja/tabR6").getValue("group", row)): Text 'wsbgroup2ap' is set on object 'Object Repository/Page_PSTO webMessenger/input_Powrt do logowania_kodgrupy'

2021-12-21 18:11:41 - [MESSAGE][PASSED] - Text 'wsbgroup2ap' is set on object 'Object Repository/Page_PSTO webMessenger/input_Powrt do logowania_kodgrupy'

2021-12-21 18:11:41 - [TEST_STEP][PASSED] - click(findTestObject("Page_PSTO webMessenger/input_Powrt do logowania_register")): Object: 'Object Repository/Page_PSTO webMessenger/input_Powrt do logowania_register' is clicked on

2021-12-21 18:11:42 - [MESSAGE][PASSED] - Object: 'Object Repository/Page_PSTO webMessenger/input_Powrt do logowania_register' is clicked on

2021-12-21 18:11:42 - [TEST_STEP][PASSED] - verifyElementPresent(findTestObject("Page_PSTO webMessenger/div_Nie wypeniono wszystkich pl"), 0): Object 'Object Repository/Page_PSTO webMessenger/div_Nie wypeniono wszystkich pl' is present

2021-12-21 18:11:42 - [MESSAGE][WARNING] - Timeout '0' is invalid. Using default page load timeout: '30'

2021-12-21 18:11:43 - [MESSAGE][PASSED] - Object 'Object Repository/Page_PSTO webMessenger/div_Nie wypeniono wszystkich pl' is present

2021-12-21 18:11:43 - [TEST_STEP][PASSED] - verifyElementVisible(findTestObject("Page_PSTO webMessenger/p_Nie wypeniono wszystkich plPodane Hasa rni si")): Object 'Object Repository/Page_PSTO webMessenger/p_Nie wypeniono wszystkich plPodane Hasa rni si' is visible

2021-12-21 18:11:43 - [MESSAGE][PASSED] - Object 'Object Repository/Page_PSTO webMessenger/p_Nie wypeniono wszystkich plPodane Hasa rni si' is visible

2021-12-21 18:11:43 - [TEST_STEP][PASSED] - click(findTestObject("Object Repository/Page_PSTO webMessenger/a_Zarejestruj konto")): Object: 'Object Repository/Page_PSTO webMessenger/a_Zarejestruj konto' is clicked on

2021-12-21 18:11:43 - [MESSAGE][PASSED] - Object: 'Object Repository/Page_PSTO webMessenger/a_Zarejestruj konto' is clicked on

2021-12-21 18:11:44 - [TEST_STEP][PASSED] - closeBrowser(): Browser is closed

2021-12-21 18:11:44 - [MESSAGE][PASSED] - Browser is closed]]></system-out>
         <system-err><![CDATA[]]></system-err>
      </testcase>
      <testcase name="Test Cases/Rejestracja/R7" time="90.743" classname="Test Cases/Rejestracja/R7" status="PASSED">
         <system-out><![CDATA[2021-12-21 18:11:44 - [TEST_CASE][PASSED] - Test Cases/Rejestracja/R7: Test Cases/Rejestracja/R7

2021-12-21 18:11:45 - [TEST_STEP][PASSED] - openBrowser(""): Browser is opened with url: ''

2021-12-21 18:11:45 - [MESSAGE][INFO] - Starting 'Chrome' driver

2021-12-21 18:11:45 - [MESSAGE][INFO] - Action delay is set to 0 milliseconds

2021-12-21 18:11:47 - [MESSAGE][PASSED] - Browser is opened with url: ''

2021-12-21 18:11:47 - [TEST_STEP][PASSED] - navigateToUrl("http://kmg.hcm.pl/testowanie/index.html"): Navigate to 'http://kmg.hcm.pl/testowanie/index.html' successfully

2021-12-21 18:11:47 - [MESSAGE][PASSED] - Navigate to 'http://kmg.hcm.pl/testowanie/index.html' successfully

2021-12-21 18:11:47 - [TEST_STEP][PASSED] - for ([row = 1, row <= findTestData("Rejestracja/tabR7").getRowNumbers(), (row++)]): Object: 'Object Repository/Page_PSTO webMessenger - Zalogowano/img_Zarejestruj konto_iconImg' is clicked on

2021-12-21 18:11:48 - [TEST_STEP][PASSED] - data = Date().getTime(): null

2021-12-21 18:11:48 - [TEST_STEP][PASSED] - click(findTestObject("Object Repository/Page_PSTO webMessenger/a_Zarejestruj konto")): Object: 'Object Repository/Page_PSTO webMessenger/a_Zarejestruj konto' is clicked on

2021-12-21 18:11:48 - [MESSAGE][PASSED] - Object: 'Object Repository/Page_PSTO webMessenger/a_Zarejestruj konto' is clicked on

2021-12-21 18:11:48 - [TEST_STEP][PASSED] - setText(findTestObject("Object Repository/Page_PSTO webMessenger/input_Powrt do logowania_username"), findTestData("Rejestracja/tabR7").getValue("username", row) + data): Text 'Amebąąą1640106708015' is set on object 'Object Repository/Page_PSTO webMessenger/input_Powrt do logowania_username'

2021-12-21 18:11:49 - [MESSAGE][PASSED] - Text 'Amebąąą1640106708015' is set on object 'Object Repository/Page_PSTO webMessenger/input_Powrt do logowania_username'

2021-12-21 18:11:49 - [TEST_STEP][PASSED] - setText(findTestObject("Object Repository/Page_PSTO webMessenger/input_Powrt do logowania_pass1"), findTestData("Rejestracja/tabR7").getValue("password", row)): Text 'startStop1' is set on object 'Object Repository/Page_PSTO webMessenger/input_Powrt do logowania_pass1'

2021-12-21 18:11:50 - [MESSAGE][PASSED] - Text 'startStop1' is set on object 'Object Repository/Page_PSTO webMessenger/input_Powrt do logowania_pass1'

2021-12-21 18:11:50 - [TEST_STEP][PASSED] - setText(findTestObject("Object Repository/Page_PSTO webMessenger/input_Powrt do logowania_pass2"), findTestData("Rejestracja/tabR7").getValue("password2", row)): Text 'startStop1' is set on object 'Object Repository/Page_PSTO webMessenger/input_Powrt do logowania_pass2'

2021-12-21 18:11:50 - [MESSAGE][PASSED] - Text 'startStop1' is set on object 'Object Repository/Page_PSTO webMessenger/input_Powrt do logowania_pass2'

2021-12-21 18:11:50 - [TEST_STEP][PASSED] - setText(findTestObject("Object Repository/Page_PSTO webMessenger/input_Powrt do logowania_name"), findTestData("Rejestracja/tabR7").getValue("name", row)): Text 'Agata' is set on object 'Object Repository/Page_PSTO webMessenger/input_Powrt do logowania_name'

2021-12-21 18:11:51 - [MESSAGE][PASSED] - Text 'Agata' is set on object 'Object Repository/Page_PSTO webMessenger/input_Powrt do logowania_name'

2021-12-21 18:11:51 - [TEST_STEP][PASSED] - setText(findTestObject("Object Repository/Page_PSTO webMessenger/input_Powrt do logowania_surname"), findTestData("Rejestracja/tabR7").getValue("surname", row)): Text 'Łazur' is set on object 'Object Repository/Page_PSTO webMessenger/input_Powrt do logowania_surname'

2021-12-21 18:11:52 - [MESSAGE][PASSED] - Text 'Łazur' is set on object 'Object Repository/Page_PSTO webMessenger/input_Powrt do logowania_surname'

2021-12-21 18:11:52 - [TEST_STEP][PASSED] - setText(findTestObject("Object Repository/Page_PSTO webMessenger/input_Powrt do logowania_kodgrupy"), findTestData("Rejestracja/tabR7").getValue("group", row)): Text 'wsbgroup2ap' is set on object 'Object Repository/Page_PSTO webMessenger/input_Powrt do logowania_kodgrupy'

2021-12-21 18:11:53 - [MESSAGE][PASSED] - Text 'wsbgroup2ap' is set on object 'Object Repository/Page_PSTO webMessenger/input_Powrt do logowania_kodgrupy'

2021-12-21 18:11:53 - [TEST_STEP][PASSED] - click(findTestObject("Page_PSTO webMessenger/input_Powrt do logowania_register")): Object: 'Object Repository/Page_PSTO webMessenger/input_Powrt do logowania_register' is clicked on

2021-12-21 18:11:53 - [MESSAGE][PASSED] - Object: 'Object Repository/Page_PSTO webMessenger/input_Powrt do logowania_register' is clicked on

2021-12-21 18:11:53 - [TEST_STEP][PASSED] - click(findTestObject("Page_PSTO webMessenger/a_Kliknij, aby si zalogowa")): Object: 'Object Repository/Page_PSTO webMessenger/a_Kliknij, aby si zalogowa' is clicked on

2021-12-21 18:11:54 - [MESSAGE][PASSED] - Object: 'Object Repository/Page_PSTO webMessenger/a_Kliknij, aby si zalogowa' is clicked on

2021-12-21 18:11:54 - [TEST_STEP][PASSED] - setText(findTestObject("Page_PSTO webMessenger/input_Zarejestruj konto_userLogin"), findTestData("Rejestracja/tabR7").getValue("username", row) + data): Text 'Amebąąą1640106708015' is set on object 'Object Repository/Page_PSTO webMessenger/input_Zarejestruj konto_userLogin'

2021-12-21 18:11:55 - [MESSAGE][PASSED] - Text 'Amebąąą1640106708015' is set on object 'Object Repository/Page_PSTO webMessenger/input_Zarejestruj konto_userLogin'

2021-12-21 18:11:55 - [TEST_STEP][PASSED] - setText(findTestObject("Page_PSTO webMessenger/input_Zarejestruj konto_passwordLogin"), findTestData("Rejestracja/tabR7").getValue("password", row)): Text 'startStop1' is set on object 'Object Repository/Page_PSTO webMessenger/input_Zarejestruj konto_passwordLogin'

2021-12-21 18:11:56 - [MESSAGE][PASSED] - Text 'startStop1' is set on object 'Object Repository/Page_PSTO webMessenger/input_Zarejestruj konto_passwordLogin'

2021-12-21 18:11:56 - [TEST_STEP][PASSED] - click(findTestObject("Page_PSTO webMessenger/input_Zarejestruj konto_login")): Object: 'Object Repository/Page_PSTO webMessenger/input_Zarejestruj konto_login' is clicked on

2021-12-21 18:11:57 - [MESSAGE][PASSED] - Object: 'Object Repository/Page_PSTO webMessenger/input_Zarejestruj konto_login' is clicked on

2021-12-21 18:11:57 - [TEST_STEP][PASSED] - click(findTestObject("Page_PSTO webMessenger - Zalogowano/img_Zarejestruj konto_iconImg")): Object: 'Object Repository/Page_PSTO webMessenger - Zalogowano/img_Zarejestruj konto_iconImg' is clicked on

2021-12-21 18:11:58 - [MESSAGE][PASSED] - Object: 'Object Repository/Page_PSTO webMessenger - Zalogowano/img_Zarejestruj konto_iconImg' is clicked on

2021-12-21 18:11:58 - [TEST_STEP][PASSED] - data = Date().getTime(): null

2021-12-21 18:11:58 - [TEST_STEP][PASSED] - click(findTestObject("Object Repository/Page_PSTO webMessenger/a_Zarejestruj konto")): Object: 'Object Repository/Page_PSTO webMessenger/a_Zarejestruj konto' is clicked on

2021-12-21 18:11:58 - [MESSAGE][PASSED] - Object: 'Object Repository/Page_PSTO webMessenger/a_Zarejestruj konto' is clicked on

2021-12-21 18:11:58 - [TEST_STEP][PASSED] - setText(findTestObject("Object Repository/Page_PSTO webMessenger/input_Powrt do logowania_username"), findTestData("Rejestracja/tabR7").getValue("username", row) + data): Text 'Amęba1640106718138' is set on object 'Object Repository/Page_PSTO webMessenger/input_Powrt do logowania_username'

2021-12-21 18:11:59 - [MESSAGE][PASSED] - Text 'Amęba1640106718138' is set on object 'Object Repository/Page_PSTO webMessenger/input_Powrt do logowania_username'

2021-12-21 18:11:59 - [TEST_STEP][PASSED] - setText(findTestObject("Object Repository/Page_PSTO webMessenger/input_Powrt do logowania_pass1"), findTestData("Rejestracja/tabR7").getValue("password", row)): Text 'startStop2' is set on object 'Object Repository/Page_PSTO webMessenger/input_Powrt do logowania_pass1'

2021-12-21 18:12:00 - [MESSAGE][PASSED] - Text 'startStop2' is set on object 'Object Repository/Page_PSTO webMessenger/input_Powrt do logowania_pass1'

2021-12-21 18:12:00 - [TEST_STEP][PASSED] - setText(findTestObject("Object Repository/Page_PSTO webMessenger/input_Powrt do logowania_pass2"), findTestData("Rejestracja/tabR7").getValue("password2", row)): Text 'startStop2' is set on object 'Object Repository/Page_PSTO webMessenger/input_Powrt do logowania_pass2'

2021-12-21 18:12:01 - [MESSAGE][PASSED] - Text 'startStop2' is set on object 'Object Repository/Page_PSTO webMessenger/input_Powrt do logowania_pass2'

2021-12-21 18:12:01 - [TEST_STEP][PASSED] - setText(findTestObject("Object Repository/Page_PSTO webMessenger/input_Powrt do logowania_name"), findTestData("Rejestracja/tabR7").getValue("name", row)): Text 'Agata' is set on object 'Object Repository/Page_PSTO webMessenger/input_Powrt do logowania_name'

2021-12-21 18:12:01 - [MESSAGE][PASSED] - Text 'Agata' is set on object 'Object Repository/Page_PSTO webMessenger/input_Powrt do logowania_name'

2021-12-21 18:12:01 - [TEST_STEP][PASSED] - setText(findTestObject("Object Repository/Page_PSTO webMessenger/input_Powrt do logowania_surname"), findTestData("Rejestracja/tabR7").getValue("surname", row)): Text 'Razur' is set on object 'Object Repository/Page_PSTO webMessenger/input_Powrt do logowania_surname'

2021-12-21 18:12:02 - [MESSAGE][PASSED] - Text 'Razur' is set on object 'Object Repository/Page_PSTO webMessenger/input_Powrt do logowania_surname'

2021-12-21 18:12:02 - [TEST_STEP][PASSED] - setText(findTestObject("Object Repository/Page_PSTO webMessenger/input_Powrt do logowania_kodgrupy"), findTestData("Rejestracja/tabR7").getValue("group", row)): Text 'wsbgroup2ap' is set on object 'Object Repository/Page_PSTO webMessenger/input_Powrt do logowania_kodgrupy'

2021-12-21 18:12:03 - [MESSAGE][PASSED] - Text 'wsbgroup2ap' is set on object 'Object Repository/Page_PSTO webMessenger/input_Powrt do logowania_kodgrupy'

2021-12-21 18:12:03 - [TEST_STEP][PASSED] - click(findTestObject("Page_PSTO webMessenger/input_Powrt do logowania_register")): Object: 'Object Repository/Page_PSTO webMessenger/input_Powrt do logowania_register' is clicked on

2021-12-21 18:12:03 - [MESSAGE][PASSED] - Object: 'Object Repository/Page_PSTO webMessenger/input_Powrt do logowania_register' is clicked on

2021-12-21 18:12:03 - [TEST_STEP][PASSED] - click(findTestObject("Page_PSTO webMessenger/a_Kliknij, aby si zalogowa")): Object: 'Object Repository/Page_PSTO webMessenger/a_Kliknij, aby si zalogowa' is clicked on

2021-12-21 18:12:04 - [MESSAGE][PASSED] - Object: 'Object Repository/Page_PSTO webMessenger/a_Kliknij, aby si zalogowa' is clicked on

2021-12-21 18:12:04 - [TEST_STEP][PASSED] - setText(findTestObject("Page_PSTO webMessenger/input_Zarejestruj konto_userLogin"), findTestData("Rejestracja/tabR7").getValue("username", row) + data): Text 'Amęba1640106718138' is set on object 'Object Repository/Page_PSTO webMessenger/input_Zarejestruj konto_userLogin'

2021-12-21 18:12:05 - [MESSAGE][PASSED] - Text 'Amęba1640106718138' is set on object 'Object Repository/Page_PSTO webMessenger/input_Zarejestruj konto_userLogin'

2021-12-21 18:12:05 - [TEST_STEP][PASSED] - setText(findTestObject("Page_PSTO webMessenger/input_Zarejestruj konto_passwordLogin"), findTestData("Rejestracja/tabR7").getValue("password", row)): Text 'startStop2' is set on object 'Object Repository/Page_PSTO webMessenger/input_Zarejestruj konto_passwordLogin'

2021-12-21 18:12:06 - [MESSAGE][PASSED] - Text 'startStop2' is set on object 'Object Repository/Page_PSTO webMessenger/input_Zarejestruj konto_passwordLogin'

2021-12-21 18:12:06 - [TEST_STEP][PASSED] - click(findTestObject("Page_PSTO webMessenger/input_Zarejestruj konto_login")): Object: 'Object Repository/Page_PSTO webMessenger/input_Zarejestruj konto_login' is clicked on

2021-12-21 18:12:06 - [MESSAGE][PASSED] - Object: 'Object Repository/Page_PSTO webMessenger/input_Zarejestruj konto_login' is clicked on

2021-12-21 18:12:06 - [TEST_STEP][PASSED] - click(findTestObject("Page_PSTO webMessenger - Zalogowano/img_Zarejestruj konto_iconImg")): Object: 'Object Repository/Page_PSTO webMessenger - Zalogowano/img_Zarejestruj konto_iconImg' is clicked on

2021-12-21 18:12:07 - [MESSAGE][PASSED] - Object: 'Object Repository/Page_PSTO webMessenger - Zalogowano/img_Zarejestruj konto_iconImg' is clicked on

2021-12-21 18:12:07 - [TEST_STEP][PASSED] - data = Date().getTime(): null

2021-12-21 18:12:07 - [TEST_STEP][PASSED] - click(findTestObject("Object Repository/Page_PSTO webMessenger/a_Zarejestruj konto")): Object: 'Object Repository/Page_PSTO webMessenger/a_Zarejestruj konto' is clicked on

2021-12-21 18:12:08 - [MESSAGE][PASSED] - Object: 'Object Repository/Page_PSTO webMessenger/a_Zarejestruj konto' is clicked on

2021-12-21 18:12:08 - [TEST_STEP][PASSED] - setText(findTestObject("Object Repository/Page_PSTO webMessenger/input_Powrt do logowania_username"), findTestData("Rejestracja/tabR7").getValue("username", row) + data): Text 'Amebać1640106727791' is set on object 'Object Repository/Page_PSTO webMessenger/input_Powrt do logowania_username'

2021-12-21 18:12:09 - [MESSAGE][PASSED] - Text 'Amebać1640106727791' is set on object 'Object Repository/Page_PSTO webMessenger/input_Powrt do logowania_username'

2021-12-21 18:12:09 - [TEST_STEP][PASSED] - setText(findTestObject("Object Repository/Page_PSTO webMessenger/input_Powrt do logowania_pass1"), findTestData("Rejestracja/tabR7").getValue("password", row)): Text 'startStop3' is set on object 'Object Repository/Page_PSTO webMessenger/input_Powrt do logowania_pass1'

2021-12-21 18:12:09 - [MESSAGE][PASSED] - Text 'startStop3' is set on object 'Object Repository/Page_PSTO webMessenger/input_Powrt do logowania_pass1'

2021-12-21 18:12:09 - [TEST_STEP][PASSED] - setText(findTestObject("Object Repository/Page_PSTO webMessenger/input_Powrt do logowania_pass2"), findTestData("Rejestracja/tabR7").getValue("password2", row)): Text 'startStop3' is set on object 'Object Repository/Page_PSTO webMessenger/input_Powrt do logowania_pass2'

2021-12-21 18:12:10 - [MESSAGE][PASSED] - Text 'startStop3' is set on object 'Object Repository/Page_PSTO webMessenger/input_Powrt do logowania_pass2'

2021-12-21 18:12:10 - [TEST_STEP][PASSED] - setText(findTestObject("Object Repository/Page_PSTO webMessenger/input_Powrt do logowania_name"), findTestData("Rejestracja/tabR7").getValue("name", row)): Text 'Agata' is set on object 'Object Repository/Page_PSTO webMessenger/input_Powrt do logowania_name'

2021-12-21 18:12:11 - [MESSAGE][PASSED] - Text 'Agata' is set on object 'Object Repository/Page_PSTO webMessenger/input_Powrt do logowania_name'

2021-12-21 18:12:11 - [TEST_STEP][PASSED] - setText(findTestObject("Object Repository/Page_PSTO webMessenger/input_Powrt do logowania_surname"), findTestData("Rejestracja/tabR7").getValue("surname", row)): Text 'Fazur' is set on object 'Object Repository/Page_PSTO webMessenger/input_Powrt do logowania_surname'

2021-12-21 18:12:12 - [MESSAGE][PASSED] - Text 'Fazur' is set on object 'Object Repository/Page_PSTO webMessenger/input_Powrt do logowania_surname'

2021-12-21 18:12:12 - [TEST_STEP][PASSED] - setText(findTestObject("Object Repository/Page_PSTO webMessenger/input_Powrt do logowania_kodgrupy"), findTestData("Rejestracja/tabR7").getValue("group", row)): Text 'wsbgroup2ap' is set on object 'Object Repository/Page_PSTO webMessenger/input_Powrt do logowania_kodgrupy'

2021-12-21 18:12:12 - [MESSAGE][PASSED] - Text 'wsbgroup2ap' is set on object 'Object Repository/Page_PSTO webMessenger/input_Powrt do logowania_kodgrupy'

2021-12-21 18:12:12 - [TEST_STEP][PASSED] - click(findTestObject("Page_PSTO webMessenger/input_Powrt do logowania_register")): Object: 'Object Repository/Page_PSTO webMessenger/input_Powrt do logowania_register' is clicked on

2021-12-21 18:12:13 - [MESSAGE][PASSED] - Object: 'Object Repository/Page_PSTO webMessenger/input_Powrt do logowania_register' is clicked on

2021-12-21 18:12:13 - [TEST_STEP][PASSED] - click(findTestObject("Page_PSTO webMessenger/a_Kliknij, aby si zalogowa")): Object: 'Object Repository/Page_PSTO webMessenger/a_Kliknij, aby si zalogowa' is clicked on

2021-12-21 18:12:14 - [MESSAGE][PASSED] - Object: 'Object Repository/Page_PSTO webMessenger/a_Kliknij, aby si zalogowa' is clicked on

2021-12-21 18:12:14 - [TEST_STEP][PASSED] - setText(findTestObject("Page_PSTO webMessenger/input_Zarejestruj konto_userLogin"), findTestData("Rejestracja/tabR7").getValue("username", row) + data): Text 'Amebać1640106727791' is set on object 'Object Repository/Page_PSTO webMessenger/input_Zarejestruj konto_userLogin'

2021-12-21 18:12:15 - [MESSAGE][PASSED] - Text 'Amebać1640106727791' is set on object 'Object Repository/Page_PSTO webMessenger/input_Zarejestruj konto_userLogin'

2021-12-21 18:12:15 - [TEST_STEP][PASSED] - setText(findTestObject("Page_PSTO webMessenger/input_Zarejestruj konto_passwordLogin"), findTestData("Rejestracja/tabR7").getValue("password", row)): Text 'startStop3' is set on object 'Object Repository/Page_PSTO webMessenger/input_Zarejestruj konto_passwordLogin'

2021-12-21 18:12:15 - [MESSAGE][PASSED] - Text 'startStop3' is set on object 'Object Repository/Page_PSTO webMessenger/input_Zarejestruj konto_passwordLogin'

2021-12-21 18:12:15 - [TEST_STEP][PASSED] - click(findTestObject("Page_PSTO webMessenger/input_Zarejestruj konto_login")): Object: 'Object Repository/Page_PSTO webMessenger/input_Zarejestruj konto_login' is clicked on

2021-12-21 18:12:16 - [MESSAGE][PASSED] - Object: 'Object Repository/Page_PSTO webMessenger/input_Zarejestruj konto_login' is clicked on

2021-12-21 18:12:16 - [TEST_STEP][PASSED] - click(findTestObject("Page_PSTO webMessenger - Zalogowano/img_Zarejestruj konto_iconImg")): Object: 'Object Repository/Page_PSTO webMessenger - Zalogowano/img_Zarejestruj konto_iconImg' is clicked on

2021-12-21 18:12:17 - [MESSAGE][PASSED] - Object: 'Object Repository/Page_PSTO webMessenger - Zalogowano/img_Zarejestruj konto_iconImg' is clicked on

2021-12-21 18:12:17 - [TEST_STEP][PASSED] - data = Date().getTime(): null

2021-12-21 18:12:17 - [TEST_STEP][PASSED] - click(findTestObject("Object Repository/Page_PSTO webMessenger/a_Zarejestruj konto")): Object: 'Object Repository/Page_PSTO webMessenger/a_Zarejestruj konto' is clicked on

2021-12-21 18:12:17 - [MESSAGE][PASSED] - Object: 'Object Repository/Page_PSTO webMessenger/a_Zarejestruj konto' is clicked on

2021-12-21 18:12:17 - [TEST_STEP][PASSED] - setText(findTestObject("Object Repository/Page_PSTO webMessenger/input_Powrt do logowania_username"), findTestData("Rejestracja/tabR7").getValue("username", row) + data): Text 'Amebaż1640106737208' is set on object 'Object Repository/Page_PSTO webMessenger/input_Powrt do logowania_username'

2021-12-21 18:12:18 - [MESSAGE][PASSED] - Text 'Amebaż1640106737208' is set on object 'Object Repository/Page_PSTO webMessenger/input_Powrt do logowania_username'

2021-12-21 18:12:18 - [TEST_STEP][PASSED] - setText(findTestObject("Object Repository/Page_PSTO webMessenger/input_Powrt do logowania_pass1"), findTestData("Rejestracja/tabR7").getValue("password", row)): Text 'startStop4' is set on object 'Object Repository/Page_PSTO webMessenger/input_Powrt do logowania_pass1'

2021-12-21 18:12:19 - [MESSAGE][PASSED] - Text 'startStop4' is set on object 'Object Repository/Page_PSTO webMessenger/input_Powrt do logowania_pass1'

2021-12-21 18:12:19 - [TEST_STEP][PASSED] - setText(findTestObject("Object Repository/Page_PSTO webMessenger/input_Powrt do logowania_pass2"), findTestData("Rejestracja/tabR7").getValue("password2", row)): Text 'startStop4' is set on object 'Object Repository/Page_PSTO webMessenger/input_Powrt do logowania_pass2'

2021-12-21 18:12:20 - [MESSAGE][PASSED] - Text 'startStop4' is set on object 'Object Repository/Page_PSTO webMessenger/input_Powrt do logowania_pass2'

2021-12-21 18:12:20 - [TEST_STEP][PASSED] - setText(findTestObject("Object Repository/Page_PSTO webMessenger/input_Powrt do logowania_name"), findTestData("Rejestracja/tabR7").getValue("name", row)): Text 'Agata' is set on object 'Object Repository/Page_PSTO webMessenger/input_Powrt do logowania_name'

2021-12-21 18:12:20 - [MESSAGE][PASSED] - Text 'Agata' is set on object 'Object Repository/Page_PSTO webMessenger/input_Powrt do logowania_name'

2021-12-21 18:12:20 - [TEST_STEP][PASSED] - setText(findTestObject("Object Repository/Page_PSTO webMessenger/input_Powrt do logowania_surname"), findTestData("Rejestracja/tabR7").getValue("surname", row)): Text 'Sazur' is set on object 'Object Repository/Page_PSTO webMessenger/input_Powrt do logowania_surname'

2021-12-21 18:12:21 - [MESSAGE][PASSED] - Text 'Sazur' is set on object 'Object Repository/Page_PSTO webMessenger/input_Powrt do logowania_surname'

2021-12-21 18:12:21 - [TEST_STEP][PASSED] - setText(findTestObject("Object Repository/Page_PSTO webMessenger/input_Powrt do logowania_kodgrupy"), findTestData("Rejestracja/tabR7").getValue("group", row)): Text 'wsbgroup2ap' is set on object 'Object Repository/Page_PSTO webMessenger/input_Powrt do logowania_kodgrupy'

2021-12-21 18:12:22 - [MESSAGE][PASSED] - Text 'wsbgroup2ap' is set on object 'Object Repository/Page_PSTO webMessenger/input_Powrt do logowania_kodgrupy'

2021-12-21 18:12:22 - [TEST_STEP][PASSED] - click(findTestObject("Page_PSTO webMessenger/input_Powrt do logowania_register")): Object: 'Object Repository/Page_PSTO webMessenger/input_Powrt do logowania_register' is clicked on

2021-12-21 18:12:22 - [MESSAGE][PASSED] - Object: 'Object Repository/Page_PSTO webMessenger/input_Powrt do logowania_register' is clicked on

2021-12-21 18:12:22 - [TEST_STEP][PASSED] - click(findTestObject("Page_PSTO webMessenger/a_Kliknij, aby si zalogowa")): Object: 'Object Repository/Page_PSTO webMessenger/a_Kliknij, aby si zalogowa' is clicked on

2021-12-21 18:12:23 - [MESSAGE][PASSED] - Object: 'Object Repository/Page_PSTO webMessenger/a_Kliknij, aby si zalogowa' is clicked on

2021-12-21 18:12:23 - [TEST_STEP][PASSED] - setText(findTestObject("Page_PSTO webMessenger/input_Zarejestruj konto_userLogin"), findTestData("Rejestracja/tabR7").getValue("username", row) + data): Text 'Amebaż1640106737208' is set on object 'Object Repository/Page_PSTO webMessenger/input_Zarejestruj konto_userLogin'

2021-12-21 18:12:24 - [MESSAGE][PASSED] - Text 'Amebaż1640106737208' is set on object 'Object Repository/Page_PSTO webMessenger/input_Zarejestruj konto_userLogin'

2021-12-21 18:12:24 - [TEST_STEP][PASSED] - setText(findTestObject("Page_PSTO webMessenger/input_Zarejestruj konto_passwordLogin"), findTestData("Rejestracja/tabR7").getValue("password", row)): Text 'startStop4' is set on object 'Object Repository/Page_PSTO webMessenger/input_Zarejestruj konto_passwordLogin'

2021-12-21 18:12:25 - [MESSAGE][PASSED] - Text 'startStop4' is set on object 'Object Repository/Page_PSTO webMessenger/input_Zarejestruj konto_passwordLogin'

2021-12-21 18:12:25 - [TEST_STEP][PASSED] - click(findTestObject("Page_PSTO webMessenger/input_Zarejestruj konto_login")): Object: 'Object Repository/Page_PSTO webMessenger/input_Zarejestruj konto_login' is clicked on

2021-12-21 18:12:25 - [MESSAGE][PASSED] - Object: 'Object Repository/Page_PSTO webMessenger/input_Zarejestruj konto_login' is clicked on

2021-12-21 18:12:25 - [TEST_STEP][PASSED] - click(findTestObject("Page_PSTO webMessenger - Zalogowano/img_Zarejestruj konto_iconImg")): Object: 'Object Repository/Page_PSTO webMessenger - Zalogowano/img_Zarejestruj konto_iconImg' is clicked on

2021-12-21 18:12:26 - [MESSAGE][PASSED] - Object: 'Object Repository/Page_PSTO webMessenger - Zalogowano/img_Zarejestruj konto_iconImg' is clicked on

2021-12-21 18:12:26 - [TEST_STEP][PASSED] - data = Date().getTime(): null

2021-12-21 18:12:26 - [TEST_STEP][PASSED] - click(findTestObject("Object Repository/Page_PSTO webMessenger/a_Zarejestruj konto")): Object: 'Object Repository/Page_PSTO webMessenger/a_Zarejestruj konto' is clicked on

2021-12-21 18:12:27 - [MESSAGE][PASSED] - Object: 'Object Repository/Page_PSTO webMessenger/a_Zarejestruj konto' is clicked on

2021-12-21 18:12:27 - [TEST_STEP][PASSED] - setText(findTestObject("Object Repository/Page_PSTO webMessenger/input_Powrt do logowania_username"), findTestData("Rejestracja/tabR7").getValue("username", row) + data): Text 'Amebaź1640106746691' is set on object 'Object Repository/Page_PSTO webMessenger/input_Powrt do logowania_username'

2021-12-21 18:12:27 - [MESSAGE][PASSED] - Text 'Amebaź1640106746691' is set on object 'Object Repository/Page_PSTO webMessenger/input_Powrt do logowania_username'

2021-12-21 18:12:27 - [TEST_STEP][PASSED] - setText(findTestObject("Object Repository/Page_PSTO webMessenger/input_Powrt do logowania_pass1"), findTestData("Rejestracja/tabR7").getValue("password", row)): Text 'startStop5' is set on object 'Object Repository/Page_PSTO webMessenger/input_Powrt do logowania_pass1'

2021-12-21 18:12:28 - [MESSAGE][PASSED] - Text 'startStop5' is set on object 'Object Repository/Page_PSTO webMessenger/input_Powrt do logowania_pass1'

2021-12-21 18:12:28 - [TEST_STEP][PASSED] - setText(findTestObject("Object Repository/Page_PSTO webMessenger/input_Powrt do logowania_pass2"), findTestData("Rejestracja/tabR7").getValue("password2", row)): Text 'startStop5' is set on object 'Object Repository/Page_PSTO webMessenger/input_Powrt do logowania_pass2'

2021-12-21 18:12:29 - [MESSAGE][PASSED] - Text 'startStop5' is set on object 'Object Repository/Page_PSTO webMessenger/input_Powrt do logowania_pass2'

2021-12-21 18:12:29 - [TEST_STEP][PASSED] - setText(findTestObject("Object Repository/Page_PSTO webMessenger/input_Powrt do logowania_name"), findTestData("Rejestracja/tabR7").getValue("name", row)): Text 'Agata' is set on object 'Object Repository/Page_PSTO webMessenger/input_Powrt do logowania_name'

2021-12-21 18:12:30 - [MESSAGE][PASSED] - Text 'Agata' is set on object 'Object Repository/Page_PSTO webMessenger/input_Powrt do logowania_name'

2021-12-21 18:12:30 - [TEST_STEP][PASSED] - setText(findTestObject("Object Repository/Page_PSTO webMessenger/input_Powrt do logowania_surname"), findTestData("Rejestracja/tabR7").getValue("surname", row)): Text 'Tazur' is set on object 'Object Repository/Page_PSTO webMessenger/input_Powrt do logowania_surname'

2021-12-21 18:12:31 - [MESSAGE][PASSED] - Text 'Tazur' is set on object 'Object Repository/Page_PSTO webMessenger/input_Powrt do logowania_surname'

2021-12-21 18:12:31 - [TEST_STEP][PASSED] - setText(findTestObject("Object Repository/Page_PSTO webMessenger/input_Powrt do logowania_kodgrupy"), findTestData("Rejestracja/tabR7").getValue("group", row)): Text 'wsbgroup2ap' is set on object 'Object Repository/Page_PSTO webMessenger/input_Powrt do logowania_kodgrupy'

2021-12-21 18:12:31 - [MESSAGE][PASSED] - Text 'wsbgroup2ap' is set on object 'Object Repository/Page_PSTO webMessenger/input_Powrt do logowania_kodgrupy'

2021-12-21 18:12:31 - [TEST_STEP][PASSED] - click(findTestObject("Page_PSTO webMessenger/input_Powrt do logowania_register")): Object: 'Object Repository/Page_PSTO webMessenger/input_Powrt do logowania_register' is clicked on

2021-12-21 18:12:32 - [MESSAGE][PASSED] - Object: 'Object Repository/Page_PSTO webMessenger/input_Powrt do logowania_register' is clicked on

2021-12-21 18:12:32 - [TEST_STEP][PASSED] - click(findTestObject("Page_PSTO webMessenger/a_Kliknij, aby si zalogowa")): Object: 'Object Repository/Page_PSTO webMessenger/a_Kliknij, aby si zalogowa' is clicked on

2021-12-21 18:12:32 - [MESSAGE][PASSED] - Object: 'Object Repository/Page_PSTO webMessenger/a_Kliknij, aby si zalogowa' is clicked on

2021-12-21 18:12:32 - [TEST_STEP][PASSED] - setText(findTestObject("Page_PSTO webMessenger/input_Zarejestruj konto_userLogin"), findTestData("Rejestracja/tabR7").getValue("username", row) + data): Text 'Amebaź1640106746691' is set on object 'Object Repository/Page_PSTO webMessenger/input_Zarejestruj konto_userLogin'

2021-12-21 18:12:33 - [MESSAGE][PASSED] - Text 'Amebaź1640106746691' is set on object 'Object Repository/Page_PSTO webMessenger/input_Zarejestruj konto_userLogin'

2021-12-21 18:12:33 - [TEST_STEP][PASSED] - setText(findTestObject("Page_PSTO webMessenger/input_Zarejestruj konto_passwordLogin"), findTestData("Rejestracja/tabR7").getValue("password", row)): Text 'startStop5' is set on object 'Object Repository/Page_PSTO webMessenger/input_Zarejestruj konto_passwordLogin'

2021-12-21 18:12:34 - [MESSAGE][PASSED] - Text 'startStop5' is set on object 'Object Repository/Page_PSTO webMessenger/input_Zarejestruj konto_passwordLogin'

2021-12-21 18:12:34 - [TEST_STEP][PASSED] - click(findTestObject("Page_PSTO webMessenger/input_Zarejestruj konto_login")): Object: 'Object Repository/Page_PSTO webMessenger/input_Zarejestruj konto_login' is clicked on

2021-12-21 18:12:35 - [MESSAGE][PASSED] - Object: 'Object Repository/Page_PSTO webMessenger/input_Zarejestruj konto_login' is clicked on

2021-12-21 18:12:35 - [TEST_STEP][PASSED] - click(findTestObject("Page_PSTO webMessenger - Zalogowano/img_Zarejestruj konto_iconImg")): Object: 'Object Repository/Page_PSTO webMessenger - Zalogowano/img_Zarejestruj konto_iconImg' is clicked on

2021-12-21 18:12:36 - [MESSAGE][PASSED] - Object: 'Object Repository/Page_PSTO webMessenger - Zalogowano/img_Zarejestruj konto_iconImg' is clicked on

2021-12-21 18:12:36 - [TEST_STEP][PASSED] - data = Date().getTime(): null

2021-12-21 18:12:36 - [TEST_STEP][PASSED] - click(findTestObject("Object Repository/Page_PSTO webMessenger/a_Zarejestruj konto")): Object: 'Object Repository/Page_PSTO webMessenger/a_Zarejestruj konto' is clicked on

2021-12-21 18:12:36 - [MESSAGE][PASSED] - Object: 'Object Repository/Page_PSTO webMessenger/a_Zarejestruj konto' is clicked on

2021-12-21 18:12:36 - [TEST_STEP][PASSED] - setText(findTestObject("Object Repository/Page_PSTO webMessenger/input_Powrt do logowania_username"), findTestData("Rejestracja/tabR7").getValue("username", row) + data): Text 'Amebał1640106756140' is set on object 'Object Repository/Page_PSTO webMessenger/input_Powrt do logowania_username'

2021-12-21 18:12:37 - [MESSAGE][PASSED] - Text 'Amebał1640106756140' is set on object 'Object Repository/Page_PSTO webMessenger/input_Powrt do logowania_username'

2021-12-21 18:12:37 - [TEST_STEP][PASSED] - setText(findTestObject("Object Repository/Page_PSTO webMessenger/input_Powrt do logowania_pass1"), findTestData("Rejestracja/tabR7").getValue("password", row)): Text 'startStop6' is set on object 'Object Repository/Page_PSTO webMessenger/input_Powrt do logowania_pass1'

2021-12-21 18:12:38 - [MESSAGE][PASSED] - Text 'startStop6' is set on object 'Object Repository/Page_PSTO webMessenger/input_Powrt do logowania_pass1'

2021-12-21 18:12:38 - [TEST_STEP][PASSED] - setText(findTestObject("Object Repository/Page_PSTO webMessenger/input_Powrt do logowania_pass2"), findTestData("Rejestracja/tabR7").getValue("password2", row)): Text 'startStop6' is set on object 'Object Repository/Page_PSTO webMessenger/input_Powrt do logowania_pass2'

2021-12-21 18:12:39 - [MESSAGE][PASSED] - Text 'startStop6' is set on object 'Object Repository/Page_PSTO webMessenger/input_Powrt do logowania_pass2'

2021-12-21 18:12:39 - [TEST_STEP][PASSED] - setText(findTestObject("Object Repository/Page_PSTO webMessenger/input_Powrt do logowania_name"), findTestData("Rejestracja/tabR7").getValue("name", row)): Text 'Agata' is set on object 'Object Repository/Page_PSTO webMessenger/input_Powrt do logowania_name'

2021-12-21 18:12:39 - [MESSAGE][PASSED] - Text 'Agata' is set on object 'Object Repository/Page_PSTO webMessenger/input_Powrt do logowania_name'

2021-12-21 18:12:39 - [TEST_STEP][PASSED] - setText(findTestObject("Object Repository/Page_PSTO webMessenger/input_Powrt do logowania_surname"), findTestData("Rejestracja/tabR7").getValue("surname", row)): Text 'Jazur' is set on object 'Object Repository/Page_PSTO webMessenger/input_Powrt do logowania_surname'

2021-12-21 18:12:40 - [MESSAGE][PASSED] - Text 'Jazur' is set on object 'Object Repository/Page_PSTO webMessenger/input_Powrt do logowania_surname'

2021-12-21 18:12:40 - [TEST_STEP][PASSED] - setText(findTestObject("Object Repository/Page_PSTO webMessenger/input_Powrt do logowania_kodgrupy"), findTestData("Rejestracja/tabR7").getValue("group", row)): Text 'wsbgroup2ap' is set on object 'Object Repository/Page_PSTO webMessenger/input_Powrt do logowania_kodgrupy'

2021-12-21 18:12:41 - [MESSAGE][PASSED] - Text 'wsbgroup2ap' is set on object 'Object Repository/Page_PSTO webMessenger/input_Powrt do logowania_kodgrupy'

2021-12-21 18:12:41 - [TEST_STEP][PASSED] - click(findTestObject("Page_PSTO webMessenger/input_Powrt do logowania_register")): Object: 'Object Repository/Page_PSTO webMessenger/input_Powrt do logowania_register' is clicked on

2021-12-21 18:12:41 - [MESSAGE][PASSED] - Object: 'Object Repository/Page_PSTO webMessenger/input_Powrt do logowania_register' is clicked on

2021-12-21 18:12:41 - [TEST_STEP][PASSED] - click(findTestObject("Page_PSTO webMessenger/a_Kliknij, aby si zalogowa")): Object: 'Object Repository/Page_PSTO webMessenger/a_Kliknij, aby si zalogowa' is clicked on

2021-12-21 18:12:42 - [MESSAGE][PASSED] - Object: 'Object Repository/Page_PSTO webMessenger/a_Kliknij, aby si zalogowa' is clicked on

2021-12-21 18:12:42 - [TEST_STEP][PASSED] - setText(findTestObject("Page_PSTO webMessenger/input_Zarejestruj konto_userLogin"), findTestData("Rejestracja/tabR7").getValue("username", row) + data): Text 'Amebał1640106756140' is set on object 'Object Repository/Page_PSTO webMessenger/input_Zarejestruj konto_userLogin'

2021-12-21 18:12:43 - [MESSAGE][PASSED] - Text 'Amebał1640106756140' is set on object 'Object Repository/Page_PSTO webMessenger/input_Zarejestruj konto_userLogin'

2021-12-21 18:12:43 - [TEST_STEP][PASSED] - setText(findTestObject("Page_PSTO webMessenger/input_Zarejestruj konto_passwordLogin"), findTestData("Rejestracja/tabR7").getValue("password", row)): Text 'startStop6' is set on object 'Object Repository/Page_PSTO webMessenger/input_Zarejestruj konto_passwordLogin'

2021-12-21 18:12:44 - [MESSAGE][PASSED] - Text 'startStop6' is set on object 'Object Repository/Page_PSTO webMessenger/input_Zarejestruj konto_passwordLogin'

2021-12-21 18:12:44 - [TEST_STEP][PASSED] - click(findTestObject("Page_PSTO webMessenger/input_Zarejestruj konto_login")): Object: 'Object Repository/Page_PSTO webMessenger/input_Zarejestruj konto_login' is clicked on

2021-12-21 18:12:44 - [MESSAGE][PASSED] - Object: 'Object Repository/Page_PSTO webMessenger/input_Zarejestruj konto_login' is clicked on

2021-12-21 18:12:44 - [TEST_STEP][PASSED] - click(findTestObject("Page_PSTO webMessenger - Zalogowano/img_Zarejestruj konto_iconImg")): Object: 'Object Repository/Page_PSTO webMessenger - Zalogowano/img_Zarejestruj konto_iconImg' is clicked on

2021-12-21 18:12:45 - [MESSAGE][PASSED] - Object: 'Object Repository/Page_PSTO webMessenger - Zalogowano/img_Zarejestruj konto_iconImg' is clicked on

2021-12-21 18:12:45 - [TEST_STEP][PASSED] - data = Date().getTime(): null

2021-12-21 18:12:45 - [TEST_STEP][PASSED] - click(findTestObject("Object Repository/Page_PSTO webMessenger/a_Zarejestruj konto")): Object: 'Object Repository/Page_PSTO webMessenger/a_Zarejestruj konto' is clicked on

2021-12-21 18:12:46 - [MESSAGE][PASSED] - Object: 'Object Repository/Page_PSTO webMessenger/a_Zarejestruj konto' is clicked on

2021-12-21 18:12:46 - [TEST_STEP][PASSED] - setText(findTestObject("Object Repository/Page_PSTO webMessenger/input_Powrt do logowania_username"), findTestData("Rejestracja/tabR7").getValue("username", row) + data): Text 'Amebaó1640106765759' is set on object 'Object Repository/Page_PSTO webMessenger/input_Powrt do logowania_username'

2021-12-21 18:12:47 - [MESSAGE][PASSED] - Text 'Amebaó1640106765759' is set on object 'Object Repository/Page_PSTO webMessenger/input_Powrt do logowania_username'

2021-12-21 18:12:47 - [TEST_STEP][PASSED] - setText(findTestObject("Object Repository/Page_PSTO webMessenger/input_Powrt do logowania_pass1"), findTestData("Rejestracja/tabR7").getValue("password", row)): Text 'startStop7' is set on object 'Object Repository/Page_PSTO webMessenger/input_Powrt do logowania_pass1'

2021-12-21 18:12:47 - [MESSAGE][PASSED] - Text 'startStop7' is set on object 'Object Repository/Page_PSTO webMessenger/input_Powrt do logowania_pass1'

2021-12-21 18:12:47 - [TEST_STEP][PASSED] - setText(findTestObject("Object Repository/Page_PSTO webMessenger/input_Powrt do logowania_pass2"), findTestData("Rejestracja/tabR7").getValue("password2", row)): Text 'startStop7' is set on object 'Object Repository/Page_PSTO webMessenger/input_Powrt do logowania_pass2'

2021-12-21 18:12:48 - [MESSAGE][PASSED] - Text 'startStop7' is set on object 'Object Repository/Page_PSTO webMessenger/input_Powrt do logowania_pass2'

2021-12-21 18:12:48 - [TEST_STEP][PASSED] - setText(findTestObject("Object Repository/Page_PSTO webMessenger/input_Powrt do logowania_name"), findTestData("Rejestracja/tabR7").getValue("name", row)): Text 'Agata' is set on object 'Object Repository/Page_PSTO webMessenger/input_Powrt do logowania_name'

2021-12-21 18:12:49 - [MESSAGE][PASSED] - Text 'Agata' is set on object 'Object Repository/Page_PSTO webMessenger/input_Powrt do logowania_name'

2021-12-21 18:12:49 - [TEST_STEP][PASSED] - setText(findTestObject("Object Repository/Page_PSTO webMessenger/input_Powrt do logowania_surname"), findTestData("Rejestracja/tabR7").getValue("surname", row)): Text 'Nazur' is set on object 'Object Repository/Page_PSTO webMessenger/input_Powrt do logowania_surname'

2021-12-21 18:12:50 - [MESSAGE][PASSED] - Text 'Nazur' is set on object 'Object Repository/Page_PSTO webMessenger/input_Powrt do logowania_surname'

2021-12-21 18:12:50 - [TEST_STEP][PASSED] - setText(findTestObject("Object Repository/Page_PSTO webMessenger/input_Powrt do logowania_kodgrupy"), findTestData("Rejestracja/tabR7").getValue("group", row)): Text 'wsbgroup2ap' is set on object 'Object Repository/Page_PSTO webMessenger/input_Powrt do logowania_kodgrupy'

2021-12-21 18:12:51 - [MESSAGE][PASSED] - Text 'wsbgroup2ap' is set on object 'Object Repository/Page_PSTO webMessenger/input_Powrt do logowania_kodgrupy'

2021-12-21 18:12:51 - [TEST_STEP][PASSED] - click(findTestObject("Page_PSTO webMessenger/input_Powrt do logowania_register")): Object: 'Object Repository/Page_PSTO webMessenger/input_Powrt do logowania_register' is clicked on

2021-12-21 18:12:51 - [MESSAGE][PASSED] - Object: 'Object Repository/Page_PSTO webMessenger/input_Powrt do logowania_register' is clicked on

2021-12-21 18:12:51 - [TEST_STEP][PASSED] - click(findTestObject("Page_PSTO webMessenger/a_Kliknij, aby si zalogowa")): Object: 'Object Repository/Page_PSTO webMessenger/a_Kliknij, aby si zalogowa' is clicked on

2021-12-21 18:12:52 - [MESSAGE][PASSED] - Object: 'Object Repository/Page_PSTO webMessenger/a_Kliknij, aby si zalogowa' is clicked on

2021-12-21 18:12:52 - [TEST_STEP][PASSED] - setText(findTestObject("Page_PSTO webMessenger/input_Zarejestruj konto_userLogin"), findTestData("Rejestracja/tabR7").getValue("username", row) + data): Text 'Amebaó1640106765759' is set on object 'Object Repository/Page_PSTO webMessenger/input_Zarejestruj konto_userLogin'

2021-12-21 18:12:53 - [MESSAGE][PASSED] - Text 'Amebaó1640106765759' is set on object 'Object Repository/Page_PSTO webMessenger/input_Zarejestruj konto_userLogin'

2021-12-21 18:12:53 - [TEST_STEP][PASSED] - setText(findTestObject("Page_PSTO webMessenger/input_Zarejestruj konto_passwordLogin"), findTestData("Rejestracja/tabR7").getValue("password", row)): Text 'startStop7' is set on object 'Object Repository/Page_PSTO webMessenger/input_Zarejestruj konto_passwordLogin'

2021-12-21 18:12:54 - [MESSAGE][PASSED] - Text 'startStop7' is set on object 'Object Repository/Page_PSTO webMessenger/input_Zarejestruj konto_passwordLogin'

2021-12-21 18:12:54 - [TEST_STEP][PASSED] - click(findTestObject("Page_PSTO webMessenger/input_Zarejestruj konto_login")): Object: 'Object Repository/Page_PSTO webMessenger/input_Zarejestruj konto_login' is clicked on

2021-12-21 18:12:54 - [MESSAGE][PASSED] - Object: 'Object Repository/Page_PSTO webMessenger/input_Zarejestruj konto_login' is clicked on

2021-12-21 18:12:54 - [TEST_STEP][PASSED] - click(findTestObject("Page_PSTO webMessenger - Zalogowano/img_Zarejestruj konto_iconImg")): Object: 'Object Repository/Page_PSTO webMessenger - Zalogowano/img_Zarejestruj konto_iconImg' is clicked on

2021-12-21 18:12:55 - [MESSAGE][PASSED] - Object: 'Object Repository/Page_PSTO webMessenger - Zalogowano/img_Zarejestruj konto_iconImg' is clicked on

2021-12-21 18:12:55 - [TEST_STEP][PASSED] - data = Date().getTime(): null

2021-12-21 18:12:55 - [TEST_STEP][PASSED] - click(findTestObject("Object Repository/Page_PSTO webMessenger/a_Zarejestruj konto")): Object: 'Object Repository/Page_PSTO webMessenger/a_Zarejestruj konto' is clicked on

2021-12-21 18:12:56 - [MESSAGE][PASSED] - Object: 'Object Repository/Page_PSTO webMessenger/a_Zarejestruj konto' is clicked on

2021-12-21 18:12:56 - [TEST_STEP][PASSED] - setText(findTestObject("Object Repository/Page_PSTO webMessenger/input_Powrt do logowania_username"), findTestData("Rejestracja/tabR7").getValue("username", row) + data): Text 'Amebaś1640106775564' is set on object 'Object Repository/Page_PSTO webMessenger/input_Powrt do logowania_username'

2021-12-21 18:12:56 - [MESSAGE][PASSED] - Text 'Amebaś1640106775564' is set on object 'Object Repository/Page_PSTO webMessenger/input_Powrt do logowania_username'

2021-12-21 18:12:56 - [TEST_STEP][PASSED] - setText(findTestObject("Object Repository/Page_PSTO webMessenger/input_Powrt do logowania_pass1"), findTestData("Rejestracja/tabR7").getValue("password", row)): Text 'startStop8' is set on object 'Object Repository/Page_PSTO webMessenger/input_Powrt do logowania_pass1'

2021-12-21 18:12:57 - [MESSAGE][PASSED] - Text 'startStop8' is set on object 'Object Repository/Page_PSTO webMessenger/input_Powrt do logowania_pass1'

2021-12-21 18:12:57 - [TEST_STEP][PASSED] - setText(findTestObject("Object Repository/Page_PSTO webMessenger/input_Powrt do logowania_pass2"), findTestData("Rejestracja/tabR7").getValue("password2", row)): Text 'startStop8' is set on object 'Object Repository/Page_PSTO webMessenger/input_Powrt do logowania_pass2'

2021-12-21 18:12:58 - [MESSAGE][PASSED] - Text 'startStop8' is set on object 'Object Repository/Page_PSTO webMessenger/input_Powrt do logowania_pass2'

2021-12-21 18:12:58 - [TEST_STEP][PASSED] - setText(findTestObject("Object Repository/Page_PSTO webMessenger/input_Powrt do logowania_name"), findTestData("Rejestracja/tabR7").getValue("name", row)): Text 'Agata' is set on object 'Object Repository/Page_PSTO webMessenger/input_Powrt do logowania_name'

2021-12-21 18:12:59 - [MESSAGE][PASSED] - Text 'Agata' is set on object 'Object Repository/Page_PSTO webMessenger/input_Powrt do logowania_name'

2021-12-21 18:12:59 - [TEST_STEP][PASSED] - setText(findTestObject("Object Repository/Page_PSTO webMessenger/input_Powrt do logowania_surname"), findTestData("Rejestracja/tabR7").getValue("surname", row)): Text 'Bazur' is set on object 'Object Repository/Page_PSTO webMessenger/input_Powrt do logowania_surname'

2021-12-21 18:12:59 - [MESSAGE][PASSED] - Text 'Bazur' is set on object 'Object Repository/Page_PSTO webMessenger/input_Powrt do logowania_surname'

2021-12-21 18:12:59 - [TEST_STEP][PASSED] - setText(findTestObject("Object Repository/Page_PSTO webMessenger/input_Powrt do logowania_kodgrupy"), findTestData("Rejestracja/tabR7").getValue("group", row)): Text 'wsbgroup2ap' is set on object 'Object Repository/Page_PSTO webMessenger/input_Powrt do logowania_kodgrupy'

2021-12-21 18:13:00 - [MESSAGE][PASSED] - Text 'wsbgroup2ap' is set on object 'Object Repository/Page_PSTO webMessenger/input_Powrt do logowania_kodgrupy'

2021-12-21 18:13:00 - [TEST_STEP][PASSED] - click(findTestObject("Page_PSTO webMessenger/input_Powrt do logowania_register")): Object: 'Object Repository/Page_PSTO webMessenger/input_Powrt do logowania_register' is clicked on

2021-12-21 18:13:01 - [MESSAGE][PASSED] - Object: 'Object Repository/Page_PSTO webMessenger/input_Powrt do logowania_register' is clicked on

2021-12-21 18:13:01 - [TEST_STEP][PASSED] - click(findTestObject("Page_PSTO webMessenger/a_Kliknij, aby si zalogowa")): Object: 'Object Repository/Page_PSTO webMessenger/a_Kliknij, aby si zalogowa' is clicked on

2021-12-21 18:13:01 - [MESSAGE][PASSED] - Object: 'Object Repository/Page_PSTO webMessenger/a_Kliknij, aby si zalogowa' is clicked on

2021-12-21 18:13:01 - [TEST_STEP][PASSED] - setText(findTestObject("Page_PSTO webMessenger/input_Zarejestruj konto_userLogin"), findTestData("Rejestracja/tabR7").getValue("username", row) + data): Text 'Amebaś1640106775564' is set on object 'Object Repository/Page_PSTO webMessenger/input_Zarejestruj konto_userLogin'

2021-12-21 18:13:02 - [MESSAGE][PASSED] - Text 'Amebaś1640106775564' is set on object 'Object Repository/Page_PSTO webMessenger/input_Zarejestruj konto_userLogin'

2021-12-21 18:13:02 - [TEST_STEP][PASSED] - setText(findTestObject("Page_PSTO webMessenger/input_Zarejestruj konto_passwordLogin"), findTestData("Rejestracja/tabR7").getValue("password", row)): Text 'startStop8' is set on object 'Object Repository/Page_PSTO webMessenger/input_Zarejestruj konto_passwordLogin'

2021-12-21 18:13:03 - [MESSAGE][PASSED] - Text 'startStop8' is set on object 'Object Repository/Page_PSTO webMessenger/input_Zarejestruj konto_passwordLogin'

2021-12-21 18:13:03 - [TEST_STEP][PASSED] - click(findTestObject("Page_PSTO webMessenger/input_Zarejestruj konto_login")): Object: 'Object Repository/Page_PSTO webMessenger/input_Zarejestruj konto_login' is clicked on

2021-12-21 18:13:04 - [MESSAGE][PASSED] - Object: 'Object Repository/Page_PSTO webMessenger/input_Zarejestruj konto_login' is clicked on

2021-12-21 18:13:04 - [TEST_STEP][PASSED] - click(findTestObject("Page_PSTO webMessenger - Zalogowano/img_Zarejestruj konto_iconImg")): Object: 'Object Repository/Page_PSTO webMessenger - Zalogowano/img_Zarejestruj konto_iconImg' is clicked on

2021-12-21 18:13:05 - [MESSAGE][PASSED] - Object: 'Object Repository/Page_PSTO webMessenger - Zalogowano/img_Zarejestruj konto_iconImg' is clicked on

2021-12-21 18:13:05 - [TEST_STEP][PASSED] - data = Date().getTime(): null

2021-12-21 18:13:05 - [TEST_STEP][PASSED] - click(findTestObject("Object Repository/Page_PSTO webMessenger/a_Zarejestruj konto")): Object: 'Object Repository/Page_PSTO webMessenger/a_Zarejestruj konto' is clicked on

2021-12-21 18:13:05 - [MESSAGE][PASSED] - Object: 'Object Repository/Page_PSTO webMessenger/a_Zarejestruj konto' is clicked on

2021-12-21 18:13:05 - [TEST_STEP][PASSED] - setText(findTestObject("Object Repository/Page_PSTO webMessenger/input_Powrt do logowania_username"), findTestData("Rejestracja/tabR7").getValue("username", row) + data): Text 'Amebań1640106785159' is set on object 'Object Repository/Page_PSTO webMessenger/input_Powrt do logowania_username'

2021-12-21 18:13:06 - [MESSAGE][PASSED] - Text 'Amebań1640106785159' is set on object 'Object Repository/Page_PSTO webMessenger/input_Powrt do logowania_username'

2021-12-21 18:13:06 - [TEST_STEP][PASSED] - setText(findTestObject("Object Repository/Page_PSTO webMessenger/input_Powrt do logowania_pass1"), findTestData("Rejestracja/tabR7").getValue("password", row)): Text 'startStop9' is set on object 'Object Repository/Page_PSTO webMessenger/input_Powrt do logowania_pass1'

2021-12-21 18:13:07 - [MESSAGE][PASSED] - Text 'startStop9' is set on object 'Object Repository/Page_PSTO webMessenger/input_Powrt do logowania_pass1'

2021-12-21 18:13:07 - [TEST_STEP][PASSED] - setText(findTestObject("Object Repository/Page_PSTO webMessenger/input_Powrt do logowania_pass2"), findTestData("Rejestracja/tabR7").getValue("password2", row)): Text 'startStop9' is set on object 'Object Repository/Page_PSTO webMessenger/input_Powrt do logowania_pass2'

2021-12-21 18:13:08 - [MESSAGE][PASSED] - Text 'startStop9' is set on object 'Object Repository/Page_PSTO webMessenger/input_Powrt do logowania_pass2'

2021-12-21 18:13:08 - [TEST_STEP][PASSED] - setText(findTestObject("Object Repository/Page_PSTO webMessenger/input_Powrt do logowania_name"), findTestData("Rejestracja/tabR7").getValue("name", row)): Text 'Agata' is set on object 'Object Repository/Page_PSTO webMessenger/input_Powrt do logowania_name'

2021-12-21 18:13:08 - [MESSAGE][PASSED] - Text 'Agata' is set on object 'Object Repository/Page_PSTO webMessenger/input_Powrt do logowania_name'

2021-12-21 18:13:08 - [TEST_STEP][PASSED] - setText(findTestObject("Object Repository/Page_PSTO webMessenger/input_Powrt do logowania_surname"), findTestData("Rejestracja/tabR7").getValue("surname", row)): Text 'Cazur' is set on object 'Object Repository/Page_PSTO webMessenger/input_Powrt do logowania_surname'

2021-12-21 18:13:09 - [MESSAGE][PASSED] - Text 'Cazur' is set on object 'Object Repository/Page_PSTO webMessenger/input_Powrt do logowania_surname'

2021-12-21 18:13:09 - [TEST_STEP][PASSED] - setText(findTestObject("Object Repository/Page_PSTO webMessenger/input_Powrt do logowania_kodgrupy"), findTestData("Rejestracja/tabR7").getValue("group", row)): Text 'wsbgroup2ap' is set on object 'Object Repository/Page_PSTO webMessenger/input_Powrt do logowania_kodgrupy'

2021-12-21 18:13:10 - [MESSAGE][PASSED] - Text 'wsbgroup2ap' is set on object 'Object Repository/Page_PSTO webMessenger/input_Powrt do logowania_kodgrupy'

2021-12-21 18:13:10 - [TEST_STEP][PASSED] - click(findTestObject("Page_PSTO webMessenger/input_Powrt do logowania_register")): Object: 'Object Repository/Page_PSTO webMessenger/input_Powrt do logowania_register' is clicked on

2021-12-21 18:13:10 - [MESSAGE][PASSED] - Object: 'Object Repository/Page_PSTO webMessenger/input_Powrt do logowania_register' is clicked on

2021-12-21 18:13:10 - [TEST_STEP][PASSED] - click(findTestObject("Page_PSTO webMessenger/a_Kliknij, aby si zalogowa")): Object: 'Object Repository/Page_PSTO webMessenger/a_Kliknij, aby si zalogowa' is clicked on

2021-12-21 18:13:11 - [MESSAGE][PASSED] - Object: 'Object Repository/Page_PSTO webMessenger/a_Kliknij, aby si zalogowa' is clicked on

2021-12-21 18:13:11 - [TEST_STEP][PASSED] - setText(findTestObject("Page_PSTO webMessenger/input_Zarejestruj konto_userLogin"), findTestData("Rejestracja/tabR7").getValue("username", row) + data): Text 'Amebań1640106785159' is set on object 'Object Repository/Page_PSTO webMessenger/input_Zarejestruj konto_userLogin'

2021-12-21 18:13:12 - [MESSAGE][PASSED] - Text 'Amebań1640106785159' is set on object 'Object Repository/Page_PSTO webMessenger/input_Zarejestruj konto_userLogin'

2021-12-21 18:13:12 - [TEST_STEP][PASSED] - setText(findTestObject("Page_PSTO webMessenger/input_Zarejestruj konto_passwordLogin"), findTestData("Rejestracja/tabR7").getValue("password", row)): Text 'startStop9' is set on object 'Object Repository/Page_PSTO webMessenger/input_Zarejestruj konto_passwordLogin'

2021-12-21 18:13:13 - [MESSAGE][PASSED] - Text 'startStop9' is set on object 'Object Repository/Page_PSTO webMessenger/input_Zarejestruj konto_passwordLogin'

2021-12-21 18:13:13 - [TEST_STEP][PASSED] - click(findTestObject("Page_PSTO webMessenger/input_Zarejestruj konto_login")): Object: 'Object Repository/Page_PSTO webMessenger/input_Zarejestruj konto_login' is clicked on

2021-12-21 18:13:13 - [MESSAGE][PASSED] - Object: 'Object Repository/Page_PSTO webMessenger/input_Zarejestruj konto_login' is clicked on

2021-12-21 18:13:13 - [TEST_STEP][PASSED] - click(findTestObject("Page_PSTO webMessenger - Zalogowano/img_Zarejestruj konto_iconImg")): Object: 'Object Repository/Page_PSTO webMessenger - Zalogowano/img_Zarejestruj konto_iconImg' is clicked on

2021-12-21 18:13:14 - [MESSAGE][PASSED] - Object: 'Object Repository/Page_PSTO webMessenger - Zalogowano/img_Zarejestruj konto_iconImg' is clicked on

2021-12-21 18:13:14 - [TEST_STEP][PASSED] - closeBrowser(): Browser is closed

2021-12-21 18:13:15 - [MESSAGE][PASSED] - Browser is closed]]></system-out>
         <system-err><![CDATA[]]></system-err>
      </testcase>
      <testcase name="Test Cases/Rejestracja/R8" time="179.586" classname="Test Cases/Rejestracja/R8" status="FAILED">
         <failure type="FAILED" message="Test Cases/Rejestracja/R8 FAILED.
Reason:
com.kms.katalon.core.exception.StepFailedException: Unable to click on object 'Object Repository/Page_PSTO webMessenger - Zalogowano/img_Zarejestruj konto_iconImg' (Root cause: com.kms.katalon.core.exception.StepFailedException: Unable to click on object 'Object Repository/Page_PSTO webMessenger - Zalogowano/img_Zarejestruj konto_iconImg'
	at com.kms.katalon.core.webui.keyword.internal.WebUIKeywordMain.stepFailed(WebUIKeywordMain.groovy:64)
	at com.kms.katalon.core.webui.keyword.internal.WebUIKeywordMain.runKeyword(WebUIKeywordMain.groovy:26)
	at com.kms.katalon.core.webui.keyword.builtin.ClickKeyword.click(ClickKeyword.groovy:74)
	at com.kms.katalon.core.webui.keyword.builtin.ClickKeyword.execute(ClickKeyword.groovy:40)
	at com.kms.katalon.core.keyword.internal.KeywordExecutor.executeKeywordForPlatform(KeywordExecutor.groovy:74)
	at com.kms.katalon.core.webui.keyword.WebUiBuiltInKeywords.click(WebUiBuiltInKeywords.groovy:608)
	at com.kms.katalon.core.webui.keyword.WebUiBuiltInKeywords$click$4.call(Unknown Source)
	at R8.run(R8:61)
	at com.kms.katalon.core.main.ScriptEngine.run(ScriptEngine.java:194)
	at com.kms.katalon.core.main.ScriptEngine.runScriptAsRawText(ScriptEngine.java:119)
	at com.kms.katalon.core.main.TestCaseExecutor.runScript(TestCaseExecutor.java:442)
	at com.kms.katalon.core.main.TestCaseExecutor.doExecute(TestCaseExecutor.java:433)
	at com.kms.katalon.core.main.TestCaseExecutor.processExecutionPhase(TestCaseExecutor.java:412)
	at com.kms.katalon.core.main.TestCaseExecutor.accessMainPhase(TestCaseExecutor.java:404)
	at com.kms.katalon.core.main.TestCaseExecutor.execute(TestCaseExecutor.java:281)
	at com.kms.katalon.core.main.TestSuiteExecutor.accessTestCaseMainPhase(TestSuiteExecutor.java:202)
	at com.kms.katalon.core.main.TestSuiteExecutor.accessTestSuiteMainPhase(TestSuiteExecutor.java:164)
	at com.kms.katalon.core.main.TestSuiteExecutor.execute(TestSuiteExecutor.java:105)
	at com.kms.katalon.core.main.TestCaseMain.startTestSuite(TestCaseMain.java:181)
	at com.kms.katalon.core.main.TestCaseMain$startTestSuite$0.call(Unknown Source)
	at TempTestSuite1640105666841.run(TempTestSuite1640105666841.groovy:36)
Caused by: org.openqa.selenium.ElementNotInteractableException: element not interactable
  (Session info: chrome=96.0.4664.110)
Build info: version: '3.141.59', revision: 'e82be7d358', time: '2018-11-14T08:25:53'
System info: host: 'DESKTOP-KI9905I', ip: '192.168.3.3', os.name: 'Windows 10', os.arch: 'amd64', os.version: '10.0', java.version: '1.8.0_282'
Driver info: com.kms.katalon.selenium.driver.CChromeDriver
Capabilities {acceptInsecureCerts: false, browserName: chrome, browserVersion: 96.0.4664.110, chrome: {chromedriverVersion: 96.0.4664.45 (76e4c1bb2ab46..., userDataDir: C:\Users\agata\AppData\Loca...}, goog:chromeOptions: {debuggerAddress: localhost:51365}, javascriptEnabled: true, networkConnectionEnabled: false, pageLoadStrategy: normal, platform: WINDOWS, platformName: WINDOWS, proxy: Proxy(), setWindowRect: true, strictFileInteractability: false, timeouts: {implicit: 0, pageLoad: 300000, script: 30000}, unhandledPromptBehavior: dismiss and notify, webauthn:extension:credBlob: true, webauthn:extension:largeBlob: true, webauthn:virtualAuthenticators: true}
Session ID: de086a63716e603a46be13f846308a2f
	at org.openqa.selenium.remote.http.W3CHttpResponseCodec.createException(W3CHttpResponseCodec.java:187)
	at org.openqa.selenium.remote.http.W3CHttpResponseCodec.decode(W3CHttpResponseCodec.java:122)
	at org.openqa.selenium.remote.http.W3CHttpResponseCodec.decode(W3CHttpResponseCodec.java:49)
	at org.openqa.selenium.remote.HttpCommandExecutor.execute(HttpCommandExecutor.java:158)
	at org.openqa.selenium.remote.service.DriverCommandExecutor.execute(DriverCommandExecutor.java:83)
	at org.openqa.selenium.remote.RemoteWebDriver.execute(RemoteWebDriver.java:552)
	at com.kms.katalon.selenium.driver.CChromeDriver.execute(CChromeDriver.java:19)
	at org.openqa.selenium.remote.RemoteWebElement.execute(RemoteWebElement.java:285)
	at org.openqa.selenium.remote.RemoteWebElement.click(RemoteWebElement.java:84)
	at org.openqa.selenium.support.events.EventFiringWebDriver$EventFiringWebElement.lambda$new$0(EventFiringWebDriver.java:404)
	at com.sun.proxy.$Proxy11.click(Unknown Source)
	at org.openqa.selenium.support.events.EventFiringWebDriver$EventFiringWebElement.click(EventFiringWebDriver.java:417)
	at org.openqa.selenium.WebElement$click.call(Unknown Source)
	at com.kms.katalon.core.webui.keyword.builtin.ClickKeyword.clickUntilSuccessWithTimeout(ClickKeyword.groovy:81)
	at com.kms.katalon.core.webui.keyword.builtin.ClickKeyword.clickUntilSuccessWithTimeout(ClickKeyword.groovy)
	at com.kms.katalon.core.webui.keyword.builtin.ClickKeyword$_click_closure1.doCall(ClickKeyword.groovy:67)
	at com.kms.katalon.core.webui.keyword.builtin.ClickKeyword$_click_closure1.call(ClickKeyword.groovy)
	at com.kms.katalon.core.webui.keyword.internal.WebUIKeywordMain.runKeyword(WebUIKeywordMain.groovy:20)
	at com.kms.katalon.core.webui.keyword.builtin.ClickKeyword.click(ClickKeyword.groovy:74)
	at com.kms.katalon.core.webui.keyword.builtin.ClickKeyword.execute(ClickKeyword.groovy:40)
	at com.kms.katalon.core.keyword.internal.KeywordExecutor.executeKeywordForPlatform(KeywordExecutor.groovy:74)
	at com.kms.katalon.core.webui.keyword.WebUiBuiltInKeywords.click(WebUiBuiltInKeywords.groovy:608)
	at com.kms.katalon.core.webui.keyword.WebUiBuiltInKeywords$click$4.call(Unknown Source)
	at Script1638710180119.run(Script1638710180119.groovy:61)
	... 13 more
)
	at com.kms.katalon.core.keyword.internal.KeywordMain.stepFailed(KeywordMain.groovy:39)
	at com.kms.katalon.core.webui.keyword.internal.WebUIKeywordMain.stepFailed(WebUIKeywordMain.groovy:64)
	at com.kms.katalon.core.webui.keyword.internal.WebUIKeywordMain.runKeyword(WebUIKeywordMain.groovy:26)
	at com.kms.katalon.core.webui.keyword.builtin.ClickKeyword.click(ClickKeyword.groovy:74)
	at com.kms.katalon.core.webui.keyword.builtin.ClickKeyword.execute(ClickKeyword.groovy:40)
	at com.kms.katalon.core.keyword.internal.KeywordExecutor.executeKeywordForPlatform(KeywordExecutor.groovy:74)
	at com.kms.katalon.core.webui.keyword.WebUiBuiltInKeywords.click(WebUiBuiltInKeywords.groovy:608)
	at com.kms.katalon.core.webui.keyword.WebUiBuiltInKeywords$click$4.call(Unknown Source)
	at R8.run(R8:61)
	at com.kms.katalon.core.main.ScriptEngine.run(ScriptEngine.java:194)
	at com.kms.katalon.core.main.ScriptEngine.runScriptAsRawText(ScriptEngine.java:119)
	at com.kms.katalon.core.main.TestCaseExecutor.runScript(TestCaseExecutor.java:442)
	at com.kms.katalon.core.main.TestCaseExecutor.doExecute(TestCaseExecutor.java:433)
	at com.kms.katalon.core.main.TestCaseExecutor.processExecutionPhase(TestCaseExecutor.java:412)
	at com.kms.katalon.core.main.TestCaseExecutor.accessMainPhase(TestCaseExecutor.java:404)
	at com.kms.katalon.core.main.TestCaseExecutor.execute(TestCaseExecutor.java:281)
	at com.kms.katalon.core.main.TestSuiteExecutor.accessTestCaseMainPhase(TestSuiteExecutor.java:202)
	at com.kms.katalon.core.main.TestSuiteExecutor.accessTestSuiteMainPhase(TestSuiteExecutor.java:164)
	at com.kms.katalon.core.main.TestSuiteExecutor.execute(TestSuiteExecutor.java:105)
	at com.kms.katalon.core.main.TestCaseMain.startTestSuite(TestCaseMain.java:181)
	at com.kms.katalon.core.main.TestCaseMain$startTestSuite$0.call(Unknown Source)
	at TempTestSuite1640105666841.run(TempTestSuite1640105666841.groovy:36)
Caused by: com.kms.katalon.core.exception.StepFailedException: Unable to click on object 'Object Repository/Page_PSTO webMessenger - Zalogowano/img_Zarejestruj konto_iconImg'
	... 21 more
Caused by: org.openqa.selenium.ElementNotInteractableException: element not interactable
  (Session info: chrome=96.0.4664.110)
Build info: version: '3.141.59', revision: 'e82be7d358', time: '2018-11-14T08:25:53'
System info: host: 'DESKTOP-KI9905I', ip: '192.168.3.3', os.name: 'Windows 10', os.arch: 'amd64', os.version: '10.0', java.version: '1.8.0_282'
Driver info: com.kms.katalon.selenium.driver.CChromeDriver
Capabilities {acceptInsecureCerts: false, browserName: chrome, browserVersion: 96.0.4664.110, chrome: {chromedriverVersion: 96.0.4664.45 (76e4c1bb2ab46..., userDataDir: C:\Users\agata\AppData\Loca...}, goog:chromeOptions: {debuggerAddress: localhost:51365}, javascriptEnabled: true, networkConnectionEnabled: false, pageLoadStrategy: normal, platform: WINDOWS, platformName: WINDOWS, proxy: Proxy(), setWindowRect: true, strictFileInteractability: false, timeouts: {implicit: 0, pageLoad: 300000, script: 30000}, unhandledPromptBehavior: dismiss and notify, webauthn:extension:credBlob: true, webauthn:extension:largeBlob: true, webauthn:virtualAuthenticators: true}
Session ID: de086a63716e603a46be13f846308a2f
	at org.openqa.selenium.remote.http.W3CHttpResponseCodec.createException(W3CHttpResponseCodec.java:187)
	at org.openqa.selenium.remote.http.W3CHttpResponseCodec.decode(W3CHttpResponseCodec.java:122)
	at org.openqa.selenium.remote.http.W3CHttpResponseCodec.decode(W3CHttpResponseCodec.java:49)
	at org.openqa.selenium.remote.HttpCommandExecutor.execute(HttpCommandExecutor.java:158)
	at org.openqa.selenium.remote.service.DriverCommandExecutor.execute(DriverCommandExecutor.java:83)
	at org.openqa.selenium.remote.RemoteWebDriver.execute(RemoteWebDriver.java:552)
	at com.kms.katalon.selenium.driver.CChromeDriver.execute(CChromeDriver.java:19)
	at org.openqa.selenium.remote.RemoteWebElement.execute(RemoteWebElement.java:285)
	at org.openqa.selenium.remote.RemoteWebElement.click(RemoteWebElement.java:84)
	at org.openqa.selenium.support.events.EventFiringWebDriver$EventFiringWebElement.lambda$new$0(EventFiringWebDriver.java:404)
	at com.sun.proxy.$Proxy11.click(Unknown Source)
	at org.openqa.selenium.support.events.EventFiringWebDriver$EventFiringWebElement.click(EventFiringWebDriver.java:417)
	at org.openqa.selenium.WebElement$click.call(Unknown Source)
	at com.kms.katalon.core.webui.keyword.builtin.ClickKeyword.clickUntilSuccessWithTimeout(ClickKeyword.groovy:81)
	at com.kms.katalon.core.webui.keyword.builtin.ClickKeyword.clickUntilSuccessWithTimeout(ClickKeyword.groovy)
	at com.kms.katalon.core.webui.keyword.builtin.ClickKeyword$_click_closure1.doCall(ClickKeyword.groovy:67)
	at com.kms.katalon.core.webui.keyword.builtin.ClickKeyword$_click_closure1.call(ClickKeyword.groovy)
	at com.kms.katalon.core.webui.keyword.internal.WebUIKeywordMain.runKeyword(WebUIKeywordMain.groovy:20)
	... 19 more
"/>
         <system-out><![CDATA[2021-12-21 18:13:15 - [TEST_CASE][FAILED] - Test Cases/Rejestracja/R8: Test Cases/Rejestracja/R8 FAILED.
Reason:
com.kms.katalon.core.exception.StepFailedException: Unable to click on object 'Object Repository/Page_PSTO webMessenger - Zalogowano/img_Zarejestruj konto_iconImg' (Root cause: com.kms.katalon.core.exception.StepFailedException: Unable to click on object 'Object Repository/Page_PSTO webMessenger - Zalogowano/img_Zarejestruj konto_iconImg'
	at com.kms.katalon.core.webui.keyword.internal.WebUIKeywordMain.stepFailed(WebUIKeywordMain.groovy:64)
	at com.kms.katalon.core.webui.keyword.internal.WebUIKeywordMain.runKeyword(WebUIKeywordMain.groovy:26)
	at com.kms.katalon.core.webui.keyword.builtin.ClickKeyword.click(ClickKeyword.groovy:74)
	at com.kms.katalon.core.webui.keyword.builtin.ClickKeyword.execute(ClickKeyword.groovy:40)
	at com.kms.katalon.core.keyword.internal.KeywordExecutor.executeKeywordForPlatform(KeywordExecutor.groovy:74)
	at com.kms.katalon.core.webui.keyword.WebUiBuiltInKeywords.click(WebUiBuiltInKeywords.groovy:608)
	at com.kms.katalon.core.webui.keyword.WebUiBuiltInKeywords$click$4.call(Unknown Source)
	at R8.run(R8:61)
	at com.kms.katalon.core.main.ScriptEngine.run(ScriptEngine.java:194)
	at com.kms.katalon.core.main.ScriptEngine.runScriptAsRawText(ScriptEngine.java:119)
	at com.kms.katalon.core.main.TestCaseExecutor.runScript(TestCaseExecutor.java:442)
	at com.kms.katalon.core.main.TestCaseExecutor.doExecute(TestCaseExecutor.java:433)
	at com.kms.katalon.core.main.TestCaseExecutor.processExecutionPhase(TestCaseExecutor.java:412)
	at com.kms.katalon.core.main.TestCaseExecutor.accessMainPhase(TestCaseExecutor.java:404)
	at com.kms.katalon.core.main.TestCaseExecutor.execute(TestCaseExecutor.java:281)
	at com.kms.katalon.core.main.TestSuiteExecutor.accessTestCaseMainPhase(TestSuiteExecutor.java:202)
	at com.kms.katalon.core.main.TestSuiteExecutor.accessTestSuiteMainPhase(TestSuiteExecutor.java:164)
	at com.kms.katalon.core.main.TestSuiteExecutor.execute(TestSuiteExecutor.java:105)
	at com.kms.katalon.core.main.TestCaseMain.startTestSuite(TestCaseMain.java:181)
	at com.kms.katalon.core.main.TestCaseMain$startTestSuite$0.call(Unknown Source)
	at TempTestSuite1640105666841.run(TempTestSuite1640105666841.groovy:36)
Caused by: org.openqa.selenium.ElementNotInteractableException: element not interactable
  (Session info: chrome=96.0.4664.110)
Build info: version: '3.141.59', revision: 'e82be7d358', time: '2018-11-14T08:25:53'
System info: host: 'DESKTOP-KI9905I', ip: '192.168.3.3', os.name: 'Windows 10', os.arch: 'amd64', os.version: '10.0', java.version: '1.8.0_282'
Driver info: com.kms.katalon.selenium.driver.CChromeDriver
Capabilities {acceptInsecureCerts: false, browserName: chrome, browserVersion: 96.0.4664.110, chrome: {chromedriverVersion: 96.0.4664.45 (76e4c1bb2ab46..., userDataDir: C:\Users\agata\AppData\Loca...}, goog:chromeOptions: {debuggerAddress: localhost:51365}, javascriptEnabled: true, networkConnectionEnabled: false, pageLoadStrategy: normal, platform: WINDOWS, platformName: WINDOWS, proxy: Proxy(), setWindowRect: true, strictFileInteractability: false, timeouts: {implicit: 0, pageLoad: 300000, script: 30000}, unhandledPromptBehavior: dismiss and notify, webauthn:extension:credBlob: true, webauthn:extension:largeBlob: true, webauthn:virtualAuthenticators: true}
Session ID: de086a63716e603a46be13f846308a2f
	at org.openqa.selenium.remote.http.W3CHttpResponseCodec.createException(W3CHttpResponseCodec.java:187)
	at org.openqa.selenium.remote.http.W3CHttpResponseCodec.decode(W3CHttpResponseCodec.java:122)
	at org.openqa.selenium.remote.http.W3CHttpResponseCodec.decode(W3CHttpResponseCodec.java:49)
	at org.openqa.selenium.remote.HttpCommandExecutor.execute(HttpCommandExecutor.java:158)
	at org.openqa.selenium.remote.service.DriverCommandExecutor.execute(DriverCommandExecutor.java:83)
	at org.openqa.selenium.remote.RemoteWebDriver.execute(RemoteWebDriver.java:552)
	at com.kms.katalon.selenium.driver.CChromeDriver.execute(CChromeDriver.java:19)
	at org.openqa.selenium.remote.RemoteWebElement.execute(RemoteWebElement.java:285)
	at org.openqa.selenium.remote.RemoteWebElement.click(RemoteWebElement.java:84)
	at org.openqa.selenium.support.events.EventFiringWebDriver$EventFiringWebElement.lambda$new$0(EventFiringWebDriver.java:404)
	at com.sun.proxy.$Proxy11.click(Unknown Source)
	at org.openqa.selenium.support.events.EventFiringWebDriver$EventFiringWebElement.click(EventFiringWebDriver.java:417)
	at org.openqa.selenium.WebElement$click.call(Unknown Source)
	at com.kms.katalon.core.webui.keyword.builtin.ClickKeyword.clickUntilSuccessWithTimeout(ClickKeyword.groovy:81)
	at com.kms.katalon.core.webui.keyword.builtin.ClickKeyword.clickUntilSuccessWithTimeout(ClickKeyword.groovy)
	at com.kms.katalon.core.webui.keyword.builtin.ClickKeyword$_click_closure1.doCall(ClickKeyword.groovy:67)
	at com.kms.katalon.core.webui.keyword.builtin.ClickKeyword$_click_closure1.call(ClickKeyword.groovy)
	at com.kms.katalon.core.webui.keyword.internal.WebUIKeywordMain.runKeyword(WebUIKeywordMain.groovy:20)
	at com.kms.katalon.core.webui.keyword.builtin.ClickKeyword.click(ClickKeyword.groovy:74)
	at com.kms.katalon.core.webui.keyword.builtin.ClickKeyword.execute(ClickKeyword.groovy:40)
	at com.kms.katalon.core.keyword.internal.KeywordExecutor.executeKeywordForPlatform(KeywordExecutor.groovy:74)
	at com.kms.katalon.core.webui.keyword.WebUiBuiltInKeywords.click(WebUiBuiltInKeywords.groovy:608)
	at com.kms.katalon.core.webui.keyword.WebUiBuiltInKeywords$click$4.call(Unknown Source)
	at Script1638710180119.run(Script1638710180119.groovy:61)
	... 13 more
)
	at com.kms.katalon.core.keyword.internal.KeywordMain.stepFailed(KeywordMain.groovy:39)
	at com.kms.katalon.core.webui.keyword.internal.WebUIKeywordMain.stepFailed(WebUIKeywordMain.groovy:64)
	at com.kms.katalon.core.webui.keyword.internal.WebUIKeywordMain.runKeyword(WebUIKeywordMain.groovy:26)
	at com.kms.katalon.core.webui.keyword.builtin.ClickKeyword.click(ClickKeyword.groovy:74)
	at com.kms.katalon.core.webui.keyword.builtin.ClickKeyword.execute(ClickKeyword.groovy:40)
	at com.kms.katalon.core.keyword.internal.KeywordExecutor.executeKeywordForPlatform(KeywordExecutor.groovy:74)
	at com.kms.katalon.core.webui.keyword.WebUiBuiltInKeywords.click(WebUiBuiltInKeywords.groovy:608)
	at com.kms.katalon.core.webui.keyword.WebUiBuiltInKeywords$click$4.call(Unknown Source)
	at R8.run(R8:61)
	at com.kms.katalon.core.main.ScriptEngine.run(ScriptEngine.java:194)
	at com.kms.katalon.core.main.ScriptEngine.runScriptAsRawText(ScriptEngine.java:119)
	at com.kms.katalon.core.main.TestCaseExecutor.runScript(TestCaseExecutor.java:442)
	at com.kms.katalon.core.main.TestCaseExecutor.doExecute(TestCaseExecutor.java:433)
	at com.kms.katalon.core.main.TestCaseExecutor.processExecutionPhase(TestCaseExecutor.java:412)
	at com.kms.katalon.core.main.TestCaseExecutor.accessMainPhase(TestCaseExecutor.java:404)
	at com.kms.katalon.core.main.TestCaseExecutor.execute(TestCaseExecutor.java:281)
	at com.kms.katalon.core.main.TestSuiteExecutor.accessTestCaseMainPhase(TestSuiteExecutor.java:202)
	at com.kms.katalon.core.main.TestSuiteExecutor.accessTestSuiteMainPhase(TestSuiteExecutor.java:164)
	at com.kms.katalon.core.main.TestSuiteExecutor.execute(TestSuiteExecutor.java:105)
	at com.kms.katalon.core.main.TestCaseMain.startTestSuite(TestCaseMain.java:181)
	at com.kms.katalon.core.main.TestCaseMain$startTestSuite$0.call(Unknown Source)
	at TempTestSuite1640105666841.run(TempTestSuite1640105666841.groovy:36)
Caused by: com.kms.katalon.core.exception.StepFailedException: Unable to click on object 'Object Repository/Page_PSTO webMessenger - Zalogowano/img_Zarejestruj konto_iconImg'
	... 21 more
Caused by: org.openqa.selenium.ElementNotInteractableException: element not interactable
  (Session info: chrome=96.0.4664.110)
Build info: version: '3.141.59', revision: 'e82be7d358', time: '2018-11-14T08:25:53'
System info: host: 'DESKTOP-KI9905I', ip: '192.168.3.3', os.name: 'Windows 10', os.arch: 'amd64', os.version: '10.0', java.version: '1.8.0_282'
Driver info: com.kms.katalon.selenium.driver.CChromeDriver
Capabilities {acceptInsecureCerts: false, browserName: chrome, browserVersion: 96.0.4664.110, chrome: {chromedriverVersion: 96.0.4664.45 (76e4c1bb2ab46..., userDataDir: C:\Users\agata\AppData\Loca...}, goog:chromeOptions: {debuggerAddress: localhost:51365}, javascriptEnabled: true, networkConnectionEnabled: false, pageLoadStrategy: normal, platform: WINDOWS, platformName: WINDOWS, proxy: Proxy(), setWindowRect: true, strictFileInteractability: false, timeouts: {implicit: 0, pageLoad: 300000, script: 30000}, unhandledPromptBehavior: dismiss and notify, webauthn:extension:credBlob: true, webauthn:extension:largeBlob: true, webauthn:virtualAuthenticators: true}
Session ID: de086a63716e603a46be13f846308a2f
	at org.openqa.selenium.remote.http.W3CHttpResponseCodec.createException(W3CHttpResponseCodec.java:187)
	at org.openqa.selenium.remote.http.W3CHttpResponseCodec.decode(W3CHttpResponseCodec.java:122)
	at org.openqa.selenium.remote.http.W3CHttpResponseCodec.decode(W3CHttpResponseCodec.java:49)
	at org.openqa.selenium.remote.HttpCommandExecutor.execute(HttpCommandExecutor.java:158)
	at org.openqa.selenium.remote.service.DriverCommandExecutor.execute(DriverCommandExecutor.java:83)
	at org.openqa.selenium.remote.RemoteWebDriver.execute(RemoteWebDriver.java:552)
	at com.kms.katalon.selenium.driver.CChromeDriver.execute(CChromeDriver.java:19)
	at org.openqa.selenium.remote.RemoteWebElement.execute(RemoteWebElement.java:285)
	at org.openqa.selenium.remote.RemoteWebElement.click(RemoteWebElement.java:84)
	at org.openqa.selenium.support.events.EventFiringWebDriver$EventFiringWebElement.lambda$new$0(EventFiringWebDriver.java:404)
	at com.sun.proxy.$Proxy11.click(Unknown Source)
	at org.openqa.selenium.support.events.EventFiringWebDriver$EventFiringWebElement.click(EventFiringWebDriver.java:417)
	at org.openqa.selenium.WebElement$click.call(Unknown Source)
	at com.kms.katalon.core.webui.keyword.builtin.ClickKeyword.clickUntilSuccessWithTimeout(ClickKeyword.groovy:81)
	at com.kms.katalon.core.webui.keyword.builtin.ClickKeyword.clickUntilSuccessWithTimeout(ClickKeyword.groovy)
	at com.kms.katalon.core.webui.keyword.builtin.ClickKeyword$_click_closure1.doCall(ClickKeyword.groovy:67)
	at com.kms.katalon.core.webui.keyword.builtin.ClickKeyword$_click_closure1.call(ClickKeyword.groovy)
	at com.kms.katalon.core.webui.keyword.internal.WebUIKeywordMain.runKeyword(WebUIKeywordMain.groovy:20)
	... 19 more


2021-12-21 18:13:16 - [TEST_STEP][PASSED] - openBrowser(""): Browser is opened with url: ''

2021-12-21 18:13:16 - [MESSAGE][INFO] - Starting 'Chrome' driver

2021-12-21 18:13:16 - [MESSAGE][INFO] - Action delay is set to 0 milliseconds

2021-12-21 18:13:18 - [MESSAGE][PASSED] - Browser is opened with url: ''

2021-12-21 18:13:18 - [TEST_STEP][PASSED] - navigateToUrl("http://kmg.hcm.pl/testowanie/index.html"): Navigate to 'http://kmg.hcm.pl/testowanie/index.html' successfully

2021-12-21 18:13:19 - [MESSAGE][PASSED] - Navigate to 'http://kmg.hcm.pl/testowanie/index.html' successfully

2021-12-21 18:13:19 - [TEST_STEP][FAILED] - for ([row = 1, row <= findTestData("Rejestracja/tabR8").getRowNumbers(), (row++)]): null

2021-12-21 18:13:19 - [TEST_STEP][PASSED] - click(findTestObject("Object Repository/Page_PSTO webMessenger/a_Zarejestruj konto")): Object: 'Object Repository/Page_PSTO webMessenger/a_Zarejestruj konto' is clicked on

2021-12-21 18:13:20 - [MESSAGE][PASSED] - Object: 'Object Repository/Page_PSTO webMessenger/a_Zarejestruj konto' is clicked on

2021-12-21 18:13:20 - [TEST_STEP][PASSED] - data = Date().getTime(): null

2021-12-21 18:13:20 - [TEST_STEP][PASSED] - setText(findTestObject("Object Repository/Page_PSTO webMessenger/input_Powrt do logowania_username"), findTestData("Rejestracja/tabR8").getValue("username", row) + data): Text 'Ameba!1640106800527' is set on object 'Object Repository/Page_PSTO webMessenger/input_Powrt do logowania_username'

2021-12-21 18:13:21 - [MESSAGE][PASSED] - Text 'Ameba!1640106800527' is set on object 'Object Repository/Page_PSTO webMessenger/input_Powrt do logowania_username'

2021-12-21 18:13:21 - [TEST_STEP][PASSED] - setText(findTestObject("Object Repository/Page_PSTO webMessenger/input_Powrt do logowania_pass1"), findTestData("Rejestracja/tabR8").getValue("password", row)): Text 'startStop1' is set on object 'Object Repository/Page_PSTO webMessenger/input_Powrt do logowania_pass1'

2021-12-21 18:13:22 - [MESSAGE][PASSED] - Text 'startStop1' is set on object 'Object Repository/Page_PSTO webMessenger/input_Powrt do logowania_pass1'

2021-12-21 18:13:22 - [TEST_STEP][PASSED] - setText(findTestObject("Object Repository/Page_PSTO webMessenger/input_Powrt do logowania_pass2"), findTestData("Rejestracja/tabR8").getValue("password2", row)): Text 'startStop1' is set on object 'Object Repository/Page_PSTO webMessenger/input_Powrt do logowania_pass2'

2021-12-21 18:13:23 - [MESSAGE][PASSED] - Text 'startStop1' is set on object 'Object Repository/Page_PSTO webMessenger/input_Powrt do logowania_pass2'

2021-12-21 18:13:23 - [TEST_STEP][PASSED] - setText(findTestObject("Object Repository/Page_PSTO webMessenger/input_Powrt do logowania_name"), findTestData("Rejestracja/tabR8").getValue("name", row)): Text 'Agata' is set on object 'Object Repository/Page_PSTO webMessenger/input_Powrt do logowania_name'

2021-12-21 18:13:24 - [MESSAGE][PASSED] - Text 'Agata' is set on object 'Object Repository/Page_PSTO webMessenger/input_Powrt do logowania_name'

2021-12-21 18:13:24 - [TEST_STEP][PASSED] - setText(findTestObject("Object Repository/Page_PSTO webMessenger/input_Powrt do logowania_surname"), findTestData("Rejestracja/tabR8").getValue("surname", row)): Text 'Łazur' is set on object 'Object Repository/Page_PSTO webMessenger/input_Powrt do logowania_surname'

2021-12-21 18:13:25 - [MESSAGE][PASSED] - Text 'Łazur' is set on object 'Object Repository/Page_PSTO webMessenger/input_Powrt do logowania_surname'

2021-12-21 18:13:25 - [TEST_STEP][PASSED] - setText(findTestObject("Object Repository/Page_PSTO webMessenger/input_Powrt do logowania_kodgrupy"), findTestData("Rejestracja/tabR8").getValue("group", row)): Text 'wsbgroup2ap' is set on object 'Object Repository/Page_PSTO webMessenger/input_Powrt do logowania_kodgrupy'

2021-12-21 18:13:26 - [MESSAGE][PASSED] - Text 'wsbgroup2ap' is set on object 'Object Repository/Page_PSTO webMessenger/input_Powrt do logowania_kodgrupy'

2021-12-21 18:13:26 - [TEST_STEP][PASSED] - click(findTestObject("Page_PSTO webMessenger/input_Powrt do logowania_register")): Object: 'Object Repository/Page_PSTO webMessenger/input_Powrt do logowania_register' is clicked on

2021-12-21 18:13:27 - [MESSAGE][PASSED] - Object: 'Object Repository/Page_PSTO webMessenger/input_Powrt do logowania_register' is clicked on

2021-12-21 18:13:27 - [TEST_STEP][PASSED] - click(findTestObject("Page_PSTO webMessenger/a_Kliknij, aby si zalogowa")): Object: 'Object Repository/Page_PSTO webMessenger/a_Kliknij, aby si zalogowa' is clicked on

2021-12-21 18:13:28 - [MESSAGE][PASSED] - Object: 'Object Repository/Page_PSTO webMessenger/a_Kliknij, aby si zalogowa' is clicked on

2021-12-21 18:13:28 - [TEST_STEP][PASSED] - setText(findTestObject("Page_PSTO webMessenger/input_Zarejestruj konto_userLogin"), findTestData("Rejestracja/tabR8").getValue("username", row) + data): Text 'Ameba!1640106800527' is set on object 'Object Repository/Page_PSTO webMessenger/input_Zarejestruj konto_userLogin'

2021-12-21 18:13:29 - [MESSAGE][PASSED] - Text 'Ameba!1640106800527' is set on object 'Object Repository/Page_PSTO webMessenger/input_Zarejestruj konto_userLogin'

2021-12-21 18:13:29 - [TEST_STEP][PASSED] - setText(findTestObject("Page_PSTO webMessenger/input_Zarejestruj konto_passwordLogin"), findTestData("Rejestracja/tabR8").getValue("password", row)): Text 'startStop1' is set on object 'Object Repository/Page_PSTO webMessenger/input_Zarejestruj konto_passwordLogin'

2021-12-21 18:13:30 - [MESSAGE][PASSED] - Text 'startStop1' is set on object 'Object Repository/Page_PSTO webMessenger/input_Zarejestruj konto_passwordLogin'

2021-12-21 18:13:30 - [TEST_STEP][PASSED] - click(findTestObject("Page_PSTO webMessenger/input_Zarejestruj konto_login")): Object: 'Object Repository/Page_PSTO webMessenger/input_Zarejestruj konto_login' is clicked on

2021-12-21 18:13:30 - [MESSAGE][PASSED] - Object: 'Object Repository/Page_PSTO webMessenger/input_Zarejestruj konto_login' is clicked on

2021-12-21 18:13:30 - [TEST_STEP][PASSED] - takeScreenshot(data + "bug.png"): Taking screenshot successfully

2021-12-21 18:13:31 - [MESSAGE][PASSED] - Taking screenshot successfully
[[ATTACHMENT|C:\\Users\\agata\\git\\PTSOWebKounikator\\Reports\\20211221_175426\\R-tests\\20211221_175426\\1640106800527bug.png]]

2021-12-21 18:13:31 - [TEST_STEP][PASSED] - click(findTestObject("Page_PSTO webMessenger - Zalogowano/img_Zarejestruj konto_iconImg"), CONTINUE_ON_FAILURE): Object: 'Object Repository/Page_PSTO webMessenger - Zalogowano/img_Zarejestruj konto_iconImg' is clicked on

2021-12-21 18:13:32 - [MESSAGE][PASSED] - Object: 'Object Repository/Page_PSTO webMessenger - Zalogowano/img_Zarejestruj konto_iconImg' is clicked on

2021-12-21 18:13:32 - [TEST_STEP][PASSED] - click(findTestObject("Object Repository/Page_PSTO webMessenger/a_Zarejestruj konto")): Object: 'Object Repository/Page_PSTO webMessenger/a_Zarejestruj konto' is clicked on

2021-12-21 18:13:33 - [MESSAGE][PASSED] - Object: 'Object Repository/Page_PSTO webMessenger/a_Zarejestruj konto' is clicked on

2021-12-21 18:13:33 - [TEST_STEP][PASSED] - data = Date().getTime(): null

2021-12-21 18:13:33 - [TEST_STEP][PASSED] - setText(findTestObject("Object Repository/Page_PSTO webMessenger/input_Powrt do logowania_username"), findTestData("Rejestracja/tabR8").getValue("username", row) + data): Text 'Ameba@1640106813233' is set on object 'Object Repository/Page_PSTO webMessenger/input_Powrt do logowania_username'

2021-12-21 18:13:34 - [MESSAGE][PASSED] - Text 'Ameba@1640106813233' is set on object 'Object Repository/Page_PSTO webMessenger/input_Powrt do logowania_username'

2021-12-21 18:13:34 - [TEST_STEP][PASSED] - setText(findTestObject("Object Repository/Page_PSTO webMessenger/input_Powrt do logowania_pass1"), findTestData("Rejestracja/tabR8").getValue("password", row)): Text 'startStop2' is set on object 'Object Repository/Page_PSTO webMessenger/input_Powrt do logowania_pass1'

2021-12-21 18:13:35 - [MESSAGE][PASSED] - Text 'startStop2' is set on object 'Object Repository/Page_PSTO webMessenger/input_Powrt do logowania_pass1'

2021-12-21 18:13:35 - [TEST_STEP][PASSED] - setText(findTestObject("Object Repository/Page_PSTO webMessenger/input_Powrt do logowania_pass2"), findTestData("Rejestracja/tabR8").getValue("password2", row)): Text 'startStop2' is set on object 'Object Repository/Page_PSTO webMessenger/input_Powrt do logowania_pass2'

2021-12-21 18:13:36 - [MESSAGE][PASSED] - Text 'startStop2' is set on object 'Object Repository/Page_PSTO webMessenger/input_Powrt do logowania_pass2'

2021-12-21 18:13:36 - [TEST_STEP][PASSED] - setText(findTestObject("Object Repository/Page_PSTO webMessenger/input_Powrt do logowania_name"), findTestData("Rejestracja/tabR8").getValue("name", row)): Text 'Agata' is set on object 'Object Repository/Page_PSTO webMessenger/input_Powrt do logowania_name'

2021-12-21 18:13:37 - [MESSAGE][PASSED] - Text 'Agata' is set on object 'Object Repository/Page_PSTO webMessenger/input_Powrt do logowania_name'

2021-12-21 18:13:37 - [TEST_STEP][PASSED] - setText(findTestObject("Object Repository/Page_PSTO webMessenger/input_Powrt do logowania_surname"), findTestData("Rejestracja/tabR8").getValue("surname", row)): Text 'Razur' is set on object 'Object Repository/Page_PSTO webMessenger/input_Powrt do logowania_surname'

2021-12-21 18:13:38 - [MESSAGE][PASSED] - Text 'Razur' is set on object 'Object Repository/Page_PSTO webMessenger/input_Powrt do logowania_surname'

2021-12-21 18:13:38 - [TEST_STEP][PASSED] - setText(findTestObject("Object Repository/Page_PSTO webMessenger/input_Powrt do logowania_kodgrupy"), findTestData("Rejestracja/tabR8").getValue("group", row)): Text 'wsbgroup2ap' is set on object 'Object Repository/Page_PSTO webMessenger/input_Powrt do logowania_kodgrupy'

2021-12-21 18:13:39 - [MESSAGE][PASSED] - Text 'wsbgroup2ap' is set on object 'Object Repository/Page_PSTO webMessenger/input_Powrt do logowania_kodgrupy'

2021-12-21 18:13:39 - [TEST_STEP][PASSED] - click(findTestObject("Page_PSTO webMessenger/input_Powrt do logowania_register")): Object: 'Object Repository/Page_PSTO webMessenger/input_Powrt do logowania_register' is clicked on

2021-12-21 18:13:40 - [MESSAGE][PASSED] - Object: 'Object Repository/Page_PSTO webMessenger/input_Powrt do logowania_register' is clicked on

2021-12-21 18:13:40 - [TEST_STEP][PASSED] - click(findTestObject("Page_PSTO webMessenger/a_Kliknij, aby si zalogowa")): Object: 'Object Repository/Page_PSTO webMessenger/a_Kliknij, aby si zalogowa' is clicked on

2021-12-21 18:13:41 - [MESSAGE][PASSED] - Object: 'Object Repository/Page_PSTO webMessenger/a_Kliknij, aby si zalogowa' is clicked on

2021-12-21 18:13:41 - [TEST_STEP][PASSED] - setText(findTestObject("Page_PSTO webMessenger/input_Zarejestruj konto_userLogin"), findTestData("Rejestracja/tabR8").getValue("username", row) + data): Text 'Ameba@1640106813233' is set on object 'Object Repository/Page_PSTO webMessenger/input_Zarejestruj konto_userLogin'

2021-12-21 18:13:42 - [MESSAGE][PASSED] - Text 'Ameba@1640106813233' is set on object 'Object Repository/Page_PSTO webMessenger/input_Zarejestruj konto_userLogin'

2021-12-21 18:13:42 - [TEST_STEP][PASSED] - setText(findTestObject("Page_PSTO webMessenger/input_Zarejestruj konto_passwordLogin"), findTestData("Rejestracja/tabR8").getValue("password", row)): Text 'startStop2' is set on object 'Object Repository/Page_PSTO webMessenger/input_Zarejestruj konto_passwordLogin'

2021-12-21 18:13:43 - [MESSAGE][PASSED] - Text 'startStop2' is set on object 'Object Repository/Page_PSTO webMessenger/input_Zarejestruj konto_passwordLogin'

2021-12-21 18:13:43 - [TEST_STEP][PASSED] - click(findTestObject("Page_PSTO webMessenger/input_Zarejestruj konto_login")): Object: 'Object Repository/Page_PSTO webMessenger/input_Zarejestruj konto_login' is clicked on

2021-12-21 18:13:43 - [MESSAGE][PASSED] - Object: 'Object Repository/Page_PSTO webMessenger/input_Zarejestruj konto_login' is clicked on

2021-12-21 18:13:43 - [TEST_STEP][PASSED] - takeScreenshot(data + "bug.png"): Taking screenshot successfully

2021-12-21 18:13:44 - [MESSAGE][PASSED] - Taking screenshot successfully
[[ATTACHMENT|C:\\Users\\agata\\git\\PTSOWebKounikator\\Reports\\20211221_175426\\R-tests\\20211221_175426\\1640106813233bug.png]]

2021-12-21 18:13:44 - [TEST_STEP][PASSED] - click(findTestObject("Page_PSTO webMessenger - Zalogowano/img_Zarejestruj konto_iconImg"), CONTINUE_ON_FAILURE): Object: 'Object Repository/Page_PSTO webMessenger - Zalogowano/img_Zarejestruj konto_iconImg' is clicked on

2021-12-21 18:13:45 - [MESSAGE][PASSED] - Object: 'Object Repository/Page_PSTO webMessenger - Zalogowano/img_Zarejestruj konto_iconImg' is clicked on

2021-12-21 18:13:45 - [TEST_STEP][PASSED] - click(findTestObject("Object Repository/Page_PSTO webMessenger/a_Zarejestruj konto")): Object: 'Object Repository/Page_PSTO webMessenger/a_Zarejestruj konto' is clicked on

2021-12-21 18:13:45 - [MESSAGE][PASSED] - Object: 'Object Repository/Page_PSTO webMessenger/a_Zarejestruj konto' is clicked on

2021-12-21 18:13:45 - [TEST_STEP][PASSED] - data = Date().getTime(): null

2021-12-21 18:13:45 - [TEST_STEP][PASSED] - setText(findTestObject("Object Repository/Page_PSTO webMessenger/input_Powrt do logowania_username"), findTestData("Rejestracja/tabR8").getValue("username", row) + data): Text 'Ameba#1640106825582' is set on object 'Object Repository/Page_PSTO webMessenger/input_Powrt do logowania_username'

2021-12-21 18:13:46 - [MESSAGE][PASSED] - Text 'Ameba#1640106825582' is set on object 'Object Repository/Page_PSTO webMessenger/input_Powrt do logowania_username'

2021-12-21 18:13:46 - [TEST_STEP][PASSED] - setText(findTestObject("Object Repository/Page_PSTO webMessenger/input_Powrt do logowania_pass1"), findTestData("Rejestracja/tabR8").getValue("password", row)): Text 'startStop3' is set on object 'Object Repository/Page_PSTO webMessenger/input_Powrt do logowania_pass1'

2021-12-21 18:13:47 - [MESSAGE][PASSED] - Text 'startStop3' is set on object 'Object Repository/Page_PSTO webMessenger/input_Powrt do logowania_pass1'

2021-12-21 18:13:47 - [TEST_STEP][PASSED] - setText(findTestObject("Object Repository/Page_PSTO webMessenger/input_Powrt do logowania_pass2"), findTestData("Rejestracja/tabR8").getValue("password2", row)): Text 'startStop3' is set on object 'Object Repository/Page_PSTO webMessenger/input_Powrt do logowania_pass2'

2021-12-21 18:13:48 - [MESSAGE][PASSED] - Text 'startStop3' is set on object 'Object Repository/Page_PSTO webMessenger/input_Powrt do logowania_pass2'

2021-12-21 18:13:48 - [TEST_STEP][PASSED] - setText(findTestObject("Object Repository/Page_PSTO webMessenger/input_Powrt do logowania_name"), findTestData("Rejestracja/tabR8").getValue("name", row)): Text 'Agata' is set on object 'Object Repository/Page_PSTO webMessenger/input_Powrt do logowania_name'

2021-12-21 18:13:48 - [MESSAGE][PASSED] - Text 'Agata' is set on object 'Object Repository/Page_PSTO webMessenger/input_Powrt do logowania_name'

2021-12-21 18:13:48 - [TEST_STEP][PASSED] - setText(findTestObject("Object Repository/Page_PSTO webMessenger/input_Powrt do logowania_surname"), findTestData("Rejestracja/tabR8").getValue("surname", row)): Text 'Fazur' is set on object 'Object Repository/Page_PSTO webMessenger/input_Powrt do logowania_surname'

2021-12-21 18:13:49 - [MESSAGE][PASSED] - Text 'Fazur' is set on object 'Object Repository/Page_PSTO webMessenger/input_Powrt do logowania_surname'

2021-12-21 18:13:49 - [TEST_STEP][PASSED] - setText(findTestObject("Object Repository/Page_PSTO webMessenger/input_Powrt do logowania_kodgrupy"), findTestData("Rejestracja/tabR8").getValue("group", row)): Text 'wsbgroup2ap' is set on object 'Object Repository/Page_PSTO webMessenger/input_Powrt do logowania_kodgrupy'

2021-12-21 18:13:50 - [MESSAGE][PASSED] - Text 'wsbgroup2ap' is set on object 'Object Repository/Page_PSTO webMessenger/input_Powrt do logowania_kodgrupy'

2021-12-21 18:13:50 - [TEST_STEP][PASSED] - click(findTestObject("Page_PSTO webMessenger/input_Powrt do logowania_register")): Object: 'Object Repository/Page_PSTO webMessenger/input_Powrt do logowania_register' is clicked on

2021-12-21 18:13:51 - [MESSAGE][PASSED] - Object: 'Object Repository/Page_PSTO webMessenger/input_Powrt do logowania_register' is clicked on

2021-12-21 18:13:51 - [TEST_STEP][PASSED] - click(findTestObject("Page_PSTO webMessenger/a_Kliknij, aby si zalogowa")): Object: 'Object Repository/Page_PSTO webMessenger/a_Kliknij, aby si zalogowa' is clicked on

2021-12-21 18:13:52 - [MESSAGE][PASSED] - Object: 'Object Repository/Page_PSTO webMessenger/a_Kliknij, aby si zalogowa' is clicked on

2021-12-21 18:13:52 - [TEST_STEP][PASSED] - setText(findTestObject("Page_PSTO webMessenger/input_Zarejestruj konto_userLogin"), findTestData("Rejestracja/tabR8").getValue("username", row) + data): Text 'Ameba#1640106825582' is set on object 'Object Repository/Page_PSTO webMessenger/input_Zarejestruj konto_userLogin'

2021-12-21 18:13:52 - [MESSAGE][PASSED] - Text 'Ameba#1640106825582' is set on object 'Object Repository/Page_PSTO webMessenger/input_Zarejestruj konto_userLogin'

2021-12-21 18:13:52 - [TEST_STEP][PASSED] - setText(findTestObject("Page_PSTO webMessenger/input_Zarejestruj konto_passwordLogin"), findTestData("Rejestracja/tabR8").getValue("password", row)): Text 'startStop3' is set on object 'Object Repository/Page_PSTO webMessenger/input_Zarejestruj konto_passwordLogin'

2021-12-21 18:13:53 - [MESSAGE][PASSED] - Text 'startStop3' is set on object 'Object Repository/Page_PSTO webMessenger/input_Zarejestruj konto_passwordLogin'

2021-12-21 18:13:53 - [TEST_STEP][PASSED] - click(findTestObject("Page_PSTO webMessenger/input_Zarejestruj konto_login")): Object: 'Object Repository/Page_PSTO webMessenger/input_Zarejestruj konto_login' is clicked on

2021-12-21 18:13:54 - [MESSAGE][PASSED] - Object: 'Object Repository/Page_PSTO webMessenger/input_Zarejestruj konto_login' is clicked on

2021-12-21 18:13:54 - [TEST_STEP][PASSED] - takeScreenshot(data + "bug.png"): Taking screenshot successfully

2021-12-21 18:13:54 - [MESSAGE][PASSED] - Taking screenshot successfully
[[ATTACHMENT|C:\\Users\\agata\\git\\PTSOWebKounikator\\Reports\\20211221_175426\\R-tests\\20211221_175426\\1640106825582bug.png]]

2021-12-21 18:13:54 - [TEST_STEP][PASSED] - click(findTestObject("Page_PSTO webMessenger - Zalogowano/img_Zarejestruj konto_iconImg"), CONTINUE_ON_FAILURE): Object: 'Object Repository/Page_PSTO webMessenger - Zalogowano/img_Zarejestruj konto_iconImg' is clicked on

2021-12-21 18:13:55 - [MESSAGE][PASSED] - Object: 'Object Repository/Page_PSTO webMessenger - Zalogowano/img_Zarejestruj konto_iconImg' is clicked on

2021-12-21 18:13:55 - [TEST_STEP][PASSED] - click(findTestObject("Object Repository/Page_PSTO webMessenger/a_Zarejestruj konto")): Object: 'Object Repository/Page_PSTO webMessenger/a_Zarejestruj konto' is clicked on

2021-12-21 18:13:56 - [MESSAGE][PASSED] - Object: 'Object Repository/Page_PSTO webMessenger/a_Zarejestruj konto' is clicked on

2021-12-21 18:13:56 - [TEST_STEP][PASSED] - data = Date().getTime(): null

2021-12-21 18:13:56 - [TEST_STEP][PASSED] - setText(findTestObject("Object Repository/Page_PSTO webMessenger/input_Powrt do logowania_username"), findTestData("Rejestracja/tabR8").getValue("username", row) + data): Text 'Ameba$1640106836039' is set on object 'Object Repository/Page_PSTO webMessenger/input_Powrt do logowania_username'

2021-12-21 18:13:56 - [MESSAGE][PASSED] - Text 'Ameba$1640106836039' is set on object 'Object Repository/Page_PSTO webMessenger/input_Powrt do logowania_username'

2021-12-21 18:13:56 - [TEST_STEP][PASSED] - setText(findTestObject("Object Repository/Page_PSTO webMessenger/input_Powrt do logowania_pass1"), findTestData("Rejestracja/tabR8").getValue("password", row)): Text 'startStop4' is set on object 'Object Repository/Page_PSTO webMessenger/input_Powrt do logowania_pass1'

2021-12-21 18:13:57 - [MESSAGE][PASSED] - Text 'startStop4' is set on object 'Object Repository/Page_PSTO webMessenger/input_Powrt do logowania_pass1'

2021-12-21 18:13:57 - [TEST_STEP][PASSED] - setText(findTestObject("Object Repository/Page_PSTO webMessenger/input_Powrt do logowania_pass2"), findTestData("Rejestracja/tabR8").getValue("password2", row)): Text 'startStop4' is set on object 'Object Repository/Page_PSTO webMessenger/input_Powrt do logowania_pass2'

2021-12-21 18:13:58 - [MESSAGE][PASSED] - Text 'startStop4' is set on object 'Object Repository/Page_PSTO webMessenger/input_Powrt do logowania_pass2'

2021-12-21 18:13:58 - [TEST_STEP][PASSED] - setText(findTestObject("Object Repository/Page_PSTO webMessenger/input_Powrt do logowania_name"), findTestData("Rejestracja/tabR8").getValue("name", row)): Text 'Agata' is set on object 'Object Repository/Page_PSTO webMessenger/input_Powrt do logowania_name'

2021-12-21 18:13:59 - [MESSAGE][PASSED] - Text 'Agata' is set on object 'Object Repository/Page_PSTO webMessenger/input_Powrt do logowania_name'

2021-12-21 18:13:59 - [TEST_STEP][PASSED] - setText(findTestObject("Object Repository/Page_PSTO webMessenger/input_Powrt do logowania_surname"), findTestData("Rejestracja/tabR8").getValue("surname", row)): Text 'Sazur' is set on object 'Object Repository/Page_PSTO webMessenger/input_Powrt do logowania_surname'

2021-12-21 18:13:59 - [MESSAGE][PASSED] - Text 'Sazur' is set on object 'Object Repository/Page_PSTO webMessenger/input_Powrt do logowania_surname'

2021-12-21 18:13:59 - [TEST_STEP][PASSED] - setText(findTestObject("Object Repository/Page_PSTO webMessenger/input_Powrt do logowania_kodgrupy"), findTestData("Rejestracja/tabR8").getValue("group", row)): Text 'wsbgroup2ap' is set on object 'Object Repository/Page_PSTO webMessenger/input_Powrt do logowania_kodgrupy'

2021-12-21 18:14:00 - [MESSAGE][PASSED] - Text 'wsbgroup2ap' is set on object 'Object Repository/Page_PSTO webMessenger/input_Powrt do logowania_kodgrupy'

2021-12-21 18:14:00 - [TEST_STEP][PASSED] - click(findTestObject("Page_PSTO webMessenger/input_Powrt do logowania_register")): Object: 'Object Repository/Page_PSTO webMessenger/input_Powrt do logowania_register' is clicked on

2021-12-21 18:14:01 - [MESSAGE][PASSED] - Object: 'Object Repository/Page_PSTO webMessenger/input_Powrt do logowania_register' is clicked on

2021-12-21 18:14:01 - [TEST_STEP][PASSED] - click(findTestObject("Page_PSTO webMessenger/a_Kliknij, aby si zalogowa")): Object: 'Object Repository/Page_PSTO webMessenger/a_Kliknij, aby si zalogowa' is clicked on

2021-12-21 18:14:01 - [MESSAGE][PASSED] - Object: 'Object Repository/Page_PSTO webMessenger/a_Kliknij, aby si zalogowa' is clicked on

2021-12-21 18:14:01 - [TEST_STEP][PASSED] - setText(findTestObject("Page_PSTO webMessenger/input_Zarejestruj konto_userLogin"), findTestData("Rejestracja/tabR8").getValue("username", row) + data): Text 'Ameba$1640106836039' is set on object 'Object Repository/Page_PSTO webMessenger/input_Zarejestruj konto_userLogin'

2021-12-21 18:14:02 - [MESSAGE][PASSED] - Text 'Ameba$1640106836039' is set on object 'Object Repository/Page_PSTO webMessenger/input_Zarejestruj konto_userLogin'

2021-12-21 18:14:02 - [TEST_STEP][PASSED] - setText(findTestObject("Page_PSTO webMessenger/input_Zarejestruj konto_passwordLogin"), findTestData("Rejestracja/tabR8").getValue("password", row)): Text 'startStop4' is set on object 'Object Repository/Page_PSTO webMessenger/input_Zarejestruj konto_passwordLogin'

2021-12-21 18:14:03 - [MESSAGE][PASSED] - Text 'startStop4' is set on object 'Object Repository/Page_PSTO webMessenger/input_Zarejestruj konto_passwordLogin'

2021-12-21 18:14:03 - [TEST_STEP][PASSED] - click(findTestObject("Page_PSTO webMessenger/input_Zarejestruj konto_login")): Object: 'Object Repository/Page_PSTO webMessenger/input_Zarejestruj konto_login' is clicked on

2021-12-21 18:14:03 - [MESSAGE][PASSED] - Object: 'Object Repository/Page_PSTO webMessenger/input_Zarejestruj konto_login' is clicked on

2021-12-21 18:14:03 - [TEST_STEP][PASSED] - takeScreenshot(data + "bug.png"): Taking screenshot successfully

2021-12-21 18:14:04 - [MESSAGE][PASSED] - Taking screenshot successfully
[[ATTACHMENT|C:\\Users\\agata\\git\\PTSOWebKounikator\\Reports\\20211221_175426\\R-tests\\20211221_175426\\1640106836039bug.png]]

2021-12-21 18:14:04 - [TEST_STEP][PASSED] - click(findTestObject("Page_PSTO webMessenger - Zalogowano/img_Zarejestruj konto_iconImg"), CONTINUE_ON_FAILURE): Object: 'Object Repository/Page_PSTO webMessenger - Zalogowano/img_Zarejestruj konto_iconImg' is clicked on

2021-12-21 18:14:05 - [MESSAGE][PASSED] - Object: 'Object Repository/Page_PSTO webMessenger - Zalogowano/img_Zarejestruj konto_iconImg' is clicked on

2021-12-21 18:14:05 - [TEST_STEP][PASSED] - click(findTestObject("Object Repository/Page_PSTO webMessenger/a_Zarejestruj konto")): Object: 'Object Repository/Page_PSTO webMessenger/a_Zarejestruj konto' is clicked on

2021-12-21 18:14:06 - [MESSAGE][PASSED] - Object: 'Object Repository/Page_PSTO webMessenger/a_Zarejestruj konto' is clicked on

2021-12-21 18:14:06 - [TEST_STEP][PASSED] - data = Date().getTime(): null

2021-12-21 18:14:06 - [TEST_STEP][PASSED] - setText(findTestObject("Object Repository/Page_PSTO webMessenger/input_Powrt do logowania_username"), findTestData("Rejestracja/tabR8").getValue("username", row) + data): Text 'Ameba%1640106846104' is set on object 'Object Repository/Page_PSTO webMessenger/input_Powrt do logowania_username'

2021-12-21 18:14:06 - [MESSAGE][PASSED] - Text 'Ameba%1640106846104' is set on object 'Object Repository/Page_PSTO webMessenger/input_Powrt do logowania_username'

2021-12-21 18:14:06 - [TEST_STEP][PASSED] - setText(findTestObject("Object Repository/Page_PSTO webMessenger/input_Powrt do logowania_pass1"), findTestData("Rejestracja/tabR8").getValue("password", row)): Text 'startStop5' is set on object 'Object Repository/Page_PSTO webMessenger/input_Powrt do logowania_pass1'

2021-12-21 18:14:07 - [MESSAGE][PASSED] - Text 'startStop5' is set on object 'Object Repository/Page_PSTO webMessenger/input_Powrt do logowania_pass1'

2021-12-21 18:14:07 - [TEST_STEP][PASSED] - setText(findTestObject("Object Repository/Page_PSTO webMessenger/input_Powrt do logowania_pass2"), findTestData("Rejestracja/tabR8").getValue("password2", row)): Text 'startStop5' is set on object 'Object Repository/Page_PSTO webMessenger/input_Powrt do logowania_pass2'

2021-12-21 18:14:08 - [MESSAGE][PASSED] - Text 'startStop5' is set on object 'Object Repository/Page_PSTO webMessenger/input_Powrt do logowania_pass2'

2021-12-21 18:14:08 - [TEST_STEP][PASSED] - setText(findTestObject("Object Repository/Page_PSTO webMessenger/input_Powrt do logowania_name"), findTestData("Rejestracja/tabR8").getValue("name", row)): Text 'Agata' is set on object 'Object Repository/Page_PSTO webMessenger/input_Powrt do logowania_name'

2021-12-21 18:14:09 - [MESSAGE][PASSED] - Text 'Agata' is set on object 'Object Repository/Page_PSTO webMessenger/input_Powrt do logowania_name'

2021-12-21 18:14:09 - [TEST_STEP][PASSED] - setText(findTestObject("Object Repository/Page_PSTO webMessenger/input_Powrt do logowania_surname"), findTestData("Rejestracja/tabR8").getValue("surname", row)): Text 'Tazur' is set on object 'Object Repository/Page_PSTO webMessenger/input_Powrt do logowania_surname'

2021-12-21 18:14:10 - [MESSAGE][PASSED] - Text 'Tazur' is set on object 'Object Repository/Page_PSTO webMessenger/input_Powrt do logowania_surname'

2021-12-21 18:14:10 - [TEST_STEP][PASSED] - setText(findTestObject("Object Repository/Page_PSTO webMessenger/input_Powrt do logowania_kodgrupy"), findTestData("Rejestracja/tabR8").getValue("group", row)): Text 'wsbgroup2ap' is set on object 'Object Repository/Page_PSTO webMessenger/input_Powrt do logowania_kodgrupy'

2021-12-21 18:14:11 - [MESSAGE][PASSED] - Text 'wsbgroup2ap' is set on object 'Object Repository/Page_PSTO webMessenger/input_Powrt do logowania_kodgrupy'

2021-12-21 18:14:11 - [TEST_STEP][PASSED] - click(findTestObject("Page_PSTO webMessenger/input_Powrt do logowania_register")): Object: 'Object Repository/Page_PSTO webMessenger/input_Powrt do logowania_register' is clicked on

2021-12-21 18:14:11 - [MESSAGE][PASSED] - Object: 'Object Repository/Page_PSTO webMessenger/input_Powrt do logowania_register' is clicked on

2021-12-21 18:14:11 - [TEST_STEP][PASSED] - click(findTestObject("Page_PSTO webMessenger/a_Kliknij, aby si zalogowa")): Object: 'Object Repository/Page_PSTO webMessenger/a_Kliknij, aby si zalogowa' is clicked on

2021-12-21 18:14:12 - [MESSAGE][PASSED] - Object: 'Object Repository/Page_PSTO webMessenger/a_Kliknij, aby si zalogowa' is clicked on

2021-12-21 18:14:12 - [TEST_STEP][PASSED] - setText(findTestObject("Page_PSTO webMessenger/input_Zarejestruj konto_userLogin"), findTestData("Rejestracja/tabR8").getValue("username", row) + data): Text 'Ameba%1640106846104' is set on object 'Object Repository/Page_PSTO webMessenger/input_Zarejestruj konto_userLogin'

2021-12-21 18:14:13 - [MESSAGE][PASSED] - Text 'Ameba%1640106846104' is set on object 'Object Repository/Page_PSTO webMessenger/input_Zarejestruj konto_userLogin'

2021-12-21 18:14:13 - [TEST_STEP][PASSED] - setText(findTestObject("Page_PSTO webMessenger/input_Zarejestruj konto_passwordLogin"), findTestData("Rejestracja/tabR8").getValue("password", row)): Text 'startStop5' is set on object 'Object Repository/Page_PSTO webMessenger/input_Zarejestruj konto_passwordLogin'

2021-12-21 18:14:14 - [MESSAGE][PASSED] - Text 'startStop5' is set on object 'Object Repository/Page_PSTO webMessenger/input_Zarejestruj konto_passwordLogin'

2021-12-21 18:14:14 - [TEST_STEP][PASSED] - click(findTestObject("Page_PSTO webMessenger/input_Zarejestruj konto_login")): Object: 'Object Repository/Page_PSTO webMessenger/input_Zarejestruj konto_login' is clicked on

2021-12-21 18:14:14 - [MESSAGE][PASSED] - Object: 'Object Repository/Page_PSTO webMessenger/input_Zarejestruj konto_login' is clicked on

2021-12-21 18:14:14 - [TEST_STEP][PASSED] - takeScreenshot(data + "bug.png"): Taking screenshot successfully

2021-12-21 18:14:15 - [MESSAGE][PASSED] - Taking screenshot successfully
[[ATTACHMENT|C:\\Users\\agata\\git\\PTSOWebKounikator\\Reports\\20211221_175426\\R-tests\\20211221_175426\\1640106846104bug.png]]

2021-12-21 18:14:15 - [TEST_STEP][PASSED] - click(findTestObject("Page_PSTO webMessenger - Zalogowano/img_Zarejestruj konto_iconImg"), CONTINUE_ON_FAILURE): Object: 'Object Repository/Page_PSTO webMessenger - Zalogowano/img_Zarejestruj konto_iconImg' is clicked on

2021-12-21 18:14:16 - [MESSAGE][PASSED] - Object: 'Object Repository/Page_PSTO webMessenger - Zalogowano/img_Zarejestruj konto_iconImg' is clicked on

2021-12-21 18:14:16 - [TEST_STEP][PASSED] - click(findTestObject("Object Repository/Page_PSTO webMessenger/a_Zarejestruj konto")): Object: 'Object Repository/Page_PSTO webMessenger/a_Zarejestruj konto' is clicked on

2021-12-21 18:14:16 - [MESSAGE][PASSED] - Object: 'Object Repository/Page_PSTO webMessenger/a_Zarejestruj konto' is clicked on

2021-12-21 18:14:16 - [TEST_STEP][PASSED] - data = Date().getTime(): null

2021-12-21 18:14:16 - [TEST_STEP][PASSED] - setText(findTestObject("Object Repository/Page_PSTO webMessenger/input_Powrt do logowania_username"), findTestData("Rejestracja/tabR8").getValue("username", row) + data): Text 'Ameba^1640106856813' is set on object 'Object Repository/Page_PSTO webMessenger/input_Powrt do logowania_username'

2021-12-21 18:14:17 - [MESSAGE][PASSED] - Text 'Ameba^1640106856813' is set on object 'Object Repository/Page_PSTO webMessenger/input_Powrt do logowania_username'

2021-12-21 18:14:17 - [TEST_STEP][PASSED] - setText(findTestObject("Object Repository/Page_PSTO webMessenger/input_Powrt do logowania_pass1"), findTestData("Rejestracja/tabR8").getValue("password", row)): Text 'startStop6' is set on object 'Object Repository/Page_PSTO webMessenger/input_Powrt do logowania_pass1'

2021-12-21 18:14:18 - [MESSAGE][PASSED] - Text 'startStop6' is set on object 'Object Repository/Page_PSTO webMessenger/input_Powrt do logowania_pass1'

2021-12-21 18:14:18 - [TEST_STEP][PASSED] - setText(findTestObject("Object Repository/Page_PSTO webMessenger/input_Powrt do logowania_pass2"), findTestData("Rejestracja/tabR8").getValue("password2", row)): Text 'startStop6' is set on object 'Object Repository/Page_PSTO webMessenger/input_Powrt do logowania_pass2'

2021-12-21 18:14:19 - [MESSAGE][PASSED] - Text 'startStop6' is set on object 'Object Repository/Page_PSTO webMessenger/input_Powrt do logowania_pass2'

2021-12-21 18:14:19 - [TEST_STEP][PASSED] - setText(findTestObject("Object Repository/Page_PSTO webMessenger/input_Powrt do logowania_name"), findTestData("Rejestracja/tabR8").getValue("name", row)): Text 'Agata' is set on object 'Object Repository/Page_PSTO webMessenger/input_Powrt do logowania_name'

2021-12-21 18:14:20 - [MESSAGE][PASSED] - Text 'Agata' is set on object 'Object Repository/Page_PSTO webMessenger/input_Powrt do logowania_name'

2021-12-21 18:14:20 - [TEST_STEP][PASSED] - setText(findTestObject("Object Repository/Page_PSTO webMessenger/input_Powrt do logowania_surname"), findTestData("Rejestracja/tabR8").getValue("surname", row)): Text 'Jazur' is set on object 'Object Repository/Page_PSTO webMessenger/input_Powrt do logowania_surname'

2021-12-21 18:14:20 - [MESSAGE][PASSED] - Text 'Jazur' is set on object 'Object Repository/Page_PSTO webMessenger/input_Powrt do logowania_surname'

2021-12-21 18:14:20 - [TEST_STEP][PASSED] - setText(findTestObject("Object Repository/Page_PSTO webMessenger/input_Powrt do logowania_kodgrupy"), findTestData("Rejestracja/tabR8").getValue("group", row)): Text 'wsbgroup2ap' is set on object 'Object Repository/Page_PSTO webMessenger/input_Powrt do logowania_kodgrupy'

2021-12-21 18:14:21 - [MESSAGE][PASSED] - Text 'wsbgroup2ap' is set on object 'Object Repository/Page_PSTO webMessenger/input_Powrt do logowania_kodgrupy'

2021-12-21 18:14:21 - [TEST_STEP][PASSED] - click(findTestObject("Page_PSTO webMessenger/input_Powrt do logowania_register")): Object: 'Object Repository/Page_PSTO webMessenger/input_Powrt do logowania_register' is clicked on

2021-12-21 18:14:22 - [MESSAGE][PASSED] - Object: 'Object Repository/Page_PSTO webMessenger/input_Powrt do logowania_register' is clicked on

2021-12-21 18:14:22 - [TEST_STEP][PASSED] - click(findTestObject("Page_PSTO webMessenger/a_Kliknij, aby si zalogowa")): Object: 'Object Repository/Page_PSTO webMessenger/a_Kliknij, aby si zalogowa' is clicked on

2021-12-21 18:14:23 - [MESSAGE][PASSED] - Object: 'Object Repository/Page_PSTO webMessenger/a_Kliknij, aby si zalogowa' is clicked on

2021-12-21 18:14:23 - [TEST_STEP][PASSED] - setText(findTestObject("Page_PSTO webMessenger/input_Zarejestruj konto_userLogin"), findTestData("Rejestracja/tabR8").getValue("username", row) + data): Text 'Ameba^1640106856813' is set on object 'Object Repository/Page_PSTO webMessenger/input_Zarejestruj konto_userLogin'

2021-12-21 18:14:23 - [MESSAGE][PASSED] - Text 'Ameba^1640106856813' is set on object 'Object Repository/Page_PSTO webMessenger/input_Zarejestruj konto_userLogin'

2021-12-21 18:14:23 - [TEST_STEP][PASSED] - setText(findTestObject("Page_PSTO webMessenger/input_Zarejestruj konto_passwordLogin"), findTestData("Rejestracja/tabR8").getValue("password", row)): Text 'startStop6' is set on object 'Object Repository/Page_PSTO webMessenger/input_Zarejestruj konto_passwordLogin'

2021-12-21 18:14:24 - [MESSAGE][PASSED] - Text 'startStop6' is set on object 'Object Repository/Page_PSTO webMessenger/input_Zarejestruj konto_passwordLogin'

2021-12-21 18:14:24 - [TEST_STEP][PASSED] - click(findTestObject("Page_PSTO webMessenger/input_Zarejestruj konto_login")): Object: 'Object Repository/Page_PSTO webMessenger/input_Zarejestruj konto_login' is clicked on

2021-12-21 18:14:25 - [MESSAGE][PASSED] - Object: 'Object Repository/Page_PSTO webMessenger/input_Zarejestruj konto_login' is clicked on

2021-12-21 18:14:25 - [TEST_STEP][PASSED] - takeScreenshot(data + "bug.png"): Taking screenshot successfully

2021-12-21 18:14:26 - [MESSAGE][PASSED] - Taking screenshot successfully
[[ATTACHMENT|C:\\Users\\agata\\git\\PTSOWebKounikator\\Reports\\20211221_175426\\R-tests\\20211221_175426\\1640106856813bug.png]]

2021-12-21 18:14:26 - [TEST_STEP][PASSED] - click(findTestObject("Page_PSTO webMessenger - Zalogowano/img_Zarejestruj konto_iconImg"), CONTINUE_ON_FAILURE): Object: 'Object Repository/Page_PSTO webMessenger - Zalogowano/img_Zarejestruj konto_iconImg' is clicked on

2021-12-21 18:14:26 - [MESSAGE][PASSED] - Object: 'Object Repository/Page_PSTO webMessenger - Zalogowano/img_Zarejestruj konto_iconImg' is clicked on

2021-12-21 18:14:26 - [TEST_STEP][PASSED] - click(findTestObject("Object Repository/Page_PSTO webMessenger/a_Zarejestruj konto")): Object: 'Object Repository/Page_PSTO webMessenger/a_Zarejestruj konto' is clicked on

2021-12-21 18:14:27 - [MESSAGE][PASSED] - Object: 'Object Repository/Page_PSTO webMessenger/a_Zarejestruj konto' is clicked on

2021-12-21 18:14:27 - [TEST_STEP][PASSED] - data = Date().getTime(): null

2021-12-21 18:14:27 - [TEST_STEP][PASSED] - setText(findTestObject("Object Repository/Page_PSTO webMessenger/input_Powrt do logowania_username"), findTestData("Rejestracja/tabR8").getValue("username", row) + data): Text 'Ameba&1640106867246' is set on object 'Object Repository/Page_PSTO webMessenger/input_Powrt do logowania_username'

2021-12-21 18:14:28 - [MESSAGE][PASSED] - Text 'Ameba&1640106867246' is set on object 'Object Repository/Page_PSTO webMessenger/input_Powrt do logowania_username'

2021-12-21 18:14:28 - [TEST_STEP][PASSED] - setText(findTestObject("Object Repository/Page_PSTO webMessenger/input_Powrt do logowania_pass1"), findTestData("Rejestracja/tabR8").getValue("password", row)): Text 'startStop7' is set on object 'Object Repository/Page_PSTO webMessenger/input_Powrt do logowania_pass1'

2021-12-21 18:14:28 - [MESSAGE][PASSED] - Text 'startStop7' is set on object 'Object Repository/Page_PSTO webMessenger/input_Powrt do logowania_pass1'

2021-12-21 18:14:28 - [TEST_STEP][PASSED] - setText(findTestObject("Object Repository/Page_PSTO webMessenger/input_Powrt do logowania_pass2"), findTestData("Rejestracja/tabR8").getValue("password2", row)): Text 'startStop7' is set on object 'Object Repository/Page_PSTO webMessenger/input_Powrt do logowania_pass2'

2021-12-21 18:14:29 - [MESSAGE][PASSED] - Text 'startStop7' is set on object 'Object Repository/Page_PSTO webMessenger/input_Powrt do logowania_pass2'

2021-12-21 18:14:29 - [TEST_STEP][PASSED] - setText(findTestObject("Object Repository/Page_PSTO webMessenger/input_Powrt do logowania_name"), findTestData("Rejestracja/tabR8").getValue("name", row)): Text 'Agata' is set on object 'Object Repository/Page_PSTO webMessenger/input_Powrt do logowania_name'

2021-12-21 18:14:30 - [MESSAGE][PASSED] - Text 'Agata' is set on object 'Object Repository/Page_PSTO webMessenger/input_Powrt do logowania_name'

2021-12-21 18:14:30 - [TEST_STEP][PASSED] - setText(findTestObject("Object Repository/Page_PSTO webMessenger/input_Powrt do logowania_surname"), findTestData("Rejestracja/tabR8").getValue("surname", row)): Text 'Nazur' is set on object 'Object Repository/Page_PSTO webMessenger/input_Powrt do logowania_surname'

2021-12-21 18:14:31 - [MESSAGE][PASSED] - Text 'Nazur' is set on object 'Object Repository/Page_PSTO webMessenger/input_Powrt do logowania_surname'

2021-12-21 18:14:31 - [TEST_STEP][PASSED] - setText(findTestObject("Object Repository/Page_PSTO webMessenger/input_Powrt do logowania_kodgrupy"), findTestData("Rejestracja/tabR8").getValue("group", row)): Text 'wsbgroup2ap' is set on object 'Object Repository/Page_PSTO webMessenger/input_Powrt do logowania_kodgrupy'

2021-12-21 18:14:31 - [MESSAGE][PASSED] - Text 'wsbgroup2ap' is set on object 'Object Repository/Page_PSTO webMessenger/input_Powrt do logowania_kodgrupy'

2021-12-21 18:14:31 - [TEST_STEP][PASSED] - click(findTestObject("Page_PSTO webMessenger/input_Powrt do logowania_register")): Object: 'Object Repository/Page_PSTO webMessenger/input_Powrt do logowania_register' is clicked on

2021-12-21 18:14:32 - [MESSAGE][PASSED] - Object: 'Object Repository/Page_PSTO webMessenger/input_Powrt do logowania_register' is clicked on

2021-12-21 18:14:32 - [TEST_STEP][PASSED] - click(findTestObject("Page_PSTO webMessenger/a_Kliknij, aby si zalogowa")): Object: 'Object Repository/Page_PSTO webMessenger/a_Kliknij, aby si zalogowa' is clicked on

2021-12-21 18:14:33 - [MESSAGE][PASSED] - Object: 'Object Repository/Page_PSTO webMessenger/a_Kliknij, aby si zalogowa' is clicked on

2021-12-21 18:14:33 - [TEST_STEP][PASSED] - setText(findTestObject("Page_PSTO webMessenger/input_Zarejestruj konto_userLogin"), findTestData("Rejestracja/tabR8").getValue("username", row) + data): Text 'Ameba&1640106867246' is set on object 'Object Repository/Page_PSTO webMessenger/input_Zarejestruj konto_userLogin'

2021-12-21 18:14:33 - [MESSAGE][PASSED] - Text 'Ameba&1640106867246' is set on object 'Object Repository/Page_PSTO webMessenger/input_Zarejestruj konto_userLogin'

2021-12-21 18:14:33 - [TEST_STEP][PASSED] - setText(findTestObject("Page_PSTO webMessenger/input_Zarejestruj konto_passwordLogin"), findTestData("Rejestracja/tabR8").getValue("password", row)): Text 'startStop7' is set on object 'Object Repository/Page_PSTO webMessenger/input_Zarejestruj konto_passwordLogin'

2021-12-21 18:14:34 - [MESSAGE][PASSED] - Text 'startStop7' is set on object 'Object Repository/Page_PSTO webMessenger/input_Zarejestruj konto_passwordLogin'

2021-12-21 18:14:34 - [TEST_STEP][PASSED] - click(findTestObject("Page_PSTO webMessenger/input_Zarejestruj konto_login")): Object: 'Object Repository/Page_PSTO webMessenger/input_Zarejestruj konto_login' is clicked on

2021-12-21 18:14:35 - [MESSAGE][PASSED] - Object: 'Object Repository/Page_PSTO webMessenger/input_Zarejestruj konto_login' is clicked on

2021-12-21 18:14:35 - [TEST_STEP][PASSED] - takeScreenshot(data + "bug.png"): Taking screenshot successfully

2021-12-21 18:14:35 - [MESSAGE][PASSED] - Taking screenshot successfully
[[ATTACHMENT|C:\\Users\\agata\\git\\PTSOWebKounikator\\Reports\\20211221_175426\\R-tests\\20211221_175426\\1640106867246bug.png]]

2021-12-21 18:14:35 - [TEST_STEP][FAILED] - click(findTestObject("Page_PSTO webMessenger - Zalogowano/img_Zarejestruj konto_iconImg"), CONTINUE_ON_FAILURE): Unable to click on object 'Object Repository/Page_PSTO webMessenger - Zalogowano/img_Zarejestruj konto_iconImg' (Root cause: com.kms.katalon.core.exception.StepFailedException: Unable to click on object 'Object Repository/Page_PSTO webMessenger - Zalogowano/img_Zarejestruj konto_iconImg'
	at com.kms.katalon.core.webui.keyword.internal.WebUIKeywordMain.stepFailed(WebUIKeywordMain.groovy:64)
	at com.kms.katalon.core.webui.keyword.internal.WebUIKeywordMain.runKeyword(WebUIKeywordMain.groovy:26)
	at com.kms.katalon.core.webui.keyword.builtin.ClickKeyword.click(ClickKeyword.groovy:74)
	at com.kms.katalon.core.webui.keyword.builtin.ClickKeyword.execute(ClickKeyword.groovy:40)
	at com.kms.katalon.core.keyword.internal.KeywordExecutor.executeKeywordForPlatform(KeywordExecutor.groovy:74)
	at com.kms.katalon.core.webui.keyword.WebUiBuiltInKeywords.click(WebUiBuiltInKeywords.groovy:608)
	at com.kms.katalon.core.webui.keyword.WebUiBuiltInKeywords$click$4.call(Unknown Source)
	at R8.run(R8:61)
	at com.kms.katalon.core.main.ScriptEngine.run(ScriptEngine.java:194)
	at com.kms.katalon.core.main.ScriptEngine.runScriptAsRawText(ScriptEngine.java:119)
	at com.kms.katalon.core.main.TestCaseExecutor.runScript(TestCaseExecutor.java:442)
	at com.kms.katalon.core.main.TestCaseExecutor.doExecute(TestCaseExecutor.java:433)
	at com.kms.katalon.core.main.TestCaseExecutor.processExecutionPhase(TestCaseExecutor.java:412)
	at com.kms.katalon.core.main.TestCaseExecutor.accessMainPhase(TestCaseExecutor.java:404)
	at com.kms.katalon.core.main.TestCaseExecutor.execute(TestCaseExecutor.java:281)
	at com.kms.katalon.core.main.TestSuiteExecutor.accessTestCaseMainPhase(TestSuiteExecutor.java:202)
	at com.kms.katalon.core.main.TestSuiteExecutor.accessTestSuiteMainPhase(TestSuiteExecutor.java:164)
	at com.kms.katalon.core.main.TestSuiteExecutor.execute(TestSuiteExecutor.java:105)
	at com.kms.katalon.core.main.TestCaseMain.startTestSuite(TestCaseMain.java:181)
	at com.kms.katalon.core.main.TestCaseMain$startTestSuite$0.call(Unknown Source)
	at TempTestSuite1640105666841.run(TempTestSuite1640105666841.groovy:36)
Caused by: org.openqa.selenium.ElementNotInteractableException: element not interactable
  (Session info: chrome=96.0.4664.110)
Build info: version: '3.141.59', revision: 'e82be7d358', time: '2018-11-14T08:25:53'
System info: host: 'DESKTOP-KI9905I', ip: '192.168.3.3', os.name: 'Windows 10', os.arch: 'amd64', os.version: '10.0', java.version: '1.8.0_282'
Driver info: com.kms.katalon.selenium.driver.CChromeDriver
Capabilities {acceptInsecureCerts: false, browserName: chrome, browserVersion: 96.0.4664.110, chrome: {chromedriverVersion: 96.0.4664.45 (76e4c1bb2ab46..., userDataDir: C:\Users\agata\AppData\Loca...}, goog:chromeOptions: {debuggerAddress: localhost:51365}, javascriptEnabled: true, networkConnectionEnabled: false, pageLoadStrategy: normal, platform: WINDOWS, platformName: WINDOWS, proxy: Proxy(), setWindowRect: true, strictFileInteractability: false, timeouts: {implicit: 0, pageLoad: 300000, script: 30000}, unhandledPromptBehavior: dismiss and notify, webauthn:extension:credBlob: true, webauthn:extension:largeBlob: true, webauthn:virtualAuthenticators: true}
Session ID: de086a63716e603a46be13f846308a2f
	at org.openqa.selenium.remote.http.W3CHttpResponseCodec.createException(W3CHttpResponseCodec.java:187)
	at org.openqa.selenium.remote.http.W3CHttpResponseCodec.decode(W3CHttpResponseCodec.java:122)
	at org.openqa.selenium.remote.http.W3CHttpResponseCodec.decode(W3CHttpResponseCodec.java:49)
	at org.openqa.selenium.remote.HttpCommandExecutor.execute(HttpCommandExecutor.java:158)
	at org.openqa.selenium.remote.service.DriverCommandExecutor.execute(DriverCommandExecutor.java:83)
	at org.openqa.selenium.remote.RemoteWebDriver.execute(RemoteWebDriver.java:552)
	at com.kms.katalon.selenium.driver.CChromeDriver.execute(CChromeDriver.java:19)
	at org.openqa.selenium.remote.RemoteWebElement.execute(RemoteWebElement.java:285)
	at org.openqa.selenium.remote.RemoteWebElement.click(RemoteWebElement.java:84)
	at org.openqa.selenium.support.events.EventFiringWebDriver$EventFiringWebElement.lambda$new$0(EventFiringWebDriver.java:404)
	at com.sun.proxy.$Proxy11.click(Unknown Source)
	at org.openqa.selenium.support.events.EventFiringWebDriver$EventFiringWebElement.click(EventFiringWebDriver.java:417)
	at org.openqa.selenium.WebElement$click.call(Unknown Source)
	at com.kms.katalon.core.webui.keyword.builtin.ClickKeyword.clickUntilSuccessWithTimeout(ClickKeyword.groovy:81)
	at com.kms.katalon.core.webui.keyword.builtin.ClickKeyword.clickUntilSuccessWithTimeout(ClickKeyword.groovy)
	at com.kms.katalon.core.webui.keyword.builtin.ClickKeyword$_click_closure1.doCall(ClickKeyword.groovy:67)
	at com.kms.katalon.core.webui.keyword.builtin.ClickKeyword$_click_closure1.call(ClickKeyword.groovy)
	at com.kms.katalon.core.webui.keyword.internal.WebUIKeywordMain.runKeyword(WebUIKeywordMain.groovy:20)
	at com.kms.katalon.core.webui.keyword.builtin.ClickKeyword.click(ClickKeyword.groovy:74)
	at com.kms.katalon.core.webui.keyword.builtin.ClickKeyword.execute(ClickKeyword.groovy:40)
	at com.kms.katalon.core.keyword.internal.KeywordExecutor.executeKeywordForPlatform(KeywordExecutor.groovy:74)
	at com.kms.katalon.core.webui.keyword.WebUiBuiltInKeywords.click(WebUiBuiltInKeywords.groovy:608)
	at com.kms.katalon.core.webui.keyword.WebUiBuiltInKeywords$click$4.call(Unknown Source)
	at Script1638710180119.run(Script1638710180119.groovy:61)
	... 13 more
)

2021-12-21 18:14:36 - [MESSAGE][FAILED] - Unable to click on object 'Object Repository/Page_PSTO webMessenger - Zalogowano/img_Zarejestruj konto_iconImg' (Root cause: com.kms.katalon.core.exception.StepFailedException: Unable to click on object 'Object Repository/Page_PSTO webMessenger - Zalogowano/img_Zarejestruj konto_iconImg'
	at com.kms.katalon.core.webui.keyword.internal.WebUIKeywordMain.stepFailed(WebUIKeywordMain.groovy:64)
	at com.kms.katalon.core.webui.keyword.internal.WebUIKeywordMain.runKeyword(WebUIKeywordMain.groovy:26)
	at com.kms.katalon.core.webui.keyword.builtin.ClickKeyword.click(ClickKeyword.groovy:74)
	at com.kms.katalon.core.webui.keyword.builtin.ClickKeyword.execute(ClickKeyword.groovy:40)
	at com.kms.katalon.core.keyword.internal.KeywordExecutor.executeKeywordForPlatform(KeywordExecutor.groovy:74)
	at com.kms.katalon.core.webui.keyword.WebUiBuiltInKeywords.click(WebUiBuiltInKeywords.groovy:608)
	at com.kms.katalon.core.webui.keyword.WebUiBuiltInKeywords$click$4.call(Unknown Source)
	at R8.run(R8:61)
	at com.kms.katalon.core.main.ScriptEngine.run(ScriptEngine.java:194)
	at com.kms.katalon.core.main.ScriptEngine.runScriptAsRawText(ScriptEngine.java:119)
	at com.kms.katalon.core.main.TestCaseExecutor.runScript(TestCaseExecutor.java:442)
	at com.kms.katalon.core.main.TestCaseExecutor.doExecute(TestCaseExecutor.java:433)
	at com.kms.katalon.core.main.TestCaseExecutor.processExecutionPhase(TestCaseExecutor.java:412)
	at com.kms.katalon.core.main.TestCaseExecutor.accessMainPhase(TestCaseExecutor.java:404)
	at com.kms.katalon.core.main.TestCaseExecutor.execute(TestCaseExecutor.java:281)
	at com.kms.katalon.core.main.TestSuiteExecutor.accessTestCaseMainPhase(TestSuiteExecutor.java:202)
	at com.kms.katalon.core.main.TestSuiteExecutor.accessTestSuiteMainPhase(TestSuiteExecutor.java:164)
	at com.kms.katalon.core.main.TestSuiteExecutor.execute(TestSuiteExecutor.java:105)
	at com.kms.katalon.core.main.TestCaseMain.startTestSuite(TestCaseMain.java:181)
	at com.kms.katalon.core.main.TestCaseMain$startTestSuite$0.call(Unknown Source)
	at TempTestSuite1640105666841.run(TempTestSuite1640105666841.groovy:36)
Caused by: org.openqa.selenium.ElementNotInteractableException: element not interactable
  (Session info: chrome=96.0.4664.110)
Build info: version: '3.141.59', revision: 'e82be7d358', time: '2018-11-14T08:25:53'
System info: host: 'DESKTOP-KI9905I', ip: '192.168.3.3', os.name: 'Windows 10', os.arch: 'amd64', os.version: '10.0', java.version: '1.8.0_282'
Driver info: com.kms.katalon.selenium.driver.CChromeDriver
Capabilities {acceptInsecureCerts: false, browserName: chrome, browserVersion: 96.0.4664.110, chrome: {chromedriverVersion: 96.0.4664.45 (76e4c1bb2ab46..., userDataDir: C:\Users\agata\AppData\Loca...}, goog:chromeOptions: {debuggerAddress: localhost:51365}, javascriptEnabled: true, networkConnectionEnabled: false, pageLoadStrategy: normal, platform: WINDOWS, platformName: WINDOWS, proxy: Proxy(), setWindowRect: true, strictFileInteractability: false, timeouts: {implicit: 0, pageLoad: 300000, script: 30000}, unhandledPromptBehavior: dismiss and notify, webauthn:extension:credBlob: true, webauthn:extension:largeBlob: true, webauthn:virtualAuthenticators: true}
Session ID: de086a63716e603a46be13f846308a2f
	at org.openqa.selenium.remote.http.W3CHttpResponseCodec.createException(W3CHttpResponseCodec.java:187)
	at org.openqa.selenium.remote.http.W3CHttpResponseCodec.decode(W3CHttpResponseCodec.java:122)
	at org.openqa.selenium.remote.http.W3CHttpResponseCodec.decode(W3CHttpResponseCodec.java:49)
	at org.openqa.selenium.remote.HttpCommandExecutor.execute(HttpCommandExecutor.java:158)
	at org.openqa.selenium.remote.service.DriverCommandExecutor.execute(DriverCommandExecutor.java:83)
	at org.openqa.selenium.remote.RemoteWebDriver.execute(RemoteWebDriver.java:552)
	at com.kms.katalon.selenium.driver.CChromeDriver.execute(CChromeDriver.java:19)
	at org.openqa.selenium.remote.RemoteWebElement.execute(RemoteWebElement.java:285)
	at org.openqa.selenium.remote.RemoteWebElement.click(RemoteWebElement.java:84)
	at org.openqa.selenium.support.events.EventFiringWebDriver$EventFiringWebElement.lambda$new$0(EventFiringWebDriver.java:404)
	at com.sun.proxy.$Proxy11.click(Unknown Source)
	at org.openqa.selenium.support.events.EventFiringWebDriver$EventFiringWebElement.click(EventFiringWebDriver.java:417)
	at org.openqa.selenium.WebElement$click.call(Unknown Source)
	at com.kms.katalon.core.webui.keyword.builtin.ClickKeyword.clickUntilSuccessWithTimeout(ClickKeyword.groovy:81)
	at com.kms.katalon.core.webui.keyword.builtin.ClickKeyword.clickUntilSuccessWithTimeout(ClickKeyword.groovy)
	at com.kms.katalon.core.webui.keyword.builtin.ClickKeyword$_click_closure1.doCall(ClickKeyword.groovy:67)
	at com.kms.katalon.core.webui.keyword.builtin.ClickKeyword$_click_closure1.call(ClickKeyword.groovy)
	at com.kms.katalon.core.webui.keyword.internal.WebUIKeywordMain.runKeyword(WebUIKeywordMain.groovy:20)
	at com.kms.katalon.core.webui.keyword.builtin.ClickKeyword.click(ClickKeyword.groovy:74)
	at com.kms.katalon.core.webui.keyword.builtin.ClickKeyword.execute(ClickKeyword.groovy:40)
	at com.kms.katalon.core.keyword.internal.KeywordExecutor.executeKeywordForPlatform(KeywordExecutor.groovy:74)
	at com.kms.katalon.core.webui.keyword.WebUiBuiltInKeywords.click(WebUiBuiltInKeywords.groovy:608)
	at com.kms.katalon.core.webui.keyword.WebUiBuiltInKeywords$click$4.call(Unknown Source)
	at Script1638710180119.run(Script1638710180119.groovy:61)
	... 13 more
)
[[ATTACHMENT|C:\\Users\\agata\\git\\PTSOWebKounikator\\Reports\\20211221_175426\\R-tests\\20211221_175426\\1640106876044.png]]

2021-12-21 18:14:36 - [TEST_STEP][PASSED] - click(findTestObject("Object Repository/Page_PSTO webMessenger/a_Zarejestruj konto")): Object: 'Object Repository/Page_PSTO webMessenger/a_Zarejestruj konto' is clicked on

2021-12-21 18:14:36 - [MESSAGE][PASSED] - Object: 'Object Repository/Page_PSTO webMessenger/a_Zarejestruj konto' is clicked on

2021-12-21 18:14:36 - [TEST_STEP][PASSED] - data = Date().getTime(): null

2021-12-21 18:14:36 - [TEST_STEP][PASSED] - setText(findTestObject("Object Repository/Page_PSTO webMessenger/input_Powrt do logowania_username"), findTestData("Rejestracja/tabR8").getValue("username", row) + data): Text 'Ameba*1640106876758' is set on object 'Object Repository/Page_PSTO webMessenger/input_Powrt do logowania_username'

2021-12-21 18:14:37 - [MESSAGE][PASSED] - Text 'Ameba*1640106876758' is set on object 'Object Repository/Page_PSTO webMessenger/input_Powrt do logowania_username'

2021-12-21 18:14:37 - [TEST_STEP][PASSED] - setText(findTestObject("Object Repository/Page_PSTO webMessenger/input_Powrt do logowania_pass1"), findTestData("Rejestracja/tabR8").getValue("password", row)): Text 'startStop8' is set on object 'Object Repository/Page_PSTO webMessenger/input_Powrt do logowania_pass1'

2021-12-21 18:14:38 - [MESSAGE][PASSED] - Text 'startStop8' is set on object 'Object Repository/Page_PSTO webMessenger/input_Powrt do logowania_pass1'

2021-12-21 18:14:38 - [TEST_STEP][PASSED] - setText(findTestObject("Object Repository/Page_PSTO webMessenger/input_Powrt do logowania_pass2"), findTestData("Rejestracja/tabR8").getValue("password2", row)): Text 'startStop8' is set on object 'Object Repository/Page_PSTO webMessenger/input_Powrt do logowania_pass2'

2021-12-21 18:14:39 - [MESSAGE][PASSED] - Text 'startStop8' is set on object 'Object Repository/Page_PSTO webMessenger/input_Powrt do logowania_pass2'

2021-12-21 18:14:39 - [TEST_STEP][PASSED] - setText(findTestObject("Object Repository/Page_PSTO webMessenger/input_Powrt do logowania_name"), findTestData("Rejestracja/tabR8").getValue("name", row)): Text 'Agata' is set on object 'Object Repository/Page_PSTO webMessenger/input_Powrt do logowania_name'

2021-12-21 18:14:41 - [MESSAGE][PASSED] - Text 'Agata' is set on object 'Object Repository/Page_PSTO webMessenger/input_Powrt do logowania_name'

2021-12-21 18:14:41 - [TEST_STEP][PASSED] - setText(findTestObject("Object Repository/Page_PSTO webMessenger/input_Powrt do logowania_surname"), findTestData("Rejestracja/tabR8").getValue("surname", row)): Text 'Bazur' is set on object 'Object Repository/Page_PSTO webMessenger/input_Powrt do logowania_surname'

2021-12-21 18:14:42 - [MESSAGE][PASSED] - Text 'Bazur' is set on object 'Object Repository/Page_PSTO webMessenger/input_Powrt do logowania_surname'

2021-12-21 18:14:42 - [TEST_STEP][PASSED] - setText(findTestObject("Object Repository/Page_PSTO webMessenger/input_Powrt do logowania_kodgrupy"), findTestData("Rejestracja/tabR8").getValue("group", row)): Text 'wsbgroup2ap' is set on object 'Object Repository/Page_PSTO webMessenger/input_Powrt do logowania_kodgrupy'

2021-12-21 18:14:42 - [MESSAGE][PASSED] - Text 'wsbgroup2ap' is set on object 'Object Repository/Page_PSTO webMessenger/input_Powrt do logowania_kodgrupy'

2021-12-21 18:14:42 - [TEST_STEP][PASSED] - click(findTestObject("Page_PSTO webMessenger/input_Powrt do logowania_register")): Object: 'Object Repository/Page_PSTO webMessenger/input_Powrt do logowania_register' is clicked on

2021-12-21 18:14:43 - [MESSAGE][PASSED] - Object: 'Object Repository/Page_PSTO webMessenger/input_Powrt do logowania_register' is clicked on

2021-12-21 18:14:43 - [TEST_STEP][PASSED] - click(findTestObject("Page_PSTO webMessenger/a_Kliknij, aby si zalogowa")): Object: 'Object Repository/Page_PSTO webMessenger/a_Kliknij, aby si zalogowa' is clicked on

2021-12-21 18:14:44 - [MESSAGE][PASSED] - Object: 'Object Repository/Page_PSTO webMessenger/a_Kliknij, aby si zalogowa' is clicked on

2021-12-21 18:14:44 - [TEST_STEP][PASSED] - setText(findTestObject("Page_PSTO webMessenger/input_Zarejestruj konto_userLogin"), findTestData("Rejestracja/tabR8").getValue("username", row) + data): Text 'Ameba*1640106876758' is set on object 'Object Repository/Page_PSTO webMessenger/input_Zarejestruj konto_userLogin'

2021-12-21 18:14:44 - [MESSAGE][PASSED] - Text 'Ameba*1640106876758' is set on object 'Object Repository/Page_PSTO webMessenger/input_Zarejestruj konto_userLogin'

2021-12-21 18:14:44 - [TEST_STEP][PASSED] - setText(findTestObject("Page_PSTO webMessenger/input_Zarejestruj konto_passwordLogin"), findTestData("Rejestracja/tabR8").getValue("password", row)): Text 'startStop8' is set on object 'Object Repository/Page_PSTO webMessenger/input_Zarejestruj konto_passwordLogin'

2021-12-21 18:14:45 - [MESSAGE][PASSED] - Text 'startStop8' is set on object 'Object Repository/Page_PSTO webMessenger/input_Zarejestruj konto_passwordLogin'

2021-12-21 18:14:45 - [TEST_STEP][PASSED] - click(findTestObject("Page_PSTO webMessenger/input_Zarejestruj konto_login")): Object: 'Object Repository/Page_PSTO webMessenger/input_Zarejestruj konto_login' is clicked on

2021-12-21 18:14:46 - [MESSAGE][PASSED] - Object: 'Object Repository/Page_PSTO webMessenger/input_Zarejestruj konto_login' is clicked on

2021-12-21 18:14:46 - [TEST_STEP][PASSED] - takeScreenshot(data + "bug.png"): Taking screenshot successfully

2021-12-21 18:14:47 - [MESSAGE][PASSED] - Taking screenshot successfully
[[ATTACHMENT|C:\\Users\\agata\\git\\PTSOWebKounikator\\Reports\\20211221_175426\\R-tests\\20211221_175426\\1640106876758bug.png]]

2021-12-21 18:14:47 - [TEST_STEP][PASSED] - click(findTestObject("Page_PSTO webMessenger - Zalogowano/img_Zarejestruj konto_iconImg"), CONTINUE_ON_FAILURE): Object: 'Object Repository/Page_PSTO webMessenger - Zalogowano/img_Zarejestruj konto_iconImg' is clicked on

2021-12-21 18:14:47 - [MESSAGE][PASSED] - Object: 'Object Repository/Page_PSTO webMessenger - Zalogowano/img_Zarejestruj konto_iconImg' is clicked on

2021-12-21 18:14:47 - [TEST_STEP][PASSED] - click(findTestObject("Object Repository/Page_PSTO webMessenger/a_Zarejestruj konto")): Object: 'Object Repository/Page_PSTO webMessenger/a_Zarejestruj konto' is clicked on

2021-12-21 18:14:48 - [MESSAGE][PASSED] - Object: 'Object Repository/Page_PSTO webMessenger/a_Zarejestruj konto' is clicked on

2021-12-21 18:14:48 - [TEST_STEP][PASSED] - data = Date().getTime(): null

2021-12-21 18:14:48 - [TEST_STEP][PASSED] - setText(findTestObject("Object Repository/Page_PSTO webMessenger/input_Powrt do logowania_username"), findTestData("Rejestracja/tabR8").getValue("username", row) + data): Text 'Ameba()1640106888273' is set on object 'Object Repository/Page_PSTO webMessenger/input_Powrt do logowania_username'

2021-12-21 18:14:49 - [MESSAGE][PASSED] - Text 'Ameba()1640106888273' is set on object 'Object Repository/Page_PSTO webMessenger/input_Powrt do logowania_username'

2021-12-21 18:14:49 - [TEST_STEP][PASSED] - setText(findTestObject("Object Repository/Page_PSTO webMessenger/input_Powrt do logowania_pass1"), findTestData("Rejestracja/tabR8").getValue("password", row)): Text 'startStop9' is set on object 'Object Repository/Page_PSTO webMessenger/input_Powrt do logowania_pass1'

2021-12-21 18:14:49 - [MESSAGE][PASSED] - Text 'startStop9' is set on object 'Object Repository/Page_PSTO webMessenger/input_Powrt do logowania_pass1'

2021-12-21 18:14:49 - [TEST_STEP][PASSED] - setText(findTestObject("Object Repository/Page_PSTO webMessenger/input_Powrt do logowania_pass2"), findTestData("Rejestracja/tabR8").getValue("password2", row)): Text 'startStop9' is set on object 'Object Repository/Page_PSTO webMessenger/input_Powrt do logowania_pass2'

2021-12-21 18:14:50 - [MESSAGE][PASSED] - Text 'startStop9' is set on object 'Object Repository/Page_PSTO webMessenger/input_Powrt do logowania_pass2'

2021-12-21 18:14:50 - [TEST_STEP][PASSED] - setText(findTestObject("Object Repository/Page_PSTO webMessenger/input_Powrt do logowania_name"), findTestData("Rejestracja/tabR8").getValue("name", row)): Text 'Agata' is set on object 'Object Repository/Page_PSTO webMessenger/input_Powrt do logowania_name'

2021-12-21 18:14:51 - [MESSAGE][PASSED] - Text 'Agata' is set on object 'Object Repository/Page_PSTO webMessenger/input_Powrt do logowania_name'

2021-12-21 18:14:51 - [TEST_STEP][PASSED] - setText(findTestObject("Object Repository/Page_PSTO webMessenger/input_Powrt do logowania_surname"), findTestData("Rejestracja/tabR8").getValue("surname", row)): Text 'Cazur' is set on object 'Object Repository/Page_PSTO webMessenger/input_Powrt do logowania_surname'

2021-12-21 18:14:52 - [MESSAGE][PASSED] - Text 'Cazur' is set on object 'Object Repository/Page_PSTO webMessenger/input_Powrt do logowania_surname'

2021-12-21 18:14:52 - [TEST_STEP][PASSED] - setText(findTestObject("Object Repository/Page_PSTO webMessenger/input_Powrt do logowania_kodgrupy"), findTestData("Rejestracja/tabR8").getValue("group", row)): Text 'wsbgroup2ap' is set on object 'Object Repository/Page_PSTO webMessenger/input_Powrt do logowania_kodgrupy'

2021-12-21 18:14:53 - [MESSAGE][PASSED] - Text 'wsbgroup2ap' is set on object 'Object Repository/Page_PSTO webMessenger/input_Powrt do logowania_kodgrupy'

2021-12-21 18:14:53 - [TEST_STEP][PASSED] - click(findTestObject("Page_PSTO webMessenger/input_Powrt do logowania_register")): Object: 'Object Repository/Page_PSTO webMessenger/input_Powrt do logowania_register' is clicked on

2021-12-21 18:14:53 - [MESSAGE][PASSED] - Object: 'Object Repository/Page_PSTO webMessenger/input_Powrt do logowania_register' is clicked on

2021-12-21 18:14:53 - [TEST_STEP][PASSED] - click(findTestObject("Page_PSTO webMessenger/a_Kliknij, aby si zalogowa")): Object: 'Object Repository/Page_PSTO webMessenger/a_Kliknij, aby si zalogowa' is clicked on

2021-12-21 18:14:54 - [MESSAGE][PASSED] - Object: 'Object Repository/Page_PSTO webMessenger/a_Kliknij, aby si zalogowa' is clicked on

2021-12-21 18:14:54 - [TEST_STEP][PASSED] - setText(findTestObject("Page_PSTO webMessenger/input_Zarejestruj konto_userLogin"), findTestData("Rejestracja/tabR8").getValue("username", row) + data): Text 'Ameba()1640106888273' is set on object 'Object Repository/Page_PSTO webMessenger/input_Zarejestruj konto_userLogin'

2021-12-21 18:14:55 - [MESSAGE][PASSED] - Text 'Ameba()1640106888273' is set on object 'Object Repository/Page_PSTO webMessenger/input_Zarejestruj konto_userLogin'

2021-12-21 18:14:55 - [TEST_STEP][PASSED] - setText(findTestObject("Page_PSTO webMessenger/input_Zarejestruj konto_passwordLogin"), findTestData("Rejestracja/tabR8").getValue("password", row)): Text 'startStop9' is set on object 'Object Repository/Page_PSTO webMessenger/input_Zarejestruj konto_passwordLogin'

2021-12-21 18:14:55 - [MESSAGE][PASSED] - Text 'startStop9' is set on object 'Object Repository/Page_PSTO webMessenger/input_Zarejestruj konto_passwordLogin'

2021-12-21 18:14:55 - [TEST_STEP][PASSED] - click(findTestObject("Page_PSTO webMessenger/input_Zarejestruj konto_login")): Object: 'Object Repository/Page_PSTO webMessenger/input_Zarejestruj konto_login' is clicked on

2021-12-21 18:14:56 - [MESSAGE][PASSED] - Object: 'Object Repository/Page_PSTO webMessenger/input_Zarejestruj konto_login' is clicked on

2021-12-21 18:14:56 - [TEST_STEP][PASSED] - takeScreenshot(data + "bug.png"): Taking screenshot successfully

2021-12-21 18:14:57 - [MESSAGE][PASSED] - Taking screenshot successfully
[[ATTACHMENT|C:\\Users\\agata\\git\\PTSOWebKounikator\\Reports\\20211221_175426\\R-tests\\20211221_175426\\1640106888273bug.png]]

2021-12-21 18:14:57 - [TEST_STEP][PASSED] - click(findTestObject("Page_PSTO webMessenger - Zalogowano/img_Zarejestruj konto_iconImg"), CONTINUE_ON_FAILURE): Object: 'Object Repository/Page_PSTO webMessenger - Zalogowano/img_Zarejestruj konto_iconImg' is clicked on

2021-12-21 18:14:58 - [MESSAGE][PASSED] - Object: 'Object Repository/Page_PSTO webMessenger - Zalogowano/img_Zarejestruj konto_iconImg' is clicked on

2021-12-21 18:14:58 - [TEST_STEP][PASSED] - click(findTestObject("Object Repository/Page_PSTO webMessenger/a_Zarejestruj konto")): Object: 'Object Repository/Page_PSTO webMessenger/a_Zarejestruj konto' is clicked on

2021-12-21 18:14:58 - [MESSAGE][PASSED] - Object: 'Object Repository/Page_PSTO webMessenger/a_Zarejestruj konto' is clicked on

2021-12-21 18:14:58 - [TEST_STEP][PASSED] - data = Date().getTime(): null

2021-12-21 18:14:58 - [TEST_STEP][PASSED] - setText(findTestObject("Object Repository/Page_PSTO webMessenger/input_Powrt do logowania_username"), findTestData("Rejestracja/tabR8").getValue("username", row) + data): Text 'Ameba+1640106898688' is set on object 'Object Repository/Page_PSTO webMessenger/input_Powrt do logowania_username'

2021-12-21 18:14:59 - [MESSAGE][PASSED] - Text 'Ameba+1640106898688' is set on object 'Object Repository/Page_PSTO webMessenger/input_Powrt do logowania_username'

2021-12-21 18:14:59 - [TEST_STEP][PASSED] - setText(findTestObject("Object Repository/Page_PSTO webMessenger/input_Powrt do logowania_pass1"), findTestData("Rejestracja/tabR8").getValue("password", row)): Text 'startStop10' is set on object 'Object Repository/Page_PSTO webMessenger/input_Powrt do logowania_pass1'

2021-12-21 18:15:00 - [MESSAGE][PASSED] - Text 'startStop10' is set on object 'Object Repository/Page_PSTO webMessenger/input_Powrt do logowania_pass1'

2021-12-21 18:15:00 - [TEST_STEP][PASSED] - setText(findTestObject("Object Repository/Page_PSTO webMessenger/input_Powrt do logowania_pass2"), findTestData("Rejestracja/tabR8").getValue("password2", row)): Text 'startStop10' is set on object 'Object Repository/Page_PSTO webMessenger/input_Powrt do logowania_pass2'

2021-12-21 18:15:01 - [MESSAGE][PASSED] - Text 'startStop10' is set on object 'Object Repository/Page_PSTO webMessenger/input_Powrt do logowania_pass2'

2021-12-21 18:15:01 - [TEST_STEP][PASSED] - setText(findTestObject("Object Repository/Page_PSTO webMessenger/input_Powrt do logowania_name"), findTestData("Rejestracja/tabR8").getValue("name", row)): Text 'Agata' is set on object 'Object Repository/Page_PSTO webMessenger/input_Powrt do logowania_name'

2021-12-21 18:15:01 - [MESSAGE][PASSED] - Text 'Agata' is set on object 'Object Repository/Page_PSTO webMessenger/input_Powrt do logowania_name'

2021-12-21 18:15:01 - [TEST_STEP][PASSED] - setText(findTestObject("Object Repository/Page_PSTO webMessenger/input_Powrt do logowania_surname"), findTestData("Rejestracja/tabR8").getValue("surname", row)): Text 'Oazur' is set on object 'Object Repository/Page_PSTO webMessenger/input_Powrt do logowania_surname'

2021-12-21 18:15:02 - [MESSAGE][PASSED] - Text 'Oazur' is set on object 'Object Repository/Page_PSTO webMessenger/input_Powrt do logowania_surname'

2021-12-21 18:15:02 - [TEST_STEP][PASSED] - setText(findTestObject("Object Repository/Page_PSTO webMessenger/input_Powrt do logowania_kodgrupy"), findTestData("Rejestracja/tabR8").getValue("group", row)): Text 'wsbgroup2ap' is set on object 'Object Repository/Page_PSTO webMessenger/input_Powrt do logowania_kodgrupy'

2021-12-21 18:15:03 - [MESSAGE][PASSED] - Text 'wsbgroup2ap' is set on object 'Object Repository/Page_PSTO webMessenger/input_Powrt do logowania_kodgrupy'

2021-12-21 18:15:03 - [TEST_STEP][PASSED] - click(findTestObject("Page_PSTO webMessenger/input_Powrt do logowania_register")): Object: 'Object Repository/Page_PSTO webMessenger/input_Powrt do logowania_register' is clicked on

2021-12-21 18:15:03 - [MESSAGE][PASSED] - Object: 'Object Repository/Page_PSTO webMessenger/input_Powrt do logowania_register' is clicked on

2021-12-21 18:15:03 - [TEST_STEP][PASSED] - click(findTestObject("Page_PSTO webMessenger/a_Kliknij, aby si zalogowa")): Object: 'Object Repository/Page_PSTO webMessenger/a_Kliknij, aby si zalogowa' is clicked on

2021-12-21 18:15:04 - [MESSAGE][PASSED] - Object: 'Object Repository/Page_PSTO webMessenger/a_Kliknij, aby si zalogowa' is clicked on

2021-12-21 18:15:04 - [TEST_STEP][PASSED] - setText(findTestObject("Page_PSTO webMessenger/input_Zarejestruj konto_userLogin"), findTestData("Rejestracja/tabR8").getValue("username", row) + data): Text 'Ameba+1640106898688' is set on object 'Object Repository/Page_PSTO webMessenger/input_Zarejestruj konto_userLogin'

2021-12-21 18:15:05 - [MESSAGE][PASSED] - Text 'Ameba+1640106898688' is set on object 'Object Repository/Page_PSTO webMessenger/input_Zarejestruj konto_userLogin'

2021-12-21 18:15:05 - [TEST_STEP][PASSED] - setText(findTestObject("Page_PSTO webMessenger/input_Zarejestruj konto_passwordLogin"), findTestData("Rejestracja/tabR8").getValue("password", row)): Text 'startStop10' is set on object 'Object Repository/Page_PSTO webMessenger/input_Zarejestruj konto_passwordLogin'

2021-12-21 18:15:06 - [MESSAGE][PASSED] - Text 'startStop10' is set on object 'Object Repository/Page_PSTO webMessenger/input_Zarejestruj konto_passwordLogin'

2021-12-21 18:15:06 - [TEST_STEP][PASSED] - click(findTestObject("Page_PSTO webMessenger/input_Zarejestruj konto_login")): Object: 'Object Repository/Page_PSTO webMessenger/input_Zarejestruj konto_login' is clicked on

2021-12-21 18:15:06 - [MESSAGE][PASSED] - Object: 'Object Repository/Page_PSTO webMessenger/input_Zarejestruj konto_login' is clicked on

2021-12-21 18:15:06 - [TEST_STEP][PASSED] - takeScreenshot(data + "bug.png"): Taking screenshot successfully

2021-12-21 18:15:07 - [MESSAGE][PASSED] - Taking screenshot successfully
[[ATTACHMENT|C:\\Users\\agata\\git\\PTSOWebKounikator\\Reports\\20211221_175426\\R-tests\\20211221_175426\\1640106898688bug.png]]

2021-12-21 18:15:07 - [TEST_STEP][PASSED] - click(findTestObject("Page_PSTO webMessenger - Zalogowano/img_Zarejestruj konto_iconImg"), CONTINUE_ON_FAILURE): Object: 'Object Repository/Page_PSTO webMessenger - Zalogowano/img_Zarejestruj konto_iconImg' is clicked on

2021-12-21 18:15:08 - [MESSAGE][PASSED] - Object: 'Object Repository/Page_PSTO webMessenger - Zalogowano/img_Zarejestruj konto_iconImg' is clicked on

2021-12-21 18:15:08 - [TEST_STEP][PASSED] - click(findTestObject("Object Repository/Page_PSTO webMessenger/a_Zarejestruj konto")): Object: 'Object Repository/Page_PSTO webMessenger/a_Zarejestruj konto' is clicked on

2021-12-21 18:15:08 - [MESSAGE][PASSED] - Object: 'Object Repository/Page_PSTO webMessenger/a_Zarejestruj konto' is clicked on

2021-12-21 18:15:08 - [TEST_STEP][PASSED] - data = Date().getTime(): null

2021-12-21 18:15:08 - [TEST_STEP][PASSED] - setText(findTestObject("Object Repository/Page_PSTO webMessenger/input_Powrt do logowania_username"), findTestData("Rejestracja/tabR8").getValue("username", row) + data): Text 'Ameba_a1640106908961' is set on object 'Object Repository/Page_PSTO webMessenger/input_Powrt do logowania_username'

2021-12-21 18:15:09 - [MESSAGE][PASSED] - Text 'Ameba_a1640106908961' is set on object 'Object Repository/Page_PSTO webMessenger/input_Powrt do logowania_username'

2021-12-21 18:15:09 - [TEST_STEP][PASSED] - setText(findTestObject("Object Repository/Page_PSTO webMessenger/input_Powrt do logowania_pass1"), findTestData("Rejestracja/tabR8").getValue("password", row)): Text 'startStop11' is set on object 'Object Repository/Page_PSTO webMessenger/input_Powrt do logowania_pass1'

2021-12-21 18:15:10 - [MESSAGE][PASSED] - Text 'startStop11' is set on object 'Object Repository/Page_PSTO webMessenger/input_Powrt do logowania_pass1'

2021-12-21 18:15:10 - [TEST_STEP][PASSED] - setText(findTestObject("Object Repository/Page_PSTO webMessenger/input_Powrt do logowania_pass2"), findTestData("Rejestracja/tabR8").getValue("password2", row)): Text 'startStop11' is set on object 'Object Repository/Page_PSTO webMessenger/input_Powrt do logowania_pass2'

2021-12-21 18:15:11 - [MESSAGE][PASSED] - Text 'startStop11' is set on object 'Object Repository/Page_PSTO webMessenger/input_Powrt do logowania_pass2'

2021-12-21 18:15:11 - [TEST_STEP][PASSED] - setText(findTestObject("Object Repository/Page_PSTO webMessenger/input_Powrt do logowania_name"), findTestData("Rejestracja/tabR8").getValue("name", row)): Text 'Agata' is set on object 'Object Repository/Page_PSTO webMessenger/input_Powrt do logowania_name'

2021-12-21 18:15:12 - [MESSAGE][PASSED] - Text 'Agata' is set on object 'Object Repository/Page_PSTO webMessenger/input_Powrt do logowania_name'

2021-12-21 18:15:12 - [TEST_STEP][PASSED] - setText(findTestObject("Object Repository/Page_PSTO webMessenger/input_Powrt do logowania_surname"), findTestData("Rejestracja/tabR8").getValue("surname", row)): Text 'Wazur' is set on object 'Object Repository/Page_PSTO webMessenger/input_Powrt do logowania_surname'

2021-12-21 18:15:12 - [MESSAGE][PASSED] - Text 'Wazur' is set on object 'Object Repository/Page_PSTO webMessenger/input_Powrt do logowania_surname'

2021-12-21 18:15:12 - [TEST_STEP][PASSED] - setText(findTestObject("Object Repository/Page_PSTO webMessenger/input_Powrt do logowania_kodgrupy"), findTestData("Rejestracja/tabR8").getValue("group", row)): Text 'wsbgroup2ap' is set on object 'Object Repository/Page_PSTO webMessenger/input_Powrt do logowania_kodgrupy'

2021-12-21 18:15:13 - [MESSAGE][PASSED] - Text 'wsbgroup2ap' is set on object 'Object Repository/Page_PSTO webMessenger/input_Powrt do logowania_kodgrupy'

2021-12-21 18:15:13 - [TEST_STEP][PASSED] - click(findTestObject("Page_PSTO webMessenger/input_Powrt do logowania_register")): Object: 'Object Repository/Page_PSTO webMessenger/input_Powrt do logowania_register' is clicked on

2021-12-21 18:15:14 - [MESSAGE][PASSED] - Object: 'Object Repository/Page_PSTO webMessenger/input_Powrt do logowania_register' is clicked on

2021-12-21 18:15:14 - [TEST_STEP][PASSED] - click(findTestObject("Page_PSTO webMessenger/a_Kliknij, aby si zalogowa")): Object: 'Object Repository/Page_PSTO webMessenger/a_Kliknij, aby si zalogowa' is clicked on

2021-12-21 18:15:14 - [MESSAGE][PASSED] - Object: 'Object Repository/Page_PSTO webMessenger/a_Kliknij, aby si zalogowa' is clicked on

2021-12-21 18:15:14 - [TEST_STEP][PASSED] - setText(findTestObject("Page_PSTO webMessenger/input_Zarejestruj konto_userLogin"), findTestData("Rejestracja/tabR8").getValue("username", row) + data): Text 'Ameba_a1640106908961' is set on object 'Object Repository/Page_PSTO webMessenger/input_Zarejestruj konto_userLogin'

2021-12-21 18:15:15 - [MESSAGE][PASSED] - Text 'Ameba_a1640106908961' is set on object 'Object Repository/Page_PSTO webMessenger/input_Zarejestruj konto_userLogin'

2021-12-21 18:15:15 - [TEST_STEP][PASSED] - setText(findTestObject("Page_PSTO webMessenger/input_Zarejestruj konto_passwordLogin"), findTestData("Rejestracja/tabR8").getValue("password", row)): Text 'startStop11' is set on object 'Object Repository/Page_PSTO webMessenger/input_Zarejestruj konto_passwordLogin'

2021-12-21 18:15:16 - [MESSAGE][PASSED] - Text 'startStop11' is set on object 'Object Repository/Page_PSTO webMessenger/input_Zarejestruj konto_passwordLogin'

2021-12-21 18:15:16 - [TEST_STEP][PASSED] - click(findTestObject("Page_PSTO webMessenger/input_Zarejestruj konto_login")): Object: 'Object Repository/Page_PSTO webMessenger/input_Zarejestruj konto_login' is clicked on

2021-12-21 18:15:17 - [MESSAGE][PASSED] - Object: 'Object Repository/Page_PSTO webMessenger/input_Zarejestruj konto_login' is clicked on

2021-12-21 18:15:17 - [TEST_STEP][PASSED] - takeScreenshot(data + "bug.png"): Taking screenshot successfully

2021-12-21 18:15:18 - [MESSAGE][PASSED] - Taking screenshot successfully
[[ATTACHMENT|C:\\Users\\agata\\git\\PTSOWebKounikator\\Reports\\20211221_175426\\R-tests\\20211221_175426\\1640106908961bug.png]]

2021-12-21 18:15:18 - [TEST_STEP][PASSED] - click(findTestObject("Page_PSTO webMessenger - Zalogowano/img_Zarejestruj konto_iconImg"), CONTINUE_ON_FAILURE): Object: 'Object Repository/Page_PSTO webMessenger - Zalogowano/img_Zarejestruj konto_iconImg' is clicked on

2021-12-21 18:15:18 - [MESSAGE][PASSED] - Object: 'Object Repository/Page_PSTO webMessenger - Zalogowano/img_Zarejestruj konto_iconImg' is clicked on

2021-12-21 18:15:18 - [TEST_STEP][PASSED] - click(findTestObject("Object Repository/Page_PSTO webMessenger/a_Zarejestruj konto")): Object: 'Object Repository/Page_PSTO webMessenger/a_Zarejestruj konto' is clicked on

2021-12-21 18:15:19 - [MESSAGE][PASSED] - Object: 'Object Repository/Page_PSTO webMessenger/a_Zarejestruj konto' is clicked on

2021-12-21 18:15:19 - [TEST_STEP][PASSED] - data = Date().getTime(): null

2021-12-21 18:15:19 - [TEST_STEP][PASSED] - setText(findTestObject("Object Repository/Page_PSTO webMessenger/input_Powrt do logowania_username"), findTestData("Rejestracja/tabR8").getValue("username", row) + data): Text 'Am:eba1640106919471' is set on object 'Object Repository/Page_PSTO webMessenger/input_Powrt do logowania_username'

2021-12-21 18:15:20 - [MESSAGE][PASSED] - Text 'Am:eba1640106919471' is set on object 'Object Repository/Page_PSTO webMessenger/input_Powrt do logowania_username'

2021-12-21 18:15:20 - [TEST_STEP][PASSED] - setText(findTestObject("Object Repository/Page_PSTO webMessenger/input_Powrt do logowania_pass1"), findTestData("Rejestracja/tabR8").getValue("password", row)): Text 'startStop12' is set on object 'Object Repository/Page_PSTO webMessenger/input_Powrt do logowania_pass1'

2021-12-21 18:15:21 - [MESSAGE][PASSED] - Text 'startStop12' is set on object 'Object Repository/Page_PSTO webMessenger/input_Powrt do logowania_pass1'

2021-12-21 18:15:21 - [TEST_STEP][PASSED] - setText(findTestObject("Object Repository/Page_PSTO webMessenger/input_Powrt do logowania_pass2"), findTestData("Rejestracja/tabR8").getValue("password2", row)): Text 'startStop12' is set on object 'Object Repository/Page_PSTO webMessenger/input_Powrt do logowania_pass2'

2021-12-21 18:15:21 - [MESSAGE][PASSED] - Text 'startStop12' is set on object 'Object Repository/Page_PSTO webMessenger/input_Powrt do logowania_pass2'

2021-12-21 18:15:21 - [TEST_STEP][PASSED] - setText(findTestObject("Object Repository/Page_PSTO webMessenger/input_Powrt do logowania_name"), findTestData("Rejestracja/tabR8").getValue("name", row)): Text 'Agata' is set on object 'Object Repository/Page_PSTO webMessenger/input_Powrt do logowania_name'

2021-12-21 18:15:22 - [MESSAGE][PASSED] - Text 'Agata' is set on object 'Object Repository/Page_PSTO webMessenger/input_Powrt do logowania_name'

2021-12-21 18:15:22 - [TEST_STEP][PASSED] - setText(findTestObject("Object Repository/Page_PSTO webMessenger/input_Powrt do logowania_surname"), findTestData("Rejestracja/tabR8").getValue("surname", row)): Text 'Qazur' is set on object 'Object Repository/Page_PSTO webMessenger/input_Powrt do logowania_surname'

2021-12-21 18:15:23 - [MESSAGE][PASSED] - Text 'Qazur' is set on object 'Object Repository/Page_PSTO webMessenger/input_Powrt do logowania_surname'

2021-12-21 18:15:23 - [TEST_STEP][PASSED] - setText(findTestObject("Object Repository/Page_PSTO webMessenger/input_Powrt do logowania_kodgrupy"), findTestData("Rejestracja/tabR8").getValue("group", row)): Text 'wsbgroup2ap' is set on object 'Object Repository/Page_PSTO webMessenger/input_Powrt do logowania_kodgrupy'

2021-12-21 18:15:24 - [MESSAGE][PASSED] - Text 'wsbgroup2ap' is set on object 'Object Repository/Page_PSTO webMessenger/input_Powrt do logowania_kodgrupy'

2021-12-21 18:15:24 - [TEST_STEP][PASSED] - click(findTestObject("Page_PSTO webMessenger/input_Powrt do logowania_register")): Object: 'Object Repository/Page_PSTO webMessenger/input_Powrt do logowania_register' is clicked on

2021-12-21 18:15:24 - [MESSAGE][PASSED] - Object: 'Object Repository/Page_PSTO webMessenger/input_Powrt do logowania_register' is clicked on

2021-12-21 18:15:24 - [TEST_STEP][PASSED] - click(findTestObject("Page_PSTO webMessenger/a_Kliknij, aby si zalogowa")): Object: 'Object Repository/Page_PSTO webMessenger/a_Kliknij, aby si zalogowa' is clicked on

2021-12-21 18:15:25 - [MESSAGE][PASSED] - Object: 'Object Repository/Page_PSTO webMessenger/a_Kliknij, aby si zalogowa' is clicked on

2021-12-21 18:15:25 - [TEST_STEP][PASSED] - setText(findTestObject("Page_PSTO webMessenger/input_Zarejestruj konto_userLogin"), findTestData("Rejestracja/tabR8").getValue("username", row) + data): Text 'Am:eba1640106919471' is set on object 'Object Repository/Page_PSTO webMessenger/input_Zarejestruj konto_userLogin'

2021-12-21 18:15:26 - [MESSAGE][PASSED] - Text 'Am:eba1640106919471' is set on object 'Object Repository/Page_PSTO webMessenger/input_Zarejestruj konto_userLogin'

2021-12-21 18:15:26 - [TEST_STEP][PASSED] - setText(findTestObject("Page_PSTO webMessenger/input_Zarejestruj konto_passwordLogin"), findTestData("Rejestracja/tabR8").getValue("password", row)): Text 'startStop12' is set on object 'Object Repository/Page_PSTO webMessenger/input_Zarejestruj konto_passwordLogin'

2021-12-21 18:15:27 - [MESSAGE][PASSED] - Text 'startStop12' is set on object 'Object Repository/Page_PSTO webMessenger/input_Zarejestruj konto_passwordLogin'

2021-12-21 18:15:27 - [TEST_STEP][PASSED] - click(findTestObject("Page_PSTO webMessenger/input_Zarejestruj konto_login")): Object: 'Object Repository/Page_PSTO webMessenger/input_Zarejestruj konto_login' is clicked on

2021-12-21 18:15:27 - [MESSAGE][PASSED] - Object: 'Object Repository/Page_PSTO webMessenger/input_Zarejestruj konto_login' is clicked on

2021-12-21 18:15:27 - [TEST_STEP][PASSED] - takeScreenshot(data + "bug.png"): Taking screenshot successfully

2021-12-21 18:15:28 - [MESSAGE][PASSED] - Taking screenshot successfully
[[ATTACHMENT|C:\\Users\\agata\\git\\PTSOWebKounikator\\Reports\\20211221_175426\\R-tests\\20211221_175426\\1640106919471bug.png]]

2021-12-21 18:15:28 - [TEST_STEP][PASSED] - click(findTestObject("Page_PSTO webMessenger - Zalogowano/img_Zarejestruj konto_iconImg"), CONTINUE_ON_FAILURE): Object: 'Object Repository/Page_PSTO webMessenger - Zalogowano/img_Zarejestruj konto_iconImg' is clicked on

2021-12-21 18:15:29 - [MESSAGE][PASSED] - Object: 'Object Repository/Page_PSTO webMessenger - Zalogowano/img_Zarejestruj konto_iconImg' is clicked on

2021-12-21 18:15:29 - [TEST_STEP][PASSED] - click(findTestObject("Object Repository/Page_PSTO webMessenger/a_Zarejestruj konto")): Object: 'Object Repository/Page_PSTO webMessenger/a_Zarejestruj konto' is clicked on

2021-12-21 18:15:29 - [MESSAGE][PASSED] - Object: 'Object Repository/Page_PSTO webMessenger/a_Zarejestruj konto' is clicked on

2021-12-21 18:15:29 - [TEST_STEP][PASSED] - data = Date().getTime(): null

2021-12-21 18:15:29 - [TEST_STEP][PASSED] - setText(findTestObject("Object Repository/Page_PSTO webMessenger/input_Powrt do logowania_username"), findTestData("Rejestracja/tabR8").getValue("username", row) + data): Text 'Ameba1640106929891' is set on object 'Object Repository/Page_PSTO webMessenger/input_Powrt do logowania_username'

2021-12-21 18:15:30 - [MESSAGE][PASSED] - Text 'Ameba1640106929891' is set on object 'Object Repository/Page_PSTO webMessenger/input_Powrt do logowania_username'

2021-12-21 18:15:30 - [TEST_STEP][PASSED] - setText(findTestObject("Object Repository/Page_PSTO webMessenger/input_Powrt do logowania_pass1"), findTestData("Rejestracja/tabR8").getValue("password", row)): Text 'startStop13' is set on object 'Object Repository/Page_PSTO webMessenger/input_Powrt do logowania_pass1'

2021-12-21 18:15:31 - [MESSAGE][PASSED] - Text 'startStop13' is set on object 'Object Repository/Page_PSTO webMessenger/input_Powrt do logowania_pass1'

2021-12-21 18:15:31 - [TEST_STEP][PASSED] - setText(findTestObject("Object Repository/Page_PSTO webMessenger/input_Powrt do logowania_pass2"), findTestData("Rejestracja/tabR8").getValue("password2", row)): Text 'startStop13' is set on object 'Object Repository/Page_PSTO webMessenger/input_Powrt do logowania_pass2'

2021-12-21 18:15:32 - [MESSAGE][PASSED] - Text 'startStop13' is set on object 'Object Repository/Page_PSTO webMessenger/input_Powrt do logowania_pass2'

2021-12-21 18:15:32 - [TEST_STEP][PASSED] - setText(findTestObject("Object Repository/Page_PSTO webMessenger/input_Powrt do logowania_name"), findTestData("Rejestracja/tabR8").getValue("name", row)): Text 'Agata' is set on object 'Object Repository/Page_PSTO webMessenger/input_Powrt do logowania_name'

2021-12-21 18:15:33 - [MESSAGE][PASSED] - Text 'Agata' is set on object 'Object Repository/Page_PSTO webMessenger/input_Powrt do logowania_name'

2021-12-21 18:15:33 - [TEST_STEP][PASSED] - setText(findTestObject("Object Repository/Page_PSTO webMessenger/input_Powrt do logowania_surname"), findTestData("Rejestracja/tabR8").getValue("surname", row)): Text 'Hazur' is set on object 'Object Repository/Page_PSTO webMessenger/input_Powrt do logowania_surname'

2021-12-21 18:15:33 - [MESSAGE][PASSED] - Text 'Hazur' is set on object 'Object Repository/Page_PSTO webMessenger/input_Powrt do logowania_surname'

2021-12-21 18:15:33 - [TEST_STEP][PASSED] - setText(findTestObject("Object Repository/Page_PSTO webMessenger/input_Powrt do logowania_kodgrupy"), findTestData("Rejestracja/tabR8").getValue("group", row)): Text 'wsbgroup2ap' is set on object 'Object Repository/Page_PSTO webMessenger/input_Powrt do logowania_kodgrupy'

2021-12-21 18:15:34 - [MESSAGE][PASSED] - Text 'wsbgroup2ap' is set on object 'Object Repository/Page_PSTO webMessenger/input_Powrt do logowania_kodgrupy'

2021-12-21 18:15:34 - [TEST_STEP][PASSED] - click(findTestObject("Page_PSTO webMessenger/input_Powrt do logowania_register")): Object: 'Object Repository/Page_PSTO webMessenger/input_Powrt do logowania_register' is clicked on

2021-12-21 18:15:35 - [MESSAGE][PASSED] - Object: 'Object Repository/Page_PSTO webMessenger/input_Powrt do logowania_register' is clicked on

2021-12-21 18:15:35 - [TEST_STEP][PASSED] - click(findTestObject("Page_PSTO webMessenger/a_Kliknij, aby si zalogowa")): Object: 'Object Repository/Page_PSTO webMessenger/a_Kliknij, aby si zalogowa' is clicked on

2021-12-21 18:15:36 - [MESSAGE][PASSED] - Object: 'Object Repository/Page_PSTO webMessenger/a_Kliknij, aby si zalogowa' is clicked on

2021-12-21 18:15:36 - [TEST_STEP][PASSED] - setText(findTestObject("Page_PSTO webMessenger/input_Zarejestruj konto_userLogin"), findTestData("Rejestracja/tabR8").getValue("username", row) + data): Text 'Ameba1640106929891' is set on object 'Object Repository/Page_PSTO webMessenger/input_Zarejestruj konto_userLogin'

2021-12-21 18:15:36 - [MESSAGE][PASSED] - Text 'Ameba1640106929891' is set on object 'Object Repository/Page_PSTO webMessenger/input_Zarejestruj konto_userLogin'

2021-12-21 18:15:36 - [TEST_STEP][PASSED] - setText(findTestObject("Page_PSTO webMessenger/input_Zarejestruj konto_passwordLogin"), findTestData("Rejestracja/tabR8").getValue("password", row)): Text 'startStop13' is set on object 'Object Repository/Page_PSTO webMessenger/input_Zarejestruj konto_passwordLogin'

2021-12-21 18:15:37 - [MESSAGE][PASSED] - Text 'startStop13' is set on object 'Object Repository/Page_PSTO webMessenger/input_Zarejestruj konto_passwordLogin'

2021-12-21 18:15:37 - [TEST_STEP][PASSED] - click(findTestObject("Page_PSTO webMessenger/input_Zarejestruj konto_login")): Object: 'Object Repository/Page_PSTO webMessenger/input_Zarejestruj konto_login' is clicked on

2021-12-21 18:15:38 - [MESSAGE][PASSED] - Object: 'Object Repository/Page_PSTO webMessenger/input_Zarejestruj konto_login' is clicked on

2021-12-21 18:15:38 - [TEST_STEP][PASSED] - takeScreenshot(data + "bug.png"): Taking screenshot successfully

2021-12-21 18:15:39 - [MESSAGE][PASSED] - Taking screenshot successfully
[[ATTACHMENT|C:\\Users\\agata\\git\\PTSOWebKounikator\\Reports\\20211221_175426\\R-tests\\20211221_175426\\1640106929891bug.png]]

2021-12-21 18:15:39 - [TEST_STEP][PASSED] - click(findTestObject("Page_PSTO webMessenger - Zalogowano/img_Zarejestruj konto_iconImg"), CONTINUE_ON_FAILURE): Object: 'Object Repository/Page_PSTO webMessenger - Zalogowano/img_Zarejestruj konto_iconImg' is clicked on

2021-12-21 18:15:39 - [MESSAGE][PASSED] - Object: 'Object Repository/Page_PSTO webMessenger - Zalogowano/img_Zarejestruj konto_iconImg' is clicked on

2021-12-21 18:15:39 - [TEST_STEP][PASSED] - click(findTestObject("Object Repository/Page_PSTO webMessenger/a_Zarejestruj konto")): Object: 'Object Repository/Page_PSTO webMessenger/a_Zarejestruj konto' is clicked on

2021-12-21 18:15:40 - [MESSAGE][PASSED] - Object: 'Object Repository/Page_PSTO webMessenger/a_Zarejestruj konto' is clicked on

2021-12-21 18:15:40 - [TEST_STEP][PASSED] - data = Date().getTime(): null

2021-12-21 18:15:40 - [TEST_STEP][PASSED] - setText(findTestObject("Object Repository/Page_PSTO webMessenger/input_Powrt do logowania_username"), findTestData("Rejestracja/tabR8").getValue("username", row) + data): Text 'A[meba1640106940475' is set on object 'Object Repository/Page_PSTO webMessenger/input_Powrt do logowania_username'

2021-12-21 18:15:41 - [MESSAGE][PASSED] - Text 'A[meba1640106940475' is set on object 'Object Repository/Page_PSTO webMessenger/input_Powrt do logowania_username'

2021-12-21 18:15:41 - [TEST_STEP][PASSED] - setText(findTestObject("Object Repository/Page_PSTO webMessenger/input_Powrt do logowania_pass1"), findTestData("Rejestracja/tabR8").getValue("password", row)): Text 'startStop14' is set on object 'Object Repository/Page_PSTO webMessenger/input_Powrt do logowania_pass1'

2021-12-21 18:15:42 - [MESSAGE][PASSED] - Text 'startStop14' is set on object 'Object Repository/Page_PSTO webMessenger/input_Powrt do logowania_pass1'

2021-12-21 18:15:42 - [TEST_STEP][PASSED] - setText(findTestObject("Object Repository/Page_PSTO webMessenger/input_Powrt do logowania_pass2"), findTestData("Rejestracja/tabR8").getValue("password2", row)): Text 'startStop14' is set on object 'Object Repository/Page_PSTO webMessenger/input_Powrt do logowania_pass2'

2021-12-21 18:15:43 - [MESSAGE][PASSED] - Text 'startStop14' is set on object 'Object Repository/Page_PSTO webMessenger/input_Powrt do logowania_pass2'

2021-12-21 18:15:43 - [TEST_STEP][PASSED] - setText(findTestObject("Object Repository/Page_PSTO webMessenger/input_Powrt do logowania_name"), findTestData("Rejestracja/tabR8").getValue("name", row)): Text 'Agata' is set on object 'Object Repository/Page_PSTO webMessenger/input_Powrt do logowania_name'

2021-12-21 18:15:44 - [MESSAGE][PASSED] - Text 'Agata' is set on object 'Object Repository/Page_PSTO webMessenger/input_Powrt do logowania_name'

2021-12-21 18:15:44 - [TEST_STEP][PASSED] - setText(findTestObject("Object Repository/Page_PSTO webMessenger/input_Powrt do logowania_surname"), findTestData("Rejestracja/tabR8").getValue("surname", row)): Text 'Chazur' is set on object 'Object Repository/Page_PSTO webMessenger/input_Powrt do logowania_surname'

2021-12-21 18:15:44 - [MESSAGE][PASSED] - Text 'Chazur' is set on object 'Object Repository/Page_PSTO webMessenger/input_Powrt do logowania_surname'

2021-12-21 18:15:44 - [TEST_STEP][PASSED] - setText(findTestObject("Object Repository/Page_PSTO webMessenger/input_Powrt do logowania_kodgrupy"), findTestData("Rejestracja/tabR8").getValue("group", row)): Text 'wsbgroup2ap' is set on object 'Object Repository/Page_PSTO webMessenger/input_Powrt do logowania_kodgrupy'

2021-12-21 18:15:45 - [MESSAGE][PASSED] - Text 'wsbgroup2ap' is set on object 'Object Repository/Page_PSTO webMessenger/input_Powrt do logowania_kodgrupy'

2021-12-21 18:15:45 - [TEST_STEP][PASSED] - click(findTestObject("Page_PSTO webMessenger/input_Powrt do logowania_register")): Object: 'Object Repository/Page_PSTO webMessenger/input_Powrt do logowania_register' is clicked on

2021-12-21 18:15:46 - [MESSAGE][PASSED] - Object: 'Object Repository/Page_PSTO webMessenger/input_Powrt do logowania_register' is clicked on

2021-12-21 18:15:46 - [TEST_STEP][PASSED] - click(findTestObject("Page_PSTO webMessenger/a_Kliknij, aby si zalogowa")): Object: 'Object Repository/Page_PSTO webMessenger/a_Kliknij, aby si zalogowa' is clicked on

2021-12-21 18:15:47 - [MESSAGE][PASSED] - Object: 'Object Repository/Page_PSTO webMessenger/a_Kliknij, aby si zalogowa' is clicked on

2021-12-21 18:15:47 - [TEST_STEP][PASSED] - setText(findTestObject("Page_PSTO webMessenger/input_Zarejestruj konto_userLogin"), findTestData("Rejestracja/tabR8").getValue("username", row) + data): Text 'A[meba1640106940475' is set on object 'Object Repository/Page_PSTO webMessenger/input_Zarejestruj konto_userLogin'

2021-12-21 18:15:48 - [MESSAGE][PASSED] - Text 'A[meba1640106940475' is set on object 'Object Repository/Page_PSTO webMessenger/input_Zarejestruj konto_userLogin'

2021-12-21 18:15:48 - [TEST_STEP][PASSED] - setText(findTestObject("Page_PSTO webMessenger/input_Zarejestruj konto_passwordLogin"), findTestData("Rejestracja/tabR8").getValue("password", row)): Text 'startStop14' is set on object 'Object Repository/Page_PSTO webMessenger/input_Zarejestruj konto_passwordLogin'

2021-12-21 18:15:49 - [MESSAGE][PASSED] - Text 'startStop14' is set on object 'Object Repository/Page_PSTO webMessenger/input_Zarejestruj konto_passwordLogin'

2021-12-21 18:15:49 - [TEST_STEP][PASSED] - click(findTestObject("Page_PSTO webMessenger/input_Zarejestruj konto_login")): Object: 'Object Repository/Page_PSTO webMessenger/input_Zarejestruj konto_login' is clicked on

2021-12-21 18:15:50 - [MESSAGE][PASSED] - Object: 'Object Repository/Page_PSTO webMessenger/input_Zarejestruj konto_login' is clicked on

2021-12-21 18:15:50 - [TEST_STEP][PASSED] - takeScreenshot(data + "bug.png"): Taking screenshot successfully

2021-12-21 18:15:51 - [MESSAGE][PASSED] - Taking screenshot successfully
[[ATTACHMENT|C:\\Users\\agata\\git\\PTSOWebKounikator\\Reports\\20211221_175426\\R-tests\\20211221_175426\\1640106940475bug.png]]

2021-12-21 18:15:51 - [TEST_STEP][PASSED] - click(findTestObject("Page_PSTO webMessenger - Zalogowano/img_Zarejestruj konto_iconImg"), CONTINUE_ON_FAILURE): Object: 'Object Repository/Page_PSTO webMessenger - Zalogowano/img_Zarejestruj konto_iconImg' is clicked on

2021-12-21 18:15:51 - [MESSAGE][PASSED] - Object: 'Object Repository/Page_PSTO webMessenger - Zalogowano/img_Zarejestruj konto_iconImg' is clicked on

2021-12-21 18:15:51 - [TEST_STEP][PASSED] - click(findTestObject("Object Repository/Page_PSTO webMessenger/a_Zarejestruj konto")): Object: 'Object Repository/Page_PSTO webMessenger/a_Zarejestruj konto' is clicked on

2021-12-21 18:15:52 - [MESSAGE][PASSED] - Object: 'Object Repository/Page_PSTO webMessenger/a_Zarejestruj konto' is clicked on

2021-12-21 18:15:52 - [TEST_STEP][PASSED] - data = Date().getTime(): null

2021-12-21 18:15:52 - [TEST_STEP][PASSED] - setText(findTestObject("Object Repository/Page_PSTO webMessenger/input_Powrt do logowania_username"), findTestData("Rejestracja/tabR8").getValue("username", row) + data): Text 'A=meba1640106952718' is set on object 'Object Repository/Page_PSTO webMessenger/input_Powrt do logowania_username'

2021-12-21 18:15:53 - [MESSAGE][PASSED] - Text 'A=meba1640106952718' is set on object 'Object Repository/Page_PSTO webMessenger/input_Powrt do logowania_username'

2021-12-21 18:15:53 - [TEST_STEP][PASSED] - setText(findTestObject("Object Repository/Page_PSTO webMessenger/input_Powrt do logowania_pass1"), findTestData("Rejestracja/tabR8").getValue("password", row)): Text 'startStop15' is set on object 'Object Repository/Page_PSTO webMessenger/input_Powrt do logowania_pass1'

2021-12-21 18:15:54 - [MESSAGE][PASSED] - Text 'startStop15' is set on object 'Object Repository/Page_PSTO webMessenger/input_Powrt do logowania_pass1'

2021-12-21 18:15:54 - [TEST_STEP][PASSED] - setText(findTestObject("Object Repository/Page_PSTO webMessenger/input_Powrt do logowania_pass2"), findTestData("Rejestracja/tabR8").getValue("password2", row)): Text 'startStop15' is set on object 'Object Repository/Page_PSTO webMessenger/input_Powrt do logowania_pass2'

2021-12-21 18:15:55 - [MESSAGE][PASSED] - Text 'startStop15' is set on object 'Object Repository/Page_PSTO webMessenger/input_Powrt do logowania_pass2'

2021-12-21 18:15:55 - [TEST_STEP][PASSED] - setText(findTestObject("Object Repository/Page_PSTO webMessenger/input_Powrt do logowania_name"), findTestData("Rejestracja/tabR8").getValue("name", row)): Text 'Agata' is set on object 'Object Repository/Page_PSTO webMessenger/input_Powrt do logowania_name'

2021-12-21 18:15:56 - [MESSAGE][PASSED] - Text 'Agata' is set on object 'Object Repository/Page_PSTO webMessenger/input_Powrt do logowania_name'

2021-12-21 18:15:56 - [TEST_STEP][PASSED] - setText(findTestObject("Object Repository/Page_PSTO webMessenger/input_Powrt do logowania_surname"), findTestData("Rejestracja/tabR8").getValue("surname", row)): Text 'Zazur' is set on object 'Object Repository/Page_PSTO webMessenger/input_Powrt do logowania_surname'

2021-12-21 18:15:56 - [MESSAGE][PASSED] - Text 'Zazur' is set on object 'Object Repository/Page_PSTO webMessenger/input_Powrt do logowania_surname'

2021-12-21 18:15:56 - [TEST_STEP][PASSED] - setText(findTestObject("Object Repository/Page_PSTO webMessenger/input_Powrt do logowania_kodgrupy"), findTestData("Rejestracja/tabR8").getValue("group", row)): Text 'wsbgroup2ap' is set on object 'Object Repository/Page_PSTO webMessenger/input_Powrt do logowania_kodgrupy'

2021-12-21 18:15:57 - [MESSAGE][PASSED] - Text 'wsbgroup2ap' is set on object 'Object Repository/Page_PSTO webMessenger/input_Powrt do logowania_kodgrupy'

2021-12-21 18:15:57 - [TEST_STEP][PASSED] - click(findTestObject("Page_PSTO webMessenger/input_Powrt do logowania_register")): Object: 'Object Repository/Page_PSTO webMessenger/input_Powrt do logowania_register' is clicked on

2021-12-21 18:15:58 - [MESSAGE][PASSED] - Object: 'Object Repository/Page_PSTO webMessenger/input_Powrt do logowania_register' is clicked on

2021-12-21 18:15:58 - [TEST_STEP][PASSED] - click(findTestObject("Page_PSTO webMessenger/a_Kliknij, aby si zalogowa")): Object: 'Object Repository/Page_PSTO webMessenger/a_Kliknij, aby si zalogowa' is clicked on

2021-12-21 18:15:59 - [MESSAGE][PASSED] - Object: 'Object Repository/Page_PSTO webMessenger/a_Kliknij, aby si zalogowa' is clicked on

2021-12-21 18:15:59 - [TEST_STEP][PASSED] - setText(findTestObject("Page_PSTO webMessenger/input_Zarejestruj konto_userLogin"), findTestData("Rejestracja/tabR8").getValue("username", row) + data): Text 'A=meba1640106952718' is set on object 'Object Repository/Page_PSTO webMessenger/input_Zarejestruj konto_userLogin'

2021-12-21 18:15:59 - [MESSAGE][PASSED] - Text 'A=meba1640106952718' is set on object 'Object Repository/Page_PSTO webMessenger/input_Zarejestruj konto_userLogin'

2021-12-21 18:15:59 - [TEST_STEP][PASSED] - setText(findTestObject("Page_PSTO webMessenger/input_Zarejestruj konto_passwordLogin"), findTestData("Rejestracja/tabR8").getValue("password", row)): Text 'startStop15' is set on object 'Object Repository/Page_PSTO webMessenger/input_Zarejestruj konto_passwordLogin'

2021-12-21 18:16:00 - [MESSAGE][PASSED] - Text 'startStop15' is set on object 'Object Repository/Page_PSTO webMessenger/input_Zarejestruj konto_passwordLogin'

2021-12-21 18:16:00 - [TEST_STEP][PASSED] - click(findTestObject("Page_PSTO webMessenger/input_Zarejestruj konto_login")): Object: 'Object Repository/Page_PSTO webMessenger/input_Zarejestruj konto_login' is clicked on

2021-12-21 18:16:01 - [MESSAGE][PASSED] - Object: 'Object Repository/Page_PSTO webMessenger/input_Zarejestruj konto_login' is clicked on

2021-12-21 18:16:01 - [TEST_STEP][PASSED] - takeScreenshot(data + "bug.png"): Taking screenshot successfully

2021-12-21 18:16:02 - [MESSAGE][PASSED] - Taking screenshot successfully
[[ATTACHMENT|C:\\Users\\agata\\git\\PTSOWebKounikator\\Reports\\20211221_175426\\R-tests\\20211221_175426\\1640106952718bug.png]]

2021-12-21 18:16:02 - [TEST_STEP][PASSED] - click(findTestObject("Page_PSTO webMessenger - Zalogowano/img_Zarejestruj konto_iconImg"), CONTINUE_ON_FAILURE): Object: 'Object Repository/Page_PSTO webMessenger - Zalogowano/img_Zarejestruj konto_iconImg' is clicked on

2021-12-21 18:16:02 - [MESSAGE][PASSED] - Object: 'Object Repository/Page_PSTO webMessenger - Zalogowano/img_Zarejestruj konto_iconImg' is clicked on

2021-12-21 18:16:02 - [TEST_STEP][PASSED] - click(findTestObject("Object Repository/Page_PSTO webMessenger/a_Zarejestruj konto")): Object: 'Object Repository/Page_PSTO webMessenger/a_Zarejestruj konto' is clicked on

2021-12-21 18:16:03 - [MESSAGE][PASSED] - Object: 'Object Repository/Page_PSTO webMessenger/a_Zarejestruj konto' is clicked on

2021-12-21 18:16:03 - [TEST_STEP][PASSED] - data = Date().getTime(): null

2021-12-21 18:16:03 - [TEST_STEP][PASSED] - setText(findTestObject("Object Repository/Page_PSTO webMessenger/input_Powrt do logowania_username"), findTestData("Rejestracja/tabR8").getValue("username", row) + data): Text 'Ameba?1640106963606' is set on object 'Object Repository/Page_PSTO webMessenger/input_Powrt do logowania_username'

2021-12-21 18:16:04 - [MESSAGE][PASSED] - Text 'Ameba?1640106963606' is set on object 'Object Repository/Page_PSTO webMessenger/input_Powrt do logowania_username'

2021-12-21 18:16:04 - [TEST_STEP][PASSED] - setText(findTestObject("Object Repository/Page_PSTO webMessenger/input_Powrt do logowania_pass1"), findTestData("Rejestracja/tabR8").getValue("password", row)): Text 'startStop16' is set on object 'Object Repository/Page_PSTO webMessenger/input_Powrt do logowania_pass1'

2021-12-21 18:16:05 - [MESSAGE][PASSED] - Text 'startStop16' is set on object 'Object Repository/Page_PSTO webMessenger/input_Powrt do logowania_pass1'

2021-12-21 18:16:05 - [TEST_STEP][PASSED] - setText(findTestObject("Object Repository/Page_PSTO webMessenger/input_Powrt do logowania_pass2"), findTestData("Rejestracja/tabR8").getValue("password2", row)): Text 'startStop16' is set on object 'Object Repository/Page_PSTO webMessenger/input_Powrt do logowania_pass2'

2021-12-21 18:16:06 - [MESSAGE][PASSED] - Text 'startStop16' is set on object 'Object Repository/Page_PSTO webMessenger/input_Powrt do logowania_pass2'

2021-12-21 18:16:06 - [TEST_STEP][PASSED] - setText(findTestObject("Object Repository/Page_PSTO webMessenger/input_Powrt do logowania_name"), findTestData("Rejestracja/tabR8").getValue("name", row)): Text 'Agata' is set on object 'Object Repository/Page_PSTO webMessenger/input_Powrt do logowania_name'

2021-12-21 18:16:07 - [MESSAGE][PASSED] - Text 'Agata' is set on object 'Object Repository/Page_PSTO webMessenger/input_Powrt do logowania_name'

2021-12-21 18:16:07 - [TEST_STEP][PASSED] - setText(findTestObject("Object Repository/Page_PSTO webMessenger/input_Powrt do logowania_surname"), findTestData("Rejestracja/tabR8").getValue("surname", row)): Text 'Tazazur' is set on object 'Object Repository/Page_PSTO webMessenger/input_Powrt do logowania_surname'

2021-12-21 18:16:07 - [MESSAGE][PASSED] - Text 'Tazazur' is set on object 'Object Repository/Page_PSTO webMessenger/input_Powrt do logowania_surname'

2021-12-21 18:16:07 - [TEST_STEP][PASSED] - setText(findTestObject("Object Repository/Page_PSTO webMessenger/input_Powrt do logowania_kodgrupy"), findTestData("Rejestracja/tabR8").getValue("group", row)): Text 'wsbgroup2ap' is set on object 'Object Repository/Page_PSTO webMessenger/input_Powrt do logowania_kodgrupy'

2021-12-21 18:16:08 - [MESSAGE][PASSED] - Text 'wsbgroup2ap' is set on object 'Object Repository/Page_PSTO webMessenger/input_Powrt do logowania_kodgrupy'

2021-12-21 18:16:08 - [TEST_STEP][PASSED] - click(findTestObject("Page_PSTO webMessenger/input_Powrt do logowania_register")): Object: 'Object Repository/Page_PSTO webMessenger/input_Powrt do logowania_register' is clicked on

2021-12-21 18:16:09 - [MESSAGE][PASSED] - Object: 'Object Repository/Page_PSTO webMessenger/input_Powrt do logowania_register' is clicked on

2021-12-21 18:16:09 - [TEST_STEP][PASSED] - click(findTestObject("Page_PSTO webMessenger/a_Kliknij, aby si zalogowa")): Object: 'Object Repository/Page_PSTO webMessenger/a_Kliknij, aby si zalogowa' is clicked on

2021-12-21 18:16:10 - [MESSAGE][PASSED] - Object: 'Object Repository/Page_PSTO webMessenger/a_Kliknij, aby si zalogowa' is clicked on

2021-12-21 18:16:10 - [TEST_STEP][PASSED] - setText(findTestObject("Page_PSTO webMessenger/input_Zarejestruj konto_userLogin"), findTestData("Rejestracja/tabR8").getValue("username", row) + data): Text 'Ameba?1640106963606' is set on object 'Object Repository/Page_PSTO webMessenger/input_Zarejestruj konto_userLogin'

2021-12-21 18:16:10 - [MESSAGE][PASSED] - Text 'Ameba?1640106963606' is set on object 'Object Repository/Page_PSTO webMessenger/input_Zarejestruj konto_userLogin'

2021-12-21 18:16:10 - [TEST_STEP][PASSED] - setText(findTestObject("Page_PSTO webMessenger/input_Zarejestruj konto_passwordLogin"), findTestData("Rejestracja/tabR8").getValue("password", row)): Text 'startStop16' is set on object 'Object Repository/Page_PSTO webMessenger/input_Zarejestruj konto_passwordLogin'

2021-12-21 18:16:11 - [MESSAGE][PASSED] - Text 'startStop16' is set on object 'Object Repository/Page_PSTO webMessenger/input_Zarejestruj konto_passwordLogin'

2021-12-21 18:16:11 - [TEST_STEP][PASSED] - click(findTestObject("Page_PSTO webMessenger/input_Zarejestruj konto_login")): Object: 'Object Repository/Page_PSTO webMessenger/input_Zarejestruj konto_login' is clicked on

2021-12-21 18:16:12 - [MESSAGE][PASSED] - Object: 'Object Repository/Page_PSTO webMessenger/input_Zarejestruj konto_login' is clicked on

2021-12-21 18:16:12 - [TEST_STEP][PASSED] - takeScreenshot(data + "bug.png"): Taking screenshot successfully

2021-12-21 18:16:13 - [MESSAGE][PASSED] - Taking screenshot successfully
[[ATTACHMENT|C:\\Users\\agata\\git\\PTSOWebKounikator\\Reports\\20211221_175426\\R-tests\\20211221_175426\\1640106963606bug.png]]

2021-12-21 18:16:13 - [TEST_STEP][PASSED] - click(findTestObject("Page_PSTO webMessenger - Zalogowano/img_Zarejestruj konto_iconImg"), CONTINUE_ON_FAILURE): Object: 'Object Repository/Page_PSTO webMessenger - Zalogowano/img_Zarejestruj konto_iconImg' is clicked on

2021-12-21 18:16:14 - [MESSAGE][PASSED] - Object: 'Object Repository/Page_PSTO webMessenger - Zalogowano/img_Zarejestruj konto_iconImg' is clicked on

2021-12-21 18:16:14 - [TEST_STEP][PASSED] - closeBrowser(): Browser is closed

2021-12-21 18:16:15 - [MESSAGE][PASSED] - Browser is closed]]></system-out>
         <system-err><![CDATA[2021-12-21 18:13:15 - [TEST_CASE][FAILED] - Test Cases/Rejestracja/R8: Test Cases/Rejestracja/R8 FAILED.
Reason:
com.kms.katalon.core.exception.StepFailedException: Unable to click on object 'Object Repository/Page_PSTO webMessenger - Zalogowano/img_Zarejestruj konto_iconImg' (Root cause: com.kms.katalon.core.exception.StepFailedException: Unable to click on object 'Object Repository/Page_PSTO webMessenger - Zalogowano/img_Zarejestruj konto_iconImg'
	at com.kms.katalon.core.webui.keyword.internal.WebUIKeywordMain.stepFailed(WebUIKeywordMain.groovy:64)
	at com.kms.katalon.core.webui.keyword.internal.WebUIKeywordMain.runKeyword(WebUIKeywordMain.groovy:26)
	at com.kms.katalon.core.webui.keyword.builtin.ClickKeyword.click(ClickKeyword.groovy:74)
	at com.kms.katalon.core.webui.keyword.builtin.ClickKeyword.execute(ClickKeyword.groovy:40)
	at com.kms.katalon.core.keyword.internal.KeywordExecutor.executeKeywordForPlatform(KeywordExecutor.groovy:74)
	at com.kms.katalon.core.webui.keyword.WebUiBuiltInKeywords.click(WebUiBuiltInKeywords.groovy:608)
	at com.kms.katalon.core.webui.keyword.WebUiBuiltInKeywords$click$4.call(Unknown Source)
	at R8.run(R8:61)
	at com.kms.katalon.core.main.ScriptEngine.run(ScriptEngine.java:194)
	at com.kms.katalon.core.main.ScriptEngine.runScriptAsRawText(ScriptEngine.java:119)
	at com.kms.katalon.core.main.TestCaseExecutor.runScript(TestCaseExecutor.java:442)
	at com.kms.katalon.core.main.TestCaseExecutor.doExecute(TestCaseExecutor.java:433)
	at com.kms.katalon.core.main.TestCaseExecutor.processExecutionPhase(TestCaseExecutor.java:412)
	at com.kms.katalon.core.main.TestCaseExecutor.accessMainPhase(TestCaseExecutor.java:404)
	at com.kms.katalon.core.main.TestCaseExecutor.execute(TestCaseExecutor.java:281)
	at com.kms.katalon.core.main.TestSuiteExecutor.accessTestCaseMainPhase(TestSuiteExecutor.java:202)
	at com.kms.katalon.core.main.TestSuiteExecutor.accessTestSuiteMainPhase(TestSuiteExecutor.java:164)
	at com.kms.katalon.core.main.TestSuiteExecutor.execute(TestSuiteExecutor.java:105)
	at com.kms.katalon.core.main.TestCaseMain.startTestSuite(TestCaseMain.java:181)
	at com.kms.katalon.core.main.TestCaseMain$startTestSuite$0.call(Unknown Source)
	at TempTestSuite1640105666841.run(TempTestSuite1640105666841.groovy:36)
Caused by: org.openqa.selenium.ElementNotInteractableException: element not interactable
  (Session info: chrome=96.0.4664.110)
Build info: version: '3.141.59', revision: 'e82be7d358', time: '2018-11-14T08:25:53'
System info: host: 'DESKTOP-KI9905I', ip: '192.168.3.3', os.name: 'Windows 10', os.arch: 'amd64', os.version: '10.0', java.version: '1.8.0_282'
Driver info: com.kms.katalon.selenium.driver.CChromeDriver
Capabilities {acceptInsecureCerts: false, browserName: chrome, browserVersion: 96.0.4664.110, chrome: {chromedriverVersion: 96.0.4664.45 (76e4c1bb2ab46..., userDataDir: C:\Users\agata\AppData\Loca...}, goog:chromeOptions: {debuggerAddress: localhost:51365}, javascriptEnabled: true, networkConnectionEnabled: false, pageLoadStrategy: normal, platform: WINDOWS, platformName: WINDOWS, proxy: Proxy(), setWindowRect: true, strictFileInteractability: false, timeouts: {implicit: 0, pageLoad: 300000, script: 30000}, unhandledPromptBehavior: dismiss and notify, webauthn:extension:credBlob: true, webauthn:extension:largeBlob: true, webauthn:virtualAuthenticators: true}
Session ID: de086a63716e603a46be13f846308a2f
	at org.openqa.selenium.remote.http.W3CHttpResponseCodec.createException(W3CHttpResponseCodec.java:187)
	at org.openqa.selenium.remote.http.W3CHttpResponseCodec.decode(W3CHttpResponseCodec.java:122)
	at org.openqa.selenium.remote.http.W3CHttpResponseCodec.decode(W3CHttpResponseCodec.java:49)
	at org.openqa.selenium.remote.HttpCommandExecutor.execute(HttpCommandExecutor.java:158)
	at org.openqa.selenium.remote.service.DriverCommandExecutor.execute(DriverCommandExecutor.java:83)
	at org.openqa.selenium.remote.RemoteWebDriver.execute(RemoteWebDriver.java:552)
	at com.kms.katalon.selenium.driver.CChromeDriver.execute(CChromeDriver.java:19)
	at org.openqa.selenium.remote.RemoteWebElement.execute(RemoteWebElement.java:285)
	at org.openqa.selenium.remote.RemoteWebElement.click(RemoteWebElement.java:84)
	at org.openqa.selenium.support.events.EventFiringWebDriver$EventFiringWebElement.lambda$new$0(EventFiringWebDriver.java:404)
	at com.sun.proxy.$Proxy11.click(Unknown Source)
	at org.openqa.selenium.support.events.EventFiringWebDriver$EventFiringWebElement.click(EventFiringWebDriver.java:417)
	at org.openqa.selenium.WebElement$click.call(Unknown Source)
	at com.kms.katalon.core.webui.keyword.builtin.ClickKeyword.clickUntilSuccessWithTimeout(ClickKeyword.groovy:81)
	at com.kms.katalon.core.webui.keyword.builtin.ClickKeyword.clickUntilSuccessWithTimeout(ClickKeyword.groovy)
	at com.kms.katalon.core.webui.keyword.builtin.ClickKeyword$_click_closure1.doCall(ClickKeyword.groovy:67)
	at com.kms.katalon.core.webui.keyword.builtin.ClickKeyword$_click_closure1.call(ClickKeyword.groovy)
	at com.kms.katalon.core.webui.keyword.internal.WebUIKeywordMain.runKeyword(WebUIKeywordMain.groovy:20)
	at com.kms.katalon.core.webui.keyword.builtin.ClickKeyword.click(ClickKeyword.groovy:74)
	at com.kms.katalon.core.webui.keyword.builtin.ClickKeyword.execute(ClickKeyword.groovy:40)
	at com.kms.katalon.core.keyword.internal.KeywordExecutor.executeKeywordForPlatform(KeywordExecutor.groovy:74)
	at com.kms.katalon.core.webui.keyword.WebUiBuiltInKeywords.click(WebUiBuiltInKeywords.groovy:608)
	at com.kms.katalon.core.webui.keyword.WebUiBuiltInKeywords$click$4.call(Unknown Source)
	at Script1638710180119.run(Script1638710180119.groovy:61)
	... 13 more
)
	at com.kms.katalon.core.keyword.internal.KeywordMain.stepFailed(KeywordMain.groovy:39)
	at com.kms.katalon.core.webui.keyword.internal.WebUIKeywordMain.stepFailed(WebUIKeywordMain.groovy:64)
	at com.kms.katalon.core.webui.keyword.internal.WebUIKeywordMain.runKeyword(WebUIKeywordMain.groovy:26)
	at com.kms.katalon.core.webui.keyword.builtin.ClickKeyword.click(ClickKeyword.groovy:74)
	at com.kms.katalon.core.webui.keyword.builtin.ClickKeyword.execute(ClickKeyword.groovy:40)
	at com.kms.katalon.core.keyword.internal.KeywordExecutor.executeKeywordForPlatform(KeywordExecutor.groovy:74)
	at com.kms.katalon.core.webui.keyword.WebUiBuiltInKeywords.click(WebUiBuiltInKeywords.groovy:608)
	at com.kms.katalon.core.webui.keyword.WebUiBuiltInKeywords$click$4.call(Unknown Source)
	at R8.run(R8:61)
	at com.kms.katalon.core.main.ScriptEngine.run(ScriptEngine.java:194)
	at com.kms.katalon.core.main.ScriptEngine.runScriptAsRawText(ScriptEngine.java:119)
	at com.kms.katalon.core.main.TestCaseExecutor.runScript(TestCaseExecutor.java:442)
	at com.kms.katalon.core.main.TestCaseExecutor.doExecute(TestCaseExecutor.java:433)
	at com.kms.katalon.core.main.TestCaseExecutor.processExecutionPhase(TestCaseExecutor.java:412)
	at com.kms.katalon.core.main.TestCaseExecutor.accessMainPhase(TestCaseExecutor.java:404)
	at com.kms.katalon.core.main.TestCaseExecutor.execute(TestCaseExecutor.java:281)
	at com.kms.katalon.core.main.TestSuiteExecutor.accessTestCaseMainPhase(TestSuiteExecutor.java:202)
	at com.kms.katalon.core.main.TestSuiteExecutor.accessTestSuiteMainPhase(TestSuiteExecutor.java:164)
	at com.kms.katalon.core.main.TestSuiteExecutor.execute(TestSuiteExecutor.java:105)
	at com.kms.katalon.core.main.TestCaseMain.startTestSuite(TestCaseMain.java:181)
	at com.kms.katalon.core.main.TestCaseMain$startTestSuite$0.call(Unknown Source)
	at TempTestSuite1640105666841.run(TempTestSuite1640105666841.groovy:36)
Caused by: com.kms.katalon.core.exception.StepFailedException: Unable to click on object 'Object Repository/Page_PSTO webMessenger - Zalogowano/img_Zarejestruj konto_iconImg'
	... 21 more
Caused by: org.openqa.selenium.ElementNotInteractableException: element not interactable
  (Session info: chrome=96.0.4664.110)
Build info: version: '3.141.59', revision: 'e82be7d358', time: '2018-11-14T08:25:53'
System info: host: 'DESKTOP-KI9905I', ip: '192.168.3.3', os.name: 'Windows 10', os.arch: 'amd64', os.version: '10.0', java.version: '1.8.0_282'
Driver info: com.kms.katalon.selenium.driver.CChromeDriver
Capabilities {acceptInsecureCerts: false, browserName: chrome, browserVersion: 96.0.4664.110, chrome: {chromedriverVersion: 96.0.4664.45 (76e4c1bb2ab46..., userDataDir: C:\Users\agata\AppData\Loca...}, goog:chromeOptions: {debuggerAddress: localhost:51365}, javascriptEnabled: true, networkConnectionEnabled: false, pageLoadStrategy: normal, platform: WINDOWS, platformName: WINDOWS, proxy: Proxy(), setWindowRect: true, strictFileInteractability: false, timeouts: {implicit: 0, pageLoad: 300000, script: 30000}, unhandledPromptBehavior: dismiss and notify, webauthn:extension:credBlob: true, webauthn:extension:largeBlob: true, webauthn:virtualAuthenticators: true}
Session ID: de086a63716e603a46be13f846308a2f
	at org.openqa.selenium.remote.http.W3CHttpResponseCodec.createException(W3CHttpResponseCodec.java:187)
	at org.openqa.selenium.remote.http.W3CHttpResponseCodec.decode(W3CHttpResponseCodec.java:122)
	at org.openqa.selenium.remote.http.W3CHttpResponseCodec.decode(W3CHttpResponseCodec.java:49)
	at org.openqa.selenium.remote.HttpCommandExecutor.execute(HttpCommandExecutor.java:158)
	at org.openqa.selenium.remote.service.DriverCommandExecutor.execute(DriverCommandExecutor.java:83)
	at org.openqa.selenium.remote.RemoteWebDriver.execute(RemoteWebDriver.java:552)
	at com.kms.katalon.selenium.driver.CChromeDriver.execute(CChromeDriver.java:19)
	at org.openqa.selenium.remote.RemoteWebElement.execute(RemoteWebElement.java:285)
	at org.openqa.selenium.remote.RemoteWebElement.click(RemoteWebElement.java:84)
	at org.openqa.selenium.support.events.EventFiringWebDriver$EventFiringWebElement.lambda$new$0(EventFiringWebDriver.java:404)
	at com.sun.proxy.$Proxy11.click(Unknown Source)
	at org.openqa.selenium.support.events.EventFiringWebDriver$EventFiringWebElement.click(EventFiringWebDriver.java:417)
	at org.openqa.selenium.WebElement$click.call(Unknown Source)
	at com.kms.katalon.core.webui.keyword.builtin.ClickKeyword.clickUntilSuccessWithTimeout(ClickKeyword.groovy:81)
	at com.kms.katalon.core.webui.keyword.builtin.ClickKeyword.clickUntilSuccessWithTimeout(ClickKeyword.groovy)
	at com.kms.katalon.core.webui.keyword.builtin.ClickKeyword$_click_closure1.doCall(ClickKeyword.groovy:67)
	at com.kms.katalon.core.webui.keyword.builtin.ClickKeyword$_click_closure1.call(ClickKeyword.groovy)
	at com.kms.katalon.core.webui.keyword.internal.WebUIKeywordMain.runKeyword(WebUIKeywordMain.groovy:20)
	... 19 more]]></system-err>
      </testcase>
      <testcase name="Test Cases/Rejestracja/R9" time="44.161" classname="Test Cases/Rejestracja/R9" status="PASSED">
         <system-out><![CDATA[2021-12-21 18:16:15 - [TEST_CASE][PASSED] - Test Cases/Rejestracja/R9: Test Cases/Rejestracja/R9

2021-12-21 18:16:16 - [TEST_STEP][PASSED] - openBrowser(""): Browser is opened with url: ''

2021-12-21 18:16:16 - [MESSAGE][INFO] - Starting 'Chrome' driver

2021-12-21 18:16:16 - [MESSAGE][INFO] - Action delay is set to 0 milliseconds

2021-12-21 18:16:17 - [MESSAGE][PASSED] - Browser is opened with url: ''

2021-12-21 18:16:17 - [TEST_STEP][PASSED] - navigateToUrl("http://kmg.hcm.pl/testowanie/index.html"): Navigate to 'http://kmg.hcm.pl/testowanie/index.html' successfully

2021-12-21 18:16:18 - [MESSAGE][PASSED] - Navigate to 'http://kmg.hcm.pl/testowanie/index.html' successfully

2021-12-21 18:16:18 - [TEST_STEP][PASSED] - for ([row = 1, row <= findTestData("Rejestracja/tabR9").getRowNumbers(), (row++)]): Object: 'Object Repository/Page_PSTO webMessenger/a_Zarejestruj konto' is clicked on

2021-12-21 18:16:18 - [TEST_STEP][PASSED] - click(findTestObject("Object Repository/Page_PSTO webMessenger/a_Zarejestruj konto")): Object: 'Object Repository/Page_PSTO webMessenger/a_Zarejestruj konto' is clicked on

2021-12-21 18:16:20 - [MESSAGE][PASSED] - Object: 'Object Repository/Page_PSTO webMessenger/a_Zarejestruj konto' is clicked on

2021-12-21 18:16:20 - [TEST_STEP][PASSED] - setText(findTestObject("Object Repository/Page_PSTO webMessenger/input_Powrt do logowania_username"), findTestData("Rejestracja/tabR9").getValue("username", row)): Text 'Ameba1' is set on object 'Object Repository/Page_PSTO webMessenger/input_Powrt do logowania_username'

2021-12-21 18:16:21 - [MESSAGE][PASSED] - Text 'Ameba1' is set on object 'Object Repository/Page_PSTO webMessenger/input_Powrt do logowania_username'

2021-12-21 18:16:21 - [TEST_STEP][PASSED] - setText(findTestObject("Object Repository/Page_PSTO webMessenger/input_Powrt do logowania_pass1"), findTestData("Rejestracja/tabR9").getValue("password", row)): Text 'startStop1' is set on object 'Object Repository/Page_PSTO webMessenger/input_Powrt do logowania_pass1'

2021-12-21 18:16:22 - [MESSAGE][PASSED] - Text 'startStop1' is set on object 'Object Repository/Page_PSTO webMessenger/input_Powrt do logowania_pass1'

2021-12-21 18:16:22 - [TEST_STEP][PASSED] - setText(findTestObject("Object Repository/Page_PSTO webMessenger/input_Powrt do logowania_pass2"), findTestData("Rejestracja/tabR9").getValue("password2", row)): Text 'startStop1' is set on object 'Object Repository/Page_PSTO webMessenger/input_Powrt do logowania_pass2'

2021-12-21 18:16:23 - [MESSAGE][PASSED] - Text 'startStop1' is set on object 'Object Repository/Page_PSTO webMessenger/input_Powrt do logowania_pass2'

2021-12-21 18:16:23 - [TEST_STEP][PASSED] - setText(findTestObject("Object Repository/Page_PSTO webMessenger/input_Powrt do logowania_name"), findTestData("Rejestracja/tabR9").getValue("name", row)): Text 'Agata' is set on object 'Object Repository/Page_PSTO webMessenger/input_Powrt do logowania_name'

2021-12-21 18:16:24 - [MESSAGE][PASSED] - Text 'Agata' is set on object 'Object Repository/Page_PSTO webMessenger/input_Powrt do logowania_name'

2021-12-21 18:16:24 - [TEST_STEP][PASSED] - setText(findTestObject("Object Repository/Page_PSTO webMessenger/input_Powrt do logowania_surname"), findTestData("Rejestracja/tabR9").getValue("surname", row)): Text 'Biodro' is set on object 'Object Repository/Page_PSTO webMessenger/input_Powrt do logowania_surname'

2021-12-21 18:16:25 - [MESSAGE][PASSED] - Text 'Biodro' is set on object 'Object Repository/Page_PSTO webMessenger/input_Powrt do logowania_surname'

2021-12-21 18:16:25 - [TEST_STEP][PASSED] - setText(findTestObject("Object Repository/Page_PSTO webMessenger/input_Powrt do logowania_kodgrupy"), findTestData("Rejestracja/tabR9").getValue("group", row)): Text 'wsbgroup2ap' is set on object 'Object Repository/Page_PSTO webMessenger/input_Powrt do logowania_kodgrupy'

2021-12-21 18:16:26 - [MESSAGE][PASSED] - Text 'wsbgroup2ap' is set on object 'Object Repository/Page_PSTO webMessenger/input_Powrt do logowania_kodgrupy'

2021-12-21 18:16:26 - [TEST_STEP][PASSED] - click(findTestObject("Page_PSTO webMessenger/input_Powrt do logowania_register")): Object: 'Object Repository/Page_PSTO webMessenger/input_Powrt do logowania_register' is clicked on

2021-12-21 18:16:27 - [MESSAGE][PASSED] - Object: 'Object Repository/Page_PSTO webMessenger/input_Powrt do logowania_register' is clicked on

2021-12-21 18:16:27 - [TEST_STEP][PASSED] - verifyElementVisible(findTestObject("Page_PSTO webMessenger/p_Uytkownik o takim loginie ju istnieje"), STOP_ON_FAILURE): Object 'Object Repository/Page_PSTO webMessenger/p_Uytkownik o takim loginie ju istnieje' is visible

2021-12-21 18:16:28 - [MESSAGE][PASSED] - Object 'Object Repository/Page_PSTO webMessenger/p_Uytkownik o takim loginie ju istnieje' is visible

2021-12-21 18:16:28 - [TEST_STEP][PASSED] - click(findTestObject("Object Repository/Page_PSTO webMessenger/a_Zarejestruj konto")): Object: 'Object Repository/Page_PSTO webMessenger/a_Zarejestruj konto' is clicked on

2021-12-21 18:16:29 - [MESSAGE][PASSED] - Object: 'Object Repository/Page_PSTO webMessenger/a_Zarejestruj konto' is clicked on

2021-12-21 18:16:29 - [TEST_STEP][PASSED] - click(findTestObject("Object Repository/Page_PSTO webMessenger/a_Zarejestruj konto")): Object: 'Object Repository/Page_PSTO webMessenger/a_Zarejestruj konto' is clicked on

2021-12-21 18:16:30 - [MESSAGE][PASSED] - Object: 'Object Repository/Page_PSTO webMessenger/a_Zarejestruj konto' is clicked on

2021-12-21 18:16:30 - [TEST_STEP][PASSED] - setText(findTestObject("Object Repository/Page_PSTO webMessenger/input_Powrt do logowania_username"), findTestData("Rejestracja/tabR9").getValue("username", row)): Text 'Ameba2' is set on object 'Object Repository/Page_PSTO webMessenger/input_Powrt do logowania_username'

2021-12-21 18:16:31 - [MESSAGE][PASSED] - Text 'Ameba2' is set on object 'Object Repository/Page_PSTO webMessenger/input_Powrt do logowania_username'

2021-12-21 18:16:31 - [TEST_STEP][PASSED] - setText(findTestObject("Object Repository/Page_PSTO webMessenger/input_Powrt do logowania_pass1"), findTestData("Rejestracja/tabR9").getValue("password", row)): Text 'startStop2' is set on object 'Object Repository/Page_PSTO webMessenger/input_Powrt do logowania_pass1'

2021-12-21 18:16:32 - [MESSAGE][PASSED] - Text 'startStop2' is set on object 'Object Repository/Page_PSTO webMessenger/input_Powrt do logowania_pass1'

2021-12-21 18:16:32 - [TEST_STEP][PASSED] - setText(findTestObject("Object Repository/Page_PSTO webMessenger/input_Powrt do logowania_pass2"), findTestData("Rejestracja/tabR9").getValue("password2", row)): Text 'startStop2' is set on object 'Object Repository/Page_PSTO webMessenger/input_Powrt do logowania_pass2'

2021-12-21 18:16:33 - [MESSAGE][PASSED] - Text 'startStop2' is set on object 'Object Repository/Page_PSTO webMessenger/input_Powrt do logowania_pass2'

2021-12-21 18:16:33 - [TEST_STEP][PASSED] - setText(findTestObject("Object Repository/Page_PSTO webMessenger/input_Powrt do logowania_name"), findTestData("Rejestracja/tabR9").getValue("name", row)): Text 'Agata' is set on object 'Object Repository/Page_PSTO webMessenger/input_Powrt do logowania_name'

2021-12-21 18:16:34 - [MESSAGE][PASSED] - Text 'Agata' is set on object 'Object Repository/Page_PSTO webMessenger/input_Powrt do logowania_name'

2021-12-21 18:16:34 - [TEST_STEP][PASSED] - setText(findTestObject("Object Repository/Page_PSTO webMessenger/input_Powrt do logowania_surname"), findTestData("Rejestracja/tabR9").getValue("surname", row)): Text 'Miodro' is set on object 'Object Repository/Page_PSTO webMessenger/input_Powrt do logowania_surname'

2021-12-21 18:16:34 - [MESSAGE][PASSED] - Text 'Miodro' is set on object 'Object Repository/Page_PSTO webMessenger/input_Powrt do logowania_surname'

2021-12-21 18:16:34 - [TEST_STEP][PASSED] - setText(findTestObject("Object Repository/Page_PSTO webMessenger/input_Powrt do logowania_kodgrupy"), findTestData("Rejestracja/tabR9").getValue("group", row)): Text 'wsbgroup2ap' is set on object 'Object Repository/Page_PSTO webMessenger/input_Powrt do logowania_kodgrupy'

2021-12-21 18:16:35 - [MESSAGE][PASSED] - Text 'wsbgroup2ap' is set on object 'Object Repository/Page_PSTO webMessenger/input_Powrt do logowania_kodgrupy'

2021-12-21 18:16:35 - [TEST_STEP][PASSED] - click(findTestObject("Page_PSTO webMessenger/input_Powrt do logowania_register")): Object: 'Object Repository/Page_PSTO webMessenger/input_Powrt do logowania_register' is clicked on

2021-12-21 18:16:36 - [MESSAGE][PASSED] - Object: 'Object Repository/Page_PSTO webMessenger/input_Powrt do logowania_register' is clicked on

2021-12-21 18:16:36 - [TEST_STEP][PASSED] - verifyElementVisible(findTestObject("Page_PSTO webMessenger/p_Uytkownik o takim loginie ju istnieje"), STOP_ON_FAILURE): Object 'Object Repository/Page_PSTO webMessenger/p_Uytkownik o takim loginie ju istnieje' is visible

2021-12-21 18:16:37 - [MESSAGE][PASSED] - Object 'Object Repository/Page_PSTO webMessenger/p_Uytkownik o takim loginie ju istnieje' is visible

2021-12-21 18:16:37 - [TEST_STEP][PASSED] - click(findTestObject("Object Repository/Page_PSTO webMessenger/a_Zarejestruj konto")): Object: 'Object Repository/Page_PSTO webMessenger/a_Zarejestruj konto' is clicked on

2021-12-21 18:16:37 - [MESSAGE][PASSED] - Object: 'Object Repository/Page_PSTO webMessenger/a_Zarejestruj konto' is clicked on

2021-12-21 18:16:37 - [TEST_STEP][PASSED] - click(findTestObject("Object Repository/Page_PSTO webMessenger/a_Zarejestruj konto")): Object: 'Object Repository/Page_PSTO webMessenger/a_Zarejestruj konto' is clicked on

2021-12-21 18:16:38 - [MESSAGE][PASSED] - Object: 'Object Repository/Page_PSTO webMessenger/a_Zarejestruj konto' is clicked on

2021-12-21 18:16:38 - [TEST_STEP][PASSED] - setText(findTestObject("Object Repository/Page_PSTO webMessenger/input_Powrt do logowania_username"), findTestData("Rejestracja/tabR9").getValue("username", row)): Text 'Ameba3' is set on object 'Object Repository/Page_PSTO webMessenger/input_Powrt do logowania_username'

2021-12-21 18:16:39 - [MESSAGE][PASSED] - Text 'Ameba3' is set on object 'Object Repository/Page_PSTO webMessenger/input_Powrt do logowania_username'

2021-12-21 18:16:39 - [TEST_STEP][PASSED] - setText(findTestObject("Object Repository/Page_PSTO webMessenger/input_Powrt do logowania_pass1"), findTestData("Rejestracja/tabR9").getValue("password", row)): Text 'startStop3' is set on object 'Object Repository/Page_PSTO webMessenger/input_Powrt do logowania_pass1'

2021-12-21 18:16:40 - [MESSAGE][PASSED] - Text 'startStop3' is set on object 'Object Repository/Page_PSTO webMessenger/input_Powrt do logowania_pass1'

2021-12-21 18:16:40 - [TEST_STEP][PASSED] - setText(findTestObject("Object Repository/Page_PSTO webMessenger/input_Powrt do logowania_pass2"), findTestData("Rejestracja/tabR9").getValue("password2", row)): Text 'startStop3' is set on object 'Object Repository/Page_PSTO webMessenger/input_Powrt do logowania_pass2'

2021-12-21 18:16:40 - [MESSAGE][PASSED] - Text 'startStop3' is set on object 'Object Repository/Page_PSTO webMessenger/input_Powrt do logowania_pass2'

2021-12-21 18:16:40 - [TEST_STEP][PASSED] - setText(findTestObject("Object Repository/Page_PSTO webMessenger/input_Powrt do logowania_name"), findTestData("Rejestracja/tabR9").getValue("name", row)): Text 'Agata' is set on object 'Object Repository/Page_PSTO webMessenger/input_Powrt do logowania_name'

2021-12-21 18:16:41 - [MESSAGE][PASSED] - Text 'Agata' is set on object 'Object Repository/Page_PSTO webMessenger/input_Powrt do logowania_name'

2021-12-21 18:16:41 - [TEST_STEP][PASSED] - setText(findTestObject("Object Repository/Page_PSTO webMessenger/input_Powrt do logowania_surname"), findTestData("Rejestracja/tabR9").getValue("surname", row)): Text 'Ziobro' is set on object 'Object Repository/Page_PSTO webMessenger/input_Powrt do logowania_surname'

2021-12-21 18:16:42 - [MESSAGE][PASSED] - Text 'Ziobro' is set on object 'Object Repository/Page_PSTO webMessenger/input_Powrt do logowania_surname'

2021-12-21 18:16:42 - [TEST_STEP][PASSED] - setText(findTestObject("Object Repository/Page_PSTO webMessenger/input_Powrt do logowania_kodgrupy"), findTestData("Rejestracja/tabR9").getValue("group", row)): Text 'wsbgroup2ap' is set on object 'Object Repository/Page_PSTO webMessenger/input_Powrt do logowania_kodgrupy'

2021-12-21 18:16:43 - [MESSAGE][PASSED] - Text 'wsbgroup2ap' is set on object 'Object Repository/Page_PSTO webMessenger/input_Powrt do logowania_kodgrupy'

2021-12-21 18:16:43 - [TEST_STEP][PASSED] - click(findTestObject("Page_PSTO webMessenger/input_Powrt do logowania_register")): Object: 'Object Repository/Page_PSTO webMessenger/input_Powrt do logowania_register' is clicked on

2021-12-21 18:16:43 - [MESSAGE][PASSED] - Object: 'Object Repository/Page_PSTO webMessenger/input_Powrt do logowania_register' is clicked on

2021-12-21 18:16:43 - [TEST_STEP][PASSED] - verifyElementVisible(findTestObject("Page_PSTO webMessenger/p_Uytkownik o takim loginie ju istnieje"), STOP_ON_FAILURE): Object 'Object Repository/Page_PSTO webMessenger/p_Uytkownik o takim loginie ju istnieje' is visible

2021-12-21 18:16:44 - [MESSAGE][PASSED] - Object 'Object Repository/Page_PSTO webMessenger/p_Uytkownik o takim loginie ju istnieje' is visible

2021-12-21 18:16:44 - [TEST_STEP][PASSED] - click(findTestObject("Object Repository/Page_PSTO webMessenger/a_Zarejestruj konto")): Object: 'Object Repository/Page_PSTO webMessenger/a_Zarejestruj konto' is clicked on

2021-12-21 18:16:44 - [MESSAGE][PASSED] - Object: 'Object Repository/Page_PSTO webMessenger/a_Zarejestruj konto' is clicked on

2021-12-21 18:16:44 - [TEST_STEP][PASSED] - click(findTestObject("Object Repository/Page_PSTO webMessenger/a_Zarejestruj konto")): Object: 'Object Repository/Page_PSTO webMessenger/a_Zarejestruj konto' is clicked on

2021-12-21 18:16:45 - [MESSAGE][PASSED] - Object: 'Object Repository/Page_PSTO webMessenger/a_Zarejestruj konto' is clicked on

2021-12-21 18:16:45 - [TEST_STEP][PASSED] - setText(findTestObject("Object Repository/Page_PSTO webMessenger/input_Powrt do logowania_username"), findTestData("Rejestracja/tabR9").getValue("username", row)): Text 'Ameba4' is set on object 'Object Repository/Page_PSTO webMessenger/input_Powrt do logowania_username'

2021-12-21 18:16:46 - [MESSAGE][PASSED] - Text 'Ameba4' is set on object 'Object Repository/Page_PSTO webMessenger/input_Powrt do logowania_username'

2021-12-21 18:16:46 - [TEST_STEP][PASSED] - setText(findTestObject("Object Repository/Page_PSTO webMessenger/input_Powrt do logowania_pass1"), findTestData("Rejestracja/tabR9").getValue("password", row)): Text 'startStop4' is set on object 'Object Repository/Page_PSTO webMessenger/input_Powrt do logowania_pass1'

2021-12-21 18:16:46 - [MESSAGE][PASSED] - Text 'startStop4' is set on object 'Object Repository/Page_PSTO webMessenger/input_Powrt do logowania_pass1'

2021-12-21 18:16:46 - [TEST_STEP][PASSED] - setText(findTestObject("Object Repository/Page_PSTO webMessenger/input_Powrt do logowania_pass2"), findTestData("Rejestracja/tabR9").getValue("password2", row)): Text 'startStop4' is set on object 'Object Repository/Page_PSTO webMessenger/input_Powrt do logowania_pass2'

2021-12-21 18:16:47 - [MESSAGE][PASSED] - Text 'startStop4' is set on object 'Object Repository/Page_PSTO webMessenger/input_Powrt do logowania_pass2'

2021-12-21 18:16:47 - [TEST_STEP][PASSED] - setText(findTestObject("Object Repository/Page_PSTO webMessenger/input_Powrt do logowania_name"), findTestData("Rejestracja/tabR9").getValue("name", row)): Text 'Agata' is set on object 'Object Repository/Page_PSTO webMessenger/input_Powrt do logowania_name'

2021-12-21 18:16:48 - [MESSAGE][PASSED] - Text 'Agata' is set on object 'Object Repository/Page_PSTO webMessenger/input_Powrt do logowania_name'

2021-12-21 18:16:48 - [TEST_STEP][PASSED] - setText(findTestObject("Object Repository/Page_PSTO webMessenger/input_Powrt do logowania_surname"), findTestData("Rejestracja/tabR9").getValue("surname", row)): Text 'Kiobro' is set on object 'Object Repository/Page_PSTO webMessenger/input_Powrt do logowania_surname'

2021-12-21 18:16:49 - [MESSAGE][PASSED] - Text 'Kiobro' is set on object 'Object Repository/Page_PSTO webMessenger/input_Powrt do logowania_surname'

2021-12-21 18:16:49 - [TEST_STEP][PASSED] - setText(findTestObject("Object Repository/Page_PSTO webMessenger/input_Powrt do logowania_kodgrupy"), findTestData("Rejestracja/tabR9").getValue("group", row)): Text 'wsbgroup2ap' is set on object 'Object Repository/Page_PSTO webMessenger/input_Powrt do logowania_kodgrupy'

2021-12-21 18:16:50 - [MESSAGE][PASSED] - Text 'wsbgroup2ap' is set on object 'Object Repository/Page_PSTO webMessenger/input_Powrt do logowania_kodgrupy'

2021-12-21 18:16:50 - [TEST_STEP][PASSED] - click(findTestObject("Page_PSTO webMessenger/input_Powrt do logowania_register")): Object: 'Object Repository/Page_PSTO webMessenger/input_Powrt do logowania_register' is clicked on

2021-12-21 18:16:50 - [MESSAGE][PASSED] - Object: 'Object Repository/Page_PSTO webMessenger/input_Powrt do logowania_register' is clicked on

2021-12-21 18:16:50 - [TEST_STEP][PASSED] - verifyElementVisible(findTestObject("Page_PSTO webMessenger/p_Uytkownik o takim loginie ju istnieje"), STOP_ON_FAILURE): Object 'Object Repository/Page_PSTO webMessenger/p_Uytkownik o takim loginie ju istnieje' is visible

2021-12-21 18:16:51 - [MESSAGE][PASSED] - Object 'Object Repository/Page_PSTO webMessenger/p_Uytkownik o takim loginie ju istnieje' is visible

2021-12-21 18:16:51 - [TEST_STEP][PASSED] - click(findTestObject("Object Repository/Page_PSTO webMessenger/a_Zarejestruj konto")): Object: 'Object Repository/Page_PSTO webMessenger/a_Zarejestruj konto' is clicked on

2021-12-21 18:16:51 - [MESSAGE][PASSED] - Object: 'Object Repository/Page_PSTO webMessenger/a_Zarejestruj konto' is clicked on

2021-12-21 18:16:51 - [TEST_STEP][PASSED] - click(findTestObject("Object Repository/Page_PSTO webMessenger/a_Zarejestruj konto")): Object: 'Object Repository/Page_PSTO webMessenger/a_Zarejestruj konto' is clicked on

2021-12-21 18:16:52 - [MESSAGE][PASSED] - Object: 'Object Repository/Page_PSTO webMessenger/a_Zarejestruj konto' is clicked on

2021-12-21 18:16:52 - [TEST_STEP][PASSED] - setText(findTestObject("Object Repository/Page_PSTO webMessenger/input_Powrt do logowania_username"), findTestData("Rejestracja/tabR9").getValue("username", row)): Text 'Ameba5' is set on object 'Object Repository/Page_PSTO webMessenger/input_Powrt do logowania_username'

2021-12-21 18:16:53 - [MESSAGE][PASSED] - Text 'Ameba5' is set on object 'Object Repository/Page_PSTO webMessenger/input_Powrt do logowania_username'

2021-12-21 18:16:53 - [TEST_STEP][PASSED] - setText(findTestObject("Object Repository/Page_PSTO webMessenger/input_Powrt do logowania_pass1"), findTestData("Rejestracja/tabR9").getValue("password", row)): Text 'startStop5' is set on object 'Object Repository/Page_PSTO webMessenger/input_Powrt do logowania_pass1'

2021-12-21 18:16:53 - [MESSAGE][PASSED] - Text 'startStop5' is set on object 'Object Repository/Page_PSTO webMessenger/input_Powrt do logowania_pass1'

2021-12-21 18:16:53 - [TEST_STEP][PASSED] - setText(findTestObject("Object Repository/Page_PSTO webMessenger/input_Powrt do logowania_pass2"), findTestData("Rejestracja/tabR9").getValue("password2", row)): Text 'startStop5' is set on object 'Object Repository/Page_PSTO webMessenger/input_Powrt do logowania_pass2'

2021-12-21 18:16:54 - [MESSAGE][PASSED] - Text 'startStop5' is set on object 'Object Repository/Page_PSTO webMessenger/input_Powrt do logowania_pass2'

2021-12-21 18:16:54 - [TEST_STEP][PASSED] - setText(findTestObject("Object Repository/Page_PSTO webMessenger/input_Powrt do logowania_name"), findTestData("Rejestracja/tabR9").getValue("name", row)): Text 'Agata' is set on object 'Object Repository/Page_PSTO webMessenger/input_Powrt do logowania_name'

2021-12-21 18:16:55 - [MESSAGE][PASSED] - Text 'Agata' is set on object 'Object Repository/Page_PSTO webMessenger/input_Powrt do logowania_name'

2021-12-21 18:16:55 - [TEST_STEP][PASSED] - setText(findTestObject("Object Repository/Page_PSTO webMessenger/input_Powrt do logowania_surname"), findTestData("Rejestracja/tabR9").getValue("surname", row)): Text 'Fiobro' is set on object 'Object Repository/Page_PSTO webMessenger/input_Powrt do logowania_surname'

2021-12-21 18:16:56 - [MESSAGE][PASSED] - Text 'Fiobro' is set on object 'Object Repository/Page_PSTO webMessenger/input_Powrt do logowania_surname'

2021-12-21 18:16:56 - [TEST_STEP][PASSED] - setText(findTestObject("Object Repository/Page_PSTO webMessenger/input_Powrt do logowania_kodgrupy"), findTestData("Rejestracja/tabR9").getValue("group", row)): Text 'wsbgroup2ap' is set on object 'Object Repository/Page_PSTO webMessenger/input_Powrt do logowania_kodgrupy'

2021-12-21 18:16:56 - [MESSAGE][PASSED] - Text 'wsbgroup2ap' is set on object 'Object Repository/Page_PSTO webMessenger/input_Powrt do logowania_kodgrupy'

2021-12-21 18:16:56 - [TEST_STEP][PASSED] - click(findTestObject("Page_PSTO webMessenger/input_Powrt do logowania_register")): Object: 'Object Repository/Page_PSTO webMessenger/input_Powrt do logowania_register' is clicked on

2021-12-21 18:16:57 - [MESSAGE][PASSED] - Object: 'Object Repository/Page_PSTO webMessenger/input_Powrt do logowania_register' is clicked on

2021-12-21 18:16:57 - [TEST_STEP][PASSED] - verifyElementVisible(findTestObject("Page_PSTO webMessenger/p_Uytkownik o takim loginie ju istnieje"), STOP_ON_FAILURE): Object 'Object Repository/Page_PSTO webMessenger/p_Uytkownik o takim loginie ju istnieje' is visible

2021-12-21 18:16:57 - [MESSAGE][PASSED] - Object 'Object Repository/Page_PSTO webMessenger/p_Uytkownik o takim loginie ju istnieje' is visible

2021-12-21 18:16:57 - [TEST_STEP][PASSED] - click(findTestObject("Object Repository/Page_PSTO webMessenger/a_Zarejestruj konto")): Object: 'Object Repository/Page_PSTO webMessenger/a_Zarejestruj konto' is clicked on

2021-12-21 18:16:58 - [MESSAGE][PASSED] - Object: 'Object Repository/Page_PSTO webMessenger/a_Zarejestruj konto' is clicked on

2021-12-21 18:16:58 - [TEST_STEP][PASSED] - closeBrowser(): Browser is closed

2021-12-21 18:16:59 - [MESSAGE][PASSED] - Browser is closed]]></system-out>
         <system-err><![CDATA[]]></system-err>
      </testcase>
      <system-out><![CDATA[2021-12-21 17:54:33 - [TEST_SUITE][FAILED] - R-tests: Test Cases/Rejestracja/R8 FAILED.
Reason:
com.kms.katalon.core.exception.StepFailedException: Unable to click on object 'Object Repository/Page_PSTO webMessenger - Zalogowano/img_Zarejestruj konto_iconImg' (Root cause: com.kms.katalon.core.exception.StepFailedException: Unable to click on object 'Object Repository/Page_PSTO webMessenger - Zalogowano/img_Zarejestruj konto_iconImg'
	at com.kms.katalon.core.webui.keyword.internal.WebUIKeywordMain.stepFailed(WebUIKeywordMain.groovy:64)
	at com.kms.katalon.core.webui.keyword.internal.WebUIKeywordMain.runKeyword(WebUIKeywordMain.groovy:26)
	at com.kms.katalon.core.webui.keyword.builtin.ClickKeyword.click(ClickKeyword.groovy:74)
	at com.kms.katalon.core.webui.keyword.builtin.ClickKeyword.execute(ClickKeyword.groovy:40)
	at com.kms.katalon.core.keyword.internal.KeywordExecutor.executeKeywordForPlatform(KeywordExecutor.groovy:74)
	at com.kms.katalon.core.webui.keyword.WebUiBuiltInKeywords.click(WebUiBuiltInKeywords.groovy:608)
	at com.kms.katalon.core.webui.keyword.WebUiBuiltInKeywords$click$4.call(Unknown Source)
	at R8.run(R8:61)
	at com.kms.katalon.core.main.ScriptEngine.run(ScriptEngine.java:194)
	at com.kms.katalon.core.main.ScriptEngine.runScriptAsRawText(ScriptEngine.java:119)
	at com.kms.katalon.core.main.TestCaseExecutor.runScript(TestCaseExecutor.java:442)
	at com.kms.katalon.core.main.TestCaseExecutor.doExecute(TestCaseExecutor.java:433)
	at com.kms.katalon.core.main.TestCaseExecutor.processExecutionPhase(TestCaseExecutor.java:412)
	at com.kms.katalon.core.main.TestCaseExecutor.accessMainPhase(TestCaseExecutor.java:404)
	at com.kms.katalon.core.main.TestCaseExecutor.execute(TestCaseExecutor.java:281)
	at com.kms.katalon.core.main.TestSuiteExecutor.accessTestCaseMainPhase(TestSuiteExecutor.java:202)
	at com.kms.katalon.core.main.TestSuiteExecutor.accessTestSuiteMainPhase(TestSuiteExecutor.java:164)
	at com.kms.katalon.core.main.TestSuiteExecutor.execute(TestSuiteExecutor.java:105)
	at com.kms.katalon.core.main.TestCaseMain.startTestSuite(TestCaseMain.java:181)
	at com.kms.katalon.core.main.TestCaseMain$startTestSuite$0.call(Unknown Source)
	at TempTestSuite1640105666841.run(TempTestSuite1640105666841.groovy:36)
Caused by: org.openqa.selenium.ElementNotInteractableException: element not interactable
  (Session info: chrome=96.0.4664.110)
Build info: version: '3.141.59', revision: 'e82be7d358', time: '2018-11-14T08:25:53'
System info: host: 'DESKTOP-KI9905I', ip: '192.168.3.3', os.name: 'Windows 10', os.arch: 'amd64', os.version: '10.0', java.version: '1.8.0_282'
Driver info: com.kms.katalon.selenium.driver.CChromeDriver
Capabilities {acceptInsecureCerts: false, browserName: chrome, browserVersion: 96.0.4664.110, chrome: {chromedriverVersion: 96.0.4664.45 (76e4c1bb2ab46..., userDataDir: C:\Users\agata\AppData\Loca...}, goog:chromeOptions: {debuggerAddress: localhost:51365}, javascriptEnabled: true, networkConnectionEnabled: false, pageLoadStrategy: normal, platform: WINDOWS, platformName: WINDOWS, proxy: Proxy(), setWindowRect: true, strictFileInteractability: false, timeouts: {implicit: 0, pageLoad: 300000, script: 30000}, unhandledPromptBehavior: dismiss and notify, webauthn:extension:credBlob: true, webauthn:extension:largeBlob: true, webauthn:virtualAuthenticators: true}
Session ID: de086a63716e603a46be13f846308a2f
	at org.openqa.selenium.remote.http.W3CHttpResponseCodec.createException(W3CHttpResponseCodec.java:187)
	at org.openqa.selenium.remote.http.W3CHttpResponseCodec.decode(W3CHttpResponseCodec.java:122)
	at org.openqa.selenium.remote.http.W3CHttpResponseCodec.decode(W3CHttpResponseCodec.java:49)
	at org.openqa.selenium.remote.HttpCommandExecutor.execute(HttpCommandExecutor.java:158)
	at org.openqa.selenium.remote.service.DriverCommandExecutor.execute(DriverCommandExecutor.java:83)
	at org.openqa.selenium.remote.RemoteWebDriver.execute(RemoteWebDriver.java:552)
	at com.kms.katalon.selenium.driver.CChromeDriver.execute(CChromeDriver.java:19)
	at org.openqa.selenium.remote.RemoteWebElement.execute(RemoteWebElement.java:285)
	at org.openqa.selenium.remote.RemoteWebElement.click(RemoteWebElement.java:84)
	at org.openqa.selenium.support.events.EventFiringWebDriver$EventFiringWebElement.lambda$new$0(EventFiringWebDriver.java:404)
	at com.sun.proxy.$Proxy11.click(Unknown Source)
	at org.openqa.selenium.support.events.EventFiringWebDriver$EventFiringWebElement.click(EventFiringWebDriver.java:417)
	at org.openqa.selenium.WebElement$click.call(Unknown Source)
	at com.kms.katalon.core.webui.keyword.builtin.ClickKeyword.clickUntilSuccessWithTimeout(ClickKeyword.groovy:81)
	at com.kms.katalon.core.webui.keyword.builtin.ClickKeyword.clickUntilSuccessWithTimeout(ClickKeyword.groovy)
	at com.kms.katalon.core.webui.keyword.builtin.ClickKeyword$_click_closure1.doCall(ClickKeyword.groovy:67)
	at com.kms.katalon.core.webui.keyword.builtin.ClickKeyword$_click_closure1.call(ClickKeyword.groovy)
	at com.kms.katalon.core.webui.keyword.internal.WebUIKeywordMain.runKeyword(WebUIKeywordMain.groovy:20)
	at com.kms.katalon.core.webui.keyword.builtin.ClickKeyword.click(ClickKeyword.groovy:74)
	at com.kms.katalon.core.webui.keyword.builtin.ClickKeyword.execute(ClickKeyword.groovy:40)
	at com.kms.katalon.core.keyword.internal.KeywordExecutor.executeKeywordForPlatform(KeywordExecutor.groovy:74)
	at com.kms.katalon.core.webui.keyword.WebUiBuiltInKeywords.click(WebUiBuiltInKeywords.groovy:608)
	at com.kms.katalon.core.webui.keyword.WebUiBuiltInKeywords$click$4.call(Unknown Source)
	at Script1638710180119.run(Script1638710180119.groovy:61)
	... 13 more
)
	at com.kms.katalon.core.keyword.internal.KeywordMain.stepFailed(KeywordMain.groovy:39)
	at com.kms.katalon.core.webui.keyword.internal.WebUIKeywordMain.stepFailed(WebUIKeywordMain.groovy:64)
	at com.kms.katalon.core.webui.keyword.internal.WebUIKeywordMain.runKeyword(WebUIKeywordMain.groovy:26)
	at com.kms.katalon.core.webui.keyword.builtin.ClickKeyword.click(ClickKeyword.groovy:74)
	at com.kms.katalon.core.webui.keyword.builtin.ClickKeyword.execute(ClickKeyword.groovy:40)
	at com.kms.katalon.core.keyword.internal.KeywordExecutor.executeKeywordForPlatform(KeywordExecutor.groovy:74)
	at com.kms.katalon.core.webui.keyword.WebUiBuiltInKeywords.click(WebUiBuiltInKeywords.groovy:608)
	at com.kms.katalon.core.webui.keyword.WebUiBuiltInKeywords$click$4.call(Unknown Source)
	at R8.run(R8:61)
	at com.kms.katalon.core.main.ScriptEngine.run(ScriptEngine.java:194)
	at com.kms.katalon.core.main.ScriptEngine.runScriptAsRawText(ScriptEngine.java:119)
	at com.kms.katalon.core.main.TestCaseExecutor.runScript(TestCaseExecutor.java:442)
	at com.kms.katalon.core.main.TestCaseExecutor.doExecute(TestCaseExecutor.java:433)
	at com.kms.katalon.core.main.TestCaseExecutor.processExecutionPhase(TestCaseExecutor.java:412)
	at com.kms.katalon.core.main.TestCaseExecutor.accessMainPhase(TestCaseExecutor.java:404)
	at com.kms.katalon.core.main.TestCaseExecutor.execute(TestCaseExecutor.java:281)
	at com.kms.katalon.core.main.TestSuiteExecutor.accessTestCaseMainPhase(TestSuiteExecutor.java:202)
	at com.kms.katalon.core.main.TestSuiteExecutor.accessTestSuiteMainPhase(TestSuiteExecutor.java:164)
	at com.kms.katalon.core.main.TestSuiteExecutor.execute(TestSuiteExecutor.java:105)
	at com.kms.katalon.core.main.TestCaseMain.startTestSuite(TestCaseMain.java:181)
	at com.kms.katalon.core.main.TestCaseMain$startTestSuite$0.call(Unknown Source)
	at TempTestSuite1640105666841.run(TempTestSuite1640105666841.groovy:36)
Caused by: com.kms.katalon.core.exception.StepFailedException: Unable to click on object 'Object Repository/Page_PSTO webMessenger - Zalogowano/img_Zarejestruj konto_iconImg'
	... 21 more
Caused by: org.openqa.selenium.ElementNotInteractableException: element not interactable
  (Session info: chrome=96.0.4664.110)
Build info: version: '3.141.59', revision: 'e82be7d358', time: '2018-11-14T08:25:53'
System info: host: 'DESKTOP-KI9905I', ip: '192.168.3.3', os.name: 'Windows 10', os.arch: 'amd64', os.version: '10.0', java.version: '1.8.0_282'
Driver info: com.kms.katalon.selenium.driver.CChromeDriver
Capabilities {acceptInsecureCerts: false, browserName: chrome, browserVersion: 96.0.4664.110, chrome: {chromedriverVersion: 96.0.4664.45 (76e4c1bb2ab46..., userDataDir: C:\Users\agata\AppData\Loca...}, goog:chromeOptions: {debuggerAddress: localhost:51365}, javascriptEnabled: true, networkConnectionEnabled: false, pageLoadStrategy: normal, platform: WINDOWS, platformName: WINDOWS, proxy: Proxy(), setWindowRect: true, strictFileInteractability: false, timeouts: {implicit: 0, pageLoad: 300000, script: 30000}, unhandledPromptBehavior: dismiss and notify, webauthn:extension:credBlob: true, webauthn:extension:largeBlob: true, webauthn:virtualAuthenticators: true}
Session ID: de086a63716e603a46be13f846308a2f
	at org.openqa.selenium.remote.http.W3CHttpResponseCodec.createException(W3CHttpResponseCodec.java:187)
	at org.openqa.selenium.remote.http.W3CHttpResponseCodec.decode(W3CHttpResponseCodec.java:122)
	at org.openqa.selenium.remote.http.W3CHttpResponseCodec.decode(W3CHttpResponseCodec.java:49)
	at org.openqa.selenium.remote.HttpCommandExecutor.execute(HttpCommandExecutor.java:158)
	at org.openqa.selenium.remote.service.DriverCommandExecutor.execute(DriverCommandExecutor.java:83)
	at org.openqa.selenium.remote.RemoteWebDriver.execute(RemoteWebDriver.java:552)
	at com.kms.katalon.selenium.driver.CChromeDriver.execute(CChromeDriver.java:19)
	at org.openqa.selenium.remote.RemoteWebElement.execute(RemoteWebElement.java:285)
	at org.openqa.selenium.remote.RemoteWebElement.click(RemoteWebElement.java:84)
	at org.openqa.selenium.support.events.EventFiringWebDriver$EventFiringWebElement.lambda$new$0(EventFiringWebDriver.java:404)
	at com.sun.proxy.$Proxy11.click(Unknown Source)
	at org.openqa.selenium.support.events.EventFiringWebDriver$EventFiringWebElement.click(EventFiringWebDriver.java:417)
	at org.openqa.selenium.WebElement$click.call(Unknown Source)
	at com.kms.katalon.core.webui.keyword.builtin.ClickKeyword.clickUntilSuccessWithTimeout(ClickKeyword.groovy:81)
	at com.kms.katalon.core.webui.keyword.builtin.ClickKeyword.clickUntilSuccessWithTimeout(ClickKeyword.groovy)
	at com.kms.katalon.core.webui.keyword.builtin.ClickKeyword$_click_closure1.doCall(ClickKeyword.groovy:67)
	at com.kms.katalon.core.webui.keyword.builtin.ClickKeyword$_click_closure1.call(ClickKeyword.groovy)
	at com.kms.katalon.core.webui.keyword.internal.WebUIKeywordMain.runKeyword(WebUIKeywordMain.groovy:20)
	... 19 more]]></system-out>
      <system-err><![CDATA[2021-12-21 17:54:33 - [TEST_SUITE][FAILED] - R-tests: Test Cases/Rejestracja/R8 FAILED.
Reason:
com.kms.katalon.core.exception.StepFailedException: Unable to click on object 'Object Repository/Page_PSTO webMessenger - Zalogowano/img_Zarejestruj konto_iconImg' (Root cause: com.kms.katalon.core.exception.StepFailedException: Unable to click on object 'Object Repository/Page_PSTO webMessenger - Zalogowano/img_Zarejestruj konto_iconImg'
	at com.kms.katalon.core.webui.keyword.internal.WebUIKeywordMain.stepFailed(WebUIKeywordMain.groovy:64)
	at com.kms.katalon.core.webui.keyword.internal.WebUIKeywordMain.runKeyword(WebUIKeywordMain.groovy:26)
	at com.kms.katalon.core.webui.keyword.builtin.ClickKeyword.click(ClickKeyword.groovy:74)
	at com.kms.katalon.core.webui.keyword.builtin.ClickKeyword.execute(ClickKeyword.groovy:40)
	at com.kms.katalon.core.keyword.internal.KeywordExecutor.executeKeywordForPlatform(KeywordExecutor.groovy:74)
	at com.kms.katalon.core.webui.keyword.WebUiBuiltInKeywords.click(WebUiBuiltInKeywords.groovy:608)
	at com.kms.katalon.core.webui.keyword.WebUiBuiltInKeywords$click$4.call(Unknown Source)
	at R8.run(R8:61)
	at com.kms.katalon.core.main.ScriptEngine.run(ScriptEngine.java:194)
	at com.kms.katalon.core.main.ScriptEngine.runScriptAsRawText(ScriptEngine.java:119)
	at com.kms.katalon.core.main.TestCaseExecutor.runScript(TestCaseExecutor.java:442)
	at com.kms.katalon.core.main.TestCaseExecutor.doExecute(TestCaseExecutor.java:433)
	at com.kms.katalon.core.main.TestCaseExecutor.processExecutionPhase(TestCaseExecutor.java:412)
	at com.kms.katalon.core.main.TestCaseExecutor.accessMainPhase(TestCaseExecutor.java:404)
	at com.kms.katalon.core.main.TestCaseExecutor.execute(TestCaseExecutor.java:281)
	at com.kms.katalon.core.main.TestSuiteExecutor.accessTestCaseMainPhase(TestSuiteExecutor.java:202)
	at com.kms.katalon.core.main.TestSuiteExecutor.accessTestSuiteMainPhase(TestSuiteExecutor.java:164)
	at com.kms.katalon.core.main.TestSuiteExecutor.execute(TestSuiteExecutor.java:105)
	at com.kms.katalon.core.main.TestCaseMain.startTestSuite(TestCaseMain.java:181)
	at com.kms.katalon.core.main.TestCaseMain$startTestSuite$0.call(Unknown Source)
	at TempTestSuite1640105666841.run(TempTestSuite1640105666841.groovy:36)
Caused by: org.openqa.selenium.ElementNotInteractableException: element not interactable
  (Session info: chrome=96.0.4664.110)
Build info: version: '3.141.59', revision: 'e82be7d358', time: '2018-11-14T08:25:53'
System info: host: 'DESKTOP-KI9905I', ip: '192.168.3.3', os.name: 'Windows 10', os.arch: 'amd64', os.version: '10.0', java.version: '1.8.0_282'
Driver info: com.kms.katalon.selenium.driver.CChromeDriver
Capabilities {acceptInsecureCerts: false, browserName: chrome, browserVersion: 96.0.4664.110, chrome: {chromedriverVersion: 96.0.4664.45 (76e4c1bb2ab46..., userDataDir: C:\Users\agata\AppData\Loca...}, goog:chromeOptions: {debuggerAddress: localhost:51365}, javascriptEnabled: true, networkConnectionEnabled: false, pageLoadStrategy: normal, platform: WINDOWS, platformName: WINDOWS, proxy: Proxy(), setWindowRect: true, strictFileInteractability: false, timeouts: {implicit: 0, pageLoad: 300000, script: 30000}, unhandledPromptBehavior: dismiss and notify, webauthn:extension:credBlob: true, webauthn:extension:largeBlob: true, webauthn:virtualAuthenticators: true}
Session ID: de086a63716e603a46be13f846308a2f
	at org.openqa.selenium.remote.http.W3CHttpResponseCodec.createException(W3CHttpResponseCodec.java:187)
	at org.openqa.selenium.remote.http.W3CHttpResponseCodec.decode(W3CHttpResponseCodec.java:122)
	at org.openqa.selenium.remote.http.W3CHttpResponseCodec.decode(W3CHttpResponseCodec.java:49)
	at org.openqa.selenium.remote.HttpCommandExecutor.execute(HttpCommandExecutor.java:158)
	at org.openqa.selenium.remote.service.DriverCommandExecutor.execute(DriverCommandExecutor.java:83)
	at org.openqa.selenium.remote.RemoteWebDriver.execute(RemoteWebDriver.java:552)
	at com.kms.katalon.selenium.driver.CChromeDriver.execute(CChromeDriver.java:19)
	at org.openqa.selenium.remote.RemoteWebElement.execute(RemoteWebElement.java:285)
	at org.openqa.selenium.remote.RemoteWebElement.click(RemoteWebElement.java:84)
	at org.openqa.selenium.support.events.EventFiringWebDriver$EventFiringWebElement.lambda$new$0(EventFiringWebDriver.java:404)
	at com.sun.proxy.$Proxy11.click(Unknown Source)
	at org.openqa.selenium.support.events.EventFiringWebDriver$EventFiringWebElement.click(EventFiringWebDriver.java:417)
	at org.openqa.selenium.WebElement$click.call(Unknown Source)
	at com.kms.katalon.core.webui.keyword.builtin.ClickKeyword.clickUntilSuccessWithTimeout(ClickKeyword.groovy:81)
	at com.kms.katalon.core.webui.keyword.builtin.ClickKeyword.clickUntilSuccessWithTimeout(ClickKeyword.groovy)
	at com.kms.katalon.core.webui.keyword.builtin.ClickKeyword$_click_closure1.doCall(ClickKeyword.groovy:67)
	at com.kms.katalon.core.webui.keyword.builtin.ClickKeyword$_click_closure1.call(ClickKeyword.groovy)
	at com.kms.katalon.core.webui.keyword.internal.WebUIKeywordMain.runKeyword(WebUIKeywordMain.groovy:20)
	at com.kms.katalon.core.webui.keyword.builtin.ClickKeyword.click(ClickKeyword.groovy:74)
	at com.kms.katalon.core.webui.keyword.builtin.ClickKeyword.execute(ClickKeyword.groovy:40)
	at com.kms.katalon.core.keyword.internal.KeywordExecutor.executeKeywordForPlatform(KeywordExecutor.groovy:74)
	at com.kms.katalon.core.webui.keyword.WebUiBuiltInKeywords.click(WebUiBuiltInKeywords.groovy:608)
	at com.kms.katalon.core.webui.keyword.WebUiBuiltInKeywords$click$4.call(Unknown Source)
	at Script1638710180119.run(Script1638710180119.groovy:61)
	... 13 more
)
	at com.kms.katalon.core.keyword.internal.KeywordMain.stepFailed(KeywordMain.groovy:39)
	at com.kms.katalon.core.webui.keyword.internal.WebUIKeywordMain.stepFailed(WebUIKeywordMain.groovy:64)
	at com.kms.katalon.core.webui.keyword.internal.WebUIKeywordMain.runKeyword(WebUIKeywordMain.groovy:26)
	at com.kms.katalon.core.webui.keyword.builtin.ClickKeyword.click(ClickKeyword.groovy:74)
	at com.kms.katalon.core.webui.keyword.builtin.ClickKeyword.execute(ClickKeyword.groovy:40)
	at com.kms.katalon.core.keyword.internal.KeywordExecutor.executeKeywordForPlatform(KeywordExecutor.groovy:74)
	at com.kms.katalon.core.webui.keyword.WebUiBuiltInKeywords.click(WebUiBuiltInKeywords.groovy:608)
	at com.kms.katalon.core.webui.keyword.WebUiBuiltInKeywords$click$4.call(Unknown Source)
	at R8.run(R8:61)
	at com.kms.katalon.core.main.ScriptEngine.run(ScriptEngine.java:194)
	at com.kms.katalon.core.main.ScriptEngine.runScriptAsRawText(ScriptEngine.java:119)
	at com.kms.katalon.core.main.TestCaseExecutor.runScript(TestCaseExecutor.java:442)
	at com.kms.katalon.core.main.TestCaseExecutor.doExecute(TestCaseExecutor.java:433)
	at com.kms.katalon.core.main.TestCaseExecutor.processExecutionPhase(TestCaseExecutor.java:412)
	at com.kms.katalon.core.main.TestCaseExecutor.accessMainPhase(TestCaseExecutor.java:404)
	at com.kms.katalon.core.main.TestCaseExecutor.execute(TestCaseExecutor.java:281)
	at com.kms.katalon.core.main.TestSuiteExecutor.accessTestCaseMainPhase(TestSuiteExecutor.java:202)
	at com.kms.katalon.core.main.TestSuiteExecutor.accessTestSuiteMainPhase(TestSuiteExecutor.java:164)
	at com.kms.katalon.core.main.TestSuiteExecutor.execute(TestSuiteExecutor.java:105)
	at com.kms.katalon.core.main.TestCaseMain.startTestSuite(TestCaseMain.java:181)
	at com.kms.katalon.core.main.TestCaseMain$startTestSuite$0.call(Unknown Source)
	at TempTestSuite1640105666841.run(TempTestSuite1640105666841.groovy:36)
Caused by: com.kms.katalon.core.exception.StepFailedException: Unable to click on object 'Object Repository/Page_PSTO webMessenger - Zalogowano/img_Zarejestruj konto_iconImg'
	... 21 more
Caused by: org.openqa.selenium.ElementNotInteractableException: element not interactable
  (Session info: chrome=96.0.4664.110)
Build info: version: '3.141.59', revision: 'e82be7d358', time: '2018-11-14T08:25:53'
System info: host: 'DESKTOP-KI9905I', ip: '192.168.3.3', os.name: 'Windows 10', os.arch: 'amd64', os.version: '10.0', java.version: '1.8.0_282'
Driver info: com.kms.katalon.selenium.driver.CChromeDriver
Capabilities {acceptInsecureCerts: false, browserName: chrome, browserVersion: 96.0.4664.110, chrome: {chromedriverVersion: 96.0.4664.45 (76e4c1bb2ab46..., userDataDir: C:\Users\agata\AppData\Loca...}, goog:chromeOptions: {debuggerAddress: localhost:51365}, javascriptEnabled: true, networkConnectionEnabled: false, pageLoadStrategy: normal, platform: WINDOWS, platformName: WINDOWS, proxy: Proxy(), setWindowRect: true, strictFileInteractability: false, timeouts: {implicit: 0, pageLoad: 300000, script: 30000}, unhandledPromptBehavior: dismiss and notify, webauthn:extension:credBlob: true, webauthn:extension:largeBlob: true, webauthn:virtualAuthenticators: true}
Session ID: de086a63716e603a46be13f846308a2f
	at org.openqa.selenium.remote.http.W3CHttpResponseCodec.createException(W3CHttpResponseCodec.java:187)
	at org.openqa.selenium.remote.http.W3CHttpResponseCodec.decode(W3CHttpResponseCodec.java:122)
	at org.openqa.selenium.remote.http.W3CHttpResponseCodec.decode(W3CHttpResponseCodec.java:49)
	at org.openqa.selenium.remote.HttpCommandExecutor.execute(HttpCommandExecutor.java:158)
	at org.openqa.selenium.remote.service.DriverCommandExecutor.execute(DriverCommandExecutor.java:83)
	at org.openqa.selenium.remote.RemoteWebDriver.execute(RemoteWebDriver.java:552)
	at com.kms.katalon.selenium.driver.CChromeDriver.execute(CChromeDriver.java:19)
	at org.openqa.selenium.remote.RemoteWebElement.execute(RemoteWebElement.java:285)
	at org.openqa.selenium.remote.RemoteWebElement.click(RemoteWebElement.java:84)
	at org.openqa.selenium.support.events.EventFiringWebDriver$EventFiringWebElement.lambda$new$0(EventFiringWebDriver.java:404)
	at com.sun.proxy.$Proxy11.click(Unknown Source)
	at org.openqa.selenium.support.events.EventFiringWebDriver$EventFiringWebElement.click(EventFiringWebDriver.java:417)
	at org.openqa.selenium.WebElement$click.call(Unknown Source)
	at com.kms.katalon.core.webui.keyword.builtin.ClickKeyword.clickUntilSuccessWithTimeout(ClickKeyword.groovy:81)
	at com.kms.katalon.core.webui.keyword.builtin.ClickKeyword.clickUntilSuccessWithTimeout(ClickKeyword.groovy)
	at com.kms.katalon.core.webui.keyword.builtin.ClickKeyword$_click_closure1.doCall(ClickKeyword.groovy:67)
	at com.kms.katalon.core.webui.keyword.builtin.ClickKeyword$_click_closure1.call(ClickKeyword.groovy)
	at com.kms.katalon.core.webui.keyword.internal.WebUIKeywordMain.runKeyword(WebUIKeywordMain.groovy:20)
	... 19 more]]></system-err>
   </testsuite>
</testsuites>
