<?xml version="1.0" encoding="UTF-8"?>
<testsuites name="HR-test" time="730.477" tests="5" failures="4" errors="0">
   <testsuite name="HR-test" tests="5" failures="4" errors="0" time="730.477" skipped="0" timestamp="2021-12-19 13:34:26" hostname="agata - DESKTOP-KI9905I" id="Test Suites/HR-test">
      <properties>
         <property name="deviceName" value=""/>
         <property name="devicePlatform" value=""/>
         <property name="logFolder" value="C:\\Users\\agata\\git\\PTSOWebKounikator\\Reports\\20211219_133421\\HR-test\\20211219_133421"/>
         <property name="logFiles" value="C:\\Users\\agata\\git\\PTSOWebKounikator\\Reports\\20211219_133421\\HR-test\\20211219_133421\\execution0.log"/>
         <property name="attachments" value=""/>
         <property name="hostName" value="agata - DESKTOP-KI9905I"/>
         <property name="os" value="Windows 10 64bit"/>
         <property name="katalonVersion" value="8.2.0.208"/>
         <property name="browser" value="Firefox 94.0"/>
         <property name="hostAddress" value="192.168.3.3"/>
         <property name="sessionId" value="3eab8be4-fdfc-4770-b1e3-ad0d135794c9"/>
         <property name="seleniumVersion" value="3.141.59"/>
         <property name="proxyInformation" value="ProxyInformation { proxyOption=NO_PROXY, proxyServerType=HTTP, username=, password=********, proxyServerAddress=, proxyServerPort=0, executionList=&quot;&quot;, isApplyToDesiredCapabilities=true }"/>
         <property name="platform" value="Windows 10"/>
      </properties>
      <testcase name="Test Cases/Historia rozm贸w/HR17" time="523.423" classname="Test Cases/Historia rozm贸w/HR17" status="PASSED">
         <system-out><![CDATA[2021-12-19 13:34:27 - [TEST_CASE][PASSED] - Test Cases/Historia rozm贸w/HR17: Test Cases/Historia rozm贸w/HR17

2021-12-19 13:34:27 - [TEST_STEP][PASSED] - openBrowser(""): Browser is opened with url: ''

2021-12-19 13:34:28 - [MESSAGE][INFO] - Starting 'Firefox' driver

2021-12-19 13:34:28 - [MESSAGE][INFO] - Action delay is set to 0 milliseconds

2021-12-19 13:34:35 - [MESSAGE][PASSED] - Browser is opened with url: ''

2021-12-19 13:34:35 - [TEST_STEP][PASSED] - navigateToUrl("http://kmg.hcm.pl/testowanie/index.html"): Navigate to 'http://kmg.hcm.pl/testowanie/index.html' successfully

2021-12-19 13:34:36 - [MESSAGE][PASSED] - Navigate to 'http://kmg.hcm.pl/testowanie/index.html' successfully

2021-12-19 13:34:36 - [TEST_STEP][PASSED] - setText(findTestObject("Object Repository/Page_PSTO webMessenger/input_Zarejestruj konto_userLogin"), "Tomasz Staszewski"): Text 'Tomasz Staszewski' is set on object 'Object Repository/Page_PSTO webMessenger/input_Zarejestruj konto_userLogin'

2021-12-19 13:34:37 - [MESSAGE][PASSED] - Text 'Tomasz Staszewski' is set on object 'Object Repository/Page_PSTO webMessenger/input_Zarejestruj konto_userLogin'

2021-12-19 13:34:37 - [TEST_STEP][PASSED] - setEncryptedText(findTestObject("Object Repository/Page_PSTO webMessenger/input_Zarejestruj konto_passwordLogin"), "wCo1vTKhcj4="): Text ****** has been set on object 'Object Repository/Page_PSTO webMessenger/input_Zarejestruj konto_passwordLogin'

2021-12-19 13:34:38 - [MESSAGE][PASSED] - Text ****** has been set on object 'Object Repository/Page_PSTO webMessenger/input_Zarejestruj konto_passwordLogin'

2021-12-19 13:34:38 - [TEST_STEP][PASSED] - click(findTestObject("Object Repository/Page_PSTO webMessenger/input_Zarejestruj konto_login")): Object: 'Object Repository/Page_PSTO webMessenger/input_Zarejestruj konto_login' is clicked on

2021-12-19 13:34:39 - [MESSAGE][PASSED] - Object: 'Object Repository/Page_PSTO webMessenger/input_Zarejestruj konto_login' is clicked on

2021-12-19 13:34:39 - [TEST_STEP][PASSED] - click(findTestObject("Object Repository/Page_PSTO webMessenger - Zalogowano/img_z_profileImg")): Object: 'Object Repository/Page_PSTO webMessenger - Zalogowano/img_z_profileImg' is clicked on

2021-12-19 13:34:39 - [MESSAGE][PASSED] - Object: 'Object Repository/Page_PSTO webMessenger - Zalogowano/img_z_profileImg' is clicked on

2021-12-19 13:34:39 - [TEST_STEP][PASSED] - for (def index : (1..100)): Object: 'Object Repository/Page_PSTO webMessenger - Zalogowano/img_Robert Majewski_sendButton' is clicked on

2021-12-19 13:34:39 - [TEST_STEP][PASSED] - setText(findTestObject("Object Repository/Page_PSTO webMessenger - Zalogowano/input_Robert Majewski_messageInput"), "a"): Text 'a' is set on object 'Object Repository/Page_PSTO webMessenger - Zalogowano/input_Robert Majewski_messageInput'

2021-12-19 13:34:42 - [MESSAGE][PASSED] - Text 'a' is set on object 'Object Repository/Page_PSTO webMessenger - Zalogowano/input_Robert Majewski_messageInput'

2021-12-19 13:34:42 - [TEST_STEP][PASSED] - click(findTestObject("Object Repository/Page_PSTO webMessenger - Zalogowano/img_Robert Majewski_sendButton")): Object: 'Object Repository/Page_PSTO webMessenger - Zalogowano/img_Robert Majewski_sendButton' is clicked on

2021-12-19 13:34:43 - [MESSAGE][PASSED] - Object: 'Object Repository/Page_PSTO webMessenger - Zalogowano/img_Robert Majewski_sendButton' is clicked on

2021-12-19 13:34:43 - [TEST_STEP][PASSED] - setText(findTestObject("Object Repository/Page_PSTO webMessenger - Zalogowano/input_Robert Majewski_messageInput"), "a"): Text 'a' is set on object 'Object Repository/Page_PSTO webMessenger - Zalogowano/input_Robert Majewski_messageInput'

2021-12-19 13:34:43 - [MESSAGE][PASSED] - Text 'a' is set on object 'Object Repository/Page_PSTO webMessenger - Zalogowano/input_Robert Majewski_messageInput'

2021-12-19 13:34:43 - [TEST_STEP][PASSED] - click(findTestObject("Object Repository/Page_PSTO webMessenger - Zalogowano/img_Robert Majewski_sendButton")): Object: 'Object Repository/Page_PSTO webMessenger - Zalogowano/img_Robert Majewski_sendButton' is clicked on

2021-12-19 13:34:44 - [MESSAGE][PASSED] - Object: 'Object Repository/Page_PSTO webMessenger - Zalogowano/img_Robert Majewski_sendButton' is clicked on

2021-12-19 13:34:44 - [TEST_STEP][PASSED] - setText(findTestObject("Object Repository/Page_PSTO webMessenger - Zalogowano/input_Robert Majewski_messageInput"), "a"): Text 'a' is set on object 'Object Repository/Page_PSTO webMessenger - Zalogowano/input_Robert Majewski_messageInput'

2021-12-19 13:34:46 - [MESSAGE][PASSED] - Text 'a' is set on object 'Object Repository/Page_PSTO webMessenger - Zalogowano/input_Robert Majewski_messageInput'

2021-12-19 13:34:46 - [TEST_STEP][PASSED] - click(findTestObject("Object Repository/Page_PSTO webMessenger - Zalogowano/img_Robert Majewski_sendButton")): Object: 'Object Repository/Page_PSTO webMessenger - Zalogowano/img_Robert Majewski_sendButton' is clicked on

2021-12-19 13:34:50 - [MESSAGE][PASSED] - Object: 'Object Repository/Page_PSTO webMessenger - Zalogowano/img_Robert Majewski_sendButton' is clicked on

2021-12-19 13:34:50 - [TEST_STEP][PASSED] - setText(findTestObject("Object Repository/Page_PSTO webMessenger - Zalogowano/input_Robert Majewski_messageInput"), "a"): Text 'a' is set on object 'Object Repository/Page_PSTO webMessenger - Zalogowano/input_Robert Majewski_messageInput'

2021-12-19 13:34:55 - [MESSAGE][PASSED] - Text 'a' is set on object 'Object Repository/Page_PSTO webMessenger - Zalogowano/input_Robert Majewski_messageInput'

2021-12-19 13:34:55 - [TEST_STEP][PASSED] - click(findTestObject("Object Repository/Page_PSTO webMessenger - Zalogowano/img_Robert Majewski_sendButton")): Object: 'Object Repository/Page_PSTO webMessenger - Zalogowano/img_Robert Majewski_sendButton' is clicked on

2021-12-19 13:34:57 - [MESSAGE][PASSED] - Object: 'Object Repository/Page_PSTO webMessenger - Zalogowano/img_Robert Majewski_sendButton' is clicked on

2021-12-19 13:34:57 - [TEST_STEP][PASSED] - setText(findTestObject("Object Repository/Page_PSTO webMessenger - Zalogowano/input_Robert Majewski_messageInput"), "a"): Text 'a' is set on object 'Object Repository/Page_PSTO webMessenger - Zalogowano/input_Robert Majewski_messageInput'

2021-12-19 13:35:02 - [MESSAGE][PASSED] - Text 'a' is set on object 'Object Repository/Page_PSTO webMessenger - Zalogowano/input_Robert Majewski_messageInput'

2021-12-19 13:35:02 - [TEST_STEP][PASSED] - click(findTestObject("Object Repository/Page_PSTO webMessenger - Zalogowano/img_Robert Majewski_sendButton")): Object: 'Object Repository/Page_PSTO webMessenger - Zalogowano/img_Robert Majewski_sendButton' is clicked on

2021-12-19 13:35:05 - [MESSAGE][PASSED] - Object: 'Object Repository/Page_PSTO webMessenger - Zalogowano/img_Robert Majewski_sendButton' is clicked on

2021-12-19 13:35:05 - [TEST_STEP][PASSED] - setText(findTestObject("Object Repository/Page_PSTO webMessenger - Zalogowano/input_Robert Majewski_messageInput"), "a"): Text 'a' is set on object 'Object Repository/Page_PSTO webMessenger - Zalogowano/input_Robert Majewski_messageInput'

2021-12-19 13:35:09 - [MESSAGE][PASSED] - Text 'a' is set on object 'Object Repository/Page_PSTO webMessenger - Zalogowano/input_Robert Majewski_messageInput'

2021-12-19 13:35:09 - [TEST_STEP][PASSED] - click(findTestObject("Object Repository/Page_PSTO webMessenger - Zalogowano/img_Robert Majewski_sendButton")): Object: 'Object Repository/Page_PSTO webMessenger - Zalogowano/img_Robert Majewski_sendButton' is clicked on

2021-12-19 13:35:12 - [MESSAGE][PASSED] - Object: 'Object Repository/Page_PSTO webMessenger - Zalogowano/img_Robert Majewski_sendButton' is clicked on

2021-12-19 13:35:12 - [TEST_STEP][PASSED] - setText(findTestObject("Object Repository/Page_PSTO webMessenger - Zalogowano/input_Robert Majewski_messageInput"), "a"): Text 'a' is set on object 'Object Repository/Page_PSTO webMessenger - Zalogowano/input_Robert Majewski_messageInput'

2021-12-19 13:35:15 - [MESSAGE][PASSED] - Text 'a' is set on object 'Object Repository/Page_PSTO webMessenger - Zalogowano/input_Robert Majewski_messageInput'

2021-12-19 13:35:15 - [TEST_STEP][PASSED] - click(findTestObject("Object Repository/Page_PSTO webMessenger - Zalogowano/img_Robert Majewski_sendButton")): Object: 'Object Repository/Page_PSTO webMessenger - Zalogowano/img_Robert Majewski_sendButton' is clicked on

2021-12-19 13:35:18 - [MESSAGE][PASSED] - Object: 'Object Repository/Page_PSTO webMessenger - Zalogowano/img_Robert Majewski_sendButton' is clicked on

2021-12-19 13:35:18 - [TEST_STEP][PASSED] - setText(findTestObject("Object Repository/Page_PSTO webMessenger - Zalogowano/input_Robert Majewski_messageInput"), "a"): Text 'a' is set on object 'Object Repository/Page_PSTO webMessenger - Zalogowano/input_Robert Majewski_messageInput'

2021-12-19 13:35:21 - [MESSAGE][PASSED] - Text 'a' is set on object 'Object Repository/Page_PSTO webMessenger - Zalogowano/input_Robert Majewski_messageInput'

2021-12-19 13:35:21 - [TEST_STEP][PASSED] - click(findTestObject("Object Repository/Page_PSTO webMessenger - Zalogowano/img_Robert Majewski_sendButton")): Object: 'Object Repository/Page_PSTO webMessenger - Zalogowano/img_Robert Majewski_sendButton' is clicked on

2021-12-19 13:35:24 - [MESSAGE][PASSED] - Object: 'Object Repository/Page_PSTO webMessenger - Zalogowano/img_Robert Majewski_sendButton' is clicked on

2021-12-19 13:35:24 - [TEST_STEP][PASSED] - setText(findTestObject("Object Repository/Page_PSTO webMessenger - Zalogowano/input_Robert Majewski_messageInput"), "a"): Text 'a' is set on object 'Object Repository/Page_PSTO webMessenger - Zalogowano/input_Robert Majewski_messageInput'

2021-12-19 13:35:28 - [MESSAGE][PASSED] - Text 'a' is set on object 'Object Repository/Page_PSTO webMessenger - Zalogowano/input_Robert Majewski_messageInput'

2021-12-19 13:35:28 - [TEST_STEP][PASSED] - click(findTestObject("Object Repository/Page_PSTO webMessenger - Zalogowano/img_Robert Majewski_sendButton")): Object: 'Object Repository/Page_PSTO webMessenger - Zalogowano/img_Robert Majewski_sendButton' is clicked on

2021-12-19 13:35:31 - [MESSAGE][PASSED] - Object: 'Object Repository/Page_PSTO webMessenger - Zalogowano/img_Robert Majewski_sendButton' is clicked on

2021-12-19 13:35:31 - [TEST_STEP][PASSED] - setText(findTestObject("Object Repository/Page_PSTO webMessenger - Zalogowano/input_Robert Majewski_messageInput"), "a"): Text 'a' is set on object 'Object Repository/Page_PSTO webMessenger - Zalogowano/input_Robert Majewski_messageInput'

2021-12-19 13:35:34 - [MESSAGE][PASSED] - Text 'a' is set on object 'Object Repository/Page_PSTO webMessenger - Zalogowano/input_Robert Majewski_messageInput'

2021-12-19 13:35:34 - [TEST_STEP][PASSED] - click(findTestObject("Object Repository/Page_PSTO webMessenger - Zalogowano/img_Robert Majewski_sendButton")): Object: 'Object Repository/Page_PSTO webMessenger - Zalogowano/img_Robert Majewski_sendButton' is clicked on

2021-12-19 13:35:37 - [MESSAGE][PASSED] - Object: 'Object Repository/Page_PSTO webMessenger - Zalogowano/img_Robert Majewski_sendButton' is clicked on

2021-12-19 13:35:37 - [TEST_STEP][PASSED] - setText(findTestObject("Object Repository/Page_PSTO webMessenger - Zalogowano/input_Robert Majewski_messageInput"), "a"): Text 'a' is set on object 'Object Repository/Page_PSTO webMessenger - Zalogowano/input_Robert Majewski_messageInput'

2021-12-19 13:35:41 - [MESSAGE][PASSED] - Text 'a' is set on object 'Object Repository/Page_PSTO webMessenger - Zalogowano/input_Robert Majewski_messageInput'

2021-12-19 13:35:41 - [TEST_STEP][PASSED] - click(findTestObject("Object Repository/Page_PSTO webMessenger - Zalogowano/img_Robert Majewski_sendButton")): Object: 'Object Repository/Page_PSTO webMessenger - Zalogowano/img_Robert Majewski_sendButton' is clicked on

2021-12-19 13:35:44 - [MESSAGE][PASSED] - Object: 'Object Repository/Page_PSTO webMessenger - Zalogowano/img_Robert Majewski_sendButton' is clicked on

2021-12-19 13:35:44 - [TEST_STEP][PASSED] - setText(findTestObject("Object Repository/Page_PSTO webMessenger - Zalogowano/input_Robert Majewski_messageInput"), "a"): Text 'a' is set on object 'Object Repository/Page_PSTO webMessenger - Zalogowano/input_Robert Majewski_messageInput'

2021-12-19 13:35:47 - [MESSAGE][PASSED] - Text 'a' is set on object 'Object Repository/Page_PSTO webMessenger - Zalogowano/input_Robert Majewski_messageInput'

2021-12-19 13:35:47 - [TEST_STEP][PASSED] - click(findTestObject("Object Repository/Page_PSTO webMessenger - Zalogowano/img_Robert Majewski_sendButton")): Object: 'Object Repository/Page_PSTO webMessenger - Zalogowano/img_Robert Majewski_sendButton' is clicked on

2021-12-19 13:35:50 - [MESSAGE][PASSED] - Object: 'Object Repository/Page_PSTO webMessenger - Zalogowano/img_Robert Majewski_sendButton' is clicked on

2021-12-19 13:35:50 - [TEST_STEP][PASSED] - setText(findTestObject("Object Repository/Page_PSTO webMessenger - Zalogowano/input_Robert Majewski_messageInput"), "a"): Text 'a' is set on object 'Object Repository/Page_PSTO webMessenger - Zalogowano/input_Robert Majewski_messageInput'

2021-12-19 13:35:53 - [MESSAGE][PASSED] - Text 'a' is set on object 'Object Repository/Page_PSTO webMessenger - Zalogowano/input_Robert Majewski_messageInput'

2021-12-19 13:35:53 - [TEST_STEP][PASSED] - click(findTestObject("Object Repository/Page_PSTO webMessenger - Zalogowano/img_Robert Majewski_sendButton")): Object: 'Object Repository/Page_PSTO webMessenger - Zalogowano/img_Robert Majewski_sendButton' is clicked on

2021-12-19 13:35:56 - [MESSAGE][PASSED] - Object: 'Object Repository/Page_PSTO webMessenger - Zalogowano/img_Robert Majewski_sendButton' is clicked on

2021-12-19 13:35:56 - [TEST_STEP][PASSED] - setText(findTestObject("Object Repository/Page_PSTO webMessenger - Zalogowano/input_Robert Majewski_messageInput"), "a"): Text 'a' is set on object 'Object Repository/Page_PSTO webMessenger - Zalogowano/input_Robert Majewski_messageInput'

2021-12-19 13:35:59 - [MESSAGE][PASSED] - Text 'a' is set on object 'Object Repository/Page_PSTO webMessenger - Zalogowano/input_Robert Majewski_messageInput'

2021-12-19 13:35:59 - [TEST_STEP][PASSED] - click(findTestObject("Object Repository/Page_PSTO webMessenger - Zalogowano/img_Robert Majewski_sendButton")): Object: 'Object Repository/Page_PSTO webMessenger - Zalogowano/img_Robert Majewski_sendButton' is clicked on

2021-12-19 13:36:02 - [MESSAGE][PASSED] - Object: 'Object Repository/Page_PSTO webMessenger - Zalogowano/img_Robert Majewski_sendButton' is clicked on

2021-12-19 13:36:02 - [TEST_STEP][PASSED] - setText(findTestObject("Object Repository/Page_PSTO webMessenger - Zalogowano/input_Robert Majewski_messageInput"), "a"): Text 'a' is set on object 'Object Repository/Page_PSTO webMessenger - Zalogowano/input_Robert Majewski_messageInput'

2021-12-19 13:36:05 - [MESSAGE][PASSED] - Text 'a' is set on object 'Object Repository/Page_PSTO webMessenger - Zalogowano/input_Robert Majewski_messageInput'

2021-12-19 13:36:05 - [TEST_STEP][PASSED] - click(findTestObject("Object Repository/Page_PSTO webMessenger - Zalogowano/img_Robert Majewski_sendButton")): Object: 'Object Repository/Page_PSTO webMessenger - Zalogowano/img_Robert Majewski_sendButton' is clicked on

2021-12-19 13:36:08 - [MESSAGE][PASSED] - Object: 'Object Repository/Page_PSTO webMessenger - Zalogowano/img_Robert Majewski_sendButton' is clicked on

2021-12-19 13:36:08 - [TEST_STEP][PASSED] - setText(findTestObject("Object Repository/Page_PSTO webMessenger - Zalogowano/input_Robert Majewski_messageInput"), "a"): Text 'a' is set on object 'Object Repository/Page_PSTO webMessenger - Zalogowano/input_Robert Majewski_messageInput'

2021-12-19 13:36:13 - [MESSAGE][PASSED] - Text 'a' is set on object 'Object Repository/Page_PSTO webMessenger - Zalogowano/input_Robert Majewski_messageInput'

2021-12-19 13:36:13 - [TEST_STEP][PASSED] - click(findTestObject("Object Repository/Page_PSTO webMessenger - Zalogowano/img_Robert Majewski_sendButton")): Object: 'Object Repository/Page_PSTO webMessenger - Zalogowano/img_Robert Majewski_sendButton' is clicked on

2021-12-19 13:36:16 - [MESSAGE][PASSED] - Object: 'Object Repository/Page_PSTO webMessenger - Zalogowano/img_Robert Majewski_sendButton' is clicked on

2021-12-19 13:36:16 - [TEST_STEP][PASSED] - setText(findTestObject("Object Repository/Page_PSTO webMessenger - Zalogowano/input_Robert Majewski_messageInput"), "a"): Text 'a' is set on object 'Object Repository/Page_PSTO webMessenger - Zalogowano/input_Robert Majewski_messageInput'

2021-12-19 13:36:19 - [MESSAGE][PASSED] - Text 'a' is set on object 'Object Repository/Page_PSTO webMessenger - Zalogowano/input_Robert Majewski_messageInput'

2021-12-19 13:36:19 - [TEST_STEP][PASSED] - click(findTestObject("Object Repository/Page_PSTO webMessenger - Zalogowano/img_Robert Majewski_sendButton")): Object: 'Object Repository/Page_PSTO webMessenger - Zalogowano/img_Robert Majewski_sendButton' is clicked on

2021-12-19 13:36:22 - [MESSAGE][PASSED] - Object: 'Object Repository/Page_PSTO webMessenger - Zalogowano/img_Robert Majewski_sendButton' is clicked on

2021-12-19 13:36:22 - [TEST_STEP][PASSED] - setText(findTestObject("Object Repository/Page_PSTO webMessenger - Zalogowano/input_Robert Majewski_messageInput"), "a"): Text 'a' is set on object 'Object Repository/Page_PSTO webMessenger - Zalogowano/input_Robert Majewski_messageInput'

2021-12-19 13:36:26 - [MESSAGE][PASSED] - Text 'a' is set on object 'Object Repository/Page_PSTO webMessenger - Zalogowano/input_Robert Majewski_messageInput'

2021-12-19 13:36:26 - [TEST_STEP][PASSED] - click(findTestObject("Object Repository/Page_PSTO webMessenger - Zalogowano/img_Robert Majewski_sendButton")): Object: 'Object Repository/Page_PSTO webMessenger - Zalogowano/img_Robert Majewski_sendButton' is clicked on

2021-12-19 13:36:29 - [MESSAGE][PASSED] - Object: 'Object Repository/Page_PSTO webMessenger - Zalogowano/img_Robert Majewski_sendButton' is clicked on

2021-12-19 13:36:29 - [TEST_STEP][PASSED] - setText(findTestObject("Object Repository/Page_PSTO webMessenger - Zalogowano/input_Robert Majewski_messageInput"), "a"): Text 'a' is set on object 'Object Repository/Page_PSTO webMessenger - Zalogowano/input_Robert Majewski_messageInput'

2021-12-19 13:36:32 - [MESSAGE][PASSED] - Text 'a' is set on object 'Object Repository/Page_PSTO webMessenger - Zalogowano/input_Robert Majewski_messageInput'

2021-12-19 13:36:32 - [TEST_STEP][PASSED] - click(findTestObject("Object Repository/Page_PSTO webMessenger - Zalogowano/img_Robert Majewski_sendButton")): Object: 'Object Repository/Page_PSTO webMessenger - Zalogowano/img_Robert Majewski_sendButton' is clicked on

2021-12-19 13:36:35 - [MESSAGE][PASSED] - Object: 'Object Repository/Page_PSTO webMessenger - Zalogowano/img_Robert Majewski_sendButton' is clicked on

2021-12-19 13:36:35 - [TEST_STEP][PASSED] - setText(findTestObject("Object Repository/Page_PSTO webMessenger - Zalogowano/input_Robert Majewski_messageInput"), "a"): Text 'a' is set on object 'Object Repository/Page_PSTO webMessenger - Zalogowano/input_Robert Majewski_messageInput'

2021-12-19 13:36:39 - [MESSAGE][PASSED] - Text 'a' is set on object 'Object Repository/Page_PSTO webMessenger - Zalogowano/input_Robert Majewski_messageInput'

2021-12-19 13:36:39 - [TEST_STEP][PASSED] - click(findTestObject("Object Repository/Page_PSTO webMessenger - Zalogowano/img_Robert Majewski_sendButton")): Object: 'Object Repository/Page_PSTO webMessenger - Zalogowano/img_Robert Majewski_sendButton' is clicked on

2021-12-19 13:36:41 - [MESSAGE][PASSED] - Object: 'Object Repository/Page_PSTO webMessenger - Zalogowano/img_Robert Majewski_sendButton' is clicked on

2021-12-19 13:36:41 - [TEST_STEP][PASSED] - setText(findTestObject("Object Repository/Page_PSTO webMessenger - Zalogowano/input_Robert Majewski_messageInput"), "a"): Text 'a' is set on object 'Object Repository/Page_PSTO webMessenger - Zalogowano/input_Robert Majewski_messageInput'

2021-12-19 13:36:46 - [MESSAGE][PASSED] - Text 'a' is set on object 'Object Repository/Page_PSTO webMessenger - Zalogowano/input_Robert Majewski_messageInput'

2021-12-19 13:36:46 - [TEST_STEP][PASSED] - click(findTestObject("Object Repository/Page_PSTO webMessenger - Zalogowano/img_Robert Majewski_sendButton")): Object: 'Object Repository/Page_PSTO webMessenger - Zalogowano/img_Robert Majewski_sendButton' is clicked on

2021-12-19 13:36:48 - [MESSAGE][PASSED] - Object: 'Object Repository/Page_PSTO webMessenger - Zalogowano/img_Robert Majewski_sendButton' is clicked on

2021-12-19 13:36:48 - [TEST_STEP][PASSED] - setText(findTestObject("Object Repository/Page_PSTO webMessenger - Zalogowano/input_Robert Majewski_messageInput"), "a"): Text 'a' is set on object 'Object Repository/Page_PSTO webMessenger - Zalogowano/input_Robert Majewski_messageInput'

2021-12-19 13:36:53 - [MESSAGE][PASSED] - Text 'a' is set on object 'Object Repository/Page_PSTO webMessenger - Zalogowano/input_Robert Majewski_messageInput'

2021-12-19 13:36:53 - [TEST_STEP][PASSED] - click(findTestObject("Object Repository/Page_PSTO webMessenger - Zalogowano/img_Robert Majewski_sendButton")): Object: 'Object Repository/Page_PSTO webMessenger - Zalogowano/img_Robert Majewski_sendButton' is clicked on

2021-12-19 13:36:55 - [MESSAGE][PASSED] - Object: 'Object Repository/Page_PSTO webMessenger - Zalogowano/img_Robert Majewski_sendButton' is clicked on

2021-12-19 13:36:55 - [TEST_STEP][PASSED] - setText(findTestObject("Object Repository/Page_PSTO webMessenger - Zalogowano/input_Robert Majewski_messageInput"), "a"): Text 'a' is set on object 'Object Repository/Page_PSTO webMessenger - Zalogowano/input_Robert Majewski_messageInput'

2021-12-19 13:36:59 - [MESSAGE][PASSED] - Text 'a' is set on object 'Object Repository/Page_PSTO webMessenger - Zalogowano/input_Robert Majewski_messageInput'

2021-12-19 13:36:59 - [TEST_STEP][PASSED] - click(findTestObject("Object Repository/Page_PSTO webMessenger - Zalogowano/img_Robert Majewski_sendButton")): Object: 'Object Repository/Page_PSTO webMessenger - Zalogowano/img_Robert Majewski_sendButton' is clicked on

2021-12-19 13:37:01 - [MESSAGE][PASSED] - Object: 'Object Repository/Page_PSTO webMessenger - Zalogowano/img_Robert Majewski_sendButton' is clicked on

2021-12-19 13:37:01 - [TEST_STEP][PASSED] - setText(findTestObject("Object Repository/Page_PSTO webMessenger - Zalogowano/input_Robert Majewski_messageInput"), "a"): Text 'a' is set on object 'Object Repository/Page_PSTO webMessenger - Zalogowano/input_Robert Majewski_messageInput'

2021-12-19 13:37:05 - [MESSAGE][PASSED] - Text 'a' is set on object 'Object Repository/Page_PSTO webMessenger - Zalogowano/input_Robert Majewski_messageInput'

2021-12-19 13:37:05 - [TEST_STEP][PASSED] - click(findTestObject("Object Repository/Page_PSTO webMessenger - Zalogowano/img_Robert Majewski_sendButton")): Object: 'Object Repository/Page_PSTO webMessenger - Zalogowano/img_Robert Majewski_sendButton' is clicked on

2021-12-19 13:37:07 - [MESSAGE][PASSED] - Object: 'Object Repository/Page_PSTO webMessenger - Zalogowano/img_Robert Majewski_sendButton' is clicked on

2021-12-19 13:37:07 - [TEST_STEP][PASSED] - setText(findTestObject("Object Repository/Page_PSTO webMessenger - Zalogowano/input_Robert Majewski_messageInput"), "a"): Text 'a' is set on object 'Object Repository/Page_PSTO webMessenger - Zalogowano/input_Robert Majewski_messageInput'

2021-12-19 13:37:11 - [MESSAGE][PASSED] - Text 'a' is set on object 'Object Repository/Page_PSTO webMessenger - Zalogowano/input_Robert Majewski_messageInput'

2021-12-19 13:37:11 - [TEST_STEP][PASSED] - click(findTestObject("Object Repository/Page_PSTO webMessenger - Zalogowano/img_Robert Majewski_sendButton")): Object: 'Object Repository/Page_PSTO webMessenger - Zalogowano/img_Robert Majewski_sendButton' is clicked on

2021-12-19 13:37:13 - [MESSAGE][PASSED] - Object: 'Object Repository/Page_PSTO webMessenger - Zalogowano/img_Robert Majewski_sendButton' is clicked on

2021-12-19 13:37:13 - [TEST_STEP][PASSED] - setText(findTestObject("Object Repository/Page_PSTO webMessenger - Zalogowano/input_Robert Majewski_messageInput"), "a"): Text 'a' is set on object 'Object Repository/Page_PSTO webMessenger - Zalogowano/input_Robert Majewski_messageInput'

2021-12-19 13:37:17 - [MESSAGE][PASSED] - Text 'a' is set on object 'Object Repository/Page_PSTO webMessenger - Zalogowano/input_Robert Majewski_messageInput'

2021-12-19 13:37:17 - [TEST_STEP][PASSED] - click(findTestObject("Object Repository/Page_PSTO webMessenger - Zalogowano/img_Robert Majewski_sendButton")): Object: 'Object Repository/Page_PSTO webMessenger - Zalogowano/img_Robert Majewski_sendButton' is clicked on

2021-12-19 13:37:20 - [MESSAGE][PASSED] - Object: 'Object Repository/Page_PSTO webMessenger - Zalogowano/img_Robert Majewski_sendButton' is clicked on

2021-12-19 13:37:20 - [TEST_STEP][PASSED] - setText(findTestObject("Object Repository/Page_PSTO webMessenger - Zalogowano/input_Robert Majewski_messageInput"), "a"): Text 'a' is set on object 'Object Repository/Page_PSTO webMessenger - Zalogowano/input_Robert Majewski_messageInput'

2021-12-19 13:37:23 - [MESSAGE][PASSED] - Text 'a' is set on object 'Object Repository/Page_PSTO webMessenger - Zalogowano/input_Robert Majewski_messageInput'

2021-12-19 13:37:23 - [TEST_STEP][PASSED] - click(findTestObject("Object Repository/Page_PSTO webMessenger - Zalogowano/img_Robert Majewski_sendButton")): Object: 'Object Repository/Page_PSTO webMessenger - Zalogowano/img_Robert Majewski_sendButton' is clicked on

2021-12-19 13:37:27 - [MESSAGE][PASSED] - Object: 'Object Repository/Page_PSTO webMessenger - Zalogowano/img_Robert Majewski_sendButton' is clicked on

2021-12-19 13:37:27 - [TEST_STEP][PASSED] - setText(findTestObject("Object Repository/Page_PSTO webMessenger - Zalogowano/input_Robert Majewski_messageInput"), "a"): Text 'a' is set on object 'Object Repository/Page_PSTO webMessenger - Zalogowano/input_Robert Majewski_messageInput'

2021-12-19 13:37:28 - [MESSAGE][PASSED] - Text 'a' is set on object 'Object Repository/Page_PSTO webMessenger - Zalogowano/input_Robert Majewski_messageInput'

2021-12-19 13:37:28 - [TEST_STEP][PASSED] - click(findTestObject("Object Repository/Page_PSTO webMessenger - Zalogowano/img_Robert Majewski_sendButton")): Object: 'Object Repository/Page_PSTO webMessenger - Zalogowano/img_Robert Majewski_sendButton' is clicked on

2021-12-19 13:37:29 - [MESSAGE][PASSED] - Object: 'Object Repository/Page_PSTO webMessenger - Zalogowano/img_Robert Majewski_sendButton' is clicked on

2021-12-19 13:37:29 - [TEST_STEP][PASSED] - setText(findTestObject("Object Repository/Page_PSTO webMessenger - Zalogowano/input_Robert Majewski_messageInput"), "a"): Text 'a' is set on object 'Object Repository/Page_PSTO webMessenger - Zalogowano/input_Robert Majewski_messageInput'

2021-12-19 13:37:29 - [MESSAGE][PASSED] - Text 'a' is set on object 'Object Repository/Page_PSTO webMessenger - Zalogowano/input_Robert Majewski_messageInput'

2021-12-19 13:37:29 - [TEST_STEP][PASSED] - click(findTestObject("Object Repository/Page_PSTO webMessenger - Zalogowano/img_Robert Majewski_sendButton")): Object: 'Object Repository/Page_PSTO webMessenger - Zalogowano/img_Robert Majewski_sendButton' is clicked on

2021-12-19 13:37:30 - [MESSAGE][PASSED] - Object: 'Object Repository/Page_PSTO webMessenger - Zalogowano/img_Robert Majewski_sendButton' is clicked on

2021-12-19 13:37:30 - [TEST_STEP][PASSED] - setText(findTestObject("Object Repository/Page_PSTO webMessenger - Zalogowano/input_Robert Majewski_messageInput"), "a"): Text 'a' is set on object 'Object Repository/Page_PSTO webMessenger - Zalogowano/input_Robert Majewski_messageInput'

2021-12-19 13:37:31 - [MESSAGE][PASSED] - Text 'a' is set on object 'Object Repository/Page_PSTO webMessenger - Zalogowano/input_Robert Majewski_messageInput'

2021-12-19 13:37:31 - [TEST_STEP][PASSED] - click(findTestObject("Object Repository/Page_PSTO webMessenger - Zalogowano/img_Robert Majewski_sendButton")): Object: 'Object Repository/Page_PSTO webMessenger - Zalogowano/img_Robert Majewski_sendButton' is clicked on

2021-12-19 13:37:31 - [MESSAGE][PASSED] - Object: 'Object Repository/Page_PSTO webMessenger - Zalogowano/img_Robert Majewski_sendButton' is clicked on

2021-12-19 13:37:31 - [TEST_STEP][PASSED] - setText(findTestObject("Object Repository/Page_PSTO webMessenger - Zalogowano/input_Robert Majewski_messageInput"), "a"): Text 'a' is set on object 'Object Repository/Page_PSTO webMessenger - Zalogowano/input_Robert Majewski_messageInput'

2021-12-19 13:37:32 - [MESSAGE][PASSED] - Text 'a' is set on object 'Object Repository/Page_PSTO webMessenger - Zalogowano/input_Robert Majewski_messageInput'

2021-12-19 13:37:32 - [TEST_STEP][PASSED] - click(findTestObject("Object Repository/Page_PSTO webMessenger - Zalogowano/img_Robert Majewski_sendButton")): Object: 'Object Repository/Page_PSTO webMessenger - Zalogowano/img_Robert Majewski_sendButton' is clicked on

2021-12-19 13:37:32 - [MESSAGE][PASSED] - Object: 'Object Repository/Page_PSTO webMessenger - Zalogowano/img_Robert Majewski_sendButton' is clicked on

2021-12-19 13:37:32 - [TEST_STEP][PASSED] - setText(findTestObject("Object Repository/Page_PSTO webMessenger - Zalogowano/input_Robert Majewski_messageInput"), "a"): Text 'a' is set on object 'Object Repository/Page_PSTO webMessenger - Zalogowano/input_Robert Majewski_messageInput'

2021-12-19 13:37:33 - [MESSAGE][PASSED] - Text 'a' is set on object 'Object Repository/Page_PSTO webMessenger - Zalogowano/input_Robert Majewski_messageInput'

2021-12-19 13:37:33 - [TEST_STEP][PASSED] - click(findTestObject("Object Repository/Page_PSTO webMessenger - Zalogowano/img_Robert Majewski_sendButton")): Object: 'Object Repository/Page_PSTO webMessenger - Zalogowano/img_Robert Majewski_sendButton' is clicked on

2021-12-19 13:37:34 - [MESSAGE][PASSED] - Object: 'Object Repository/Page_PSTO webMessenger - Zalogowano/img_Robert Majewski_sendButton' is clicked on

2021-12-19 13:37:34 - [TEST_STEP][PASSED] - setText(findTestObject("Object Repository/Page_PSTO webMessenger - Zalogowano/input_Robert Majewski_messageInput"), "a"): Text 'a' is set on object 'Object Repository/Page_PSTO webMessenger - Zalogowano/input_Robert Majewski_messageInput'

2021-12-19 13:37:35 - [MESSAGE][PASSED] - Text 'a' is set on object 'Object Repository/Page_PSTO webMessenger - Zalogowano/input_Robert Majewski_messageInput'

2021-12-19 13:37:35 - [TEST_STEP][PASSED] - click(findTestObject("Object Repository/Page_PSTO webMessenger - Zalogowano/img_Robert Majewski_sendButton")): Object: 'Object Repository/Page_PSTO webMessenger - Zalogowano/img_Robert Majewski_sendButton' is clicked on

2021-12-19 13:37:35 - [MESSAGE][PASSED] - Object: 'Object Repository/Page_PSTO webMessenger - Zalogowano/img_Robert Majewski_sendButton' is clicked on

2021-12-19 13:37:35 - [TEST_STEP][PASSED] - setText(findTestObject("Object Repository/Page_PSTO webMessenger - Zalogowano/input_Robert Majewski_messageInput"), "a"): Text 'a' is set on object 'Object Repository/Page_PSTO webMessenger - Zalogowano/input_Robert Majewski_messageInput'

2021-12-19 13:37:36 - [MESSAGE][PASSED] - Text 'a' is set on object 'Object Repository/Page_PSTO webMessenger - Zalogowano/input_Robert Majewski_messageInput'

2021-12-19 13:37:36 - [TEST_STEP][PASSED] - click(findTestObject("Object Repository/Page_PSTO webMessenger - Zalogowano/img_Robert Majewski_sendButton")): Object: 'Object Repository/Page_PSTO webMessenger - Zalogowano/img_Robert Majewski_sendButton' is clicked on

2021-12-19 13:37:37 - [MESSAGE][PASSED] - Object: 'Object Repository/Page_PSTO webMessenger - Zalogowano/img_Robert Majewski_sendButton' is clicked on

2021-12-19 13:37:37 - [TEST_STEP][PASSED] - setText(findTestObject("Object Repository/Page_PSTO webMessenger - Zalogowano/input_Robert Majewski_messageInput"), "a"): Text 'a' is set on object 'Object Repository/Page_PSTO webMessenger - Zalogowano/input_Robert Majewski_messageInput'

2021-12-19 13:37:37 - [MESSAGE][PASSED] - Text 'a' is set on object 'Object Repository/Page_PSTO webMessenger - Zalogowano/input_Robert Majewski_messageInput'

2021-12-19 13:37:37 - [TEST_STEP][PASSED] - click(findTestObject("Object Repository/Page_PSTO webMessenger - Zalogowano/img_Robert Majewski_sendButton")): Object: 'Object Repository/Page_PSTO webMessenger - Zalogowano/img_Robert Majewski_sendButton' is clicked on

2021-12-19 13:37:38 - [MESSAGE][PASSED] - Object: 'Object Repository/Page_PSTO webMessenger - Zalogowano/img_Robert Majewski_sendButton' is clicked on

2021-12-19 13:37:38 - [TEST_STEP][PASSED] - setText(findTestObject("Object Repository/Page_PSTO webMessenger - Zalogowano/input_Robert Majewski_messageInput"), "a"): Text 'a' is set on object 'Object Repository/Page_PSTO webMessenger - Zalogowano/input_Robert Majewski_messageInput'

2021-12-19 13:37:39 - [MESSAGE][PASSED] - Text 'a' is set on object 'Object Repository/Page_PSTO webMessenger - Zalogowano/input_Robert Majewski_messageInput'

2021-12-19 13:37:39 - [TEST_STEP][PASSED] - click(findTestObject("Object Repository/Page_PSTO webMessenger - Zalogowano/img_Robert Majewski_sendButton")): Object: 'Object Repository/Page_PSTO webMessenger - Zalogowano/img_Robert Majewski_sendButton' is clicked on

2021-12-19 13:37:39 - [MESSAGE][PASSED] - Object: 'Object Repository/Page_PSTO webMessenger - Zalogowano/img_Robert Majewski_sendButton' is clicked on

2021-12-19 13:37:39 - [TEST_STEP][PASSED] - setText(findTestObject("Object Repository/Page_PSTO webMessenger - Zalogowano/input_Robert Majewski_messageInput"), "a"): Text 'a' is set on object 'Object Repository/Page_PSTO webMessenger - Zalogowano/input_Robert Majewski_messageInput'

2021-12-19 13:37:40 - [MESSAGE][PASSED] - Text 'a' is set on object 'Object Repository/Page_PSTO webMessenger - Zalogowano/input_Robert Majewski_messageInput'

2021-12-19 13:37:40 - [TEST_STEP][PASSED] - click(findTestObject("Object Repository/Page_PSTO webMessenger - Zalogowano/img_Robert Majewski_sendButton")): Object: 'Object Repository/Page_PSTO webMessenger - Zalogowano/img_Robert Majewski_sendButton' is clicked on

2021-12-19 13:37:41 - [MESSAGE][PASSED] - Object: 'Object Repository/Page_PSTO webMessenger - Zalogowano/img_Robert Majewski_sendButton' is clicked on

2021-12-19 13:37:41 - [TEST_STEP][PASSED] - setText(findTestObject("Object Repository/Page_PSTO webMessenger - Zalogowano/input_Robert Majewski_messageInput"), "a"): Text 'a' is set on object 'Object Repository/Page_PSTO webMessenger - Zalogowano/input_Robert Majewski_messageInput'

2021-12-19 13:37:41 - [MESSAGE][PASSED] - Text 'a' is set on object 'Object Repository/Page_PSTO webMessenger - Zalogowano/input_Robert Majewski_messageInput'

2021-12-19 13:37:41 - [TEST_STEP][PASSED] - click(findTestObject("Object Repository/Page_PSTO webMessenger - Zalogowano/img_Robert Majewski_sendButton")): Object: 'Object Repository/Page_PSTO webMessenger - Zalogowano/img_Robert Majewski_sendButton' is clicked on

2021-12-19 13:37:42 - [MESSAGE][PASSED] - Object: 'Object Repository/Page_PSTO webMessenger - Zalogowano/img_Robert Majewski_sendButton' is clicked on

2021-12-19 13:37:42 - [TEST_STEP][PASSED] - setText(findTestObject("Object Repository/Page_PSTO webMessenger - Zalogowano/input_Robert Majewski_messageInput"), "a"): Text 'a' is set on object 'Object Repository/Page_PSTO webMessenger - Zalogowano/input_Robert Majewski_messageInput'

2021-12-19 13:37:43 - [MESSAGE][PASSED] - Text 'a' is set on object 'Object Repository/Page_PSTO webMessenger - Zalogowano/input_Robert Majewski_messageInput'

2021-12-19 13:37:43 - [TEST_STEP][PASSED] - click(findTestObject("Object Repository/Page_PSTO webMessenger - Zalogowano/img_Robert Majewski_sendButton")): Object: 'Object Repository/Page_PSTO webMessenger - Zalogowano/img_Robert Majewski_sendButton' is clicked on

2021-12-19 13:37:44 - [MESSAGE][PASSED] - Object: 'Object Repository/Page_PSTO webMessenger - Zalogowano/img_Robert Majewski_sendButton' is clicked on

2021-12-19 13:37:44 - [TEST_STEP][PASSED] - setText(findTestObject("Object Repository/Page_PSTO webMessenger - Zalogowano/input_Robert Majewski_messageInput"), "a"): Text 'a' is set on object 'Object Repository/Page_PSTO webMessenger - Zalogowano/input_Robert Majewski_messageInput'

2021-12-19 13:37:44 - [MESSAGE][PASSED] - Text 'a' is set on object 'Object Repository/Page_PSTO webMessenger - Zalogowano/input_Robert Majewski_messageInput'

2021-12-19 13:37:44 - [TEST_STEP][PASSED] - click(findTestObject("Object Repository/Page_PSTO webMessenger - Zalogowano/img_Robert Majewski_sendButton")): Object: 'Object Repository/Page_PSTO webMessenger - Zalogowano/img_Robert Majewski_sendButton' is clicked on

2021-12-19 13:37:45 - [MESSAGE][PASSED] - Object: 'Object Repository/Page_PSTO webMessenger - Zalogowano/img_Robert Majewski_sendButton' is clicked on

2021-12-19 13:37:45 - [TEST_STEP][PASSED] - setText(findTestObject("Object Repository/Page_PSTO webMessenger - Zalogowano/input_Robert Majewski_messageInput"), "a"): Text 'a' is set on object 'Object Repository/Page_PSTO webMessenger - Zalogowano/input_Robert Majewski_messageInput'

2021-12-19 13:37:46 - [MESSAGE][PASSED] - Text 'a' is set on object 'Object Repository/Page_PSTO webMessenger - Zalogowano/input_Robert Majewski_messageInput'

2021-12-19 13:37:46 - [TEST_STEP][PASSED] - click(findTestObject("Object Repository/Page_PSTO webMessenger - Zalogowano/img_Robert Majewski_sendButton")): Object: 'Object Repository/Page_PSTO webMessenger - Zalogowano/img_Robert Majewski_sendButton' is clicked on

2021-12-19 13:37:46 - [MESSAGE][PASSED] - Object: 'Object Repository/Page_PSTO webMessenger - Zalogowano/img_Robert Majewski_sendButton' is clicked on

2021-12-19 13:37:46 - [TEST_STEP][PASSED] - setText(findTestObject("Object Repository/Page_PSTO webMessenger - Zalogowano/input_Robert Majewski_messageInput"), "a"): Text 'a' is set on object 'Object Repository/Page_PSTO webMessenger - Zalogowano/input_Robert Majewski_messageInput'

2021-12-19 13:37:47 - [MESSAGE][PASSED] - Text 'a' is set on object 'Object Repository/Page_PSTO webMessenger - Zalogowano/input_Robert Majewski_messageInput'

2021-12-19 13:37:47 - [TEST_STEP][PASSED] - click(findTestObject("Object Repository/Page_PSTO webMessenger - Zalogowano/img_Robert Majewski_sendButton")): Object: 'Object Repository/Page_PSTO webMessenger - Zalogowano/img_Robert Majewski_sendButton' is clicked on

2021-12-19 13:37:48 - [MESSAGE][PASSED] - Object: 'Object Repository/Page_PSTO webMessenger - Zalogowano/img_Robert Majewski_sendButton' is clicked on

2021-12-19 13:37:48 - [TEST_STEP][PASSED] - setText(findTestObject("Object Repository/Page_PSTO webMessenger - Zalogowano/input_Robert Majewski_messageInput"), "a"): Text 'a' is set on object 'Object Repository/Page_PSTO webMessenger - Zalogowano/input_Robert Majewski_messageInput'

2021-12-19 13:37:49 - [MESSAGE][PASSED] - Text 'a' is set on object 'Object Repository/Page_PSTO webMessenger - Zalogowano/input_Robert Majewski_messageInput'

2021-12-19 13:37:49 - [TEST_STEP][PASSED] - click(findTestObject("Object Repository/Page_PSTO webMessenger - Zalogowano/img_Robert Majewski_sendButton")): Object: 'Object Repository/Page_PSTO webMessenger - Zalogowano/img_Robert Majewski_sendButton' is clicked on

2021-12-19 13:37:49 - [MESSAGE][PASSED] - Object: 'Object Repository/Page_PSTO webMessenger - Zalogowano/img_Robert Majewski_sendButton' is clicked on

2021-12-19 13:37:49 - [TEST_STEP][PASSED] - setText(findTestObject("Object Repository/Page_PSTO webMessenger - Zalogowano/input_Robert Majewski_messageInput"), "a"): Text 'a' is set on object 'Object Repository/Page_PSTO webMessenger - Zalogowano/input_Robert Majewski_messageInput'

2021-12-19 13:37:50 - [MESSAGE][PASSED] - Text 'a' is set on object 'Object Repository/Page_PSTO webMessenger - Zalogowano/input_Robert Majewski_messageInput'

2021-12-19 13:37:50 - [TEST_STEP][PASSED] - click(findTestObject("Object Repository/Page_PSTO webMessenger - Zalogowano/img_Robert Majewski_sendButton")): Object: 'Object Repository/Page_PSTO webMessenger - Zalogowano/img_Robert Majewski_sendButton' is clicked on

2021-12-19 13:37:51 - [MESSAGE][PASSED] - Object: 'Object Repository/Page_PSTO webMessenger - Zalogowano/img_Robert Majewski_sendButton' is clicked on

2021-12-19 13:37:51 - [TEST_STEP][PASSED] - setText(findTestObject("Object Repository/Page_PSTO webMessenger - Zalogowano/input_Robert Majewski_messageInput"), "a"): Text 'a' is set on object 'Object Repository/Page_PSTO webMessenger - Zalogowano/input_Robert Majewski_messageInput'

2021-12-19 13:37:52 - [MESSAGE][PASSED] - Text 'a' is set on object 'Object Repository/Page_PSTO webMessenger - Zalogowano/input_Robert Majewski_messageInput'

2021-12-19 13:37:52 - [TEST_STEP][PASSED] - click(findTestObject("Object Repository/Page_PSTO webMessenger - Zalogowano/img_Robert Majewski_sendButton")): Object: 'Object Repository/Page_PSTO webMessenger - Zalogowano/img_Robert Majewski_sendButton' is clicked on

2021-12-19 13:37:52 - [MESSAGE][PASSED] - Object: 'Object Repository/Page_PSTO webMessenger - Zalogowano/img_Robert Majewski_sendButton' is clicked on

2021-12-19 13:37:52 - [TEST_STEP][PASSED] - setText(findTestObject("Object Repository/Page_PSTO webMessenger - Zalogowano/input_Robert Majewski_messageInput"), "a"): Text 'a' is set on object 'Object Repository/Page_PSTO webMessenger - Zalogowano/input_Robert Majewski_messageInput'

2021-12-19 13:37:53 - [MESSAGE][PASSED] - Text 'a' is set on object 'Object Repository/Page_PSTO webMessenger - Zalogowano/input_Robert Majewski_messageInput'

2021-12-19 13:37:53 - [TEST_STEP][PASSED] - click(findTestObject("Object Repository/Page_PSTO webMessenger - Zalogowano/img_Robert Majewski_sendButton")): Object: 'Object Repository/Page_PSTO webMessenger - Zalogowano/img_Robert Majewski_sendButton' is clicked on

2021-12-19 13:37:54 - [MESSAGE][PASSED] - Object: 'Object Repository/Page_PSTO webMessenger - Zalogowano/img_Robert Majewski_sendButton' is clicked on

2021-12-19 13:37:54 - [TEST_STEP][PASSED] - setText(findTestObject("Object Repository/Page_PSTO webMessenger - Zalogowano/input_Robert Majewski_messageInput"), "a"): Text 'a' is set on object 'Object Repository/Page_PSTO webMessenger - Zalogowano/input_Robert Majewski_messageInput'

2021-12-19 13:37:54 - [MESSAGE][PASSED] - Text 'a' is set on object 'Object Repository/Page_PSTO webMessenger - Zalogowano/input_Robert Majewski_messageInput'

2021-12-19 13:37:54 - [TEST_STEP][PASSED] - click(findTestObject("Object Repository/Page_PSTO webMessenger - Zalogowano/img_Robert Majewski_sendButton")): Object: 'Object Repository/Page_PSTO webMessenger - Zalogowano/img_Robert Majewski_sendButton' is clicked on

2021-12-19 13:37:55 - [MESSAGE][PASSED] - Object: 'Object Repository/Page_PSTO webMessenger - Zalogowano/img_Robert Majewski_sendButton' is clicked on

2021-12-19 13:37:55 - [TEST_STEP][PASSED] - setText(findTestObject("Object Repository/Page_PSTO webMessenger - Zalogowano/input_Robert Majewski_messageInput"), "a"): Text 'a' is set on object 'Object Repository/Page_PSTO webMessenger - Zalogowano/input_Robert Majewski_messageInput'

2021-12-19 13:37:56 - [MESSAGE][PASSED] - Text 'a' is set on object 'Object Repository/Page_PSTO webMessenger - Zalogowano/input_Robert Majewski_messageInput'

2021-12-19 13:37:56 - [TEST_STEP][PASSED] - click(findTestObject("Object Repository/Page_PSTO webMessenger - Zalogowano/img_Robert Majewski_sendButton")): Object: 'Object Repository/Page_PSTO webMessenger - Zalogowano/img_Robert Majewski_sendButton' is clicked on

2021-12-19 13:37:56 - [MESSAGE][PASSED] - Object: 'Object Repository/Page_PSTO webMessenger - Zalogowano/img_Robert Majewski_sendButton' is clicked on

2021-12-19 13:37:56 - [TEST_STEP][PASSED] - setText(findTestObject("Object Repository/Page_PSTO webMessenger - Zalogowano/input_Robert Majewski_messageInput"), "a"): Text 'a' is set on object 'Object Repository/Page_PSTO webMessenger - Zalogowano/input_Robert Majewski_messageInput'

2021-12-19 13:37:57 - [MESSAGE][PASSED] - Text 'a' is set on object 'Object Repository/Page_PSTO webMessenger - Zalogowano/input_Robert Majewski_messageInput'

2021-12-19 13:37:57 - [TEST_STEP][PASSED] - click(findTestObject("Object Repository/Page_PSTO webMessenger - Zalogowano/img_Robert Majewski_sendButton")): Object: 'Object Repository/Page_PSTO webMessenger - Zalogowano/img_Robert Majewski_sendButton' is clicked on

2021-12-19 13:37:58 - [MESSAGE][PASSED] - Object: 'Object Repository/Page_PSTO webMessenger - Zalogowano/img_Robert Majewski_sendButton' is clicked on

2021-12-19 13:37:58 - [TEST_STEP][PASSED] - setText(findTestObject("Object Repository/Page_PSTO webMessenger - Zalogowano/input_Robert Majewski_messageInput"), "a"): Text 'a' is set on object 'Object Repository/Page_PSTO webMessenger - Zalogowano/input_Robert Majewski_messageInput'

2021-12-19 13:37:59 - [MESSAGE][PASSED] - Text 'a' is set on object 'Object Repository/Page_PSTO webMessenger - Zalogowano/input_Robert Majewski_messageInput'

2021-12-19 13:37:59 - [TEST_STEP][PASSED] - click(findTestObject("Object Repository/Page_PSTO webMessenger - Zalogowano/img_Robert Majewski_sendButton")): Object: 'Object Repository/Page_PSTO webMessenger - Zalogowano/img_Robert Majewski_sendButton' is clicked on

2021-12-19 13:37:59 - [MESSAGE][PASSED] - Object: 'Object Repository/Page_PSTO webMessenger - Zalogowano/img_Robert Majewski_sendButton' is clicked on

2021-12-19 13:37:59 - [TEST_STEP][PASSED] - setText(findTestObject("Object Repository/Page_PSTO webMessenger - Zalogowano/input_Robert Majewski_messageInput"), "a"): Text 'a' is set on object 'Object Repository/Page_PSTO webMessenger - Zalogowano/input_Robert Majewski_messageInput'

2021-12-19 13:38:03 - [MESSAGE][PASSED] - Text 'a' is set on object 'Object Repository/Page_PSTO webMessenger - Zalogowano/input_Robert Majewski_messageInput'

2021-12-19 13:38:03 - [TEST_STEP][PASSED] - click(findTestObject("Object Repository/Page_PSTO webMessenger - Zalogowano/img_Robert Majewski_sendButton")): Object: 'Object Repository/Page_PSTO webMessenger - Zalogowano/img_Robert Majewski_sendButton' is clicked on

2021-12-19 13:38:07 - [MESSAGE][PASSED] - Object: 'Object Repository/Page_PSTO webMessenger - Zalogowano/img_Robert Majewski_sendButton' is clicked on

2021-12-19 13:38:07 - [TEST_STEP][PASSED] - setText(findTestObject("Object Repository/Page_PSTO webMessenger - Zalogowano/input_Robert Majewski_messageInput"), "a"): Text 'a' is set on object 'Object Repository/Page_PSTO webMessenger - Zalogowano/input_Robert Majewski_messageInput'

2021-12-19 13:38:10 - [MESSAGE][PASSED] - Text 'a' is set on object 'Object Repository/Page_PSTO webMessenger - Zalogowano/input_Robert Majewski_messageInput'

2021-12-19 13:38:10 - [TEST_STEP][PASSED] - click(findTestObject("Object Repository/Page_PSTO webMessenger - Zalogowano/img_Robert Majewski_sendButton")): Object: 'Object Repository/Page_PSTO webMessenger - Zalogowano/img_Robert Majewski_sendButton' is clicked on

2021-12-19 13:38:13 - [MESSAGE][PASSED] - Object: 'Object Repository/Page_PSTO webMessenger - Zalogowano/img_Robert Majewski_sendButton' is clicked on

2021-12-19 13:38:13 - [TEST_STEP][PASSED] - setText(findTestObject("Object Repository/Page_PSTO webMessenger - Zalogowano/input_Robert Majewski_messageInput"), "a"): Text 'a' is set on object 'Object Repository/Page_PSTO webMessenger - Zalogowano/input_Robert Majewski_messageInput'

2021-12-19 13:38:16 - [MESSAGE][PASSED] - Text 'a' is set on object 'Object Repository/Page_PSTO webMessenger - Zalogowano/input_Robert Majewski_messageInput'

2021-12-19 13:38:16 - [TEST_STEP][PASSED] - click(findTestObject("Object Repository/Page_PSTO webMessenger - Zalogowano/img_Robert Majewski_sendButton")): Object: 'Object Repository/Page_PSTO webMessenger - Zalogowano/img_Robert Majewski_sendButton' is clicked on

2021-12-19 13:38:19 - [MESSAGE][PASSED] - Object: 'Object Repository/Page_PSTO webMessenger - Zalogowano/img_Robert Majewski_sendButton' is clicked on

2021-12-19 13:38:19 - [TEST_STEP][PASSED] - setText(findTestObject("Object Repository/Page_PSTO webMessenger - Zalogowano/input_Robert Majewski_messageInput"), "a"): Text 'a' is set on object 'Object Repository/Page_PSTO webMessenger - Zalogowano/input_Robert Majewski_messageInput'

2021-12-19 13:38:22 - [MESSAGE][PASSED] - Text 'a' is set on object 'Object Repository/Page_PSTO webMessenger - Zalogowano/input_Robert Majewski_messageInput'

2021-12-19 13:38:22 - [TEST_STEP][PASSED] - click(findTestObject("Object Repository/Page_PSTO webMessenger - Zalogowano/img_Robert Majewski_sendButton")): Object: 'Object Repository/Page_PSTO webMessenger - Zalogowano/img_Robert Majewski_sendButton' is clicked on

2021-12-19 13:38:25 - [MESSAGE][PASSED] - Object: 'Object Repository/Page_PSTO webMessenger - Zalogowano/img_Robert Majewski_sendButton' is clicked on

2021-12-19 13:38:25 - [TEST_STEP][PASSED] - setText(findTestObject("Object Repository/Page_PSTO webMessenger - Zalogowano/input_Robert Majewski_messageInput"), "a"): Text 'a' is set on object 'Object Repository/Page_PSTO webMessenger - Zalogowano/input_Robert Majewski_messageInput'

2021-12-19 13:38:29 - [MESSAGE][PASSED] - Text 'a' is set on object 'Object Repository/Page_PSTO webMessenger - Zalogowano/input_Robert Majewski_messageInput'

2021-12-19 13:38:29 - [TEST_STEP][PASSED] - click(findTestObject("Object Repository/Page_PSTO webMessenger - Zalogowano/img_Robert Majewski_sendButton")): Object: 'Object Repository/Page_PSTO webMessenger - Zalogowano/img_Robert Majewski_sendButton' is clicked on

2021-12-19 13:38:32 - [MESSAGE][PASSED] - Object: 'Object Repository/Page_PSTO webMessenger - Zalogowano/img_Robert Majewski_sendButton' is clicked on

2021-12-19 13:38:32 - [TEST_STEP][PASSED] - setText(findTestObject("Object Repository/Page_PSTO webMessenger - Zalogowano/input_Robert Majewski_messageInput"), "a"): Text 'a' is set on object 'Object Repository/Page_PSTO webMessenger - Zalogowano/input_Robert Majewski_messageInput'

2021-12-19 13:38:35 - [MESSAGE][PASSED] - Text 'a' is set on object 'Object Repository/Page_PSTO webMessenger - Zalogowano/input_Robert Majewski_messageInput'

2021-12-19 13:38:35 - [TEST_STEP][PASSED] - click(findTestObject("Object Repository/Page_PSTO webMessenger - Zalogowano/img_Robert Majewski_sendButton")): Object: 'Object Repository/Page_PSTO webMessenger - Zalogowano/img_Robert Majewski_sendButton' is clicked on

2021-12-19 13:38:38 - [MESSAGE][PASSED] - Object: 'Object Repository/Page_PSTO webMessenger - Zalogowano/img_Robert Majewski_sendButton' is clicked on

2021-12-19 13:38:38 - [TEST_STEP][PASSED] - setText(findTestObject("Object Repository/Page_PSTO webMessenger - Zalogowano/input_Robert Majewski_messageInput"), "a"): Text 'a' is set on object 'Object Repository/Page_PSTO webMessenger - Zalogowano/input_Robert Majewski_messageInput'

2021-12-19 13:38:42 - [MESSAGE][PASSED] - Text 'a' is set on object 'Object Repository/Page_PSTO webMessenger - Zalogowano/input_Robert Majewski_messageInput'

2021-12-19 13:38:42 - [TEST_STEP][PASSED] - click(findTestObject("Object Repository/Page_PSTO webMessenger - Zalogowano/img_Robert Majewski_sendButton")): Object: 'Object Repository/Page_PSTO webMessenger - Zalogowano/img_Robert Majewski_sendButton' is clicked on

2021-12-19 13:38:45 - [MESSAGE][PASSED] - Object: 'Object Repository/Page_PSTO webMessenger - Zalogowano/img_Robert Majewski_sendButton' is clicked on

2021-12-19 13:38:45 - [TEST_STEP][PASSED] - setText(findTestObject("Object Repository/Page_PSTO webMessenger - Zalogowano/input_Robert Majewski_messageInput"), "a"): Text 'a' is set on object 'Object Repository/Page_PSTO webMessenger - Zalogowano/input_Robert Majewski_messageInput'

2021-12-19 13:38:48 - [MESSAGE][PASSED] - Text 'a' is set on object 'Object Repository/Page_PSTO webMessenger - Zalogowano/input_Robert Majewski_messageInput'

2021-12-19 13:38:48 - [TEST_STEP][PASSED] - click(findTestObject("Object Repository/Page_PSTO webMessenger - Zalogowano/img_Robert Majewski_sendButton")): Object: 'Object Repository/Page_PSTO webMessenger - Zalogowano/img_Robert Majewski_sendButton' is clicked on

2021-12-19 13:38:51 - [MESSAGE][PASSED] - Object: 'Object Repository/Page_PSTO webMessenger - Zalogowano/img_Robert Majewski_sendButton' is clicked on

2021-12-19 13:38:51 - [TEST_STEP][PASSED] - setText(findTestObject("Object Repository/Page_PSTO webMessenger - Zalogowano/input_Robert Majewski_messageInput"), "a"): Text 'a' is set on object 'Object Repository/Page_PSTO webMessenger - Zalogowano/input_Robert Majewski_messageInput'

2021-12-19 13:38:55 - [MESSAGE][PASSED] - Text 'a' is set on object 'Object Repository/Page_PSTO webMessenger - Zalogowano/input_Robert Majewski_messageInput'

2021-12-19 13:38:55 - [TEST_STEP][PASSED] - click(findTestObject("Object Repository/Page_PSTO webMessenger - Zalogowano/img_Robert Majewski_sendButton")): Object: 'Object Repository/Page_PSTO webMessenger - Zalogowano/img_Robert Majewski_sendButton' is clicked on

2021-12-19 13:38:58 - [MESSAGE][PASSED] - Object: 'Object Repository/Page_PSTO webMessenger - Zalogowano/img_Robert Majewski_sendButton' is clicked on

2021-12-19 13:38:58 - [TEST_STEP][PASSED] - setText(findTestObject("Object Repository/Page_PSTO webMessenger - Zalogowano/input_Robert Majewski_messageInput"), "a"): Text 'a' is set on object 'Object Repository/Page_PSTO webMessenger - Zalogowano/input_Robert Majewski_messageInput'

2021-12-19 13:39:01 - [MESSAGE][PASSED] - Text 'a' is set on object 'Object Repository/Page_PSTO webMessenger - Zalogowano/input_Robert Majewski_messageInput'

2021-12-19 13:39:01 - [TEST_STEP][PASSED] - click(findTestObject("Object Repository/Page_PSTO webMessenger - Zalogowano/img_Robert Majewski_sendButton")): Object: 'Object Repository/Page_PSTO webMessenger - Zalogowano/img_Robert Majewski_sendButton' is clicked on

2021-12-19 13:39:04 - [MESSAGE][PASSED] - Object: 'Object Repository/Page_PSTO webMessenger - Zalogowano/img_Robert Majewski_sendButton' is clicked on

2021-12-19 13:39:04 - [TEST_STEP][PASSED] - setText(findTestObject("Object Repository/Page_PSTO webMessenger - Zalogowano/input_Robert Majewski_messageInput"), "a"): Text 'a' is set on object 'Object Repository/Page_PSTO webMessenger - Zalogowano/input_Robert Majewski_messageInput'

2021-12-19 13:39:08 - [MESSAGE][PASSED] - Text 'a' is set on object 'Object Repository/Page_PSTO webMessenger - Zalogowano/input_Robert Majewski_messageInput'

2021-12-19 13:39:08 - [TEST_STEP][PASSED] - click(findTestObject("Object Repository/Page_PSTO webMessenger - Zalogowano/img_Robert Majewski_sendButton")): Object: 'Object Repository/Page_PSTO webMessenger - Zalogowano/img_Robert Majewski_sendButton' is clicked on

2021-12-19 13:39:11 - [MESSAGE][PASSED] - Object: 'Object Repository/Page_PSTO webMessenger - Zalogowano/img_Robert Majewski_sendButton' is clicked on

2021-12-19 13:39:11 - [TEST_STEP][PASSED] - setText(findTestObject("Object Repository/Page_PSTO webMessenger - Zalogowano/input_Robert Majewski_messageInput"), "a"): Text 'a' is set on object 'Object Repository/Page_PSTO webMessenger - Zalogowano/input_Robert Majewski_messageInput'

2021-12-19 13:39:14 - [MESSAGE][PASSED] - Text 'a' is set on object 'Object Repository/Page_PSTO webMessenger - Zalogowano/input_Robert Majewski_messageInput'

2021-12-19 13:39:14 - [TEST_STEP][PASSED] - click(findTestObject("Object Repository/Page_PSTO webMessenger - Zalogowano/img_Robert Majewski_sendButton")): Object: 'Object Repository/Page_PSTO webMessenger - Zalogowano/img_Robert Majewski_sendButton' is clicked on

2021-12-19 13:39:17 - [MESSAGE][PASSED] - Object: 'Object Repository/Page_PSTO webMessenger - Zalogowano/img_Robert Majewski_sendButton' is clicked on

2021-12-19 13:39:17 - [TEST_STEP][PASSED] - setText(findTestObject("Object Repository/Page_PSTO webMessenger - Zalogowano/input_Robert Majewski_messageInput"), "a"): Text 'a' is set on object 'Object Repository/Page_PSTO webMessenger - Zalogowano/input_Robert Majewski_messageInput'

2021-12-19 13:39:20 - [MESSAGE][PASSED] - Text 'a' is set on object 'Object Repository/Page_PSTO webMessenger - Zalogowano/input_Robert Majewski_messageInput'

2021-12-19 13:39:20 - [TEST_STEP][PASSED] - click(findTestObject("Object Repository/Page_PSTO webMessenger - Zalogowano/img_Robert Majewski_sendButton")): Object: 'Object Repository/Page_PSTO webMessenger - Zalogowano/img_Robert Majewski_sendButton' is clicked on

2021-12-19 13:39:23 - [MESSAGE][PASSED] - Object: 'Object Repository/Page_PSTO webMessenger - Zalogowano/img_Robert Majewski_sendButton' is clicked on

2021-12-19 13:39:23 - [TEST_STEP][PASSED] - setText(findTestObject("Object Repository/Page_PSTO webMessenger - Zalogowano/input_Robert Majewski_messageInput"), "a"): Text 'a' is set on object 'Object Repository/Page_PSTO webMessenger - Zalogowano/input_Robert Majewski_messageInput'

2021-12-19 13:39:26 - [MESSAGE][PASSED] - Text 'a' is set on object 'Object Repository/Page_PSTO webMessenger - Zalogowano/input_Robert Majewski_messageInput'

2021-12-19 13:39:26 - [TEST_STEP][PASSED] - click(findTestObject("Object Repository/Page_PSTO webMessenger - Zalogowano/img_Robert Majewski_sendButton")): Object: 'Object Repository/Page_PSTO webMessenger - Zalogowano/img_Robert Majewski_sendButton' is clicked on

2021-12-19 13:39:29 - [MESSAGE][PASSED] - Object: 'Object Repository/Page_PSTO webMessenger - Zalogowano/img_Robert Majewski_sendButton' is clicked on

2021-12-19 13:39:29 - [TEST_STEP][PASSED] - setText(findTestObject("Object Repository/Page_PSTO webMessenger - Zalogowano/input_Robert Majewski_messageInput"), "a"): Text 'a' is set on object 'Object Repository/Page_PSTO webMessenger - Zalogowano/input_Robert Majewski_messageInput'

2021-12-19 13:39:32 - [MESSAGE][PASSED] - Text 'a' is set on object 'Object Repository/Page_PSTO webMessenger - Zalogowano/input_Robert Majewski_messageInput'

2021-12-19 13:39:32 - [TEST_STEP][PASSED] - click(findTestObject("Object Repository/Page_PSTO webMessenger - Zalogowano/img_Robert Majewski_sendButton")): Object: 'Object Repository/Page_PSTO webMessenger - Zalogowano/img_Robert Majewski_sendButton' is clicked on

2021-12-19 13:39:35 - [MESSAGE][PASSED] - Object: 'Object Repository/Page_PSTO webMessenger - Zalogowano/img_Robert Majewski_sendButton' is clicked on

2021-12-19 13:39:35 - [TEST_STEP][PASSED] - setText(findTestObject("Object Repository/Page_PSTO webMessenger - Zalogowano/input_Robert Majewski_messageInput"), "a"): Text 'a' is set on object 'Object Repository/Page_PSTO webMessenger - Zalogowano/input_Robert Majewski_messageInput'

2021-12-19 13:39:39 - [MESSAGE][PASSED] - Text 'a' is set on object 'Object Repository/Page_PSTO webMessenger - Zalogowano/input_Robert Majewski_messageInput'

2021-12-19 13:39:39 - [TEST_STEP][PASSED] - click(findTestObject("Object Repository/Page_PSTO webMessenger - Zalogowano/img_Robert Majewski_sendButton")): Object: 'Object Repository/Page_PSTO webMessenger - Zalogowano/img_Robert Majewski_sendButton' is clicked on

2021-12-19 13:39:41 - [MESSAGE][PASSED] - Object: 'Object Repository/Page_PSTO webMessenger - Zalogowano/img_Robert Majewski_sendButton' is clicked on

2021-12-19 13:39:41 - [TEST_STEP][PASSED] - setText(findTestObject("Object Repository/Page_PSTO webMessenger - Zalogowano/input_Robert Majewski_messageInput"), "a"): Text 'a' is set on object 'Object Repository/Page_PSTO webMessenger - Zalogowano/input_Robert Majewski_messageInput'

2021-12-19 13:39:45 - [MESSAGE][PASSED] - Text 'a' is set on object 'Object Repository/Page_PSTO webMessenger - Zalogowano/input_Robert Majewski_messageInput'

2021-12-19 13:39:45 - [TEST_STEP][PASSED] - click(findTestObject("Object Repository/Page_PSTO webMessenger - Zalogowano/img_Robert Majewski_sendButton")): Object: 'Object Repository/Page_PSTO webMessenger - Zalogowano/img_Robert Majewski_sendButton' is clicked on

2021-12-19 13:39:47 - [MESSAGE][PASSED] - Object: 'Object Repository/Page_PSTO webMessenger - Zalogowano/img_Robert Majewski_sendButton' is clicked on

2021-12-19 13:39:47 - [TEST_STEP][PASSED] - setText(findTestObject("Object Repository/Page_PSTO webMessenger - Zalogowano/input_Robert Majewski_messageInput"), "a"): Text 'a' is set on object 'Object Repository/Page_PSTO webMessenger - Zalogowano/input_Robert Majewski_messageInput'

2021-12-19 13:39:51 - [MESSAGE][PASSED] - Text 'a' is set on object 'Object Repository/Page_PSTO webMessenger - Zalogowano/input_Robert Majewski_messageInput'

2021-12-19 13:39:51 - [TEST_STEP][PASSED] - click(findTestObject("Object Repository/Page_PSTO webMessenger - Zalogowano/img_Robert Majewski_sendButton")): Object: 'Object Repository/Page_PSTO webMessenger - Zalogowano/img_Robert Majewski_sendButton' is clicked on

2021-12-19 13:39:53 - [MESSAGE][PASSED] - Object: 'Object Repository/Page_PSTO webMessenger - Zalogowano/img_Robert Majewski_sendButton' is clicked on

2021-12-19 13:39:53 - [TEST_STEP][PASSED] - setText(findTestObject("Object Repository/Page_PSTO webMessenger - Zalogowano/input_Robert Majewski_messageInput"), "a"): Text 'a' is set on object 'Object Repository/Page_PSTO webMessenger - Zalogowano/input_Robert Majewski_messageInput'

2021-12-19 13:39:57 - [MESSAGE][PASSED] - Text 'a' is set on object 'Object Repository/Page_PSTO webMessenger - Zalogowano/input_Robert Majewski_messageInput'

2021-12-19 13:39:57 - [TEST_STEP][PASSED] - click(findTestObject("Object Repository/Page_PSTO webMessenger - Zalogowano/img_Robert Majewski_sendButton")): Object: 'Object Repository/Page_PSTO webMessenger - Zalogowano/img_Robert Majewski_sendButton' is clicked on

2021-12-19 13:39:59 - [MESSAGE][PASSED] - Object: 'Object Repository/Page_PSTO webMessenger - Zalogowano/img_Robert Majewski_sendButton' is clicked on

2021-12-19 13:39:59 - [TEST_STEP][PASSED] - setText(findTestObject("Object Repository/Page_PSTO webMessenger - Zalogowano/input_Robert Majewski_messageInput"), "a"): Text 'a' is set on object 'Object Repository/Page_PSTO webMessenger - Zalogowano/input_Robert Majewski_messageInput'

2021-12-19 13:40:03 - [MESSAGE][PASSED] - Text 'a' is set on object 'Object Repository/Page_PSTO webMessenger - Zalogowano/input_Robert Majewski_messageInput'

2021-12-19 13:40:03 - [TEST_STEP][PASSED] - click(findTestObject("Object Repository/Page_PSTO webMessenger - Zalogowano/img_Robert Majewski_sendButton")): Object: 'Object Repository/Page_PSTO webMessenger - Zalogowano/img_Robert Majewski_sendButton' is clicked on

2021-12-19 13:40:05 - [MESSAGE][PASSED] - Object: 'Object Repository/Page_PSTO webMessenger - Zalogowano/img_Robert Majewski_sendButton' is clicked on

2021-12-19 13:40:05 - [TEST_STEP][PASSED] - setText(findTestObject("Object Repository/Page_PSTO webMessenger - Zalogowano/input_Robert Majewski_messageInput"), "a"): Text 'a' is set on object 'Object Repository/Page_PSTO webMessenger - Zalogowano/input_Robert Majewski_messageInput'

2021-12-19 13:40:10 - [MESSAGE][PASSED] - Text 'a' is set on object 'Object Repository/Page_PSTO webMessenger - Zalogowano/input_Robert Majewski_messageInput'

2021-12-19 13:40:10 - [TEST_STEP][PASSED] - click(findTestObject("Object Repository/Page_PSTO webMessenger - Zalogowano/img_Robert Majewski_sendButton")): Object: 'Object Repository/Page_PSTO webMessenger - Zalogowano/img_Robert Majewski_sendButton' is clicked on

2021-12-19 13:40:12 - [MESSAGE][PASSED] - Object: 'Object Repository/Page_PSTO webMessenger - Zalogowano/img_Robert Majewski_sendButton' is clicked on

2021-12-19 13:40:12 - [TEST_STEP][PASSED] - setText(findTestObject("Object Repository/Page_PSTO webMessenger - Zalogowano/input_Robert Majewski_messageInput"), "a"): Text 'a' is set on object 'Object Repository/Page_PSTO webMessenger - Zalogowano/input_Robert Majewski_messageInput'

2021-12-19 13:40:16 - [MESSAGE][PASSED] - Text 'a' is set on object 'Object Repository/Page_PSTO webMessenger - Zalogowano/input_Robert Majewski_messageInput'

2021-12-19 13:40:16 - [TEST_STEP][PASSED] - click(findTestObject("Object Repository/Page_PSTO webMessenger - Zalogowano/img_Robert Majewski_sendButton")): Object: 'Object Repository/Page_PSTO webMessenger - Zalogowano/img_Robert Majewski_sendButton' is clicked on

2021-12-19 13:40:19 - [MESSAGE][PASSED] - Object: 'Object Repository/Page_PSTO webMessenger - Zalogowano/img_Robert Majewski_sendButton' is clicked on

2021-12-19 13:40:19 - [TEST_STEP][PASSED] - setText(findTestObject("Object Repository/Page_PSTO webMessenger - Zalogowano/input_Robert Majewski_messageInput"), "a"): Text 'a' is set on object 'Object Repository/Page_PSTO webMessenger - Zalogowano/input_Robert Majewski_messageInput'

2021-12-19 13:40:22 - [MESSAGE][PASSED] - Text 'a' is set on object 'Object Repository/Page_PSTO webMessenger - Zalogowano/input_Robert Majewski_messageInput'

2021-12-19 13:40:22 - [TEST_STEP][PASSED] - click(findTestObject("Object Repository/Page_PSTO webMessenger - Zalogowano/img_Robert Majewski_sendButton")): Object: 'Object Repository/Page_PSTO webMessenger - Zalogowano/img_Robert Majewski_sendButton' is clicked on

2021-12-19 13:40:25 - [MESSAGE][PASSED] - Object: 'Object Repository/Page_PSTO webMessenger - Zalogowano/img_Robert Majewski_sendButton' is clicked on

2021-12-19 13:40:25 - [TEST_STEP][PASSED] - setText(findTestObject("Object Repository/Page_PSTO webMessenger - Zalogowano/input_Robert Majewski_messageInput"), "a"): Text 'a' is set on object 'Object Repository/Page_PSTO webMessenger - Zalogowano/input_Robert Majewski_messageInput'

2021-12-19 13:40:28 - [MESSAGE][PASSED] - Text 'a' is set on object 'Object Repository/Page_PSTO webMessenger - Zalogowano/input_Robert Majewski_messageInput'

2021-12-19 13:40:28 - [TEST_STEP][PASSED] - click(findTestObject("Object Repository/Page_PSTO webMessenger - Zalogowano/img_Robert Majewski_sendButton")): Object: 'Object Repository/Page_PSTO webMessenger - Zalogowano/img_Robert Majewski_sendButton' is clicked on

2021-12-19 13:40:31 - [MESSAGE][PASSED] - Object: 'Object Repository/Page_PSTO webMessenger - Zalogowano/img_Robert Majewski_sendButton' is clicked on

2021-12-19 13:40:31 - [TEST_STEP][PASSED] - setText(findTestObject("Object Repository/Page_PSTO webMessenger - Zalogowano/input_Robert Majewski_messageInput"), "a"): Text 'a' is set on object 'Object Repository/Page_PSTO webMessenger - Zalogowano/input_Robert Majewski_messageInput'

2021-12-19 13:40:35 - [MESSAGE][PASSED] - Text 'a' is set on object 'Object Repository/Page_PSTO webMessenger - Zalogowano/input_Robert Majewski_messageInput'

2021-12-19 13:40:35 - [TEST_STEP][PASSED] - click(findTestObject("Object Repository/Page_PSTO webMessenger - Zalogowano/img_Robert Majewski_sendButton")): Object: 'Object Repository/Page_PSTO webMessenger - Zalogowano/img_Robert Majewski_sendButton' is clicked on

2021-12-19 13:40:38 - [MESSAGE][PASSED] - Object: 'Object Repository/Page_PSTO webMessenger - Zalogowano/img_Robert Majewski_sendButton' is clicked on

2021-12-19 13:40:38 - [TEST_STEP][PASSED] - setText(findTestObject("Object Repository/Page_PSTO webMessenger - Zalogowano/input_Robert Majewski_messageInput"), "a"): Text 'a' is set on object 'Object Repository/Page_PSTO webMessenger - Zalogowano/input_Robert Majewski_messageInput'

2021-12-19 13:40:41 - [MESSAGE][PASSED] - Text 'a' is set on object 'Object Repository/Page_PSTO webMessenger - Zalogowano/input_Robert Majewski_messageInput'

2021-12-19 13:40:41 - [TEST_STEP][PASSED] - click(findTestObject("Object Repository/Page_PSTO webMessenger - Zalogowano/img_Robert Majewski_sendButton")): Object: 'Object Repository/Page_PSTO webMessenger - Zalogowano/img_Robert Majewski_sendButton' is clicked on

2021-12-19 13:40:44 - [MESSAGE][PASSED] - Object: 'Object Repository/Page_PSTO webMessenger - Zalogowano/img_Robert Majewski_sendButton' is clicked on

2021-12-19 13:40:44 - [TEST_STEP][PASSED] - setText(findTestObject("Object Repository/Page_PSTO webMessenger - Zalogowano/input_Robert Majewski_messageInput"), "a"): Text 'a' is set on object 'Object Repository/Page_PSTO webMessenger - Zalogowano/input_Robert Majewski_messageInput'

2021-12-19 13:40:47 - [MESSAGE][PASSED] - Text 'a' is set on object 'Object Repository/Page_PSTO webMessenger - Zalogowano/input_Robert Majewski_messageInput'

2021-12-19 13:40:47 - [TEST_STEP][PASSED] - click(findTestObject("Object Repository/Page_PSTO webMessenger - Zalogowano/img_Robert Majewski_sendButton")): Object: 'Object Repository/Page_PSTO webMessenger - Zalogowano/img_Robert Majewski_sendButton' is clicked on

2021-12-19 13:40:50 - [MESSAGE][PASSED] - Object: 'Object Repository/Page_PSTO webMessenger - Zalogowano/img_Robert Majewski_sendButton' is clicked on

2021-12-19 13:40:50 - [TEST_STEP][PASSED] - setText(findTestObject("Object Repository/Page_PSTO webMessenger - Zalogowano/input_Robert Majewski_messageInput"), "a"): Text 'a' is set on object 'Object Repository/Page_PSTO webMessenger - Zalogowano/input_Robert Majewski_messageInput'

2021-12-19 13:40:54 - [MESSAGE][PASSED] - Text 'a' is set on object 'Object Repository/Page_PSTO webMessenger - Zalogowano/input_Robert Majewski_messageInput'

2021-12-19 13:40:54 - [TEST_STEP][PASSED] - click(findTestObject("Object Repository/Page_PSTO webMessenger - Zalogowano/img_Robert Majewski_sendButton")): Object: 'Object Repository/Page_PSTO webMessenger - Zalogowano/img_Robert Majewski_sendButton' is clicked on

2021-12-19 13:40:57 - [MESSAGE][PASSED] - Object: 'Object Repository/Page_PSTO webMessenger - Zalogowano/img_Robert Majewski_sendButton' is clicked on

2021-12-19 13:40:57 - [TEST_STEP][PASSED] - setText(findTestObject("Object Repository/Page_PSTO webMessenger - Zalogowano/input_Robert Majewski_messageInput"), "a"): Text 'a' is set on object 'Object Repository/Page_PSTO webMessenger - Zalogowano/input_Robert Majewski_messageInput'

2021-12-19 13:41:00 - [MESSAGE][PASSED] - Text 'a' is set on object 'Object Repository/Page_PSTO webMessenger - Zalogowano/input_Robert Majewski_messageInput'

2021-12-19 13:41:00 - [TEST_STEP][PASSED] - click(findTestObject("Object Repository/Page_PSTO webMessenger - Zalogowano/img_Robert Majewski_sendButton")): Object: 'Object Repository/Page_PSTO webMessenger - Zalogowano/img_Robert Majewski_sendButton' is clicked on

2021-12-19 13:41:03 - [MESSAGE][PASSED] - Object: 'Object Repository/Page_PSTO webMessenger - Zalogowano/img_Robert Majewski_sendButton' is clicked on

2021-12-19 13:41:03 - [TEST_STEP][PASSED] - setText(findTestObject("Object Repository/Page_PSTO webMessenger - Zalogowano/input_Robert Majewski_messageInput"), "a"): Text 'a' is set on object 'Object Repository/Page_PSTO webMessenger - Zalogowano/input_Robert Majewski_messageInput'

2021-12-19 13:41:06 - [MESSAGE][PASSED] - Text 'a' is set on object 'Object Repository/Page_PSTO webMessenger - Zalogowano/input_Robert Majewski_messageInput'

2021-12-19 13:41:06 - [TEST_STEP][PASSED] - click(findTestObject("Object Repository/Page_PSTO webMessenger - Zalogowano/img_Robert Majewski_sendButton")): Object: 'Object Repository/Page_PSTO webMessenger - Zalogowano/img_Robert Majewski_sendButton' is clicked on

2021-12-19 13:41:09 - [MESSAGE][PASSED] - Object: 'Object Repository/Page_PSTO webMessenger - Zalogowano/img_Robert Majewski_sendButton' is clicked on

2021-12-19 13:41:09 - [TEST_STEP][PASSED] - setText(findTestObject("Object Repository/Page_PSTO webMessenger - Zalogowano/input_Robert Majewski_messageInput"), "a"): Text 'a' is set on object 'Object Repository/Page_PSTO webMessenger - Zalogowano/input_Robert Majewski_messageInput'

2021-12-19 13:41:14 - [MESSAGE][PASSED] - Text 'a' is set on object 'Object Repository/Page_PSTO webMessenger - Zalogowano/input_Robert Majewski_messageInput'

2021-12-19 13:41:14 - [TEST_STEP][PASSED] - click(findTestObject("Object Repository/Page_PSTO webMessenger - Zalogowano/img_Robert Majewski_sendButton")): Object: 'Object Repository/Page_PSTO webMessenger - Zalogowano/img_Robert Majewski_sendButton' is clicked on

2021-12-19 13:41:17 - [MESSAGE][PASSED] - Object: 'Object Repository/Page_PSTO webMessenger - Zalogowano/img_Robert Majewski_sendButton' is clicked on

2021-12-19 13:41:17 - [TEST_STEP][PASSED] - setText(findTestObject("Object Repository/Page_PSTO webMessenger - Zalogowano/input_Robert Majewski_messageInput"), "a"): Text 'a' is set on object 'Object Repository/Page_PSTO webMessenger - Zalogowano/input_Robert Majewski_messageInput'

2021-12-19 13:41:22 - [MESSAGE][PASSED] - Text 'a' is set on object 'Object Repository/Page_PSTO webMessenger - Zalogowano/input_Robert Majewski_messageInput'

2021-12-19 13:41:22 - [TEST_STEP][PASSED] - click(findTestObject("Object Repository/Page_PSTO webMessenger - Zalogowano/img_Robert Majewski_sendButton")): Object: 'Object Repository/Page_PSTO webMessenger - Zalogowano/img_Robert Majewski_sendButton' is clicked on

2021-12-19 13:41:25 - [MESSAGE][PASSED] - Object: 'Object Repository/Page_PSTO webMessenger - Zalogowano/img_Robert Majewski_sendButton' is clicked on

2021-12-19 13:41:25 - [TEST_STEP][PASSED] - setText(findTestObject("Object Repository/Page_PSTO webMessenger - Zalogowano/input_Robert Majewski_messageInput"), "a"): Text 'a' is set on object 'Object Repository/Page_PSTO webMessenger - Zalogowano/input_Robert Majewski_messageInput'

2021-12-19 13:41:28 - [MESSAGE][PASSED] - Text 'a' is set on object 'Object Repository/Page_PSTO webMessenger - Zalogowano/input_Robert Majewski_messageInput'

2021-12-19 13:41:28 - [TEST_STEP][PASSED] - click(findTestObject("Object Repository/Page_PSTO webMessenger - Zalogowano/img_Robert Majewski_sendButton")): Object: 'Object Repository/Page_PSTO webMessenger - Zalogowano/img_Robert Majewski_sendButton' is clicked on

2021-12-19 13:41:31 - [MESSAGE][PASSED] - Object: 'Object Repository/Page_PSTO webMessenger - Zalogowano/img_Robert Majewski_sendButton' is clicked on

2021-12-19 13:41:31 - [TEST_STEP][PASSED] - setText(findTestObject("Object Repository/Page_PSTO webMessenger - Zalogowano/input_Robert Majewski_messageInput"), "a"): Text 'a' is set on object 'Object Repository/Page_PSTO webMessenger - Zalogowano/input_Robert Majewski_messageInput'

2021-12-19 13:41:35 - [MESSAGE][PASSED] - Text 'a' is set on object 'Object Repository/Page_PSTO webMessenger - Zalogowano/input_Robert Majewski_messageInput'

2021-12-19 13:41:35 - [TEST_STEP][PASSED] - click(findTestObject("Object Repository/Page_PSTO webMessenger - Zalogowano/img_Robert Majewski_sendButton")): Object: 'Object Repository/Page_PSTO webMessenger - Zalogowano/img_Robert Majewski_sendButton' is clicked on

2021-12-19 13:41:38 - [MESSAGE][PASSED] - Object: 'Object Repository/Page_PSTO webMessenger - Zalogowano/img_Robert Majewski_sendButton' is clicked on

2021-12-19 13:41:38 - [TEST_STEP][PASSED] - setText(findTestObject("Object Repository/Page_PSTO webMessenger - Zalogowano/input_Robert Majewski_messageInput"), "a"): Text 'a' is set on object 'Object Repository/Page_PSTO webMessenger - Zalogowano/input_Robert Majewski_messageInput'

2021-12-19 13:41:41 - [MESSAGE][PASSED] - Text 'a' is set on object 'Object Repository/Page_PSTO webMessenger - Zalogowano/input_Robert Majewski_messageInput'

2021-12-19 13:41:41 - [TEST_STEP][PASSED] - click(findTestObject("Object Repository/Page_PSTO webMessenger - Zalogowano/img_Robert Majewski_sendButton")): Object: 'Object Repository/Page_PSTO webMessenger - Zalogowano/img_Robert Majewski_sendButton' is clicked on

2021-12-19 13:41:44 - [MESSAGE][PASSED] - Object: 'Object Repository/Page_PSTO webMessenger - Zalogowano/img_Robert Majewski_sendButton' is clicked on

2021-12-19 13:41:44 - [TEST_STEP][PASSED] - setText(findTestObject("Object Repository/Page_PSTO webMessenger - Zalogowano/input_Robert Majewski_messageInput"), "a"): Text 'a' is set on object 'Object Repository/Page_PSTO webMessenger - Zalogowano/input_Robert Majewski_messageInput'

2021-12-19 13:41:46 - [MESSAGE][PASSED] - Text 'a' is set on object 'Object Repository/Page_PSTO webMessenger - Zalogowano/input_Robert Majewski_messageInput'

2021-12-19 13:41:46 - [TEST_STEP][PASSED] - click(findTestObject("Object Repository/Page_PSTO webMessenger - Zalogowano/img_Robert Majewski_sendButton")): Object: 'Object Repository/Page_PSTO webMessenger - Zalogowano/img_Robert Majewski_sendButton' is clicked on

2021-12-19 13:41:47 - [MESSAGE][PASSED] - Object: 'Object Repository/Page_PSTO webMessenger - Zalogowano/img_Robert Majewski_sendButton' is clicked on

2021-12-19 13:41:47 - [TEST_STEP][PASSED] - setText(findTestObject("Object Repository/Page_PSTO webMessenger - Zalogowano/input_Robert Majewski_messageInput"), "a"): Text 'a' is set on object 'Object Repository/Page_PSTO webMessenger - Zalogowano/input_Robert Majewski_messageInput'

2021-12-19 13:41:48 - [MESSAGE][PASSED] - Text 'a' is set on object 'Object Repository/Page_PSTO webMessenger - Zalogowano/input_Robert Majewski_messageInput'

2021-12-19 13:41:48 - [TEST_STEP][PASSED] - click(findTestObject("Object Repository/Page_PSTO webMessenger - Zalogowano/img_Robert Majewski_sendButton")): Object: 'Object Repository/Page_PSTO webMessenger - Zalogowano/img_Robert Majewski_sendButton' is clicked on

2021-12-19 13:41:48 - [MESSAGE][PASSED] - Object: 'Object Repository/Page_PSTO webMessenger - Zalogowano/img_Robert Majewski_sendButton' is clicked on

2021-12-19 13:41:48 - [TEST_STEP][PASSED] - setText(findTestObject("Object Repository/Page_PSTO webMessenger - Zalogowano/input_Robert Majewski_messageInput"), "a"): Text 'a' is set on object 'Object Repository/Page_PSTO webMessenger - Zalogowano/input_Robert Majewski_messageInput'

2021-12-19 13:41:49 - [MESSAGE][PASSED] - Text 'a' is set on object 'Object Repository/Page_PSTO webMessenger - Zalogowano/input_Robert Majewski_messageInput'

2021-12-19 13:41:49 - [TEST_STEP][PASSED] - click(findTestObject("Object Repository/Page_PSTO webMessenger - Zalogowano/img_Robert Majewski_sendButton")): Object: 'Object Repository/Page_PSTO webMessenger - Zalogowano/img_Robert Majewski_sendButton' is clicked on

2021-12-19 13:41:50 - [MESSAGE][PASSED] - Object: 'Object Repository/Page_PSTO webMessenger - Zalogowano/img_Robert Majewski_sendButton' is clicked on

2021-12-19 13:41:50 - [TEST_STEP][PASSED] - setText(findTestObject("Object Repository/Page_PSTO webMessenger - Zalogowano/input_Robert Majewski_messageInput"), "a"): Text 'a' is set on object 'Object Repository/Page_PSTO webMessenger - Zalogowano/input_Robert Majewski_messageInput'

2021-12-19 13:41:50 - [MESSAGE][PASSED] - Text 'a' is set on object 'Object Repository/Page_PSTO webMessenger - Zalogowano/input_Robert Majewski_messageInput'

2021-12-19 13:41:50 - [TEST_STEP][PASSED] - click(findTestObject("Object Repository/Page_PSTO webMessenger - Zalogowano/img_Robert Majewski_sendButton")): Object: 'Object Repository/Page_PSTO webMessenger - Zalogowano/img_Robert Majewski_sendButton' is clicked on

2021-12-19 13:41:54 - [MESSAGE][PASSED] - Object: 'Object Repository/Page_PSTO webMessenger - Zalogowano/img_Robert Majewski_sendButton' is clicked on

2021-12-19 13:41:54 - [TEST_STEP][PASSED] - setText(findTestObject("Object Repository/Page_PSTO webMessenger - Zalogowano/input_Robert Majewski_messageInput"), "a"): Text 'a' is set on object 'Object Repository/Page_PSTO webMessenger - Zalogowano/input_Robert Majewski_messageInput'

2021-12-19 13:41:58 - [MESSAGE][PASSED] - Text 'a' is set on object 'Object Repository/Page_PSTO webMessenger - Zalogowano/input_Robert Majewski_messageInput'

2021-12-19 13:41:58 - [TEST_STEP][PASSED] - click(findTestObject("Object Repository/Page_PSTO webMessenger - Zalogowano/img_Robert Majewski_sendButton")): Object: 'Object Repository/Page_PSTO webMessenger - Zalogowano/img_Robert Majewski_sendButton' is clicked on

2021-12-19 13:42:00 - [MESSAGE][PASSED] - Object: 'Object Repository/Page_PSTO webMessenger - Zalogowano/img_Robert Majewski_sendButton' is clicked on

2021-12-19 13:42:00 - [TEST_STEP][PASSED] - setText(findTestObject("Object Repository/Page_PSTO webMessenger - Zalogowano/input_Robert Majewski_messageInput"), "a"): Text 'a' is set on object 'Object Repository/Page_PSTO webMessenger - Zalogowano/input_Robert Majewski_messageInput'

2021-12-19 13:42:04 - [MESSAGE][PASSED] - Text 'a' is set on object 'Object Repository/Page_PSTO webMessenger - Zalogowano/input_Robert Majewski_messageInput'

2021-12-19 13:42:04 - [TEST_STEP][PASSED] - click(findTestObject("Object Repository/Page_PSTO webMessenger - Zalogowano/img_Robert Majewski_sendButton")): Object: 'Object Repository/Page_PSTO webMessenger - Zalogowano/img_Robert Majewski_sendButton' is clicked on

2021-12-19 13:42:06 - [MESSAGE][PASSED] - Object: 'Object Repository/Page_PSTO webMessenger - Zalogowano/img_Robert Majewski_sendButton' is clicked on

2021-12-19 13:42:06 - [TEST_STEP][PASSED] - setText(findTestObject("Object Repository/Page_PSTO webMessenger - Zalogowano/input_Robert Majewski_messageInput"), "a"): Text 'a' is set on object 'Object Repository/Page_PSTO webMessenger - Zalogowano/input_Robert Majewski_messageInput'

2021-12-19 13:42:11 - [MESSAGE][PASSED] - Text 'a' is set on object 'Object Repository/Page_PSTO webMessenger - Zalogowano/input_Robert Majewski_messageInput'

2021-12-19 13:42:11 - [TEST_STEP][PASSED] - click(findTestObject("Object Repository/Page_PSTO webMessenger - Zalogowano/img_Robert Majewski_sendButton")): Object: 'Object Repository/Page_PSTO webMessenger - Zalogowano/img_Robert Majewski_sendButton' is clicked on

2021-12-19 13:42:13 - [MESSAGE][PASSED] - Object: 'Object Repository/Page_PSTO webMessenger - Zalogowano/img_Robert Majewski_sendButton' is clicked on

2021-12-19 13:42:13 - [TEST_STEP][PASSED] - setText(findTestObject("Object Repository/Page_PSTO webMessenger - Zalogowano/input_Robert Majewski_messageInput"), "a"): Text 'a' is set on object 'Object Repository/Page_PSTO webMessenger - Zalogowano/input_Robert Majewski_messageInput'

2021-12-19 13:42:17 - [MESSAGE][PASSED] - Text 'a' is set on object 'Object Repository/Page_PSTO webMessenger - Zalogowano/input_Robert Majewski_messageInput'

2021-12-19 13:42:17 - [TEST_STEP][PASSED] - click(findTestObject("Object Repository/Page_PSTO webMessenger - Zalogowano/img_Robert Majewski_sendButton")): Object: 'Object Repository/Page_PSTO webMessenger - Zalogowano/img_Robert Majewski_sendButton' is clicked on

2021-12-19 13:42:19 - [MESSAGE][PASSED] - Object: 'Object Repository/Page_PSTO webMessenger - Zalogowano/img_Robert Majewski_sendButton' is clicked on

2021-12-19 13:42:19 - [TEST_STEP][PASSED] - setText(findTestObject("Object Repository/Page_PSTO webMessenger - Zalogowano/input_Robert Majewski_messageInput"), "a"): Text 'a' is set on object 'Object Repository/Page_PSTO webMessenger - Zalogowano/input_Robert Majewski_messageInput'

2021-12-19 13:42:23 - [MESSAGE][PASSED] - Text 'a' is set on object 'Object Repository/Page_PSTO webMessenger - Zalogowano/input_Robert Majewski_messageInput'

2021-12-19 13:42:23 - [TEST_STEP][PASSED] - click(findTestObject("Object Repository/Page_PSTO webMessenger - Zalogowano/img_Robert Majewski_sendButton")): Object: 'Object Repository/Page_PSTO webMessenger - Zalogowano/img_Robert Majewski_sendButton' is clicked on

2021-12-19 13:42:25 - [MESSAGE][PASSED] - Object: 'Object Repository/Page_PSTO webMessenger - Zalogowano/img_Robert Majewski_sendButton' is clicked on

2021-12-19 13:42:25 - [TEST_STEP][PASSED] - setText(findTestObject("Object Repository/Page_PSTO webMessenger - Zalogowano/input_Robert Majewski_messageInput"), "a"): Text 'a' is set on object 'Object Repository/Page_PSTO webMessenger - Zalogowano/input_Robert Majewski_messageInput'

2021-12-19 13:42:29 - [MESSAGE][PASSED] - Text 'a' is set on object 'Object Repository/Page_PSTO webMessenger - Zalogowano/input_Robert Majewski_messageInput'

2021-12-19 13:42:29 - [TEST_STEP][PASSED] - click(findTestObject("Object Repository/Page_PSTO webMessenger - Zalogowano/img_Robert Majewski_sendButton")): Object: 'Object Repository/Page_PSTO webMessenger - Zalogowano/img_Robert Majewski_sendButton' is clicked on

2021-12-19 13:42:32 - [MESSAGE][PASSED] - Object: 'Object Repository/Page_PSTO webMessenger - Zalogowano/img_Robert Majewski_sendButton' is clicked on

2021-12-19 13:42:32 - [TEST_STEP][PASSED] - setText(findTestObject("Object Repository/Page_PSTO webMessenger - Zalogowano/input_Robert Majewski_messageInput"), "a"): Text 'a' is set on object 'Object Repository/Page_PSTO webMessenger - Zalogowano/input_Robert Majewski_messageInput'

2021-12-19 13:42:35 - [MESSAGE][PASSED] - Text 'a' is set on object 'Object Repository/Page_PSTO webMessenger - Zalogowano/input_Robert Majewski_messageInput'

2021-12-19 13:42:35 - [TEST_STEP][PASSED] - click(findTestObject("Object Repository/Page_PSTO webMessenger - Zalogowano/img_Robert Majewski_sendButton")): Object: 'Object Repository/Page_PSTO webMessenger - Zalogowano/img_Robert Majewski_sendButton' is clicked on

2021-12-19 13:42:38 - [MESSAGE][PASSED] - Object: 'Object Repository/Page_PSTO webMessenger - Zalogowano/img_Robert Majewski_sendButton' is clicked on

2021-12-19 13:42:38 - [TEST_STEP][PASSED] - setText(findTestObject("Object Repository/Page_PSTO webMessenger - Zalogowano/input_Robert Majewski_messageInput"), "a"): Text 'a' is set on object 'Object Repository/Page_PSTO webMessenger - Zalogowano/input_Robert Majewski_messageInput'

2021-12-19 13:42:42 - [MESSAGE][PASSED] - Text 'a' is set on object 'Object Repository/Page_PSTO webMessenger - Zalogowano/input_Robert Majewski_messageInput'

2021-12-19 13:42:42 - [TEST_STEP][PASSED] - click(findTestObject("Object Repository/Page_PSTO webMessenger - Zalogowano/img_Robert Majewski_sendButton")): Object: 'Object Repository/Page_PSTO webMessenger - Zalogowano/img_Robert Majewski_sendButton' is clicked on

2021-12-19 13:42:45 - [MESSAGE][PASSED] - Object: 'Object Repository/Page_PSTO webMessenger - Zalogowano/img_Robert Majewski_sendButton' is clicked on

2021-12-19 13:42:45 - [TEST_STEP][PASSED] - setText(findTestObject("Object Repository/Page_PSTO webMessenger - Zalogowano/input_Robert Majewski_messageInput"), "a"): Text 'a' is set on object 'Object Repository/Page_PSTO webMessenger - Zalogowano/input_Robert Majewski_messageInput'

2021-12-19 13:42:48 - [MESSAGE][PASSED] - Text 'a' is set on object 'Object Repository/Page_PSTO webMessenger - Zalogowano/input_Robert Majewski_messageInput'

2021-12-19 13:42:48 - [TEST_STEP][PASSED] - click(findTestObject("Object Repository/Page_PSTO webMessenger - Zalogowano/img_Robert Majewski_sendButton")): Object: 'Object Repository/Page_PSTO webMessenger - Zalogowano/img_Robert Majewski_sendButton' is clicked on

2021-12-19 13:42:51 - [MESSAGE][PASSED] - Object: 'Object Repository/Page_PSTO webMessenger - Zalogowano/img_Robert Majewski_sendButton' is clicked on

2021-12-19 13:42:51 - [TEST_STEP][PASSED] - setText(findTestObject("Object Repository/Page_PSTO webMessenger - Zalogowano/input_Robert Majewski_messageInput"), "a"): Text 'a' is set on object 'Object Repository/Page_PSTO webMessenger - Zalogowano/input_Robert Majewski_messageInput'

2021-12-19 13:42:54 - [MESSAGE][PASSED] - Text 'a' is set on object 'Object Repository/Page_PSTO webMessenger - Zalogowano/input_Robert Majewski_messageInput'

2021-12-19 13:42:54 - [TEST_STEP][PASSED] - click(findTestObject("Object Repository/Page_PSTO webMessenger - Zalogowano/img_Robert Majewski_sendButton")): Object: 'Object Repository/Page_PSTO webMessenger - Zalogowano/img_Robert Majewski_sendButton' is clicked on

2021-12-19 13:42:57 - [MESSAGE][PASSED] - Object: 'Object Repository/Page_PSTO webMessenger - Zalogowano/img_Robert Majewski_sendButton' is clicked on

2021-12-19 13:42:57 - [TEST_STEP][PASSED] - setText(findTestObject("Object Repository/Page_PSTO webMessenger - Zalogowano/input_Robert Majewski_messageInput"), "a"): Text 'a' is set on object 'Object Repository/Page_PSTO webMessenger - Zalogowano/input_Robert Majewski_messageInput'

2021-12-19 13:43:01 - [MESSAGE][PASSED] - Text 'a' is set on object 'Object Repository/Page_PSTO webMessenger - Zalogowano/input_Robert Majewski_messageInput'

2021-12-19 13:43:01 - [TEST_STEP][PASSED] - click(findTestObject("Object Repository/Page_PSTO webMessenger - Zalogowano/img_Robert Majewski_sendButton")): Object: 'Object Repository/Page_PSTO webMessenger - Zalogowano/img_Robert Majewski_sendButton' is clicked on

2021-12-19 13:43:04 - [MESSAGE][PASSED] - Object: 'Object Repository/Page_PSTO webMessenger - Zalogowano/img_Robert Majewski_sendButton' is clicked on

2021-12-19 13:43:04 - [TEST_STEP][PASSED] - click(findTestObject("Object Repository/Page_PSTO webMessenger - Zalogowano/img_Zarejestruj konto_iconImg")): Object: 'Object Repository/Page_PSTO webMessenger - Zalogowano/img_Zarejestruj konto_iconImg' is clicked on

2021-12-19 13:43:06 - [MESSAGE][PASSED] - Object: 'Object Repository/Page_PSTO webMessenger - Zalogowano/img_Zarejestruj konto_iconImg' is clicked on

2021-12-19 13:43:06 - [TEST_STEP][PASSED] - closeBrowser(): Browser is closed

2021-12-19 13:43:10 - [MESSAGE][PASSED] - Browser is closed]]></system-out>
         <system-err><![CDATA[]]></system-err>
      </testcase>
      <testcase name="Test Cases/Historia rozm贸w/HR18" time="68.964" classname="Test Cases/Historia rozm贸w/HR18" status="FAILED">
         <failure type="FAILED" message="Test Cases/Historia rozm贸w/HR18 FAILED.
Reason:
com.kms.katalon.core.exception.StepFailedException: Unable to set text 'a' of object 'Object Repository/Page_PSTO webMessenger - Zalogowano/input_Iwona  Kowalska_messageInput'
	at com.kms.katalon.core.webui.keyword.internal.WebUIKeywordMain.stepFailed(WebUIKeywordMain.groovy:64)
	at com.kms.katalon.core.webui.keyword.internal.WebUIKeywordMain.runKeyword(WebUIKeywordMain.groovy:26)
	at com.kms.katalon.core.webui.keyword.builtin.SetTextKeyword.setText(SetTextKeyword.groovy:66)
	at com.kms.katalon.core.webui.keyword.builtin.SetTextKeyword.execute(SetTextKeyword.groovy:37)
	at com.kms.katalon.core.keyword.internal.KeywordExecutor.executeKeywordForPlatform(KeywordExecutor.groovy:74)
	at com.kms.katalon.core.webui.keyword.WebUiBuiltInKeywords.setText(WebUiBuiltInKeywords.groovy:980)
	at com.kms.katalon.core.webui.keyword.WebUiBuiltInKeywords$setText$1.call(Unknown Source)
	at HR18.run(HR18:34)
	at com.kms.katalon.core.main.ScriptEngine.run(ScriptEngine.java:194)
	at com.kms.katalon.core.main.ScriptEngine.runScriptAsRawText(ScriptEngine.java:119)
	at com.kms.katalon.core.main.TestCaseExecutor.runScript(TestCaseExecutor.java:442)
	at com.kms.katalon.core.main.TestCaseExecutor.doExecute(TestCaseExecutor.java:433)
	at com.kms.katalon.core.main.TestCaseExecutor.processExecutionPhase(TestCaseExecutor.java:412)
	at com.kms.katalon.core.main.TestCaseExecutor.accessMainPhase(TestCaseExecutor.java:404)
	at com.kms.katalon.core.main.TestCaseExecutor.execute(TestCaseExecutor.java:281)
	at com.kms.katalon.core.main.TestSuiteExecutor.accessTestCaseMainPhase(TestSuiteExecutor.java:202)
	at com.kms.katalon.core.main.TestSuiteExecutor.accessTestSuiteMainPhase(TestSuiteExecutor.java:164)
	at com.kms.katalon.core.main.TestSuiteExecutor.execute(TestSuiteExecutor.java:105)
	at com.kms.katalon.core.main.TestCaseMain.startTestSuite(TestCaseMain.java:181)
	at com.kms.katalon.core.main.TestCaseMain$startTestSuite$0.call(Unknown Source)
	at TempTestSuite1639917261372.run(TempTestSuite1639917261372.groovy:36)
Caused by: org.openqa.selenium.NoSuchWindowException: Browsing context has been discarded
Build info: version: '3.141.59', revision: 'e82be7d358', time: '2018-11-14T08:25:53'
System info: host: 'DESKTOP-KI9905I', ip: '192.168.3.3', os.name: 'Windows 10', os.arch: 'amd64', os.version: '10.0', java.version: '1.8.0_282'
Driver info: com.kms.katalon.core.webui.driver.firefox.CGeckoDriver
Capabilities {acceptInsecureCerts: true, browserName: firefox, browserVersion: 94.0.2, javascriptEnabled: true, moz:accessibilityChecks: false, moz:buildID: 20211119140621, moz:geckodriverVersion: 0.30.0, moz:headless: false, moz:processID: 12520, moz:profile: C:\Users\agata\AppData\Loca..., moz:shutdownTimeout: 60000, moz:useNonSpecCompliantPointerOrigin: false, moz:webdriverClick: true, pageLoadStrategy: normal, platform: WINDOWS, platformName: WINDOWS, platformVersion: 10.0, proxy: Proxy(direct), setWindowRect: true, strictFileInteractability: false, timeouts: {implicit: 0, pageLoad: 300000, script: 30000}, unhandledPromptBehavior: dismiss and notify}
Session ID: 009bbf77-8132-4cb7-949c-427e7fb9de33
*** Element info: {Using=xpath, value=//input[@id='messageInput']}
	at org.openqa.selenium.remote.http.W3CHttpResponseCodec.createException(W3CHttpResponseCodec.java:187)
	at org.openqa.selenium.remote.http.W3CHttpResponseCodec.decode(W3CHttpResponseCodec.java:122)
	at org.openqa.selenium.remote.http.W3CHttpResponseCodec.decode(W3CHttpResponseCodec.java:49)
	at org.openqa.selenium.remote.HttpCommandExecutor.execute(HttpCommandExecutor.java:158)
	at org.openqa.selenium.remote.service.DriverCommandExecutor.execute(DriverCommandExecutor.java:83)
	at org.openqa.selenium.remote.RemoteWebDriver.execute(RemoteWebDriver.java:552)
	at com.kms.katalon.selenium.driver.CFirefoxDriver.execute(CFirefoxDriver.java:27)
	at org.openqa.selenium.remote.RemoteWebDriver.findElements(RemoteWebDriver.java:353)
	at org.openqa.selenium.remote.RemoteWebDriver.findElementsByXPath(RemoteWebDriver.java:432)
	at org.openqa.selenium.By$ByXPath.findElements(By.java:348)
	at org.openqa.selenium.remote.RemoteWebDriver.findElements(RemoteWebDriver.java:311)
	at org.openqa.selenium.support.events.EventFiringWebDriver.lambda$new$1(EventFiringWebDriver.java:105)
	at com.sun.proxy.$Proxy10.findElements(Unknown Source)
	at org.openqa.selenium.support.events.EventFiringWebDriver.findElements(EventFiringWebDriver.java:182)
	at com.kms.katalon.core.webui.common.WebUiCommonHelper.findElementByNormalMethods(WebUiCommonHelper.java:1014)
	at com.kms.katalon.core.webui.common.WebUiCommonHelper.findElementsBySelectedMethod(WebUiCommonHelper.java:909)
	at com.kms.katalon.core.webui.common.WebUiCommonHelper.findElementsBySelectedMethod(WebUiCommonHelper.java:892)
	at com.kms.katalon.core.webui.common.WebUiCommonHelper.findElementsBySelectedMethod(WebUiCommonHelper.java:887)
	at com.kms.katalon.core.webui.common.WebUiCommonHelper.findElementsByDefault(WebUiCommonHelper.java:883)
	at com.kms.katalon.core.webui.common.WebUiCommonHelper.findWebElements(WebUiCommonHelper.java:720)
	at com.kms.katalon.core.webui.common.WebUiCommonHelper.findWebElement(WebUiCommonHelper.java:1363)
	at com.kms.katalon.core.webui.keyword.internal.WebUIAbstractKeyword.findWebElement(WebUIAbstractKeyword.groovy:27)
	at com.kms.katalon.core.webui.keyword.internal.WebUIAbstractKeyword.findWebElement(WebUIAbstractKeyword.groovy:26)
	at com.kms.katalon.core.webui.keyword.builtin.SetTextKeyword$_setText_closure1.doCall(SetTextKeyword.groovy:51)
	at com.kms.katalon.core.webui.keyword.builtin.SetTextKeyword$_setText_closure1.call(SetTextKeyword.groovy)
	at com.kms.katalon.core.webui.keyword.internal.WebUIKeywordMain.runKeyword(WebUIKeywordMain.groovy:20)
	... 19 more
"/>
         <system-out><![CDATA[2021-12-19 13:43:10 - [TEST_CASE][FAILED] - Test Cases/Historia rozm贸w/HR18: Test Cases/Historia rozm贸w/HR18 FAILED.
Reason:
com.kms.katalon.core.exception.StepFailedException: Unable to set text 'a' of object 'Object Repository/Page_PSTO webMessenger - Zalogowano/input_Iwona  Kowalska_messageInput'
	at com.kms.katalon.core.webui.keyword.internal.WebUIKeywordMain.stepFailed(WebUIKeywordMain.groovy:64)
	at com.kms.katalon.core.webui.keyword.internal.WebUIKeywordMain.runKeyword(WebUIKeywordMain.groovy:26)
	at com.kms.katalon.core.webui.keyword.builtin.SetTextKeyword.setText(SetTextKeyword.groovy:66)
	at com.kms.katalon.core.webui.keyword.builtin.SetTextKeyword.execute(SetTextKeyword.groovy:37)
	at com.kms.katalon.core.keyword.internal.KeywordExecutor.executeKeywordForPlatform(KeywordExecutor.groovy:74)
	at com.kms.katalon.core.webui.keyword.WebUiBuiltInKeywords.setText(WebUiBuiltInKeywords.groovy:980)
	at com.kms.katalon.core.webui.keyword.WebUiBuiltInKeywords$setText$1.call(Unknown Source)
	at HR18.run(HR18:34)
	at com.kms.katalon.core.main.ScriptEngine.run(ScriptEngine.java:194)
	at com.kms.katalon.core.main.ScriptEngine.runScriptAsRawText(ScriptEngine.java:119)
	at com.kms.katalon.core.main.TestCaseExecutor.runScript(TestCaseExecutor.java:442)
	at com.kms.katalon.core.main.TestCaseExecutor.doExecute(TestCaseExecutor.java:433)
	at com.kms.katalon.core.main.TestCaseExecutor.processExecutionPhase(TestCaseExecutor.java:412)
	at com.kms.katalon.core.main.TestCaseExecutor.accessMainPhase(TestCaseExecutor.java:404)
	at com.kms.katalon.core.main.TestCaseExecutor.execute(TestCaseExecutor.java:281)
	at com.kms.katalon.core.main.TestSuiteExecutor.accessTestCaseMainPhase(TestSuiteExecutor.java:202)
	at com.kms.katalon.core.main.TestSuiteExecutor.accessTestSuiteMainPhase(TestSuiteExecutor.java:164)
	at com.kms.katalon.core.main.TestSuiteExecutor.execute(TestSuiteExecutor.java:105)
	at com.kms.katalon.core.main.TestCaseMain.startTestSuite(TestCaseMain.java:181)
	at com.kms.katalon.core.main.TestCaseMain$startTestSuite$0.call(Unknown Source)
	at TempTestSuite1639917261372.run(TempTestSuite1639917261372.groovy:36)
Caused by: org.openqa.selenium.NoSuchWindowException: Browsing context has been discarded
Build info: version: '3.141.59', revision: 'e82be7d358', time: '2018-11-14T08:25:53'
System info: host: 'DESKTOP-KI9905I', ip: '192.168.3.3', os.name: 'Windows 10', os.arch: 'amd64', os.version: '10.0', java.version: '1.8.0_282'
Driver info: com.kms.katalon.core.webui.driver.firefox.CGeckoDriver
Capabilities {acceptInsecureCerts: true, browserName: firefox, browserVersion: 94.0.2, javascriptEnabled: true, moz:accessibilityChecks: false, moz:buildID: 20211119140621, moz:geckodriverVersion: 0.30.0, moz:headless: false, moz:processID: 12520, moz:profile: C:\Users\agata\AppData\Loca..., moz:shutdownTimeout: 60000, moz:useNonSpecCompliantPointerOrigin: false, moz:webdriverClick: true, pageLoadStrategy: normal, platform: WINDOWS, platformName: WINDOWS, platformVersion: 10.0, proxy: Proxy(direct), setWindowRect: true, strictFileInteractability: false, timeouts: {implicit: 0, pageLoad: 300000, script: 30000}, unhandledPromptBehavior: dismiss and notify}
Session ID: 009bbf77-8132-4cb7-949c-427e7fb9de33
*** Element info: {Using=xpath, value=//input[@id='messageInput']}
	at org.openqa.selenium.remote.http.W3CHttpResponseCodec.createException(W3CHttpResponseCodec.java:187)
	at org.openqa.selenium.remote.http.W3CHttpResponseCodec.decode(W3CHttpResponseCodec.java:122)
	at org.openqa.selenium.remote.http.W3CHttpResponseCodec.decode(W3CHttpResponseCodec.java:49)
	at org.openqa.selenium.remote.HttpCommandExecutor.execute(HttpCommandExecutor.java:158)
	at org.openqa.selenium.remote.service.DriverCommandExecutor.execute(DriverCommandExecutor.java:83)
	at org.openqa.selenium.remote.RemoteWebDriver.execute(RemoteWebDriver.java:552)
	at com.kms.katalon.selenium.driver.CFirefoxDriver.execute(CFirefoxDriver.java:27)
	at org.openqa.selenium.remote.RemoteWebDriver.findElements(RemoteWebDriver.java:353)
	at org.openqa.selenium.remote.RemoteWebDriver.findElementsByXPath(RemoteWebDriver.java:432)
	at org.openqa.selenium.By$ByXPath.findElements(By.java:348)
	at org.openqa.selenium.remote.RemoteWebDriver.findElements(RemoteWebDriver.java:311)
	at org.openqa.selenium.support.events.EventFiringWebDriver.lambda$new$1(EventFiringWebDriver.java:105)
	at com.sun.proxy.$Proxy10.findElements(Unknown Source)
	at org.openqa.selenium.support.events.EventFiringWebDriver.findElements(EventFiringWebDriver.java:182)
	at com.kms.katalon.core.webui.common.WebUiCommonHelper.findElementByNormalMethods(WebUiCommonHelper.java:1014)
	at com.kms.katalon.core.webui.common.WebUiCommonHelper.findElementsBySelectedMethod(WebUiCommonHelper.java:909)
	at com.kms.katalon.core.webui.common.WebUiCommonHelper.findElementsBySelectedMethod(WebUiCommonHelper.java:892)
	at com.kms.katalon.core.webui.common.WebUiCommonHelper.findElementsBySelectedMethod(WebUiCommonHelper.java:887)
	at com.kms.katalon.core.webui.common.WebUiCommonHelper.findElementsByDefault(WebUiCommonHelper.java:883)
	at com.kms.katalon.core.webui.common.WebUiCommonHelper.findWebElements(WebUiCommonHelper.java:720)
	at com.kms.katalon.core.webui.common.WebUiCommonHelper.findWebElement(WebUiCommonHelper.java:1363)
	at com.kms.katalon.core.webui.keyword.internal.WebUIAbstractKeyword.findWebElement(WebUIAbstractKeyword.groovy:27)
	at com.kms.katalon.core.webui.keyword.internal.WebUIAbstractKeyword.findWebElement(WebUIAbstractKeyword.groovy:26)
	at com.kms.katalon.core.webui.keyword.builtin.SetTextKeyword$_setText_closure1.doCall(SetTextKeyword.groovy:51)
	at com.kms.katalon.core.webui.keyword.builtin.SetTextKeyword$_setText_closure1.call(SetTextKeyword.groovy)
	at com.kms.katalon.core.webui.keyword.internal.WebUIKeywordMain.runKeyword(WebUIKeywordMain.groovy:20)
	... 19 more


2021-12-19 13:43:10 - [TEST_STEP][PASSED] - openBrowser(""): Browser is opened with url: ''

2021-12-19 13:43:10 - [MESSAGE][INFO] - Starting 'Firefox' driver

2021-12-19 13:43:10 - [MESSAGE][INFO] - Action delay is set to 0 milliseconds

2021-12-19 13:43:16 - [MESSAGE][PASSED] - Browser is opened with url: ''

2021-12-19 13:43:16 - [TEST_STEP][PASSED] - navigateToUrl("http://kmg.hcm.pl/testowanie/index.html"): Navigate to 'http://kmg.hcm.pl/testowanie/index.html' successfully

2021-12-19 13:43:17 - [MESSAGE][PASSED] - Navigate to 'http://kmg.hcm.pl/testowanie/index.html' successfully

2021-12-19 13:43:17 - [TEST_STEP][PASSED] - setText(findTestObject("Object Repository/Page_PSTO webMessenger/input_Zarejestruj konto_userLogin"), "Tomasz Staszewski"): Text 'Tomasz Staszewski' is set on object 'Object Repository/Page_PSTO webMessenger/input_Zarejestruj konto_userLogin'

2021-12-19 13:43:18 - [MESSAGE][PASSED] - Text 'Tomasz Staszewski' is set on object 'Object Repository/Page_PSTO webMessenger/input_Zarejestruj konto_userLogin'

2021-12-19 13:43:18 - [TEST_STEP][PASSED] - setEncryptedText(findTestObject("Object Repository/Page_PSTO webMessenger/input_Zarejestruj konto_passwordLogin"), "wCo1vTKhcj4="): Text ****** has been set on object 'Object Repository/Page_PSTO webMessenger/input_Zarejestruj konto_passwordLogin'

2021-12-19 13:43:19 - [MESSAGE][PASSED] - Text ****** has been set on object 'Object Repository/Page_PSTO webMessenger/input_Zarejestruj konto_passwordLogin'

2021-12-19 13:43:19 - [TEST_STEP][PASSED] - click(findTestObject("Object Repository/Page_PSTO webMessenger/input_Zarejestruj konto_login")): Object: 'Object Repository/Page_PSTO webMessenger/input_Zarejestruj konto_login' is clicked on

2021-12-19 13:43:19 - [MESSAGE][PASSED] - Object: 'Object Repository/Page_PSTO webMessenger/input_Zarejestruj konto_login' is clicked on

2021-12-19 13:43:19 - [TEST_STEP][PASSED] - click(findTestObject("Page_PSTO webMessenger - Zalogowano/img_Iwona  Kowalska_sendButton")): Object: 'Object Repository/Page_PSTO webMessenger - Zalogowano/img_Iwona  Kowalska_sendButton' is clicked on

2021-12-19 13:43:20 - [MESSAGE][PASSED] - Object: 'Object Repository/Page_PSTO webMessenger - Zalogowano/img_Iwona  Kowalska_sendButton' is clicked on

2021-12-19 13:43:20 - [TEST_STEP][FAILED] - for (def index : (1..200)): Unable to set text 'a' of object 'Object Repository/Page_PSTO webMessenger - Zalogowano/input_Iwona  Kowalska_messageInput' (Root cause: com.kms.katalon.core.exception.StepFailedException: Unable to set text 'a' of object 'Object Repository/Page_PSTO webMessenger - Zalogowano/input_Iwona  Kowalska_messageInput'
	at com.kms.katalon.core.webui.keyword.internal.WebUIKeywordMain.stepFailed(WebUIKeywordMain.groovy:64)
	at com.kms.katalon.core.webui.keyword.internal.WebUIKeywordMain.runKeyword(WebUIKeywordMain.groovy:26)
	at com.kms.katalon.core.webui.keyword.builtin.SetTextKeyword.setText(SetTextKeyword.groovy:66)
	at com.kms.katalon.core.webui.keyword.builtin.SetTextKeyword.execute(SetTextKeyword.groovy:37)
	at com.kms.katalon.core.keyword.internal.KeywordExecutor.executeKeywordForPlatform(KeywordExecutor.groovy:74)
	at com.kms.katalon.core.webui.keyword.WebUiBuiltInKeywords.setText(WebUiBuiltInKeywords.groovy:980)
	at com.kms.katalon.core.webui.keyword.WebUiBuiltInKeywords$setText$1.call(Unknown Source)
	at HR18.run(HR18:34)
	at com.kms.katalon.core.main.ScriptEngine.run(ScriptEngine.java:194)
	at com.kms.katalon.core.main.ScriptEngine.runScriptAsRawText(ScriptEngine.java:119)
	at com.kms.katalon.core.main.TestCaseExecutor.runScript(TestCaseExecutor.java:442)
	at com.kms.katalon.core.main.TestCaseExecutor.doExecute(TestCaseExecutor.java:433)
	at com.kms.katalon.core.main.TestCaseExecutor.processExecutionPhase(TestCaseExecutor.java:412)
	at com.kms.katalon.core.main.TestCaseExecutor.accessMainPhase(TestCaseExecutor.java:404)
	at com.kms.katalon.core.main.TestCaseExecutor.execute(TestCaseExecutor.java:281)
	at com.kms.katalon.core.main.TestSuiteExecutor.accessTestCaseMainPhase(TestSuiteExecutor.java:202)
	at com.kms.katalon.core.main.TestSuiteExecutor.accessTestSuiteMainPhase(TestSuiteExecutor.java:164)
	at com.kms.katalon.core.main.TestSuiteExecutor.execute(TestSuiteExecutor.java:105)
	at com.kms.katalon.core.main.TestCaseMain.startTestSuite(TestCaseMain.java:181)
	at com.kms.katalon.core.main.TestCaseMain$startTestSuite$0.call(Unknown Source)
	at TempTestSuite1639917261372.run(TempTestSuite1639917261372.groovy:36)
Caused by: org.openqa.selenium.NoSuchWindowException: Browsing context has been discarded
Build info: version: '3.141.59', revision: 'e82be7d358', time: '2018-11-14T08:25:53'
System info: host: 'DESKTOP-KI9905I', ip: '192.168.3.3', os.name: 'Windows 10', os.arch: 'amd64', os.version: '10.0', java.version: '1.8.0_282'
Driver info: com.kms.katalon.core.webui.driver.firefox.CGeckoDriver
Capabilities {acceptInsecureCerts: true, browserName: firefox, browserVersion: 94.0.2, javascriptEnabled: true, moz:accessibilityChecks: false, moz:buildID: 20211119140621, moz:geckodriverVersion: 0.30.0, moz:headless: false, moz:processID: 12520, moz:profile: C:\Users\agata\AppData\Loca..., moz:shutdownTimeout: 60000, moz:useNonSpecCompliantPointerOrigin: false, moz:webdriverClick: true, pageLoadStrategy: normal, platform: WINDOWS, platformName: WINDOWS, platformVersion: 10.0, proxy: Proxy(direct), setWindowRect: true, strictFileInteractability: false, timeouts: {implicit: 0, pageLoad: 300000, script: 30000}, unhandledPromptBehavior: dismiss and notify}
Session ID: 009bbf77-8132-4cb7-949c-427e7fb9de33
*** Element info: {Using=xpath, value=//input[@id='messageInput']}
	at org.openqa.selenium.remote.http.W3CHttpResponseCodec.createException(W3CHttpResponseCodec.java:187)
	at org.openqa.selenium.remote.http.W3CHttpResponseCodec.decode(W3CHttpResponseCodec.java:122)
	at org.openqa.selenium.remote.http.W3CHttpResponseCodec.decode(W3CHttpResponseCodec.java:49)
	at org.openqa.selenium.remote.HttpCommandExecutor.execute(HttpCommandExecutor.java:158)
	at org.openqa.selenium.remote.service.DriverCommandExecutor.execute(DriverCommandExecutor.java:83)
	at org.openqa.selenium.remote.RemoteWebDriver.execute(RemoteWebDriver.java:552)
	at com.kms.katalon.selenium.driver.CFirefoxDriver.execute(CFirefoxDriver.java:27)
	at org.openqa.selenium.remote.RemoteWebDriver.findElements(RemoteWebDriver.java:353)
	at org.openqa.selenium.remote.RemoteWebDriver.findElementsByXPath(RemoteWebDriver.java:432)
	at org.openqa.selenium.By$ByXPath.findElements(By.java:348)
	at org.openqa.selenium.remote.RemoteWebDriver.findElements(RemoteWebDriver.java:311)
	at org.openqa.selenium.support.events.EventFiringWebDriver.lambda$new$1(EventFiringWebDriver.java:105)
	at com.sun.proxy.$Proxy10.findElements(Unknown Source)
	at org.openqa.selenium.support.events.EventFiringWebDriver.findElements(EventFiringWebDriver.java:182)
	at com.kms.katalon.core.webui.common.WebUiCommonHelper.findElementByNormalMethods(WebUiCommonHelper.java:1014)
	at com.kms.katalon.core.webui.common.WebUiCommonHelper.findElementsBySelectedMethod(WebUiCommonHelper.java:909)
	at com.kms.katalon.core.webui.common.WebUiCommonHelper.findElementsBySelectedMethod(WebUiCommonHelper.java:892)
	at com.kms.katalon.core.webui.common.WebUiCommonHelper.findElementsBySelectedMethod(WebUiCommonHelper.java:887)
	at com.kms.katalon.core.webui.common.WebUiCommonHelper.findElementsByDefault(WebUiCommonHelper.java:883)
	at com.kms.katalon.core.webui.common.WebUiCommonHelper.findWebElements(WebUiCommonHelper.java:720)
	at com.kms.katalon.core.webui.common.WebUiCommonHelper.findWebElement(WebUiCommonHelper.java:1363)
	at com.kms.katalon.core.webui.keyword.internal.WebUIAbstractKeyword.findWebElement(WebUIAbstractKeyword.groovy:27)
	at com.kms.katalon.core.webui.keyword.internal.WebUIAbstractKeyword.findWebElement(WebUIAbstractKeyword.groovy:26)
	at com.kms.katalon.core.webui.keyword.builtin.SetTextKeyword$_setText_closure1.doCall(SetTextKeyword.groovy:51)
	at com.kms.katalon.core.webui.keyword.builtin.SetTextKeyword$_setText_closure1.call(SetTextKeyword.groovy)
	at com.kms.katalon.core.webui.keyword.internal.WebUIKeywordMain.runKeyword(WebUIKeywordMain.groovy:20)
	at com.kms.katalon.core.webui.keyword.builtin.SetTextKeyword.setText(SetTextKeyword.groovy:66)
	at com.kms.katalon.core.webui.keyword.builtin.SetTextKeyword.execute(SetTextKeyword.groovy:37)
	at com.kms.katalon.core.keyword.internal.KeywordExecutor.executeKeywordForPlatform(KeywordExecutor.groovy:74)
	at com.kms.katalon.core.webui.keyword.WebUiBuiltInKeywords.setText(WebUiBuiltInKeywords.groovy:980)
	at com.kms.katalon.core.webui.keyword.WebUiBuiltInKeywords$setText$1.call(Unknown Source)
	at Script1639917194903.run(Script1639917194903.groovy:34)
	... 13 more
)

2021-12-19 13:43:20 - [TEST_STEP][PASSED] - setText(findTestObject("Page_PSTO webMessenger - Zalogowano/input_Iwona  Kowalska_messageInput"), "a"): Text 'a' is set on object 'Object Repository/Page_PSTO webMessenger - Zalogowano/input_Iwona  Kowalska_messageInput'

2021-12-19 13:43:21 - [MESSAGE][PASSED] - Text 'a' is set on object 'Object Repository/Page_PSTO webMessenger - Zalogowano/input_Iwona  Kowalska_messageInput'

2021-12-19 13:43:21 - [TEST_STEP][PASSED] - click(findTestObject("Page_PSTO webMessenger - Zalogowano/img_Iwona  Kowalska_sendButton")): Object: 'Object Repository/Page_PSTO webMessenger - Zalogowano/img_Iwona  Kowalska_sendButton' is clicked on

2021-12-19 13:43:21 - [MESSAGE][PASSED] - Object: 'Object Repository/Page_PSTO webMessenger - Zalogowano/img_Iwona  Kowalska_sendButton' is clicked on

2021-12-19 13:43:21 - [TEST_STEP][PASSED] - setText(findTestObject("Page_PSTO webMessenger - Zalogowano/input_Iwona  Kowalska_messageInput"), "a"): Text 'a' is set on object 'Object Repository/Page_PSTO webMessenger - Zalogowano/input_Iwona  Kowalska_messageInput'

2021-12-19 13:43:23 - [MESSAGE][PASSED] - Text 'a' is set on object 'Object Repository/Page_PSTO webMessenger - Zalogowano/input_Iwona  Kowalska_messageInput'

2021-12-19 13:43:23 - [TEST_STEP][PASSED] - click(findTestObject("Page_PSTO webMessenger - Zalogowano/img_Iwona  Kowalska_sendButton")): Object: 'Object Repository/Page_PSTO webMessenger - Zalogowano/img_Iwona  Kowalska_sendButton' is clicked on

2021-12-19 13:43:23 - [MESSAGE][PASSED] - Object: 'Object Repository/Page_PSTO webMessenger - Zalogowano/img_Iwona  Kowalska_sendButton' is clicked on

2021-12-19 13:43:23 - [TEST_STEP][PASSED] - setText(findTestObject("Page_PSTO webMessenger - Zalogowano/input_Iwona  Kowalska_messageInput"), "a"): Text 'a' is set on object 'Object Repository/Page_PSTO webMessenger - Zalogowano/input_Iwona  Kowalska_messageInput'

2021-12-19 13:43:24 - [MESSAGE][PASSED] - Text 'a' is set on object 'Object Repository/Page_PSTO webMessenger - Zalogowano/input_Iwona  Kowalska_messageInput'

2021-12-19 13:43:24 - [TEST_STEP][PASSED] - click(findTestObject("Page_PSTO webMessenger - Zalogowano/img_Iwona  Kowalska_sendButton")): Object: 'Object Repository/Page_PSTO webMessenger - Zalogowano/img_Iwona  Kowalska_sendButton' is clicked on

2021-12-19 13:43:24 - [MESSAGE][PASSED] - Object: 'Object Repository/Page_PSTO webMessenger - Zalogowano/img_Iwona  Kowalska_sendButton' is clicked on

2021-12-19 13:43:24 - [TEST_STEP][PASSED] - setText(findTestObject("Page_PSTO webMessenger - Zalogowano/input_Iwona  Kowalska_messageInput"), "a"): Text 'a' is set on object 'Object Repository/Page_PSTO webMessenger - Zalogowano/input_Iwona  Kowalska_messageInput'

2021-12-19 13:43:25 - [MESSAGE][PASSED] - Text 'a' is set on object 'Object Repository/Page_PSTO webMessenger - Zalogowano/input_Iwona  Kowalska_messageInput'

2021-12-19 13:43:25 - [TEST_STEP][PASSED] - click(findTestObject("Page_PSTO webMessenger - Zalogowano/img_Iwona  Kowalska_sendButton")): Object: 'Object Repository/Page_PSTO webMessenger - Zalogowano/img_Iwona  Kowalska_sendButton' is clicked on

2021-12-19 13:43:26 - [MESSAGE][PASSED] - Object: 'Object Repository/Page_PSTO webMessenger - Zalogowano/img_Iwona  Kowalska_sendButton' is clicked on

2021-12-19 13:43:26 - [TEST_STEP][PASSED] - setText(findTestObject("Page_PSTO webMessenger - Zalogowano/input_Iwona  Kowalska_messageInput"), "a"): Text 'a' is set on object 'Object Repository/Page_PSTO webMessenger - Zalogowano/input_Iwona  Kowalska_messageInput'

2021-12-19 13:43:26 - [MESSAGE][PASSED] - Text 'a' is set on object 'Object Repository/Page_PSTO webMessenger - Zalogowano/input_Iwona  Kowalska_messageInput'

2021-12-19 13:43:26 - [TEST_STEP][PASSED] - click(findTestObject("Page_PSTO webMessenger - Zalogowano/img_Iwona  Kowalska_sendButton")): Object: 'Object Repository/Page_PSTO webMessenger - Zalogowano/img_Iwona  Kowalska_sendButton' is clicked on

2021-12-19 13:43:27 - [MESSAGE][PASSED] - Object: 'Object Repository/Page_PSTO webMessenger - Zalogowano/img_Iwona  Kowalska_sendButton' is clicked on

2021-12-19 13:43:27 - [TEST_STEP][PASSED] - setText(findTestObject("Page_PSTO webMessenger - Zalogowano/input_Iwona  Kowalska_messageInput"), "a"): Text 'a' is set on object 'Object Repository/Page_PSTO webMessenger - Zalogowano/input_Iwona  Kowalska_messageInput'

2021-12-19 13:43:28 - [MESSAGE][PASSED] - Text 'a' is set on object 'Object Repository/Page_PSTO webMessenger - Zalogowano/input_Iwona  Kowalska_messageInput'

2021-12-19 13:43:28 - [TEST_STEP][PASSED] - click(findTestObject("Page_PSTO webMessenger - Zalogowano/img_Iwona  Kowalska_sendButton")): Object: 'Object Repository/Page_PSTO webMessenger - Zalogowano/img_Iwona  Kowalska_sendButton' is clicked on

2021-12-19 13:43:28 - [MESSAGE][PASSED] - Object: 'Object Repository/Page_PSTO webMessenger - Zalogowano/img_Iwona  Kowalska_sendButton' is clicked on

2021-12-19 13:43:28 - [TEST_STEP][PASSED] - setText(findTestObject("Page_PSTO webMessenger - Zalogowano/input_Iwona  Kowalska_messageInput"), "a"): Text 'a' is set on object 'Object Repository/Page_PSTO webMessenger - Zalogowano/input_Iwona  Kowalska_messageInput'

2021-12-19 13:43:29 - [MESSAGE][PASSED] - Text 'a' is set on object 'Object Repository/Page_PSTO webMessenger - Zalogowano/input_Iwona  Kowalska_messageInput'

2021-12-19 13:43:29 - [TEST_STEP][PASSED] - click(findTestObject("Page_PSTO webMessenger - Zalogowano/img_Iwona  Kowalska_sendButton")): Object: 'Object Repository/Page_PSTO webMessenger - Zalogowano/img_Iwona  Kowalska_sendButton' is clicked on

2021-12-19 13:43:30 - [MESSAGE][PASSED] - Object: 'Object Repository/Page_PSTO webMessenger - Zalogowano/img_Iwona  Kowalska_sendButton' is clicked on

2021-12-19 13:43:30 - [TEST_STEP][PASSED] - setText(findTestObject("Page_PSTO webMessenger - Zalogowano/input_Iwona  Kowalska_messageInput"), "a"): Text 'a' is set on object 'Object Repository/Page_PSTO webMessenger - Zalogowano/input_Iwona  Kowalska_messageInput'

2021-12-19 13:43:30 - [MESSAGE][PASSED] - Text 'a' is set on object 'Object Repository/Page_PSTO webMessenger - Zalogowano/input_Iwona  Kowalska_messageInput'

2021-12-19 13:43:30 - [TEST_STEP][PASSED] - click(findTestObject("Page_PSTO webMessenger - Zalogowano/img_Iwona  Kowalska_sendButton")): Object: 'Object Repository/Page_PSTO webMessenger - Zalogowano/img_Iwona  Kowalska_sendButton' is clicked on

2021-12-19 13:43:31 - [MESSAGE][PASSED] - Object: 'Object Repository/Page_PSTO webMessenger - Zalogowano/img_Iwona  Kowalska_sendButton' is clicked on

2021-12-19 13:43:31 - [TEST_STEP][PASSED] - setText(findTestObject("Page_PSTO webMessenger - Zalogowano/input_Iwona  Kowalska_messageInput"), "a"): Text 'a' is set on object 'Object Repository/Page_PSTO webMessenger - Zalogowano/input_Iwona  Kowalska_messageInput'

2021-12-19 13:43:32 - [MESSAGE][PASSED] - Text 'a' is set on object 'Object Repository/Page_PSTO webMessenger - Zalogowano/input_Iwona  Kowalska_messageInput'

2021-12-19 13:43:32 - [TEST_STEP][PASSED] - click(findTestObject("Page_PSTO webMessenger - Zalogowano/img_Iwona  Kowalska_sendButton")): Object: 'Object Repository/Page_PSTO webMessenger - Zalogowano/img_Iwona  Kowalska_sendButton' is clicked on

2021-12-19 13:43:32 - [MESSAGE][PASSED] - Object: 'Object Repository/Page_PSTO webMessenger - Zalogowano/img_Iwona  Kowalska_sendButton' is clicked on

2021-12-19 13:43:32 - [TEST_STEP][PASSED] - setText(findTestObject("Page_PSTO webMessenger - Zalogowano/input_Iwona  Kowalska_messageInput"), "a"): Text 'a' is set on object 'Object Repository/Page_PSTO webMessenger - Zalogowano/input_Iwona  Kowalska_messageInput'

2021-12-19 13:43:33 - [MESSAGE][PASSED] - Text 'a' is set on object 'Object Repository/Page_PSTO webMessenger - Zalogowano/input_Iwona  Kowalska_messageInput'

2021-12-19 13:43:33 - [TEST_STEP][PASSED] - click(findTestObject("Page_PSTO webMessenger - Zalogowano/img_Iwona  Kowalska_sendButton")): Object: 'Object Repository/Page_PSTO webMessenger - Zalogowano/img_Iwona  Kowalska_sendButton' is clicked on

2021-12-19 13:43:34 - [MESSAGE][PASSED] - Object: 'Object Repository/Page_PSTO webMessenger - Zalogowano/img_Iwona  Kowalska_sendButton' is clicked on

2021-12-19 13:43:34 - [TEST_STEP][PASSED] - setText(findTestObject("Page_PSTO webMessenger - Zalogowano/input_Iwona  Kowalska_messageInput"), "a"): Text 'a' is set on object 'Object Repository/Page_PSTO webMessenger - Zalogowano/input_Iwona  Kowalska_messageInput'

2021-12-19 13:43:34 - [MESSAGE][PASSED] - Text 'a' is set on object 'Object Repository/Page_PSTO webMessenger - Zalogowano/input_Iwona  Kowalska_messageInput'

2021-12-19 13:43:34 - [TEST_STEP][PASSED] - click(findTestObject("Page_PSTO webMessenger - Zalogowano/img_Iwona  Kowalska_sendButton")): Object: 'Object Repository/Page_PSTO webMessenger - Zalogowano/img_Iwona  Kowalska_sendButton' is clicked on

2021-12-19 13:43:35 - [MESSAGE][PASSED] - Object: 'Object Repository/Page_PSTO webMessenger - Zalogowano/img_Iwona  Kowalska_sendButton' is clicked on

2021-12-19 13:43:35 - [TEST_STEP][PASSED] - setText(findTestObject("Page_PSTO webMessenger - Zalogowano/input_Iwona  Kowalska_messageInput"), "a"): Text 'a' is set on object 'Object Repository/Page_PSTO webMessenger - Zalogowano/input_Iwona  Kowalska_messageInput'

2021-12-19 13:43:35 - [MESSAGE][PASSED] - Text 'a' is set on object 'Object Repository/Page_PSTO webMessenger - Zalogowano/input_Iwona  Kowalska_messageInput'

2021-12-19 13:43:35 - [TEST_STEP][PASSED] - click(findTestObject("Page_PSTO webMessenger - Zalogowano/img_Iwona  Kowalska_sendButton")): Object: 'Object Repository/Page_PSTO webMessenger - Zalogowano/img_Iwona  Kowalska_sendButton' is clicked on

2021-12-19 13:43:36 - [MESSAGE][PASSED] - Object: 'Object Repository/Page_PSTO webMessenger - Zalogowano/img_Iwona  Kowalska_sendButton' is clicked on

2021-12-19 13:43:36 - [TEST_STEP][PASSED] - setText(findTestObject("Page_PSTO webMessenger - Zalogowano/input_Iwona  Kowalska_messageInput"), "a"): Text 'a' is set on object 'Object Repository/Page_PSTO webMessenger - Zalogowano/input_Iwona  Kowalska_messageInput'

2021-12-19 13:43:37 - [MESSAGE][PASSED] - Text 'a' is set on object 'Object Repository/Page_PSTO webMessenger - Zalogowano/input_Iwona  Kowalska_messageInput'

2021-12-19 13:43:37 - [TEST_STEP][PASSED] - click(findTestObject("Page_PSTO webMessenger - Zalogowano/img_Iwona  Kowalska_sendButton")): Object: 'Object Repository/Page_PSTO webMessenger - Zalogowano/img_Iwona  Kowalska_sendButton' is clicked on

2021-12-19 13:43:37 - [MESSAGE][PASSED] - Object: 'Object Repository/Page_PSTO webMessenger - Zalogowano/img_Iwona  Kowalska_sendButton' is clicked on

2021-12-19 13:43:37 - [TEST_STEP][PASSED] - setText(findTestObject("Page_PSTO webMessenger - Zalogowano/input_Iwona  Kowalska_messageInput"), "a"): Text 'a' is set on object 'Object Repository/Page_PSTO webMessenger - Zalogowano/input_Iwona  Kowalska_messageInput'

2021-12-19 13:43:38 - [MESSAGE][PASSED] - Text 'a' is set on object 'Object Repository/Page_PSTO webMessenger - Zalogowano/input_Iwona  Kowalska_messageInput'

2021-12-19 13:43:38 - [TEST_STEP][PASSED] - click(findTestObject("Page_PSTO webMessenger - Zalogowano/img_Iwona  Kowalska_sendButton")): Object: 'Object Repository/Page_PSTO webMessenger - Zalogowano/img_Iwona  Kowalska_sendButton' is clicked on

2021-12-19 13:43:39 - [MESSAGE][PASSED] - Object: 'Object Repository/Page_PSTO webMessenger - Zalogowano/img_Iwona  Kowalska_sendButton' is clicked on

2021-12-19 13:43:39 - [TEST_STEP][PASSED] - setText(findTestObject("Page_PSTO webMessenger - Zalogowano/input_Iwona  Kowalska_messageInput"), "a"): Text 'a' is set on object 'Object Repository/Page_PSTO webMessenger - Zalogowano/input_Iwona  Kowalska_messageInput'

2021-12-19 13:43:39 - [MESSAGE][PASSED] - Text 'a' is set on object 'Object Repository/Page_PSTO webMessenger - Zalogowano/input_Iwona  Kowalska_messageInput'

2021-12-19 13:43:39 - [TEST_STEP][PASSED] - click(findTestObject("Page_PSTO webMessenger - Zalogowano/img_Iwona  Kowalska_sendButton")): Object: 'Object Repository/Page_PSTO webMessenger - Zalogowano/img_Iwona  Kowalska_sendButton' is clicked on

2021-12-19 13:43:40 - [MESSAGE][PASSED] - Object: 'Object Repository/Page_PSTO webMessenger - Zalogowano/img_Iwona  Kowalska_sendButton' is clicked on

2021-12-19 13:43:40 - [TEST_STEP][PASSED] - setText(findTestObject("Page_PSTO webMessenger - Zalogowano/input_Iwona  Kowalska_messageInput"), "a"): Text 'a' is set on object 'Object Repository/Page_PSTO webMessenger - Zalogowano/input_Iwona  Kowalska_messageInput'

2021-12-19 13:43:41 - [MESSAGE][PASSED] - Text 'a' is set on object 'Object Repository/Page_PSTO webMessenger - Zalogowano/input_Iwona  Kowalska_messageInput'

2021-12-19 13:43:41 - [TEST_STEP][PASSED] - click(findTestObject("Page_PSTO webMessenger - Zalogowano/img_Iwona  Kowalska_sendButton")): Object: 'Object Repository/Page_PSTO webMessenger - Zalogowano/img_Iwona  Kowalska_sendButton' is clicked on

2021-12-19 13:43:41 - [MESSAGE][PASSED] - Object: 'Object Repository/Page_PSTO webMessenger - Zalogowano/img_Iwona  Kowalska_sendButton' is clicked on

2021-12-19 13:43:41 - [TEST_STEP][PASSED] - setText(findTestObject("Page_PSTO webMessenger - Zalogowano/input_Iwona  Kowalska_messageInput"), "a"): Text 'a' is set on object 'Object Repository/Page_PSTO webMessenger - Zalogowano/input_Iwona  Kowalska_messageInput'

2021-12-19 13:43:42 - [MESSAGE][PASSED] - Text 'a' is set on object 'Object Repository/Page_PSTO webMessenger - Zalogowano/input_Iwona  Kowalska_messageInput'

2021-12-19 13:43:42 - [TEST_STEP][PASSED] - click(findTestObject("Page_PSTO webMessenger - Zalogowano/img_Iwona  Kowalska_sendButton")): Object: 'Object Repository/Page_PSTO webMessenger - Zalogowano/img_Iwona  Kowalska_sendButton' is clicked on

2021-12-19 13:43:42 - [MESSAGE][PASSED] - Object: 'Object Repository/Page_PSTO webMessenger - Zalogowano/img_Iwona  Kowalska_sendButton' is clicked on

2021-12-19 13:43:42 - [TEST_STEP][PASSED] - setText(findTestObject("Page_PSTO webMessenger - Zalogowano/input_Iwona  Kowalska_messageInput"), "a"): Text 'a' is set on object 'Object Repository/Page_PSTO webMessenger - Zalogowano/input_Iwona  Kowalska_messageInput'

2021-12-19 13:43:43 - [MESSAGE][PASSED] - Text 'a' is set on object 'Object Repository/Page_PSTO webMessenger - Zalogowano/input_Iwona  Kowalska_messageInput'

2021-12-19 13:43:43 - [TEST_STEP][PASSED] - click(findTestObject("Page_PSTO webMessenger - Zalogowano/img_Iwona  Kowalska_sendButton")): Object: 'Object Repository/Page_PSTO webMessenger - Zalogowano/img_Iwona  Kowalska_sendButton' is clicked on

2021-12-19 13:43:44 - [MESSAGE][PASSED] - Object: 'Object Repository/Page_PSTO webMessenger - Zalogowano/img_Iwona  Kowalska_sendButton' is clicked on

2021-12-19 13:43:44 - [TEST_STEP][PASSED] - setText(findTestObject("Page_PSTO webMessenger - Zalogowano/input_Iwona  Kowalska_messageInput"), "a"): Text 'a' is set on object 'Object Repository/Page_PSTO webMessenger - Zalogowano/input_Iwona  Kowalska_messageInput'

2021-12-19 13:43:44 - [MESSAGE][PASSED] - Text 'a' is set on object 'Object Repository/Page_PSTO webMessenger - Zalogowano/input_Iwona  Kowalska_messageInput'

2021-12-19 13:43:44 - [TEST_STEP][PASSED] - click(findTestObject("Page_PSTO webMessenger - Zalogowano/img_Iwona  Kowalska_sendButton")): Object: 'Object Repository/Page_PSTO webMessenger - Zalogowano/img_Iwona  Kowalska_sendButton' is clicked on

2021-12-19 13:43:45 - [MESSAGE][PASSED] - Object: 'Object Repository/Page_PSTO webMessenger - Zalogowano/img_Iwona  Kowalska_sendButton' is clicked on

2021-12-19 13:43:45 - [TEST_STEP][PASSED] - setText(findTestObject("Page_PSTO webMessenger - Zalogowano/input_Iwona  Kowalska_messageInput"), "a"): Text 'a' is set on object 'Object Repository/Page_PSTO webMessenger - Zalogowano/input_Iwona  Kowalska_messageInput'

2021-12-19 13:43:45 - [MESSAGE][PASSED] - Text 'a' is set on object 'Object Repository/Page_PSTO webMessenger - Zalogowano/input_Iwona  Kowalska_messageInput'

2021-12-19 13:43:45 - [TEST_STEP][PASSED] - click(findTestObject("Page_PSTO webMessenger - Zalogowano/img_Iwona  Kowalska_sendButton")): Object: 'Object Repository/Page_PSTO webMessenger - Zalogowano/img_Iwona  Kowalska_sendButton' is clicked on

2021-12-19 13:43:46 - [MESSAGE][PASSED] - Object: 'Object Repository/Page_PSTO webMessenger - Zalogowano/img_Iwona  Kowalska_sendButton' is clicked on

2021-12-19 13:43:46 - [TEST_STEP][PASSED] - setText(findTestObject("Page_PSTO webMessenger - Zalogowano/input_Iwona  Kowalska_messageInput"), "a"): Text 'a' is set on object 'Object Repository/Page_PSTO webMessenger - Zalogowano/input_Iwona  Kowalska_messageInput'

2021-12-19 13:43:47 - [MESSAGE][PASSED] - Text 'a' is set on object 'Object Repository/Page_PSTO webMessenger - Zalogowano/input_Iwona  Kowalska_messageInput'

2021-12-19 13:43:47 - [TEST_STEP][PASSED] - click(findTestObject("Page_PSTO webMessenger - Zalogowano/img_Iwona  Kowalska_sendButton")): Object: 'Object Repository/Page_PSTO webMessenger - Zalogowano/img_Iwona  Kowalska_sendButton' is clicked on

2021-12-19 13:43:47 - [MESSAGE][PASSED] - Object: 'Object Repository/Page_PSTO webMessenger - Zalogowano/img_Iwona  Kowalska_sendButton' is clicked on

2021-12-19 13:43:47 - [TEST_STEP][PASSED] - setText(findTestObject("Page_PSTO webMessenger - Zalogowano/input_Iwona  Kowalska_messageInput"), "a"): Text 'a' is set on object 'Object Repository/Page_PSTO webMessenger - Zalogowano/input_Iwona  Kowalska_messageInput'

2021-12-19 13:43:48 - [MESSAGE][PASSED] - Text 'a' is set on object 'Object Repository/Page_PSTO webMessenger - Zalogowano/input_Iwona  Kowalska_messageInput'

2021-12-19 13:43:48 - [TEST_STEP][PASSED] - click(findTestObject("Page_PSTO webMessenger - Zalogowano/img_Iwona  Kowalska_sendButton")): Object: 'Object Repository/Page_PSTO webMessenger - Zalogowano/img_Iwona  Kowalska_sendButton' is clicked on

2021-12-19 13:43:49 - [MESSAGE][PASSED] - Object: 'Object Repository/Page_PSTO webMessenger - Zalogowano/img_Iwona  Kowalska_sendButton' is clicked on

2021-12-19 13:43:49 - [TEST_STEP][PASSED] - setText(findTestObject("Page_PSTO webMessenger - Zalogowano/input_Iwona  Kowalska_messageInput"), "a"): Text 'a' is set on object 'Object Repository/Page_PSTO webMessenger - Zalogowano/input_Iwona  Kowalska_messageInput'

2021-12-19 13:43:49 - [MESSAGE][PASSED] - Text 'a' is set on object 'Object Repository/Page_PSTO webMessenger - Zalogowano/input_Iwona  Kowalska_messageInput'

2021-12-19 13:43:49 - [TEST_STEP][PASSED] - click(findTestObject("Page_PSTO webMessenger - Zalogowano/img_Iwona  Kowalska_sendButton")): Object: 'Object Repository/Page_PSTO webMessenger - Zalogowano/img_Iwona  Kowalska_sendButton' is clicked on

2021-12-19 13:43:50 - [MESSAGE][PASSED] - Object: 'Object Repository/Page_PSTO webMessenger - Zalogowano/img_Iwona  Kowalska_sendButton' is clicked on

2021-12-19 13:43:50 - [TEST_STEP][PASSED] - setText(findTestObject("Page_PSTO webMessenger - Zalogowano/input_Iwona  Kowalska_messageInput"), "a"): Text 'a' is set on object 'Object Repository/Page_PSTO webMessenger - Zalogowano/input_Iwona  Kowalska_messageInput'

2021-12-19 13:43:51 - [MESSAGE][PASSED] - Text 'a' is set on object 'Object Repository/Page_PSTO webMessenger - Zalogowano/input_Iwona  Kowalska_messageInput'

2021-12-19 13:43:51 - [TEST_STEP][PASSED] - click(findTestObject("Page_PSTO webMessenger - Zalogowano/img_Iwona  Kowalska_sendButton")): Object: 'Object Repository/Page_PSTO webMessenger - Zalogowano/img_Iwona  Kowalska_sendButton' is clicked on

2021-12-19 13:43:51 - [MESSAGE][PASSED] - Object: 'Object Repository/Page_PSTO webMessenger - Zalogowano/img_Iwona  Kowalska_sendButton' is clicked on

2021-12-19 13:43:51 - [TEST_STEP][PASSED] - setText(findTestObject("Page_PSTO webMessenger - Zalogowano/input_Iwona  Kowalska_messageInput"), "a"): Text 'a' is set on object 'Object Repository/Page_PSTO webMessenger - Zalogowano/input_Iwona  Kowalska_messageInput'

2021-12-19 13:43:53 - [MESSAGE][PASSED] - Text 'a' is set on object 'Object Repository/Page_PSTO webMessenger - Zalogowano/input_Iwona  Kowalska_messageInput'

2021-12-19 13:43:53 - [TEST_STEP][PASSED] - click(findTestObject("Page_PSTO webMessenger - Zalogowano/img_Iwona  Kowalska_sendButton")): Object: 'Object Repository/Page_PSTO webMessenger - Zalogowano/img_Iwona  Kowalska_sendButton' is clicked on

2021-12-19 13:43:54 - [MESSAGE][PASSED] - Object: 'Object Repository/Page_PSTO webMessenger - Zalogowano/img_Iwona  Kowalska_sendButton' is clicked on

2021-12-19 13:43:54 - [TEST_STEP][PASSED] - setText(findTestObject("Page_PSTO webMessenger - Zalogowano/input_Iwona  Kowalska_messageInput"), "a"): Text 'a' is set on object 'Object Repository/Page_PSTO webMessenger - Zalogowano/input_Iwona  Kowalska_messageInput'

2021-12-19 13:43:54 - [MESSAGE][PASSED] - Text 'a' is set on object 'Object Repository/Page_PSTO webMessenger - Zalogowano/input_Iwona  Kowalska_messageInput'

2021-12-19 13:43:54 - [TEST_STEP][PASSED] - click(findTestObject("Page_PSTO webMessenger - Zalogowano/img_Iwona  Kowalska_sendButton")): Object: 'Object Repository/Page_PSTO webMessenger - Zalogowano/img_Iwona  Kowalska_sendButton' is clicked on

2021-12-19 13:43:55 - [MESSAGE][PASSED] - Object: 'Object Repository/Page_PSTO webMessenger - Zalogowano/img_Iwona  Kowalska_sendButton' is clicked on

2021-12-19 13:43:55 - [TEST_STEP][PASSED] - setText(findTestObject("Page_PSTO webMessenger - Zalogowano/input_Iwona  Kowalska_messageInput"), "a"): Text 'a' is set on object 'Object Repository/Page_PSTO webMessenger - Zalogowano/input_Iwona  Kowalska_messageInput'

2021-12-19 13:43:56 - [MESSAGE][PASSED] - Text 'a' is set on object 'Object Repository/Page_PSTO webMessenger - Zalogowano/input_Iwona  Kowalska_messageInput'

2021-12-19 13:43:56 - [TEST_STEP][PASSED] - click(findTestObject("Page_PSTO webMessenger - Zalogowano/img_Iwona  Kowalska_sendButton")): Object: 'Object Repository/Page_PSTO webMessenger - Zalogowano/img_Iwona  Kowalska_sendButton' is clicked on

2021-12-19 13:43:56 - [MESSAGE][PASSED] - Object: 'Object Repository/Page_PSTO webMessenger - Zalogowano/img_Iwona  Kowalska_sendButton' is clicked on

2021-12-19 13:43:56 - [TEST_STEP][PASSED] - setText(findTestObject("Page_PSTO webMessenger - Zalogowano/input_Iwona  Kowalska_messageInput"), "a"): Text 'a' is set on object 'Object Repository/Page_PSTO webMessenger - Zalogowano/input_Iwona  Kowalska_messageInput'

2021-12-19 13:43:57 - [MESSAGE][PASSED] - Text 'a' is set on object 'Object Repository/Page_PSTO webMessenger - Zalogowano/input_Iwona  Kowalska_messageInput'

2021-12-19 13:43:57 - [TEST_STEP][PASSED] - click(findTestObject("Page_PSTO webMessenger - Zalogowano/img_Iwona  Kowalska_sendButton")): Object: 'Object Repository/Page_PSTO webMessenger - Zalogowano/img_Iwona  Kowalska_sendButton' is clicked on

2021-12-19 13:43:58 - [MESSAGE][PASSED] - Object: 'Object Repository/Page_PSTO webMessenger - Zalogowano/img_Iwona  Kowalska_sendButton' is clicked on

2021-12-19 13:43:58 - [TEST_STEP][PASSED] - setText(findTestObject("Page_PSTO webMessenger - Zalogowano/input_Iwona  Kowalska_messageInput"), "a"): Text 'a' is set on object 'Object Repository/Page_PSTO webMessenger - Zalogowano/input_Iwona  Kowalska_messageInput'

2021-12-19 13:43:58 - [MESSAGE][PASSED] - Text 'a' is set on object 'Object Repository/Page_PSTO webMessenger - Zalogowano/input_Iwona  Kowalska_messageInput'

2021-12-19 13:43:58 - [TEST_STEP][PASSED] - click(findTestObject("Page_PSTO webMessenger - Zalogowano/img_Iwona  Kowalska_sendButton")): Object: 'Object Repository/Page_PSTO webMessenger - Zalogowano/img_Iwona  Kowalska_sendButton' is clicked on

2021-12-19 13:43:59 - [MESSAGE][PASSED] - Object: 'Object Repository/Page_PSTO webMessenger - Zalogowano/img_Iwona  Kowalska_sendButton' is clicked on

2021-12-19 13:43:59 - [TEST_STEP][PASSED] - setText(findTestObject("Page_PSTO webMessenger - Zalogowano/input_Iwona  Kowalska_messageInput"), "a"): Text 'a' is set on object 'Object Repository/Page_PSTO webMessenger - Zalogowano/input_Iwona  Kowalska_messageInput'

2021-12-19 13:43:59 - [MESSAGE][PASSED] - Text 'a' is set on object 'Object Repository/Page_PSTO webMessenger - Zalogowano/input_Iwona  Kowalska_messageInput'

2021-12-19 13:43:59 - [TEST_STEP][PASSED] - click(findTestObject("Page_PSTO webMessenger - Zalogowano/img_Iwona  Kowalska_sendButton")): Object: 'Object Repository/Page_PSTO webMessenger - Zalogowano/img_Iwona  Kowalska_sendButton' is clicked on

2021-12-19 13:44:00 - [MESSAGE][PASSED] - Object: 'Object Repository/Page_PSTO webMessenger - Zalogowano/img_Iwona  Kowalska_sendButton' is clicked on

2021-12-19 13:44:00 - [TEST_STEP][PASSED] - setText(findTestObject("Page_PSTO webMessenger - Zalogowano/input_Iwona  Kowalska_messageInput"), "a"): Text 'a' is set on object 'Object Repository/Page_PSTO webMessenger - Zalogowano/input_Iwona  Kowalska_messageInput'

2021-12-19 13:44:01 - [MESSAGE][PASSED] - Text 'a' is set on object 'Object Repository/Page_PSTO webMessenger - Zalogowano/input_Iwona  Kowalska_messageInput'

2021-12-19 13:44:01 - [TEST_STEP][PASSED] - click(findTestObject("Page_PSTO webMessenger - Zalogowano/img_Iwona  Kowalska_sendButton")): Object: 'Object Repository/Page_PSTO webMessenger - Zalogowano/img_Iwona  Kowalska_sendButton' is clicked on

2021-12-19 13:44:01 - [MESSAGE][PASSED] - Object: 'Object Repository/Page_PSTO webMessenger - Zalogowano/img_Iwona  Kowalska_sendButton' is clicked on

2021-12-19 13:44:01 - [TEST_STEP][PASSED] - setText(findTestObject("Page_PSTO webMessenger - Zalogowano/input_Iwona  Kowalska_messageInput"), "a"): Text 'a' is set on object 'Object Repository/Page_PSTO webMessenger - Zalogowano/input_Iwona  Kowalska_messageInput'

2021-12-19 13:44:02 - [MESSAGE][PASSED] - Text 'a' is set on object 'Object Repository/Page_PSTO webMessenger - Zalogowano/input_Iwona  Kowalska_messageInput'

2021-12-19 13:44:02 - [TEST_STEP][PASSED] - click(findTestObject("Page_PSTO webMessenger - Zalogowano/img_Iwona  Kowalska_sendButton")): Object: 'Object Repository/Page_PSTO webMessenger - Zalogowano/img_Iwona  Kowalska_sendButton' is clicked on

2021-12-19 13:44:03 - [MESSAGE][PASSED] - Object: 'Object Repository/Page_PSTO webMessenger - Zalogowano/img_Iwona  Kowalska_sendButton' is clicked on

2021-12-19 13:44:03 - [TEST_STEP][PASSED] - setText(findTestObject("Page_PSTO webMessenger - Zalogowano/input_Iwona  Kowalska_messageInput"), "a"): Text 'a' is set on object 'Object Repository/Page_PSTO webMessenger - Zalogowano/input_Iwona  Kowalska_messageInput'

2021-12-19 13:44:03 - [MESSAGE][PASSED] - Text 'a' is set on object 'Object Repository/Page_PSTO webMessenger - Zalogowano/input_Iwona  Kowalska_messageInput'

2021-12-19 13:44:03 - [TEST_STEP][PASSED] - click(findTestObject("Page_PSTO webMessenger - Zalogowano/img_Iwona  Kowalska_sendButton")): Object: 'Object Repository/Page_PSTO webMessenger - Zalogowano/img_Iwona  Kowalska_sendButton' is clicked on

2021-12-19 13:44:04 - [MESSAGE][PASSED] - Object: 'Object Repository/Page_PSTO webMessenger - Zalogowano/img_Iwona  Kowalska_sendButton' is clicked on

2021-12-19 13:44:04 - [TEST_STEP][PASSED] - setText(findTestObject("Page_PSTO webMessenger - Zalogowano/input_Iwona  Kowalska_messageInput"), "a"): Text 'a' is set on object 'Object Repository/Page_PSTO webMessenger - Zalogowano/input_Iwona  Kowalska_messageInput'

2021-12-19 13:44:04 - [MESSAGE][PASSED] - Text 'a' is set on object 'Object Repository/Page_PSTO webMessenger - Zalogowano/input_Iwona  Kowalska_messageInput'

2021-12-19 13:44:04 - [TEST_STEP][PASSED] - click(findTestObject("Page_PSTO webMessenger - Zalogowano/img_Iwona  Kowalska_sendButton")): Object: 'Object Repository/Page_PSTO webMessenger - Zalogowano/img_Iwona  Kowalska_sendButton' is clicked on

2021-12-19 13:44:05 - [MESSAGE][PASSED] - Object: 'Object Repository/Page_PSTO webMessenger - Zalogowano/img_Iwona  Kowalska_sendButton' is clicked on

2021-12-19 13:44:05 - [TEST_STEP][PASSED] - setText(findTestObject("Page_PSTO webMessenger - Zalogowano/input_Iwona  Kowalska_messageInput"), "a"): Text 'a' is set on object 'Object Repository/Page_PSTO webMessenger - Zalogowano/input_Iwona  Kowalska_messageInput'

2021-12-19 13:44:06 - [MESSAGE][PASSED] - Text 'a' is set on object 'Object Repository/Page_PSTO webMessenger - Zalogowano/input_Iwona  Kowalska_messageInput'

2021-12-19 13:44:06 - [TEST_STEP][PASSED] - click(findTestObject("Page_PSTO webMessenger - Zalogowano/img_Iwona  Kowalska_sendButton")): Object: 'Object Repository/Page_PSTO webMessenger - Zalogowano/img_Iwona  Kowalska_sendButton' is clicked on

2021-12-19 13:44:07 - [MESSAGE][PASSED] - Object: 'Object Repository/Page_PSTO webMessenger - Zalogowano/img_Iwona  Kowalska_sendButton' is clicked on

2021-12-19 13:44:07 - [TEST_STEP][PASSED] - setText(findTestObject("Page_PSTO webMessenger - Zalogowano/input_Iwona  Kowalska_messageInput"), "a"): Text 'a' is set on object 'Object Repository/Page_PSTO webMessenger - Zalogowano/input_Iwona  Kowalska_messageInput'

2021-12-19 13:44:07 - [MESSAGE][PASSED] - Text 'a' is set on object 'Object Repository/Page_PSTO webMessenger - Zalogowano/input_Iwona  Kowalska_messageInput'

2021-12-19 13:44:07 - [TEST_STEP][PASSED] - click(findTestObject("Page_PSTO webMessenger - Zalogowano/img_Iwona  Kowalska_sendButton")): Object: 'Object Repository/Page_PSTO webMessenger - Zalogowano/img_Iwona  Kowalska_sendButton' is clicked on

2021-12-19 13:44:08 - [MESSAGE][PASSED] - Object: 'Object Repository/Page_PSTO webMessenger - Zalogowano/img_Iwona  Kowalska_sendButton' is clicked on

2021-12-19 13:44:08 - [TEST_STEP][PASSED] - setText(findTestObject("Page_PSTO webMessenger - Zalogowano/input_Iwona  Kowalska_messageInput"), "a"): Text 'a' is set on object 'Object Repository/Page_PSTO webMessenger - Zalogowano/input_Iwona  Kowalska_messageInput'

2021-12-19 13:44:09 - [MESSAGE][PASSED] - Text 'a' is set on object 'Object Repository/Page_PSTO webMessenger - Zalogowano/input_Iwona  Kowalska_messageInput'

2021-12-19 13:44:09 - [TEST_STEP][PASSED] - click(findTestObject("Page_PSTO webMessenger - Zalogowano/img_Iwona  Kowalska_sendButton")): Object: 'Object Repository/Page_PSTO webMessenger - Zalogowano/img_Iwona  Kowalska_sendButton' is clicked on

2021-12-19 13:44:09 - [MESSAGE][PASSED] - Object: 'Object Repository/Page_PSTO webMessenger - Zalogowano/img_Iwona  Kowalska_sendButton' is clicked on

2021-12-19 13:44:09 - [TEST_STEP][PASSED] - setText(findTestObject("Page_PSTO webMessenger - Zalogowano/input_Iwona  Kowalska_messageInput"), "a"): Text 'a' is set on object 'Object Repository/Page_PSTO webMessenger - Zalogowano/input_Iwona  Kowalska_messageInput'

2021-12-19 13:44:10 - [MESSAGE][PASSED] - Text 'a' is set on object 'Object Repository/Page_PSTO webMessenger - Zalogowano/input_Iwona  Kowalska_messageInput'

2021-12-19 13:44:10 - [TEST_STEP][PASSED] - click(findTestObject("Page_PSTO webMessenger - Zalogowano/img_Iwona  Kowalska_sendButton")): Object: 'Object Repository/Page_PSTO webMessenger - Zalogowano/img_Iwona  Kowalska_sendButton' is clicked on

2021-12-19 13:44:11 - [MESSAGE][PASSED] - Object: 'Object Repository/Page_PSTO webMessenger - Zalogowano/img_Iwona  Kowalska_sendButton' is clicked on

2021-12-19 13:44:11 - [TEST_STEP][PASSED] - setText(findTestObject("Page_PSTO webMessenger - Zalogowano/input_Iwona  Kowalska_messageInput"), "a"): Text 'a' is set on object 'Object Repository/Page_PSTO webMessenger - Zalogowano/input_Iwona  Kowalska_messageInput'

2021-12-19 13:44:11 - [MESSAGE][PASSED] - Text 'a' is set on object 'Object Repository/Page_PSTO webMessenger - Zalogowano/input_Iwona  Kowalska_messageInput'

2021-12-19 13:44:11 - [TEST_STEP][PASSED] - click(findTestObject("Page_PSTO webMessenger - Zalogowano/img_Iwona  Kowalska_sendButton")): Object: 'Object Repository/Page_PSTO webMessenger - Zalogowano/img_Iwona  Kowalska_sendButton' is clicked on

2021-12-19 13:44:12 - [MESSAGE][PASSED] - Object: 'Object Repository/Page_PSTO webMessenger - Zalogowano/img_Iwona  Kowalska_sendButton' is clicked on

2021-12-19 13:44:12 - [TEST_STEP][PASSED] - setText(findTestObject("Page_PSTO webMessenger - Zalogowano/input_Iwona  Kowalska_messageInput"), "a"): Text 'a' is set on object 'Object Repository/Page_PSTO webMessenger - Zalogowano/input_Iwona  Kowalska_messageInput'

2021-12-19 13:44:12 - [MESSAGE][PASSED] - Text 'a' is set on object 'Object Repository/Page_PSTO webMessenger - Zalogowano/input_Iwona  Kowalska_messageInput'

2021-12-19 13:44:12 - [TEST_STEP][PASSED] - click(findTestObject("Page_PSTO webMessenger - Zalogowano/img_Iwona  Kowalska_sendButton")): Object: 'Object Repository/Page_PSTO webMessenger - Zalogowano/img_Iwona  Kowalska_sendButton' is clicked on

2021-12-19 13:44:13 - [MESSAGE][PASSED] - Object: 'Object Repository/Page_PSTO webMessenger - Zalogowano/img_Iwona  Kowalska_sendButton' is clicked on

2021-12-19 13:44:13 - [TEST_STEP][PASSED] - setText(findTestObject("Page_PSTO webMessenger - Zalogowano/input_Iwona  Kowalska_messageInput"), "a"): Text 'a' is set on object 'Object Repository/Page_PSTO webMessenger - Zalogowano/input_Iwona  Kowalska_messageInput'

2021-12-19 13:44:14 - [MESSAGE][PASSED] - Text 'a' is set on object 'Object Repository/Page_PSTO webMessenger - Zalogowano/input_Iwona  Kowalska_messageInput'

2021-12-19 13:44:14 - [TEST_STEP][PASSED] - click(findTestObject("Page_PSTO webMessenger - Zalogowano/img_Iwona  Kowalska_sendButton")): Object: 'Object Repository/Page_PSTO webMessenger - Zalogowano/img_Iwona  Kowalska_sendButton' is clicked on

2021-12-19 13:44:14 - [MESSAGE][PASSED] - Object: 'Object Repository/Page_PSTO webMessenger - Zalogowano/img_Iwona  Kowalska_sendButton' is clicked on

2021-12-19 13:44:14 - [TEST_STEP][PASSED] - setText(findTestObject("Page_PSTO webMessenger - Zalogowano/input_Iwona  Kowalska_messageInput"), "a"): Text 'a' is set on object 'Object Repository/Page_PSTO webMessenger - Zalogowano/input_Iwona  Kowalska_messageInput'

2021-12-19 13:44:15 - [MESSAGE][PASSED] - Text 'a' is set on object 'Object Repository/Page_PSTO webMessenger - Zalogowano/input_Iwona  Kowalska_messageInput'

2021-12-19 13:44:15 - [TEST_STEP][PASSED] - click(findTestObject("Page_PSTO webMessenger - Zalogowano/img_Iwona  Kowalska_sendButton")): Object: 'Object Repository/Page_PSTO webMessenger - Zalogowano/img_Iwona  Kowalska_sendButton' is clicked on

2021-12-19 13:44:16 - [MESSAGE][PASSED] - Object: 'Object Repository/Page_PSTO webMessenger - Zalogowano/img_Iwona  Kowalska_sendButton' is clicked on

2021-12-19 13:44:16 - [TEST_STEP][PASSED] - setText(findTestObject("Page_PSTO webMessenger - Zalogowano/input_Iwona  Kowalska_messageInput"), "a"): Text 'a' is set on object 'Object Repository/Page_PSTO webMessenger - Zalogowano/input_Iwona  Kowalska_messageInput'

2021-12-19 13:44:16 - [MESSAGE][PASSED] - Text 'a' is set on object 'Object Repository/Page_PSTO webMessenger - Zalogowano/input_Iwona  Kowalska_messageInput'

2021-12-19 13:44:16 - [TEST_STEP][PASSED] - click(findTestObject("Page_PSTO webMessenger - Zalogowano/img_Iwona  Kowalska_sendButton")): Object: 'Object Repository/Page_PSTO webMessenger - Zalogowano/img_Iwona  Kowalska_sendButton' is clicked on

2021-12-19 13:44:17 - [MESSAGE][PASSED] - Object: 'Object Repository/Page_PSTO webMessenger - Zalogowano/img_Iwona  Kowalska_sendButton' is clicked on

2021-12-19 13:44:17 - [TEST_STEP][PASSED] - setText(findTestObject("Page_PSTO webMessenger - Zalogowano/input_Iwona  Kowalska_messageInput"), "a"): Text 'a' is set on object 'Object Repository/Page_PSTO webMessenger - Zalogowano/input_Iwona  Kowalska_messageInput'

2021-12-19 13:44:17 - [MESSAGE][PASSED] - Text 'a' is set on object 'Object Repository/Page_PSTO webMessenger - Zalogowano/input_Iwona  Kowalska_messageInput'

2021-12-19 13:44:17 - [TEST_STEP][PASSED] - click(findTestObject("Page_PSTO webMessenger - Zalogowano/img_Iwona  Kowalska_sendButton")): Object: 'Object Repository/Page_PSTO webMessenger - Zalogowano/img_Iwona  Kowalska_sendButton' is clicked on

2021-12-19 13:44:18 - [MESSAGE][PASSED] - Object: 'Object Repository/Page_PSTO webMessenger - Zalogowano/img_Iwona  Kowalska_sendButton' is clicked on

2021-12-19 13:44:18 - [TEST_STEP][FAILED] - setText(findTestObject("Page_PSTO webMessenger - Zalogowano/input_Iwona  Kowalska_messageInput"), "a"): Unable to set text 'a' of object 'Object Repository/Page_PSTO webMessenger - Zalogowano/input_Iwona  Kowalska_messageInput' (Root cause: com.kms.katalon.core.exception.StepFailedException: Unable to set text 'a' of object 'Object Repository/Page_PSTO webMessenger - Zalogowano/input_Iwona  Kowalska_messageInput'
	at com.kms.katalon.core.webui.keyword.internal.WebUIKeywordMain.stepFailed(WebUIKeywordMain.groovy:64)
	at com.kms.katalon.core.webui.keyword.internal.WebUIKeywordMain.runKeyword(WebUIKeywordMain.groovy:26)
	at com.kms.katalon.core.webui.keyword.builtin.SetTextKeyword.setText(SetTextKeyword.groovy:66)
	at com.kms.katalon.core.webui.keyword.builtin.SetTextKeyword.execute(SetTextKeyword.groovy:37)
	at com.kms.katalon.core.keyword.internal.KeywordExecutor.executeKeywordForPlatform(KeywordExecutor.groovy:74)
	at com.kms.katalon.core.webui.keyword.WebUiBuiltInKeywords.setText(WebUiBuiltInKeywords.groovy:980)
	at com.kms.katalon.core.webui.keyword.WebUiBuiltInKeywords$setText$1.call(Unknown Source)
	at HR18.run(HR18:34)
	at com.kms.katalon.core.main.ScriptEngine.run(ScriptEngine.java:194)
	at com.kms.katalon.core.main.ScriptEngine.runScriptAsRawText(ScriptEngine.java:119)
	at com.kms.katalon.core.main.TestCaseExecutor.runScript(TestCaseExecutor.java:442)
	at com.kms.katalon.core.main.TestCaseExecutor.doExecute(TestCaseExecutor.java:433)
	at com.kms.katalon.core.main.TestCaseExecutor.processExecutionPhase(TestCaseExecutor.java:412)
	at com.kms.katalon.core.main.TestCaseExecutor.accessMainPhase(TestCaseExecutor.java:404)
	at com.kms.katalon.core.main.TestCaseExecutor.execute(TestCaseExecutor.java:281)
	at com.kms.katalon.core.main.TestSuiteExecutor.accessTestCaseMainPhase(TestSuiteExecutor.java:202)
	at com.kms.katalon.core.main.TestSuiteExecutor.accessTestSuiteMainPhase(TestSuiteExecutor.java:164)
	at com.kms.katalon.core.main.TestSuiteExecutor.execute(TestSuiteExecutor.java:105)
	at com.kms.katalon.core.main.TestCaseMain.startTestSuite(TestCaseMain.java:181)
	at com.kms.katalon.core.main.TestCaseMain$startTestSuite$0.call(Unknown Source)
	at TempTestSuite1639917261372.run(TempTestSuite1639917261372.groovy:36)
Caused by: org.openqa.selenium.NoSuchWindowException: Browsing context has been discarded
Build info: version: '3.141.59', revision: 'e82be7d358', time: '2018-11-14T08:25:53'
System info: host: 'DESKTOP-KI9905I', ip: '192.168.3.3', os.name: 'Windows 10', os.arch: 'amd64', os.version: '10.0', java.version: '1.8.0_282'
Driver info: com.kms.katalon.core.webui.driver.firefox.CGeckoDriver
Capabilities {acceptInsecureCerts: true, browserName: firefox, browserVersion: 94.0.2, javascriptEnabled: true, moz:accessibilityChecks: false, moz:buildID: 20211119140621, moz:geckodriverVersion: 0.30.0, moz:headless: false, moz:processID: 12520, moz:profile: C:\Users\agata\AppData\Loca..., moz:shutdownTimeout: 60000, moz:useNonSpecCompliantPointerOrigin: false, moz:webdriverClick: true, pageLoadStrategy: normal, platform: WINDOWS, platformName: WINDOWS, platformVersion: 10.0, proxy: Proxy(direct), setWindowRect: true, strictFileInteractability: false, timeouts: {implicit: 0, pageLoad: 300000, script: 30000}, unhandledPromptBehavior: dismiss and notify}
Session ID: 009bbf77-8132-4cb7-949c-427e7fb9de33
*** Element info: {Using=xpath, value=//input[@id='messageInput']}
	at org.openqa.selenium.remote.http.W3CHttpResponseCodec.createException(W3CHttpResponseCodec.java:187)
	at org.openqa.selenium.remote.http.W3CHttpResponseCodec.decode(W3CHttpResponseCodec.java:122)
	at org.openqa.selenium.remote.http.W3CHttpResponseCodec.decode(W3CHttpResponseCodec.java:49)
	at org.openqa.selenium.remote.HttpCommandExecutor.execute(HttpCommandExecutor.java:158)
	at org.openqa.selenium.remote.service.DriverCommandExecutor.execute(DriverCommandExecutor.java:83)
	at org.openqa.selenium.remote.RemoteWebDriver.execute(RemoteWebDriver.java:552)
	at com.kms.katalon.selenium.driver.CFirefoxDriver.execute(CFirefoxDriver.java:27)
	at org.openqa.selenium.remote.RemoteWebDriver.findElements(RemoteWebDriver.java:353)
	at org.openqa.selenium.remote.RemoteWebDriver.findElementsByXPath(RemoteWebDriver.java:432)
	at org.openqa.selenium.By$ByXPath.findElements(By.java:348)
	at org.openqa.selenium.remote.RemoteWebDriver.findElements(RemoteWebDriver.java:311)
	at org.openqa.selenium.support.events.EventFiringWebDriver.lambda$new$1(EventFiringWebDriver.java:105)
	at com.sun.proxy.$Proxy10.findElements(Unknown Source)
	at org.openqa.selenium.support.events.EventFiringWebDriver.findElements(EventFiringWebDriver.java:182)
	at com.kms.katalon.core.webui.common.WebUiCommonHelper.findElementByNormalMethods(WebUiCommonHelper.java:1014)
	at com.kms.katalon.core.webui.common.WebUiCommonHelper.findElementsBySelectedMethod(WebUiCommonHelper.java:909)
	at com.kms.katalon.core.webui.common.WebUiCommonHelper.findElementsBySelectedMethod(WebUiCommonHelper.java:892)
	at com.kms.katalon.core.webui.common.WebUiCommonHelper.findElementsBySelectedMethod(WebUiCommonHelper.java:887)
	at com.kms.katalon.core.webui.common.WebUiCommonHelper.findElementsByDefault(WebUiCommonHelper.java:883)
	at com.kms.katalon.core.webui.common.WebUiCommonHelper.findWebElements(WebUiCommonHelper.java:720)
	at com.kms.katalon.core.webui.common.WebUiCommonHelper.findWebElement(WebUiCommonHelper.java:1363)
	at com.kms.katalon.core.webui.keyword.internal.WebUIAbstractKeyword.findWebElement(WebUIAbstractKeyword.groovy:27)
	at com.kms.katalon.core.webui.keyword.internal.WebUIAbstractKeyword.findWebElement(WebUIAbstractKeyword.groovy:26)
	at com.kms.katalon.core.webui.keyword.builtin.SetTextKeyword$_setText_closure1.doCall(SetTextKeyword.groovy:51)
	at com.kms.katalon.core.webui.keyword.builtin.SetTextKeyword$_setText_closure1.call(SetTextKeyword.groovy)
	at com.kms.katalon.core.webui.keyword.internal.WebUIKeywordMain.runKeyword(WebUIKeywordMain.groovy:20)
	at com.kms.katalon.core.webui.keyword.builtin.SetTextKeyword.setText(SetTextKeyword.groovy:66)
	at com.kms.katalon.core.webui.keyword.builtin.SetTextKeyword.execute(SetTextKeyword.groovy:37)
	at com.kms.katalon.core.keyword.internal.KeywordExecutor.executeKeywordForPlatform(KeywordExecutor.groovy:74)
	at com.kms.katalon.core.webui.keyword.WebUiBuiltInKeywords.setText(WebUiBuiltInKeywords.groovy:980)
	at com.kms.katalon.core.webui.keyword.WebUiBuiltInKeywords$setText$1.call(Unknown Source)
	at Script1639917194903.run(Script1639917194903.groovy:34)
	... 13 more
)

2021-12-19 13:44:19 - [MESSAGE][WARNING] - Cannot take screenshot

2021-12-19 13:44:19 - [MESSAGE][FAILED] - Unable to set text 'a' of object 'Object Repository/Page_PSTO webMessenger - Zalogowano/input_Iwona  Kowalska_messageInput' (Root cause: com.kms.katalon.core.exception.StepFailedException: Unable to set text 'a' of object 'Object Repository/Page_PSTO webMessenger - Zalogowano/input_Iwona  Kowalska_messageInput'
	at com.kms.katalon.core.webui.keyword.internal.WebUIKeywordMain.stepFailed(WebUIKeywordMain.groovy:64)
	at com.kms.katalon.core.webui.keyword.internal.WebUIKeywordMain.runKeyword(WebUIKeywordMain.groovy:26)
	at com.kms.katalon.core.webui.keyword.builtin.SetTextKeyword.setText(SetTextKeyword.groovy:66)
	at com.kms.katalon.core.webui.keyword.builtin.SetTextKeyword.execute(SetTextKeyword.groovy:37)
	at com.kms.katalon.core.keyword.internal.KeywordExecutor.executeKeywordForPlatform(KeywordExecutor.groovy:74)
	at com.kms.katalon.core.webui.keyword.WebUiBuiltInKeywords.setText(WebUiBuiltInKeywords.groovy:980)
	at com.kms.katalon.core.webui.keyword.WebUiBuiltInKeywords$setText$1.call(Unknown Source)
	at HR18.run(HR18:34)
	at com.kms.katalon.core.main.ScriptEngine.run(ScriptEngine.java:194)
	at com.kms.katalon.core.main.ScriptEngine.runScriptAsRawText(ScriptEngine.java:119)
	at com.kms.katalon.core.main.TestCaseExecutor.runScript(TestCaseExecutor.java:442)
	at com.kms.katalon.core.main.TestCaseExecutor.doExecute(TestCaseExecutor.java:433)
	at com.kms.katalon.core.main.TestCaseExecutor.processExecutionPhase(TestCaseExecutor.java:412)
	at com.kms.katalon.core.main.TestCaseExecutor.accessMainPhase(TestCaseExecutor.java:404)
	at com.kms.katalon.core.main.TestCaseExecutor.execute(TestCaseExecutor.java:281)
	at com.kms.katalon.core.main.TestSuiteExecutor.accessTestCaseMainPhase(TestSuiteExecutor.java:202)
	at com.kms.katalon.core.main.TestSuiteExecutor.accessTestSuiteMainPhase(TestSuiteExecutor.java:164)
	at com.kms.katalon.core.main.TestSuiteExecutor.execute(TestSuiteExecutor.java:105)
	at com.kms.katalon.core.main.TestCaseMain.startTestSuite(TestCaseMain.java:181)
	at com.kms.katalon.core.main.TestCaseMain$startTestSuite$0.call(Unknown Source)
	at TempTestSuite1639917261372.run(TempTestSuite1639917261372.groovy:36)
Caused by: org.openqa.selenium.NoSuchWindowException: Browsing context has been discarded
Build info: version: '3.141.59', revision: 'e82be7d358', time: '2018-11-14T08:25:53'
System info: host: 'DESKTOP-KI9905I', ip: '192.168.3.3', os.name: 'Windows 10', os.arch: 'amd64', os.version: '10.0', java.version: '1.8.0_282'
Driver info: com.kms.katalon.core.webui.driver.firefox.CGeckoDriver
Capabilities {acceptInsecureCerts: true, browserName: firefox, browserVersion: 94.0.2, javascriptEnabled: true, moz:accessibilityChecks: false, moz:buildID: 20211119140621, moz:geckodriverVersion: 0.30.0, moz:headless: false, moz:processID: 12520, moz:profile: C:\Users\agata\AppData\Loca..., moz:shutdownTimeout: 60000, moz:useNonSpecCompliantPointerOrigin: false, moz:webdriverClick: true, pageLoadStrategy: normal, platform: WINDOWS, platformName: WINDOWS, platformVersion: 10.0, proxy: Proxy(direct), setWindowRect: true, strictFileInteractability: false, timeouts: {implicit: 0, pageLoad: 300000, script: 30000}, unhandledPromptBehavior: dismiss and notify}
Session ID: 009bbf77-8132-4cb7-949c-427e7fb9de33
*** Element info: {Using=xpath, value=//input[@id='messageInput']}
	at org.openqa.selenium.remote.http.W3CHttpResponseCodec.createException(W3CHttpResponseCodec.java:187)
	at org.openqa.selenium.remote.http.W3CHttpResponseCodec.decode(W3CHttpResponseCodec.java:122)
	at org.openqa.selenium.remote.http.W3CHttpResponseCodec.decode(W3CHttpResponseCodec.java:49)
	at org.openqa.selenium.remote.HttpCommandExecutor.execute(HttpCommandExecutor.java:158)
	at org.openqa.selenium.remote.service.DriverCommandExecutor.execute(DriverCommandExecutor.java:83)
	at org.openqa.selenium.remote.RemoteWebDriver.execute(RemoteWebDriver.java:552)
	at com.kms.katalon.selenium.driver.CFirefoxDriver.execute(CFirefoxDriver.java:27)
	at org.openqa.selenium.remote.RemoteWebDriver.findElements(RemoteWebDriver.java:353)
	at org.openqa.selenium.remote.RemoteWebDriver.findElementsByXPath(RemoteWebDriver.java:432)
	at org.openqa.selenium.By$ByXPath.findElements(By.java:348)
	at org.openqa.selenium.remote.RemoteWebDriver.findElements(RemoteWebDriver.java:311)
	at org.openqa.selenium.support.events.EventFiringWebDriver.lambda$new$1(EventFiringWebDriver.java:105)
	at com.sun.proxy.$Proxy10.findElements(Unknown Source)
	at org.openqa.selenium.support.events.EventFiringWebDriver.findElements(EventFiringWebDriver.java:182)
	at com.kms.katalon.core.webui.common.WebUiCommonHelper.findElementByNormalMethods(WebUiCommonHelper.java:1014)
	at com.kms.katalon.core.webui.common.WebUiCommonHelper.findElementsBySelectedMethod(WebUiCommonHelper.java:909)
	at com.kms.katalon.core.webui.common.WebUiCommonHelper.findElementsBySelectedMethod(WebUiCommonHelper.java:892)
	at com.kms.katalon.core.webui.common.WebUiCommonHelper.findElementsBySelectedMethod(WebUiCommonHelper.java:887)
	at com.kms.katalon.core.webui.common.WebUiCommonHelper.findElementsByDefault(WebUiCommonHelper.java:883)
	at com.kms.katalon.core.webui.common.WebUiCommonHelper.findWebElements(WebUiCommonHelper.java:720)
	at com.kms.katalon.core.webui.common.WebUiCommonHelper.findWebElement(WebUiCommonHelper.java:1363)
	at com.kms.katalon.core.webui.keyword.internal.WebUIAbstractKeyword.findWebElement(WebUIAbstractKeyword.groovy:27)
	at com.kms.katalon.core.webui.keyword.internal.WebUIAbstractKeyword.findWebElement(WebUIAbstractKeyword.groovy:26)
	at com.kms.katalon.core.webui.keyword.builtin.SetTextKeyword$_setText_closure1.doCall(SetTextKeyword.groovy:51)
	at com.kms.katalon.core.webui.keyword.builtin.SetTextKeyword$_setText_closure1.call(SetTextKeyword.groovy)
	at com.kms.katalon.core.webui.keyword.internal.WebUIKeywordMain.runKeyword(WebUIKeywordMain.groovy:20)
	at com.kms.katalon.core.webui.keyword.builtin.SetTextKeyword.setText(SetTextKeyword.groovy:66)
	at com.kms.katalon.core.webui.keyword.builtin.SetTextKeyword.execute(SetTextKeyword.groovy:37)
	at com.kms.katalon.core.keyword.internal.KeywordExecutor.executeKeywordForPlatform(KeywordExecutor.groovy:74)
	at com.kms.katalon.core.webui.keyword.WebUiBuiltInKeywords.setText(WebUiBuiltInKeywords.groovy:980)
	at com.kms.katalon.core.webui.keyword.WebUiBuiltInKeywords$setText$1.call(Unknown Source)
	at Script1639917194903.run(Script1639917194903.groovy:34)
	... 13 more
)]]></system-out>
         <system-err><![CDATA[2021-12-19 13:43:10 - [TEST_CASE][FAILED] - Test Cases/Historia rozm贸w/HR18: Test Cases/Historia rozm贸w/HR18 FAILED.
Reason:
com.kms.katalon.core.exception.StepFailedException: Unable to set text 'a' of object 'Object Repository/Page_PSTO webMessenger - Zalogowano/input_Iwona  Kowalska_messageInput'
	at com.kms.katalon.core.webui.keyword.internal.WebUIKeywordMain.stepFailed(WebUIKeywordMain.groovy:64)
	at com.kms.katalon.core.webui.keyword.internal.WebUIKeywordMain.runKeyword(WebUIKeywordMain.groovy:26)
	at com.kms.katalon.core.webui.keyword.builtin.SetTextKeyword.setText(SetTextKeyword.groovy:66)
	at com.kms.katalon.core.webui.keyword.builtin.SetTextKeyword.execute(SetTextKeyword.groovy:37)
	at com.kms.katalon.core.keyword.internal.KeywordExecutor.executeKeywordForPlatform(KeywordExecutor.groovy:74)
	at com.kms.katalon.core.webui.keyword.WebUiBuiltInKeywords.setText(WebUiBuiltInKeywords.groovy:980)
	at com.kms.katalon.core.webui.keyword.WebUiBuiltInKeywords$setText$1.call(Unknown Source)
	at HR18.run(HR18:34)
	at com.kms.katalon.core.main.ScriptEngine.run(ScriptEngine.java:194)
	at com.kms.katalon.core.main.ScriptEngine.runScriptAsRawText(ScriptEngine.java:119)
	at com.kms.katalon.core.main.TestCaseExecutor.runScript(TestCaseExecutor.java:442)
	at com.kms.katalon.core.main.TestCaseExecutor.doExecute(TestCaseExecutor.java:433)
	at com.kms.katalon.core.main.TestCaseExecutor.processExecutionPhase(TestCaseExecutor.java:412)
	at com.kms.katalon.core.main.TestCaseExecutor.accessMainPhase(TestCaseExecutor.java:404)
	at com.kms.katalon.core.main.TestCaseExecutor.execute(TestCaseExecutor.java:281)
	at com.kms.katalon.core.main.TestSuiteExecutor.accessTestCaseMainPhase(TestSuiteExecutor.java:202)
	at com.kms.katalon.core.main.TestSuiteExecutor.accessTestSuiteMainPhase(TestSuiteExecutor.java:164)
	at com.kms.katalon.core.main.TestSuiteExecutor.execute(TestSuiteExecutor.java:105)
	at com.kms.katalon.core.main.TestCaseMain.startTestSuite(TestCaseMain.java:181)
	at com.kms.katalon.core.main.TestCaseMain$startTestSuite$0.call(Unknown Source)
	at TempTestSuite1639917261372.run(TempTestSuite1639917261372.groovy:36)
Caused by: org.openqa.selenium.NoSuchWindowException: Browsing context has been discarded
Build info: version: '3.141.59', revision: 'e82be7d358', time: '2018-11-14T08:25:53'
System info: host: 'DESKTOP-KI9905I', ip: '192.168.3.3', os.name: 'Windows 10', os.arch: 'amd64', os.version: '10.0', java.version: '1.8.0_282'
Driver info: com.kms.katalon.core.webui.driver.firefox.CGeckoDriver
Capabilities {acceptInsecureCerts: true, browserName: firefox, browserVersion: 94.0.2, javascriptEnabled: true, moz:accessibilityChecks: false, moz:buildID: 20211119140621, moz:geckodriverVersion: 0.30.0, moz:headless: false, moz:processID: 12520, moz:profile: C:\Users\agata\AppData\Loca..., moz:shutdownTimeout: 60000, moz:useNonSpecCompliantPointerOrigin: false, moz:webdriverClick: true, pageLoadStrategy: normal, platform: WINDOWS, platformName: WINDOWS, platformVersion: 10.0, proxy: Proxy(direct), setWindowRect: true, strictFileInteractability: false, timeouts: {implicit: 0, pageLoad: 300000, script: 30000}, unhandledPromptBehavior: dismiss and notify}
Session ID: 009bbf77-8132-4cb7-949c-427e7fb9de33
*** Element info: {Using=xpath, value=//input[@id='messageInput']}
	at org.openqa.selenium.remote.http.W3CHttpResponseCodec.createException(W3CHttpResponseCodec.java:187)
	at org.openqa.selenium.remote.http.W3CHttpResponseCodec.decode(W3CHttpResponseCodec.java:122)
	at org.openqa.selenium.remote.http.W3CHttpResponseCodec.decode(W3CHttpResponseCodec.java:49)
	at org.openqa.selenium.remote.HttpCommandExecutor.execute(HttpCommandExecutor.java:158)
	at org.openqa.selenium.remote.service.DriverCommandExecutor.execute(DriverCommandExecutor.java:83)
	at org.openqa.selenium.remote.RemoteWebDriver.execute(RemoteWebDriver.java:552)
	at com.kms.katalon.selenium.driver.CFirefoxDriver.execute(CFirefoxDriver.java:27)
	at org.openqa.selenium.remote.RemoteWebDriver.findElements(RemoteWebDriver.java:353)
	at org.openqa.selenium.remote.RemoteWebDriver.findElementsByXPath(RemoteWebDriver.java:432)
	at org.openqa.selenium.By$ByXPath.findElements(By.java:348)
	at org.openqa.selenium.remote.RemoteWebDriver.findElements(RemoteWebDriver.java:311)
	at org.openqa.selenium.support.events.EventFiringWebDriver.lambda$new$1(EventFiringWebDriver.java:105)
	at com.sun.proxy.$Proxy10.findElements(Unknown Source)
	at org.openqa.selenium.support.events.EventFiringWebDriver.findElements(EventFiringWebDriver.java:182)
	at com.kms.katalon.core.webui.common.WebUiCommonHelper.findElementByNormalMethods(WebUiCommonHelper.java:1014)
	at com.kms.katalon.core.webui.common.WebUiCommonHelper.findElementsBySelectedMethod(WebUiCommonHelper.java:909)
	at com.kms.katalon.core.webui.common.WebUiCommonHelper.findElementsBySelectedMethod(WebUiCommonHelper.java:892)
	at com.kms.katalon.core.webui.common.WebUiCommonHelper.findElementsBySelectedMethod(WebUiCommonHelper.java:887)
	at com.kms.katalon.core.webui.common.WebUiCommonHelper.findElementsByDefault(WebUiCommonHelper.java:883)
	at com.kms.katalon.core.webui.common.WebUiCommonHelper.findWebElements(WebUiCommonHelper.java:720)
	at com.kms.katalon.core.webui.common.WebUiCommonHelper.findWebElement(WebUiCommonHelper.java:1363)
	at com.kms.katalon.core.webui.keyword.internal.WebUIAbstractKeyword.findWebElement(WebUIAbstractKeyword.groovy:27)
	at com.kms.katalon.core.webui.keyword.internal.WebUIAbstractKeyword.findWebElement(WebUIAbstractKeyword.groovy:26)
	at com.kms.katalon.core.webui.keyword.builtin.SetTextKeyword$_setText_closure1.doCall(SetTextKeyword.groovy:51)
	at com.kms.katalon.core.webui.keyword.builtin.SetTextKeyword$_setText_closure1.call(SetTextKeyword.groovy)
	at com.kms.katalon.core.webui.keyword.internal.WebUIKeywordMain.runKeyword(WebUIKeywordMain.groovy:20)
	... 19 more]]></system-err>
      </testcase>
      <testcase name="Test Cases/Historia rozm贸w/HR19" time="0.933" classname="Test Cases/Historia rozm贸w/HR19" status="FAILED">
         <failure type="FAILED" message="Test Cases/Historia rozm贸w/HR19 FAILED.
Reason:
com.kms.katalon.core.exception.StepFailedException: Unable to open browser with url: ''
	at com.kms.katalon.core.webui.keyword.internal.WebUIKeywordMain.stepFailed(WebUIKeywordMain.groovy:64)
	at com.kms.katalon.core.webui.keyword.internal.WebUIKeywordMain.runKeyword(WebUIKeywordMain.groovy:26)
	at com.kms.katalon.core.webui.keyword.builtin.OpenBrowserKeyword.openBrowser(OpenBrowserKeyword.groovy:81)
	at com.kms.katalon.core.webui.keyword.builtin.OpenBrowserKeyword.execute(OpenBrowserKeyword.groovy:67)
	at com.kms.katalon.core.keyword.internal.KeywordExecutor.executeKeywordForPlatform(KeywordExecutor.groovy:74)
	at com.kms.katalon.core.webui.keyword.WebUiBuiltInKeywords.openBrowser(WebUiBuiltInKeywords.groovy:64)
	at com.kms.katalon.core.webui.keyword.WebUiBuiltInKeywords$openBrowser.call(Unknown Source)
	at HR19.run(HR19:20)
	at com.kms.katalon.core.main.ScriptEngine.run(ScriptEngine.java:194)
	at com.kms.katalon.core.main.ScriptEngine.runScriptAsRawText(ScriptEngine.java:119)
	at com.kms.katalon.core.main.TestCaseExecutor.runScript(TestCaseExecutor.java:442)
	at com.kms.katalon.core.main.TestCaseExecutor.doExecute(TestCaseExecutor.java:433)
	at com.kms.katalon.core.main.TestCaseExecutor.processExecutionPhase(TestCaseExecutor.java:412)
	at com.kms.katalon.core.main.TestCaseExecutor.accessMainPhase(TestCaseExecutor.java:404)
	at com.kms.katalon.core.main.TestCaseExecutor.execute(TestCaseExecutor.java:281)
	at com.kms.katalon.core.main.TestSuiteExecutor.accessTestCaseMainPhase(TestSuiteExecutor.java:202)
	at com.kms.katalon.core.main.TestSuiteExecutor.accessTestSuiteMainPhase(TestSuiteExecutor.java:164)
	at com.kms.katalon.core.main.TestSuiteExecutor.execute(TestSuiteExecutor.java:105)
	at com.kms.katalon.core.main.TestCaseMain.startTestSuite(TestCaseMain.java:181)
	at com.kms.katalon.core.main.TestCaseMain$startTestSuite$0.call(Unknown Source)
	at TempTestSuite1639917261372.run(TempTestSuite1639917261372.groovy:36)
Caused by: org.openqa.selenium.NoSuchSessionException: Tried to run command without establishing a connection
Build info: version: '3.141.59', revision: 'e82be7d358', time: '2018-11-14T08:25:53'
System info: host: 'DESKTOP-KI9905I', ip: '192.168.3.3', os.name: 'Windows 10', os.arch: 'amd64', os.version: '10.0', java.version: '1.8.0_282'
Driver info: com.kms.katalon.core.webui.driver.firefox.CGeckoDriver
Capabilities {acceptInsecureCerts: true, browserName: firefox, browserVersion: 94.0.2, javascriptEnabled: true, moz:accessibilityChecks: false, moz:buildID: 20211119140621, moz:geckodriverVersion: 0.30.0, moz:headless: false, moz:processID: 12520, moz:profile: C:\Users\agata\AppData\Loca..., moz:shutdownTimeout: 60000, moz:useNonSpecCompliantPointerOrigin: false, moz:webdriverClick: true, pageLoadStrategy: normal, platform: WINDOWS, platformName: WINDOWS, platformVersion: 10.0, proxy: Proxy(direct), setWindowRect: true, strictFileInteractability: false, timeouts: {implicit: 0, pageLoad: 300000, script: 30000}, unhandledPromptBehavior: dismiss and notify}
Session ID: 009bbf77-8132-4cb7-949c-427e7fb9de33
	at org.openqa.selenium.remote.http.W3CHttpResponseCodec.createException(W3CHttpResponseCodec.java:187)
	at org.openqa.selenium.remote.http.W3CHttpResponseCodec.decode(W3CHttpResponseCodec.java:122)
	at org.openqa.selenium.remote.http.W3CHttpResponseCodec.decode(W3CHttpResponseCodec.java:49)
	at org.openqa.selenium.remote.HttpCommandExecutor.execute(HttpCommandExecutor.java:158)
	at org.openqa.selenium.remote.service.DriverCommandExecutor.execute(DriverCommandExecutor.java:83)
	at org.openqa.selenium.remote.RemoteWebDriver.execute(RemoteWebDriver.java:552)
	at com.kms.katalon.selenium.driver.CFirefoxDriver.execute(CFirefoxDriver.java:27)
	at org.openqa.selenium.remote.RemoteWebDriver.execute(RemoteWebDriver.java:609)
	at org.openqa.selenium.remote.RemoteWebDriver.quit(RemoteWebDriver.java:452)
	at org.openqa.selenium.support.events.EventFiringWebDriver.lambda$new$1(EventFiringWebDriver.java:105)
	at com.sun.proxy.$Proxy10.quit(Unknown Source)
	at org.openqa.selenium.support.events.EventFiringWebDriver.quit(EventFiringWebDriver.java:211)
	at com.kms.katalon.core.webui.driver.DriverFactory.closeWebDriver(DriverFactory.java:1463)
	at com.kms.katalon.core.webui.driver.DriverFactory.startNewBrowser(DriverFactory.java:339)
	at com.kms.katalon.core.webui.driver.DriverFactory.openWebDriver(DriverFactory.java:250)
	at com.kms.katalon.core.webui.keyword.builtin.OpenBrowserKeyword$_openBrowser_closure1.doCall(OpenBrowserKeyword.groovy:74)
	at com.kms.katalon.core.webui.keyword.builtin.OpenBrowserKeyword$_openBrowser_closure1.call(OpenBrowserKeyword.groovy)
	at com.kms.katalon.core.webui.keyword.internal.WebUIKeywordMain.runKeyword(WebUIKeywordMain.groovy:20)
	... 19 more
"/>
         <system-out><![CDATA[2021-12-19 13:44:19 - [TEST_CASE][FAILED] - Test Cases/Historia rozm贸w/HR19: Test Cases/Historia rozm贸w/HR19 FAILED.
Reason:
com.kms.katalon.core.exception.StepFailedException: Unable to open browser with url: ''
	at com.kms.katalon.core.webui.keyword.internal.WebUIKeywordMain.stepFailed(WebUIKeywordMain.groovy:64)
	at com.kms.katalon.core.webui.keyword.internal.WebUIKeywordMain.runKeyword(WebUIKeywordMain.groovy:26)
	at com.kms.katalon.core.webui.keyword.builtin.OpenBrowserKeyword.openBrowser(OpenBrowserKeyword.groovy:81)
	at com.kms.katalon.core.webui.keyword.builtin.OpenBrowserKeyword.execute(OpenBrowserKeyword.groovy:67)
	at com.kms.katalon.core.keyword.internal.KeywordExecutor.executeKeywordForPlatform(KeywordExecutor.groovy:74)
	at com.kms.katalon.core.webui.keyword.WebUiBuiltInKeywords.openBrowser(WebUiBuiltInKeywords.groovy:64)
	at com.kms.katalon.core.webui.keyword.WebUiBuiltInKeywords$openBrowser.call(Unknown Source)
	at HR19.run(HR19:20)
	at com.kms.katalon.core.main.ScriptEngine.run(ScriptEngine.java:194)
	at com.kms.katalon.core.main.ScriptEngine.runScriptAsRawText(ScriptEngine.java:119)
	at com.kms.katalon.core.main.TestCaseExecutor.runScript(TestCaseExecutor.java:442)
	at com.kms.katalon.core.main.TestCaseExecutor.doExecute(TestCaseExecutor.java:433)
	at com.kms.katalon.core.main.TestCaseExecutor.processExecutionPhase(TestCaseExecutor.java:412)
	at com.kms.katalon.core.main.TestCaseExecutor.accessMainPhase(TestCaseExecutor.java:404)
	at com.kms.katalon.core.main.TestCaseExecutor.execute(TestCaseExecutor.java:281)
	at com.kms.katalon.core.main.TestSuiteExecutor.accessTestCaseMainPhase(TestSuiteExecutor.java:202)
	at com.kms.katalon.core.main.TestSuiteExecutor.accessTestSuiteMainPhase(TestSuiteExecutor.java:164)
	at com.kms.katalon.core.main.TestSuiteExecutor.execute(TestSuiteExecutor.java:105)
	at com.kms.katalon.core.main.TestCaseMain.startTestSuite(TestCaseMain.java:181)
	at com.kms.katalon.core.main.TestCaseMain$startTestSuite$0.call(Unknown Source)
	at TempTestSuite1639917261372.run(TempTestSuite1639917261372.groovy:36)
Caused by: org.openqa.selenium.NoSuchSessionException: Tried to run command without establishing a connection
Build info: version: '3.141.59', revision: 'e82be7d358', time: '2018-11-14T08:25:53'
System info: host: 'DESKTOP-KI9905I', ip: '192.168.3.3', os.name: 'Windows 10', os.arch: 'amd64', os.version: '10.0', java.version: '1.8.0_282'
Driver info: com.kms.katalon.core.webui.driver.firefox.CGeckoDriver
Capabilities {acceptInsecureCerts: true, browserName: firefox, browserVersion: 94.0.2, javascriptEnabled: true, moz:accessibilityChecks: false, moz:buildID: 20211119140621, moz:geckodriverVersion: 0.30.0, moz:headless: false, moz:processID: 12520, moz:profile: C:\Users\agata\AppData\Loca..., moz:shutdownTimeout: 60000, moz:useNonSpecCompliantPointerOrigin: false, moz:webdriverClick: true, pageLoadStrategy: normal, platform: WINDOWS, platformName: WINDOWS, platformVersion: 10.0, proxy: Proxy(direct), setWindowRect: true, strictFileInteractability: false, timeouts: {implicit: 0, pageLoad: 300000, script: 30000}, unhandledPromptBehavior: dismiss and notify}
Session ID: 009bbf77-8132-4cb7-949c-427e7fb9de33
	at org.openqa.selenium.remote.http.W3CHttpResponseCodec.createException(W3CHttpResponseCodec.java:187)
	at org.openqa.selenium.remote.http.W3CHttpResponseCodec.decode(W3CHttpResponseCodec.java:122)
	at org.openqa.selenium.remote.http.W3CHttpResponseCodec.decode(W3CHttpResponseCodec.java:49)
	at org.openqa.selenium.remote.HttpCommandExecutor.execute(HttpCommandExecutor.java:158)
	at org.openqa.selenium.remote.service.DriverCommandExecutor.execute(DriverCommandExecutor.java:83)
	at org.openqa.selenium.remote.RemoteWebDriver.execute(RemoteWebDriver.java:552)
	at com.kms.katalon.selenium.driver.CFirefoxDriver.execute(CFirefoxDriver.java:27)
	at org.openqa.selenium.remote.RemoteWebDriver.execute(RemoteWebDriver.java:609)
	at org.openqa.selenium.remote.RemoteWebDriver.quit(RemoteWebDriver.java:452)
	at org.openqa.selenium.support.events.EventFiringWebDriver.lambda$new$1(EventFiringWebDriver.java:105)
	at com.sun.proxy.$Proxy10.quit(Unknown Source)
	at org.openqa.selenium.support.events.EventFiringWebDriver.quit(EventFiringWebDriver.java:211)
	at com.kms.katalon.core.webui.driver.DriverFactory.closeWebDriver(DriverFactory.java:1463)
	at com.kms.katalon.core.webui.driver.DriverFactory.startNewBrowser(DriverFactory.java:339)
	at com.kms.katalon.core.webui.driver.DriverFactory.openWebDriver(DriverFactory.java:250)
	at com.kms.katalon.core.webui.keyword.builtin.OpenBrowserKeyword$_openBrowser_closure1.doCall(OpenBrowserKeyword.groovy:74)
	at com.kms.katalon.core.webui.keyword.builtin.OpenBrowserKeyword$_openBrowser_closure1.call(OpenBrowserKeyword.groovy)
	at com.kms.katalon.core.webui.keyword.internal.WebUIKeywordMain.runKeyword(WebUIKeywordMain.groovy:20)
	... 19 more


2021-12-19 13:44:20 - [TEST_STEP][FAILED] - openBrowser(""): Unable to open browser with url: '' (Root cause: com.kms.katalon.core.exception.StepFailedException: Unable to open browser with url: ''
	at com.kms.katalon.core.webui.keyword.internal.WebUIKeywordMain.stepFailed(WebUIKeywordMain.groovy:64)
	at com.kms.katalon.core.webui.keyword.internal.WebUIKeywordMain.runKeyword(WebUIKeywordMain.groovy:26)
	at com.kms.katalon.core.webui.keyword.builtin.OpenBrowserKeyword.openBrowser(OpenBrowserKeyword.groovy:81)
	at com.kms.katalon.core.webui.keyword.builtin.OpenBrowserKeyword.execute(OpenBrowserKeyword.groovy:67)
	at com.kms.katalon.core.keyword.internal.KeywordExecutor.executeKeywordForPlatform(KeywordExecutor.groovy:74)
	at com.kms.katalon.core.webui.keyword.WebUiBuiltInKeywords.openBrowser(WebUiBuiltInKeywords.groovy:64)
	at com.kms.katalon.core.webui.keyword.WebUiBuiltInKeywords$openBrowser.call(Unknown Source)
	at HR19.run(HR19:20)
	at com.kms.katalon.core.main.ScriptEngine.run(ScriptEngine.java:194)
	at com.kms.katalon.core.main.ScriptEngine.runScriptAsRawText(ScriptEngine.java:119)
	at com.kms.katalon.core.main.TestCaseExecutor.runScript(TestCaseExecutor.java:442)
	at com.kms.katalon.core.main.TestCaseExecutor.doExecute(TestCaseExecutor.java:433)
	at com.kms.katalon.core.main.TestCaseExecutor.processExecutionPhase(TestCaseExecutor.java:412)
	at com.kms.katalon.core.main.TestCaseExecutor.accessMainPhase(TestCaseExecutor.java:404)
	at com.kms.katalon.core.main.TestCaseExecutor.execute(TestCaseExecutor.java:281)
	at com.kms.katalon.core.main.TestSuiteExecutor.accessTestCaseMainPhase(TestSuiteExecutor.java:202)
	at com.kms.katalon.core.main.TestSuiteExecutor.accessTestSuiteMainPhase(TestSuiteExecutor.java:164)
	at com.kms.katalon.core.main.TestSuiteExecutor.execute(TestSuiteExecutor.java:105)
	at com.kms.katalon.core.main.TestCaseMain.startTestSuite(TestCaseMain.java:181)
	at com.kms.katalon.core.main.TestCaseMain$startTestSuite$0.call(Unknown Source)
	at TempTestSuite1639917261372.run(TempTestSuite1639917261372.groovy:36)
Caused by: org.openqa.selenium.NoSuchSessionException: Tried to run command without establishing a connection
Build info: version: '3.141.59', revision: 'e82be7d358', time: '2018-11-14T08:25:53'
System info: host: 'DESKTOP-KI9905I', ip: '192.168.3.3', os.name: 'Windows 10', os.arch: 'amd64', os.version: '10.0', java.version: '1.8.0_282'
Driver info: com.kms.katalon.core.webui.driver.firefox.CGeckoDriver
Capabilities {acceptInsecureCerts: true, browserName: firefox, browserVersion: 94.0.2, javascriptEnabled: true, moz:accessibilityChecks: false, moz:buildID: 20211119140621, moz:geckodriverVersion: 0.30.0, moz:headless: false, moz:processID: 12520, moz:profile: C:\Users\agata\AppData\Loca..., moz:shutdownTimeout: 60000, moz:useNonSpecCompliantPointerOrigin: false, moz:webdriverClick: true, pageLoadStrategy: normal, platform: WINDOWS, platformName: WINDOWS, platformVersion: 10.0, proxy: Proxy(direct), setWindowRect: true, strictFileInteractability: false, timeouts: {implicit: 0, pageLoad: 300000, script: 30000}, unhandledPromptBehavior: dismiss and notify}
Session ID: 009bbf77-8132-4cb7-949c-427e7fb9de33
	at org.openqa.selenium.remote.http.W3CHttpResponseCodec.createException(W3CHttpResponseCodec.java:187)
	at org.openqa.selenium.remote.http.W3CHttpResponseCodec.decode(W3CHttpResponseCodec.java:122)
	at org.openqa.selenium.remote.http.W3CHttpResponseCodec.decode(W3CHttpResponseCodec.java:49)
	at org.openqa.selenium.remote.HttpCommandExecutor.execute(HttpCommandExecutor.java:158)
	at org.openqa.selenium.remote.service.DriverCommandExecutor.execute(DriverCommandExecutor.java:83)
	at org.openqa.selenium.remote.RemoteWebDriver.execute(RemoteWebDriver.java:552)
	at com.kms.katalon.selenium.driver.CFirefoxDriver.execute(CFirefoxDriver.java:27)
	at org.openqa.selenium.remote.RemoteWebDriver.execute(RemoteWebDriver.java:609)
	at org.openqa.selenium.remote.RemoteWebDriver.quit(RemoteWebDriver.java:452)
	at org.openqa.selenium.support.events.EventFiringWebDriver.lambda$new$1(EventFiringWebDriver.java:105)
	at com.sun.proxy.$Proxy10.quit(Unknown Source)
	at org.openqa.selenium.support.events.EventFiringWebDriver.quit(EventFiringWebDriver.java:211)
	at com.kms.katalon.core.webui.driver.DriverFactory.closeWebDriver(DriverFactory.java:1463)
	at com.kms.katalon.core.webui.driver.DriverFactory.startNewBrowser(DriverFactory.java:339)
	at com.kms.katalon.core.webui.driver.DriverFactory.openWebDriver(DriverFactory.java:250)
	at com.kms.katalon.core.webui.keyword.builtin.OpenBrowserKeyword$_openBrowser_closure1.doCall(OpenBrowserKeyword.groovy:74)
	at com.kms.katalon.core.webui.keyword.builtin.OpenBrowserKeyword$_openBrowser_closure1.call(OpenBrowserKeyword.groovy)
	at com.kms.katalon.core.webui.keyword.internal.WebUIKeywordMain.runKeyword(WebUIKeywordMain.groovy:20)
	at com.kms.katalon.core.webui.keyword.builtin.OpenBrowserKeyword.openBrowser(OpenBrowserKeyword.groovy:81)
	at com.kms.katalon.core.webui.keyword.builtin.OpenBrowserKeyword.execute(OpenBrowserKeyword.groovy:67)
	at com.kms.katalon.core.keyword.internal.KeywordExecutor.executeKeywordForPlatform(KeywordExecutor.groovy:74)
	at com.kms.katalon.core.webui.keyword.WebUiBuiltInKeywords.openBrowser(WebUiBuiltInKeywords.groovy:64)
	at com.kms.katalon.core.webui.keyword.WebUiBuiltInKeywords$openBrowser.call(Unknown Source)
	at Script1639913770289.run(Script1639913770289.groovy:20)
	... 13 more
)

2021-12-19 13:44:20 - [MESSAGE][WARNING] - A browser is already opened. Closing browser and opening a new one

2021-12-19 13:44:20 - [MESSAGE][FAILED] - Unable to open browser with url: '' (Root cause: com.kms.katalon.core.exception.StepFailedException: Unable to open browser with url: ''
	at com.kms.katalon.core.webui.keyword.internal.WebUIKeywordMain.stepFailed(WebUIKeywordMain.groovy:64)
	at com.kms.katalon.core.webui.keyword.internal.WebUIKeywordMain.runKeyword(WebUIKeywordMain.groovy:26)
	at com.kms.katalon.core.webui.keyword.builtin.OpenBrowserKeyword.openBrowser(OpenBrowserKeyword.groovy:81)
	at com.kms.katalon.core.webui.keyword.builtin.OpenBrowserKeyword.execute(OpenBrowserKeyword.groovy:67)
	at com.kms.katalon.core.keyword.internal.KeywordExecutor.executeKeywordForPlatform(KeywordExecutor.groovy:74)
	at com.kms.katalon.core.webui.keyword.WebUiBuiltInKeywords.openBrowser(WebUiBuiltInKeywords.groovy:64)
	at com.kms.katalon.core.webui.keyword.WebUiBuiltInKeywords$openBrowser.call(Unknown Source)
	at HR19.run(HR19:20)
	at com.kms.katalon.core.main.ScriptEngine.run(ScriptEngine.java:194)
	at com.kms.katalon.core.main.ScriptEngine.runScriptAsRawText(ScriptEngine.java:119)
	at com.kms.katalon.core.main.TestCaseExecutor.runScript(TestCaseExecutor.java:442)
	at com.kms.katalon.core.main.TestCaseExecutor.doExecute(TestCaseExecutor.java:433)
	at com.kms.katalon.core.main.TestCaseExecutor.processExecutionPhase(TestCaseExecutor.java:412)
	at com.kms.katalon.core.main.TestCaseExecutor.accessMainPhase(TestCaseExecutor.java:404)
	at com.kms.katalon.core.main.TestCaseExecutor.execute(TestCaseExecutor.java:281)
	at com.kms.katalon.core.main.TestSuiteExecutor.accessTestCaseMainPhase(TestSuiteExecutor.java:202)
	at com.kms.katalon.core.main.TestSuiteExecutor.accessTestSuiteMainPhase(TestSuiteExecutor.java:164)
	at com.kms.katalon.core.main.TestSuiteExecutor.execute(TestSuiteExecutor.java:105)
	at com.kms.katalon.core.main.TestCaseMain.startTestSuite(TestCaseMain.java:181)
	at com.kms.katalon.core.main.TestCaseMain$startTestSuite$0.call(Unknown Source)
	at TempTestSuite1639917261372.run(TempTestSuite1639917261372.groovy:36)
Caused by: org.openqa.selenium.NoSuchSessionException: Tried to run command without establishing a connection
Build info: version: '3.141.59', revision: 'e82be7d358', time: '2018-11-14T08:25:53'
System info: host: 'DESKTOP-KI9905I', ip: '192.168.3.3', os.name: 'Windows 10', os.arch: 'amd64', os.version: '10.0', java.version: '1.8.0_282'
Driver info: com.kms.katalon.core.webui.driver.firefox.CGeckoDriver
Capabilities {acceptInsecureCerts: true, browserName: firefox, browserVersion: 94.0.2, javascriptEnabled: true, moz:accessibilityChecks: false, moz:buildID: 20211119140621, moz:geckodriverVersion: 0.30.0, moz:headless: false, moz:processID: 12520, moz:profile: C:\Users\agata\AppData\Loca..., moz:shutdownTimeout: 60000, moz:useNonSpecCompliantPointerOrigin: false, moz:webdriverClick: true, pageLoadStrategy: normal, platform: WINDOWS, platformName: WINDOWS, platformVersion: 10.0, proxy: Proxy(direct), setWindowRect: true, strictFileInteractability: false, timeouts: {implicit: 0, pageLoad: 300000, script: 30000}, unhandledPromptBehavior: dismiss and notify}
Session ID: 009bbf77-8132-4cb7-949c-427e7fb9de33
	at org.openqa.selenium.remote.http.W3CHttpResponseCodec.createException(W3CHttpResponseCodec.java:187)
	at org.openqa.selenium.remote.http.W3CHttpResponseCodec.decode(W3CHttpResponseCodec.java:122)
	at org.openqa.selenium.remote.http.W3CHttpResponseCodec.decode(W3CHttpResponseCodec.java:49)
	at org.openqa.selenium.remote.HttpCommandExecutor.execute(HttpCommandExecutor.java:158)
	at org.openqa.selenium.remote.service.DriverCommandExecutor.execute(DriverCommandExecutor.java:83)
	at org.openqa.selenium.remote.RemoteWebDriver.execute(RemoteWebDriver.java:552)
	at com.kms.katalon.selenium.driver.CFirefoxDriver.execute(CFirefoxDriver.java:27)
	at org.openqa.selenium.remote.RemoteWebDriver.execute(RemoteWebDriver.java:609)
	at org.openqa.selenium.remote.RemoteWebDriver.quit(RemoteWebDriver.java:452)
	at org.openqa.selenium.support.events.EventFiringWebDriver.lambda$new$1(EventFiringWebDriver.java:105)
	at com.sun.proxy.$Proxy10.quit(Unknown Source)
	at org.openqa.selenium.support.events.EventFiringWebDriver.quit(EventFiringWebDriver.java:211)
	at com.kms.katalon.core.webui.driver.DriverFactory.closeWebDriver(DriverFactory.java:1463)
	at com.kms.katalon.core.webui.driver.DriverFactory.startNewBrowser(DriverFactory.java:339)
	at com.kms.katalon.core.webui.driver.DriverFactory.openWebDriver(DriverFactory.java:250)
	at com.kms.katalon.core.webui.keyword.builtin.OpenBrowserKeyword$_openBrowser_closure1.doCall(OpenBrowserKeyword.groovy:74)
	at com.kms.katalon.core.webui.keyword.builtin.OpenBrowserKeyword$_openBrowser_closure1.call(OpenBrowserKeyword.groovy)
	at com.kms.katalon.core.webui.keyword.internal.WebUIKeywordMain.runKeyword(WebUIKeywordMain.groovy:20)
	at com.kms.katalon.core.webui.keyword.builtin.OpenBrowserKeyword.openBrowser(OpenBrowserKeyword.groovy:81)
	at com.kms.katalon.core.webui.keyword.builtin.OpenBrowserKeyword.execute(OpenBrowserKeyword.groovy:67)
	at com.kms.katalon.core.keyword.internal.KeywordExecutor.executeKeywordForPlatform(KeywordExecutor.groovy:74)
	at com.kms.katalon.core.webui.keyword.WebUiBuiltInKeywords.openBrowser(WebUiBuiltInKeywords.groovy:64)
	at com.kms.katalon.core.webui.keyword.WebUiBuiltInKeywords$openBrowser.call(Unknown Source)
	at Script1639913770289.run(Script1639913770289.groovy:20)
	... 13 more
)]]></system-out>
         <system-err><![CDATA[2021-12-19 13:44:19 - [TEST_CASE][FAILED] - Test Cases/Historia rozm贸w/HR19: Test Cases/Historia rozm贸w/HR19 FAILED.
Reason:
com.kms.katalon.core.exception.StepFailedException: Unable to open browser with url: ''
	at com.kms.katalon.core.webui.keyword.internal.WebUIKeywordMain.stepFailed(WebUIKeywordMain.groovy:64)
	at com.kms.katalon.core.webui.keyword.internal.WebUIKeywordMain.runKeyword(WebUIKeywordMain.groovy:26)
	at com.kms.katalon.core.webui.keyword.builtin.OpenBrowserKeyword.openBrowser(OpenBrowserKeyword.groovy:81)
	at com.kms.katalon.core.webui.keyword.builtin.OpenBrowserKeyword.execute(OpenBrowserKeyword.groovy:67)
	at com.kms.katalon.core.keyword.internal.KeywordExecutor.executeKeywordForPlatform(KeywordExecutor.groovy:74)
	at com.kms.katalon.core.webui.keyword.WebUiBuiltInKeywords.openBrowser(WebUiBuiltInKeywords.groovy:64)
	at com.kms.katalon.core.webui.keyword.WebUiBuiltInKeywords$openBrowser.call(Unknown Source)
	at HR19.run(HR19:20)
	at com.kms.katalon.core.main.ScriptEngine.run(ScriptEngine.java:194)
	at com.kms.katalon.core.main.ScriptEngine.runScriptAsRawText(ScriptEngine.java:119)
	at com.kms.katalon.core.main.TestCaseExecutor.runScript(TestCaseExecutor.java:442)
	at com.kms.katalon.core.main.TestCaseExecutor.doExecute(TestCaseExecutor.java:433)
	at com.kms.katalon.core.main.TestCaseExecutor.processExecutionPhase(TestCaseExecutor.java:412)
	at com.kms.katalon.core.main.TestCaseExecutor.accessMainPhase(TestCaseExecutor.java:404)
	at com.kms.katalon.core.main.TestCaseExecutor.execute(TestCaseExecutor.java:281)
	at com.kms.katalon.core.main.TestSuiteExecutor.accessTestCaseMainPhase(TestSuiteExecutor.java:202)
	at com.kms.katalon.core.main.TestSuiteExecutor.accessTestSuiteMainPhase(TestSuiteExecutor.java:164)
	at com.kms.katalon.core.main.TestSuiteExecutor.execute(TestSuiteExecutor.java:105)
	at com.kms.katalon.core.main.TestCaseMain.startTestSuite(TestCaseMain.java:181)
	at com.kms.katalon.core.main.TestCaseMain$startTestSuite$0.call(Unknown Source)
	at TempTestSuite1639917261372.run(TempTestSuite1639917261372.groovy:36)
Caused by: org.openqa.selenium.NoSuchSessionException: Tried to run command without establishing a connection
Build info: version: '3.141.59', revision: 'e82be7d358', time: '2018-11-14T08:25:53'
System info: host: 'DESKTOP-KI9905I', ip: '192.168.3.3', os.name: 'Windows 10', os.arch: 'amd64', os.version: '10.0', java.version: '1.8.0_282'
Driver info: com.kms.katalon.core.webui.driver.firefox.CGeckoDriver
Capabilities {acceptInsecureCerts: true, browserName: firefox, browserVersion: 94.0.2, javascriptEnabled: true, moz:accessibilityChecks: false, moz:buildID: 20211119140621, moz:geckodriverVersion: 0.30.0, moz:headless: false, moz:processID: 12520, moz:profile: C:\Users\agata\AppData\Loca..., moz:shutdownTimeout: 60000, moz:useNonSpecCompliantPointerOrigin: false, moz:webdriverClick: true, pageLoadStrategy: normal, platform: WINDOWS, platformName: WINDOWS, platformVersion: 10.0, proxy: Proxy(direct), setWindowRect: true, strictFileInteractability: false, timeouts: {implicit: 0, pageLoad: 300000, script: 30000}, unhandledPromptBehavior: dismiss and notify}
Session ID: 009bbf77-8132-4cb7-949c-427e7fb9de33
	at org.openqa.selenium.remote.http.W3CHttpResponseCodec.createException(W3CHttpResponseCodec.java:187)
	at org.openqa.selenium.remote.http.W3CHttpResponseCodec.decode(W3CHttpResponseCodec.java:122)
	at org.openqa.selenium.remote.http.W3CHttpResponseCodec.decode(W3CHttpResponseCodec.java:49)
	at org.openqa.selenium.remote.HttpCommandExecutor.execute(HttpCommandExecutor.java:158)
	at org.openqa.selenium.remote.service.DriverCommandExecutor.execute(DriverCommandExecutor.java:83)
	at org.openqa.selenium.remote.RemoteWebDriver.execute(RemoteWebDriver.java:552)
	at com.kms.katalon.selenium.driver.CFirefoxDriver.execute(CFirefoxDriver.java:27)
	at org.openqa.selenium.remote.RemoteWebDriver.execute(RemoteWebDriver.java:609)
	at org.openqa.selenium.remote.RemoteWebDriver.quit(RemoteWebDriver.java:452)
	at org.openqa.selenium.support.events.EventFiringWebDriver.lambda$new$1(EventFiringWebDriver.java:105)
	at com.sun.proxy.$Proxy10.quit(Unknown Source)
	at org.openqa.selenium.support.events.EventFiringWebDriver.quit(EventFiringWebDriver.java:211)
	at com.kms.katalon.core.webui.driver.DriverFactory.closeWebDriver(DriverFactory.java:1463)
	at com.kms.katalon.core.webui.driver.DriverFactory.startNewBrowser(DriverFactory.java:339)
	at com.kms.katalon.core.webui.driver.DriverFactory.openWebDriver(DriverFactory.java:250)
	at com.kms.katalon.core.webui.keyword.builtin.OpenBrowserKeyword$_openBrowser_closure1.doCall(OpenBrowserKeyword.groovy:74)
	at com.kms.katalon.core.webui.keyword.builtin.OpenBrowserKeyword$_openBrowser_closure1.call(OpenBrowserKeyword.groovy)
	at com.kms.katalon.core.webui.keyword.internal.WebUIKeywordMain.runKeyword(WebUIKeywordMain.groovy:20)
	... 19 more]]></system-err>
      </testcase>
      <testcase name="Test Cases/Historia rozm贸w/HR20" time="136.143" classname="Test Cases/Historia rozm贸w/HR20" status="FAILED">
         <failure type="FAILED" message="Test Cases/Historia rozm贸w/HR20 FAILED.
Reason:
com.kms.katalon.core.exception.StepFailedException: Unable to set text 'd' of object 'Object Repository/Page_PSTO webMessenger - Zalogowano/input_Joanna Kowalska_messageInput'
	at com.kms.katalon.core.webui.keyword.internal.WebUIKeywordMain.stepFailed(WebUIKeywordMain.groovy:64)
	at com.kms.katalon.core.webui.keyword.internal.WebUIKeywordMain.runKeyword(WebUIKeywordMain.groovy:26)
	at com.kms.katalon.core.webui.keyword.builtin.SetTextKeyword.setText(SetTextKeyword.groovy:66)
	at com.kms.katalon.core.webui.keyword.builtin.SetTextKeyword.execute(SetTextKeyword.groovy:37)
	at com.kms.katalon.core.keyword.internal.KeywordExecutor.executeKeywordForPlatform(KeywordExecutor.groovy:74)
	at com.kms.katalon.core.webui.keyword.WebUiBuiltInKeywords.setText(WebUiBuiltInKeywords.groovy:980)
	at com.kms.katalon.core.webui.keyword.WebUiBuiltInKeywords$setText$1.call(Unknown Source)
	at HR20.run(HR20:34)
	at com.kms.katalon.core.main.ScriptEngine.run(ScriptEngine.java:194)
	at com.kms.katalon.core.main.ScriptEngine.runScriptAsRawText(ScriptEngine.java:119)
	at com.kms.katalon.core.main.TestCaseExecutor.runScript(TestCaseExecutor.java:442)
	at com.kms.katalon.core.main.TestCaseExecutor.doExecute(TestCaseExecutor.java:433)
	at com.kms.katalon.core.main.TestCaseExecutor.processExecutionPhase(TestCaseExecutor.java:412)
	at com.kms.katalon.core.main.TestCaseExecutor.accessMainPhase(TestCaseExecutor.java:404)
	at com.kms.katalon.core.main.TestCaseExecutor.execute(TestCaseExecutor.java:281)
	at com.kms.katalon.core.main.TestSuiteExecutor.accessTestCaseMainPhase(TestSuiteExecutor.java:202)
	at com.kms.katalon.core.main.TestSuiteExecutor.accessTestSuiteMainPhase(TestSuiteExecutor.java:164)
	at com.kms.katalon.core.main.TestSuiteExecutor.execute(TestSuiteExecutor.java:105)
	at com.kms.katalon.core.main.TestCaseMain.startTestSuite(TestCaseMain.java:181)
	at com.kms.katalon.core.main.TestCaseMain$startTestSuite$0.call(Unknown Source)
	at TempTestSuite1639917261372.run(TempTestSuite1639917261372.groovy:36)
Caused by: org.openqa.selenium.NoSuchWindowException: Browsing context has been discarded
Build info: version: '3.141.59', revision: 'e82be7d358', time: '2018-11-14T08:25:53'
System info: host: 'DESKTOP-KI9905I', ip: '192.168.3.3', os.name: 'Windows 10', os.arch: 'amd64', os.version: '10.0', java.version: '1.8.0_282'
Driver info: com.kms.katalon.core.webui.driver.firefox.CGeckoDriver
Capabilities {acceptInsecureCerts: true, browserName: firefox, browserVersion: 94.0.2, javascriptEnabled: true, moz:accessibilityChecks: false, moz:buildID: 20211119140621, moz:geckodriverVersion: 0.30.0, moz:headless: false, moz:processID: 8852, moz:profile: C:\Users\agata\AppData\Loca..., moz:shutdownTimeout: 60000, moz:useNonSpecCompliantPointerOrigin: false, moz:webdriverClick: true, pageLoadStrategy: normal, platform: WINDOWS, platformName: WINDOWS, platformVersion: 10.0, proxy: Proxy(direct), setWindowRect: true, strictFileInteractability: false, timeouts: {implicit: 0, pageLoad: 300000, script: 30000}, unhandledPromptBehavior: dismiss and notify}
Session ID: 3eab8be4-fdfc-4770-b1e3-ad0d135794c9
*** Element info: {Using=xpath, value=//input[@id='messageInput']}
	at org.openqa.selenium.remote.http.W3CHttpResponseCodec.createException(W3CHttpResponseCodec.java:187)
	at org.openqa.selenium.remote.http.W3CHttpResponseCodec.decode(W3CHttpResponseCodec.java:122)
	at org.openqa.selenium.remote.http.W3CHttpResponseCodec.decode(W3CHttpResponseCodec.java:49)
	at org.openqa.selenium.remote.HttpCommandExecutor.execute(HttpCommandExecutor.java:158)
	at org.openqa.selenium.remote.service.DriverCommandExecutor.execute(DriverCommandExecutor.java:83)
	at org.openqa.selenium.remote.RemoteWebDriver.execute(RemoteWebDriver.java:552)
	at com.kms.katalon.selenium.driver.CFirefoxDriver.execute(CFirefoxDriver.java:27)
	at org.openqa.selenium.remote.RemoteWebDriver.findElements(RemoteWebDriver.java:353)
	at org.openqa.selenium.remote.RemoteWebDriver.findElementsByXPath(RemoteWebDriver.java:432)
	at org.openqa.selenium.By$ByXPath.findElements(By.java:348)
	at org.openqa.selenium.remote.RemoteWebDriver.findElements(RemoteWebDriver.java:311)
	at org.openqa.selenium.support.events.EventFiringWebDriver.lambda$new$1(EventFiringWebDriver.java:105)
	at com.sun.proxy.$Proxy10.findElements(Unknown Source)
	at org.openqa.selenium.support.events.EventFiringWebDriver.findElements(EventFiringWebDriver.java:182)
	at com.kms.katalon.core.webui.common.WebUiCommonHelper.findElementByNormalMethods(WebUiCommonHelper.java:1014)
	at com.kms.katalon.core.webui.common.WebUiCommonHelper.findElementsBySelectedMethod(WebUiCommonHelper.java:909)
	at com.kms.katalon.core.webui.common.WebUiCommonHelper.findElementsBySelectedMethod(WebUiCommonHelper.java:892)
	at com.kms.katalon.core.webui.common.WebUiCommonHelper.findElementsBySelectedMethod(WebUiCommonHelper.java:887)
	at com.kms.katalon.core.webui.common.WebUiCommonHelper.findElementsByDefault(WebUiCommonHelper.java:883)
	at com.kms.katalon.core.webui.common.WebUiCommonHelper.findWebElements(WebUiCommonHelper.java:720)
	at com.kms.katalon.core.webui.common.WebUiCommonHelper.findWebElement(WebUiCommonHelper.java:1363)
	at com.kms.katalon.core.webui.keyword.internal.WebUIAbstractKeyword.findWebElement(WebUIAbstractKeyword.groovy:27)
	at com.kms.katalon.core.webui.keyword.internal.WebUIAbstractKeyword.findWebElement(WebUIAbstractKeyword.groovy:26)
	at com.kms.katalon.core.webui.keyword.builtin.SetTextKeyword$_setText_closure1.doCall(SetTextKeyword.groovy:55)
	at com.kms.katalon.core.webui.keyword.builtin.SetTextKeyword$_setText_closure1.call(SetTextKeyword.groovy)
	at com.kms.katalon.core.webui.keyword.internal.WebUIKeywordMain.runKeyword(WebUIKeywordMain.groovy:20)
	... 19 more
"/>
         <system-out><![CDATA[2021-12-19 13:44:20 - [TEST_CASE][FAILED] - Test Cases/Historia rozm贸w/HR20: Test Cases/Historia rozm贸w/HR20 FAILED.
Reason:
com.kms.katalon.core.exception.StepFailedException: Unable to set text 'd' of object 'Object Repository/Page_PSTO webMessenger - Zalogowano/input_Joanna Kowalska_messageInput'
	at com.kms.katalon.core.webui.keyword.internal.WebUIKeywordMain.stepFailed(WebUIKeywordMain.groovy:64)
	at com.kms.katalon.core.webui.keyword.internal.WebUIKeywordMain.runKeyword(WebUIKeywordMain.groovy:26)
	at com.kms.katalon.core.webui.keyword.builtin.SetTextKeyword.setText(SetTextKeyword.groovy:66)
	at com.kms.katalon.core.webui.keyword.builtin.SetTextKeyword.execute(SetTextKeyword.groovy:37)
	at com.kms.katalon.core.keyword.internal.KeywordExecutor.executeKeywordForPlatform(KeywordExecutor.groovy:74)
	at com.kms.katalon.core.webui.keyword.WebUiBuiltInKeywords.setText(WebUiBuiltInKeywords.groovy:980)
	at com.kms.katalon.core.webui.keyword.WebUiBuiltInKeywords$setText$1.call(Unknown Source)
	at HR20.run(HR20:34)
	at com.kms.katalon.core.main.ScriptEngine.run(ScriptEngine.java:194)
	at com.kms.katalon.core.main.ScriptEngine.runScriptAsRawText(ScriptEngine.java:119)
	at com.kms.katalon.core.main.TestCaseExecutor.runScript(TestCaseExecutor.java:442)
	at com.kms.katalon.core.main.TestCaseExecutor.doExecute(TestCaseExecutor.java:433)
	at com.kms.katalon.core.main.TestCaseExecutor.processExecutionPhase(TestCaseExecutor.java:412)
	at com.kms.katalon.core.main.TestCaseExecutor.accessMainPhase(TestCaseExecutor.java:404)
	at com.kms.katalon.core.main.TestCaseExecutor.execute(TestCaseExecutor.java:281)
	at com.kms.katalon.core.main.TestSuiteExecutor.accessTestCaseMainPhase(TestSuiteExecutor.java:202)
	at com.kms.katalon.core.main.TestSuiteExecutor.accessTestSuiteMainPhase(TestSuiteExecutor.java:164)
	at com.kms.katalon.core.main.TestSuiteExecutor.execute(TestSuiteExecutor.java:105)
	at com.kms.katalon.core.main.TestCaseMain.startTestSuite(TestCaseMain.java:181)
	at com.kms.katalon.core.main.TestCaseMain$startTestSuite$0.call(Unknown Source)
	at TempTestSuite1639917261372.run(TempTestSuite1639917261372.groovy:36)
Caused by: org.openqa.selenium.NoSuchWindowException: Browsing context has been discarded
Build info: version: '3.141.59', revision: 'e82be7d358', time: '2018-11-14T08:25:53'
System info: host: 'DESKTOP-KI9905I', ip: '192.168.3.3', os.name: 'Windows 10', os.arch: 'amd64', os.version: '10.0', java.version: '1.8.0_282'
Driver info: com.kms.katalon.core.webui.driver.firefox.CGeckoDriver
Capabilities {acceptInsecureCerts: true, browserName: firefox, browserVersion: 94.0.2, javascriptEnabled: true, moz:accessibilityChecks: false, moz:buildID: 20211119140621, moz:geckodriverVersion: 0.30.0, moz:headless: false, moz:processID: 8852, moz:profile: C:\Users\agata\AppData\Loca..., moz:shutdownTimeout: 60000, moz:useNonSpecCompliantPointerOrigin: false, moz:webdriverClick: true, pageLoadStrategy: normal, platform: WINDOWS, platformName: WINDOWS, platformVersion: 10.0, proxy: Proxy(direct), setWindowRect: true, strictFileInteractability: false, timeouts: {implicit: 0, pageLoad: 300000, script: 30000}, unhandledPromptBehavior: dismiss and notify}
Session ID: 3eab8be4-fdfc-4770-b1e3-ad0d135794c9
*** Element info: {Using=xpath, value=//input[@id='messageInput']}
	at org.openqa.selenium.remote.http.W3CHttpResponseCodec.createException(W3CHttpResponseCodec.java:187)
	at org.openqa.selenium.remote.http.W3CHttpResponseCodec.decode(W3CHttpResponseCodec.java:122)
	at org.openqa.selenium.remote.http.W3CHttpResponseCodec.decode(W3CHttpResponseCodec.java:49)
	at org.openqa.selenium.remote.HttpCommandExecutor.execute(HttpCommandExecutor.java:158)
	at org.openqa.selenium.remote.service.DriverCommandExecutor.execute(DriverCommandExecutor.java:83)
	at org.openqa.selenium.remote.RemoteWebDriver.execute(RemoteWebDriver.java:552)
	at com.kms.katalon.selenium.driver.CFirefoxDriver.execute(CFirefoxDriver.java:27)
	at org.openqa.selenium.remote.RemoteWebDriver.findElements(RemoteWebDriver.java:353)
	at org.openqa.selenium.remote.RemoteWebDriver.findElementsByXPath(RemoteWebDriver.java:432)
	at org.openqa.selenium.By$ByXPath.findElements(By.java:348)
	at org.openqa.selenium.remote.RemoteWebDriver.findElements(RemoteWebDriver.java:311)
	at org.openqa.selenium.support.events.EventFiringWebDriver.lambda$new$1(EventFiringWebDriver.java:105)
	at com.sun.proxy.$Proxy10.findElements(Unknown Source)
	at org.openqa.selenium.support.events.EventFiringWebDriver.findElements(EventFiringWebDriver.java:182)
	at com.kms.katalon.core.webui.common.WebUiCommonHelper.findElementByNormalMethods(WebUiCommonHelper.java:1014)
	at com.kms.katalon.core.webui.common.WebUiCommonHelper.findElementsBySelectedMethod(WebUiCommonHelper.java:909)
	at com.kms.katalon.core.webui.common.WebUiCommonHelper.findElementsBySelectedMethod(WebUiCommonHelper.java:892)
	at com.kms.katalon.core.webui.common.WebUiCommonHelper.findElementsBySelectedMethod(WebUiCommonHelper.java:887)
	at com.kms.katalon.core.webui.common.WebUiCommonHelper.findElementsByDefault(WebUiCommonHelper.java:883)
	at com.kms.katalon.core.webui.common.WebUiCommonHelper.findWebElements(WebUiCommonHelper.java:720)
	at com.kms.katalon.core.webui.common.WebUiCommonHelper.findWebElement(WebUiCommonHelper.java:1363)
	at com.kms.katalon.core.webui.keyword.internal.WebUIAbstractKeyword.findWebElement(WebUIAbstractKeyword.groovy:27)
	at com.kms.katalon.core.webui.keyword.internal.WebUIAbstractKeyword.findWebElement(WebUIAbstractKeyword.groovy:26)
	at com.kms.katalon.core.webui.keyword.builtin.SetTextKeyword$_setText_closure1.doCall(SetTextKeyword.groovy:55)
	at com.kms.katalon.core.webui.keyword.builtin.SetTextKeyword$_setText_closure1.call(SetTextKeyword.groovy)
	at com.kms.katalon.core.webui.keyword.internal.WebUIKeywordMain.runKeyword(WebUIKeywordMain.groovy:20)
	... 19 more


2021-12-19 13:44:21 - [TEST_STEP][PASSED] - openBrowser(""): Browser is opened with url: ''

2021-12-19 13:44:21 - [MESSAGE][INFO] - Starting 'Firefox' driver

2021-12-19 13:44:21 - [MESSAGE][INFO] - Action delay is set to 0 milliseconds

2021-12-19 13:44:26 - [MESSAGE][PASSED] - Browser is opened with url: ''

2021-12-19 13:44:26 - [TEST_STEP][PASSED] - navigateToUrl("http://kmg.hcm.pl/testowanie/index.html"): Navigate to 'http://kmg.hcm.pl/testowanie/index.html' successfully

2021-12-19 13:44:27 - [MESSAGE][PASSED] - Navigate to 'http://kmg.hcm.pl/testowanie/index.html' successfully

2021-12-19 13:44:27 - [TEST_STEP][PASSED] - setText(findTestObject("Object Repository/Page_PSTO webMessenger/input_Zarejestruj konto_userLogin"), "Tomasz Staszewski"): Text 'Tomasz Staszewski' is set on object 'Object Repository/Page_PSTO webMessenger/input_Zarejestruj konto_userLogin'

2021-12-19 13:44:28 - [MESSAGE][PASSED] - Text 'Tomasz Staszewski' is set on object 'Object Repository/Page_PSTO webMessenger/input_Zarejestruj konto_userLogin'

2021-12-19 13:44:28 - [TEST_STEP][PASSED] - setEncryptedText(findTestObject("Object Repository/Page_PSTO webMessenger/input_Zarejestruj konto_passwordLogin"), "wCo1vTKhcj4="): Text ****** has been set on object 'Object Repository/Page_PSTO webMessenger/input_Zarejestruj konto_passwordLogin'

2021-12-19 13:44:28 - [MESSAGE][PASSED] - Text ****** has been set on object 'Object Repository/Page_PSTO webMessenger/input_Zarejestruj konto_passwordLogin'

2021-12-19 13:44:28 - [TEST_STEP][PASSED] - click(findTestObject("Object Repository/Page_PSTO webMessenger/input_Zarejestruj konto_login")): Object: 'Object Repository/Page_PSTO webMessenger/input_Zarejestruj konto_login' is clicked on

2021-12-19 13:44:29 - [MESSAGE][PASSED] - Object: 'Object Repository/Page_PSTO webMessenger/input_Zarejestruj konto_login' is clicked on

2021-12-19 13:44:29 - [TEST_STEP][PASSED] - click(findTestObject("Page_PSTO webMessenger - Zalogowano/div_Joanna Kowalska")): Object: 'Object Repository/Page_PSTO webMessenger - Zalogowano/div_Joanna Kowalska' is clicked on

2021-12-19 13:44:30 - [MESSAGE][PASSED] - Object: 'Object Repository/Page_PSTO webMessenger - Zalogowano/div_Joanna Kowalska' is clicked on

2021-12-19 13:44:30 - [TEST_STEP][FAILED] - for (def index : (1..100)): Unable to set text 'd' of object 'Object Repository/Page_PSTO webMessenger - Zalogowano/input_Joanna Kowalska_messageInput' (Root cause: com.kms.katalon.core.exception.StepFailedException: Unable to set text 'd' of object 'Object Repository/Page_PSTO webMessenger - Zalogowano/input_Joanna Kowalska_messageInput'
	at com.kms.katalon.core.webui.keyword.internal.WebUIKeywordMain.stepFailed(WebUIKeywordMain.groovy:64)
	at com.kms.katalon.core.webui.keyword.internal.WebUIKeywordMain.runKeyword(WebUIKeywordMain.groovy:26)
	at com.kms.katalon.core.webui.keyword.builtin.SetTextKeyword.setText(SetTextKeyword.groovy:66)
	at com.kms.katalon.core.webui.keyword.builtin.SetTextKeyword.execute(SetTextKeyword.groovy:37)
	at com.kms.katalon.core.keyword.internal.KeywordExecutor.executeKeywordForPlatform(KeywordExecutor.groovy:74)
	at com.kms.katalon.core.webui.keyword.WebUiBuiltInKeywords.setText(WebUiBuiltInKeywords.groovy:980)
	at com.kms.katalon.core.webui.keyword.WebUiBuiltInKeywords$setText$1.call(Unknown Source)
	at HR20.run(HR20:34)
	at com.kms.katalon.core.main.ScriptEngine.run(ScriptEngine.java:194)
	at com.kms.katalon.core.main.ScriptEngine.runScriptAsRawText(ScriptEngine.java:119)
	at com.kms.katalon.core.main.TestCaseExecutor.runScript(TestCaseExecutor.java:442)
	at com.kms.katalon.core.main.TestCaseExecutor.doExecute(TestCaseExecutor.java:433)
	at com.kms.katalon.core.main.TestCaseExecutor.processExecutionPhase(TestCaseExecutor.java:412)
	at com.kms.katalon.core.main.TestCaseExecutor.accessMainPhase(TestCaseExecutor.java:404)
	at com.kms.katalon.core.main.TestCaseExecutor.execute(TestCaseExecutor.java:281)
	at com.kms.katalon.core.main.TestSuiteExecutor.accessTestCaseMainPhase(TestSuiteExecutor.java:202)
	at com.kms.katalon.core.main.TestSuiteExecutor.accessTestSuiteMainPhase(TestSuiteExecutor.java:164)
	at com.kms.katalon.core.main.TestSuiteExecutor.execute(TestSuiteExecutor.java:105)
	at com.kms.katalon.core.main.TestCaseMain.startTestSuite(TestCaseMain.java:181)
	at com.kms.katalon.core.main.TestCaseMain$startTestSuite$0.call(Unknown Source)
	at TempTestSuite1639917261372.run(TempTestSuite1639917261372.groovy:36)
Caused by: org.openqa.selenium.NoSuchWindowException: Browsing context has been discarded
Build info: version: '3.141.59', revision: 'e82be7d358', time: '2018-11-14T08:25:53'
System info: host: 'DESKTOP-KI9905I', ip: '192.168.3.3', os.name: 'Windows 10', os.arch: 'amd64', os.version: '10.0', java.version: '1.8.0_282'
Driver info: com.kms.katalon.core.webui.driver.firefox.CGeckoDriver
Capabilities {acceptInsecureCerts: true, browserName: firefox, browserVersion: 94.0.2, javascriptEnabled: true, moz:accessibilityChecks: false, moz:buildID: 20211119140621, moz:geckodriverVersion: 0.30.0, moz:headless: false, moz:processID: 8852, moz:profile: C:\Users\agata\AppData\Loca..., moz:shutdownTimeout: 60000, moz:useNonSpecCompliantPointerOrigin: false, moz:webdriverClick: true, pageLoadStrategy: normal, platform: WINDOWS, platformName: WINDOWS, platformVersion: 10.0, proxy: Proxy(direct), setWindowRect: true, strictFileInteractability: false, timeouts: {implicit: 0, pageLoad: 300000, script: 30000}, unhandledPromptBehavior: dismiss and notify}
Session ID: 3eab8be4-fdfc-4770-b1e3-ad0d135794c9
*** Element info: {Using=xpath, value=//input[@id='messageInput']}
	at org.openqa.selenium.remote.http.W3CHttpResponseCodec.createException(W3CHttpResponseCodec.java:187)
	at org.openqa.selenium.remote.http.W3CHttpResponseCodec.decode(W3CHttpResponseCodec.java:122)
	at org.openqa.selenium.remote.http.W3CHttpResponseCodec.decode(W3CHttpResponseCodec.java:49)
	at org.openqa.selenium.remote.HttpCommandExecutor.execute(HttpCommandExecutor.java:158)
	at org.openqa.selenium.remote.service.DriverCommandExecutor.execute(DriverCommandExecutor.java:83)
	at org.openqa.selenium.remote.RemoteWebDriver.execute(RemoteWebDriver.java:552)
	at com.kms.katalon.selenium.driver.CFirefoxDriver.execute(CFirefoxDriver.java:27)
	at org.openqa.selenium.remote.RemoteWebDriver.findElements(RemoteWebDriver.java:353)
	at org.openqa.selenium.remote.RemoteWebDriver.findElementsByXPath(RemoteWebDriver.java:432)
	at org.openqa.selenium.By$ByXPath.findElements(By.java:348)
	at org.openqa.selenium.remote.RemoteWebDriver.findElements(RemoteWebDriver.java:311)
	at org.openqa.selenium.support.events.EventFiringWebDriver.lambda$new$1(EventFiringWebDriver.java:105)
	at com.sun.proxy.$Proxy10.findElements(Unknown Source)
	at org.openqa.selenium.support.events.EventFiringWebDriver.findElements(EventFiringWebDriver.java:182)
	at com.kms.katalon.core.webui.common.WebUiCommonHelper.findElementByNormalMethods(WebUiCommonHelper.java:1014)
	at com.kms.katalon.core.webui.common.WebUiCommonHelper.findElementsBySelectedMethod(WebUiCommonHelper.java:909)
	at com.kms.katalon.core.webui.common.WebUiCommonHelper.findElementsBySelectedMethod(WebUiCommonHelper.java:892)
	at com.kms.katalon.core.webui.common.WebUiCommonHelper.findElementsBySelectedMethod(WebUiCommonHelper.java:887)
	at com.kms.katalon.core.webui.common.WebUiCommonHelper.findElementsByDefault(WebUiCommonHelper.java:883)
	at com.kms.katalon.core.webui.common.WebUiCommonHelper.findWebElements(WebUiCommonHelper.java:720)
	at com.kms.katalon.core.webui.common.WebUiCommonHelper.findWebElement(WebUiCommonHelper.java:1363)
	at com.kms.katalon.core.webui.keyword.internal.WebUIAbstractKeyword.findWebElement(WebUIAbstractKeyword.groovy:27)
	at com.kms.katalon.core.webui.keyword.internal.WebUIAbstractKeyword.findWebElement(WebUIAbstractKeyword.groovy:26)
	at com.kms.katalon.core.webui.keyword.builtin.SetTextKeyword$_setText_closure1.doCall(SetTextKeyword.groovy:55)
	at com.kms.katalon.core.webui.keyword.builtin.SetTextKeyword$_setText_closure1.call(SetTextKeyword.groovy)
	at com.kms.katalon.core.webui.keyword.internal.WebUIKeywordMain.runKeyword(WebUIKeywordMain.groovy:20)
	at com.kms.katalon.core.webui.keyword.builtin.SetTextKeyword.setText(SetTextKeyword.groovy:66)
	at com.kms.katalon.core.webui.keyword.builtin.SetTextKeyword.execute(SetTextKeyword.groovy:37)
	at com.kms.katalon.core.keyword.internal.KeywordExecutor.executeKeywordForPlatform(KeywordExecutor.groovy:74)
	at com.kms.katalon.core.webui.keyword.WebUiBuiltInKeywords.setText(WebUiBuiltInKeywords.groovy:980)
	at com.kms.katalon.core.webui.keyword.WebUiBuiltInKeywords$setText$1.call(Unknown Source)
	at Script1639913787469.run(Script1639913787469.groovy:34)
	... 13 more
)

2021-12-19 13:44:30 - [TEST_STEP][PASSED] - setText(findTestObject("Page_PSTO webMessenger - Zalogowano/input_Joanna Kowalska_messageInput"), "d"): Text 'd' is set on object 'Object Repository/Page_PSTO webMessenger - Zalogowano/input_Joanna Kowalska_messageInput'

2021-12-19 13:44:30 - [MESSAGE][PASSED] - Text 'd' is set on object 'Object Repository/Page_PSTO webMessenger - Zalogowano/input_Joanna Kowalska_messageInput'

2021-12-19 13:44:30 - [TEST_STEP][PASSED] - click(findTestObject("Page_PSTO webMessenger - Zalogowano/img_Joanna Kowalska_sendButton")): Object: 'Object Repository/Page_PSTO webMessenger - Zalogowano/img_Joanna Kowalska_sendButton' is clicked on

2021-12-19 13:44:31 - [MESSAGE][PASSED] - Object: 'Object Repository/Page_PSTO webMessenger - Zalogowano/img_Joanna Kowalska_sendButton' is clicked on

2021-12-19 13:44:31 - [TEST_STEP][PASSED] - setText(findTestObject("Page_PSTO webMessenger - Zalogowano/input_Joanna Kowalska_messageInput"), "d"): Text 'd' is set on object 'Object Repository/Page_PSTO webMessenger - Zalogowano/input_Joanna Kowalska_messageInput'

2021-12-19 13:44:32 - [MESSAGE][PASSED] - Text 'd' is set on object 'Object Repository/Page_PSTO webMessenger - Zalogowano/input_Joanna Kowalska_messageInput'

2021-12-19 13:44:32 - [TEST_STEP][PASSED] - click(findTestObject("Page_PSTO webMessenger - Zalogowano/img_Joanna Kowalska_sendButton")): Object: 'Object Repository/Page_PSTO webMessenger - Zalogowano/img_Joanna Kowalska_sendButton' is clicked on

2021-12-19 13:44:33 - [MESSAGE][PASSED] - Object: 'Object Repository/Page_PSTO webMessenger - Zalogowano/img_Joanna Kowalska_sendButton' is clicked on

2021-12-19 13:44:33 - [TEST_STEP][PASSED] - setText(findTestObject("Page_PSTO webMessenger - Zalogowano/input_Joanna Kowalska_messageInput"), "d"): Text 'd' is set on object 'Object Repository/Page_PSTO webMessenger - Zalogowano/input_Joanna Kowalska_messageInput'

2021-12-19 13:44:34 - [MESSAGE][PASSED] - Text 'd' is set on object 'Object Repository/Page_PSTO webMessenger - Zalogowano/input_Joanna Kowalska_messageInput'

2021-12-19 13:44:34 - [TEST_STEP][PASSED] - click(findTestObject("Page_PSTO webMessenger - Zalogowano/img_Joanna Kowalska_sendButton")): Object: 'Object Repository/Page_PSTO webMessenger - Zalogowano/img_Joanna Kowalska_sendButton' is clicked on

2021-12-19 13:44:35 - [MESSAGE][PASSED] - Object: 'Object Repository/Page_PSTO webMessenger - Zalogowano/img_Joanna Kowalska_sendButton' is clicked on

2021-12-19 13:44:35 - [TEST_STEP][PASSED] - setText(findTestObject("Page_PSTO webMessenger - Zalogowano/input_Joanna Kowalska_messageInput"), "d"): Text 'd' is set on object 'Object Repository/Page_PSTO webMessenger - Zalogowano/input_Joanna Kowalska_messageInput'

2021-12-19 13:44:35 - [MESSAGE][PASSED] - Text 'd' is set on object 'Object Repository/Page_PSTO webMessenger - Zalogowano/input_Joanna Kowalska_messageInput'

2021-12-19 13:44:35 - [TEST_STEP][PASSED] - click(findTestObject("Page_PSTO webMessenger - Zalogowano/img_Joanna Kowalska_sendButton")): Object: 'Object Repository/Page_PSTO webMessenger - Zalogowano/img_Joanna Kowalska_sendButton' is clicked on

2021-12-19 13:44:36 - [MESSAGE][PASSED] - Object: 'Object Repository/Page_PSTO webMessenger - Zalogowano/img_Joanna Kowalska_sendButton' is clicked on

2021-12-19 13:44:36 - [TEST_STEP][PASSED] - setText(findTestObject("Page_PSTO webMessenger - Zalogowano/input_Joanna Kowalska_messageInput"), "d"): Text 'd' is set on object 'Object Repository/Page_PSTO webMessenger - Zalogowano/input_Joanna Kowalska_messageInput'

2021-12-19 13:44:37 - [MESSAGE][PASSED] - Text 'd' is set on object 'Object Repository/Page_PSTO webMessenger - Zalogowano/input_Joanna Kowalska_messageInput'

2021-12-19 13:44:37 - [TEST_STEP][PASSED] - click(findTestObject("Page_PSTO webMessenger - Zalogowano/img_Joanna Kowalska_sendButton")): Object: 'Object Repository/Page_PSTO webMessenger - Zalogowano/img_Joanna Kowalska_sendButton' is clicked on

2021-12-19 13:44:38 - [MESSAGE][PASSED] - Object: 'Object Repository/Page_PSTO webMessenger - Zalogowano/img_Joanna Kowalska_sendButton' is clicked on

2021-12-19 13:44:38 - [TEST_STEP][PASSED] - setText(findTestObject("Page_PSTO webMessenger - Zalogowano/input_Joanna Kowalska_messageInput"), "d"): Text 'd' is set on object 'Object Repository/Page_PSTO webMessenger - Zalogowano/input_Joanna Kowalska_messageInput'

2021-12-19 13:44:39 - [MESSAGE][PASSED] - Text 'd' is set on object 'Object Repository/Page_PSTO webMessenger - Zalogowano/input_Joanna Kowalska_messageInput'

2021-12-19 13:44:39 - [TEST_STEP][PASSED] - click(findTestObject("Page_PSTO webMessenger - Zalogowano/img_Joanna Kowalska_sendButton")): Object: 'Object Repository/Page_PSTO webMessenger - Zalogowano/img_Joanna Kowalska_sendButton' is clicked on

2021-12-19 13:44:40 - [MESSAGE][PASSED] - Object: 'Object Repository/Page_PSTO webMessenger - Zalogowano/img_Joanna Kowalska_sendButton' is clicked on

2021-12-19 13:44:40 - [TEST_STEP][PASSED] - setText(findTestObject("Page_PSTO webMessenger - Zalogowano/input_Joanna Kowalska_messageInput"), "d"): Text 'd' is set on object 'Object Repository/Page_PSTO webMessenger - Zalogowano/input_Joanna Kowalska_messageInput'

2021-12-19 13:44:40 - [MESSAGE][PASSED] - Text 'd' is set on object 'Object Repository/Page_PSTO webMessenger - Zalogowano/input_Joanna Kowalska_messageInput'

2021-12-19 13:44:40 - [TEST_STEP][PASSED] - click(findTestObject("Page_PSTO webMessenger - Zalogowano/img_Joanna Kowalska_sendButton")): Object: 'Object Repository/Page_PSTO webMessenger - Zalogowano/img_Joanna Kowalska_sendButton' is clicked on

2021-12-19 13:44:41 - [MESSAGE][PASSED] - Object: 'Object Repository/Page_PSTO webMessenger - Zalogowano/img_Joanna Kowalska_sendButton' is clicked on

2021-12-19 13:44:41 - [TEST_STEP][PASSED] - setText(findTestObject("Page_PSTO webMessenger - Zalogowano/input_Joanna Kowalska_messageInput"), "d"): Text 'd' is set on object 'Object Repository/Page_PSTO webMessenger - Zalogowano/input_Joanna Kowalska_messageInput'

2021-12-19 13:44:42 - [MESSAGE][PASSED] - Text 'd' is set on object 'Object Repository/Page_PSTO webMessenger - Zalogowano/input_Joanna Kowalska_messageInput'

2021-12-19 13:44:42 - [TEST_STEP][PASSED] - click(findTestObject("Page_PSTO webMessenger - Zalogowano/img_Joanna Kowalska_sendButton")): Object: 'Object Repository/Page_PSTO webMessenger - Zalogowano/img_Joanna Kowalska_sendButton' is clicked on

2021-12-19 13:44:43 - [MESSAGE][PASSED] - Object: 'Object Repository/Page_PSTO webMessenger - Zalogowano/img_Joanna Kowalska_sendButton' is clicked on

2021-12-19 13:44:43 - [TEST_STEP][PASSED] - setText(findTestObject("Page_PSTO webMessenger - Zalogowano/input_Joanna Kowalska_messageInput"), "d"): Text 'd' is set on object 'Object Repository/Page_PSTO webMessenger - Zalogowano/input_Joanna Kowalska_messageInput'

2021-12-19 13:44:46 - [MESSAGE][PASSED] - Text 'd' is set on object 'Object Repository/Page_PSTO webMessenger - Zalogowano/input_Joanna Kowalska_messageInput'

2021-12-19 13:44:46 - [TEST_STEP][PASSED] - click(findTestObject("Page_PSTO webMessenger - Zalogowano/img_Joanna Kowalska_sendButton")): Object: 'Object Repository/Page_PSTO webMessenger - Zalogowano/img_Joanna Kowalska_sendButton' is clicked on

2021-12-19 13:44:50 - [MESSAGE][PASSED] - Object: 'Object Repository/Page_PSTO webMessenger - Zalogowano/img_Joanna Kowalska_sendButton' is clicked on

2021-12-19 13:44:50 - [TEST_STEP][PASSED] - setText(findTestObject("Page_PSTO webMessenger - Zalogowano/input_Joanna Kowalska_messageInput"), "d"): Text 'd' is set on object 'Object Repository/Page_PSTO webMessenger - Zalogowano/input_Joanna Kowalska_messageInput'

2021-12-19 13:44:53 - [MESSAGE][PASSED] - Text 'd' is set on object 'Object Repository/Page_PSTO webMessenger - Zalogowano/input_Joanna Kowalska_messageInput'

2021-12-19 13:44:53 - [TEST_STEP][PASSED] - click(findTestObject("Page_PSTO webMessenger - Zalogowano/img_Joanna Kowalska_sendButton")): Object: 'Object Repository/Page_PSTO webMessenger - Zalogowano/img_Joanna Kowalska_sendButton' is clicked on

2021-12-19 13:44:57 - [MESSAGE][PASSED] - Object: 'Object Repository/Page_PSTO webMessenger - Zalogowano/img_Joanna Kowalska_sendButton' is clicked on

2021-12-19 13:44:57 - [TEST_STEP][PASSED] - setText(findTestObject("Page_PSTO webMessenger - Zalogowano/input_Joanna Kowalska_messageInput"), "d"): Text 'd' is set on object 'Object Repository/Page_PSTO webMessenger - Zalogowano/input_Joanna Kowalska_messageInput'

2021-12-19 13:45:00 - [MESSAGE][PASSED] - Text 'd' is set on object 'Object Repository/Page_PSTO webMessenger - Zalogowano/input_Joanna Kowalska_messageInput'

2021-12-19 13:45:00 - [TEST_STEP][PASSED] - click(findTestObject("Page_PSTO webMessenger - Zalogowano/img_Joanna Kowalska_sendButton")): Object: 'Object Repository/Page_PSTO webMessenger - Zalogowano/img_Joanna Kowalska_sendButton' is clicked on

2021-12-19 13:45:03 - [MESSAGE][PASSED] - Object: 'Object Repository/Page_PSTO webMessenger - Zalogowano/img_Joanna Kowalska_sendButton' is clicked on

2021-12-19 13:45:03 - [TEST_STEP][PASSED] - setText(findTestObject("Page_PSTO webMessenger - Zalogowano/input_Joanna Kowalska_messageInput"), "d"): Text 'd' is set on object 'Object Repository/Page_PSTO webMessenger - Zalogowano/input_Joanna Kowalska_messageInput'

2021-12-19 13:45:06 - [MESSAGE][PASSED] - Text 'd' is set on object 'Object Repository/Page_PSTO webMessenger - Zalogowano/input_Joanna Kowalska_messageInput'

2021-12-19 13:45:06 - [TEST_STEP][PASSED] - click(findTestObject("Page_PSTO webMessenger - Zalogowano/img_Joanna Kowalska_sendButton")): Object: 'Object Repository/Page_PSTO webMessenger - Zalogowano/img_Joanna Kowalska_sendButton' is clicked on

2021-12-19 13:45:09 - [MESSAGE][PASSED] - Object: 'Object Repository/Page_PSTO webMessenger - Zalogowano/img_Joanna Kowalska_sendButton' is clicked on

2021-12-19 13:45:09 - [TEST_STEP][PASSED] - setText(findTestObject("Page_PSTO webMessenger - Zalogowano/input_Joanna Kowalska_messageInput"), "d"): Text 'd' is set on object 'Object Repository/Page_PSTO webMessenger - Zalogowano/input_Joanna Kowalska_messageInput'

2021-12-19 13:45:12 - [MESSAGE][PASSED] - Text 'd' is set on object 'Object Repository/Page_PSTO webMessenger - Zalogowano/input_Joanna Kowalska_messageInput'

2021-12-19 13:45:12 - [TEST_STEP][PASSED] - click(findTestObject("Page_PSTO webMessenger - Zalogowano/img_Joanna Kowalska_sendButton")): Object: 'Object Repository/Page_PSTO webMessenger - Zalogowano/img_Joanna Kowalska_sendButton' is clicked on

2021-12-19 13:45:15 - [MESSAGE][PASSED] - Object: 'Object Repository/Page_PSTO webMessenger - Zalogowano/img_Joanna Kowalska_sendButton' is clicked on

2021-12-19 13:45:15 - [TEST_STEP][PASSED] - setText(findTestObject("Page_PSTO webMessenger - Zalogowano/input_Joanna Kowalska_messageInput"), "d"): Text 'd' is set on object 'Object Repository/Page_PSTO webMessenger - Zalogowano/input_Joanna Kowalska_messageInput'

2021-12-19 13:45:18 - [MESSAGE][PASSED] - Text 'd' is set on object 'Object Repository/Page_PSTO webMessenger - Zalogowano/input_Joanna Kowalska_messageInput'

2021-12-19 13:45:18 - [TEST_STEP][PASSED] - click(findTestObject("Page_PSTO webMessenger - Zalogowano/img_Joanna Kowalska_sendButton")): Object: 'Object Repository/Page_PSTO webMessenger - Zalogowano/img_Joanna Kowalska_sendButton' is clicked on

2021-12-19 13:45:21 - [MESSAGE][PASSED] - Object: 'Object Repository/Page_PSTO webMessenger - Zalogowano/img_Joanna Kowalska_sendButton' is clicked on

2021-12-19 13:45:21 - [TEST_STEP][PASSED] - setText(findTestObject("Page_PSTO webMessenger - Zalogowano/input_Joanna Kowalska_messageInput"), "d"): Text 'd' is set on object 'Object Repository/Page_PSTO webMessenger - Zalogowano/input_Joanna Kowalska_messageInput'

2021-12-19 13:45:24 - [MESSAGE][PASSED] - Text 'd' is set on object 'Object Repository/Page_PSTO webMessenger - Zalogowano/input_Joanna Kowalska_messageInput'

2021-12-19 13:45:24 - [TEST_STEP][PASSED] - click(findTestObject("Page_PSTO webMessenger - Zalogowano/img_Joanna Kowalska_sendButton")): Object: 'Object Repository/Page_PSTO webMessenger - Zalogowano/img_Joanna Kowalska_sendButton' is clicked on

2021-12-19 13:45:28 - [MESSAGE][PASSED] - Object: 'Object Repository/Page_PSTO webMessenger - Zalogowano/img_Joanna Kowalska_sendButton' is clicked on

2021-12-19 13:45:28 - [TEST_STEP][PASSED] - setText(findTestObject("Page_PSTO webMessenger - Zalogowano/input_Joanna Kowalska_messageInput"), "d"): Text 'd' is set on object 'Object Repository/Page_PSTO webMessenger - Zalogowano/input_Joanna Kowalska_messageInput'

2021-12-19 13:45:31 - [MESSAGE][PASSED] - Text 'd' is set on object 'Object Repository/Page_PSTO webMessenger - Zalogowano/input_Joanna Kowalska_messageInput'

2021-12-19 13:45:31 - [TEST_STEP][PASSED] - click(findTestObject("Page_PSTO webMessenger - Zalogowano/img_Joanna Kowalska_sendButton")): Object: 'Object Repository/Page_PSTO webMessenger - Zalogowano/img_Joanna Kowalska_sendButton' is clicked on

2021-12-19 13:45:34 - [MESSAGE][PASSED] - Object: 'Object Repository/Page_PSTO webMessenger - Zalogowano/img_Joanna Kowalska_sendButton' is clicked on

2021-12-19 13:45:34 - [TEST_STEP][PASSED] - setText(findTestObject("Page_PSTO webMessenger - Zalogowano/input_Joanna Kowalska_messageInput"), "d"): Text 'd' is set on object 'Object Repository/Page_PSTO webMessenger - Zalogowano/input_Joanna Kowalska_messageInput'

2021-12-19 13:45:37 - [MESSAGE][PASSED] - Text 'd' is set on object 'Object Repository/Page_PSTO webMessenger - Zalogowano/input_Joanna Kowalska_messageInput'

2021-12-19 13:45:37 - [TEST_STEP][PASSED] - click(findTestObject("Page_PSTO webMessenger - Zalogowano/img_Joanna Kowalska_sendButton")): Object: 'Object Repository/Page_PSTO webMessenger - Zalogowano/img_Joanna Kowalska_sendButton' is clicked on

2021-12-19 13:45:40 - [MESSAGE][PASSED] - Object: 'Object Repository/Page_PSTO webMessenger - Zalogowano/img_Joanna Kowalska_sendButton' is clicked on

2021-12-19 13:45:40 - [TEST_STEP][PASSED] - setText(findTestObject("Page_PSTO webMessenger - Zalogowano/input_Joanna Kowalska_messageInput"), "d"): Text 'd' is set on object 'Object Repository/Page_PSTO webMessenger - Zalogowano/input_Joanna Kowalska_messageInput'

2021-12-19 13:45:43 - [MESSAGE][PASSED] - Text 'd' is set on object 'Object Repository/Page_PSTO webMessenger - Zalogowano/input_Joanna Kowalska_messageInput'

2021-12-19 13:45:43 - [TEST_STEP][PASSED] - click(findTestObject("Page_PSTO webMessenger - Zalogowano/img_Joanna Kowalska_sendButton")): Object: 'Object Repository/Page_PSTO webMessenger - Zalogowano/img_Joanna Kowalska_sendButton' is clicked on

2021-12-19 13:45:43 - [MESSAGE][PASSED] - Object: 'Object Repository/Page_PSTO webMessenger - Zalogowano/img_Joanna Kowalska_sendButton' is clicked on

2021-12-19 13:45:43 - [TEST_STEP][PASSED] - setText(findTestObject("Page_PSTO webMessenger - Zalogowano/input_Joanna Kowalska_messageInput"), "d"): Text 'd' is set on object 'Object Repository/Page_PSTO webMessenger - Zalogowano/input_Joanna Kowalska_messageInput'

2021-12-19 13:45:44 - [MESSAGE][PASSED] - Text 'd' is set on object 'Object Repository/Page_PSTO webMessenger - Zalogowano/input_Joanna Kowalska_messageInput'

2021-12-19 13:45:44 - [TEST_STEP][PASSED] - click(findTestObject("Page_PSTO webMessenger - Zalogowano/img_Joanna Kowalska_sendButton")): Object: 'Object Repository/Page_PSTO webMessenger - Zalogowano/img_Joanna Kowalska_sendButton' is clicked on

2021-12-19 13:45:45 - [MESSAGE][PASSED] - Object: 'Object Repository/Page_PSTO webMessenger - Zalogowano/img_Joanna Kowalska_sendButton' is clicked on

2021-12-19 13:45:45 - [TEST_STEP][PASSED] - setText(findTestObject("Page_PSTO webMessenger - Zalogowano/input_Joanna Kowalska_messageInput"), "d"): Text 'd' is set on object 'Object Repository/Page_PSTO webMessenger - Zalogowano/input_Joanna Kowalska_messageInput'

2021-12-19 13:45:45 - [MESSAGE][PASSED] - Text 'd' is set on object 'Object Repository/Page_PSTO webMessenger - Zalogowano/input_Joanna Kowalska_messageInput'

2021-12-19 13:45:45 - [TEST_STEP][PASSED] - click(findTestObject("Page_PSTO webMessenger - Zalogowano/img_Joanna Kowalska_sendButton")): Object: 'Object Repository/Page_PSTO webMessenger - Zalogowano/img_Joanna Kowalska_sendButton' is clicked on

2021-12-19 13:45:46 - [MESSAGE][PASSED] - Object: 'Object Repository/Page_PSTO webMessenger - Zalogowano/img_Joanna Kowalska_sendButton' is clicked on

2021-12-19 13:45:46 - [TEST_STEP][PASSED] - setText(findTestObject("Page_PSTO webMessenger - Zalogowano/input_Joanna Kowalska_messageInput"), "d"): Text 'd' is set on object 'Object Repository/Page_PSTO webMessenger - Zalogowano/input_Joanna Kowalska_messageInput'

2021-12-19 13:45:47 - [MESSAGE][PASSED] - Text 'd' is set on object 'Object Repository/Page_PSTO webMessenger - Zalogowano/input_Joanna Kowalska_messageInput'

2021-12-19 13:45:47 - [TEST_STEP][PASSED] - click(findTestObject("Page_PSTO webMessenger - Zalogowano/img_Joanna Kowalska_sendButton")): Object: 'Object Repository/Page_PSTO webMessenger - Zalogowano/img_Joanna Kowalska_sendButton' is clicked on

2021-12-19 13:45:47 - [MESSAGE][PASSED] - Object: 'Object Repository/Page_PSTO webMessenger - Zalogowano/img_Joanna Kowalska_sendButton' is clicked on

2021-12-19 13:45:47 - [TEST_STEP][PASSED] - setText(findTestObject("Page_PSTO webMessenger - Zalogowano/input_Joanna Kowalska_messageInput"), "d"): Text 'd' is set on object 'Object Repository/Page_PSTO webMessenger - Zalogowano/input_Joanna Kowalska_messageInput'

2021-12-19 13:45:48 - [MESSAGE][PASSED] - Text 'd' is set on object 'Object Repository/Page_PSTO webMessenger - Zalogowano/input_Joanna Kowalska_messageInput'

2021-12-19 13:45:48 - [TEST_STEP][PASSED] - click(findTestObject("Page_PSTO webMessenger - Zalogowano/img_Joanna Kowalska_sendButton")): Object: 'Object Repository/Page_PSTO webMessenger - Zalogowano/img_Joanna Kowalska_sendButton' is clicked on

2021-12-19 13:45:48 - [MESSAGE][PASSED] - Object: 'Object Repository/Page_PSTO webMessenger - Zalogowano/img_Joanna Kowalska_sendButton' is clicked on

2021-12-19 13:45:48 - [TEST_STEP][PASSED] - setText(findTestObject("Page_PSTO webMessenger - Zalogowano/input_Joanna Kowalska_messageInput"), "d"): Text 'd' is set on object 'Object Repository/Page_PSTO webMessenger - Zalogowano/input_Joanna Kowalska_messageInput'

2021-12-19 13:45:49 - [MESSAGE][PASSED] - Text 'd' is set on object 'Object Repository/Page_PSTO webMessenger - Zalogowano/input_Joanna Kowalska_messageInput'

2021-12-19 13:45:49 - [TEST_STEP][PASSED] - click(findTestObject("Page_PSTO webMessenger - Zalogowano/img_Joanna Kowalska_sendButton")): Object: 'Object Repository/Page_PSTO webMessenger - Zalogowano/img_Joanna Kowalska_sendButton' is clicked on

2021-12-19 13:45:50 - [MESSAGE][PASSED] - Object: 'Object Repository/Page_PSTO webMessenger - Zalogowano/img_Joanna Kowalska_sendButton' is clicked on

2021-12-19 13:45:50 - [TEST_STEP][PASSED] - setText(findTestObject("Page_PSTO webMessenger - Zalogowano/input_Joanna Kowalska_messageInput"), "d"): Text 'd' is set on object 'Object Repository/Page_PSTO webMessenger - Zalogowano/input_Joanna Kowalska_messageInput'

2021-12-19 13:45:50 - [MESSAGE][PASSED] - Text 'd' is set on object 'Object Repository/Page_PSTO webMessenger - Zalogowano/input_Joanna Kowalska_messageInput'

2021-12-19 13:45:50 - [TEST_STEP][PASSED] - click(findTestObject("Page_PSTO webMessenger - Zalogowano/img_Joanna Kowalska_sendButton")): Object: 'Object Repository/Page_PSTO webMessenger - Zalogowano/img_Joanna Kowalska_sendButton' is clicked on

2021-12-19 13:45:51 - [MESSAGE][PASSED] - Object: 'Object Repository/Page_PSTO webMessenger - Zalogowano/img_Joanna Kowalska_sendButton' is clicked on

2021-12-19 13:45:51 - [TEST_STEP][PASSED] - setText(findTestObject("Page_PSTO webMessenger - Zalogowano/input_Joanna Kowalska_messageInput"), "d"): Text 'd' is set on object 'Object Repository/Page_PSTO webMessenger - Zalogowano/input_Joanna Kowalska_messageInput'

2021-12-19 13:45:52 - [MESSAGE][PASSED] - Text 'd' is set on object 'Object Repository/Page_PSTO webMessenger - Zalogowano/input_Joanna Kowalska_messageInput'

2021-12-19 13:45:52 - [TEST_STEP][PASSED] - click(findTestObject("Page_PSTO webMessenger - Zalogowano/img_Joanna Kowalska_sendButton")): Object: 'Object Repository/Page_PSTO webMessenger - Zalogowano/img_Joanna Kowalska_sendButton' is clicked on

2021-12-19 13:45:52 - [MESSAGE][PASSED] - Object: 'Object Repository/Page_PSTO webMessenger - Zalogowano/img_Joanna Kowalska_sendButton' is clicked on

2021-12-19 13:45:52 - [TEST_STEP][PASSED] - setText(findTestObject("Page_PSTO webMessenger - Zalogowano/input_Joanna Kowalska_messageInput"), "d"): Text 'd' is set on object 'Object Repository/Page_PSTO webMessenger - Zalogowano/input_Joanna Kowalska_messageInput'

2021-12-19 13:45:53 - [MESSAGE][PASSED] - Text 'd' is set on object 'Object Repository/Page_PSTO webMessenger - Zalogowano/input_Joanna Kowalska_messageInput'

2021-12-19 13:45:53 - [TEST_STEP][PASSED] - click(findTestObject("Page_PSTO webMessenger - Zalogowano/img_Joanna Kowalska_sendButton")): Object: 'Object Repository/Page_PSTO webMessenger - Zalogowano/img_Joanna Kowalska_sendButton' is clicked on

2021-12-19 13:45:54 - [MESSAGE][PASSED] - Object: 'Object Repository/Page_PSTO webMessenger - Zalogowano/img_Joanna Kowalska_sendButton' is clicked on

2021-12-19 13:45:54 - [TEST_STEP][PASSED] - setText(findTestObject("Page_PSTO webMessenger - Zalogowano/input_Joanna Kowalska_messageInput"), "d"): Text 'd' is set on object 'Object Repository/Page_PSTO webMessenger - Zalogowano/input_Joanna Kowalska_messageInput'

2021-12-19 13:45:55 - [MESSAGE][PASSED] - Text 'd' is set on object 'Object Repository/Page_PSTO webMessenger - Zalogowano/input_Joanna Kowalska_messageInput'

2021-12-19 13:45:55 - [TEST_STEP][PASSED] - click(findTestObject("Page_PSTO webMessenger - Zalogowano/img_Joanna Kowalska_sendButton")): Object: 'Object Repository/Page_PSTO webMessenger - Zalogowano/img_Joanna Kowalska_sendButton' is clicked on

2021-12-19 13:45:55 - [MESSAGE][PASSED] - Object: 'Object Repository/Page_PSTO webMessenger - Zalogowano/img_Joanna Kowalska_sendButton' is clicked on

2021-12-19 13:45:55 - [TEST_STEP][PASSED] - setText(findTestObject("Page_PSTO webMessenger - Zalogowano/input_Joanna Kowalska_messageInput"), "d"): Text 'd' is set on object 'Object Repository/Page_PSTO webMessenger - Zalogowano/input_Joanna Kowalska_messageInput'

2021-12-19 13:45:56 - [MESSAGE][PASSED] - Text 'd' is set on object 'Object Repository/Page_PSTO webMessenger - Zalogowano/input_Joanna Kowalska_messageInput'

2021-12-19 13:45:56 - [TEST_STEP][PASSED] - click(findTestObject("Page_PSTO webMessenger - Zalogowano/img_Joanna Kowalska_sendButton")): Object: 'Object Repository/Page_PSTO webMessenger - Zalogowano/img_Joanna Kowalska_sendButton' is clicked on

2021-12-19 13:45:56 - [MESSAGE][PASSED] - Object: 'Object Repository/Page_PSTO webMessenger - Zalogowano/img_Joanna Kowalska_sendButton' is clicked on

2021-12-19 13:45:56 - [TEST_STEP][PASSED] - setText(findTestObject("Page_PSTO webMessenger - Zalogowano/input_Joanna Kowalska_messageInput"), "d"): Text 'd' is set on object 'Object Repository/Page_PSTO webMessenger - Zalogowano/input_Joanna Kowalska_messageInput'

2021-12-19 13:45:57 - [MESSAGE][PASSED] - Text 'd' is set on object 'Object Repository/Page_PSTO webMessenger - Zalogowano/input_Joanna Kowalska_messageInput'

2021-12-19 13:45:57 - [TEST_STEP][PASSED] - click(findTestObject("Page_PSTO webMessenger - Zalogowano/img_Joanna Kowalska_sendButton")): Object: 'Object Repository/Page_PSTO webMessenger - Zalogowano/img_Joanna Kowalska_sendButton' is clicked on

2021-12-19 13:45:58 - [MESSAGE][PASSED] - Object: 'Object Repository/Page_PSTO webMessenger - Zalogowano/img_Joanna Kowalska_sendButton' is clicked on

2021-12-19 13:45:58 - [TEST_STEP][PASSED] - setText(findTestObject("Page_PSTO webMessenger - Zalogowano/input_Joanna Kowalska_messageInput"), "d"): Text 'd' is set on object 'Object Repository/Page_PSTO webMessenger - Zalogowano/input_Joanna Kowalska_messageInput'

2021-12-19 13:45:59 - [MESSAGE][PASSED] - Text 'd' is set on object 'Object Repository/Page_PSTO webMessenger - Zalogowano/input_Joanna Kowalska_messageInput'

2021-12-19 13:45:59 - [TEST_STEP][PASSED] - click(findTestObject("Page_PSTO webMessenger - Zalogowano/img_Joanna Kowalska_sendButton")): Object: 'Object Repository/Page_PSTO webMessenger - Zalogowano/img_Joanna Kowalska_sendButton' is clicked on

2021-12-19 13:45:59 - [MESSAGE][PASSED] - Object: 'Object Repository/Page_PSTO webMessenger - Zalogowano/img_Joanna Kowalska_sendButton' is clicked on

2021-12-19 13:45:59 - [TEST_STEP][PASSED] - setText(findTestObject("Page_PSTO webMessenger - Zalogowano/input_Joanna Kowalska_messageInput"), "d"): Text 'd' is set on object 'Object Repository/Page_PSTO webMessenger - Zalogowano/input_Joanna Kowalska_messageInput'

2021-12-19 13:46:00 - [MESSAGE][PASSED] - Text 'd' is set on object 'Object Repository/Page_PSTO webMessenger - Zalogowano/input_Joanna Kowalska_messageInput'

2021-12-19 13:46:00 - [TEST_STEP][PASSED] - click(findTestObject("Page_PSTO webMessenger - Zalogowano/img_Joanna Kowalska_sendButton")): Object: 'Object Repository/Page_PSTO webMessenger - Zalogowano/img_Joanna Kowalska_sendButton' is clicked on

2021-12-19 13:46:01 - [MESSAGE][PASSED] - Object: 'Object Repository/Page_PSTO webMessenger - Zalogowano/img_Joanna Kowalska_sendButton' is clicked on

2021-12-19 13:46:01 - [TEST_STEP][PASSED] - setText(findTestObject("Page_PSTO webMessenger - Zalogowano/input_Joanna Kowalska_messageInput"), "d"): Text 'd' is set on object 'Object Repository/Page_PSTO webMessenger - Zalogowano/input_Joanna Kowalska_messageInput'

2021-12-19 13:46:02 - [MESSAGE][PASSED] - Text 'd' is set on object 'Object Repository/Page_PSTO webMessenger - Zalogowano/input_Joanna Kowalska_messageInput'

2021-12-19 13:46:02 - [TEST_STEP][PASSED] - click(findTestObject("Page_PSTO webMessenger - Zalogowano/img_Joanna Kowalska_sendButton")): Object: 'Object Repository/Page_PSTO webMessenger - Zalogowano/img_Joanna Kowalska_sendButton' is clicked on

2021-12-19 13:46:02 - [MESSAGE][PASSED] - Object: 'Object Repository/Page_PSTO webMessenger - Zalogowano/img_Joanna Kowalska_sendButton' is clicked on

2021-12-19 13:46:02 - [TEST_STEP][PASSED] - setText(findTestObject("Page_PSTO webMessenger - Zalogowano/input_Joanna Kowalska_messageInput"), "d"): Text 'd' is set on object 'Object Repository/Page_PSTO webMessenger - Zalogowano/input_Joanna Kowalska_messageInput'

2021-12-19 13:46:03 - [MESSAGE][PASSED] - Text 'd' is set on object 'Object Repository/Page_PSTO webMessenger - Zalogowano/input_Joanna Kowalska_messageInput'

2021-12-19 13:46:03 - [TEST_STEP][PASSED] - click(findTestObject("Page_PSTO webMessenger - Zalogowano/img_Joanna Kowalska_sendButton")): Object: 'Object Repository/Page_PSTO webMessenger - Zalogowano/img_Joanna Kowalska_sendButton' is clicked on

2021-12-19 13:46:04 - [MESSAGE][PASSED] - Object: 'Object Repository/Page_PSTO webMessenger - Zalogowano/img_Joanna Kowalska_sendButton' is clicked on

2021-12-19 13:46:04 - [TEST_STEP][PASSED] - setText(findTestObject("Page_PSTO webMessenger - Zalogowano/input_Joanna Kowalska_messageInput"), "d"): Text 'd' is set on object 'Object Repository/Page_PSTO webMessenger - Zalogowano/input_Joanna Kowalska_messageInput'

2021-12-19 13:46:05 - [MESSAGE][PASSED] - Text 'd' is set on object 'Object Repository/Page_PSTO webMessenger - Zalogowano/input_Joanna Kowalska_messageInput'

2021-12-19 13:46:05 - [TEST_STEP][PASSED] - click(findTestObject("Page_PSTO webMessenger - Zalogowano/img_Joanna Kowalska_sendButton")): Object: 'Object Repository/Page_PSTO webMessenger - Zalogowano/img_Joanna Kowalska_sendButton' is clicked on

2021-12-19 13:46:05 - [MESSAGE][PASSED] - Object: 'Object Repository/Page_PSTO webMessenger - Zalogowano/img_Joanna Kowalska_sendButton' is clicked on

2021-12-19 13:46:05 - [TEST_STEP][PASSED] - setText(findTestObject("Page_PSTO webMessenger - Zalogowano/input_Joanna Kowalska_messageInput"), "d"): Text 'd' is set on object 'Object Repository/Page_PSTO webMessenger - Zalogowano/input_Joanna Kowalska_messageInput'

2021-12-19 13:46:06 - [MESSAGE][PASSED] - Text 'd' is set on object 'Object Repository/Page_PSTO webMessenger - Zalogowano/input_Joanna Kowalska_messageInput'

2021-12-19 13:46:06 - [TEST_STEP][PASSED] - click(findTestObject("Page_PSTO webMessenger - Zalogowano/img_Joanna Kowalska_sendButton")): Object: 'Object Repository/Page_PSTO webMessenger - Zalogowano/img_Joanna Kowalska_sendButton' is clicked on

2021-12-19 13:46:06 - [MESSAGE][PASSED] - Object: 'Object Repository/Page_PSTO webMessenger - Zalogowano/img_Joanna Kowalska_sendButton' is clicked on

2021-12-19 13:46:06 - [TEST_STEP][PASSED] - setText(findTestObject("Page_PSTO webMessenger - Zalogowano/input_Joanna Kowalska_messageInput"), "d"): Text 'd' is set on object 'Object Repository/Page_PSTO webMessenger - Zalogowano/input_Joanna Kowalska_messageInput'

2021-12-19 13:46:07 - [MESSAGE][PASSED] - Text 'd' is set on object 'Object Repository/Page_PSTO webMessenger - Zalogowano/input_Joanna Kowalska_messageInput'

2021-12-19 13:46:07 - [TEST_STEP][PASSED] - click(findTestObject("Page_PSTO webMessenger - Zalogowano/img_Joanna Kowalska_sendButton")): Object: 'Object Repository/Page_PSTO webMessenger - Zalogowano/img_Joanna Kowalska_sendButton' is clicked on

2021-12-19 13:46:08 - [MESSAGE][PASSED] - Object: 'Object Repository/Page_PSTO webMessenger - Zalogowano/img_Joanna Kowalska_sendButton' is clicked on

2021-12-19 13:46:08 - [TEST_STEP][PASSED] - setText(findTestObject("Page_PSTO webMessenger - Zalogowano/input_Joanna Kowalska_messageInput"), "d"): Text 'd' is set on object 'Object Repository/Page_PSTO webMessenger - Zalogowano/input_Joanna Kowalska_messageInput'

2021-12-19 13:46:09 - [MESSAGE][PASSED] - Text 'd' is set on object 'Object Repository/Page_PSTO webMessenger - Zalogowano/input_Joanna Kowalska_messageInput'

2021-12-19 13:46:09 - [TEST_STEP][PASSED] - click(findTestObject("Page_PSTO webMessenger - Zalogowano/img_Joanna Kowalska_sendButton")): Object: 'Object Repository/Page_PSTO webMessenger - Zalogowano/img_Joanna Kowalska_sendButton' is clicked on

2021-12-19 13:46:09 - [MESSAGE][PASSED] - Object: 'Object Repository/Page_PSTO webMessenger - Zalogowano/img_Joanna Kowalska_sendButton' is clicked on

2021-12-19 13:46:09 - [TEST_STEP][PASSED] - setText(findTestObject("Page_PSTO webMessenger - Zalogowano/input_Joanna Kowalska_messageInput"), "d"): Text 'd' is set on object 'Object Repository/Page_PSTO webMessenger - Zalogowano/input_Joanna Kowalska_messageInput'

2021-12-19 13:46:12 - [MESSAGE][PASSED] - Text 'd' is set on object 'Object Repository/Page_PSTO webMessenger - Zalogowano/input_Joanna Kowalska_messageInput'

2021-12-19 13:46:12 - [TEST_STEP][PASSED] - click(findTestObject("Page_PSTO webMessenger - Zalogowano/img_Joanna Kowalska_sendButton")): Object: 'Object Repository/Page_PSTO webMessenger - Zalogowano/img_Joanna Kowalska_sendButton' is clicked on

2021-12-19 13:46:15 - [MESSAGE][PASSED] - Object: 'Object Repository/Page_PSTO webMessenger - Zalogowano/img_Joanna Kowalska_sendButton' is clicked on

2021-12-19 13:46:15 - [TEST_STEP][PASSED] - setText(findTestObject("Page_PSTO webMessenger - Zalogowano/input_Joanna Kowalska_messageInput"), "d"): Text 'd' is set on object 'Object Repository/Page_PSTO webMessenger - Zalogowano/input_Joanna Kowalska_messageInput'

2021-12-19 13:46:18 - [MESSAGE][PASSED] - Text 'd' is set on object 'Object Repository/Page_PSTO webMessenger - Zalogowano/input_Joanna Kowalska_messageInput'

2021-12-19 13:46:18 - [TEST_STEP][PASSED] - click(findTestObject("Page_PSTO webMessenger - Zalogowano/img_Joanna Kowalska_sendButton")): Object: 'Object Repository/Page_PSTO webMessenger - Zalogowano/img_Joanna Kowalska_sendButton' is clicked on

2021-12-19 13:46:21 - [MESSAGE][PASSED] - Object: 'Object Repository/Page_PSTO webMessenger - Zalogowano/img_Joanna Kowalska_sendButton' is clicked on

2021-12-19 13:46:21 - [TEST_STEP][PASSED] - setText(findTestObject("Page_PSTO webMessenger - Zalogowano/input_Joanna Kowalska_messageInput"), "d"): Text 'd' is set on object 'Object Repository/Page_PSTO webMessenger - Zalogowano/input_Joanna Kowalska_messageInput'

2021-12-19 13:46:24 - [MESSAGE][PASSED] - Text 'd' is set on object 'Object Repository/Page_PSTO webMessenger - Zalogowano/input_Joanna Kowalska_messageInput'

2021-12-19 13:46:24 - [TEST_STEP][PASSED] - click(findTestObject("Page_PSTO webMessenger - Zalogowano/img_Joanna Kowalska_sendButton")): Object: 'Object Repository/Page_PSTO webMessenger - Zalogowano/img_Joanna Kowalska_sendButton' is clicked on

2021-12-19 13:46:27 - [MESSAGE][PASSED] - Object: 'Object Repository/Page_PSTO webMessenger - Zalogowano/img_Joanna Kowalska_sendButton' is clicked on

2021-12-19 13:46:27 - [TEST_STEP][PASSED] - setText(findTestObject("Page_PSTO webMessenger - Zalogowano/input_Joanna Kowalska_messageInput"), "d"): Text 'd' is set on object 'Object Repository/Page_PSTO webMessenger - Zalogowano/input_Joanna Kowalska_messageInput'

2021-12-19 13:46:30 - [MESSAGE][PASSED] - Text 'd' is set on object 'Object Repository/Page_PSTO webMessenger - Zalogowano/input_Joanna Kowalska_messageInput'

2021-12-19 13:46:30 - [TEST_STEP][PASSED] - click(findTestObject("Page_PSTO webMessenger - Zalogowano/img_Joanna Kowalska_sendButton")): Object: 'Object Repository/Page_PSTO webMessenger - Zalogowano/img_Joanna Kowalska_sendButton' is clicked on

2021-12-19 13:46:33 - [MESSAGE][PASSED] - Object: 'Object Repository/Page_PSTO webMessenger - Zalogowano/img_Joanna Kowalska_sendButton' is clicked on

2021-12-19 13:46:33 - [TEST_STEP][PASSED] - setText(findTestObject("Page_PSTO webMessenger - Zalogowano/input_Joanna Kowalska_messageInput"), "d"): Text 'd' is set on object 'Object Repository/Page_PSTO webMessenger - Zalogowano/input_Joanna Kowalska_messageInput'

2021-12-19 13:46:35 - [MESSAGE][PASSED] - Text 'd' is set on object 'Object Repository/Page_PSTO webMessenger - Zalogowano/input_Joanna Kowalska_messageInput'

2021-12-19 13:46:35 - [TEST_STEP][PASSED] - click(findTestObject("Page_PSTO webMessenger - Zalogowano/img_Joanna Kowalska_sendButton")): Object: 'Object Repository/Page_PSTO webMessenger - Zalogowano/img_Joanna Kowalska_sendButton' is clicked on

2021-12-19 13:46:35 - [MESSAGE][PASSED] - Object: 'Object Repository/Page_PSTO webMessenger - Zalogowano/img_Joanna Kowalska_sendButton' is clicked on

2021-12-19 13:46:35 - [TEST_STEP][FAILED] - setText(findTestObject("Page_PSTO webMessenger - Zalogowano/input_Joanna Kowalska_messageInput"), "d"): Unable to set text 'd' of object 'Object Repository/Page_PSTO webMessenger - Zalogowano/input_Joanna Kowalska_messageInput' (Root cause: com.kms.katalon.core.exception.StepFailedException: Unable to set text 'd' of object 'Object Repository/Page_PSTO webMessenger - Zalogowano/input_Joanna Kowalska_messageInput'
	at com.kms.katalon.core.webui.keyword.internal.WebUIKeywordMain.stepFailed(WebUIKeywordMain.groovy:64)
	at com.kms.katalon.core.webui.keyword.internal.WebUIKeywordMain.runKeyword(WebUIKeywordMain.groovy:26)
	at com.kms.katalon.core.webui.keyword.builtin.SetTextKeyword.setText(SetTextKeyword.groovy:66)
	at com.kms.katalon.core.webui.keyword.builtin.SetTextKeyword.execute(SetTextKeyword.groovy:37)
	at com.kms.katalon.core.keyword.internal.KeywordExecutor.executeKeywordForPlatform(KeywordExecutor.groovy:74)
	at com.kms.katalon.core.webui.keyword.WebUiBuiltInKeywords.setText(WebUiBuiltInKeywords.groovy:980)
	at com.kms.katalon.core.webui.keyword.WebUiBuiltInKeywords$setText$1.call(Unknown Source)
	at HR20.run(HR20:34)
	at com.kms.katalon.core.main.ScriptEngine.run(ScriptEngine.java:194)
	at com.kms.katalon.core.main.ScriptEngine.runScriptAsRawText(ScriptEngine.java:119)
	at com.kms.katalon.core.main.TestCaseExecutor.runScript(TestCaseExecutor.java:442)
	at com.kms.katalon.core.main.TestCaseExecutor.doExecute(TestCaseExecutor.java:433)
	at com.kms.katalon.core.main.TestCaseExecutor.processExecutionPhase(TestCaseExecutor.java:412)
	at com.kms.katalon.core.main.TestCaseExecutor.accessMainPhase(TestCaseExecutor.java:404)
	at com.kms.katalon.core.main.TestCaseExecutor.execute(TestCaseExecutor.java:281)
	at com.kms.katalon.core.main.TestSuiteExecutor.accessTestCaseMainPhase(TestSuiteExecutor.java:202)
	at com.kms.katalon.core.main.TestSuiteExecutor.accessTestSuiteMainPhase(TestSuiteExecutor.java:164)
	at com.kms.katalon.core.main.TestSuiteExecutor.execute(TestSuiteExecutor.java:105)
	at com.kms.katalon.core.main.TestCaseMain.startTestSuite(TestCaseMain.java:181)
	at com.kms.katalon.core.main.TestCaseMain$startTestSuite$0.call(Unknown Source)
	at TempTestSuite1639917261372.run(TempTestSuite1639917261372.groovy:36)
Caused by: org.openqa.selenium.NoSuchWindowException: Browsing context has been discarded
Build info: version: '3.141.59', revision: 'e82be7d358', time: '2018-11-14T08:25:53'
System info: host: 'DESKTOP-KI9905I', ip: '192.168.3.3', os.name: 'Windows 10', os.arch: 'amd64', os.version: '10.0', java.version: '1.8.0_282'
Driver info: com.kms.katalon.core.webui.driver.firefox.CGeckoDriver
Capabilities {acceptInsecureCerts: true, browserName: firefox, browserVersion: 94.0.2, javascriptEnabled: true, moz:accessibilityChecks: false, moz:buildID: 20211119140621, moz:geckodriverVersion: 0.30.0, moz:headless: false, moz:processID: 8852, moz:profile: C:\Users\agata\AppData\Loca..., moz:shutdownTimeout: 60000, moz:useNonSpecCompliantPointerOrigin: false, moz:webdriverClick: true, pageLoadStrategy: normal, platform: WINDOWS, platformName: WINDOWS, platformVersion: 10.0, proxy: Proxy(direct), setWindowRect: true, strictFileInteractability: false, timeouts: {implicit: 0, pageLoad: 300000, script: 30000}, unhandledPromptBehavior: dismiss and notify}
Session ID: 3eab8be4-fdfc-4770-b1e3-ad0d135794c9
*** Element info: {Using=xpath, value=//input[@id='messageInput']}
	at org.openqa.selenium.remote.http.W3CHttpResponseCodec.createException(W3CHttpResponseCodec.java:187)
	at org.openqa.selenium.remote.http.W3CHttpResponseCodec.decode(W3CHttpResponseCodec.java:122)
	at org.openqa.selenium.remote.http.W3CHttpResponseCodec.decode(W3CHttpResponseCodec.java:49)
	at org.openqa.selenium.remote.HttpCommandExecutor.execute(HttpCommandExecutor.java:158)
	at org.openqa.selenium.remote.service.DriverCommandExecutor.execute(DriverCommandExecutor.java:83)
	at org.openqa.selenium.remote.RemoteWebDriver.execute(RemoteWebDriver.java:552)
	at com.kms.katalon.selenium.driver.CFirefoxDriver.execute(CFirefoxDriver.java:27)
	at org.openqa.selenium.remote.RemoteWebDriver.findElements(RemoteWebDriver.java:353)
	at org.openqa.selenium.remote.RemoteWebDriver.findElementsByXPath(RemoteWebDriver.java:432)
	at org.openqa.selenium.By$ByXPath.findElements(By.java:348)
	at org.openqa.selenium.remote.RemoteWebDriver.findElements(RemoteWebDriver.java:311)
	at org.openqa.selenium.support.events.EventFiringWebDriver.lambda$new$1(EventFiringWebDriver.java:105)
	at com.sun.proxy.$Proxy10.findElements(Unknown Source)
	at org.openqa.selenium.support.events.EventFiringWebDriver.findElements(EventFiringWebDriver.java:182)
	at com.kms.katalon.core.webui.common.WebUiCommonHelper.findElementByNormalMethods(WebUiCommonHelper.java:1014)
	at com.kms.katalon.core.webui.common.WebUiCommonHelper.findElementsBySelectedMethod(WebUiCommonHelper.java:909)
	at com.kms.katalon.core.webui.common.WebUiCommonHelper.findElementsBySelectedMethod(WebUiCommonHelper.java:892)
	at com.kms.katalon.core.webui.common.WebUiCommonHelper.findElementsBySelectedMethod(WebUiCommonHelper.java:887)
	at com.kms.katalon.core.webui.common.WebUiCommonHelper.findElementsByDefault(WebUiCommonHelper.java:883)
	at com.kms.katalon.core.webui.common.WebUiCommonHelper.findWebElements(WebUiCommonHelper.java:720)
	at com.kms.katalon.core.webui.common.WebUiCommonHelper.findWebElement(WebUiCommonHelper.java:1363)
	at com.kms.katalon.core.webui.keyword.internal.WebUIAbstractKeyword.findWebElement(WebUIAbstractKeyword.groovy:27)
	at com.kms.katalon.core.webui.keyword.internal.WebUIAbstractKeyword.findWebElement(WebUIAbstractKeyword.groovy:26)
	at com.kms.katalon.core.webui.keyword.builtin.SetTextKeyword$_setText_closure1.doCall(SetTextKeyword.groovy:55)
	at com.kms.katalon.core.webui.keyword.builtin.SetTextKeyword$_setText_closure1.call(SetTextKeyword.groovy)
	at com.kms.katalon.core.webui.keyword.internal.WebUIKeywordMain.runKeyword(WebUIKeywordMain.groovy:20)
	at com.kms.katalon.core.webui.keyword.builtin.SetTextKeyword.setText(SetTextKeyword.groovy:66)
	at com.kms.katalon.core.webui.keyword.builtin.SetTextKeyword.execute(SetTextKeyword.groovy:37)
	at com.kms.katalon.core.keyword.internal.KeywordExecutor.executeKeywordForPlatform(KeywordExecutor.groovy:74)
	at com.kms.katalon.core.webui.keyword.WebUiBuiltInKeywords.setText(WebUiBuiltInKeywords.groovy:980)
	at com.kms.katalon.core.webui.keyword.WebUiBuiltInKeywords$setText$1.call(Unknown Source)
	at Script1639913787469.run(Script1639913787469.groovy:34)
	... 13 more
)

2021-12-19 13:46:36 - [MESSAGE][WARNING] - Cannot take screenshot

2021-12-19 13:46:36 - [MESSAGE][FAILED] - Unable to set text 'd' of object 'Object Repository/Page_PSTO webMessenger - Zalogowano/input_Joanna Kowalska_messageInput' (Root cause: com.kms.katalon.core.exception.StepFailedException: Unable to set text 'd' of object 'Object Repository/Page_PSTO webMessenger - Zalogowano/input_Joanna Kowalska_messageInput'
	at com.kms.katalon.core.webui.keyword.internal.WebUIKeywordMain.stepFailed(WebUIKeywordMain.groovy:64)
	at com.kms.katalon.core.webui.keyword.internal.WebUIKeywordMain.runKeyword(WebUIKeywordMain.groovy:26)
	at com.kms.katalon.core.webui.keyword.builtin.SetTextKeyword.setText(SetTextKeyword.groovy:66)
	at com.kms.katalon.core.webui.keyword.builtin.SetTextKeyword.execute(SetTextKeyword.groovy:37)
	at com.kms.katalon.core.keyword.internal.KeywordExecutor.executeKeywordForPlatform(KeywordExecutor.groovy:74)
	at com.kms.katalon.core.webui.keyword.WebUiBuiltInKeywords.setText(WebUiBuiltInKeywords.groovy:980)
	at com.kms.katalon.core.webui.keyword.WebUiBuiltInKeywords$setText$1.call(Unknown Source)
	at HR20.run(HR20:34)
	at com.kms.katalon.core.main.ScriptEngine.run(ScriptEngine.java:194)
	at com.kms.katalon.core.main.ScriptEngine.runScriptAsRawText(ScriptEngine.java:119)
	at com.kms.katalon.core.main.TestCaseExecutor.runScript(TestCaseExecutor.java:442)
	at com.kms.katalon.core.main.TestCaseExecutor.doExecute(TestCaseExecutor.java:433)
	at com.kms.katalon.core.main.TestCaseExecutor.processExecutionPhase(TestCaseExecutor.java:412)
	at com.kms.katalon.core.main.TestCaseExecutor.accessMainPhase(TestCaseExecutor.java:404)
	at com.kms.katalon.core.main.TestCaseExecutor.execute(TestCaseExecutor.java:281)
	at com.kms.katalon.core.main.TestSuiteExecutor.accessTestCaseMainPhase(TestSuiteExecutor.java:202)
	at com.kms.katalon.core.main.TestSuiteExecutor.accessTestSuiteMainPhase(TestSuiteExecutor.java:164)
	at com.kms.katalon.core.main.TestSuiteExecutor.execute(TestSuiteExecutor.java:105)
	at com.kms.katalon.core.main.TestCaseMain.startTestSuite(TestCaseMain.java:181)
	at com.kms.katalon.core.main.TestCaseMain$startTestSuite$0.call(Unknown Source)
	at TempTestSuite1639917261372.run(TempTestSuite1639917261372.groovy:36)
Caused by: org.openqa.selenium.NoSuchWindowException: Browsing context has been discarded
Build info: version: '3.141.59', revision: 'e82be7d358', time: '2018-11-14T08:25:53'
System info: host: 'DESKTOP-KI9905I', ip: '192.168.3.3', os.name: 'Windows 10', os.arch: 'amd64', os.version: '10.0', java.version: '1.8.0_282'
Driver info: com.kms.katalon.core.webui.driver.firefox.CGeckoDriver
Capabilities {acceptInsecureCerts: true, browserName: firefox, browserVersion: 94.0.2, javascriptEnabled: true, moz:accessibilityChecks: false, moz:buildID: 20211119140621, moz:geckodriverVersion: 0.30.0, moz:headless: false, moz:processID: 8852, moz:profile: C:\Users\agata\AppData\Loca..., moz:shutdownTimeout: 60000, moz:useNonSpecCompliantPointerOrigin: false, moz:webdriverClick: true, pageLoadStrategy: normal, platform: WINDOWS, platformName: WINDOWS, platformVersion: 10.0, proxy: Proxy(direct), setWindowRect: true, strictFileInteractability: false, timeouts: {implicit: 0, pageLoad: 300000, script: 30000}, unhandledPromptBehavior: dismiss and notify}
Session ID: 3eab8be4-fdfc-4770-b1e3-ad0d135794c9
*** Element info: {Using=xpath, value=//input[@id='messageInput']}
	at org.openqa.selenium.remote.http.W3CHttpResponseCodec.createException(W3CHttpResponseCodec.java:187)
	at org.openqa.selenium.remote.http.W3CHttpResponseCodec.decode(W3CHttpResponseCodec.java:122)
	at org.openqa.selenium.remote.http.W3CHttpResponseCodec.decode(W3CHttpResponseCodec.java:49)
	at org.openqa.selenium.remote.HttpCommandExecutor.execute(HttpCommandExecutor.java:158)
	at org.openqa.selenium.remote.service.DriverCommandExecutor.execute(DriverCommandExecutor.java:83)
	at org.openqa.selenium.remote.RemoteWebDriver.execute(RemoteWebDriver.java:552)
	at com.kms.katalon.selenium.driver.CFirefoxDriver.execute(CFirefoxDriver.java:27)
	at org.openqa.selenium.remote.RemoteWebDriver.findElements(RemoteWebDriver.java:353)
	at org.openqa.selenium.remote.RemoteWebDriver.findElementsByXPath(RemoteWebDriver.java:432)
	at org.openqa.selenium.By$ByXPath.findElements(By.java:348)
	at org.openqa.selenium.remote.RemoteWebDriver.findElements(RemoteWebDriver.java:311)
	at org.openqa.selenium.support.events.EventFiringWebDriver.lambda$new$1(EventFiringWebDriver.java:105)
	at com.sun.proxy.$Proxy10.findElements(Unknown Source)
	at org.openqa.selenium.support.events.EventFiringWebDriver.findElements(EventFiringWebDriver.java:182)
	at com.kms.katalon.core.webui.common.WebUiCommonHelper.findElementByNormalMethods(WebUiCommonHelper.java:1014)
	at com.kms.katalon.core.webui.common.WebUiCommonHelper.findElementsBySelectedMethod(WebUiCommonHelper.java:909)
	at com.kms.katalon.core.webui.common.WebUiCommonHelper.findElementsBySelectedMethod(WebUiCommonHelper.java:892)
	at com.kms.katalon.core.webui.common.WebUiCommonHelper.findElementsBySelectedMethod(WebUiCommonHelper.java:887)
	at com.kms.katalon.core.webui.common.WebUiCommonHelper.findElementsByDefault(WebUiCommonHelper.java:883)
	at com.kms.katalon.core.webui.common.WebUiCommonHelper.findWebElements(WebUiCommonHelper.java:720)
	at com.kms.katalon.core.webui.common.WebUiCommonHelper.findWebElement(WebUiCommonHelper.java:1363)
	at com.kms.katalon.core.webui.keyword.internal.WebUIAbstractKeyword.findWebElement(WebUIAbstractKeyword.groovy:27)
	at com.kms.katalon.core.webui.keyword.internal.WebUIAbstractKeyword.findWebElement(WebUIAbstractKeyword.groovy:26)
	at com.kms.katalon.core.webui.keyword.builtin.SetTextKeyword$_setText_closure1.doCall(SetTextKeyword.groovy:55)
	at com.kms.katalon.core.webui.keyword.builtin.SetTextKeyword$_setText_closure1.call(SetTextKeyword.groovy)
	at com.kms.katalon.core.webui.keyword.internal.WebUIKeywordMain.runKeyword(WebUIKeywordMain.groovy:20)
	at com.kms.katalon.core.webui.keyword.builtin.SetTextKeyword.setText(SetTextKeyword.groovy:66)
	at com.kms.katalon.core.webui.keyword.builtin.SetTextKeyword.execute(SetTextKeyword.groovy:37)
	at com.kms.katalon.core.keyword.internal.KeywordExecutor.executeKeywordForPlatform(KeywordExecutor.groovy:74)
	at com.kms.katalon.core.webui.keyword.WebUiBuiltInKeywords.setText(WebUiBuiltInKeywords.groovy:980)
	at com.kms.katalon.core.webui.keyword.WebUiBuiltInKeywords$setText$1.call(Unknown Source)
	at Script1639913787469.run(Script1639913787469.groovy:34)
	... 13 more
)]]></system-out>
         <system-err><![CDATA[2021-12-19 13:44:20 - [TEST_CASE][FAILED] - Test Cases/Historia rozm贸w/HR20: Test Cases/Historia rozm贸w/HR20 FAILED.
Reason:
com.kms.katalon.core.exception.StepFailedException: Unable to set text 'd' of object 'Object Repository/Page_PSTO webMessenger - Zalogowano/input_Joanna Kowalska_messageInput'
	at com.kms.katalon.core.webui.keyword.internal.WebUIKeywordMain.stepFailed(WebUIKeywordMain.groovy:64)
	at com.kms.katalon.core.webui.keyword.internal.WebUIKeywordMain.runKeyword(WebUIKeywordMain.groovy:26)
	at com.kms.katalon.core.webui.keyword.builtin.SetTextKeyword.setText(SetTextKeyword.groovy:66)
	at com.kms.katalon.core.webui.keyword.builtin.SetTextKeyword.execute(SetTextKeyword.groovy:37)
	at com.kms.katalon.core.keyword.internal.KeywordExecutor.executeKeywordForPlatform(KeywordExecutor.groovy:74)
	at com.kms.katalon.core.webui.keyword.WebUiBuiltInKeywords.setText(WebUiBuiltInKeywords.groovy:980)
	at com.kms.katalon.core.webui.keyword.WebUiBuiltInKeywords$setText$1.call(Unknown Source)
	at HR20.run(HR20:34)
	at com.kms.katalon.core.main.ScriptEngine.run(ScriptEngine.java:194)
	at com.kms.katalon.core.main.ScriptEngine.runScriptAsRawText(ScriptEngine.java:119)
	at com.kms.katalon.core.main.TestCaseExecutor.runScript(TestCaseExecutor.java:442)
	at com.kms.katalon.core.main.TestCaseExecutor.doExecute(TestCaseExecutor.java:433)
	at com.kms.katalon.core.main.TestCaseExecutor.processExecutionPhase(TestCaseExecutor.java:412)
	at com.kms.katalon.core.main.TestCaseExecutor.accessMainPhase(TestCaseExecutor.java:404)
	at com.kms.katalon.core.main.TestCaseExecutor.execute(TestCaseExecutor.java:281)
	at com.kms.katalon.core.main.TestSuiteExecutor.accessTestCaseMainPhase(TestSuiteExecutor.java:202)
	at com.kms.katalon.core.main.TestSuiteExecutor.accessTestSuiteMainPhase(TestSuiteExecutor.java:164)
	at com.kms.katalon.core.main.TestSuiteExecutor.execute(TestSuiteExecutor.java:105)
	at com.kms.katalon.core.main.TestCaseMain.startTestSuite(TestCaseMain.java:181)
	at com.kms.katalon.core.main.TestCaseMain$startTestSuite$0.call(Unknown Source)
	at TempTestSuite1639917261372.run(TempTestSuite1639917261372.groovy:36)
Caused by: org.openqa.selenium.NoSuchWindowException: Browsing context has been discarded
Build info: version: '3.141.59', revision: 'e82be7d358', time: '2018-11-14T08:25:53'
System info: host: 'DESKTOP-KI9905I', ip: '192.168.3.3', os.name: 'Windows 10', os.arch: 'amd64', os.version: '10.0', java.version: '1.8.0_282'
Driver info: com.kms.katalon.core.webui.driver.firefox.CGeckoDriver
Capabilities {acceptInsecureCerts: true, browserName: firefox, browserVersion: 94.0.2, javascriptEnabled: true, moz:accessibilityChecks: false, moz:buildID: 20211119140621, moz:geckodriverVersion: 0.30.0, moz:headless: false, moz:processID: 8852, moz:profile: C:\Users\agata\AppData\Loca..., moz:shutdownTimeout: 60000, moz:useNonSpecCompliantPointerOrigin: false, moz:webdriverClick: true, pageLoadStrategy: normal, platform: WINDOWS, platformName: WINDOWS, platformVersion: 10.0, proxy: Proxy(direct), setWindowRect: true, strictFileInteractability: false, timeouts: {implicit: 0, pageLoad: 300000, script: 30000}, unhandledPromptBehavior: dismiss and notify}
Session ID: 3eab8be4-fdfc-4770-b1e3-ad0d135794c9
*** Element info: {Using=xpath, value=//input[@id='messageInput']}
	at org.openqa.selenium.remote.http.W3CHttpResponseCodec.createException(W3CHttpResponseCodec.java:187)
	at org.openqa.selenium.remote.http.W3CHttpResponseCodec.decode(W3CHttpResponseCodec.java:122)
	at org.openqa.selenium.remote.http.W3CHttpResponseCodec.decode(W3CHttpResponseCodec.java:49)
	at org.openqa.selenium.remote.HttpCommandExecutor.execute(HttpCommandExecutor.java:158)
	at org.openqa.selenium.remote.service.DriverCommandExecutor.execute(DriverCommandExecutor.java:83)
	at org.openqa.selenium.remote.RemoteWebDriver.execute(RemoteWebDriver.java:552)
	at com.kms.katalon.selenium.driver.CFirefoxDriver.execute(CFirefoxDriver.java:27)
	at org.openqa.selenium.remote.RemoteWebDriver.findElements(RemoteWebDriver.java:353)
	at org.openqa.selenium.remote.RemoteWebDriver.findElementsByXPath(RemoteWebDriver.java:432)
	at org.openqa.selenium.By$ByXPath.findElements(By.java:348)
	at org.openqa.selenium.remote.RemoteWebDriver.findElements(RemoteWebDriver.java:311)
	at org.openqa.selenium.support.events.EventFiringWebDriver.lambda$new$1(EventFiringWebDriver.java:105)
	at com.sun.proxy.$Proxy10.findElements(Unknown Source)
	at org.openqa.selenium.support.events.EventFiringWebDriver.findElements(EventFiringWebDriver.java:182)
	at com.kms.katalon.core.webui.common.WebUiCommonHelper.findElementByNormalMethods(WebUiCommonHelper.java:1014)
	at com.kms.katalon.core.webui.common.WebUiCommonHelper.findElementsBySelectedMethod(WebUiCommonHelper.java:909)
	at com.kms.katalon.core.webui.common.WebUiCommonHelper.findElementsBySelectedMethod(WebUiCommonHelper.java:892)
	at com.kms.katalon.core.webui.common.WebUiCommonHelper.findElementsBySelectedMethod(WebUiCommonHelper.java:887)
	at com.kms.katalon.core.webui.common.WebUiCommonHelper.findElementsByDefault(WebUiCommonHelper.java:883)
	at com.kms.katalon.core.webui.common.WebUiCommonHelper.findWebElements(WebUiCommonHelper.java:720)
	at com.kms.katalon.core.webui.common.WebUiCommonHelper.findWebElement(WebUiCommonHelper.java:1363)
	at com.kms.katalon.core.webui.keyword.internal.WebUIAbstractKeyword.findWebElement(WebUIAbstractKeyword.groovy:27)
	at com.kms.katalon.core.webui.keyword.internal.WebUIAbstractKeyword.findWebElement(WebUIAbstractKeyword.groovy:26)
	at com.kms.katalon.core.webui.keyword.builtin.SetTextKeyword$_setText_closure1.doCall(SetTextKeyword.groovy:55)
	at com.kms.katalon.core.webui.keyword.builtin.SetTextKeyword$_setText_closure1.call(SetTextKeyword.groovy)
	at com.kms.katalon.core.webui.keyword.internal.WebUIKeywordMain.runKeyword(WebUIKeywordMain.groovy:20)
	... 19 more]]></system-err>
      </testcase>
      <testcase name="Test Cases/Historia rozm贸w/HR18" time="0.356" classname="Test Cases/Historia rozm贸w/HR18" status="FAILED">
         <failure type="FAILED" message="Test Cases/Historia rozm贸w/HR18 FAILED.
Reason:
com.kms.katalon.core.exception.StepFailedException: Unable to open browser with url: ''
	at com.kms.katalon.core.webui.keyword.internal.WebUIKeywordMain.stepFailed(WebUIKeywordMain.groovy:64)
	at com.kms.katalon.core.webui.keyword.internal.WebUIKeywordMain.runKeyword(WebUIKeywordMain.groovy:26)
	at com.kms.katalon.core.webui.keyword.builtin.OpenBrowserKeyword.openBrowser(OpenBrowserKeyword.groovy:81)
	at com.kms.katalon.core.webui.keyword.builtin.OpenBrowserKeyword.execute(OpenBrowserKeyword.groovy:67)
	at com.kms.katalon.core.keyword.internal.KeywordExecutor.executeKeywordForPlatform(KeywordExecutor.groovy:74)
	at com.kms.katalon.core.webui.keyword.WebUiBuiltInKeywords.openBrowser(WebUiBuiltInKeywords.groovy:64)
	at com.kms.katalon.core.webui.keyword.WebUiBuiltInKeywords$openBrowser.call(Unknown Source)
	at HR18.run(HR18:20)
	at com.kms.katalon.core.main.ScriptEngine.run(ScriptEngine.java:194)
	at com.kms.katalon.core.main.ScriptEngine.runScriptAsRawText(ScriptEngine.java:119)
	at com.kms.katalon.core.main.TestCaseExecutor.runScript(TestCaseExecutor.java:442)
	at com.kms.katalon.core.main.TestCaseExecutor.doExecute(TestCaseExecutor.java:433)
	at com.kms.katalon.core.main.TestCaseExecutor.processExecutionPhase(TestCaseExecutor.java:412)
	at com.kms.katalon.core.main.TestCaseExecutor.accessMainPhase(TestCaseExecutor.java:404)
	at com.kms.katalon.core.main.TestCaseExecutor.execute(TestCaseExecutor.java:281)
	at com.kms.katalon.core.main.TestSuiteExecutor.accessTestCaseMainPhase(TestSuiteExecutor.java:202)
	at com.kms.katalon.core.main.TestSuiteExecutor.accessTestSuiteMainPhase(TestSuiteExecutor.java:164)
	at com.kms.katalon.core.main.TestSuiteExecutor.execute(TestSuiteExecutor.java:105)
	at com.kms.katalon.core.main.TestCaseMain.startTestSuite(TestCaseMain.java:181)
	at com.kms.katalon.core.main.TestCaseMain$startTestSuite$0.call(Unknown Source)
	at TempTestSuite1639917261372.run(TempTestSuite1639917261372.groovy:36)
Caused by: org.openqa.selenium.NoSuchSessionException: Tried to run command without establishing a connection
Build info: version: '3.141.59', revision: 'e82be7d358', time: '2018-11-14T08:25:53'
System info: host: 'DESKTOP-KI9905I', ip: '192.168.3.3', os.name: 'Windows 10', os.arch: 'amd64', os.version: '10.0', java.version: '1.8.0_282'
Driver info: com.kms.katalon.core.webui.driver.firefox.CGeckoDriver
Capabilities {acceptInsecureCerts: true, browserName: firefox, browserVersion: 94.0.2, javascriptEnabled: true, moz:accessibilityChecks: false, moz:buildID: 20211119140621, moz:geckodriverVersion: 0.30.0, moz:headless: false, moz:processID: 8852, moz:profile: C:\Users\agata\AppData\Loca..., moz:shutdownTimeout: 60000, moz:useNonSpecCompliantPointerOrigin: false, moz:webdriverClick: true, pageLoadStrategy: normal, platform: WINDOWS, platformName: WINDOWS, platformVersion: 10.0, proxy: Proxy(direct), setWindowRect: true, strictFileInteractability: false, timeouts: {implicit: 0, pageLoad: 300000, script: 30000}, unhandledPromptBehavior: dismiss and notify}
Session ID: 3eab8be4-fdfc-4770-b1e3-ad0d135794c9
	at org.openqa.selenium.remote.http.W3CHttpResponseCodec.createException(W3CHttpResponseCodec.java:187)
	at org.openqa.selenium.remote.http.W3CHttpResponseCodec.decode(W3CHttpResponseCodec.java:122)
	at org.openqa.selenium.remote.http.W3CHttpResponseCodec.decode(W3CHttpResponseCodec.java:49)
	at org.openqa.selenium.remote.HttpCommandExecutor.execute(HttpCommandExecutor.java:158)
	at org.openqa.selenium.remote.service.DriverCommandExecutor.execute(DriverCommandExecutor.java:83)
	at org.openqa.selenium.remote.RemoteWebDriver.execute(RemoteWebDriver.java:552)
	at com.kms.katalon.selenium.driver.CFirefoxDriver.execute(CFirefoxDriver.java:27)
	at org.openqa.selenium.remote.RemoteWebDriver.execute(RemoteWebDriver.java:609)
	at org.openqa.selenium.remote.RemoteWebDriver.quit(RemoteWebDriver.java:452)
	at org.openqa.selenium.support.events.EventFiringWebDriver.lambda$new$1(EventFiringWebDriver.java:105)
	at com.sun.proxy.$Proxy10.quit(Unknown Source)
	at org.openqa.selenium.support.events.EventFiringWebDriver.quit(EventFiringWebDriver.java:211)
	at com.kms.katalon.core.webui.driver.DriverFactory.closeWebDriver(DriverFactory.java:1463)
	at com.kms.katalon.core.webui.driver.DriverFactory.startNewBrowser(DriverFactory.java:339)
	at com.kms.katalon.core.webui.driver.DriverFactory.openWebDriver(DriverFactory.java:250)
	at com.kms.katalon.core.webui.keyword.builtin.OpenBrowserKeyword$_openBrowser_closure1.doCall(OpenBrowserKeyword.groovy:74)
	at com.kms.katalon.core.webui.keyword.builtin.OpenBrowserKeyword$_openBrowser_closure1.call(OpenBrowserKeyword.groovy)
	at com.kms.katalon.core.webui.keyword.internal.WebUIKeywordMain.runKeyword(WebUIKeywordMain.groovy:20)
	... 19 more
"/>
         <system-out><![CDATA[2021-12-19 13:46:36 - [TEST_CASE][FAILED] - Test Cases/Historia rozm贸w/HR18: Test Cases/Historia rozm贸w/HR18 FAILED.
Reason:
com.kms.katalon.core.exception.StepFailedException: Unable to open browser with url: ''
	at com.kms.katalon.core.webui.keyword.internal.WebUIKeywordMain.stepFailed(WebUIKeywordMain.groovy:64)
	at com.kms.katalon.core.webui.keyword.internal.WebUIKeywordMain.runKeyword(WebUIKeywordMain.groovy:26)
	at com.kms.katalon.core.webui.keyword.builtin.OpenBrowserKeyword.openBrowser(OpenBrowserKeyword.groovy:81)
	at com.kms.katalon.core.webui.keyword.builtin.OpenBrowserKeyword.execute(OpenBrowserKeyword.groovy:67)
	at com.kms.katalon.core.keyword.internal.KeywordExecutor.executeKeywordForPlatform(KeywordExecutor.groovy:74)
	at com.kms.katalon.core.webui.keyword.WebUiBuiltInKeywords.openBrowser(WebUiBuiltInKeywords.groovy:64)
	at com.kms.katalon.core.webui.keyword.WebUiBuiltInKeywords$openBrowser.call(Unknown Source)
	at HR18.run(HR18:20)
	at com.kms.katalon.core.main.ScriptEngine.run(ScriptEngine.java:194)
	at com.kms.katalon.core.main.ScriptEngine.runScriptAsRawText(ScriptEngine.java:119)
	at com.kms.katalon.core.main.TestCaseExecutor.runScript(TestCaseExecutor.java:442)
	at com.kms.katalon.core.main.TestCaseExecutor.doExecute(TestCaseExecutor.java:433)
	at com.kms.katalon.core.main.TestCaseExecutor.processExecutionPhase(TestCaseExecutor.java:412)
	at com.kms.katalon.core.main.TestCaseExecutor.accessMainPhase(TestCaseExecutor.java:404)
	at com.kms.katalon.core.main.TestCaseExecutor.execute(TestCaseExecutor.java:281)
	at com.kms.katalon.core.main.TestSuiteExecutor.accessTestCaseMainPhase(TestSuiteExecutor.java:202)
	at com.kms.katalon.core.main.TestSuiteExecutor.accessTestSuiteMainPhase(TestSuiteExecutor.java:164)
	at com.kms.katalon.core.main.TestSuiteExecutor.execute(TestSuiteExecutor.java:105)
	at com.kms.katalon.core.main.TestCaseMain.startTestSuite(TestCaseMain.java:181)
	at com.kms.katalon.core.main.TestCaseMain$startTestSuite$0.call(Unknown Source)
	at TempTestSuite1639917261372.run(TempTestSuite1639917261372.groovy:36)
Caused by: org.openqa.selenium.NoSuchSessionException: Tried to run command without establishing a connection
Build info: version: '3.141.59', revision: 'e82be7d358', time: '2018-11-14T08:25:53'
System info: host: 'DESKTOP-KI9905I', ip: '192.168.3.3', os.name: 'Windows 10', os.arch: 'amd64', os.version: '10.0', java.version: '1.8.0_282'
Driver info: com.kms.katalon.core.webui.driver.firefox.CGeckoDriver
Capabilities {acceptInsecureCerts: true, browserName: firefox, browserVersion: 94.0.2, javascriptEnabled: true, moz:accessibilityChecks: false, moz:buildID: 20211119140621, moz:geckodriverVersion: 0.30.0, moz:headless: false, moz:processID: 8852, moz:profile: C:\Users\agata\AppData\Loca..., moz:shutdownTimeout: 60000, moz:useNonSpecCompliantPointerOrigin: false, moz:webdriverClick: true, pageLoadStrategy: normal, platform: WINDOWS, platformName: WINDOWS, platformVersion: 10.0, proxy: Proxy(direct), setWindowRect: true, strictFileInteractability: false, timeouts: {implicit: 0, pageLoad: 300000, script: 30000}, unhandledPromptBehavior: dismiss and notify}
Session ID: 3eab8be4-fdfc-4770-b1e3-ad0d135794c9
	at org.openqa.selenium.remote.http.W3CHttpResponseCodec.createException(W3CHttpResponseCodec.java:187)
	at org.openqa.selenium.remote.http.W3CHttpResponseCodec.decode(W3CHttpResponseCodec.java:122)
	at org.openqa.selenium.remote.http.W3CHttpResponseCodec.decode(W3CHttpResponseCodec.java:49)
	at org.openqa.selenium.remote.HttpCommandExecutor.execute(HttpCommandExecutor.java:158)
	at org.openqa.selenium.remote.service.DriverCommandExecutor.execute(DriverCommandExecutor.java:83)
	at org.openqa.selenium.remote.RemoteWebDriver.execute(RemoteWebDriver.java:552)
	at com.kms.katalon.selenium.driver.CFirefoxDriver.execute(CFirefoxDriver.java:27)
	at org.openqa.selenium.remote.RemoteWebDriver.execute(RemoteWebDriver.java:609)
	at org.openqa.selenium.remote.RemoteWebDriver.quit(RemoteWebDriver.java:452)
	at org.openqa.selenium.support.events.EventFiringWebDriver.lambda$new$1(EventFiringWebDriver.java:105)
	at com.sun.proxy.$Proxy10.quit(Unknown Source)
	at org.openqa.selenium.support.events.EventFiringWebDriver.quit(EventFiringWebDriver.java:211)
	at com.kms.katalon.core.webui.driver.DriverFactory.closeWebDriver(DriverFactory.java:1463)
	at com.kms.katalon.core.webui.driver.DriverFactory.startNewBrowser(DriverFactory.java:339)
	at com.kms.katalon.core.webui.driver.DriverFactory.openWebDriver(DriverFactory.java:250)
	at com.kms.katalon.core.webui.keyword.builtin.OpenBrowserKeyword$_openBrowser_closure1.doCall(OpenBrowserKeyword.groovy:74)
	at com.kms.katalon.core.webui.keyword.builtin.OpenBrowserKeyword$_openBrowser_closure1.call(OpenBrowserKeyword.groovy)
	at com.kms.katalon.core.webui.keyword.internal.WebUIKeywordMain.runKeyword(WebUIKeywordMain.groovy:20)
	... 19 more


2021-12-19 13:46:36 - [TEST_STEP][FAILED] - openBrowser(""): Unable to open browser with url: '' (Root cause: com.kms.katalon.core.exception.StepFailedException: Unable to open browser with url: ''
	at com.kms.katalon.core.webui.keyword.internal.WebUIKeywordMain.stepFailed(WebUIKeywordMain.groovy:64)
	at com.kms.katalon.core.webui.keyword.internal.WebUIKeywordMain.runKeyword(WebUIKeywordMain.groovy:26)
	at com.kms.katalon.core.webui.keyword.builtin.OpenBrowserKeyword.openBrowser(OpenBrowserKeyword.groovy:81)
	at com.kms.katalon.core.webui.keyword.builtin.OpenBrowserKeyword.execute(OpenBrowserKeyword.groovy:67)
	at com.kms.katalon.core.keyword.internal.KeywordExecutor.executeKeywordForPlatform(KeywordExecutor.groovy:74)
	at com.kms.katalon.core.webui.keyword.WebUiBuiltInKeywords.openBrowser(WebUiBuiltInKeywords.groovy:64)
	at com.kms.katalon.core.webui.keyword.WebUiBuiltInKeywords$openBrowser.call(Unknown Source)
	at HR18.run(HR18:20)
	at com.kms.katalon.core.main.ScriptEngine.run(ScriptEngine.java:194)
	at com.kms.katalon.core.main.ScriptEngine.runScriptAsRawText(ScriptEngine.java:119)
	at com.kms.katalon.core.main.TestCaseExecutor.runScript(TestCaseExecutor.java:442)
	at com.kms.katalon.core.main.TestCaseExecutor.doExecute(TestCaseExecutor.java:433)
	at com.kms.katalon.core.main.TestCaseExecutor.processExecutionPhase(TestCaseExecutor.java:412)
	at com.kms.katalon.core.main.TestCaseExecutor.accessMainPhase(TestCaseExecutor.java:404)
	at com.kms.katalon.core.main.TestCaseExecutor.execute(TestCaseExecutor.java:281)
	at com.kms.katalon.core.main.TestSuiteExecutor.accessTestCaseMainPhase(TestSuiteExecutor.java:202)
	at com.kms.katalon.core.main.TestSuiteExecutor.accessTestSuiteMainPhase(TestSuiteExecutor.java:164)
	at com.kms.katalon.core.main.TestSuiteExecutor.execute(TestSuiteExecutor.java:105)
	at com.kms.katalon.core.main.TestCaseMain.startTestSuite(TestCaseMain.java:181)
	at com.kms.katalon.core.main.TestCaseMain$startTestSuite$0.call(Unknown Source)
	at TempTestSuite1639917261372.run(TempTestSuite1639917261372.groovy:36)
Caused by: org.openqa.selenium.NoSuchSessionException: Tried to run command without establishing a connection
Build info: version: '3.141.59', revision: 'e82be7d358', time: '2018-11-14T08:25:53'
System info: host: 'DESKTOP-KI9905I', ip: '192.168.3.3', os.name: 'Windows 10', os.arch: 'amd64', os.version: '10.0', java.version: '1.8.0_282'
Driver info: com.kms.katalon.core.webui.driver.firefox.CGeckoDriver
Capabilities {acceptInsecureCerts: true, browserName: firefox, browserVersion: 94.0.2, javascriptEnabled: true, moz:accessibilityChecks: false, moz:buildID: 20211119140621, moz:geckodriverVersion: 0.30.0, moz:headless: false, moz:processID: 8852, moz:profile: C:\Users\agata\AppData\Loca..., moz:shutdownTimeout: 60000, moz:useNonSpecCompliantPointerOrigin: false, moz:webdriverClick: true, pageLoadStrategy: normal, platform: WINDOWS, platformName: WINDOWS, platformVersion: 10.0, proxy: Proxy(direct), setWindowRect: true, strictFileInteractability: false, timeouts: {implicit: 0, pageLoad: 300000, script: 30000}, unhandledPromptBehavior: dismiss and notify}
Session ID: 3eab8be4-fdfc-4770-b1e3-ad0d135794c9
	at org.openqa.selenium.remote.http.W3CHttpResponseCodec.createException(W3CHttpResponseCodec.java:187)
	at org.openqa.selenium.remote.http.W3CHttpResponseCodec.decode(W3CHttpResponseCodec.java:122)
	at org.openqa.selenium.remote.http.W3CHttpResponseCodec.decode(W3CHttpResponseCodec.java:49)
	at org.openqa.selenium.remote.HttpCommandExecutor.execute(HttpCommandExecutor.java:158)
	at org.openqa.selenium.remote.service.DriverCommandExecutor.execute(DriverCommandExecutor.java:83)
	at org.openqa.selenium.remote.RemoteWebDriver.execute(RemoteWebDriver.java:552)
	at com.kms.katalon.selenium.driver.CFirefoxDriver.execute(CFirefoxDriver.java:27)
	at org.openqa.selenium.remote.RemoteWebDriver.execute(RemoteWebDriver.java:609)
	at org.openqa.selenium.remote.RemoteWebDriver.quit(RemoteWebDriver.java:452)
	at org.openqa.selenium.support.events.EventFiringWebDriver.lambda$new$1(EventFiringWebDriver.java:105)
	at com.sun.proxy.$Proxy10.quit(Unknown Source)
	at org.openqa.selenium.support.events.EventFiringWebDriver.quit(EventFiringWebDriver.java:211)
	at com.kms.katalon.core.webui.driver.DriverFactory.closeWebDriver(DriverFactory.java:1463)
	at com.kms.katalon.core.webui.driver.DriverFactory.startNewBrowser(DriverFactory.java:339)
	at com.kms.katalon.core.webui.driver.DriverFactory.openWebDriver(DriverFactory.java:250)
	at com.kms.katalon.core.webui.keyword.builtin.OpenBrowserKeyword$_openBrowser_closure1.doCall(OpenBrowserKeyword.groovy:74)
	at com.kms.katalon.core.webui.keyword.builtin.OpenBrowserKeyword$_openBrowser_closure1.call(OpenBrowserKeyword.groovy)
	at com.kms.katalon.core.webui.keyword.internal.WebUIKeywordMain.runKeyword(WebUIKeywordMain.groovy:20)
	at com.kms.katalon.core.webui.keyword.builtin.OpenBrowserKeyword.openBrowser(OpenBrowserKeyword.groovy:81)
	at com.kms.katalon.core.webui.keyword.builtin.OpenBrowserKeyword.execute(OpenBrowserKeyword.groovy:67)
	at com.kms.katalon.core.keyword.internal.KeywordExecutor.executeKeywordForPlatform(KeywordExecutor.groovy:74)
	at com.kms.katalon.core.webui.keyword.WebUiBuiltInKeywords.openBrowser(WebUiBuiltInKeywords.groovy:64)
	at com.kms.katalon.core.webui.keyword.WebUiBuiltInKeywords$openBrowser.call(Unknown Source)
	at Script1639917194903.run(Script1639917194903.groovy:20)
	... 13 more
)

2021-12-19 13:46:36 - [MESSAGE][WARNING] - A browser is already opened. Closing browser and opening a new one

2021-12-19 13:46:36 - [MESSAGE][FAILED] - Unable to open browser with url: '' (Root cause: com.kms.katalon.core.exception.StepFailedException: Unable to open browser with url: ''
	at com.kms.katalon.core.webui.keyword.internal.WebUIKeywordMain.stepFailed(WebUIKeywordMain.groovy:64)
	at com.kms.katalon.core.webui.keyword.internal.WebUIKeywordMain.runKeyword(WebUIKeywordMain.groovy:26)
	at com.kms.katalon.core.webui.keyword.builtin.OpenBrowserKeyword.openBrowser(OpenBrowserKeyword.groovy:81)
	at com.kms.katalon.core.webui.keyword.builtin.OpenBrowserKeyword.execute(OpenBrowserKeyword.groovy:67)
	at com.kms.katalon.core.keyword.internal.KeywordExecutor.executeKeywordForPlatform(KeywordExecutor.groovy:74)
	at com.kms.katalon.core.webui.keyword.WebUiBuiltInKeywords.openBrowser(WebUiBuiltInKeywords.groovy:64)
	at com.kms.katalon.core.webui.keyword.WebUiBuiltInKeywords$openBrowser.call(Unknown Source)
	at HR18.run(HR18:20)
	at com.kms.katalon.core.main.ScriptEngine.run(ScriptEngine.java:194)
	at com.kms.katalon.core.main.ScriptEngine.runScriptAsRawText(ScriptEngine.java:119)
	at com.kms.katalon.core.main.TestCaseExecutor.runScript(TestCaseExecutor.java:442)
	at com.kms.katalon.core.main.TestCaseExecutor.doExecute(TestCaseExecutor.java:433)
	at com.kms.katalon.core.main.TestCaseExecutor.processExecutionPhase(TestCaseExecutor.java:412)
	at com.kms.katalon.core.main.TestCaseExecutor.accessMainPhase(TestCaseExecutor.java:404)
	at com.kms.katalon.core.main.TestCaseExecutor.execute(TestCaseExecutor.java:281)
	at com.kms.katalon.core.main.TestSuiteExecutor.accessTestCaseMainPhase(TestSuiteExecutor.java:202)
	at com.kms.katalon.core.main.TestSuiteExecutor.accessTestSuiteMainPhase(TestSuiteExecutor.java:164)
	at com.kms.katalon.core.main.TestSuiteExecutor.execute(TestSuiteExecutor.java:105)
	at com.kms.katalon.core.main.TestCaseMain.startTestSuite(TestCaseMain.java:181)
	at com.kms.katalon.core.main.TestCaseMain$startTestSuite$0.call(Unknown Source)
	at TempTestSuite1639917261372.run(TempTestSuite1639917261372.groovy:36)
Caused by: org.openqa.selenium.NoSuchSessionException: Tried to run command without establishing a connection
Build info: version: '3.141.59', revision: 'e82be7d358', time: '2018-11-14T08:25:53'
System info: host: 'DESKTOP-KI9905I', ip: '192.168.3.3', os.name: 'Windows 10', os.arch: 'amd64', os.version: '10.0', java.version: '1.8.0_282'
Driver info: com.kms.katalon.core.webui.driver.firefox.CGeckoDriver
Capabilities {acceptInsecureCerts: true, browserName: firefox, browserVersion: 94.0.2, javascriptEnabled: true, moz:accessibilityChecks: false, moz:buildID: 20211119140621, moz:geckodriverVersion: 0.30.0, moz:headless: false, moz:processID: 8852, moz:profile: C:\Users\agata\AppData\Loca..., moz:shutdownTimeout: 60000, moz:useNonSpecCompliantPointerOrigin: false, moz:webdriverClick: true, pageLoadStrategy: normal, platform: WINDOWS, platformName: WINDOWS, platformVersion: 10.0, proxy: Proxy(direct), setWindowRect: true, strictFileInteractability: false, timeouts: {implicit: 0, pageLoad: 300000, script: 30000}, unhandledPromptBehavior: dismiss and notify}
Session ID: 3eab8be4-fdfc-4770-b1e3-ad0d135794c9
	at org.openqa.selenium.remote.http.W3CHttpResponseCodec.createException(W3CHttpResponseCodec.java:187)
	at org.openqa.selenium.remote.http.W3CHttpResponseCodec.decode(W3CHttpResponseCodec.java:122)
	at org.openqa.selenium.remote.http.W3CHttpResponseCodec.decode(W3CHttpResponseCodec.java:49)
	at org.openqa.selenium.remote.HttpCommandExecutor.execute(HttpCommandExecutor.java:158)
	at org.openqa.selenium.remote.service.DriverCommandExecutor.execute(DriverCommandExecutor.java:83)
	at org.openqa.selenium.remote.RemoteWebDriver.execute(RemoteWebDriver.java:552)
	at com.kms.katalon.selenium.driver.CFirefoxDriver.execute(CFirefoxDriver.java:27)
	at org.openqa.selenium.remote.RemoteWebDriver.execute(RemoteWebDriver.java:609)
	at org.openqa.selenium.remote.RemoteWebDriver.quit(RemoteWebDriver.java:452)
	at org.openqa.selenium.support.events.EventFiringWebDriver.lambda$new$1(EventFiringWebDriver.java:105)
	at com.sun.proxy.$Proxy10.quit(Unknown Source)
	at org.openqa.selenium.support.events.EventFiringWebDriver.quit(EventFiringWebDriver.java:211)
	at com.kms.katalon.core.webui.driver.DriverFactory.closeWebDriver(DriverFactory.java:1463)
	at com.kms.katalon.core.webui.driver.DriverFactory.startNewBrowser(DriverFactory.java:339)
	at com.kms.katalon.core.webui.driver.DriverFactory.openWebDriver(DriverFactory.java:250)
	at com.kms.katalon.core.webui.keyword.builtin.OpenBrowserKeyword$_openBrowser_closure1.doCall(OpenBrowserKeyword.groovy:74)
	at com.kms.katalon.core.webui.keyword.builtin.OpenBrowserKeyword$_openBrowser_closure1.call(OpenBrowserKeyword.groovy)
	at com.kms.katalon.core.webui.keyword.internal.WebUIKeywordMain.runKeyword(WebUIKeywordMain.groovy:20)
	at com.kms.katalon.core.webui.keyword.builtin.OpenBrowserKeyword.openBrowser(OpenBrowserKeyword.groovy:81)
	at com.kms.katalon.core.webui.keyword.builtin.OpenBrowserKeyword.execute(OpenBrowserKeyword.groovy:67)
	at com.kms.katalon.core.keyword.internal.KeywordExecutor.executeKeywordForPlatform(KeywordExecutor.groovy:74)
	at com.kms.katalon.core.webui.keyword.WebUiBuiltInKeywords.openBrowser(WebUiBuiltInKeywords.groovy:64)
	at com.kms.katalon.core.webui.keyword.WebUiBuiltInKeywords$openBrowser.call(Unknown Source)
	at Script1639917194903.run(Script1639917194903.groovy:20)
	... 13 more
)]]></system-out>
         <system-err><![CDATA[2021-12-19 13:46:36 - [TEST_CASE][FAILED] - Test Cases/Historia rozm贸w/HR18: Test Cases/Historia rozm贸w/HR18 FAILED.
Reason:
com.kms.katalon.core.exception.StepFailedException: Unable to open browser with url: ''
	at com.kms.katalon.core.webui.keyword.internal.WebUIKeywordMain.stepFailed(WebUIKeywordMain.groovy:64)
	at com.kms.katalon.core.webui.keyword.internal.WebUIKeywordMain.runKeyword(WebUIKeywordMain.groovy:26)
	at com.kms.katalon.core.webui.keyword.builtin.OpenBrowserKeyword.openBrowser(OpenBrowserKeyword.groovy:81)
	at com.kms.katalon.core.webui.keyword.builtin.OpenBrowserKeyword.execute(OpenBrowserKeyword.groovy:67)
	at com.kms.katalon.core.keyword.internal.KeywordExecutor.executeKeywordForPlatform(KeywordExecutor.groovy:74)
	at com.kms.katalon.core.webui.keyword.WebUiBuiltInKeywords.openBrowser(WebUiBuiltInKeywords.groovy:64)
	at com.kms.katalon.core.webui.keyword.WebUiBuiltInKeywords$openBrowser.call(Unknown Source)
	at HR18.run(HR18:20)
	at com.kms.katalon.core.main.ScriptEngine.run(ScriptEngine.java:194)
	at com.kms.katalon.core.main.ScriptEngine.runScriptAsRawText(ScriptEngine.java:119)
	at com.kms.katalon.core.main.TestCaseExecutor.runScript(TestCaseExecutor.java:442)
	at com.kms.katalon.core.main.TestCaseExecutor.doExecute(TestCaseExecutor.java:433)
	at com.kms.katalon.core.main.TestCaseExecutor.processExecutionPhase(TestCaseExecutor.java:412)
	at com.kms.katalon.core.main.TestCaseExecutor.accessMainPhase(TestCaseExecutor.java:404)
	at com.kms.katalon.core.main.TestCaseExecutor.execute(TestCaseExecutor.java:281)
	at com.kms.katalon.core.main.TestSuiteExecutor.accessTestCaseMainPhase(TestSuiteExecutor.java:202)
	at com.kms.katalon.core.main.TestSuiteExecutor.accessTestSuiteMainPhase(TestSuiteExecutor.java:164)
	at com.kms.katalon.core.main.TestSuiteExecutor.execute(TestSuiteExecutor.java:105)
	at com.kms.katalon.core.main.TestCaseMain.startTestSuite(TestCaseMain.java:181)
	at com.kms.katalon.core.main.TestCaseMain$startTestSuite$0.call(Unknown Source)
	at TempTestSuite1639917261372.run(TempTestSuite1639917261372.groovy:36)
Caused by: org.openqa.selenium.NoSuchSessionException: Tried to run command without establishing a connection
Build info: version: '3.141.59', revision: 'e82be7d358', time: '2018-11-14T08:25:53'
System info: host: 'DESKTOP-KI9905I', ip: '192.168.3.3', os.name: 'Windows 10', os.arch: 'amd64', os.version: '10.0', java.version: '1.8.0_282'
Driver info: com.kms.katalon.core.webui.driver.firefox.CGeckoDriver
Capabilities {acceptInsecureCerts: true, browserName: firefox, browserVersion: 94.0.2, javascriptEnabled: true, moz:accessibilityChecks: false, moz:buildID: 20211119140621, moz:geckodriverVersion: 0.30.0, moz:headless: false, moz:processID: 8852, moz:profile: C:\Users\agata\AppData\Loca..., moz:shutdownTimeout: 60000, moz:useNonSpecCompliantPointerOrigin: false, moz:webdriverClick: true, pageLoadStrategy: normal, platform: WINDOWS, platformName: WINDOWS, platformVersion: 10.0, proxy: Proxy(direct), setWindowRect: true, strictFileInteractability: false, timeouts: {implicit: 0, pageLoad: 300000, script: 30000}, unhandledPromptBehavior: dismiss and notify}
Session ID: 3eab8be4-fdfc-4770-b1e3-ad0d135794c9
	at org.openqa.selenium.remote.http.W3CHttpResponseCodec.createException(W3CHttpResponseCodec.java:187)
	at org.openqa.selenium.remote.http.W3CHttpResponseCodec.decode(W3CHttpResponseCodec.java:122)
	at org.openqa.selenium.remote.http.W3CHttpResponseCodec.decode(W3CHttpResponseCodec.java:49)
	at org.openqa.selenium.remote.HttpCommandExecutor.execute(HttpCommandExecutor.java:158)
	at org.openqa.selenium.remote.service.DriverCommandExecutor.execute(DriverCommandExecutor.java:83)
	at org.openqa.selenium.remote.RemoteWebDriver.execute(RemoteWebDriver.java:552)
	at com.kms.katalon.selenium.driver.CFirefoxDriver.execute(CFirefoxDriver.java:27)
	at org.openqa.selenium.remote.RemoteWebDriver.execute(RemoteWebDriver.java:609)
	at org.openqa.selenium.remote.RemoteWebDriver.quit(RemoteWebDriver.java:452)
	at org.openqa.selenium.support.events.EventFiringWebDriver.lambda$new$1(EventFiringWebDriver.java:105)
	at com.sun.proxy.$Proxy10.quit(Unknown Source)
	at org.openqa.selenium.support.events.EventFiringWebDriver.quit(EventFiringWebDriver.java:211)
	at com.kms.katalon.core.webui.driver.DriverFactory.closeWebDriver(DriverFactory.java:1463)
	at com.kms.katalon.core.webui.driver.DriverFactory.startNewBrowser(DriverFactory.java:339)
	at com.kms.katalon.core.webui.driver.DriverFactory.openWebDriver(DriverFactory.java:250)
	at com.kms.katalon.core.webui.keyword.builtin.OpenBrowserKeyword$_openBrowser_closure1.doCall(OpenBrowserKeyword.groovy:74)
	at com.kms.katalon.core.webui.keyword.builtin.OpenBrowserKeyword$_openBrowser_closure1.call(OpenBrowserKeyword.groovy)
	at com.kms.katalon.core.webui.keyword.internal.WebUIKeywordMain.runKeyword(WebUIKeywordMain.groovy:20)
	... 19 more]]></system-err>
      </testcase>
      <system-out><![CDATA[2021-12-19 13:34:26 - [TEST_SUITE][FAILED] - HR-test: Test Cases/Historia rozm贸w/HR18 FAILED.
Reason:
com.kms.katalon.core.exception.StepFailedException: Unable to set text 'a' of object 'Object Repository/Page_PSTO webMessenger - Zalogowano/input_Iwona  Kowalska_messageInput'
	at com.kms.katalon.core.webui.keyword.internal.WebUIKeywordMain.stepFailed(WebUIKeywordMain.groovy:64)
	at com.kms.katalon.core.webui.keyword.internal.WebUIKeywordMain.runKeyword(WebUIKeywordMain.groovy:26)
	at com.kms.katalon.core.webui.keyword.builtin.SetTextKeyword.setText(SetTextKeyword.groovy:66)
	at com.kms.katalon.core.webui.keyword.builtin.SetTextKeyword.execute(SetTextKeyword.groovy:37)
	at com.kms.katalon.core.keyword.internal.KeywordExecutor.executeKeywordForPlatform(KeywordExecutor.groovy:74)
	at com.kms.katalon.core.webui.keyword.WebUiBuiltInKeywords.setText(WebUiBuiltInKeywords.groovy:980)
	at com.kms.katalon.core.webui.keyword.WebUiBuiltInKeywords$setText$1.call(Unknown Source)
	at HR18.run(HR18:34)
	at com.kms.katalon.core.main.ScriptEngine.run(ScriptEngine.java:194)
	at com.kms.katalon.core.main.ScriptEngine.runScriptAsRawText(ScriptEngine.java:119)
	at com.kms.katalon.core.main.TestCaseExecutor.runScript(TestCaseExecutor.java:442)
	at com.kms.katalon.core.main.TestCaseExecutor.doExecute(TestCaseExecutor.java:433)
	at com.kms.katalon.core.main.TestCaseExecutor.processExecutionPhase(TestCaseExecutor.java:412)
	at com.kms.katalon.core.main.TestCaseExecutor.accessMainPhase(TestCaseExecutor.java:404)
	at com.kms.katalon.core.main.TestCaseExecutor.execute(TestCaseExecutor.java:281)
	at com.kms.katalon.core.main.TestSuiteExecutor.accessTestCaseMainPhase(TestSuiteExecutor.java:202)
	at com.kms.katalon.core.main.TestSuiteExecutor.accessTestSuiteMainPhase(TestSuiteExecutor.java:164)
	at com.kms.katalon.core.main.TestSuiteExecutor.execute(TestSuiteExecutor.java:105)
	at com.kms.katalon.core.main.TestCaseMain.startTestSuite(TestCaseMain.java:181)
	at com.kms.katalon.core.main.TestCaseMain$startTestSuite$0.call(Unknown Source)
	at TempTestSuite1639917261372.run(TempTestSuite1639917261372.groovy:36)
Caused by: org.openqa.selenium.NoSuchWindowException: Browsing context has been discarded
Build info: version: '3.141.59', revision: 'e82be7d358', time: '2018-11-14T08:25:53'
System info: host: 'DESKTOP-KI9905I', ip: '192.168.3.3', os.name: 'Windows 10', os.arch: 'amd64', os.version: '10.0', java.version: '1.8.0_282'
Driver info: com.kms.katalon.core.webui.driver.firefox.CGeckoDriver
Capabilities {acceptInsecureCerts: true, browserName: firefox, browserVersion: 94.0.2, javascriptEnabled: true, moz:accessibilityChecks: false, moz:buildID: 20211119140621, moz:geckodriverVersion: 0.30.0, moz:headless: false, moz:processID: 12520, moz:profile: C:\Users\agata\AppData\Loca..., moz:shutdownTimeout: 60000, moz:useNonSpecCompliantPointerOrigin: false, moz:webdriverClick: true, pageLoadStrategy: normal, platform: WINDOWS, platformName: WINDOWS, platformVersion: 10.0, proxy: Proxy(direct), setWindowRect: true, strictFileInteractability: false, timeouts: {implicit: 0, pageLoad: 300000, script: 30000}, unhandledPromptBehavior: dismiss and notify}
Session ID: 009bbf77-8132-4cb7-949c-427e7fb9de33
*** Element info: {Using=xpath, value=//input[@id='messageInput']}
	at org.openqa.selenium.remote.http.W3CHttpResponseCodec.createException(W3CHttpResponseCodec.java:187)
	at org.openqa.selenium.remote.http.W3CHttpResponseCodec.decode(W3CHttpResponseCodec.java:122)
	at org.openqa.selenium.remote.http.W3CHttpResponseCodec.decode(W3CHttpResponseCodec.java:49)
	at org.openqa.selenium.remote.HttpCommandExecutor.execute(HttpCommandExecutor.java:158)
	at org.openqa.selenium.remote.service.DriverCommandExecutor.execute(DriverCommandExecutor.java:83)
	at org.openqa.selenium.remote.RemoteWebDriver.execute(RemoteWebDriver.java:552)
	at com.kms.katalon.selenium.driver.CFirefoxDriver.execute(CFirefoxDriver.java:27)
	at org.openqa.selenium.remote.RemoteWebDriver.findElements(RemoteWebDriver.java:353)
	at org.openqa.selenium.remote.RemoteWebDriver.findElementsByXPath(RemoteWebDriver.java:432)
	at org.openqa.selenium.By$ByXPath.findElements(By.java:348)
	at org.openqa.selenium.remote.RemoteWebDriver.findElements(RemoteWebDriver.java:311)
	at org.openqa.selenium.support.events.EventFiringWebDriver.lambda$new$1(EventFiringWebDriver.java:105)
	at com.sun.proxy.$Proxy10.findElements(Unknown Source)
	at org.openqa.selenium.support.events.EventFiringWebDriver.findElements(EventFiringWebDriver.java:182)
	at com.kms.katalon.core.webui.common.WebUiCommonHelper.findElementByNormalMethods(WebUiCommonHelper.java:1014)
	at com.kms.katalon.core.webui.common.WebUiCommonHelper.findElementsBySelectedMethod(WebUiCommonHelper.java:909)
	at com.kms.katalon.core.webui.common.WebUiCommonHelper.findElementsBySelectedMethod(WebUiCommonHelper.java:892)
	at com.kms.katalon.core.webui.common.WebUiCommonHelper.findElementsBySelectedMethod(WebUiCommonHelper.java:887)
	at com.kms.katalon.core.webui.common.WebUiCommonHelper.findElementsByDefault(WebUiCommonHelper.java:883)
	at com.kms.katalon.core.webui.common.WebUiCommonHelper.findWebElements(WebUiCommonHelper.java:720)
	at com.kms.katalon.core.webui.common.WebUiCommonHelper.findWebElement(WebUiCommonHelper.java:1363)
	at com.kms.katalon.core.webui.keyword.internal.WebUIAbstractKeyword.findWebElement(WebUIAbstractKeyword.groovy:27)
	at com.kms.katalon.core.webui.keyword.internal.WebUIAbstractKeyword.findWebElement(WebUIAbstractKeyword.groovy:26)
	at com.kms.katalon.core.webui.keyword.builtin.SetTextKeyword$_setText_closure1.doCall(SetTextKeyword.groovy:51)
	at com.kms.katalon.core.webui.keyword.builtin.SetTextKeyword$_setText_closure1.call(SetTextKeyword.groovy)
	at com.kms.katalon.core.webui.keyword.internal.WebUIKeywordMain.runKeyword(WebUIKeywordMain.groovy:20)
	... 19 more]]></system-out>
      <system-err><![CDATA[2021-12-19 13:34:26 - [TEST_SUITE][FAILED] - HR-test: Test Cases/Historia rozm贸w/HR18 FAILED.
Reason:
com.kms.katalon.core.exception.StepFailedException: Unable to set text 'a' of object 'Object Repository/Page_PSTO webMessenger - Zalogowano/input_Iwona  Kowalska_messageInput'
	at com.kms.katalon.core.webui.keyword.internal.WebUIKeywordMain.stepFailed(WebUIKeywordMain.groovy:64)
	at com.kms.katalon.core.webui.keyword.internal.WebUIKeywordMain.runKeyword(WebUIKeywordMain.groovy:26)
	at com.kms.katalon.core.webui.keyword.builtin.SetTextKeyword.setText(SetTextKeyword.groovy:66)
	at com.kms.katalon.core.webui.keyword.builtin.SetTextKeyword.execute(SetTextKeyword.groovy:37)
	at com.kms.katalon.core.keyword.internal.KeywordExecutor.executeKeywordForPlatform(KeywordExecutor.groovy:74)
	at com.kms.katalon.core.webui.keyword.WebUiBuiltInKeywords.setText(WebUiBuiltInKeywords.groovy:980)
	at com.kms.katalon.core.webui.keyword.WebUiBuiltInKeywords$setText$1.call(Unknown Source)
	at HR18.run(HR18:34)
	at com.kms.katalon.core.main.ScriptEngine.run(ScriptEngine.java:194)
	at com.kms.katalon.core.main.ScriptEngine.runScriptAsRawText(ScriptEngine.java:119)
	at com.kms.katalon.core.main.TestCaseExecutor.runScript(TestCaseExecutor.java:442)
	at com.kms.katalon.core.main.TestCaseExecutor.doExecute(TestCaseExecutor.java:433)
	at com.kms.katalon.core.main.TestCaseExecutor.processExecutionPhase(TestCaseExecutor.java:412)
	at com.kms.katalon.core.main.TestCaseExecutor.accessMainPhase(TestCaseExecutor.java:404)
	at com.kms.katalon.core.main.TestCaseExecutor.execute(TestCaseExecutor.java:281)
	at com.kms.katalon.core.main.TestSuiteExecutor.accessTestCaseMainPhase(TestSuiteExecutor.java:202)
	at com.kms.katalon.core.main.TestSuiteExecutor.accessTestSuiteMainPhase(TestSuiteExecutor.java:164)
	at com.kms.katalon.core.main.TestSuiteExecutor.execute(TestSuiteExecutor.java:105)
	at com.kms.katalon.core.main.TestCaseMain.startTestSuite(TestCaseMain.java:181)
	at com.kms.katalon.core.main.TestCaseMain$startTestSuite$0.call(Unknown Source)
	at TempTestSuite1639917261372.run(TempTestSuite1639917261372.groovy:36)
Caused by: org.openqa.selenium.NoSuchWindowException: Browsing context has been discarded
Build info: version: '3.141.59', revision: 'e82be7d358', time: '2018-11-14T08:25:53'
System info: host: 'DESKTOP-KI9905I', ip: '192.168.3.3', os.name: 'Windows 10', os.arch: 'amd64', os.version: '10.0', java.version: '1.8.0_282'
Driver info: com.kms.katalon.core.webui.driver.firefox.CGeckoDriver
Capabilities {acceptInsecureCerts: true, browserName: firefox, browserVersion: 94.0.2, javascriptEnabled: true, moz:accessibilityChecks: false, moz:buildID: 20211119140621, moz:geckodriverVersion: 0.30.0, moz:headless: false, moz:processID: 12520, moz:profile: C:\Users\agata\AppData\Loca..., moz:shutdownTimeout: 60000, moz:useNonSpecCompliantPointerOrigin: false, moz:webdriverClick: true, pageLoadStrategy: normal, platform: WINDOWS, platformName: WINDOWS, platformVersion: 10.0, proxy: Proxy(direct), setWindowRect: true, strictFileInteractability: false, timeouts: {implicit: 0, pageLoad: 300000, script: 30000}, unhandledPromptBehavior: dismiss and notify}
Session ID: 009bbf77-8132-4cb7-949c-427e7fb9de33
*** Element info: {Using=xpath, value=//input[@id='messageInput']}
	at org.openqa.selenium.remote.http.W3CHttpResponseCodec.createException(W3CHttpResponseCodec.java:187)
	at org.openqa.selenium.remote.http.W3CHttpResponseCodec.decode(W3CHttpResponseCodec.java:122)
	at org.openqa.selenium.remote.http.W3CHttpResponseCodec.decode(W3CHttpResponseCodec.java:49)
	at org.openqa.selenium.remote.HttpCommandExecutor.execute(HttpCommandExecutor.java:158)
	at org.openqa.selenium.remote.service.DriverCommandExecutor.execute(DriverCommandExecutor.java:83)
	at org.openqa.selenium.remote.RemoteWebDriver.execute(RemoteWebDriver.java:552)
	at com.kms.katalon.selenium.driver.CFirefoxDriver.execute(CFirefoxDriver.java:27)
	at org.openqa.selenium.remote.RemoteWebDriver.findElements(RemoteWebDriver.java:353)
	at org.openqa.selenium.remote.RemoteWebDriver.findElementsByXPath(RemoteWebDriver.java:432)
	at org.openqa.selenium.By$ByXPath.findElements(By.java:348)
	at org.openqa.selenium.remote.RemoteWebDriver.findElements(RemoteWebDriver.java:311)
	at org.openqa.selenium.support.events.EventFiringWebDriver.lambda$new$1(EventFiringWebDriver.java:105)
	at com.sun.proxy.$Proxy10.findElements(Unknown Source)
	at org.openqa.selenium.support.events.EventFiringWebDriver.findElements(EventFiringWebDriver.java:182)
	at com.kms.katalon.core.webui.common.WebUiCommonHelper.findElementByNormalMethods(WebUiCommonHelper.java:1014)
	at com.kms.katalon.core.webui.common.WebUiCommonHelper.findElementsBySelectedMethod(WebUiCommonHelper.java:909)
	at com.kms.katalon.core.webui.common.WebUiCommonHelper.findElementsBySelectedMethod(WebUiCommonHelper.java:892)
	at com.kms.katalon.core.webui.common.WebUiCommonHelper.findElementsBySelectedMethod(WebUiCommonHelper.java:887)
	at com.kms.katalon.core.webui.common.WebUiCommonHelper.findElementsByDefault(WebUiCommonHelper.java:883)
	at com.kms.katalon.core.webui.common.WebUiCommonHelper.findWebElements(WebUiCommonHelper.java:720)
	at com.kms.katalon.core.webui.common.WebUiCommonHelper.findWebElement(WebUiCommonHelper.java:1363)
	at com.kms.katalon.core.webui.keyword.internal.WebUIAbstractKeyword.findWebElement(WebUIAbstractKeyword.groovy:27)
	at com.kms.katalon.core.webui.keyword.internal.WebUIAbstractKeyword.findWebElement(WebUIAbstractKeyword.groovy:26)
	at com.kms.katalon.core.webui.keyword.builtin.SetTextKeyword$_setText_closure1.doCall(SetTextKeyword.groovy:51)
	at com.kms.katalon.core.webui.keyword.builtin.SetTextKeyword$_setText_closure1.call(SetTextKeyword.groovy)
	at com.kms.katalon.core.webui.keyword.internal.WebUIKeywordMain.runKeyword(WebUIKeywordMain.groovy:20)
	... 19 more]]></system-err>
   </testsuite>
</testsuites>
