<?xml version="1.0" encoding="UTF-8"?>
<testsuites name="R-tests" time="49.243" tests="1" failures="0" errors="0">
   <testsuite name="R-tests" tests="1" failures="0" errors="0" time="49.243" skipped="0" timestamp="2021-12-21 18:25:20" hostname="agata - DESKTOP-KI9905I" id="Test Suites/R-tests">
      <properties>
         <property name="deviceName" value=""/>
         <property name="devicePlatform" value=""/>
         <property name="logFolder" value="C:\\Users\\agata\\git\\PTSOWebKounikator\\Reports\\20211221_182509\\R-tests\\20211221_182509"/>
         <property name="logFiles" value="C:\\Users\\agata\\git\\PTSOWebKounikator\\Reports\\20211221_182509\\R-tests\\20211221_182509\\execution0.log"/>
         <property name="attachments" value=""/>
         <property name="hostName" value="agata - DESKTOP-KI9905I"/>
         <property name="os" value="Windows 10 64bit"/>
         <property name="katalonVersion" value="8.2.0.208"/>
         <property name="browser" value="Chrome 96.0.4664.110"/>
         <property name="hostAddress" value="192.168.3.3"/>
         <property name="sessionId" value="e77c5c59d4be54c1758ae25733440127"/>
         <property name="seleniumVersion" value="3.141.59"/>
         <property name="proxyInformation" value="ProxyInformation { proxyOption=NO_PROXY, proxyServerType=HTTP, username=, password=********, proxyServerAddress=, proxyServerPort=0, executionList=&quot;&quot;, isApplyToDesiredCapabilities=true }"/>
         <property name="platform" value="Windows 10"/>
      </properties>
      <testcase name="Test Cases/Rejestracja/R9" time="48.105" classname="Test Cases/Rejestracja/R9" status="PASSED">
         <system-out><![CDATA[2021-12-21 18:25:21 - [TEST_CASE][PASSED] - Test Cases/Rejestracja/R9: Test Cases/Rejestracja/R9

2021-12-21 18:25:22 - [TEST_STEP][PASSED] - openBrowser(""): Browser is opened with url: ''

2021-12-21 18:25:23 - [MESSAGE][INFO] - Starting 'Chrome' driver

2021-12-21 18:25:23 - [MESSAGE][INFO] - Action delay is set to 0 milliseconds

2021-12-21 18:25:27 - [MESSAGE][PASSED] - Browser is opened with url: ''

2021-12-21 18:25:27 - [TEST_STEP][PASSED] - navigateToUrl("http://kmg.hcm.pl/testowanie/index.html"): Navigate to 'http://kmg.hcm.pl/testowanie/index.html' successfully

2021-12-21 18:25:30 - [MESSAGE][PASSED] - Navigate to 'http://kmg.hcm.pl/testowanie/index.html' successfully

2021-12-21 18:25:30 - [TEST_STEP][PASSED] - for ([row = 1, row <= findTestData("Rejestracja/tabR9").getRowNumbers(), (row++)]): Object: 'Object Repository/Page_PSTO webMessenger/a_Zarejestruj konto' is clicked on

2021-12-21 18:25:30 - [TEST_STEP][PASSED] - click(findTestObject("Object Repository/Page_PSTO webMessenger/a_Zarejestruj konto")): Object: 'Object Repository/Page_PSTO webMessenger/a_Zarejestruj konto' is clicked on

2021-12-21 18:25:31 - [MESSAGE][PASSED] - Object: 'Object Repository/Page_PSTO webMessenger/a_Zarejestruj konto' is clicked on

2021-12-21 18:25:31 - [TEST_STEP][PASSED] - setText(findTestObject("Object Repository/Page_PSTO webMessenger/input_Powrt do logowania_username"), findTestData("Rejestracja/tabR9").getValue("username", row)): Text 'Ameba1' is set on object 'Object Repository/Page_PSTO webMessenger/input_Powrt do logowania_username'

2021-12-21 18:25:32 - [MESSAGE][PASSED] - Text 'Ameba1' is set on object 'Object Repository/Page_PSTO webMessenger/input_Powrt do logowania_username'

2021-12-21 18:25:32 - [TEST_STEP][PASSED] - setText(findTestObject("Object Repository/Page_PSTO webMessenger/input_Powrt do logowania_pass1"), findTestData("Rejestracja/tabR9").getValue("password", row)): Text 'startStop1' is set on object 'Object Repository/Page_PSTO webMessenger/input_Powrt do logowania_pass1'

2021-12-21 18:25:33 - [MESSAGE][PASSED] - Text 'startStop1' is set on object 'Object Repository/Page_PSTO webMessenger/input_Powrt do logowania_pass1'

2021-12-21 18:25:33 - [TEST_STEP][PASSED] - setText(findTestObject("Object Repository/Page_PSTO webMessenger/input_Powrt do logowania_pass2"), findTestData("Rejestracja/tabR9").getValue("password2", row)): Text 'startStop1' is set on object 'Object Repository/Page_PSTO webMessenger/input_Powrt do logowania_pass2'

2021-12-21 18:25:34 - [MESSAGE][PASSED] - Text 'startStop1' is set on object 'Object Repository/Page_PSTO webMessenger/input_Powrt do logowania_pass2'

2021-12-21 18:25:34 - [TEST_STEP][PASSED] - setText(findTestObject("Object Repository/Page_PSTO webMessenger/input_Powrt do logowania_name"), findTestData("Rejestracja/tabR9").getValue("name", row)): Text 'Agata' is set on object 'Object Repository/Page_PSTO webMessenger/input_Powrt do logowania_name'

2021-12-21 18:25:35 - [MESSAGE][PASSED] - Text 'Agata' is set on object 'Object Repository/Page_PSTO webMessenger/input_Powrt do logowania_name'

2021-12-21 18:25:35 - [TEST_STEP][PASSED] - setText(findTestObject("Object Repository/Page_PSTO webMessenger/input_Powrt do logowania_surname"), findTestData("Rejestracja/tabR9").getValue("surname", row)): Text 'Biodro' is set on object 'Object Repository/Page_PSTO webMessenger/input_Powrt do logowania_surname'

2021-12-21 18:25:36 - [MESSAGE][PASSED] - Text 'Biodro' is set on object 'Object Repository/Page_PSTO webMessenger/input_Powrt do logowania_surname'

2021-12-21 18:25:36 - [TEST_STEP][PASSED] - setText(findTestObject("Object Repository/Page_PSTO webMessenger/input_Powrt do logowania_kodgrupy"), findTestData("Rejestracja/tabR9").getValue("group", row)): Text 'wsbgroup2ap' is set on object 'Object Repository/Page_PSTO webMessenger/input_Powrt do logowania_kodgrupy'

2021-12-21 18:25:37 - [MESSAGE][PASSED] - Text 'wsbgroup2ap' is set on object 'Object Repository/Page_PSTO webMessenger/input_Powrt do logowania_kodgrupy'

2021-12-21 18:25:37 - [TEST_STEP][PASSED] - click(findTestObject("Page_PSTO webMessenger/input_Powrt do logowania_register")): Object: 'Object Repository/Page_PSTO webMessenger/input_Powrt do logowania_register' is clicked on

2021-12-21 18:25:37 - [MESSAGE][PASSED] - Object: 'Object Repository/Page_PSTO webMessenger/input_Powrt do logowania_register' is clicked on

2021-12-21 18:25:37 - [TEST_STEP][PASSED] - verifyElementVisible(findTestObject("Page_PSTO webMessenger/p_Uytkownik o takim loginie ju istnieje"), STOP_ON_FAILURE): Object 'Object Repository/Page_PSTO webMessenger/p_Uytkownik o takim loginie ju istnieje' is visible

2021-12-21 18:25:38 - [MESSAGE][PASSED] - Object 'Object Repository/Page_PSTO webMessenger/p_Uytkownik o takim loginie ju istnieje' is visible

2021-12-21 18:25:38 - [TEST_STEP][PASSED] - click(findTestObject("Object Repository/Page_PSTO webMessenger/a_Zarejestruj konto")): Object: 'Object Repository/Page_PSTO webMessenger/a_Zarejestruj konto' is clicked on

2021-12-21 18:25:39 - [MESSAGE][PASSED] - Object: 'Object Repository/Page_PSTO webMessenger/a_Zarejestruj konto' is clicked on

2021-12-21 18:25:39 - [TEST_STEP][PASSED] - click(findTestObject("Object Repository/Page_PSTO webMessenger/a_Zarejestruj konto")): Object: 'Object Repository/Page_PSTO webMessenger/a_Zarejestruj konto' is clicked on

2021-12-21 18:25:39 - [MESSAGE][PASSED] - Object: 'Object Repository/Page_PSTO webMessenger/a_Zarejestruj konto' is clicked on

2021-12-21 18:25:39 - [TEST_STEP][PASSED] - setText(findTestObject("Object Repository/Page_PSTO webMessenger/input_Powrt do logowania_username"), findTestData("Rejestracja/tabR9").getValue("username", row)): Text 'Ameba2' is set on object 'Object Repository/Page_PSTO webMessenger/input_Powrt do logowania_username'

2021-12-21 18:25:40 - [MESSAGE][PASSED] - Text 'Ameba2' is set on object 'Object Repository/Page_PSTO webMessenger/input_Powrt do logowania_username'

2021-12-21 18:25:40 - [TEST_STEP][PASSED] - setText(findTestObject("Object Repository/Page_PSTO webMessenger/input_Powrt do logowania_pass1"), findTestData("Rejestracja/tabR9").getValue("password", row)): Text 'startStop2' is set on object 'Object Repository/Page_PSTO webMessenger/input_Powrt do logowania_pass1'

2021-12-21 18:25:41 - [MESSAGE][PASSED] - Text 'startStop2' is set on object 'Object Repository/Page_PSTO webMessenger/input_Powrt do logowania_pass1'

2021-12-21 18:25:41 - [TEST_STEP][PASSED] - setText(findTestObject("Object Repository/Page_PSTO webMessenger/input_Powrt do logowania_pass2"), findTestData("Rejestracja/tabR9").getValue("password2", row)): Text 'startStop2' is set on object 'Object Repository/Page_PSTO webMessenger/input_Powrt do logowania_pass2'

2021-12-21 18:25:42 - [MESSAGE][PASSED] - Text 'startStop2' is set on object 'Object Repository/Page_PSTO webMessenger/input_Powrt do logowania_pass2'

2021-12-21 18:25:42 - [TEST_STEP][PASSED] - setText(findTestObject("Object Repository/Page_PSTO webMessenger/input_Powrt do logowania_name"), findTestData("Rejestracja/tabR9").getValue("name", row)): Text 'Agata' is set on object 'Object Repository/Page_PSTO webMessenger/input_Powrt do logowania_name'

2021-12-21 18:25:43 - [MESSAGE][PASSED] - Text 'Agata' is set on object 'Object Repository/Page_PSTO webMessenger/input_Powrt do logowania_name'

2021-12-21 18:25:43 - [TEST_STEP][PASSED] - setText(findTestObject("Object Repository/Page_PSTO webMessenger/input_Powrt do logowania_surname"), findTestData("Rejestracja/tabR9").getValue("surname", row)): Text 'Miodro' is set on object 'Object Repository/Page_PSTO webMessenger/input_Powrt do logowania_surname'

2021-12-21 18:25:44 - [MESSAGE][PASSED] - Text 'Miodro' is set on object 'Object Repository/Page_PSTO webMessenger/input_Powrt do logowania_surname'

2021-12-21 18:25:44 - [TEST_STEP][PASSED] - setText(findTestObject("Object Repository/Page_PSTO webMessenger/input_Powrt do logowania_kodgrupy"), findTestData("Rejestracja/tabR9").getValue("group", row)): Text 'wsbgroup2ap' is set on object 'Object Repository/Page_PSTO webMessenger/input_Powrt do logowania_kodgrupy'

2021-12-21 18:25:44 - [MESSAGE][PASSED] - Text 'wsbgroup2ap' is set on object 'Object Repository/Page_PSTO webMessenger/input_Powrt do logowania_kodgrupy'

2021-12-21 18:25:44 - [TEST_STEP][PASSED] - click(findTestObject("Page_PSTO webMessenger/input_Powrt do logowania_register")): Object: 'Object Repository/Page_PSTO webMessenger/input_Powrt do logowania_register' is clicked on

2021-12-21 18:25:45 - [MESSAGE][PASSED] - Object: 'Object Repository/Page_PSTO webMessenger/input_Powrt do logowania_register' is clicked on

2021-12-21 18:25:45 - [TEST_STEP][PASSED] - verifyElementVisible(findTestObject("Page_PSTO webMessenger/p_Uytkownik o takim loginie ju istnieje"), STOP_ON_FAILURE): Object 'Object Repository/Page_PSTO webMessenger/p_Uytkownik o takim loginie ju istnieje' is visible

2021-12-21 18:25:45 - [MESSAGE][PASSED] - Object 'Object Repository/Page_PSTO webMessenger/p_Uytkownik o takim loginie ju istnieje' is visible

2021-12-21 18:25:45 - [TEST_STEP][PASSED] - click(findTestObject("Object Repository/Page_PSTO webMessenger/a_Zarejestruj konto")): Object: 'Object Repository/Page_PSTO webMessenger/a_Zarejestruj konto' is clicked on

2021-12-21 18:25:46 - [MESSAGE][PASSED] - Object: 'Object Repository/Page_PSTO webMessenger/a_Zarejestruj konto' is clicked on

2021-12-21 18:25:46 - [TEST_STEP][PASSED] - click(findTestObject("Object Repository/Page_PSTO webMessenger/a_Zarejestruj konto")): Object: 'Object Repository/Page_PSTO webMessenger/a_Zarejestruj konto' is clicked on

2021-12-21 18:25:47 - [MESSAGE][PASSED] - Object: 'Object Repository/Page_PSTO webMessenger/a_Zarejestruj konto' is clicked on

2021-12-21 18:25:47 - [TEST_STEP][PASSED] - setText(findTestObject("Object Repository/Page_PSTO webMessenger/input_Powrt do logowania_username"), findTestData("Rejestracja/tabR9").getValue("username", row)): Text 'Ameba3' is set on object 'Object Repository/Page_PSTO webMessenger/input_Powrt do logowania_username'

2021-12-21 18:25:47 - [MESSAGE][PASSED] - Text 'Ameba3' is set on object 'Object Repository/Page_PSTO webMessenger/input_Powrt do logowania_username'

2021-12-21 18:25:47 - [TEST_STEP][PASSED] - setText(findTestObject("Object Repository/Page_PSTO webMessenger/input_Powrt do logowania_pass1"), findTestData("Rejestracja/tabR9").getValue("password", row)): Text 'startStop3' is set on object 'Object Repository/Page_PSTO webMessenger/input_Powrt do logowania_pass1'

2021-12-21 18:25:48 - [MESSAGE][PASSED] - Text 'startStop3' is set on object 'Object Repository/Page_PSTO webMessenger/input_Powrt do logowania_pass1'

2021-12-21 18:25:48 - [TEST_STEP][PASSED] - setText(findTestObject("Object Repository/Page_PSTO webMessenger/input_Powrt do logowania_pass2"), findTestData("Rejestracja/tabR9").getValue("password2", row)): Text 'startStop3' is set on object 'Object Repository/Page_PSTO webMessenger/input_Powrt do logowania_pass2'

2021-12-21 18:25:49 - [MESSAGE][PASSED] - Text 'startStop3' is set on object 'Object Repository/Page_PSTO webMessenger/input_Powrt do logowania_pass2'

2021-12-21 18:25:49 - [TEST_STEP][PASSED] - setText(findTestObject("Object Repository/Page_PSTO webMessenger/input_Powrt do logowania_name"), findTestData("Rejestracja/tabR9").getValue("name", row)): Text 'Agata' is set on object 'Object Repository/Page_PSTO webMessenger/input_Powrt do logowania_name'

2021-12-21 18:25:50 - [MESSAGE][PASSED] - Text 'Agata' is set on object 'Object Repository/Page_PSTO webMessenger/input_Powrt do logowania_name'

2021-12-21 18:25:50 - [TEST_STEP][PASSED] - setText(findTestObject("Object Repository/Page_PSTO webMessenger/input_Powrt do logowania_surname"), findTestData("Rejestracja/tabR9").getValue("surname", row)): Text 'Ziobro' is set on object 'Object Repository/Page_PSTO webMessenger/input_Powrt do logowania_surname'

2021-12-21 18:25:51 - [MESSAGE][PASSED] - Text 'Ziobro' is set on object 'Object Repository/Page_PSTO webMessenger/input_Powrt do logowania_surname'

2021-12-21 18:25:51 - [TEST_STEP][PASSED] - setText(findTestObject("Object Repository/Page_PSTO webMessenger/input_Powrt do logowania_kodgrupy"), findTestData("Rejestracja/tabR9").getValue("group", row)): Text 'wsbgroup2ap' is set on object 'Object Repository/Page_PSTO webMessenger/input_Powrt do logowania_kodgrupy'

2021-12-21 18:25:52 - [MESSAGE][PASSED] - Text 'wsbgroup2ap' is set on object 'Object Repository/Page_PSTO webMessenger/input_Powrt do logowania_kodgrupy'

2021-12-21 18:25:52 - [TEST_STEP][PASSED] - click(findTestObject("Page_PSTO webMessenger/input_Powrt do logowania_register")): Object: 'Object Repository/Page_PSTO webMessenger/input_Powrt do logowania_register' is clicked on

2021-12-21 18:25:52 - [MESSAGE][PASSED] - Object: 'Object Repository/Page_PSTO webMessenger/input_Powrt do logowania_register' is clicked on

2021-12-21 18:25:52 - [TEST_STEP][PASSED] - verifyElementVisible(findTestObject("Page_PSTO webMessenger/p_Uytkownik o takim loginie ju istnieje"), STOP_ON_FAILURE): Object 'Object Repository/Page_PSTO webMessenger/p_Uytkownik o takim loginie ju istnieje' is visible

2021-12-21 18:25:53 - [MESSAGE][PASSED] - Object 'Object Repository/Page_PSTO webMessenger/p_Uytkownik o takim loginie ju istnieje' is visible

2021-12-21 18:25:53 - [TEST_STEP][PASSED] - click(findTestObject("Object Repository/Page_PSTO webMessenger/a_Zarejestruj konto")): Object: 'Object Repository/Page_PSTO webMessenger/a_Zarejestruj konto' is clicked on

2021-12-21 18:25:53 - [MESSAGE][PASSED] - Object: 'Object Repository/Page_PSTO webMessenger/a_Zarejestruj konto' is clicked on

2021-12-21 18:25:53 - [TEST_STEP][PASSED] - click(findTestObject("Object Repository/Page_PSTO webMessenger/a_Zarejestruj konto")): Object: 'Object Repository/Page_PSTO webMessenger/a_Zarejestruj konto' is clicked on

2021-12-21 18:25:54 - [MESSAGE][PASSED] - Object: 'Object Repository/Page_PSTO webMessenger/a_Zarejestruj konto' is clicked on

2021-12-21 18:25:54 - [TEST_STEP][PASSED] - setText(findTestObject("Object Repository/Page_PSTO webMessenger/input_Powrt do logowania_username"), findTestData("Rejestracja/tabR9").getValue("username", row)): Text 'Ameba4' is set on object 'Object Repository/Page_PSTO webMessenger/input_Powrt do logowania_username'

2021-12-21 18:25:55 - [MESSAGE][PASSED] - Text 'Ameba4' is set on object 'Object Repository/Page_PSTO webMessenger/input_Powrt do logowania_username'

2021-12-21 18:25:55 - [TEST_STEP][PASSED] - setText(findTestObject("Object Repository/Page_PSTO webMessenger/input_Powrt do logowania_pass1"), findTestData("Rejestracja/tabR9").getValue("password", row)): Text 'startStop4' is set on object 'Object Repository/Page_PSTO webMessenger/input_Powrt do logowania_pass1'

2021-12-21 18:25:55 - [MESSAGE][PASSED] - Text 'startStop4' is set on object 'Object Repository/Page_PSTO webMessenger/input_Powrt do logowania_pass1'

2021-12-21 18:25:55 - [TEST_STEP][PASSED] - setText(findTestObject("Object Repository/Page_PSTO webMessenger/input_Powrt do logowania_pass2"), findTestData("Rejestracja/tabR9").getValue("password2", row)): Text 'startStop4' is set on object 'Object Repository/Page_PSTO webMessenger/input_Powrt do logowania_pass2'

2021-12-21 18:25:56 - [MESSAGE][PASSED] - Text 'startStop4' is set on object 'Object Repository/Page_PSTO webMessenger/input_Powrt do logowania_pass2'

2021-12-21 18:25:56 - [TEST_STEP][PASSED] - setText(findTestObject("Object Repository/Page_PSTO webMessenger/input_Powrt do logowania_name"), findTestData("Rejestracja/tabR9").getValue("name", row)): Text 'Agata' is set on object 'Object Repository/Page_PSTO webMessenger/input_Powrt do logowania_name'

2021-12-21 18:25:57 - [MESSAGE][PASSED] - Text 'Agata' is set on object 'Object Repository/Page_PSTO webMessenger/input_Powrt do logowania_name'

2021-12-21 18:25:57 - [TEST_STEP][PASSED] - setText(findTestObject("Object Repository/Page_PSTO webMessenger/input_Powrt do logowania_surname"), findTestData("Rejestracja/tabR9").getValue("surname", row)): Text 'Kiobro' is set on object 'Object Repository/Page_PSTO webMessenger/input_Powrt do logowania_surname'

2021-12-21 18:25:58 - [MESSAGE][PASSED] - Text 'Kiobro' is set on object 'Object Repository/Page_PSTO webMessenger/input_Powrt do logowania_surname'

2021-12-21 18:25:58 - [TEST_STEP][PASSED] - setText(findTestObject("Object Repository/Page_PSTO webMessenger/input_Powrt do logowania_kodgrupy"), findTestData("Rejestracja/tabR9").getValue("group", row)): Text 'wsbgroup2ap' is set on object 'Object Repository/Page_PSTO webMessenger/input_Powrt do logowania_kodgrupy'

2021-12-21 18:25:59 - [MESSAGE][PASSED] - Text 'wsbgroup2ap' is set on object 'Object Repository/Page_PSTO webMessenger/input_Powrt do logowania_kodgrupy'

2021-12-21 18:25:59 - [TEST_STEP][PASSED] - click(findTestObject("Page_PSTO webMessenger/input_Powrt do logowania_register")): Object: 'Object Repository/Page_PSTO webMessenger/input_Powrt do logowania_register' is clicked on

2021-12-21 18:25:59 - [MESSAGE][PASSED] - Object: 'Object Repository/Page_PSTO webMessenger/input_Powrt do logowania_register' is clicked on

2021-12-21 18:25:59 - [TEST_STEP][PASSED] - verifyElementVisible(findTestObject("Page_PSTO webMessenger/p_Uytkownik o takim loginie ju istnieje"), STOP_ON_FAILURE): Object 'Object Repository/Page_PSTO webMessenger/p_Uytkownik o takim loginie ju istnieje' is visible

2021-12-21 18:26:00 - [MESSAGE][PASSED] - Object 'Object Repository/Page_PSTO webMessenger/p_Uytkownik o takim loginie ju istnieje' is visible

2021-12-21 18:26:00 - [TEST_STEP][PASSED] - click(findTestObject("Object Repository/Page_PSTO webMessenger/a_Zarejestruj konto")): Object: 'Object Repository/Page_PSTO webMessenger/a_Zarejestruj konto' is clicked on

2021-12-21 18:26:01 - [MESSAGE][PASSED] - Object: 'Object Repository/Page_PSTO webMessenger/a_Zarejestruj konto' is clicked on

2021-12-21 18:26:01 - [TEST_STEP][PASSED] - click(findTestObject("Object Repository/Page_PSTO webMessenger/a_Zarejestruj konto")): Object: 'Object Repository/Page_PSTO webMessenger/a_Zarejestruj konto' is clicked on

2021-12-21 18:26:01 - [MESSAGE][PASSED] - Object: 'Object Repository/Page_PSTO webMessenger/a_Zarejestruj konto' is clicked on

2021-12-21 18:26:01 - [TEST_STEP][PASSED] - setText(findTestObject("Object Repository/Page_PSTO webMessenger/input_Powrt do logowania_username"), findTestData("Rejestracja/tabR9").getValue("username", row)): Text 'Ameba5' is set on object 'Object Repository/Page_PSTO webMessenger/input_Powrt do logowania_username'

2021-12-21 18:26:02 - [MESSAGE][PASSED] - Text 'Ameba5' is set on object 'Object Repository/Page_PSTO webMessenger/input_Powrt do logowania_username'

2021-12-21 18:26:02 - [TEST_STEP][PASSED] - setText(findTestObject("Object Repository/Page_PSTO webMessenger/input_Powrt do logowania_pass1"), findTestData("Rejestracja/tabR9").getValue("password", row)): Text 'startStop5' is set on object 'Object Repository/Page_PSTO webMessenger/input_Powrt do logowania_pass1'

2021-12-21 18:26:03 - [MESSAGE][PASSED] - Text 'startStop5' is set on object 'Object Repository/Page_PSTO webMessenger/input_Powrt do logowania_pass1'

2021-12-21 18:26:03 - [TEST_STEP][PASSED] - setText(findTestObject("Object Repository/Page_PSTO webMessenger/input_Powrt do logowania_pass2"), findTestData("Rejestracja/tabR9").getValue("password2", row)): Text 'startStop5' is set on object 'Object Repository/Page_PSTO webMessenger/input_Powrt do logowania_pass2'

2021-12-21 18:26:03 - [MESSAGE][PASSED] - Text 'startStop5' is set on object 'Object Repository/Page_PSTO webMessenger/input_Powrt do logowania_pass2'

2021-12-21 18:26:03 - [TEST_STEP][PASSED] - setText(findTestObject("Object Repository/Page_PSTO webMessenger/input_Powrt do logowania_name"), findTestData("Rejestracja/tabR9").getValue("name", row)): Text 'Agata' is set on object 'Object Repository/Page_PSTO webMessenger/input_Powrt do logowania_name'

2021-12-21 18:26:04 - [MESSAGE][PASSED] - Text 'Agata' is set on object 'Object Repository/Page_PSTO webMessenger/input_Powrt do logowania_name'

2021-12-21 18:26:04 - [TEST_STEP][PASSED] - setText(findTestObject("Object Repository/Page_PSTO webMessenger/input_Powrt do logowania_surname"), findTestData("Rejestracja/tabR9").getValue("surname", row)): Text 'Fiobro' is set on object 'Object Repository/Page_PSTO webMessenger/input_Powrt do logowania_surname'

2021-12-21 18:26:05 - [MESSAGE][PASSED] - Text 'Fiobro' is set on object 'Object Repository/Page_PSTO webMessenger/input_Powrt do logowania_surname'

2021-12-21 18:26:05 - [TEST_STEP][PASSED] - setText(findTestObject("Object Repository/Page_PSTO webMessenger/input_Powrt do logowania_kodgrupy"), findTestData("Rejestracja/tabR9").getValue("group", row)): Text 'wsbgroup2ap' is set on object 'Object Repository/Page_PSTO webMessenger/input_Powrt do logowania_kodgrupy'

2021-12-21 18:26:06 - [MESSAGE][PASSED] - Text 'wsbgroup2ap' is set on object 'Object Repository/Page_PSTO webMessenger/input_Powrt do logowania_kodgrupy'

2021-12-21 18:26:06 - [TEST_STEP][PASSED] - click(findTestObject("Page_PSTO webMessenger/input_Powrt do logowania_register")): Object: 'Object Repository/Page_PSTO webMessenger/input_Powrt do logowania_register' is clicked on

2021-12-21 18:26:06 - [MESSAGE][PASSED] - Object: 'Object Repository/Page_PSTO webMessenger/input_Powrt do logowania_register' is clicked on

2021-12-21 18:26:06 - [TEST_STEP][PASSED] - verifyElementVisible(findTestObject("Page_PSTO webMessenger/p_Uytkownik o takim loginie ju istnieje"), STOP_ON_FAILURE): Object 'Object Repository/Page_PSTO webMessenger/p_Uytkownik o takim loginie ju istnieje' is visible

2021-12-21 18:26:07 - [MESSAGE][PASSED] - Object 'Object Repository/Page_PSTO webMessenger/p_Uytkownik o takim loginie ju istnieje' is visible

2021-12-21 18:26:07 - [TEST_STEP][PASSED] - click(findTestObject("Object Repository/Page_PSTO webMessenger/a_Zarejestruj konto")): Object: 'Object Repository/Page_PSTO webMessenger/a_Zarejestruj konto' is clicked on

2021-12-21 18:26:08 - [MESSAGE][PASSED] - Object: 'Object Repository/Page_PSTO webMessenger/a_Zarejestruj konto' is clicked on

2021-12-21 18:26:08 - [TEST_STEP][PASSED] - closeBrowser(): Browser is closed

2021-12-21 18:26:09 - [MESSAGE][PASSED] - Browser is closed]]></system-out>
         <system-err><![CDATA[]]></system-err>
      </testcase>
      <system-out><![CDATA[2021-12-21 18:25:20 - [TEST_SUITE][PASSED] - R-tests: Test Cases/Rejestracja/R9]]></system-out>
      <system-err><![CDATA[]]></system-err>
   </testsuite>
</testsuites>
